[09:43:58.284] |I| [load_app_impl]: cpu-backend: Dynarmic
[09:43:58.285] |I| [load_app_impl]: CPU Optimisation state: true
[09:43:58.285] |I| [load_app_impl]: at9 audio decoder state: true
[09:43:58.285] |I| [load_app_impl]: ngs experimental state: true
[09:43:58.285] |I| [load_app_impl]: video player state: true
[09:43:58.285] |I| [load_app_impl]: lle-modules: libpgf,libSceXml,libsas,liblocation,libhandwriting,libSceJson,librudp
[09:43:58.285] |I| [load_app_impl]: Title: AMNESIA LATER×CROWD V Edition
[09:43:58.286] |I| [load_app_impl]: Serial: PCSG00403
[09:43:58.286] |I| [load_app_impl]: Version: 1.00
[09:43:58.286] |I| [load_app_impl]: Category: gd
[09:43:58.352] |C| [load_self]: Unknown segment type 0x6FFFFF01
[09:43:58.352] |I| [load_self]: Loaded module segment 0 @ [0x00007000 - 0x00056BD4 / 0x81000000] (size: 0x0004FBD4) of module ux0:app\PCSG00403\sce_module\libc.suprx
[09:43:58.352] |I| [load_self]: Loaded module segment 1 @ [0x00057000 - 0x00059688 / 0x81050000] (size: 0x00002688) of module ux0:app\PCSG00403\sce_module\libc.suprx
[09:43:58.352] |I| [load_self]: Loading symbols for SELF: ux0:app\PCSG00403\sce_module\libc.suprx
[09:43:58.353] |D| [load_var_exports]: 	NID 0x936C8A78 (SYSLYB) at 0x4C6C4
[09:43:58.353] |D| [load_var_exports]: 	NID 0x6C2224BA (NID_MODULE_INFO) at 0x42488
[09:43:58.353] |W| [load_var_imports]: 	NID NOT FOUND 0x93B8AA67 (UNRECOGNISED) at 0x464A8, setting to stub value 0xDEADBEEF
[09:43:58.354] |W| [load_var_imports]: 	NID NOT FOUND 0xDF084DFA (UNRECOGNISED) at 0x4802C, setting to stub value 0xDEADBEEF
[09:43:58.354] |I| [pre_load_module]: Pre-load module SceLibc (at "app\PCSG00403\sce_module\libc.suprx") loaded
[09:43:58.380] |C| [load_self]: Unknown segment type 0x6FFFFF01
[09:43:58.381] |I| [load_self]: Loaded module segment 0 @ [0x0005C000 - 0x00074CF4 / 0x81000000] (size: 0x00018CF4) of module ux0:app\PCSG00403\sce_module\libface.suprx
[09:43:58.381] |I| [load_self]: Loaded module segment 1 @ [0x00075000 - 0x000750F8 / 0x81019000] (size: 0x000000F8) of module ux0:app\PCSG00403\sce_module\libface.suprx
[09:43:58.381] |I| [load_self]: Loading symbols for SELF: ux0:app\PCSG00403\sce_module\libface.suprx
[09:43:58.381] |D| [load_var_exports]: 	NID 0x6C2224BA (NID_MODULE_INFO) at 0x71AC0
[09:43:58.381] |D| [load_var_exports]: 	NID 0x936C8A78 (SYSLYB) at 0x74478
[09:43:58.381] |I| [pre_load_module]: Pre-load module SceFace (at "app\PCSG00403\sce_module\libface.suprx") loaded
[09:43:58.388] |C| [load_self]: Unknown segment type 0x6FFFFF01
[09:43:58.388] |I| [load_self]: Loaded module segment 0 @ [0x00076000 - 0x000A0AA8 / 0x81000000] (size: 0x0002AAA8) of module ux0:app\PCSG00403\sce_module\libfios2.suprx
[09:43:58.388] |I| [load_self]: Loaded module segment 1 @ [0x000A1000 - 0x000A623D / 0x8102B000] (size: 0x0000523D) of module ux0:app\PCSG00403\sce_module\libfios2.suprx
[09:43:58.388] |I| [load_self]: Loading symbols for SELF: ux0:app\PCSG00403\sce_module\libfios2.suprx
[09:43:58.389] |D| [load_var_exports]: 	NID 0x936C8A78 (SYSLYB) at 0xA09B0
[09:43:58.389] |D| [load_var_exports]: 	NID 0x6C2224BA (NID_MODULE_INFO) at 0x98138
[09:43:58.391] |I| [pre_load_module]: Pre-load module SceLibFios2 (at "app\PCSG00403\sce_module\libfios2.suprx") loaded
[09:43:58.501] |C| [load_self]: Unknown segment type 0x6FFFFF01
[09:43:58.501] |I| [load_self]: Loaded module segment 0 @ [0x000A7000 - 0x002AC054 / 0x81000000] (size: 0x00205054) of module ux0:app\PCSG00403\sce_module\libsmart.suprx
[09:43:58.502] |I| [load_self]: Loaded module segment 1 @ [0x002AD000 - 0x002B05C4 / 0x81206000] (size: 0x000035C4) of module ux0:app\PCSG00403\sce_module\libsmart.suprx
[09:43:58.502] |I| [load_self]: Loading symbols for SELF: ux0:app\PCSG00403\sce_module\libsmart.suprx
[09:43:58.502] |D| [load_var_exports]: 	NID 0x6C2224BA (NID_MODULE_INFO) at 0x14A6AC
[09:43:58.502] |D| [load_var_exports]: 	NID 0x936C8A78 (SYSLYB) at 0x151308
[09:43:58.502] |I| [pre_load_module]: Pre-load module SceSmart (at "app\PCSG00403\sce_module\libsmart.suprx") loaded
[09:43:58.528] |C| [load_self]: Unknown segment type 0x6FFFFF01
[09:43:58.528] |I| [load_self]: Loaded module segment 0 @ [0x002B1000 - 0x002C49C4 / 0x81000000] (size: 0x000139C4) of module ux0:app\PCSG00403\sce_module\libult.suprx
[09:43:58.528] |I| [load_self]: Loaded module segment 1 @ [0x002C5000 - 0x002C5814 / 0x81014000] (size: 0x00000814) of module ux0:app\PCSG00403\sce_module\libult.suprx
[09:43:58.528] |I| [load_self]: Loading symbols for SELF: ux0:app\PCSG00403\sce_module\libult.suprx
[09:43:58.528] |D| [load_var_exports]: 	NID 0x936C8A78 (SYSLYB) at 0x2C32F0
[09:43:58.529] |D| [load_var_exports]: 	NID 0x6C2224BA (NID_MODULE_INFO) at 0x2C0874
[09:43:58.529] |I| [pre_load_module]: Pre-load module SceUlt (at "app\PCSG00403\sce_module\libult.suprx") loaded
[09:43:58.537] |I| [load_self]: Loaded module segment 0 @ [0x002C6000 - 0x00316F04 / 0x81000000] (size: 0x00050F04) of module vs0:sys/external/libSceFt2.suprx
[09:43:58.537] |I| [load_self]: Loaded module segment 1 @ [0x00317000 - 0x003172F4 / 0x81051000] (size: 0x000002F4) of module vs0:sys/external/libSceFt2.suprx
[09:43:58.537] |I| [load_self]: Loading symbols for SELF: vs0:sys/external/libSceFt2.suprx
[09:43:58.537] |D| [load_var_exports]: 	NID 0x936C8A78 (SYSLYB) at 0x3027DC
[09:43:58.537] |D| [load_var_exports]: 	NID 0x6C2224BA (NID_MODULE_INFO) at 0x301F10
[09:43:58.537] |I| [pre_load_module]: Pre-load module SceLibft2 (at "sys/external/libSceFt2.suprx") loaded
[09:43:58.540] |I| [load_self]: Loaded module segment 0 @ [0x00318000 - 0x00327F14 / 0x81000000] (size: 0x0000FF14) of module vs0:sys/external/libpvf.suprx
[09:43:58.540] |I| [load_self]: Loaded module segment 1 @ [0x00328000 - 0x00328008 / 0x81010000] (size: 0x00000008) of module vs0:sys/external/libpvf.suprx
[09:43:58.540] |I| [load_self]: Loading symbols for SELF: vs0:sys/external/libpvf.suprx
[09:43:58.541] |D| [load_var_exports]: 	NID 0x936C8A78 (SYSLYB) at 0x326710
[09:43:58.541] |D| [load_var_exports]: 	NID 0x6C2224BA (NID_MODULE_INFO) at 0x326300
[09:43:58.541] |I| [pre_load_module]: Pre-load module SceLibPvf (at "sys/external/libpvf.suprx") loaded
[09:43:58.621] |C| [load_self]: Unknown segment type 0x6FFFFF01
[09:43:58.621] |I| [load_self]: Loaded module segment 0 @ [0x00329000 - 0x0058D17C / 0x81000000] (size: 0x0026417C) of module app0:eboot.bin
[09:43:58.621] |I| [load_self]: Loaded module segment 1 @ [0x0058E000 - 0x00CF34C0 / 0x81265000] (size: 0x007654C0) of module app0:eboot.bin
[09:43:58.621] |I| [load_self]: Loading symbols for SELF: app0:eboot.bin
[09:43:58.621] |D| [load_var_exports]: 	NID 0x6C2224BA (NID_MODULE_INFO) at 0x51CD9C
[09:43:58.622] |D| [load_var_exports]: 	NID 0x70FBA1E7 (SCE_PROC_PARAMS) at 0x590574
[09:43:58.622] |D| [load_var_exports]: 	NID 0x936C8A78 (SYSLYB) at 0x558F74
[09:43:58.622] |I| [load_app_impl]: Main executable eboot (eboot.bin) loaded
[09:43:58.631] |D| [run_app]: Running module_start of library: SceLibc at address 0x7805
[09:43:58.659] |I| [run_app]: Module SceLibc (at "ux0:app\PCSG00403\sce_module\libc.suprx") module_start returned 0x0
[09:43:58.663] |D| [run_app]: Running module_start of library: SceFace at address 0x70FC5
[09:43:58.671] |I| [run_app]: Module SceFace (at "ux0:app\PCSG00403\sce_module\libface.suprx") module_start returned 0x0
[09:43:58.676] |D| [run_app]: Running module_start of library: SceLibFios2 at address 0x76001
[09:43:58.684] |W| [stubbed_impl]: Stubbed sceKernelGetProcessId import called. (pid: 0)
[09:43:58.684] |D| [export_sceFiosOverlayGetList02]: maxIDs: 127
[09:43:58.684] |W| [unimplemented_impl]: Unimplemented sceFiosOverlayGetList02 import called.
[09:43:58.684] |I| [run_app]: Module SceLibFios2 (at "ux0:app\PCSG00403\sce_module\libfios2.suprx") module_start returned 0x0
[09:43:58.688] |D| [run_app]: Running module_start of library: SceSmart at address 0xA717D
[09:43:58.699] |I| [run_app]: Module SceSmart (at "ux0:app\PCSG00403\sce_module\libsmart.suprx") module_start returned 0x0
[09:43:58.703] |D| [run_app]: Running module_start of library: SceUlt at address 0x2B4771
[09:43:58.711] |W| [unimplemented_impl]: Unimplemented _sceUlobjMgrRegisterLibultProtocolRevision import called.
[09:43:58.711] |I| [run_app]: Module SceUlt (at "ux0:app\PCSG00403\sce_module\libult.suprx") module_start returned 0x0
[09:43:58.725] |W| [unimplemented_impl]: Unimplemented sceAppUtilInit import called.
[09:43:58.917] |W| [stubbed_impl]: Stubbed sceKernelGetThreadInfo import called. (STUB)
[09:43:58.939] |E| [call_import]: Import function for NID 0xD7F0F610 not found (thread name: PCSG00403, thread ID: 10)
[09:43:58.941] |W| [stubbed_impl]: Stubbed _sceKernelWaitSignal import called. (sceKernelWaitSignal)
[09:43:58.952] |D| [export_sceTouchEnableTouchForce]: port: 0, state: 1
[09:43:58.953] |D| [export_sceTouchEnableTouchForce]: port: 1, state: 1
[09:43:58.953] |W| [unimplemented_impl]: Unimplemented sceSystemGestureInitializePrimitiveTouchRecognizer import called.
[09:43:58.954] |W| [unimplemented_impl]: Unimplemented sceSystemGestureCreateTouchRecognizer import called.
[09:43:58.955] |W| [unimplemented_impl]: Unimplemented sceMotionStartSampling import called.
[09:43:58.955] |W| [unimplemented_impl]: Unimplemented sceMotionReset import called.
[09:43:58.955] |W| [unimplemented_impl]: Unimplemented sceMotionMagnetometerOn import called.
[09:43:58.974] |W| [stubbed_impl]: Stubbed sceGxmMapMemory import called. (always return success)
[09:43:58.975] |W| [stubbed_impl]: Stubbed sceGxmMapFragmentUsseMemory import called. (always return success)
[09:43:59.019] |W| [stubbed_impl]: Stubbed sceGxmGetRenderTargetMemSize import called. (2MB host mem)
[09:43:59.055] |W| [unimplemented_impl]: Unimplemented sceGxmDepthStencilSurfaceSetForceStoreMode import called.
[09:43:59.057] |W| [stubbed_impl]: Stubbed sceGxmMapVertexUsseMemory import called. (always return success)
[09:43:59.078] |W| [unimplemented_impl]: Unimplemented sceGxmSetWClampEnable import called.
[09:43:59.079] |W| [unimplemented_impl]: Unimplemented sceGxmSetWClampValue import called.
[09:43:59.079] |W| [unimplemented_impl]: Unimplemented sceGxmSetWBufferEnable import called.
[09:43:59.079] |W| [unimplemented_impl]: Unimplemented sceScreenShotSetOverlayImage import called.
[09:43:59.079] |W| [unimplemented_impl]: Unimplemented sceScreenShotSetParam import called.
[09:43:59.080] |W| [unimplemented_impl]: Unimplemented sceScreenShotEnable import called.
[09:43:59.084] |W| [ngs::create_voice_definition]: Missing voice definition for Buss Type 7, using passthrough.
[09:43:59.085] |W| [unimplemented_impl]: Unimplemented sceNgsSystemRelease import called.
[09:43:59.106] |W| [stubbed_impl]: Stubbed sceKernelWaitEventFlagCB import called. (no CB)
[09:43:59.127] |W| [stubbed_impl]: Stubbed sceKernelLockLwMutexCB import called. (no CB)
[09:43:59.138] |W| [stubbed_impl]: Stubbed sceKernelDelayThreadCB import called. (no CB)
[09:43:59.141] |D| [export_sceNgsVoicePlay]: sceNgsVoicePlay: 1
[09:43:59.141] |D| [export_sceNgsVoicePlay]: sceNgsVoicePlay: 1
[09:43:59.141] |D| [export_sceNgsVoicePlay]: sceNgsVoicePlay: 1
[09:43:59.142] |D| [export_sceNgsVoicePlay]: sceNgsVoicePlay: 1
[09:43:59.142] |D| [export_sceNgsVoicePlay]: sceNgsVoicePlay: 1
[09:43:59.142] |D| [export_sceNgsVoicePlay]: sceNgsVoicePlay: 1
[09:43:59.142] |D| [export_sceNgsVoicePlay]: sceNgsVoicePlay: 1
[09:43:59.142] |D| [export_sceNgsVoicePlay]: sceNgsVoicePlay: 1
[09:43:59.143] |D| [export_sceNgsVoicePlay]: sceNgsVoicePlay: 1
[09:43:59.154] |W| [unimplemented_impl]: Unimplemented sceAudioOutGetAdopt import called.
[09:43:59.180] |W| [unimplemented_impl]: Unimplemented sceNgsVoiceBypassModule import called.
[09:43:59.235] |W| [unimplemented_impl]: Unimplemented sceKernelChangeThreadVfpException import called.
[09:43:59.236] |W| [unimplemented_impl]: Unimplemented sceFiosOverlayThreadSetDisabled02 import called.
[09:43:59.264] |E| [logging::ret_error_impl]: sceAppUtilDrmClose returned SCE_APPUTIL_ERROR_NOT_MOUNTED (0x80100604)
[09:43:59.451] |I| [float_to_half_init]: AVX+F16C instruction set supported. Use fast f32 to f16 conversion
[09:43:59.460] |I| [export_sceIoOpen]: Opening file: app0:/data/SYSTEM.cpk
[09:43:59.466] |W| [unimplemented_impl]: Unimplemented sceCommonDialogUpdate import called.
[09:43:59.469] |W| [unimplemented_impl]: Unimplemented sceSystemGestureUpdatePrimitiveTouchRecognizer import called.
[09:43:59.469] |W| [unimplemented_impl]: Unimplemented sceSystemGestureUpdateTouchRecognizer import called.
[09:43:59.470] |W| [unimplemented_impl]: Unimplemented sceSystemGestureGetTouchEventsCount import called.
[09:43:59.470] |W| [unimplemented_impl]: Unimplemented sceMotionGetState import called.
[09:43:59.480] |I| [renderer::gl::load_shader_generic]: Generating frag shader dc5fdbeb3168903b863d0bd59a3e95439b34544683be781f51af6a18c9f32e08
[09:43:59.481] |D| [shader::create_parameters]: [DEFAULT  + 0] sa0 = (half4) Color
[09:43:59.497] |I| [renderer::gl::load_shader_generic]: Generating vert shader 1333d69f16ca358ac442e395be1a8345e31536d416818dfe2988c04a967d4a21
[09:43:59.498] |D| [shader::create_parameters]: [BUFFER0  + 0] pa0 = (float4) invtx_Position
[09:43:59.499] |D| [shader::create_parameters]: [DEFAULT  + 0] sa0 = (float1) Depth
[09:43:59.521] |I| [export_sceIoOpen]: Opening file: app0:/data/SYSTEM.cpk
[09:43:59.528] |I| [export_sceIoOpen]: Opening file: app0:/data/GAME.cpk
[09:43:59.551] |I| [export_sceIoOpen]: Opening file: app0:/data/GAME.cpk
[09:43:59.573] |I| [export_sceIoOpen]: Opening file: app0:/data/GAME.cpk
[09:43:59.586] |I| [export_sceIoOpen]: Opening file: app0:/data/GAME.cpk
[09:43:59.595] |D| [renderer::gl::texture::translate_swizzle]: base format: 201326592, swizzle: 0
[09:43:59.596] |I| [renderer::gl::load_shader_generic]: Generating frag shader 89efa1d19e1208a16170ab1e15981d282c427c2db51f858c0769c772a12b9dfe
[09:43:59.600] |I| [renderer::gl::load_shader_generic]: Generating vert shader 7398e858ca2999a25acf2a8f0e1166c303bcfad0263c584beba235a63f5de1b3
[09:43:59.601] |D| [shader::create_parameters]: [BUFFER0  + 0] pa0 = (float4) invtx_Position
[09:43:59.601] |D| [shader::create_parameters]: [BUFFER0  + 4] pa4 = (float4) invtx_TexCoord
[09:43:59.608] |I| [export_sceIoOpen]: Opening file: app0:/data/MOVIE.cpk
[09:43:59.613] |W| [stubbed_impl]: Stubbed sceDisplayWaitSetFrameBuf import called. (move after setframebuf)
[09:43:59.627] |I| [export_sceIoOpen]: Opening file: app0:/data/MOVIE.cpk
[09:43:59.660] |I| [export_sceIoOpen]: Opening file: app0:/data/SOUND.cpk
[09:43:59.693] |I| [export_sceIoOpen]: Opening file: app0:/data/SOUND.cpk
[09:43:59.715] |I| [export_sceIoOpen]: Opening file: app0:/data/SOUND.cpk
[09:43:59.728] |I| [export_sceIoOpen]: Opening file: app0:/data/SOUND.cpk
[09:44:00.980] |I| [export_sceIoOpen]: Opening file: app0:/data/GAME.cpk
[09:44:01.000] |I| [export_sceIoOpen]: Opening file: app0:/data/GAME.cpk
[09:44:01.004] |I| [export_sceIoOpen]: Opening file: app0:/data/MOVIE.cpk
[09:44:01.016] |I| [export_sceIoOpen]: Opening file: app0:/data/MOVIE.cpk
[09:44:01.050] |I| [export_sceIoOpen]: Opening file: app0:/data/SOUND.cpk
[09:44:01.063] |I| [export_sceIoOpen]: Opening file: app0:/data/SOUND.cpk
[09:44:02.247] |D| [renderer::gl::texture::translate_swizzle]: base format: 201326592, swizzle: 12288
[09:44:02.248] |I| [renderer::gl::load_shader_generic]: Generating frag shader df3471c831de682088b3629aceb4747be5be69b558850bfa7038139a012c9716
[09:44:02.249] |D| [shader::create_fragment_inputs]: Iterator: pa0 = (half4) v_Color0
[09:44:02.253] |I| [renderer::gl::load_shader_generic]: Generating vert shader 4e4503de0296c9a1532408e6f26888ed23b005b615e38d2001b94428d775870f
[09:44:02.254] |D| [shader::create_parameters]: [BUFFER0  + 0] pa0 = (float4) invtx_Position
[09:44:02.254] |D| [shader::create_parameters]: [BUFFER0  + 4] pa4 = (float4) invtx_TexCoord
[09:44:02.254] |D| [shader::create_parameters]: [BUFFER0  + 8] pa8 = (float4) invtx_Color
[09:44:02.254] |D| [shader::create_parameters]: [DEFAULT  + 0] sa0 = (float4) Model[4]
[09:44:02.267] |E| [renderer::gl::compile_program]: Vertex info
-----------
0(25) : warning C7050: "internals[0].w" might be used before being initialized

Fragment info
-------------
0(19) : warning C7050: "sa[0].w" might be used before being initialized
0(18) : warning C7050: "pa[0].zw" might be used before being initialized


[09:44:32.146] |D| [export_sceNgsVoicePlay]: sceNgsVoicePlay: 1
[09:44:32.515] |D| [renderer::gl::texture::translate_swizzle]: base format: -1879048192, swizzle: 12288
[09:44:32.581] |D| [renderer::gl::texture::translate_swizzle]: base format: -1879048192, swizzle: 12288
[09:44:32.648] |D| [renderer::gl::texture::translate_swizzle]: base format: -1879048192, swizzle: 12288
[09:44:32.715] |D| [renderer::gl::texture::translate_swizzle]: base format: -1879048192, swizzle: 12288
[09:44:32.781] |D| [renderer::gl::texture::translate_swizzle]: base format: -1879048192, swizzle: 12288
[09:44:33.129] |D| [export_sceNgsVoiceKeyOff]: sceNgsVoiceKeyOff
[09:44:33.381] |W| [renderer::gl::sync_texture]: Texture has freed data.
[09:44:33.981] |D| [renderer::gl::texture::translate_swizzle]: base format: -1879048192, swizzle: 12288
[09:44:34.048] |D| [renderer::gl::texture::translate_swizzle]: base format: -1879048192, swizzle: 12288
[09:44:34.115] |D| [renderer::gl::texture::translate_swizzle]: base format: -1879048192, swizzle: 12288
[09:44:34.181] |D| [renderer::gl::texture::translate_swizzle]: base format: -1879048192, swizzle: 12288
[09:44:34.248] |D| [renderer::gl::texture::translate_swizzle]: base format: -1879048192, swizzle: 12288
[09:44:34.915] |W| [renderer::gl::sync_texture]: Texture has freed data.
[09:44:35.679] |D| [export_sceNgsVoicePlay]: sceNgsVoicePlay: 1
[09:44:36.733] |D| [export_sceNgsVoiceKeyOff]: sceNgsVoiceKeyOff
[09:44:36.981] |W| [renderer::gl::sync_texture]: Texture has freed data.
[09:44:37.148] |I| [renderer::gl::load_shader_generic]: Generating frag shader 53b44c259933c9c2e817c7eeb9e4b82214fc8c9f00615bd2dab22000d51cbb2f
[09:44:37.150] |D| [shader::create_fragment_inputs]: Iterator: pa0 = (half4) v_Color0
[09:44:37.153] |I| [renderer::gl::load_shader_generic]: Generating vert shader f0f5bdb656805fbc0b9cdc4bdaa93ea50e5122309ce3fdae74a086c2d654d5f5
[09:44:37.154] |D| [shader::create_parameters]: [BUFFER0  + 0] pa0 = (float4) invtx_Position
[09:44:37.154] |D| [shader::create_parameters]: [BUFFER0  + 4] pa4 = (float4) invtx_Color
[09:44:37.154] |D| [shader::create_parameters]: [DEFAULT  + 0] sa0 = (float4) Model[4]
[09:44:37.165] |E| [renderer::gl::compile_program]: Vertex info
-----------
0(23) : warning C7050: "internals[0].w" might be used before being initialized

Fragment info
-------------
0(16) : warning C7050: "pa[0].zw" might be used before being initialized


[09:44:38.615] |D| [renderer::gl::texture::translate_swizzle]: base format: -2030043136, swizzle: 0
[09:44:38.639] |D| [renderer::gl::texture::translate_swizzle]: base format: -2030043136, swizzle: 0
[09:44:46.174] |D| [export_sceNgsVoicePlay]: sceNgsVoicePlay: 1
