[16:46:04.034] |I| [load_app_impl]: ngs experimental state: true
[16:46:04.035] |I| [load_app_impl]: video player state: true
[16:46:04.035] |I| [load_app_impl]: lle-modules: libpgf,libSceJson,libsystemgesture,libsas,libSceXml,libatrac
[16:46:04.035] |I| [load_app_impl]: Title: 限界凸旗 セブンパイレーツ
[16:46:04.035] |I| [load_app_impl]: Serial: PCSG00882
[16:46:04.035] |I| [load_app_impl]: Version: 01.02
[16:46:04.035] |I| [load_app_impl]: Category: gp
[16:46:04.089] |C| [load_self]: Unknown segment type 0x6FFFFF01
[16:46:04.089] |I| [load_self]: Loaded module segment 0 @ [0x00004000 - 0x000558A4 / 0x81000000] (size: 0x000518A4) of module app0:sce_module/libc.suprx
[16:46:04.089] |I| [load_self]: Loaded module segment 1 @ [0x00056000 - 0x000588A0 / 0x81052000] (size: 0x000028A0) of module app0:sce_module/libc.suprx
[16:46:04.089] |I| [load_self]: Loading symbols for SELF: app0:sce_module/libc.suprx
[16:46:04.090] |D| [load_var_exports]: 	NID 0x936C8A78 (SYSLYB) at 0x4B314
[16:46:04.090] |D| [load_var_exports]: 	NID 0x6C2224BA (NID_MODULE_INFO) at 0x404DC
[16:46:04.090] |W| [load_var_imports]: 	NID NOT FOUND 0x93B8AA67 (UNRECOGNISED) at 0x4463C, setting to stub value 0xDEADBEEF
[16:46:04.090] |W| [load_var_imports]: 	NID NOT FOUND 0xDF084DFA (UNRECOGNISED) at 0x461D0, setting to stub value 0xDEADBEEF
[16:46:04.090] |I| [pre_load_module]: Pre-load module SceLibc (at "sce_module/libc.suprx") loaded
[16:46:04.103] |C| [load_self]: Unknown segment type 0x6FFFFF01
[16:46:04.103] |I| [load_self]: Loaded module segment 0 @ [0x0005B000 - 0x00074000 / 0x81000000] (size: 0x00019000) of module app0:sce_module/libface.suprx
[16:46:04.103] |I| [load_self]: Loaded module segment 1 @ [0x00074000 - 0x000740F8 / 0x81019000] (size: 0x000000F8) of module app0:sce_module/libface.suprx
[16:46:04.103] |I| [load_self]: Loading symbols for SELF: app0:sce_module/libface.suprx
[16:46:04.103] |D| [load_var_exports]: 	NID 0x6C2224BA (NID_MODULE_INFO) at 0x70DA4
[16:46:04.103] |D| [load_var_exports]: 	NID 0x936C8A78 (SYSLYB) at 0x73784
[16:46:04.103] |I| [pre_load_module]: Pre-load module SceFace (at "sce_module/libface.suprx") loaded
[16:46:04.116] |C| [load_self]: Unknown segment type 0x6FFFFF01
[16:46:04.116] |I| [load_self]: Loaded module segment 0 @ [0x00075000 - 0x000A1CBF / 0x81000000] (size: 0x0002CCBF) of module app0:sce_module/libfios2.suprx
[16:46:04.116] |I| [load_self]: Loaded module segment 1 @ [0x000A2000 - 0x000A7255 / 0x8102D000] (size: 0x00005255) of module app0:sce_module/libfios2.suprx
[16:46:04.116] |I| [load_self]: Loading symbols for SELF: app0:sce_module/libfios2.suprx
[16:46:04.116] |D| [load_var_exports]: 	NID 0x936C8A78 (SYSLYB) at 0xA1BC8
[16:46:04.116] |D| [load_var_exports]: 	NID 0x6C2224BA (NID_MODULE_INFO) at 0x98F08
[16:46:04.117] |I| [pre_load_module]: Pre-load module SceLibFios2 (at "sce_module/libfios2.suprx") loaded
[16:46:04.160] |C| [load_self]: Unknown segment type 0x6FFFFF01
[16:46:04.160] |I| [load_self]: Loaded module segment 0 @ [0x000A8000 - 0x002B5AF4 / 0x81000000] (size: 0x0020DAF4) of module app0:sce_module/libsmart.suprx
[16:46:04.160] |I| [load_self]: Loaded module segment 1 @ [0x002B6000 - 0x002B9444 / 0x8120E000] (size: 0x00003444) of module app0:sce_module/libsmart.suprx
[16:46:04.161] |I| [load_self]: Loading symbols for SELF: app0:sce_module/libsmart.suprx
[16:46:04.161] |D| [load_var_exports]: 	NID 0x6C2224BA (NID_MODULE_INFO) at 0x153528
[16:46:04.161] |D| [load_var_exports]: 	NID 0x936C8A78 (SYSLYB) at 0x15A90C
[16:46:04.161] |I| [pre_load_module]: Pre-load module SceSmart (at "sce_module/libsmart.suprx") loaded
[16:46:04.171] |C| [load_self]: Unknown segment type 0x6FFFFF01
[16:46:04.171] |I| [load_self]: Loaded module segment 0 @ [0x002BA000 - 0x002CD9BC / 0x81000000] (size: 0x000139BC) of module app0:sce_module/libult.suprx
[16:46:04.171] |I| [load_self]: Loaded module segment 1 @ [0x002CE000 - 0x002CE814 / 0x81014000] (size: 0x00000814) of module app0:sce_module/libult.suprx
[16:46:04.171] |I| [load_self]: Loading symbols for SELF: app0:sce_module/libult.suprx
[16:46:04.171] |D| [load_var_exports]: 	NID 0x936C8A78 (SYSLYB) at 0x2CC2E8
[16:46:04.171] |D| [load_var_exports]: 	NID 0x6C2224BA (NID_MODULE_INFO) at 0x2C9870
[16:46:04.172] |I| [pre_load_module]: Pre-load module SceUlt (at "sce_module/libult.suprx") loaded
[16:46:04.177] |I| [load_self]: Loaded module segment 0 @ [0x002CF000 - 0x0031FF04 / 0x81000000] (size: 0x00050F04) of module vs0:sys/external/libSceFt2.suprx
[16:46:04.178] |I| [load_self]: Loaded module segment 1 @ [0x00320000 - 0x003202F4 / 0x81051000] (size: 0x000002F4) of module vs0:sys/external/libSceFt2.suprx
[16:46:04.178] |I| [load_self]: Loading symbols for SELF: vs0:sys/external/libSceFt2.suprx
[16:46:04.178] |D| [load_var_exports]: 	NID 0x936C8A78 (SYSLYB) at 0x30B7DC
[16:46:04.178] |D| [load_var_exports]: 	NID 0x6C2224BA (NID_MODULE_INFO) at 0x30AF10
[16:46:04.178] |I| [pre_load_module]: Pre-load module SceLibft2 (at "sys/external/libSceFt2.suprx") loaded
[16:46:04.179] |I| [load_self]: Loaded module segment 0 @ [0x00321000 - 0x00330F14 / 0x81000000] (size: 0x0000FF14) of module vs0:sys/external/libpvf.suprx
[16:46:04.179] |I| [load_self]: Loaded module segment 1 @ [0x00331000 - 0x00331008 / 0x81010000] (size: 0x00000008) of module vs0:sys/external/libpvf.suprx
[16:46:04.180] |I| [load_self]: Loading symbols for SELF: vs0:sys/external/libpvf.suprx
[16:46:04.180] |D| [load_var_exports]: 	NID 0x936C8A78 (SYSLYB) at 0x32F710
[16:46:04.180] |D| [load_var_exports]: 	NID 0x6C2224BA (NID_MODULE_INFO) at 0x32F300
[16:46:04.180] |I| [pre_load_module]: Pre-load module SceLibPvf (at "sys/external/libpvf.suprx") loaded
[16:46:04.242] |C| [load_self]: Unknown segment type 0x6FFFFF01
[16:46:04.242] |I| [load_self]: Loaded module segment 0 @ [0x00332000 - 0x004CFE20 / 0x81000000] (size: 0x0019DE20) of module app0:eboot.bin
[16:46:04.242] |I| [load_self]: Loaded module segment 1 @ [0x004D0000 - 0x00623B00 / 0x8119E000] (size: 0x00153B00) of module app0:eboot.bin
[16:46:04.242] |I| [load_self]: Loading symbols for SELF: app0:eboot.bin
[16:46:04.242] |D| [load_var_exports]: 	NID 0x6C2224BA (NID_MODULE_INFO) at 0x49787C
[16:46:04.242] |D| [load_var_exports]: 	NID 0x70FBA1E7 (SCE_PROC_PARAMS) at 0x4DE5D0
[16:46:04.242] |D| [load_var_exports]: 	NID 0x936C8A78 (SYSLYB) at 0x4B5694
[16:46:04.242] |I| [load_app_impl]: Main executable _thPirates (eboot.bin) loaded
[16:46:04.244] |D| [run_app]: Running module_start of library: SceLibc at address 0x4871
[16:46:04.250] |I| [run_app]: Module SceLibc (at "app0:sce_module/libc.suprx") module_start returned 0x0
[16:46:04.250] |D| [run_app]: Running module_start of library: SceFace at address 0x70265
[16:46:04.252] |I| [run_app]: Module SceFace (at "app0:sce_module/libface.suprx") module_start returned 0x0
[16:46:04.253] |D| [run_app]: Running module_start of library: SceLibFios2 at address 0x75001
[16:46:04.254] |W| [stubbed_impl]: Stubbed sceKernelGetProcessId import called. (pid: 0)
[16:46:04.254] |W| [unimplemented_impl]: Unimplemented sceFiosOverlayGetList02 import called.
[16:46:04.255] |I| [run_app]: Module SceLibFios2 (at "app0:sce_module/libfios2.suprx") module_start returned 0x0
[16:46:04.255] |D| [run_app]: Running module_start of library: SceSmart at address 0xA818D
[16:46:04.257] |I| [run_app]: Module SceSmart (at "app0:sce_module/libsmart.suprx") module_start returned 0x0
[16:46:04.258] |D| [run_app]: Running module_start of library: SceUlt at address 0x2BD771
[16:46:04.259] |W| [unimplemented_impl]: Unimplemented _sceUlobjMgrRegisterLibultProtocolRevision import called.
[16:46:04.259] |I| [run_app]: Module SceUlt (at "app0:sce_module/libult.suprx") module_start returned 0x0
[16:46:04.264] |W| [unimplemented_impl]: Unimplemented sceScreenShotDisable import called.
[16:46:04.264] |W| [unimplemented_impl]: Unimplemented sceScreenShotSetOverlayImage import called.
[16:46:04.264] |W| [unimplemented_impl]: Unimplemented sceScreenShotEnable import called.
[16:46:04.265] |W| [unimplemented_impl]: Unimplemented sceTouchEnableTouchForce import called.
[16:46:04.265] |W| [unimplemented_impl]: Unimplemented sceKernelGetThreadCurrentPriority import called.
[16:46:04.268] |W| [stubbed_impl]: Stubbed sceKernelGetThreadCpuAffinityMask2 import called. (STUB)
[16:46:04.268] |W| [unimplemented_impl]: Unimplemented sceAppUtilInit import called.
[16:46:04.272] |W| [stubbed_impl]: Stubbed sceKernelGetFreeMemorySize import called. (Single pool)
[16:46:04.272] |W| [stubbed_impl]: Stubbed sceGxmMapMemory import called. (always return success)
[16:46:04.273] |W| [stubbed_impl]: Stubbed sceGxmMapFragmentUsseMemory import called. (always return success)
[16:46:04.296] |W| [stubbed_impl]: Stubbed sceGxmGetRenderTargetMemSize import called. (2MB host mem)
[16:46:04.352] |E| [init_texture_base]: Initialized texture with unsupported texture format: 0x0
[16:46:04.397] |W| [stubbed_impl]: Stubbed sceGxmMapVertexUsseMemory import called. (always return success)
[16:46:04.420] |W| [ngs::create_voice_definition]: Missing voice definition for Buss Type 7, using passthrough.
[16:46:04.420] |W| [unimplemented_impl]: Unimplemented sceNgsSystemRelease import called.
[16:46:04.425] |W| [stubbed_impl]: Stubbed sceKernelWaitEventFlagCB import called. (no CB)
[16:46:04.429] |W| [stubbed_impl]: Stubbed sceKernelLockLwMutexCB import called. (no CB)
[16:46:04.432] |W| [stubbed_impl]: Stubbed sceKernelDelayThreadCB import called. (no CB)
[16:46:04.433] |W| [stubbed_impl]: Stubbed sceNgsPatchGetInfo import called. (2 in/out channels)
[16:46:04.433] |W| [unimplemented_impl]: Unimplemented sceNgsVoicePatchSetVolumesMatrix import called.
[16:46:04.435] |W| [unimplemented_impl]: Unimplemented sceAudioOutGetAdopt import called.
[16:46:04.439] |W| [unimplemented_impl]: Unimplemented sceNgsVoiceBypassModule import called.
[16:46:04.445] |I| [export_sceIoOpen]: Opening file: app0:/data/GLOBAL.cpk
[16:46:04.488] |I| [export_sceIoOpen]: Opening file: app0:/data/GLOBAL.cpk
[16:46:04.520] |I| [export_sceIoOpen]: Opening file: app0:/data/GAME.cpk
[16:46:04.538] |I| [export_sceIoOpen]: Opening file: app0:/data/GAME.cpk
[16:46:04.569] |I| [export_sceIoOpen]: Opening file: app0:/data/SOUND.cpk
[16:46:04.595] |I| [export_sceIoOpen]: Opening file: app0:/data/SOUND.cpk
[16:46:04.626] |I| [export_sceIoOpen]: Opening file: app0:/data/MOVIE.cpk
[16:46:04.641] |I| [export_sceIoOpen]: Opening file: app0:/data/MOVIE.cpk
[16:46:04.673] |I| [export_sceIoOpen]: Opening file: app0:/data/PATCH.cpk
[16:46:04.697] |I| [export_sceIoOpen]: Opening file: app0:/data/PATCH.cpk
[16:46:05.027] |I| [float_to_half_init]: AVX+F16C instruction set supported. Use fast f32 to f16 conversion
[16:46:05.028] |W| [unimplemented_impl]: Unimplemented sceCommonDialogUpdate import called.
[16:46:05.046] |I| [renderer::gl::load_shader]: Generating frag shader 0e50fd69ec843dd0dc3250a84053211314a17aea5206136ea62e95d588ebb1e8
[16:46:05.047] |D| [shader::create_parameters]: [DEFAULT  + 0] sa0 = (half4) g_Color
[16:46:05.049] |D| [shader::spirv_disasm_print]: SPIR-V Disassembly:
// Module Version 10500
// Generated by (magic number): 1337000
// Id's are bound by 195

                              Capability Shader
                              Capability Float16
             119:             ExtInstImport  "GLSL.std.450"
             147:             ExtInstImport  "GLSL.std.450"
             180:             ExtInstImport  "GLSL.std.450"
                              MemoryModel Logical GLSL450
                              EntryPoint Fragment 4  "main_fs" 99 101 131
                              ExecutionMode 4 OriginLowerLeft
               1:             String  "0e50fd69ec843dd0dc3250a84053211314a17aea5206136ea62e95d588ebb1e8"
                              SourceExtension  "gxp"
                              Name 4  "main_fs"
                              Name 23  "pa"
                              Name 24  "sa"
                              Name 26  "internals"
                              Name 28  "r"
                              Name 30  "p"
                              Name 32  "idx"
                              Name 34  "outs"
                              Name 36  "i"
                              Name 39  "frag_defaultUniformBuffer"
                              Name 41  "buffer0"
                              MemberName 39(frag_defaultUniformBuffer) 0  "data"
                              Name 63  "memory"
                              Name 99  "f_mask"
                              Name 101  "gl_FragCoord"
                              Name 102  "frag_output_finalize"
                              Name 116  "unpack2xF16"
                              Name 131  "out_color"
                              Name 155  "block_prim_0"
                              Name 178  "pack2xF16"
                              Decorate 39(frag_defaultUniformBuffer) Block
                              Decorate 39(frag_defaultUniformBuffer) GLSLShared
                              Decorate 41(buffer0) Binding 15
                              MemberDecorate 39(frag_defaultUniformBuffer) 0 Offset 0
                              Decorate 38 ArrayStride 16
                              Decorate 99(f_mask) Binding 1
                              Decorate 131(out_color) Location 0
               2:             TypeVoid
               3:             TypeFunction 2
               6:             TypeFloat 32
               7:             TypeInt 32 1
               8:             TypeBool
               9:             TypeVector 6(float) 4
              10:      7(int) Constant 32
              11:             TypeArray 9(fvec4) 10
              12:      7(int) Constant 3
              13:             TypeArray 9(fvec4) 12
              14:      7(int) Constant 20
              15:             TypeArray 9(fvec4) 14
              16:      7(int) Constant 2
              17:             TypeArray 7(int) 16
              18:      7(int) Constant 4
              19:             TypeArray 8(bool) 18
              20:      7(int) Constant 12
              21:             TypeArray 9(fvec4) 20
              22:             TypePointer Private 11
          23(pa):     22(ptr) Variable Private
          24(sa):     22(ptr) Variable Private
              25:             TypePointer Private 13
   26(internals):     25(ptr) Variable Private
              27:             TypePointer Private 15
           28(r):     27(ptr) Variable Private
              29:             TypePointer Private 19
           30(p):     29(ptr) Variable Private
              31:             TypePointer Private 17
         32(idx):     31(ptr) Variable Private
              33:             TypePointer Private 21
        34(outs):     33(ptr) Variable Private
              35:             TypePointer Function 7(int)
              37:      7(int) Constant 1
              38:             TypeArray 9(fvec4) 37
39(frag_defaultUniformBuffer):             TypeStruct 38
              40:             TypePointer Uniform 39(frag_defaultUniformBuffer)
     41(buffer0):     40(ptr) Variable Uniform
              42:      7(int) Constant 0
              50:             TypePointer Uniform 9(fvec4)
              55:             TypePointer Private 9(fvec4)
              60:      7(int) Constant 5
              61:             TypeArray 6(float) 60
              62:             TypePointer Private 61
      63(memory):     62(ptr) Variable Private
              78:             TypePointer Private 6(float)
              97:             TypeImage 6(float) 2D nonsampled format:Rgba8
              98:             TypePointer UniformConstant 97
      99(f_mask):     98(ptr) Variable UniformConstant
             100:             TypePointer Input 9(fvec4)
101(gl_FragCoord):    100(ptr) Variable Input
             110:             TypeVector 6(float) 2
             113:             TypeInt 32 0
             114:             TypeFunction 110(fvec2) 6(float)
             130:             TypePointer Output 9(fvec4)
  131(out_color):    130(ptr) Variable Output
             133:             TypeVector 7(int) 4
             135:             TypeVector 7(int) 2
             139:    6(float) Constant 1056964608
             140:    9(fvec4) ConstantComposite 139 139 139 139
             148:    6(float) Constant 0
             149:    6(float) Constant 1065353216
             150:    6(float) Constant 1073741824
             151:  110(fvec2) ConstantComposite 148 148
             152:             TypeVector 6(float) 3
             153:  152(fvec3) ConstantComposite 148 148 148
             154:    9(fvec4) ConstantComposite 148 148 148 148
             176:             TypeFunction 6(float) 110(fvec2)
      4(main_fs):           2 Function None 3
               5:             Label
           36(i):     35(ptr) Variable Function
                              Store 36(i) 42
                              Branch 43
              43:             Label
              47:      7(int) Load 36(i)
              48:     8(bool) SLessThan 47 37
                              LoopMerge 45 46 None
                              BranchConditional 48 44 45
              44:               Label
              49:      7(int)   Load 36(i)
              51:     50(ptr)   AccessChain 41(buffer0) 42 49
              52:      7(int)   Load 36(i)
              53:      7(int)   Load 36(i)
              54:      7(int)   IAdd 52 42
              56:     55(ptr)   AccessChain 24(sa) 54
              57:    9(fvec4)   Load 51
                                Store 56 57
              58:      7(int)   Load 36(i)
              59:      7(int)   IAdd 58 37
                                Store 36(i) 59
                                Branch 46
              46:               Label
                                Branch 43
              45:             Label
                              Store 36(i) 42
                              Branch 64
              64:             Label
              68:      7(int) Load 36(i)
              69:     8(bool) SLessThan 68 37
                              LoopMerge 66 67 None
                              BranchConditional 69 65 66
              65:               Label
              70:      7(int)   Load 36(i)
              71:     50(ptr)   AccessChain 41(buffer0) 42 70
              72:      7(int)   Load 36(i)
              73:      7(int)   IMul 18 72
              74:      7(int)   IAdd 73 42
              75:    9(fvec4)   Load 71
              76:    6(float)   VectorExtractDynamic 75 42
              77:      7(int)   IAdd 74 42
              79:     78(ptr)   AccessChain 63(memory) 77
                                Store 79 76
              80:      7(int)   IAdd 73 37
              81:    9(fvec4)   Load 71
              82:    6(float)   VectorExtractDynamic 81 37
              83:      7(int)   IAdd 80 42
              84:     78(ptr)   AccessChain 63(memory) 83
                                Store 84 82
              85:      7(int)   IAdd 73 16
              86:    9(fvec4)   Load 71
              87:    6(float)   VectorExtractDynamic 86 16
              88:      7(int)   IAdd 85 42
              89:     78(ptr)   AccessChain 63(memory) 88
                                Store 89 87
              90:      7(int)   IAdd 73 12
              91:    9(fvec4)   Load 71
              92:    6(float)   VectorExtractDynamic 91 12
              93:      7(int)   IAdd 90 42
              94:     78(ptr)   AccessChain 63(memory) 93
                                Store 94 92
              95:      7(int)   Load 36(i)
              96:      7(int)   IAdd 95 37
                                Store 36(i) 96
                                Branch 67
              67:               Label
                                Branch 64
              66:             Label
             194:           2 FunctionCall 155(block_prim_0)
                              Return
                              FunctionEnd
102(frag_output_finalize):           2 Function None 3
             103:             Label
             104:     55(ptr) AccessChain 23(pa) 42
             105:     55(ptr) AccessChain 23(pa) 42
             106:    9(fvec4) Load 105
             107:    9(fvec4) Load 104
             108:    6(float) VectorExtractDynamic 107 42
             109:    6(float) VectorExtractDynamic 107 37
             111:  110(fvec2) CompositeConstruct 108 109
             112:    6(float) VectorExtractDynamic 111 42
             122:  110(fvec2) FunctionCall 116(unpack2xF16) 112
             123:    6(float) VectorExtractDynamic 111 37
             124:  110(fvec2) FunctionCall 116(unpack2xF16) 123
             125:    6(float) VectorExtractDynamic 122 42
             126:    6(float) VectorExtractDynamic 122 37
             127:    6(float) VectorExtractDynamic 124 42
             128:    6(float) VectorExtractDynamic 124 37
             129:    9(fvec4) CompositeConstruct 125 126 127 128
                              Store 131(out_color) 129
             132:    9(fvec4) Load 101(gl_FragCoord)
             134:  133(ivec4) ConvertFToS 132
             136:  135(ivec2) VectorShuffle 134 134 0 1
             137:          97 Load 99(f_mask)
             138:    9(fvec4) ImageRead 137 136
             141:     8(bool) FOrdLessThan 138 140
             142:     8(bool) All 141
                              SelectionMerge 144 None
                              BranchConditional 142 143 144
             143:               Label
                                Kill
             144:             Label
                              Return
                              FunctionEnd
116(unpack2xF16):  110(fvec2) Function None 114
             115:    6(float) FunctionParameter
             117:             Label
             118:    113(int) Bitcast 115
             120:  110(fvec2) ExtInst 119(GLSL.std.450) 62(UnpackHalf2x16) 118
                              ReturnValue 120
                              FunctionEnd
155(block_prim_0):           2 Function None 3
             156:             Label
                              Line 1 1 0
             157:     55(ptr) AccessChain 24(sa) 42
             158:     55(ptr) AccessChain 24(sa) 42
             159:    9(fvec4) Load 158
             160:    9(fvec4) Load 157
             161:    6(float) VectorExtractDynamic 160 42
             162:    6(float) VectorExtractDynamic 160 37
             163:  110(fvec2) CompositeConstruct 161 162
             164:    6(float) VectorExtractDynamic 163 42
             165:  110(fvec2) FunctionCall 116(unpack2xF16) 164
             166:    6(float) VectorExtractDynamic 163 37
             167:  110(fvec2) FunctionCall 116(unpack2xF16) 166
             168:    6(float) VectorExtractDynamic 165 42
             169:    6(float) VectorExtractDynamic 165 37
             170:    6(float) VectorExtractDynamic 167 42
             171:    6(float) VectorExtractDynamic 167 37
             172:    9(fvec4) CompositeConstruct 168 169 170 171
             173:    6(float) VectorExtractDynamic 172 42
             174:    6(float) VectorExtractDynamic 172 37
             175:  110(fvec2) CompositeConstruct 173 174
             184:    6(float) FunctionCall 178(pack2xF16) 175
             185:    6(float) VectorExtractDynamic 172 16
             186:    6(float) VectorExtractDynamic 172 12
             187:  110(fvec2) CompositeConstruct 185 186
             188:    6(float) FunctionCall 178(pack2xF16) 187
             189:  110(fvec2) CompositeConstruct 184 188
             190:     55(ptr) AccessChain 23(pa) 42
             191:    9(fvec4) Load 190
             192:    9(fvec4) VectorShuffle 191 189 4 5 2 3
                              Store 190 192
             193:           2 FunctionCall 102(frag_output_finalize)
                              Return
                              FunctionEnd
  178(pack2xF16):    6(float) Function None 176
             177:  110(fvec2) FunctionParameter
             179:             Label
             181:    113(int) ExtInst 180(GLSL.std.450) 58(PackHalf2x16) 177
             182:    6(float) Bitcast 181
                              ReturnValue 182
                              FunctionEnd

[16:46:05.052] |D| [shader::convert_gxp_to_glsl]: Generated GLSL:
#version 420
#extension GL_ARB_fragment_shader_interlock : require
// Shader Name: 0e50fd69ec843dd0dc3250a84053211314a17aea5206136ea62e95d588ebb1e8
layout(early_fragment_tests) in;


layout(binding = 15, std140) uniform frag_defaultUniformBuffer
{
    vec4 data[1];
} buffer0;

layout(binding = 1, rgba8) uniform readonly image2D f_mask;

layout(location = 0) out vec4 out_color;
vec4 pa[32];
vec4 sa[32];
vec4 internals[3];
vec4 r[20];
bool p[4];
int idx[2];
vec4 outs[12];
float memory[5];

vec2 unpack2xF16(float _115)
{
    return unpackHalf2x16(floatBitsToUint(_115));
}

float pack2xF16(vec2 _177)
{
    return uintBitsToFloat(packHalf2x16(_177));
}

void frag_output_finalize()
{
    vec2 _111 = vec2(pa[0].x, pa[0].y);
    vec2 _122 = unpack2xF16(_111.x);
    vec2 _124 = unpack2xF16(_111.y);
    out_color = vec4(_122.x, _122.y, _124.x, _124.y);
    if (all(lessThan(imageLoad(f_mask, ivec4(gl_FragCoord).xy), vec4(0.5))))
    {
        discard;
    }
}

void block_prim_0()
{
    vec2 _163 = vec2(sa[0].x, sa[0].y);
    vec2 _165 = unpack2xF16(_163.x);
    vec2 _167 = unpack2xF16(_163.y);
    vec4 _172 = vec4(_165.x, _165.y, _167.x, _167.y);
    vec2 _189 = vec2(pack2xF16(vec2(_172.x, _172.y)), pack2xF16(vec2(_172.z, _172.w)));
    pa[0] = vec4(_189.x, _189.y, pa[0].z, pa[0].w);
    frag_output_finalize();
}

void main()
{
    int i = 0;
    while (i < 1)
    {
        sa[i + 0] = buffer0.data[i];
        i++;
    }
    i = 0;
    while (i < 1)
    {
        int _73 = 4 * i;
        memory[(_73 + 0) + 0] = buffer0.data[i].x;
        memory[(_73 + 1) + 0] = buffer0.data[i].y;
        memory[(_73 + 2) + 0] = buffer0.data[i].z;
        memory[(_73 + 3) + 0] = buffer0.data[i].w;
        i++;
    }
    block_prim_0();
}


[16:46:05.066] |I| [renderer::gl::load_shader]: Generating vert shader 97ceded883ce0449bf39a6bc15fc31290f7f35f0bb15b76a17acc713da8b0660
[16:46:05.067] |D| [shader::create_parameters]: [BUFFER0  + 0] pa0 = (float4) Input_Position
[16:46:05.068] |D| [shader::spirv_disasm_print]: SPIR-V Disassembly:
// Module Version 10500
// Generated by (magic number): 1337000
// Id's are bound by 122

                              Capability Shader
                              Capability Float16
              95:             ExtInstImport  "GLSL.std.450"
                              MemoryModel Logical GLSL450
                              EntryPoint Vertex 4  "main_vs" 42 52
               1:             String  "97ceded883ce0449bf39a6bc15fc31290f7f35f0bb15b76a17acc713da8b0660"
                              SourceExtension  "gxp"
                              Name 4  "main_vs"
                              Name 23  "pa"
                              Name 24  "sa"
                              Name 26  "internals"
                              Name 28  "r"
                              Name 30  "p"
                              Name 32  "idx"
                              Name 34  "outs"
                              Name 36  "i"
                              Name 40  "memory"
                              Name 42  "Input_Position"
                              Name 44  "viewport_flag"
                              Name 45  "screen_width"
                              Name 46  "screen_height"
                              Name 48  "flip_vec"
                              Name 49  "vert_output_finalize"
                              Name 52  "v_Position"
                              Name 83  "i"
                              Name 101  "block_prim_0"
                              Decorate 42(Input_Position) Location 0
                              Decorate 52(v_Position) BuiltIn Position
               2:             TypeVoid
               3:             TypeFunction 2
               6:             TypeFloat 32
               7:             TypeInt 32 1
               8:             TypeBool
               9:             TypeVector 6(float) 4
              10:      7(int) Constant 32
              11:             TypeArray 9(fvec4) 10
              12:      7(int) Constant 3
              13:             TypeArray 9(fvec4) 12
              14:      7(int) Constant 20
              15:             TypeArray 9(fvec4) 14
              16:      7(int) Constant 2
              17:             TypeArray 7(int) 16
              18:      7(int) Constant 4
              19:             TypeArray 8(bool) 18
              20:      7(int) Constant 12
              21:             TypeArray 9(fvec4) 20
              22:             TypePointer Private 11
          23(pa):     22(ptr) Variable Private
          24(sa):     22(ptr) Variable Private
              25:             TypePointer Private 13
   26(internals):     25(ptr) Variable Private
              27:             TypePointer Private 15
           28(r):     27(ptr) Variable Private
              29:             TypePointer Private 19
           30(p):     29(ptr) Variable Private
              31:             TypePointer Private 17
         32(idx):     31(ptr) Variable Private
              33:             TypePointer Private 21
        34(outs):     33(ptr) Variable Private
              35:             TypePointer Function 7(int)
              37:      7(int) Constant 1
              38:             TypeArray 6(float) 37
              39:             TypePointer Private 38
      40(memory):     39(ptr) Variable Private
              41:             TypePointer Input 9(fvec4)
42(Input_Position):     41(ptr) Variable Input
              43:             TypePointer UniformConstant 6(float)
44(viewport_flag):     43(ptr) Variable UniformConstant
45(screen_width):     43(ptr) Variable UniformConstant
46(screen_height):     43(ptr) Variable UniformConstant
              47:             TypePointer UniformConstant 9(fvec4)
    48(flip_vec):     47(ptr) Variable UniformConstant
              51:             TypePointer Output 9(fvec4)
  52(v_Position):     51(ptr) Variable Output
              53:             TypePointer Private 9(fvec4)
              54:      7(int) Constant 0
              59:    6(float) Constant 1056964608
              60:    6(float) Constant 1065353216
              61:    6(float) Constant 3212836864
              62:    6(float) Constant 1073741824
              63:    6(float) Constant 3221225472
              64:    6(float) Constant 0
              84:    9(fvec4) ConstantComposite 64 64 64 64
              96:             TypeInt 32 0
              97:             TypeVector 6(float) 2
              98:   97(fvec2) ConstantComposite 64 64
              99:             TypeVector 6(float) 3
             100:   99(fvec3) ConstantComposite 64 64 64
             110:   97(fvec2) ConstantComposite 60 60
      4(main_vs):           2 Function None 3
               5:             Label
           36(i):     35(ptr) Variable Function
           83(i):     35(ptr) Variable Function
              81:    9(fvec4) Load 42(Input_Position)
              82:     53(ptr) AccessChain 23(pa) 54
                              Store 82 81
                              Store 83(i) 54
                              Branch 85
              85:             Label
              89:      7(int) Load 83(i)
              90:     8(bool) SLessThan 89 20
                              LoopMerge 87 88 None
                              BranchConditional 90 86 87
              86:               Label
              91:      7(int)   Load 83(i)
              92:     53(ptr)   AccessChain 34(outs) 91
                                Store 92 84
              93:      7(int)   Load 83(i)
              94:      7(int)   IAdd 93 37
                                Store 83(i) 94
                                Branch 88
              88:               Label
                                Branch 85
              87:             Label
             121:           2 FunctionCall 101(block_prim_0)
                              Return
                              FunctionEnd
49(vert_output_finalize):           2 Function None 3
              50:             Label
              55:     53(ptr) AccessChain 34(outs) 54
              56:     53(ptr) AccessChain 34(outs) 54
              57:    9(fvec4) Load 56
              58:    9(fvec4) Load 55
              65:    6(float) Load 44(viewport_flag)
              66:     8(bool) FOrdLessThan 65 59
                              SelectionMerge 68 None
                              BranchConditional 66 67 78
              67:               Label
              69:    6(float)   Load 45(screen_width)
              70:    6(float)   FDiv 62 69
              71:    6(float)   Load 46(screen_height)
              72:    6(float)   FDiv 63 71
              73:    9(fvec4)   CompositeConstruct 70 72 60 60
              74:    9(fvec4)   CompositeConstruct 61 60 64 64
              75:    9(fvec4)   FMul 58 73
              76:    9(fvec4)   FAdd 75 74
              77:    9(fvec4)   FMul 76 48(flip_vec)
                                Store 52(v_Position) 77
                                Branch 68
              78:               Label
              79:    9(fvec4)   FMul 58 48(flip_vec)
                                Store 52(v_Position) 79
                                Branch 68
              68:             Label
                              Return
                              FunctionEnd
101(block_prim_0):           2 Function None 3
             102:             Label
                              Line 1 1 0
             103:     53(ptr) AccessChain 23(pa) 54
             104:     53(ptr) AccessChain 23(pa) 54
             105:    9(fvec4) Load 104
             106:    9(fvec4) Load 103
             107:    6(float) VectorExtractDynamic 106 54
             108:    6(float) VectorExtractDynamic 106 37
             109:   97(fvec2) CompositeConstruct 107 108
             111:   97(fvec2) FMul 109 110
             112:     53(ptr) AccessChain 34(outs) 54
             113:    9(fvec4) Load 112
             114:    9(fvec4) VectorShuffle 113 111 4 5 2 3
                              Store 112 114
                              Line 1 2 0
             115:   97(fvec2) CompositeConstruct 60 60
             116:   97(fvec2) FMul 115 110
             117:     53(ptr) AccessChain 34(outs) 54
             118:    9(fvec4) Load 117
             119:    9(fvec4) VectorShuffle 118 116 0 1 4 5
                              Store 117 119
             120:           2 FunctionCall 49(vert_output_finalize)
                              Return
                              FunctionEnd

[16:46:05.071] |D| [shader::convert_gxp_to_glsl]: Generated GLSL:
#version 420
#extension GL_ARB_fragment_shader_interlock : require
// Shader Name: 97ceded883ce0449bf39a6bc15fc31290f7f35f0bb15b76a17acc713da8b0660

uniform float viewport_flag;
uniform float screen_width;
uniform float screen_height;
uniform vec4 flip_vec;

layout(location = 0) in vec4 Input_Position;
vec4 pa[32];
vec4 sa[32];
vec4 internals[3];
vec4 r[20];
bool p[4];
int idx[2];
vec4 outs[12];
float memory[1];

void vert_output_finalize()
{
    if (viewport_flag < 0.5)
    {
        gl_Position = ((outs[0] * vec4(2.0 / screen_width, (-2.0) / screen_height, 1.0, 1.0)) + vec4(-1.0, 1.0, 0.0, 0.0)) * flip_vec;
    }
    else
    {
        gl_Position = outs[0] * flip_vec;
    }
}

void block_prim_0()
{
    vec2 _111 = vec2(pa[0].x, pa[0].y) * vec2(1.0);
    outs[0] = vec4(_111.x, _111.y, outs[0].z, outs[0].w);
    vec2 _116 = vec2(1.0) * vec2(1.0);
    outs[0] = vec4(outs[0].x, outs[0].y, _116.x, _116.y);
    vert_output_finalize();
}

void main()
{
    pa[0] = Input_Position;
    int i_1 = 0;
    while (i_1 < 12)
    {
        outs[i_1] = vec4(0.0);
        i_1++;
    }
    block_prim_0();
}


[16:46:05.090] |E| [renderer::gl::compile_program]: Fragment info
-------------
0(15) : warning C7050: "pa[0].zw" might be used before being initialized


[16:46:05.092] |W| [stubbed_impl]: Stubbed sceDisplayWaitSetFrameBufMulti import called. (move after setframebuf)
[16:46:05.148] |W| [stubbed_impl]: Stubbed sceDisplayWaitVblankStart import called. (wait for vblank)
[16:46:07.415] |W| [unimplemented_impl]: Unimplemented sceRtcGetAccumulativeTime import called.
[16:46:14.677] |E| [discordrpc::update_presence::<lambda_709cfe531b0ad1716955222da476c089>::operator ()]: Error updating discord rich presence, err_code: 43
[16:46:14.677] |E| [discordrpc::update_presence::<lambda_709cfe531b0ad17169