[03:45:14.614] |I| [load_app_impl]: cpu-backend: Dynarmic
[03:45:14.614] |I| [load_app_impl]: CPU Optimisation state: true
[03:45:14.615] |I| [load_app_impl]: at9 audio decoder state: true
[03:45:14.615] |I| [load_app_impl]: ngs experimental state: true
[03:45:14.615] |I| [load_app_impl]: video player state: true
[03:45:14.616] |I| [load_app_impl]: lle-modules: libpgf,libSceXml,libsas,liblocation,libhandwriting,libSceJson,librudp
[03:45:14.616] |I| [load_app_impl]: Title: ゆのはなSpRING！～Cherising Time～
[03:45:14.617] |I| [load_app_impl]: Serial: PCSG00909
[03:45:14.617] |I| [load_app_impl]: Version: 1.00
[03:45:14.618] |I| [load_app_impl]: Category: gd
[03:45:14.657] |C| [load_self]: Unknown segment type 0x6FFFFF01
[03:45:14.657] |I| [load_self]: Loaded module segment 0 @ [0x00007000 - 0x000588A4 / 0x81000000] (size: 0x000518A4) of module ux0:app\PCSG00909\sce_module\libc.suprx
[03:45:14.659] |I| [load_self]: Loaded module segment 1 @ [0x00059000 - 0x0005B8A0 / 0x81052000] (size: 0x000028A0) of module ux0:app\PCSG00909\sce_module\libc.suprx
[03:45:14.659] |I| [load_self]: Loading symbols for SELF: ux0:app\PCSG00909\sce_module\libc.suprx
[03:45:14.660] |D| [load_var_exports]: 	NID 0x936C8A78 (SYSLYB) at 0x4E314
[03:45:14.660] |D| [load_var_exports]: 	NID 0x6C2224BA (NID_MODULE_INFO) at 0x434DC
[03:45:14.661] |W| [load_var_imports]: 	NID NOT FOUND 0x93B8AA67 (UNRECOGNISED) at 0x4763C, setting to stub value 0xDEADBEEF
[03:45:14.662] |W| [load_var_imports]: 	NID NOT FOUND 0xDF084DFA (UNRECOGNISED) at 0x491D0, setting to stub value 0xDEADBEEF
[03:45:14.663] |I| [pre_load_module]: Pre-load module SceLibc (at "app\PCSG00909\sce_module\libc.suprx") loaded
[03:45:14.672] |C| [load_self]: Unknown segment type 0x6FFFFF01
[03:45:14.672] |I| [load_self]: Loaded module segment 0 @ [0x0005E000 - 0x00077000 / 0x81000000] (size: 0x00019000) of module ux0:app\PCSG00909\sce_module\libface.suprx
[03:45:14.673] |I| [load_self]: Loaded module segment 1 @ [0x00077000 - 0x000770F8 / 0x81019000] (size: 0x000000F8) of module ux0:app\PCSG00909\sce_module\libface.suprx
[03:45:14.674] |I| [load_self]: Loading symbols for SELF: ux0:app\PCSG00909\sce_module\libface.suprx
[03:45:14.675] |D| [load_var_exports]: 	NID 0x6C2224BA (NID_MODULE_INFO) at 0x73DA4
[03:45:14.675] |D| [load_var_exports]: 	NID 0x936C8A78 (SYSLYB) at 0x76784
[03:45:14.675] |I| [pre_load_module]: Pre-load module SceFace (at "app\PCSG00909\sce_module\libface.suprx") loaded
[03:45:14.692] |C| [load_self]: Unknown segment type 0x6FFFFF01
[03:45:14.692] |I| [load_self]: Loaded module segment 0 @ [0x00078000 - 0x000A4CBF / 0x81000000] (size: 0x0002CCBF) of module ux0:app\PCSG00909\sce_module\libfios2.suprx
[03:45:14.693] |I| [load_self]: Loaded module segment 1 @ [0x000A5000 - 0x000AA255 / 0x8102D000] (size: 0x00005255) of module ux0:app\PCSG00909\sce_module\libfios2.suprx
[03:45:14.693] |I| [load_self]: Loading symbols for SELF: ux0:app\PCSG00909\sce_module\libfios2.suprx
[03:45:14.694] |D| [load_var_exports]: 	NID 0x936C8A78 (SYSLYB) at 0xA4BC8
[03:45:14.694] |D| [load_var_exports]: 	NID 0x6C2224BA (NID_MODULE_INFO) at 0x9BF08
[03:45:14.695] |I| [pre_load_module]: Pre-load module SceLibFios2 (at "app\PCSG00909\sce_module\libfios2.suprx") loaded
[03:45:14.742] |C| [load_self]: Unknown segment type 0x6FFFFF01
[03:45:14.742] |I| [load_self]: Loaded module segment 0 @ [0x000AB000 - 0x002B8AF4 / 0x81000000] (size: 0x0020DAF4) of module ux0:app\PCSG00909\sce_module\libsmart.suprx
[03:45:14.743] |I| [load_self]: Loaded module segment 1 @ [0x002B9000 - 0x002BC444 / 0x8120E000] (size: 0x00003444) of module ux0:app\PCSG00909\sce_module\libsmart.suprx
[03:45:14.744] |I| [load_self]: Loading symbols for SELF: ux0:app\PCSG00909\sce_module\libsmart.suprx
[03:45:14.744] |D| [load_var_exports]: 	NID 0x6C2224BA (NID_MODULE_INFO) at 0x156528
[03:45:14.745] |D| [load_var_exports]: 	NID 0x936C8A78 (SYSLYB) at 0x15D90C
[03:45:14.745] |I| [pre_load_module]: Pre-load module SceSmart (at "app\PCSG00909\sce_module\libsmart.suprx") loaded
[03:45:14.773] |C| [load_self]: Unknown segment type 0x6FFFFF01
[03:45:14.774] |I| [load_self]: Loaded module segment 0 @ [0x002BD000 - 0x002D09BC / 0x81000000] (size: 0x000139BC) of module ux0:app\PCSG00909\sce_module\libult.suprx
[03:45:14.774] |I| [load_self]: Loaded module segment 1 @ [0x002D1000 - 0x002D1814 / 0x81014000] (size: 0x00000814) of module ux0:app\PCSG00909\sce_module\libult.suprx
[03:45:14.775] |I| [load_self]: Loading symbols for SELF: ux0:app\PCSG00909\sce_module\libult.suprx
[03:45:14.775] |D| [load_var_exports]: 	NID 0x936C8A78 (SYSLYB) at 0x2CF2E8
[03:45:14.776] |D| [load_var_exports]: 	NID 0x6C2224BA (NID_MODULE_INFO) at 0x2CC870
[03:45:14.777] |I| [pre_load_module]: Pre-load module SceUlt (at "app\PCSG00909\sce_module\libult.suprx") loaded
[03:45:14.784] |I| [load_self]: Loaded module segment 0 @ [0x002D2000 - 0x00322F04 / 0x81000000] (size: 0x00050F04) of module vs0:sys/external/libSceFt2.suprx
[03:45:14.785] |I| [load_self]: Loaded module segment 1 @ [0x00323000 - 0x003232F4 / 0x81051000] (size: 0x000002F4) of module vs0:sys/external/libSceFt2.suprx
[03:45:14.786] |I| [load_self]: Loading symbols for SELF: vs0:sys/external/libSceFt2.suprx
[03:45:14.786] |D| [load_var_exports]: 	NID 0x936C8A78 (SYSLYB) at 0x30E7DC
[03:45:14.787] |D| [load_var_exports]: 	NID 0x6C2224BA (NID_MODULE_INFO) at 0x30DF10
[03:45:14.787] |I| [pre_load_module]: Pre-load module SceLibft2 (at "sys/external/libSceFt2.suprx") loaded
[03:45:14.790] |I| [load_self]: Loaded module segment 0 @ [0x00324000 - 0x00333F14 / 0x81000000] (size: 0x0000FF14) of module vs0:sys/external/libpvf.suprx
[03:45:14.790] |I| [load_self]: Loaded module segment 1 @ [0x00334000 - 0x00334008 / 0x81010000] (size: 0x00000008) of module vs0:sys/external/libpvf.suprx
[03:45:14.791] |I| [load_self]: Loading symbols for SELF: vs0:sys/external/libpvf.suprx
[03:45:14.792] |D| [load_var_exports]: 	NID 0x936C8A78 (SYSLYB) at 0x332710
[03:45:14.794] |D| [load_var_exports]: 	NID 0x6C2224BA (NID_MODULE_INFO) at 0x332300
[03:45:14.794] |I| [pre_load_module]: Pre-load module SceLibPvf (at "sys/external/libpvf.suprx") loaded
[03:45:14.857] |C| [load_self]: Unknown segment type 0x6FFFFF01
[03:45:14.857] |I| [load_self]: Loaded module segment 0 @ [0x00335000 - 0x00543A38 / 0x81000000] (size: 0x0020EA38) of module app0:eboot.bin
[03:45:14.858] |I| [load_self]: Loaded module segment 1 @ [0x00544000 - 0x0065EED0 / 0x8120F000] (size: 0x0011AED0) of module app0:eboot.bin
[03:45:14.859] |I| [load_self]: Loading symbols for SELF: app0:eboot.bin
[03:45:14.860] |D| [load_var_exports]: 	NID 0x6C2224BA (NID_MODULE_INFO) at 0x4E3A5C
[03:45:14.860] |D| [load_var_exports]: 	NID 0x70FBA1E7 (SCE_PROC_PARAMS) at 0x544C44
[03:45:14.860] |D| [load_var_exports]: 	NID 0x936C8A78 (SYSLYB) at 0x50AE20
[03:45:14.861] |I| [load_app_impl]: Main executable eboot (eboot.bin) loaded
[03:45:14.870] |D| [run_app]: Running module_start of library: SceLibc at address 0x7871
[03:45:14.899] |I| [run_app]: Module SceLibc (at "ux0:app\PCSG00909\sce_module\libc.suprx") module_start returned 0x0
[03:45:14.903] |D| [run_app]: Running module_start of library: SceFace at address 0x73265
[03:45:14.912] |I| [run_app]: Module SceFace (at "ux0:app\PCSG00909\sce_module\libface.suprx") module_start returned 0x0
[03:45:14.916] |D| [run_app]: Running module_start of library: SceLibFios2 at address 0x78001
[03:45:14.924] |W| [stubbed_impl]: Stubbed sceKernelGetProcessId import called. (pid: 0)
[03:45:14.924] |D| [export_sceFiosOverlayGetList02]: maxIDs: 127
[03:45:14.925] |W| [unimplemented_impl]: Unimplemented sceFiosOverlayGetList02 import called.
[03:45:14.925] |I| [run_app]: Module SceLibFios2 (at "ux0:app\PCSG00909\sce_module\libfios2.suprx") module_start returned 0x0
[03:45:14.930] |D| [run_app]: Running module_start of library: SceSmart at address 0xAB18D
[03:45:14.940] |I| [run_app]: Module SceSmart (at "ux0:app\PCSG00909\sce_module\libsmart.suprx") module_start returned 0x0
[03:45:14.944] |D| [run_app]: Running module_start of library: SceUlt at address 0x2C0771
[03:45:14.952] |W| [unimplemented_impl]: Unimplemented _sceUlobjMgrRegisterLibultProtocolRevision import called.
[03:45:14.952] |I| [run_app]: Module SceUlt (at "ux0:app\PCSG00909\sce_module\libult.suprx") module_start returned 0x0
[03:45:14.967] |W| [unimplemented_impl]: Unimplemented sceAppUtilInit import called.
[03:45:15.048] |W| [stubbed_impl]: Stubbed sceKernelGetThreadInfo import called. (STUB)
[03:45:15.071] |E| [call_import]: Import function for NID 0xD7F0F610 not found (thread name: PCSG00909, thread ID: 10)
[03:45:15.075] |W| [stubbed_impl]: Stubbed _sceKernelWaitSignal import called. (sceKernelWaitSignal)
[03:45:15.085] |W| [unimplemented_impl]: Unimplemented sceSystemGestureInitializePrimitiveTouchRecognizer import called.
[03:45:15.086] |W| [unimplemented_impl]: Unimplemented sceSystemGestureCreateTouchRecognizer import called.
[03:45:15.087] |W| [unimplemented_impl]: Unimplemented sceMotionStartSampling import called.
[03:45:15.087] |W| [unimplemented_impl]: Unimplemented sceMotionReset import called.
[03:45:15.088] |W| [unimplemented_impl]: Unimplemented sceMotionMagnetometerOn import called.
[03:45:15.102] |W| [stubbed_impl]: Stubbed sceGxmMapMemory import called. (always return success)
[03:45:15.103] |W| [stubbed_impl]: Stubbed sceGxmMapFragmentUsseMemory import called. (always return success)
[03:45:15.179] |W| [stubbed_impl]: Stubbed sceGxmGetRenderTargetMemSize import called. (2MB host mem)
[03:45:15.216] |W| [unimplemented_impl]: Unimplemented sceGxmDepthStencilSurfaceSetForceStoreMode import called.
[03:45:15.218] |W| [stubbed_impl]: Stubbed sceGxmMapVertexUsseMemory import called. (always return success)
[03:45:15.240] |W| [unimplemented_impl]: Unimplemented sceGxmSetWClampEnable import called.
[03:45:15.240] |W| [unimplemented_impl]: Unimplemented sceGxmSetWClampValue import called.
[03:45:15.241] |W| [unimplemented_impl]: Unimplemented sceGxmSetWBufferEnable import called.
[03:45:15.242] |W| [unimplemented_impl]: Unimplemented sceScreenShotSetParam import called.
[03:45:15.242] |W| [unimplemented_impl]: Unimplemented sceScreenShotSetOverlayImage import called.
[03:45:15.242] |W| [unimplemented_impl]: Unimplemented sceScreenShotEnable import called.
[03:45:15.248] |W| [ngs::create_voice_definition]: Missing voice definition for Buss Type 7, using passthrough.
[03:45:15.248] |W| [unimplemented_impl]: Unimplemented sceNgsSystemRelease import called.
[03:45:15.269] |W| [stubbed_impl]: Stubbed sceKernelWaitEventFlagCB import called. (no CB)
[03:45:15.291] |W| [stubbed_impl]: Stubbed sceKernelLockLwMutexCB import called. (no CB)
[03:45:15.303] |W| [stubbed_impl]: Stubbed sceKernelDelayThreadCB import called. (no CB)
[03:45:15.305] |D| [export_sceNgsVoicePlay]: sceNgsVoicePlay: 1
[03:45:15.306] |D| [export_sceNgsVoicePlay]: sceNgsVoicePlay: 1
[03:45:15.306] |D| [export_sceNgsVoicePlay]: sceNgsVoicePlay: 1
[03:45:15.307] |D| [export_sceNgsVoicePlay]: sceNgsVoicePlay: 1
[03:45:15.307] |D| [export_sceNgsVoicePlay]: sceNgsVoicePlay: 1
[03:45:15.308] |D| [export_sceNgsVoicePlay]: sceNgsVoicePlay: 1
[03:45:15.308] |D| [export_sceNgsVoicePlay]: sceNgsVoicePlay: 1
[03:45:15.309] |D| [export_sceNgsVoicePlay]: sceNgsVoicePlay: 1
[03:45:15.310] |D| [export_sceNgsVoicePlay]: sceNgsVoicePlay: 1
[03:45:15.321] |W| [unimplemented_impl]: Unimplemented sceAudioOutGetAdopt import called.
[03:45:15.349] |W| [unimplemented_impl]: Unimplemented sceNgsVoiceBypassModule import called.
[03:45:15.411] |W| [unimplemented_impl]: Unimplemented sceKernelChangeThreadVfpException import called.
[03:45:15.412] |W| [unimplemented_impl]: Unimplemented sceFiosOverlayThreadSetDisabled02 import called.
[03:45:15.689] |I| [float_to_half_init]: AVX+F16C instruction set supported. Use fast f32 to f16 conversion
[03:45:15.691] |I| [export_sceIoOpen]: Opening file: app0:/data/SYSTEM.cpk
[03:45:15.696] |W| [unimplemented_impl]: Unimplemented sceCommonDialogUpdate import called.
[03:45:15.700] |W| [unimplemented_impl]: Unimplemented sceSystemGestureUpdatePrimitiveTouchRecognizer import called.
[03:45:15.700] |W| [unimplemented_impl]: Unimplemented sceSystemGestureUpdateTouchRecognizer import called.
[03:45:15.701] |W| [unimplemented_impl]: Unimplemented sceSystemGestureGetTouchEventsCount import called.
[03:45:15.702] |W| [unimplemented_impl]: Unimplemented sceMotionGetState import called.
[03:45:15.723] |I| [renderer::gl::load_shader_generic]: Generating frag shader 61b80b9528e676d82cbcac5193d07c471aa2d798f2a9dc936b5bb71a6c2640b2
[03:45:15.725] |D| [shader::create_parameters]: [DEFAULT  + 0] sa0 = (half4) Color
[03:45:15.743] |I| [renderer::gl::load_shader_generic]: Generating vert shader 55857eee11fabed1259262ceec92653d465fe2717ddb4fe79c2e2b34e6800d6f
[03:45:15.744] |D| [shader::create_parameters]: [BUFFER0  + 0] pa0 = (float4) invtx_Position
[03:45:15.744] |D| [shader::create_parameters]: [DEFAULT  + 0] sa0 = (float1) Depth
[03:45:15.751] |I| [export_sceIoOpen]: Opening file: app0:/data/SYSTEM.cpk
[03:45:15.756] |I| [export_sceIoOpen]: Opening file: app0:/data/STORY.cpk
[03:45:15.777] |I| [export_sceIoOpen]: Opening file: app0:/data/STORY.cpk
[03:45:15.800] |I| [export_sceIoOpen]: Opening file: app0:/data/GAME.cpk
[03:45:15.821] |I| [export_sceIoOpen]: Opening file: app0:/data/GAME.cpk
[03:45:15.843] |I| [export_sceIoOpen]: Opening file: app0:/data/MOVIE.cpk
[03:45:15.851] |D| [renderer::gl::texture::translate_swizzle]: base format: 201326592, swizzle: 0
[03:45:15.852] |I| [renderer::gl::load_shader_generic]: Generating frag shader 45a32fd6305e7edb845d251df7a88a5398de93ad6b3cb75d97ffdfbd40bf5cbb
[03:45:15.856] |I| [renderer::gl::load_shader_generic]: Generating vert shader dc9d9d541002e0d08ba3d3a9965799244b5e0b24255854390290aba550d59889
[03:45:15.858] |D| [shader::create_parameters]: [BUFFER0  + 0] pa0 = (float4) invtx_Position
[03:45:15.858] |D| [shader::create_parameters]: [BUFFER0  + 4] pa4 = (float4) invtx_TexCoord
[03:45:15.866] |I| [export_sceIoOpen]: Opening file: app0:/data/MOVIE.cpk
[03:45:15.872] |W| [stubbed_impl]: Stubbed sceDisplayWaitSetFrameBuf import called. (move after setframebuf)
[03:45:15.887] |I| [export_sceIoOpen]: Opening file: app0:/data/SOUND.cpk
[03:45:15.919] |I| [export_sceIoOpen]: Opening file: app0:/data/SOUND.cpk
[03:45:15.941] |I| [export_sceIoOpen]: Opening file: app0:/data/VOICE01.cpk
[03:45:15.969] |I| [export_sceIoOpen]: Opening file: app0:/data/VOICE01.cpk
[03:45:18.318] |W| [stubbed_impl]: Stubbed sceKernelSendSignal import called. (sceKernelSendSignal)
[03:45:18.790] |D| [renderer::gl::texture::translate_swizzle]: base format: 201326592, swizzle: 12288
[03:45:18.791] |I| [renderer::gl::load_shader_generic]: Generating frag shader a176398eedfc446f7b960ab6bf98970ae28be8ca833115cf90c9a40c0ad28177
[03:45:18.793] |D| [shader::create_fragment_inputs]: Iterator: pa0 = (half4) v_Color0
[03:45:18.795] |D| [shader::usse::USSETranslatorVisitor::vtst]: load_data_type: 5, bits max: 8
[03:45:18.800] |I| [renderer::gl::load_shader_generic]: Generating vert shader b61d055fd8556765209057acd42e411f867628c7e9d05e8744e6ac6c4cac04d6
[03:45:18.801] |D| [shader::create_parameters]: [BUFFER0  + 0] pa0 = (float4) invtx_Position
[03:45:18.801] |D| [shader::create_parameters]: [BUFFER0  + 4] pa4 = (float4) invtx_TexCoord
[03:45:18.801] |D| [shader::create_parameters]: [BUFFER0  + 8] pa8 = (float4) invtx_Color
[03:45:18.802] |D| [shader::create_parameters]: [DEFAULT  + 0] sa0 = (float4) Mat2dCamera[4]
[03:45:18.802] |D| [shader::create_parameters]: [DEFAULT  + 16] sa16 = (float4) MatTransform[4]
[03:45:18.823] |E| [renderer::gl::compile_program]: Vertex info
-----------
0(25) : warning C7050: "internals[0].w" might be used before being initialized

Fragment info
-------------
0(19) : warning C7050: "sa[0].w" might be used before being initialized
0(18) : warning C7050: "pa[0].zw" might be used before being initialized


[03:45:18.824] |D| [renderer::gl::texture::translate_swizzle]: base format: 201326592, swizzle: 12288
[03:45:22.340] |I| [renderer::gl::load_shader_generic]: Generating frag shader 7a20e210d50f42b4935cdc38d9e0fbb4d8ef6880d58fec0f5b693cc86502ea1c
[03:45:22.344] |D| [shader::create_fragment_inputs]: Iterator: pa0 = (half4) v_Color0
[03:45:22.349] |I| [renderer::gl::load_shader_generic]: Generating vert shader 5a31c75b0234e6898dc0073bd54d1c14647a3d1d47ef8ea7237fc92d4fd02b07
[03:45:22.351] |D| [shader::create_parameters]: [BUFFER0  + 0] pa0 = (float4) invtx_Position
[03:45:22.352] |D| [shader::create_parameters]: [BUFFER0  + 4] pa4 = (float4) invtx_Color
[03:45:22.352] |D| [shader::create_parameters]: [DEFAULT  + 0] sa0 = (float4) Mat2dCamera[4]
[03:45:22.354] |D| [shader::create_parameters]: [DEFAULT  + 16] sa16 = (float4) MatTransform[4]
[03:45:22.387] |E| [renderer::gl::compile_program]: Vertex info
-----------
0(23) : warning C7050: "internals[0].w" might be used before being initialized


[03:45:22.388] |D| [renderer::gl::texture::translate_swizzle]: base format: 201326592, swizzle: 12288
[03:45:22.391] |D| [renderer::gl::texture::translate_swizzle]: base format: 201326592, swizzle: 4096
[03:45:22.392] |I| [renderer::gl::load_shader_generic]: Generating frag shader 62b05a0c804bf4f4a7f7db408ae541e2ef6c2a81609536bcda588f6cfaadd333
[03:45:22.395] |D| [shader::create_parameters]: [DEFAULT  + 0] sa0 = (float4) ColorMax
[03:45:22.397] |D| [shader::create_parameters]: [DEFAULT  + 4] sa4 = (float4) ColorMin
[03:45:22.399] |D| [shader::create_fragment_inputs]: Iterator: pa0 = (half4) v_Color0
[03:45:22.405] |D| [shader::usse::USSETranslatorVisitor::vtst]: load_data_type: 5, bits max: 8
[03:45:22.443] |E| [renderer::gl::compile_program]: Vertex info
-----------
0(25) : warning C7050: "internals[0].w" might be used before being initialized

Fragment info
-------------
0(23) : warning C7050: "pa[0].zw" might be used before being initialized
0(23) : warning C7050: "pa[1].zw" might be used before being initialized
0(26) : warning C7050: "r[0]" might be used before being initialized
0(25) : warning C7050: "internals[0]" might be used before being initialized
0(25) : warning C7050: "internals[1]" might be used before being initialized


[03:45:23.001] |I| [export_sceIoOpen]: Opening file: savedata0:SystemData_0000.sav
[03:45:29.991] |D| [renderer::gl::texture::translate_swizzle]: base format: 201326592, swizzle: 12288
[03:45:34.258] |D| [renderer::gl::texture::translate_swizzle]: base format: 201326592, swizzle: 12288
[03:45:38.338] |W| [unimplemented_impl]: Unimplemented sceAppMgrAcquireBgmPort import called.
[03:45:38.544] |D| [export_sceNgsVoiceResume]: Resume: 1
[03:45:38.577] |D| [export_sceNgsVoicePlay]: sceNgsVoicePlay: 1
[03:45:38.924] |D| [renderer::gl::texture::translate_swizzle]: base format: -1879048192, swizzle: 12288
[03:45:39.058] |D| [renderer::gl::texture::translate_swizzle]: base format: -1879048192, swizzle: 12288
[03:45:39.124] |D| [renderer::gl::texture::translate_swizzle]: base format: -1879048192, swizzle: 12288
[03:45:39.191] |D| [renderer::gl::texture::translate_swizzle]: base format: -1879048192, swizzle: 12288
[03:45:39.258] |D| [renderer::gl::texture::translate_swizzle]: base format: -1879048192, swizzle: 12288
[03:45:52.773] |W| [H264DecoderState::receive]: Error receiving H264 frame: 0xFFFFFFF5.
[03:45:52.775] |W| [H264DecoderState::receive]: Error receiving H264 frame: 0xFFFFFFF5.
[03:45:52.777] |W| [H264DecoderState::receive]: Error receiving H264 frame: 0xFFFFFFF5.
[03:45:52.779] |W| [H264DecoderState::receive]: Error receiving H264 frame: 0xFFFFFFF5.
[03:45:52.781] |W| [H264DecoderState::receive]: Error receiving H264 frame: 0xFFFFFFF5.
[03:45:52.783] |W| [H264DecoderState::receive]: Error receiving H264 frame: 0xFFFFFFF5.
[03:45:52.785] |W| [H264DecoderState::receive]: Error receiving H264 frame: 0xFFFFFFF5.
[03:45:52.787] |W| [H264DecoderState::receive]: Error receiving H264 frame: 0xFFFFFFF5.
[03:45:52.789] |W| [H264DecoderState::receive]: Error receiving H264 frame: 0xFFFFFFF5.
[03:45:52.791] |W| [H264DecoderState::receive]: Error receiving H264 frame: 0xFFFFFFF5.
[03:45:52.793] |W| [H264DecoderState::receive]: Error receiving H264 frame: 0xFFFFFFF5.
[03:45:52.795] |W| [H264DecoderState::receive]: Error receiving H264 frame: 0xFFFFFFF5.
[03:45:52.797] |W| [H264DecoderState::receive]: Error receiving H264 frame: 0xFFFFFFF5.
[03:45:52.799] |W| [H264DecoderState::receive]: Error receiving H264 frame: 0xFFFFFFF5.
[03:45:52.801] |W| [H264DecoderState::receive]: Error receiving H264 frame: 0xFFFFFFF5.
[03:45:52.803] |W| [H264DecoderState::receive]: Error receiving H264 frame: 0xFFFFFFF5.
[03:45:52.805] |W| [H264DecoderState::receive]: Error receiving H264 frame: 0xFFFFFFF5.
[03:45:52.807] |W| [H264DecoderState::receive]: Error receiving H264 frame: 0xFFFFFFF5.
[03:45:52.809] |W| [H264DecoderState::receive]: Error receiving H264 frame: 0xFFFFFFF5.
[03:45:52.811] |W| [H264DecoderState::receive]: Error receiving H264 frame: 0xFFFFFFF5.
[03:45:52.813] |W| [H264DecoderState::receive]: Error receiving H264 frame: 0xFFFFFFF5.
[03:45:52.815] |W| [H264DecoderState::receive]: Error receiving H264 frame: 0xFFFFFFF5.
[03:45:52.817] |W| [H264DecoderState::receive]: Error receiving H264 frame: 0xFFFFFFF5.
[03:45:52.819] |W| [H264DecoderState::receive]: Error receiving H264 frame: 0xFFFFFFF5.
[03:45:52.821] |W| [H264DecoderState::receive]: Error receiving H264 frame: 0xFFFFFFF5.
[03:45:52.823] |W| [H264DecoderState::receive]: Error receiving H264 frame: 0xFFFFFFF5.
[03:45:52.825] |W| [H264DecoderState::receive]: Error receiving H264 frame: 0xFFFFFFF5.
[03:45:52.827] |W| [H264DecoderState::receive]: Error receiving H264 frame: 0xFFFFFFF5.
[03:45:52.829] |W| [H264DecoderState::receive]: Error receiving H264 frame: 0xFFFFFFF5.
[03:45:52.831] |W| [H264DecoderState::receive]: Error receiving H264 frame: 0xFFFFFFF5.
[03:45:52.833] |W| [H264DecoderState::receive]: Error receiving H264 frame: 0xFFFFFFF5.
[03:45:52.835] |W| [H264DecoderState::receive]: Error receiving H264 frame: 0xFFFFFFF5.
[03:45:52.837] |W| [H264DecoderState::receive]: Error receiving H264 frame: 0xFFFFFFF5.
[03:45:52.839] |W| [H264DecoderState::receive]: Error receiving H264 frame: 0xFFFFFFF5.
[03:45:52.841] |W| [H264DecoderState::receive]: Error receiving H264 frame: 0xFFFFFFF5.
[03:45:52.843] |W| [H264DecoderState::receive]: Error receiving H264 frame: 0xFFFFFFF5.
[03:45:52.845] |W| [H264DecoderState::receive]: Error receiving H264 frame: 0xFFFFFFF5.
[03:45:52.847] |W| [H264DecoderState::receive]: Error receiving H264 frame: 0xFFFFFFF5.
[03:45:52.849] |W| [H264DecoderState::receive]: Error receiving H264 frame: 0xFFFFFFF5.
[03:45:52.851] |W| [H264DecoderState::receive]: Error receiving H264 frame: 0xFFFFFFF5.
[03:45:52.853] |W| [H264DecoderState::receive]: Error receiving H264 frame: 0xFFFFFFF5.
[03:45:52.855] |W| [H264DecoderState::receive]: Error receiving H264 frame: 0xFFFFFFF5.
[03:45:52.857] |W| [H264DecoderState::receive]: Error receiving H264 frame: 0xFFFFFFF5.
[03:45:52.859] |W| [H264DecoderState::receive]: Error receiving H264 frame: 0xFFFFFFF5.
[03:45:52.861] |W| [H264DecoderState::receive]: Error receiving H264 frame: 0xFFFFFFF5.
[03:45:52.863] |W| [H264DecoderState::receive]: Error receiving H264 frame: 0xFFFFFFF5.
[03:45:52.865] |W| [H264DecoderState::receive]: Error receiving H264 frame: 0xFFFFFFF5.
[03:45:52.868] |W| [H264DecoderState::receive]: Error receiving H264 frame: 0xFFFFFFF5.
[03:45:52.870] |W| [H264DecoderState::receive]: Error receiving H264 frame: 0xFFFFFFF5.
[03:45:52.872] |W| [H264DecoderState::receive]: Error receiving H264 frame: 0xFFFFFFF5.
[03:45:52.874] |W| [H264DecoderState::receive]: Error receiving H264 frame: 0xFFFFFFF5.
[03:45:52.876] |W| [H264DecoderState::receive]: Error receiving H264 frame: 0xFFFFFFF5.
[03:45:52.878] |W| [H264DecoderState::receive]: Error receiving H264 frame: 0xFFFFFFF5.
[03:45:52.880] |W| [H264DecoderState::receive]: Error receiving H264 frame: 0xFFFFFFF5.
[03:45:52.883] |W| [H264DecoderState::receive]: Error receiving H264 frame: 0xFFFFFFF5.
[03:45:52.885] |W| [H264DecoderState::receive]: Error receiving H264 frame: 0xFFFFFFF5.
[03:45:52.887] |W| [H264DecoderState::receive]: Error receiving H264 frame: 0xFFFFFFF5.
[03:45:52.889] |W| [H264DecoderState::receive]: Error receiving H264 frame: 0xFFFFFFF5.
[03:45:52.891] |W| [H264DecoderState::receive]: Error receiving H264 frame: 0xFFFFFFF5.
[03:45:52.893] |W| [H264DecoderState::receive]: Error receiving H264 frame: 0xFFFFFFF5.
[03:45:52.895] |W| [H264DecoderState::receive]: Error receiving H264 frame: 0xFFFFFFF5.
[03:45:52.898] |W| [H264DecoderState::receive]: Error receiving H264 frame: 0xFFFFFFF5.
[03:45:52.977] |D| [export_sceNgsVoiceKeyOff]: sceNgsVoiceKeyOff
[03:45:53.233] |W| [unimplemented_impl]: Unimplemented sceAppMgrReleaseBgmPort import called.
[03:45:53.291] |W| [renderer::gl::sync_texture]: Texture has freed data.
[03:46:05.967] |W| [H264DecoderState::receive]: Error receiving H264 frame: 0xFFFFFFF5.
[03:46:05.969] |W| [H264DecoderState::receive]: Error receiving H264 frame: 0xFFFFFFF5.
[03:46:05.971] |W| [H264DecoderState::receive]: Error receiving H264 frame: 0xFFFFFFF5.
[03:46:05.973] |W| [H264DecoderState::receive]: Error receiving H264 frame: 0xFFFFFFF5.
[03:46:05.975] |W| [H264DecoderState::receive]: Error receiving H264 frame: 0xFFFFFFF5.
[03:46:05.977] |W| [H264DecoderState::receive]: Error receiving H264 frame: 0xFFFFFFF5.
[03:46:05.979] |W| [H264DecoderState::receive]: Error receiving H264 frame: 0xFFFFFFF5.
[03:46:05.981] |W| [H264DecoderState::receive]: Error receiving H264 frame: 0xFFFFFFF5.
[03:46:05.983] |W| [H264DecoderState::receive]: Error receiving H264 frame: 0xFFFFFFF5.
[03:46:05.985] |W| [H264DecoderState::receive]: Error receiving H264 frame: 0xFFFFFFF5.
[03:46:05.987] |W| [H264DecoderState::receive]: Error receiving H264 frame: 0xFFFFFFF5.
[03:46:05.989] |W| [H264DecoderState::receive]: Error receiving H264 frame: 0xFFFFFFF5.
[03:46:05.991] |W| [H264DecoderState::receive]: Error receiving H264 frame: 0xFFFFFFF5.
[03:46:05.993] |W| [H264DecoderState::receive]: Error receiving H264 frame: 0xFFFFFFF5.
[03:46:05.995] |W| [H264DecoderState::receive]: Error receiving H264 frame: 0xFFFFFFF5.
[03:46:05.997] |W| [H264DecoderState::receive]: Error receiving H264 frame: 0xFFFFFFF5.
[03:46:05.999] |W| [H264DecoderState::receive]: Error receiving H264 frame: 0xFFFFFFF5.
[03:46:06.001] |W| [H264DecoderState::receive]: Error receiving H264 frame: 0xFFFFFFF5.
[03:46:06.003] |W| [H264DecoderState::receive]: Error receiving H264 frame: 0xFFFFFFF5.
[03:46:06.005] |W| [H264DecoderState::receive]: Error receiving H264 frame: 0xFFFFFFF5.
[03:46:06.007] |W| [H264DecoderState::receive]: Error receiving H264 frame: 0xFFFFFFF5.
[03:46:06.009] |W| [H264DecoderState::receive]: Error receiving H264 frame: 0xFFFFFFF5.
[03:46:06.011] |W| [H264DecoderState::receive]: Error receiving H264 frame: 0xFFFFFFF5.
[03:46:06.013] |W| [H264DecoderState::receive]: Error receiving H264 frame: 0xFFFFFFF5.
[03:46:06.015] |W| [H264DecoderState::receive]: Error receiving H264 frame: 0xFFFFFFF5.
[03:46:06.017] |W| [H264DecoderState::receive]: Error receiving H264 frame: 0xFFFFFFF5.
[03:46:06.019] |W| [H264DecoderState::receive]: Error receiving H264 frame: 0xFFFFFFF5.
[03:46:06.021] |W| [H264DecoderState::receive]: Error receiving H264 frame: 0xFFFFFFF5.
[03:46:06.023] |W| [H264DecoderState::receive]: Error receiving H264 frame: 0xFFFFFFF5.
[03:46:06.025] |W| [H264DecoderState::receive]: Error receiving H264 frame: 0xFFFFFFF5.
[03:46:06.027] |W| [H264DecoderState::receive]: Error receiving H264 frame: 0xFFFFFFF5.
[03:46:06.029] |W| [H264DecoderState::receive]: Error receiving H264 frame: 0xFFFFFFF5.
[03:46:06.031] |W| [H264DecoderState::receive]: Error receiving H264 frame: 0xFFFFFFF5.
[03:46:06.033] |W| [H264DecoderState::receive]: Error receiving H264 frame: 0xFFFFFFF5.
[03:46:06.035] |W| [H264DecoderState::receive]: Error receiving H264 frame: 0xFFFFFFF5.
[03:46:06.037] |W| [H264DecoderState::receive]: Error receiving H264 frame: 0xFFFFFFF5.
[03:46:06.039] |W| [H264DecoderState::receive]: Error receiving H264 frame: 0xFFFFFFF5.
[03:46:06.041] |W| [H264DecoderState::receive]: Error receiving H264 frame: 0xFFFFFFF5.
[03:46:06.043] |W| [H264DecoderState::receive]: Error receiving H264 frame: 0xFFFFFFF5.
[03:46:06.045] |W| [H264DecoderState::receive]: Error receiving H264 frame: 0xFFFFFFF5.
[03:46:06.047] |W| [H264DecoderState::receive]: Error receiving H264 frame: 0xFFFFFFF5.
[03:46:06.049] |W| [H264DecoderState::receive]: Error receiving H264 frame: 0xFFFFFFF5.
[03:46:06.052] |W| [H264DecoderState::receive]: Error receiving H264 frame: 0xFFFFFFF5.
[03:46:06.054] |W| [H264DecoderState::receive]: Error receiving H264 frame: 0xFFFFFFF5.
[03:46:06.056] |W| [H264DecoderState::receive]: Error receiving H264 frame: 0xFFFFFFF5.
[03:46:06.058] |W| [H264DecoderState::receive]: Error receiving H264 frame: 0xFFFFFFF5.
[03:46:06.060] |W| [H264DecoderState::receive]: Error receiving H264 frame: 0xFFFFFFF5.
[03:46:06.062] |W| [H264DecoderState::receive]: Error receiving H264 frame: 0xFFFFFFF5.
[03:46:06.064] |W| [H264DecoderState::receive]: Error receiving H264 frame: 0xFFFFFFF5.
[03:46:06.066] |W| [H264DecoderState::receive]: Error receiving H264 frame: 0xFFFFFFF5.
[03:46:06.068] |W| [H264DecoderState::receive]: Error receiving H264 frame: 0xFFFFFFF5.
[03:46:06.070] |W| [H264DecoderState::receive]: Error receiving H264 frame: 0xFFFFFFF5.
[03:46:06.072] |W| [H264DecoderState::receive]: Error receiving H264 frame: 0xFFFFFFF5.
[03:46:06.074] |W| [H264DecoderState::receive]: Error receiving H264 frame: 0xFFFFFFF5.
[03:46:06.076] |W| [H264DecoderState::receive]: Error receiving H264 frame: 0xFFFFFFF5.
[03:46:06.078] |W| [H264DecoderState::receive]: Error receiving H264 frame: 0xFFFFFFF5.
[03:46:06.080] |W| [H264DecoderState::receive]: Error receiving H264 frame: 0xFFFFFFF5.
[03:46:06.083] |W| [H264DecoderState::receive]: Error receiving H264 frame: 0xFFFFFFF5.
[03:46:06.085] |W| [H264DecoderState::receive]: Error receiving H264 frame: 0xFFFFFFF5.
[03:46:06.087] |W| [H264DecoderState::receive]: Error receiving H264 frame: 0xFFFFFFF5.
[03:46:06.089] |W| [H264DecoderState::receive]: Error receiving H264 frame: 0xFFFFFFF5.
[03:46:06.091] |W| [H264DecoderState::receive]: Error receiving H264 frame: 0xFFFFFFF5.
[03:46:06.093] |W| [H264DecoderState::receive]: Error receiving H264 frame: 0xFFFFFFF5.
[03:46:06.095] |W| [H264DecoderState::receive]: Error receiving H264 frame: 0xFFFFFFF5.
[03:46:06.098] |W| [H264DecoderState::receive]: Error receiving H264 frame: 0xFFFFFFF5.
[03:46:06.100] |W| [H264DecoderState::receive]: Error receiving H264 frame: 0xFFFFFFF5.
[03:46:06.102] |W| [H264DecoderState::receive]: Error receiving H264 frame: 0xFFFFFFF5.
[03:46:06.104] |W| [H264DecoderState::receive]: Error receiving H264 frame: 0xFFFFFFF5.
[03:46:06.492] |W| [renderer::gl::sync_texture]: Texture has freed data.
[03:46:06.559] |W| [renderer::gl::sync_texture]: Texture has freed data.
[03:46:06.692] |D| [renderer::gl::texture::translate_swizzle]: base format: 201326592, swizzle: 12288
[03:46:10.894] |D| [export_sceNgsVoiceResume]: Resume: 1
[03:46:10.927] |D| [export_sceNgsVoicePlay]: sceNgsVoicePlay: 1
[03:46:25.122] |W| [H264DecoderState::receive]: Error receiving H264 frame: 0xFFFFFFF5.
[03:46:25.124] |W| [H264DecoderState::receive]: Error receiving H264 frame: 0xFFFFFFF5.
[03:46:25.126] |W| [H264DecoderState::receive]: Error receiving H264 frame: 0xFFFFFFF5.
[03:46:25.128] |W| [H264DecoderState::receive]: Error receiving H264 frame: 0xFFFFFFF5.
[03:46:25.130] |W| [H264DecoderState::receive]: Error receiving H264 frame: 0xFFFFFFF5.
[03:46:25.133] |W| [H264DecoderState::receive]: Error receiving H264 frame: 0xFFFFFFF5.
[03:46:25.135] |W| [H264DecoderState::receive]: Error receiving H264 frame: 0xFFFFFFF5.
[03:46:25.137] |W| [H264DecoderState::receive]: Error receiving H264 frame: 0xFFFFFFF5.
[03:46:25.139] |W| [H264DecoderState::receive]: Error receiving H264 frame: 0xFFFFFFF5.
[03:46:25.141] |W| [H264DecoderState::receive]: Error receiving H264 frame: 0xFFFFFFF5.
[03:46:25.143] |W| [H264DecoderState::receive]: Error receiving H264 frame: 0xFFFFFFF5.
[03:46:25.145] |W| [H264DecoderState::receive]: Error receiving H264 frame: 0xFFFFFFF5.
[03:46:25.147] |W| [H264DecoderState::receive]: Error receiving H264 frame: 0xFFFFFFF5.
[03:46:25.150] |W| [H264DecoderState::receive]: Error receiving H264 frame: 0xFFFFFFF5.
[03:46:25.152] |W| [H264DecoderState::receive]: Error receiving H264 frame: 0xFFFFFFF5.
[03:46:25.154] |W| [H264DecoderState::receive]: Error receiving H264 frame: 0xFFFFFFF5.
[03:46:25.156] |W| [H264DecoderState::receive]: Error receiving H264 frame: 0xFFFFFFF5.
[03:46:25.158] |W| [H264DecoderState::receive]: Error receiving H264 frame: 0xFFFFFFF5.
[03:46:25.160] |W| [H264DecoderState::receive]: Error receiving H264 frame: 0xFFFFFFF5.
[03:46:25.163] |W| [H264DecoderState::receive]: Error receiving H264 frame: 0xFFFFFFF5.
[03:46:25.165] |W| [H264DecoderState::receive]: Error receiving H264 frame: 0xFFFFFFF5.
[03:46:25.167] |W| [H264DecoderState::receive]: Error receiving H264 frame: 0xFFFFFFF5.
[03:46:25.169] |W| [H264DecoderState::receive]: Error receiving H264 frame: 0xFFFFFFF5.
[03:46:25.171] |W| [H264DecoderState::receive]: Error receiving H264 frame: 0xFFFFFFF5.
[03:46:25.173] |W| [H264DecoderState::receive]: Error receiving H264 frame: 0xFFFFFFF5.
[03:46:25.175] |W| [H264DecoderState::receive]: Error receiving H264 frame: 0xFFFFFFF5.
[03:46:25.177] |W| [H264DecoderState::receive]: Error receiving H264 frame: 0xFFFFFFF5.
[03:46:25.179] |W| [H264DecoderState::receive]: Error receiving H264 frame: 0xFFFFFFF5.
[03:46:25.181] |W| [H264DecoderState::receive]: Error receiving H264 frame: 0xFFFFFFF5.
[03:46:25.183] |W| [H264DecoderState::receive]: Error receiving H264 frame: 0xFFFFFFF5.
[03:46:25.207] |W| [H264DecoderState::receive]: Error receiving H264 frame: 0xFFFFFFF5.
[03:46:25.209] |W| [H264DecoderState::receive]: Error receiving H264 frame: 0xFFFFFFF5.
[03:46:25.211] |W| [H264DecoderState::receive]: Error receiving H264 frame: 0xFFFFFFF5.
[03:46:25.213] |W| [H264DecoderState::receive]: Error receiving H264 frame: 0xFFFFFFF5.
[03:46:25.215] |W| [H264DecoderState::receive]: Error receiving H264 frame: 0xFFFFFFF5.
[03:46:25.217] |W| [H264DecoderState::receive]: Error receiving H264 frame: 0xFFFFFFF5.
[03:46:25.219] |W| [H264DecoderState::receive]: Error receiving H264 frame: 0xFFFFFFF5.
[03:46:25.221] |W| [H264DecoderState::receive]: Error receiving H264 frame: 0xFFFFFFF5.
[03:46:25.223] |W| [H264DecoderState::receive]: Error receiving H264 frame: 0xFFFFFFF5.
[03:46:25.225] |W| [H264DecoderState::receive]: Error receiving H264 frame: 0xFFFFFFF5.
[03:46:25.227] |W| [H264DecoderState::receive]: Error receiving H264 frame: 0xFFFFFFF5.
[03:46:25.229] |W| [H264DecoderState::receive]: Error receiving H264 frame: 0xFFFFFFF5.
[03:46:25.247] |W| [H264DecoderState::receive]: Error receiving H264 frame: 0xFFFFFFF5.
[03:46:25.249] |W| [H264DecoderState::receive]: Error receiving H264 frame: 0xFFFFFFF5.
[03:46:25.251] |W| [H264DecoderState::receive]: Error receiving H264 frame: 0xFFFFFFF5.
[03:46:25.253] |W| [H264DecoderState::receive]: Error receiving H264 frame: 0xFFFFFFF5.
[03:46:25.255] |W| [H264DecoderState::receive]: Error receiving H264 frame: 0xFFFFFFF5.
[03:46:25.257] |W| [H264DecoderState::receive]: Error receiving H264 frame: 0xFFFFFFF5.
[03:46:25.259] |W| [H264DecoderState::receive]: Error receiving H264 frame: 0xFFFFFFF5.
[03:46:25.261] |W| [H264DecoderState::receive]: Error receiving H264 frame: 0xFFFFFFF5.
[03:46:25.263] |W| [H264DecoderState::receive]: Error receiving H264 frame: 0xFFFFFFF5.
[03:46:25.286] |W| [H264DecoderState::receive]: Error receiving H264 frame: 0xFFFFFFF5.
[03:46:25.288] |W| [H264DecoderState::receive]: Error receiving H264 frame: 0xFFFFFFF5.
[03:46:25.291] |W| [H264DecoderState::receive]: Error receiving H264 frame: 0xFFFFFFF5.
[03:46:25.292] |W| [H264DecoderState::receive]: Error receiving H264 frame: 0xFFFFFFF5.
[03:46:25.294] |W| [H264DecoderState::receive]: Error receiving H264 frame: 0xFFFFFFF5.
[03:46:25.296] |W| [H264DecoderState::receive]: Error receiving H264 frame: 0xFFFFFFF5.
[03:46:25.298] |W| [H264DecoderState::receive]: Error receiving H264 frame: 0xFFFFFFF5.
[03:46:25.300] |W| [H264DecoderState::receive]: Error receiving H264 frame: 0xFFFFFFF5.
[03:46:25.302] |W| [H264DecoderState::receive]: Error receiving H264 frame: 0xFFFFFFF5.
[03:46:25.304] |W| [H264DecoderState::receive]: Error receiving H264 frame: 0xFFFFFFF5.
[03:46:25.306] |W| [H264DecoderState::receive]: Error receiving H264 frame: 0xFFFFFFF5.
[03:46:25.309] |W| [H264DecoderState::receive]: Error receiving H264 frame: 0xFFFFFFF5.
[03:46:25.377] |D| [export_sceNgsVoiceKeyOff]: sceNgsVoiceKeyOff
[03:46:25.693] |W| [renderer::gl::sync_texture]: Texture has freed data.
[03:46:25.715] |E| [stat_file]: Missing file at D:/Emulateurs/Vita3K/mc/ux0/user/00/savedata/PCSG00909/SaveData_0001.sav (target path: savedata0:SaveData_0001.sav)
[03:46:25.716] |W| [io_error_impl]: stat_file (_sceIoGetstat) returned 0x80010002
[03:46:25.760] |W| [renderer::gl::sync_texture]: Texture has freed data.
[03:46:25.843] |E| [stat_file]: Missing file at D:/Emulateurs/Vita3K/mc/ux0/user/00/savedata/PCSG00909/SaveData_0002.sav (target path: savedata0:SaveData_0002.sav)
[03:46:25.845] |W| [io_error_impl]: stat_file (_sceIoGetstat) returned 0x80010002
[03:46:25.975] |E| [stat_file]: Missing file at D:/Emulateurs/Vita3K/mc/ux0/user/00/savedata/PCSG00909/SaveData_0003.sav (target path: savedata0:SaveData_0003.sav)
[03:46:25.977] |D| [export_sceNgsVoiceResume]: Resume: 1
[03:46:25.977] |W| [io_error_impl]: stat_file (_sceIoGetstat) returned 0x80010002
[03:46:25.993] |D| [export_sceNgsVoicePlay]: sceNgsVoicePlay: 1
[03:46:26.107] |E| [stat_file]: Missing file at D:/Emulateurs/Vita3K/mc/ux0/user/00/savedata/PCSG00909/SaveData_0004.sav (target path: savedata0:SaveData_0004.sav)
[03:46:26.108] |W| [io_error_impl]: stat_file (_sceIoGetstat) returned 0x80010002
[03:46:26.240] |E| [stat_file]: Missing file at D:/Emulateurs/Vita3K/mc/ux0/user/00/savedata/PCSG00909/SaveData_0005.sav (target path: savedata0:SaveData_0005.sav)
[03:46:26.242] |W| [io_error_impl]: stat_file (_sceIoGetstat) returned 0x80010002
[03:46:26.359] |D| [renderer::gl::texture::translate_swizzle]: base format: -1879048192, swizzle: 12288
[03:46:26.377] |E| [stat_file]: Missing file at D:/Emulateurs/Vita3K/mc/ux0/user/00/savedata/PCSG00909/SaveData_0006.sav (target path: savedata0:SaveData_0006.sav)
[03:46:26.378] |W| [io_error_impl]: stat_file (_sceIoGetstat) returned 0x80010002
[03:46:26.426] |D| [renderer::gl::texture::translate_swizzle]: base format: -1879048192, swizzle: 12288
[03:46:26.493] |D| [renderer::gl::texture::translate_swizzle]: base format: -1879048192, swizzle: 12288
[03:46:26.510] |E| [stat_file]: Missing file at D:/Emulateurs/Vita3K/mc/ux0/user/00/savedata/PCSG00909/SaveData_0007.sav (target path: savedata0:SaveData_0007.sav)
[03:46:26.510] |W| [io_error_impl]: stat_file (_sceIoGetstat) returned 0x80010002
[03:46:26.559] |D| [renderer::gl::texture::translate_swizzle]: base format: -1879048192, swizzle: 12288
[03:46:26.626] |D| [renderer::gl::texture::translate_swizzle]: base format: -1879048192, swizzle: 12288
[03:46:26.644] |E| [stat_file]: Missing file at D:/Emulateurs/Vita3K/mc/ux0/user/00/savedata/PCSG00909/SaveData_0008.sav (target path: savedata0:SaveData_0008.sav)
[03:46:26.645] |W| [io_error_impl]: stat_file (_sceIoGetstat) returned 0x80010002
[03:46:26.773] |E| [stat_file]: Missing file at D:/Emulateurs/Vita3K/mc/ux0/user/00/savedata/PCSG00909/SaveData_0009.sav (target path: savedata0:SaveData_0009.sav)
[03:46:26.775] |W| [io_error_impl]: stat_file (_sceIoGetstat) returned 0x80010002
[03:46:26.907] |E| [stat_file]: Missing file at D:/Emulateurs/Vita3K/mc/ux0/user/00/savedata/PCSG00909/SaveData_0010.sav (target path: savedata0:SaveData_0010.sav)
[03:46:26.908] |W| [io_error_impl]: stat_file (_sceIoGetstat) returned 0x80010002
[03:46:27.040] |E| [stat_file]: Missing file at D:/Emulateurs/Vita3K/mc/ux0/user/00/savedata/PCSG00909/SaveData_0011.sav (target path: savedata0:SaveData_0011.sav)
[03:46:27.041] |W| [io_error_impl]: stat_file (_sceIoGetstat) returned 0x80010002
[03:46:27.174] |E| [stat_file]: Missing file at D:/Emulateurs/Vita3K/mc/ux0/user/00/savedata/PCSG00909/SaveData_0012.sav (target path: savedata0:SaveData_0012.sav)
[03:46:27.175] |W| [io_error_impl]: stat_file (_sceIoGetstat) returned 0x80010002
[03:46:27.308] |E| [stat_file]: Missing file at D:/Emulateurs/Vita3K/mc/ux0/user/00/savedata/PCSG00909/SaveData_0013.sav (target path: savedata0:SaveData_0013.sav)
[03:46:27.309] |W| [io_error_impl]: stat_file (_sceIoGetstat) returned 0x80010002
[03:46:27.441] |E| [stat_file]: Missing file at D:/Emulateurs/Vita3K/mc/ux0/user/00/savedata/PCSG00909/SaveData_0014.sav (target path: savedata0:SaveData_0014.sav)
[03:46:27.442] |W| [io_error_impl]: stat_file (_sceIoGetstat) returned 0x80010002
[03:46:27.574] |E| [stat_file]: Missing file at D:/Emulateurs/Vita3K/mc/ux0/user/00/savedata/PCSG00909/SaveData_0015.sav (target path: savedata0:SaveData_0015.sav)
[03:46:27.575] |W| [io_error_impl]: stat_file (_sceIoGetstat) returned 0x80010002
[03:46:27.707] |E| [stat_file]: Missing file at D:/Emulateurs/Vita3K/mc/ux0/user/00/savedata/PCSG00909/SaveData_0016.sav (target path: savedata0:SaveData_0016.sav)
[03:46:27.709] |W| [io_error_impl]: stat_file (_sceIoGetstat) returned 0x80010002
[03:46:27.841] |E| [stat_file]: Missing file at D:/Emulateurs/Vita3K/mc/ux0/user/00/savedata/PCSG00909/SaveData_0017.sav (target path: savedata0:SaveData_0017.sav)
[03:46:27.843] |W| [io_error_impl]: stat_file (_sceIoGetstat) returned 0x80010002
[03:46:27.977] |E| [stat_file]: Missing file at D:/Emulateurs/Vita3K/mc/ux0/user/00/savedata/PCSG00909/SaveData_0018.sav (target path: savedata0:SaveData_0018.sav)
[03:46:27.978] |W| [io_error_impl]: stat_file (_sceIoGetstat) returned 0x80010002
[03:46:28.111] |E| [stat_file]: Missing file at D:/Emulateurs/Vita3K/mc/ux0/user/00/savedata/PCSG00909/SaveData_0019.sav (target path: savedata0:SaveData_0019.sav)
[03:46:28.112] |W| [io_error_impl]: stat_file (_sceIoGetstat) returned 0x80010002
[03:46:28.241] |E| [stat_file]: Missing file at D:/Emulateurs/Vita3K/mc/ux0/user/00/savedata/PCSG00909/SaveData_0020.sav (target path: savedata0:SaveData_0020.sav)
[03:46:28.242] |W| [io_error_impl]: stat_file (_sceIoGetstat) returned 0x80010002
[03:46:28.375] |E| [stat_file]: Missing file at D:/Emulateurs/Vita3K/mc/ux0/user/00/savedata/PCSG00909/SaveData_0021.sav (target path: savedata0:SaveData_0021.sav)
[03:46:28.376] |W| [io_error_impl]: stat_file (_sceIoGetstat) returned 0x80010002
[03:46:28.508] |E| [stat_file]: Missing file at D:/Emulateurs/Vita3K/mc/ux0/user/00/savedata/PCSG00909/SaveData_0022.sav (target path: savedata0:SaveData_0022.sav)
[03:46:28.509] |W| [io_error_impl]: stat_file (_sceIoGetstat) returned 0x80010002
[03:46:28.641] |E| [stat_file]: Missing file at D:/Emulateurs/Vita3K/mc/ux0/user/00/savedata/PCSG00909/SaveData_0023.sav (target path: savedata0:SaveData_0023.sav)
[03:46:28.643] |W| [io_error_impl]: stat_file (_sceIoGetstat) returned 0x80010002
[03:46:28.777] |E| [stat_file]: Missing file at D:/Emulateurs/Vita3K/mc/ux0/user/00/savedata/PCSG00909/SaveData_0024.sav (target path: savedata0:SaveData_0024.sav)
[03:46:28.779] |W| [io_error_impl]: stat_file (_sceIoGetstat) returned 0x80010002
[03:46:28.913] |E| [stat_file]: Missing file at D:/Emulateurs/Vita3K/mc/ux0/user/00/savedata/PCSG00909/SaveData_0025.sav (target path: savedata0:SaveData_0025.sav)
[03:46:28.915] |W| [io_error_impl]: stat_file (_sceIoGetstat) returned 0x80010002
[03:46:29.041] |E| [stat_file]: Missing file at D:/Emulateurs/Vita3K/mc/ux0/user/00/savedata/PCSG00909/SaveData_0026.sav (target path: savedata0:SaveData_0026.sav)
[03:46:29.042] |W| [io_error_impl]: stat_file (_sceIoGetstat) returned 0x80010002
[03:46:29.175] |E| [stat_file]: Missing file at D:/Emulateurs/Vita3K/mc/ux0/user/00/savedata/PCSG00909/SaveData_0027.sav (target path: savedata0:SaveData_0027.sav)
[03:46:29.177] |W| [io_error_impl]: stat_file (_sceIoGetstat) returned 0x80010002
[03:46:29.311] |E| [stat_file]: Missing file at D:/Emulateurs/Vita3K/mc/ux0/user/00/savedata/PCSG00909/SaveData_0028.sav (target path: savedata0:SaveData_0028.sav)
[03:46:29.313] |W| [io_error_impl]: stat_file (_sceIoGetstat) returned 0x80010002
[03:46:29.444] |E| [stat_file]: Missing file at D:/Emulateurs/Vita3K/mc/ux0/user/00/savedata/PCSG00909/SaveData_0029.sav (target path: savedata0:SaveData_0029.sav)
[03:46:29.446] |W| [io_error_impl]: stat_file (_sceIoGetstat) returned 0x80010002
[03:46:29.575] |E| [stat_file]: Missing file at D:/Emulateurs/Vita3K/mc/ux0/user/00/savedata/PCSG00909/SaveData_0030.sav (target path: savedata0:SaveData_0030.sav)
[03:46:29.577] |W| [io_error_impl]: stat_file (_sceIoGetstat) returned 0x80010002
[03:46:29.708] |E| [stat_file]: Missing file at D:/Emulateurs/Vita3K/mc/ux0/user/00/savedata/PCSG00909/SaveData_0031.sav (target path: savedata0:SaveData_0031.sav)
[03:46:29.709] |W| [io_error_impl]: stat_file (_sceIoGetstat) returned 0x80010002
[03:46:29.841] |E| [stat_file]: Missing file at D:/Emulateurs/Vita3K/mc/ux0/user/00/savedata/PCSG00909/SaveData_0032.sav (target path: savedata0:SaveData_0032.sav)
[03:46:29.843] |W| [io_error_impl]: stat_file (_sceIoGetstat) returned 0x80010002
[03:46:29.977] |E| [stat_file]: Missing file at D:/Emulateurs/Vita3K/mc/ux0/user/00/savedata/PCSG00909/SaveData_0033.sav (target path: savedata0:SaveData_0033.sav)
[03:46:29.979] |W| [io_error_impl]: stat_file (_sceIoGetstat) returned 0x80010002
[03:46:30.111] |E| [stat_file]: Missing file at D:/Emulateurs/Vita3K/mc/ux0/user/00/savedata/PCSG00909/SaveData_0034.sav (target path: savedata0:SaveData_0034.sav)
[03:46:30.113] |W| [io_error_impl]: stat_file (_sceIoGetstat) returned 0x80010002
[03:46:30.245] |E| [stat_file]: Missing file at D:/Emulateurs/Vita3K/mc/ux0/user/00/savedata/PCSG00909/SaveData_0035.sav (target path: savedata0:SaveData_0035.sav)
[03:46:30.247] |W| [io_error_impl]: stat_file (_sceIoGetstat) returned 0x80010002
[03:46:30.376] |E| [stat_file]: Missing file at D:/Emulateurs/Vita3K/mc/ux0/user/00/savedata/PCSG00909/SaveData_0036.sav (target path: savedata0:SaveData_0036.sav)
[03:46:30.378] |W| [io_error_impl]: stat_file (_sceIoGetstat) returned 0x80010002
[03:46:30.512] |E| [stat_file]: Missing file at D:/Emulateurs/Vita3K/mc/ux0/user/00/savedata/PCSG00909/SaveData_0037.sav (target path: savedata0:SaveData_0037.sav)
[03:46:30.513] |W| [io_error_impl]: stat_file (_sceIoGetstat) returned 0x80010002
[03:46:30.645] |E| [stat_file]: Missing file at D:/Emulateurs/Vita3K/mc/ux0/user/00/savedata/PCSG00909/SaveData_0038.sav (target path: savedata0:SaveData_0038.sav)
[03:46:30.646] |W| [io_error_impl]: stat_file (_sceIoGetstat) returned 0x80010002
[03:46:30.783] |E| [stat_file]: Missing file at D:/Emulateurs/Vita3K/mc/ux0/user/00/savedata/PCSG00909/SaveData_0039.sav (target path: savedata0:SaveData_0039.sav)
[03:46:30.784] |W| [io_error_impl]: stat_file (_sceIoGetstat) returned 0x80010002
[03:46:30.918] |E| [stat_file]: Missing file at D:/Emulateurs/Vita3K/mc/ux0/user/00/savedata/PCSG00909/SaveData_0040.sav (target path: savedata0:SaveData_0040.sav)
[03:46:30.920] |W| [io_error_impl]: stat_file (_sceIoGetstat) returned 0x80010002
[03:46:31.042] |E| [stat_file]: Missing file at D:/Emulateurs/Vita3K/mc/ux0/user/00/savedata/PCSG00909/SaveData_0041.sav (target path: savedata0:SaveData_0041.sav)
[03:46:31.043] |W| [io_error_impl]: stat_file (_sceIoGetstat) returned 0x80010002
[03:46:31.175] |E| [stat_file]: Missing file at D:/Emulateurs/Vita3K/mc/ux0/user/00/savedata/PCSG00909/SaveData_0042.sav (target path: savedata0:SaveData_0042.sav)
[03:46:31.176] |W| [io_error_impl]: stat_file (_sceIoGetstat) returned 0x80010002
[03:46:31.308] |E| [stat_file]: Missing file at D:/Emulateurs/Vita3K/mc/ux0/user/00/savedata/PCSG00909/SaveData_0043.sav (target path: savedata0:SaveData_0043.sav)
[03:46:31.309] |W| [io_error_impl]: stat_file (_sceIoGetstat) returned 0x80010002
[03:46:31.442] |E| [stat_file]: Missing file at D:/Emulateurs/Vita3K/mc/ux0/user/00/savedata/PCSG00909/SaveData_0044.sav (target path: savedata0:SaveData_0044.sav)
[03:46:31.443] |W| [io_error_impl]: stat_file (_sceIoGetstat) returned 0x80010002
[03:46:31.575] |E| [stat_file]: Missing file at D:/Emulateurs/Vita3K/mc/ux0/user/00/savedata/PCSG00909/SaveData_0045.sav (target path: savedata0:SaveData_0045.sav)
[03:46:31.576] |W| [io_error_impl]: stat_file (_sceIoGetstat) returned 0x80010002
[03:46:31.709] |E| [stat_file]: Missing file at D:/Emulateurs/Vita3K/mc/ux0/user/00/savedata/PCSG00909/SaveData_0046.sav (target path: savedata0:SaveData_0046.sav)
[03:46:31.711] |W| [io_error_impl]: stat_file (_sceIoGetstat) returned 0x80010002
[03:46:31.842] |E| [stat_file]: Missing file at D:/Emulateurs/Vita3K/mc/ux0/user/00/savedata/PCSG00909/SaveData_0047.sav (target path: savedata0:SaveData_0047.sav)
[03:46:31.843] |W| [io_error_impl]: stat_file (_sceIoGetstat) returned 0x80010002
[03:46:31.975] |E| [stat_file]: Missing file at D:/Emulateurs/Vita3K/mc/ux0/user/00/savedata/PCSG00909/SaveData_0048.sav (target path: savedata0:SaveData_0048.sav)
[03:46:31.977] |W| [io_error_impl]: stat_file (_sceIoGetstat) returned 0x80010002
[03:46:32.108] |E| [stat_file]: Missing file at D:/Emulateurs/Vita3K/mc/ux0/user/00/savedata/PCSG00909/SaveData_0049.sav (target path: savedata0:SaveData_0049.sav)
[03:46:32.110] |W| [io_error_impl]: stat_file (_sceIoGetstat) returned 0x80010002
[03:46:32.242] |E| [stat_file]: Missing file at D:/Emulateurs/Vita3K/mc/ux0/user/00/savedata/PCSG00909/SaveData_0050.sav (target path: savedata0:SaveData_0050.sav)
[03:46:32.244] |W| [io_error_impl]: stat_file (_sceIoGetstat) returned 0x80010002
[03:46:32.375] |E| [stat_file]: Missing file at D:/Emulateurs/Vita3K/mc/ux0/user/00/savedata/PCSG00909/SaveData_0051.sav (target path: savedata0:SaveData_0051.sav)
[03:46:32.377] |W| [io_error_impl]: stat_file (_sceIoGetstat) returned 0x80010002
[03:46:32.508] |E| [stat_file]: Missing file at D:/Emulateurs/Vita3K/mc/ux0/user/00/savedata/PCSG00909/SaveData_0052.sav (target path: savedata0:SaveData_0052.sav)
[03:46:32.510] |W| [io_error_impl]: stat_file (_sceIoGetstat) returned 0x80010002
[03:46:32.642] |E| [stat_file]: Missing file at D:/Emulateurs/Vita3K/mc/ux0/user/00/savedata/PCSG00909/SaveData_0053.sav (target path: savedata0:SaveData_0053.sav)
[03:46:32.643] |W| [io_error_impl]: stat_file (_sceIoGetstat) returned 0x80010002
[03:46:32.778] |E| [stat_file]: Missing file at D:/Emulateurs/Vita3K/mc/ux0/user/00/savedata/PCSG00909/SaveData_0054.sav (target path: savedata0:SaveData_0054.sav)
[03:46:32.779] |W| [io_error_impl]: stat_file (_sceIoGetstat) returned 0x80010002
[03:46:32.912] |E| [stat_file]: Missing file at D:/Emulateurs/Vita3K/mc/ux0/user/00/savedata/PCSG00909/SaveData_0055.sav (target path: savedata0:SaveData_0055.sav)
[03:46:32.914] |W| [io_error_impl]: stat_file (_sceIoGetstat) returned 0x80010002
[03:46:33.046] |E| [stat_file]: Missing file at D:/Emulateurs/Vita3K/mc/ux0/user/00/savedata/PCSG00909/SaveData_0056.sav (target path: savedata0:SaveData_0056.sav)
[03:46:33.047] |W| [io_error_impl]: stat_file (_sceIoGetstat) returned 0x80010002
[03:46:33.180] |E| [stat_file]: Missing file at D:/Emulateurs/Vita3K/mc/ux0/user/00/savedata/PCSG00909/SaveData_0057.sav (target path: savedata0:SaveData_0057.sav)
[03:46:33.182] |W| [io_error_impl]: stat_file (_sceIoGetstat) returned 0x80010002
[03:46:33.311] |E| [stat_file]: Missing file at D:/Emulateurs/Vita3K/mc/ux0/user/00/savedata/PCSG00909/SaveData_0058.sav (target path: savedata0:SaveData_0058.sav)
[03:46:33.313] |W| [io_error_impl]: stat_file (_sceIoGetstat) returned 0x80010002
[03:46:33.445] |E| [stat_file]: Missing file at D:/Emulateurs/Vita3K/mc/ux0/user/00/savedata/PCSG00909/SaveData_0059.sav (target path: savedata0:SaveData_0059.sav)
[03:46:33.446] |W| [io_error_impl]: stat_file (_sceIoGetstat) returned 0x80010002
[03:46:33.580] |E| [stat_file]: Missing file at D:/Emulateurs/Vita3K/mc/ux0/user/00/savedata/PCSG00909/SaveData_0060.sav (target path: savedata0:SaveData_0060.sav)
[03:46:33.582] |W| [io_error_impl]: stat_file (_sceIoGetstat) returned 0x80010002
[03:46:33.711] |E| [stat_file]: Missing file at D:/Emulateurs/Vita3K/mc/ux0/user/00/savedata/PCSG00909/SaveData_0061.sav (target path: savedata0:SaveData_0061.sav)
[03:46:33.713] |W| [io_error_impl]: stat_file (_sceIoGetstat) returned 0x80010002
[03:46:33.845] |E| [stat_file]: Missing file at D:/Emulateurs/Vita3K/mc/ux0/user/00/savedata/PCSG00909/SaveData_0062.sav (target path: savedata0:SaveData_0062.sav)
[03:46:33.847] |W| [io_error_impl]: stat_file (_sceIoGetstat) returned 0x80010002
[03:46:33.978] |E| [stat_file]: Missing file at D:/Emulateurs/Vita3K/mc/ux0/user/00/savedata/PCSG00909/SaveData_0063.sav (target path: savedata0:SaveData_0063.sav)
[03:46:33.980] |W| [io_error_impl]: stat_file (_sceIoGetstat) returned 0x80010002
[03:46:34.111] |E| [stat_file]: Missing file at D:/Emulateurs/Vita3K/mc/ux0/user/00/savedata/PCSG00909/SaveData_0064.sav (target path: savedata0:SaveData_0064.sav)
[03:46:34.113] |W| [io_error_impl]: stat_file (_sceIoGetstat) returned 0x80010002
[03:46:34.245] |E| [stat_file]: Missing file at D:/Emulateurs/Vita3K/mc/ux0/user/00/savedata/PCSG00909/SaveData_0065.sav (target path: savedata0:SaveData_0065.sav)
[03:46:34.246] |W| [io_error_impl]: stat_file (_sceIoGetstat) returned 0x80010002
[03:46:34.379] |E| [stat_file]: Missing file at D:/Emulateurs/Vita3K/mc/ux0/user/00/savedata/PCSG00909/SaveData_0066.sav (target path: savedata0:SaveData_0066.sav)
[03:46:34.380] |W| [io_error_impl]: stat_file (_sceIoGetstat) returned 0x80010002
[03:46:34.512] |E| [stat_file]: Missing file at D:/Emulateurs/Vita3K/mc/ux0/user/00/savedata/PCSG00909/SaveData_0067.sav (target path: savedata0:SaveData_0067.sav)
[03:46:34.513] |W| [io_error_impl]: stat_file (_sceIoGetstat) returned 0x80010002
[03:46:34.645] |E| [stat_file]: Missing file at D:/Emulateurs/Vita3K/mc/ux0/user/00/savedata/PCSG00909/SaveData_0068.sav (target path: savedata0:SaveData_0068.sav)
[03:46:34.647] |W| [io_error_impl]: stat_file (_sceIoGetstat) returned 0x80010002
[03:46:34.778] |E| [stat_file]: Missing file at D:/Emulateurs/Vita3K/mc/ux0/user/00/savedata/PCSG00909/SaveData_0069.sav (target path: savedata0:SaveData_0069.sav)
[03:46:34.779] |W| [io_error_impl]: stat_file (_sceIoGetstat) returned 0x80010002
[03:46:34.911] |E| [stat_file]: Missing file at D:/Emulateurs/Vita3K/mc/ux0/user/00/savedata/PCSG00909/SaveData_0070.sav (target path: savedata0:SaveData_0070.sav)
[03:46:34.913] |W| [io_error_impl]: stat_file (_sceIoGetstat) returned 0x80010002
[03:46:35.045] |E| [stat_file]: Missing file at D:/Emulateurs/Vita3K/mc/ux0/user/00/savedata/PCSG00909/SaveData_0071.sav (target path: savedata0:SaveData_0071.sav)
[03:46:35.047] |W| [io_error_impl]: stat_file (_sceIoGetstat) returned 0x80010002
[03:46:35.179] |E| [stat_file]: Missing file at D:/Emulateurs/Vita3K/mc/ux0/user/00/savedata/PCSG00909/SaveData_0072.sav (target path: savedata0:SaveData_0072.sav)
[03:46:35.180] |W| [io_error_impl]: stat_file (_sceIoGetstat) returned 0x80010002
[03:46:35.311] |E| [stat_file]: Missing file at D:/Emulateurs/Vita3K/mc/ux0/user/00/savedata/PCSG00909/SaveData_0073.sav (target path: savedata0:SaveData_0073.sav)
[03:46:35.313] |W| [io_error_impl]: stat_file (_sceIoGetstat) returned 0x80010002
[03:46:35.445] |E| [stat_file]: Missing file at D:/Emulateurs/Vita3K/mc/ux0/user/00/savedata/PCSG00909/SaveData_0074.sav (target path: savedata0:SaveData_0074.sav)
[03:46:35.447] |W| [io_error_impl]: stat_file (_sceIoGetstat) returned 0x80010002
[03:46:35.579] |E| [stat_file]: Missing file at D:/Emulateurs/Vita3K/mc/ux0/user/00/savedata/PCSG00909/SaveData_0075.sav (target path: savedata0:SaveData_0075.sav)
[03:46:35.581] |W| [io_error_impl]: stat_file (_sceIoGetstat) returned 0x80010002
[03:46:35.713] |E| [stat_file]: Missing file at D:/Emulateurs/Vita3K/mc/ux0/user/00/savedata/PCSG00909/SaveData_0076.sav (target path: savedata0:SaveData_0076.sav)
[03:46:35.715] |W| [io_error_impl]: stat_file (_sceIoGetstat) returned 0x80010002
[03:46:35.845] |E| [stat_file]: Missing file at D:/Emulateurs/Vita3K/mc/ux0/user/00/savedata/PCSG00909/SaveData_0077.sav (target path: savedata0:SaveData_0077.sav)
[03:46:35.846] |W| [io_error_impl]: stat_file (_sceIoGetstat) returned 0x80010002
[03:46:35.978] |E| [stat_file]: Missing file at D:/Emulateurs/Vita3K/mc/ux0/user/00/savedata/PCSG00909/SaveData_0078.sav (target path: savedata0:SaveData_0078.sav)
[03:46:35.979] |W| [io_error_impl]: stat_file (_sceIoGetstat) returned 0x80010002
[03:46:36.111] |E| [stat_file]: Missing file at D:/Emulateurs/Vita3K/mc/ux0/user/00/savedata/PCSG00909/SaveData_0079.sav (target path: savedata0:SaveData_0079.sav)
[03:46:36.113] |W| [io_error_impl]: stat_file (_sceIoGetstat) returned 0x80010002
[03:46:36.245] |E| [stat_file]: Missing file at D:/Emulateurs/Vita3K/mc/ux0/user/00/savedata/PCSG00909/SaveData_0080.sav (target path: savedata0:SaveData_0080.sav)
[03:46:36.246] |W| [io_error_impl]: stat_file (_sceIoGetstat) returned 0x80010002
[03:46:36.378] |E| [stat_file]: Missing file at D:/Emulateurs/Vita3K/mc/ux0/user/00/savedata/PCSG00909/SaveData_0081.sav (target path: savedata0:SaveData_0081.sav)
[03:46:36.380] |W| [io_error_impl]: stat_file (_sceIoGetstat) returned 0x80010002
[03:46:36.511] |E| [stat_file]: Missing file at D:/Emulateurs/Vita3K/mc/ux0/user/00/savedata/PCSG00909/SaveData_0082.sav (target path: savedata0:SaveData_0082.sav)
[03:46:36.513] |W| [io_error_impl]: stat_file (_sceIoGetstat) returned 0x80010002
[03:46:36.645] |E| [stat_file]: Missing file at D:/Emulateurs/Vita3K/mc/ux0/user/00/savedata/PCSG00909/SaveData_0083.sav (target path: savedata0:SaveData_0083.sav)
[03:46:36.646] |W| [io_error_impl]: stat_file (_sceIoGetstat) returned 0x80010002
[03:46:36.777] |E| [stat_file]: Missing file at D:/Emulateurs/Vita3K/mc/ux0/user/00/savedata/PCSG00909/SaveData_0084.sav (target path: savedata0:SaveData_0084.sav)
[03:46:36.779] |W| [io_error_impl]: stat_file (_sceIoGetstat) returned 0x80010002
[03:46:36.911] |E| [stat_file]: Missing file at D:/Emulateurs/Vita3K/mc/ux0/user/00/savedata/PCSG00909/SaveData_0085.sav (target path: savedata0:SaveData_0085.sav)
[03:46:36.913] |W| [io_error_impl]: stat_file (_sceIoGetstat) returned 0x80010002
[03:46:37.045] |E| [stat_file]: Missing file at D:/Emulateurs/Vita3K/mc/ux0/user/00/savedata/PCSG00909/SaveData_0086.sav (target path: savedata0:SaveData_0086.sav)
[03:46:37.047] |W| [io_error_impl]: stat_file (_sceIoGetstat) returned 0x80010002
[03:46:37.176] |E| [stat_file]: Missing file at D:/Emulateurs/Vita3K/mc/ux0/user/00/savedata/PCSG00909/SaveData_0087.sav (target path: savedata0:SaveData_0087.sav)
[03:46:37.178] |W| [io_error_impl]: stat_file (_sceIoGetstat) returned 0x80010002
[03:46:37.311] |E| [stat_file]: Missing file at D:/Emulateurs/Vita3K/mc/ux0/user/00/savedata/PCSG00909/SaveData_0088.sav (target path: savedata0:SaveData_0088.sav)
[03:46:37.313] |W| [io_error_impl]: stat_file (_sceIoGetstat) returned 0x80010002
[03:46:37.445] |E| [stat_file]: Missing file at D:/Emulateurs/Vita3K/mc/ux0/user/00/savedata/PCSG00909/SaveData_0089.sav (target path: savedata0:SaveData_0089.sav)
[03:46:37.446] |W| [io_error_impl]: stat_file (_sceIoGetstat) returned 0x80010002
[03:46:37.576] |E| [stat_file]: Missing file at D:/Emulateurs/Vita3K/mc/ux0/user/00/savedata/PCSG00909/SaveData_0090.sav (target path: savedata0:SaveData_0090.sav)
[03:46:37.578] |W| [io_error_impl]: stat_file (_sceIoGetstat) returned 0x80010002
[03:46:37.712] |E| [stat_file]: Missing file at D:/Emulateurs/Vita3K/mc/ux0/user/00/savedata/PCSG00909/SaveData_0091.sav (target path: savedata0:SaveData_0091.sav)
[03:46:37.713] |W| [io_error_impl]: stat_file (_sceIoGetstat) returned 0x80010002
[03:46:37.846] |E| [stat_file]: Missing file at D:/Emulateurs/Vita3K/mc/ux0/user/00/savedata/PCSG00909/SaveData_0092.sav (target path: savedata0:SaveData_0092.sav)
[03:46:37.847] |W| [io_error_impl]: stat_file (_sceIoGetstat) returned 0x80010002
[03:46:37.978] |E| [stat_file]: Missing file at D:/Emulateurs/Vita3K/mc/ux0/user/00/savedata/PCSG00909/SaveData_0093.sav (target path: savedata0:SaveData_0093.sav)
[03:46:37.980] |W| [io_error_impl]: stat_file (_sceIoGetstat) returned 0x80010002
[03:46:38.111] |E| [stat_file]: Missing file at D:/Emulateurs/Vita3K/mc/ux0/user/00/savedata/PCSG00909/SaveData_0094.sav (target path: savedata0:SaveData_0094.sav)
[03:46:38.113] |W| [io_error_impl]: stat_file (_sceIoGetstat) returned 0x80010002
[03:46:38.225] |E| [discordrpc::update_presence::<lambda_50ee3771c9ac2f7a4b17591668a7e6b3>::operator ()]: Error updating discord rich presence, err_code: 43
[03:46:38.226] |E| [discordrpc::update_presence::<lambda_50ee3771c9ac2f7a4b17591668a7e6b3>::operator ()]: Error updating discord rich presence, err_code: 43
