[01:04:46.784] |I| [load_app_impl]: cpu-backend: Dynarmic
[01:04:46.785] |I| [load_app_impl]: CPU Optimisation state: true
[01:04:46.785] |I| [load_app_impl]: at9 audio decoder state: true
[01:04:46.785] |I| [load_app_impl]: ngs experimental state: true
[01:04:46.785] |I| [load_app_impl]: video player state: true
[01:04:46.785] |I| [load_app_impl]: modules mode: Automatic
[01:04:46.785] |I| [load_app_impl]: Title: 劇場版 魔法少女まどか☆マギカ　The Battle Pentagram
[01:04:46.785] |I| [load_app_impl]: Serial: PCSG00214
[01:04:46.785] |I| [load_app_impl]: Version: 1.00
[01:04:46.785] |I| [load_app_impl]: Category: gd
[01:04:46.834] |C| [load_self]: Unknown segment type 0x6FFFFF01
[01:04:46.835] |I| [load_self]: Loaded module segment 0 @ [0x00007000 - 0x000514B0 / 0x81000000] (size: 0x0004A4B0) of module app0:sce_module/libc.suprx
[01:04:46.835] |I| [load_self]: Loaded module segment 1 @ [0x00052000 - 0x000546F4 / 0x8104B000] (size: 0x000026F4) of module app0:sce_module/libc.suprx
[01:04:46.835] |I| [load_self]: Loading symbols for SELF: app0:sce_module/libc.suprx
[01:04:46.835] |D| [load_var_exports]: 	NID 0x6C2224BA (NID_MODULE_INFO) at 0x3DF30
[01:04:46.835] |W| [load_var_imports]: 	NID NOT FOUND 0x93B8AA67 (UNRECOGNISED) at 0x41DF0, setting to stub value 0xDEADBEEF
[01:04:46.836] |W| [load_var_imports]: 	NID NOT FOUND 0xDF084DFA (UNRECOGNISED) at 0x434A4, setting to stub value 0xDEADBEEF
[01:04:46.836] |I| [pre_load_module]: Pre-load module SceLibc (at "sce_module/libc.suprx") loaded
[01:04:46.842] |C| [load_self]: Unknown segment type 0x6FFFFF01
[01:04:46.842] |I| [load_self]: Loaded module segment 0 @ [0x00057000 - 0x0007B22C / 0x81000000] (size: 0x0002422C) of module app0:sce_module/libfios2.suprx
[01:04:46.842] |I| [load_self]: Loaded module segment 1 @ [0x0007C000 - 0x000811A4 / 0x81025000] (size: 0x000051A4) of module app0:sce_module/libfios2.suprx
[01:04:46.842] |I| [load_self]: Loading symbols for SELF: app0:sce_module/libfios2.suprx
[01:04:46.843] |D| [load_var_exports]: 	NID 0x6C2224BA (NID_MODULE_INFO) at 0x73B70
[01:04:46.843] |I| [pre_load_module]: Pre-load module SceLibFios2 (at "sce_module/libfios2.suprx") loaded
[01:04:46.851] |C| [load_self]: Unknown segment type 0x6FFFFF01
[01:04:46.852] |I| [load_self]: Loaded module segment 0 @ [0x00082000 - 0x00096144 / 0x81000000] (size: 0x00014144) of module app0:sce_module/libult.suprx
[01:04:46.852] |I| [load_self]: Loaded module segment 1 @ [0x00097000 - 0x00097814 / 0x81015000] (size: 0x00000814) of module app0:sce_module/libult.suprx
[01:04:46.852] |I| [load_self]: Loading symbols for SELF: app0:sce_module/libult.suprx
[01:04:46.852] |D| [load_var_exports]: 	NID 0x6C2224BA (NID_MODULE_INFO) at 0x921CC
[01:04:46.852] |I| [pre_load_module]: Pre-load module SceUlt (at "sce_module/libult.suprx") loaded
[01:04:46.859] |I| [load_self]: Loaded module segment 0 @ [0x00098000 - 0x000E8F04 / 0x81000000] (size: 0x00050F04) of module vs0:sys/external/libSceFt2.suprx
[01:04:46.859] |I| [load_self]: Loaded module segment 1 @ [0x000E9000 - 0x000E92F4 / 0x81051000] (size: 0x000002F4) of module vs0:sys/external/libSceFt2.suprx
[01:04:46.859] |I| [load_self]: Loading symbols for SELF: vs0:sys/external/libSceFt2.suprx
[01:04:46.859] |D| [load_var_exports]: 	NID 0x936C8A78 (SYSLYB) at 0xD47DC
[01:04:46.859] |D| [load_var_exports]: 	NID 0x6C2224BA (NID_MODULE_INFO) at 0xD3F10
[01:04:46.859] |I| [pre_load_module]: Pre-load module SceLibft2 (at "sys/external/libSceFt2.suprx") loaded
[01:04:46.861] |I| [load_self]: Loaded module segment 0 @ [0x000EA000 - 0x000F9F14 / 0x81000000] (size: 0x0000FF14) of module vs0:sys/external/libpvf.suprx
[01:04:46.862] |I| [load_self]: Loaded module segment 1 @ [0x000FA000 - 0x000FA008 / 0x81010000] (size: 0x00000008) of module vs0:sys/external/libpvf.suprx
[01:04:46.862] |I| [load_self]: Loading symbols for SELF: vs0:sys/external/libpvf.suprx
[01:04:46.862] |D| [load_var_exports]: 	NID 0x936C8A78 (SYSLYB) at 0xF8710
[01:04:46.862] |D| [load_var_exports]: 	NID 0x6C2224BA (NID_MODULE_INFO) at 0xF8300
[01:04:46.862] |I| [pre_load_module]: Pre-load module SceLibPvf (at "sys/external/libpvf.suprx") loaded
[01:04:47.004] |C| [load_self]: Unknown segment type 0x6FFFFF01
[01:04:47.004] |I| [load_self]: Loaded module segment 0 @ [0x81000000 - 0x8172EFF8 / 0x81000000] (size: 0x0072EFF8) of module app0:eboot.bin
[01:04:47.004] |I| [load_self]: Loaded module segment 1 @ [0x8172F000 - 0x8176DA58 / 0x8172F000] (size: 0x0003EA58) of module app0:eboot.bin
[01:04:47.004] |I| [load_self]: Loading symbols for SELF: app0:eboot.bin
[01:04:47.005] |D| [load_var_exports]: 	NID 0x6C2224BA (NID_MODULE_INFO) at 0x81696440
[01:04:47.005] |D| [load_var_exports]: 	NID 0x70FBA1E7 (SCE_PROC_PARAMS) at 0x81733420
[01:04:47.005] |I| [load_app_impl]: Main executable mmv_psp2_final (eboot.bin) loaded
[01:04:47.008] |I| [renderer::gl::compile_shader]: frag shader compiled: f28b3adc85a058c3e4be1f0a4a5b3ba74149b37c5689f2fa060bd0bf6ddc6559
[01:04:47.009] |I| [renderer::gl::compile_shader]: vert shader compiled: 8770d881c76bab680e8bb9208efc7215ff40411fbeb6d18f6950b525f68f1d3a
[01:04:47.009] |I| [renderer::gl::pre_compile_program]: Program Compiled 1/36
[01:04:47.074] |I| [renderer::gl::compile_shader]: frag shader compiled: 72e66fc67df9cd9996f114579c45ba86b80e4e2a6bf628fff82f6259ab23c2eb
[01:04:47.075] |I| [renderer::gl::compile_shader]: vert shader compiled: 27d4f656e41a007805fe5a637c0fbf233d0912ea70a8558bbe03f5041dac1502
[01:04:47.075] |I| [renderer::gl::pre_compile_program]: Program Compiled 2/36
[01:04:47.077] |I| [renderer::gl::compile_shader]: frag shader compiled: 2565a7bc0a08f4eb63e346acf9393c1956eeec378ee034821c52814ddfbb7ee9
[01:04:47.078] |I| [renderer::gl::compile_shader]: vert shader compiled: b3bf53990f9b3f288f445b2402bea4dcb635e5bbf970ac6765e6cb82da0a60b7
[01:04:47.078] |E| [renderer::gl::compile_program]: Fragment info
-------------
0(18) : warning C7050: "pa[0].zw" might be used before being initialized


[01:04:47.079] |I| [renderer::gl::pre_compile_program]: Program Compiled 3/36
[01:04:47.093] |I| [renderer::gl::compile_shader]: frag shader compiled: 8dd2e145389ba50ff1ced1c2fc1c37f892d80598955eeca08c191eebdf0f61d3
[01:04:47.094] |I| [renderer::gl::compile_shader]: vert shader compiled: 4458cfb3bbbcfc5ea966acd8d0b9d07016cf4e0d85cfc94f8289f34eef8b5e20
[01:04:47.098] |E| [renderer::gl::compile_program]: Vertex info
-----------
0(32) : warning C7050: "internals[0].w" might be used before being initialized
0(32) : warning C7050: "internals[1]" might be used before being initialized
0(32) : warning C7050: "internals[2]" might be used before being initialized

Fragment info
-------------
0(26) : warning C7050: "sa[0]" might be used before being initialized
0(26) : warning C7050: "sa[1]" might be used before being initialized
0(26) : warning C7050: "sa[2]" might be used before being initialized
0(25) : warning C7050: "pa[2]" might be used before being initialized
0(27) : warning C7050: "internals[1].w" might be used before being initialized
0(27) : warning C7050: "internals[2].w" might be used before being initialized


[01:04:47.098] |I| [renderer::gl::pre_compile_program]: Program Compiled 4/36
[01:04:47.110] |I| [renderer::gl::compile_shader]: frag shader compiled: d24d9ba636f8045e9088b1954740a7f6a9b448fbd41dbef209a20cdd3364003a
[01:04:47.111] |I| [renderer::gl::compile_shader]: vert shader compiled: 7e31b93e31e753afa1d011b4727c1a0d7903213ddaf9cc083a9ae06d511f123e
[01:04:47.116] |E| [renderer::gl::compile_program]: Vertex info
-----------
0(32) : warning C7050: "internals[0].w" might be used before being initialized
0(32) : warning C7050: "internals[1]" might be used before being initialized
0(32) : warning C7050: "internals[2]" might be used before being initialized

Fragment info
-------------
0(26) : warning C7050: "pa[2]" might be used before being initialized
0(28) : warning C7050: "internals[0].w" might be used before being initialized
0(28) : warning C7050: "internals[2].w" might be used before being initialized


[01:04:47.117] |I| [renderer::gl::pre_compile_program]: Program Compiled 5/36
[01:04:47.127] |I| [renderer::gl::compile_shader]: frag shader compiled: 63d5c8b9a749ff3c53fa6b12c6286b201e6baefdc2c0c62fb96d0ddd14ddc83d
[01:04:47.128] |I| [renderer::gl::compile_shader]: vert shader compiled: f268f15e0580c685e0815f30c8e71764b4c1357bd2056b1cfd4c37efcf2d22ad
[01:04:47.128] |E| [renderer::gl::compile_program]: Fragment info
-------------
0(18) : warning C7050: "sa[0]" might be used before being initialized
0(20) : warning C7050: "r[0]" might be used before being initialized


[01:04:47.128] |I| [renderer::gl::pre_compile_program]: Program Compiled 6/36
[01:04:47.143] |I| [renderer::gl::compile_shader]: frag shader compiled: 3c8e8e8fd869e5cfa6e5183fc30f2d81a874d2d3461b46111c2eae3c012942ed
[01:04:47.144] |I| [renderer::gl::compile_shader]: vert shader compiled: fa83c1eacaf7617617730a257de8918082e16607efc4659825ced496dc6eae8e
[01:04:47.144] |E| [renderer::gl::compile_program]: Vertex info
-----------
0(28) : warning C7050: "internals[0].w" might be used before being initialized

Fragment info
-------------
0(29) : warning C7050: "pa[0].zw" might be used before being initialized
0(29) : warning C7050: "pa[1].xy" might be used before being initialized
0(29) : warning C7050: "pa[2].zw" might be used before being initialized
0(29) : warning C7050: "pa[3].zw" might be used before being initialized
0(29) : warning C7050: "pa[4].zw" might be used before being initialized
0(31) : warning C7050: "internals[1].w" might be used before being initialized
0(31) : warning C7050: "internals[2].w" might be used before being initialized
0(32) : warning C7050: "r[0].zw" might be used before being initialized


[01:04:47.144] |I| [renderer::gl::pre_compile_program]: Program Compiled 7/36
[01:04:47.160] |I| [renderer::gl::compile_shader]: frag shader compiled: dd313f172ba521b1d9349ac608c81c7a023fae01b131885247b4f75ebb17ee22
[01:04:47.161] |I| [renderer::gl::compile_shader]: vert shader compiled: d5f11723087fc76a8771777c0742b6d164bbf6fdee4c451d978eac93bc0fdbc9
[01:04:47.161] |E| [renderer::gl::compile_program]: Vertex info
-----------
0(24) : warning C7050: "internals[0].w" might be used before being initialized

Fragment info
-------------
0(25) : warning C7050: "pa[0].zw" might be used before being initialized
0(25) : warning C7050: "pa[1].xy" might be used before being initialized
0(25) : warning C7050: "pa[2].zw" might be used before being initialized
0(27) : warning C7050: "internals[2].w" might be used before being initialized


[01:04:47.161] |I| [renderer::gl::pre_compile_program]: Program Compiled 8/36
[01:04:47.177] |I| [renderer::gl::compile_shader]: frag shader compiled: 555cf657653814ca97f677b5f29b8da54334088923f4053d3c5fd325eafb5fa2
[01:04:47.177] |I| [renderer::gl::compile_shader]: vert shader compiled: b48d2e3e1216583386c46c419bddaee34cb42c4101dbae2c7fb635a58c4a44e2
[01:04:47.177] |E| [renderer::gl::compile_program]: Fragment info
-------------
0(23) : warning C7050: "pa[0].zw" might be used before being initialized
0(26) : warning C7050: "r[0].zw" might be used before being initialized
0(25) : warning C7050: "internals[0]" might be used before being initialized
0(25) : warning C7050: "internals[1].w" might be used before being initialized
0(25) : warning C7050: "internals[2].w" might be used before being initialized


[01:04:47.178] |I| [renderer::gl::pre_compile_program]: Program Compiled 9/36
[01:04:47.193] |I| [renderer::gl::compile_shader]: frag shader compiled: 232e644bd8271fa6973603cae01909a6b4b235105a040892382e36fcf31f7086
[01:04:47.194] |I| [renderer::gl::compile_shader]: vert shader compiled: c436cc41abf124e90208d28397b80bd9346f0accebf023fdc78a9295109f7fc7
[01:04:47.194] |E| [renderer::gl::compile_program]: Fragment info
-------------
0(25) : warning C7050: "r[0]" might be used before being initialized
0(24) : warning C7050: "internals[0]" might be used before being initialized
0(24) : warning C7050: "internals[1].w" might be used before being initialized
0(24) : warning C7050: "internals[2]" might be used before being initialized


[01:04:47.194] |I| [renderer::gl::pre_compile_program]: Program Compiled 10/36
[01:04:47.210] |I| [renderer::gl::compile_shader]: frag shader compiled: f0b2f5758d33c4514e3b33584a2de3a542f605bee487ead50da6f36abb9faac6
[01:04:47.211] |I| [renderer::gl::compile_shader]: vert shader compiled: b53b68a91abb4f590409cdf91c76ea93f7f222a0ce840d4a92c92fddc85054dd
[01:04:47.211] |I| [renderer::gl::pre_compile_program]: Program Compiled 11/36
[01:04:47.227] |I| [renderer::gl::compile_shader]: frag shader compiled: 9d1cdc3833037e92d5b803b7fa5669634ddb12d85c14f1fda61dd276ddc544a3
[01:04:47.227] |I| [renderer::gl::compile_shader]: vert shader compiled: 65e5435f1c856f96528f569d89df66da8a097b80efe55bde79c365d283256e2f
[01:04:47.236] |E| [renderer::gl::compile_program]: Vertex info
-----------
0(38) : warning C7050: "r[0]" might be used before being initialized
0(38) : warning C7050: "r[1]" might be used before being initialized
0(38) : warning C7050: "r[2]" might be used before being initialized
0(37) : warning C7050: "internals[0].w" might be used before being initialized
0(37) : warning C7050: "internals[1]" might be used before being initialized
0(37) : warning C7050: "internals[2]" might be used before being initialized

Fragment info
-------------
0(26) : warning C7050: "sa[0]" might be used before being initialized
0(26) : warning C7050: "sa[1]" might be used before being initialized
0(27) : warning C7050: "internals[0].w" might be used before being initialized
0(27) : warning C7050: "internals[1].w" might be used before being initialized


[01:04:47.236] |I| [renderer::gl::pre_compile_program]: Program Compiled 12/36
[01:04:47.243] |I| [renderer::gl::compile_shader]: frag shader compiled: 71dd8fe8c23e53f735d8d851b44257b4766980d47bbaaa58650d2bf134c7888c
[01:04:47.244] |I| [renderer::gl::compile_shader]: vert shader compiled: 69ee958dccad7a78722e22351729f03c6b9e2fa51db3428c056e4b1d65bd834d
[01:04:47.253] |E| [renderer::gl::compile_program]: Vertex info
-----------
0(38) : warning C7050: "r[0]" might be used before being initialized
0(38) : warning C7050: "r[1]" might be used before being initialized
0(38) : warning C7050: "r[2]" might be used before being initialized
0(37) : warning C7050: "internals[0].w" might be used before being initialized
0(37) : warning C7050: "internals[1]" might be used before being initialized
0(37) : warning C7050: "internals[2]" might be used before being initialized

Fragment info
-------------
0(29) : warning C7050: "r[0]" might be used before being initialized
0(28) : warning C7050: "internals[0].w" might be used before being initialized
0(28) : warning C7050: "internals[1].w" might be used before being initialized


[01:04:47.254] |I| [renderer::gl::pre_compile_program]: Program Compiled 13/36
[01:04:47.260] |I| [renderer::gl::compile_shader]: frag shader compiled: 4c7556326e94717860151122a1ebd90c1a208a13f88b012a5724712e77e7c928
[01:04:47.260] |I| [renderer::gl::compile_shader]: vert shader compiled: 755f09495a6f99d861386fec60197201a504ede73e41735d06c206182926a9ff
[01:04:47.261] |E| [renderer::gl::compile_program]: Vertex info
-----------
0(21) : warning C7050: "sa[0]" might be used before being initialized
0(21) : warning C7050: "sa[1].xy" might be used before being initialized

Fragment info
-------------
0(17) : warning C7050: "sa[0]" might be used before being initialized


[01:04:47.261] |I| [renderer::gl::pre_compile_program]: Program Compiled 14/36
[01:04:47.276] |I| [renderer::gl::compile_shader]: frag shader compiled: 794687eef1e5690fbf2c39b88034a23ecbd30a6843d4b801cef643e9abca537b
[01:04:47.277] |I| [renderer::gl::compile_shader]: vert shader compiled: fcd6a35c93fcc8062529c6345b3f5b292a6807a4e2cce3e089b9e61f0c6b8dae
[01:04:47.278] |E| [renderer::gl::compile_program]: Fragment info
-------------
0(21) : warning C7050: "pa[0].zw" might be used before being initialized


[01:04:47.278] |I| [renderer::gl::pre_compile_program]: Program Compiled 15/36
[01:04:47.293] |I| [renderer::gl::compile_shader]: frag shader compiled: 44b5bd10906b2cb7c8317475b8c9731ea47d7bb42f97565e38451574109c1d13
[01:04:47.294] |I| [renderer::gl::compile_shader]: vert shader compiled: 98b4ca5533dc6b326b1251ec5814a54d32b4299a326ca8324c1ad2553c0520ff
[01:04:47.300] |E| [renderer::gl::compile_program]: Vertex info
-----------
0(22) : warning C7050: "pa[3]" might be used before being initialized
0(25) : warning C7050: "r[0]" might be used before being initialized
0(25) : warning C7050: "r[1]" might be used before being initialized
0(25) : warning C7050: "r[2]" might be used before being initialized
0(25) : warning C7050: "r[3]" might be used before being initialized
0(25) : warning C7050: "r[4]" might be used before being initialized
0(25) : warning C7050: "r[5]" might be used before being initialized


[01:04:47.300] |I| [renderer::gl::pre_compile_program]: Program Compiled 16/36
[01:04:47.310] |I| [renderer::gl::compile_shader]: frag shader compiled: ea9ca2be377c1a064010433bc16122fd0f1131a126f8276aa7763329515af4d6
[01:04:47.311] |I| [renderer::gl::compile_shader]: vert shader compiled: 2f18c16391d776d6360ae92e4b9aabb293f84e092132fbd92088f10544c598be
[01:04:47.312] |E| [renderer::gl::compile_program]: Vertex info
-----------
0(24) : warning C7050: "r[0]" might be used before being initialized
0(24) : warning C7050: "r[1]" might be used before being initialized
0(24) : warning C7050: "r[2]" might be used before being initialized
0(23) : warning C7050: "internals[0].w" might be used before being initialized
0(23) : warning C7050: "internals[1]" might be used before being initialized


[01:04:47.312] |I| [renderer::gl::pre_compile_program]: Program Compiled 17/36
[01:04:47.326] |I| [renderer::gl::compile_shader]: frag shader compiled: 519423cfdac25360a8a725e9770b1faa2192dfbebcf3dc83d0d0471abddf9976
[01:04:47.328] |I| [renderer::gl::compile_shader]: vert shader compiled: 668c82c881007a169c6d65c645cb27b5142653f62124fbd6c15e22ecf3fb2b26
[01:04:47.333] |E| [renderer::gl::compile_program]: Vertex info
-----------
0(22) : warning C7050: "pa[3]" might be used before being initialized
0(25) : warning C7050: "r[0]" might be used before being initialized
0(25) : warning C7050: "r[1]" might be used before being initialized
0(25) : warning C7050: "r[2]" might be used before being initialized
0(25) : warning C7050: "r[3]" might be used before being initialized
0(25) : warning C7050: "r[4]" might be used before being initialized
0(25) : warning C7050: "r[5]" might be used before being initialized


[01:04:47.333] |I| [renderer::gl::pre_compile_program]: Program Compiled 18/36
[01:04:47.343] |I| [renderer::gl::compile_shader]: frag shader compiled: 95f1c284636d5f1491734f48bf55b282e921a105832726b861ef11a2afa6bf53
[01:04:47.345] |I| [renderer::gl::compile_shader]: vert shader compiled: b1c693079fda49b995c162d5fbed5abb21052bd097628486ff1a687cb9be60e6
[01:04:47.350] |E| [renderer::gl::compile_program]: Vertex info
-----------
0(22) : warning C7050: "pa[3]" might be used before being initialized
0(25) : warning C7050: "r[0]" might be used before being initialized
0(25) : warning C7050: "r[1]" might be used before being initialized
0(25) : warning C7050: "r[2]" might be used before being initialized
0(25) : warning C7050: "r[3]" might be used before being initialized
0(25) : warning C7050: "r[4]" might be used before being initialized
0(25) : warning C7050: "r[5]" might be used before being initialized


[01:04:47.350] |I| [renderer::gl::pre_compile_program]: Program Compiled 19/36
[01:04:47.360] |I| [renderer::gl::compile_shader]: frag shader compiled: 92ce2d5b381f9e56ad0cc5de50d86008791b4b2d6fed227dfb89d8f14286d5c8
[01:04:47.361] |I| [renderer::gl::compile_shader]: vert shader compiled: b2bb3f3a5b1fc05e1e8d0bc8b0541b5f22a8bf9a7a13b44035c1febe4874cfa1
[01:04:47.362] |E| [renderer::gl::compile_program]: Vertex info
-----------
0(24) : warning C7050: "r[0]" might be used before being initialized
0(24) : warning C7050: "r[1]" might be used before being initialized
0(24) : warning C7050: "r[2]" might be used before being initialized
0(23) : warning C7050: "internals[0].w" might be used before being initialized
0(23) : warning C7050: "internals[1]" might be used before being initialized


[01:04:47.362] |I| [renderer::gl::pre_compile_program]: Program Compiled 20/36
[01:04:47.377] |I| [renderer::gl::compile_shader]: frag shader compiled: 929c07b4dd0d060d627dd9276d7533a902fc13ea7f85526d9d4c2a8e056d0fe7
[01:04:47.377] |I| [renderer::gl::compile_shader]: vert shader compiled: 7d5c857608cabb1b44667933f8ad2381a78c053cbdf573de85036e1e7efda920
[01:04:47.396] |E| [renderer::gl::compile_program]: Vertex info
-----------
0(38) : warning C7050: "internals[0].w" might be used before being initialized
0(38) : warning C7050: "internals[1].w" might be used before being initialized
0(39) : warning C7050: "r[0]" might be used before being initialized
0(39) : warning C7050: "r[1]" might be used before being initialized
0(39) : warning C7050: "r[2]" might be used before being initialized
0(39) : warning C7050: "r[3]" might be used before being initialized
0(39) : warning C7050: "r[4]" might be used before being initialized

Fragment info
-------------
0(26) : warning C7050: "sa[0]" might be used before being initialized
0(26) : warning C7050: "sa[1]" might be used before being initialized
0(27) : warning C7050: "internals[0].w" might be used before being initialized
0(27) : warning C7050: "internals[1].w" might be used before being initialized


[01:04:47.396] |I| [renderer::gl::pre_compile_program]: Program Compiled 21/36
[01:04:47.398] |I| [renderer::gl::compile_shader]: frag shader compiled: 30f6bfee2b9220ae4e8257845ce8e3b2edca0068b8fc72ff4e768d12b36a9de4
[01:04:47.399] |I| [renderer::gl::compile_shader]: vert shader compiled: 098b0deec1e1927a0265b36efa14f190dbe81b9623ac0e4ec0b17c07817dfc14
[01:04:47.407] |E| [renderer::gl::compile_program]: Vertex info
-----------
0(37) : warning C7050: "internals[0].w" might be used before being initialized
0(37) : warning C7050: "internals[1].w" might be used before being initialized
0(37) : warning C7050: "internals[2].zw" might be used before being initialized
0(38) : warning C7050: "r[0]" might be used before being initialized
0(38) : warning C7050: "r[1]" might be used before being initialized
0(38) : warning C7050: "r[2]" might be used before being initialized

Fragment info
-------------
0(26) : warning C7050: "sa[0]" might be used before being initialized
0(26) : warning C7050: "sa[1]" might be used before being initialized
0(27) : warning C7050: "internals[0].w" might be used before being initialized
0(27) : warning C7050: "internals[1].w" might be used before being initialized


[01:04:47.407] |I| [renderer::gl::pre_compile_program]: Program Compiled 22/36
[01:04:47.410] |I| [renderer::gl::compile_shader]: frag shader compiled: 26fa636d5bda6d538a0e0649734e47543df83bc526b1dc298b49a12e21569e9b
[01:04:47.411] |I| [renderer::gl::compile_shader]: vert shader compiled: a3771f7431915eccf041055cfdf341c404dc9a5b2aa3ff6c11395409e7a5681b
[01:04:47.429] |E| [renderer::gl::compile_program]: Vertex info
-----------
0(38) : warning C7050: "internals[0].w" might be used before being initialized
0(38) : warning C7050: "internals[1].w" might be used before being initialized
0(38) : warning C7050: "internals[2].w" might be used before being initialized
0(39) : warning C7050: "r[0]" might be used before being initialized
0(39) : warning C7050: "r[1]" might be used before being initialized
0(39) : warning C7050: "r[2]" might be used before being initialized
0(39) : warning C7050: "r[3]" might be used before being initialized
0(39) : warning C7050: "r[4]" might be used before being initialized

Fragment info
-------------
0(26) : warning C7050: "sa[0]" might be used before being initialized
0(26) : warning C7050: "sa[1]" might be used before being initialized
0(27) : warning C7050: "internals[0].w" might be used before being initialized
0(27) : warning C7050: "internals[1].w" might be used before being initialized


[01:04:47.430] |I| [renderer::gl::pre_compile_program]: Program Compiled 23/36
[01:04:47.433] |I| [renderer::gl::compile_shader]: frag shader compiled: b7e6455b2efcd8c1041e186ef3e8864f778dc51da5186ed82e26d0d84aeaf271
[01:04:47.434] |I| [renderer::gl::compile_shader]: vert shader compiled: 2cac98aa97d023ef92446406d5b0d01b038bd3f5be5958d0ebc21e39121b64d9
[01:04:47.451] |E| [renderer::gl::compile_program]: Vertex info
-----------
0(40) : warning C7050: "r[0]" might be used before being initialized
0(40) : warning C7050: "r[1]" might be used before being initialized
0(40) : warning C7050: "r[2]" might be used before being initialized
0(40) : warning C7050: "r[3]" might be used before being initialized
0(40) : warning C7050: "r[4]" might be used before being initialized
0(39) : warning C7050: "internals[2]" might be used before being initialized

Fragment info
-------------
0(27) : warning C7050: "sa[1].yzw" might be used before being initialized
0(27) : warning C7050: "sa[2].yzw" might be used before being initialized
0(27) : warning C7050: "sa[3]" might be used before being initialized
0(28) : warning C7050: "internals[0].w" might be used before being initialized
0(28) : warning C7050: "internals[1].w" might be used before being initialized
0(28) : warning C7050: "internals[2].w" might be used before being initialized


[01:04:47.451] |I| [renderer::gl::pre_compile_program]: Program Compiled 24/36
[01:04:47.454] |I| [renderer::gl::compile_shader]: frag shader compiled: 76a842473480c2a0c28a8357a1581ba4842b1f46637d6cea19e3bd4e6b41619a
[01:04:47.455] |I| [renderer::gl::compile_shader]: vert shader compiled: 0e1e97c4c385ae4ab018c13de09c5c07150cde55df6503e640c2de00c8dadb61
[01:04:47.462] |E| [renderer::gl::compile_program]: Vertex info
-----------
0(39) : warning C7050: "r[0]" might be used before being initialized
0(39) : warning C7050: "r[1]" might be used before being initialized
0(39) : warning C7050: "r[2]" might be used before being initialized
0(38) : warning C7050: "internals[0].w" might be used before being initialized
0(38) : warning C7050: "internals[1].w" might be used before being initialized
0(38) : warning C7050: "internals[2].w" might be used before being initialized

Fragment info
-------------
0(27) : warning C7050: "sa[1].yzw" might be used before being initialized
0(27) : warning C7050: "sa[2].yzw" might be used before being initialized
0(27) : warning C7050: "sa[3]" might be used before being initialized
0(28) : warning C7050: "internals[0].w" might be used before being initialized
0(28) : warning C7050: "internals[1].w" might be used before being initialized
0(28) : warning C7050: "internals[2].w" might be used before being initialized


[01:04:47.462] |I| [renderer::gl::pre_compile_program]: Program Compiled 25/36
[01:04:47.464] |I| [renderer::gl::compile_shader]: frag shader compiled: 64a75ba761b8d637ab424d0d9210ac1245609bd04748ab927d100b8b7a7222e0
[01:04:47.465] |I| [renderer::gl::compile_shader]: vert shader compiled: 49bc0661882443f3bb3f36d26f5105f941a32d4d09dee3bb22aa60f5b8515856
[01:04:47.481] |E| [renderer::gl::compile_program]: Vertex info
-----------
0(25) : warning C7050: "pa[4]" might be used before being initialized
0(28) : warning C7050: "r[0]" might be used before being initialized
0(28) : warning C7050: "r[1]" might be used before being initialized
0(28) : warning C7050: "r[2]" might be used before being initialized
0(28) : warning C7050: "r[3]" might be used before being initialized
0(28) : warning C7050: "r[4]" might be used before being initialized
0(28) : warning C7050: "r[5]" might be used before being initialized
0(27) : warning C7050: "internals[2]" might be used before being initialized

Fragment info
-------------
0(17) : warning C7050: "sa[0]" might be used before being initialized


[01:04:47.482] |I| [renderer::gl::pre_compile_program]: Program Compiled 26/36
[01:04:47.484] |I| [renderer::gl::compile_shader]: frag shader compiled: 90381adc697b6bbfb6bf7edb6c550349c90cf54aa82536c975036545fdbc1c3b
[01:04:47.486] |I| [renderer::gl::compile_shader]: vert shader compiled: d81e1606ea4c6a95094b7d1b12bffe40db46901c28b6a17aa6f3856e5b6ed3c9
[01:04:47.487] |E| [renderer::gl::compile_program]: Vertex info
-----------
0(21) : warning C7050: "sa[0]" might be used before being initialized
0(21) : warning C7050: "sa[1].xy" might be used before being initialized

Fragment info
-------------
0(17) : warning C7050: "sa[0]" might be used before being initialized


[01:04:47.487] |I| [renderer::gl::pre_compile_program]: Program Compiled 27/36
[01:04:47.493] |I| [renderer::gl::compile_shader]: frag shader compiled: d143f42a5d5f403b1660efda8193ba92ecd52f57ca9acdd1d06d704d6d14ff9a
[01:04:47.494] |I| [renderer::gl::compile_shader]: vert shader compiled: 1119eee6341e5f1e2831df742e659bd247d546cbc8f48ca1bb24c4f76e5c3027
[01:04:47.495] |E| [renderer::gl::compile_program]: Vertex info
-----------
0(21) : warning C7050: "sa[0]" might be used before being initialized
0(21) : warning C7050: "sa[1].xy" might be used before being initialized

Fragment info
-------------
0(17) : warning C7050: "sa[0]" might be used before being initialized


[01:04:47.495] |I| [renderer::gl::pre_compile_program]: Program Compiled 28/36
[01:04:47.510] |I| [renderer::gl::compile_shader]: frag shader compiled: 6fe8d88831f773b7ec6f97929f8165081a13e999cf7ddbbb2b41770959fc846a
[01:04:47.511] |I| [renderer::gl::compile_shader]: vert shader compiled: 7bc9a25e71de176cd60bea9361f1b45d4b0b98d6bd35d0fdd619a1887e944d0e
[01:04:47.511] |E| [renderer::gl::compile_program]: Vertex info
-----------
0(21) : warning C7050: "sa[0]" might be used before being initialized
0(21) : warning C7050: "sa[1].xy" might be used before being initialized

Fragment info
-------------
0(17) : warning C7050: "sa[0]" might be used before being initialized


[01:04:47.511] |I| [renderer::gl::pre_compile_program]: Program Compiled 29/36
[01:04:47.526] |I| [renderer::gl::compile_shader]: frag shader compiled: 191e769f622493718fbd3c3d07b9a11652134708dfcd799b4e7c0d85924b9699
[01:04:47.527] |I| [renderer::gl::compile_shader]: vert shader compiled: 2f7c573b39b04b6ce2b0842525715b421f9fab5b8bce5a5f455882fff89b9575
[01:04:47.528] |E| [renderer::gl::compile_program]: Vertex info
-----------
0(21) : warning C7050: "sa[0]" might be used before being initialized
0(21) : warning C7050: "sa[1].xy" might be used before being initialized

Fragment info
-------------
0(17) : warning C7050: "sa[0]" might be used before being initialized


[01:04:47.528] |I| [renderer::gl::pre_compile_program]: Program Compiled 30/36
[01:04:47.543] |I| [renderer::gl::compile_shader]: frag shader compiled: e888d9a34249202befd056704388f8a3d299978fa9887920e43858f3d0c93196
[01:04:47.544] |I| [renderer::gl::compile_shader]: vert shader compiled: 7c249c666937aa3639a9f8ecd9fe366f63f50f4aff7278851cf3d43eb949cea7
[01:04:47.549] |E| [renderer::gl::compile_program]: Vertex info
-----------
0(31) : warning C7050: "internals[0].w" might be used before being initialized
0(31) : warning C7050: "internals[1]" might be used before being initialized
0(31) : warning C7050: "internals[2]" might be used before being initialized

Fragment info
-------------
0(26) : warning C7050: "pa[2]" might be used before being initialized
0(28) : warning C7050: "internals[0].w" might be used before being initialized
0(28) : warning C7050: "internals[2].w" might be used before being initialized


[01:04:47.549] |I| [renderer::gl::pre_compile_program]: Program Compiled 31/36
[01:04:47.560] |I| [renderer::gl::compile_shader]: frag shader compiled: 9278393edc8565510b10f91c01a833ba663aa3c516de198bf746d0288eb3c8ea
[01:04:47.561] |I| [renderer::gl::compile_shader]: vert shader compiled: 284283b751097c7ac1cc1fb9e7cffa3a37b8d050fdff12f4a2db0faa24e4ec26
[01:04:47.565] |E| [renderer::gl::compile_program]: Vertex info
-----------
0(31) : warning C7050: "internals[0].w" might be used before being initialized
0(31) : warning C7050: "internals[1]" might be used before being initialized
0(31) : warning C7050: "internals[2]" might be used before being initialized

Fragment info
-------------
0(28) : warning C7050: "sa[0]" might be used before being initialized
0(28) : warning C7050: "sa[1].xy" might be used before being initialized
0(28) : warning C7050: "sa[2].yzw" might be used before being initialized
0(28) : warning C7050: "sa[3]" might be used before being initialized
0(28) : warning C7050: "sa[4]" might be used before being initialized
0(28) : warning C7050: "sa[5]" might be used before being initialized
0(27) : warning C7050: "pa[3]" might be used before being initialized
0(30) : warning C7050: "r[0].zw" might be used before being initialized
0(29) : warning C7050: "internals[0].w" might be used before being initialized
0(29) : warning C7050: "internals[2].w" might be used before being initialized


[01:04:47.565] |I| [renderer::gl::pre_compile_program]: Program Compiled 32/36
[01:04:47.577] |I| [renderer::gl::compile_shader]: frag shader compiled: 081c16fc108a8f46254634d2b787bb65e58d21ecfe169df14cb0ab598ab37dae
[01:04:47.578] |I| [renderer::gl::compile_shader]: vert shader compiled: 41f8558b6d42ed3449393a043e562874c63bfd207649b95dd053c8d45e1fb4fd
[01:04:47.581] |E| [renderer::gl::compile_program]: Vertex info
-----------
0(32) : warning C7050: "internals[0].w" might be used before being initialized
0(32) : warning C7050: "internals[1]" might be used before being initialized
0(32) : warning C7050: "internals[2]" might be used before being initialized

Fragment info
-------------
0(28) : warning C7050: "sa[0]" might be used before being initialized
0(28) : warning C7050: "sa[1].xy" might be used before being initialized
0(28) : warning C7050: "sa[2].yzw" might be used before being initialized
0(28) : warning C7050: "sa[3]" might be used before being initialized
0(28) : warning C7050: "sa[4]" might be used before being initialized
0(28) : warning C7050: "sa[5]" might be used before being initialized
0(27) : warning C7050: "pa[3]" might be used before being initialized
0(30) : warning C7050: "r[0].zw" might be used before being initialized
0(29) : warning C7050: "internals[0].w" might be used before being initialized
0(29) : warning C7050: "internals[2].w" might be used before being initialized


[01:04:47.581] |I| [renderer::gl::pre_compile_program]: Program Compiled 33/36
[01:04:47.593] |I| [renderer::gl::compile_shader]: frag shader compiled: be6de387149c917a5d62776466ebbe946e1a11243da1a8ce246c0e4e1a5808a8
[01:04:47.595] |I| [renderer::gl::compile_shader]: vert shader compiled: 56bd4d6eabd5ceed32fc5a037364d18fe9f1a32d86aa39648e0cb9cadaadbb07
[01:04:47.600] |E| [renderer::gl::compile_program]: Vertex info
-----------
0(31) : warning C7050: "internals[0].w" might be used before being initialized
0(31) : warning C7050: "internals[1]" might be used before being initialized
0(31) : warning C7050: "internals[2]" might be used before being initialized

Fragment info
-------------
0(26) : warning C7050: "sa[0]" might be used before being initialized
0(26) : warning C7050: "sa[1]" might be used before being initialized
0(26) : warning C7050: "sa[2]" might be used before being initialized
0(25) : warning C7050: "pa[2]" might be used before being initialized
0(27) : warning C7050: "internals[1].w" might be used before being initialized
0(27) : warning C7050: "internals[2].w" might be used before being initialized


[01:04:47.600] |I| [renderer::gl::pre_compile_program]: Program Compiled 34/36
[01:04:47.610] |I| [renderer::gl::compile_shader]: frag shader compiled: f14d65ea1938902f179cd6ed89c4e7f0aff44204c769eace73b097232668e145
[01:04:47.612] |I| [renderer::gl::compile_shader]: vert shader compiled: 049d4e43d3331a1becc29e9fef16d13e6c83521a7d979d12fca1652105d1e8a5
[01:04:47.612] |E| [renderer::gl::compile_program]: Vertex info
-----------
0(27) : warning C7050: "internals[0].w" might be used before being initialized

Fragment info
-------------
0(29) : warning C7050: "internals[1].w" might be used before being initialized
0(29) : warning C7050: "internals[2]" might be used before being initialized
0(30) : warning C7050: "r[2]" might be used before being initialized
0(30) : warning C7050: "r[3]" might be used before being initialized


[01:04:47.612] |I| [renderer::gl::pre_compile_program]: Program Compiled 35/36
[01:04:47.627] |I| [renderer::gl::compile_shader]: frag shader compiled: e93d50093b0803012a2959f6531ffce500309b3eca5c8c88bff3d191ca360c4b
[01:04:47.628] |I| [renderer::gl::compile_shader]: vert shader compiled: d555294d80748cc8aca83150b591d703f98d7db49c89e9d7cf4be77021ce5b92
[01:04:47.648] |E| [renderer::gl::compile_program]: Vertex info
-----------
0(32) : warning C7050: "pa[6]" might be used before being initialized
0(35) : warning C7050: "r[0]" might be used before being initialized
0(35) : warning C7050: "r[1]" might be used before being initialized
0(35) : warning C7050: "r[2]" might be used before being initialized
0(35) : warning C7050: "r[3]" might be used before being initialized
0(35) : warning C7050: "r[4]" might be used before being initialized
0(35) : warning C7050: "r[5]" might be used before being initialized
0(34) : warning C7050: "internals[2]" might be used before being initialized

Fragment info
-------------
0(28) : warning C7050: "sa[0]" might be used before being initialized
0(28) : warning C7050: "sa[1].xy" might be used before being initialized
0(28) : warning C7050: "sa[2].yzw" might be used before being initialized
0(28) : warning C7050: "sa[3]" might be used before being initialized
0(28) : warning C7050: "sa[4]" might be used before being initialized
0(28) : warning C7050: "sa[5]" might be used before being initialized
0(27) : warning C7050: "pa[3]" might be used before being initialized
0(30) : warning C7050: "r[0].zw" might be used before being initialized
0(29) : warning C7050: "internals[0].w" might be used before being initialized
0(29) : warning C7050: "internals[2].w" might be used before being initialized


[01:04:47.648] |I| [renderer::gl::pre_compile_program]: Program Compiled 36/36
[01:04:47.656] |D| [run_app]: Running module_start of library: SceLibc at address 0x77F1
[01:04:47.674] |I| [run_app]: Module SceLibc (at "app0:sce_module/libc.suprx") module_start returned 0x0
[01:04:47.678] |D| [run_app]: Running module_start of library: SceLibFios2 at address 0x57001
[01:04:47.686] |W| [stubbed_impl]: Stubbed sceKernelGetProcessId import called. (pid: 0)
[01:04:47.686] |D| [export_sceFiosOverlayGetList02]: maxIDs: 255
[01:04:47.686] |W| [unimplemented_impl]: Unimplemented sceFiosOverlayGetList02 import called.
[01:04:47.686] |I| [run_app]: Module SceLibFios2 (at "app0:sce_module/libfios2.suprx") module_start returned 0x0
[01:04:47.690] |D| [run_app]: Running module_start of library: SceUlt at address 0x8584D
[01:04:47.697] |W| [unimplemented_impl]: Unimplemented _sceUlobjMgrRegisterLibultProtocolRevision import called.
[01:04:47.698] |I| [run_app]: Module SceUlt (at "app0:sce_module/libult.suprx") module_start returned 0x0
[01:04:47.791] |W| [stubbed_impl]: Stubbed sceKernelLockLwMutexCB import called. (Try CB)
[01:04:47.822] |I| [load_module]: Loading module ID: 0x13
[01:04:47.823] |C| [load_self]: Unknown segment type 0x6FFFFF01
[01:04:47.823] |I| [load_self]: Loaded module segment 0 @ [0x07280000 - 0x0728308C / 0x81000000] (size: 0x0000308C) of module sys/external/libsystemgesture.suprx
[01:04:47.823] |I| [load_self]: Loaded module segment 1 @ [0x0013D000 - 0x0013DBF0 / 0x81004000] (size: 0x00000BF0) of module sys/external/libsystemgesture.suprx
[01:04:47.823] |I| [load_self]: Loading symbols for SELF: sys/external/libsystemgesture.suprx
[01:04:47.823] |D| [load_var_exports]: 	NID 0x936C8A78 (SYSLYB) at 0x7283074
[01:04:47.823] |D| [load_var_exports]: 	NID 0x6C2224BA (NID_MODULE_INFO) at 0x7282BD4
[01:04:47.823] |I| [load_module]: Module SceSystemGesture (at "sys/external/libsystemgesture.suprx") loaded
[01:04:47.823] |D| [load_module]: Running module_start of module: SceSystemGesture
[01:04:47.823] |I| [load_module]: Module SceSystemGesture (at "sys/external/libsystemgesture.suprx") module_start returned 0x0
[01:04:47.824] |W| [unimplemented_impl]: Unimplemented sceAppUtilInit import called.
[01:04:47.824] |W| [unimplemented_impl]: Unimplemented sceScreenShotDisable import called.
[01:04:47.824] |W| [unimplemented_impl]: Unimplemented sceScreenShotSetOverlayImage import called.
[01:04:47.838] |W| [stubbed_impl]: Stubbed _sceKernelGetThreadInfo import called. (STUB)
[01:04:47.855] |E| [call_import]: Import function for NID 0xD7F0F610 not found (thread name: PCSG00214, thread ID: 8)
[01:04:47.858] |W| [stubbed_impl]: Stubbed _sceKernelWaitSignal import called. (sceKernelWaitSignal)
[01:04:47.876] |W| [stubbed_impl]: Stubbed sceKernelChangeThreadPriority import called. (STUB)
[01:04:47.943] |I| [export_sceIoOpen]: Opening file: app0:data/pack.idx
[01:04:48.014] |I| [export_sceIoOpen]: Opening file: app0:data/data.apk
[01:04:48.068] |W| [stubbed_impl]: Stubbed sceGxmMapVertexUsseMemory import called. (always return success)
[01:04:48.068] |W| [stubbed_impl]: Stubbed sceGxmMapFragmentUsseMemory import called. (always return success)
[01:04:48.094] |W| [stubbed_impl]: Stubbed sceGxmMapMemory import called. (always return success)
[01:04:48.164] |W| [unimplemented_impl]: Unimplemented sceGxmDepthStencilSurfaceSetForceStoreMode import called.
[01:04:48.165] |W| [unimplemented_impl]: Unimplemented sceGxmDepthStencilSurfaceSetForceLoadMode import called.
[01:04:48.166] |W| [stubbed_impl]: Stubbed sceGxmGetRenderTargetMemSize import called. (2MB host mem)
[01:04:48.193] |D| [export_sceGxmCreateRenderTarget]: scene par frame: 8
[01:04:48.226] |D| [export_sceGxmCreateRenderTarget]: scene par frame: 8
[01:04:48.259] |D| [export_sceGxmCreateRenderTarget]: scene par frame: 8
[01:04:48.308] |D| [log_import_call]: [LLE] TID: 8   FUNC: 0xC3367370 sceSystemGestureCreateTouchRecognizer at 0x81694F54
[01:04:48.310] |E| [call_import]: Import function for NID 0xE340C728 not found (thread name: PCSG00214, thread ID: 8)
[01:04:48.312] |D| [log_import_call]: [LLE] TID: 8   FUNC: 0x6078A08B sceSystemGestureInitializePrimitiveTouchRecognizer at 0x81694F14
[01:04:48.312] |W| [unimplemented_impl]: Unimplemented sceTouchGetPixelDensity2 import called.
[01:04:48.373] |W| [unimplemented_impl]: Unimplemented sceCommonDialogSetConfigParam import called.
[01:04:48.519] |W| [stubbed_impl]: Stubbed _sceKernelWaitLwCondCB import called. (Try CB)
[01:04:48.654] |D| [export_sceGxmCreateRenderTarget]: scene par frame: 8
[01:04:48.693] |D| [export_sceGxmCreateRenderTarget]: scene par frame: 8
[01:04:48.726] |D| [export_sceGxmCreateRenderTarget]: scene par frame: 8
[01:04:48.759] |D| [export_sceGxmCreateRenderTarget]: scene par frame: 8
[01:04:48.793] |D| [export_sceGxmCreateRenderTarget]: scene par frame: 8
[01:04:48.826] |D| [export_sceGxmCreateRenderTarget]: scene par frame: 8
[01:04:48.859] |D| [export_sceGxmCreateRenderTarget]: scene par frame: 8
[01:04:48.876] |D| [export_sceGxmCreateRenderTarget]: scene par frame: 8
[01:04:48.909] |D| [export_sceGxmCreateRenderTarget]: scene par frame: 8
[01:04:48.943] |D| [export_sceGxmCreateRenderTarget]: scene par frame: 8
[01:04:48.976] |D| [export_sceGxmCreateRenderTarget]: scene par frame: 8
[01:04:48.993] |D| [export_sceGxmCreateRenderTarget]: scene par frame: 8
[01:04:49.026] |D| [export_sceGxmCreateRenderTarget]: scene par frame: 8
[01:04:49.043] |D| [export_sceGxmCreateRenderTarget]: scene par frame: 8
[01:04:49.076] |D| [export_sceGxmCreateRenderTarget]: scene par frame: 8
[01:04:49.093] |D| [export_sceGxmCreateRenderTarget]: scene par frame: 8
[01:04:49.126] |D| [export_sceGxmCreateRenderTarget]: scene par frame: 8
[01:04:49.169] |I| [load_module]: Loading module ID: 0xD
[01:04:49.172] |I| [load_self]: Loaded module segment 0 @ [0x1505D000 - 0x15074244 / 0x81000000] (size: 0x00017244) of module sys/external/libsas.suprx
[01:04:49.172] |I| [load_self]: Loaded module segment 1 @ [0x15075000 - 0x15075038 / 0x81018000] (size: 0x00000038) of module sys/external/libsas.suprx
[01:04:49.173] |I| [load_self]: Loading symbols for SELF: sys/external/libsas.suprx
[01:04:49.173] |D| [load_var_exports]: 	NID 0x936C8A78 (SYSLYB) at 0x15071004
[01:04:49.173] |D| [load_var_exports]: 	NID 0x6C2224BA (NID_MODULE_INFO) at 0x15070BF0
[01:04:49.173] |I| [load_module]: Module SceSasUser (at "sys/external/libsas.suprx") loaded
[01:04:49.173] |D| [log_import_call]: [LLE] TID: 8   FUNC: 0x180C6824 sceSasGetNeededMemorySize at 0x81694FE4
[01:04:49.185] |D| [log_import_call]: [LLE] TID: 8   FUNC: 0x820D5F82 sceSasInitWithGrain at 0x81695074
[01:04:49.210] |D| [log_import_call]: [LLE] TID: 649 FUNC: 0x7A4672B2 sceSasCore at 0x81695064
[01:04:49.212] |D| [ngs::create_voice_definition]: type: 14
[01:04:49.213] |D| [ngs::create_voice_definition]: type: 0
[01:04:49.213] |D| [export_sceNgsVoicePlay]: sceNgsVoicePlay: 1
[01:04:49.230] |D| [log_import_call]: [LLE] TID: 649 FUNC: 0x296A9910 sceSasGetEnvelope at 0x81695004
[01:04:49.230] |D| [export_sceNgsVoicePlay]: sceNgsVoicePlay: 1
[01:04:49.231] |E| [call_import]: Import function for NID 0xE341C506 not found (thread name: Sndp:SynthesisThread, thread ID: 649)
[01:04:49.252] |D| [log_import_call]: [LLE] TID: 8   FUNC: 0x851FB144 sceSystemGestureUpdateTouchRecognizer at 0x81694F34
[01:04:49.255] |D| [log_import_call]: [LLE] TID: 8   FUNC: 0xDF4C665A sceSystemGestureUpdatePrimitiveTouchRecognizer at 0x81694F64
[01:04:49.263] |D| [log_import_call]: [LLE] TID: 8   FUNC: 0x13AD2218 sceSystemGestureGetTouchEventsCount at 0x81694F04
[01:04:49.266] |I| [export_sceIoOpen]: Opening file: app0:data/data.apk
[01:04:49.345] |I| [export_sceIoOpen]: Opening file: app0:data/data.apk
[01:04:49.365] |I| [export_sceIoOpen]: Opening file: app0:data/data.apk
[01:04:49.415] |I| [export_sceIoOpen]: Opening file: app0:data/data.apk
[01:04:49.441] |I| [export_sceIoOpen]: Opening file: app0:data/data.apk
[01:04:49.455] |I| [export_sceIoOpen]: Opening file: app0:data/data.apk
[01:04:49.468] |I| [export_sceIoOpen]: Opening file: app0:data/data.apk
[01:04:49.489] |I| [export_sceIoOpen]: Opening file: app0:data/data.apk
[01:04:49.877] |W| [unimplemented_impl]: Unimplemented sceCommonDialogUpdate import called.
[01:04:49.878] |W| [stubbed_impl]: Stubbed sceDisplayWaitVblankStartMulti import called. (wait for vblank)
[01:04:49.902] |I| [export_sceIoOpen]: Opening file: app0:data/data.apk
[01:04:49.905] |I| [export_sceIoOpen]: Opening file: app0:data/data.apk
[01:04:49.962] |I| [export_sceIoOpen]: Opening file: app0:data/data.apk
[01:04:49.969] |I| [export_sceIoOpen]: Opening file: app0:data/data.apk
[01:05:05.474] |E| [open_dir]: Directory does not exist at: D:/Emulateurs/Vita3K/mc/ux0/addcont/PCSG00214/MADOKATBP0COS011/ (target path: addcont0:MADOKATBP0COS011)
[01:05:05.475] |W| [io_error_impl]: open_dir (_sceIoDopen) returned 0x80010002
[01:05:05.476] |E| [open_dir]: Directory does not exist at: D:/Emulateurs/Vita3K/mc/ux0/addcont/PCSG00214/MADOKATBP0COS013/ (target path: addcont0:MADOKATBP0COS013)
[01:05:05.476] |W| [io_error_impl]: open_dir (_sceIoDopen) returned 0x80010002
[01:05:05.476] |E| [open_dir]: Directory does not exist at: D:/Emulateurs/Vita3K/mc/ux0/addcont/PCSG00214/MADOKATBP0COS014/ (target path: addcont0:MADOKATBP0COS014)
[01:05:05.476] |W| [io_error_impl]: open_dir (_sceIoDopen) returned 0x80010002
[01:05:05.476] |E| [open_dir]: Directory does not exist at: D:/Emulateurs/Vita3K/mc/ux0/addcont/PCSG00214/MADOKATBP0COS015/ (target path: addcont0:MADOKATBP0COS015)
[01:05:05.476] |W| [io_error_impl]: open_dir (_sceIoDopen) returned 0x80010002
[01:05:05.476] |E| [open_dir]: Directory does not exist at: D:/Emulateurs/Vita3K/mc/ux0/addcont/PCSG00214/MADOKATBP0COS021/ (target path: addcont0:MADOKATBP0COS021)
[01:05:05.476] |W| [io_error_impl]: open_dir (_sceIoDopen) returned 0x80010002
[01:05:05.476] |E| [open_dir]: Directory does not exist at: D:/Emulateurs/Vita3K/mc/ux0/addcont/PCSG00214/MADOKATBP0COS022/ (target path: addcont0:MADOKATBP0COS022)
[01:05:05.477] |W| [io_error_impl]: open_dir (_sceIoDopen) returned 0x80010002
[01:05:05.477] |E| [open_dir]: Directory does not exist at: D:/Emulateurs/Vita3K/mc/ux0/addcont/PCSG00214/MADOKATBP0COS023/ (target path: addcont0:MADOKATBP0COS023)
[01:05:05.477] |W| [io_error_impl]: open_dir (_sceIoDopen) returned 0x80010002
[01:05:05.477] |E| [open_dir]: Directory does not exist at: D:/Emulateurs/Vita3K/mc/ux0/addcont/PCSG00214/MADOKATBP0COS024/ (target path: addcont0:MADOKATBP0COS024)
[01:05:05.477] |W| [io_error_impl]: open_dir (_sceIoDopen) returned 0x80010002
[01:05:05.477] |E| [open_dir]: Directory does not exist at: D:/Emulateurs/Vita3K/mc/ux0/addcont/PCSG00214/MADOKATBP0COS025/ (target path: addcont0:MADOKATBP0COS025)
[01:05:05.477] |W| [io_error_impl]: open_dir (_sceIoDopen) returned 0x80010002
[01:05:05.478] |E| [open_dir]: Directory does not exist at: D:/Emulateurs/Vita3K/mc/ux0/addcont/PCSG00214/MADOKATBP0COS032/ (target path: addcont0:MADOKATBP0COS032)
[01:05:05.478] |W| [io_error_impl]: open_dir (_sceIoDopen) returned 0x80010002
[01:05:05.478] |E| [open_dir]: Directory does not exist at: D:/Emulateurs/Vita3K/mc/ux0/addcont/PCSG00214/MADOKATBP0COS033/ (target path: addcont0:MADOKATBP0COS033)
[01:05:05.478] |W| [io_error_impl]: open_dir (_sceIoDopen) returned 0x80010002
[01:05:05.478] |E| [open_dir]: Directory does not exist at: D:/Emulateurs/Vita3K/mc/ux0/addcont/PCSG00214/MADOKATBP0COS034/ (target path: addcont0:MADOKATBP0COS034)
[01:05:05.478] |W| [io_error_impl]: open_dir (_sceIoDopen) returned 0x80010002
[01:05:05.479] |E| [open_dir]: Directory does not exist at: D:/Emulateurs/Vita3K/mc/ux0/addcont/PCSG00214/MADOKATBP0COS042/ (target path: addcont0:MADOKATBP0COS042)
[01:05:05.479] |W| [io_error_impl]: open_dir (_sceIoDopen) returned 0x80010002
[01:05:05.479] |E| [open_dir]: Directory does not exist at: D:/Emulateurs/Vita3K/mc/ux0/addcont/PCSG00214/MADOKATBP0COS043/ (target path: addcont0:MADOKATBP0COS043)
[01:05:05.479] |W| [io_error_impl]: open_dir (_sceIoDopen) returned 0x80010002
[01:05:05.479] |E| [open_dir]: Directory does not exist at: D:/Emulateurs/Vita3K/mc/ux0/addcont/PCSG00214/MADOKATBP0COS045/ (target path: addcont0:MADOKATBP0COS045)
[01:05:05.480] |W| [io_error_impl]: open_dir (_sceIoDopen) returned 0x80010002
[01:05:05.480] |E| [open_dir]: Directory does not exist at: D:/Emulateurs/Vita3K/mc/ux0/addcont/PCSG00214/MADOKATBP0COS052/ (target path: addcont0:MADOKATBP0COS052)
[01:05:05.480] |W| [io_error_impl]: open_dir (_sceIoDopen) returned 0x80010002
[01:05:05.480] |E| [open_dir]: Directory does not exist at: D:/Emulateurs/Vita3K/mc/ux0/addcont/PCSG00214/MADOKATBP0COS053/ (target path: addcont0:MADOKATBP0COS053)
[01:05:05.480] |W| [io_error_impl]: open_dir (_sceIoDopen) returned 0x80010002
[01:05:05.480] |E| [open_dir]: Directory does not exist at: D:/Emulateurs/Vita3K/mc/ux0/addcont/PCSG00214/MADOKATBP0COS054/ (target path: addcont0:MADOKATBP0COS054)
[01:05:05.480] |W| [io_error_impl]: open_dir (_sceIoDopen) returned 0x80010002
[01:05:05.480] |E| [open_dir]: Directory does not exist at: D:/Emulateurs/Vita3K/mc/ux0/addcont/PCSG00214/MADOKATBP0COS055/ (target path: addcont0:MADOKATBP0COS055)
[01:05:05.481] |W| [io_error_impl]: open_dir (_sceIoDopen) returned 0x80010002
[01:05:05.481] |E| [open_dir]: Directory does not exist at: D:/Emulateurs/Vita3K/mc/ux0/addcont/PCSG00214/MADOKATBP0PIC201/ (target path: addcont0:MADOKATBP0PIC201)
[01:05:05.481] |W| [io_error_impl]: open_dir (_sceIoDopen) returned 0x80010002
[01:05:05.481] |E| [open_dir]: Directory does not exist at: D:/Emulateurs/Vita3K/mc/ux0/addcont/PCSG00214/MADOKATBP0PIC202/ (target path: addcont0:MADOKATBP0PIC202)
[01:05:05.481] |W| [io_error_impl]: open_dir (_sceIoDopen) returned 0x80010002
[01:05:05.481] |E| [open_dir]: Directory does not exist at: D:/Emulateurs/Vita3K/mc/ux0/addcont/PCSG00214/MADOKATBP0PIC203/ (target path: addcont0:MADOKATBP0PIC203)
[01:05:05.481] |W| [io_error_impl]: open_dir (_sceIoDopen) returned 0x80010002
[01:05:05.481] |E| [open_dir]: Directory does not exist at: D:/Emulateurs/Vita3K/mc/ux0/addcont/PCSG00214/MADOKATBP0PIC204/ (target path: addcont0:MADOKATBP0PIC204)
[01:05:05.481] |W| [io_error_impl]: open_dir (_sceIoDopen) returned 0x80010002
[01:05:05.481] |E| [open_dir]: Directory does not exist at: D:/Emulateurs/Vita3K/mc/ux0/addcont/PCSG00214/MADOKATBP0PIC205/ (target path: addcont0:MADOKATBP0PIC205)
[01:05:05.481] |W| [io_error_impl]: open_dir (_sceIoDopen) returned 0x80010002
[01:05:05.544] |D| [log_import_call]: [LLE] TID: 566 FUNC: 0xFD1A0CBF sceSasGetPauseState at 0x81695104
[01:05:05.545] |D| [log_import_call]: [LLE] TID: 566 FUNC: 0x7E63E6 sceSasGetEndState at 0x81694FC4
[01:05:05.549] |D| [log_import_call]: [LLE] TID: 566 FUNC: 0x2B75F9BC sceSasSetVoice at 0x81695014
[01:05:05.551] |D| [log_import_call]: [LLE] TID: 566 FUNC: 0x2C48A08C sceSasSetPitch at 0x81695024
[01:05:05.552] |D| [log_import_call]: [LLE] TID: 566 FUNC: 0xBE8204D sceSasSetVolume at 0x81694FD4
[01:05:05.552] |D| [log_import_call]: [LLE] TID: 566 FUNC: 0xECCE0DB8 sceSasSetSimpleADSR at 0x816950E4
[01:05:05.553] |D| [log_import_call]: [LLE] TID: 566 FUNC: 0xC838DB6F sceSasSetKeyOn at 0x816950C4
[01:05:05.956] |E| [open_file]: Missing file at D:/Emulateurs/Vita3K/mc/ux0/user/00/savedata/PCSG00214/SlotParam_1.bin (target path: savedata0:/SlotParam_1.bin)
[01:05:05.957] |W| [io_error_impl]: open_file (sceAppUtilSaveDataSlotGetParam) returned 0x80010002
[01:05:05.957] |E| [logging::ret_error_impl]: sceAppUtilSaveDataSlotGetParam returned SCE_APPUTIL_ERROR_SAVEDATA_SLOT_NOT_FOUND (0x80100641)
[01:05:05.957] |E| [open_file]: Missing file at D:/Emulateurs/Vita3K/mc/ux0/user/00/savedata/PCSG00214/SlotParam_2.bin (target path: savedata0:/SlotParam_2.bin)
[01:05:05.957] |W| [io_error_impl]: open_file (sceAppUtilSaveDataSlotGetParam) returned 0x80010002
[01:05:05.957] |E| [open_file]: Missing file at D:/Emulateurs/Vita3K/mc/ux0/user/00/savedata/PCSG00214/SlotParam_3.bin (target path: savedata0:/SlotParam_3.bin)
[01:05:05.957] |W| [io_error_impl]: open_file (sceAppUtilSaveDataSlotGetParam) returned 0x80010002
[01:05:05.957] |E| [open_file]: Missing file at D:/Emulateurs/Vita3K/mc/ux0/user/00/savedata/PCSG00214/SlotParam_4.bin (target path: savedata0:/SlotParam_4.bin)
[01:05:05.958] |W| [io_error_impl]: open_file (sceAppUtilSaveDataSlotGetParam) returned 0x80010002
[01:05:05.958] |E| [open_file]: Missing file at D:/Emulateurs/Vita3K/mc/ux0/user/00/savedata/PCSG00214/SlotParam_5.bin (target path: savedata0:/SlotParam_5.bin)
[01:05:05.958] |W| [io_error_impl]: open_file (sceAppUtilSaveDataSlotGetParam) returned 0x80010002
[01:05:05.958] |E| [open_file]: Missing file at D:/Emulateurs/Vita3K/mc/ux0/user/00/savedata/PCSG00214/SlotParam_6.bin (target path: savedata0:/SlotParam_6.bin)
[01:05:05.958] |W| [io_error_impl]: open_file (sceAppUtilSaveDataSlotGetParam) returned 0x80010002
[01:05:05.958] |E| [open_file]: Missing file at D:/Emulateurs/Vita3K/mc/ux0/user/00/savedata/PCSG00214/SlotParam_7.bin (target path: savedata0:/SlotParam_7.bin)
[01:05:05.958] |W| [io_error_impl]: open_file (sceAppUtilSaveDataSlotGetParam) returned 0x80010002
[01:05:06.450] |I| [export_sceIoOpen]: Opening file: savedata0:system.bin
[01:05:07.431] |E| [logging::ret_error_impl]: sceKernelTryLockLwMutex returned SCE_KERNEL_ERROR_LW_MUTEX_FAILED_TO_OWN (0x80028185)
[01:05:07.463] |W| [unimplemented_impl]: Unimplemented sceKernelGetThreadCurrentPriority import called.
[01:05:07.489] |D| [export_sceAvPlayerInit]: auto start: false
[01:05:07.490] |D| [export_sceAvPlayerAddSource]: path: app0:data/movie/opening.mp4
[01:05:07.503] |I| [PlayerState::queue]: Queued video: 'D:/Emulateurs/Vita3K/mc/ux0/app/PCSG00214/data/movie/opening.mp4'.
[01:05:07.525] |W| [stubbed_impl]: Stubbed sceAvPlayerStreamCount import called. (ALWAYS RETURN 2 (VIDEO AND AUDIO))
[01:05:07.525] |W| [stubbed_impl]: Stubbed sceAvPlayerGetStreamInfo import called. (ALWAYS SUSPECTS 2 STREAMS: VIDEO AND AUDIO)
[01:05:07.525] |D| [export_sceAvPlayerEnableStream]: sceAvPlayerEnableStream, stream no: 0
[01:05:07.525] |D| [export_sceAvPlayerEnableStream]: sceAvPlayerEnableStream, stream no: 1
[01:05:07.544] |D| [export_sceAvPlayerStart]: sceAvPlayerStart
[01:05:07.545] |D| [export_sceAvPlayerSetLooping]: looping: false
[01:05:07.545] |W| [stubbed_impl]: Stubbed sceDisplayWaitVblankStart import called. (wait for vblank)
[01:05:10.542] |D| [export_sceAvPlayerStop]: sceAvPlayerStop
[01:05:10.560] |D| [export_sceAvPlayerClose]: sceAvPlayerClose
[01:05:10.735] |I| [export_sceIoOpen]: Opening file: app0:data/data.apk
[01:05:10.836] |I| [export_sceIoOpen]: Opening file: app0:data/data.apk
[01:05:11.879] |D| [log_import_call]: [LLE] TID: 566 FUNC: 0x5E42ADAB sceSasSetKeyOff at 0x81695054
[01:05:14.647] |I| [export_sceIoOpen]: Opening file: app0:data/data.apk
[01:05:14.677] |I| [export_sceIoOpen]: Opening file: app0:data/data.apk
[01:05:14.817] |I| [export_sceIoOpen]: Opening file: app0:data/data.apk
[01:05:14.820] |I| [export_sceIoOpen]: Opening file: app0:data/data.apk
[01:05:14.839] |I| [export_sceIoOpen]: Opening file: app0:data/data.apk
[01:05:14.842] |I| [export_sceIoOpen]: Opening file: app0:data/data.apk
[01:05:14.846] |I| [export_sceIoOpen]: Opening file: app0:data/data.apk
[01:05:14.848] |I| [export_sceIoOpen]: Opening file: app0:data/data.apk
[01:05:14.852] |I| [export_sceIoOpen]: Opening file: app0:data/data.apk
[01:05:14.855] |I| [export_sceIoOpen]: Opening file: app0:data/data.apk
[01:05:14.859] |I| [export_sceIoOpen]: Opening file: app0:data/data.apk
[01:05:14.861] |I| [export_sceIoOpen]: Opening file: app0:data/data.apk
[01:05:14.865] |I| [export_sceIoOpen]: Opening file: app0:data/data.apk
[01:05:14.867] |I| [export_sceIoOpen]: Opening file: app0:data/data.apk
[01:05:14.871] |I| [export_sceIoOpen]: Opening file: app0:data/data.apk
[01:05:14.874] |I| [export_sceIoOpen]: Opening file: app0:data/data.apk
[01:05:14.877] |I| [export_sceIoOpen]: Opening file: app0:data/data.apk
[01:05:14.880] |I| [export_sceIoOpen]: Opening file: app0:data/data.apk
[01:05:14.884] |I| [export_sceIoOpen]: Opening file: app0:data/data.apk
[01:05:14.887] |I| [export_sceIoOpen]: Opening file: app0:data/data.apk
[01:05:14.890] |I| [export_sceIoOpen]: Opening file: app0:data/data.apk
[01:05:14.893] |I| [export_sceIoOpen]: Opening file: app0:data/data.apk
[01:05:14.896] |I| [export_sceIoOpen]: Opening file: app0:data/data.apk
[01:05:14.899] |I| [export_sceIoOpen]: Opening file: app0:data/data.apk
[01:05:14.902] |I| [export_sceIoOpen]: Opening file: app0:data/data.apk
[01:05:14.905] |I| [export_sceIoOpen]: Opening file: app0:data/data.apk
[01:05:14.975] |I| [export_sceIoOpen]: Opening file: app0:data/data.apk
[01:05:15.018] |I| [export_sceIoOpen]: Opening file: app0:data/data.apk
[01:05:15.841] |D| [export_sceSaveDataDialogInit]: slotListSize: 8
[01:05:15.859] |E| [open_file]: Missing file at D:/Emulateurs/Vita3K/mc/ux0/user/00/savedata/PCSG00214/SlotParam_1.bin (target path: savedata0:/SlotParam_1.bin)
[01:05:15.859] |W| [io_error_impl]: open_file (sceSaveDataDialogInit) returned 0x80010002
[01:05:15.859] |E| [open_file]: Missing file at D:/Emulateurs/Vita3K/mc/ux0/user/00/savedata/PCSG00214/SlotParam_2.bin (target path: savedata0:/SlotParam_2.bin)
[01:05:15.859] |W| [io_error_impl]: open_file (sceSaveDataDialogInit) returned 0x80010002
[01:05:15.859] |E| [open_file]: Missing file at D:/Emulateurs/Vita3K/mc/ux0/user/00/savedata/PCSG00214/SlotParam_3.bin (target path: savedata0:/SlotParam_3.bin)
[01:05:15.859] |W| [io_error_impl]: open_file (sceSaveDataDialogInit) returned 0x80010002
[01:05:15.859] |E| [open_file]: Missing file at D:/Emulateurs/Vita3K/mc/ux0/user/00/savedata/PCSG00214/SlotParam_4.bin (target path: savedata0:/SlotParam_4.bin)
[01:05:15.859] |W| [io_error_impl]: open_file (sceSaveDataDialogInit) returned 0x80010002
[01:05:15.859] |E| [open_file]: Missing file at D:/Emulateurs/Vita3K/mc/ux0/user/00/savedata/PCSG00214/SlotParam_5.bin (target path: savedata0:/SlotParam_5.bin)
[01:05:15.859] |W| [io_error_impl]: open_file (sceSaveDataDialogInit) returned 0x80010002
[01:05:15.860] |E| [open_file]: Missing file at D:/Emulateurs/Vita3K/mc/ux0/user/00/savedata/PCSG00214/SlotParam_6.bin (target path: savedata0:/SlotParam_6.bin)
[01:05:15.860] |W| [io_error_impl]: open_file (sceSaveDataDialogInit) returned 0x80010002
[01:05:15.860] |E| [open_file]: Missing file at D:/Emulateurs/Vita3K/mc/ux0/user/00/savedata/PCSG00214/SlotParam_7.bin (target path: savedata0:/SlotParam_7.bin)
[01:05:15.860] |W| [io_error_impl]: open_file (sceSaveDataDialogInit) returned 0x80010002
[01:05:17.938] |I| [export_sceIoOpen]: Opening file: savedata0:game0000.bin
[01:05:19.466] |I| [export_sceIoOpen]: Opening file: app0:data/data.apk
[01:05:19.470] |I| [export_sceIoOpen]: Opening file: app0:data/data.apk
[01:05:19.664] |I| [export_sceIoOpen]: Opening file: app0:data/data.apk
[01:05:19.723] |I| [export_sceIoOpen]: Opening file: app0:data/data.apk
[01:05:19.740] |I| [export_sceIoOpen]: Opening file: app0:data/data.apk
[01:05:19.756] |I| [export_sceIoOpen]: Opening file: app0:data/data.apk
[01:05:19.770] |I| [export_sceIoOpen]: Opening file: app0:data/data.apk
[01:05:19.777] |I| [export_sceIoOpen]: Opening file: app0:data/data.apk
[01:05:19.799] |I| [export_sceIoOpen]: Opening file: app0:data/data.apk
[01:05:20.117] |I| [export_sceIoOpen]: Opening file: app0:data/data.apk
[01:05:20.144] |I| [export_sceIoOpen]: Opening file: app0:data/data.apk
[01:05:20.375] |I| [export_sceIoOpen]: Opening file: app0:data/data.apk
[01:05:20.394] |I| [export_sceIoOpen]: Opening file: app0:data/data.apk
[01:05:20.458] |D| [export_sceNgsVoiceResume]: Resume: 1
[01:05:20.459] |D| [export_sceNgsVoicePlay]: sceNgsVoicePlay: 1
[01:05:20.715] |I| [export_sceIoOpen]: Opening file: app0:data/data.apk
[01:05:20.757] |I| [export_sceIoOpen]: Opening file: app0:data/data.apk
[01:05:21.439] |I| [export_sceIoOpen]: Opening file: app0:data/data.apk
[01:05:21.734] |I| [export_sceIoOpen]: Opening file: app0:data/data.apk
[01:05:22.384] |I| [export_sceIoOpen]: Opening file: app0:data/data.apk
[01:05:22.468] |I| [export_sceIoOpen]: Opening file: app0:data/data.apk
[01:05:22.479] |I| [export_sceIoOpen]: Opening file: app0:data/data.apk
[01:05:22.483] |I| [export_sceIoOpen]: Opening file: app0:data/data.apk
[01:05:22.713] |I| [export_sceIoOpen]: Opening file: app0:data/data.apk
[01:05:22.718] |I| [export_sceIoOpen]: Opening file: app0:data/data.apk
[01:05:22.749] |D| [export_sceNgsVoiceResume]: Resume: 1
[01:05:22.749] |D| [export_sceNgsVoicePlay]: sceNgsVoicePlay: 1
[01:05:23.770] |I| [export_sceIoOpen]: Opening file: app0:data/data.apk
[01:05:24.036] |I| [export_sceIoOpen]: Opening file: app0:data/data.apk
[01:05:24.301] |I| [export_sceIoOpen]: Opening file: app0:data/data.apk
[01:05:24.764] |I| [export_sceIoOpen]: Opening file: app0:data/data.apk
[01:05:26.725] |I| [export_sceIoOpen]: Opening file: app0:data/data.apk
[01:05:27.508] |D| [export_sceNgsVoiceResume]: Resume: 1
[01:05:27.509] |D| [export_sceNgsVoicePlay]: sceNgsVoicePlay: 1
[01:05:28.860] |I| [export_sceIoOpen]: Opening file: app0:data/data.apk
[01:05:29.051] |I| [export_sceIoOpen]: Opening file: app0:data/data.apk
[01:05:29.128] |I| [export_sceIoOpen]: Opening file: app0:data/data.apk
[01:05:29.173] |I| [export_sceIoOpen]: Opening file: app0:data/data.apk
[01:05:29.361] |I| [export_sceIoOpen]: Opening file: app0:data/data.apk
[01:05:29.828] |I| [export_sceIoOpen]: Opening file: app0:data/data.apk
[01:05:30.302] |I| [export_sceIoOpen]: Opening file: app0:data/data.apk
[01:05:30.420] |I| [export_sceIoOpen]: Opening file: app0:data/data.apk
[01:05:30.586] |I| [export_sceIoOpen]: Opening file: app0:data/data.apk
[01:05:30.775] |I| [export_sceIoOpen]: Opening file: app0:data/data.apk
[01:05:30.861] |I| [export_sceIoOpen]: Opening file: app0:data/data.apk
[01:05:31.026] |I| [export_sceIoOpen]: Opening file: app0:data/data.apk
[01:05:31.217] |I| [export_sceIoOpen]: Opening file: app0:data/data.apk
[01:05:31.321] |I| [export_sceIoOpen]: Opening file: app0:data/data.apk
[01:05:31.627] |I| [export_sceIoOpen]: Opening file: app0:data/data.apk
[01:05:33.558] |I| [export_sceIoOpen]: Opening file: app0:data/data.apk
[01:05:33.564] |I| [export_sceIoOpen]: Opening file: app0:data/data.apk
[01:05:34.112] |I| [export_sceIoOpen]: Opening file: app0:data/data.apk
[01:05:34.257] |I| [export_sceIoOpen]: Opening file: app0:data/data.apk
[01:05:34.391] |I| [export_sceIoOpen]: Opening file: app0:data/data.apk
[01:05:34.518] |I| [export_sceIoOpen]: Opening file: app0:data/data.apk
[01:05:34.652] |I| [export_sceIoOpen]: Opening file: app0:data/data.apk
[01:05:34.709] |I| [export_sceIoOpen]: Opening file: app0:data/data.apk
[01:05:34.718] |I| [export_sceIoOpen]: Opening file: app0:data/data.apk
[01:05:34.731] |I| [export_sceIoOpen]: Opening file: app0:data/data.apk
[01:05:34.817] |I| [export_sceIoOpen]: Op