[23:59:34.494] |I| [load_app_impl]: cpu-backend: Dynarmic
[23:59:34.494] |I| [load_app_impl]: ngs experimental state: true
[23:59:34.494] |I| [load_app_impl]: video player state: true
[23:59:34.495] |I| [load_app_impl]: lle-modules: libSceJson,liblocation,libSceXml,libpgf,libvoice,librudp,libSceSqlite,libvoiceqos,libsas
[23:59:34.495] |I| [load_app_impl]: Title: Cure Mate Club
[23:59:34.495] |I| [load_app_impl]: Serial: PCSG00169
[23:59:34.495] |I| [load_app_impl]: Version: 1.00
[23:59:34.495] |I| [load_app_impl]: Category: gd
[23:59:34.566] |C| [load_self]: Unknown segment type 0x6FFFFF01
[23:59:34.566] |I| [load_self]: Loaded module segment 0 @ [0x0000E000 - 0x000584B0 / 0x81000000] (size: 0x0004A4B0) of module ux0:app\PCSG00169\sce_module\libc.suprx
[23:59:34.566] |I| [load_self]: Loaded module segment 1 @ [0x00059000 - 0x0005B6F4 / 0x8104B000] (size: 0x000026F4) of module ux0:app\PCSG00169\sce_module\libc.suprx
[23:59:34.566] |I| [load_self]: Loading symbols for SELF: ux0:app\PCSG00169\sce_module\libc.suprx
[23:59:34.567] |D| [load_var_exports]: 	NID 0x6C2224BA (NID_MODULE_INFO) at 0x44F30
[23:59:34.567] |W| [load_var_imports]: 	NID NOT FOUND 0x93B8AA67 (UNRECOGNISED) at 0x48DF0, setting to stub value 0xDEADBEEF
[23:59:34.567] |W| [load_var_imports]: 	NID NOT FOUND 0xDF084DFA (UNRECOGNISED) at 0x4A4A4, setting to stub value 0xDEADBEEF
[23:59:34.567] |I| [pre_load_module]: Pre-load module SceLibc (at "app\PCSG00169\sce_module\libc.suprx") loaded
[23:59:34.582] |C| [load_self]: Unknown segment type 0x6FFFFF01
[23:59:34.582] |I| [load_self]: Loaded module segment 0 @ [0x0005E000 - 0x0007401C / 0x81000000] (size: 0x0001601C) of module ux0:app\PCSG00169\sce_module\libface.suprx
[23:59:34.582] |I| [load_self]: Loaded module segment 1 @ [0x00075000 - 0x0007514C / 0x81017000] (size: 0x0000014C) of module ux0:app\PCSG00169\sce_module\libface.suprx
[23:59:34.582] |I| [load_self]: Loading symbols for SELF: ux0:app\PCSG00169\sce_module\libface.suprx
[23:59:34.582] |D| [load_var_exports]: 	NID 0x6C2224BA (NID_MODULE_INFO) at 0x710C8
[23:59:34.582] |I| [pre_load_module]: Pre-load module SceFace (at "app\PCSG00169\sce_module\libface.suprx") loaded
[23:59:34.613] |C| [load_self]: Unknown segment type 0x6FFFFF01
[23:59:34.613] |I| [load_self]: Loaded module segment 0 @ [0x00076000 - 0x0009A220 / 0x81000000] (size: 0x00024220) of module ux0:app\PCSG00169\sce_module\libfios2.suprx
[23:59:34.613] |I| [load_self]: Loaded module segment 1 @ [0x0009B000 - 0x000A01A4 / 0x81025000] (size: 0x000051A4) of module ux0:app\PCSG00169\sce_module\libfios2.suprx
[23:59:34.613] |I| [load_self]: Loading symbols for SELF: ux0:app\PCSG00169\sce_module\libfios2.suprx
[23:59:34.613] |D| [load_var_exports]: 	NID 0x6C2224BA (NID_MODULE_INFO) at 0x92B64
[23:59:34.613] |I| [pre_load_module]: Pre-load module SceLibFios2 (at "app\PCSG00169\sce_module\libfios2.suprx") loaded
[23:59:34.659] |C| [load_self]: Unknown segment type 0x6FFFFF01
[23:59:34.659] |I| [load_self]: Loaded module segment 0 @ [0x000A1000 - 0x00298E68 / 0x81000000] (size: 0x001F7E68) of module ux0:app\PCSG00169\sce_module\libsmart.suprx
[23:59:34.659] |I| [load_self]: Loaded module segment 1 @ [0x00299000 - 0x0029C734 / 0x811F8000] (size: 0x00003734) of module ux0:app\PCSG00169\sce_module\libsmart.suprx
[23:59:34.659] |I| [load_self]: Loading symbols for SELF: ux0:app\PCSG00169\sce_module\libsmart.suprx
[23:59:34.660] |D| [load_var_exports]: 	NID 0x6C2224BA (NID_MODULE_INFO) at 0x13A12C
[23:59:34.660] |I| [pre_load_module]: Pre-load module SceSmart (at "app\PCSG00169\sce_module\libsmart.suprx") loaded
[23:59:34.674] |C| [load_self]: Unknown segment type 0x6FFFFF01
[23:59:34.675] |I| [load_self]: Loaded module segment 0 @ [0x0029D000 - 0x002B1144 / 0x81000000] (size: 0x00014144) of module ux0:app\PCSG00169\sce_module\libult.suprx
[23:59:34.675] |I| [load_self]: Loaded module segment 1 @ [0x002B2000 - 0x002B2814 / 0x81015000] (size: 0x00000814) of module ux0:app\PCSG00169\sce_module\libult.suprx
[23:59:34.675] |I| [load_self]: Loading symbols for SELF: ux0:app\PCSG00169\sce_module\libult.suprx
[23:59:34.675] |D| [load_var_exports]: 	NID 0x6C2224BA (NID_MODULE_INFO) at 0x2AD1CC
[23:59:34.675] |I| [pre_load_module]: Pre-load module SceUlt (at "app\PCSG00169\sce_module\libult.suprx") loaded
[23:59:34.682] |I| [load_self]: Loaded module segment 0 @ [0x002B3000 - 0x00303F04 / 0x81000000] (size: 0x00050F04) of module vs0:sys/external/libSceFt2.suprx
[23:59:34.682] |I| [load_self]: Loaded module segment 1 @ [0x00304000 - 0x003042F4 / 0x81051000] (size: 0x000002F4) of module vs0:sys/external/libSceFt2.suprx
[23:59:34.682] |I| [load_self]: Loading symbols for SELF: vs0:sys/external/libSceFt2.suprx
[23:59:34.682] |D| [load_var_exports]: 	NID 0x936C8A78 (SYSLYB) at 0x2EF7DC
[23:59:34.682] |D| [load_var_exports]: 	NID 0x6C2224BA (NID_MODULE_INFO) at 0x2EEF10
[23:59:34.682] |I| [pre_load_module]: Pre-load module SceLibft2 (at "sys/external/libSceFt2.suprx") loaded
[23:59:34.684] |I| [load_self]: Loaded module segment 0 @ [0x00305000 - 0x00314F14 / 0x81000000] (size: 0x0000FF14) of module vs0:sys/external/libpvf.suprx
[23:59:34.684] |I| [load_self]: Loaded module segment 1 @ [0x00315000 - 0x00315008 / 0x81010000] (size: 0x00000008) of module vs0:sys/external/libpvf.suprx
[23:59:34.684] |I| [load_self]: Loading symbols for SELF: vs0:sys/external/libpvf.suprx
[23:59:34.684] |D| [load_var_exports]: 	NID 0x936C8A78 (SYSLYB) at 0x313710
[23:59:34.684] |D| [load_var_exports]: 	NID 0x6C2224BA (NID_MODULE_INFO) at 0x313300
[23:59:34.684] |I| [pre_load_module]: Pre-load module SceLibPvf (at "sys/external/libpvf.suprx") loaded
[23:59:34.695] |C| [load_self]: Unknown segment type 0x6FFFFF01
[23:59:34.695] |I| [load_self]: Loaded module segment 0 @ [0x81000000 - 0x81040ED0 / 0x81000000] (size: 0x00040ED0) of module app0:eboot.bin
[23:59:34.695] |I| [load_self]: Loaded module segment 1 @ [0x81041000 - 0x810428A0 / 0x81041000] (size: 0x000018A0) of module app0:eboot.bin
[23:59:34.695] |I| [load_self]: Loading symbols for SELF: app0:eboot.bin
[23:59:34.695] |D| [load_var_exports]: 	NID 0x6C2224BA (NID_MODULE_INFO) at 0x81034214
[23:59:34.695] |D| [load_var_exports]: 	NID 0x70FBA1E7 (SCE_PROC_PARAMS) at 0x810417A4
[23:59:34.695] |I| [load_app_impl]: Main executable CureMateClub (eboot.bin) loaded
[23:59:34.702] |D| [run_app]: Running module_start of library: SceLibc at address 0xE7F1
[23:59:34.719] |I| [run_app]: Module SceLibc (at "ux0:app\PCSG00169\sce_module\libc.suprx") module_start returned 0x0
[23:59:34.723] |D| [run_app]: Running module_start of library: SceFace at address 0x70499
[23:59:34.730] |I| [run_app]: Module SceFace (at "ux0:app\PCSG00169\sce_module\libface.suprx") module_start returned 0x0
[23:59:34.734] |D| [run_app]: Running module_start of library: SceLibFios2 at address 0x76001
[23:59:34.742] |W| [stubbed_impl]: Stubbed sceKernelGetProcessId import called. (pid: 0)
[23:59:34.742] |D| [export_sceFiosOverlayGetList02]: maxIDs: 255
[23:59:34.742] |W| [unimplemented_impl]: Unimplemented sceFiosOverlayGetList02 import called.
[23:59:34.742] |I| [run_app]: Module SceLibFios2 (at "ux0:app\PCSG00169\sce_module\libfios2.suprx") module_start returned 0x0
[23:59:34.746] |D| [run_app]: Running module_start of library: SceSmart at address 0xA7775
[23:59:34.759] |I| [run_app]: Module SceSmart (at "ux0:app\PCSG00169\sce_module\libsmart.suprx") module_start returned 0x0
[23:59:34.763] |D| [run_app]: Running module_start of library: SceUlt at address 0x2A084D
[23:59:34.770] |W| [unimplemented_impl]: Unimplemented _sceUlobjMgrRegisterLibultProtocolRevision import called.
[23:59:34.771] |I| [run_app]: Module SceUlt (at "ux0:app\PCSG00169\sce_module\libult.suprx") module_start returned 0x0
[23:59:34.784] |W| [stubbed_impl]: Stubbed sceGxmMapMemory import called. (always return success)
[23:59:34.785] |W| [stubbed_impl]: Stubbed sceGxmMapFragmentUsseMemory import called. (always return success)
[23:59:34.820] |W| [stubbed_impl]: Stubbed sceGxmMapVertexUsseMemory import called. (always return success)
[23:59:34.826] |W| [stubbed_impl]: Stubbed sceDisplayWaitSetFrameBuf import called. (move after setframebuf)
[23:59:34.961] |W| [unimplemented_impl]: Unimplemented sceCommonDialogUpdate import called.
[23:59:34.970] |W| [unimplemented_impl]: Unimplemented sceJpegEncoderGetContextSize import called.
[23:59:34.971] |W| [unimplemented_impl]: Unimplemented sceJpegEncoderInitWithParam import called.
[23:59:34.992] |I| [export_sceIoOpen]: Opening file: sa0:data/font/pvf/jpn0.pvf
[23:59:34.992] |I| [export_sceClibPrintf]: LIBPVF>>> FILE: sa0:data/font/pvf/jpn0.pvf

[23:59:34.992] |W| [unimplemented_impl]: Unimplemented sceIoIoctl import called.
[23:59:35.042] |W| [unimplemented_impl]: Unimplemented sceAppUtilInit import called.
[23:59:35.043] |W| [unimplemented_impl]: Unimplemented sceCommonDialogSetConfigParam import called.
[23:59:35.043] |W| [unimplemented_impl]: Unimplemented sceTouchEnableTouchForce import called.
[23:59:35.045] |W| [unimplemented_impl]: Unimplemented sceAtracCreateDecoderGroup import called.
[23:59:35.237] |W| [stubbed_impl]: Stubbed sceNpTrophyCreateHandle import called. (Stubbed handle with 1)
[23:59:35.263] |W| [unimplemented_impl]: Unimplemented sceGxmTransferFill import called.
[23:59:35.264] |W| [unimplemented_impl]: Unimplemented sceGxmTransferFinish import called.
[23:59:35.299] |I| [renderer::gl::load_shader_generic]: Generating frag shader 5cb637b8615e5c92b21f1f65eb48345d2c47996d4a30e75271d2d972a3ae3911
[23:59:35.300] |D| [shader::create_parameters]: [DEFAULT  + 0] sa0 = (float1) a
[23:59:35.317] |I| [renderer::gl::load_shader_generic]: Generating vert shader c8ed0c0bb03cc6b7176ba1cecc0442709826808306cd7af1fd0866f69aa70c06
[23:59:35.318] |D| [shader::create_parameters]: [BUFFER0  + 0] pa0 = (float4) aPosition
[23:59:35.318] |D| [shader::create_parameters]: [BUFFER0  + 4] pa4 = (float4) aTexCoord
[23:59:35.325] |I| [export_sceIoOpen]: Opening file: app0:resource\image\sys\sys_marker_first_read.png
[23:59:35.335] |I| [export_sceIoOpen]: Opening file: app0:resource\image\sys\sys_marker_not_first.png
[23:59:35.337] |I| [export_sceIoOpen]: Opening file: app0:resource\image\sys\sys_marker_skip.png
[23:59:35.350] |W| [stubbed_impl]: Stubbed sceDisplayWaitSetFrameBufMulti import called. (move after setframebuf)
[23:59:35.366] |I| [export_sceIoOpen]: Opening file: app0:resource\image\sys\sys_marker_all_skip.png
[23:59:35.368] |I| [export_sceIoOpen]: Opening file: app0:resource\image\sys\sys_marker_auto.png
[23:59:35.370] |I| [export_sceIoOpen]: Opening file: app0:resource\image\sys\sys_marker_quick_save.png
[23:59:35.445] |I| [export_sceIoOpen]: Opening file: app0:resource\image\sysc\sysc_button_cir.png
[23:59:35.463] |I| [export_sceIoOpen]: Opening file: app0:resource\image\sysc\sysc_button_cro.png
[23:59:35.482] |I| [export_sceIoOpen]: Opening file: app0:resource\image\sysc\sysc_button_tri.png
[23:59:35.494] |I| [export_sceIoOpen]: Opening file: app0:resource\image\sysc\sysc_button_squ.png
[23:59:35.500] |I| [export_sceIoOpen]: Opening file: app0:resource\image\sysc\sysc_button_up.png
[23:59:35.505] |I| [export_sceIoOpen]: Opening file: app0:resource\image\sysc\sysc_button_down.png
[23:59:35.510] |I| [export_sceIoOpen]: Opening file: app0:resource\image\sysc\sysc_button_l.png
[23:59:35.516] |I| [export_sceIoOpen]: Opening file: app0:resource\image\sysc\sysc_button_r.png
[23:59:35.521] |I| [export_sceIoOpen]: Opening file: app0:resource\image\sysc\sysc_button_start.png
[23:59:35.531] |I| [export_sceIoOpen]: Opening file: app0:resource\image\sysc\sysc_button_number.png
[23:59:35.544] |I| [export_sceIoOpen]: Opening file: savedata0:system.dat
[23:59:35.544] |E| [open_file]: Missing file at D:/Emulateurs/Vita3K/mc/ux0/user/00/savedata/PCSG00169/system.dat (target path: savedata0:system.dat)
[23:59:35.544] |W| [io_error_impl]: open_file (sceIoOpen) returned 0x80010002
[23:59:35.548] |I| [export_sceIoOpen]: Opening file: app0:resource\image\sys\sys_title_button_saisho.png
[23:59:35.579] |I| [export_sceIoOpen]: Opening file: app0:resource\image\sys\sys_title_button_tsuduki.png
[23:59:35.603] |I| [export_sceIoOpen]: Opening file: app0:resource\image\sys\sys_title_button_cg.png
[23:59:35.633] |I| [export_sceIoOpen]: Opening file: app0:resource\image\sys\sys_title_button_bgm.png
[23:59:35.663] |I| [export_sceIoOpen]: Opening file: app0:resource\image\sys\sys_title_base.jpg
[23:59:35.684] |I| [export_sceIoOpen]: Opening file: app0:resource\text\00\00_title.txt
[23:59:35.720] |E| [call_import]: Import function for NID 0xE340C007 not found (thread name: PCSG00169, thread ID: 8)
[23:59:51.213] |E| [discordrpc::update_presence::<lambda_23ff884bf2cdb1bde950cb16a82f908e>::operator ()]: Error updating discord rich presence, err_code: 43
[23:59:51.214] |E| [discordrpc::update_presence::<lambda_23ff884bf2cdb1bde950cb16a82f908e>::operator ()]: Error updating discord rich presence, err_code: 43
