[00:45:19.031] |I| [load_app_impl]: cpu-backend: Dynarmic
[00:45:19.031] |I| [load_app_impl]: CPU Optimisation state: true
[00:45:19.032] |I| [load_app_impl]: at9 audio decoder state: true
[00:45:19.032] |I| [load_app_impl]: ngs experimental state: true
[00:45:19.033] |I| [load_app_impl]: video player state: true
[00:45:19.033] |I| [load_app_impl]: modules mode: Automatic
[00:45:19.034] |I| [load_app_impl]: Title: ＠ｆｉｅｌｄ
[00:45:19.034] |I| [load_app_impl]: Serial: PCSG00022
[00:45:19.035] |I| [load_app_impl]: Version: 1.00
[00:45:19.035] |I| [load_app_impl]: Category: gd
[00:45:19.117] |C| [load_self]: Unknown segment type 0x6FFFFF01
[00:45:19.117] |I| [load_self]: Loaded module segment 0 @ [0x00007000 - 0x00042F34 / 0x81000000] (size: 0x0003BF34) of module app0:sce_module/libc.suprx
[00:45:19.118] |I| [load_self]: Loaded module segment 1 @ [0x00043000 - 0x0004533C / 0x8103C000] (size: 0x0000233C) of module app0:sce_module/libc.suprx
[00:45:19.119] |I| [load_self]: Loading symbols for SELF: app0:sce_module/libc.suprx
[00:45:19.120] |D| [load_var_exports]: 	NID 0x6C2224BA (NID_MODULE_INFO) at 0x34A70
[00:45:19.120] |W| [load_var_imports]: 	NID NOT FOUND 0xDF084DFA (UNRECOGNISED) at 0x38220, setting to stub value 0xDEADBEEF
[00:45:19.121] |I| [pre_load_module]: Pre-load module SceLibc (at "sce_module/libc.suprx") loaded
[00:45:19.155] |C| [load_self]: Unknown segment type 0x6FFFFF01
[00:45:19.155] |I| [load_self]: Loaded module segment 0 @ [0x00047000 - 0x00068E94 / 0x81000000] (size: 0x00021E94) of module app0:sce_module/libfios2.suprx
[00:45:19.156] |I| [load_self]: Loaded module segment 1 @ [0x00069000 - 0x0006E22C / 0x81022000] (size: 0x0000522C) of module app0:sce_module/libfios2.suprx
[00:45:19.157] |I| [load_self]: Loading symbols for SELF: app0:sce_module/libfios2.suprx
[00:45:19.158] |D| [load_var_exports]: 	NID 0x6C2224BA (NID_MODULE_INFO) at 0x62888
[00:45:19.158] |I| [pre_load_module]: Pre-load module SceLibFios2 (at "sce_module/libfios2.suprx") loaded
[00:45:19.187] |C| [load_self]: Unknown segment type 0x6FFFFF01
[00:45:19.188] |I| [load_self]: Loaded module segment 0 @ [0x0006F000 - 0x000836AC / 0x81000000] (size: 0x000146AC) of module app0:sce_module/libult.suprx
[00:45:19.189] |I| [load_self]: Loaded module segment 1 @ [0x00084000 - 0x00084810 / 0x81015000] (size: 0x00000810) of module app0:sce_module/libult.suprx
[00:45:19.189] |I| [load_self]: Loading symbols for SELF: app0:sce_module/libult.suprx
[00:45:19.190] |D| [load_var_exports]: 	NID 0x6C2224BA (NID_MODULE_INFO) at 0x80390
[00:45:19.190] |I| [pre_load_module]: Pre-load module SceUlt (at "sce_module/libult.suprx") loaded
[00:45:19.197] |I| [load_self]: Loaded module segment 0 @ [0x00085000 - 0x000D5F04 / 0x81000000] (size: 0x00050F04) of module vs0:sys/external/libSceFt2.suprx
[00:45:19.198] |I| [load_self]: Loaded module segment 1 @ [0x000D6000 - 0x000D62F4 / 0x81051000] (size: 0x000002F4) of module vs0:sys/external/libSceFt2.suprx
[00:45:19.199] |I| [load_self]: Loading symbols for SELF: vs0:sys/external/libSceFt2.suprx
[00:45:19.199] |D| [load_var_exports]: 	NID 0x936C8A78 (SYSLYB) at 0xC17DC
[00:45:19.199] |D| [load_var_exports]: 	NID 0x6C2224BA (NID_MODULE_INFO) at 0xC0F10
[00:45:19.200] |W| [load_var_imports]: 	NID NOT FOUND 0x93B8AA67 (UNRECOGNISED) at 0xD5EE0, setting to stub value 0xDEADBEEF
[00:45:19.203] |I| [pre_load_module]: Pre-load module SceLibft2 (at "sys/external/libSceFt2.suprx") loaded
[00:45:19.205] |I| [load_self]: Loaded module segment 0 @ [0x000D8000 - 0x000E7F14 / 0x81000000] (size: 0x0000FF14) of module vs0:sys/external/libpvf.suprx
[00:45:19.206] |I| [load_self]: Loaded module segment 1 @ [0x000E8000 - 0x000E8008 / 0x81010000] (size: 0x00000008) of module vs0:sys/external/libpvf.suprx
[00:45:19.207] |I| [load_self]: Loading symbols for SELF: vs0:sys/external/libpvf.suprx
[00:45:19.207] |D| [load_var_exports]: 	NID 0x936C8A78 (SYSLYB) at 0xE6710
[00:45:19.208] |D| [load_var_exports]: 	NID 0x6C2224BA (NID_MODULE_INFO) at 0xE6300
[00:45:19.208] |I| [pre_load_module]: Pre-load module SceLibPvf (at "sys/external/libpvf.suprx") loaded
[00:45:19.281] |C| [load_self]: Unknown segment type 0x6FFFFF01
[00:45:19.281] |I| [load_self]: Loaded module segment 0 @ [0x81000000 - 0x8132625C / 0x81000000] (size: 0x0032625C) of module app0:eboot.bin
[00:45:19.282] |I| [load_self]: Loaded module segment 1 @ [0x81327000 - 0x8136F658 / 0x81327000] (size: 0x00048658) of module app0:eboot.bin
[00:45:19.283] |I| [load_self]: Loading symbols for SELF: app0:eboot.bin
[00:45:19.284] |D| [load_var_exports]: 	NID 0x6C2224BA (NID_MODULE_INFO) at 0x812B1A54
[00:45:19.284] |D| [load_var_exports]: 	NID 0x70FBA1E7 (SCE_PROC_PARAMS) at 0x81327E0C
[00:45:19.285] |I| [load_app_impl]: Main executable GolfPSP2 (eboot.bin) loaded
[00:45:19.293] |D| [run_app]: Running module_start of library: SceLibc at address 0x75E5
[00:45:19.303] |I| [export_sceIoOpen]: Opening file: tty0:
[00:45:19.303] |I| [export_sceIoOpen]: Opening file: tty0:
[00:45:19.304] |I| [export_sceIoOpen]: Opening file: tty1:
[00:45:19.309] |I| [run_app]: Module SceLibc (at "app0:sce_module/libc.suprx") module_start returned 0x0
[00:45:19.313] |D| [run_app]: Running module_start of library: SceLibFios2 at address 0x47001
[00:45:19.322] |I| [run_app]: Module SceLibFios2 (at "app0:sce_module/libfios2.suprx") module_start returned 0x0
[00:45:19.326] |D| [run_app]: Running module_start of library: SceUlt at address 0x72D69
[00:45:19.334] |I| [run_app]: Module SceUlt (at "app0:sce_module/libult.suprx") module_start returned 0x0
[00:45:19.448] |W| [stubbed_impl]: Stubbed sceGxmMapMemory import called. (always return success)
[00:45:19.451] |W| [stubbed_impl]: Stubbed sceGxmMapFragmentUsseMemory import called. (always return success)
[00:45:19.519] |W| [stubbed_impl]: Stubbed sceGxmGetRenderTargetMemSize import called. (2MB host mem)
[00:45:19.548] |D| [export_sceGxmCreateRenderTarget]: scene par frame: 1
[00:45:19.805] |W| [unimplemented_impl]: Unimplemented ksceKernelGetThreadCurrentPriority import called.
[00:45:19.906] |W| [stubbed_impl]: Stubbed sceGxmMapVertexUsseMemory import called. (always return success)
[00:45:19.960] |W| [unimplemented_impl]: Unimplemented sceAppUtilInit import called.
[00:45:19.961] |W| [unimplemented_impl]: Unimplemented sceCommonDialogSetConfigParam import called.
[00:45:19.976] |W| [unimplemented_impl]: Unimplemented sceKernelChangeThreadVfpException import called.
[00:45:19.976] |W| [unimplemented_impl]: Unimplemented _sceFiosKernelOverlayThreadSetDisabled import called.
[00:45:19.978] |W| [stubbed_impl]: Stubbed _sceKernelWaitLwCondCB import called. (Try CB)
[00:45:20.018] |W| [stubbed_impl]: Stubbed sceKernelGetProcessId import called. (pid: 0)
[00:45:20.019] |W| [stubbed_impl]: Stubbed _sceFiosKernelOverlayResolveWithRangeSync import called. (Using strncpy)
[00:45:20.029] |W| [unimplemented_impl]: Unimplemented _sceFiosKernelOverlayGetRecommendedScheduler import called.
[00:45:20.036] |I| [export_sceIoOpen]: Opening file: app0:/Media/Field/Sounds/snd.psarc
[00:45:20.123] |W| [stubbed_impl]: Stubbed _sceFiosKernelOverlayGetList import called. (Set pActualIDs to 0)
[00:45:20.124] |D| [export__sceFiosKernelOverlayGetList]: pid: 0
[00:45:20.124] |D| [export__sceFiosKernelOverlayGetList]: buffer_size: 4
[00:45:20.125] |D| [export__sceFiosKernelOverlayGetList]: maxIDs: 1
[00:45:20.125] |D| [export__sceFiosKernelOverlayGetList]: pActualIDs: 0
[00:45:20.128] |D| [ngs::create_voice_definition]: type: 0
[00:45:20.128] |D| [ngs::create_voice_definition]: type: 13
[00:45:20.129] |D| [export_sceNgsVoicePlay]: sceNgsVoicePlay: 1
[00:45:20.143] |I| [export_sceIoOpen]: Opening file: Media/Field/Fonts/GXM/FOT-SeuratPro-B.fgen.GXM.phyre.psa
[00:45:20.143] |E| [open_file]: Cannot find device for path: Media/Field/Fonts/GXM/FOT-SeuratPro-B.fgen.GXM.phyre.psa
[00:45:20.144] |W| [io_error_impl]: open_file (sceIoOpen) returned 0x80010002
[00:45:20.146] |I| [export_sceIoOpen]: Opening file: app0:Media/Field/Fonts/GXM/FOT-SeuratPro-B.fgen.GXM.phyre.psa
[00:45:20.149] |I| [export_sceIoOpen]: Opening file: Media/Field/Fonts/GXM/FOT-SeuratPro-B.fgen.GXM.phyre.d
[00:45:20.149] |E| [open_file]: Cannot find device for path: Media/Field/Fonts/GXM/FOT-SeuratPro-B.fgen.GXM.phyre.d
[00:45:20.149] |W| [io_error_impl]: open_file (sceIoOpen) returned 0x80010002
[00:45:20.150] |I| [export_sceIoOpen]: Opening file: app0:Media/Field/Fonts/GXM/FOT-SeuratPro-B.fgen.GXM.phyre.d
[00:45:20.150] |E| [open_file]: Missing file at D:/Emulateurs/Vita3K/mc/ux0/app/PCSG00022/Media/Field/Fonts/GXM/FOT-SeuratPro-B.fgen.GXM.phyre.d (target path: app0:Media/Field/Fonts/GXM/FOT-SeuratPro-B.fgen.GXM.phyre.d)
[00:45:20.151] |W| [io_error_impl]: open_file (sceIoOpen) returned 0x80010002
[00:45:20.197] |I| [export_sceIoOpen]: Opening file: app0:/Media/Field/Fonts/GXM/FOT-SeuratPro-B.fgen.GXM.phyre.psa
[00:45:20.214] |I| [export_sceIoOpen]: Opening file: app0:/Media/Field/Fonts/GXM/FOT-SeuratPro-B.fgen.GXM.phyre.psa
[00:45:20.219] |D| [export__sceFiosKernelOverlayGetList]: pid: 0
[00:45:20.219] |D| [export__sceFiosKernelOverlayGetList]: buffer_size: 4
[00:45:20.220] |D| [export__sceFiosKernelOverlayGetList]: maxIDs: 1
[00:45:20.220] |D| [export__sceFiosKernelOverlayGetList]: pActualIDs: 0
[00:45:20.223] |I| [export_sceIoOpen]: Opening file: Media/Field/Fonts/GXM/FOT-SeuratPro-B.fgen.GXM.phyre.psa
[00:45:20.223] |E| [open_file]: Cannot find device for path: Media/Field/Fonts/GXM/FOT-SeuratPro-B.fgen.GXM.phyre.psa
[00:45:20.224] |W| [io_error_impl]: open_file (sceIoOpen) returned 0x80010002
[00:45:20.224] |I| [export_sceIoOpen]: Opening file: app0:Media/Field/Fonts/GXM/FOT-SeuratPro-B.fgen.GXM.phyre.psa
[00:45:20.225] |I| [export_sceIoOpen]: Opening file: Media/Field/Fonts/GXM/FOT-SeuratPro-B.fgen.GXM.phyre.d
[00:45:20.225] |E| [open_file]: Cannot find device for path: Media/Field/Fonts/GXM/FOT-SeuratPro-B.fgen.GXM.phyre.d
[00:45:20.225] |W| [io_error_impl]: open_file (sceIoOpen) returned 0x80010002
[00:45:20.226] |I| [export_sceIoOpen]: Opening file: app0:Media/Field/Fonts/GXM/FOT-SeuratPro-B.fgen.GXM.phyre.d
[00:45:20.226] |E| [open_file]: Missing file at D:/Emulateurs/Vita3K/mc/ux0/app/PCSG00022/Media/Field/Fonts/GXM/FOT-SeuratPro-B.fgen.GXM.phyre.d (target path: app0:Media/Field/Fonts/GXM/FOT-SeuratPro-B.fgen.GXM.phyre.d)
[00:45:20.227] |W| [io_error_impl]: open_file (sceIoOpen) returned 0x80010002
[00:45:20.269] |I| [export_sceIoOpen]: Opening file: app0:/Media/Field/Fonts/GXM/FOT-SeuratPro-B.fgen.GXM.phyre.psa
[00:45:20.286] |I| [export_sceIoOpen]: Opening file: app0:/Media/Field/Fonts/GXM/FOT-SeuratPro-B.fgen.GXM.phyre.psa
[00:45:20.293] |D| [export__sceFiosKernelOverlayGetList]: pid: 0
[00:45:20.293] |D| [export__sceFiosKernelOverlayGetList]: buffer_size: 4
[00:45:20.293] |D| [export__sceFiosKernelOverlayGetList]: maxIDs: 1
[00:45:20.294] |D| [export__sceFiosKernelOverlayGetList]: pActualIDs: 0
[00:45:20.712] |I| [export_sceIoOpen]: Opening file: Media/Field/Shaders/GXM/SpriteShader001.cgfx.GXM.phyre.psa
[00:45:20.712] |E| [open_file]: Cannot find device for path: Media/Field/Shaders/GXM/SpriteShader001.cgfx.GXM.phyre.psa
[00:45:20.713] |W| [io_error_impl]: open_file (sceIoOpen) returned 0x80010002
[00:45:20.713] |I| [export_sceIoOpen]: Opening file: app0:Media/Field/Shaders/GXM/SpriteShader001.cgfx.GXM.phyre.psa
[00:45:20.737] |I| [export_sceIoOpen]: Opening file: Media/Field/Shaders/GXM/SpriteShader001.cgfx.GXM.phyre.d
[00:45:20.737] |E| [open_file]: Cannot find device for path: Media/Field/Shaders/GXM/SpriteShader001.cgfx.GXM.phyre.d
[00:45:20.738] |W| [io_error_impl]: open_file (sceIoOpen) returned 0x80010002
[00:45:20.738] |I| [export_sceIoOpen]: Opening file: app0:Media/Field/Shaders/GXM/SpriteShader001.cgfx.GXM.phyre.d
[00:45:20.739] |E| [open_file]: Missing file at D:/Emulateurs/Vita3K/mc/ux0/app/PCSG00022/Media/Field/Shaders/GXM/SpriteShader001.cgfx.GXM.phyre.d (target path: app0:Media/Field/Shaders/GXM/SpriteShader001.cgfx.GXM.phyre.d)
[00:45:20.739] |W| [io_error_impl]: open_file (sceIoOpen) returned 0x80010002
[00:45:20.784] |I| [export_sceIoOpen]: Opening file: app0:/Media/Field/Shaders/GXM/SpriteShader001.cgfx