[12:35:46.138] |I| [load_app_impl]: cpu-backend: Dynarmic
[12:35:46.139] |I| [load_app_impl]: CPU Optimisation state: true
[12:35:46.139] |I| [load_app_impl]: at9 audio decoder state: true
[12:35:46.139] |I| [load_app_impl]: ngs experimental state: true
[12:35:46.139] |I| [load_app_impl]: video player state: true
[12:35:46.139] |I| [load_app_impl]: lle-modules: libpgf,libSceXml,libsas,liblocation,libhandwriting,libSceJson,librudp
[12:35:46.139] |I| [load_app_impl]: Title: デジモンワールド -next 0rder-
[12:35:46.140] |I| [load_app_impl]: Serial: PCSG00792
[12:35:46.140] |I| [load_app_impl]: Version: 1.05
[12:35:46.140] |I| [load_app_impl]: Category: gp
[12:35:46.234] |C| [load_self]: Unknown segment type 0x6FFFFF01
[12:35:46.235] |I| [load_self]: Loaded module segment 0 @ [0x00007000 - 0x000588A4 / 0x81000000] (size: 0x000518A4) of module ux0:app\PCSG00792\sce_module\libc.suprx
[12:35:46.235] |I| [load_self]: Loaded module segment 1 @ [0x00059000 - 0x0005B8A0 / 0x81052000] (size: 0x000028A0) of module ux0:app\PCSG00792\sce_module\libc.suprx
[12:35:46.235] |I| [load_self]: Loading symbols for SELF: ux0:app\PCSG00792\sce_module\libc.suprx
[12:35:46.235] |D| [load_var_exports]: 	NID 0x936C8A78 (SYSLYB) at 0x4E314
[12:35:46.236] |D| [load_var_exports]: 	NID 0x6C2224BA (NID_MODULE_INFO) at 0x434DC
[12:35:46.236] |W| [load_var_imports]: 	NID NOT FOUND 0x93B8AA67 (UNRECOGNISED) at 0x4763C, setting to stub value 0xDEADBEEF
[12:35:46.236] |W| [load_var_imports]: 	NID NOT FOUND 0xDF084DFA (UNRECOGNISED) at 0x491D0, setting to stub value 0xDEADBEEF
[12:35:46.237] |I| [pre_load_module]: Pre-load module SceLibc (at "app\PCSG00792\sce_module\libc.suprx") loaded
[12:35:46.244] |C| [load_self]: Unknown segment type 0x6FFFFF01
[12:35:46.245] |I| [load_self]: Loaded module segment 0 @ [0x0005E000 - 0x00077000 / 0x81000000] (size: 0x00019000) of module ux0:app\PCSG00792\sce_module\libface.suprx
[12:35:46.246] |I| [load_self]: Loaded module segment 1 @ [0x00077000 - 0x000770F8 / 0x81019000] (size: 0x000000F8) of module ux0:app\PCSG00792\sce_module\libface.suprx
[12:35:46.246] |I| [load_self]: Loading symbols for SELF: ux0:app\PCSG00792\sce_module\libface.suprx
[12:35:46.246] |D| [load_var_exports]: 	NID 0x6C2224BA (NID_MODULE_INFO) at 0x73DA4
[12:35:46.246] |D| [load_var_exports]: 	NID 0x936C8A78 (SYSLYB) at 0x76784
[12:35:46.246] |I| [pre_load_module]: Pre-load module SceFace (at "app\PCSG00792\sce_module\libface.suprx") loaded
[12:35:46.257] |C| [load_self]: Unknown segment type 0x6FFFFF01
[12:35:46.258] |I| [load_self]: Loaded module segment 0 @ [0x00078000 - 0x000A4CBF / 0x81000000] (size: 0x0002CCBF) of module ux0:app\PCSG00792\sce_module\libfios2.suprx
[12:35:46.258] |I| [load_self]: Loaded module segment 1 @ [0x000A5000 - 0x000AA255 / 0x8102D000] (size: 0x00005255) of module ux0:app\PCSG00792\sce_module\libfios2.suprx
[12:35:46.258] |I| [load_self]: Loading symbols for SELF: ux0:app\PCSG00792\sce_module\libfios2.suprx
[12:35:46.258] |D| [load_var_exports]: 	NID 0x936C8A78 (SYSLYB) at 0xA4BC8
[12:35:46.258] |D| [load_var_exports]: 	NID 0x6C2224BA (NID_MODULE_INFO) at 0x9BF08
[12:35:46.259] |I| [pre_load_module]: Pre-load module SceLibFios2 (at "app\PCSG00792\sce_module\libfios2.suprx") loaded
[12:35:46.308] |C| [load_self]: Unknown segment type 0x6FFFFF01
[12:35:46.309] |I| [load_self]: Loaded module segment 0 @ [0x000AB000 - 0x002B8AF4 / 0x81000000] (size: 0x0020DAF4) of module ux0:app\PCSG00792\sce_module\libsmart.suprx
[12:35:46.310] |I| [load_self]: Loaded module segment 1 @ [0x002B9000 - 0x002BC444 / 0x8120E000] (size: 0x00003444) of module ux0:app\PCSG00792\sce_module\libsmart.suprx
[12:35:46.310] |I| [load_self]: Loading symbols for SELF: ux0:app\PCSG00792\sce_module\libsmart.suprx
[12:35:46.310] |D| [load_var_exports]: 	NID 0x6C2224BA (NID_MODULE_INFO) at 0x156528
[12:35:46.310] |D| [load_var_exports]: 	NID 0x936C8A78 (SYSLYB) at 0x15D90C
[12:35:46.311] |I| [pre_load_module]: Pre-load module SceSmart (at "app\PCSG00792\sce_module\libsmart.suprx") loaded
[12:35:46.322] |C| [load_self]: Unknown segment type 0x6FFFFF01
[12:35:46.323] |I| [load_self]: Loaded module segment 0 @ [0x002BD000 - 0x002D09BC / 0x81000000] (size: 0x000139BC) of module ux0:app\PCSG00792\sce_module\libult.suprx
[12:35:46.323] |I| [load_self]: Loaded module segment 1 @ [0x002D1000 - 0x002D1814 / 0x81014000] (size: 0x00000814) of module ux0:app\PCSG00792\sce_module\libult.suprx
[12:35:46.323] |I| [load_self]: Loading symbols for SELF: ux0:app\PCSG00792\sce_module\libult.suprx
[12:35:46.323] |D| [load_var_exports]: 	NID 0x936C8A78 (SYSLYB) at 0x2CF2E8
[12:35:46.323] |D| [load_var_exports]: 	NID 0x6C2224BA (NID_MODULE_INFO) at 0x2CC870
[12:35:46.323] |I| [pre_load_module]: Pre-load module SceUlt (at "app\PCSG00792\sce_module\libult.suprx") loaded
[12:35:46.331] |I| [load_self]: Loaded module segment 0 @ [0x002D2000 - 0x00322F04 / 0x81000000] (size: 0x00050F04) of module vs0:sys/external/libSceFt2.suprx
[12:35:46.331] |I| [load_self]: Loaded module segment 1 @ [0x00323000 - 0x003232F4 / 0x81051000] (size: 0x000002F4) of module vs0:sys/external/libSceFt2.suprx
[12:35:46.331] |I| [load_self]: Loading symbols for SELF: vs0:sys/external/libSceFt2.suprx
[12:35:46.331] |D| [load_var_exports]: 	NID 0x936C8A78 (SYSLYB) at 0x30E7DC
[12:35:46.331] |D| [load_var_exports]: 	NID 0x6C2224BA (NID_MODULE_INFO) at 0x30DF10
[12:35:46.332] |I| [pre_load_module]: Pre-load module SceLibft2 (at "sys/external/libSceFt2.suprx") loaded
[12:35:46.335] |I| [load_self]: Loaded module segment 0 @ [0x00324000 - 0x00333F14 / 0x81000000] (size: 0x0000FF14) of module vs0:sys/external/libpvf.suprx
[12:35:46.335] |I| [load_self]: Loaded module segment 1 @ [0x00334000 - 0x00334008 / 0x81010000] (size: 0x00000008) of module vs0:sys/external/libpvf.suprx
[12:35:46.335] |I| [load_self]: Loading symbols for SELF: vs0:sys/external/libpvf.suprx
[12:35:46.335] |D| [load_var_exports]: 	NID 0x936C8A78 (SYSLYB) at 0x332710
[12:35:46.335] |D| [load_var_exports]: 	NID 0x6C2224BA (NID_MODULE_INFO) at 0x332300
[12:35:46.335] |I| [pre_load_module]: Pre-load module SceLibPvf (at "sys/external/libpvf.suprx") loaded
[12:35:47.216] |C| [load_self]: Unknown segment type 0x6FFFFF01
[12:35:47.217] |I| [load_self]: Loaded module segment 0 @ [0x00335000 - 0x022AE54C / 0x81000000] (size: 0x01F7954C) of module app0:eboot.bin
[12:35:47.217] |I| [load_self]: Loaded module segment 1 @ [0x022AF000 - 0x025F33D8 / 0x82F7A000] (size: 0x003443D8) of module app0:eboot.bin
[12:35:47.217] |I| [load_self]: Loading symbols for SELF: app0:eboot.bin
[12:35:47.217] |D| [load_var_exports]: 	NID 0x6C2224BA (NID_MODULE_INFO) at 0x2025A4C
[12:35:47.217] |D| [load_var_exports]: 	NID 0x70FBA1E7 (SCE_PROC_PARAMS) at 0x22AF08C
[12:35:47.217] |D| [load_var_exports]: 	NID 0x936C8A78 (SYSLYB) at 0x217EBFC
[12:35:47.218] |W| [load_var_imports]: 	NID NOT FOUND 0x1A5C609 (UNRECOGNISED) at 0x2075354, setting to stub value 0xDEADBEEF
[12:35:47.218] |W| [load_var_imports]: 	NID NOT FOUND 0x6EF1E48 (UNRECOGNISED) at 0x2072D28, setting to stub value 0xDEADBEEF
[12:35:47.220] |I| [load_app_impl]: Main executable UnityPlayer_524_Release (eboot.bin) loaded
[12:35:47.230] |D| [run_app]: Running module_start of library: SceLibc at address 0x7871
[12:35:47.250] |I| [run_app]: Module SceLibc (at "ux0:app\PCSG00792\sce_module\libc.suprx") module_start returned 0x0
[12:35:47.254] |D| [run_app]: Running module_start of library: SceFace at address 0x73265
[12:35:47.265] |I| [run_app]: Module SceFace (at "ux0:app\PCSG00792\sce_module\libface.suprx") module_start returned 0x0
[12:35:47.269] |D| [run_app]: Running module_start of library: SceLibFios2 at address 0x78001
[12:35:47.278] |W| [stubbed_impl]: Stubbed sceKernelGetProcessId import called. (pid: 0)
[12:35:47.278] |D| [export_sceFiosOverlayGetList02]: maxIDs: 127
[12:35:47.278] |W| [unimplemented_impl]: Unimplemented sceFiosOverlayGetList02 import called.
[12:35:47.279] |I| [run_app]: Module SceLibFios2 (at "ux0:app\PCSG00792\sce_module\libfios2.suprx") module_start returned 0x0
[12:35:47.283] |D| [run_app]: Running module_start of library: SceSmart at address 0xAB18D
[12:35:47.295] |I| [run_app]: Module SceSmart (at "ux0:app\PCSG00792\sce_module\libsmart.suprx") module_start returned 0x0
[12:35:47.299] |D| [run_app]: Running module_start of library: SceUlt at address 0x2C0771
[12:35:47.308] |W| [unimplemented_impl]: Unimplemented _sceUlobjMgrRegisterLibultProtocolRevision import called.
[12:35:47.308] |I| [run_app]: Module SceUlt (at "ux0:app\PCSG00792\sce_module\libult.suprx") module_start returned 0x0
[12:35:47.318] |W| [unimplemented_impl]: Unimplemented sceKernelRegisterThreadEventHandler import called.
[12:35:47.606] |W| [stubbed_impl]: Stubbed sceKernelGetFreeMemorySize import called. (Single pool)
[12:35:47.607] |W| [unimplemented_impl]: Unimplemented sceAppUtilInit import called.
[12:35:47.646] |C| [load_self]: Unknown segment type 0x6FFFFF01
[12:35:47.646] |I| [load_self]: Loaded module segment 0 @ [0x02A39000 - 0x02A3FC9C / 0x81000000] (size: 0x00006C9C) of module app0:/Media/Modules/pthread.suprx
[12:35:47.646] |I| [load_self]: Loaded module segment 1 @ [0x02A40000 - 0x02A42178 / 0x81007000] (size: 0x00002178) of module app0:/Media/Modules/pthread.suprx
[12:35:47.646] |I| [load_self]: Loading symbols for SELF: app0:/Media/Modules/pthread.suprx
[12:35:47.646] |D| [load_var_exports]: 	NID 0x6C2224BA (NID_MODULE_INFO) at 0x2A3E7E4
[12:35:47.647] |D| [load_var_exports]: 	NID 0x936C8A78 (SYSLYB) at 0x2A3FC98
[12:35:47.656] |I| [export__sceKernelLoadStartModule]: Module PTHREAD_PRX (at "app0:/Media/Modules/pthread.suprx") module_start returned 0x0
[12:35:47.661] |I| [load_module]: Loading module ID: 0x55
[12:35:47.663] |C| [load_self]: Unknown segment type 0x6FFFFF01
[12:35:47.663] |I| [load_self]: Loaded module segment 0 @ [0x02A43000 - 0x02A49230 / 0x81000000] (size: 0x00006230) of module sys/external/libSceJson.suprx
[12:35:47.663] |I| [load_self]: Loaded module segment 1 @ [0x02A4A000 - 0x02A4A049 / 0x81007000] (size: 0x00000049) of module sys/external/libSceJson.suprx
[12:35:47.664] |I| [load_self]: Loading symbols for SELF: sys/external/libSceJson.suprx
[12:35:47.664] |D| [load_var_exports]: 	NID 0x936C8A78 (SYSLYB) at 0x2A490A8
[12:35:47.664] |D| [load_var_exports]: 	NID 0x6C2224BA (NID_MODULE_INFO) at 0x2A48020
[12:35:47.664] |I| [load_module]: Module SceLibJson (at "sys/external/libSceJson.suprx") loaded
[12:35:47.675] |C| [load_self]: Unknown segment type 0x6FFFFF01
[12:35:47.676] |I| [load_self]: Loaded module segment 0 @ [0x02A4B000 - 0x02A506E0 / 0x81000000] (size: 0x000056E0) of module app0:/Media/Modules/SUPRXManager.suprx
[12:35:47.676] |I| [load_self]: Loaded module segment 1 @ [0x02A51000 - 0x02A51044 / 0x81006000] (size: 0x00000044) of module app0:/Media/Modules/SUPRXManager.suprx
[12:35:47.676] |I| [load_self]: Loading symbols for SELF: app0:/Media/Modules/SUPRXManager.suprx
[12:35:47.677] |D| [load_var_exports]: 	NID 0x6C2224BA (NID_MODULE_INFO) at 0x2A4FFB8
[12:35:47.677] |D| [load_var_exports]: 	NID 0x936C8A78 (SYSLYB) at 0x2A50624
[12:35:47.696] |I| [export__sceKernelLoadStartModule]: Module SUPRXManager (at "app0:/Media/Modules/SUPRXManager.suprx") module_start returned 0x0
[12:35:47.764] |C| [load_self]: Unknown segment type 0x6FFFFF01
[12:35:47.765] |I| [load_self]: Loaded module segment 0 @ [0x02A52000 - 0x02CA5C54 / 0x81000000] (size: 0x00253C54) of module app0:/Media/Modules/mono-vita.suprx
[12:35:47.765] |I| [load_self]: Loaded module segment 1 @ [0x02CA6000 - 0x02D0DD10 / 0x81254000] (size: 0x00067D10) of module app0:/Media/Modules/mono-vita.suprx
[12:35:47.765] |I| [load_self]: Loading symbols for SELF: app0:/Media/Modules/mono-vita.suprx
[12:35:47.765] |D| [load_var_exports]: 	NID 0x6C2224BA (NID_MODULE_INFO) at 0x2BEB8D4
[12:35:47.765] |D| [load_var_exports]: 	NID 0x936C8A78 (SYSLYB) at 0x2C8883C
[12:35:47.776] |I| [export__sceKernelLoadStartModule]: Module MONO (at "app0:/Media/Modules/mono-vita.suprx") module_start returned 0x0
[12:35:47.924] |W| [unimplemented_impl]: Unimplemented sceKernelChangeThreadVfpException import called.
[12:35:47.925] |W| [unimplemented_impl]: Unimplemented sceFiosOverlayThreadSetDisabled02 import called.
[12:35:48.009] |W| [unimplemented_impl]: Unimplemented sceFiosOverlayGetRecommendedScheduler02 import called.
[12:35:48.016] |I| [export_sceIoOpen]: Opening file: app0:/archive.psarc
[12:35:48.016] |E| [open_file]: Missing file at D:/Emulateurs/Vita3K/mc/ux0/app/PCSG00792/archive.psarc (target path: app0:/archive.psarc)
[12:35:48.016] |W| [io_error_impl]: open_file (sceIoOpen) returned 0x80010002
[12:35:48.043] |I| [export_sceIoOpen]: Opening file: app0:/archive_patch.psarc
[12:35:48.043] |E| [open_file]: Missing file at D:/Emulateurs/Vita3K/mc/ux0/app/PCSG00792/archive_patch.psarc (target path: app0:/archive_patch.psarc)
[12:35:48.044] |W| [io_error_impl]: open_file (sceIoOpen) returned 0x80010002
[12:35:48.152] |E| [open_dir]: Directory does not exist at: D:/Emulateurs/Vita3K/mc/_INVALID/ (target path: /archive/mount/point)
[12:35:48.153] |W| [io_error_impl]: open_dir (_sceIoDopen) returned 0x80010002
[12:35:48.154] |E| [open_dir]: Directory does not exist at: D:/Emulateurs/Vita3K/mc/ux0/user/00/savedata/PCSG00792/persistentdata/ (target path: savedata0:/persistentdata)
[12:35:48.154] |W| [io_error_impl]: open_dir (_sceIoDopen) returned 0x80010002
[12:35:48.170] |E| [call_import]: Import function for NID 0xE340C2B4 not found (thread name: Unity_main_thread, thread ID: 72)
[12:35:48.175] |I| [export_sceIoOpen]: Opening file: app0:/mono/etc/mono/config
[12:35:48.175] |E| [open_file]: Missing file at D:/Emulateurs/Vita3K/mc/ux0/app/PCSG00792/mono/etc/mono/config (target path: app0:/mono/etc/mono/config)
[12:35:48.175] |W| [io_error_impl]: open_file (sceIoOpen) returned 0x80010002
[12:35:48.177] |I| [export_sceIoOpen]: Opening file: app0:/.mono/config
[12:35:48.178] |E| [open_file]: Missing file at D:/Emulateurs/Vita3K/mc/ux0/app/PCSG00792/.mono/config (target path: app0:/.mono/config)
[12:35:48.178] |W| [io_error_impl]: open_file (sceIoOpen) returned 0x80010002
[12:35:48.181] |I| [export_sceIoOpen]: Opening file: /proc/cpuinfo
[12:35:48.181] |E| [open_file]: Cannot find device for path: /proc/cpuinfo
[12:35:48.181] |W| [io_error_impl]: open_file (sceIoOpen) returned 0x80010002
[12:35:48.198] |E| [call_import]: Import function for NID 0xE340C2AE not found (thread name: Unity_main_thread, thread ID: 72)
[12:35:48.198] |I| [export_sceIoOpen]: Opening file: app0:Media/Managed/mono/config
[12:35:48.198] |E| [open_file]: Missing file at D:/Emulateurs/Vita3K/mc/ux0/app/PCSG00792/Media/Managed/mono/config (target path: app0:Media/Managed/mono/config)
[12:35:48.198] |W| [io_error_impl]: open_file (sceIoOpen) returned 0x80010002
[12:35:48.198] |I| [export_sceIoOpen]: Opening file: app0:/.mono/config
[12:35:48.198] |E| [open_file]: Missing file at D:/Emulateurs/Vita3K/mc/ux0/app/PCSG00792/.mono/config (target path: app0:/.mono/config)
[12:35:48.198] |W| [io_error_impl]: open_file (sceIoOpen) returned 0x80010002
[12:35:48.199] |E| [call_import]: Import function for NID 0xE340C2B7 not found (thread name: Unity_main_thread, thread ID: 72)
[12:35:48.199] |E| [call_import]: Import function for NID 0xE340C008 not found (thread name: Unity_main_thread, thread ID: 72)
[12:35:48.199] |I| [export_sceIoOpen]: Opening file: /proc/cpuinfo
[12:35:48.199] |E| [open_file]: Cannot find device for path: /proc/cpuinfo
[12:35:48.199] |W| [io_error_impl]: open_file (sceIoOpen) returned 0x80010002
[12:35:48.199] |E| [call_import]: Import function for NID 0xE340C2B9 not found (thread name: Unity_main_thread, thread ID: 72)
[12:35:48.213] |W| [stubbed_impl]: Stubbed sceKernelGetThreadInfo import called. (STUB)
[12:35:48.214] |W| [unimplemented_impl]: Unimplemented SceKernelForMono_1BECC64C import called.
[12:35:48.218] |W| [unimplemented_impl]: Unimplemented SceKernelForMono_AD210F16 import called.
[12:35:48.225] |W| [unimplemented_impl]: Unimplemented sceKernelCallAbortHandler import called.
[12:35:48.225] |W| [unimplemented_impl]: Unimplemented sceKernelCallModuleExit import called.
[12:35:48.248] |I| [export_sceIoOpen]: Opening file: app0:/app0/mscorlib.dll
[12:3