[16:45:39.103] |I| [load_app_impl]: ngs experimental state: true
[16:45:39.104] |I| [load_app_impl]: video player state: true
[16:45:39.104] |I| [load_app_impl]: lle-modules: libpgf,libSceJson,libsystemgesture,libsas,libSceXml,libatrac
[16:45:39.104] |I| [load_app_impl]: Title: 戦国乙女 ～LEGEND BATTLE～
[16:45:39.104] |I| [load_app_impl]: Serial: PCSG00867
[16:45:39.104] |I| [load_app_impl]: Version: 01.00
[16:45:39.104] |I| [load_app_impl]: Category: gd
[16:45:39.165] |C| [load_self]: Unknown segment type 0x6FFFFF01
[16:45:39.166] |I| [load_self]: Loaded module segment 0 @ [0x00004000 - 0x000558A4 / 0x81000000] (size: 0x000518A4) of module app0:sce_module/libc.suprx
[16:45:39.166] |I| [load_self]: Loaded module segment 1 @ [0x00056000 - 0x000588A0 / 0x81052000] (size: 0x000028A0) of module app0:sce_module/libc.suprx
[16:45:39.166] |I| [load_self]: Loading symbols for SELF: app0:sce_module/libc.suprx
[16:45:39.166] |D| [load_var_exports]: 	NID 0x936C8A78 (SYSLYB) at 0x4B314
[16:45:39.166] |D| [load_var_exports]: 	NID 0x6C2224BA (NID_MODULE_INFO) at 0x404DC
[16:45:39.166] |W| [load_var_imports]: 	NID NOT FOUND 0x93B8AA67 (UNRECOGNISED) at 0x4463C, setting to stub value 0xDEADBEEF
[16:45:39.167] |W| [load_var_imports]: 	NID NOT FOUND 0xDF084DFA (UNRECOGNISED) at 0x461D0, setting to stub value 0xDEADBEEF
[16:45:39.167] |I| [pre_load_module]: Pre-load module SceLibc (at "sce_module/libc.suprx") loaded
[16:45:39.176] |C| [load_self]: Unknown segment type 0x6FFFFF01
[16:45:39.176] |I| [load_self]: Loaded module segment 0 @ [0x0005B000 - 0x00074000 / 0x81000000] (size: 0x00019000) of module app0:sce_module/libface.suprx
[16:45:39.176] |I| [load_self]: Loaded module segment 1 @ [0x00074000 - 0x000740F8 / 0x81019000] (size: 0x000000F8) of module app0:sce_module/libface.suprx
[16:45:39.176] |I| [load_self]: Loading symbols for SELF: app0:sce_module/libface.suprx
[16:45:39.176] |D| [load_var_exports]: 	NID 0x6C2224BA (NID_MODULE_INFO) at 0x70DA4
[16:45:39.176] |D| [load_var_exports]: 	NID 0x936C8A78 (SYSLYB) at 0x73784
[16:45:39.176] |I| [pre_load_module]: Pre-load module SceFace (at "sce_module/libface.suprx") loaded
[16:45:39.191] |C| [load_self]: Unknown segment type 0x6FFFFF01
[16:45:39.192] |I| [load_self]: Loaded module segment 0 @ [0x00075000 - 0x000A1CBF / 0x81000000] (size: 0x0002CCBF) of module app0:sce_module/libfios2.suprx
[16:45:39.192] |I| [load_self]: Loaded module segment 1 @ [0x000A2000 - 0x000A7255 / 0x8102D000] (size: 0x00005255) of module app0:sce_module/libfios2.suprx
[16:45:39.192] |I| [load_self]: Loading symbols for SELF: app0:sce_module/libfios2.suprx
[16:45:39.192] |D| [load_var_exports]: 	NID 0x936C8A78 (SYSLYB) at 0xA1BC8
[16:45:39.192] |D| [load_var_exports]: 	NID 0x6C2224BA (NID_MODULE_INFO) at 0x98F08
[16:45:39.192] |I| [pre_load_module]: Pre-load module SceLibFios2 (at "sce_module/libfios2.suprx") loaded
[16:45:39.250] |C| [load_self]: Unknown segment type 0x6FFFFF01
[16:45:39.250] |I| [load_self]: Loaded module segment 0 @ [0x000A8000 - 0x002B5AF4 / 0x81000000] (size: 0x0020DAF4) of module app0:sce_module/libsmart.suprx
[16:45:39.250] |I| [load_self]: Loaded module segment 1 @ [0x002B6000 - 0x002B9444 / 0x8120E000] (size: 0x00003444) of module app0:sce_module/libsmart.suprx
[16:45:39.250] |I| [load_self]: Loading symbols for SELF: app0:sce_module/libsmart.suprx
[16:45:39.251] |D| [load_var_exports]: 	NID 0x6C2224BA (NID_MODULE_INFO) at 0x153528
[16:45:39.251] |D| [load_var_exports]: 	NID 0x936C8A78 (SYSLYB) at 0x15A90C
[16:45:39.251] |I| [pre_load_module]: Pre-load module SceSmart (at "sce_module/libsmart.suprx") loaded
[16:45:39.265] |C| [load_self]: Unknown segment type 0x6FFFFF01
[16:45:39.266] |I| [load_self]: Loaded module segment 0 @ [0x002BA000 - 0x002CD9BC / 0x81000000] (size: 0x000139BC) of module app0:sce_module/libult.suprx
[16:45:39.266] |I| [load_self]: Loaded module segment 1 @ [0x002CE000 - 0x002CE814 / 0x81014000] (size: 0x00000814) of module app0:sce_module/libult.suprx
[16:45:39.266] |I| [load_self]: Loading symbols for SELF: app0:sce_module/libult.suprx
[16:45:39.266] |D| [load_var_exports]: 	NID 0x936C8A78 (SYSLYB) at 0x2CC2E8
[16:45:39.266] |D| [load_var_exports]: 	NID 0x6C2224BA (NID_MODULE_INFO) at 0x2C9870
[16:45:39.266] |I| [pre_load_module]: Pre-load module SceUlt (at "sce_module/libult.suprx") loaded
[16:45:39.272] |I| [load_self]: Loaded module segment 0 @ [0x002CF000 - 0x0031FF04 / 0x81000000] (size: 0x00050F04) of module vs0:sys/external/libSceFt2.suprx
[16:45:39.272] |I| [load_self]: Loaded module segment 1 @ [0x00320000 - 0x003202F4 / 0x81051000] (size: 0x000002F4) of module vs0:sys/external/libSceFt2.suprx
[16:45:39.273] |I| [load_self]: Loading symbols for SELF: vs0:sys/external/libSceFt2.suprx
[16:45:39.273] |D| [load_var_exports]: 	NID 0x936C8A78 (SYSLYB) at 0x30B7DC
[16:45:39.273] |D| [load_var_exports]: 	NID 0x6C2224BA (NID_MODULE_INFO) at 0x30AF10
[16:45:39.273] |I| [pre_load_module]: Pre-load module SceLibft2 (at "sys/external/libSceFt2.suprx") loaded
[16:45:39.274] |I| [load_self]: Loaded module segment 0 @ [0x00321000 - 0x00330F14 / 0x81000000] (size: 0x0000FF14) of module vs0:sys/external/libpvf.suprx
[16:45:39.274] |I| [load_self]: Loaded module segment 1 @ [0x00331000 - 0x00331008 / 0x81010000] (size: 0x00000008) of module vs0:sys/external/libpvf.suprx
[16:45:39.274] |I| [load_self]: Loading symbols for SELF: vs0:sys/external/libpvf.suprx
[16:45:39.275] |D| [load_var_exports]: 	NID 0x936C8A78 (SYSLYB) at 0x32F710
[16:45:39.275] |D| [load_var_exports]: 	NID 0x6C2224BA (NID_MODULE_INFO) at 0x32F300
[16:45:39.275] |I| [pre_load_module]: Pre-load module SceLibPvf (at "sys/external/libpvf.suprx") loaded
[16:45:40.410] |C| [load_self]: Unknown segment type 0x6FFFFF01
[16:45:40.411] |I| [load_self]: Loaded module segment 0 @ [0x00332000 - 0x02B47A8C / 0x81000000] (size: 0x02815A8C) of module app0:eboot.bin
[16:45:40.411] |I| [load_self]: Loaded module segment 1 @ [0x02B48000 - 0x03017D88 / 0x83816000] (size: 0x004CFD88) of module app0:eboot.bin
[16:45:40.411] |I| [load_self]: Loading symbols for SELF: app0:eboot.bin
[16:45:40.411] |D| [load_var_exports]: 	NID 0x6C2224BA (NID_MODULE_INFO) at 0x2846910
[16:45:40.411] |D| [load_var_exports]: 	NID 0x70FBA1E7 (SCE_PROC_PARAMS) at 0x2B4808C
[16:45:40.411] |D| [load_var_exports]: 	NID 0x936C8A78 (SYSLYB) at 0x2A1835C
[16:45:40.411] |W| [load_var_imports]: 	NID NOT FOUND 0x1A5C609 (UNRECOGNISED) at 0x2896190, setting to stub value 0xDEADBEEF
[16:45:40.411] |W| [load_var_imports]: 	NID NOT FOUND 0x6EF1E48 (UNRECOGNISED) at 0x2893B64, setting to stub value 0xDEADBEEF
[16:45:40.412] |I| [load_app_impl]: Main executable UnityPlayer_522_Release (eboot.bin) loaded
[16:45:40.416] |D| [run_app]: Running module_start of library: SceLibc at address 0x4871
[16:45:40.420] |I| [run_app]: Module SceLibc (at "app0:sce_module/libc.suprx") module_start returned 0x0
[16:45:40.421] |D| [run_app]: Running module_start of library: SceFace at address 0x70265
[16:45:40.423] |I| [run_app]: Module SceFace (at "app0:sce_module/libface.suprx") module_start returned 0x0
[16:45:40.424] |D| [run_app]: Running module_start of library: SceLibFios2 at address 0x75001
[16:45:40.425] |W| [stubbed_impl]: Stubbed sceKernelGetProcessId import called. (pid: 0)
[16:45:40.427] |W| [unimplemented_impl]: Unimplemented sceFiosOverlayGetList02 import called.
[16:45:40.427] |I| [run_app]: Module SceLibFios2 (at "app0:sce_module/libfios2.suprx") module_start returned 0x0
[16:45:40.427] |D| [run_app]: Running module_start of library: SceSmart at address 0xA818D
[16:45:40.429] |I| [run_app]: Module SceSmart (at "app0:sce_module/libsmart.suprx") module_start returned 0x0
[16:45:40.430] |D| [run_app]: Running module_start of library: SceUlt at address 0x2BD771
[16:45:40.431] |W| [unimplemented_impl]: Unimplemented _sceUlobjMgrRegisterLibultProtocolRevision import called.
[16:45:40.431] |I| [run_app]: Module SceUlt (at "app0:sce_module/libult.suprx") module_start returned 0x0
[16:45:40.433] |W| [unimplemented_impl]: Unimplemented sceKernelRegisterThreadEventHandler import called.
[16:45:40.488] |W| [stubbed_impl]: Stubbed sceKernelGetFreeMemorySize import called. (Single pool)
[16:45:40.488] |W| [unimplemented_impl]: Unimplemented sceAppUtilInit import called.
[16:45:40.571] |C| [load_self]: Unknown segment type 0x6FFFFF01
[16:45:40.571] |I| [load_self]: Loaded module segment 0 @ [0x03462000 - 0x03468C9C / 0x81000000] (size: 0x00006C9C) of module app0:/Media/Modules/pthread.suprx
[16:45:40.571] |I| [load_self]: Loaded module segment 1 @ [0x03469000 - 0x0346B178 / 0x81007000] (size: 0x00002178) of module app0:/Media/Modules/pthread.suprx
[16:45:40.571] |I| [load_self]: Loading symbols for SELF: app0:/Media/Modules/pthread.suprx
[16:45:40.571] |D| [load_var_exports]: 	NID 0x6C2224BA (NID_MODULE_INFO) at 0x34677E4
[16:45:40.571] |D| [load_var_exports]: 	NID 0x936C8A78 (SYSLYB) at 0x3468C98
[16:45:40.573] |I| [export__sceKernelLoadStartModule]: Module PTHREAD_PRX (at "app0:/Media/Modules/pthread.suprx") module_start returned 0x0
[16:45:40.574] |I| [load_module]: Loading module ID: 0x55
[16:45:40.595] |C| [load_self]: Unknown segment type 0x6FFFFF01
[16:45:40.595] |I| [load_self]: Loaded module segment 0 @ [0x0346D000 - 0x03473230 / 0x81000000] (size: 0x00006230) of module sys/external/libSceJson.suprx
[16:45:40.596] |I| [load_self]: Loaded module segment 1 @ [0x0305B000 - 0x0305B049 / 0x81007000] (size: 0x00000049) of module sys/external/libSceJson.suprx
[16:45:40.596] |I| [load_self]: Loading symbols for SELF: sys/external/libSceJson.suprx
[16:45:40.596] |D| [load_var_exports]: 	NID 0x936C8A78 (SYSLYB) at 0x34730A8
[16:45:40.596] |D| [load_var_exports]: 	NID 0x6C2224BA (NID_MODULE_INFO) at 0x3472020
[16:45:40.596] |I| [load_module]: Module SceLibJson (at "sys/external/libSceJson.suprx") loaded
[16:45:40.601] |C| [load_self]: Unknown segment type 0x6FFFFF01
[16:45:40.601] |I| [load_self]: Loaded module segment 0 @ [0x03474000 - 0x034796E0 / 0x81000000] (size: 0x000056E0) of module app0:/Media/Modules/SUPRXManager.suprx
[16:45:40.601] |I| [load_self]: Loaded module segment 1 @ [0x0347A000 - 0x0347A044 / 0x81006000] (size: 0x00000044) of module app0:/Media/Modules/SUPRXManager.suprx
[16:45:40.602] |I| [load_self]: Loading symbols for SELF: app0:/Media/Modules/SUPRXManager.suprx
[16:45:40.602] |D| [load_var_exports]: 	NID 0x6C2224BA (NID_MODULE_INFO) at 0x3478FB8
[16:45:40.602] |D| [load_var_exports]: 	NID 0x936C8A78 (SYSLYB) at 0x3479624
[16:45:40.604] |I| [export__sceKernelLoadStartModule]: Module SUPRXManager (at "app0:/Media/Modules/SUPRXManager.suprx") module_start returned 0x0
[16:45:40.634] |C| [load_self]: Unknown segment type 0x6FFFFF01
[16:45:40.635] |I| [load_self]: Loaded module segment 0 @ [0x0347D000 - 0x036D0C94 / 0x81000000] (size: 0x00253C94) of module app0:/Media/Modules/mono-vita.suprx
[16:45:40.635] |I| [load_self]: Loaded module segment 1 @ [0x036D1000 - 0x03738D10 / 0x81254000] (size: 0x00067D10) of module app0:/Media/Modules/mono-vita.suprx
[16:45:40.635] |I| [load_self]: Loading symbols for SELF: app0:/Media/Modules/mono-vita.suprx
[16:45:40.635] |D| [load_var_exports]: 	NID 0x6C2224BA (NID_MODULE_INFO) at 0x3616910
[16:45:40.635] |D| [load_var_exports]: 	NID 0x936C8A78 (SYSLYB) at 0x36B3884
[16:45:40.638] |I| [export__sceKernelLoadStartModule]: Module MONO (at "app0:/Media/Modules/mono-vita.suprx") module_start returned 0x0
[16:45:40.668] |W| [unimplemented_impl]: Unimplemented sceKernelChangeThreadVfpException import called.
[16:45:40.668] |W| [unimplemented_impl]: Unimplemented sceFiosOverlayThreadSetDisabled02 import called.
[16:45:40.680] |W| [unimplemented_impl]: Unimplemented sceFiosOverlayGetRecommendedScheduler02 import called.
[16:45:40.681] |I| [export_sceIoOpen]: Opening file: app0:/archive.psarc
[16:45:40.711] |I| [export_sceIoOpen]: Opening file: app0:/archive.psarc
[16:45:40.722] |I| [export_sceIoOpen]: Opening file: app0:/archive_patch.psarc
[16:45:40.722] |E| [open_file]: Missing file at D:/Emulateurs/Vita3K/mc/ux0/app/PCSG00867/archive_patch.psarc (target path: app0:/archive_patch.psarc)
[16:45:40.723] |W| [io_error_impl]: open_file (sceIoOpen) 