[12:05:15.313] |I| [load_app_impl]: cpu-backend: Unicorn
[12:05:15.313] |I| [load_app_impl]: at9 audio decoder state: true
[12:05:15.313] |I| [load_app_impl]: ngs experimental state: true
[12:05:15.313] |I| [load_app_impl]: video player state: true
[12:05:15.314] |I| [load_app_impl]: lle-modules: libpgf,libSceXml,libsas,liblocation,libhandwriting,libSceJson,librudp
[12:05:15.314] |I| [load_app_impl]: Title: 蒼の彼方のフォーリズム
[12:05:15.314] |I| [load_app_impl]: Serial: PCSG00700
[12:05:15.314] |I| [load_app_impl]: Version: 1.00
[12:05:15.314] |I| [load_app_impl]: Category: gd
[12:05:15.324] |C| [load_self]: Unknown segment type 0x6FFFFF01
[12:05:15.325] |I| [load_self]: Loaded module segment 0 @ [0x00007000 - 0x000588A4 / 0x81000000] (size: 0x000518A4) of module ux0:app\PCSG00700\sce_module\libc.suprx
[12:05:15.325] |I| [load_self]: Loaded module segment 1 @ [0x00059000 - 0x0005B8A0 / 0x81052000] (size: 0x000028A0) of module ux0:app\PCSG00700\sce_module\libc.suprx
[12:05:15.325] |I| [load_self]: Loading symbols for SELF: ux0:app\PCSG00700\sce_module\libc.suprx
[12:05:15.326] |D| [load_var_exports]: 	NID 0x936C8A78 (SYSLYB) at 0x4E314
[12:05:15.326] |D| [load_var_exports]: 	NID 0x6C2224BA (NID_MODULE_INFO) at 0x434DC
[12:05:15.327] |W| [load_var_imports]: 	NID NOT FOUND 0x93B8AA67 (UNRECOGNISED) at 0x4763C, setting to stub value 0xDEADBEEF
[12:05:15.331] |W| [load_var_imports]: 	NID NOT FOUND 0xDF084DFA (UNRECOGNISED) at 0x491D0, setting to stub value 0xDEADBEEF
[12:05:15.332] |I| [pre_load_module]: Pre-load module SceLibc (at "app\PCSG00700\sce_module\libc.suprx") loaded
[12:05:15.338] |C| [load_self]: Unknown segment type 0x6FFFFF01
[12:05:15.338] |I| [load_self]: Loaded module segment 0 @ [0x0005E000 - 0x0008ACBF / 0x81000000] (size: 0x0002CCBF) of module ux0:app\PCSG00700\sce_module\libfios2.suprx
[12:05:15.339] |I| [load_self]: Loaded module segment 1 @ [0x0008B000 - 0x00090255 / 0x8102D000] (size: 0x00005255) of module ux0:app\PCSG00700\sce_module\libfios2.suprx
[12:05:15.340] |I| [load_self]: Loading symbols for SELF: ux0:app\PCSG00700\sce_module\libfios2.suprx
[12:05:15.340] |D| [load_var_exports]: 	NID 0x936C8A78 (SYSLYB) at 0x8ABC8
[12:05:15.341] |D| [load_var_exports]: 	NID 0x6C2224BA (NID_MODULE_INFO) at 0x81F08
[12:05:15.341] |I| [pre_load_module]: Pre-load module SceLibFios2 (at "app\PCSG00700\sce_module\libfios2.suprx") loaded
[12:05:15.345] |C| [load_self]: Unknown segment type 0x6FFFFF01
[12:05:15.346] |I| [load_self]: Loaded module segment 0 @ [0x00091000 - 0x000A49BC / 0x81000000] (size: 0x000139BC) of module ux0:app\PCSG00700\sce_module\libult.suprx
[12:05:15.347] |I| [load_self]: Loaded module segment 1 @ [0x000A5000 - 0x000A5814 / 0x81014000] (size: 0x00000814) of module ux0:app\PCSG00700\sce_module\libult.suprx
[12:05:15.347] |I| [load_self]: Loading symbols for SELF: ux0:app\PCSG00700\sce_module\libult.suprx
[12:05:15.348] |D| [load_var_exports]: 	NID 0x936C8A78 (SYSLYB) at 0xA32E8
[12:05:15.348] |D| [load_var_exports]: 	NID 0x6C2224BA (NID_MODULE_INFO) at 0xA0870
[12:05:15.349] |I| [pre_load_module]: Pre-load module SceUlt (at "app\PCSG00700\sce_module\libult.suprx") loaded
[12:05:15.357] |I| [load_self]: Loaded module segment 0 @ [0x000A6000 - 0x000F6F04 / 0x81000000] (size: 0x00050F04) of module vs0:sys/external/libSceFt2.suprx
[12:05:15.358] |I| [load_self]: Loaded module segment 1 @ [0x000F7000 - 0x000F72F4 / 0x81051000] (size: 0x000002F4) of module vs0:sys/external/libSceFt2.suprx
[12:05:15.359] |I| [load_self]: Loading symbols for SELF: vs0:sys/external/libSceFt2.suprx
[12:05:15.362] |D| [load_var_exports]: 	NID 0x936C8A78 (SYSLYB) at 0xE27DC
[12:05:15.362] |D| [load_var_exports]: 	NID 0x6C2224BA (NID_MODULE_INFO) at 0xE1F10
[12:05:15.363] |I| [pre_load_module]: Pre-load module SceLibft2 (at "sys/external/libSceFt2.suprx") loaded
[12:05:15.366] |I| [load_self]: Loaded module segment 0 @ [0x000F8000 - 0x00107F14 / 0x81000000] (size: 0x0000FF14) of module vs0:sys/external/libpvf.suprx
[12:05:15.366] |I| [load_self]: Loaded module segment 1 @ [0x00108000 - 0x00108008 / 0x81010000] (size: 0x00000008) of module vs0:sys/external/libpvf.suprx
[12:05:15.367] |I| [load_self]: Loading symbols for SELF: vs0:sys/external/libpvf.suprx
[12:05:15.368] |D| [load_var_exports]: 	NID 0x936C8A78 (SYSLYB) at 0x106710
[12:05:15.368] |D| [load_var_exports]: 	NID 0x6C2224BA (NID_MODULE_INFO) at 0x106300
[12:05:15.369] |I| [pre_load_module]: Pre-load module SceLibPvf (at "sys/external/libpvf.suprx") loaded
[12:05:15.416] |C| [load_self]: Unknown segment type 0x6FFFFF01
[12:05:15.417] |I| [load_self]: Loaded module segment 0 @ [0x00109000 - 0x002DB2F0 / 0x81000000] (size: 0x001D22F0) of module app0:eboot.bin
[12:05:15.418] |I| [load_self]: Loaded module segment 1 @ [0x002DC000 - 0x0030DD7C / 0x811D3000] (size: 0x00031D7C) of module app0:eboot.bin
[12:05:15.419] |I| [load_self]: Loading symbols for SELF: app0:eboot.bin
[12:05:15.419] |D| [load_var_exports]: 	NID 0x6C2224BA (NID_MODULE_INFO) at 0x27F460
[12:05:15.420] |D| [load_var_exports]: 	NID 0x70FBA1E7 (SCE_PROC_PARAMS) at 0x2DFBC8
[12:05:15.420] |D| [load_var_exports]: 	NID 0x936C8A78 (SYSLYB) at 0x2B485C
[12:05:15.421] |I| [load_app_impl]: Main executable vita_app (eboot.bin) loaded
[12:05:15.425] |D| [run_app]: Running module_start of library: SceLibc at address 0x7871
[12:05:15.487] |I| [run_app]: Module SceLibc (at "ux0:app\PCSG00700\sce_module\libc.suprx") module_start returned 0x0
[12:05:15.488] |D| [run_app]: Running module_start of library: SceLibFios2 at address 0x5E001
[12:05:15.491] |W| [stubbed_impl]: Stubbed sceKernelGetProcessId import called. (pid: 0)
[12:05:15.491] |D| [export_sceFiosOverlayGetList02]: maxIDs: 127
[12:05:15.491] |W| [unimplemented_impl]: Unimplemented sceFiosOverlayGetList02 import called.
[12:05:15.492] |I| [run_app]: Module SceLibFios2 (at "ux0:app\PCSG00700\sce_module\libfios2.suprx") module_start returned 0x0
[12:05:15.494] |D| [run_app]: Running module_start of library: SceUlt at address 0x94771
[12:05:15.496] |W| [unimplemented_impl]: Unimplemented _sceUlobjMgrRegisterLibultProtocolRevision import called.
[12:05:15.496] |I| [run_app]: Module SceUlt (at "ux0:app\PCSG00700\sce_module\libult.suprx") module_start returned 0x0
[12:05:15.512] |W| [stubbed_impl]: Stubbed sceKernelChangeThreadPriority import called. (STUB)
[12:05:15.516] |W| [unimplemented_impl]: Unimplemented sceKernelChangeThreadVfpException import called.
[12:05:15.516] |W| [unimplemented_impl]: Unimplemented sceFiosOverlayThreadSetDisabled02 import called.
[12:05:15.524] |W| [unimplemented_impl]: Unimplemented sceAppUtilInit import called.
[12:05:15.524] |W| [stubbed_impl]: Stubbed sceKernelGetFreeMemorySize import called. (Single pool)
[12:05:15.525] |W| [stubbed_impl]: Stubbed sceKernelLockLwMutexCB import called. (no CB)
[12:05:15.528] |W| [unimplemented_impl]: Unimplemented sceScreenShotDisable import called.
[12:05:15.528] |W| [unimplemented_impl]: Unimplemented sceScreenShotSetParam import called.
[12:05:15.529] |W| [unimplemented_impl]: Unimplemented sceScreenShotSetOverlayImage import called.
[12:05:15.529] |W| [unimplemented_impl]: Unimplemented sceScreenShotEnable import called.
[12:05:15.562] |W| [unimplemented_impl]: Unimplemented sceNgsSystemSetFlags import called.
[12:05:15.563] |D| [export_sceNgsVoiceInit]: flags: 0
[12:05:15.563] |D| [export_sceNgsVoicePlay]: sceNgsVoicePlay: 1
[12:05:15.911] |W| [stubbed_impl]: Stubbed sceGxmMapMemory import called. (always return success)
[12:05:15.914] |W| [stubbed_impl]: Stubbed sceGxmMapFragmentUsseMemory import called. (always return success)
[12:05:15.980] |W| [stubbed_impl]: Stubbed sceGxmMapVertexUsseMemory import called. (always return success)
[12:05:15.995] |W| [stubbed_impl]: Stubbed sceDisplayWaitVblankStartCB import called. (wait for vblank)
[12:05:16.106] |W| [unimplemented_impl]: Unimplemented sceFiosOverlayGetRecommendedScheduler02 import called.
[12:05:16.108] |I| [export_sceIoOpen]: Opening file: app0:/map/bg.map
[12:05:16.113] |I| [export_sceIoOpen]: Opening file: app0:/map/ch_fc.map
[12:05:16.114] |I| [export_sceIoOpen]: Opening file: app0:/map/ch_ml.map
[12:05:16.115] |I| [export_sceIoOpen]: Opening file: app0:/map/ch_s.map
[12:05:16.116] |I| [export_sceIoOpen]: Opening file: app0:/map/ecg.map
[12:05:16.117] |I| [export_sceIoOpen]: Opening file: app0:/map/evcg.map
[12:05:16.118] |I| [export_sceIoOpen]: Opening file: app0:/map/fcg.map
[12:05:16.119] |I| [export_sceIoOpen]: Opening file: app0:/map/kcg.map
[12:05:16.120] |I| [export_sceIoOpen]: Opening file: app0:/map/sdcg.map
[12:05:16.121] |I| [export_sceIoOpen]: Opening file: app0:/map/image.map
[12:05:16.122] |I| [export_sceIoOpen]: Opening file: app0:/map/sub_ch_fc.map
[12:05:16.123] |I| [export_sceIoOpen]: Opening file: app0:/map/se.map
[12:05:16.124] |I| [export_sceIoOpen]: Opening file: app0:/map/voice_aoi.map
[12:05:16.125] |I| [export_sceIoOpen]: Opening file: app0:/map/voice_arika.map
[12:05:16.126] |I| [export_sceIoOpen]: Opening file: app0:/map/voice_asuka.map
[12:05:16.127] |I| [export_sceIoOpen]: Opening file: app0:/map/voice_botan.map
[12:05:16.130] |I| [export_sceIoOpen]: Opening file: app0:/map/voice_fukumen.map
[12:05:16.131] |I| [export_sceIoOpen]: Opening file: app0:/map/voice_irina.map
[12:05:16.132] |I| [export_sceIoOpen]: Opening file: app0:/map/voice_kasumi.map
[12:05:16.133] |I| [export_sceIoOpen]: Opening file: app0:/map/voice_madoka.map
[12:05:16.134] |I| [export_sceIoOpen]: Opening file: app0:/map/voice_masaya.map
[12:05:16.135] |I| [export_sceIoOpen]: Opening file: app0:/map/voice_mashiro.map
[12:05:16.136] |I| [export_sceIoOpen]: Opening file: app0:/map/voice_mayu.map
[12:05:16.136] |I| [export_sceIoOpen]: Opening file: app0:/map/voice_minamo.map
[12:05:16.137] |I| [export_sceIoOpen]: Opening file: app0:/map/voice_minori.map
[12:05:16.138] |I| [export_sceIoOpen]: Opening file: app0:/map/voice_misaki.map
[12:05:16.139] |I| [export_sceIoOpen]: Opening file: app0:/map/voice_mob.map
[12:05:16.140] |I| [export_sceIoOpen]: Opening file: app0:/map/voice_rika.map
[12:05:16.141] |I| [export_sceIoOpen]: Opening file: app0:/map/voice_saki.map
[12:05:16.142] |I| [export_sceIoOpen]: Opening file: app0:/map/voice_satohin.map
[12:05:16.143] |I| [export_sceIoOpen]: Opening file: app0:/map/voice_shindo.map
[12:05:16.146] |I| [export_sceIoOpen]: Opening file: app0:/map/voice_shion.map
[12:05:16.150] |I| [export_sceIoOpen]: Opening file: app0:/map/voice_shirase.map
[12:05:16.151] |I| [export_sceIoOpen]: Opening file: app0:/map/bgm.map
[12:05:16.152] |I| [export_sceIoOpen]: Opening file: app0:/map/voice_event.map
[12:05:16.153] |I| [export_sceIoOpen]: Opening file: app0:/map/thumb.map
[12:05:16.154] |I| [export_sceIoOpen]: Opening file: app0:/map/other.map
[12:05:16.156] |I| [export_sceIoOpen]: Opening file: app0:/map/rodata.map
[12:05:16.157] |I| [export_sceIoOpen]: Opening file: app0:/map/script.map
[12:05:16.161] |W| [stubbed_impl]: Stubbed sceKernelDelayThreadCB import called. (no CB)
[12:05:16.161] |W| [stubbed_impl]: Stubbed sceKernelWaitSemaCB import called. (no CB)
[12:05:16.162] |W| [stubbed_impl]: Stubbed sceKernelWaitEventFlagCB import called. (no CB)
[12:05:16.177] |W| [unimplemented_impl]: Unimplemented sceGxmSetFrontLineFillLastPixelEnable import called.
[12:05:16.177] |W| [unimplemented_impl]: Unimplemented sceGxmSetBackLineFillLastPixelEnable import called.
[12:05:16.178] |W| [unimplemented_impl]: Unimplemented sceGxmSetWClampValue import called.
[12:05:16.178] |W| [unimplemented_impl]: Unimplemented sceGxmSetWClampEnable import called.
[12:05:16.179] |W| [unimplemented_impl]: Unimplemented sceGxmSetWBufferEnable import called.
[12:05:16.179] |W| [unimplemented_impl]: Unimplemented sceGxmSetFrontVisibilityTestIndex import called.
[12:05:16.180] |W| [unimplemented_impl]: Unimplemented sceGxmSetBackVisibilityTestIndex import called.
[12:05:16.180] |W| [unimplemented_impl]: Unimplemented sceGxmSetFrontVisibilityTestOp import called.
[12:05:16.180] |W| [unimplemented_impl]: Unimplemented sceGxmSetBackVisibilityTestOp import called.
[12:05:16.181] |W| [unimplemented_impl]: Unimplemented sceGxmSetFrontVisibilityTestEnable import called.
[12:05:16.181] |W| [unimplemented_impl]: Unimplemented sceGxmSetBackVisibilityTestEnable import called.
[12:05:16.183] |W| [unimplemented_impl]: Unimplemented sceCommonDialogUpdate import called.
[12:05:16.183] |I| [export_sceIoOpen]: Opening file: app0:/rom/rodata.rom
[12:05:16.183] |W| [stubbed_impl]: Stubbed sceDisplayWaitVblankStartMultiCB import called. (wait for vblank)
[12:05:16.209] |D| [renderer::gl::texture::translate_swizzle]: base format: 201326592, swizzle: 0
[12:05:16.210] |I| [renderer::gl::load_shader_generic]: Generating frag shader eb2fb930b3ed0e1d6741039bd49e966df116cc76e0d2146925800689cb64fbde
[12:05:16.212] |D| [shader::create_fragment_inputs]: Iterator: pa0 = (half4) v_Color0
[12:05:16.214] |I| [renderer::gl::load_shader_generic]: Generating vert shader fc58148d0babeaedd377c489d5467e15eea60119aee3660e136b92176b6b6e15
[12:05:16.215] |D| [shader::create_parameters]: [BUFFER0  + 0] pa0 = (float4) a_Position
[12:05:16.215] |D| [shader::create_parameters]: [BUFFER0  + 4] pa4 = (float4) a_Color
[12:05:16.220] |E| [renderer::gl::compile_program]: Fragment info
-------------
0(16) : warning C7050: "pa[0].zw" might be used before being initialized


[12:05:16.222] |W| [stubbed_impl]: Stubbed sceDisplayWaitSetFrameBufMultiCB import called. (move after setframebuf)
[12:05:16.365] |E| [UnicornCPU::log_error_details]: Unicorn error 0x7. Invalid memory write (UC_ERR_WRITE_UNMAPPED)
[12:05:16.366] |E| [UnicornCPU::log_error_details]: PC: 0x0001af2a,   SP: 0x0034ec54,   LR: 0x00000000
[12:05:16.367] |E| [UnicornCPU::log_error_details]: r0 : 0x00000000   r6 : 0x0bfb8d80
[12:05:16.367] |E| [UnicornCPU::log_error_details]: r1 : 0x015e7320   r7 : 0x00200000
[12:05:16.367] |E| [UnicornCPU::log_error_details]: r2 : 0x001fffc0   r8 : 0x015e72c0
[12:05:16.368] |E| [UnicornCPU::log_error_details]: r3 : 0x00000000   r9 : 0x00000000
[12:05:16.369] |E| [UnicornCPU::log_error_details]: r4 : 0x00000000   r10: 0x00000000
[12:05:16.369] |E| [UnicornCPU::log_error_details]: r5 : 0x0bfa5700   r11: 0x0bca5800
[12:05:16.370] |E| [UnicornCPU::log_error_details]: r12: 0x00000000
[12:05:16.371] |E| [UnicornCPU::log_error_details]: Executing: ldm.w r1!, {r3, r4, ip, lr}
[12:05:16.371] |E| [ThreadState::run_loop]: Thread PCSG00700 experienced a unicorn error.
[12:05:16.408] |E| [logging::ret_error_impl]: sceKernelWaitEventFlagCB returned SCE_KERNEL_ERROR_WAIT_TIMEOUT (0x80028005)
