[14:05:36.249] |I| [load_app_impl]: cpu-backend: Dynarmic
[14:05:36.249] |I| [load_app_impl]: CPU Optimisation state: true
[14:05:36.250] |I| [load_app_impl]: at9 audio decoder state: true
[14:05:36.250] |I| [load_app_impl]: ngs experimental state: true
[14:05:36.250] |I| [load_app_impl]: video player state: true
[14:05:36.250] |I| [load_app_impl]: lle-modules: libpgf,libSceXml,libsas,liblocation,libhandwriting,libSceJson,librudp
[14:05:36.250] |I| [load_app_impl]: Title: グリザイアの果実 -SIDE EPISODE-
[14:05:36.250] |I| [load_app_impl]: Serial: PCSG01095
[14:05:36.250] |I| [load_app_impl]: Version: 1.00
[14:05:36.250] |I| [load_app_impl]: Category: gd
[14:05:36.283] |C| [load_self]: Unknown segment type 0x6FFFFF01
[14:05:36.284] |I| [load_self]: Loaded module segment 0 @ [0x00007000 - 0x0005891C / 0x81000000] (size: 0x0005191C) of module ux0:app\PCSG01095\sce_module\libc.suprx
[14:05:36.284] |I| [load_self]: Loaded module segment 1 @ [0x00059000 - 0x0005B8A0 / 0x81052000] (size: 0x000028A0) of module ux0:app\PCSG01095\sce_module\libc.suprx
[14:05:36.284] |I| [load_self]: Loading symbols for SELF: ux0:app\PCSG01095\sce_module\libc.suprx
[14:05:36.284] |D| [load_var_exports]: 	NID 0x936C8A78 (SYSLYB) at 0x4E38C
[14:05:36.284] |D| [load_var_exports]: 	NID 0x6C2224BA (NID_MODULE_INFO) at 0x43550
[14:05:36.285] |W| [load_var_imports]: 	NID NOT FOUND 0x93B8AA67 (UNRECOGNISED) at 0x476B0, setting to stub value 0xDEADBEEF
[14:05:36.285] |W| [load_var_imports]: 	NID NOT FOUND 0xDF084DFA (UNRECOGNISED) at 0x49244, setting to stub value 0xDEADBEEF
[14:05:36.286] |I| [pre_load_module]: Pre-load module SceLibc (at "app\PCSG01095\sce_module\libc.suprx") loaded
[14:05:36.296] |C| [load_self]: Unknown segment type 0x6FFFFF01
[14:05:36.297] |I| [load_self]: Loaded module segment 0 @ [0x0005E000 - 0x0008ACBF / 0x81000000] (size: 0x0002CCBF) of module ux0:app\PCSG01095\sce_module\libfios2.suprx
[14:05:36.297] |I| [load_self]: Loaded module segment 1 @ [0x0008B000 - 0x00090255 / 0x8102D000] (size: 0x00005255) of module ux0:app\PCSG01095\sce_module\libfios2.suprx
[14:05:36.297] |I| [load_self]: Loading symbols for SELF: ux0:app\PCSG01095\sce_module\libfios2.suprx
[14:05:36.297] |D| [load_var_exports]: 	NID 0x936C8A78 (SYSLYB) at 0x8ABC8
[14:05:36.297] |D| [load_var_exports]: 	NID 0x6C2224BA (NID_MODULE_INFO) at 0x81F08
[14:05:36.297] |I| [pre_load_module]: Pre-load module SceLibFios2 (at "app\PCSG01095\sce_module\libfios2.suprx") loaded
[14:05:36.319] |C| [load_self]: Unknown segment type 0x6FFFFF01
[14:05:36.319] |I| [load_self]: Loaded module segment 0 @ [0x00091000 - 0x000A49BC / 0x81000000] (size: 0x000139BC) of module ux0:app\PCSG01095\sce_module\libult.suprx
[14:05:36.319] |I| [load_self]: Loaded module segment 1 @ [0x000A5000 - 0x000A5814 / 0x81014000] (size: 0x00000814) of module ux0:app\PCSG01095\sce_module\libult.suprx
[14:05:36.319] |I| [load_self]: Loading symbols for SELF: ux0:app\PCSG01095\sce_module\libult.suprx
[14:05:36.319] |D| [load_var_exports]: 	NID 0x936C8A78 (SYSLYB) at 0xA32E8
[14:05:36.320] |D| [load_var_exports]: 	NID 0x6C2224BA (NID_MODULE_INFO) at 0xA0870
[14:05:36.320] |I| [pre_load_module]: Pre-load module SceUlt (at "app\PCSG01095\sce_module\libult.suprx") loaded
[14:05:36.328] |I| [load_self]: Loaded module segment 0 @ [0x000A6000 - 0x000F6F04 / 0x81000000] (size: 0x00050F04) of module vs0:sys/external/libSceFt2.suprx
[14:05:36.328] |I| [load_self]: Loaded module segment 1 @ [0x000F7000 - 0x000F72F4 / 0x81051000] (size: 0x000002F4) of module vs0:sys/external/libSceFt2.suprx
[14:05:36.329] |I| [load_self]: Loading symbols for SELF: vs0:sys/external/libSceFt2.suprx
[14:05:36.329] |D| [load_var_exports]: 	NID 0x936C8A78 (SYSLYB) at 0xE27DC
[14:05:36.329] |D| [load_var_exports]: 	NID 0x6C2224BA (NID_MODULE_INFO) at 0xE1F10
[14:05:36.329] |I| [pre_load_module]: Pre-load module SceLibft2 (at "sys/external/libSceFt2.suprx") loaded
[14:05:36.332] |I| [load_self]: Loaded module segment 0 @ [0x000F8000 - 0x00107F14 / 0x81000000] (size: 0x0000FF14) of module vs0:sys/external/libpvf.suprx
[14:05:36.332] |I| [load_self]: Loaded module segment 1 @ [0x00108000 - 0x00108008 / 0x81010000] (size: 0x00000008) of module vs0:sys/external/libpvf.suprx
[14:05:36.332] |I| [load_self]: Loading symbols for SELF: vs0:sys/external/libpvf.suprx
[14:05:36.332] |D| [load_var_exports]: 	NID 0x936C8A78 (SYSLYB) at 0x106710
[14:05:36.332] |D| [load_var_exports]: 	NID 0x6C2224BA (NID_MODULE_INFO) at 0x106300
[14:05:36.332] |I| [pre_load_module]: Pre-load module SceLibPvf (at "sys/external/libpvf.suprx") loaded
[14:05:36.390] |C| [load_self]: Unknown segment type 0x6FFFFF01
[14:05:36.390] |I| [load_self]: Loaded module segment 0 @ [0x00109000 - 0x00238AA8 / 0x81000000] (size: 0x0012FAA8) of module app0:eboot.bin
[14:05:36.390] |I| [load_self]: Loaded module segment 1 @ [0x00239000 - 0x0068F7D4 / 0x81130000] (size: 0x004567D4) of module app0:eboot.bin
[14:05:36.390] |I| [load_self]: Loading symbols for SELF: app0:eboot.bin
[14:05:36.390] |D| [load_var_exports]: 	NID 0x6C2224BA (NID_MODULE_INFO) at 0x223D5C
[14:05:36.391] |D| [load_var_exports]: 	NID 0x70FBA1E7 (SCE_PROC_PARAMS) at 0x25DEB4
[14:05:36.391] |D| [load_var_exports]: 	NID 0x936C8A78 (SYSLYB) at 0x2335BC
[14:05:36.391] |I| [load_app_impl]: Main executable GRISAIA_SIDE_PSVITA (eboot.bin) loaded
[14:05:36.400] |D| [run_app]: Running module_start of library: SceLibc at address 0x7871
[14:05:36.424] |I| [run_app]: Module SceLibc (at "ux0:app\PCSG01095\sce_module\libc.suprx") module_start returned 0x0
[14:05:36.429] |D| [run_app]: Running module_start of library: SceLibFios2 at address 0x5E001
[14:05:36.437] |W| [stubbed_impl]: Stubbed sceKernelGetProcessId import called. (pid: 0)
[14:05:36.437] |D| [export_sceFiosOverlayGetList02]: maxIDs: 127
[14:05:36.437] |W| [unimplemented_impl]: Unimplemented sceFiosOverlayGetList02 import called.
[14:05:36.437] |I| [run_app]: Module SceLibFios2 (at "ux0:app\PCSG01095\sce_module\libfios2.suprx") module_start returned 0x0
[14:05:36.442] |D| [run_app]: Running module_start of library: SceUlt at address 0x94771
[14:05:36.449] |W| [unimplemented_impl]: Unimplemented _sceUlobjMgrRegisterLibultProtocolRevision import called.
[14:05:36.449] |I| [run_app]: Module SceUlt (at "ux0:app\PCSG01095\sce_module\libult.suprx") module_start returned 0x0
[14:05:36.496] |W| [unimplemented_impl]: Unimplemented sceKernelGetGPI import called.
[14:05:36.535] |E| [stat_file]: Missing file at D:/Emulateurs/Vita3K/mc/ux0/app/PCSG01095/DEBUG.PAK (target path: app0:/DEBUG.PAK)
[14:05:36.536] |W| [io_error_impl]: stat_file (_sceIoGetstat) returned 0x80010002
[14:05:36.536] |E| [stat_file]: Missing file at D:/Emulateurs/Vita3K/mc/ux0/app/PCSG01095/DEMO.PAK (target path: app0:/DEMO.PAK)
[14:05:36.537] |W| [io_error_impl]: stat_file (_sceIoGetstat) returned 0x80010002
[14:05:36.537] |W| [unimplemented_impl]: Unimplemented sceKernelCreateCallback import called.
[14:05:36.537] |W| [unimplemented_impl]: Unimplemented scePowerRegisterCallback import called.
[14:05:36.537] |W| [unimplemented_impl]: Unimplemented sceAppUtilInit import called.
[14:05:36.538] |W| [unimplemented_impl]: Unimplemented sceKernelSetGPO import called.
[14:05:36.550] |W| [stubbed_impl]: Stubbed sceGxmMapMemory import called. (always return success)
[14:05:36.554] |W| [stubbed_impl]: Stubbed sceGxmMapFragmentUsseMemory import called. (always return success)
[14:05:36.572] |W| [stubbed_impl]: Stubbed sceGxmGetRenderTargetMemSize import called. (2MB host mem)
[14:05:36.632] |W| [stubbed_impl]: Stubbed sceGxmMapVertexUsseMemory import called. (always return success)
[14:05:36.831] |W| [stubbed_impl]: Stubbed sceKernelGetThreadInfo import called. (STUB)
[14:05:36.849] |E| [call_import]: Import function for NID 0xD7F0F610 not found (thread name: PCSG01095, thread ID: 8)
[14:05:36.852] |W| [stubbed_impl]: Stubbed _sceKernelWaitSignal import called. (sceKernelWaitSignal)
[14:05:36.882] |W| [stubbed_impl]: Stubbed sceDisplayWaitVblankStart import called. (wait for vblank)
[14:05:36.912] |W| [stubbed_impl]: Stubbed sceDisplayWaitVblankStartCB import cal