[05:42:43.866] |I| [load_app_impl]: cpu-backend: Dynarmic
[05:42:43.867] |I| [load_app_impl]: CPU Optimisation state: true
[05:42:43.867] |I| [load_app_impl]: at9 audio decoder state: true
[05:42:43.867] |I| [load_app_impl]: ngs experimental state: true
[05:42:43.867] |I| [load_app_impl]: video player state: true
[05:42:43.867] |I| [load_app_impl]: modules mode: Automatic
[05:42:43.867] |I| [load_app_impl]: Title: FLOWERS
[05:42:43.867] |I| [load_app_impl]: Serial: PCSG00459
[05:42:43.867] |I| [load_app_impl]: Version: 1.01
[05:42:43.867] |I| [load_app_impl]: Category: gp
[05:42:43.915] |C| [load_self]: Unknown segment type 0x6FFFFF01
[05:42:43.916] |I| [load_self]: Loaded module segment 0 @ [0x00007000 - 0x00056BD4 / 0x81000000] (size: 0x0004FBD4) of module app0:sce_module/libc.suprx
[05:42:43.916] |I| [load_self]: Loaded module segment 1 @ [0x00057000 - 0x00059688 / 0x81050000] (size: 0x00002688) of module app0:sce_module/libc.suprx
[05:42:43.916] |I| [load_self]: Loading symbols for SELF: app0:sce_module/libc.suprx
[05:42:43.916] |D| [load_var_exports]: 	NID 0x936C8A78 (SYSLYB) at 0x4C6C4
[05:42:43.916] |D| [load_var_exports]: 	NID 0x6C2224BA (NID_MODULE_INFO) at 0x42488
[05:42:43.916] |W| [load_var_imports]: 	NID NOT FOUND 0x93B8AA67 (UNRECOGNISED) at 0x464A8, setting to stub value 0xDEADBEEF
[05:42:43.917] |W| [load_var_imports]: 	NID NOT FOUND 0xDF084DFA (UNRECOGNISED) at 0x4802C, setting to stub value 0xDEADBEEF
[05:42:43.917] |I| [pre_load_module]: Pre-load module SceLibc (at "sce_module/libc.suprx") loaded
[05:42:43.939] |C| [load_self]: Unknown segment type 0x6FFFFF01
[05:42:43.939] |I| [load_self]: Loaded module segment 0 @ [0x0005C000 - 0x00086AA8 / 0x81000000] (size: 0x0002AAA8) of module app0:sce_module/libfios2.suprx
[05:42:43.939] |I| [load_self]: Loaded module segment 1 @ [0x00087000 - 0x0008C23D / 0x8102B000] (size: 0x0000523D) of module app0:sce_module/libfios2.suprx
[05:42:43.939] |I| [load_self]: Loading symbols for SELF: app0:sce_module/libfios2.suprx
[05:42:43.939] |D| [load_var_exports]: 	NID 0x936C8A78 (SYSLYB) at 0x869B0
[05:42:43.939] |D| [load_var_exports]: 	NID 0x6C2224BA (NID_MODULE_INFO) at 0x7E138
[05:42:43.939] |I| [pre_load_module]: Pre-load module SceLibFios2 (at "sce_module/libfios2.suprx") loaded
[05:42:43.953] |C| [load_self]: Unknown segment type 0x6FFFFF01
[05:42:43.954] |I| [load_self]: Loaded module segment 0 @ [0x0008D000 - 0x000A09C4 / 0x81000000] (size: 0x000139C4) of module app0:sce_module/libult.suprx
[05:42:43.954] |I| [load_self]: Loaded module segment 1 @ [0x000A1000 - 0x000A1814 / 0x81014000] (size: 0x00000814) of module app0:sce_module/libult.suprx
[05:42:43.954] |I| [load_self]: Loading symbols for SELF: app0:sce_module/libult.suprx
[05:42:43.954] |D| [load_var_exports]: 	NID 0x936C8A78 (SYSLYB) at 0x9F2F0
[05:42:43.954] |D| [load_var_exports]: 	NID 0x6C2224BA (NID_MODULE_INFO) at 0x9C874
[05:42:43.954] |I| [pre_load_module]: Pre-load module SceUlt (at "sce_module/libult.suprx") loaded
[05:42:43.961] |I| [load_self]: Loaded module segment 0 @ [0x000A2000 - 0x000F2F04 / 0x81000000] (size: 0x00050F04) of module vs0:sys/external/libSceFt2.suprx
[05:42:43.961] |I| [load_self]: Loaded module segment 1 @ [0x000F3000 - 0x000F32F4 / 0x81051000] (size: 0x000002F4) of module vs0:sys/external/libSceFt2.suprx
[05:42:43.961] |I| [load_self]: Loading symbols for SELF: vs0:sys/external/libSceFt2.suprx
[05:42:43.961] |D| [load_var_exports]: 	NID 0x936C8A78 (SYSLYB) at 0xDE7DC
[05:42:43.961] |D| [load_var_exports]: 	NID 0x6C2224BA (NID_MODULE_INFO) at 0xDDF10
[05:42:43.961] |I| [pre_load_module]: Pre-load module SceLibft2 (at "sys/external/libSceFt2.suprx") loaded
[05:42:43.964] |I| [load_self]: Loaded module segment 0 @ [0x000F4000 - 0x00103F14 / 0x81000000] (size: 0x0000FF14) of module vs0:sys/external/libpvf.suprx
[05:42:43.964] |I| [load_self]: Loaded module segment 1 @ [0x00104000 - 0x00104008 / 0x81010000] (size: 0x00000008) of module vs0:sys/external/libpvf.suprx
[05:42:43.964] |I| [load_self]: Loading symbols for SELF: vs0:sys/external/libpvf.suprx
[05:42:43.964] |D| [load_var_exports]: 	NID 0x936C8A78 (SYSLYB) at 0x102710
[05:42:43.964] |D| [load_var_exports]: 	NID 0x6C2224BA (NID_MODULE_INFO) at 0x102300
[05:42:43.964] |I| [pre_load_module]: Pre-load module SceLibPvf (at "sys/external/libpvf.suprx") loaded
[05:42:43.991] |C| [load_self]: Unknown segment type 0x6FFFFF01
[05:42:43.991] |I| [load_self]: Loaded module segment 0 @ [0x00105000 - 0x001CBF64 / 0x81000000] (size: 0x000C6F64) of module app0:eboot.bin
[05:42:43.991] |I| [load_self]: Loaded module segment 1 @ [0x001CC000 - 0x00727004 / 0x810C7000] (size: 0x0055B004) of module app0:eboot.bin
[05:42:43.992] |I| [load_self]: Loading symbols for SELF: app0:eboot.bin
[05:42:43.992] |D| [load_var_exports]: 	NID 0x6C2224BA (NID_MODULE_INFO) at 0x1BEEB0
[05:42:43.992] |D| [load_var_exports]: 	NID 0x70FBA1E7 (SCE_PROC_PARAMS) at 0x1ED5AC
[05:42:43.992] |D| [load_var_exports]: 	NID 0x936C8A78 (SYSLYB) at 0x1C9D4C
[05:42:43.992] |I| [load_app_impl]: Main executable FLOWERS (eboot.bin) loaded
[05:42:44.001] |D| [run_app]: Running module_start of library: SceLibc at address 0x7805
[05:42:44.023] |I| [run_app]: Module SceLibc (at "app0:sce_module/libc.suprx") module_start returned 0x0
[05:42:44.028] |D| [run_app]: Running module_start of library: SceLibFios2 at address 0x5C001
[05:42:44.036] |W| [stubbed_impl]: Stubbed sceKernelGetProcessId import called. (pid: 0)
[05:42:44.036] |D| [export_sceFiosOverlayGetList02]: maxIDs: 127
[05:42:44.036] |W| [unimplemented_impl]: Unimplemented sceFiosOverlayGetList02 import called.
[05:42:44.036] |I| [run_app]: Module SceLibFios2 (at "app0:sce_module/libfios2.suprx") module_start returned 0x0
[05:42:44.040] |D| [run_app]: Running module_start of library: SceUlt at address 0x90771
[05:42:44.047] |W| [unimplemented_impl]: Unimplemented _sceUlobjMgrRegisterLibultProtocolRevision import called.
[05:42:44.047] |I| [run_app]: Module SceUlt (at "app0:sce_module/libult.suprx") module_start returned 0x0
[05:42:44.085] |W| [unimplemented_impl]: Unimplemented sceKernelGetGPI import called.
[05:42:44.090] |D| [export_sceKernelCreateCallback]: Create callbcack: thread id: 8, cb id: 40, name: SleepGame
[05:42:44.091] |W| [unimplemented_impl]: Unimplemented scePowerRegisterCallback import called.
[05:42:44.091] |W| [unimplemented_impl]: Unimplemented sceAppUtilInit import called.
[05:42:44.091] |W| [unimplemented_impl]: Unimplemented sceKernelSetGPO import called.
[05:42:44.102] |W| [stubbed_impl]: Stubbed sceGxmMapMemory import called. (always return success)
[05:42:44.105] |W| [stubbed_impl]: Stubbed sceGxmMapFragmentUsseMemory import called. (always return success)
[05:42:44.116] |W| [stubbed_impl]: Stubbed sceGxmGetRenderTargetMemSize import called. (2MB host mem)
[05:42:44.141] |D| [export_sceGxmCreateRenderTarget]: scene par frame: 1
[05:42:44.169] |W| [stubbed_impl]: Stubbed sceGxmMapVertexUsseMemory import called. (always return success)
[05:42:44.235] |W| [stubbed_impl]: Stubbed _sceKernelGetThreadInfo import called. (STUB)
[05:42:44.253] |E| [call_import]: Import function for NID 0xD7F0F610 not found (thread name: PCSG00459, thread ID: 8)
[05:42:44.255] |W| [stubbed_impl]: Stubbed _sceKernelWaitSignal import called. (sceKernelWaitSignal)
[05:42:44.292] |W| [stubbed_impl]: Stubbed sceDisplayWaitVblankStart import called. (wait for vblank)
[05:42:44.377] |I| [export_sceIoOpen]: Opening file: app0:/PARTS.PAK
[05:42:44.440] |I| [export_sceIoOpen]: Opening file: app0:/SCRIPT.PAK
[05:42:44.463] |I| [export_sceIoOpen]: Opening file: app0:/VOICE2.PAK
[05:42:44.490] |E| [stat_file]: Missing file at D:/Emulateurs/Vita3K/mc/ux0/app/PCSG00459/DEBUG.PAK (target path: app0:/DEBUG.PAK)
[05:42:44.490] |W| [io_error_impl]: stat_file (_sceIoGetstat) returned 0x80010002
[05:42:44.505] |E| [open_file]: Missing file at D:/Emulateurs/Vita3K/mc/ux0/user/00/savedata/PCSG00459/SlotParam_0.bin (target path: savedata0:/SlotParam_0.bin)
[05:42:44.506] |W| [io_error_impl]: open_file (sceAppUtilSaveDataSlotGetParam) returned 0x80010002
[05:42:44.506] |E| [logging::ret_error_impl]: sceAppUtilSaveDataSlotGetParam returned SCE_APPUTIL_ERROR_SAVEDATA_SLOT_NOT_FOUND (0x80100641)
[05:42:44.508] |E| [open_file]: Missing file at D:/Emulateurs/Vita3K/mc/ux0/user/00/savedata/PCSG00459/SlotParam_255.bin (target path: savedata0:/SlotParam_255.bin)
[05:42:44.509] |W| [io_error_impl]: open_file (sceAppUtilSaveDataSlotGetParam) returned 0x80010002
[05:42:44.526] |W| [stubbed_impl]: Stubbed sceDisplayWaitVblankStartCB import called. (Try CB)
[05:42:44.535] |I| [export_sceIoOpen]: Opening file: app0:/FONT.PAK
[05:42:44.582] |W| [stubbed_impl]: Stubbed sceKernelSendSignal import called. (sceKernelSendSignal)
[05:42:44.584] |W| [stubbed_impl]: Stubbed _sceFiberAttachContextAndSwitch import called. (Todo: not sure for now)
[05:42:44.776] |I| [load_module]: Loading module ID: 0xD
[05:42:44.779] |I| [load_self]: Loaded module segment 0 @ [0x15CF2000 - 0x15D09244 / 0x81000000] (size: 0x00017244) of module sys/external/libsas.suprx
[05:42:44.780] |I| [load_self]: Loaded module segment 1 @ [0x15D0A000 - 0x15D0A038 / 0x81018000] (size: 0x00000038) of module sys/external/libsas.suprx
[05:42:44.780] |I| [load_self]: Loading symbols for SELF: sys/external/libsas.suprx
[05:42:44.780] |D| [load_var_exports]: 	NID 0x936C8A78 (SYSLYB) at 0x15D06004
[05:42:44.780] |D| [load_var_exports]: 	NID 0x6C2224BA (NID_MODULE_INFO) at 0x15D05BF0
[05:42:44.780] |I| [load_module]: Module SceSasUser (at "sys/external/libsas.suprx") loaded
[05:42:44.780] |D| [log_import_call]: [LLE] TID: 8   FUNC: 0x180C6824 sceSasGetNeededMemorySize at 0x1BE594
[05:42:44.792] |D| [log_import_call]: [LLE] TID: 8   FUNC: 0x449B5974 sceSasInit at 0x1BE5C4
[05:42:44.815] |D| [log_import_call]: [LLE] TID: 8   FUNC: 0xCDF2DDD5 sceSasSetEffectType at 0x1BE634
[05:42:44.816] |D| [log_import_call]: [LLE] TID: 59  FUNC: 0x7A4672B2 sceSasCore at 0x1BE604
[05:42:44.816] |D| [log_import_call]: [LLE] TID: 8   FUNC: 0xB0444E69 sceSasSetEffect at 0x1BE614
[05:42:44.817] |D| [log_import_call]: [LLE] TID: 8   FUNC: 0x55EDDBFA sceSasSetEffectVolume at 0x1BE5D4
[05:42:44.817] |D| [log_import_call]: [LLE] TID: 8   FUNC: 0x2C48A08C sceSasSetPitch at 0x1BE5B4
[05:42:44.818] |E| [call_import]: Import function for NID 0xE341C5D0 not found (thread name: PCSG00459, thread ID: 8)
[05:42:44.818] |D| [log_import_call]: [LLE] TID: 8   FUNC: 0xECCE0DB8 sceSasSetSimpleADSR at 0x1BE644
[05:42:44.918] |D| [export_sceGxmCreateRenderTarget]: scene par frame: 1
[05:42:44.941] |D| [export_sceGxmCreateRenderTarget]: scene par frame: 1
[05:42:44.974] |D| [export_sceGxmCreateRenderTarget]: scene par frame: 1
[05:42:45.007] |D| [export_sceGxmCreateRenderTarget]: scene par frame: 1
[05:42:45.074] |D| [export_sceGxmCreateRenderTarget]: scene par frame: 1
[05:42:45.089] |E| [open_file]: Missing file at D:/Emulateurs/Vita3K/mc/ux0/user/00/savedata/PCSG00459/SlotParam_201.bin (target path: savedata0:/SlotParam_201.bin)
[05:42:45.090] |W| [io_error_impl]: open_file (sceAppUtilSaveDataSlotGetParam) returned 0x80010002
[05:42:45.398] |D| [log_import_call]: [LLE] TID: 8   FUNC: 0x7E63E6 sceSasGetEndState at 0x1BE574
[05:42:45.405] |E| [open_file]: Missing file at D:/Emulateurs/Vita3K/mc/ux0/user/00/savedata/PCSG00459/SlotParam_1.bin (target path: savedata0:/SlotParam_1.bin)
[05:42:45.405] |W| [io_error_impl]: open_file (sceAppUtilSaveDataSlotGetParam) returned 0x80010002
[05:42:45.406] |E| [open_file]: Missing file at D:/Emulateurs/Vita3K/mc/ux0/user/00/savedata/PCSG00459/SlotParam_2.bin (target path: savedata0:/SlotParam_2.bin)
[05:42:45.406] |W| [io_error_impl]: open_file (sceAppUtilSaveDataSlotGetParam) returned 0x80010002
[05:42:45.406] |E| [open_file]: Missing file at D:/Emulateurs/Vita3K/mc/ux0/user/00/savedata/PCSG00459/SlotParam_3.bin (target path: savedata0:/SlotParam_3.bin)
[05:42:45.406] |W| [io_error_impl]: open_file (sceAppUtilSaveDataSlotGetParam) returned 0x80010002
[05:42:45.406] |E| [open_file]: Missing file at D:/Emulateurs/Vita3K/mc/ux0/user/00/savedata/PCSG00459/SlotParam_4.bin (target path: savedata0:/SlotParam_4.bin)
[05:42:45.406] |W| [io_error_impl]: open_file (sceAppUtilSaveDataSlotGetParam) returned 0x80010002
[05:42:45.406] |E| [open_file]: Missing file at D:/Emulateurs/Vita3K/mc/ux0/user/00/savedata/PCSG00459/SlotParam_5.bin (target path: savedata0:/SlotParam_5.bin)
[05:42:45.406] |W| [io_error_impl]: open_file (sceAppUtilSaveDataSlotGetParam) returned 0x80010002
[05:42:45.406] |E| [open_file]: Missing file at D:/Emulateurs/Vita3K/mc/ux0/user/00/savedata/PCSG00459/SlotParam_6.bin (target path: savedata0:/SlotParam_6.bin)
[05:42:45.406] |W| [io_error_impl]: open_file (sceAppUtilSaveDataSlotGetParam) returned 0x80010002
[05:42:45.406] |E| [open_file]: Missing file at D:/Emulateurs/Vita3K/mc/ux0/user/00/savedata/PCSG00459/SlotParam_7.bin (target path: savedata0:/SlotParam_7.bin)
[05:42:45.406] |W| [io_error_impl]: open_file (sceAppUtilSaveDataSlotGetParam) returned 0x80010002
[05:42:45.406] |E| [open_file]: Missing file at D:/Emulateurs/Vita3K/mc/ux0/user/00/savedata/PCSG00459/SlotParam_8.bin (target path: savedata0:/SlotParam_8.bin)
[05:42:45.407] |W| [io_error_impl]: open_file (sceAppUtilSaveDataSlotGetParam) returned 0x80010002
[05:42:45.407] |E| [open_file]: Missing file at D:/Emulateurs/Vita3K/mc/ux0/user/00/savedata/PCSG00459/SlotParam_9.bin (target path: savedata0:/SlotParam_9.bin)
[05:42:45.407] |W| [io_error_impl]: open_file (sceAppUtilSaveDataSlotGetParam) returned 0x80010002
[05:42:45.407] |E| [open_file]: Missing file at D:/Emulateurs/Vita3K/mc/ux0/user/00/savedata/PCSG00459/SlotParam_10.bin (target path: savedata0:/SlotParam_10.bin)
[05:42:45.407] |W| [io_error_impl]: open_file (sceAppUtilSaveDataSlotGetParam) returned 0x80010002
[05:42:45.407] |E| [open_file]: Missing file at D:/Emulateurs/Vita3K/mc/ux0/user/00/savedata/PCSG00459/SlotParam_11.bin (target path: savedata0:/SlotParam_11.bin)
[05:42:45.407] |W| [io_error_impl]: open_file (sceAppUtilSaveDataSlotGetParam) returned 0x80010002
[05:42:45.408] |E| [open_file]: Missing file at D:/Emulateurs/Vita3K/mc/ux0/user/00/savedata/PCSG00459/SlotParam_12.bin (target path: savedata0:/SlotParam_12.bin)
[05:42:45.408] |W| [io_error_impl]: open_file (sceAppUtilSaveDataSlotGetParam) returned 0x80010002
[05:42:45.408] |E| [open_file]: Missing file at D:/Emulateurs/Vita3K/mc/ux0/user/00/savedata/PCSG00459/SlotParam_13.bin (target path: savedata0:/SlotParam_13.bin)
[05:42:45.408] |W| [io_error_impl]: open_file (sceAppUtilSaveDataSlotGetParam) returned 0x80010002
[05:42:45.409] |E| [open_file]: Missing file at D:/Emulateurs/Vita3K/mc/ux0/user/00/savedata/PCSG00459/SlotParam_14.bin (target path: savedata0:/SlotParam_14.bin)
[05:42:45.409] |W| [io_error_impl]: open_file (sceAppUtilSaveDataSlotGetParam) returned 0x80010002
[05:42:45.409] |E| [open_file]: Missing file at D:/Emulateurs/Vita3K/mc/ux0/user/00/savedata/PCSG00459/SlotParam_15.bin (target path: savedata0:/SlotParam_15.bin)
[05:42:45.409] |W| [io_error_impl]: open_file (sceAppUtilSaveDataSlotGetParam) returned 0x80010002
[05:42:45.409] |E| [open_file]: Missing file at D:/Emulateurs/Vita3K/mc/ux0/user/00/savedata/PCSG00459/SlotParam_16.bin (target path: savedata0:/SlotParam_16.bin)
[05:42:45.409] |W| [io_error_impl]: open_file (sceAppUtilSaveDataSlotGetParam) returned 0x80010002
[05:42:45.410] |E| [open_file]: Missing file at D:/Emulateurs/Vita3K/mc/ux0/user/00/savedata/PCSG00459/SlotParam_17.bin (target path: savedata0:/SlotParam_17.bin)
[05:42:45.410] |W| [io_error_impl]: open_file (sceAppUtilSaveDataSlotGetParam) returned 0x80010002
[05:42:45.410] |E| [open_file]: Missing file at D:/Emulateurs/Vita3K/mc/ux0/user/00/savedata/PCSG00459/SlotParam_18.bin (target path: savedata0:/SlotParam_18.bin)
[05:42:45.410] |W| [io_error_impl]: open_file (sceAppUtilSaveDataSlotGetParam) returned 0x80010002
[05:42:45.410] |E| [open_file]: Missing file at D:/Emulateurs/Vita3K/mc/ux0/user/00/savedata/PCSG00459/SlotParam_19.bin (target path: savedata0:/SlotParam_19.bin)
[05:42:45.410] |W| [io_error_impl]: open_file (sceAppUtilSaveDataSlotGetParam) returned 0x80010002
[05:42:45.410] |E| [open_file]: Missing file at D:/Emulateurs/Vita3K/mc/ux0/user/00/savedata/PCSG00459/SlotParam_20.bin (target path: savedata0:/SlotParam_20.bin)
[05:42:45.410] |W| [io_error_impl]: open_file (sceAppUtilSaveDataSlotGetParam) returned 0x80010002
[05:42:45.410] |E| [open_file]: Missing file at D:/Emulateurs/Vita3K/mc/ux0/user/00/savedata/PCSG00459/SlotParam_21.bin (target path: savedata0:/SlotParam_21.bin)
[05:42:45.410] |W| [io_error_impl]: open_file (sceAppUtilSaveDataSlotGetParam) returned 0x80010002
[05:42:45.410] |E| [open_file]: Missing file at D:/Emulateurs/Vita3K/mc/ux0/user/00/savedata/PCSG00459/SlotParam_22.bin (target path: savedata0:/SlotParam_22.bin)
[05:42:45.410] |W| [io_error_impl]: open_file (sceAppUtilSaveDataSlotGetParam) returned 0x80010002
[05:42:45.411] |E| [open_file]: Missing file at D:/Emulateurs/Vita3K/mc/ux0/user/00/savedata/PCSG00459/SlotParam_23.bin (target path: savedata0:/SlotParam_23.bin)
[05:42:45.411] |W| [io_error_impl]: open_file (sceAppUtilSaveDataSlotGetParam) returned 0x80010002
[05:42:45.411] |E| [open_file]: Missing file at D:/Emulateurs/Vita3K/mc/ux0/user/00/savedata/PCSG00459/SlotParam_24.bin (target path: savedata0:/SlotParam_24.bin)
[05:42:45.411] |W| [io_error_impl]: open_file (sceAppUtilSaveDataSlotGetParam) returned 0x80010002
[05:42:45.411] |E| [open_file]: Missing file at D:/Emulateurs/Vita3K/mc/ux0/user/00/savedata/PCSG00459/SlotParam_25.bin (target path: savedata0:/SlotParam_25.bin)
[05:42:45.411] |W| [io_error_impl]: open_file (sceAppUtilSaveDataSlotGetParam) returned 0x80010002
[05:42:45.411] |E| [open_file]: Missing file at D:/Emulateurs/Vita3K/mc/ux0/user/00/savedata/PCSG00459/SlotParam_26.bin (target path: savedata0:/SlotParam_26.bin)
[05:42:45.411] |W| [io_error_impl]: open_file (sceAppUtilSaveDataSlotGetParam) returned 0x80010002
[05:42:45.411] |E| [open_file]: Missing file at D:/Emulateurs/Vita3K/mc/ux0/user/00/savedata/PCSG00459/SlotParam_27.bin (target path: savedata0:/SlotParam_27.bin)
[05:42:45.412] |W| [io_error_impl]: open_file (sceAppUtilSaveDataSlotGetParam) returned 0x80010002
[05:42:45.412] |E| [open_file]: Missing file at D:/Emulateurs/Vita3K/mc/ux0/user/00/savedata/PCSG00459/SlotParam_28.bin (target path: savedata0:/SlotParam_28.bin)
[05:42:45.412] |W| [io_error_impl]: open_file (sceAppUtilSaveDataSlotGetParam) returned 0x80010002
[05:42:45.412] |E| [open_file]: Missing file at D:/Emulateurs/Vita3K/mc/ux0/user/00/savedata/PCSG00459/SlotParam_29.bin (target path: savedata0:/SlotParam_29.bin)
[05:42:45.412] |W| [io_error_impl]: open_file (sceAppUtilSaveDataSlotGetParam) returned 0x80010002
[05:42:45.412] |E| [open_file]: Missing file at D:/Emulateurs/Vita3K/mc/ux0/user/00/savedata/PCSG00459/SlotParam_30.bin (target path: savedata0:/SlotParam_30.bin)
[05:42:45.412] |W| [io_error_impl]: open_file (sceAppUtilSaveDataSlotGetParam) returned 0x80010002
[05:42:45.412] |E| [open_file]: Missing file at D:/Emulateurs/Vita3K/mc/ux0/user/00/savedata/PCSG00459/SlotParam_31.bin (target path: savedata0:/SlotParam_31.bin)
[05:42:45.412] |W| [io_error_impl]: open_file (sceAppUtilSaveDataSlotGetParam) returned 0x80010002
[05:42:45.412] |E| [open_file]: Missing file at D:/Emulateurs/Vita3K/mc/ux0/user/00/savedata/PCSG00459/SlotParam_32.bin (target path: savedata0:/SlotParam_32.bin)
[05:42:45.412] |W| [io_error_impl]: open_file (sceAppUtilSaveDataSlotGetParam) returned 0x80010002
[05:42:45.412] |E| [open_file]: Missing file at D:/Emulateurs/Vita3K/mc/ux0/user/00/savedata/PCSG00459/SlotParam_33.bin (target path: savedata0:/SlotParam_33.bin)
[05:42:45.412] |W| [io_error_impl]: open_file (sceAppUtilSaveDataSlotGetParam) returned 0x80010002
[05:42:45.413] |E| [open_file]: Missing file at D:/Emulateurs/Vita3K/mc/ux0/user/00/savedata/PCSG00459/SlotParam_34.bin (target path: savedata0:/SlotParam_34.bin)
[05:42:45.413] |W| [io_error_impl]: open_file (sceAppUtilSaveDataSlotGetParam) returned 0x80010002
[05:42:45.413] |E| [open_file]: Missing file at D:/Emulateurs/Vita3K/mc/ux0/user/00/savedata/PCSG00459/SlotParam_35.bin (target path: savedata0:/SlotParam_35.bin)
[05:42:45.413] |W| [io_error_impl]: open_file (sceAppUtilSaveDataSlotGetParam) returned 0x80010002
[05:42:45.413] |E| [open_file]: Missing file at D:/Emulateurs/Vita3K/mc/ux0/user/00/savedata/PCSG00459/SlotParam_36.bin (target path: savedata0:/SlotParam_36.bin)
[05:42:45.413] |W| [io_error_impl]: open_file (sceAppUtilSaveDataSlotGetParam) returned 0x80010002
[05:42:45.413] |E| [open_file]: Missing file at D:/Emulateurs/Vita3K/mc/ux0/user/00/savedata/PCSG00459/SlotParam_37.bin (target path: savedata0:/SlotParam_37.bin)
[05:42:45.413] |W| [io_error_impl]: open_file (sceAppUtilSaveDataSlotGetParam) returned 0x80010002
[05:42:45.413] |E| [open_file]: Missing file at D:/Emulateurs/Vita3K/mc/ux0/user/00/savedata/PCSG00459/SlotParam_38.bin (target path: savedata0:/SlotParam_38.bin)
[05:42:45.413] |W| [io_error_impl]: open_file (sceAppUtilSaveDataSlotGetParam) returned 0x80010002
[05:42:45.413] |E| [open_file]: Missing file at D:/Emulateurs/Vita3K/mc/ux0/user/00/savedata/PCSG00459/SlotParam_39.bin (target path: savedata0:/SlotParam_39.bin)
[05:42:45.413] |W| [io_error_impl]: open_file (sceAppUtilSaveDataSlotGetParam) returned 0x80010002
[05:42:45.413] |E| [open_file]: Missing file at D:/Emulateurs/Vita3K/mc/ux0/user/00/savedata/PCSG00459/SlotParam_40.bin (target path: savedata0:/SlotParam_40.bin)
[05:42:45.414] |W| [io_error_impl]: open_file (sceAppUtilSaveDataSlotGetParam) returned 0x80010002
[05:42:45.414] |E| [open_file]: Missing file at D:/Emulateurs/Vita3K/mc/ux0/user/00/savedata/PCSG00459/SlotParam_181.bin (target path: savedata0:/SlotParam_181.bin)
[05:42:45.414] |W| [io_error_impl]: open_file (sceAppUtilSaveDataSlotGetParam) returned 0x80010002
[05:42:45.414] |E| [open_file]: Missing file at D:/Emulateurs/Vita3K/mc/ux0/user/00/savedata/PCSG00459/SlotParam_182.bin (target path: savedata0:/SlotParam_182.bin)
[05:42:45.414] |W| [io_error_impl]: open_file (sceAppUtilSaveDataSlotGetParam) returned 0x80010002
[05:42:45.414] |E| [open_file]: Missing file at D:/Emulateurs/Vita3K/mc/ux0/user/00/savedata/PCSG00459/SlotParam_183.bin (target path: savedata0:/SlotParam_183.bin)
[05:42:45.414] |W| [io_error_impl]: open_file (sceAppUtilSaveDataSlotGetParam) returned 0x80010002
[05:42:45.414] |E| [open_file]: Missing file at D:/Emulateurs/Vita3K/mc/ux0/user/00/savedata/PCSG00459/SlotParam_184.bin (target path: savedata0:/SlotParam_184.bin)
[05:42:45.414] |W| [io_error_impl]: open_file (sceAppUtilSaveDataSlotGetParam) returned 0x80010002
[05:42:45.414] |E| [open_file]: Missing file at D:/Emulateurs/Vita3K/mc/ux0/user/00/savedata/PCSG00459/SlotParam_185.bin (target path: savedata0:/SlotParam_185.bin)
[05:42:45.414] |W| [io_error_impl]: open_file (sceAppUtilSaveDataSlotGetParam) returned 0x80010002
[05:42:45.415] |E| [open_file]: Missing file at D:/Emulateurs/Vita3K/mc/ux0/user/00/savedata/PCSG00459/SlotParam_186.bin (target path: savedata0:/SlotParam_186.bin)
[05:42:45.415] |W| [io_error_impl]: open_file (sceAppUtilSaveDataSlotGetParam) returned 0x80010002
[05:42:45.415] |E| [open_file]: Missing file at D:/Emulateurs/Vita3K/mc/ux0/user/00/savedata/PCSG00459/SlotParam_187.bin (target path: savedata0:/SlotParam_187.bin)
[05:42:45.415] |W| [io_error_impl]: open_file (sceAppUtilSaveDataSlotGetParam) returned 0x80010002
[05:42:45.415] |E| [open_file]: Missing file at D:/Emulateurs/Vita3K/mc/ux0/user/00/savedata/PCSG00459/SlotParam_188.bin (target path: savedata0:/SlotParam_188.bin)
[05:42:45.415] |W| [io_error_impl]: open_file (sceAppUtilSaveDataSlotGetParam) returned 0x80010002
[05:42:45.415] |E| [open_file]: Missing file at D:/Emulateurs/Vita3K/mc/ux0/user/00/savedata/PCSG00459/SlotParam_189.bin (target path: savedata0:/SlotParam_189.bin)
[05:42:45.415] |W| [io_error_impl]: open_file (sceAppUtilSaveDataSlotGetParam) returned 0x80010002
[05:42:45.415] |E| [open_file]: Missing file at D:/Emulateurs/Vita3K/mc/ux0/user/00/savedata/PCSG00459/SlotParam_190.bin (target path: savedata0:/SlotParam_190.bin)
[05:42:45.415] |W| [io_error_impl]: open_file (sceAppUtilSaveDataSlotGetParam) returned 0x80010002
[05:42:45.416] |E| [open_file]: Missing file at D:/Emulateurs/Vita3K/mc/ux0/user/00/savedata/PCSG00459/SlotParam_191.bin (target path: savedata0:/SlotParam_191.bin)
[05:42:45.416] |W| [io_error_impl]: open_file (sceAppUtilSaveDataSlotGetParam) returned 0x80010002
[05:42:45.416] |E| [open_file]: Missing file at D:/Emulateurs/Vita3K/mc/ux0/user/00/savedata/PCSG00459/SlotParam_192.bin (target path: savedata0:/SlotParam_192.bin)
[05:42:45.416] |W| [io_error_impl]: open_file (sceAppUtilSaveDataSlotGetParam) returned 0x80010002
[05:42:45.416] |E| [open_file]: Missing file at D:/Emulateurs/Vita3K/mc/ux0/user/00/savedata/PCSG00459/SlotParam_193.bin (target path: savedata0:/SlotParam_193.bin)
[05:42:45.416] |W| [io_error_impl]: open_file (sceAppUtilSaveDataSlotGetParam) returned 0x80010002
[05:42:45.416] |E| [open_file]: Missing file at D:/Emulateurs/Vita3K/mc/ux0/user/00/savedata/PCSG00459/SlotParam_194.bin (target path: savedata0:/SlotParam_194.bin)
[05:42:45.416] |W| [io_error_impl]: open_file (sceAppUtilSaveDataSlotGetParam) returned 0x80010002
[05:42:45.416] |E| [open_file]: Missing file at D:/Emulateurs/Vita3K/mc/ux0/user/00/savedata/PCSG00459/SlotParam_195.bin (target path: savedata0:/SlotParam_195.bin)
[05:42:45.420] |W| [io_error_impl]: open_file (sceAppUtilSaveDataSlotGetParam) returned 0x80010002
[05:42:45.420] |E| [open_file]: Missing file at D:/Emulateurs/Vita3K/mc/ux0/user/00/savedata/PCSG00459/SlotParam_196.bin (target path: savedata0:/SlotParam_196.bin)
[05:42:45.421] |W| [io_error_impl]: open_file (sceAppUtilSaveDataSlotGetParam) returned 0x80010002
[05:42:45.421] |E| [open_file]: Missing file at D:/Emulateurs/Vita3K/mc/ux0/user/00/savedata/PCSG00459/SlotParam_197.bin (target path: savedata0:/SlotParam_197.bin)
[05:42:45.421] |W| [io_error_impl]: open_file (sceAppUtilSaveDataSlotGetParam) returned 0x80010002
[05:42:45.421] |E| [open_file]: Missing file at D:/Emulateurs/Vita3K/mc/ux0/user/00/savedata/PCSG00459/SlotParam_198.bin (target path: savedata0:/SlotParam_198.bin)
[05:42:45.421] |W| [unimplemented_impl]: Unimplemented sceCommonDialogUpdate import called.
[05:42:45.421] |W| [io_error_impl]: open_file (sceAppUtilSaveDataSlotGetParam) returned 0x80010002
[05:42:45.421] |E| [open_file]: Missing file at D:/Emulateurs/Vita3K/mc/ux0/user/00/savedata/PCSG00459/SlotParam_199.bin (target path: savedata0:/SlotParam_199.bin)
[05:42:45.421] |W| [io_error_impl]: open_file (sceAppUtilSaveDataSlotGetParam) returned 0x80010002
[05:42:45.422] |E| [open_file]: Missing file at D:/Emulateurs/Vita3K/mc/ux0/user/00/savedata/PCSG00459/SlotParam_200.bin (target path: savedata0:/SlotParam_200.bin)
[05:42:45.422] |W| [io_error_impl]: open_file (sceAppUtilSaveDataSlotGetParam) returned 0x80010002
[05:42:45.444] |I| [renderer::gl::load_shader_generic]: Generating frag shader fac80d5ff12f33523fee4df55c3a52e3679d1bd05479c87aea1ce0fdc71df9cf
[05:42:45.445] |D| [shader::create_fragment_inputs]: Iterator: pa0 = (half4) v_TexCoord0
[05:42:45.461] |I| [renderer::gl::load_shader_generic]: Generating vert shader 1a07a19d2e6b8c7bed5d4c4398c203ea6444c67b15dedaf40092761f43a3d3e0
[05:42:45.462] |I| [export_sceIoOpen]: Opening file: app0:/SYSCG.PAK
[05:42:45.462] |D| [shader::create_parameters]: [BUFFER0  + 0] pa0 = (float4) aColor
[05:42:45.462] |D| [shader::create_parameters]: [BUFFER0  + 4] pa4 = (float4) aPosition
[05:42:45.525] |I| [renderer::gl::load_shader_generic]: Generating frag shader f3e9dc103f74a53495536ca882eb638e0ab6a3e0226fb7111e3a48670623e7c0
[05:42:45.531] |I| [renderer::gl::load_shader_generic]: Generating vert shader fd2389c928c09197bba1b610ba449801f647a0884b1c069ca3fde37ade34e4d4
[05:42:45.532] |D| [shader::create_parameters]: [BUFFER0  + 0] pa0 = (float4) aPosition
[05:42:45.540] |E| [renderer::gl::compile_program]: Fragment info
-------------
0(15) : warning C7050: "pa[0].zw" might be used before being initialized


[05:42:45.577] |I| [renderer::gl::load_shader_generic]: Generating frag shader 7aca1b20e79e7f2805fecd5374a8a7541328397b3bb55a01b0efda80ec4a39bd
[05:42:45.579] |D| [shader::create_fragment_inputs]: Iterator: pa0 = (half4) v_Color0
[05