[05:20:34.240] |I| [load_app_impl]: ngs experimental state: true
[05:20:34.240] |I| [load_app_impl]: video player state: true
[05:20:34.240] |I| [load_app_impl]: lle-modules: libsas,libSceJson,liblocation,libSceXml,libpgf,libvoice,librudp,libSceSqlite,libvoiceqos
[05:20:34.240] |I| [load_app_impl]: Title: 東方幻想魔録W
[05:20:34.241] |I| [load_app_impl]: Serial: PCSG00977
[05:20:34.241] |I| [load_app_impl]: Version: 1.08
[05:20:34.241] |I| [load_app_impl]: Category: gp
[05:20:34.352] |C| [load_self]: Unknown segment type 0x6FFFFF01
[05:20:34.352] |I| [load_self]: Loaded module segment 0 @ [0x00004000 - 0x0005591C / 0x81000000] (size: 0x0005191C) of module ux0:app\PCSG00977\sce_module\libc.suprx
[05:20:34.352] |I| [load_self]: Loaded module segment 1 @ [0x00056000 - 0x000588A0 / 0x81052000] (size: 0x000028A0) of module ux0:app\PCSG00977\sce_module\libc.suprx
[05:20:34.352] |I| [load_self]: Loading symbols for SELF: ux0:app\PCSG00977\sce_module\libc.suprx
[05:20:34.354] |D| [load_var_exports]: 	NID 0x936C8A78 (SYSLYB) at 0x4B38C
[05:20:34.354] |D| [load_var_exports]: 	NID 0x6C2224BA (NID_MODULE_INFO) at 0x40550
[05:20:34.355] |W| [load_var_imports]: 	NID NOT FOUND 0x93B8AA67 (UNRECOGNISED) at 0x446B0, setting to stub value 0xDEADBEEF
[05:20:34.356] |W| [load_var_imports]: 	NID NOT FOUND 0xDF084DFA (UNRECOGNISED) at 0x46244, setting to stub value 0xDEADBEEF
[05:20:34.357] |I| [pre_load_module]: Pre-load module SceLibc (at "app\PCSG00977\sce_module\libc.suprx") loaded
[05:20:34.367] |C| [load_self]: Unknown segment type 0x6FFFFF01
[05:20:34.368] |I| [load_self]: Loaded module segment 0 @ [0x0005B000 - 0x00074000 / 0x81000000] (size: 0x00019000) of module ux0:app\PCSG00977\sce_module\libface.suprx
[05:20:34.368] |I| [load_self]: Loaded module segment 1 @ [0x00074000 - 0x000740F8 / 0x81019000] (size: 0x000000F8) of module ux0:app\PCSG00977\sce_module\libface.suprx
[05:20:34.369] |I| [load_self]: Loading symbols for SELF: ux0:app\PCSG00977\sce_module\libface.suprx
[05:20:34.370] |D| [load_var_exports]: 	NID 0x6C2224BA (NID_MODULE_INFO) at 0x70DA4
[05:20:34.370] |D| [load_var_exports]: 	NID 0x936C8A78 (SYSLYB) at 0x73784
[05:20:34.370] |I| [pre_load_module]: Pre-load module SceFace (at "app\PCSG00977\sce_module\libface.suprx") loaded
[05:20:34.416] |C| [load_self]: Unknown segment type 0x6FFFFF01
[05:20:34.416] |I| [load_self]: Loaded module segment 0 @ [0x00075000 - 0x000A1CBF / 0x81000000] (size: 0x0002CCBF) of module ux0:app\PCSG00977\sce_module\libfios2.suprx
[05:20:34.417] |I| [load_self]: Loaded module segment 1 @ [0x000A2000 - 0x000A7255 / 0x8102D000] (size: 0x00005255) of module ux0:app\PCSG00977\sce_module\libfios2.suprx
[05:20:34.417] |I| [load_self]: Loading symbols for SELF: ux0:app\PCSG00977\sce_module\libfios2.suprx
[05:20:34.418] |D| [load_var_exports]: 	NID 0x936C8A78 (SYSLYB) at 0xA1BC8
[05:20:34.418] |D| [load_var_exports]: 	NID 0x6C2224BA (NID_MODULE_INFO) at 0x98F08
[05:20:34.419] |I| [pre_load_module]: Pre-load module SceLibFios2 (at "app\PCSG00977\sce_module\libfios2.suprx") loaded
[05:20:34.466] |C| [load_self]: Unknown segment type 0x6FFFFF01
[05:20:34.466] |I| [load_self]: Loaded module segment 0 @ [0x000A8000 - 0x002B5AF4 / 0x81000000] (size: 0x0020DAF4) of module ux0:app\PCSG00977\sce_module\libsmart.suprx
[05:20:34.467] |I| [load_self]: Loaded module segment 1 @ [0x002B6000 - 0x002B9444 / 0x8120E000] (size: 0x00003444) of module ux0:app\PCSG00977\sce_module\libsmart.suprx
[05:20:34.468] |I| [load_self]: Loading symbols for SELF: ux0:app\PCSG00977\sce_module\libsmart.suprx
[05:20:34.468] |D| [load_var_exports]: 	NID 0x6C2224BA (NID_MODULE_INFO) at 0x153528
[05:20:34.468] |D| [load_var_exports]: 	NID 0x936C8A78 (SYSLYB) at 0x15A90C
[05:20:34.469] |I| [pre_load_module]: Pre-load module SceSmart (at "app\PCSG00977\sce_module\libsmart.suprx") loaded
[05:20:34.480] |C| [load_self]: Unknown segment type 0x6FFFFF01
[05:20:34.480] |I| [load_self]: Loaded module segment 0 @ [0x002BA000 - 0x002CD9BC / 0x81000000] (size: 0x000139BC) of module ux0:app\PCSG00977\sce_module\libult.suprx
[05:20:34.481] |I| [load_self]: Loaded module segment 1 @ [0x002CE000 - 0x002CE814 / 0x81014000] (size: 0x00000814) of module ux0:app\PCSG00977\sce_module\libult.suprx
[05:20:34.482] |I| [load_self]: Loading symbols for SELF: ux0:app\PCSG00977\sce_module\libult.suprx
[05:20:34.482] |D| [load_var_exports]: 	NID 0x936C8A78 (SYSLYB) at 0x2CC2E8
[05:20:34.483] |D| [load_var_exports]: 	NID 0x6C2224BA (NID_MODULE_INFO) at 0x2C9870
[05:20:34.483] |I| [pre_load_module]: Pre-load module SceUlt (at "app\PCSG00977\sce_module\libult.suprx") loaded
[05:20:34.490] |I| [load_self]: Loaded module segment 0 @ [0x002CF000 - 0x0031FF04 / 0x81000000] (size: 0x00050F04) of module vs0:sys/external/libSceFt2.suprx
[05:20:34.490] |I| [load_self]: Loaded module segment 1 @ [0x00320000 - 0x003202F4 / 0x81051000] (size: 0x000002F4) of module vs0:sys/external/libSceFt2.suprx
[05:20:34.492] |I| [load_self]: Loading symbols for SELF: vs0:sys/external/libSceFt2.suprx
[05:20:34.494] |D| [load_var_exports]: 	NID 0x936C8A78 (SYSLYB) at 0x30B7DC
[05:20:34.494] |D| [load_var_exports]: 	NID 0x6C2224BA (NID_MODULE_INFO) at 0x30AF10
[05:20:34.494] |I| [pre_load_module]: Pre-load module SceLibft2 (at "sys/external/libSceFt2.suprx") loaded
[05:20:34.496] |I| [load_self]: Loaded module segment 0 @ [0x00321000 - 0x00330F14 / 0x81000000] (size: 0x0000FF14) of module vs0:sys/external/libpvf.suprx
[05:20:34.497] |I| [load_self]: Loaded module segment 1 @ [0x00331000 - 0x00331008 / 0x81010000] (size: 0x00000008) of module vs0:sys/external/libpvf.suprx
[05:20:34.497] |I| [load_self]: Loading symbols for SELF: vs0:sys/external/libpvf.suprx
[05:20:34.498] |D| [load_var_exports]: 	NID 0x936C8A78 (SYSLYB) at 0x32F710
[05:20:34.498] |D| [load_var_exports]: 	NID 0x6C2224BA (NID_MODULE_INFO) at 0x32F300
[05:20:34.499] |I| [pre_load_module]: Pre-load module SceLibPvf (at "sys/external/libpvf.suprx") loaded
[05:20:34.956] |C| [load_self]: Unknown segment type 0x6FFFFF01
[05:20:34.956] |I| [load_self]: Loaded module segment 0 @ [0x00332000 - 0x015A4608 / 0x81000000] (size: 0x01272608) of module app0:eboot.bin
[05:20:34.957] |I| [load_self]: Loaded module segment 1 @ [0x015A5000 - 0x016B4AAC / 0x82273000] (size: 0x0010FAAC) of module app0:eboot.bin
[05:20:34.958] |I| [load_self]: Loading symbols for SELF: app0:eboot.bin
[05:20:34.959] |D| [load_var_exports]: 	NID 0x6C2224BA (NID_MODULE_INFO) at 0x136C8D4
[05:20:34.959] |D| [load_var_exports]: 	NID 0x70FBA1E7 (SCE_PROC_PARAMS) at 0x15BB270
[05:20:34.959] |D| [load_var_exports]: 	NID 0x936C8A78 (SYSLYB) at 0x151033C
[05:20:34.960] |W| [load_var_imports]: 	NID NOT FOUND 0x6EF1E48 (UNRECOGNISED) at 0x13D6674, setting to stub value 0xDEADBEEF
[05:20:34.961] |W| [load_var_imports]: 	NID NOT FOUND 0x338B0BD1 (UNRECOGNISED) at 0x13D65E8, setting to stub value 0xDEADBEEF
[05:20:34.962] |W| [load_var_imports]: 	NID NOT FOUND 0x3A451B91 (UNRECOGNISED) at 0x13D65D4, setting to stub value 0xDEADBEEF
[05:20:34.963] |W| [load_var_imports]: 	NID NOT FOUND 0x550DFE23 (UNRECOGNISED) at 0x13D65FC, setting to stub value 0xDEADBEEF
[05:20:34.964] |W| [load_var_imports]: 	NID NOT FOUND 0x56354517 (UNRECOGNISED) at 0x13D659C, setting to stub value 0xDEADBEEF
[05:20:34.964] |W| [load_var_imports]: 	NID NOT FOUND 0x5EF67445 (UNRECOGNISED) at 0x13D6660, setting to stub value 0xDEADBEEF
[05:20:34.965] |W| [load_var_imports]: 	NID NOT FOUND 0x6ACA1D57 (UNRECOGNISED) at 0x13D6624, setting to stub value 0xDEADBEEF
[05:20:34.966] |W| [load_var_imports]: 	NID NOT FOUND 0x71A78083 (UNRECOGNISED) at 0x13D65C0, setting to stub value 0xDEADBEEF
[05:20:34.966] |W| [load_var_imports]: 	NID NOT FOUND 0x79F9DB75 (UNRECOGNISED) at 0x13D6610, setting to stub value 0xDEADBEEF
[05:20:34.967] |W| [load_var_imports]: 	NID NOT FOUND 0xAA0340C3 (UNRECOGNISED) at 0x13D6638, setting to stub value 0xDEADBEEF
[05:20:34.968] |W| [load_var_imports]: 	NID NOT FOUND 0xF9A1DE92 (UNRECOGNISED) at 0x13D664C, setting to stub value 0xDEADBEEF
[05:20:34.970] |I| [load_app_impl]: Main executable UnityPlayer_201730_Release (eboot.bin) loaded
[05:20:34.979] |D| [run_app]: Running module_start of library: SceLibc at address 0x4871
[05:20:34.990] |I| [run_app]: Module SceLibc (at "ux0:app\PCSG00977\sce_module\libc.suprx") module_start returned 0x0
[05:20:35.001] |D| [run_app]: Running module_start of library: SceFace at address 0x70265
[05:20:35.009] |I| [run_app]: Module SceFace (at "ux0:app\PCSG00977\sce_module\libface.suprx") module_start returned 0x0
[05:20:35.020] |D| [run_app]: Running module_start of library: SceLibFios2 at address 0x75001
[05:20:35.028] |W| [stubbed_impl]: Stubbed sceKernelGetProcessId import called. (pid: 0)
[05:20:35.028] |D| [export_sceFiosOverlayGetList02]: maxIDs: 127
[05:20:35.028] |W| [unimplemented_impl]: Unimplemented sceFiosOverlayGetList02 import called.
[05:20:35.029] |I| [run_app]: Module SceLibFios2 (at "ux0:app\PCSG00977\sce_module\libfios2.suprx") module_start returned 0x0
[05:20:35.040] |D| [run_app]: Running module_start of library: SceSmart at address 0xA818D
[05:20:35.048] |I| [run_app]: Module SceSmart (at "ux0:app\PCSG00977\sce_module\libsmart.suprx") module_start returned 0x0
[05:20:35.060] |D| [run_app]: Running module_start of library: SceUlt at address 0x2BD771
[05:20:35.068] |W| [unimplemented_impl]: Unimplemented _sceUlobjMgrRegisterLibultProtocolRevision import called.
[05:20:35.068] |I| [run_app]: Module SceUlt (at "ux0:app\PCSG00977\sce_module\libult.suprx") module_start returned 0x0
[05:20:35.081] |W| [unimplemented_impl]: Unimplemented sceKernelRegisterThreadEventHandler import called.
[05:20:35.119] |I| [export_sceIoOpen]: Opening file: app0:/Media/boot.config
[05:20:35.149] |E| [call_import]: Import function for NID 0xE340C007 not found (thread name: PCSG00977, thread ID: 8)
[05:20:35.153] |W| [stubbed_impl]: Stubbed sceKernelGetFreeMemorySize import called. (Single pool)
[05:20:35.153] |W| [unimplemented_impl]: Unimplemented sceAppUtilInit import called.
[05:20:35.162] |C| [load_self]: Unknown segment type 0x6FFFFF01
[05:20:35.162] |I| [load_self]: Loaded module segment 0 @ [0x01B08000 - 0x01B0EC9C / 0x81000000] (size: 0x00006C9C) of module app0:/Media/Modules/pthread.suprx
[05:20:35.163] |I| [load_self]: Loaded module segment 1 @ [0x01B0F000 - 0x01B11178 / 0x81007000] (size: 0x00002178) of module app0:/Media/Modules/pthread.suprx
[05:20:35.163] |I| [load_self]: Loading symbols for SELF: app0:/Media/Modules/pthread.suprx
[05:20:35.164] |D| [load_var_exports]: 	NID 0x6C2224BA (NID_MODULE_INFO) at 0x1B0D7E4
[05:20:35.164] |D| [load_var_exports]: 	NID 0x936C8A78 (SYSLYB) at 0x1B0EC98
[05:20:35.174] |I| [export__sceKernelLoadStartModule]: Module PTHREAD_PRX (at "app0:/Media/Modules/pthread.suprx") module_start returned 0x0
[05:20:35.218] |C| [load_self]: Unknown segment type 0x6FFFFF01
[05:20:35.218] |I| [load_self]: Loaded module segment 0 @ [0x01B13000 - 0x01D62BE4 / 0x81000000] (size: 0x0024FBE4) of module app0:/Media/Modules/mono-vita.suprx
[05:20:35.219] |I| [load_self]: Loaded module segment 1 @ [0x01D63000 - 0x01DCAD70 / 0x81250000] (size: 0x00067D70) of module app0:/Media/Modules/mono-vita.suprx
[05:20:35.220] |I| [load_self]: Loading symbols for SELF: app0:/Media/Modules/mono-vita.suprx
[05:20:35.221] |D| [load_var_exports]: 	NID 0x6C2224BA (NID_MODULE_INFO) at 0x1CA8724
[05:20:35.221] |D| [load_var_exports]: 	NID 0x936C8A78 (SYSLYB) at 0x1D457D4
[05:20:35.231] |I| [export__sceKernelLoadStartModule]: Module MONO (at "app0:/Media/Modules/mono-vita.suprx") module_start returned 0x0
[05:20:35.955] |C| [load_self]: Unknown segment type 0x6FFFFF01
[05:20:35.955] |I| [load_self]: Loaded module segment 0 @ [0x01DCC000 - 0x0659F590 / 0x81000000] (size: 0x047D3590) of module app0:/Media/Modules/MonoAssembliesPSP2.suprx
[05:20:35.956] |I| [load_self]: Loaded module segment 1 @ [0x065A0000 - 0x06D33298 / 0x857D4000] (size: 0x00793298) of module app0:/Media/Modules/MonoAssembliesPSP2.suprx
[05:20:35.957] |I| [load_self]: Loading symbols for SELF: app0:/Media/Modules/MonoAssembliesPSP2.suprx
[05:20:35.957] |D| [load_var_exports]: 	NID 0x6C2224BA (NID_MODULE_INFO) at 0x6397E3C
[05:20:35.958] |D| [load_var_exports]: 	NID 0x936C8A78 (SYSLYB) at 0x659F58C
[05:20:35.972] |I| [export__sceKernelLoadStartModule]: Module MonoAssembliesPSP2 (at "app0:/Media/Modules/MonoAssembliesPSP2.suprx") module_start returned 0x0
[05:20:36.010] |C| [load_self]: Unknown segment type 0x6FFFFF01
[05:20:36.010] |I| [load_self]: Loaded module segment 0 @ [0x06D35000 - 0x06D3A6E0 / 0x81000000] (size: 0x000056E0) of module app0:/Media/Modules/SUPRXManager.suprx
[05:20:36.011] |I| [load_self]: Loaded module segment 1 @ [0x01701000 - 0x01701044 / 0x81006000] (size: 0x00000044) of module app0:/Media/Modules/SUPRXManager.suprx
[05:20:36.012] |I| [load_self]: Loading symbols for SELF: app0:/Media/Modules/SUPRXManager.suprx
[05:20:36.012] |D| [load_var_exports]: 	NID 0x6C2224BA (NID_MODULE_INFO) at 0x6D39FB8
[05:20:36.013] |D| [load_var_exports]: 	NID 0x936C8A78 (SYSLYB) at 0x6D3A624
[05:20:36.024] |I| [export__sceKernelLoadStartModule]: Module SUPRXManager (at "app0:/Media/Modules/SUPRXManager.suprx") module_start returned 0x0
[05:20:36.041] |I| [load_module]: Loading module ID: 0x55
[05:20:36.067] |C| [load_self]: Unknown segment type 0x6FFFFF01
[05:20:36.067] |I| [load_self]: Loaded module segment 0 @ [0x06D3D000 - 0x06D43230 / 0x81000000] (size: 0x00006230) of module sys/external/libSceJson.suprx
[05:20:36.068] |I| [load_self]: Loaded module segment 1 @ [0x06D3B000 - 0x06D3B049 / 0x81007000] (size: 0x00000049) of module sys/external/libSceJson.suprx
[05:20:36.068] |I| [load_self]: Loading symbols for SELF: sys/external/libSceJson.suprx
[05:20:36.069] |D| [load_var_exports]: 	NID 0x936C8A78 (SYSLYB) at 0x6D430A8
[05:20:36.069] |D| [load_var_exports]: 	NID 0x6C2224BA (NID_MODULE_INFO) at 0x6D42020
[05:20:36.070] |I| [load_module]: Module SceLibJson (at "sys/external/libSceJson.suprx") loaded
[05:20:36.140] |W| [unimplemented_impl]: Unimplemented sceKernelChangeThreadVfpException import called.
[05:20:36.140] |W| [unimplemented_impl]: Unimplemented sceFiosOverlayThreadSetDisabled02 import called.
[05:20:36.186] |W| [unimplemented_impl]: Unimplemented sceFiosOverlayGetRecommendedScheduler02 import called.
[05:20:36.188] |I| [export_sceIoOpen]: Opening file: app0:/archive.psarc
[05:20:36.255] |I| [export_sceIoOpen]: Opening file: app0:/archive.psarc
[05:20:36.263] |I| [export_sceIoOpen]: Opening file: app0:/archive_patch.psarc
[05:20:36.278] |I| [export_sceIoOpen]: Opening file: app0:/archive_patch.psarc
[05:20:36.389] |E| [stat_file]: Cannot find device for path: /UnityEngine.ParticleSystemModule.dll
[05:20:36.389] |W| [io_error_impl]: stat_file (_sceIoDread) returned 0x80010002
[05:20:36.390] |W| [io_error_impl]: read_dir (_sceIoDread) returned 0x80010018
[05:20:36.552] |E| [open_dir]: Directory does not exist at: D:/Emulateurs/Vita3K/mc/ux0/user/00/savedata/PCSG00977/persistentdata/ (target path: savedata0:/persistentdata)
[05:20:36.553] |W| [io_error_impl]: open_dir (_sceIoDopen) returned 0x80010002
[05:20:36.569] |I| [export_sceIoOpen]: Opening file: app0:/mono/etc/mono/config
[05:20:36.570] |E| [open_file]: Missing file at D:/Emulateurs/Vita3K/mc/ux0/app/PCSG00977/mono/etc/mono/config (target path: app0:/mono/etc/mono/config)
[05:20:36.570] |W| [io_error_impl]: open_file (sceIoOpen) returned 0x80010002
[05:20:36.571] |I| [export_sceIoOpen]: Opening file: app0:/.mono/config
[05:20:36.572] |E| [open_file]: Missing file at D:/Emulateurs/Vita3K/mc/ux0/app/PCSG00977/.mono/config (target path: app0:/.mono/config)
[05:20:36.573] |W| [io_error_impl]: open_file (sceIoOpen) returned 0x80010002
[05:20:36.578] |I| [export_sceIoOpen]: Opening file: /proc/cpuinfo
[05:20:36.578] |E| [open_file]: Cannot find device for path: /proc/cpuinfo
[05:20:36.578] |W| [io_error_impl]: open_file (sceIoOpen) returned 0x80010002
[05:20:36.587] |E| [call_import]: Import function for NID 0xE340C1C3 not found (thread name: Unity_main_thread, thread ID: 79)
[05:20:36.591] |I| [export_sceIoOpen]: Opening file: /proc/cpuinfo
[05:20:36.592] |E| [open_file]: Cannot find device for path: /proc/cpuinfo
[05:20:36.592] |W| [io_error_impl]: open_file (sceIoOpen) returned 0x80010002
[05:20:36.594] |E| [call_import]: Import function for NID 0xE340C1C5 not found (thread name: Unity_main_thread, thread ID: 79)
[05:20:36.606] |W| [stubbed_impl]: Stubbed sceKernelGetThreadInfo import called. (STUB)
[05:20:36.607] |W| [unimplemented_impl]: Unimplemented SceKernelForMono_1BECC64C import called.
[05:20:36.608] |W| [unimplemented_impl]: Unimplemented SceKernelForMono_AD210F16 import called.
[05:20:36.610] |W| [unimplemented_impl]: Unimplemented sceKernelCallAbortHandler import called.
[05:20:36.610] |W| [unimplemented_impl]: Unimplemented sceKernelCallModuleExit import called.
[05:20:36.613] |E| [logging::ret_error_impl]: _sceKernelLockLwMutex returned SCE_KERNEL_ERROR_UNKNOWN_LW_MUTEX_ID (0x80028181)
[05:20:36.614] |E| [logging::ret_error_impl]: sceKernelUnlockLwMutex returned SCE_KERNEL_ERROR_UNKNOWN_LW_MUTEX_ID (0x80028181)
[05:20:36.616] |I| [export_sceIoOpen]: Opening file: app0:/app0/mscorlib.dll
[05:20:36.617] |E| [open_file]: Missing file at D:/Emulateurs/Vita3K/mc/ux0/app/PCSG00977/app0/mscorlib.dll (target path: app0:/app0/mscorlib.dll)
[05:20:36.618] |W| [io_error_impl]: open_file (sceIoOpen) returned 0x80010002
[05:20:36.619] |I| [export_sceIoOpen]: Opening file: app0:/Media/Managed/mscorlib.dll
