[12:21:52.728] |I| [load_app_impl]: cpu-backend: Dynarmic
[12:21:52.729] |I| [load_app_impl]: CPU Optimisation state: true
[12:21:52.729] |I| [load_app_impl]: at9 audio decoder state: false
[12:21:52.729] |I| [load_app_impl]: ngs experimental state: true
[12:21:52.729] |I| [load_app_impl]: video player state: true
[12:21:52.729] |I| [load_app_impl]: lle-modules: libpgf,libSceXml,libsas,liblocation,libhandwriting,libSceJson,librudp,libsceavplayer,libatrac
[12:21:52.729] |I| [load_app_impl]: Title: ヴァルプルガの詩
[12:21:52.729] |I| [load_app_impl]: Serial: PCSG00768
[12:21:52.730] |I| [load_app_impl]: Version: 1.01
[12:21:52.730] |I| [load_app_impl]: Category: gp
[12:21:52.776] |C| [load_self]: Unknown segment type 0x6FFFFF01
[12:21:52.776] |I| [load_self]: Loaded module segment 0 @ [0x00007000 - 0x000588A4 / 0x81000000] (size: 0x000518A4) of module ux0:app\PCSG00768\sce_module\libc.suprx
[12:21:52.776] |I| [load_self]: Loaded module segment 1 @ [0x00059000 - 0x0005B8A0 / 0x81052000] (size: 0x000028A0) of module ux0:app\PCSG00768\sce_module\libc.suprx
[12:21:52.777] |I| [load_self]: Loading symbols for SELF: ux0:app\PCSG00768\sce_module\libc.suprx
[12:21:52.777] |D| [load_var_exports]: 	NID 0x936C8A78 (SYSLYB) at 0x4E314
[12:21:52.777] |D| [load_var_exports]: 	NID 0x6C2224BA (NID_MODULE_INFO) at 0x434DC
[12:21:52.777] |W| [load_var_imports]: 	NID NOT FOUND 0x93B8AA67 (UNRECOGNISED) at 0x4763C, setting to stub value 0xDEADBEEF
[12:21:52.778] |W| [load_var_imports]: 	NID NOT FOUND 0xDF084DFA (UNRECOGNISED) at 0x491D0, setting to stub value 0xDEADBEEF
[12:21:52.779] |I| [pre_load_module]: Pre-load module SceLibc (at "app\PCSG00768\sce_module\libc.suprx") loaded
[12:21:52.804] |C| [load_self]: Unknown segment type 0x6FFFFF01
[12:21:52.804] |I| [load_self]: Loaded module segment 0 @ [0x0005E000 - 0x0008ACBF / 0x81000000] (size: 0x0002CCBF) of module ux0:app\PCSG00768\sce_module\libfios2.suprx
[12:21:52.805] |I| [load_self]: Loaded module segment 1 @ [0x0008B000 - 0x00090255 / 0x8102D000] (size: 0x00005255) of module ux0:app\PCSG00768\sce_module\libfios2.suprx
[12:21:52.805] |I| [load_self]: Loading symbols for SELF: ux0:app\PCSG00768\sce_module\libfios2.suprx
[12:21:52.806] |D| [load_var_exports]: 	NID 0x936C8A78 (SYSLYB) at 0x8ABC8
[12:21:52.806] |D| [load_var_exports]: 	NID 0x6C2224BA (NID_MODULE_INFO) at 0x81F08
[12:21:52.806] |I| [pre_load_module]: Pre-load module SceLibFios2 (at "app\PCSG00768\sce_module\libfios2.suprx") loaded
[12:21:52.810] |C| [load_self]: Unknown segment type 0x6FFFFF01
[12:21:52.810] |I| [load_self]: Loaded module segment 0 @ [0x00091000 - 0x000A49BC / 0x81000000] (size: 0x000139BC) of module ux0:app\PCSG00768\sce_module\libult.suprx
[12:21:52.811] |I| [load_self]: Loaded module segment 1 @ [0x000A5000 - 0x000A5814 / 0x81014000] (size: 0x00000814) of module ux0:app\PCSG00768\sce_module\libult.suprx
[12:21:52.811] |I| [load_self]: Loading symbols for SELF: ux0:app\PCSG00768\sce_module\libult.suprx
[12:21:52.811] |D| [load_var_exports]: 	NID 0x936C8A78 (SYSLYB) at 0xA32E8
[12:21:52.811] |D| [load_var_exports]: 	NID 0x6C2224BA (NID_MODULE_INFO) at 0xA0870
[12:21:52.811] |I| [pre_load_module]: Pre-load module SceUlt (at "app\PCSG00768\sce_module\libult.suprx") loaded
[12:21:52.819] |I| [load_self]: Loaded module segment 0 @ [0x000A6000 - 0x000F6F04 / 0x81000000] (size: 0x00050F04) of module vs0:sys/external/libSceFt2.suprx
[12:21:52.819] |I| [load_self]: Loaded module segment 1 @ [0x000F7000 - 0x000F72F4 / 0x81051000] (size: 0x000002F4) of module vs0:sys/external/libSceFt2.suprx
[12:21:52.819] |I| [load_self]: Loading symbols for SELF: vs0:sys/external/libSceFt2.suprx
[12:21:52.819] |D| [load_var_exports]: 	NID 0x936C8A78 (SYSLYB) at 0xE27DC
[12:21:52.820] |D| [load_var_exports]: 	NID 0x6C2224BA (NID_MODULE_INFO) at 0xE1F10
[12:21:52.820] |I| [pre_load_module]: Pre-load module SceLibft2 (at "sys/external/libSceFt2.suprx") loaded
[12:21:52.822] |I| [load_self]: Loaded module segment 0 @ [0x000F8000 - 0x00107F14 / 0x81000000] (size: 0x0000FF14) of module vs0:sys/external/libpvf.suprx
[12:21:52.824] |I| [load_self]: Loaded module segment 1 @ [0x00108000 - 0x00108008 / 0x81010000] (size: 0x00000008) of module vs0:sys/external/libpvf.suprx
[12:21:52.824] |I| [load_self]: Loading symbols for SELF: vs0:sys/external/libpvf.suprx
[12:21:52.824] |D| [load_var_exports]: 	NID 0x936C8A78 (SYSLYB) at 0x106710
[12:21:52.824] |D| [load_var_exports]: 	NID 0x6C2224BA (NID_MODULE_INFO) at 0x106300
[12:21:52.824] |I| [pre_load_module]: Pre-load module SceLibPvf (at "sys/external/libpvf.suprx") loaded
[12:21:52.894] |C| [load_self]: Unknown segment type 0x6FFFFF01
[12:21:52.894] |I| [load_self]: Loaded module segment 0 @ [0x00109000 - 0x001E534B / 0x81000000] (size: 0x000DC34B) of module app0:eboot.bin
[12:21:52.895] |I| [load_self]: Loaded module segment 1 @ [0x001E6000 - 0x00217194 / 0x810DD000] (size: 0x00031194) of module app0:eboot.bin
[12:21:52.895] |I| [load_self]: Loading symbols for SELF: app0:eboot.bin
[12:21:52.895] |D| [load_var_exports]: 	NID 0x6C2224BA (NID_MODULE_INFO) at 0x1C4328
[12:21:52.895] |D| [load_var_exports]: 	NID 0x70FBA1E7 (SCE_PROC_PARAMS) at 0x1EC728
[12:21:52.895] |D| [load_var_exports]: 	NID 0x936C8A78 (SYSLYB) at 0x1E0560
[12:21:52.895] |I| [load_app_impl]: Main executable VITA (eboot.bin) loaded
[12:21:52.903] |D| [run_app]: Running module_start of library: SceLibc at address 0x7871
[12:21:52.929] |I| [run_app]: Module SceLibc (at "ux0:app\PCSG00768\sce_module\libc.suprx") module_start returned 0x0
[12:21:52.933] |D| [run_app]: Running module_start of library: SceLibFios2 at address 0x5E001
[12:21:52.941] |W| [stubbed_impl]: Stubbed sceKernelGetProcessId import called. (pid: 0)
[12:21:52.941] |D| [export_sceFiosOverlayGetList02]: maxIDs: 127
[12:21:52.942] |W| [unimplemented_impl]: Unimplemented sceFiosOverlayGetList02 import called.
[12:21:52.942] |I| [run_app]: Module SceLibFios2 (at "ux0:app\PCSG00768\sce_module\libfios2.suprx") module_start returned 0x0
[12:21:52.946] |D| [run_app]: Running module_start of library: SceUlt at address 0x94771
[12:21:52.953] |W| [unimplemented_impl]: Unimplemented _sceUlobjMgrRegisterLibultProtocolRevision import called.
[12:21:52.953] |I| [run_app]: Module SceUlt (at "ux0:app\PCSG00768\sce_module\libult.suprx") module_start returned 0x0
[12:21:53.002] |W| [unimplemented_impl]: Unimplemented sceKernelChangeThreadCpuAffinityMask import called.
[12:21:53.191] |W| [stubbed_impl]: Stubbed sceGxmMapMemory import called. (always return success)
[12:21:53.194] |W| [stubbed_impl]: Stubbed sceGxmMapFragmentUsseMemory import called. (always return success)
[12:21:53.250] |W| [stubbed_impl]: Stubbed sceGxmMapVertexUsseMemory import called. (always return success)
[12:21:53.278] |W| [unimplemented_impl]: Unimplemented sceGxmTextureValidate import called.
[12:21:53.356] |W| [stubbed_impl]: Stubbed sceKernelGetFreeMemorySize import called. (Single pool)
[12:21:53.357] |W| [unimplemented_impl]: Unimplemented sceKernelGetGPI import called.
[12:21:53.360] |E| [logging::ret_error_impl]: sceGxmTextureSetMinFilter returned SCE_GXM_ERROR_UNSUPPORTED (0x805B0009)
[12:21:53.361] |W| [unimplemented_impl]: Unimplemented sceGxmTransferFinish import called.
[12:21:53.362] |W| [unimplemented_impl]: Unimplemented sceCommonDialogIsRunning import called.
[12:21:53.388] |I| [renderer::gl::load_shader_generic]: Generating frag shader 03a6d2229370268530d37b10f1c027e5c130984c020713f666af881990a13230
[12:21:53.392] |I| [renderer::gl::load_shader_generic]: Generating vert shader 1d72f5f153487bd77c24d2e9f20cd2bc26a3a656ccf139670df482cb007270d5
[12:21:53.393] |D| [shader::create_parameters]: [BUFFER0  + 0] pa0 = (float4) aPosition
[12:21:53.395] |E| [renderer::gl::compile_program]: Fragment info
-------------
0(15) : warning C7050: "pa[0].zw" might be used before being initialized


[12:21:53.396] |W| [stubbed_impl]: Stubbed sceDisplayWaitVblankStartCB import called. (wait for vblank)
[12:21:53.396] |W| [stubbed_impl]: Stubbed sceDisplayWaitVblankStart import called. (wait for vblank)
[12:21:53.405] |W| [unimplemented_impl]: Unimplemented sceKernelSetGPO import called.
[12:21:53.443] |W| [unimplemented_impl]: Unimplemented sceKernelGetThreadCurrentPriority import called.
[12:21:53.542] |W| [unimplemented_impl]: Unimplemented sceKernelChangeThreadVfpException import called.
[12:21:53.543] |W| [unimplemented_impl]: Unimplemented sceFiosOverlayThreadSetDisabled02 import called.
[12:21:53.561] |W| [unimplemented_impl]: Unimplemented sceAppUtilInit import called.
[12:21:53.562] |I| [load_module]: Loading module ID: 0x30
[12:21:53.563] |C| [load_self]: Unknown segment type 0x6FFFFF01
[12:21:53.564] |I| [load_self]: Loaded module segment 0 @ [0x0F297000 - 0x0F29A55C / 0x81000000] (size: 0x0000355C) of module sys/external/libatrac.suprx
[12:21:53.564] |I| [load_self]: Loaded module segment 1 @ [0x0F29B000 - 0x0F29C038 / 0x81004000] (size: 0x00001038) of module sys/external/libatrac.suprx
[12:21:53.564] |I| [load_self]: Loading symbols for SELF: sys/external/libatrac.suprx
[12:21:53.564] |D| [load_var_exports]: 	NID 0x936C8A78 (SYSLYB) at 0xF29A558
[12:21:53.564] |D| [load_var_exports]: 	NID 0x6C2224BA (NID_MODULE_INFO) at 0xF299DB4
[12:21:53.564] |I| [load_module]: Module SceAtrac (at "sys/external/libatrac.suprx") loaded
[12:21:53.564] |D| [load_module]: Running module_start of module: SceAtrac
[12:21:53.565] |I| [load_module]: Module SceAtrac (at "sys/external/libatrac.suprx") module_start returned 0x0
[12:21:53.565] |I| [load_module]: Loading module ID: 0xD
[12:21:53.568] |I| [load_self]: Loaded module segment 0 @ [0x0F29D000 - 0x0F2B4244 / 0x81000000] (size: 0x00017244) of module sys/external/libsas.suprx
[12:21:53.568] |I| [load_self]: Loaded module segment 1 @ [0x0F2B5000 - 0x0F2B5038 / 0x81018000] (size: 0x00000038) of module sys/external/libsas.suprx
[12:21:53.569] |I| [load_self]: Loading symbols for SELF: sys/external/libsas.suprx
[12:21:53.569] |D| [load_var_exports]: 	NID 0x936C8A78 (SYSLYB) at 0xF2B1004
[12:21:53.569] |D| [load_var_exports]: 	NID 0x6C2224BA (NID_MODULE_INFO) at 0xF2B0BF0
[12:21:53.569] |I| [load_module]: Module SceSasUser (at "sys/external/libsas.suprx") loaded
[12:21:53.628] |E| [call_import]: Import function for NID 0xE340CF29 not found (thread name: PCSG00768, thread ID: 8)
[12:21:53.637] |E| [call_import]: Import function for NID 0xE340CF2A not found (thread name: SASThread, thread ID: 97)
[12:21:53.638] |W| [stubbed_impl]: Stubbed sceKernelDelayThreadCB import called. (no CB)
[12:21:53.691] |I| [load_module]: Loading module ID: 0x4C
[12:21:53.743] |C| [load_self]: Unknown segment type 0x6FFFFF01
[12:21:53.743] |I| [load_self]: Loaded module segment 0 @ [0x0F2DB000 - 0x0F2EF9FC / 0x81000000] (size: 0x000149FC) of module sys/external/libsceavplayer.suprx
[12:21:53.743] |I| [load_self]: Loaded module segment 1 @ [0x0F2F0000 - 0x0F2F006C / 0x81015000] (size: 0x0000006C) of module sys/external/libsceavplayer.suprx
[12:21:53.743] |I| [load_self]: Loading symbols for SELF: sys/external/libsceavplayer.suprx
[12:21:53.744] |D| [load_var_exports]: 	NID 0x936C8A78 (SYSLYB) at 0xF2ECD40
[12:21:53.744] |D| [load_var_exports]: 	NID 0x6C2224BA (NID_MODULE_INFO) at 0xF2EB548
[12:21:53.744] |I| [load_module]: Module SceAvPlayer (at "sys/external/libsceavplayer.suprx") loaded
[12:21:53.744] |D| [load_module]: Running module_start of module: SceAvPlayer
[12:21:53.744] |I| [load_module]: Module SceAvPlayer (at "sys/external/libsceavplayer.suprx") module_start returned 0x0
[12:21:53.776] |C| [load_self]: Unknown segment type 0x6FFFFF01
[12:21:53.776] |I| [load_self]: Loaded module segment 0 @ [0x0F2F1000 - 0x0F300D20 / 0x81000000] (size: 0x0000FD20) of module sys/external/libscemp4.suprx
[12:21:53.777] |I| [load_self]: Loaded module segment 1 @ [0x0F301000 - 0x0F301028 / 0x81010000] (size: 0x00000028) of module sys/external/libscemp4.suprx
[12:21:53.777] |I| [load_self]: Loading symbols for SELF: sys/external/libscemp4.suprx
[12:21:53.777] |D| [load_var_exports]: 	NID 0x936C8A78 (SYSLYB) at 0xF3009D0
[12:21:53.777] |D| [load_var_exports]: 	NID 0x6C2224BA (NID_MODULE_INFO) at 0xF2FF8C4
[12:21:53.777] |I| [load_module]: Module SceMp4 (at "sys/external/libscemp4.suprx") loaded
[12:21:54.168] |W| [unimplemented_impl]: Unimplemented sceCommonDialogUpdate import called.
[12:21:54.188] |D| [renderer::gl::texture::translate_swizzle]: base format: -1811939328, swizzle: 0
[12:21:54.209] |W| [unimplemented_impl]: Unimplemented sceFiosOverlayGetRecommendedScheduler02 import called.
[12:21:54.277] |I| [export_sceIoOpen]: Opening file: app0:/psvvoice.tbl
[12:21:54.322] |E| [stat_file]: Missing file at D:/Emulateurs/Vita3K/mc/ux0/app/PCSG00768/psvvoice01.pak (target path: app0:/psvvoice01.pak)
[12:21:54.323] |W| [io_error_impl]: stat_file (_sceIoGetstat) returned 0x80010002
[12:21:54.354] |I| [export_sceIoOpen]: Opening file: app0:/psvvoice00.pak
[12:21:54.404] |I| [export_sceIoOpen]: Opening file: app0:/psvpcm.tbl
[12:21:54.454] |E| [stat_file]: Missing file at D:/Emulateurs/Vita3K/mc/ux0/app/PCSG00768/psvpcm01.pak (target path: app0:/psvpcm01.pak)
[12:21:54.455] |W| [io_error_impl]: stat_file (_sceIoGetstat) returned 0x80010002
[12:21:54.487] |I| [export_sceIoOpen]: Opening file: app0:/psvpcm00.pak
[12:21:54.537] |I| [export_sceIoOpen]: Opening file: app0:/psvcg.tbl
[12:21:54.587] |E| [stat_file]: Missing file at D:/Emulateurs/Vita3K/mc/ux0/app/PCSG00768/psvcg01.pak (target path: app0:/psvcg01.pak)
[12:21:54.588] |W| [io_error_impl]: stat_file (_sceIoGetstat) returned 0x80010002
[12:21:54.621] |I| [export_sceIoOpen]: Opening file: app0:/psvcg00.pak
[12:21:54.671] |I| [export_sceIoOpen]: Opening file: app0:/psvsys.tbl
[12:21:54.721] |E| [stat_file]: Missing file at D:/Emulateurs/Vita3K/mc/ux0/app/PCSG00768/psvsys01.pak (target path: app0:/psvsys01.pak)
[12:21:54.722] |W| [io_error_impl]: stat_file (_sceIoGetstat) returned 0x80010002
[12:21:54.754] |I| [export_sceIoOpen]: Opening file: app0:/psvsys00.pak
[12:21:54.821] |I| [export_sceIoOpen]: Opening file: app0:/psvscr.tbl
[12:21:54.871] |E| [stat_file]: Missing file at D:/Emulateurs/Vita3K/mc/ux0/app/PCSG00768/psvscr01.pak (target path: app0:/psvscr01.pak)
[12:21:54.872] |W| [io_error_impl]: stat_file (_sceIoGetstat) returned 0x80010002
[12:21:54.904] |I| [export_sceIoOpen]: Opening file: app0:/psvscr00.pak
[12:21:55.139] |I| [export_sceIoOpen]: Opening file: savedata0:000.png
[12:21:55.163] |E| [open_file]: Missing file at D:/Emulateurs/Vita3K/mc/ux0/user/00/savedata/PCSG00768/SlotParam_1.bin (target path: savedata0:/SlotParam_1.bin)
[12:21:55.163] |W| [io_error_impl]: open_file (sceAppUtilSaveDataSlotGetParam) returned 0x80010002
[12:21:55.163] |E| [logging::ret_error_impl]: sceAppUtilSaveDataSlotGetParam returned SCE_APPUTIL_ERROR_SAVEDATA_SLOT_NOT_FOUND (0x80100641)
[12:21:55.164] |E| [open_file]: Missing file at D:/Emulateurs/Vita3K/mc/ux0/user/00/savedata/PCSG00768/SlotParam_2.bin (target path: savedata0:/SlotParam_2.bin)
[12:21:55.164] |W| [io_error_impl]: open_file (sceAppUtilSaveDataSlotGetParam) returned 0x80010002
[12:21:55.164] |E| [open_file]: Missing file at D:/Emulateurs/Vita3K/mc/ux0/user/00/savedata/PCSG00768/SlotParam_3.bin (target path: savedata0:/SlotParam_3.bin)
[12:21:55.165] |W| [io_error_impl]: open_file (sceAppUtilSaveDataSlotGetParam) returned 0x80010002
[12:21:55.208] |E| [open_file]: Missing file at D:/Emulateurs/Vita3K/mc/ux0/user/00/savedata/PCSG00768/SlotParam_1.bin (target path: savedata0:/SlotParam_1.bin)
[12:21:55.209] |W| [io_error_impl]: open_file (sceAppUtilSaveDataSlotGetParam) returned 0x80010002
[12:21:55.239] |E| [open_file]: Missing file at D:/Emulateurs/Vita3K/mc/ux0/user/00/savedata/PCSG00768/SlotParam_2.bin (target path: savedata0:/SlotParam_2.bin)
[12:21:55.239] |W| [io_error_impl]: open_file (sceAppUtilSaveDataSlotGetParam) returned 0x80010002
[12:21:55.274] |E| [open_file]: Missing file at D:/Emulateurs/Vita3K/mc/ux0/user/00/savedata/PCSG00768/SlotParam_3.bin (target path: savedata0:/SlotParam_3.bin)
[12:21:55.275] |W| [io_error_impl]: open_file (sceAppUtilSaveDataSlotGetParam) returned 0x80010002
[12:21:55.308] |E| [open_file]: Missing file at D:/Emulateurs/Vita3K/mc/ux0/user/00/savedata/PCSG00768/SlotParam_4.bin (target path: savedata0:/SlotParam_4.bin)
[12:21:55.309] |W| [io_error_impl]: open_file (sceAppUtilSaveDataSlotGetParam) returned 0x80010002
[12:21:55.338] |E| [open_file]: Missing file at D:/Emulateurs/Vita3K/mc/ux0/user/00/savedata/PCSG00768/SlotParam_5.bin (target path: savedata0:/SlotParam_5.bin)
[12:21:55.338] |W| [io_error_impl]: open_file (sceAppUtilSaveDataSlotGetParam) returned 0x80010002
[12:21:55.387] |E| [open_file]: Missing file at D:/Emulateurs/Vita3K/mc/ux0/user/00/savedata/PCSG00768/SlotParam_6.bin (target path: savedata0:/SlotParam_6.bin)
[12:21:55.388] |W| [io_error_impl]: open_file (sceAppUtilSaveDataSlotGetParam) returned 0x80010002
[12:21:55.421] |E| [open_file]: Missing file at D:/Emulateurs/Vita3K/mc/ux0/user/00/savedata/PCSG00768/SlotParam_7.bin (target path: savedata0:/SlotParam_7.bin)
[12:21:55.422] |W| [io_error_impl]: open_file (sceAppUtilSaveDataSlotGetParam) returned 0x80010002
[12:21:55.454] |E| [open_file]: Missing file at D:/Emulateurs/Vita3K/mc/ux0/user/00/savedata/PCSG00768/SlotParam_8.bin (target path: savedata0:/SlotParam_8.bin)
[12:21:55.455] |W| [io_error_impl]: open_file (sceAppUtilSaveDataSlotGetParam) returned 0x80010002
[12:21:55.487] |E| [open_file]: Missing file at D:/Emulateurs/Vita3K/mc/ux0/user/00/savedata/PCSG00768/SlotParam_9.bin (target path: savedata0:/SlotParam_9.bin)
[12:21:55.488] |W| [io_error_impl]: open_file (sceAppUtilSaveDataSlotGetParam) returned 0x80010002
[12:21:55.521] |E| [open_file]: Missing file at D:/Emulateurs/Vita3K/mc/ux0/user/00/savedata/PCSG00768/SlotParam_10.bin (target path: savedata0:/SlotParam_10.bin)
[12:21:55.521] |W| [io_error_impl]: open_file (sceAppUtilSaveDataSlotGetParam) returned 0x80010002
[12:21:55.571] |E| [open_file]: Missing file at D:/Emulateurs/Vita3K/mc/ux0/user/00/savedata/PCSG00768/SlotParam_11.bin (target path: savedata0:/SlotParam_11.bin)
[12:21:55.572] |W| [io_error_impl]: open_file (sceAppUtilSaveDataSlotGetParam) returned 0x80010002
[12:21:55.604] |E| [open_file]: Missing file at D:/Emulateurs/Vita3K/mc/ux0/user/00/savedata/PCSG00768/SlotParam_12.bin (target path: savedata0:/SlotParam_12.bin)
[12:21:55.605] |W| [io_error_impl]: open_file (sceAppUtilSaveDataSlotGetParam) returned 0x80010002
[12:21:55.639] |E| [open_file]: Missing file at D:/Emulateurs/Vita3K/mc/ux0/user/00/savedata/PCSG00768/SlotParam_13.bin (target path: savedata0:/SlotParam_13.bin)
[12:21:55.640] |W| [io_error_impl]: open_file (sceAppUtilSaveDataSlotGetParam) returned 0x80010002
[12:21:55.671] |E| [open_file]: Missing file at D:/Emulateurs/Vita3K/mc/ux0/user/00/savedata/PCSG00768/SlotParam_14.bin (target path: savedata0:/SlotParam_14.bin)
[12:21:55.671] |W| [io_error_impl]: open_file (sceAppUtilSaveDataSlotGetParam) returned 0x80010002
[12:21:55.704] |E| [open_file]: Missing file at D:/Emulateurs/Vita3K/mc/ux0/user/00/savedata/PCSG00768/SlotParam_15.bin (target path: savedata0:/SlotParam_15.bin)
[12:21:55.705] |W| [io_error_impl]: open_file (sceAppUtilSaveDataSlotGetParam) returned 0x80010002
[12:21:55.754] |E| [open_file]: Missing file at D:/Emulateurs/Vita3K/mc/ux0/user/00/savedata/PCSG00768/SlotParam_16.bin (target path: savedata0:/SlotParam_16.bin)
[12:21:55.755] |W| [io_error_impl]: open_file (sceAppUtilSaveDataSlotGetParam) returned 0x80010002
[12:21:55.787] |E| [open_file]: Missing file at D:/Emulateurs/Vita3K/mc/ux0/user/00/savedata/PCSG00768/SlotParam_17.bin (target path: savedata0:/SlotParam_17.bin)
[12:21:55.788] |W| [io_error_impl]: open_file (sceAppUtilSaveDataSlotGetParam) returned 0x80010002
[12:21:55.823] |E| [open_file]: Missing file at D:/Emulateurs/Vita3K/mc/ux0/user/00/savedata/PCSG00768/SlotParam_18.bin (target path: savedata0:/SlotParam_18.bin)
[12:21:55.824] |W| [io_error_impl]: open_file (sceAppUtilSaveDataSlotGetParam) returned 0x80010002
[12:21:55.825] |W| [unimplemented_impl]: Unimplemented sceGxmTransferDownscale import called.
[12:21:55.855] |D| [renderer::gl::texture::translate_swizzle]: base format: 201326592, swizzle: 16384
[12:21:55.856] |I| [renderer::gl::load_shader_generic]: Generating frag shader 9f9b2899800653ffc38fcf722d66145110f8aba2310e2697decd90ef9c64cd00
[12:21:55.857] |D| [shader::create_fragment_inputs]: Iterator: pa0 = (half4) v_Color0
[12:21:55.859] |I| [renderer::gl::load_shader_generic]: Generating vert shader 6f860f6215c19b9ae5f03b9b9c653804e83b6eff731fc488fe6da38ac42b2c53
[12:21:55.859] |D| [shader::create_parameters]: [BUFFER0  + 0] pa0 = (float4) position
[12:21:55.859] |D| [shader::create_parameters]: [BUFFER0  + 4] pa4 = (float4) color
[12:21:55.860] |D| [shader::create_parameters]: [BUFFER0  + 8] pa8 = (float4) texcoord0
[12:21:55.860] |D| [shader::create_parameters]: [DEFAULT  + 0] sa0 = (float4) modelViewProj[4]
[12:21:55.860] |D| [shader::create_parameters]: [DEFAULT  + 16] sa16 = (float4) ColorAdjust
[12:21:55.863] |E| [renderer::gl::compile_program]: Vertex info
-----------
0(25) : warning C7050: "internals[0].w" might be used before being initialized

Fragment info
-------------
0(18) : warning C7050: "pa[0].zw" might be used before being initialized


[12:21:55.867] |E| [open_file]: Missing file at D:/Emulateurs/Vita3K/mc/ux0/user/00/savedata/PCSG00768/SlotParam_19.bin (target path: savedata0:/SlotParam_19.bin)
[12:21:55.868] |W| [io_error_impl]: open_file (sceAppUtilSaveDataSlotGetParam) returned 0x80010002
[12:21:55.888] |E| [open_file]: Missing file at D:/Emulateurs/Vita3K/mc/ux0/user/00/savedata/PCSG00768/SlotParam_20.bin (target path: savedata0:/SlotParam_20.bin)
[12:21:55.888] |W| [io_error_impl]: open_file (sceAppUtilSaveDataSlotGetParam) returned 0x80010002
[12:21:55.938] |E| [open_file]: Missing file at D:/Emulateurs/Vita3K/mc/ux0/user/00/savedata/PCSG00768/SlotParam_21.bin (target path: savedata0:/SlotParam_21.bin)
[12:21:55.938] |W| [io_error_impl]: open_file (sceAppUtilSaveDataSlotGetParam) returned 0x80010002
[12:21:55.971] |E| [open_file]: Missing file at D:/Emulateurs/Vita3K/mc/ux0/user/00/savedata/PCSG00768/SlotParam_22.bin (target path: savedata0:/SlotParam_22.bin)
[12:21:55.971] |W| [io_error_impl]: open_file (sceAppUtilSaveDataSlotGetParam) returned 0x80010002
[12:21:56.004] |E| [open_file]: Missing file at D:/Emulateurs/Vita3K/mc/ux0/user/00/savedata/PCSG00768/SlotParam_23.bin (target path: savedata0:/SlotParam_23.bin)
[12:21:56.005] |W| [io_error_impl]: open_file (sceAppUtilSaveDataSlotGetParam) returned 0x80010002
[12:21:56.038] |E| [open_file]: Missing file at D:/Emulateurs/Vita3K/mc/ux0/user/00/savedata/PCSG00768/SlotParam_24.bin (target path: savedata0:/SlotParam_24.bin)
[12:21:56.038] |W| [io_error_impl]: open_file (sceAppUtilSaveDataSlotGetParam) returned 0x80010002
[12:21:56.071] |E| [open_file]: Missing file at D:/Emulateurs/Vita3K/mc/ux0/user/00/savedata/PCSG00768/SlotParam_25.bin (target path: savedata0:/SlotParam_25.bin)
[12:21:56.072] |W| [io_error_impl]: open_file (sceAppUtilSaveDataSlotGetParam) returned 0x80010002
[12:21:56.121] |E| [open_file]: Missing file at D:/Emulateurs/Vita3K/mc/ux0/user/00/savedata/PCSG00768/SlotParam_26.bin (target path: savedata0:/SlotParam_26.bin)
[12:21:56.122] |W| [io_error_impl]: open_file (sceAppUtilSaveDataSlotGetParam) returned 0x80010002
[12:21:56.154] |E| [open_file]: Missing file at D:/Emulateurs/Vita3K/mc/ux0/user/00/savedata/PCSG00768/SlotParam_27.bin (target path: savedata0:/SlotParam_27.bin)
[12:21:56.155] |W| [io_error_impl]: open_file (sceAppUtilSaveDataSlotGetParam) returned 0x80010002
[12:21:56.187] |E| [open_file]: Missing file at D:/Emulateurs/Vita3K/mc/ux0/user/00/savedata/PCSG00768/SlotParam_28.bin (target path: savedata0:/SlotParam_28.bin)
[12:21:56.188] |W| [io_error_impl]: open_file (sceAppUtilSaveDataSlotGetParam) returned 0x80010002
[12:21:56.221] |E| [open_file]: Missing file at D:/Emulateurs/Vita3K/mc/ux0/user/00/savedata/PCSG00768/SlotParam_29.bin (target path: savedata0:/SlotParam_29.bin)
[12:21:56.221] |W| [io_error_impl]: open_file (sceAppUtilSaveDataSlotGetParam) returned 0x80010002
[12:21:56.254] |E| [open_file]: Missing file at D:/Emulateurs/Vita3K/mc/ux0/user/00/savedata/PCSG00768/SlotParam_30.bin (target path: savedata0:/SlotParam_30.bin)
[12:21:56.255] |W| [io_error_impl]: open_file (sceAppUtilSaveDataSlotGetParam) returned 0x80010002
[12:21:56.304] |E| [open_file]: Missing file at D:/Emulateurs/Vita3K/mc/ux0/user/00/savedata/PCSG00768/SlotParam_31.bin (target path: savedata0:/SlotParam_31.bin)
[12:21:56.305] |W| [io_error_impl]: open_file (sceAppUtilSaveDataSlotGetParam) returned 0x80010002
[12:21:56.338] |E| [open_file]: Missing file at D:/Emulateurs/Vita3K/mc/ux0/user/00/savedata/PCSG00768/SlotParam_32.bin (target path: savedata0:/SlotParam_32.bin)
[12:21:56.338] |W| [io_error_impl]: open_file (sceAppUtilSaveDataSlotGetParam) returned 0x80010002
[12:21:56.371] |E| [open_file]: Missing file at D:/Emulateurs/Vita3K/mc/ux0/user/00/savedata/PCSG00768/SlotParam_33.bin (target path: savedata0:/SlotParam_33.bin)
[12:21:56.372] |W| [io_error_impl]: open_file (sceAppUtilSaveDataSlotGetParam) returned 0x80010002
[12:21:56.406] |E| [open_file]: Missing file at D:/Emulateurs/Vita3K/mc/ux0/user/00/savedata/PCSG00768/SlotParam_34.bin (target path: savedata0:/SlotParam_34.bin)
[12:21:56.407] |W| [io_error_impl]: open_file (sceAppUtilSaveDataSlotGetParam) returned 0x80010002
[12:21:56.437] |E| [open_file]: Missing file at D:/Emulateurs/Vita3K/mc/ux0/user/00/savedata/PCSG00768/SlotParam_35.bin (target path: savedata0:/SlotParam_35.bin)
[12:21:56.438] |W| [io_error_impl]: open_file (sceAppUtilSaveDataSlotGetParam) returned 0x80010002
[12:21:56.458] |I| [export_sceIoOpen]: Opening file: savedata0:/000.dat
[12:21:56.487] |E| [open_file]: Missing file at D:/Emulateurs/Vita3K/mc/ux0/user/00/savedata/PCSG00768/SlotParam_36.bin (target path: savedata0:/SlotParam_36.bin)
[12:21:56.488] |W| [io_error_impl]: open_file (sceAppUtilSaveDataSlotGetParam) returned 0x80010002
[12:21:56.523] |E| [open_file]: Missing file at D:/Emulateurs/Vita3K/mc/ux0/user/00/savedata/PCSG00768/SlotParam_37.bin (target path: savedata0:/SlotParam_37.bin)
[12:21:56.523] |E| [open_file]: Missing file at D:/Emulateurs/Vita3K/mc/ux0/user/00/savedata/PCSG00768/SlotParam_1.bin (target path: savedata0:/SlotParam_1.bin)
[12:21:56.523] |W| [io_error_impl]: open_file (sceAppUtilSaveDataSlotGetParam) returned 0x80010002
[12:21:56.524] |W| [io_error_impl]: open_file (sceAppUtilSaveDataSlotGetParam) returned 0x80010002
[12:21:56.554] |E| [open_file]: Missing file at D:/Emulateurs/Vita3K/mc/ux0/user/00/savedata/PCSG00768/SlotParam_38.bin (target path: savedata0:/SlotParam_38.bin)
[12:21:56.555] |W| [io_error_impl]: open_file (sceAppUtilSaveDataSlotGetParam) returned 0x80010002
[12:21:56.571] |I| [renderer::gl::load_shader_generic]: Generating frag shader 63771d4b6df00de77969cc44c946bfaebac1b0fc737379deedc5871f412c1bb2
[12:21:56.572] |D| [shader::create_fragment_inputs]: Iterator: pa0 = (half4) v_Color0
[12:21:56.574] |E| [renderer::gl::compile_program]: Vertex info
-----------
0(25) : warning C7050: "internals[0].w" might be used before being initialized

Fragment info
-------------
0(16) : warning C7050: "pa[0].zw" might be used before being initialized


[12:21:56.587] |E| [open_file]: Missing file at D:/Emulateurs/Vita3K/mc/ux0/user/00/savedata/PCSG00768/SlotParam_39.bin (target path: savedata0:/SlotParam_39.bin)
[12:21:56.588] |W| [io_error_impl]: open_file (sceAppUtilSaveDataSlotGetParam) returned 0x80010002
[12:21:56.621] |E| [open_file]: Missing file at D:/Emulateurs/Vita3K/mc/ux0/user/00/savedata/PCSG00768/SlotParam_40.bin (target path: savedata0:/SlotParam_40.bin)
[12:21:56.622] |W| [io_error_impl]: open_file (sceAppUtilSaveDataSlotGetParam) returned 0x80010002
[12:21:56.673] |E| [open_file]: Missing file at D:/Emulateurs/Vita3K/mc/ux0/user/00/savedata/PCSG00768/SlotParam_41.bin (target path: savedata0:/SlotParam_41.bin)
[12:21:56.674] |W| [io_error_impl]: open_file (sceAppUtilSaveDataSlotGetParam) returned 0x80010002
[12:21:56.707] |E| [open_file]: Missing file at D:/Emulateurs/Vita3K/mc/ux0/user/00/savedata/PCSG00768/SlotParam_42.bin (target path: savedata0:/SlotParam_42.bin)
[12:21:56.707] |W| [io_error_impl]: open_file (sceAppUtilSaveDataSlotGetParam) returned 0x80010002
[12:21:56.740] |E| [open_file]: Missing file at D:/Emulateurs/Vita3K/mc/ux0/user/00/savedata/PCSG00768/SlotParam_43.bin (target path: savedata0:/SlotParam_43.bin)
[12:21:56.740] |W| [io_error_impl]: open_file (sceAppUtilSaveDataSlotGetParam) returned 0x80010002
[12:21:56.771] |E| [open_file]: Missing file at D:/Emulateurs/Vita3K/mc/ux0/user/00/savedata/PCSG00768/SlotParam_44.bin (target path: savedata0:/SlotParam_44.bin)
[12:21:56.772] |W| [io_error_impl]: open_file (sceAppUtilSaveDataSlotGetParam) returned 0x80010002
[12:21:56.806] |E| [open_file]: Missing file at D:/Emulateurs/Vita3K/mc/ux0/user/00/savedata/PCSG00768/SlotParam_45.bin (target path: savedata0:/SlotParam_45.bin)
[12:21:56.807] |W| [io_error_impl]: open_file (sceAppUtilSaveDataSlotGetParam) returned 0x80010002
[12:21:56.856] |E| [open_file]: Missing file at D:/Emulateurs/Vita3K/mc/ux0/user/00/savedata/PCSG00768/SlotParam_46.bin (target path: savedata0:/SlotParam_46.bin)
[12:21:56.857] |W| [io_error_impl]: open_file (sceAppUtilSaveDataSlotGetParam) returned 0x80010002
[12:21:56.890] |E| [open_file]: Missing file at D:/Emulateurs/Vita3K/mc/ux0/user/00/savedata/PCSG00768/SlotParam_47.bin (target path: savedata0:/SlotParam_47.bin)
[12:21:56.890] |W| [io_error_impl]: open_file (sceAppUtilSaveDataSlotGetParam) returned 0x80010002
[12:21:56.921] |E| [open_file]: Missing file at D:/Emulateurs/Vita3K/mc/ux0/user/00/savedata/PCSG00768/SlotParam_48.bin (target path: savedata0:/SlotParam_48.bin)
[12:21:56.922] |W| [io_error_impl]: open_file (sceAppUtilSaveDataSlotGetParam) returned 0x80010002
[12:21:56.957] |E| [open_file]: Missing file at D:/Emulateurs/Vita3K/mc/ux0/user/00/savedata/PCSG00768/SlotParam_49.bin (target path: savedata0:/SlotParam_49.bin)
[12:21:56.958] |W| [io_error_impl]: open_file (sceAppUtilSaveDataSlotGetParam) returned 0x80010002
[12:21:56.988] |E| [open_file]: Missing file at D:/Emulateurs/Vita3K/mc/ux0/user/00/savedata/PCSG00768/SlotParam_50.bin (target path: savedata0:/SlotParam_50.bin)
[12:21:56.988] |W| [io_error_impl]: open_file (sceAppUtilSaveDataSlotGetParam) returned 0x80010002
[12:21:57.037] |E| [open_file]: Missing file at D:/Emulateurs/Vita3K/mc/ux0/user/00/savedata/PCSG00768/SlotParam_51.bin (target path: savedata0:/SlotParam_51.bin)
[12:21:57.038] |W| [io_error_impl]: open_file (sceAppUtilSaveDataSlotGetParam) returned 0x80010002
[12:21:57.042] |I| [float_to_half_init]: AVX+F16C instruction set supported. Use fast f32 to f16 conversion
[12:21:57.071] |D| [renderer::gl::texture::translate_swizzle]: base format: -1795162112, swizzle: 0
[12:21:57.074] |I| [renderer::gl::load_shader_generic]: Generating frag shader 46d297657180593a9b50be98e0270b44748b6e31a502ef4c160e758d42aa93a7
[12:21:57.075] |D| [shader::create_parameters]: [DEFAULT  + 0] sa0 = (half4) colorTransform[4]
[12:21:57.075] |D| [shader::create_fragment_inputs]: Iterator: pa0 = (half4) v_Color0
[12:21:57.078] |E| [renderer::gl::compile_program]: Vertex info
-----------
0(25) : warning C7050: "internals[0].w" might be used before being initialized

Fragment info
-------------
0(23) : warning C7050: "pa[0].zw" might be used before being initialized


[12:21:57.083] |E| [open_file]: Missing file at D:/Emulateurs/Vita3K/mc/ux0/user/00/savedata/PCSG00768/SlotParam_52.bin (target path: savedata0:/SlotParam_52.bin)
[12:21:57.083] |W| [io_error_impl]: open_file (sceAppUtilSaveDataSlotGetParam) returned 0x80010002
[12:21:57.107] |E| [open_file]: Missing file at D:/Emulateurs/Vita3K/mc/ux0/user/00/savedata/PCSG00768/SlotParam_53.bin (target path: savedata0:/SlotParam_53.bin)
[12:21:57.107] |W| [io_error_impl]: open_file (sceAppUtilSaveDataSlotGetParam) returned 0x80010002
[12:21:57.140] |E| [open_file]: Missing file at D:/Emulateurs/Vita3K/mc/ux0/user/00/savedata/PCSG00768/SlotParam_54.bin (target path: savedata0:/SlotParam_54.bin)
[12:21:57.141] |W| [io_error_impl]: open_file (sceAppUtilSaveDataSlotGetParam) returned 0x80010002
[12:21:57.173] |E| [open_file]: Missing file at D:/Emulateurs/Vita3K/mc/ux0/user/00/savedata/PCSG00768/SlotParam_55.bin (target path: savedata0:/SlotParam_55.bin)
[12:21:57.174] |W| [io_error_impl]: open_file (sceAppUtilSaveDataSlotGetParam) returned 0x80010002
[12:21:57.223] |E| [open_file]: Missing file at D:/Emulateurs/Vita3K/mc/ux0/user/00/savedata/PCSG00768/SlotParam_56.bin (target path: savedata0:/SlotParam_56.bin)
[12:21:57.224] |W| [io_error_impl]: open_file (sceAppUtilSaveDataSlotGetParam) returned 0x80010002
[12:21:57.257] |E| [open_file]: Missing file at D:/Emulateurs/Vita3K/mc/ux0/user/00/savedata/PCSG00768/SlotParam_57.bin (target path: savedata0:/SlotParam_57.bin)
[12:21:57.258] |W| [io_error_impl]: open_file (sceAppUtilSaveDataSlotGetParam) returned 0x80010002
[12:21:57.290] |E| [open_file]: Missing file at D:/Emulateurs/Vita3K/mc/ux0/user/00/savedata/PCSG00768/SlotParam_58.bin (target path: savedata0:/SlotParam_58.bin)
[12:21:57.291] |W| [io_error_impl]: open_file (sceAppUtilSaveDataSlotGetParam) returned 0x80010002
[12:21:57.321] |E| [open_file]: Missing file at D:/Emulateurs/Vita3K/mc/ux0/user/00/savedata/PCSG00768/SlotParam_59.bin (target path: savedata0:/SlotParam_59.bin)
[12:21:57.322] |W| [io_error_impl]: open_file (sceAppUtilSaveDataSlotGetParam) returned 0x80010002
[12:21:57.367] |E| [open_file]: Missing file at D:/Emulateurs/Vita3K/mc/ux0/user/00/savedata/PCSG00768/SlotParam_60.bin (target path: savedata0:/SlotParam_60.bin)
[12:21:57.367] |W| [io_error_impl]: open_file (sceAppUtilSaveDataSlotGetParam) returned 0x80010002
[12:21:57.417] |E| [open_file]: Missing file at D:/Emulateurs/Vita3K/mc/ux0/user/00/savedata/PCSG00768/SlotParam_61.bin (target path: savedata0:/SlotParam_61.bin)
[12:21:57.418] |W| [io_error_impl]: open_file (sceAppUtilSaveDataSlotGetParam) returned 0x80010002
[12:21:57.451] |E| [open_file]: Missing file at D:/Emulateurs/Vita3K/mc/ux0/user/00/savedata/PCSG00768/SlotParam_62.bin (target path: savedata0:/SlotParam_62.bin)
[12:21:57.452] |W| [io_error_impl]: open_file (sceAppUtilSaveDataSlotGetParam) returned 0x80010002
[12:21:57.484] |E| [open_file]: Missing file at D:/Emulateurs/Vita3K/mc/ux0/user/00/savedata/PCSG00768/SlotParam_63.bin (target path: savedata0:/SlotParam_63.bin)
[12:21:57.485] |W| [io_error_impl]: open_file (sceAppUtilSaveDataSlotGetParam) returned 0x80010002
[12:21:57.504] |E| [open_file]: Missing file at D:/Emulateurs/Vita3K/mc/ux0/user/00/savedata/PCSG00768/SlotParam_64.bin (target path: savedata0:/SlotParam_64.bin)
[12:21:57.504] |W| [io_error_impl]: open_file (sceAppUtilSaveDataSlotGetParam) returned 0x80010002
[12:21:57.543] |E| [open_file]: Missing file at D:/Emulateurs/Vita3K/mc/ux0/user/00/savedata/PCSG00768/SlotParam_65.bin (target path: savedata0:/SlotParam_65.bin)
[12:21:57.544] |W| [io_error_impl]: open_file (sceAppUtilSaveDataSlotGetParam) returned 0x80010002
[12:21:57.587] |E| [open_file]: Missing file at D:/Emulateurs/Vita3K/mc/ux0/user/00/savedata/PCSG00768/SlotParam_66.bin (target path: savedata0:/SlotParam_66.bin)
[12:21:57.588] |W| [io_error_impl]: open_file (sceAppUtilSaveDataSlotGetParam) returned 0x80010002
[12:21:57.622] |E| [open_file]: Missing file at D:/Emulateurs/Vita3K/mc/ux0/user/00/savedata/PCSG00768/SlotParam_67.bin (target path: savedata0:/SlotParam_67.bin)
[12:21:57.623] |W| [io_error_impl]: open_file (sceAppUtilSaveDataSlotGetParam) returned 0x80010002
[12:21:57.656] |E| [open_file]: Missing file at D:/Emulateurs/Vita3K/mc/ux0/user/00/savedata/PCSG00768/SlotParam_68.bin (target path: savedata0:/SlotParam_68.bin)
[12:21:57.656] |W| [io_error_impl]: open_file (sceAppUtilSaveDataSlotGetParam) returned 0x80010002
[12:21:57.689] |E| [open_file]: Missing file at D:/Emulateurs/Vita3K/mc/ux0/user/00/savedata/PCSG00768/SlotParam_69.bin (target path: savedata0:/SlotParam_69.bin)
[12:21:57.690] |W| [io_error_impl]: open_file (sceAppUtilSaveDataSlotGetParam) returned 0x80010002
[12:21:57.722] |E| [open_file]: Missing file at D:/Emulateurs/Vita3K/mc/ux0/user/00/savedata/PCSG00768/SlotParam_70.bin (target path: savedata0:/SlotParam_70.bin)
[12:21:57.723] |W| [io_error_impl]: open_file (sceAppUtilSaveDataSlotGetParam) returned 0x80010002
[12:21:57.771] |E| [open_file]: Missing file at D:/Emulateurs/Vita3K/mc/ux0/user/00/savedata/PCSG00768/SlotParam_71.bin (target path: savedata0:/SlotParam_71.bin)
[12:21:57.772] |W| [io_error_impl]: open_file (sceAppUtilSaveDataSlotGetParam) returned 0x80010002
[12:21:57.806] |E| [open_file]: Missing file at D:/Emulateurs/Vita3K/mc/ux0/user/00/savedata/PCSG00768/SlotParam_72.bin (target path: savedata0:/SlotParam_72.bin)
[12:21:57.806] |W| [io_error_impl]: open_file (sceAppUtilSaveDataSlotGetParam) returned 0x80010002
[12:21:57.839] |E| [open_file]: Missing file at D:/Emulateurs/Vita3K/mc/ux0/user/00/savedata/PCSG00768/SlotParam_73.bin (target path: savedata0:/SlotParam_73.bin)
[12:21:57.840] |W| [io_error_impl]: open_file (sceAppUtilSaveDataSlotGetParam) returned 0x80010002
[12:21:57.871] |E| [open_file]: Missing file at D:/Emulateurs/Vita3K/mc/ux0/user/00/savedata/PCSG00768/SlotParam_74.bin (target path: savedata0:/SlotParam_74.bin)
[12:21:57.871] |W| [io_error_impl]: open_file (sceAppUtilSaveDataSlotGetParam) returned 0x80010002
[12:21:57.906] |E| [open_file]: Missing file at D:/Emulateurs/Vita3K/mc/ux0/user/00/savedata/PCSG00768/SlotParam_75.bin (target path: savedata0:/SlotParam_75.bin)
[12:21:57.907] |W| [io_error_impl]: open_file (sceAppUtilSaveDataSlotGetParam) returned 0x80010002
[12:21:57.956] |E| [open_file]: Missing file at D:/Emulateurs/Vita3K/mc/ux0/user/00/savedata/PCSG00768/SlotParam_76.bin (target path: savedata0:/SlotParam_76.bin)
[12:21:57.957] |W| [io_error_impl]: open_file (sceAppUtilSaveDataSlotGetParam) returned 0x80010002
[12:21:57.989] |E| [open_file]: Missing file at D:/Emulateurs/Vita3K/mc/ux0/user/00/savedata/PCSG00768/SlotParam_77.bin (target path: savedata0:/SlotParam_77.bin)
[12:21:57.990] |W| [io_error_impl]: open_file (sceAppUtilSaveDataSlotGetParam) returned 0x80010002
[12:21:58.022] |E| [open_file]: Missing file at D:/Emulateurs/Vita3K/mc/ux0/user/00/savedata/PCSG00768/SlotParam_78.bin (target path: savedata0:/SlotParam_78.bin)
[12:21:58.023] |W| [io_error_impl]: open_file (sceAppUtilSaveDataSlotGetParam) returned 0x80010002
[12:21:58.056] |E| [open_file]: Missing file at D:/Emulateurs/Vita3K/mc/ux0/user/00/savedata/PCSG00768/SlotParam_79.bin (target path: savedata0:/SlotParam_79.bin)
[12:21:58.057] |W| [io_error_impl]: open_file (sceAppUtilSaveDataSlotGetParam) returned 0x80010002
[12:21:58.089] |E| [open_file]: Missing file at D:/Emulateurs/Vita3K/mc/ux0/user/00/savedata/PCSG00768/SlotParam_80.bin (target path: savedata0:/SlotParam_80.bin)
[12:21:58.089] |W| [io_error_impl]: open_file (sceAppUtilSaveDataSlotGetParam) returned 0x80010002
[12:21:58.139] |E| [open_file]: Missing file at D:/Emulateurs/Vita3K/mc/ux0/user/00/savedata/PCSG00768/SlotParam_81.bin (target path: savedata0:/SlotParam_81.bin)
[12:21:58.140] |W| [io_error_impl]: open_file (sceAppUtilSaveDataSlotGetParam) returned 0x80010002
[12:21:58.172] |E| [open_file]: Missing file at D:/Emulateurs/Vita3K/mc/ux0/user/00/savedata/PCSG00768/SlotParam_82.bin (target path: savedata0:/SlotParam_82.bin)
[12:21:58.173] |W| [io_error_impl]: open_file (sceAppUtilSaveDataSlotGetParam) returned 0x80010002
[12:21:58.206] |E| [open_file]: Missing file at D:/Emulateurs/Vita3K/mc/ux0/user/00/savedata/PCSG00768/SlotParam_83.bin (target path: savedata0:/SlotParam_83.bin)
[12:21:58.206] |W| [io_error_impl]: open_file (sceAppUtilSaveDataSlotGetParam) returned 0x80010002
[12:21:58.237] |E| [open_file]: Missing file at D:/Emulateurs/Vita3K/mc/ux0/user/00/savedata/PCSG00768/SlotParam_84.bin (target path: savedata0:/SlotParam_84.bin)
[12:21:58.238] |W| [io_error_impl]: open_file (sceAppUtilSaveDataSlotGetParam) returned 0x80010002
[12:21:58.271] |E| [open_file]: Missing file at D:/Emulateurs/Vita3K/mc/ux0/user/00/savedata/PCSG00768/SlotParam_85.bin (target path: savedata0:/SlotParam_85.bin)
[12:21:58.271] |W| [io_error_impl]: open_file (sceAppUtilSaveDataSlotGetParam) returned 0x80010002
[12:21:58.321] |E| [open_file]: Missing file at D:/Emulateurs/Vita3K/mc/ux0/user/00/savedata/PCSG00768/SlotParam_86.bin (target path: savedata0:/SlotParam_86.bin)
[12:21:58.322] |W| [io_error_impl]: open_file (sceAppUtilSaveDataSlotGetParam) returned 0x80010002
[12:21:58.356] |E| [open_file]: Missing file at D:/Emulateurs/Vita3K/mc/ux0/user/00/savedata/PCSG00768/SlotParam_87.bin (target path: savedata0:/SlotParam_87.bin)
[12:21:58.356] |W| [io_error_impl]: open_file (sceAppUtilSaveDataSlotGetParam) returned 0x80010002
[12:21:58.389] |E| [open_file]: Missing file at D:/Emulateurs/Vita3K/mc/ux0/user/00/savedata/PCSG00768/SlotParam_88.bin (target path: savedata0:/SlotParam_88.bin)
[12:21:58.389] |W| [io_error_impl]: open_file (sceAppUtilSaveDataSlotGetParam) returned 0x80010002
[12:21:58.421] |E| [open_file]: Missing file at D:/Emulateurs/Vita3K/mc/ux0/user/00/savedata/PCSG00768/SlotParam_89.bin (target path: savedata0:/SlotParam_89.bin)
[12:21:58.422] |W| [io_error_impl]: open_file (sceAppUtilSaveDataSlotGetParam) returned 0x80010002
[12:21:58.456] |E| [open_file]: Missing file at D:/Emulateurs/Vita3K/mc/ux0/user/00/savedata/PCSG00768/SlotParam_90.bin (target path: savedata0:/SlotParam_90.bin)
[12:21:58.456] |W| [io_error_impl]: open_file (sceAppUtilSaveDataSlotGetParam) returned 0x80010002
[12:21:58.506] |E| [open_file]: Missing file at D:/Emulateurs/Vita3K/mc/ux0/user/00/savedata/PCSG00768/SlotParam_91.bin (target path: savedata0:/SlotParam_91.bin)
[12:21:58.506] |W| [io_error_impl]: open_file (sceAppUtilSaveDataSlotGetParam) returned 0x80010002
[12:21:58.540] |E| [open_file]: Missing file at D:/Emulateurs/Vita3K/mc/ux0/user/00/savedata/PCSG00768/SlotParam_92.bin (target path: savedata0:/SlotParam_92.bin)
[12:21:58.541] |W| [io_error_impl]: open_file (sceAppUtilSaveDataSlotGetParam) returned 0x80010002
[12:21:58.572] |E| [open_file]: Missing file at D:/Emulateurs/Vita3K/mc/ux0/user/00/savedata/PCSG00768/SlotParam_93.bin (target path: savedata0:/SlotParam_93.bin)
[12:21:58.573] |W| [io_error_impl]: open_file (sceAppUtilSaveDataSlotGetParam) returned 0x80010002
[12:21:58.606] |E| [open_file]: Missing file at D:/Emulateurs/Vita3K/mc/ux0/user/00/savedata/PCSG00768/SlotParam_94.bin (target path: savedata0:/SlotParam_94.bin)
[12:21:58.607] |W| [io_error_impl]: open_file (sceAppUtilSaveDataSlotGetParam) returned 0x80010002
[12:21:58.638] |E| [open_file]: Missing file at D:/Emulateurs/Vita3K/mc/ux0/user/00/savedata/PCSG00768/SlotParam_95.bin (target path: savedata0:/SlotParam_95.bin)
[12:21:58.638] |W| [io_error_impl]: open_file (sceAppUtilSaveDataSlotGetParam) returned 0x80010002
[12:21:58.688] |E| [open_file]: Missing file at D:/Emulateurs/Vita3K/mc/ux0/user/00/savedata/PCSG00768/SlotParam_96.bin (target path: savedata0:/SlotParam_96.bin)
[12:21:58.689] |W| [io_error_impl]: open_file (sceAppUtilSaveDataSlotGetParam) returned 0x80010002
[12:21:58.722] |E| [open_file]: Missing file at D:/Emulateurs/Vita3K/mc/ux0/user/00/savedata/PCSG00768/SlotParam_97.bin (target path: savedata0:/SlotParam_97.bin)
[12:21:58.723] |W| [io_error_impl]: open_file (sceAppUtilSaveDataSlotGetParam) returned 0x80010002
[12:21:58.756] |E| [open_file]: Missing file at D:/Emulateurs/Vita3K/mc/ux0/user/00/savedata/PCSG00768/SlotParam_98.bin (target path: savedata0:/SlotParam_98.bin)
[12:21:58.756] |W| [io_error_impl]: open_file (sceAppUtilSaveDataSlotGetParam) returned 0x80010002
[12:21:58.790] |E| [open_file]: Missing file at D:/Emulateurs/Vita3K/mc/ux0/user/00/savedata/PCSG00768/SlotParam_99.bin (target path: savedata0:/SlotParam_99.bin)
[12:21:58.790] |W| [io_error_impl]: open_file (sceAppUtilSaveDataSlotGetParam) returned 0x80010002
[12:21:58.823] |E| [open_file]: Missing file at D:/Emulateurs/Vita3K/mc/ux0/user/00/savedata/PCSG00768/SlotParam_100.bin (target path: savedata0:/SlotParam_100.bin)
[12:21:58.824] |W| [io_error_impl]: open_file (sceAppUtilSaveDataSlotGetParam) returned 0x80010002
[12:21:58.873] |E| [open_file]: Missing file at D:/Emulateurs/Vita3K/mc/ux0/user/00/savedata/PCSG00768/SlotParam_101.bin (target path: savedata0:/SlotParam_101.bin)
[12:21:58.873] |W| [io_error_impl]: open_file (sceAppUtilSaveDataSlotGetParam) returned 0x80010002
[12:21:58.906] |E| [open_file]: Missing file at D:/Emulateurs/Vita3K/mc/ux0/user/00/savedata/PCSG00768/SlotParam_102.bin (target path: savedata0:/SlotParam_102.bin)
[12:21:58.907] |W| [io_error_impl]: open_file (sceAppUtilSaveDataSlotGetParam) returned 0x80010002
[12:21:58.939] |E| [open_file]: Missing file at D:/Emulateurs/Vita3K/mc/ux0/user/00/savedata/PCSG00768/SlotParam_103.bin (target path: savedata0:/SlotParam_103.bin)
[12:21:58.940] |W| [io_error_impl]: open_file (sceAppUtilSaveDataSlotGetParam) returned 0x80010002
[12:21:58.973] |E| [open_file]: Missing file at D:/Emulateurs/Vita3K/mc/ux0/user/00/savedata/PCSG00768/SlotParam_104.bin (target path: savedata0:/SlotParam_104.bin)
[12:21:58.974] |W| [io_error_impl]: open_file (sceAppUtilSaveDataSlotGetParam) returned 0x80010002
[12:21:59.006] |E| [open_file]: Missing file at D:/Emulateurs/Vita3K/mc/ux0/user/00/savedata/PCSG00768/SlotParam_105.bin (target path: savedata0:/SlotParam_105.bin)
[12:21:59.006] |W| [io_error_impl]: open_file (sceAppUtilSaveDataSlotGetParam) returned 0x80010002
[12:21:59.056] |E| [open_file]: Missing file at D:/Emulateurs/Vita3K/mc/ux0/user/00/savedata/PCSG00768/SlotParam_106.bin (target path: savedata0:/SlotParam_106.bin)
[12:21:59.057] |W| [io_error_impl]: open_file (sceAppUtilSaveDataSlotGetParam) returned 0x80010002
[12:21:59.089] |E| [open_file]: Missing file at D:/Emulateurs/Vita3K/mc/ux0/user/00/savedata/PCSG00768/SlotParam_107.bin (target path: savedata0:/SlotParam_107.bin)
[12:21:59.090] |W| [io_error_impl]: open_file (sceAppUtilSaveDataSlotGetParam) returned 0x80010002
[12:21:59.122] |E| [open_file]: Missing file at D:/Emulateurs/Vita3K/mc/ux0/user/00/savedata/PCSG00768/SlotParam_108.bin (target path: savedata0:/SlotParam_108.bin)
[12:21:59.123] |W| [io_error_impl]: open_file (sceAppUtilSaveDataSlotGetParam) returned 0x80010002
[12:22:00.055] |D| [renderer::gl::texture::translate_swizzle]: base format: -1795162112, swizzle: 0
[12:22:03.040] |I| [export_sceIoOpen]: Opening file: app0:ef_maga2.mp4
[12:22:03.051] |E| [call_import]: Import function for NID 0xE340CF2D not found (thread name: PCSG00768, thread ID: 8)
[12:22:03.116] |W| [unimplemented_impl]: Unimplemented sceKernelGetProcessTitleId import called.
[12:22:03.122] |E| [call_import]: Import function for NID 0xE340CF2F not found (thread name: avPlayer Controller, thread ID: 277)
[12:22:03.126] |D| [renderer::gl::texture::translate_swizzle]: base format: 201326592, swizzle: 0
[12:22:03.128] |D| [renderer::gl::texture::translate_swizzle]: base format: -1795162112, swizzle: 0
[12:22:03.132] |D| [renderer::gl::texture::translate_swizzle]: base format: 201326592, swizzle: 0
[12:22:03.132] |D| [renderer::gl::texture::translate_swizzle]: base format: 201326592, swizzle: 0
[12:22:03.133] |D| [renderer::gl::texture::translate_swizzle]: base format: -1795162112, swizzle: 0
[12:22:03.133] |W| [stubbed_impl]: Stubbed sceVideodecQueryMemSize import called. (fake size)
[12:22:03.134] |D| [renderer::gl::texture::translate_swizzle]: base format: -1795162112, swizzle: 0
[12:22:03.136] |W| [stubbed_impl]: Stubbed sceCodecEngineAllocMemoryFromUnmapMemBlock import called. (fake vaddr)
[12:22:03.174] |W| [H264DecoderState::receive]: Error receiving H264 frame: 0xFFFFFFF5.
[12:22:03.179] |W| [H264DecoderState::receive]: Error receiving H264 frame: 0xFFFFFFF5.
[12:22:03.181] |E| [logging::ret_error_impl]: sceKernelWaitCond returned SCE_KERNEL_ERROR_WAIT_TIMEOUT (0x80028005)
[12:22:03.272] |D| [renderer::gl::texture::translate_swizzle]: base format: -1879048192, swizzle: 12288
[12:22:03.274] |I| [renderer::gl::load_shader_generic]: Generating frag shader 8397f995f427cfa710c1b006b170a4b8dfa2a945a8f6283ce99235b7228b73a9
[12:22:03.275] |D| [shader::create_parameters]: [DEFAULT  + 0] sa0 = (half4) colorTransform[4]
[12:22:03.275] |D| [shader::create_fragment_inputs]: Iterator: pa0 = (half4) v_Color0
[12:22:03.279] |E| [renderer::gl::compile_program]: Vertex info
-----------
0(25) : warning C7050: "internals[0].w" might be used before being initialized

Fragment info
-------------
0(23) : warning C7050: "pa[0].zw" might be used before being initialized
0(26) : warning C7050: "r[0].zw" might be used before being initialized


[12:22:03.322] |D| [renderer::gl::texture::translate_swizzle]: base format: -1879048192, swizzle: 12288
[12:22:05.923] |D| [renderer::gl::texture::translate_swizzle]: base format: -1795162112, swizzle: 0
[12:22:05.926] |D| [renderer::gl::texture::translate_swizzle]: base format: -1811939328, swizzle: 0
[12:22:05.928] |D| [renderer::gl::texture::translate_swizzle]: base format: -1795162112, swizzle: 0
[12:22:08.058] |D| [renderer::gl::texture::translate_swizzle]: base format: -1795162112, swizzle: 0
[12:22:09.989] |D| [export_sceCodecEngineFreeMemoryFromUnmapMemBlock]: uid: 354
[12:22:09.990] |W| [stubbed_impl]: Stubbed sceCodecEngineFreeMemoryFromUnmapMemBlock import called. (always return success)
[12:22:09.990] |D| [export_sceCodecEngineFreeMemoryFromUnmapMemBlock]: uid: 354
[12:22:29.580] |E| [discordrpc::update_presence::<lambda_50ee3771c9ac2f7a4b17591668a7e6b3>::operator ()]: Error updating discord rich presence, err_code: 43
[12:22:29.581] |E| [discordrpc::update_presence::<lambda_50ee3771c9ac2f7a4b17591668a7e6b3>::operator ()]: Error updating discord rich presence, err_code: 43
