[10:09:49.216] |I| [load_app_impl]: cpu-backend: Dynarmic
[10:09:49.216] |I| [load_app_impl]: CPU Optimisation state: true
[10:09:49.217] |I| [load_app_impl]: at9 audio decoder state: true
[10:09:49.217] |I| [load_app_impl]: ngs experimental state: true
[10:09:49.217] |I| [load_app_impl]: video player state: true
[10:09:49.217] |I| [load_app_impl]: modules mode: Automatic
[10:09:49.217] |I| [load_app_impl]: Title: 幻想牢獄のカレイドスコープ
[10:09:49.217] |I| [load_app_impl]: Serial: PCSG01294
[10:09:49.217] |I| [load_app_impl]: Version: 1.00
[10:09:49.217] |I| [load_app_impl]: Category: gd
[10:09:49.227] |C| [load_self]: Unknown segment type 0x6FFFFF01
[10:09:49.228] |I| [load_self]: Loaded module segment 0 @ [0x00007000 - 0x0005891C / 0x81000000] (size: 0x0005191C) of module app0:sce_module/libc.suprx
[10:09:49.228] |I| [load_self]: Loaded module segment 1 @ [0x00059000 - 0x0005B8A0 / 0x81052000] (size: 0x000028A0) of module app0:sce_module/libc.suprx
[10:09:49.228] |I| [load_self]: Loading symbols for SELF: app0:sce_module/libc.suprx
[10:09:49.229] |D| [load_var_exports]: 	NID 0x936C8A78 (SYSLYB) at 0x4E38C
[10:09:49.229] |D| [load_var_exports]: 	NID 0x6C2224BA (NID_MODULE_INFO) at 0x43550
[10:09:49.230] |W| [load_var_imports]: 	NID NOT FOUND 0x93B8AA67 (UNRECOGNISED) at 0x476B0, setting to stub value 0xDEADBEEF
[10:09:49.231] |W| [load_var_imports]: 	NID NOT FOUND 0xDF084DFA (UNRECOGNISED) at 0x49244, setting to stub value 0xDEADBEEF
[10:09:49.232] |I| [pre_load_module]: Pre-load module SceLibc (at "sce_module/libc.suprx") loaded
[10:09:49.238] |C| [load_self]: Unknown segment type 0x6FFFFF01
[10:09:49.241] |I| [load_self]: Loaded module segment 0 @ [0x0005E000 - 0x0008ACBF / 0x81000000] (size: 0x0002CCBF) of module app0:sce_module/libfios2.suprx
[10:09:49.242] |I| [load_self]: Loaded module segment 1 @ [0x0008B000 - 0x00090255 / 0x8102D000] (size: 0x00005255) of module app0:sce_module/libfios2.suprx
[10:09:49.243] |I| [load_self]: Loading symbols for SELF: app0:sce_module/libfios2.suprx
[10:09:49.243] |D| [load_var_exports]: 	NID 0x936C8A78 (SYSLYB) at 0x8ABC8
[10:09:49.244] |D| [load_var_exports]: 	NID 0x6C2224BA (NID_MODULE_INFO) at 0x81F08
[10:09:49.244] |I| [pre_load_module]: Pre-load module SceLibFios2 (at "sce_module/libfios2.suprx") loaded
[10:09:49.248] |C| [load_self]: Unknown segment type 0x6FFFFF01
[10:09:49.248] |I| [load_self]: Loaded module segment 0 @ [0x00091000 - 0x000A49BC / 0x81000000] (size: 0x000139BC) of module app0:sce_module/libult.suprx
[10:09:49.249] |I| [load_self]: Loaded module segment 1 @ [0x000A5000 - 0x000A5814 / 0x81014000] (size: 0x00000814) of module app0:sce_module/libult.suprx
[10:09:49.250] |I| [load_self]: Loading symbols for SELF: app0:sce_module/libult.suprx
[10:09:49.251] |D| [load_var_exports]: 	NID 0x936C8A78 (SYSLYB) at 0xA32E8
[10:09:49.251] |D| [load_var_exports]: 	NID 0x6C2224BA (NID_MODULE_INFO) at 0xA0870
[10:09:49.252] |I| [pre_load_module]: Pre-load module SceUlt (at "sce_module/libult.suprx") loaded
[10:09:49.260] |I| [load_self]: Loaded module segment 0 @ [0x000A6000 - 0x000F6F04 / 0x81000000] (size: 0x00050F04) of module vs0:sys/external/libSceFt2.suprx
[10:09:49.260] |I| [load_self]: Loaded module segment 1 @ [0x000F7000 - 0x000F72F4 / 0x81051000] (size: 0x000002F4) of module vs0:sys/external/libSceFt2.suprx
[10:09:49.261] |I| [load_self]: Loading symbols for SELF: vs0:sys/external/libSceFt2.suprx
[10:09:49.262] |D| [load_var_exports]: 	NID 0x936C8A78 (SYSLYB) at 0xE27DC
[10:09:49.262] |D| [load_var_exports]: 	NID 0x6C2224BA (NID_MODULE_INFO) at 0xE1F10
[10:09:49.263] |I| [pre_load_module]: Pre-load module SceLibft2 (at "sys/external/libSceFt2.suprx") loaded
[10:09:49.265] |I| [load_self]: Loaded module segment 0 @ [0x000F8000 - 0x00107F14 / 0x81000000] (size: 0x0000FF14) of module vs0:sys/external/libpvf.suprx
[10:09:49.266] |I| [load_self]: Loaded module segment 1 @ [0x00108000 - 0x00108008 / 0x81010000] (size: 0x00000008) of module vs0:sys/external/libpvf.suprx
[10:09:49.267] |I| [load_self]: Loading symbols for SELF: vs0:sys/external/libpvf.suprx
[10:09:49.268] |D| [load_var_exports]: 	NID 0x936C8A78 (SYSLYB) at 0x106710
[10:09:49.268] |D| [load_var_exports]: 	NID 0x6C2224BA (NID_MODULE_INFO) at 0x106300
[10:09:49.269] |I| [pre_load_module]: Pre-load module SceLibPvf (at "sys/external/libpvf.suprx") loaded
[10:09:49.302] |C| [load_self]: Unknown segment type 0x6FFFFF01
[10:09:49.302] |I| [load_self]: Loaded module segment 0 @ [0x00109000 - 0x002509B4 / 0x81000000] (size: 0x001479B4) of module app0:eboot.bin
[10:09:49.303] |I| [load_self]: Loaded module segment 1 @ [0x00251000 - 0x002737E0 / 0x81148000] (size: 0x000227E0) of module app0:eboot.bin
[10:09:49.304] |I| [load_self]: Loading symbols for SELF: app0:eboot.bin
[10:09:49.305] |D| [load_var_exports]: 	NID 0x6C2224BA (NID_MODULE_INFO) at 0x2062A8
[10:09:49.305] |D| [load_var_exports]: 	NID 0x70FBA1E7 (SCE_PROC_PARAMS) at 0x2632E4
[10:09:49.306] |D| [load_var_exports]: 	NID 0x936C8A78 (SYSLYB) at 0x23EA34
[10:09:49.306] |I| [load_app_impl]: Main executable adv (eboot.bin) loaded
[10:09:49.307] |I| [renderer::gl::compile_shader]: frag shader compiled: 6cbec138a126ac34079afad3d28c8dda3831c55a86203fdee0ea4efb47550876
[10:09:49.308] |I| [renderer::gl::compile_shader]: vert shader compiled: a871c188a37ef10d2cc5de86a4a6fca3a1e4a338361554a6e7ae42667f1270b3
[10:09:49.309] |E| [renderer::gl::compile_program]: Fragment info
-------------
0(21) : warning C7050: "sa[0]" might be used before being initialized
0(20) : warning C7050: "pa[0].zw" might be used before being initialized


[10:09:49.310] |I| [renderer::gl::pre_compile_program]: Program Compiled 1/3
[10:09:49.402] |I| [renderer::gl::compile_shader]: frag shader compiled: c34502374d74d2752742a50f3756183b2f2583cdf55aaa13ce91f831f8480411
[10:09:49.404] |I| [renderer::gl::compile_shader]: vert shader compiled: dd4773954d723523726dfa9e841f18a2c8a11d1112c3f6aac2f6e3a4f613032d
[10:09:49.406] |E| [renderer::gl::compile_program]: Vertex info
-----------
0(24) : warning C7050: "sa[0]" might be used before being initialized
0(24) : warning C7050: "sa[1]" might be used before being initialized
0(24) : warning C7050: "sa[2]" might be used before being initialized
0(24) : warning C7050: "sa[3]" might be used before being initialized
0(24) : warning C7050: "sa[4]" might be used before being initialized
0(25) : warning C7050: "internals[0].w" might be used before being initialized

Fragment info
-------------
0(18) : warning C7050: "pa[0].zw" might be used before being initialized


[10:09:49.407] |I| [renderer::gl::pre_compile_program]: Program Compiled 2/3
[10:09:49.408] |I| [renderer::gl::compile_shader]: frag shader compiled: dbada4791bbded12bce00a0cec3fef3c1950e24567c6e77d1ac4d05830dc395d
[10:09:49.409] |I| [renderer::gl::compile_shader]: vert shader compiled: 0caf57a97df38ba9b1345f78b70bf02b911d46c16fcfbbec226c5e763cfbc390
[10:09:49.411] |E| [renderer::gl::compile_program]: Vertex info
-----------
0(21) : warning C7050: "sa[0]" might be used before being initialized
0(21) : warning C7050: "sa[1]" might be used before being initialized
0(21) : warning C7050: "sa[2]" might be used before being initialized
0(21) : warning C7050: "sa[3]" might be used before being initialized

Fragment info
-------------
0(23) : warning C7050: "sa[0]" might be used before being initialized
0(23) : warning C7050: "sa[1].xy" might be used before being initialized
0(23) : warning C7050: "sa[2].zw" might be used before being initialized
0(23) : warning C7050: "sa[3].zw" might be used before being initialized
0(23) : warning C7050: "sa[4].zw" might be used before being initialized
0(23) : warning C7050: "sa[5]" might be used before being initialized
0(23) : warning C7050: "sa[6].xy" might be used before being initialized
0(23) : warning C7050: "sa[7].zw" might be used before being initialized
0(22) : warning C7050: "pa[0].zw" might be used before being initialized
0(25) : warning C7050: "r[0].yzw" might be used before being initialized
0(25) : warning C7050: "r[1].xy" might be used before being initialized
0(24) : warning C7050: "internals[0]" might be used before being initialized
0(24) : warning C7050: "internals[1].zw" might be used before being initialized
0(24) : warning C7050: "internals[2]" might be used before being initialized


[10:09:49.412] |I| [renderer::gl::pre_compile_program]: Program Compiled 3/3
[10:09:49.422] |D| [run_app]: Running module_start of library: SceLibc at address 0x7871
[10:09:49.458] |I| [run_app]: Module SceLibc (at "app0:sce_module/libc.suprx") module_start returned 0x0
[10:09:49.462] |D| [run_app]: Running module_start of library: SceLibFios2 at address 0x5E001
[10:09:49.470] |W| [stubbed_impl]: Stubbed sceKernelGetProcessId import called. (pid: 0)
[10:09:49.471] |D| [export_sceFiosOverlayGetList02]: maxIDs: 127
[10:09:49.471] |W| [unimplemented_impl]: Unimplemented sceFiosOverlayGetList02 import called.
[10:09:49.472] |I| [run_app]: Module SceLibFios2 (at "app0:sce_module/libfios2.suprx") module_start returned 0x0
[10:09:49.476] |D| [run_app]: Running module_start of library: SceUlt at address 0x94771
[10:09:49.484] |W| [unimplemented_impl]: Unimplemented _sceUlobjMgrRegisterLibultProtocolRevision import called.
[10:09:49.484] |I| [run_app]: Module SceUlt (at "app0:sce_module/libult.suprx") module_start returned 0x0
[10:09:49.514] |W| [unimplemented_impl]: Unimplemented sceAppUtilInit import called.
[10:09:49.527] |W| [stubbed_impl]: Stubbed sceKernelGetFreeMemorySize import called. (Single pool)
[10:09:49.890] |W| [stubbed_impl]: Stubbed sceGxmMapMemory import called. (always return success)
[10:09:49.910] |W| [stubbed_impl]: Stubbed sceGxmMapVertexUsseMemory import called. (always return success)
[10:09:49.910] |W| [stubbed_impl]: Stubbed sceGxmMapFragmentUsseMemory import called. (always return success)
[10:09:49.954] |W| [stubbed_impl]: Stubbed sceDisplayWaitVblankStart import called. (wait for vblank)
[10:09:49.957] |W| [unimplemented_impl]: Unimplemented sceScreenShotDisable import called.
[10:09:49.957] |W| [unimplemented_impl]: Unimplemented sceScreenShotSetOverlayImage import called.
[10:09:49.957] |W| [unimplemented_impl]: Unimplemented sceScreenShotEnable import called.
[10:09:49.966] |W| [unimplemented_impl]: Unimplemented sceKernelGetThreadCurrentPriority import called.
[10:09:49.967] |W| [stubbed_impl]: Stubbed sceKernelGetThreadCpuAffinityMask2 import called. (STUB)
[10:09:50.000] |W| [unimplemented_impl]: Unimplemented sceKernelChangeThreadVfpException import called.
[10:09:50.000] |W| [unimplemented_impl]: Unimplemented sceFiosOverlayThreadSetDisabled02 import called.
[10:09:50.021] |W| [unimplemented_impl]: Unimplemented sceKernelCreateRWLock import called.
[10:09:50.041] |W| [unimplemented_impl]: Unimplemented sceFiosOverlayGetRecommendedScheduler02 import called.
[10:09:50.044] |I| [export_sceIoOpen]: Opening file: app0:/data.rom
[10:09:50.072] |W| [unimplemented_impl]: Unimplemented sceKernelLockWriteRWLock import called.
[10:09:50.074] |W| [unimplemented_impl]: Unimplemented sceKernelUnlockWriteRWLock import called.
[10:09:50.075] |I| [export_sceIoOpen]: Opening file: app0:/patch.rom
[10:09:50.075] |E| [open_file]: Missing file at D:/Emulateurs/Vita3K/mc/ux0/app/PCSG01294/patch.rom (target path: app0:/patch.rom)
[10:09:50.076] |W| [io_error_impl]: open_file (sceIoOpen) returned 0x80010002
[10:09:50.317] |W| [stubbed_impl]: Stubbed sceNpTrophyCreateHandle import called. (Stubbed handle with 1)
[10:09:50.388] |D| [export_sceGxmTransferFill]: fillColor: 4278190080, destFormat: 393216, destStride: 256
destWidth: 64, destHeight: 64, destX: 0, destY: 0
[10:09:50.395] |W| [unimplemented_impl]: Unimplemented sceKernelLockReadRWLock import called.
[10:09:50.401] |W| [unimplemented_impl]: Unimplemented sceKernelUnlockReadRWLock import called.
[10:09:50.409] |W| [unimplemented_impl]: Unimplemented sceCommonDialogUpdate import called.
[10:09:50.442] |W| [stubbed_impl]: Stubbed sceDisplayWaitSetFrameBuf import called. (move after setframebuf)
[10:09:50.669] |E| [open_file]: Missing file at D:/Emulateurs/Vita3K/mc/ux0/user/00/savedata/PCSG01294/SlotParam_1.bin (target path: savedata0:/SlotParam_1.bin)
[10:09:50.670] |W| [io_error_impl]: open_file (sceAppUtilSaveDataSlotGetParam) returned 0x80010002
[10:09:50.671] |E| [logging::ret_error_impl]: sceAppUtilSaveDataSlotGetParam returned SCE_APPUTIL_ERROR_SAVEDATA_SLOT_NOT_FOUND (0x80100641)
[10:09:50.720] |E| [open_file]: Missing file at D:/Emulateurs/Vita3K/mc/ux0/user/00/savedata/PCSG01294/SlotParam_0.bin (target path: savedata0:/SlotParam_0.bin)
[10:09:50.720] |W| [io_error_impl]: open_file (sceAppUtilSaveDataSlotGetParam) returned 0x80010002
[10:09:51.129] |D| [export_sceGxmTransferCopy]: colorKeyValue: 0, colorKeyMask: 0, colorKeyMode: 0
[10:09:51.129] |D| [export_sceGxmTransferCopy]: srcFormat: 393216, srcType: 0, srcStride: 3840
[10:09:51.129] |D| [export_sceGxmTransferCopy]: destFormat: 393216, destStride: 3840, destType: 0, syncFlags: 1
[10:09:51.130] |D| [export_sceGxmTransferCopy]: width: 960, height: 544, srcX: 0, srcY: 0, destX: 0, desty: 0
[10:09:51.131] |D| [export_sceGxmTransferCopy]: dest_bpp: 32, dest_bytes_per_pixel: 4
[10:09:55.151] |D| [export_sceGxmTransferCopy]: colorKeyValue: 0, colorKeyMask: 0, colorKeyMode: 0
[10:09:55.151] |D| [export_sceGxmTransferCopy]: srcFormat: 393216, srcType: 0, srcStride: 3840
[10:09:55.152] |D| [export_sceGxmTransferCopy]: destFormat: 393216, destStride: 3840, destType: 0, syncFlags: 1
[10:09:55.152] |D| [export_sceGxmTransferCopy]: width: 960, height: 544, srcX: 0, srcY: 0, destX: 0, desty: 0
[10:09:55.153] |D| [export_sceGxmTransferCopy]: dest_bpp: 32, dest_bytes_per_pixel: 4
[10:09:56.358] |D| [export_sceGxmTransferCopy]: colorKeyValue: 0, colorKeyMask: 0, colorKeyMode: 0
[10:09:56.358] |D| [export_sceGxmTransferCopy]: srcFormat: 393216, srcType: 0, srcStride: 3840
[10:09:56.359] |D| [export_sceGxmTransferCopy]: destFormat: 393216, destStride: 3840, destType: 0, syncFlags: 1
[10:09:56.359] |D| [export_sceGxmTransferCopy]: width: 960, height: 544, srcX: 0, srcY: 0, destX: 0, desty: 0
[10:09:56.360] |D| [export_sceGxmTransferCopy]: dest_bpp: 32, dest_bytes_per_pixel: 4
[10:09:57.445] |W| [unimplemented_impl]: Unimplemented sceAudiodecClearContext import called.
[10:09:57.450] |W| [unimplemented_impl]: Unimplemented sceAudiodecDecodeNFrames import called.
[10:10:06.838] |I| [renderer::gl::load_shader_generic]: Generating frag shader 5786e1f9042bbef13cc97fa42c15148cddc7a2495baf05f6a377a44aa75f0efc
[10:10:06.840] |D| [shader::create_parameters]: [BUFFER0  + 0] sa0 = (half4) color
[10:10:06.860] |I| [renderer::gl::load_shader_generic]: Generating vert shader a95d6dfc1b32b24f1b12a454c73d203cdc268d756676bba73200ac084a0e5456
[10:10:06.862] |D| [shader::create_parameters]: [BUFFER0  + 0] pa0 = (float4) input_pos
[10:10:06.864] |D| [shader::create_parameters]: [BUFFER0  + 0] sa0 = (float4) proj[4]
[10:10:06.940] |E| [renderer::gl::compile_program]: Vertex info
-----------
0(21) : warning C7050: "sa[0]" might be used before being initialized
0(21) : warning C7050: "sa[1]" might be used before being initialized
0(21) : warning C7050: "sa[2]" might be used before being initialized
0(21) : warning C7050: "sa[3]" might be used before being initialized

Fragment info
-------------
0(23) : warning C7050: "sa[0]" might be used before being initialized
0(22) : warning C7050: "pa[0].zw" might be used before being initialized


[10:10:17.801] |E| [discordrpc::update_presence::<lambda_331f079a0acdd083d9cce7eefa67668c>::operator ()]: Error updating discord rich presence, err_code: 43
