[16:46:25.323] |I| [load_app_impl]: cpu-backend: Dynarmic
[16:46:25.323] |I| [load_app_impl]: CPU Optimisation state: true
[16:46:25.323] |I| [load_app_impl]: at9 audio decoder state: true
[16:46:25.323] |I| [load_app_impl]: ngs experimental state: true
[16:46:25.324] |I| [load_app_impl]: video player state: true
[16:46:25.324] |I| [load_app_impl]: lle-modules: libSceJson,liblocation,libSceXml,libpgf,libvoice,librudp,libSceSqlite,libvoiceqos,libsas
[16:46:25.324] |I| [load_app_impl]: Title: 星織ユメミライ Converted Edition
[16:46:25.324] |I| [load_app_impl]: Serial: PCSG00926
[16:46:25.325] |I| [load_app_impl]: Version: 1.02
[16:46:25.325] |I| [load_app_impl]: Category: gp
[16:46:25.379] |C| [load_self]: Unknown segment type 0x6FFFFF01
[16:46:25.380] |I| [load_self]: Loaded module segment 0 @ [0x00007000 - 0x000588A4 / 0x81000000] (size: 0x000518A4) of module ux0:app\PCSG00926\sce_module\libc.suprx
[16:46:25.380] |I| [load_self]: Loaded module segment 1 @ [0x00059000 - 0x0005B8A0 / 0x81052000] (size: 0x000028A0) of module ux0:app\PCSG00926\sce_module\libc.suprx
[16:46:25.380] |I| [load_self]: Loading symbols for SELF: ux0:app\PCSG00926\sce_module\libc.suprx
[16:46:25.382] |D| [load_var_exports]: 	NID 0x936C8A78 (SYSLYB) at 0x4E314
[16:46:25.382] |D| [load_var_exports]: 	NID 0x6C2224BA (NID_MODULE_INFO) at 0x434DC
[16:46:25.383] |W| [load_var_imports]: 	NID NOT FOUND 0x93B8AA67 (UNRECOGNISED) at 0x4763C, setting to stub value 0xDEADBEEF
[16:46:25.383] |W| [load_var_imports]: 	NID NOT FOUND 0xDF084DFA (UNRECOGNISED) at 0x491D0, setting to stub value 0xDEADBEEF
[16:46:25.384] |I| [pre_load_module]: Pre-load module SceLibc (at "app\PCSG00926\sce_module\libc.suprx") loaded
[16:46:25.407] |C| [load_self]: Unknown segment type 0x6FFFFF01
[16:46:25.407] |I| [load_self]: Loaded module segment 0 @ [0x0005E000 - 0x0008ACBF / 0x81000000] (size: 0x0002CCBF) of module ux0:app\PCSG00926\sce_module\libfios2.suprx
[16:46:25.408] |I| [load_self]: Loaded module segment 1 @ [0x0008B000 - 0x00090255 / 0x8102D000] (size: 0x00005255) of module ux0:app\PCSG00926\sce_module\libfios2.suprx
[16:46:25.409] |I| [load_self]: Loading symbols for SELF: ux0:app\PCSG00926\sce_module\libfios2.suprx
[16:46:25.410] |D| [load_var_exports]: 	NID 0x936C8A78 (SYSLYB) at 0x8ABC8
[16:46:25.410] |D| [load_var_exports]: 	NID 0x6C2224BA (NID_MODULE_INFO) at 0x81F08
[16:46:25.411] |I| [pre_load_module]: Pre-load module SceLibFios2 (at "app\PCSG00926\sce_module\libfios2.suprx") loaded
[16:46:25.416] |C| [load_self]: Unknown segment type 0x6FFFFF01
[16:46:25.417] |I| [load_self]: Loaded module segment 0 @ [0x00091000 - 0x000A49BC / 0x81000000] (size: 0x000139BC) of module ux0:app\PCSG00926\sce_module\libult.suprx
[16:46:25.418] |I| [load_self]: Loaded module segment 1 @ [0x000A5000 - 0x000A5814 / 0x81014000] (size: 0x00000814) of module ux0:app\PCSG00926\sce_module\libult.suprx
[16:46:25.418] |I| [load_self]: Loading symbols for SELF: ux0:app\PCSG00926\sce_module\libult.suprx
[16:46:25.419] |D| [load_var_exports]: 	NID 0x936C8A78 (SYSLYB) at 0xA32E8
[16:46:25.419] |D| [load_var_exports]: 	NID 0x6C2224BA (NID_MODULE_INFO) at 0xA0870
[16:46:25.420] |I| [pre_load_module]: Pre-load module SceUlt (at "app\PCSG00926\sce_module\libult.suprx") loaded
[16:46:25.427] |I| [load_self]: Loaded module segment 0 @ [0x000A6000 - 0x000F6F04 / 0x81000000] (size: 0x00050F04) of module vs0:sys/external/libSceFt2.suprx
[16:46:25.427] |I| [load_self]: Loaded module segment 1 @ [0x000F7000 - 0x000F72F4 / 0x81051000] (size: 0x000002F4) of module vs0:sys/external/libSceFt2.suprx
[16:46:25.431] |I| [load_self]: Loading symbols for SELF: vs0:sys/external/libSceFt2.suprx
[16:46:25.432] |D| [load_var_exports]: 	NID 0x936C8A78 (SYSLYB) at 0xE27DC
[16:46:25.432] |D| [load_var_exports]: 	NID 0x6C2224BA (NID_MODULE_INFO) at 0xE1F10
[16:46:25.433] |I| [pre_load_module]: Pre-load module SceLibft2 (at "sys/external/libSceFt2.suprx") loaded
[16:46:25.435] |I| [load_self]: Loaded module segment 0 @ [0x000F8000 - 0x00107F14 / 0x81000000] (size: 0x0000FF14) of module vs0:sys/external/libpvf.suprx
[16:46:25.435] |I| [load_self]: Loaded module segment 1 @ [0x00108000 - 0x00108008 / 0x81010000] (size: 0x00000008) of module vs0:sys/external/libpvf.suprx
[16:46:25.437] |I| [load_self]: Loading symbols for SELF: vs0:sys/external/libpvf.suprx
[16:46:25.437] |D| [load_var_exports]: 	NID 0x936C8A78 (SYSLYB) at 0x106710
[16:46:25.438] |D| [load_var_exports]: 	NID 0x6C2224BA (NID_MODULE_INFO) at 0x106300
[16:46:25.438] |I| [pre_load_module]: Pre-load module SceLibPvf (at "sys/external/libpvf.suprx") loaded
[16:46:25.475] |C| [load_self]: Unknown segment type 0x6FFFFF01
[16:46:25.476] |I| [load_self]: Loaded module segment 0 @ [0x00109000 - 0x0025E2DB / 0x81000000] (size: 0x001552DB) of module app0:eboot.bin
[16:46:25.477] |I| [load_self]: Loaded module segment 1 @ [0x0025F000 - 0x002B0B1C / 0x81156000] (size: 0x00051B1C) of module app0:eboot.bin
[16:46:25.479] |I| [load_self]: Loading symbols for SELF: app0:eboot.bin
[16:46:25.480] |D| [load_var_exports]: 	NID 0x6C2224BA (NID_MODULE_INFO) at 0x1E1224
[16:46:25.481] |D| [load_var_exports]: 	NID 0x70FBA1E7 (SCE_PROC_PARAMS) at 0x2882E0
[16:46:25.482] |D| [load_var_exports]: 	NID 0x936C8A78 (SYSLYB) at 0x258F8C
[16:46:25.484] |I| [load_app_impl]: Main executable VITA (eboot.bin) loaded
[16:46:25.492] |D| [run_app]: Running module_start of library: SceLibc at address 0x7871
[16:46:25.517] |I| [run_app]: Module SceLibc (at "ux0:app\PCSG00926\sce_module\libc.suprx") module_start returned 0x0
[16:46:25.521] |D| [run_app]: Running module_start of library: SceLibFios2 at address 0x5E001
[16:46:25.529] |W| [stubbed_impl]: Stubbed sceKernelGetProcessId import called. (pid: 0)
[16:46:25.530] |D| [export_sceFiosOverlayGetList02]: maxIDs: 127
[16:46:25.531] |W| [unimplemented_impl]: Unimplemented sceFiosOverlayGetList02 import called.
[16:46:25.532] |I| [run_app]: Module SceLibFios2 (at "ux0:app\PCSG00926\sce_module\libfios2.suprx") module_start returned 0x0
[16:46:25.538] |D| [run_app]: Running module_start of library: SceUlt at address 0x94771
[16:46:25.546] |W| [unimplemented_impl]: Unimplemented _sceUlobjMgrRegisterLibultProtocolRevision import called.
[16:46:25.546] |I| [run_app]: Module SceUlt (at "ux0:app\PCSG00926\sce_module\libult.suprx") module_start returned 0x0
[16:46:25.591] |W| [unimplemented_impl]: Unimplemented sceKernelChangeThreadCpuAffinityMask import called.
[16:46:25.750] |W| [stubbed_impl]: Stubbed sceGxmMapMemory import called. (always return success)
[16:46:25.751] |W| [stubbed_impl]: Stubbed sceGxmMapFragmentUsseMemory import called. (always return success)
[16:46:25.809] |W| [stubbed_impl]: Stubbed sceGxmMapVertexUsseMemory import called. (always return success)
[16:46:25.817] |W| [unimplemented_impl]: Unimplemented sceGxmTextureValidate import called.
[16:46:25.893] |W| [stubbed_impl]: Stubbed sceKernelGetFreeMemorySize import called. (Single pool)
[16:46:25.894] |W| [unimplemented_impl]: Unimplemented sceKernelGetGPI import called.
[16:46:25.897] |E| [logging::ret_error_impl]: sceGxmTextureSetMinFilter returned SCE_GXM_ERROR_UNSUPPORTED (0x805B0009)
[16:46:25.898] |W| [unimplemented_impl]: Unimplemented sceGxmTransferFinish import called.
[16:46:25.900] |W| [unimplemented_impl]: Unimplemented sceCommonDialogIsRunning import called.
[16:46:25.996] |I| [renderer::gl::load_shader_generic]: Generating frag shader 4b21a7f3a4c2e2766c8cbade3861df42f7435a180cfb10932b998752cdedf2ca
[16:46:26.014] |I| [renderer::gl::load_shader_generic]: Generating vert shader fa27ddca37b6ac859030f4252ebcadf9d2dd7d9e820db59db940a4a7958772eb
[16:46:26.016] |D| [shader::create_parameters]: [BUFFER0  + 0] pa0 = (float4) aPosition
[16:46:26.039] |E| [renderer::gl::compile_program]: Fragment info
-------------
0(14) : warning C7050: "pa[0].zw" might be used before being initialized


[16:46:26.041] |W| [stubbed_impl]: Stubbed sceDisplayWaitVblankStartCB import called. (wait for vblank)
[16:46:26.041] |W| [stubbed_impl]: Stubbed sceDisplayWaitVblankStart import called. (wait for vblank)
[16:46:26.045] |W| [unimplemented_impl]: Unimplemented sceKernelSetGPO import called.
[16:46:26.071] |W| [unimplemented_impl]: Unimplemented sceKernelGetThreadCurrentPriority import called.
[16:46:26.175] |W| [unimplemented_impl]: Unimplemented sceKernelChangeThreadVfpException import called.
[16:46:26.176] |W| [unimplemented_impl]: Unimplemented sceFiosOverlayThreadSetDisabled02 import called.
[16:46:26.191] |W| [unimplemented_impl]: Unimplemented sceAppUtilInit import called.
[16:46:26.192] |I| [load_module]: Loading module ID: 0xD
[16:46:26.194] |I| [load_self]: Loaded module segment 0 @ [0x0F29A000 - 0x0F2B1244 / 0x81000000] (size: 0x00017244) of module sys/external/libsas.suprx
[16:46:26.195] |I| [load_self]: Loaded module segment 1 @ [0x0F2B2000 - 0x0F2B2038 / 0x81018000] (size: 0x00000038) of module sys/external/libsas.suprx
[16:46:26.196] |I| [load_self]: Loading symbols for SELF: sys/external/libsas.suprx
[16:46:26.196] |D| [load_var_exports]: 	NID 0x936C8A78 (SYSLYB) at 0xF2AE004
[16:46:26.197] |D| [load_var_exports]: 	NID 0x6C2224BA (NID_MODULE_INFO) at 0xF2ADBF0
[16:46:26.197] |I| [load_module]: Module SceSasUser (at "sys/external/libsas.suprx") loaded
[16:46:26.245] |W| [unimplemented_impl]: Unimplemented sceAtracCreateDecoderGroup import called.
[16:46:26.263] |E| [call_import]: Import function for NID 0xE340CF2A not found (thread name: SASThread, thread ID: 121)
[16:46:26.264] |W| [stubbed_impl]: Stubbed sceKernelDelayThreadCB import called. (no CB)
[16:46:26.613] |W| [unimplemented_impl]: Unimplemented sceCommonDialogUpdate import called.
[16:46:26.653] |W| [unimplemented_impl]: Unimplemented sceFiosOverlayGetRecommendedScheduler02 import called.
[16:46:26.671] |I| [export_sceIoOpen]: Opening file: app0:/psvvoice.tbl
[16:46:26.733] |E| [stat_file]: Missing file at D:/Emulateurs/Vita3K/mc/ux0/app/PCSG00926/psvvoice01.pak (target path: app0:/psvvoice01.pak)
[16:46:26.735] |W| [io_error_impl]: stat_file (_sceIoGetstat) returned 0x80010002
[16:46:26.766] |I| [export_sceIoOpen]: Opening file: app0:/psvvoice00.pak
[16:46:26.815] |I| [export_sceIoOpen]: Opening file: app0:/psvpcm.tbl
[16:46:26.865] |E| [stat_file]: Missing file at D:/Emulateurs/Vita3K/mc/ux0/app/PCSG00926/psvpcm01.pak (target path: app0:/psvpcm01.pak)
[16:46:26.867] |W| [io_error_impl]: stat_file (_sceIoGetstat) returned 0x80010002
[16:46:26.899] |I| [export_sceIoOpen]: Opening file: app0:/psvpcm00.pak
[16:46:26.949] |I| [export_sceIoOpen]: Opening file: app0:/psvcg.tbl
[16:46:26.999] |E| [stat_file]: Missing file at D:/Emulateurs/Vita3K/mc/ux0/app/PCSG00926/psvcg01.pak (target path: app0:/psvcg01.pak)
[16:46:27.002] |W| [io_error_impl]: stat_file (_sceIoGetstat) returned 0x80010002
[16:46:27.032] |I| [export_sceIoOpen]: Opening file: app0:/psvcg00.pak
[16:46:27.115] |I| [export_sceIoOpen]: Opening file: app0:/psvsys.tbl
[16:46:27.182] |E| [stat_file]: Missing file at D:/Emulateurs/Vita3K/mc/ux0/app/PCSG00926/psvsys01.pak (target path: app0:/psvsys01.pak)
[16:46:27.184] |W| [io_error_impl]: stat_file (_sceIoGetstat) returned 0x80010002
[16:46:27.215] |I| [export_sceIoOpen]: Opening file: app0:/psvsys00.pak
[16:46:27.282] |I| [export_sceIoOpen]: Opening file: app0:/psvscr.tbl
[16:46:27.332] |E| [stat_file]: Missing file at D:/Emulateurs/Vita3K/mc/ux0/app/PCSG00926/psvscr01.pak (target path: app0:/psvscr01.pak)
[16:46:27.334] |W| [io_error_impl]: stat_file (_sceIoGetstat) returned 0x80010002
[16:46:27.365] |I| [export_sceIoOpen]: Opening file: app0:/psvscr00.pak
[16:46:27.415] |I| [export_sceIoOpen]: Opening file: app0:/psv102add.tbl
[16:46:27.465] |E| [stat_file]: Missing file at D:/Emulateurs/Vita3K/mc/ux0/app/PCSG00926/psv102add01.pak (target path: app0:/psv102add01.pak)
[16:46:27.467] |W| [io_error_impl]: stat_file (_sceIoGetstat) returned 0x80010002
[16:46:27.499] |I| [export_sceIoOpen]: Opening file: app0:/psv102add00.pak
[16:46:27.683] |E| [open_file]: Missing file at D:/Emulateurs/Vita3K/mc/ux0/user/00/savedata/PCSG00926/SlotParam_0.bin (target path: savedata0:/SlotParam_0.bin)
[16:46:27.686] |W| [io_error_impl]: open_file (sceAppUtilSaveDataSlotGetParam) returned 0x80010002
[16:46:27.687] |E| [logging::ret_error_impl]: sceAppUtilSaveDataSlotGetParam returned SCE_APPUTIL_ERROR_SAVEDATA_SLOT_NOT_FOUND (0x80100641)
[16:46:27.689] |E| [open_file]: Missing file at D:/Emulateurs/Vita3K/mc/ux0/user/00/savedata/PCSG00926/SlotParam_1.bin (target path: savedata0:/SlotParam_1.bin)
[16:46:27.690] |W| [io_error_impl]: open_file (sceAppUtilSaveDataSlotGetParam) returned 0x80010002
[16:46:27.691] |E| [open_file]: Missing file at D:/Emulateurs/Vita3K/mc/ux0/user/00/savedata/PCSG00926/SlotParam_2.bin (target path: savedata0:/SlotParam_2.bin)
[16:46:27.692] |W| [io_error_impl]: open_file (sceAppUtilSaveDataSlotGetParam) returned 0x80010002
[16:46:27.694] |E| [open_file]: Missing file at D:/Emulateurs/Vita3K/mc/ux0/user/00/savedata/PCSG00926/SlotParam_3.bin (target path: savedata0:/SlotParam_3.bin)
[16:46:27.695] |W| [io_error_impl]: open_file (sceAppUtilSaveDataSlotGetParam) returned 0x80010002
[16:46:27.735] |E| [open_file]: Missing file at D:/Emulateurs/Vita3K/mc/ux0/user/00/savedata/PCSG00926/SlotParam_0.bin (target path: savedata0:/SlotParam_0.bin)
[16:46:27.738] |W| [io_error_impl]: open_file (sceAppUtilSaveDataSlotGetParam) returned 0x80010002
[16:46:27.768] |E| [open_file]: Missing file at D:/Emulateurs/Vita3K/mc/ux0/user/00/savedata/PCSG00926/SlotParam_1.bin (target path: savedata0:/SlotParam_1.bin)
[16:46:27.769] |W| [io_error_impl]: open_file (sceAppUtilSaveDataSlotGetParam) returned 0x80010002
[16:46:27.802] |E| [open_file]: Missing file at D:/Emulateurs/Vita3K/mc/ux0/user/00/savedata/PCSG00926/SlotParam_2.bin (target path: savedata0:/SlotParam_2.bin)
[16:46:27.803] |W| [io_error_impl]: open_file (sceAppUtilSaveDataSlotGetParam) returned 0x80010002
[16:46:27.834] |E| [open_file]: Missing file at D:/Emulateurs/Vita3K/mc/ux0/user/00/savedata/PCSG00926/SlotParam_3.bin (target path: savedata0:/SlotParam_3.bin)
[16:46:27.835] |W| [io_error_impl]: open_file (sceAppUtilSaveDataSlotGetParam) returned 0x80010002
[16:46:27.867] |E| [open_file]: Missing file at D:/Emulateurs/Vita3K/mc/ux0/user/00/savedata/PCSG00926/SlotParam_4.bin (target path: savedata0:/SlotParam_4.bin)
[16:46:27.868] |W| [io_error_impl]: open_file (sceAppUtilSaveDataSlotGetParam) returned 0x80010002
[16:46:27.917] |E| [open_file]: Missing file at D:/Emulateurs/Vita3K/mc/ux0/user/00/savedata/PCSG00926/SlotParam_5.bin (target path: savedata0:/SlotParam_5.bin)
[16:46:27.919] |W| [io_error_impl]: open_file (sceAppUtilSaveDataSlotGetParam) returned 0x80010002
[16:46:27.949] |E| [open_file]: Missing file at D:/Emulateurs/Vita3K/mc/ux0/user/00/savedata/PCSG00926/SlotParam_6.bin (target path: savedata0:/SlotParam_6.bin)
[16:46:27.950] |W| [io_error_impl]: open_file (sceAppUtilSaveDataSlotGetParam) returned 0x80010002
[16:46:27.983] |E| [open_file]: Missing file at D:/Emulateurs/Vita3K/mc/ux0/user/00/savedata/PCSG00926/SlotParam_7.bin (target path: savedata0:/SlotParam_7.bin)
[16:46:27.985] |W| [io_error_impl]: open_file (sceAppUtilSaveDataSlotGetParam) returned 0x80010002
[16:46:28.015] |E| [open_file]: Missing file at D:/Emulateurs/Vita3K/mc/ux0/user/00/savedata/PCSG00926/SlotParam_8.bin (target path: savedata0:/SlotParam_8.bin)
[16:46:28.016] |W| [io_error_impl]: open_file (sceAppUtilSaveDataSlotGetParam) returned 0x80010002
[16:46:28.049] |E| [open_file]: Missing file at D:/Emulateurs/Vita3K/mc/ux0/user/00/savedata/PCSG00926/SlotParam_9.bin (target path: savedata0:/SlotParam_9.bin)
[16:46:28.051] |W| [io_error_impl]: open_file (sceAppUtilSaveDataSlotGetParam) returned 0x80010002
[16:46:28.099] |E| [open_file]: Missing file at D:/Emulateurs/Vita3K/mc/ux0/user/00/savedata/PCSG00926/SlotParam_10.bin (target path: savedata0:/SlotParam_10.bin)
[16:46:28.104] |W| [io_error_impl]: open_file (sceAppUtilSaveDataSlotGetParam) returned 0x80010002
[16:46:28.132] |E| [open_file]: Missing file at D:/Emulateurs/Vita3K/mc/ux0/user/00/savedata/PCSG00926/SlotParam_11.bin (target path: savedata0:/SlotParam_11.bin)
[16:46:28.136] |W| [io_error_impl]: open_file (sceAppUtilSaveDataSlotGetParam) returned 0x80010002
[16:46:28.165] |E| [open_file]: Missing file at D:/Emulateurs/Vita3K/mc/ux0/user/00/savedata/PCSG00926/SlotParam_12.bin (target path: savedata0:/SlotParam_12.bin)
[16:46:28.171] |W| [io_error_impl]: open_file (sceAppUtilSaveDataSlotGetParam) returned 0x80010002
[16:46:28.199] |E| [open_file]: Missing file at D:/Emulateurs/Vita3K/mc/ux0/user/00/savedata/PCSG00926/SlotParam_13.bin (target path: savedata0:/SlotParam_13.bin)
[16:46:28.202] |W| [io_error_impl]: open_file (sceAppUtilSaveDataSlotGetParam) returned 0x80010002
[16:46:28.232] |E| [open_file]: Missing file at D:/Emulateurs/Vita3K/mc/ux0/user/00/savedata/PCSG00926/SlotParam_14.bin (target path: savedata0:/SlotParam_14.bin)
[16:46:28.234] |W| [io_error_impl]: open_file (sceAppUtilSaveDataSlotGetParam) returned 0x80010002
[16:46:28.282] |E| [open_file]: Missing file at D:/Emulateurs/Vita3K/mc/ux0/user/00/savedata/PCSG00926/SlotParam_15.bin (target path: savedata0:/SlotParam_15.bin)
[16:46:28.285] |W| [io_error_impl]: open_file (sceAppUtilSaveDataSlotGetParam) returned 0x80010002
[16:46:28.315] |E| [open_file]: Missing file at D:/Emulateurs/Vita3K/mc/ux0/user/00/savedata/PCSG00926/SlotParam_16.bin (target path: savedata0:/SlotParam_16.bin)
[16:46:28.317] |W| [io_error_impl]: open_file (sceAppUtilSaveDataSlotGetParam) returned 0x80010002
[16:46:28.349] |E| [open_file]: Missing file at D:/Emulateurs/Vita3K/mc/ux0/user/00/savedata/PCSG00926/SlotParam_17.bin (target path: savedata0:/SlotParam_17.bin)
[16:46:28.350] |W| [io_error_impl]: open_file (sceAppUtilSaveDataSlotGetParam) returned 0x80010002
[16:46:28.382] |E| [open_file]: Missing file at D:/Emulateurs/Vita3K/mc/ux0/user/00/savedata/PCSG00926/SlotParam_18.bin (target path: savedata0:/SlotParam_18.bin)
[16:46:28.384] |W| [io_error_impl]: open_file (sceAppUtilSaveDataSlotGetParam) returned 0x80010002
[16:46:28.416] |E| [open_file]: Missing file at D:/Emulateurs/Vita3K/mc/ux0/user/00/savedata/PCSG00926/SlotParam_19.bin (target path: savedata0:/SlotParam_19.bin)
[16:46:28.416] |W| [io_error_impl]: open_file (sceAppUtilSaveDataSlotGetParam) returned 0x80010002
[16:46:28.449] |I| [renderer::gl::load_shader_generic]: Generating frag shader fa84aa4146e034b40b2c0c06b3d5e917e85ef29820a77f87d204c4dac931aa02
[16:46:28.452] |D| [shader::create_fragment_inputs]: Iterator: pa0 = (half4) v_Color0
[16:46:28.455] |I| [renderer::gl::load_shader_generic]: Generating vert shader daa610e18058770e16d0fbca715373c0a172aac4e7820d03fae5dfffd43caa33
[16:46:28.456] |D| [shader::create_parameters]: [BUFFER0  + 0] pa0 = (float4) position
[16:46:28.457] |D| [shader::create_parameters]: [BUFFER0  + 4] pa4 = (float4) color
[16:46:28.457] |D| [shader::create_parameters]: [BUFFER0  + 8] pa8 = (float4) texcoord0
[16:46:28.458] |D| [shader::create_parameters]: [DEFAULT  + 0] sa0 = (float4) modelViewProj[4]
[16:46:28.458] |D| [shader::create_parameters]: [DEFAULT  + 16] sa16 = (float4) ColorAdjust
[16:46:28.475] |E| [renderer::gl::compile_program]: Vertex info
-----------
0(25) : warning C7050: "internals[0].w" might be used before being initialized

Fragment info
-------------
0(15) : warning C7050: "pa[0].zw" might be used before being initialized


[16:46:28.479] |E| [open_file]: Missing file at D:/Emulateurs/Vita3K/mc/ux0/user/00/savedata/PCSG00926/SlotParam_20.bin (target path: savedata0:/SlotParam_20.bin)
[16:46:28.479] |W| [unimplemented_impl]: Unimplemented sceGxmTransferDownscale import called.
[16:46:28.480] |W| [io_error_impl]: open_file (sceAppUtilSaveDataSlotGetParam) returned 0x80010002
[16:46:28.499] |E| [open_file]: Missing file at D:/Emulateurs/Vita3K/mc/ux0/user/00/savedata/PCSG00926/SlotParam_21.bin (target path: savedata0:/SlotParam_21.bin)
[16:46:28.500] |W| [io_error_impl]: open_file (sceAppUtilSaveDataSlotGetParam) returned 0x80010002
[16:46:28.517] |I| [renderer::gl::load_shader_generic]: Generating frag shader 1e21aabc380bd210fb64e66440319283edf40aeee41108fa9f9478aa91cb97cd
[16:46:28.518] |D| [shader::create_fragment_inputs]: Iterator: pa0 = (half4) v_Color0
[16:46:28.532] |E| [renderer::gl::compile_program]: Vertex info
-----------
0(25) : warning C7050: "internals[0].w" might be used before being initialized

Fragment info
-------------
0(17) : warning C7050: "pa[0].zw" might be used before being initialized


[16:46:28.536] |E| [open_file]: Missing file at D:/Emulateurs/Vita3K/mc/ux0/user/00/savedata/PCSG00926/SlotParam_22.bin (target path: savedata0:/SlotParam_22.bin)
[16:46:28.537] |W| [io_error_impl]: open_file (sceAppUtilSaveDataSlotGetParam) returned 0x80010002
[16:46:28.565] |E| [open_file]: Missing file at D:/Emulateurs/Vita3K/mc/ux0/user/00/savedata/PCSG00926/SlotParam_23.bin (target path: savedata0:/SlotParam_23.bin)
[16:46:28.567] |W| [io_error_impl]: open_file (sceAppUtilSaveDataSlotGetParam) returned 0x80010002
[16:46:28.599] |E| [open_file]: Missing file at D:/Emulateurs/Vita3K/mc/ux0/user/00/savedata/PCSG00926/SlotParam_24.bin (target path: savedata0:/SlotParam_24.bin)
[16:46:28.600] |W| [io_error_impl]: open_file (sceAppUtilSaveDataSlotGetParam) returned 0x80010002
[16:46:28.649] |E| [open_file]: Missing file at D:/Emulateurs/Vita3K/mc/ux0/user/00/savedata/PCSG00926/SlotParam_25.bin (target path: savedata0:/SlotParam_25.bin)
[16:46:28.650] |W| [io_error_impl]: open_file (sceAppUtilSaveDataSlotGetParam) returned 0x80010002
[16:46:28.684] |E| [open_file]: Missing file at D:/Emulateurs/Vita3K/mc/ux0/user/00/savedata/PCSG00926/SlotParam_26.bin (target path: savedata0:/SlotParam_26.bin)
[16:46:28.684] |W| [io_error_impl]: open_file (sceAppUtilSaveDataSlotGetParam) returned 0x80010002
[16:46:28.715] |E| [open_file]: Missing file at D:/Emulateurs/Vita3K/mc/ux0/user/00/savedata/PCSG00926/SlotParam_27.bin (target path: savedata0:/SlotParam_27.bin)
[16:46:28.717] |W| [io_error_impl]: open_file (sceAppUtilSaveDataSlotGetParam) returned 0x80010002
[16:46:28.749] |E| [open_file]: Missing file at D:/Emulateurs/Vita3K/mc/ux0/user/00/savedata/PCSG00926/SlotParam_28.bin (target path: savedata0:/SlotParam_28.bin)
[16:46:28.751] |W| [io_error_impl]: open_file (sceAppUtilSaveDataSlotGetParam) returned 0x80010002
[16:46:28.782] |E| [open_file]: Missing file at D:/Emulateurs/Vita3K/mc/ux0/user/00/savedata/PCSG00926/SlotParam_29.bin (target path: savedata0:/SlotParam_29.bin)
[16:46:28.784] |W| [io_error_impl]: open_file (sceAppUtilSaveDataSlotGetParam) returned 0x80010002
[16:46:28.832] |E| [open_file]: Missing file at D:/Emulateurs/Vita3K/mc/ux0/user/00/savedata/PCSG00926/SlotParam_30.bin (target path: savedata0:/SlotParam_30.bin)
[16:46:28.834] |W| [io_error_impl]: open_file (sceAppUtilSaveDataSlotGetParam) returned 0x80010002
[16:46:28.865] |E| [open_file]: Missing file at D:/Emulateurs/Vita3K/mc/ux0/user/00/savedata/PCSG00926/SlotParam_31.bin (target path: savedata0:/SlotParam_31.bin)
[16:46:28.866] |W| [io_error_impl]: open_file (sceAppUtilSaveDataSlotGetParam) returned 0x80010002
[16:46:28.900] |E| [open_file]: Missing file at D:/Emulateurs/Vita3K/mc/ux0/user/00/savedata/PCSG00926/SlotParam_32.bin (target path: savedata0:/SlotParam_32.bin)
[16:46:28.902] |W| [io_error_impl]: open_file (sceAppUtilSaveDataSlotGetParam) returned 0x80010002
[16:46:28.932] |E| [open_file]: Missing file at D:/Emulateurs/Vita3K/mc/ux0/user/00/savedata/PCSG00926/SlotParam_33.bin (target path: savedata0:/SlotParam_33.bin)
[16:46:28.933] |W| [io_error_impl]: open_file (sceAppUtilSaveDataSlotGetParam) returned 0x80010002
[16:46:28.968] |E| [open_file]: Missing file at D:/Emulateurs/Vita3K/mc/ux0/user/00/savedata/PCSG00926/SlotParam_34.bin (target path: savedata0:/SlotParam_34.bin)
[16:46:28.968] |E| [open_file]: Missing file at D:/Emulateurs/Vita3K/mc/ux0/user/00/savedata/PCSG00926/SlotParam_0.bin (target path: savedata0:/SlotParam_0.bin)
[16:46:28.969] |W| [io_error_impl]: open_file (sceAppUtilSaveDataSlotGetParam) returned 0x80010002
[16:46:28.970] |W| [io_error_impl]: open_file (sceAppUtilSaveDataSlotGetParam) returned 0x80010002
[16:46:29.017] |E| [open_file]: Missing file at D:/Emulateurs/Vita3K/mc/ux0/user/00/savedata/PCSG00926/SlotParam_35.bin (target path: savedata0:/SlotParam_35.bin)
[16:46:29.017] |E| [open_file]: Missing file at D:/Emulateurs/Vita3K/mc/ux0/user/00/savedata/PCSG00926/SlotParam_1.bin (target path: savedata0:/SlotParam_1.bin)
[16:46:29.019] |W| [io_error_impl]: open_file (sceAppUtilSaveDataSlotGetParam) returned 0x80010002
[16:46:29.019] |W| [io_error_impl]: open_file (sceAppUtilSaveDataSlotGetParam) returned 0x80010002
[16:46:29.049] |E| [open_file]: Missing file at D:/Emulateurs/Vita3K/mc/ux0/user/00/savedata/PCSG00926/SlotParam_36.bin (target path: savedata0:/SlotParam_36.bin)
[16:46:29.050] |W| [io_error_impl]: open_file (sceAppUtilSaveDataSlotGetParam) returned 0x80010002
[16:46:29.084] |E| [open_file]: Missing file at D:/Emulateurs/Vita3K/mc/ux0/user/00/savedata/PCSG00926/SlotParam_37.bin (target path: savedata0:/SlotParam_37.bin)
[16:46:29.085] |W| [io_error_impl]: open_file (sceAppUtilSaveDataSlotGetParam) returned 0x80010002
[16:46:29.110] |I| [float_to_half_init]: AVX+F16C instruction set supported. Use fast f32 to f16 conversion
[16:46:29.116] |E| [open_file]: Missing file at D:/Emulateurs/Vita3K/mc/ux0/user/00/savedata/PCSG00926/SlotParam_38.bin (target path: savedata0:/SlotParam_38.bin)
[16:46:29.116] |W| [io_error_impl]: open_file (sceAppUtilSaveDataSlotGetParam) returned 0x80010002
[16:46:29.133] |I| [renderer::gl::load_shader_generic]: Generating frag shader 9573fb052fe34a037122bd6ba3b9ca47e91f171d63350864e3a7ae7789afc3dc
[16:46:29.135] |D| [shader::create_parameters]: [DEFAULT  + 0] sa0 = (half4) colorTransform[4]
[16:46:29.135] |D| [shader::create_fragment_inputs]: Iterator: pa0 = (half4) v_Color0
[16:46:29.160] |E| [renderer::gl::compile_program]: Vertex info
-----------
0(25) : warning C7050: "internals[0].w" might be used before being initialized

Fragment info
-------------
0(22) : warning C7050: "pa[0].zw" might be used before being initialized


[16:46:29.164] |E| [open_file]: Missing file at D:/Emulateurs/Vita3K/mc/ux0/user/00/savedata/PCSG00926/SlotParam_39.bin (target path: savedata0:/SlotParam_39.bin)
[16:46:29.165] |W| [io_error_impl]: open_file (sceAppUtilSaveDataSlotGetParam) returned 0x80010002
[16:46:29.203] |E| [open_file]: Missing file at D:/Emulateurs/Vita3K/mc/ux0/user/00/savedata/PCSG00926/SlotParam_40.bin (target path: savedata0:/SlotParam_40.bin)
[16:46:29.204] |W| [io_error_impl]: open_file (sceAppUtilSaveDataSlotGetParam) returned 0x80010002
[16:46:29.234] |E| [open_file]: Missing file at D:/Emulateurs/Vita3K/mc/ux0/user/00/savedata/PCSG00926/SlotParam_41.bin (target path: savedata0:/SlotParam_41.bin)
[16:46:29.236] |W| [io_error_impl]: open_file (sceAppUtilSaveDataSlotGetParam) returned 0x80010002
[16:46:29.268] |E| [open_file]: Missing file at D:/Emulateurs/Vita3K/mc/ux0/user/00/savedata/PCSG00926/SlotParam_42.bin (target path: savedata0:/SlotParam_42.bin)
[16:46:29.269] |W| [io_error_impl]: open_file (sceAppUtilSaveDataSlotGetParam) returned 0x80010002
[16:46:29.301] |E| [open_file]: Missing file at D:/Emulateurs/Vita3K/mc/ux0/user/00/savedata/PCSG00926/SlotParam_43.bin (target path: savedata0:/SlotParam_43.bin)
[16:46:29.302] |W| [io_error_impl]: open_file (sceAppUtilSaveDataSlotGetParam) returned 0x80010002
[16:46:29.334] |E| [open_file]: Missing file at D:/Emulateurs/Vita3K/mc/ux0/user/00/savedata/PCSG00926/SlotParam_44.bin (target path: savedata0:/SlotParam_44.bin)
[16:46:29.335] |W| [io_error_impl]: open_file (sceAppUtilSaveDataSlotGetParam) returned 0x80010002
[16:46:29.382] |E| [open_file]: Missing file at D:/Emulateurs/Vita3K/mc/ux0/user/00/savedata/PCSG00926/SlotParam_45.bin (target path: savedata0:/SlotParam_45.bin)
[16:46:29.384] |W| [io_error_impl]: open_file (sceAppUtilSaveDataSlotGetParam) returned 0x80010002
[16:46:29.415] |E| [open_file]: Missing file at D:/Emulateurs/Vita3K/mc/ux0/user/00/savedata/PCSG00926/SlotParam_46.bin (target path: savedata0:/SlotParam_46.bin)
[16:46:29.417] |W| [io_error_impl]: open_file (sceAppUtilSaveDataSlotGetParam) returned 0x80010002
[16:46:29.449] |E| [open_file]: Missing file at D:/Emulateurs/Vita3K/mc/ux0/user/00/savedata/PCSG00926/SlotParam_47.bin (target path: savedata0:/SlotParam_47.bin)
[16:46:29.450] |W| [io_error_impl]: open_file (sceAppUtilSaveDataSlotGetParam) returned 0x80010002
[16:46:29.485] |E| [open_file]: Missing file at D:/Emulateurs/Vita3K/mc/ux0/user/00/savedata/PCSG00926/SlotParam_48.bin (target path: savedata0:/SlotParam_48.bin)
[16:46:29.486] |W| [io_error_impl]: open_file (sceAppUtilSaveDataSlotGetParam) returned 0x80010002
[16:46:29.518] |E| [open_file]: Missing file at D:/Emulateurs/Vita3K/mc/ux0/user/00/savedata/PCSG00926/SlotParam_49.bin (target path: savedata0:/SlotParam_49.bin)
[16:46:29.519] |W| [io_error_impl]: open_file (sceAppUtilSaveDataSlotGetParam) returned 0x80010002
[16:46:29.568] |E| [open_file]: Missing file at D:/Emulateurs/Vita3K/mc/ux0/user/00/savedata/PCSG00926/SlotParam_50.bin (target path: savedata0:/SlotParam_50.bin)
[16:46:29.570] |W| [io_error_impl]: open_file (sceAppUtilSaveDataSlotGetParam) returned 0x80010002
[16:46:29.601] |E| [open_file]: Missing file at D:/Emulateurs/Vita3K/mc/ux0/user/00/savedata/PCSG00926/SlotParam_51.bin (target path: savedata0:/SlotParam_51.bin)
[16:46:29.603] |W| [io_error_impl]: open_file (sceAppUtilSaveDataSlotGetParam) returned 0x80010002
[16:46:29.635] |E| [open_file]: Missing file at D:/Emulateurs/Vita3K/mc/ux0/user/00/savedata/PCSG00926/SlotParam_52.bin (target path: savedata0:/SlotParam_52.bin)
[16:46:29.636] |W| [io_error_impl]: open_file (sceAppUtilSaveDataSlotGetParam) returned 0x80010002
[16:46:29.668] |E| [open_file]: Missing file at D:/Emulateurs/Vita3K/mc/ux0/user/00/savedata/PCSG00926/SlotParam_53.bin (target path: savedata0:/SlotParam_53.bin)
[16:46:29.670] |W| [io_error_impl]: open_file (sceAppUtilSaveDataSlotGetParam) returned 0x80010002
[16:46:29.701] |E| [open_file]: Missing file at D:/Emulateurs/Vita3K/mc/ux0/user/00/savedata/PCSG00926/SlotParam_54.bin (target path: savedata0:/SlotParam_54.bin)
[16:46:29.703] |W| [io_error_impl]: open_file (sceAppUtilSaveDataSlotGetParam) returned 0x80010002
[16:46:29.751] |E| [open_file]: Missing file at D:/Emulateurs/Vita3K/mc/ux0/user/00/savedata/PCSG00926/SlotParam_55.bin (target path: savedata0:/SlotParam_55.bin)
[16:46:29.753] |W| [io_error_impl]: open_file (sceAppUtilSaveDataSlotGetParam) returned 0x80010002
[16:46:29.785] |E| [open_file]: Missing file at D:/Emulateurs/Vita3K/mc/ux0/user/00/savedata/PCSG00926/SlotParam_56.bin (target path: savedata0:/SlotParam_56.bin)
[16:46:29.786] |W| [io_error_impl]: open_file (sceAppUtilSaveDataSlotGetParam) returned 0x80010002
[16:46:29.818] |E| [open_file]: Missing file at D:/Emulateurs/Vita3K/mc/ux0/user/00/savedata/PCSG00926/SlotParam_57.bin (target path: savedata0:/SlotParam_57.bin)
[16:46:29.819] |W| [io_error_impl]: open_file (sceAppUtilSaveDataSlotGetParam) returned 0x80010002
[16:46:29.851] |E| [open_file]: Missing file at D:/Emulateurs/Vita3K/mc/ux0/user/00/savedata/PCSG00926/SlotParam_58.bin (target path: savedata0:/SlotParam_58.bin)
[16:46:29.852] |W| [io_error_impl]: open_file (sceAppUtilSaveDataSlotGetParam) returned 0x80010002
[16:46:29.885] |E| [open_file]: Missing file at D:/Emulateurs/Vita3K/mc/ux0/user/00/savedata/PCSG00926/SlotParam_59.bin (target path: savedata0:/SlotParam_59.bin)
[16:46:29.887] |W| [io_error_impl]: open_file (sceAppUtilSaveDataSlotGetParam) returned 0x80010002
[16:46:29.935] |E| [open_file]: Missing file at D:/Emulateurs/Vita3K/mc/ux0/user/00/savedata/PCSG00926/SlotParam_60.bin (target path: savedata0:/SlotParam_60.bin)
[16:46:29.938] |W| [io_error_impl]: open_file (sceAppUtilSaveDataSlotGetParam) returned 0x80010002
[16:46:29.968] |E| [open_file]: Missing file at D:/Emulateurs/Vita3K/mc/ux0/user/00/savedata/PCSG00926/SlotParam_61.bin (target path: savedata0:/SlotParam_61.bin)
[16:46:29.970] |W| [io_error_impl]: open_file (sceAppUtilSaveDataSlotGetParam) returned 0x80010002
[16:46:30.001] |E| [open_file]: Missing file at D:/Emulateurs/Vita3K/mc/ux0/user/00/savedata/PCSG00926/SlotParam_62.bin (target path: savedata0:/SlotParam_62.bin)
[16:46:30.003] |W| [io_error_impl]: open_file (sceAppUtilSaveDataSlotGetParam) returned 0x80010002
[16:46:30.035] |E| [open_file]: Missing file at D:/Emulateurs/Vita3K/mc/ux0/user/00/savedata/PCSG00926/SlotParam_63.bin (target path: savedata0:/SlotParam_63.bin)
[16:46:30.037] |W| [io_error_impl]: open_file (sceAppUtilSaveDataSlotGetParam) returned 0x80010002
[16:46:30.068] |E| [open_file]: Missing file at D:/Emulateurs/Vita3K/mc/ux0/user/00/savedata/PCSG00926/SlotParam_64.bin (target path: savedata0:/SlotParam_64.bin)
[16:46:30.069] |W| [io_error_impl]: open_file (sceAppUtilSaveDataSlotGetParam) returned 0x80010002
[16:46:30.118] |E| [open_file]: Missing file at D:/Emulateurs/Vita3K/mc/ux0/user/00/savedata/PCSG00926/SlotParam_65.bin (target path: savedata0:/SlotParam_65.bin)
[16:46:30.119] |W| [io_error_impl]: open_file (sceAppUtilSaveDataSlotGetParam) returned 0x80010002
[16:46:30.151] |E| [open_file]: Missing file at D:/Emulateurs/Vita3K/mc/ux0/user/00/savedata/PCSG00926/SlotParam_66.bin (target path: savedata0:/SlotParam_66.bin)
[16:46:30.152] |W| [io_error_impl]: open_file (sceAppUtilSaveDataSlotGetParam) returned 0x80010002
[16:46:30.185] |E| [open_file]: Missing file at D:/Emulateurs/Vita3K/mc/ux0/user/00/savedata/PCSG00926/SlotParam_67.bin (target path: savedata0:/SlotParam_67.bin)
[16:46:30.186] |W| [io_error_impl]: open_file (sceAppUtilSaveDataSlotGetParam) returned 0x80010002
[16:46:30.218] |E| [open_file]: Missing file at D:/Emulateurs/Vita3K/mc/ux0/user/00/savedata/PCSG00926/SlotParam_68.bin (target path: savedata0:/SlotParam_68.bin)
[16:46:30.219] |W| [io_error_impl]: open_file (sceAppUtilSaveDataSlotGetParam) returned 0x80010002
[16:46:30.251] |E| [open_file]: Missing file at D:/Emulateurs/Vita3K/mc/ux0/user/00/savedata/PCSG00926/SlotParam_69.bin (target path: savedata0:/SlotParam_69.bin)
[16:46:30.253] |W| [io_error_impl]: open_file (sceAppUtilSaveDataSlotGetParam) returned 0x80010002
[16:46:30.301] |E| [open_file]: Missing file at D:/Emulateurs/Vita3K/mc/ux0/user/00/savedata/PCSG00926/SlotParam_70.bin (target path: savedata0:/SlotParam_70.bin)
[16:46:30.302] |W| [io_error_impl]: open_file (sceAppUtilSaveDataSlotGetParam) returned 0x80010002
[16:46:30.335] |E| [open_file]: Missing file at D:/Emulateurs/Vita3K/mc/ux0/user/00/savedata/PCSG00926/SlotParam_71.bin (target path: savedata0:/SlotParam_71.bin)
[16:46:30.336] |W| [io_error_impl]: open_file (sceAppUtilSaveDataSlotGetParam) returned 0x80010002
[16:46:30.368] |E| [open_file]: Missing file at D:/Emulateurs/Vita3K/mc/ux0/user/00/savedata/PCSG00926/SlotParam_72.bin (target path: savedata0:/SlotParam_72.bin)
[16:46:30.369] |W| [io_error_impl]: open_file (sceAppUtilSaveDataSlotGetParam) returned 0x80010002
[16:46:30.402] |E| [open_file]: Missing file at D:/Emulateurs/Vita3K/mc/ux0/user/00/savedata/PCSG00926/SlotParam_73.bin (target path: savedata0:/SlotParam_73.bin)
[16:46:30.402] |W| [io_error_impl]: open_file (sceAppUtilSaveDataSlotGetParam) returned 0x80010002
[16:46:30.435] |E| [open_file]: Missing file at D:/Emulateurs/Vita3K/mc/ux0/user/00/savedata/PCSG00926/SlotParam_74.bin (target path: savedata0:/SlotParam_74.bin)
[16:46:30.436] |W| [io_error_impl]: open_file (sceAppUtilSaveDataSlotGetParam) returned 0x80010002
[16:46:30.485] |E| [open_file]: Missing file at D:/Emulateurs/Vita3K/mc/ux0/user/00/savedata/PCSG00926/SlotParam_75.bin (target path: savedata0:/SlotParam_75.bin)
[16:46:30.487] |W| [io_error_impl]: open_file (sceAppUtilSaveDataSlotGetParam) returned 0x80010002
[16:46:30.518] |E| [open_file]: Missing file at D:/Emulateurs/Vita3K/mc/ux0/user/00/savedata/PCSG00926/SlotParam_76.bin (target path: savedata0:/SlotParam_76.bin)
[16:46:30.520] |W| [io_error_impl]: open_file (sceAppUtilSaveDataSlotGetParam) returned 0x80010002
[16:46:30.551] |E| [open_file]: Missing file at D:/Emulateurs/Vita3K/mc/ux0/user/00/savedata/PCSG00926/SlotParam_77.bin (target path: savedata0:/SlotParam_77.bin)
[16:46:30.553] |W| [io_error_impl]: open_file (sceAppUtilSaveDataSlotGetParam) returned 0x80010002
[16:46:30.585] |E| [open_file]: Missing file at D:/Emulateurs/Vita3K/mc/ux0/user/00/savedata/PCSG00926/SlotParam_78.bin (target path: savedata0:/SlotParam_78.bin)
[16:46:30.587] |W| [io_error_impl]: open_file (sceAppUtilSaveDataSlotGetParam) returned 0x80010002
[16:46:30.618] |E| [open_file]: Missing file at D:/Emulateurs/Vita3K/mc/ux0/user/00/savedata/PCSG00926/SlotParam_79.bin (target path: savedata0:/SlotParam_79.bin)
[16:46:30.619] |W| [io_error_impl]: open_file (sceAppUtilSaveDataSlotGetParam) returned 0x80010002
[16:46:30.668] |E| [open_file]: Missing file at D:/Emulateurs/Vita3K/mc/ux0/user/00/savedata/PCSG00926/SlotParam_80.bin (target path: savedata0:/SlotParam_80.bin)
[16:46:30.670] |W| [io_error_impl]: open_file (sceAppUtilSaveDataSlotGetParam) returned 0x80010002
[16:46:30.701] |E| [open_file]: Missing file at D:/Emulateurs/Vita3K/mc/ux0/user/00/savedata/PCSG00926/SlotParam_81.bin (target path: savedata0:/SlotParam_81.bin)
[16:46:30.703] |W| [io_error_impl]: open_file (sceAppUtilSaveDataSlotGetParam) returned 0x80010002
[16:46:30.735] |E| [open_file]: Missing file at D:/Emulateurs/Vita3K/mc/ux0/user/00/savedata/PCSG00926/SlotParam_82.bin (target path: savedata0:/SlotParam_82.bin)
[16:46:30.736] |W| [io_error_impl]: open_file (sceAppUtilSaveDataSlotGetParam) returned 0x80010002
[16:46:30.768] |E| [open_file]: Missing file at D:/Emulateurs/Vita3K/mc/ux0/user/00/savedata/PCSG00926/SlotParam_83.bin (target path: savedata0:/SlotParam_83.bin)
[16:46:30.769] |W| [io_error_impl]: open_file (sceAppUtilSaveDataSlotGetParam) returned 0x80010002
[16:46:30.801] |E| [open_file]: Missing file at D:/Emulateurs/Vita3K/mc/ux0/user/00/savedata/PCSG00926/SlotParam_84.bin (target path: savedata0:/SlotParam_84.bin)
[16:46:30.803] |W| [io_error_impl]: open_file (sceAppUtilSaveDataSlotGetParam) returned 0x80010002
[16:46:30.851] |E| [open_file]: Missing file at D:/Emulateurs/Vita3K/mc/ux0/user/00/savedata/PCSG00926/SlotParam_85.bin (target path: savedata0:/SlotParam_85.bin)
[16:46:30.853] |W| [io_error_impl]: open_file (sceAppUtilSaveDataSlotGetParam) returned 0x80010002
[16:46:30.885] |E| [open_file]: Missing file at D:/Emulateurs/Vita3K/mc/ux0/user/00/savedata/PCSG00926/SlotParam_86.bin (target path: savedata0:/SlotParam_86.bin)
[16:46:30.885] |W| [io_error_impl]: open_file (sceAppUtilSaveDataSlotGetParam) returned 0x80010002
[16:46:30.918] |E| [open_file]: Missing file at D:/Emulateurs/Vita3K/mc/ux0/user/00/savedata/PCSG00926/SlotParam_87.bin (target path: savedata0:/SlotParam_87.bin)
[16:46:30.919] |W| [io_error_impl]: open_file (sceAppUtilSaveDataSlotGetParam) returned 0x80010002
[16:46:30.951] |E| [open_file]: Missing file at D:/Emulateurs/Vita3K/mc/ux0/user/00/savedata/PCSG00926/SlotParam_88.bin (target path: savedata0:/SlotParam_88.bin)
[16:46:30.953] |W| [io_error_impl]: open_file (sceAppUtilSaveDataSlotGetParam) returned 0x80010002
[16:46:30.985] |E| [open_file]: Missing file at D:/Emulateurs/Vita3K/mc/ux0/user/00/savedata/PCSG00926/SlotParam_89.bin (target path: savedata0:/SlotParam_89.bin)
[16:46:30.986] |W| [io_error_impl]: open_file (sceAppUtilSaveDataSlotGetParam) returned 0x80010002
[16:46:31.035] |E| [open_file]: Missing file at D:/Emulateurs/Vita3K/mc/ux0/user/00/savedata/PCSG00926/SlotParam_90.bin (target path: savedata0:/SlotParam_90.bin)
[16:46:31.036] |W| [io_error_impl]: open_file (sceAppUtilSaveDataSlotGetParam) returned 0x80010002
[16:46:31.068] |E| [open_file]: Missing file at D:/Emulateurs/Vita3K/mc/ux0/user/00/savedata/PCSG00926/SlotParam_91.bin (target path: savedata0:/SlotParam_91.bin)
[16:46:31.069] |W| [io_error_impl]: open_file (sceAppUtilSaveDataSlotGetParam) returned 0x80010002
[16:46:31.101] |E| [open_file]: Missing file at D:/Emulateurs/Vita3K/mc/ux0/user/00/savedata/PCSG00926/SlotParam_92.bin (target path: savedata0:/SlotParam_92.bin)
[16:46:31.103] |W| [io_error_impl]: open_file (sceAppUtilSaveDataSlotGetParam) returned 0x80010002
[16:46:31.135] |E| [open_file]: Missing file at D:/Emulateurs/Vita3K/mc/ux0/user/00/savedata/PCSG00926/SlotParam_93.bin (target path: savedata0:/SlotParam_93.bin)
[16:46:31.137] |W| [io_error_impl]: open_file (sceAppUtilSaveDataSlotGetParam) returned 0x80010002
[16:46:31.168] |E| [open_file]: Missing file at D:/Emulateurs/Vita3K/mc/ux0/user/00/savedata/PCSG00926/SlotParam_94.bin (target path: savedata0:/SlotParam_94.bin)
[16:46:31.170] |W| [io_error_impl]: open_file (sceAppUtilSaveDataSlotGetParam) returned 0x80010002
[16:46:31.218] |E| [open_file]: Missing file at D:/Emulateurs/Vita3K/mc/ux0/user/00/savedata/PCSG00926/SlotParam_95.bin (target path: savedata0:/SlotParam_95.bin)
[16:46:31.220] |W| [io_error_impl]: open_file (sceAppUtilSaveDataSlotGetParam) returned 0x80010002
[16:46:31.251] |E| [open_file]: Missing file at D:/Emulateurs/Vita3K/mc/ux0/user/00/savedata/PCSG00926/SlotParam_96.bin (target path: savedata0:/SlotParam_96.bin)
[16:46:31.253] |W| [io_error_impl]: open_file (sceAppUtilSaveDataSlotGetParam) returned 0x80010002
[16:46:31.285] |E| [open_file]: Missing file at D:/Emulateurs/Vita3K/mc/ux0/user/00/savedata/PCSG00926/SlotParam_97.bin (target path: savedata0:/SlotParam_97.bin)
[16:46:31.286] |W| [io_error_impl]: open_file (sceAppUtilSaveDataSlotGetParam) returned 0x80010002
[16:46:31.318] |E| [open_file]: Missing file at D:/Emulateurs/Vita3K/mc/ux0/user/00/savedata/PCSG00926/SlotParam_98.bin (target path: savedata0:/SlotParam_98.bin)
[16:46:31.320] |W| [io_error_impl]: open_file (sceAppUtilSaveDataSlotGetParam) returned 0x80010002
[16:46:31.351] |E| [open_file]: Missing file at D:/Emulateurs/Vita3K/mc/ux0/user/00/savedata/PCSG00926/SlotParam_99.bin (target path: savedata0:/SlotParam_99.bin)
[16:46:31.352] |W| [io_error_impl]: open_file (sceAppUtilSaveDataSlotGetParam) returned 0x80010002
[16:46:31.401] |E| [open_file]: Missing file at D:/Emulateurs/Vita3K/mc/ux0/user/00/savedata/PCSG00926/SlotParam_100.bin (target path: savedata0:/SlotParam_100.bin)
[16:46:31.403] |W| [io_error_impl]: open_file (sceAppUtilSaveDataSlotGetParam) returned 0x80010002
[16:46:31.435] |E| [open_file]: Missing file at D:/Emulateurs/Vita3K/mc/ux0/user/00/savedata/PCSG00926/SlotParam_101.bin (target path: savedata0:/SlotParam_101.bin)
[16:46:31.436] |W| [io_error_impl]: open_file (sceAppUtilSaveDataSlotGetParam) returned 0x80010002
[16:46:31.468] |E| [open_file]: Missing file at D:/Emulateurs/Vita3K/mc/ux0/user/00/savedata/PCSG00926/SlotParam_102.bin (target path: savedata0:/SlotParam_102.bin)
[16:46:31.470] |W| [io_error_impl]: open_file (sceAppUtilSaveDataSlotGetParam) returned 0x80010002
[16:46:31.501] |E| [open_file]: Missing file at D:/Emulateurs/Vita3K/mc/ux0/user/00/savedata/PCSG00926/SlotParam_103.bin (target path: savedata0:/SlotParam_103.bin)
[16:46:31.502] |W| [io_error_impl]: open_file (sceAppUtilSaveDataSlotGetParam) returned 0x80010002
[16:46:31.536] |E| [open_file]: Missing file at D:/Emulateurs/Vita3K/mc/ux0/user/00/savedata/PCSG00926/SlotParam_104.bin (target path: savedata0:/SlotParam_104.bin)
[16:46:31.538] |W| [io_error_impl]: open_file (sceAppUtilSaveDataSlotGetParam) returned 0x80010002
[16:46:31.585] |E| [open_file]: Missing file at D:/Emulateurs/Vita3K/mc/ux0/user/00/savedata/PCSG00926/SlotParam_105.bin (target path: savedata0:/SlotParam_105.bin)
[16:46:31.587] |W| [io_error_impl]: open_file (sceAppUtilSaveDataSlotGetParam) returned 0x80010002
[16:46:31.618] |E| [open_file]: Missing file at D:/Emulateurs/Vita3K/mc/ux0/user/00/savedata/PCSG00926/SlotParam_106.bin (target path: savedata0:/SlotParam_106.bin)
[16:46:31.620] |W| [io_error_impl]: open_file (sceAppUtilSaveDataSlotGetParam) returned 0x80010002
[16:46:31.651] |E| [open_file]: Missing file at D:/Emulateurs/Vita3K/mc/ux0/user/00/savedata/PCSG00926/SlotParam_107.bin (target path: savedata0:/SlotParam_107.bin)
[16:46:31.653] |W| [io_error_impl]: open_file (sceAppUtilSaveDataSlotGetParam) returned 0x80010002
[16:46:31.685] |E| [open_file]: Missing file at D:/Emulateurs/Vita3K/mc/ux0/user/00/savedata/PCSG00926/SlotParam_108.bin (target path: savedata0:/SlotParam_108.bin)
[16:46:31.687] |W| [io_error_impl]: open_file (sceAppUtilSaveDataSlotGetParam) returned 0x80010002
[16:46:35.101] |I| [export_sceIoOpen]: Opening file: savedata0:/000.dat
[16:46:35.151] |E| [open_file]: Missing file at D