[06:31:57.977] |I| [load_app_impl]: cpu-backend: Dynarmic
[06:31:57.978] |I| [load_app_impl]: CPU Optimisation state: true
[06:31:57.978] |I| [load_app_impl]: at9 audio decoder state: true
[06:31:57.978] |I| [load_app_impl]: ngs experimental state: true
[06:31:57.978] |I| [load_app_impl]: video player state: true
[06:31:57.978] |I| [load_app_impl]: lle-modules: libpgf,libSceXml,libsas,liblocation,libhandwriting,libSceJson,librudp
[06:31:57.978] |I| [load_app_impl]: Title: 実況パワフルプロ野球サクセススペシャル
[06:31:57.978] |I| [load_app_impl]: Serial: PCSG00691
[06:31:57.979] |I| [load_app_impl]: Version: 1.00
[06:31:57.979] |I| [load_app_impl]: Category: gd
[06:31:58.019] |C| [load_self]: Unknown segment type 0x6FFFFF01
[06:31:58.020] |I| [load_self]: Loaded module segment 0 @ [0x00007000 - 0x000588A4 / 0x81000000] (size: 0x000518A4) of module ux0:app\PCSG00691\sce_module\libc.suprx
[06:31:58.020] |I| [load_self]: Loaded module segment 1 @ [0x00059000 - 0x0005B8A0 / 0x81052000] (size: 0x000028A0) of module ux0:app\PCSG00691\sce_module\libc.suprx
[06:31:58.020] |I| [load_self]: Loading symbols for SELF: ux0:app\PCSG00691\sce_module\libc.suprx
[06:31:58.020] |D| [load_var_exports]: 	NID 0x936C8A78 (SYSLYB) at 0x4E314
[06:31:58.021] |D| [load_var_exports]: 	NID 0x6C2224BA (NID_MODULE_INFO) at 0x434DC
[06:31:58.021] |W| [load_var_imports]: 	NID NOT FOUND 0x93B8AA67 (UNRECOGNISED) at 0x4763C, setting to stub value 0xDEADBEEF
[06:31:58.021] |W| [load_var_imports]: 	NID NOT FOUND 0xDF084DFA (UNRECOGNISED) at 0x491D0, setting to stub value 0xDEADBEEF
[06:31:58.022] |I| [pre_load_module]: Pre-load module SceLibc (at "app\PCSG00691\sce_module\libc.suprx") loaded
[06:31:58.034] |C| [load_self]: Unknown segment type 0x6FFFFF01
[06:31:58.034] |I| [load_self]: Loaded module segment 0 @ [0x0005E000 - 0x0008ACBF / 0x81000000] (size: 0x0002CCBF) of module ux0:app\PCSG00691\sce_module\libfios2.suprx
[06:31:58.034] |I| [load_self]: Loaded module segment 1 @ [0x0008B000 - 0x00090255 / 0x8102D000] (size: 0x00005255) of module ux0:app\PCSG00691\sce_module\libfios2.suprx
[06:31:58.034] |I| [load_self]: Loading symbols for SELF: ux0:app\PCSG00691\sce_module\libfios2.suprx
[06:31:58.034] |D| [load_var_exports]: 	NID 0x936C8A78 (SYSLYB) at 0x8ABC8
[06:31:58.034] |D| [load_var_exports]: 	NID 0x6C2224BA (NID_MODULE_INFO) at 0x81F08
[06:31:58.034] |I| [pre_load_module]: Pre-load module SceLibFios2 (at "app\PCSG00691\sce_module\libfios2.suprx") loaded
[06:31:58.046] |C| [load_self]: Unknown segment type 0x6FFFFF01
[06:31:58.047] |I| [load_self]: Loaded module segment 0 @ [0x00091000 - 0x000A49BC / 0x81000000] (size: 0x000139BC) of module ux0:app\PCSG00691\sce_module\libult.suprx
[06:31:58.047] |I| [load_self]: Loaded module segment 1 @ [0x000A5000 - 0x000A5814 / 0x81014000] (size: 0x00000814) of module ux0:app\PCSG00691\sce_module\libult.suprx
[06:31:58.047] |I| [load_self]: Loading symbols for SELF: ux0:app\PCSG00691\sce_module\libult.suprx
[06:31:58.047] |D| [load_var_exports]: 	NID 0x936C8A78 (SYSLYB) at 0xA32E8
[06:31:58.047] |D| [load_var_exports]: 	NID 0x6C2224BA (NID_MODULE_INFO) at 0xA0870
[06:31:58.047] |I| [pre_load_module]: Pre-load module SceUlt (at "app\PCSG00691\sce_module\libult.suprx") loaded
[06:31:58.055] |I| [load_self]: Loaded module segment 0 @ [0x000A6000 - 0x000F6F04 / 0x81000000] (size: 0x00050F04) of module vs0:sys/external/libSceFt2.suprx
[06:31:58.055] |I| [load_self]: Loaded module segment 1 @ [0x000F7000 - 0x000F72F4 / 0x81051000] (size: 0x000002F4) of module vs0:sys/external/libSceFt2.suprx
[06:31:58.056] |I| [load_self]: Loading symbols for SELF: vs0:sys/external/libSceFt2.suprx
[06:31:58.056] |D| [load_var_exports]: 	NID 0x936C8A78 (SYSLYB) at 0xE27DC
[06:31:58.056] |D| [load_var_exports]: 	NID 0x6C2224BA (NID_MODULE_INFO) at 0xE1F10
[06:31:58.056] |I| [pre_load_module]: Pre-load module SceLibft2 (at "sys/external/libSceFt2.suprx") loaded
[06:31:58.059] |I| [load_self]: Loaded module segment 0 @ [0x000F8000 - 0x00107F14 / 0x81000000] (size: 0x0000FF14) of module vs0:sys/external/libpvf.suprx
[06:31:58.059] |I| [load_self]: Loaded module segment 1 @ [0x00108000 - 0x00108008 / 0x81010000] (size: 0x00000008) of module vs0:sys/external/libpvf.suprx
[06:31:58.059] |I| [load_self]: Loading symbols for SELF: vs0:sys/external/libpvf.suprx
[06:31:58.059] |D| [load_var_exports]: 	NID 0x936C8A78 (SYSLYB) at 0x106710
[06:31:58.059] |D| [load_var_exports]: 	NID 0x6C2224BA (NID_MODULE_INFO) at 0x106300
[06:31:58.060] |I| [pre_load_module]: Pre-load module SceLibPvf (at "sys/external/libpvf.suprx") loaded
[06:31:58.463] |C| [load_self]: Unknown segment type 0x6FFFFF01
[06:31:58.464] |I| [load_self]: Loaded module segment 0 @ [0x00109000 - 0x00A0EBD8 / 0x81000000] (size: 0x00905BD8) of module app0:eboot.bin
[06:31:58.464] |I| [load_self]: Loaded module segment 1 @ [0x00A0F000 - 0x0329E9AD / 0x81906000] (size: 0x0288F9AD) of module app0:eboot.bin
[06:31:58.464] |I| [load_self]: Loading symbols for SELF: app0:eboot.bin
[06:31:58.464] |D| [load_var_exports]: 	NID 0x6C2224BA (NID_MODULE_INFO) at 0x820518
[06:31:58.464] |D| [load_var_exports]: 	NID 0x70FBA1E7 (SCE_PROC_PARAMS) at 0xF45060
[06:31:58.464] |D| [load_var_exports]: 	NID 0x936C8A78 (SYSLYB) at 0x999384
[06:31:58.465] |I| [load_app_impl]: Main executable PawaproPSN2015_vita (eboot.bin) loaded
[06:31:58.475] |D| [run_app]: Running module_start of library: SceLibc at address 0x7871
[06:31:58.496] |I| [run_app]: Module SceLibc (at "ux0:app\PCSG00691\sce_module\libc.suprx") module_start returned 0x0
[06:31:58.500] |D| [run_app]: Running module_start of library: SceLibFios2 at address 0x5E001
[06:31:58.507] |W| [stubbed_impl]: Stubbed sceKernelGetProcessId import called. (pid: 0)
[06:31:58.508] |D| [export_sceFiosOverlayGetList02]: maxIDs: 127
[06:31:58.508] |W| [unimplemented_impl]: Unimplemented sceFiosOverlayGetList02 import called.
[06:31:58.508] |I| [run_app]: Module SceLibFios2 (at "ux0:app\PCSG00691\sce_module\libfios2.suprx") module_start returned 0x0
[06:31:58.512] |D| [run_app]: Running module_start of library: SceUlt at address 0x94771
[06:31:58.519] |W| [unimplemented_impl]: Unimplemented _sceUlobjMgrRegisterLibultProtocolRevision import called.
[06:31:58.519] |I| [run_app]: Module SceUlt (at "ux0:app\PCSG00691\sce_module\libult.suprx") module_start returned 0x0
[06:31:59.647] |W| [unimplemented_impl]: Unimplemented sceAppUtilInit import called.
[06:31:59.663] |W| [stubbed_impl]: Stubbed sceKernelGetThreadInfo import called. (STUB)
[06:31:59.681] |E| [call_import]: Import function for NID 0xD7F0F610 not found (thread name: PCSG00691, thread ID: 8)
[06:31:59.683] |W| [stubbed_impl]: Stubbed _sceKernelWaitSignal import called. (sceKernelWaitSignal)
[06:31:59.692] |W| [stubbed_impl]: Stubbed sceGxmMapMemory import called. (always return success)
[06:31:59.695] |W| [stubbed_impl]: Stubbed sceGxmMapFragmentUsseMemory import called. (always return success)
[06:31:59.727] |W| [stubbed_impl]: Stubbed sceGxmMapVertexUsseMemory import called. (always return success)
[06:31:59.760] |W| [unimplemented_impl]: Unimplemented sceGxmDepthStencilSurfaceSetForceLoadMode import called.
[06:31:59.760] |W| [unimplemented_impl]: Unimplemented sceGxmDepthStencilSurfaceSetForceStoreMode import called.
[06:31:59.761] |W| [stubbed_impl]: Stubbed sceDisplayWaitSetFrameBuf import called. (move after setframebuf)
[06:31:59.776] |W| [stubbed_impl]: Stubbed sceGxmGetRenderTargetMemSize import called. (2MB host mem)
[06:31:59.843] |E| [logging::ret_error_impl]: sceKernelTryLockLwMutex returned SCE_KERNEL_ERROR_LW_MUTEX_FAILED_TO_OWN (0x80028185)
[06:31:59.857] |I| [export_sceIoOpen]: Opening file: app0:/cdvdroot/RES00.RDI
[06:31:59.956] |I| [export_sceIoOpen]: Opening file: app0:/cdvdroot/RES00.RDB
[06:31:59.984] |W| [stubbed_impl]: Stubbed sceKernelSendSignal import called. (sceKernelSendSignal)
[06:31:59.987] |E| [open_dir]: Directory does not exist at: D:/Emulateurs/Vita3K/mc/ux0/app/PCSG00691/exdata/ (target path: app0:exdata)
[06:31:59.987] |W| [io_error_impl]: open_dir (_sceIoDopen) returned 0x80010002
[06:31:59.99