[12:07:42.250] |I| [load_app_impl]: cpu-backend: Dynarmic
[12:07:42.250] |I| [load_app_impl]: CPU Optimisation state: true
[12:07:42.251] |I| [load_app_impl]: at9 audio decoder state: true
[12:07:42.251] |I| [load_app_impl]: ngs experimental state: true
[12:07:42.251] |I| [load_app_impl]: video player state: true
[12:07:42.252] |I| [load_app_impl]: lle-modules: libpgf,libSceXml,libsas,liblocation,libhandwriting,libSceJson,librudp
[12:07:42.253] |I| [load_app_impl]: Title: Clover Day's ～Making for Happiness.～
[12:07:42.253] |I| [load_app_impl]: Serial: PCSG00716
[12:07:42.254] |I| [load_app_impl]: Version: 1.00
[12:07:42.255] |I| [load_app_impl]: Category: gd
[12:07:42.296] |C| [load_self]: Unknown segment type 0x6FFFFF01
[12:07:42.296] |I| [load_self]: Loaded module segment 0 @ [0x00007000 - 0x000588A4 / 0x81000000] (size: 0x000518A4) of module ux0:app\PCSG00716\sce_module\libc.suprx
[12:07:42.297] |I| [load_self]: Loaded module segment 1 @ [0x00059000 - 0x0005B8A0 / 0x81052000] (size: 0x000028A0) of module ux0:app\PCSG00716\sce_module\libc.suprx
[12:07:42.298] |I| [load_self]: Loading symbols for SELF: ux0:app\PCSG00716\sce_module\libc.suprx
[12:07:42.299] |D| [load_var_exports]: 	NID 0x936C8A78 (SYSLYB) at 0x4E314
[12:07:42.299] |D| [load_var_exports]: 	NID 0x6C2224BA (NID_MODULE_INFO) at 0x434DC
[12:07:42.299] |W| [load_var_imports]: 	NID NOT FOUND 0x93B8AA67 (UNRECOGNISED) at 0x4763C, setting to stub value 0xDEADBEEF
[12:07:42.301] |W| [load_var_imports]: 	NID NOT FOUND 0xDF084DFA (UNRECOGNISED) at 0x491D0, setting to stub value 0xDEADBEEF
[12:07:42.302] |I| [pre_load_module]: Pre-load module SceLibc (at "app\PCSG00716\sce_module\libc.suprx") loaded
[12:07:42.317] |C| [load_self]: Unknown segment type 0x6FFFFF01
[12:07:42.317] |I| [load_self]: Loaded module segment 0 @ [0x0005E000 - 0x00077000 / 0x81000000] (size: 0x00019000) of module ux0:app\PCSG00716\sce_module\libface.suprx
[12:07:42.318] |I| [load_self]: Loaded module segment 1 @ [0x00077000 - 0x000770F8 / 0x81019000] (size: 0x000000F8) of module ux0:app\PCSG00716\sce_module\libface.suprx
[12:07:42.320] |I| [load_self]: Loading symbols for SELF: ux0:app\PCSG00716\sce_module\libface.suprx
[12:07:42.320] |D| [load_var_exports]: 	NID 0x6C2224BA (NID_MODULE_INFO) at 0x73DA4
[12:07:42.320] |D| [load_var_exports]: 	NID 0x936C8A78 (SYSLYB) at 0x76784
[12:07:42.321] |I| [pre_load_module]: Pre-load module SceFace (at "app\PCSG00716\sce_module\libface.suprx") loaded
[12:07:42.339] |C| [load_self]: Unknown segment type 0x6FFFFF01
[12:07:42.340] |I| [load_self]: Loaded module segment 0 @ [0x00078000 - 0x000A4CBF / 0x81000000] (size: 0x0002CCBF) of module ux0:app\PCSG00716\sce_module\libfios2.suprx
[12:07:42.340] |I| [load_self]: Loaded module segment 1 @ [0x000A5000 - 0x000AA255 / 0x8102D000] (size: 0x00005255) of module ux0:app\PCSG00716\sce_module\libfios2.suprx
[12:07:42.341] |I| [load_self]: Loading symbols for SELF: ux0:app\PCSG00716\sce_module\libfios2.suprx
[12:07:42.342] |D| [load_var_exports]: 	NID 0x936C8A78 (SYSLYB) at 0xA4BC8
[12:07:42.342] |D| [load_var_exports]: 	NID 0x6C2224BA (NID_MODULE_INFO) at 0x9BF08
[12:07:42.343] |I| [pre_load_module]: Pre-load module SceLibFios2 (at "app\PCSG00716\sce_module\libfios2.suprx") loaded
[12:07:42.398] |C| [load_self]: Unknown segment type 0x6FFFFF01
[12:07:42.399] |I| [load_self]: Loaded module segment 0 @ [0x000AB000 - 0x002B8AF4 / 0x81000000] (size: 0x0020DAF4) of module ux0:app\PCSG00716\sce_module\libsmart.suprx
[12:07:42.400] |I| [load_self]: Loaded module segment 1 @ [0x002B9000 - 0x002BC444 / 0x8120E000] (size: 0x00003444) of module ux0:app\PCSG00716\sce_module\libsmart.suprx
[12:07:42.400] |I| [load_self]: Loading symbols for SELF: ux0:app\PCSG00716\sce_module\libsmart.suprx
[12:07:42.401] |D| [load_var_exports]: 	NID 0x6C2224BA (NID_MODULE_INFO) at 0x156528
[12:07:42.401] |D| [load_var_exports]: 	NID 0x936C8A78 (SYSLYB) at 0x15D90C
[12:07:42.402] |I| [pre_load_module]: Pre-load module SceSmart (at "app\PCSG00716\sce_module\libsmart.suprx") loaded
[12:07:42.411] |C| [load_self]: Unknown segment type 0x6FFFFF01
[12:07:42.411] |I| [load_self]: Loaded module segment 0 @ [0x002BD000 - 0x002D09BC / 0x81000000] (size: 0x000139BC) of module ux0:app\PCSG00716\sce_module\libult.suprx
[12:07:42.412] |I| [load_self]: Loaded module segment 1 @ [0x002D1000 - 0x002D1814 / 0x81014000] (size: 0x00000814) of module ux0:app\PCSG00716\sce_module\libult.suprx
[12:07:42.413] |I| [load_self]: Loading symbols for SELF: ux0:app\PCSG00716\sce_module\libult.suprx
[12:07:42.413] |D| [load_var_exports]: 	NID 0x936C8A78 (SYSLYB) at 0x2CF2E8
[12:07:42.414] |D| [load_var_exports]: 	NID 0x6C2224BA (NID_MODULE_INFO) at 0x2CC870
[12:07:42.415] |I| [pre_load_module]: Pre-load module SceUlt (at "app\PCSG00716\sce_module\libult.suprx") loaded
[12:07:42.423] |I| [load_self]: Loaded module segment 0 @ [0x002D2000 - 0x00322F04 / 0x81000000] (size: 0x00050F04) of module vs0:sys/external/libSceFt2.suprx
[12:07:42.423] |I| [load_self]: Loaded module segment 1 @ [0x00323000 - 0x003232F4 / 0x81051000] (size: 0x000002F4) of module vs0:sys/external/libSceFt2.suprx
[12:07:42.424] |I| [load_self]: Loading symbols for SELF: vs0:sys/external/libSceFt2.suprx
[12:07:42.425] |D| [load_var_exports]: 	NID 0x936C8A78 (SYSLYB) at 0x30E7DC
[12:07:42.425] |D| [load_var_exports]: 	NID 0x6C2224BA (NID_MODULE_INFO) at 0x30DF10
[12:07:42.426] |I| [pre_load_module]: Pre-load module SceLibft2 (at "sys/external/libSceFt2.suprx") loaded
[12:07:42.429] |I| [load_self]: Loaded module segment 0 @ [0x00324000 - 0x00333F14 / 0x81000000] (size: 0x0000FF14) of module vs0:sys/external/libpvf.suprx
[12:07:42.430] |I| [load_self]: Loaded module segment 1 @ [0x00334000 - 0x00334008 / 0x81010000] (size: 0x00000008) of module vs0:sys/external/libpvf.suprx
[12:07:42.430] |I| [load_self]: Loading symbols for SELF: vs0:sys/external/libpvf.suprx
[12:07:42.431] |D| [load_var_exports]: 	NID 0x936C8A78 (SYSLYB) at 0x332710
[12:07:42.431] |D| [load_var_exports]: 	NID 0x6C2224BA (NID_MODULE_INFO) at 0x332300
[12:07:42.432] |I| [pre_load_module]: Pre-load module SceLibPvf (at "sys/external/libpvf.suprx") loaded
[12:07:42.477] |C| [load_self]: Unknown segment type 0x6FFFFF01
[12:07:42.477] |I| [load_self]: Loaded module segment 0 @ [0x00335000 - 0x004A413B / 0x81000000] (size: 0x0016F13B) of module app0:eboot.bin
[12:07:42.478] |I| [load_self]: Loaded module segment 1 @ [0x004A5000 - 0x00514F68 / 0x81170000] (size: 0x0006FF68) of module app0:eboot.bin
[12:07:42.479] |I| [load_self]: Loading symbols for SELF: app0:eboot.bin
[12:07:42.479] |D| [load_var_exports]: 	NID 0x6C2224BA (NID_MODULE_INFO) at 0x455484
[12:07:42.480] |D| [load_var_exports]: 	NID 0x70FBA1E7 (SCE_PROC_PARAMS) at 0x4CB5F0
[12:07:42.480] |D| [load_var_exports]: 	NID 0x936C8A78 (SYSLYB) at 0x47C354
[12:07:42.481] |I| [load_app_impl]: Main executable Clover (eboot.bin) loaded
[12:07:42.490] |D| [run_app]: Running module_start of library: SceLibc at address 0x7871
[12:07:42.555] |I| [run_app]: Module SceLibc (at "ux0:app\PCSG00716\sce_module\libc.suprx") module_start returned 0x0
[12:07:42.559] |D| [run_app]: Running module_start of library: SceFace at address 0x73265
[12:07:42.568] |I| [run_app]: Module SceFace (at "ux0:app\PCSG00716\sce_module\libface.suprx") module_start returned 0x0
[12:07:42.572] |D| [run_app]: Running module_start of library: SceLibFios2 at address 0x78001
[12:07:42.580] |W| [stubbed_impl]: Stubbed sceKernelGetProcessId import called. (pid: 0)
[12:07:42.581] |D| [export_sceFiosOverlayGetList02]: maxIDs: 127
[12:07:42.581] |W| [unimplemented_impl]: Unimplemented sceFiosOverlayGetList02 import called.
[12:07:42.582] |I| [run_app]: Module SceLibFios2 (at "ux0:app\PCSG00716\sce_module\libfios2.suprx") module_start returned 0x0
[12:07:42.587] |D| [run_app]: Running module_start of library: SceSmart at address 0xAB18D
[12:07:42.597] |I| [run_app]: Module SceSmart (at "ux0:app\PCSG00716\sce_module\libsmart.suprx") module_start returned 0x0
[12:07:42.602] |D| [run_app]: Running module_start of library: SceUlt at address 0x2C0771
[12:07:42.609] |W| [unimplemente