[20:14:27.248] |I| [load_app_impl]: cpu-backend: Dynarmic
[20:14:27.248] |I| [load_app_impl]: CPU Optimisation state: true
[20:14:27.248] |I| [load_app_impl]: at9 audio decoder state: true
[20:14:27.248] |I| [load_app_impl]: ngs experimental state: true
[20:14:27.248] |I| [load_app_impl]: video player state: true
[20:14:27.248] |I| [load_app_impl]: lle-modules: libpgf,libSceXml,libsas,liblocation,libhandwriting,libSceJson,librudp
[20:14:27.248] |I| [load_app_impl]: Title: セヴンデイズ あなたとすごす七日間
[20:14:27.249] |I| [load_app_impl]: Serial: PCSG01210
[20:14:27.249] |I| [load_app_impl]: Version: 1.00
[20:14:27.249] |I| [load_app_impl]: Category: gd
[20:14:27.295] |C| [load_self]: Unknown segment type 0x6FFFFF01
[20:14:27.295] |I| [load_self]: Loaded module segment 0 @ [0x00007000 - 0x0005891C / 0x81000000] (size: 0x0005191C) of module ux0:app\PCSG01210\sce_module\libc.suprx
[20:14:27.296] |I| [load_self]: Loaded module segment 1 @ [0x00059000 - 0x0005B8A0 / 0x81052000] (size: 0x000028A0) of module ux0:app\PCSG01210\sce_module\libc.suprx
[20:14:27.296] |I| [load_self]: Loading symbols for SELF: ux0:app\PCSG01210\sce_module\libc.suprx
[20:14:27.298] |D| [load_var_exports]: 	NID 0x936C8A78 (SYSLYB) at 0x4E38C
[20:14:27.298] |D| [load_var_exports]: 	NID 0x6C2224BA (NID_MODULE_INFO) at 0x43550
[20:14:27.300] |W| [load_var_imports]: 	NID NOT FOUND 0x93B8AA67 (UNRECOGNISED) at 0x476B0, setting to stub value 0xDEADBEEF
[20:14:27.301] |W| [load_var_imports]: 	NID NOT FOUND 0xDF084DFA (UNRECOGNISED) at 0x49244, setting to stub value 0xDEADBEEF
[20:14:27.302] |I| [pre_load_module]: Pre-load module SceLibc (at "app\PCSG01210\sce_module\libc.suprx") loaded
[20:14:27.324] |C| [load_self]: Unknown segment type 0x6FFFFF01
[20:14:27.324] |I| [load_self]: Loaded module segment 0 @ [0x0005E000 - 0x0008ACBF / 0x81000000] (size: 0x0002CCBF) of module ux0:app\PCSG01210\sce_module\libfios2.suprx
[20:14:27.326] |I| [load_self]: Loaded module segment 1 @ [0x0008B000 - 0x00090255 / 0x8102D000] (size: 0x00005255) of module ux0:app\PCSG01210\sce_module\libfios2.suprx
[20:14:27.327] |I| [load_self]: Loading symbols for SELF: ux0:app\PCSG01210\sce_module\libfios2.suprx
[20:14:27.327] |D| [load_var_exports]: 	NID 0x936C8A78 (SYSLYB) at 0x8ABC8
[20:14:27.327] |D| [load_var_exports]: 	NID 0x6C2224BA (NID_MODULE_INFO) at 0x81F08
[20:14:27.328] |I| [pre_load_module]: Pre-load module SceLibFios2 (at "app\PCSG01210\sce_module\libfios2.suprx") loaded
[20:14:27.332] |C| [load_self]: Unknown segment type 0x6FFFFF01
[20:14:27.332] |I| [load_self]: Loaded module segment 0 @ [0x00091000 - 0x000A49BC / 0x81000000] (size: 0x000139BC) of module ux0:app\PCSG01210\sce_module\libult.suprx
[20:14:27.334] |I| [load_self]: Loaded module segment 1 @ [0x000A5000 - 0x000A5814 / 0x81014000] (size: 0x00000814) of module ux0:app\PCSG01210\sce_module\libult.suprx
[20:14:27.335] |I| [load_self]: Loading symbols for SELF: ux0:app\PCSG01210\sce_module\libult.suprx
[20:14:27.335] |D| [load_var_exports]: 	NID 0x936C8A78 (SYSLYB) at 0xA32E8
[20:14:27.338] |D| [load_var_exports]: 	NID 0x6C2224BA (NID_MODULE_INFO) at 0xA0870
[20:14:27.338] |I| [pre_load_module]: Pre-load module SceUlt (at "app\PCSG01210\sce_module\libult.suprx") loaded
[20:14:27.345] |I| [load_self]: Loaded module segment 0 @ [0x000A6000 - 0x000F6F04 / 0x81000000] (size: 0x00050F04) of module vs0:sys/external/libSceFt2.suprx
[20:14:27.346] |I| [load_self]: Loaded module segment 1 @ [0x000F7000 - 0x000F72F4 / 0x81051000] (size: 0x000002F4) of module vs0:sys/external/libSceFt2.suprx
[20:14:27.347] |I| [load_self]: Loading symbols for SELF: vs0:sys/external/libSceFt2.suprx
[20:14:27.348] |D| [load_var_exports]: 	NID 0x936C8A78 (SYSLYB) at 0xE27DC
[20:14:27.348] |D| [load_var_exports]: 	NID 0x6C2224BA (NID_MODULE_INFO) at 0xE1F10
[20:14:27.349] |I| [pre_load_module]: Pre-load module SceLibft2 (at "sys/external/libSceFt2.suprx") loaded
[20:14:27.352] |I| [load_self]: Loaded module segment 0 @ [0x000F8000 - 0x00107F14 / 0x81000000] (size: 0x0000FF14) of module vs0:sys/external/libpvf.suprx
[20:14:27.353] |I| [load_self]: Loaded module segment 1 @ [0x00108000 - 0x00108008 / 0x81010000] (size: 0x00000008) of module vs0:sys/external/libpvf.suprx
[20:14:27.354] |I| [load_self]: Loading symbols for SELF: vs0:sys/external/libpvf.suprx
[20:14:27.355] |D| [load_var_exports]: 	NID 0x936C8A78 (SYSLYB) at 0x106710
[20:14:27.356] |D| [load_var_exports]: 	NID 0x6C2224BA (NID_MODULE_INFO) at 0x106300
[20:14:27.356] |I| [pre_load_module]: Pre-load module SceLibPvf (at "sys/external/libpvf.suprx") loaded
[20:14:27.392] |C| [load_self]: Unknown segment type 0x6FFFFF01
[20:14:27.392] |I| [load_self]: Loaded module segment 0 @ [0x00109000 - 0x00259E30 / 0x81000000] (size: 0x00150E30) of module app0:eboot.bin
[20:14:27.393] |I| [load_self]: Loaded module segment 1 @ [0x0025A000 - 0x00727B9C / 0x81151000] (size: 0x004CDB9C) of module app0:eboot.bin
[20:14:27.394] |I| [load_self]: Loading symbols for SELF: app0:eboot.bin
[20:14:27.394] |D| [load_var_exports]: 	NID 0x6C2224BA (NID_MODULE_INFO) at 0x243004
[20:14:27.395] |D| [load_var_exports]: 	NID 0x70FBA1E7 (SCE_PROC_PARAMS) at 0x27F26C
[20:14:27.395] |D| [load_var_exports]: 	NID 0x936C8A78 (SYSLYB) at 0x253DE0
[20:14:27.396] |I| [load_app_impl]: Main executable _Z_____f_C_Y_PSVITA (eboot.bin) loaded
[20:14:27.405] |D| [run_app]: Running module_start of library: SceLibc at address 0x7871
[20:14:27.429] |I| [run_app]: Module SceLibc (at "ux0:app\PCSG01210\sce_module\libc.suprx") module_start returned 0x0
[20:14:27.433] |D| [run_app]: Running module_start of library: SceLibFios2 at address 0x5E001
[20:14:27.440] |W| [stubbed_impl]: Stubbed sceKernelGetProcessId import called. (pid: 0)
[20:14:27.441] |D| [export_sceFiosOverlayGetList02]: maxIDs: 127
[20:14:27.441] |W| [unimplemented_impl]: Unimplemented sceFiosOverlayGetList02 import called.
[20:14:27.442] |I| [run_app]: Module SceLibFios2 (at "ux0:app\PCSG01210\sce_module\libfios2.suprx") module_start returned 0x0
[20:14:27.447] |D| [run_app]: Running module_start of library: SceUlt at address 0x94771
[20:14:27.453] |W| [unimplemented_impl]: Unimplemented _sceUlobjMgrRegisterLibultProtocolRevision import called.
[20:14:27.454] |I| [run_app]: Module SceUlt (at "ux0:app\PCSG01210\sce_module\libult.suprx") module_start returned 0x0
[20:14:27.503] |W| [unimplemented_impl]: Unimplemented sceKernelGetGPI import called.
[20:14:27.540] |E| [stat_file]: Missing file at D:/Emulateurs/Vita3K/mc/ux0/app/PCSG01210/DEBUG.PAK (target path: app0:/DEBUG.PAK)
[20:14:27.541] |W| [io_error_impl]: stat_file (_sceIoGetstat) returned 0x80010002
[20:14:27.542] |E| [stat_file]: Missing file at D:/Emulateurs/Vita3K/mc/ux0/app/PCSG01210/DEMO.PAK (target path: app0:/DEMO.PAK)
[20:14:27.543] |W| [io_error_impl]: stat_file (_sceIoGetstat) returned 0x80010002
[20:14:27.543] |W| [unimplemented_impl]: Unimplemented sceKernelCreateCallback import called.
[20:14:27.544] |W| [unimplemented_impl]: Unimplemented scePowerRegisterCallback import called.
[20:14:27.544] |W| [unimplemented_impl]: Unimplemented sceAppUtilInit import called.
[20:14:27.545] |W| [unimplemented_impl]: Unimplemented sceKernelSetGPO import called.
[20:14:27.554] |W| [stubbed_impl]: Stubbed sceGxmMapMemory import called. (always return success)
[20:14:27.556] |W| [stubbed_impl]: Stubbed sceGxmMapFragmentUsseMemory import called. (always return success)
[20:14:27.583] |W| [stubbed_impl]: Stubbed sceGxmGetRenderTargetMemSize import called. (2MB host mem)
[20:14:27.648] |W| [stubbed_impl]: Stubbed sceGxmMapVertexUsseMemory import called. (always return success)
[20:14:27.864] |W| [stubbed_impl]: Stubbed sceKernelGetThreadInfo import called. (STUB)
[20:14:27.882] |E| [call_import]: Import function for NID 0xD7F0F610 not found (thread name: PCSG01210, thread ID: 8)
[20:14:27.885] |W| [stubbed_impl]: Stubbed _sceKernelWaitSignal import called. (sceKernelWaitSignal)
[20:14:27.915] |W| [stubbed_impl]: Stubbed sceDisplayWaitVblankStart import called. (wait for vblank)
[20:14:27.996] |E| [logging::ret_error_impl]: sceKernelWaitEventFlag returned SCE_KERNEL_ERROR_WAIT_TIMEOUT (0x80028005)
[20:14:28.002] |E| [stat_file]: Missing file at D:/Emulateurs/Vita3K/mc/ux0/app/PCSG01210/PSVITA/PARTS.PAK (target path: app0:/PSVITA/PARTS.PAK)
[20:14:28.003] |W| [io_error_impl]: stat_file (_sceIoGetstat) returned 0x80010002
[20:14:28.008] |I| [export_sceIoOpen]: Opening file: app0:/PARTS.PAK
[20:14:28.086] |E| [stat_file]: Missing file at D:/Emulateurs/Vita3K/mc/ux0/app/PCSG01210/PSVITA/SYSSE.PAK (target path: app0:/PSVITA/SYSSE.PAK)
[20:14:28.087] |W| [io_error_impl]: stat_file (_sceIoGetstat) returned 0x80010002
[20:14:28.088] |I| [export_sceIoOpen]: Opening file: app0:/SYSSE.PAK
[20:14:28.107] |E| [stat_file]: Missing file at D:/Emulateurs/Vita3K/mc/ux0/app/PCSG01210/PSVITA/SCRIPT.PAK (target path: app0:/PSVITA/SCRIPT.PAK)
[20:14:28.108] |W| [io_error_impl]: stat_file (_sceIoGetstat) returned 0x80010002
[20:14:28.110] |I| [export_sceIoOpen]: Opening file: app0:/SCRIPT.PAK
[20:14:28.163] |W| [unimplemented_impl]: Unimplemented sceAppUtilLoadSafeMemory import called.
[20:14:28.165] |E| [stat_file]: Missing file at D:/Emulateurs/Vita3K/mc/ux0/app/PCSG01210/PSVITA/FONT.PAK (target path: app0:/PSVITA/FONT.PAK)
[20:14:28.166] |W| [io_error_impl]: stat_file (_sceIoGetstat) returned 0x80010002
[20:14:28.167] |I| [export_sceIoOpen]: Opening file: app0:/FONT.PAK
[20:14:28.526] |W| [stubbed_impl]: Stubbed sceDisplayWaitVblankStartCB import called. (wait for vblank)
[20:14:28.531] |I| [export_sceIoOpen]: Opening file: app0:/FONT.PAK
[20:14:28.577] |W| [stubbed_impl]: Stubbed sceKernelSendSignal import called. (sceKernelSendSignal)
[20:14:28.579] |W| [stubbed_impl]: Stubbed _sceFiberAttachContextAndSwitch import called. (Todo: not sure for now)
[20:14:28.774] |I| [load_module]: Loading module ID: 0xD
[20:14:28.777] |I| [load_self]: Loaded module segment 0 @ [0x16693000 - 0x166AA244 / 0x81000000] (size: 0x00017244) of module sys/external/libsas.suprx
[20:14:28.778] |I| [load_self]: Loaded module segment 1 @ [0x166AB000 - 0x166AB038 / 0x81018000] (size: 0x00000038) of module sys/external/libsas.suprx
[20:14:28.779] |I| [load_self]: Loading symbols for SELF: sys/external/libsas.suprx
[20:14:28.779] |D| [load_var_exports]: 	NID 0x936C8A78 (SYSLYB) at 0x166A7004
[20:14:28.780] |D| [load_var_exports]: 	NID 0x6C2224BA (NID_MODULE_INFO) at 0x166A6BF0
[20:14:28.780] |I| [load_module]: Module SceSasUser (at "sys/external/libsas.suprx") loaded
[20:14:28.816] |E| [call_import]: Import function for NID 0xE341C66A not found (thread name: PCSG01210, thread ID: 8)
