[21:45:27.060] |I| [load_app_impl]: ngs experimental state: true
[21:45:27.060] |I| [load_app_impl]: video player state: true
[21:45:27.060] |I| [load_app_impl]: auto-lle: enabled
[21:45:27.060] |I| [load_app_impl]: Title: プラスティック メモリーズ
[21:45:27.061] |I| [load_app_impl]: Serial: PCSG00931
[21:45:27.061] |I| [load_app_impl]: Version: 1.00
[21:45:27.061] |I| [load_app_impl]: Category: gd
[21:45:27.115] |C| [load_self]: Unknown segment type 0x6FFFFF01
[21:45:27.115] |I| [load_self]: Loaded module segment 0 @ [0x00004000 - 0x000558A4 / 0x81000000] (size: 0x000518A4) of module ux0:app\PCSG00931\sce_module\libc.suprx
[21:45:27.115] |I| [load_self]: Loaded module segment 1 @ [0x00056000 - 0x000588A0 / 0x81052000] (size: 0x000028A0) of module ux0:app\PCSG00931\sce_module\libc.suprx
[21:45:27.115] |I| [load_self]: Loading symbols for SELF: ux0:app\PCSG00931\sce_module\libc.suprx
[21:45:27.116] |D| [load_var_exports]: 	NID 0x936C8A78 (SYSLYB) at 0x4B314
[21:45:27.116] |D| [load_var_exports]: 	NID 0x6C2224BA (NID_MODULE_INFO) at 0x404DC
[21:45:27.116] |W| [load_var_imports]: 	NID NOT FOUND 0x93B8AA67 (UNRECOGNISED) at 0x4463C, setting to stub value 0xDEADBEEF
[21:45:27.117] |W| [load_var_imports]: 	NID NOT FOUND 0xDF084DFA (UNRECOGNISED) at 0x461D0, setting to stub value 0xDEADBEEF
[21:45:27.117] |I| [pre_load_module]: Pre-load module SceLibc (at "app\PCSG00931\sce_module\libc.suprx") loaded
[21:45:27.125] |C| [load_self]: Unknown segment type 0x6FFFFF01
[21:45:27.125] |I| [load_self]: Loaded module segment 0 @ [0x0005B000 - 0x00074000 / 0x81000000] (size: 0x00019000) of module ux0:app\PCSG00931\sce_module\libface.suprx
[21:45:27.126] |I| [load_self]: Loaded module segment 1 @ [0x00074000 - 0x000740F8 / 0x81019000] (size: 0x000000F8) of module ux0:app\PCSG00931\sce_module\libface.suprx
[21:45:27.126] |I| [load_self]: Loading symbols for SELF: ux0:app\PCSG00931\sce_module\libface.suprx
[21:45:27.127] |D| [load_var_exports]: 	NID 0x6C2224BA (NID_MODULE_INFO) at 0x70DA4
[21:45:27.127] |D| [load_var_exports]: 	NID 0x936C8A78 (SYSLYB) at 0x73784
[21:45:27.127] |I| [pre_load_module]: Pre-load module SceFace (at "app\PCSG00931\sce_module\libface.suprx") loaded
[21:45:27.141] |C| [load_self]: Unknown segment type 0x6FFFFF01
[21:45:27.141] |I| [load_self]: Loaded module segment 0 @ [0x00075000 - 0x000A1CBF / 0x81000000] (size: 0x0002CCBF) of module ux0:app\PCSG00931\sce_module\libfios2.suprx
[21:45:27.142] |I| [load_self]: Loaded module segment 1 @ [0x000A2000 - 0x000A7255 / 0x8102D000] (size: 0x00005255) of module ux0:app\PCSG00931\sce_module\libfios2.suprx
[21:45:27.143] |I| [load_self]: Loading symbols for SELF: ux0:app\PCSG00931\sce_module\libfios2.suprx
[21:45:27.143] |D| [load_var_exports]: 	NID 0x936C8A78 (SYSLYB) at 0xA1BC8
[21:45:27.143] |D| [load_var_exports]: 	NID 0x6C2224BA (NID_MODULE_INFO) at 0x98F08
[21:45:27.143] |I| [pre_load_module]: Pre-load module SceLibFios2 (at "app\PCSG00931\sce_module\libfios2.suprx") loaded
[21:45:27.190] |C| [load_self]: Unknown segment type 0x6FFFFF01
[21:45:27.190] |I| [load_self]: Loaded module segment 0 @ [0x000A8000 - 0x002B5AF4 / 0x81000000] (size: 0x0020DAF4) of module ux0:app\PCSG00931\sce_module\libsmart.suprx
[21:45:27.191] |I| [load_self]: Loaded module segment 1 @ [0x002B6000 - 0x002B9444 / 0x8120E000] (size: 0x00003444) of module ux0:app\PCSG00931\sce_module\libsmart.suprx
[21:45:27.192] |I| [load_self]: Loading symbols for SELF: ux0:app\PCSG00931\sce_module\libsmart.suprx
[21:45:27.192] |D| [load_var_exports]: 	NID 0x6C2224BA (NID_MODULE_INFO) at 0x153528
[21:45:27.192] |D| [load_var_exports]: 	NID 0x936C8A78 (SYSLYB) at 0x15A90C
[21:45:27.193] |I| [pre_load_module]: Pre-load module SceSmart (at "app\PCSG00931\sce_module\libsmart.suprx") loaded
[21:45:27.196] |C| [load_self]: Unknown segment type 0x6FFFFF01
[21:45:27.196] |I| [load_self]: Loaded module segment 0 @ [0x002BA000 - 0x002CD9BC / 0x81000000] (size: 0x000139BC) of module ux0:app\PCSG00931\sce_module\libult.suprx
[21:45:27.197] |I| [load_self]: Loaded module segment 1 @ [0x002CE000 - 0x002CE814 / 0x81014000] (size: 0x00000814) of module ux0:app\PCSG00931\sce_module\libult.suprx
[21:45:27.198] |I| [load_self]: Loading symbols for SELF: ux0:app\PCSG00931\sce_module\libult.suprx
[21:45:27.198] |D| [load_var_exports]: 	NID 0x936C8A78 (SYSLYB) at 0x2CC2E8
[21:45:27.198] |D| [load_var_exports]: 	NID 0x6C2224BA (NID_MODULE_INFO) at 0x2C9870
[21:45:27.199] |I| [pre_load_module]: Pre-load module SceUlt (at "app\PCSG00931\sce_module\libult.suprx") loaded
[21:45:27.205] |I| [load_self]: Loaded module segment 0 @ [0x002CF000 - 0x0031FF04 / 0x81000000] (size: 0x00050F04) of module vs0:sys/external/libSceFt2.suprx
[21:45:27.205] |I| [load_self]: Loaded module segment 1 @ [0x00320000 - 0x003202F4 / 0x81051000] (size: 0x000002F4) of module vs0:sys/external/libSceFt2.suprx
[21:45:27.206] |I| [load_self]: Loading symbols for SELF: vs0:sys/external/libSceFt2.suprx
[21:45:27.206] |D| [load_var_exports]: 	NID 0x936C8A78 (SYSLYB) at 0x30B7DC
[21:45:27.207] |D| [load_var_exports]: 	NID 0x6C2224BA (NID_MODULE_INFO) at 0x30AF10
[21:45:27.207] |I| [pre_load_module]: Pre-load module SceLibft2 (at "sys/external/libSceFt2.suprx") loaded
[21:45:27.209] |I| [load_self]: Loaded module segment 0 @ [0x00321000 - 0x00330F14 / 0x81000000] (size: 0x0000FF14) of module vs0:sys/external/libpvf.suprx
[21:45:27.209] |I| [load_self]: Loaded module segment 1 @ [0x00331000 - 0x00331008 / 0x81010000] (size: 0x00000008) of module vs0:sys/external/libpvf.suprx
[21:45:27.210] |I| [load_self]: Loading symbols for SELF: vs0:sys/external/libpvf.suprx
[21:45:27.210] |D| [load_var_exports]: 	NID 0x936C8A78 (SYSLYB) at 0x32F710
[21:45:27.210] |D| [load_var_exports]: 	NID 0x6C2224BA (NID_MODULE_INFO) at 0x32F300
[21:45:27.211] |I| [pre_load_module]: Pre-load module SceLibPvf (at "sys/external/libpvf.suprx") loaded
[21:45:27.280] |C| [load_self]: Unknown segment type 0x6FFFFF01
[21:45:27.280] |I| [load_self]: Loaded module segment 0 @ [0x00332000 - 0x004D51F0 / 0x81000000] (size: 0x001A31F0) of module app0:eboot.bin
[21:45:27.281] |I| [load_self]: Loaded module segment 1 @ [0x004D6000 - 0x005C677C / 0x811A4000] (size: 0x000F077C) of module app0:eboot.bin
[21:45:27.281] |I| [load_self]: Loading symbols for SELF: app0:eboot.bin
[21:45:27.282] |D| [load_var_exports]: 	NID 0x6C2224BA (NID_MODULE_INFO) at 0x4A1E04
[21:45:27.282] |D| [load_var_exports]: 	NID 0x70FBA1E7 (SCE_PROC_PARAMS) at 0x4D609C
[21:45:27.282] |D| [load_var_exports]: 	NID 0x936C8A78 (SYSLYB) at 0x4BD184
[21:45:27.283] |I| [load_app_impl]: Main executable advengine (eboot.bin) loaded
[21:45:27.285] |D| [run_app]: Running module_start of library: SceLibc at address 0x4871
[21:45:27.289] |I| [run_app]: Module SceLibc (at "ux0:app\PCSG00931\sce_module\libc.suprx") module_start returned 0x0
[21:45:27.290] |D| [run_app]: Running module_start of library: SceFace at address 0x70265
[21:45:27.292] |I| [run_app]: Module SceFace (at "ux0:app\PCSG00931\sce_module\libface.suprx") module_start returned 0x0
[21:45:27.293] |D| [run_app]: Running module_start of library: SceLibFios2 at address 0x75001
[21:45:27.295] |W| [stubbed_impl]: Stubbed sceKernelGetProcessId import called. (pid: 0)
[21:45:27.295] |D| [export_sceFiosOverlayGetList02]: maxIDs: 127
[21:45:27.295] |W| [unimplemented_impl]: Unimplemented sceFiosOverlayGetList02 import called.
[21:45:27.296] |I| [run_app]: Module SceLibFios2 (at "ux0:app\PCSG00931\sce_module\libfios2.suprx") module_start returned 0x0
[21:45:27.297] |D| [run_app]: Running module_start of library: SceSmart at address 0xA818D
[21:45:27.299] |I| [run_app]: Module SceSmart (at "ux0:app\PCSG00931\sce_module\libsmart.suprx") module_start returned 0x0
[21:45:27.300] |D| [run_app]: Running module_start of library: SceUlt at address 0x2BD771
[21:45:27.302] |W| [unimplemented_impl]: Unimplemented _sceUlobjMgrRegisterLibultProtocolRevision import called.
[21:45:27.302] |I| [run_app]: Module SceUlt (at "ux0:app\PCSG00931\sce_module\libult.suprx") module_start returned 0x0
[21:45:27.306] |W| [unimplemented_impl]: Unimplemented sceAppUtilInit import called.
[21:45:27.306] |W| [unimplemented_impl]: Unimplemented sceScreenShotDisable import called.
[21:45:27.309] |W| [stubbed_impl]: Stubbed sceGxmMapMemory import called. (always return success)
[21:45:27.311] |W| [stubbed_impl]: Stubbed sceGxmMapFragmentUsseMemory import called. (always return success)
[21:45:27.327] |W| [stubbed_impl]: Stubbed sceGxmMapVertexUsseMemory import called. (always return success)
[21:45:27.330] |W| [stubbed_impl]: Stubbed sceGxmGetRenderTargetMemSize import called. (2MB host mem)
[21:45:27.990] |W| [unimplemented_impl]: Unimplemented sceGxmSetWarningEnabled import called.
[21:45:27.992] |W| [unimplemented_impl]: Unimplemented sceNetCtlInit import called.
[21:45:27.992] |W| [unimplemented_impl]: Unimplemented sceRudpInit import called.
[21:45:27.992] |W| [unimplemented_impl]: Unimplemented sceRudpSetEventHandler import called.
[21:45:27.993] |W| [unimplemented_impl]: Unimplemented sceKernelGetThreadCurrentPriority import called.
[21:45:27.993] |W| [unimplemented_impl]: Unimplemented sceRudpEnableInternalIOThread import called.
[21:45:27.993] |I| [load_module]: Loading module ID: 0x4
[21:45:27.997] |C| [load_self]: Unknown segment type 0x6FFFFF01
[21:45:27.997] |I| [load_self]: Loaded module segment 0 @ [0x70B3C000 - 0x70B59150 / 0x81000000] (size: 0x0001D150) of module sys/external/libhttp.suprx
[21:45:27.999] |I| [load_self]: Loaded module segment 1 @ [0x70B5A000 - 0x70B5A640 / 0x8101E000] (size: 0x00000640) of module sys/external/libhttp.suprx
[21:45:27.999] |I| [load_self]: Loading symbols for SELF: sys/external/libhttp.suprx
[21:45:28.000] |D| [load_var_exports]: 	NID 0x936C8A78 (SYSLYB) at 0x70B57E68
[21:45:28.000] |D| [load_var_exports]: 	NID 0x6C2224BA (NID_MODULE_INFO) at 0x70B54CA0
[21:45:28.000] |I| [load_module]: Module SceLibHttp (at "sys/external/libhttp.suprx") loaded
[21:45:28.001] |D| [load_module]: Running module_start of module: SceLibHttp
[21:45:28.004] |I| [load_module]: Module SceLibHttp (at "sys/external/libhttp.suprx") module_start returned 0x0
[21:45:28.012] |I| [load_self]: Loaded module segment 0 @ [0x70B5D000 - 0x70BC3EA4 / 0x81000000] (size: 0x00066EA4) of module sys/external/libssl.suprx
[21:45:28.013] |I| [load_self]: Loaded module segment 1 @ [0x70BC4000 - 0x70BC8FA8 / 0x81067000] (size: 0x00004FA8) of module sys/external/libssl.suprx
[21:45:28.014] |I| [load_self]: Loading symbols for SELF: sys/external/libssl.suprx
[21:45:28.014] |D| [load_var_exports]: 	NID 0x936C8A78 (SYSLYB) at 0x70BAF9E0
[21:45:28.015] |D| [load_var_exports]: 	NID 0x6C2224BA (NID_MODULE_INFO) at 0x70BA9CA0
[21:45:28.015] |I| [load_module]: Module SceLibSsl (at "sys/external/libssl.suprx") loaded
[21:45:28.029] |W| [unimplemented_impl]: Unimplemented SceLibKernel_9F793F84 import called.
[21:45:28.029] |W| [unimplemented_impl]: Unimplemented sceNpLookupInit import called.
[21:45:28.029] |W| [unimplemented_impl]: Unimplemented sceNpTusInit import called.
[21:45:28.030] |W| [unimplemented_impl]: Unimplemented sceNpMatching2Init import called.
[21:45:28.030] |W| [unimplemented_impl]: Unimplemented sceNetAdhocMatchingInit import called.
[21:45:28.031] |W| [unimplemented_impl]: Unimplemented sceNpGetServiceState import called.
[21:45:28.031] |W| [unimplemented_impl]: Unimplemented sceNetCtlAdhocGetState import called.
[21:45:28.032] |W| [unimplemented_impl]: Unimplemented sceNetCtlAdhocRegisterCallback import called.
[21:45:28.032] |W| [stubbed_impl]: Stubbed sceNpManagerGetAccountRegion import called. (Stub)
[21:45:28.032] |W| [stubbed_impl]: Stubbed sceNpManagerGetContentRatingFlag import called. (Stub)
[21:45:28.033] |W| [stubbed_impl]: Stubbed sceNpManagerGetChatRestrictionFlag import called. (Stub)
[21:45:28.033] |W| [unimplemented_impl]: Unimplemented sceNpLookupCreateTitleCtx import called.
[21:45:28.033] |W| [unimplemented_impl]: Unimplemented sceNpTusCreateTitleCtx import called.
[21:45:28.034] |W| [unimplemented_impl]: Unimplemented sceNpTusChangeModeForOtherSaveDataOwners import called.
[21:45:28.079] |I| [load_module]: Loading module ID: 0xD
[21:45:28.082] |I| [load_self]: Loaded module segment 0 @ [0x732CF000 - 0x732E6244 / 0x81000000] (size: 0x00017244) of module sys/external/libsas.suprx
[21:45:28.082] |I| [load_self]: Loaded module segment 1 @ [0x70B5B000 - 0x70B5B038 / 0x81018000] (size: 0x00000038) of module sys/external/libsas.suprx
[21:45:28.083] |I| [load_self]: Loading symbols for SELF: sys/external/libsas.suprx
[21:45:28.083] |D| [load_var_exports]: 	NID 0x936C8A78 (SYSLYB) at 0x732E3004
[21:45:28.083] |D| [load_var_exports]: 	NID 0x6C2224BA (NID_MODULE_INFO) at 0x732E2BF0
[21:45:28.084] |I| [load_module]: Module SceSasUser (at "sys/external/libsas.suprx") loaded
[21:45:28.092] |E| [call_import]: Import function for NID 0xE347C32D not found (thread name: PCSG00931, thread ID: 8)
[21:45:28.092] |I| [load_module]: Loading module ID: 0x30
[21:45:28.093] |C| [load_self]: Unknown segment type 0x6FFFFF01
[21:45:28.093] |I| [load_self]: Loaded module segment 0 @ [0x73307000 - 0x7330A55C / 0x81000000] (size: 0x0000355C) of module sys/external/libatrac.suprx
[21:45:28.094] |I| [load_self]: Loaded module segment 1 @ [0x7330B000 - 0x7330C038 / 0x81004000] (size: 0x00001038) of module sys/external/libatrac.suprx
[21:45:28.094] |I| [load_self]: Loading symbols for SELF: sys/external/libatrac.suprx
[21:45:28.095] |D| [load_var_exports]: 	NID 0x936C8A78 (SYSLYB) at 0x7330A558
[21:45:28.095] |D| [load_var_exports]: 	NID 0x6C2224BA (NID_MODULE_INFO) at 0x73309DB4
[21:45:28.095] |I| [load_module]: Module SceAtrac (at "sys/external/libatrac.suprx") loaded
[21:45:28.096] |D| [load_module]: Running module_start of module: SceAtrac
[21:45:28.098] |I| [load_module]: Module SceAtrac (at "sys/external/libatrac.suprx") module_start returned 0x0
[21:45:28.100] |W| [stubbed_impl]: Stubbed sceAudiodecInitLibrary import called. (EMPTY)
[21:45:28.135] |W| [stubbed_impl]: Stubbed __sceAppMgrGetAppState import called. (Set to 0.)
[21:45:28.136] |W| [unimplemented_impl]: Unimplemented sceGxmSetWClampEnable import called.
[21:45:28.137] |I| [float_to_half_init]: AVX+F16C instruction set supported. Use fast f32 to f16 conversion
[21:45:28.137] |W| [stubbed_impl]: Stubbed sceNetCtlCheckCallback import called. (Stub)
[21:45:28.138] |W| [stubbed_impl]: Stubbed sceNpCheckCallback import called. (Stub)
[21:45:28.165] |I| [renderer::gl::load_shader_generic]: Generating frag shader 3aa0062aacbbfb145256d70765ad0da3a932f4395a65e490fd520ef2ad3f6c55
[21:45:28.166] |D| [shader::create_parameters]: [DEFAULT  + 0] sa0 = (half4) clearColor
[21:45:28.183] |I| [renderer::gl::load_shader_generic]: Generating vert shader 6f6575b8d9d86ee93862fd914f07a3ebcce41392e073f612ea4639d49a6d6f75
[21:45:28.185] |D| [shader::create_parameters]: [BUFFER0  + 0] pa0 = (float4) aPosition
[21:45:28.214] |W| [unimplemented_impl]: Unimplemented sceCommonDialogUpdate import called.
[21:45:28.215] |W| [stubbed_impl]: Stubbed sceDisplayWaitSetFrameBufCB import called. (move after setframebuf)
[21:45:28.282] |W| [unimplemented_impl]: Unimplemented sceKernelChangeThreadVfpException import called.
[21:45:28.283] |W| [unimplemented_impl]: Unimplemented sceFiosOverlayThreadSetDisabled02 import called.
[21:45:28.301] |W| [unimplemented_impl]: Unimplemented sceFiosOverlayGetRecommendedScheduler02 import called.
[21:45:28.301] |I| [export_sceIoOpen]: Opening file: app0:/script_info.psb.m
[21:45:28.433] |I| [export_sceIoOpen]: Opening file: app0:/script_body.bin
[21:45:28.547] |W| [stubbed_impl]: Stubbed sceDisplayWaitVblankStartCB import called. (wait for vblank)
[21:45:28.601] |I| [export_sceIoOpen]: Opening file: app0:/script_body.bin
[21:45:28.765] |I| [export_sceIoOpen]: Opening file: app0:/script_body.bin
[21:45:28.901] |I| [export_sceIoOpen]: Opening file: app0:/script_body.bin
[21:45:29.016] |I| [export_sceIoOpen]: Opening file: app0:/script_body.bin
[21:45:29.215] |I| [export_sceIoOpen]: Opening file: app0:/script_body.bin
[21:45:29.215] |E| [open_dir]: Directory does not exist at: D:/Emulateurs/Vita3K/mc/ux0/addcont/PCSG00931// (target path: addcont0:)
[21:45:29.216] |W| [io_error_impl]: open_dir (_sceIoDopen) returned 0x80010002
[21:45:29.414] |I| [export_sceIoOpen]: Opening file: app0:/script_body.bin
[21:45:29.565] |I| [export_sceIoOpen]: Opening file: app0:/script_body.bin
[21:45:29.668] |I| [export_sceIoOpen]: Opening file: app0:/config_info.psb.m
[21:45:29.814] |I| [export_sceIoOpen]: Opening file: app0:/config_body.bin
[21:45:30.251] |W| [unimplemented_impl]: Unimplemented sceScreenShotSetParam import called.
[21:45:30.252] |W| [unimplemented_impl]: Unimplemented sceScreenShotSetOverlayImage import called.
[21:45:30.252] |W| [unimplemented_impl]: Unimplemented sceScreenShotEnable import called.
[21:45:30.253] |I| [export_sceIoOpen]: Opening file: app0:/font_info.psb.m
[21:45:30.256] |I| [export_sceIoOpen]: Opening file: app0:/image_info.psb.m
[21:45:30.265] |I| [export_sceIoOpen]: Opening file: app0:/motion_info.psb.m
[21:45:30.275] |I| [export_sceIoOpen]: Opening file: app0:/scenario_info.psb.m
[21:45:30.276] |I| [export_sceIoOpen]: Opening file: app0:/sound_info.psb.m
[21:45:30.283] |I| [export_sceIoOpen]: Opening file: app0:/voice_info.psb.m
[21:45:30.431] |I| [export_sceIoOpen]: Opening file: app0:/script_body.bin
[21:45:30.583] |I| [export_sceIoOpen]: Opening file: app0:/script_body.bin
[21:45:30.734] |I| [export_sceIoOpen]: Opening file: app0:/motion/nowloading.psb.m
[21:45:30.734] |E| [open_file]: Missing file at D:/Emulateurs/Vita3K/mc/ux0/app/PCSG00931/motion/nowloading.psb.m (target path: app0:/motion/nowloading.psb.m)
[21:45:30.735] |W| [io_error_impl]: open_file (sceIoOpen) returned 0x80010002
[21:45:30.785] |I| [export_sceIoOpen]: Opening file: app0:/script_body.bin
[21:45:30.948] |I| [export_sceIoOpen]: Opening file: app0:/script_body.bin
[21:45:31.098] |I| [export_sceIoOpen]: Opening file: app0:/script_body.bin
[21:45:31.231] |I| [export_sceIoOpen]: Opening file: app0:/script_body.bin
[21:45:31.365] |I| [export_sceIoOpen]: Opening file: app0:/script_body.bin
[21:45:31.515] |I| [export_sceIoOpen]: Opening file: app0:/script_body.bin
[21:45:31.648] |I| [export_sceIoOpen]: Opening file: app0:/script_body.bin
[21:45:31.798] |I| [export_sceIoOpen]: Opening file: app0:/script_body.bin
[21:45:31.948] |I| [export_sceIoOpen]: Opening file: app0:/script_body.bin
[21:45:32.098] |I| [export_sceIoOpen]: Opening file: app0:/script_body.bin
[21:45:32.248] |I| [export_sceIoOpen]: Opening file: app0:/script_body.bin
[21:45:32.398] |I| [export_sceIoOpen]: Opening file: app0:/script_body.bin
[21:45:32.501] |I| [export_sceIoOpen]: Opening file: app0:/sound_body.bin
[21:45:32.615] |I| [export_sceIoOpen]: Opening file: app0:/sound_body.bin
[21:45:32.748] |I| [export_sceIoOpen]: Opening file: app0:/voice_body.bin
[21:45:32.881] |I| [export_sceIoOpen]: Opening file: app0:/script_body.bin
[21:45:32.981] |I| [export_sceIoOpen]: Opening file: app0:/config_body.bin
[21:45:33.048] |I| [export_sceIoOpen]: Opening file: app0:/script_body.bin
[21:45:33.198] |I| [export_sceIoOpen]: Opening file: app0:/script_body.bin
[21:45:33.315] |I| [export_sceIoOpen]: Opening file: app0:/font_body.bin
[21:45:33.448] |I| [export_sceIoOpen]: Opening file: app0:/font_body.bin
[21:45:33.581] |I| [export_sceIoOpen]: Opening file: app0:/font_body.bin
[21:45:33.648] |I| [export_sceIoOpen]: Opening file: app0:/font_body.bin
[21:45:33.715] |I| [export_sceIoOpen]: Opening file: app0:/font_body.bin
[21:45:33.749] |I| [export_sceIoOpen]: Opening file: app0:/script_body.bin
[21:45:33.898] |I| [export_sceIoOpen]: Opening file: app0:/script_body.bin
[21:45:34.048] |I| [export_sceIoOpen]: Opening file: app0:/script_body.bin
[21:45:34.198] |I| [export_sceIoOpen]: Opening file: app0:/script_body.bin
[21:45:34.348] |I| [export_sceIoOpen]: Opening file: app0:/script_body.bin
[21:45:34.498] |I| [export_sceIoOpen]: Opening file: app0:/script_body.bin
[21:45:34.648] |I| [export_sceIoOpen]: Opening file: app0:/script_body.bin
[21:45:34.798] |I| [export_sceIoOpen]: Opening file: app0:/script_body.bin
[21:45:34.914] |I| [export_sceIoOpen]: Opening file: app0:/sound_body.bin
[21:45:34.985] |I| [export_sceIoOpen]: Opening file: app0:/sound_body.bin
[21:45:35.067] |I| [export_sceIoOpen]: Opening file: app0:/config_body.bin
[21:45:35.117] |I| [export_sceIoOpen]: Opening file: app0:/config_body.bin
[21:45:35.150] |I| [export_sceIoOpen]: Opening file: app0:/config_body.bin
[21:45:35.565] |I| [export_sceIoOpen]: Opening file: app0:/motion_body.bin
[21:45:35.665] |D| [renderer::gl::texture::upload_bound_texture]: Texture Cube used
[21:45:35.684] |I| [renderer::gl::load_shader_generic]: Generating frag shader ec12cc57503fa5b0560e8185129a24674aba2ee4f2399e21548a2c850a425749
[21:45:35.685] |D| [shader::create_fragment_inputs]: Iterator: pa0 = (half4) v_Color0
[21:45:35.690] |I| [renderer::gl::load_shader_generic]: Generating vert shader 4812fc5cee72374f5e45d59cc0b205f182f242deded42e0982614d1ab4a1dd1f
[21:45:35.691] |D| [shader::create_parameters]: [BUFFER0  + 0] pa0 = (float4) In_pos
[21:45:35.691] |D| [shader::create_parameters]: [BUFFER0  + 4] pa4 = (float4) In_diffuse
[21:45:35.691] |D| [shader::create_parameters]: [BUFFER0  + 8] pa8 = (float4) In_uv
[21:45:35.692] |D| [shader::create_parameters]: [DEFAULT  + 0] sa0 = (float4) modelViewProj[4]
[21:45:35.713] |E| [renderer::gl::compile_program]: Vertex info
-----------
0(25) : warning C7050: "internals[0].zw" might be used before being initialized

Fragment info
-------------
0(20) : warning C7050: "sa[0]" might be used before being initialized
0(19) : warning C7050: "pa[0].zw" might be used before being initialized


[21:45:35.999] |I| [renderer::gl::load_shader_generic]: Generating frag shader 6c44119a14e5779dd3d694e4595c2721b70f5a75b2326e3ed4b48fd762b35e63
[21:45:36.011] |E| [renderer::gl::compile_program]: Vertex info
-----------
0(25) : warning C7050: "internals[0].zw" might be used before being initialized

Fragment info
-------------
0(18) : warning C7050: "pa[0].zw" might be used before being initialized


[21:45:36.249] |D| [renderer::gl::texture::upload_bound_texture]: Texture Cube used
[21:45:36.290] |I| [renderer::gl::load_shader_generic]: Generating frag shader 9299f2299be769d161119c72b41ddfe138606a8d18c0b6745a8e99befb8850aa
[21:45:36.292] |D| [shader::create_fragment_inputs]: Iterator: pa0 = (half4) v_Color0
[21:45:36.307] |E| [renderer::gl::compile_program]: Vertex info
-----------
0(25) : warning C7050: "internals[0].zw" might be used before being initialized

Fragment info
-------------
0(19) : warning C7050: "pa[0].zw" might be used before being initialized


[21:45:36.855] |I| [export_sceIoOpen]: Opening file: app0:/motion_body.bin
[21:45:36.915] |D| [renderer::gl::texture::upload_bound_texture]: Texture Cube used
[21:45:40.101] |E| [open_file]: Missing file at D:/Emulateurs/Vita3K/mc/ux0/user/00/savedata/PCSG00931/SlotParam_0.bin (target path: savedata0:/SlotParam_0.bin)
[21:45:40.102] |W| [io_error_impl]: open_file (sceAppUtilSaveDataSlotGetParam) returned 0x80010002
[21:45:40.102] |E| [logging::ret_error_impl]: sceAppUtilSaveDataSlotGetParam returned SCE_APPUTIL_ERROR_SAVEDATA_SLOT_NOT_FOUND (0x80100641)
[21:45:43.254] |I| [export_sceIoOpen]: Opening file: app0:/scenario_body.bin
[21:45:43.317] |I| [export_sceIoOpen]: Opening file: app0:/scenario_body.bin
[21:45:43.350] |I| [export_sceIoOpen]: Opening file: app0:/scenario_body.bin
[21:45:43.402] |I| [export_sceIoOpen]: Opening file: app0:/motion_body.bin
[21:45:43.517] |D| [export_sceAvPlayerAddSource]: path: app0:movie/PM_bootMV.mp4
[21:45:43.531] |I| [PlayerState::queue]: Queued video: 'D:/Emulateurs/Vita3K/mc/ux0/app/PCSG00931/movie/PM_bootMV.mp4'.
[21:45:43.550] |W| [stubbed_impl]: Stubbed sceAvPlayerStreamCount import called. (ALWAYS RETURN 2 (VIDEO AND AUDIO))
[21:45:43.550] |W| [stubbed_impl]: Stubbed sceAvPlayerGetStreamInfo import called. (ALWAYS SUSPECTS 2 STREAMS: VIDEO AND AUDIO)
[21:45:43.552] |D| [export_sceAvPlayerEnableStream]: sceAvPlayerEnableStream, stream no: 0
[21:45:43.552] |D| [export_sceAvPlayerEnableStream]: auto start: false
[21:45:43.553] |D| [export_sceAvPlayerEnableStream]: sceAvPlayerEnableStream, stream no: 1
[21:45:43.553] |D| [export_sceAvPlayerEnableStream]: auto start: false
[21:45:43.553] |D| [export_sceAvPlayerStart]: sceAvPlayerStart
[21:45:43.567] |I| [renderer::gl::load_shader_generic]: Generating vert shader df0fa303570542a4abf0a1cc575543da0c77c8af56b2e4e68aa21d1ba35e5b55
[21:45:43.569] |D| [shader::create_parameters]: [BUFFER0  + 0] pa0 = (float4) In_pos
[21:45:43.569] |D| [shader::create_parameters]: [BUFFER0  + 4] pa4 = (float4) In_uv
[21:45:43.569] |D| [shader::create_parameters]: [DEFAULT  + 0] sa0 = (float4) modelViewProj[4]
[21:45:43.569] |D| [shader::create_parameters]: [DEFAULT  + 16] sa16 = (float4) constVtxColor
[21:45:43.585] |E| [renderer::gl::compile_program]: Vertex info
-----------
0(24) : warning C7050: "internals[0].zw" might be used before being initialized

Fragment info
-------------
0(18) : warning C7050: "pa[0].zw" might be used before being initialized


[21:45:46.614] |D| [renderer::gl::texture::upload_bound_texture]: Texture Cube used
[21:45:46.625] |D| [renderer::gl::texture::upload_bound_texture]: Texture Cube used
[21:45:46.649] |D| [renderer::gl::texture::upload_bound_texture]: Texture Cube used
[21:45:46.659] |D| [renderer::gl::texture::upload_bound_texture]: Texture Cube used
[21:45:46.680] |I| [renderer::gl::load_shader_generic]: Generating frag shader 94081480c68f79887f1cc301cb3b1d34423a536d5e033e44a54b7083148c10a7
[21:45:46.681] |D| [shader::create_fragment_inputs]: Iterator: pa0 = (half4) v_Color0
[21:45:46.700] |E| [renderer::gl::compile_program]: Vertex info
-----------
0(25) : warning C7050: "internals[0].zw" might be used before being initialized

Fragment info
-------------
0(20) : warning C7050: "sa[0]" might be used before being initialized
0(19) : warning C7050: "pa[0].zw" might be used before being initialized


[21:45:46.707] |D| [renderer::gl::texture::upload_bound_texture]: Texture Cube used
[21:45:46.733] |D| [renderer::gl::texture::upload_bound_texture]: Texture Cube used
[21:45:46.755] |D| [renderer::gl::texture::upload_bound_texture]: Texture Cube used
[21:45:46.759] |D| [renderer::gl::texture::upload_bound_texture]: Texture Cube used
[21:45:50.889] |I| [export_sceIoOpen]: Opening file: app0:/sound_body.bin
[21:45:50.989] |W| [unimplemented_impl]: Unimplemented sceAudiodecPartlyDecode import called.
[21:45:50.990] |E| [logging::ret_error_impl]: _sceKernelLockLwMutex returned SCE_KERNEL_ERROR_LW_MUTEX_RECURSIVE (0x80028182)
[21:45:50.993] |E| [call_import]: Import function for NID 0xE347C330 not found (thread name: SOUND thread, thread ID: 100)
[21:45:51.701] |D| [renderer::gl::texture::upload_bound_texture]: Texture Cube used
[21:45:52.134] |D| [renderer::gl::texture::upload_bound_texture]: Texture Cube used
[21:45:55.639] |I| [export_sceIoOpen]: Opening file: app0:/scenario_body.bin
[21:45:55.647] |I| [renderer::gl::load_shader_generic]: Generating frag shader 37408eb77f646cb998e93e14873ad06bd951667b082195a05c4ba1ac3384ef86
[21:45:55.649] |D| [shader::create_fragment_inputs]: Iterator: pa0 = (half4) v_Color0
[21:45:55.652] |I| [renderer::gl::load_shader_generic]: Generating vert shader cc5aa21c2fb82313ad8e41b49ca1c732cd10a3a4bbd808dc7484e661b47d2261
[21:45:55.653] |D| [shader::create_parameters]: [BUFFER0  + 0] pa0 = (float4) In_pos
[21:45:55.653] |D| [shader::create_parameters]: [DEFAULT  + 0] sa0 = (float4) modelViewProj[4]
[21:45:55.653] |D| [shader::create_parameters]: [DEFAULT  + 16] sa16 = (float4) constVtxColor
[21:45:55.670] |E| [renderer::gl::compile_program]: Vertex info
-----------
0(23) : warning C7050: "internals[0].zw" might be used before being initialized

Fragment info
-------------
0(17) : warning C7050: "pa[0].zw" might be used before being initialized


[21:45:55.683] |I| [export_sceIoOpen]: Opening file: app0:/motion_body.bin
[21:45:55.750] |I| [export_sceIoOpen]: Opening file: app0:/motion_body.bin
[21:45:55.817] |I| [export_sceIoOpen]: Opening file: app0:/scenario_body.bin
[21:45:55.818] |I| [export_sceClibPrintf]: FIOS: unexpected failure during deallocation in AtomicToggleBits

[21:45:55.939] |E| [renderer::gl::compile_program]: Vertex info
-----------
0(24) : warning C7050: "internals[0].zw" might be used before being initialized

Fragment info
-------------
0(19) : warning C7050: "pa[0].zw" might be used before being initialized


[21:45:56.698] |D| [renderer::gl::texture::upload_bound_texture]: Texture Cube used
[21:45:56.719] |I| [renderer::gl::load_shader_generic]: Generating frag shader d3f2c14f3bb5c7f5b767315ac47113319945a998387febc14ccf32b3535b0f9e
[21:45:56.721] |D| [shader::create_parameters]: [DEFAULT  + 0] sa0 = (half1) alphaRef
[21:45:56.743] |E| [renderer::gl::compile_program]: Vertex info
-----------
0(25) : warning C7050: "internals[0].zw" might be used before being initialized


[21:45:56.744] |I| [renderer::gl::load_shader_generic]: Generating frag shader 48dccde98a4e5d30327b7152761c851866b6f58b5d3ae14b03d57ce1684461c1
[21:45:56.745] |D| [shader::create_fragment_inputs]: Iterator: pa0 = (half4) v_Color0
[21:45:56.764] |E| [renderer::gl::compile_program]: Vertex info
-----------
0(25) : warning C7050: "internals[0].zw" might be used before being initialized

Fragment info
-------------
0(20) : warning C7050: "sa[0]" might be used before being initialized
0(19) : warning C7050: "pa[0].zw" might be used before being initialized


[21:45:56.771] |I| [export_sceIoOpen]: Opening file: app0:/sound_body.bin
[21:45:56.855] |I| [export_sceIoOpen]: Opening file: app0:/voice_body.bin
[21:45:57.791] |I| [export_sceIoOpen]: Opening file: app0:/voice_body.bin
[21:45:58.488] |I| [export_sceIoOpen]: Opening file: app0:/voice_body.bin
[21:45:59.587] |I| [export_sceIoOpen]: Opening file: app0:/voice_body.bin
