[07:30:31.595] |I| [load_app_impl]: cpu-backend: Dynarmic
[07:30:31.595] |I| [load_app_impl]: CPU Optimisation state: true
[07:30:31.596] |I| [load_app_impl]: at9 audio decoder state: true
[07:30:31.596] |I| [load_app_impl]: ngs experimental state: true
[07:30:31.596] |I| [load_app_impl]: video player state: true
[07:30:31.596] |I| [load_app_impl]: lle-modules: libpgf,libSceXml,libsas,librudp,liblocation,libhandwriting,libSceJson
[07:30:31.596] |I| [load_app_impl]: Title: ザンキゼロ
[07:30:31.596] |I| [load_app_impl]: Serial: PCSG01113
[07:30:31.596] |I| [load_app_impl]: Version: 1.05
[07:30:31.596] |I| [load_app_impl]: Category: gp
[07:30:31.696] |C| [load_self]: Unknown segment type 0x6FFFFF01
[07:30:31.696] |I| [load_self]: Loaded module segment 0 @ [0x00007000 - 0x000588A4 / 0x81000000] (size: 0x000518A4) of module ux0:app\PCSG01113\sce_module\libc.suprx
[07:30:31.696] |I| [load_self]: Loaded module segment 1 @ [0x00059000 - 0x0005B8A0 / 0x81052000] (size: 0x000028A0) of module ux0:app\PCSG01113\sce_module\libc.suprx
[07:30:31.696] |I| [load_self]: Loading symbols for SELF: ux0:app\PCSG01113\sce_module\libc.suprx
[07:30:31.697] |D| [load_var_exports]: 	NID 0x936C8A78 (SYSLYB) at 0x4E314
[07:30:31.697] |D| [load_var_exports]: 	NID 0x6C2224BA (NID_MODULE_INFO) at 0x434DC
[07:30:31.698] |W| [load_var_imports]: 	NID NOT FOUND 0x93B8AA67 (UNRECOGNISED) at 0x4763C, setting to stub value 0xDEADBEEF
[07:30:31.699] |W| [load_var_imports]: 	NID NOT FOUND 0xDF084DFA (UNRECOGNISED) at 0x491D0, setting to stub value 0xDEADBEEF
[07:30:31.700] |I| [pre_load_module]: Pre-load module SceLibc (at "app\PCSG01113\sce_module\libc.suprx") loaded
[07:30:31.712] |C| [load_self]: Unknown segment type 0x6FFFFF01
[07:30:31.712] |I| [load_self]: Loaded module segment 0 @ [0x0005E000 - 0x00077000 / 0x81000000] (size: 0x00019000) of module ux0:app\PCSG01113\sce_module\libface.suprx
[07:30:31.713] |I| [load_self]: Loaded module segment 1 @ [0x00077000 - 0x000770F8 / 0x81019000] (size: 0x000000F8) of module ux0:app\PCSG01113\sce_module\libface.suprx
[07:30:31.714] |I| [load_self]: Loading symbols for SELF: ux0:app\PCSG01113\sce_module\libface.suprx
[07:30:31.714] |D| [load_var_exports]: 	NID 0x6C2224BA (NID_MODULE_INFO) at 0x73DA4
[07:30:31.717] |D| [load_var_exports]: 	NID 0x936C8A78 (SYSLYB) at 0x76784
[07:30:31.718] |I| [pre_load_module]: Pre-load module SceFace (at "app\PCSG01113\sce_module\libface.suprx") loaded
[07:30:31.730] |C| [load_self]: Unknown segment type 0x6FFFFF01
[07:30:31.732] |I| [load_self]: Loaded module segment 0 @ [0x00078000 - 0x000A4CBF / 0x81000000] (size: 0x0002CCBF) of module ux0:app\PCSG01113\sce_module\libfios2.suprx
[07:30:31.733] |I| [load_self]: Loaded module segment 1 @ [0x000A5000 - 0x000AA255 / 0x8102D000] (size: 0x00005255) of module ux0:app\PCSG01113\sce_module\libfios2.suprx
[07:30:31.734] |I| [load_self]: Loading symbols for SELF: ux0:app\PCSG01113\sce_module\libfios2.suprx
[07:30:31.734] |D| [load_var_exports]: 	NID 0x936C8A78 (SYSLYB) at 0xA4BC8
[07:30:31.734] |D| [load_var_exports]: 	NID 0x6C2224BA (NID_MODULE_INFO) at 0x9BF08
[07:30:31.735] |I| [pre_load_module]: Pre-load module SceLibFios2 (at "app\PCSG01113\sce_module\libfios2.suprx") loaded
[07:30:31.785] |C| [load_self]: Unknown segment type 0x6FFFFF01
[07:30:31.786] |I| [load_self]: Loaded module segment 0 @ [0x000AB000 - 0x002B8AF4 / 0x81000000] (size: 0x0020DAF4) of module ux0:app\PCSG01113\sce_module\libsmart.suprx
[07:30:31.787] |I| [load_self]: Loaded module segment 1 @ [0x002B9000 - 0x002BC444 / 0x8120E000] (size: 0x00003444) of module ux0:app\PCSG01113\sce_module\libsmart.suprx
[07:30:31.788] |I| [load_self]: Loading symbols for SELF: ux0:app\PCSG01113\sce_module\libsmart.suprx
[07:30:31.788] |D| [load_var_exports]: 	NID 0x6C2224BA (NID_MODULE_INFO) at 0x156528
[07:30:31.789] |D| [load_var_exports]: 	NID 0x936C8A78 (SYSLYB) at 0x15D90C
[07:30:31.789] |I| [pre_load_module]: Pre-load module SceSmart (at "app\PCSG01113\sce_module\libsmart.suprx") loaded
[07:30:31.799] |C| [load_self]: Unknown segment type 0x6FFFFF01
[07:30:31.799] |I| [load_self]: Loaded module segment 0 @ [0x002BD000 - 0x002D09BC / 0x81000000] (size: 0x000139BC) of module ux0:app\PCSG01113\sce_module\libult.suprx
[07:30:31.800] |I| [load_self]: Loaded module segment 1 @ [0x002D1000 - 0x002D1814 / 0x81014000] (size: 0x00000814) of module ux0:app\PCSG01113\sce_module\libult.suprx
[07:30:31.801] |I| [load_self]: Loading symbols for SELF: ux0:app\PCSG01113\sce_module\libult.suprx
[07:30:31.802] |D| [load_var_exports]: 	NID 0x936C8A78 (SYSLYB) at 0x2CF2E8
[07:30:31.802] |D| [load_var_exports]: 	NID 0x6C2224BA (NID_MODULE_INFO) at 0x2CC870
[07:30:31.803] |I| [pre_load_module]: Pre-load module SceUlt (at "app\PCSG01113\sce_module\libult.suprx") loaded
[07:30:31.811] |I| [load_self]: Loaded module segment 0 @ [0x002D2000 - 0x00322F04 / 0x81000000] (size: 0x00050F04) of module vs0:sys/external/libSceFt2.suprx
[07:30:31.813] |I| [load_self]: Loaded module segment 1 @ [0x00323000 - 0x003232F4 / 0x81051000] (size: 0x000002F4) of module vs0:sys/external/libSceFt2.suprx
[07:30:31.814] |I| [load_self]: Loading symbols for SELF: vs0:sys/external/libSceFt2.suprx
[07:30:31.814] |D| [load_var_exports]: 	NID 0x936C8A78 (SYSLYB) at 0x30E7DC
[07:30:31.815] |D| [load_var_exports]: 	NID 0x6C2224BA (NID_MODULE_INFO) at 0x30DF10
[07:30:31.815] |I| [pre_load_module]: Pre-load module SceLibft2 (at "sys/external/libSceFt2.suprx") loaded
[07:30:31.818] |I| [load_self]: Loaded module segment 0 @ [0x00324000 - 0x00333F14 / 0x81000000] (size: 0x0000FF14) of module vs0:sys/external/libpvf.suprx
[07:30:31.818] |I| [load_self]: Loaded module segment 1 @ [0x00334000 - 0x00334008 / 0x81010000] (size: 0x00000008) of module vs0:sys/external/libpvf.suprx
[07:30:31.819] |I| [load_self]: Loading symbols for SELF: vs0:sys/external/libpvf.suprx
[07:30:31.820] |D| [load_var_exports]: 	NID 0x936C8A78 (SYSLYB) at 0x332710
[07:30:31.820] |D| [load_var_exports]: 	NID 0x6C2224BA (NID_MODULE_INFO) at 0x332300
[07:30:31.821] |I| [pre_load_module]: Pre-load module SceLibPvf (at "sys/external/libpvf.suprx") loaded
[07:30:32.219] |C| [load_self]: Unknown segment type 0x6FFFFF01
[07:30:32.220] |I| [load_self]: Loaded module segment 0 @ [0x00335000 - 0x0160EF34 / 0x81000000] (size: 0x012D9F34) of module app0:eboot.bin
[07:30:32.221] |I| [load_self]: Loaded module segment 1 @ [0x0160F000 - 0x0291F440 / 0x822DA000] (size: 0x01310440) of module app0:eboot.bin
[07:30:32.222] |I| [load_self]: Loading symbols for SELF: app0:eboot.bin
[07:30:32.223] |D| [load_var_exports]: 	NID 0x6C2224BA (NID_MODULE_INFO) at 0x7B4604
[07:30:32.223] |D| [load_var_exports]: 	NID 0x70FBA1E7 (SCE_PROC_PARAMS) at 0x1634BE0
[07:30:32.224] |D| [load_var_exports]: 	NID 0x936C8A78 (SYSLYB) at 0x15D4514
[07:30:32.224] |I| [load_app_impl]: Main executable ZAZ (eboot.bin) loaded
[07:30:32.234] |D| [run_app]: Running module_start of library: SceLibc at address 0x7871
[07:30:32.246] |W| [stubbed_impl]: Stubbed sceKernelGetFreeMemorySize import called. (Single pool)
[07:30:32.809] |W| [stubbed_impl]: Stubbed sceKernelLockLwMutexCB import called. (no CB)
[07:30:32.821] |I| [run_app]: Module SceLibc (at "ux0:app\PCSG01113\sce_module\libc.suprx") module_start returned 0x0
[07:30:32.826] |D| [run_app]: Running module_start of library: SceFace at address 0x73265
[07:30:32.835] |I| [run_app]: Module SceFace (at "ux0:app\PCSG01113\sce_module\libface.suprx") module_start returned 0x0
[07:30:32.839] |D| [run_app]: Running module_start of library: SceLibFios2 at address 0x78001
[07:30:32.848] |W| [stubbed_impl]: Stubbed sceKernelGetProcessId import called. (pid: 0)
[07:30:32.848] |D| [export_sceFiosOverlayGetList02]: maxIDs: 127
[07:30:32.849] |W| [unimplemented_impl]: Unimplemented sceFiosOverlayGetList02 import called.
[07:30:32.849] |I| [run_app]: Module SceLibFios2 (at "ux0:app\PCSG01113\sce_module\libfios2.suprx") module_start returned 0x0
[07:30:32.854] |D| [run_app]: Running module_start of library: SceSmart at address 0xAB18D
[07:30:32.866] |I| [run_app]: Module SceSmart (at "ux0:app\PCSG01113\sce_module\libsmart.suprx") module_start returned 0x0
[07:30:32.870] |D| [run_app]: Running module_start of library: SceUlt at address 0x2C0771
[07:30:32.878] |W| [unimplemented_impl]: Unimplemented _sceUlobjMgrRegisterLibultProtocolRevision import called.
[07:30:32.879] |I| [run_app]: Module SceUlt (at "ux0:app\PCSG01113\sce_module\libult.suprx") module_start returned 0x0
[07:30:32.885] |W| [unimplemented_impl]: Unimplemented sceKernelRegisterThreadEventHandler import called.
[07:30:33.154] |W| [unimplemented_impl]: Unimplemented sceAppUtilInit import called.
[07:30:33.179] |W| [unimplemented_impl]: Unimplemented sceKernelChangeThreadVfpException import called.
[07:30:33.179] |W| [unimplemented_impl]: Unimplemented sceFiosOverlayThreadSetDisabled02 import called.
[07:30:33.198] |W| [unimplemented_impl]: Unimplemented sceCoredumpRegisterCoredumpHandler import called.
[07:30:33.258] |W| [unimplemented_impl]: Unimplemented sceFiosOverlayGetRecommendedScheduler02 import called.
[07:30:33.265] |I| [export_sceIoOpen]: Opening file: app0:/data_JP_01.00.psarc
[07:30:33.266] |W| [io_error_impl]: stat_file (_sceIoGetstat) returned 0xFFFFFFFF
[07:30:33.296] |I| [export_sceIoOpen]: Opening file: app0:/data_JP_01.01.psarc
[07:30:33.320] |I| [export_sceIoOpen]: Opening file: app0:/data_JP_01.01.psarc
[07:30:33.358] |I| [export_sceIoOpen]: Opening file: app0:/data_JP_01.02.psarc
[07:30:33.376] |I| [export_sceIoOpen]: Opening file: app0:/data_JP_01.02.psarc
[07:30:33.378] |I| [export_sceIoOpen]: Opening file: app0:/data_JP_01.03.psarc
[07:30:33.412] |I| [export_sceIoOpen]: Opening file: app0:/data_JP_01.03.psarc
[07:30:33.416] |I| [export_sceIoOpen]: Opening file: app0:/data_JP_01.04.psarc
[07:30:33.438] |I| [export_sceIoOpen]: Opening file: app0:/data_JP_01.04.psarc
[07:30:33.440] |I| [export_sceIoOpen]: Opening file: app0:/data_JP_01.05.psarc
[07:30:33.457] |I| [export_sceIoOpen]: Opening file: app0:/data_JP_01.05.psarc
[07:30:33.458] |W| [unimplemented_impl]: Unimplemented sceScreenShotDisable import called.
[07:30:33.458] |W| [unimplemented_impl]: Unimplemented sceScreenShotSetOverlayImage import called.
[07:30:33.460] |W| [unimplemented_impl]: Unimplemented sceScreenShotEnable import called.
[07:30:33.460] |W| [unimplemented_impl]: Unimplemented sceSysmoduleUnloadModule import called.
[07:30:33.556] |W| [stubbed_impl]: Stubbed sceKernelSetTimerEvent import called. (Type not implemented.)
[07:30:33.557] |W| [unimplemented_impl]: Unimplemented sceKernelPollEvent import called.
[07:30:33.557] |W| [unimplemented_impl]: Unimplemented sceKernelWaitEvent import called.
[07:30:33.559] |E| [logging::ret_error_impl]: sceKernelClearEvent returned SCE_KERNEL_ERROR_UNKNOWN_EVF_ID (0x800280E1)
[07:30:33.559] |W| [stubbed_impl]: Stubbed sceKernelSetEvent import called. (No UserData)
[07:30:33.586] |W| [stubbed_impl]: Stubbed sceGxmMapMemory import called. (always return success)
[07:30:33.588] |W| [stubbed_impl]: Stubbed sceGxmMapFragmentUsseMemory import called. (always return success)
[07:30:33.641] |W| [stubbed_impl]: Stubbed sceGxmMapVertexUsseMemory import called. (always return success)
[07:30:33.830] |W| [unimplemented_impl]: Unimplemented sceGxmColorSurfaceSetDitherMode import called.
[07:30:35.330] |W| [stubbed_impl]: Stubbed sceGxmTextureInitCube import called. (Stub InitCube)
[07:30:35.331] |D| [export_sceGxmTextureInitCube]: sceGxmTextureInitCube, Unimplemeted: width: 32, height: 32
[07:30:35.333] |D| [export_sceGxmTextureInitCube]: sceGxmTextureInitCube, Unimplemeted: width: 32, height: 32
[07:30:35.438] |W| [ngs::create_voice_definition]: Missing voice definition for Buss Type 7, using passthrough.
[07:30:35.439] |W| [unimplemented_impl]: Unimplemented sceNgsSystemRelease import called.
[07:30:35.460] |D| [export_sceNgsVoicePlay]: sceNgsVoicePlay: 1
[07:30:35.461] |D| [export_sceNgsVoicePlay]: sceNgsVoicePlay: 1
[07:30:35.461] |D| [export_sceNgsVoicePlay]: sceNgsVoicePlay: 1
[07:30:35.462] |D| [export_sceNgsVoicePlay]: sceNgsVoicePlay: 1
[07:30:35.462] |D| [export_sceNgsVoicePlay]: sceNgsVoicePlay: 1
[07:30:35.463] |D| [export_sceNgsVoicePlay]: sceNgsVoicePlay: 1
[07:30:35.464] |D| [export_sceNgsVoicePlay]: sceNgsVoicePlay: 1
[07:30:35.464] |D| [export_sceNgsVoicePlay]: sceNgsVoicePlay: 1
[07:30:35.465] |D| [export_sceNgsVoicePlay]: sceNgsVoicePlay: 1
[07:30:35.493] |W| [unimplemented_impl]: Unimplemented sceAudioOutGetAdopt import called.
[07:30:35.560] |W| [unimplemented_impl]: Unimplemented sceNgsVoiceBypassModule import called.
[07:30:35.614] |E| [stat_file]: Missing file at D:/Emulateurs/Vita3K/mc/ux0/app/PCSG01113/sound/ZAZ.acf (target path: app0:/sound/ZAZ.acf)
[07:30:35.616] |W| [io_error_impl]: stat_file (_sceIoGetstat) returned 0x80010002
[07:30:35.631] |E| [stat_file]: Missing file at D:/Emulateurs/Vita3K/mc/ux0/app/PCSG01113/sound/SE2D/SE_SYSTEM.acb (target path: app0:/sound/SE2D/SE_SYSTEM.acb)
[07:30:35.632] |W| [io_error_impl]: stat_file (_sceIoGetstat) returned 0x80010002
[07:30:35.731] |I| [export_sceIoOpen]: Opening file: app0:/sound/BGM/BGM.awb
[07:30:35.731] |E| [open_file]: Missing file at D:/Emulateurs/Vita3K/mc/ux0/app/PCSG01113/sound/BGM/BGM.awb (target path: app0:/sound/BGM/BGM.awb)
[07:30:35.732] |W| [io_error_impl]: open_file (sceIoOpen) returned 0x80010002
[07:30:35.780] |I| [export_sceIoOpen]: Opening file: app0:/sound/BGM_AMB/BGM_AMB.awb
[07:30:35.780] |E| [open_file]: Missing file at D:/Emulateurs/Vita3K/mc/ux0/app/PCSG01113/sound/BGM_AMB/BGM_AMB.awb (target path: app0:/sound/BGM_AMB/BGM_AMB.awb)
[07:30:35.781] |W| [io_error_impl]: open_file (sceIoOpen) returned 0x80010002
[07:30:35.783] |E| [stat_file]: Missing file at D:/Emulateurs/Vita3K/mc/ux0/app/PCSG01113/sound/Ambient/AMBIENCE2D.acb (target path: app0:/sound/Ambient/AMBIENCE2D.acb)
[07:30:35.784] |W| [io_error_impl]: stat_file (_sceIoGetstat) returned 0x80010002
[07:30:35.787] |E| [stat_file]: Missing file at D:/Emulateurs/Vita3K/mc/ux0/app/PCSG01113/sound/Ambient/AMBIENCE3D.acb (target path: app0:/sound/Ambient/AMBIENCE3D.acb)
[07:30:35.788] |W| [io_error_impl]: stat_file (_sceIoGetstat) returned 0x80010002
[07:30:35.791] |E| [stat_file]: Missing file at D:/Emulateurs/Vita3K/mc/ux0/app/PCSG01113/sound/SE3D/SE_DUNGEON.acb (target path: app0:/sound/SE3D/SE_DUNGEON.acb)
[07:30:35.792] |W| [io_error_impl]: stat_file (_sceIoGetstat) returned 0x80010002
[07:30:35.795] |E| [stat_file]: Missing file at D:/Emulateurs/Vita3K/mc/ux0/app/PCSG01113/sound/Voice/VO_DNG_ENEMY.acb (target path: app0:/sound/Voice/VO_DNG_ENEMY.acb)
[07:30:35.796] |W| [io_error_impl]: stat_file (_sceIoGetstat) returned 0x80010002
[07:30:36.627] |E| [stat_file]: Missing file at D:/Emulateurs/Vita3K/mc/ux0/app/PCSG01113/sound/SE2D/SE_EVENT.acb (target path: app0:/sound/SE2D/SE_EVENT.acb)
[07:30:36.629] |W| [io_error_impl]: stat_file (_sceIoGetstat) returned 0x80010002
[07:30:36.662] |W| [stubbed_impl]: Stubbed sceNetCtlInit import called. (Stub)
[07:30:36.663] |W| [stubbed_impl]: Stubbed sceNetCtlInetGetState import called. (state = SCE_NETCTL_STATE_DISCONNECTED)
[07:30:36.664] |W| [unimplemented_impl]: Unimplemented sceHttpInit import called.
[07:30:36.667] |W| [unimplemented_impl]: Unimplemented sceSslInit import called.
[07:30:36.671] |W| [unimplemented_impl]: Unimplemented sceNpBasicInit import called.
[07:30:36.671] |I| [load_module]: Loading module ID: 0x55
[07:30:36.750] |C| [load_self]: Unknown segment type 0x6FFFFF01
[07:30:36.750] |I| [load_self]: Loaded module segment 0 @ [0xFEF7A000 - 0xFEF80230 / 0x81000000] (size: 0x00006230) of module sys/external/libSceJson.suprx
[07:30:36.751] |I| [load_self]: Loaded module segment 1 @ [0xFEF81000 - 0xFEF81049 / 0x81007000] (size: 0x00000049) of module sys/external/libSceJson.suprx
[07:30:36.753] |I| [load_self]: Loading symbols for SELF: sys/external/libSceJson.suprx
[07:30:36.755] |D| [load_var_exports]: 	NID 0x936C8A78 (SYSLYB) at 0xFEF800A8
[07:30:36.755] |D| [load_var_exports]: 	NID 0x6C2224BA (NID_MODULE_INFO) at 0xFEF7F020
[07:30:36.756] |I| [load_module]: Module SceLibJson (at "sys/external/libSceJson.suprx") loaded
[07:30:36.758] |W| [unimplemented_impl]: Unimplemented s