[03:39:04.633] |I| [load_app_impl]: cpu-backend: Dynarmic
[03:39:04.633] |I| [load_app_impl]: CPU Optimisation state: true
[03:39:04.634] |I| [load_app_impl]: at9 audio decoder state: true
[03:39:04.634] |I| [load_app_impl]: ngs experimental state: true
[03:39:04.635] |I| [load_app_impl]: video player state: true
[03:39:04.635] |I| [load_app_impl]: lle-modules: libpgf,libSceXml,libsas,liblocation,libhandwriting,libSceJson,librudp
[03:39:04.635] |I| [load_app_impl]: Title: プライミニスター
[03:39:04.636] |I| [load_app_impl]: Serial: PCSG00905
[03:39:04.637] |I| [load_app_impl]: Version: 1.00
[03:39:04.637] |I| [load_app_impl]: Category: gd
[03:39:04.714] |C| [load_self]: Unknown segment type 0x6FFFFF01
[03:39:04.715] |I| [load_self]: Loaded module segment 0 @ [0x00007000 - 0x000588A4 / 0x81000000] (size: 0x000518A4) of module ux0:app\PCSG00905\sce_module\libc.suprx
[03:39:04.716] |I| [load_self]: Loaded module segment 1 @ [0x00059000 - 0x0005B8A0 / 0x81052000] (size: 0x000028A0) of module ux0:app\PCSG00905\sce_module\libc.suprx
[03:39:04.717] |I| [load_self]: Loading symbols for SELF: ux0:app\PCSG00905\sce_module\libc.suprx
[03:39:04.718] |D| [load_var_exports]: 	NID 0x936C8A78 (SYSLYB) at 0x4E314
[03:39:04.718] |D| [load_var_exports]: 	NID 0x6C2224BA (NID_MODULE_INFO) at 0x434DC
[03:39:04.718] |W| [load_var_imports]: 	NID NOT FOUND 0x93B8AA67 (UNRECOGNISED) at 0x4763C, setting to stub value 0xDEADBEEF
[03:39:04.720] |W| [load_var_imports]: 	NID NOT FOUND 0xDF084DFA (UNRECOGNISED) at 0x491D0, setting to stub value 0xDEADBEEF
[03:39:04.721] |I| [pre_load_module]: Pre-load module SceLibc (at "app\PCSG00905\sce_module\libc.suprx") loaded
[03:39:04.725] |C| [load_self]: Unknown segment type 0x6FFFFF01
[03:39:04.726] |I| [load_self]: Loaded module segment 0 @ [0x0005E000 - 0x00077000 / 0x81000000] (size: 0x00019000) of module ux0:app\PCSG00905\sce_module\libface.suprx
[03:39:04.727] |I| [load_self]: Loaded module segment 1 @ [0x00077000 - 0x000770F8 / 0x81019000] (size: 0x000000F8) of module ux0:app\PCSG00905\sce_module\libface.suprx
[03:39:04.730] |I| [load_self]: Loading symbols for SELF: ux0:app\PCSG00905\sce_module\libface.suprx
[03:39:04.731] |D| [load_var_exports]: 	NID 0x6C2224BA (NID_MODULE_INFO) at 0x73DA4
[03:39:04.731] |D| [load_var_exports]: 	NID 0x936C8A78 (SYSLYB) at 0x76784
[03:39:04.732] |I| [pre_load_module]: Pre-load module SceFace (at "app\PCSG00905\sce_module\libface.suprx") loaded
[03:39:04.738] |C| [load_self]: Unknown segment type 0x6FFFFF01
[03:39:04.738] |I| [load_self]: Loaded module segment 0 @ [0x00078000 - 0x000A4CBF / 0x81000000] (size: 0x0002CCBF) of module ux0:app\PCSG00905\sce_module\libfios2.suprx
[03:39:04.740] |I| [load_self]: Loaded module segment 1 @ [0x000A5000 - 0x000AA255 / 0x8102D000] (size: 0x00005255) of module ux0:app\PCSG00905\sce_module\libfios2.suprx
[03:39:04.740] |I| [load_self]: Loading symbols for SELF: ux0:app\PCSG00905\sce_module\libfios2.suprx
[03:39:04.741] |D| [load_var_exports]: 	NID 0x936C8A78 (SYSLYB) at 0xA4BC8
[03:39:04.742] |D| [load_var_exports]: 	NID 0x6C2224BA (NID_MODULE_INFO) at 0x9BF08
[03:39:04.744] |I| [pre_load_module]: Pre-load module SceLibFios2 (at "app\PCSG00905\sce_module\libfios2.suprx") loaded
[03:39:04.784] |C| [load_self]: Unknown segment type 0x6FFFFF01
[03:39:04.784] |I| [load_self]: Loaded module segment 0 @ [0x000AB000 - 0x002B8AF4 / 0x81000000] (size: 0x0020DAF4) of module ux0:app\PCSG00905\sce_module\libsmart.suprx
[03:39:04.785] |I| [load_self]: Loaded module segment 1 @ [0x002B9000 - 0x002BC444 / 0x8120E000] (size: 0x00003444) of module ux0:app\PCSG00905\sce_module\libsmart.suprx
[03:39:04.787] |I| [load_self]: Loading symbols for SELF: ux0:app\PCSG00905\sce_module\libsmart.suprx
[03:39:04.787] |D| [load_var_exports]: 	NID 0x6C2224BA (NID_MODULE_INFO) at 0x156528
[03:39:04.788] |D| [load_var_exports]: 	NID 0x936C8A78 (SYSLYB) at 0x15D90C
[03:39:04.789] |I| [pre_load_module]: Pre-load module SceSmart (at "app\PCSG00905\sce_module\libsmart.suprx") loaded
[03:39:04.826] |C| [load_self]: Unknown segment type 0x6FFFFF01
[03:39:04.826] |I| [load_self]: Loaded module segment 0 @ [0x002BD000 - 0x002D09BC / 0x81000000] (size: 0x000139BC) of module ux0:app\PCSG00905\sce_module\libult.suprx
[03:39:04.828] |I| [load_self]: Loaded module segment 1 @ [0x002D1000 - 0x002D1814 / 0x81014000] (size: 0x00000814) of module ux0:app\PCSG00905\sce_module\libult.suprx
[03:39:04.829] |I| [load_self]: Loading symbols for SELF: ux0:app\PCSG00905\sce_module\libult.suprx
[03:39:04.830] |D| [load_var_exports]: 	NID 0x936C8A78 (SYSLYB) at 0x2CF2E8
[03:39:04.830] |D| [load_var_exports]: 	NID 0x6C2224BA (NID_MODULE_INFO) at 0x2CC870
[03:39:04.830] |I| [pre_load_module]: Pre-load module SceUlt (at "app\PCSG00905\sce_module\libult.suprx") loaded
[03:39:04.838] |I| [load_self]: Loaded module segment 0 @ [0x002D2000 - 0x00322F04 / 0x81000000] (size: 0x00050F04) of module vs0:sys/external/libSceFt2.suprx
[03:39:04.838] |I| [load_self]: Loaded module segment 1 @ [0x00323000 - 0x003232F4 / 0x81051000] (size: 0x000002F4) of module vs0:sys/external/libSceFt2.suprx
[03:39:04.839] |I| [load_self]: Loading symbols for SELF: vs0:sys/external/libSceFt2.suprx
[03:39:04.840] |D| [load_var_exports]: 	NID 0x936C8A78 (SYSLYB) at 0x30E7DC
[03:39:04.841] |D| [load_var_exports]: 	NID 0x6C2224BA (NID_MODULE_INFO) at 0x30DF10
[03:39:04.841] |I| [pre_load_module]: Pre-load module SceLibft2 (at "sys/external/libSceFt2.suprx") loaded
[03:39:04.844] |I| [load_self]: Loaded module segment 0 @ [0x00324000 - 0x00333F14 / 0x81000000] (size: 0x0000FF14) of module vs0:sys/external/libpvf.suprx
[03:39:04.845] |I| [load_self]: Loaded module segment 1 @ [0x00334000 - 0x00334008 / 0x81010000] (size: 0x00000008) of module vs0:sys/external/libpvf.suprx
[03:39:04.846] |I| [load_self]: Loading symbols for SELF: vs0:sys/external/libpvf.suprx
[03:39:04.847] |D| [load_var_exports]: 	NID 0x936C8A78 (SYSLYB) at 0x332710
[03:39:04.847] |D| [load_var_exports]: 	NID 0x6C2224BA (NID_MODULE_INFO) at 0x332300
[03:39:04.848] |I| [pre_load_module]: Pre-load module SceLibPvf (at "sys/external/libpvf.suprx") loaded
[03:39:04.897] |C| [load_self]: Unknown segment type 0x6FFFFF01
[03:39:04.897] |I| [load_self]: Loaded module segment 0 @ [0x00335000 - 0x003BADD4 / 0x81000000] (size: 0x00085DD4) of module app0:eboot.bin
[03:39:04.898] |I| [load_self]: Loaded module segment 1 @ [0x003BB000 - 0x04F5E864 / 0x81086000] (size: 0x04BA3864) of module app0:eboot.bin
[03:39:04.899] |I| [load_self]: Loading symbols for SELF: app0:eboot.bin
[03:39:04.899] |D| [load_var_exports]: 	NID 0x6C2224BA (NID_MODULE_INFO) at 0x39BCC0
[03:39:04.900] |D| [load_var_exports]: 	NID 0x70FBA1E7 (SCE_PROC_PARAMS) at 0x3BD544
[03:39:04.900] |D| [load_var_exports]: 	NID 0x936C8A78 (SYSLYB) at 0x3A8290
[03:39:04.901] |I| [load_app_impl]: Main executable PSVita_Project8 (eboot.bin) loaded
[03:39:04.910] |D| [run_app]: Running module_start of library: SceLibc at address 0x7871
[03:39:04.930] |I| [run_app]: Module SceLibc (at "ux0:app\PCSG00905\sce_module\libc.suprx") module_start returned 0x0
[03:39:04.934] |D| [run_app]: Running module_start of library: SceFace at address 0x73265
[03:39:04.943] |I| [run_app]: Module SceFace (at "ux0:app\PCSG00905\sce_module\libface.suprx") module_start returned 0x0
[03:39:04.947] |D| [run_app]: Running module_start of library: SceLibFios2 at address 0x78001
[03:39:04.955] |W| [stubbed_impl]: Stubbed sceKernelGetProcessId import called. (pid: 0)
[03:39:04.955] |D| [export_sceFiosOverlayGetList02]: maxIDs: 127
[03:39:04.956] |W| [unimplemented_impl]: Unimplemented sceFiosOverlayGetList02 import called.
[03:39:04.956] |I| [run_app]: Module SceLibFios2 (at "ux0:app\PCSG00905\sce_module\libfios2.suprx") module_start returned 0x0
[03:39:04.961] |D| [run_app]: Running module_start of library: SceSmart at address 0xAB18D
[03:39:04.971] |I| [run_app]: Module SceSmart (at "ux0:app\PCSG00905\sce_module\libsmart.suprx") module_start returned 0x0
[03:39:04.976] |D| [run_app]: Running module_start of library: SceUlt at address 0x2C0771
[03:39:04.983] |W| [unimplemented_impl]: Unimplemented _sceUlobjMgrRegisterLibultProtocolRevision import called.
[03:39:04.983] |I| [run_app]: Module SceUlt (at "ux0:app\PCSG00905\sce_module\libult.suprx") module_start returned 0x0
[03:39:05.009] |W| [unimplemented_impl]: Unimplemented sceKernelChangeThreadVfpException import called.
[03:39:05.010] |W| [unimplemented_impl]: Unimplemented sceFiosOverlayThreadSetDisabled02 import called.
[03:39:05.077] |W| [unimplemented_impl]: Unimplemented sceFiosOverlayGetRecommendedScheduler02 import called.
[03:39:05.084] |I| [export_sceIoOpen]: Opening file: app0:/data/DATA.psarc
[03:39:05.127] |I| [export_sceIoOpen]: Opening file: app0:/data/DATA.psarc
[03:39:05.241] |I| [export_sceIoOpen]: Opening file: app0:/data/VOICE.psarc
[03:39:05.255] |I| [export_sceIoOpen]: Opening file: app0:/data/VOICE.psarc
[03:39:05.472] |I| [export_sceIoOpen]: Opening file: app0:/data/system_se/0.vag
[03:39:05.507] |I| [export_sceIoOpen]: Opening file: app0:/data/system_se/1.vag
[03:39:05.513] |I| [export_sceIoOpen]: Opening file: app0:/data/system_se/2.vag
[03:39:05.526] |I| [export_sceIoOpen]: Opening file: app0:/data/system_se/3.vag
[03:39:05.550] |W| [stubbed_impl]: Stubbed sceGxmMapMemory import called. (always return success)
[03:39:05.553] |W| [stubbed_impl]: Stubbed sceGxmMapFragmentUsseMemory import called. (always return success)
[03:39:05.574] |W| [stubbed_impl]: Stubbed sceGxmMapVertexUsseMemory import called. (always return success)
[03:39:05.585] |W| [stubbed_impl]: Stubbed sceDisplayWaitSetFrameBuf import called. (move after setframebuf)
[03:39:05.761] |W| [stubbed_impl]: Stubbed sceDisplayWaitVblankStart import called. (wait for vblank)
[03:39:05.997] |W| [unimplemented_impl]: Unimplemented sceAppUtilInit import called.
[03:39:05.997] |W| [unimplemented_impl]: Unimplemented sceScreenShotDisable import called.
[03:39:05.998] |W| [unimplemented_impl]: Unimplemented sceScreenShotSetOverlayImage import called.
[03:39:05.998] |W| [unimplemented_impl]: Unimplemented sceScreenShotEnable import called.
[03:39:06.040] |W| [stubbed_impl]: Stubbed sceDisplayWaitVblankStartCB import called. (wait for vblank)
[03:39:06.066] |I| [float_to_half_init]: AVX+F16C instruction set supported. Use fast f32 to f16 conversion
[03:39:06.091] |I| [renderer::gl::load_shader_generic]: Generating frag shader 1f0f693108a1f9dc186da704a9045c7e9311757e8dcee7acb40e6bc894a51f3f
[03:39:06.093] |D| [shader::create_parameters]: [DEFAULT  + 0] sa0 = (half4) color
[03:39:06.109] |I| [renderer::gl::load_shader_generic]: Generating vert shader 3276b27757e97f3cf468df5c061ed7fe11f80ce9a9772476248287924616a5bf
[03:39:06.111] |D| [shader::create_parameters]: [BUFFER0  + 0] pa0 = (float4) aPosition
[03:39:06.133] |E| [renderer::gl::compile_program]: Fragment info
-------------
0(20) : warning C7050: "pa[0].zw" might be used before being initialized


[03:39:06.191] |I| [renderer::gl::load_shader_generic]: Generating frag shader 9f8f4953a7a8e8cd5f99b798477a08396ab9555daf6275056d51c2a90851643a
[03:39:06.193] |D| [shader::create_parameters]: [DEFAULT  + 0] sa0 = (float1) mask
[03:39:06.195] |I| [renderer::gl::load_shader_generic]: Generating vert shader 7574cc51a43db24d7a2d11db57cb1dab422561891a72754ce6744ae9a52f88ae
[03:39:06.196] |D| [shader::create_parameters]: [DEFAULT  + 0] sa0 = (float4) coords
[03:39:06.198] |D| [renderer::gl::texture::translate_swizzle]: base format: -1795162112, swizzle: 20480
[03:39:06.201] |I| [renderer::gl::load_shader_generic]: Generating frag shader e21bcef668d4f05593a2a2a6c21b981bc40cc3227c1a4a1027582a4dc3bf4732
[03:39:06.204] |D| [shader::create_parameters]: [DEFAULT  + 8] sa8 = (float1) tme
[03:39:06.205] |D| [shader::create_parameters]: [DEFAULT  + 9] sa9 = (float1) tfunc
[03:39:06.205] |D| [shader::create_parameters]: [DEFAULT  + 0] sa0 = (float4) vColor
[03:39:06.206] |D| [shader::create_parameters]: [DEFAULT  + 4] sa4 = (float1) data[4]
[03:39:06.206] |D| [shader::create_fragment_inputs]: Iterator: pa0 = (float2) v_TexCoord0
[03:39:06.221] |D| [shader::usse::USSETranslatorVisitor::vtst]: load_data_type: 5, bits max: 8
[03:39:06.222] |D| [shader::usse::USSETranslatorVisitor::vtst]: load_data_type: 5, bits max: 8
[03:39:06.223] |D| [shader::usse::USSETranslatorVisitor::vtst]: load_data_type: 5, bits max: 8
[03:39:06.223] |D| [shader::usse::USSETranslatorVisitor::vtst]: load_data_type: 5, bits max: 8
[03:39:06.267] |D| [shader::usse::USSETranslatorVisitor::vtst]: load_data_type: 5, bits max: 8
[03:39:06.271] |D| [shader::usse::USSETranslatorVisitor::vtst]: load_data_type: 5, bits max: 8
[03:39:06.272] |D| [shader::usse::USSETranslatorVisitor::vtst]: load_data_type: 5, bits max: 8
[03:39:06.283] |D| [shader::usse::USSETranslatorVisitor::vtst]: load_data_type: 5, bits max: 8
[03:39:06.300] |I| [renderer::gl::load_shader_generic]: Generating vert shader 1549baa4303af634daf6cef702e78ad42d44afb92521f95de1d7e07bb970d508
[03:39:06.302] |D| [shader::create_parameters]: [BUFFER0  + 0] pa0 = (float4) aPosition
[03:39:06.302] |D| [shader::create_parameters]: [BUFFER0  + 4] pa4 = (float4) aTexCoord
[03:39:06.302] |D| [shader::create_parameters]: [DEFAULT  + 0] sa0 = (float4) wvp[4]
[03:39:06.303] |D| [shader::create_parameters]: [DEFAULT  + 16] sa16 = (float1) crop[4]
[03:39:06.355] |E| [renderer::gl::compile_program]: Vertex info
-----------
0(23) : warning C7050: "internals[0].w" might be used before being initialized
0(23) : warning C7050: "internals[1].zw" might be used before being initialized

Fragment info
-------------
0(22) : warning C7050: "pa[0].zw" might be used before being initialized
0(24) : warning C7050: "internals[0]" might be used before being initialized
0(24) : warning C7050: "internals[1]" might be used before being initialized
0(24) : warning C7050: "internals[2]" might be used before being initialized
0(25) : warning C7050: "r[0]" might be used before being initialized


[03:39:06.359] |D| [renderer::gl::texture::translate_swizzle]: base format: -1795162112, swizzle: 4096
[03:39:12.569] |E| [open_file]: Missing file at D:/Emulateurs/Vita3K/mc/ux0/user/00/savedata/PCSG00905/SlotParam_32.bin (target path: savedata0:/SlotParam_32.bin)
[03:39:12.570] |W| [io_error_impl]: open_file (sceAppUtilSaveDataSlotGetParam) returned 0x80010002
[03:39:12.571] |E| [logging::ret_error_impl]: sceAppUtilSaveDataSlotGetParam returned SCE_APPUTIL_ERROR_SAVEDATA_SLOT_NOT_FOUND (0x80100641)
[03:39:12.577] |I| [export_sceIoOpen]: Opening file: savedata0:data0032.bin
[03:39:12.579] |E| [open_file]: Missing file at D:/Emulateurs/Vita3K/mc/ux0/user/00/savedata/PCSG00905/data0032.bin (target path: savedata0:data0032.bin)
[03:39:12.580] |W| [io_error_impl]: open_file (sceIoOpen) returned 0x80010002
[03:39:12.725] |D| [renderer::gl::texture::translate_swizzle]: base format: -1795162112, swizzle: 4096
[03:39:12.726] |D| [renderer::gl::texture::translate_swizzle]: base format: -1795162112, swizzle: 4096
[03:39:12.727] |I| [renderer::gl::load_shader_generic]: Generating frag shader 326870ad66748ba99216351d767f5809b3c15c31d53e36eca0460bc452751ff0
[03:39:12.728] |D| [shader::create_parameters]: [DEFAULT  + 2] sa2 = (float4) rgba
[03:39:12.729] |D| [shader::create_parameters]: [DEFAULT  + 0] sa0 = (float2) size
[03:39:12.729] |D| [shader::create_parameters]: [DEFAULT  + 6] sa6 = (float4) edge
[03:39:12.730] |D| [shader::create_fragment_inputs]: Iterator: pa0 = (float2) v_TexCoord0
[03:39:12.746] |D| [shader::usse::USSETranslatorVisitor::vtst]: load_data_type: 5, bits max: 8
[03:39:12.749] |D| [shader::usse::USSETranslatorVisitor::vtst]: load_data_type: 4, bits max: 8
[03:39:12.750] |D| [shader::usse::USSETranslatorVisitor::vtst]: load_data_type: 4, bits max: 8
[03:39:12.751] |D| [shader::usse::USSETranslatorVisitor::vtst]: load_data_type: 4, bits max: 8
[03:39:12.755] |D| [shader::usse::USSETranslatorVisitor::vtst]: load_data_type: 4, bits max: 8
[03:39:12.760] |E| [shader::usse::USSETranslatorVisitor::smp]: Sampler LOD custom mode not implemented!
[03:39:12.760] |D| [shader::usse::USSETranslatorVisitor::vtst]: load_data_type: 8, bits max: 7
[03:39:12.761] |D| [shader::usse::USSETranslatorVisitor::vtst]: load_data_type: 8, bits max: 7
[03:39:12.765] |D| [shader::usse::USSETranslatorVisitor::vtst]: load_data_type: 5, bits max: 8
[03:39:12.767] |D| [shader::usse::USSETranslatorVisitor::vtst]: load_data_type: 5, bits max: 8
[03:39:12.771] |D| [shader::usse::USSETranslatorVisitor::vtst]: load_data_type: 5, bits max: 8
[03:39:12.772] |D| [shader::usse::USSETranslatorVisitor::vtst]: load_data_type: 5, bits max: 8
[03:39:12.777] |E| [shader::usse::USSETranslatorVisitor::smp]: Sampler LOD custom mode not implemented!
[03:39:12.779] |E| [shader::usse::USSETranslatorVisitor::smp]: Sampler LOD custom mode not implemented!
[03:39:12.780] |D| [shader::usse::USSETranslatorVisitor::vtst]: load_data_type: 5, bits max: 8
[03:39:12.782] |D| [shader::usse::USSETranslatorVisitor::vtst]: load_data_type: 5, bits max: 8
[03:39:12.790] |D| [shader::usse::USSETranslatorVisitor::vtst]: load_data_type: 5, bits max: 8
[03:39:12.793] |D| [shader::usse::USSETranslatorVisitor::vtst]: load_data_type: 5, bits max: 8
[03:39:12.795] |D| [shader::usse::USSETranslatorVisitor::vtst]: load_data_type: 5, bits max: 8
[03:39:12.797] |D| [shader::usse::USSETranslatorVisitor::vtst]: load_data_type: 5, bits max: 8
[03:39:12.808] |E| [shader::usse::USSETranslatorVisitor::smp]: Sampler LOD custom mode not implemented!
[03:39:12.809] |D| [shader::usse::USSETranslatorVisitor::vtst]: load_data_type: 5, bits max: 8
[03:39:12.811] |D| [shader::usse::USSETranslatorVisitor::vtst]: load_data_type: 5, bits max: 8
[03:39:12.814] |D| [shader::usse::USSETranslatorVisitor::vtst]: load_data_type: 5, bits max: 8
[03:39:12.819] |D| [shader::usse::USSETranslatorVisitor::vtst]: load_data_type: 5, bits max: 8
[03:39:12.822] |D| [shader::usse::USSETranslatorVisitor::vtst]: load_data_type: 5, bits max: 8
[03:39:12.829] |E| [shader::usse::USSETranslatorVisitor::smp]: Sampler LOD custom mode not implemented!
[03:39:12.831] |D| [shader::usse::USSETranslatorVisitor::vtst]: load_data_type: 5, bits max: 8
[03:39:12.835] |D| [shader::usse::USSETranslatorVisitor::vtst]: load_data_type: 5, bits max: 8
[03:39:12.837] |D| [shader::usse::USSETranslatorVisitor::vtst]: load_data_type: 5, bits max: 8
[03:39:12.839] |D| [shader::usse::USSETranslatorVisitor::vtst]: load_data_type: 5, bits max: 8
[03:39:12.840] |D| [shader::usse::USSETranslatorVisitor::vtst]: load_data_type: 5, bits max: 8
[03:39:12.846] |E| [shader::usse::USSETranslatorVisitor::smp]: Sampler LOD custom mode not implemented!
[03:39:12.850] |D| [shader::usse::USSETranslatorVisitor::vtst]: load_data_type: 5, bits max: 8
[03:39:12.852] |D| [shader::usse::USSETranslatorVisitor::vtst]: load_data_type: 5, bits max: 8
[03:39:12.855] |D| [shader::usse::USSETranslatorVisitor::vtst]: load_data_type: 5, bits max: 8
[03:39:12.856] |D| [shader::usse::USSETranslatorVisitor::vtst]: load_data_type: 5, bits max: 8
[03:39:12.858] |D| [shader::usse::USSETranslatorVisitor::vtst]: load_data_type: 5, bits max: 8
[03:39:12.871] |E| [shader::usse::USSETranslatorVisitor::smp]: Sampler LOD custom mode not implemented!
[03:39:12.875] |D| [shader::usse::USSETranslatorVisitor::vtst]: load_data_type: 5, bits max: 8
[03:39:12.878] |D| [shader::usse::USSETranslatorVisitor::vtst]: load_data_type: 5, bits max: 8
[03:39:12.882] |D| [shader::usse::USSETranslatorVisitor::vtst]: load_data_type: 5, bits max: 8
[03:39:12.884] |D| [shader::usse::USSETranslatorVisitor::vtst]: load_data_type: 5, bits max: 8
[03:39:12.886] |D| [shader::usse::USSETranslatorVisitor::vtst]: load_data_type: 5, bits max: 8
[03:39:12.891] |E| [shader::usse::USSETranslatorVisitor::smp]: Sampler LOD custom mode not implemented!
[03:39:12.894] |D| [shader::usse::USSETranslatorVisitor::vtst]: load_data_type: 5, bits max: 8
[03:39:12.898] |D| [shader::usse::USSETranslatorVisitor::vtst]: load_data_type: 5, bits max: 8
[03:39:12.900] |D| [shader::usse::USSETranslatorVisitor::vtst]: load_data_type: 5, bits max: 8
[03:39:12.901] |D| [shader::usse::USSETranslatorVisitor::vtst]: load_data_type: 5, bits max: 8
[03:39:12.902] |D| [shader::usse::USSETranslatorVisitor::vtst]: load_data_type: 5, bits max: 8
[03:39:12.907] |E| [shader::usse::USSETranslatorVisitor::smp]: Sampler LOD custom mode not implemented!
[03:39:12.909] |D| [shader::usse::USSETranslatorVisitor::vtst]: load_data_type: 5, bits max: 8
[03:39:12.914] |D| [shader::usse::USSETranslatorVisitor::vtst]: load_data_type: 5, bits max: 8
[03:39:12.915] |D| [shader::usse::USSETranslatorVisitor::vtst]: load_data_type: 5, bits max: 8
[03:39:12.917] |D| [shader::usse::USSETranslatorVisitor::vtst]: load_data_type: 5, bits max: 8
[03:39:12.918] |D| [shader::usse::USSETranslatorVisitor::vtst]: load_data_type: 5, bits max: 8
[03:39:12.923] |E| [shader::usse::USSETranslatorVisitor::smp]: Sampler LOD custom mode not implemented!
[03:39:12.925] |D| [shader::usse::USSETranslatorVisitor::vtst]: load_data_type: 5, bits max: 8
[03:39:12.926] |D| [shader::usse::USSETranslatorVisitor::vtst]: load_data_type: 5, bits max: 8
[03:39:12.929] |D| [shader::usse::USSETranslatorVisitor::vtst]: load_data_type: 5, bits max: 8
[03:39:12.931] |D| [shader::usse::USSETranslatorVisitor::vtst]: load_data_type: 5, bits max: 8
[03:39:12.932] |D| [shader::usse::USSETranslatorVisitor::vtst]: load_data_type: 5, bits max: 8
[03:39:12.942] |D| [shader::usse::USSETranslatorVisitor::vtst]: load_data_type: 5, bits max: 8
[03:39:12.946] |D| [shader::usse::USSETranslatorVisitor::vtst]: load_data_type: 5, bits max: 8
[03:39:12.965] |I| [renderer::gl::load_shader_generic]: Generating vert shader dbbd31d5b834de52cbddc0fd4bd1040feb7c68a9d8fb0423429b56eeeb64ed7b
[03:39:12.967] |D| [shader::create_parameters]: [BUFFER0  + 0] pa0 = (float4) aPosition
[03:39:12.967] |D| [shader::create_parameters]: [BUFFER0  + 4] pa4 = (float4) aTexCoord
[03:39:12.967] |D| [shader::create_parameters]: [DEFAULT  + 0] sa0 = (float4) wvp[4]
[03:39:12.968] |D| [shader::create_parameters]: [DEFAULT  + 16] sa16 = (float2) size
[03:39:12.968] |D| [shader::create_parameters]: [DEFAULT  + 18] sa18 = (float1) edge
[03:39:12.972] |D| [shader::usse::USSETranslatorVisitor::vtst]: load_data_type: 5, bits max: 8
[03:39:13.062] |E| [renderer::gl::compile_program]: Vertex info
-----------
0(23) : warning C7050: "internals[0].w" might be used before being initialized

Fragment info
-------------
0(22) : warning C7050: "pa[0].zw" might be used before being initialized
0(24) : warning C7050: "internals[0]" might be used before being initialized
0(24) : warning C7050: "internals[2]" might be used before being initialized
0(26) : warning C7050: "p[1]" might be used before being initialized
0(25) : warning C7050: "r[0]" might be used before being initialized
0(25) : warning C7050: "r[1]" might be used before being initialized
0(25) : warning C7050: "r[2]" might be used before being initialized


[03:39:13.064] |D| [renderer::gl::texture::translate_swizzle]: base format: -1795162112, swizzle: 4096
[03:39:13.065] |D| [renderer::gl::texture::translate_swizzle]: base format: -1795162112, swizzle: 4096
[03:39:13.065] |D| [renderer::gl::texture::translate_swizzle]: base format: -1795162112, swizzle: 4096
[03:39:13.067] |D| [renderer::gl::texture::translate_swizzle]: base format: -1795162112, swizzle: 4096
[03:39:13.067] |D| [renderer::gl::texture::translate_swizzle]: base format: -1795162112, swizzle: 4096
[03:39:13.068] |D| [renderer::gl::texture::translate_swizzle]: base format: -1795162112, swizzle: 4096
[03:39:13.069] |D| [renderer::gl::texture::translate_swizzle]: base format: -1795162112, swizzle: 4096
[03:39:13.069] |D| [renderer::gl::texture::translate_swizzle]: base format: -1795162112, swizzle: 4096
[03:39:13.070] |D| [renderer::gl::texture::translate_swizzle]: base format: -1795162112, swizzle: 4096
[03:39:13.070] |D| [renderer::gl::texture::translate_swizzle]: base format: -1795162112, swizzle: 4096
[03:39:13.071] |D| [renderer::gl::texture::translate_swizzle]: base format: -1795162112, swizzle: 4096
[03:39:13.071] |D| [renderer::gl::texture::translate_swizzle]: base format: -1795162112, swizzle: 4096
[03:39:13.072] |D| [renderer::gl::texture::translate_swizzle]: base format: -1795162112, swizzle: 4096
[03:39:16.844] |W| [unimplemented_impl]: Unimplemented sceCommonDialogUpdate import called.
[03:39:17.174] |D| [renderer::gl::texture::translate_swizzle]: base format: 0, swizzle: 20480
[03:39:17.208] |D| [renderer::gl::texture::translate_swizzle]: base format: -1795162112, swizzle: 4096
[03:39:18.935] |W| [unimplemented_impl]: Unimplemented sceNgsVoiceSetFinishedCallback import called.
[03:39:18.936] |D| [export_sceNgsVoicePlay]: sceNgsVoicePlay: 1
[03:39:18.953] |D| [export_sceNgsVoicePlay]: sceNgsVoicePlay: 1
[03:39:19.379] |W| [Atrac9DecoderState::send]: Error sending Atrac9 packet: 0xBEBBB1B7.
[03:39:19.398] |W| [Atrac9DecoderState::send]: Error sending Atrac9 packet: 0xBEBBB1B7.
[03:39:19.449] |W| [Atrac9DecoderState::send]: Error sending Atrac9 packet: 0xBEBBB1B7.
[03:39:19.788] |W| [Atrac9DecoderState::send]: Error sending Atrac9 packet: 0xBEBBB1B7.
[03:39:21.024] |D| [renderer::gl::texture::translate_swizzle]: base format: -1795162112, swizzle: 20480
[03:39:21.261] |D| [export_sceNgsVoicePlay]: sceNgsVoicePlay: 1
[03:39:21.659] |W| [Atrac9DecoderState::send]: Error sending Atrac9 packet: 0xBEBBB1B7.
[03:39:21.678] |W| [Atrac9DecoderState::send]: Error sending Atrac9 packet: 0xBEBBB1B7.
[03:39:22.268] |W| [Atrac9DecoderState::send]: Error sending Atrac9 packet: 0xBEBBB1B7.
[03:39:23.410] |D| [export_sceAvPlayerInit]: auto start: false
[03:39:23.410] |D| [export_sceAvPlayerAddSource]: path: app0:data/movie/prim_logo.mp4
[03:39:23.411] |I| [PlayerState::queue]: Queued video: 'D:/Emulateurs/Vita3K/mc/ux0/app/PCSG00905/data/movie/prim_logo.mp4'.
[03:39:23.448] |D| [thread_callback]: Play Video
[03:39:23.460] |W| [stubbed_impl]: Stubbed sceAvPlayerStreamCount import called. (ALWAYS RETURN 2 (VIDEO AND AUDIO))
[03:39:23.460] |W| [stubbed_impl]: Stubbed sceAvPlayerGetStreamInfo import called. (ALWAYS SUSPECTS 2 STREAMS: VIDEO AND AUDIO)
[03:39:23.461] |D| [export_sceAvPlayerEnableStream]: sceAvPlayerEnableStream, stream no: 0
[03:39:23.462] |D| [export_sceAvPlayerEnableStream]: sceAvPlayerEnableStream, stream no: 1
[03:39:23.463] |D| [export_sceAvPlayerStart]: sceAvPlayerStart
[03:39:23.475] |D| [renderer::gl::texture::translate_swizzle]: base format: -1879048192, swizzle: 12288
[03:39:23.477] |I| [renderer::gl::load_shader_generic]: Generating frag shader 3d342b58a1aed7f3b6bd58362a74af004ba707d31c66a5e21a81889078f7b318
[03:39:23.481] |I| [renderer::gl::load_shader_generic]: Generating vert shader 2e675643a5018f8d87749c7a2899ac5f0e5fdb6715b8736f207dac0b4699e910
[03:39:23.483] |D| [shader::create_parameters]: [BUFFER0  + 0] pa0 = (float4) aPosition
[03:39:23.483] |D| [shader::create_parameters]: [BUFFER0  + 4] pa4 = (float4) aTexCoord
[03:39:23.483] |D| [shader::create_parameters]: [DEFAULT  + 0] sa0 = (float4) wvp[4]
[03:39:23.497] |E| [renderer::gl::compile_program]: Vertex info
-----------
0(23) : warning C7050: "internals[0].w" might be used before being initialized


[03:39:23.502] |D| [renderer::gl::texture::translate_swizzle]: base format: -1879048192, swizzle: 12288
[03:39:23.508] |D| [renderer::gl::texture::translate_swizzle]: base format: -1879048192, swizzle: 12288
[03:39:23.543] |D| [renderer::gl::texture::translate_swizzle]: base format: -1879048192, swizzle: 12288
[03:39:31.313] |D| [export_sceAvPlayerClose]: sceAvPlayerClose
[03:39:31.314] |D| [export_sceAvPlayerDisableStream]: sceAvPlayerDisableStream, stream no: 0
[03:39:31.315] |D| [export_sceAvPlayerDisableStream]: sceAvPlayerDisableStream, stream no: 1
[03:39:31.342] |D| [renderer::gl::texture::translate_swizzle]: base format: 0, swizzle: 20480
[03:39:31.892] |D| [renderer::gl::texture::translate_swizzle]: base format: -1795162112, swizzle: 4096
[03:39:32.178] |D| [export_sceNgsVoicePlay]: sceNgsVoicePlay: 1
[03:39:32.742] |D| [renderer::gl::texture::translate_swizzle]: base format: -1795162112, swizzle: 20480
[03:39:33.499] |D| [export_sceNgsVoicePlay]: sceNgsVoicePlay: 1
[03:39:34.211] |W| [Atrac9DecoderState::send]: Error sending Atrac9 packet: 0xBEBBB1B7.
[03:39:34.229] |W| [Atrac9DecoderSta