[05:50:51.603] |I| [load_app_impl]: cpu-backend: Dynarmic
[05:50:51.604] |I| [load_app_impl]: CPU Optimisation state: true
[05:50:51.604] |I| [load_app_impl]: at9 audio decoder state: true
[05:50:51.604] |I| [load_app_impl]: ngs experimental state: true
[05:50:51.604] |I| [load_app_impl]: video player state: true
[05:50:51.604] |I| [load_app_impl]: lle-modules: libpgf,libSceXml,libsas,liblocation,libhandwriting,libSceJson
[05:50:51.604] |I| [load_app_impl]: Title: 英雄伝説 空の軌跡 FC Evolution
[05:50:51.604] |I| [load_app_impl]: Serial: PCSG00488
[05:50:51.604] |I| [load_app_impl]: Version: 1.02
[05:50:51.604] |I| [load_app_impl]: Category: gp
[05:50:51.613] |C| [load_self]: Unknown segment type 0x6FFFFF01
[05:50:51.614] |I| [load_self]: Loaded module segment 0 @ [0x00007000 - 0x00056C54 / 0x81000000] (size: 0x0004FC54) of module ux0:app\PCSG00488\sce_module\libc.suprx
[05:50:51.614] |I| [load_self]: Loaded module segment 1 @ [0x00057000 - 0x00059688 / 0x81050000] (size: 0x00002688) of module ux0:app\PCSG00488\sce_module\libc.suprx
[05:50:51.614] |I| [load_self]: Loading symbols for SELF: ux0:app\PCSG00488\sce_module\libc.suprx
[05:50:51.614] |D| [load_var_exports]: 	NID 0x936C8A78 (SYSLYB) at 0x4C744
[05:50:51.614] |D| [load_var_exports]: 	NID 0x6C2224BA (NID_MODULE_INFO) at 0x424F8
[05:50:51.615] |W| [load_var_imports]: 	NID NOT FOUND 0x93B8AA67 (UNRECOGNISED) at 0x46520, setting to stub value 0xDEADBEEF
[05:50:51.619] |W| [load_var_imports]: 	NID NOT FOUND 0xDF084DFA (UNRECOGNISED) at 0x480A4, setting to stub value 0xDEADBEEF
[05:50:51.620] |I| [pre_load_module]: Pre-load module SceLibc (at "app\PCSG00488\sce_module\libc.suprx") loaded
[05:50:51.623] |C| [load_self]: Unknown segment type 0x6FFFFF01
[05:50:51.623] |I| [load_self]: Loaded module segment 0 @ [0x0005C000 - 0x00074CF4 / 0x81000000] (size: 0x00018CF4) of module ux0:app\PCSG00488\sce_module\libface.suprx
[05:50:51.624] |I| [load_self]: Loaded module segment 1 @ [0x00075000 - 0x000750F8 / 0x81019000] (size: 0x000000F8) of module ux0:app\PCSG00488\sce_module\libface.suprx
[05:50:51.625] |I| [load_self]: Loading symbols for SELF: ux0:app\PCSG00488\sce_module\libface.suprx
[05:50:51.625] |D| [load_var_exports]: 	NID 0x6C2224BA (NID_MODULE_INFO) at 0x71AC0
[05:50:51.626] |D| [load_var_exports]: 	NID 0x936C8A78 (SYSLYB) at 0x74478
[05:50:51.626] |I| [pre_load_module]: Pre-load module SceFace (at "app\PCSG00488\sce_module\libface.suprx") loaded
[05:50:51.632] |C| [load_self]: Unknown segment type 0x6FFFFF01
[05:50:51.633] |I| [load_self]: Loaded module segment 0 @ [0x00076000 - 0x000A133C / 0x81000000] (size: 0x0002B33C) of module ux0:app\PCSG00488\sce_module\libfios2.suprx
[05:50:51.634] |I| [load_self]: Loaded module segment 1 @ [0x000A2000 - 0x000A723D / 0x8102C000] (size: 0x0000523D) of module ux0:app\PCSG00488\sce_module\libfios2.suprx
[05:50:51.635] |I| [load_self]: Loading symbols for SELF: ux0:app\PCSG00488\sce_module\libfios2.suprx
[05:50:51.636] |D| [load_var_exports]: 	NID 0x936C8A78 (SYSLYB) at 0xA1244
[05:50:51.636] |D| [load_var_exports]: 	NID 0x6C2224BA (NID_MODULE_INFO) at 0x98878
[05:50:51.636] |I| [pre_load_module]: Pre-load module SceLibFios2 (at "app\PCSG00488\sce_module\libfios2.suprx") loaded
[05:50:51.678] |C| [load_self]: Unknown segment type 0x6FFFFF01
[05:50:51.678] |I| [load_self]: Loaded module segment 0 @ [0x000A8000 - 0x002B9AF4 / 0x81000000] (size: 0x00211AF4) of module ux0:app\PCSG00488\sce_module\libsmart.suprx
[05:50:51.679] |I| [load_self]: Loaded module segment 1 @ [0x002BA000 - 0x002BD444 / 0x81212000] (size: 0x00003444) of module ux0:app\PCSG00488\sce_module\libsmart.suprx
[05:50:51.680] |I| [load_self]: Loading symbols for SELF: ux0:app\PCSG00488\sce_module\libsmart.suprx
[05:50:51.680] |D| [load_var_exports]: 	NID 0x6C2224BA (NID_MODULE_INFO) at 0x1576A0
[05:50:51.681] |D| [load_var_exports]: 	NID 0x936C8A78 (SYSLYB) at 0x15E90C
[05:50:51.681] |I| [pre_load_module]: Pre-load module SceSmart (at "app\PCSG00488\sce_module\libsmart.suprx") loaded
[05:50:51.685] |C| [load_self]: Unknown segment type 0x6FFFFF01
[05:50:51.685] |I| [load_self]: Loaded module segment 0 @ [0x002BE000 - 0x002D19A4 / 0x81000000] (size: 0x000139A4) of module ux0:app\PCSG00488\sce_module\libult.suprx
[05:50:51.686] |I| [load_self]: Loaded module segment 1 @ [0x002D2000 - 0x002D2814 / 0x81014000] (size: 0x00000814) of module ux0:app\PCSG00488\sce_module\libult.suprx
[05:50:51.687] |I| [load_self]: Loading symbols for SELF: ux0:app\PCSG00488\sce_module\libult.suprx
[05:50:51.687] |D| [load_var_exports]: 	NID 0x936C8A78 (SYSLYB) at 0x2D02D0
[05:50:51.688] |D| [load_var_exports]: 	NID 0x6C2224BA (NID_MODULE_INFO) at 0x2CD858
[05:50:51.688] |I| [pre_load_module]: Pre-load module SceUlt (at "app\PCSG00488\sce_module\libult.suprx") loaded
[05:50:51.696] |I| [load_self]: Loaded module segment 0 @ [0x002D3000 - 0x00323F04 / 0x81000000] (size: 0x00050F04) of module vs0:sys/external/libSceFt2.suprx
[05:50:51.697] |I| [load_self]: Loaded module segment 1 @ [0x00324000 - 0x003242F4 / 0x81051000] (size: 0x000002F4) of module vs0:sys/external/libSceFt2.suprx
[05:50:51.698] |I| [load_self]: Loading symbols for SELF: vs0:sys/external/libSceFt2.suprx
[05:50:51.699] |D| [load_var_exports]: 	NID 0x936C8A78 (SYSLYB) at 0x30F7DC
[05:50:51.699] |D| [load_var_exports]: 	NID 0x6C2224BA (NID_MODULE_INFO) at 0x30EF10
[05:50:51.700] |I| [pre_load_module]: Pre-load module SceLibft2 (at "sys/external/libSceFt2.suprx") loaded
[05:50:51.702] |I| [load_self]: Loaded module segment 0 @ [0x00325000 - 0x00334F14 / 0x81000000] (size: 0x0000FF14) of module vs0:sys/external/libpvf.suprx
[05:50:51.703] |I| [load_self]: Loaded module segment 1 @ [0x00335000 - 0x00335008 / 0x81010000] (size: 0x00000008) of module vs0:sys/external/libpvf.suprx
[05:50:51.704] |I| [load_self]: Loading symbols for SELF: vs0:sys/external/libpvf.suprx
[05:50:51.704] |D| [load_var_exports]: 	NID 0x936C8A78 (SYSLYB) at 0x333710
[05:50:51.705] |D| [load_var_exports]: 	NID 0x6C2224BA (NID_MODULE_INFO) at 0x333300
[05:50:51.705] |I| [pre_load_module]: Pre-load module SceLibPvf (at "sys/external/libpvf.suprx") loaded
[05:50:51.739] |C| [load_self]: Unknown segment type 0x6FFFFF01
[05:50:51.740] |I| [load_self]: Loaded module segment 0 @ [0x00336000 - 0x004C2BC8 / 0x81000000] (size: 0x0018CBC8) of module app0:eboot.bin
[05:50:51.741] |I| [load_self]: Loaded module segment 1 @ [0x004C3000 - 0x0050FA70 / 0x8118D000] (size: 0x0004CA70) of module app0:eboot.bin
[05:50:51.742] |I| [load_self]: Loading symbols for SELF: app0:eboot.bin
[05:50:51.742] |D| [load_var_exports]: 	NID 0x6C2224BA (NID_MODULE_INFO) at 0x48D1D0
[05:50:51.742] |D| [load_var_exports]: 	NID 0x70FBA1E7 (SCE_PROC_PARAMS) at 0x4D05D0
[05:50:51.743] |D| [load_var_exports]: 	NID 0x936C8A78 (SYSLYB) at 0x4AEC40
[05:50:51.744] |I| [load_app_impl]: Main executable VS2010_Hachi_Vita_Shipping (eboot.bin) loaded
[05:50:51.753] |D| [run_app]: Running module_start of library: SceLibc at address 0x7871
[05:50:51.775] |I| [run_app]: Module SceLibc (at "ux0:app\PCSG00488\sce_module\libc.suprx") module_start returned 0x0
[05:50:51.780] |D| [run_app]: Running module_start of library: SceFace at address 0x70FC5
[05:50:51.788] |I| [run_app]: Module SceFace (at "ux0:app\PCSG00488\sce_module\libface.suprx") module_start returned 0x0
[05:50:51.792] |D| [run_app]: Running module_start of library: SceLibFios2 at address 0x76001
[05:50:51.800] |W| [stubbed_impl]: Stubbed sceKernelGetProcessId import called. (pid: 0)
[05:50:51.800] |D| [export_sceFiosOverlayGetList02]: maxIDs: 127
[05:50:51.801] |W| [unimplemented_impl]: Unimplemented sceFiosOverlayGetList02 import called.
[05:50:51.801] |I| [run_app]: Module SceLibFios2 (at "ux0:app\PCSG00488\sce_module\libfios2.suprx") module_start returned 0x0
[05:50:51.805] |D| [run_app]: Running module_start of library: SceSmart at address 0xA817D
[05:50:51.815] |I| [run_app]: Module SceSmart (at "ux0:app\PCSG00488\sce_module\libsmart.suprx") module_start returned 0x0
[05:50:51.819] |D| [run_app]: Running module_start of library: SceUlt at address 0x2C1769
[05:50:51.827] |W| [unimplemented_impl]: Unimplemented _sceUlobjMgrRegisterLibultProtocolRevision import called.
[05:50:51.827] |I| [run_app]: Module SceUlt (at "ux0:app\PCSG00488\sce_module\libult.suprx") module_start returned 0x0
[05:50:51.916] |W| [stubbed_impl]: Stubbed sceGxmMapMemory import called. (always return success)
[05:50:51.923] |W| [stubbed_impl]: Stubbed sceGxmMapFragmentUsseMemory import called. (always return success)
[05:50:51.943] |W| [stubbed_impl]: Stubbed sceGxmMapVertexUsseMemory import called. (always return success)
[05:50:51.944] |D| [export_sceSysmoduleLoadModule]: module id: 19
[05:50:51.945] |D| [export_sceSysmoduleLoadModule]: module: libsystemgesture
[05:50:51.946] |W| [unimplemented_impl]: Unimplemented sceSystemGestureInitializePrimitiveTouchRecognizer import called.
[05:50:51.947] |W| [unimplemented_impl]: Unimplemented sceSystemGestureCreateTouchRecognizer import called.
[05:50:51.950] |W| [unimplemented_impl]: Unimplemented sceKernelGetGPI import called.
[05:50:51.950] |W| [unimplemented_impl]: Unimplemented sceKernelSetGPO import called.
[05:50:51.968] |W| [unimplemented_impl]: Unimplemented sceKernelChangeThreadVfpException import called.
[05:50:51.968] |W| [unimplemented_impl]: Unimplemented sceFiosOverlayThreadSetDisabled02 import called.
[05:50:51.986] |D| [export_sceFiosOverlayAddForProcess02]: pid: 0
[05:50:51.986] |D| [export_sceFiosOverlayAddForProcess02]: dst: /arc/data/bgm/
[05:50:51.987] |D| [export_sceFiosOverlayAddForProcess02]: dst len: 14
[05:50:51.987] |D| [export_sceFiosOverlayAddForProcess02]: id: 0
[05:50:51.988] |D| [export_sceFiosOverlayAddForProcess02]: order: 1
[05:50:51.988] |D| [export_sceFiosOverlayAddForProcess02]: pid: 0
[05:50:51.989] |D| [export_sceFiosOverlayAddForProcess02]: src: /arc0/data/bgm/
[05:50:51.989] |D| [export_sceFiosOverlayAddForProcess02]: src_len: 15
[05:50:51.990] |D| [export_sceFiosOverlayAddForProcess02]: type: 0
[05:50:51.990] |D| [export_sceFiosOverlayAddForProcess02]: outID: -858993460
[05:50:51.993] |W| [stubbed_impl]: Stubbed sceFiosOverlayResolveWithRangeSync02 import called. (Using strncpy)
[05:50:51.994] |I| [export_sceClibPrintf]: Path '/arc/data/bgm/' resolved to '/arc/data/bgm/'

[05:50:51.994] |D| [export_sceFiosOverlayAddForProcess02]: pid: 0
[05:50:51.995] |D| [export_sceFiosOverlayAddForProcess02]: dst: /arc/data/se/
[05:50:51.996] |D| [export_sceFiosOverlayAddForProcess02]: dst len: 13
[05:50:51.996] |D| [export_sceFiosOverlayAddForProcess02]: id: 0
[05:50:51.997] |D| [export_sceFiosOverlayAddForProcess02]: order: 1
[05:50:51.997] |D| [export_sceFiosOverlayAddForProcess02]: pid: 0
[05:50:51.997] |D| [export_sceFiosOverlayAddForProcess02]: src: /arc0/data/se/
[05:50:51.998] |D| [export_sceFiosOverlayAddForProcess02]: src_len: 14
[05:50:51.998] |D| [export_sceFiosOverlayAddForProcess02]: type: 0
[05:50:51.999] |D| [export_sceFiosOverlayAddForProcess02]: outID: -858993460
[05:50:52.000] |I| [export_sceClibPrintf]: Path '/arc/data/se/' resolved to '/arc/data/se/'

[05:50:52.000] |D| [export_sceFiosOverlayAddForProcess02]: pid: 0
[05:50:52.001] |D| [export_sceFiosOverlayAddForProcess02]: dst: /arc/data/talk/
[05:50:52.001] |D| [export_sceFiosOverlayAddForProcess02]: dst len: 15
[05:50:52.002] |D| [export_sceFiosOverlayAddForProcess02]: id: 0
[05:50:52.002] |D| [export_sceFiosOverlayAddForProcess02]: order: 1
[05:50:52.003] |D| [export_sceFiosOverlayAddForProcess02]: pid: 0
[05:50:52.003] |D| [export_sceFiosOverlayAddForProcess02]: src: /arc0/data/talk/
[05:50:52.004] |D| [export_sceFiosOverlayAddForProcess02]: src_len: 16
[05:50:52.004] |D| [export_sceFiosOverlayAddForProcess02]: type: 0
[05:50:52.005] |D| [export_sceFiosOverlayAddForProcess02]: outID: -858993460
[05:50:52.005] |I| [export_sceClibPrintf]: Path '/arc/data/talk/' resolved to '/arc/data/talk/'

[05:50:52.006] |D| [export_sceFiosOverlayAddForProcess02]: pid: 0
[05:50:52.006] |D| [export_sceFiosOverlayAddForProcess02]: dst: /arc/data/movie/
[05:50:52.011] |D| [export_sceFiosOverlayAddForProcess02]: dst len: 16
[05:50:52.012] |D| [export_sceFiosOverlayAddForProcess02]: id: 0
[05:50:52.013] |D| [export_sceFiosOverlayAddForProcess02]: order: 1
[05:50:52.013] |D| [export_sceFiosOverlayAddForProcess02]: pid: 0
[05:50:52.013] |D| [export_sceFiosOverlayAddForProcess02]: src: /arc0/data/movie/
[05:50:52.014] |D| [export_sceFiosOverlayAddForProcess02]: src_len: 17
[05:50:52.014] |D| [export_sceFiosOverlayAddForProcess02]: type: 0
[05:50:52.015] |D| [export_sceFiosOverlayAddForProcess02]: outID: -858993460
[05:50:52.015] |I| [export_sceClibPrintf]: Path '/arc/data/movie/' resolved to '/arc/data/movie/'

[05:50:52.059] |W| [unimplemented_impl]: Unimplemented sceFiosOverlayGetRecommendedScheduler02 import called.
[05:50:52.064] |I| [export_sceIoOpen]: Opening file: app0:/gamedata/data.psarc
[05:50:52.097] |I| [export_sceIoOpen]: Opening file: app0:/gamedata/data.psarc
[05:50:52.438] |I| [export_sceIoOpen]: Opening file: app0:/gamedata/data0.psarc
[05:50:52.471] |I| [export_sceIoOpen]: Opening file: app0:/gamedata/data0.psarc
[05:50:52.472] |W| [stubbed_impl]: Stubbed sceKernelLockLwMutexCB import called. (Try CB)
[05:50:52.484] |D| [export_sceKernelCreateCallback]: Create callbcack: thread id: 10, cb id: 81, name: vblankHandler
[05:50:52.493] |W| [stubbed_impl]: Stubbed sceDisplayWaitSetFrameBuf import called. (move after setframebuf)
[05:50:52.797] |D| [export_sceSysmoduleLoadModule]: module id: 76
[05:50:52.797] |D| [export_sceSysmoduleLoadModule]: module: libsceavplayer
[05:50:52.797] |D| [export_sceSysmoduleLoadModule]: module: libscemp4
[05:50:52.804] |I| [export_sceIoOpen]: Opening file: /arc/data.lst
[05:50:52.804] |E| [open_file]: Cannot find device for path: /arc/data.lst
[05:50:52.805] |W| [io_error_impl]: open_file (sceIoOpen) returned 0x80010002
[05:50:53.079] |W| [unimplemented_impl]: Unimplemented sceAppUtilInit import called.
[05:50:53.086] |W| [unimplemented_impl]: Unimplemented sceMotionReset import called.
[05:50:53.701] |D| [export_sceSysmoduleLoadModule]: module id: 13
[05:50:53.702] |D| [export_sceSysmoduleLoadModule]: module: libsas
[05:50:53.702] |I| [load_module]: Loading module ID: 0xD
[05:50:53.706] |I| [load_self]: Loaded module segment 0 @ [0x12689000 - 0x126A0244 / 0x81000000] (size: 0x00017244) of module sys/external/libsas.suprx
[05:50:53.706] |I| [load_self]: Loaded module segment 1 @ [0x126A1000 - 0x126A1038 / 0x81018000] (size: 0x00000038) of module sys/external/libsas.suprx
[05:50:53.707] |I| [load_self]: Loading symbols for SELF: sys/external/libsas.suprx
[05:50:53.707] |D| [load_var_exports]: 	NID 0x936C8A78 (SYSLYB) at 0x1269D004
[05:50:53.708] |D| [load_var_exports]: 	NID 0x6C2224BA (NID_MODULE_INFO) at 0x1269CBF0
[05:50:53.708] |I| [load_module]: Module SceSasUser (at "sys/external/libsas.suprx") loaded
[05:50:53.734] |D| [export_sceSysmoduleLoadModule]: module id: 11
[05:50:53.735] |D| [export_sceSysmoduleLoadModule]: module: libngs
[05:50:53.737] |W| [unimplemented_impl]: Unimplemented sceNgsVoiceSetFinishedCallback import called.
[05:50:53.737] |D| [export_sceNgsVoicePlay]: sceNgsVoicePlay: 1
[05:50:54.010] |I| [export_sceIoOpen]: Opening file: /arc/savefile/titleid.txt
[05:50:54.010] |E| [open_file]: Cannot find device for path: /arc/savefile/titleid.txt
[05:50:54.011] |W| [io_error_impl]: open_file (sceIoOpen) returned 0x80010002
[05:50:54.058] |W| [unimplemented_impl]: Unimplemented sceGxmDepthStencilSurfaceSetForceLoadMode import called.
[05:50:54.060] |I| [float_to_half_init]: AVX+F16C instruction set is supported. Using fast f32 to f16 conversion
[05:50:54.063] |W| [unimplemented_impl]: Unimplemented sceGxmDepthStencilSurfaceSetForceStoreMode import called.
[05:50:54.069] |I| [export_sceIoOpen]: Opening file: /arc/data/bgm/bgmtbl.txt
[05:50:54.070] |E| [open_file]: Cannot find device for path: /arc/data/bgm/bgmtbl.txt
[05:50:54.070] |W| [io_error_impl]: open_file (sceIoOpen) returned 0x80010002
[05:50:54.094] |I| [renderer::gl::load_shader_generic]: Generating frag shader d1f3edf711da5ede4c95b72ac9a0e7963675e29b3b120ac140f9033c15118ff6
[05:50:54.096] |D| [shader::create_fragment_inputs]: Iterator: pa0 = (half4) v_Color0
[05:50:54.112] |I| [renderer::gl::load_shader_generic]: Generating vert shader 05594fcc89e8132a9604eb6d9131c0b35fbe3c103b8a82a5c1640b33c766bdc7
[05:50:54.113] |D| [shader::create_parameters]: [BUFFER0  + 0] pa0 = (float4) inPos
[05:50:54.114] |D| [shader::create_parameters]: [DEFAULT  + 0] sa0 = (half4) color
[05:50:54.115] |D| [shader::create_parameters]: [DEFAULT  + 2] sa2 = (float1) z
[05:50:54.140] |D| [renderer::gl::texture::translate_swizzle]: base format: 33554432, swizzle: 4096
[05:50:54.141] |I| [renderer::gl::load_shader_generic]: Generating frag shader e4b39424b553896a924b4c6dd4ad92000eb710ceede9a4f9b2efe51493f9528c
[05:50:54.142] |D| [shader::create_fragment_inputs]: Iterator: pa0 = (half4) v_Color0
[05:50:54.147] |I| [renderer::gl::load_shader_generic]: Generating vert shader 4884f234fa20fb57512668da647e5c41ae8f8bfe60ffcf95151b91fda78e6657
[05:50:54.149] |D| [shader::create_parameters]: [BUFFER0  + 0] pa0 = (float4) inPos
[05:50:54.149] |D| [shader::create_parameters]: [BUFFER0  + 4] pa4 = (float4) inTexCoord
[05:50:54.149] |D| [shader::create_parameters]: [BUFFER0  + 8] pa8 = (float4) inColor
[05:50:54.163] |E| [renderer::gl::compile_program]: Fragment info
-------------
0(18) : warning C7050: "pa[0].zw" might be used before being initialized


[05:50:54.165] |D| [renderer::gl::texture::translate_swizzle]: base format: 33554432, swizzle: 4096
[05:50:54.165] |D| [renderer::gl::texture::translate_swizzle]: base format: 33554432, swizzle: 4096
[05:50:54.166] |D| [renderer::gl::texture::translate_swizzle]: base format: 33554432, swizzle: 4096
[05:50:54.166] |D| [renderer::gl::texture::translate_swizzle]: base format: 33554432, swizzle: 4096
[05:50:54.167] |D| [renderer::gl::texture::translate_swizzle]: base format: 33554432, swizzle: 4096
[05:50:54.167] |D| [renderer::gl::texture::translate_swizzle]: base format: 33554432, swizzle: 4096
[05:50:54.168] |D| [renderer::gl::texture::translate_swizzle]: base format: 33554432, swizzle: 4096
[05:50:54.168] |D| [renderer::gl::texture::translate_swizzle]: base format: 33554432, swizzle: 4096
[05:50:54.168] |D| [renderer::gl::texture::translate_swizzle]: base format: 33554432, swizzle: 4096
[05:50:54.169] |D| [renderer::gl::texture::translate_swizzle]: base format: 33554432, swizzle: 4096
[05:50:54.170] |D| [renderer::gl::texture::translate_swizzle]: base format: 33554432, swizzle: 4096
[05:50:54.170] |D| [renderer::gl::texture::translate_swizzle]: base format: 33554432, swizzle: 4096
[05:50:54.171] |D| [renderer::gl::texture::translate_swizzle]: base format: 33554432, swizzle: 4096
[05:50:54.171] |D| [renderer::gl::texture::translate_swizzle]: base format: 33554432, swizzle: 4096
[05:50:54.172] |D| [renderer::gl::texture::translate_swizzle]: base format: 33554432, swizzle: 4096
[05:50:54.172] |D| [renderer::gl::texture::translate_swizzle]: base format: 33554432, swizzle: 4096
[05:50:54.173] |D| [renderer::gl::texture::translate_swizzle]: base format: 33554432, swizzle: 4096
[05:50:54.173] |D| [renderer::gl::texture::translate_swizzle]: base format: 33554432, swizzle: 4096
[05:50:54.174] |D| [renderer::gl::texture::translate_swizzle]: base format: 33554432, swizzle: 4096
[05:50:54.174] |D| [renderer::gl::texture::translate_swizzle]: base format: 33554432, swizzle: 4096
[05:50:54.178] |D| [renderer::gl::texture::translate_swizzle]: base format: 33554432, swizzle: 4096
[05:50:54.179] |D| [renderer::gl::texture::translate_swizzle]: base format: 33554432, swizzle: 4096
[05:50:54.179] |D| [renderer::gl::texture::translate_swizzle]: base format: 33554432, swizzle: 4096
[05:50:54.180] |D| [renderer::gl::texture::translate_swizzle]: base format: 33554432, swizzle: 4096
[05:50:54.180] |D| [renderer::gl::texture::translate_swizzle]: base format: 33554432, swizzle: 4096
[05:50:54.181] |D| [renderer::gl::texture::translate_swizzle]: base format: 33554432, swizzle: 4096
[05:50:54.181] |D| [renderer::gl::texture::translate_swizzle]: base format: 33554432, swizzle: 4096
[05:50:54.182] |D| [renderer::gl::texture::translate_swizzle]: base format: 33554432, swizzle: 4096
[05:50:54.182] |D| [renderer::gl::texture::translate_swizzle]: base format: 33554432, swizzle: 4096
[05:50:54.183] |D| [renderer::gl::texture::translate_swizzle]: base format: 33554432, swizzle: 4096
[05:50:54.183] |D| [renderer::gl::texture::translate_swizzle]: base format: 33554432, swizzle: 4096
[05:50:54.184] |D| [renderer::gl::texture::translate_swizzle]: base format: 33554432, swizzle: 4096
[05:50:54.184] |D| [renderer::gl::texture::translate_swizzle]: base format: 33554432, swizzle: 4096
[05:50:54.185] |D| [renderer::gl::texture::translate_swizzle]: base format: 33554432, swizzle: 4096
[05:50:54.185] |D| [renderer::gl::texture::translate_swizzle]: base format: 33554432, swizzle: 4096
[05:50:54.185] |D| [renderer::gl::texture::translate_swizzle]: base format: 33554432, swizzle: 4096
[05:50:54.186] |D| [renderer::gl::texture::translate_swizzle]: base format: 33554432, swizzle: 4096
[05:50:54.186] |D| [renderer::gl::texture::translate_swizzle]: base format: 33554432, swizzle: 4096
[05:50:54.187] |D| [renderer::gl::texture::translate_swizzle]: base format: 33554432, swizzle: 4096
[05:50:54.187] |D| [renderer::gl::texture::translate_swizzle]: base format: 33554432, swizzle: 4096
[05:50:54.188] |D| [renderer::gl::texture::translate_swizzle]: base format: 33554432, swizzle: 4096
[05:50:54.189] |D| [renderer::gl::texture::translate_swizzle]: base format: 33554432, swizzle: 4096
[05:50:54.189] |D| [renderer::gl::texture::translate_swizzle]: base format: 33554432, swizzle: 4096
[05:50:54.189] |D| [renderer::gl::texture::translate_swizzle]: base format: 33554432, swizzle: 4096
[05:50:54.190] |D| [renderer::gl::texture::translate_swizzle]: base format: 33554432, swizzle: 4096
[05:50:54.190] |D| [renderer::gl::texture::translate_swizzle]: base format: 33554432, swizzle: 4096
[05:50:54.195] |D| [renderer::gl::texture::translate_swizzle]: base format: 33554432, swizzle: 4096
[05:50:54.196] |D| [renderer::gl::texture::translate_swizzle]: base format: 33554432, swizzle: 4096
[05:50:54.197] |D| [renderer::gl::texture::translate_swizzle]: base format: 33554432, swizzle: 4096
[05:50:54.198] |D| [renderer::gl::texture::translate_swizzle]: base format: 33554432, swizzle: 4096
[05:50:54.199] |D| [renderer::gl::texture::translate_swizzle]: base format: 33554432, swizzle: 4096
[05:50:54.200] |D| [renderer::gl::texture::translate_swizzle]: base format: 33554432, swizzle: 4096
[05:50:54.201] |D| [renderer::gl::texture::translate_swizzle]: base format: 33554432, swizzle: 4096
[05:50:54.202] |D| [renderer::gl::texture::translate_swizzle]: base format: 33554432, swizzle: 4096
[05:50:54.202] |D| [renderer::gl::texture::translate_swizzle]: base format: 33554432, swizzle: 4096
[05:50:54.203] |D| [renderer::gl::texture::translate_swizzle]: base format: 33554432, swizzle: 4096
[05:50:54.203] |D| [renderer::gl::texture::translate_swizzle]: base format: 33554432, swizzle: 4096
[05:50:54.204] |D| [renderer::gl::texture::translate_swizzle]: base format: 33554432, swizzle: 4096
[05:50:54.205] |D| [export_sceSysmoduleLoadModule]: module id: 21
[05:50:54.205] |D| [renderer::gl::texture::translate_swizzle]: base format: 33554432, swizzle: 4096
[05:50:54.205] |D| [export_sceSysmoduleLoadModule]: module: np_common
[05:50:54.206] |D| [renderer::gl::texture::translate_swizzle]: base format: 33554432, swizzle: 4096
[05:50:54.206] |D| [export_sceSysmoduleLoadModule]: module: np_manager
[05:50:54.209] |D| [renderer::gl::texture::translate_swizzle]: base format: 33554432, swizzle: 4096
[05:50:54.211] |D| [export_sceSysmoduleLoadModule]: module: np_basic
[05:50:54.213] |D| [renderer::gl::texture::translate_swizzle]: base format: 33554432, swizzle: 4096
[05:50:54.213] |D| [export_sceSysmoduleLoadModule]: module id: 37
[05:50:54.214] |D| [export_sceSysmoduleLoadModule]: module: np_trophy
[05:50:54.214] |D| [renderer::gl::texture::translate_swizzle]: base format: 33554432, swizzle: 4096
[05:50:54.217] |W| [stubbed_impl]: Stubbed sceDisplayWaitSetFrameBufMultiCB import called. (move after setframebuf)
[05:50:54.237] |W| [stubbed_impl]: Stubbed sceDisplayWaitSetFrameBufCB import called. (move after setframebuf)
[05:50:54.736] |I| [export_sceIoOpen]: Opening file: /arc/data/text/t_btlset.dt2
[05:50:54.736] |E| [open_file]: Cannot find device for path: /arc/data/text/t_btlset.dt2
[05:50:54.737] |W| [io_error_impl]: open_file (sceIoOpen) returned 0x80010002
[05:50:54.975] |W| [unimplemented_impl]: Unimplemented sceKernelGetThreadCurrentPriority import called.
[05:50:55.032] |W| [unimplemented_impl]: Unimplemented sceSystemGestureUpdatePrimitiveTouchRecognizer import called.
[05:50:55.033] |W| [unimplemented_impl]: Unimplemented sceSystemGestureUpdateTouchRecognizer import called.
[05:50:55.033] |W| [unimplemented_impl]: Unimplemented sceSystemGestureGetTouchEventsCount import called.
[05:50:55.037] |W| [stubbed_impl]: Stubbed sceNpTrophyCreateHandle import called. (Stubbed handle with 1)
[05:50:55.037] |W| [stubbed_impl]: Stubbed sceNpTrophyDestroyHandle import called. (Stubbed with SCE_OK)
[05:50:55.129] |D| [renderer::gl::texture::translate_swizzle]: base format: -1795162112, swizzle: 0
[05:50:55.131] |I| [renderer::gl::load_shader_generic]: Generating frag shader dba12b9dd09d0ae705545ce19fb153e60a1a23fc818138b0ab08023a407c8073
[05:50:55.133] |D| [shader::create_parameters]: [DEFAULT  + 0] sa0 = (half1) alphaRef
[05:50:55.133] |D| [shader::create_fragment_inputs]: Iterator: pa0 = (half4) v_Color0
[05:50:55.148] |E| [renderer::gl::compile_program]: Fragment info
-------------
0(23) : warning C7050: "pa[0].zw" might be used before being initialized


[05:50:56.440] |I| [export_sceIoOpen]: Opening file: /arc/data/msg/debug_d.mbin
[05:50:56.440] |E| [open_file]: Cannot find device for path: /arc/data/msg/debug_d.mbin
[05:50:56.441] |W| [io_error_impl]: open_file (sceIoOpen) returned 0x80010002
[05:50:56.442] |I| [export_sceIoOpen]: Opening file: /arc/data/msg/debug_s0.mbin
[05:50:56.443] |E| [open_file]: Cannot find device for path: /arc/data/msg/debug_s0.mbin
[05:50:56.443] |W| [io_error_impl]: open_file (sceIoOpen) returned 0x80010002
[05:50:56.478] |I| [export_sceIoOpen]: Opening file: /arc/data/msg/t0001_s0.mbin
[05:50:56.478] |E| [open_file]: Cannot find device for path: /arc/data/msg/t0001_s0.mbin
[05:50:56.480] |W| [io_error_impl]: open_file (sceIoOpen) returned 0x80010002
[05:50:56.480] |I| [export_sceIoOpen]: Opening file: /arc/data/msg/t0001_s1.mbin
[05:50:56.481] |E| [open_file]: Cannot find device for path: /arc/data/msg/t0001_s1.mbin
[05:50:56.481] |W| [io_error_impl]: open_file (sceIoOpen) returned 0x80010002
[05:50:56.482] |I| [export_sceIoOpen]: Opening file: /arc/data/msg/t0001_s2.mbin
[05:50:56.482] |E| [open_file]: Cannot find device for path: /arc/data/msg/t0001_s2.mbin
[05:50:56.483] |W| [io_error_impl]: open_file (sceIoOpen) returned 0x80010002
[05:50:56.483] |I| [export_sceIoOpen]: Opening file: /arc/data/msg/t0001_s3.mbin
[05:50:56.484] |E| [open_file]: Cannot find device for path: /arc/data/msg/t0001_s3.mbin
[05:50:56.484] |W| [io_error_impl]: open_file (sceIoOpen) returned 0x80010002
[05:50:56.485] |I| [export_sceIoOpen]: Opening file: /arc/data/msg/t0001_s4.mbin
[05:50:56.485] |E| [open_file]: Cannot find device for path: /arc/data/msg/t0001_s4.mbin
[05:50:56.486] |W| [io_error_impl]: open_file (sceIoOpen) returned 0x80010002
[05:50:56.486] |I| [export_sceIoOpen]: Opening file: /arc/data/msg/t0001_s5.mbin
[05:50:56.487] |E| [open_file]: Cannot find device for path: /arc/data/msg/t0001_s5.mbin
[05:50:56.487] |W| [io_error_impl]: open_file (sceIoOpen) returned 0x80010002
[05:50:56.488] |I| [export_sceIoOpen]: Opening file: /arc/data/msg/t0001_s6.mbin
[05:50:56.488] |E| [open_file]: Cannot find device for path: /arc/data/msg/t0001_s6.mbin
[05:50:56.488] |W| [io_error_impl]: open_file (sceIoOpen) returned 0x80010002
[05:50:56.489] |I| [export_sceIoOpen]: Opening file: /arc/data/msg/t0001_s7.mbin
[05:50:56.490] |E| [open_file]: Cannot find device for path: /arc/data/msg/t0001_s7.mbin
[05:50:56.490] |W| [io_error_impl]: open_file (sceIoOpen) returned 0x80010002
[05:50:56.518] |I| [export_sceIoOpen]: Opening file: /arc/data/msg/f1010.mbin
[05:50:56.518] |E| [open_file]: Cannot find device for path: /arc/data/msg/f1010.mbin
[05:50:56.519] |W| [io_error_impl]: open_file (sceIoOpen) returned 0x80010002
[05:50:56.520] |I| [export_sceIoOpen]: Opening file: /arc/data/msg/f1020.mbin
[05:50:56.520] |E| [open_file]: Cannot find device for path: /arc/data/msg/f1020.mbin
[05:50:56.520] |W| [io_error_impl]: open_file (sceIoOpen) returned 0x80010002
[05:50:56.521] |I| [export_sceIoOpen]: Opening file: /arc/data/msg/f1030.mbin
[05:50:56.521] |E| [open_file]: Cannot find device for path: /arc/data/msg/f1030.mbin
[05:50:56.522] |W| [io_error_impl]: open_file (sceIoOpen) returned 0x80010002
[05:50:56.522] |I| [export_sceIoOpen]: Opening file: /arc/data/msg/f1040.mbin
[05:50:56.523] |E| [open_file]: Cannot find device for path: /arc/data/msg/f1040.mbin
[05:50:56.523] |W| [io_error_impl]: open_file (sceIoOpen) returned 0x80010002
[05:50:56.524] |I| [export_sceIoOpen]: Opening file: /arc/data/msg/f1050.mbin
[05:50:56.524] |E| [open_file]: Cannot find device for path: /arc/data/msg/f1050.mbin
[05:50:56.525] |W| [io_error_impl]: open_file (sceIoOpen) returned 0x80010002
[05:50:56.525] |I| [export_sceIoOpen]: Opening file: /arc/data/msg/f1060.mbin
[05:50:56.526] |E| [open_file]: Cannot find device for path: /arc/data/msg/f1060.mbin
[05:50:56.526] |W| [io_error_impl]: open_file (sceIoOpen) returned 0x80010002
[05:50:56.528] |I| [export_sceIoOpen]: Opening file: /arc/data/msg/t1110_1.mbin
[05:50:56.528] |E| [open_file]: Cannot find device for path: /arc/data/msg/t1110_1.mbin
[05:50:56.528] |W| [io_error_impl]: open_file (sceIoOpen) returned 0x80010002
[05:50:56.551] |I| [export_sceIoOpen]: Opening file: /arc/data/msg/t1410_1.mbin
[05:50:56.551] |E| [open_file]: Cannot find device for path: /arc/data/msg/t1410_1.mbin
[05:50:56.552] |W| [io_error_impl]: open_file (sceIoOpen) returned 0x80010002
[05:50:56.557] |I| [export_sceIoOpen]: Opening file: /arc/data/msg/f4000.mbin
[05:50:56.557] |E| [open_file]: Cannot find device for path: /arc/data/msg/f4000.mbin
[05:50:56.558] |W| [io_error_impl]: open_file (sceIoOpen) returned 0x80010002
[05:50:56.559] |I| [export_sceIoOpen]: Opening file: /arc/data/msg/f4010.mbin
[05:50:56.560] |E| [open_file]: Cannot find device for path: /arc/data/msg/f4010.mbin
[05:50:56.560] |W| [io_error_impl]: open_file (sceIoOpen) returned 0x80010002
[05:50:56.561] |I| [export_sceIoOpen]: Opening file: /arc/data/msg/f4020.mbin
[05:50:56.562] |E| [open_file]: Cannot find device for path: /arc/data/msg/f4020.mbin
[05:50:56.562] |W| [io_error_impl]: open_file (sceIoOpen) returned 0x80010002
[05:50:56.563] |I| [export_sceIoOpen]: Opening file: /arc/data/msg/f4030.mbin
[05:50:56.563] |E| [open_file]: Cannot find device for path: /arc/data/msg/f4030.mbin
[05:50:56.564] |W| [io_error_impl]: open_file (sceIoOpen) returned 0x80010002
[05:50:56.564] |I| [export_sceIoOpen]: Opening file: /arc/data/msg/f4040.mbin
[05:50:56.565] |E| [open_file]: Cannot find device for path: /arc/data/msg/f4040.mbin
[05:50:56.565] |W| [io_error_impl]: open_file (sceIoOpen) returned 0x80010002
[05:50:56.566] |I| [export_sceIoOpen]: Opening file: /arc/data/msg/f4050.mbin
[05:50:56.566] |E| [open_file]: Cannot find device for path: /arc/data/msg/f4050.mbin
[05:50:56.567] |W| [io_error_impl]: open_file (sceIoOpen) returned 0x80010002
[05:50:56.567] |I| [export_sceIoOpen]: Opening file: /arc/data/msg/f4060.mbin
[05:50:56.568] |E| [open_file]: Cannot find device for path: /arc/data/msg/f4060.mbin
[05:50:56.568] |W| [io_error_impl]: open_file (sceIoOpen) returned 0x80010002
[05:50:56.601] |I| [export_sceIoOpen]: Opening file: /arc/data/msg/t0008_s0.mbin
[05:50:56.602] |E| [open_file]: Cannot find device for path: /arc/data/msg/t0008_s0.mbin
[05:50:56.602] |W| [io_error_impl]: open_file (sceIoOpen) returned 0x80010002
[05:50:56.604] |I| [export_sceIoOpen]: Opening file: /arc/data/msg/t0008_s1.mbin
[05:50:56.604] |E| [open_file]: Cannot find device for path: /arc/data/msg/t0008_s1.mbin
[05:50:56.605] |W| [io_error_impl]: open_file (sceIoOpen) returned 0x80010002
[05:50:56.605] |I| [export_sceIoOpen]: Opening file: /arc/data/msg/t0008_s2.mbin
[05:50:56.606] |E| [open_file]: Cannot find device for path: /arc/data/msg/t0008_s2.mbin
[05:50:56.606] |W| [io_error_impl]: open_file (sceIoOpen) returned 0x80010002
[05:50:56.607] |I| [export_sceIoOpen]: Opening file: /arc/data/msg/t0008_s3.mbin
[05:50:56.607] |E| [open_file]: Cannot find device for path: /arc/data/msg/t0008_s3.mbin
[05:50:56.607] |W| [io_error_impl]: open_file (sceIoOpen) returned 0x80010002
[05:50:56.608] |I| [export_sceIoOpen]: Opening file: /arc/data/msg/t0008_s4.mbin
[05:50:56.608] |E| [open_file]: Cannot find device for path: /arc/data/msg/t0008_s4.mbin
[05:50:56.609] |W| [io_error_impl]: open_file (sceIoOpen) returned 0x80010002
[05:50:56.609] |I| [export_sceIoOpen]: Opening file: /arc/data/msg/t0008_s5.mbin
[05:50:56.610] |E| [open_file]: Cannot find device for path: /arc/data/msg/t0008_s5.mbin
[05:50:56.610] |W| [io_error_impl]: open_file (sceIoOpen) returned 0x80010002
[05:50:56.612] |I| [export_sceIoOpen]: Opening file: /arc/data/msg/t0008_s6.mbin
[05:50:56.613] |E| [open_file]: Cannot find device for path: /arc/data/msg/t0008_s6.mbin
[05:50:56.613] |W| [io_error_impl]: open_file (sceIoOpen) returned 0x80010002
[05:50:56.614] |I| [export_sceIoOpen]: Opening file: /arc/data/msg/t0008_s7.mbin
[05:50:56.614] |E| [open_file]: Cannot find device for path: /arc/data/msg/t0008_s7.mbin
[05:50:56.614] |W| [io_error_impl]: open_file (sceIoOpen) returned 0x80010002
[05:50:56.615] |I| [export_sceIoOpen]: Opening file: /arc/data/msg/t0009.mbin
[05:50:56.615] |E| [open_file]: Cannot find device for path: /arc/data/msg/t0009.mbin
[05:50:56.616] |W| [io_error_impl]: open_file (sceIoOpen) returned 0x80010002
[05:50:56.616] |I| [export_sceIoOpen]: Opening file: /arc/data/msg/t0009_s0.mbin
[05:50:56.617] |E| [open_file]: Cannot find device for path: /arc/data/msg/t0009_s0.mbin
[05:50:56.617] |W| [io_error_impl]: open_file (sceIoOpen) returned 0x80010002
[05:50:56.618] |I| [export_sceIoOpen]: Opening file: /arc/data/msg/t0009_s1.mbin
[05:50:56.618] |E| [open_file]: Cannot find device for path: /arc/data/msg/t0009_s1.mbin
[05:50:56.619] |W| [io_error_impl]: open_file (sceIoOpen) returned 0x80010002
[05:50:56.619] |I| [export_sceIoOpen]: Opening file: /arc/data/msg/t0009_s2.mbin
[05:50:56.619] |E| [open_file]: Cannot find device for path: /arc/data/msg/t0009_s2.mbin
[05:50:56.623] |W| [io_error_impl]: open_file (sceIoOpen) returned 0x80010002
[05:50:56.624] |I| [export_sceIoOpen]: Opening file: /arc/data/msg/t0009_s3.mbin
[05:50:56.624] |E| [open_file]: Cannot find device for path: /arc/data/msg/t0009_s3.mbin
[05:50:56.624] |W| [io_error_impl]: open_file (sceIoOpen) returned 0x80010002
[05:50:56.625] |I| [export_sceIoOpen]: Opening file: /arc/data/msg/t0009_s4.mbin
[05:50:56.625] |E| [open_file]: Cannot find device for path: /arc/data/msg/t0009_s4.mbin
[05:50:56.626] |W| [io_error_impl]: open_file (sceIoOpen) returned 0x80010002
[05:50:56.626] |I| [export_sceIoOpen]: Opening file: /arc/data/msg/t0009_s5.mbin
[05:50:56.627] |E| [open_file]: Cannot find device for path: /arc/data/msg/t0009_s5.mbin
[05:50:56.627] |W| [io_error_impl]: open_file (sceIoOpen) returned 0x80010002
[05:50:56.629] |I| [export_sceIoOpen]: Opening file: /arc/data/msg/t0009_s6.mbin
[05:50:56.629] |E| [open_file]: Cannot find device for path: /arc/data/msg/t0009_s6.mbin
[05:50:56.629] |W| [io_error_impl]: open_file (sceIoOpen) returned 0x80010002
[05:50:56.630] |I| [export_sceIoOpen]: Opening file: /arc/data/msg/t0009_s7.mbin
[05:50:56.630] |E| [open_file]: Cannot find device for path: /arc/data/msg/t0009_s7.mbin
[05:50:56.631] |W| [io_error_impl]: open_file (sceIoOpen) returned 0x80010002
[05:50:56.631] |I| [export_sceIoOpen]: Opening file: /arc/data/msg/t0010.mbin
[05:50:56.632] |E| [open_file]: Cannot find device for path: /arc/data/msg/t0010.mbin
[05:50:56.632] |W| [io_error_impl]: open_file (sceIoOpen) returned 0x80010002
[05:50:56.633] |I| [export_sceIoOpen]: Opening file: /arc/data/msg/t0010_s0.mbin
[05:50:56.633] |E| [open_file]: Cannot find device for path: /arc/data/msg/t0010_s0.mbin
[05:50:56.633] |W| [io_error_impl]: open_file (sceIoOpen) returned 0x80010002
[05:50:56.634] |I| [export_sceIoOpen]: Opening file: /arc/data/msg/t0011.mbin
[05:50:56.634] |E| [open_file]: Cannot find device for path: /arc/data/msg/t0011.mbin
[05:50:56.635] |W| [io_error_impl]: open_file (sceIoOpen) returned 0x80010002
[05:50:56.639] |I| [export_sceIoOpen]: Opening file: /arc/data/msg/t0011_s0.mbin
[05:50:56.639] |E| [open_file]: Cannot find device for path: /arc/data/msg/t0011_s0.mbin
[05:50:56.639] |W| [io_error_impl]: open_file (sceIoOpen) returned 0x80010002
[05:50:56.640] |I| [export_sceIoOpen]: Opening file: /arc/data/msg/t0012.mbin
[05:50:56.641] |E| [open_file]: Cannot find device for path: /arc/data/msg/t0012.mbin
[05:50:56.641] |W| [io_error_impl]: open_file (sceIoOpen) returned 0x80010002
[05:50:56.642] |I| [export_sceIoOpen]: Opening file: /arc/data/msg/t0012_s0.mbin
[05:50:56.642] |E| [open_file]: Cannot find device for path: /arc/data/msg/t0012_s0.mbin
[05:50:56.642] |W| [io_error_impl]: open_file (sceIoOpen) returned 0x80010002
[05:50:56.643] |I| [export_sceIoOpen]: Opening file: /arc/data/msg/t0013.mbin
[05:50:56.644] |E| [open_file]: Cannot find device for path: /arc/data/msg/t0013.mbin
[05:50:56.645] |W| [io_error_impl]: open_file (sceIoOpen) returned 0x80010002
[05:50:56.645] |I| [export_sceIoOpen]: Opening file: /arc/data/msg/t0013_s0.mbin
[05:50:56.646] |E| [open_file]: Cannot find device for path: /arc/data/msg/t0013_s0.mbin
[05:50:56.646] |W| [io_error_impl]: open_file (sceIoOpen) returned 0x80010002
[05:50:56.647] |I| [export_sceIoOpen]: Opening file: /arc/data/msg/t0063.mbin
[05:50:56.647] |E| [open_file]: Cannot find device for path: /arc/data/msg/t0063.mbin
[05:50:56.648] |W| [io_error_impl]: open_file (sceIoOpen) returned 0x80010002
[05:50:56.652] |I| [export_sceIoOpen]: Opening file: /arc/data/msg/t0038.mbin
[05:50:56.654] |E| [open_file]: Cannot find device for path: /arc/data/msg/t0038.mbin
[05:50:56.654] |W| [io_error_impl]: open_file (sceIoOpen) returned 0x80010002
[05:50:56.657] |I| [export_sceIoOpen]: Opening file: /arc/data/msg/t0110_1.mbin
[05:50:56.657] |E| [open_file]: Cannot find device for path: /arc/data/msg/t0110_1.mbin
[05:50:56.658] |W| [io_error_impl]: open_file (sceIoOpen) returned 0x80010002
[05:50:56.659] |I| [export_sceIoOpen]: Opening file: /arc/data/msg/t0111_1.mbin
[05:50:56.659] |E| [open_file]: Cannot find device for path: /arc/data/msg/t0111_1.mbin
[05:50:56.660] |W| [io_error_impl]: open_file (sceIoOpen) returned 0x80010002
[05:50:56.666] |I| [export_sceIoOpen]: Opening file: /arc/data/msg/t0132_1.mbin
[05:50:56.666] |E| [open_file]: Cannot find device for path: /arc/data/msg/t0132_1.mbin
[05:50:56.669] |W| [io_error_impl]: open_file (sceIoOpen) returned 0x80010002
[05:50:56.670] |I| [export_sceIoOpen]: Opening file: /arc/data/msg/t0133_1.mbin
[05:50:56.670] |E| [open_file]: Cannot find device for path: /arc/data/msg/t0133_1.mbin
[05:50:56.670] |W| [io_error_impl]: open_file (sceIoOpen) returned 0x80010002
[05:50:56.705] |I| [export_sceIoOpen]: Opening file: /arc/data/msg/e0210.mbin
[05:50:56.705] |E| [open_file]: Cannot find device for path: /arc/data/msg/e0210.mbin
[05:50:56.705] |W| [io_error_impl]: open_file (sceIoOpen) returned 0x80010002
[05:50:56.710] |I| [export_sceIoOpen]: Opening file: /arc/data/msg/sn_res34.mbin
[05:50:56.710] |E| [open_file]: Cannot find device for path: /arc/data/msg/sn_res34.mbin
[05:50:56.711] |W| [io_error_impl]: open_file (sceIoOpen) returned 0x80010002
[05:50:56.711] |I| [export_sceIoOpen]: Opening file: /arc/data/msg/sn_res38.mbin
[05:50:56.712] |E| [open_file]: Cannot find device for path: /arc/data/msg/sn_res38.mbin
[05:50:56.713] |W| [io_error_impl]: open_file (sceIoOpen) returned 0x80010002
[05:50:56.714] |I| [export_sceIoOpen]: Opening file: /arc/data/msg/sn_res37.mbin
[05:50:56.714] |E| [open_file]: Cannot find device for path: /arc/data/msg/sn_res37.mbin
[05:50:56.715] |W| [io_error_impl]: open_file (sceIoOpen) returned 0x80010002
[05:50:56.715] |I| [export_sceIoOpen]: Opening file: /arc/data/msg/sn_res36.mbin
[05:50:56.716] |E| [open_file]: Cannot find device for path: /arc/data/msg/sn_res36.mbin
[05:50:56.717] |W| [io_error_impl]: open_file (sceIoOpen) returned 0x80010002
[05:50:56.718] |I| [export_sceIoOpen]: Opening file: /arc/data/msg/sn_res35.mbin
[05:50:56.719] |E| [open_file]: Cannot find device for path: /arc/data/msg/sn_res35.mbin
[05:50:56.719] |W| [io_error_impl]: open_file (sceIoOpen) returned 0x80010002
[05:50:56.740] |I| [export_sceIoOpen]: Opening file: /arc/data/msg/sn_res60.mbin
[05:50:56.741] |E| [open_file]: Cannot find device for path: /arc/data/msg/sn_res60.mbin
[05:50:56.741] |W| [io_error_impl]: open_file (sceIoOpen) returned 0x80010002
[05:50:56.742] |I| [export_sceIoOpen]: Opening file: /arc/data/msg/sn_res61.mbin
[05:50:56.742] |E| [open_file]: Cannot find device for path: /arc/data/msg/sn_res61.mbin
[05:50:56.742] |W| [io_error_impl]: open_file (sceIoOpen) returned 0x80010002
[05:50:56.743] |I| [export_sceIoOpen]: Opening file: /arc/data/msg/sn_res62.mbin
[05:50:56.743] |E| [open_file]: Cannot find device for path: /arc/data/msg/sn_res62.mbin
[05:50:56.745] |W| [io_error_impl]: open_file (sceIoOpen) returned 0x80010002
[05:50:56.746] |I| [export_sceIoOpen]: Opening file: /arc/data/msg/sn_res65.mbin
[05:50:56.747] |E| [open_file]: Cannot find device for path: /arc/data/msg/sn_res65.mbin
[05:50:56.747] |W| [io_error_impl]: open_file (sceIoOpen) returned 0x80010002
[05:50:56.748] |I| [export_sceIoOpen]: Opening file: /arc/data/msg/sn_res66.mbin
[05:50:56.748] |E| [open_file]: Cannot find device for path: /arc/data/msg/sn_res66.mbin
[05:50:56.748] |W| [io_error_impl]: open_file (sceIoOpen) returned 0x80010002
[05:50:56.749] |I| [export_sceIoOpen]: Opening file: /arc/data/msg/sn_res67.mbin
[05:50:56.749] |E| [open_file]: Cannot find device for path: /arc/data/msg/sn_res67.mbin
[05:50:56.750] |W| [io_error_impl]: open_file (sceIoOpen) returned 0x80010002
[05:50:56.751] |I| [export_sceIoOpen]: Opening file: /arc/data/msg/sn_res68.mbin
[05:50:56.751] |E| [open_file]: Cannot find device for path: /arc/data/msg/sn_res68.mbin
[05:50:56.752] |W| [io_error_impl]: open_file (sceIoOpen) returned 0x80010002
[05:50:56.752] |I| [export_sceIoOpen]: Opening file: /arc/data/msg/sn_res69.mbin
[05:50:56.753] |E| [open_file]: Cannot find device for path: /arc/data/msg/sn_res69.mbin
[05:50:56.753] |W| [io_error_impl]: open_file (sceIoOpen) returned 0x80010002
[05:50:56.754] |I| [export_sceIoOpen]: Opening file: /arc/data/msg/sn_res70.mbin
[05:50:56.754] |E| [open_file]: Cannot find device for path: /arc/data/msg/sn_res70.mbin
[05:50:56.754] |W| [io_error_impl]: open_file (sceIoOpen) returned 0x80010002
[05:50:56.755] |I| [export_sceIoOpen]: Opening file: /arc/data/msg/sn_res71.mbin
[05:50:56.756] |E| [open_file]: Cannot find device for path: /arc/data/msg/sn_res71.mbin
[05:50:56.756] |W| [io_error_impl]: open_file (sceIoOpen) returned 0x80010002
[05:50:56.757] |I| [export_sceIoOpen]: Opening file: /arc/data/msg/sn_res72.mbin
[05:50:56.757] |E| [open_file]: Cannot find device for path: /arc/data/msg/sn_res72.mbin
[05:50:56.757] |W| [io_error_impl]: open_file (sceIoOpen) returned 0x80010002
[05:50:56.758] |I| [export_sceIoOpen]: Opening file: /arc/data/msg/sn_res73.mbin
[05:50:56.758] |E| [open_file]: Cannot find device for path: /arc/data/msg/sn_res73.mbin
[05:50:56.759] |W| [io_error_impl]: open_file (sceIoOpen) returned 0x80010002
[05:50:56.759] |I| [export_sceIoOpen]: Opening file: /arc/data/msg/sn_res74.mbin
[05:50:56.759] |E| [open_file]: Cannot find device for path: /arc/data/msg/sn_res74.mbin
[05:50:56.764] |W| [io_error_impl]: open_file (sceIoOpen) returned 0x80010002
[05:50:56.764] |I| [export_sceIoOpen]: Opening file: /arc/data/msg/sn_res75.mbin
[05:50:56.765] |E| [open_file]: Cannot find device for path: /arc/data/msg/sn_res75.mbin
[05:50:56.765] |W| [io_error_impl]: open_file (sceIoOpen) returned 0x80010002
[05:50:56.765] |I| [export_sceIoOpen]: Opening file: /arc/data/msg/sn_res76.mbin
[05:50:56.766] |E| [open_file]: Cannot find device for path: /arc/data/msg/sn_res76.mbin
[05:50:56.766] |W| [io_error_impl]: open_file (sceIoOpen) returned 0x80010002
[05:50:56.767] |I| [export_sceIoOpen]: Opening file: /arc/data/msg/sn_res77.mbin
[05:50:56.767] |E| [open_file]: Cannot find device for path: /arc/data/msg/sn_res77.mbin
[05:50:56.768] |W| [io_error_impl]: open_file (sceIoOpen) returned 0x80010002
[05:50:56.768] |I| [export_sceIoOpen]: Opening file: /arc/data/msg/sn_res78.mbin
[05:50:56.769] |E| [open_file]: Cannot find device for path: /arc/data/msg/sn_res78.mbin
[05:50:56.769] |W| [io_error_impl]: open_file (sceIoOpen) returned 0x80010002
[05:50:56.770] |I| [export_sceIoOpen]: Opening file: /arc/data/msg/sn_res79.mbin
[05:50:56.770] |E| [open_file]: Cannot find device for path: /arc/data/msg/sn_res79.mbin
[05:50:56.770] |W| [io_error_impl]: open_file (sceIoOpen) returned 0x80010002
[05:50:56.771] |I| [export_sceIoOpen]: Opening file: /arc/data/msg/sn_res80.mbin
[05:50:56.771] |E| [open_file]: Cannot find device for path: /arc/data/msg/sn_res80.mbin
[05:50:56.772] |W| [io_error_impl]: open_file (sceIoOpen) returned 0x80010002
[05:50:56.772] |I| [export_sceIoOpen]: Opening file: /arc/data/msg/sn_res81.mbin
[05:50:56.773] |E| [open_file]: Cannot find device for path: /arc/data/msg/sn_res81.mbin
[05:50:56.773] |W| [io_error_impl]: open_file (sceIoOpen) returned 0x80010002
[05:50:56.774] |I| [export_sceIoOpen]: Opening file: /arc/data/msg/sn_res82.mbin
[05:50:56.774] |E| [open_file]: Cannot find device for path: /arc/data/msg/sn_res82.mbin
[05:50:56.774] |W| [io_error_impl]: open_file (sceIoOpen) returned 0x80010002
[05:50:56.775] |I| [export_sceIoOpen]: Opening file: /arc/data/msg/sn_res83.mbin
[05:50:56.775] |E| [open_file]: Cannot find device for path: /arc/data/msg/sn_res83.mbin
[05:50:56.776] |W| [io_error_impl]: open_file (sceIoOpen) returned 0x80010002
[05:50:56.780] |I| [export_sceIoOpen]: Opening file: /arc/data/msg/sn_res84.mbin
[05:50:56.780] |E| [open_file]: Cannot find device for path: /arc/data/msg/sn_res84.mbin
[05:50:56.781] |W| [io_error_impl]: open_file (sceIoOpen) returned 0x80010002
[05:50:56.781] |I| [export_sceIoOpen]: Opening file: /arc/data/msg/sn_res85.mbin
[05:50:56.782] |E| [open_file]: Cannot find device for path: /arc/data/msg/sn_res85.mbin
[05:50:56.782] |W| [io_error_impl]: open_file (sceIoOpen) returned 0x80010002
[05:50:56.783] |I| [export_sceIoOpen]: Opening file: /arc/data/msg/sn_res86.mbin
[05:50:56.783] |E| [open_file]: Cannot find device for path: /arc/data/msg/sn_res86.mbin
[05:50:56.784] |W| [io_error_impl]: open_file (sceIoOpen) returned 0x80010002
[05:50:56.784] |I| [export_sceIoOpen]: Opening file: /arc/data/msg/sn_res87.mbin
[05:50:56.784] |E| [open_file]: Cannot find device for path: /arc/data/msg/sn_res87.mbin
[05:50:56.785] |W| [io_error_impl]: open_file (sceIoOpen) returned 0x80010002
[05:50:56.785] |I| [export_sceIoOpen]: Opening file: /arc/data/msg/sn_res88.mbin
[05:50:56.786] |E| [open_file]: Cannot find device for path: /arc/data/msg/sn_res88.mbin
[05:50:56.786] |W| [io_error_impl]: open_file (sceIoOpen) returned 0x80010002
[05:50:56.787] |I| [export_sceIoOpen]: Opening file: /arc/data/msg/sn_res89.mbin
[05:50:56.787] |E| [open_file]: Cannot find device for path: /arc/data/msg/sn_res89.mbin
[05:50:56.788] |W| [io_error_impl]: open_file (sceIoOpen) returned 0x80010002
[05:50:56.788] |I| [export_sceIoOpen]: Opening file: /arc/data/msg/sn_res90.mbin
[05:50:56.788] |E| [open_file]: Cannot find device for path: /arc/data/msg/sn_res90.mbin
[05:50:56.789] |W| [io_error_impl]: open_file (sceIoOpen) returned 0x80010002
[05:50:56.789] |I| [export_sceIoOpen]: Opening file: /arc/data/msg/sn_res91.mbin
[05:50:56.790] |E| [open_file]: Cannot find device for path: /arc/data/msg/sn_res91.mbin
[05:50:56.790] |W| [io_error_impl]: open_file (sceIoOpen) returned 0x80010002
[05:50:56.791] |I| [export_sceIoOpen]: Opening file: /arc/data/msg/sn_res92.mbin
[05:50:56.791] |E| [open_file]: Cannot find device for path: /arc/data/msg/sn_res92.mbin
[05:50:56.795] |W| [io_error_impl]: open_file (sceIoOpen) returned 0x80010002
[05:50:56.796] |I| [export_sceIoOpen]: Opening file: /arc/data/msg/sn_res93.mbin
[05:50:56.796] |E| [open_file]: Cannot find device for path: /arc/data/msg/sn_res93.mbin
[05:50:56.797] |W| [io_error_impl]: open_file (sceIoOpen) returned 0x80010002
[05:50:56.798] |I| [export_sceIoOpen]: Opening file: /arc/data/msg/sn_res94.mbin
[05:50:56.799] |E| [open_file]: Cannot find device for path: /arc/data/msg/sn_res94.mbin
[05:50:56.799] |W| [io_error_impl]: open_file (sceIoOpen) returned 0x80010002
[05:50:56.800] |I| [export_sceIoOpen]: Opening file: /arc/data/msg/sn_res95.mbin
[05:50:56.800] |E| [open_file]: Cannot find device for path: /arc/data/msg/sn_res95.mbin
[05:50:56.800] |W| [io_error_impl]: open_file (sceIoOpen) returned 0x80010002
[05:50:56.801] |I| [export_sceIoOpen]: Opening file: /arc/data/msg/sn_res96.mbin
[05:50:56.801] |E| [open_file]: Cannot find device for path: /arc/data/msg/sn_res96.mbin
[05:50:56.802] |W| [io_error_impl]: open_file (sceIoOpen) returned 0x80010002
[05:50:56.891] |I| [export_sceIoOpen]: Opening file: /arc/data/msg/snres192.mbin
[05:50:56.891] |E| [open_file]: Cannot find device for path: /arc/data/msg/snres192.mbin
[05:50:56.892] |W| [io_error_impl]: open_file (sceIoOpen) returned 0x80010002
[05:50:56.893] |I| [export_sceIoOpen]: Opening file: /arc/data/msg/snres195.mbin
[05:50:56.893] |E| [open_file]: Cannot find device for path: /arc/data/msg/snres195.mbin
[05:50:56.894] |W| [io_error_impl]: open_file (sceIoOpen) returned 0x80010002
[05:50:56.896] |I| [export_sceIoOpen]: Opening file: /arc/data/msg/snres196.mbin
[05:50:56.896] |E| [open_file]: Cannot find device for path: /arc/data/msg/snres196.mbin
[05:50:56.897] |W| [io_error_impl]: open_file (sceIoOpen) returned 0x80010002
[05:50:56.898] |I| [export_sceIoOpen]: Opening file: /arc/data/msg/snres197.mbin
[05:50:56.898] |E| [open_file]: Cannot find device for path: /arc/data/msg/snres197.mbin
[05:50:56.899] |W| [io_error_impl]: open_file (sceIoOpen) returned 0x80010002
[05:50:56.899] |I| [export_sceIoOpen]: Opening file: /arc/data/msg/snres198.mbin
[05:50:56.900] |E| [open_file]: Cannot find device for path: /arc/data/msg/snres198.mbin
[05:50:56.900] |W| [io_error_impl]: open_file (sceIoOpen) returned 0x80010002
[05:50:56.901] |I| [export_sceIoOpen]: Opening file: /arc/data/msg/snres199.mbin
[05:50:56.901] |E| [open_file]: Cannot find device for path: /arc/data/msg/snres199.mbin
[05:50:56.902] |W| [io_error_impl]: open_file (sceIoOpen) returned 0x80010002
[05:50:56.910] |I| [export_sceIoOpen]: Opening file: /arc/data/msg/snres225.mbin
[05:50:56.910] |E| [open_file]: Cannot find device for path: /arc/data/msg/snres225.mbin
[05:50:56.911] |W| [io_error_impl]: open_file (sceIoOpen) returned 0x80010002
[05:50:56.911] |I| [export_sceIoOpen]: Opening file: /arc/data/msg/snres226.mbin
[05:50:56.912] |E| [open_file]: Cannot find device for path: /arc/data/msg/snres226.mbin
[05:50:56.912] |W| [io_error_impl]: open_file (sceIoOpen) returned 0x80010002
[05:50:56.913] |I| [export_sceIoOpen]: Opening file: /arc/data/msg/snres227.mbin
[05:50:56.913] |E| [open_file]: Cannot find device for path: /arc/data/msg/snres227.mbin
[05:50:56.914] |W| [io_error_impl]: open_file (sceIoOpen) returned 0x80010002
[05:50:56.914] |I| [export_sceIoOpen]: Opening file: /arc/data/msg/snres230.mbin
[05:50:56.915] |E| [open_file]: Cannot find device for path: /arc/data/msg/snres230.mbin
[05:50:56.915] |W| [io_error_impl]: open_file (sceIoOpen) returned 0x80010002
[05:50:56.916] |I| [export_sceIoOpen]: Opening file: /arc/data/msg/snres231.mbin
[05:50:56.916] |E| [open_file]: Cannot find device for path: /arc/data/msg/snres231.mbin
[05:50:56.917] |W| [io_error_impl]: open_file (sceIoOpen) returned 0x80010002
[05:50:56.917] |I| [export_sceIoOpen]: Opening file: /arc/data/msg/snres232.mbin
[05:50:56.920] |E| [open_file]: Cannot find device for path: /arc/data/msg/snres232.mbin
[05:50:56.920] |W| [io_error_impl]: open_file (sceIoOpen) returned 0x80010002
[05:50:56.921] |I| [export_sceIoOpen]: Opening file: /arc/data/msg/snres233.mbin
[05:50:56.921] |E| [open_file]: Cannot find device for path: /arc/data/msg/snres233.mbin
[05:50:56.921] |W| [io_error_impl]: open_file (sceIoOpen) returned 0x80010002
[05:50:56.922] |I| [export_sceIoOpen]: Opening file: /arc/data/msg/snres234.mbin
[05:50:56.922] |E| [open_file]: Cannot find device for path: /arc/data/msg/snres234.mbin
[05:50:56.923] |W| [io_error_impl]: open_file (sceIoOpen) returned 0x80010002
[05:50:56.923] |I| [export_sceIoOpen]: Opening file: /arc/data/msg/snres235.mbin
[05:50:56.924] |E| [open_file]: Cannot find device for path: /arc/data/msg/snres235.mbin
[05:50:56.924] |W| [io_error_impl]: open_file (sceIoOpen) returned 0x80010002
[05:50:56.925] |I| [export_sceIoOpen]: Opening file: /arc/data/msg/snres236.mbin
[05:50:56.925] |E| [open_file]: Cannot find device for path: /arc/data/msg/snres236.mbin
[05:50:56.925] |W| [io_error_impl]: open_file (sceIoOpen) returned 0x80010002
[05:50:56.926] |I| [export_sceIoOpen]: Opening file: /arc/data/msg/snres237.mbin
[05:50:56.926] |E| [open_file]: Cannot find device for path: /arc/data/msg/snres237.mbin
[05:50:56.927] |W| [io_error_impl]: open_file (sceIoOpen) returned 0x80010002
[05:50:56.927] |I| [export_sceIoOpen]: Opening file: /arc/data/msg/snres238.mbin
[05:50:56.928] |E| [open_file]: Cannot find device for path: /arc/data/msg/snres238.mbin
[05:50:56.929] |W| [io_error_impl]: open_file (sceIoOpen) returned 0x80010002
[05:50:56.929] |I| [export_sceIoOpen]: Opening file: /arc/data/msg/snres239.mbin
[05:50:56.930] |E| [open_file]: Cannot find device for path: /arc/data/msg/snres239.mbin
[05:50:56.930] |W| [io_error_impl]: open_file (sceIoOpen) returned 0x80010002
[05:50:56.932] |I| [export_sceIoOpen]: Opening file: /arc/data/msg/snres240.mbin
[05:50:56.932] |E| [open_file]: Cannot find device for path: /arc/data/msg/snres240.mbin
[05:50:56.932] |W| [io_error_impl]: open_file (sceIoOpen) returned 0x80010002
[05:50:56.933] |I| [export_sceIoOpen]: Opening file: /arc/data/msg/snres245.mbin
[05:50:56.933] |E| [open_file]: Cannot find device for path: /arc/data/msg/snres245.mbin
[05:50:56.937] |W| [io_error_impl]: open_file (sceIoOpen) returned 0x80010002
[05:50:56.937] |I| [export_sceIoOpen]: Opening file: /arc/data/msg/snres246.mbin
[05:50:56.937] |E| [open_file]: Cannot find device for path: /arc/data/msg/snres246.mbin
[05:50:56.938] |W| [io_error_impl]: open_file (sceIoOpen) returned 0x80010002
[05:50:56.938] |I| [export_sceIoOpen]: Opening file: /arc/data/msg/snres247.mbin
[05:50:56.939] |E| [open_file]: Cannot find device for path: /arc/data/msg/snres247.mbin
[05:50:56.939] |W| [io_error_impl]: open_file (sceIoOpen) returned 0x80010002
[05:50:56.940] |I| [export_sceIoOpen]: Opening file: /arc/data/msg/snres248.mbin
[05:50:56.940] |E| [open_file]: Cannot find device for path: /arc/data/msg/snres248.mbin
[05:50:56.940] |W| [io_error_impl]: open_file (sceIoOpen) returned 0x80010002
[05:50:56.941] |I| [export_sceIoOpen]: Opening file: /arc/data/msg/snres249.mbin
[05:50:56.941] |E| [open_file]: Cannot find device for path: /arc/data/msg/snres249.mbin
[05:50:56.942] |W| [io_error_impl]: open_file (sceIoOpen) returned 0x80010002
[05:50:56.942] |I| [export_sceIoOpen]: Opening file: /arc/data/msg/snres250.mbin
[05:50:56.943] |E| [open_file]: Cannot find device for path: /arc/data/msg/snres250.mbin
[05:50:56.943] |W| [io_error_impl]: open_file (sceIoOpen) returned 0x80010002
[05:50:56.944] |I| [export_sceIoOpen]: Opening file: /arc/data/msg/snres251.mbin
[05:50:56.944] |E| [open_file]: Cannot find device for path: /arc/data/msg/snres251.mbin
[05:50:56.945] |W| [io_error_impl]: open_file (sceIoOpen) returned 0x80010002
[05:50:56.946] |I| [export_sceIoOpen]: Opening file: /arc/data/msg/snres252.mbin
[05:50:56.946] |E| [open_file]: Cannot find device for path: /arc/data/msg/snres252.mbin
[05:50:56.947] |W| [io_error_impl]: open_file (sceIoOpen) returned 0x80010002
[05:50:56.947] |I| [export_sceIoOpen]: Opening file: /arc/data/msg/snres253.mbin
[05:50:56.948] |E| [open_file]: Cannot find device for path: /arc/data/msg/snres253.mbin
[05:50:56.948] |W| [io_error_impl]: open_file (sceIoOpen) returned 0x80010002
[05:50:56.949] |I| [export_sceIoOpen]: Opening file: /arc/data/msg/snres254.mbin
[05:50:56.952] |E| [open_file]: Cannot find device for path: /arc/data/msg/snres254.mbin
[05:50:56.952] |W| [io_error_impl]: open_file (sceIoOpen) returned 0x80010002
[05:50:56.953] |I| [export_sceIoOpen]: Opening file: /arc/data/msg/snres255.mbin
[05:50:56.953] |E| [open_file]: Cannot find device for path: /arc/data/msg/snres255.mbin
[05:50:56.954] |W| [io_error_impl]: open_file (sceIoOpen) returned 0x80010002
[05:50:56.954] |I| [export_sceIoOpen]: Opening file: /arc/data/msg/snres256.mbin
[05:50:56.955] |E| [open_file]: Cannot find device for path: /arc/data/msg/snres256.mbin
[05:50:56.955] |W| [io_error_impl]: open_file (sceIoOpen) returned 0x80010002
[05:50:56.956] |I| [export_sceIoOpen]: Opening file: /arc/data/msg/snres257.mbin
[05:50:56.957] |E| [open_file]: Cannot find device for path: /arc/data/msg/snres257.mbin
[05:50:56.957] |W| [io_error_impl]: open_file (sceIoOpen) returned 0x80010002
[05:50:56.958] |I| [export_sceIoOpen]: Opening file: /arc/data/msg/snres258.mbin
[05:50:56.958] |E| [open_file]: Cannot find device for path: /arc/data/msg/snres258.mbin
[05:50:56.958] |W| [io_error_impl]: open_file (sceIoOpen) returned 0x80010002
[05:50:56.959] |I| [export_sceIoOpen]: Opening file: /arc/data/msg/snres259.mbin
[05:50:56.959] |E| [open_file]: Cannot find device for path: /arc/data/msg/snres259.mbin
[05:50:56.960] |W| [io_error_impl]: open_file (sceIoOpen) returned 0x80010002
[05:50:56.960] |I| [export_sceIoOpen]: Opening file: /arc/data/msg/snres260.mbin
[05:50:56.961] |E| [open_file]: Cannot find device for path: /arc/data/msg/snres260.mbin
[05:50:56.961] |W| [io_error_impl]: open_file (sceIoOpen) returned 0x80010002
[05:50:56.962] |I| [export_sceIoOpen]: Opening file: /arc/data/msg/snres261.mbin
[05:50:56.962] |E| [open_file]: Cannot find device for path: /arc/data/msg/snres261.mbin
[05:50:56.963] |W| [io_error_impl]: open_file (sceIoOpen) returned 0x80010002
[05:50:56.963] |I| [export_sceIoOpen]: Opening file: /arc/data/msg/snres262.mbin
[05:50:56.964] |E| [open_file]: Cannot find device for path: /arc/data/msg/snres262.mbin
[05:50:56.964] |W| [io_error_impl]: open_file (sceIoOpen) returned 0x80010002
[05:50:56.965] |I| [export_sceIoOpen]: Opening file: /arc/data/msg/snres263.mbin
[05:50:56.965] |E| [open_file]: Cannot find device for path: /arc/data/msg/snres263.mbin
[05:50:56.969] |W| [io_error_impl]: open_file (sceIoOpen) returned 0x80010002
[05:50:56.969] |I| [export_sceIoOpen]: Opening file: /arc/data/msg/snres264.mbin
[05:50:56.969] |E| [open_file]: Cannot find device for path: /arc/data/msg/snres264.mbin
[05:50:56.970] |W| [io_error_impl]: open_file (sceIoOpen) returned 0x80010002
[05:50:56.970] |I| [export_sceIoOpen]: Opening file: /arc/data/msg/snres265.mbin
[05:50:56.971] |E| [open_file]: Cannot find device for path: /arc/data/msg/snres265.mbin
[05:50:56.971] |W| [io_error_impl]: open_file (sceIoOpen) returned 0x80010002
[05:50:56.972] |I| [export_sceIoOpen]: Opening file: /arc/data/msg/snres266.mbin
[05:50:56.972] |E| [open_file]: Cannot find device for path: /arc/data/msg/snres266.mbin
[05:50:56.973] |W| [io_error_impl]: open_file (sceIoOpen) returned 0x80010002
[05:50:56.973] |I| [export_sceIoOpen]: Opening file: /arc/data/msg/snres267.mbin
[05:50:56.973] |E| [open_file]: Cannot find device for path: /arc/data/msg/snres267.mbin
[05:50:56.974] |W| [io_error_impl]: open_file (sceIoOpen) returned 0x80010002
[05:50:56.974] |I| [export_sceIoOpen]: Opening file: /arc/data/msg/snres268.mbin
[05:50:56.975] |E| [open_file]: Cannot find device for path: /arc/data/msg/snres268.mbin
[05:50:56.975] |W| [io_error_impl]: open_file (sceIoOpen) returned 0x80010002
[05:50:56.976] |I| [export_sceIoOpen]: Opening file: /arc/data/msg/snres269.mbin
[05:50:56.976] |E| [open_file]: Cannot find device for path: /arc/data/msg/snres269.mbin
[05:50:56.976] |W| [io_error_impl]: open_file (sceIoOpen) returned 0x80010002
[05:50:56.977] |I| [export_sceIoOpen]: Opening file: /arc/data/msg/snres270.mbin
[05:50:56.978] |E| [open_file]: Cannot find device for path: /arc/data/msg/snres270.mbin
[05:50:56.978] |W| [io_error_impl]: open_file (sceIoOpen) returned 0x80010002
[05:50:56.979] |I| [export_sceIoOpen]: Opening file: /arc/data/msg/snres271.mbin
[05:50:56.979] |E| [open_file]: Cannot find device for path: /arc/data/msg/snres271.mbin
[05:50:56.980] |W| [io_error_impl]: open_file (sceIoOpen) returned 0x80010002
[05:50:56.983] |I| [export_sceIoOpen]: Opening file: /arc/data/msg/snres272.mbin
[05:50:56.984] |E| [open_file]: Cannot find device for path: /arc/data/msg/snres272.mbin
[05:50:56.984] |W| [io_error_impl]: open_file (sceIoOpen) returned 0x80010002
[05:50:56.985] |I| [export_sceIoOpen]: Opening file: /arc/data/msg/snres273.mbin
[05:50:56.985] |E| [open_file]: Cannot find device for path: /arc/data/msg/snres273.mbin
[05:50:56.985] |W| [io_error_impl]: open_file (sceIoOpen) returned 0x80010002
[05:50:56.986] |I| [export_sceIoOpen]: Opening file: /arc/data/msg/snres274.mbin
[05:50:56.987] |E| [open_file]: Cannot find device for path: /arc/data/msg/snres274.mbin
[05:50:56.987] |W| [io_error_impl]: open_file (sceIoOpen) returned 0x80010002
[05:50:56.988] |I| [export_sceIoOpen]: Opening file: /arc/data/msg/snres275.mbin
[05:50:56.988] |E| [open_file]: Cannot find device for path: /arc/data/msg/snres275.mbin
[05:50:56.989] |W| [io_error_impl]: open_file (sceIoOpen) returned 0x80010002
[05:50:56.989] |I| [export_sceIoOpen]: Opening file: /arc/data/msg/snres276.mbin
[05:50:56.989] |E| [open_file]: Cannot find device for path: /arc/data/msg/snres276.mbin
[05:50:56.990] |W| [io_error_impl]: open_file (sceIoOpen) returned 0x80010002
[05:50:56.990] |I| [export_sceIoOpen]: Opening file: /arc/data/msg/snres277.mbin
[05:50:56.991] |E| [open_file]: Cannot find device for path: /arc/data/msg/snres277.mbin
[05:50:56.991] |W| [io_error_impl]: open_file (sceIoOpen) returned 0x80010002
[05:50:56.992] |I| [export_sceIoOpen]: Opening file: /arc/data/msg/snres278.mbin
[05:50:56.992] |E| [open_file]: Cannot find device for path: /arc/data/msg/snres278.mbin
[05:50:56.992] |W| [io_error_impl]: open_file (sceIoOpen) returned 0x80010002
[05:50:56.993] |I| [export_sceIoOpen]: Opening file: /arc/data/msg/snres279.mbin
[05:50:56.993] |E| [open_file]: Cannot find device for path: /arc/data/msg/snres279.mbin
[05:50:56.994] |W| [io_error_impl]: open_file (sceIoOpen) returned 0x80010002
[05:50:56.995] |I| [export_sceIoOpen]: Opening file: /arc/data/msg/snres280.mbin
[05:50:56.998] |E| [open_file]: Cannot find device for path: /arc/data/msg/snres280.mbin
[05:50:56.999] |W| [io_error_impl]: open_file (sceIoOpen) returned 0x80010002
[05:50:56.999] |I| [export_sceIoOpen]: Opening file: /arc/data/msg/snres281.mbin
[05:50:57.000] |E| [open_file]: Cannot find device for path: /arc/data/msg/snres281.mbin
[05:50:57.000] |W| [io_error_impl]: open_file (sceIoOpen) returned 0x80010002
[05:50:57.001] |I| [export_sceIoOpen]: Opening file: /arc/data/msg/snres282.mbin
[05:50:57.001] |E| [open_file]: Cannot find device for path: /arc/data/msg/snres282.mbin
[05:50:57.002] |W| [io_error_impl]: open_file (sceIoOpen) returned 0x80010002
[05:50:57.002] |I| [export_sceIoOpen]: Opening file: /arc/data/msg/snres283.mbin
[05:50:57.002] |E| [open_file]: Cannot find device for path: /arc/data/msg/snres283.mbin
[05:50:57.003] |W| [io_error_impl]: open_file (sceIoOpen) returned 0x80010002
[05:50:57.003] |I| [export_sceIoOpen]: Opening file: /arc/data/msg/snres284.mbin
[05:50:57.004] |E| [open_file]: Cannot find device for path: /arc/data/msg/snres284.mbin
[05:50:57.004] |W| [io_error_impl]: open_file (sceIoOpen) returned 0x80010002
[05:50:57.005] |I| [export_sceIoOpen]: Opening file: /arc/data/msg/snres285.mbin
[05:50:57.005] |E| [open_file]: Cannot find device for path: /arc/data/msg/snres285.mbin
[05:50:57.005] |W| [io_error_impl]: open_file (sceIoOpen) returned 0x80010002
[05:50:57.006] |I| [export_sceIoOpen]: Opening file: /arc/data/msg/snres286.mbin
[05:50:57.006] |E| [open_file]: Cannot find device for path: /arc/data/msg/snres286.mbin
[05:50:57.007] |W| [io_error_impl]: open_file (sceIoOpen) returned 0x80010002
[05:50:57.007] |I| [export_sceIoOpen]: Opening file: /arc/data/msg/snres287.mbin
[05:50:57.008] |E| [open_file]: Cannot find device for path: /arc/data/msg/snres287.mbin
[05:50:57.008] |W| [io_error_impl]: open_file (sceIoOpen) returned 0x80010002
[05:50:57.009] |I| [export_sceIoOpen]: Opening file: /arc/data/msg/snres288.mbin
[05:50:57.009] |E| [open_file]: Cannot find device for path: /arc/data/msg/snres288.mbin
[05:50:57.009] |W| [io_error_impl]: open_file (sceIoOpen) returned 0x80010002
[05:50:57.010] |I| [export_sceIoOpen]: Opening file: /arc/data/msg/snres289.mbin
[05:50:57.010] |E| [open_file]: Cannot find device for path: /arc/data/msg/snres289.mbin
[05:50:57.015] |W| [io_error_impl]: open_file (sceIoOpen) returned 0x80010002
[05:50:57.016] |I| [export_sceIoOpen]: Opening file: /arc/data/msg/snres290.mbin
[05:50:57.016] |E| [open_file]: Cannot find device for path: /arc/data/msg/snres290.mbin
[05:50:57.017] |W| [io_error_impl]: open_file (sceIoOpen) returned 0x80010002
[05:50:57.018] |I| [export_sceIoOpen]: Opening file: /arc/data/msg/snres291.mbin
[05:50:57.018] |E| [open_file]: Cannot find device for path: /arc/data/msg/snres291.mbin
[05:50:57.018] |W| [io_error_impl]: open_file (sceIoOpen) returned 0x80010002
[05:50:57.019] |I| [export_sceIoOpen]: Opening file: /arc/data/msg/snres292.mbin
[05:50:57.019] |E| [open_file]: Cannot find device for path: /arc/data/msg/snres292.mbin
[05:50:57.020] |W| [io_error_impl]: open_file (sceIoOpen) returned 0x80010002
[05:50:57.020] |I| [export_sceIoOpen]: Opening file: /arc/data/msg/snres293.mbin
[05:50:57.020] |E| [open_file]: Cannot find device for path: /arc/data/msg/snres293.mbin
[05:50:57.021] |W| [io_error_impl]: open_file (sceIoOpen) returned 0x80010002
[05:50:57.021] |I| [export_sceIoOpen]: Opening file: /arc/data/msg/snres294.mbin
[05:50:57.022] |E| [open_file]: Cannot find device for path: /arc/data/msg/snres294.mbin
[05:50:57.022] |W| [io_error_impl]: open_file (sceIoOpen) returned 0x80010002
[05:50:57.023] |I| [export_sceIoOpen]: Opening file: /arc/data/msg/snres295.mbin
[05:50:57.023] |E| [open_file]: Cannot find device for path: /arc/data/msg/snres295.mbin
[05:50:57.023] |W| [io_error_impl]: open_file (sceIoOpen) returned 0x80010002
[05:50:57.024] |I| [export_sceIoOpen]: Opening file: /arc/data/msg/snres296.mbin
[05:50:57.024] |E| [open_file]: Cannot find device for path: /arc/data/msg/snres296.mbin
[05:50:57.025] |W| [io_error_impl]: open_file (sceIoOpen) returned 0x80010002
[05:50:57.025] |I| [export_sceIoOpen]: Opening file: /arc/data/msg/snres297.mbin
[05:50:57.026] |E| [open_file]: Cannot find device for path: /arc/data/msg/snres297.mbin
[05:50:57.026] |W| [io_error_impl]: open_file (sceIoOpen) returned 0x80010002
[05:50:57.027] |I| [export_sceIoOpen]: Opening file: /arc/data/msg/snres298.mbin
[05:50:57.031] |E| [open_file]: Cannot find device for path: /arc/data/msg/snres298.mbin
[05:50:57.032] |W| [io_error_impl]: open_file (sceIoOpen) returned 0x80010002
[05:50:57.033] |I| [export_sceIoOpen]: Opening file: /arc/data/msg/snres299.mbin
[05:50:57.033] |E| [open_file]: Cannot find device for path: /arc/data/msg/snres299.mbin
[05:50:57.034] |W| [io_error_impl]: open_file (sceIoOpen) returned 0x80010002
[05:50:57.056] |I| [export_sceIoOpen]: Opening file: /arc/data/msg/t4113.mbin
[05:50:57.056] |E| [open_file]: Cannot find device for path: /arc/data/msg/t4113.mbin
[05:50:57.056] |W| [io_error_impl]: open_file (sceIoOpen) returned 0x80010002
[05:50:59.411] |D| [renderer::gl::texture::translate_swizzle]: base format: 201326592, swizzle: 0
[05:50:59.413] |E| [renderer::gl::get