[20:08:56.888] |I| [load_app_impl]: cpu-backend: Dynarmic
[20:08:56.888] |I| [load_app_impl]: CPU Optimisation state: true
[20:08:56.889] |I| [load_app_impl]: at9 audio decoder state: true
[20:08:56.892] |I| [load_app_impl]: ngs experimental state: true
[20:08:56.892] |I| [load_app_impl]: video player state: true
[20:08:56.893] |I| [load_app_impl]: lle-modules: libpgf,libSceXml,libsas,liblocation,libhandwriting,libSceJson,librudp
[20:08:56.893] |I| [load_app_impl]: Title: かりぐらし恋愛
[20:08:56.894] |I| [load_app_impl]: Serial: PCSG01253
[20:08:56.894] |I| [load_app_impl]: Version: 1.04
[20:08:56.895] |I| [load_app_impl]: Category: gp
[20:08:56.950] |C| [load_self]: Unknown segment type 0x6FFFFF01
[20:08:56.950] |I| [load_self]: Loaded module segment 0 @ [0x00007000 - 0x0005891C / 0x81000000] (size: 0x0005191C) of module ux0:app\PCSG01253\sce_module\libc.suprx
[20:08:56.951] |I| [load_self]: Loaded module segment 1 @ [0x00059000 - 0x0005B8A0 / 0x81052000] (size: 0x000028A0) of module ux0:app\PCSG01253\sce_module\libc.suprx
[20:08:56.952] |I| [load_self]: Loading symbols for SELF: ux0:app\PCSG01253\sce_module\libc.suprx
[20:08:56.953] |D| [load_var_exports]: 	NID 0x936C8A78 (SYSLYB) at 0x4E38C
[20:08:56.954] |D| [load_var_exports]: 	NID 0x6C2224BA (NID_MODULE_INFO) at 0x43550
[20:08:56.954] |W| [load_var_imports]: 	NID NOT FOUND 0x93B8AA67 (UNRECOGNISED) at 0x476B0, setting to stub value 0xDEADBEEF
[20:08:56.956] |W| [load_var_imports]: 	NID NOT FOUND 0xDF084DFA (UNRECOGNISED) at 0x49244, setting to stub value 0xDEADBEEF
[20:08:56.957] |I| [pre_load_module]: Pre-load module SceLibc (at "app\PCSG01253\sce_module\libc.suprx") loaded
[20:08:56.970] |C| [load_self]: Unknown segment type 0x6FFFFF01
[20:08:56.970] |I| [load_self]: Loaded module segment 0 @ [0x0005E000 - 0x00077000 / 0x81000000] (size: 0x00019000) of module ux0:app\PCSG01253\sce_module\libface.suprx
[20:08:56.971] |I| [load_self]: Loaded module segment 1 @ [0x00077000 - 0x000770F8 / 0x81019000] (size: 0x000000F8) of module ux0:app\PCSG01253\sce_module\libface.suprx
[20:08:56.972] |I| [load_self]: Loading symbols for SELF: ux0:app\PCSG01253\sce_module\libface.suprx
[20:08:56.972] |D| [load_var_exports]: 	NID 0x6C2224BA (NID_MODULE_INFO) at 0x73DA4
[20:08:56.974] |D| [load_var_exports]: 	NID 0x936C8A78 (SYSLYB) at 0x76784
[20:08:56.975] |I| [pre_load_module]: Pre-load module SceFace (at "app\PCSG01253\sce_module\libface.suprx") loaded
[20:08:56.992] |C| [load_self]: Unknown segment type 0x6FFFFF01
[20:08:56.992] |I| [load_self]: Loaded module segment 0 @ [0x00078000 - 0x000A4CBF / 0x81000000] (size: 0x0002CCBF) of module ux0:app\PCSG01253\sce_module\libfios2.suprx
[20:08:56.993] |I| [load_self]: Loaded module segment 1 @ [0x000A5000 - 0x000AA255 / 0x8102D000] (size: 0x00005255) of module ux0:app\PCSG01253\sce_module\libfios2.suprx
[20:08:56.994] |I| [load_self]: Loading symbols for SELF: ux0:app\PCSG01253\sce_module\libfios2.suprx
[20:08:56.995] |D| [load_var_exports]: 	NID 0x936C8A78 (SYSLYB) at 0xA4BC8
[20:08:56.996] |D| [load_var_exports]: 	NID 0x6C2224BA (NID_MODULE_INFO) at 0x9BF08
[20:08:56.996] |I| [pre_load_module]: Pre-load module SceLibFios2 (at "app\PCSG01253\sce_module\libfios2.suprx") loaded
[20:08:57.042] |C| [load_self]: Unknown segment type 0x6FFFFF01
[20:08:57.042] |I| [load_self]: Loaded module segment 0 @ [0x000AB000 - 0x002B8AF4 / 0x81000000] (size: 0x0020DAF4) of module ux0:app\PCSG01253\sce_module\libsmart.suprx
[20:08:57.043] |I| [load_self]: Loaded module segment 1 @ [0x002B9000 - 0x002BC444 / 0x8120E000] (size: 0x00003444) of module ux0:app\PCSG01253\sce_module\libsmart.suprx
[20:08:57.044] |I| [load_self]: Loading symbols for SELF: ux0:app\PCSG01253\sce_module\libsmart.suprx
[20:08:57.045] |D| [load_var_exports]: 	NID 0x6C2224BA (NID_MODULE_INFO) at 0x156528
[20:08:57.045] |D| [load_var_exports]: 	NID 0x936C8A78 (SYSLYB) at 0x15D90C
[20:08:57.045] |I| [pre_load_module]: Pre-load module SceSmart (at "app\PCSG01253\sce_module\libsmart.suprx") loaded
[20:08:57.058] |C| [load_self]: Unknown segment type 0x6FFFFF01
[20:08:57.058] |I| [load_self]: Loaded module segment 0 @ [0x002BD000 - 0x002D09BC / 0x81000000] (size: 0x000139BC) of module ux0:app\PCSG01253\sce_module\libult.suprx
[20:08:57.060] |I| [load_self]: Loaded module segment 1 @ [0x002D1000 - 0x002D1814 / 0x81014000] (size: 0x00000814) of module ux0:app\PCSG01253\sce_module\libult.suprx
[20:08:57.060] |I| [load_self]: Loading symbols for SELF: ux0:app\PCSG01253\sce_module\libult.suprx
[20:08:57.061] |D| [load_var_exports]: 	NID 0x936C8A78 (SYSLYB) at 0x2CF2E8
[20:08:57.061] |D| [load_var_exports]: 	NID 0x6C2224BA (NID_MODULE_INFO) at 0x2CC870
[20:08:57.062] |I| [pre_load_module]: Pre-load module SceUlt (at "app\PCSG01253\sce_module\libult.suprx") loaded
[20:08:57.069] |I| [load_self]: Loaded module segment 0 @ [0x002D2000 - 0x00322F04 / 0x81000000] (size: 0x00050F04) of module vs0:sys/external/libSceFt2.suprx
[20:08:57.069] |I| [load_self]: Loaded module segment 1 @ [0x00323000 - 0x003232F4 / 0x81051000] (size: 0x000002F4) of module vs0:sys/external/libSceFt2.suprx
[20:08:57.071] |I| [load_self]: Loading symbols for SELF: vs0:sys/external/libSceFt2.suprx
[20:08:57.071] |D| [load_var_exports]: 	NID 0x936C8A78 (SYSLYB) at 0x30E7DC
[20:08:57.072] |D| [load_var_exports]: 	NID 0x6C2224BA (NID_MODULE_INFO) at 0x30DF10
[20:08:57.074] |I| [pre_load_module]: Pre-load module SceLibft2 (at "sys/external/libSceFt2.suprx") loaded
[20:08:57.076] |I| [load_self]: Loaded module segment 0 @ [0x00324000 - 0x00333F14 / 0x81000000] (size: 0x0000FF14) of module vs0:sys/external/libpvf.suprx
[20:08:57.077] |I| [load_self]: Loaded module segment 1 @ [0x00334000 - 0x00334008 / 0x81010000] (size: 0x00000008) of module vs0:sys/external/libpvf.suprx
[20:08:57.078] |I| [load_self]: Loading symbols for SELF: vs0:sys/external/libpvf.suprx
[20:08:57.079] |D| [load_var_exports]: 	NID 0x936C8A78 (SYSLYB) at 0x332710
[20:08:57.079] |D| [load_var_exports]: 	NID 0x6C2224BA (NID_MODULE_INFO) at 0x332300
[20:08:57.079] |I| [pre_load_module]: Pre-load module SceLibPvf (at "sys/external/libpvf.suprx") loaded
[20:08:57.137] |C| [load_self]: Unknown segment type 0x6FFFFF01
[20:08:57.137] |I| [load_self]: Loaded module segment 0 @ [0x00335000 - 0x003B8F2C / 0x81000000] (size: 0x00083F2C) of module app0:eboot.bin
[20:08:57.138] |I| [load_self]: Loaded module segment 1 @ [0x003B9000 - 0x0425E300 / 0x81084000] (size: 0x03EA5300) of module app0:eboot.bin
[20:08:57.139] |I| [load_self]: Loading symbols for SELF: app0:eboot.bin
[20:08:57.140] |D| [load_var_exports]: 	NID 0x6C2224BA (NID_MODULE_INFO) at 0x39AD94
[20:08:57.141] |D| [load_var_exports]: 	NID 0x70FBA1E7 (SCE_PROC_PARAMS) at 0x3BBA44
[20:08:57.141] |D| [load_var_exports]: 	NID 0x936C8A78 (SYSLYB) at 0x3A63E4
[20:08:57.142] |I| [load_app_impl]: Main executable PSVita_Project15 (eboot.bin) loaded
[20:08:57.151] |D| [run_app]: Running module_start of library: SceLibc at address 0x7871
[20:08:57.170] |I| [run_app]: Module SceLibc (at "ux0:app\PCSG01253\sce_module\libc.suprx") module_start returned 0x0
[20:08:57.174] |D| [run_app]: Running module_start of library: SceFace at address 0x73265
[20:08:57.183] |I| [run_app]: Module SceFace (at "ux0:app\PCSG01253\sce_module\libface.suprx") module_start returned 0x0
[20:08:57.187] |D| [run_app]: Running module_start of library: SceLibFios2 at address 0x78001
[20:08:57.195] |W| [stubbed_impl]: Stubbed sceKernelGetProcessId import called. (pid: 0)
[20:08:57.195] |D| [export_sceFiosOverlayGetList02]: maxIDs: 127
[20:08:57.195] |W| [unimplemented_impl]: Unimplemented sceFiosOverlayGetList02 import called.
[20:08:57.197] |I| [run_app]: Module SceLibFios2 (at "ux0:app\PCSG01253\sce_module\libfios2.suprx") module_start returned 0x0
[20:08:57.201] |D| [run_app]: Running module_start of library: SceSmart at address 0xAB18D
[20:08:57.211] |I| [run_app]: Module SceSmart (at "ux0:app\PCSG01253\sce_module\libsmart.suprx") module_start returned 0x0
[20:08:57.215] |D| [run_app]: Running module_start of library: SceUlt at address 0x2C0771
[20:08:57.223] |W| [unimplemented_impl]: Unimplemented _sceUlobjMgrRegisterLibultProtocolRevision import called.
[20:08:57.223] |I| [run_app]: Module SceUlt (at "ux0:app\PCSG01253\sce_module\libult.suprx") module_start returned 0x0
[20:08:57.249] |W| [unimplemented_impl]: Unimplemented sceKernelChangeThreadVfpException import called.
[20:08:57.249] |W| [unimplemented_impl]: Unimplemented sceFiosOverlayThreadSetDisabled02 import called.
[20:08:57.302] |W| [unimplemented_impl]: Unimplemented sceFiosOverlayGetRecommendedScheduler02 import called.
[20:08:57.307] |I| [export_sceIoOpen]: Opening file: app0:/data/DATA.psarc
[20:08:57.347] |I| [export_sceIoOpen]: Opening file: app0:/data/DATA.psarc
[20:08:57.409] |I| [export_sceIoOpen]: Opening file: app0:/data/VOICE.psarc
[20:08:57.421] |I| [export_sceIoOpen]: Opening file: app0:/data/VOICE.psarc
[20:08:57.538] |I| [export_sceIoOpen]: Opening file: app0:/data/system_se/0.vag
[20:08:57.553] |I| [export_sceIoOpen]: Opening file: app0:/data/system_se/1.vag
[20:08:57.555] |I| [export_sceIoOpen]: Opening file: app0:/data/system_se/2.vag
[20:08:57.569] |W| [stubbed_impl]: Stubbed sceGxmMapMemory import called. (always return success)
[20:08:57.572] |W| [stubbed_impl]: Stubbed sceGxmMapFragmentUsseMemory import called. (always return success)
[20:08:57.649] |W| [stubbed_impl]: Stubbed sceGxmMapVertexUsseMemory import called. (always return success)
[20:08:57.659] |W| [stubbed_impl]: Stubbed sceDisplayWaitSetFrameBuf import called. (move after setframebuf)
[20:08:57.847] |W| [stubbed_impl]: Stubbed sceDisplayWaitVblankStart import called. (wait for vblank)
[20:08:58.213] |W| [unimplemented_impl]: Unimplemented sceAppUtilInit import called.
[20:08:58.214] |W| [unimplemented_impl]: Unimplemented sceScreenShotDisable import called.
[20:08:58.214] |W| [unimplemented_impl]: Unimplemented sceScreenShotSetOverlayImage import called.
[20:08:58.215] |W| [unimplemented_impl]: Unimplemented sceScreenShotEnable import called.
[20:08:58.259] |W| [stubbed_impl]: Stubbed sceDisplayWaitVblankStartCB import called. (wait for vblank)
[20:08:58.280] |I| [float_to_half_init]: AVX+F16C instruction set supported. Use fast f32 to f16 conversion
[20:08:58.304] |I| [renderer::gl::load_shader_generic]: Generating frag shader fe5e47928dc64a3e2772d1d9b62278e2cf01b79783828d00343725206c914b42
[20:08:58.306] |D| [shader::create_parameters]: [DEFAULT  + 0] sa0 = (half4) color
[20:08:58.324] |I| [renderer::gl::load_shader_generic]: Generating vert shader 449a04133b68dc72feab0af5169c72b7caa16a50fef9d6ed7f0e70127f90f2a1
[20:08:58.325] |D| [shader::create_parameters]: [BUFFER0  + 0] pa0 = (float4) aPosition
[20:08:58.348] |E| [renderer::gl::compile_program]: Fragment info
-------------
0(20) : warning C7050: "pa[0].zw" might be used before being initialized


[20:08:58.438] |I| [renderer::gl::load_shader_generic]: Generating frag shader 9f8f4953a7a8e8cd5f99b798477a08396ab9555daf6275056d51c2a90851643a
[20:08:58.439] |D| [shader::create_parameters]: [DEFAULT  + 0] sa0 = (float1) mask
[20:08:58.443] |I| [renderer::gl::load_shader_generic]: Generating vert shader e7fadf597d3f32498f00ae1f9c783afdda998281579fa002d1bef960460c7152
[20:08:58.444] |D| [shader::create_parameters]: [DEFAULT  + 0] sa0 = (float4) coords
[20:08:58.449] |D| [renderer::gl::texture::translate_swizzle]: base format: -1795162112, swizzle: 4096
[20:08:58.449] |I| [renderer::gl::load_shader_generic]: Generating frag shader 5810fc0dd6651b0fbea3d1ca3253e5a11783a12036ed674c662e922f4d64858f
[20:08:58.451] |D| [shader::create_parameters]: [DEFAULT  + 9] sa9 = (float1) tme
[20:08:58.451] |D| [shader::create_parameters]: [DEFAULT  + 8] sa8 = (float1) tfunc
[20:08:58.452] |D| [shader::create_parameters]: [DEFAULT  + 0] sa0 = (float4) vColor
[20:08:58.452] |D| [shader::create_parameters]: [DEFAULT  + 4] sa4 = (float1) data[4]
[20:08:58.454] |D| [shader::create_fragment_inputs]: Iterator: pa0 = (float2) v_TexCoord0
[20:08:58.466] |D| [shader::usse::USSETranslatorVisitor::vtst]: load_data_type: 5, bits max: 8
[20:08:58.469] |D| [shader::usse::USSETranslatorVisitor::vtst]: load_data_type: 5, bits max: 8
[20:08:58.471] |D| [shader::usse::USSETranslatorVisitor::vtst]: load_data_type: 5, bits max: 8
[20:08:58.472] |D| [shader::usse::USSETranslatorVisitor::vtst]: load_data_type: 5, bits max: 8
[20:08:58.517] |D| [shader::usse::USSETranslatorVisitor::vtst]: load_data_type: 5, bits max: 8
[20:08:58.519] |D| [shader::usse::USSETranslatorVisitor::vtst]: load_data_type: 5, bits max: 8
[20:08:58.520] |D| [shader::usse::USSETranslatorVisitor::vtst]: load_data_type: 5, bits max: 8
[20:08:58.535] |D| [shader::usse::USSETranslatorVisitor::vtst]: load_data_type: 5, bits max: 8
[20:08:58.536] |D| [shader::usse::USSETranslatorVisitor::vtst]: load_data_type: 5, bits max: 8
[20:08:58.537] |D| [shader::usse::USSETranslatorVisitor::vtst]: load_data_type: 5, bits max: 8
[20:08:58.551] |D| [shader::usse::USSETranslatorVisitor::vtst]: load_data_type: 5, bits max: 8
[20:08:58.552] |D| [shader::usse::USSETranslatorVisitor::vtst]: load_data_type: 5, bits max: 8
[20:08:58.576] |I| [renderer::gl::load_shader_generic]: Generating vert shader 41e08f69344dba01aac59ca39933eb166eae5dddc6c9210971de09fa78c46466
[20:08:58.577] |D| [shader::create_parameters]: [BUFFER0  + 0] pa0 = (float4) aPosition
[20:08:58.578] |D| [shader::create_parameters]: [BUFFER0  + 4] pa4 = (float4) aTexCoord
[20:08:58.579] |D| [shader::create_parameters]: [DEFAULT  + 0] sa0 = (float4) wvp[4]
[20:08:58.579] |D| [shader::create_parameters]: [DEFAULT  + 16] sa16 = (float1) crop[4]
[20:08:58.625] |E| [renderer::gl::compile_program]: Vertex info
-----------
0(23) : warning C7050: "internals[0].w" might be used before being initialized
0(23) : warning C7050: "internals[1].zw" might be used before being initialized

Fragment info
-------------
0(22) : warning C7050: "pa[0].zw" might be used before being initialized
0(24) : warning C7050: "internals[0]" might be used before being initialized
0(24) : warning C7050: "internals[1]" might be used before being initialized
0(24) : warning C7050: "internals[2]" might be used before being initialized
0(25) : warning C7050: "r[0]" might be used before being initialized
0(25) : warning C7050: "r[1].zw" might be used before being initialized


[20:08:58.628] |D| [renderer::gl::texture::translate_swizzle]: base format: -1795162112, swizzle: 4096
[20:08:58.629] |D| [renderer::gl::texture::translate_swizzle]: base format: -1795162112, swizzle: 4096
[20:08:58.637] |D| [renderer::gl::texture::translate_swizzle]: base format: -1795162112, swizzle: 4096
[20:09:00.960] |I| [export_sceIoOpen]: Opening file: savedata0:data0032.bin
[20:09:01.042] |W| [unimplemented_impl]: Unimplemented sceCommonDialogUpdate import called.
[20:09:01.321] |D| [renderer::gl::texture::translate_swizzle]: base format: 0, swizzle: 20480
[20:09:01.604] |D| [renderer::gl::texture::translate_swizzle]: base format: -1795162112, swizzle: 20480
[20:09:01.969] |W| [unimplemented_impl]: Unimplemented sceNgsVoiceSetFinishedCallback import called.
[20:09:01.970] |D| [export_sceNgsVoicePlay]: sceNgsVoicePlay: 1
[20:09:01.992] |D| [export_sceNgsVoicePlay]: sceNgsVoicePlay: 1
[20:09:02.958] |W| [Atrac9DecoderState::send]: Error sending Atrac9 packet: 0xBEBBB1B7.
[20:09:07.878] |D| [export_sceAvPlayerInit]: auto start: false
[20:09:07.878] |D| [export_sceAvPlayerAddSource]: path: app0:data/movie/logo.mp4
[20:09:07.879] |I| [PlayerState::queue]: Queued video: 'D:/Emulateurs/Vita3K/mc/ux0/app/PCSG01253/data/movie/logo.mp4'.
[20:09:07.937] |D| [thread_callback]: Play Video
[20:09:07.943] |W| [stubbed_impl]: Stubbed sceAvPlayerStreamCount import called. (ALWAYS RETURN 2 (VIDEO AND AUDIO))
[20:09:07.944] |W| [stubbed_impl]: Stubbed sceAvPlayerGetStreamInfo import called. (ALWAYS SUSPECTS 2 STREAMS: VIDEO AND AUDIO)
[20:09:07.946] |D| [export_sceAvPlayerEnableStream]: sceAvPlayerEnableStream, stream no: 0
[20:09:07.946] |D| [export_sceAvPlayerEnableStream]: sceAvPlayerEnableStream, stream no: 1
[20:09:07.947] |D| [export_sceAvPlayerStart]: sceAvPlayerStart
[20:09:07.954] |D| [renderer::gl::texture::translate_swizzle]: base format: -1879048192, swizzle: 12288
[20:09:07.956] |I| [renderer::gl::load_shader_generic]: Generating frag shader 66a010f7d0e3a61103c4ca4a964e0ec43622d740d42fd2931b887143448417b4
[20:09:07.963] |I| [renderer::gl::load_shader_generic]: Generating vert shader 74033ae1d3e1565b4ccd884916a965dcb73f10ad08f21f07cdacde587d8ffb95
[20:09:07.964] |D| [shader::create_parameters]: [BUFFER0  + 0] pa0 = (float4) aPosition
[20:09:07.964] |D| [shader::create_parameters]: [BUFFER0  + 4] pa4 = (float4) aTexCoord
[20:09:07.965] |D| [shader::create_parameters]: [DEFAULT  + 0] sa0 = (float4) wvp[4]
[20:09:07.978] |E| [renderer::gl::compile_program]: Vertex info
-----------
0(23) : warning C7050: "internals[0].w" might be used before being initialized


[20:09:07.987] |D| [renderer::gl::texture::translate_swizzle]: base format: -1879048192, swizzle: 12288
[20:09:07.998] |D| [renderer::gl::texture::translate_swizzle]: base format: -1879048192, swizzle: 12288
[20:09:08.045] |D| [renderer::gl::texture::translate_swizzle]: base format: -1879048192, swizzle: 12288
[20:09:08.058] |D| [export_sceAvPlayerClose]: sceAvPlayerClose
[20:09:08.059] |D| [export_sceAvPlayerDisableStream]: sceAvPlayerDisableStream, stream no: 0
[20:09:08.059] |D| [export_sceAvPlayerDisableStream]: sceAvPlayerDisableStream, stream no: 1
[20:09:08.449] |D| [export_sceNgsVoicePlay]: sceNgsVoicePlay: 1
[20:09:08.454] |D| [renderer::gl::texture::translate_swizzle]: base format: 0, swizzle: 20480
[20:09:08.654] |D| [renderer::gl::texture::translate_swizzle]: base format: -1744830464, swizzle: 4096
[20:09:08.656] |D| [renderer::gl::texture::translate_swizzle]: base format: 201326592, swizzle: 4096
[20:09:08.656] |I| [renderer::gl::load_shader_generic]: Generating frag shader f2202fe2be3ab173d498d21cb68d35eca495e86d23688e1cda26cf7590d7676f
[20:09:08.658] |D| [shader::create_parameters]: [DEFAULT  + 0] sa0 = (float4) rgba
[20:09:08.658] |D| [shader::create_parameters]: [DEFAULT  + 4] sa4 = (float2) size
[20:09:08.658] |D| [shader::create_parameters]: [DEFAULT  + 6] sa6 = (float4) edge
[20:09:08.659] |D| [shader::create_fragment_inputs]: Iterator: pa0 = (float2) v_TexCoord0
[20:09:08.659] |I| [shader::make_frag_finalize_function]: Non zero pa offset: 2 at f2202fe2be3ab173d498d21cb68d35eca495e86d23688e1cda26cf7590d7676f
[20:09:08.673] |D| [shader::usse::USSETranslatorVisitor::vtst]: load_data_type: 5, bits max: 8
[20:09:08.675] |D| [shader::usse::USSETranslatorVisitor::vtst]: load_data_type: 4, bits max: 8
[20:09:08.676] |D| [shader::usse::USSETranslatorVisitor::vtst]: load_data_type: 4, bits max: 8
[20:09:08.677] |D| [shader::usse::USSETranslatorVisitor::vtst]: load_data_type: 4, bits max: 8
[20:09:08.678] |D| [shader::usse::USSETranslatorVisitor::vtst]: load_data_type: 4, bits max: 8
[20:09:08.680] |E| [shader::usse::USSETranslatorVisitor::smp]: Sampler LOD custom mode not implemented!
[20:09:08.681] |D| [shader::usse::USSETranslatorVisitor::vtst]: load_data_type: 8, bits max: 7
[20:09:08.682] |D| [shader::usse::USSETranslatorVisitor::vtst]: load_data_type: 8, bits max: 7
[20:09:08.687] |D| [shader::usse::USSETranslatorVisitor::vtst]: load_data_type: 5, bits max: 8
[20:09:08.690] |D| [shader::usse::USSETranslatorVisitor::vtst]: load_data_type: 5, bits max: 8
[20:09:08.691] |D| [shader::usse::USSETranslatorVisitor::vtst]: load_data_type: 5, bits max: 8
[20:09:08.692] |D| [shader::usse::USSETranslatorVisitor::vtst]: load_data_type: 5, bits max: 8
[20:09:08.695] |E| [shader::usse::USSETranslatorVisitor::smp]: Sampler LOD custom mode not implemented!
[20:09:08.696] |E| [shader::usse::USSETranslatorVisitor::smp]: Sampler LOD custom mode not implemented!
[20:09:08.697] |D| [shader::usse::USSETranslatorVisitor::vtst]: load_data_type: 5, bits max: 8
[20:09:08.697] |D| [shader::usse::USSETranslatorVisitor::vtst]: load_data_type: 5, bits max: 8
[20:09:08.699] |D| [shader::usse::USSETranslatorVisitor::vtst]: load_data_type: 5, bits max: 8
[20:09:08.701] |D| [shader::usse::USSETranslatorVisitor::vtst]: load_data_type: 5, bits max: 8
[20:09:08.703] |D| [shader::usse::USSETranslatorVisitor::vtst]: load_data_type: 5, bits max: 8
[20:09:08.704] |D| [shader::usse::USSETranslatorVisitor::vtst]: load_data_type: 5, bits max: 8
[20:09:08.708] |E| [shader::usse::USSETranslatorVisitor::smp]: Sampler LOD custom mode not implemented!
[20:09:08.708] |D| [shader::usse::USSETranslatorVisitor::vtst]: load_data_type: 5, bits max: 8
[20:09:08.709] |D| [shader::usse::USSETranslatorVisitor::vtst]: load_data_type: 5, bits max: 8
[20:09:08.710] |D| [shader::usse::USSETranslatorVisitor::vtst]: load_data_type: 5, bits max: 8
[20:09:08.711] |D| [shader::usse::USSETranslatorVisitor::vtst]: load_data_type: 5, bits max: 8
[20:09:08.711] |D| [shader::usse::USSETranslatorVisitor::vtst]: load_data_type: 5, bits max: 8
[20:09:08.713] |E| [shader::usse::USSETranslatorVisitor::smp]: Sampler LOD custom mode not implemented!
[20:09:08.714] |D| [shader::usse::USSETranslatorVisitor::vtst]: load_data_type: 5, bits max: 8
[20:09:08.715] |D| [shader::usse::USSETranslatorVisitor::vtst]: load_data_type: 5, bits max: 8
[20:09:08.716] |D| [shader::usse::USSETranslatorVisitor::vtst]: load_data_type: 5, bits max: 8
[20:09:08.719] |D| [shader::usse::USSETranslatorVisitor::vtst]: load_data_type: 5, bits max: 8
[20:09:08.720] |D| [shader::usse::USSETranslatorVisitor::vtst]: load_data_type: 5, bits max: 8
[20:09:08.723] |E| [shader::usse::USSETranslatorVisitor::smp]: Sampler LOD custom mode not implemented!
[20:09:08.724] |D| [shader::usse::USSETranslatorVisitor::vtst]: load_data_type: 5, bits max: 8
[20:09:08.725] |D| [shader::usse::USSETranslatorVisitor::vtst]: load_data_type: 5, bits max: 8
[20:09:08.725] |D| [shader::usse::USSETranslatorVisitor::vtst]: load_data_type: 5, bits max: 8
[20:09:08.726] |D| [shader::usse::USSETranslatorVisitor::vtst]: load_data_type: 5, bits max: 8
[20:09:08.727] |D| [shader::usse::USSETranslatorVisitor::vtst]: load_data_type: 5, bits max: 8
[20:09:08.729] |E| [shader::usse::USSETranslatorVisitor::smp]: Sampler LOD custom mode not implemented!
[20:09:08.730] |D| [shader::usse::USSETranslatorVisitor::vtst]: load_data_type: 5, bits max: 8
[20:09:08.731] |D| [shader::usse::USSETranslatorVisitor::vtst]: load_data_type: 5, bits max: 8
[20:09:08.732] |D| [shader::usse::USSETranslatorVisitor::vtst]: load_data_type: 5, bits max: 8
[20:09:08.735] |D| [shader::usse::USSETranslatorVisitor::vtst]: load_data_type: 5, bits max: 8
[20:09:08.736] |D| [shader::usse::USSETranslatorVisitor::vtst]: load_data_type: 5, bits max: 8
[20:09:08.739] |E| [shader::usse::USSETranslatorVisitor::smp]: Sampler LOD custom mode not implemented!
[20:09:08.740] |D| [shader::usse::USSETranslatorVisitor::vtst]: load_data_type: 5, bits max: 8
[20:09:08.740] |D| [shader::usse::USSETranslatorVisitor::vtst]: load_data_type: 5, bits max: 8
[20:09:08.741] |D| [shader::usse::USSETranslatorVisitor::vtst]: load_data_type: 5, bits max: 8
[20:09:08.742] |D| [shader::usse::USSETranslatorVisitor::vtst]: load_data_type: 5, bits max: 8
[20:09:08.743] |D| [shader::usse::USSETranslatorVisitor::vtst]: load_data_type: 5, bits max: 8
[20:09:08.745] |E| [shader::usse::USSETranslatorVisitor::smp]: Sampler LOD custom mode not implemented!
[20:09:08.746] |D| [shader::usse::USSETranslatorVisitor::vtst]: load_data_type: 5, bits max: 8
[20:09:08.747] |D| [shader::usse::USSETranslatorVisitor::vtst]: load_data_type: 5, bits max: 8
[20:09:08.747] |D| [shader::usse::USSETranslatorVisitor::vtst]: load_data_type: 5, bits max: 8
[20:09:08.750] |D| [shader::usse::USSETranslatorVisitor::vtst]: load_data_type: 5, bits max: 8
[20:09:08.752] |D| [shader::usse::USSETranslatorVisitor::vtst]: load_data_type: 5, bits max: 8
[20:09:08.755] |E| [shader::usse::USSETranslatorVisitor::smp]: Sampler LOD custom mode not implemented!
[20:09:08.756] |D| [shader::usse::USSETranslatorVisitor::vtst]: load_data_type: 5, bits max: 8
[20:09:08.757] |D| [shader::usse::USSETranslatorVisitor::vtst]: load_data_type: 5, bits max: 8
[20:09:08.758] |D| [shader::usse::USSETranslatorVisitor::vtst]: load_data_type: 5, bits max: 8
[20:09:08.758] |D| [shader::usse::USSETranslatorVisitor::vtst]: load_data_type: 5, bits max: 8
[20:09:08.759] |D| [shader::usse::USSETranslatorVisitor::vtst]: load_data_type: 5, bits max: 8
[20:09:08.766] |D| [shader::usse::USSETranslatorVisitor::vtst]: load_data_type: 5, bits max: 8
[20:09:08.766] |D| [shader::usse::USSETranslatorVisitor::vtst]: load_data_type: 5, bits max: 8
[20:09:08.783] |I| [renderer::gl::load_shader_generic]: Generating vert shader b0a3f746def4e36c9f251621aa63d866a0191630d0123ca40e0e03ae3596e17f
[20:09:08.784] |D| [shader::create_parameters]: [BUFFER0  + 0] pa0 = (float4) aPosition
[20:09:08.784] |D| [shader::create_parameters]: [BUFFER0  + 4] pa4 = (float4) aTexCoord
[20:09:08.785] |D| [shader::create_parameters]: [DEFAULT  + 0] sa0 = (float4) wvp[4]
[20:09:08.785] |D| [shader::create_parameters]: [DEFAULT  + 16] sa16 = (float2) size
[20:09:08.785] |D| [shader::create_parameters]: [DEFAULT  + 18] sa18 = (float1) edge
[20:09:08.789] |D| [shader::usse::USSETranslatorVisitor::vtst]: load_data_type: 5, bits max: 8
[20:09:08.862] |E| [renderer::gl::compile_program]: Vertex info
-----------
0(23) : warning C7050: "internals[0].w" might be used before being initialized

Fragment info
-------------
0(22) : warning C7050: "pa[0].zw" might be used before being initialized
0(24) : warning C7050: "internals[0]" might be used before being initialized
0(24) : warning C7050: "internals[2]" might be used before being initialized
0(26) : warning C7050: "p[1]" might be used before being initialized
0(25) : warning C7050: "r[0]" might be used before being initialized
0(25) : warning C7050: "r[1]" might be used before being initialized
0(25) : warning C7050: "r[2]" might be used before being initialized


[20:09:08.864] |D| [renderer::gl::texture::translate_swizzle]: base format: 201326592, swizzle: 4096
[20:09:08.865] |D| [renderer::gl::texture::translate_swizzle]: base format: 201326592, swizzle: 4096
[20:09:08.865] |D| [renderer::gl::texture::translate_swizzle]: base format: 201326592, swizzle: 4096
[20:09:08.866] |D| [renderer::gl::texture::translate_swizzle]: base format: 201326592, swizzle: 4096
[20:09:09.311] |D| [export_sceNgsVoicePlay]: sceNgsVoicePlay: 1
[20:09:09.704] |D| [renderer::gl::texture::translate_swizzle]: base format: -1795162112, swizzle: 4096
[20:09:09.788] |D| [renderer::gl::texture::translate_swizzle]: base format: -1795162112, swizzle: 4096
[20:09:10.468] |W| [Atrac9DecoderState::send]: Error sending Atrac9 packet: 0xBEBBB1B7.
[20:09:10.508] |W| [Atrac9DecoderState::send]: Error sending Atrac9 packet: 0xBEBBB1B7.
[20:09:10.814] |D| [export_sceNgsVoicePlay]: sceNgsVoicePlay: 1
[20:09:11.109] |D| [export_sceNgsVoicePlay]: sceNgsVoicePlay: 1
[20:09:11.508] |W| [Atrac9DecoderState::send]: Error sending Atrac9 packet: 0xBEBBB1B7.
[20:09:11.528] |W| [Atrac9DecoderState::send]: Error sending Atrac9 packet: 0xBEBBB1B7.
[20:09:11.609] |D| [export_sceNgsVoicePlay]: sceNgsVoicePlay: 1
[20:09:12.076] |D| [export_sceNgsVoicePlay]: sceNgsVoicePlay: 1
[20:09:13.021] |D| [renderer::gl::texture::translate_swizzle]: base format: -1795162112, swizzle: 20480
[20:09:13.558] |W| [Atrac9DecoderState::send]: Error sending Atrac9 packet: 0xBEBBB1B7.
[20:09:13.598] |W| [Atrac9DecoderState::send]: Error sending Atrac9 packet: 0xBEBBB1B7.
[20:09:13.678] |W| [Atrac9DecoderState::send]: Error sending Atrac9 packet: 0xBEBBB1B7.
[20:09:14.504] |D| [renderer::gl::texture::translate_swizzle]: base format: -1795162112, swizzle: 4096
[20:09:14.541] |D| [export_sceNgsVoicePlay]: sceNgsVoicePlay: 1
[20:09:14.564] |D| [export_sceNgsVoicePlay]: sceNgsVoicePlay: 1
[20:09:14.584] |D| [export_sceNgsVoicePlay]: sceNgsVoicePlay: 1
[20:09:14.754] |D| [renderer::gl::texture::translate_swizzle]: base format: -1795162112, swizzle: 4096
[20:09:14.754] |D| [renderer::gl::texture::translate_swizzle]: base format: -1795162112, swizzle: 4096
[20:09:14.755] |D| [renderer::gl::texture::translate_swizzle]: base format: -1795162112, swizzle: 4096
[20:09:14.804] |D| [renderer::gl::texture::translate_swizzle]: base format: -1795162112, swizzle: 4096
[20:09:14.854] |D| [renderer::gl::texture::translate_swizzle]: base format: -1795162112, swizzle: 4096
[20:09:14.904] |D| [renderer::gl::texture::translate_swizzle]: base format: -1795162112, swizzle: 4096
[20:09:14.954] |D| [renderer::gl::texture::translate_swizzle]: base format: -1795162112, swizzle: 4096
[20:09:15.004] |D| [renderer::gl::texture::translate_swizzle]: base format: -1795162112, swizzle: 4096
[20:09:15.054] |D| [renderer::gl::texture::translate_swizzle]: base format: -1795162112, swizzle: 4096
[20:09:15.104] |D| [renderer::gl::texture::translate_swizzle]: base format: -1795162112, swizzle: 4096
[20:09:15.154] |D| [renderer::gl::texture::translate_swizzle]: base format: -1795162112, swizzle: 4096
[20:09:15.254] |D| [renderer::gl::texture::translate_swizzle]: base format: -1795162112, swizzle: 4096
[20:09:15.304] |D| [renderer::gl::texture::translate_swizzle]: base format: -1795162112, swizzle: 4096
[20:09:15.454] |D| [renderer::gl::texture::translate_swizzle]: base format: -1795162112, swizzle: 4096
[20:09:15.554] |D| [renderer::gl::texture::translate_swizzle]: base format: -1795162112, swizzle: 4096
[20:09:17.454] |D| [renderer::gl::texture::translate_swizzle]: base format: -1795162112, swizzle: 4096
[20:09:25.637] |E| [discordrpc::update_presence::<lambda_50ee3771c9ac2f7a4b17591668a7e6b3>::operator ()]: Error updating discord rich presence, err_code: 43
