[13:36:21.163] |I| [load_app_impl]: cpu-backend: Dynarmic
[13:36:21.163] |I| [load_app_impl]: CPU Optimisation state: true
[13:36:21.163] |I| [load_app_impl]: at9 audio decoder state: true
[13:36:21.163] |I| [load_app_impl]: ngs experimental state: true
[13:36:21.163] |I| [load_app_impl]: video player state: true
[13:36:21.164] |I| [load_app_impl]: lle-modules: libpgf,libSceXml,libsas,liblocation,libhandwriting,libSceJson,librudp
[13:36:21.164] |I| [load_app_impl]: Title: らぶおぶ恋愛皇帝 of LOVE!
[13:36:21.164] |I| [load_app_impl]: Serial: PCSG01004
[13:36:21.164] |I| [load_app_impl]: Version: 1.01
[13:36:21.164] |I| [load_app_impl]: Category: gp
[13:36:21.214] |C| [load_self]: Unknown segment type 0x6FFFFF01
[13:36:21.214] |I| [load_self]: Loaded module segment 0 @ [0x00007000 - 0x000588A4 / 0x81000000] (size: 0x000518A4) of module ux0:app\PCSG01004\sce_module\libc.suprx
[13:36:21.215] |I| [load_self]: Loaded module segment 1 @ [0x00059000 - 0x0005B8A0 / 0x81052000] (size: 0x000028A0) of module ux0:app\PCSG01004\sce_module\libc.suprx
[13:36:21.215] |I| [load_self]: Loading symbols for SELF: ux0:app\PCSG01004\sce_module\libc.suprx
[13:36:21.215] |D| [load_var_exports]: 	NID 0x936C8A78 (SYSLYB) at 0x4E314
[13:36:21.215] |D| [load_var_exports]: 	NID 0x6C2224BA (NID_MODULE_INFO) at 0x434DC
[13:36:21.215] |W| [load_var_imports]: 	NID NOT FOUND 0x93B8AA67 (UNRECOGNISED) at 0x4763C, setting to stub value 0xDEADBEEF
[13:36:21.216] |W| [load_var_imports]: 	NID NOT FOUND 0xDF084DFA (UNRECOGNISED) at 0x491D0, setting to stub value 0xDEADBEEF
[13:36:21.217] |I| [pre_load_module]: Pre-load module SceLibc (at "app\PCSG01004\sce_module\libc.suprx") loaded
[13:36:21.230] |C| [load_self]: Unknown segment type 0x6FFFFF01
[13:36:21.231] |I| [load_self]: Loaded module segment 0 @ [0x0005E000 - 0x00077000 / 0x81000000] (size: 0x00019000) of module ux0:app\PCSG01004\sce_module\libface.suprx
[13:36:21.231] |I| [load_self]: Loaded module segment 1 @ [0x00077000 - 0x000770F8 / 0x81019000] (size: 0x000000F8) of module ux0:app\PCSG01004\sce_module\libface.suprx
[13:36:21.231] |I| [load_self]: Loading symbols for SELF: ux0:app\PCSG01004\sce_module\libface.suprx
[13:36:21.231] |D| [load_var_exports]: 	NID 0x6C2224BA (NID_MODULE_INFO) at 0x73DA4
[13:36:21.231] |D| [load_var_exports]: 	NID 0x936C8A78 (SYSLYB) at 0x76784
[13:36:21.231] |I| [pre_load_module]: Pre-load module SceFace (at "app\PCSG01004\sce_module\libface.suprx") loaded
[13:36:21.249] |C| [load_self]: Unknown segment type 0x6FFFFF01
[13:36:21.249] |I| [load_self]: Loaded module segment 0 @ [0x00078000 - 0x000A4CBF / 0x81000000] (size: 0x0002CCBF) of module ux0:app\PCSG01004\sce_module\libfios2.suprx
[13:36:21.249] |I| [load_self]: Loaded module segment 1 @ [0x000A5000 - 0x000AA255 / 0x8102D000] (size: 0x00005255) of module ux0:app\PCSG01004\sce_module\libfios2.suprx
[13:36:21.249] |I| [load_self]: Loading symbols for SELF: ux0:app\PCSG01004\sce_module\libfios2.suprx
[13:36:21.249] |D| [load_var_exports]: 	NID 0x936C8A78 (SYSLYB) at 0xA4BC8
[13:36:21.249] |D| [load_var_exports]: 	NID 0x6C2224BA (NID_MODULE_INFO) at 0x9BF08
[13:36:21.249] |I| [pre_load_module]: Pre-load module SceLibFios2 (at "app\PCSG01004\sce_module\libfios2.suprx") loaded
[13:36:21.311] |C| [load_self]: Unknown segment type 0x6FFFFF01
[13:36:21.311] |I| [load_self]: Loaded module segment 0 @ [0x000AB000 - 0x002B8AF4 / 0x81000000] (size: 0x0020DAF4) of module ux0:app\PCSG01004\sce_module\libsmart.suprx
[13:36:21.312] |I| [load_self]: Loaded module segment 1 @ [0x002B9000 - 0x002BC444 / 0x8120E000] (size: 0x00003444) of module ux0:app\PCSG01004\sce_module\libsmart.suprx
[13:36:21.312] |I| [load_self]: Loading symbols for SELF: ux0:app\PCSG01004\sce_module\libsmart.suprx
[13:36:21.312] |D| [load_var_exports]: 	NID 0x6C2224BA (NID_MODULE_INFO) at 0x156528
[13:36:21.312] |D| [load_var_exports]: 	NID 0x936C8A78 (SYSLYB) at 0x15D90C
[13:36:21.312] |I| [pre_load_module]: Pre-load module SceSmart (at "app\PCSG01004\sce_module\libsmart.suprx") loaded
[13:36:21.343] |C| [load_self]: Unknown segment type 0x6FFFFF01
[13:36:21.344] |I| [load_self]: Loaded module segment 0 @ [0x002BD000 - 0x002D09BC / 0x81000000] (size: 0x000139BC) of module ux0:app\PCSG01004\sce_module\libult.suprx
[13:36:21.344] |I| [load_self]: Loaded module segment 1 @ [0x002D1000 - 0x002D1814 / 0x81014000] (size: 0x00000814) of module ux0:app\PCSG01004\sce_module\libult.suprx
[13:36:21.344] |I| [load_self]: Loading symbols for SELF: ux0:app\PCSG01004\sce_module\libult.suprx
[13:36:21.344] |D| [load_var_exports]: 	NID 0x936C8A78 (SYSLYB) at 0x2CF2E8
[13:36:21.344] |D| [load_var_exports]: 	NID 0x6C2224BA (NID_MODULE_INFO) at 0x2CC870
[13:36:21.344] |I| [pre_load_module]: Pre-load module SceUlt (at "app\PCSG01004\sce_module\libult.suprx") loaded
[13:36:21.352] |I| [load_self]: Loaded module segment 0 @ [0x002D2000 - 0x00322F04 / 0x81000000] (size: 0x00050F04) of module vs0:sys/external/libSceFt2.suprx
[13:36:21.352] |I| [load_self]: Loaded module segment 1 @ [0x00323000 - 0x003232F4 / 0x81051000] (size: 0x000002F4) of module vs0:sys/external/libSceFt2.suprx
[13:36:21.352] |I| [load_self]: Loading symbols for SELF: vs0:sys/external/libSceFt2.suprx
[13:36:21.353] |D| [load_var_exports]: 	NID 0x936C8A78 (SYSLYB) at 0x30E7DC
[13:36:21.353] |D| [load_var_exports]: 	NID 0x6C2224BA (NID_MODULE_INFO) at 0x30DF10
[13:36:21.353] |I| [pre_load_module]: Pre-load module SceLibft2 (at "sys/external/libSceFt2.suprx") loaded
[13:36:21.355] |I| [load_self]: Loaded module segment 0 @ [0x00324000 - 0x00333F14 / 0x81000000] (size: 0x0000FF14) of module vs0:sys/external/libpvf.suprx
[13:36:21.356] |I| [load_self]: Loaded module segment 1 @ [0x00334000 - 0x00334008 / 0x81010000] (size: 0x00000008) of module vs0:sys/external/libpvf.suprx
[13:36:21.356] |I| [load_self]: Loading symbols for SELF: vs0:sys/external/libpvf.suprx
[13:36:21.356] |D| [load_var_exports]: 	NID 0x936C8A78 (SYSLYB) at 0x332710
[13:36:21.356] |D| [load_var_exports]: 	NID 0x6C2224BA (NID_MODULE_INFO) at 0x332300
[13:36:21.356] |I| [pre_load_module]: Pre-load module SceLibPvf (at "sys/external/libpvf.suprx") loaded
[13:36:21.398] |C| [load_self]: Unknown segment type 0x6FFFFF01
[13:36:21.398] |I| [load_self]: Loaded module segment 0 @ [0x00335000 - 0x003B33FC / 0x81000000] (size: 0x0007E3FC) of module app0:eboot.bin
[13:36:21.398] |I| [load_self]: Loaded module segment 1 @ [0x003B4000 - 0x04E4CD8C / 0x8107F000] (size: 0x04A98D8C) of module app0:eboot.bin
[13:36:21.398] |I| [load_self]: Loading symbols for SELF: app0:eboot.bin
[13:36:21.398] |D| [load_var_exports]: 	NID 0x6C2224BA (NID_MODULE_INFO) at 0x395388
[13:36:21.399] |D| [load_var_exports]: 	NID 0x70FBA1E7 (SCE_PROC_PARAMS) at 0x3B671C
[13:36:21.399] |D| [load_var_exports]: 	NID 0x936C8A78 (SYSLYB) at 0x3A08B4
[13:36:21.399] |I| [load_app_impl]: Main executable PSVita_Project9 (eboot.bin) loaded
[13:36:21.407] |D| [run_app]: Running module_start of library: SceLibc at address 0x7871
[13:36:21.428] |I| [run_app]: Module SceLibc (at "ux0:app\PCSG01004\sce_module\libc.suprx") module_start returned 0x0
[13:36:21.432] |D| [run_app]: Running module_start of library: SceFace at address 0x73265
[13:36:21.441] |I| [run_app]: Module SceFace (at "ux0:app\PCSG01004\sce_module\libface.suprx") module_start returned 0x0
[13:36:21.445] |D| [run_app]: Running module_start of library: SceLibFios2 at address 0x78001
[13:36:21.453] |W| [stubbed_impl]: Stubbed sceKernelGetProcessId import called. (pid: 0)
[13:36:21.453] |D| [export_sceFiosOverlayGetList02]: maxIDs: 127
[13:36:21.453] |W| [unimplemented_impl]: Unimplemented sceFiosOverlayGetList02 import called.
[13:36:21.453] |I| [run_app]: Module SceLibFios2 (at "ux0:app\PCSG01004\sce_module\libfios2.suprx") module_start returned 0x0
[13:36:21.457] |D| [run_app]: Running module_start of library: SceSmart at address 0xAB18D
[13:36:21.467] |I| [run_app]: Module SceSmart (at "ux0:app\PCSG01004\sce_module\libsmart.suprx") module_start returned 0x0
[13:36:21.471] |D| [run_app]: Running module_start of library: SceUlt at address 0x2C0771
[13:36:21.478] |W| [unimplemented_impl]: Unimplemented _sceUlobjMgrRegisterLibultProtocolRevision import called.
[13:36:21.479] |I| [run_app]: Module SceUlt (at "ux0:app\PCSG01004\sce_module\libult.suprx") module_start returned 0x0
[13:36:21.509] |W| [unimplemented_impl]: Unimplemented sceKernelChangeThreadVfpException import called.
[13:36:21.509] |W| [unimplemented_impl]: Unimplemented sceFiosOverlayThreadSetDisabled02 import called.
[13:36:21.574] |W| [unimplemented_impl]: Unimplemented sceFiosOverlayGetRecommendedScheduler02 import called.
[13:36:21.581] |I| [export_sceIoOpen]: Opening file: app0:/data/DATA.psarc
[13:36:21.632] |I| [export_sceIoOpen]: Opening file: app0:/data/DATA.psarc
[13:36:21.686] |I| [export_sceIoOpen]: Opening file: app0:/data/VOICE.psarc
[13:36:21.722] |I| [export_sceIoOpen]: Opening file: app0:/data/VOICE.psarc
[13:36:21.861] |I| [export_sceIoOpen]: Opening file: app0:/data/system_se/0.vag
[13:36:21.902] |I| [export_sceIoOpen]: Opening file: app0:/data/system_se/1.vag
[13:36:21.909] |I| [export_sceIoOpen]: Opening file: app0:/data/system_se/2.vag
[13:36:21.931] |W| [stubbed_impl]: Stubbed sceGxmMapMemory import called. (always return success)
[13:36:21.933] |W| [stubbed_impl]: Stubbed sceGxmMapFragmentUsseMemory import called. (always return success)
[13:36:21.956] |W| [stubbed_impl]: Stubbed sceGxmMapVertexUsseMemory import called. (always return success)
[13:36:21.967] |W| [stubbed_impl]: Stubbed sceDisplayWaitSetFrameBuf import called. (move after setframebuf)
[13:36:22.144] |W| [stubbed_impl]: Stubbed sceDisplayWaitVblankStart import called. (wait for vblank)
[13:36:22.439] |W| [unimplemented_impl]: Unimplemented sceAppUtilInit import called.
[13:36:22.439] |W| [unimplemented_impl]: Unimplemented sceScreenShotDisable import called.
[13:36:22.440] |W| [unimplemented_impl]: Unimplemented sceScreenShotSetOverlayImage import called.
[13:36:22.440] |W| [unimplemented_impl]: Unimplemented sceScreenShotEnable import called.
[13:36:22.488] |W| [stubbed_impl]: Stubbed sceDisplayWaitVblankStartCB import called. (wait for vblank)
[13:36:22.498] |I| [float_to_half_init]: AVX+F16C instruction set supported. Use fast f32 to f16 conversion
[13:36:22.523] |I| [renderer::gl::load_shader_generic]: Generating frag shader fb121fec9f0b7604944271e93ab80b5094c434eb703b722b16f6f5b14279d898
[13:36:22.525] |D| [shader::create_parameters]: [DEFAULT  + 0] sa0 = (half4) color
[13:36:22.549] |I| [renderer::gl::load_shader_generic]: Generating vert shader aa281e58109ac27c30c1530f5e21a1d09ca421630b4b269c7746825ff21bc25d
[13:36:22.550] |D| [shader::create_parameters]: [BUFFER0  + 0] pa0 = (float4) aPosition
[13:36:22.577] |E| [renderer::gl::compile_program]: Fragment info
-------------
0(20) : warning C7050: "pa[0].zw" might be used before being initialized


[13:36:22.690] |I| [renderer::gl::load_shader_generic]: Generating frag shader 9f8f4953a7a8e8cd5f99b798477a08396ab9555daf6275056d51c2a90851643a
[13:36:22.691] |D| [shader::create_parameters]: [DEFAULT  + 0] sa0 = (float1) mask
[13:36:22.693] |I| [renderer::gl::load_shader_generic]: Generating vert shader 0a384bee0480f68b4f4413b1f96f47afdb0fbce67a0752b69eaed1648de0f70c
[13:36:22.694] |D| [shader::create_parameters]: [DEFAULT  + 0] sa0 = (float4) coords
[13:36:22.699] |D| [renderer::gl::texture::translate_swizzle]: base format: -1795162112, swizzle: 4096
[13:36:22.701] |I| [renderer::gl::load_shader_generic]: Generating frag shader 6fa9ccb3249f352fde0140f759db51d2bf7c473a318b04bd2bf3b203d153a091
[13:36:22.702] |D| [shader::create_parameters]: [DEFAULT  + 8] sa8 = (float1) tme
[13:36:22.702] |D| [shader::create_parameters]: [DEFAULT  + 9] sa9 = (float1) tfunc
[13:36:22.702] |D| [shader::create_parameters]: [DEFAULT  + 0] sa0 = (float4) vColor
[13:36:22.702] |D| [shader::create_parameters]: [DEFAULT  + 4] sa4 = (float1) data[4]
[13:36:22.703] |D| [shader::create_fragment_inputs]: Iterator: pa0 = (float2) v_TexCoord0
[13:36:22.704] |D| [shader::usse::USSETranslatorVisitor::vtst]: load_data_type: 5, bits max: 8
[13:36:22.704] |D| [shader::usse::USSETranslatorVisitor::vtst]: load_data_type: 5, bits max: 8
[13:36:22.705] |D| [shader::usse::USSETranslatorVisitor::vtst]: load_data_type: 5, bits max: 8
[13:36:22.706] |D| [shader::usse::USSETranslatorVisitor::vtst]: load_data_type: 5, bits max: 8
[13:36:22.707] |D| [shader::usse::USSETranslatorVisitor::vtst]: load_data_type: 5, bits max: 8
[13:36:22.708] |D| [shader::usse::USSETranslatorVisitor::vtst]: load_data_type: 5, bits max: 8
[13:36:22.709] |D| [shader::usse::USSETranslatorVisitor::vtst]: load_data_type: 5, bits max: 8
[13:36:22.709] |D| [shader::usse::USSETranslatorVisitor::vtst]: load_data_type: 5, bits max: 8
[13:36:22.711] |D| [shader::usse::USSETranslatorVisitor::vtst]: load_data_type: 5, bits max: 8
[13:36:22.728] |I| [renderer::gl::load_shader_generic]: Generating vert shader 810cb13f21ad3c8b6d3b21db66dd77f04267f292a87dd3d75c40d9d1c1128e16
[13:36:22.729] |D| [shader::create_parameters]: [BUFFER0  + 0] pa0 = (float4) aPosition
[13:36:22.729] |D| [shader::create_parameters]: [BUFFER0  + 4] pa4 = (float4) aTexCoord
[13:36:22.729] |D| [shader::create_parameters]: [DEFAULT  + 0] sa0 = (float4) wvp[4]
[13:36:22.729] |D| [shader::create_parameters]: [DEFAULT  + 16] sa16 = (float1) crop[4]
[13:36:22.870] |E| [renderer::gl::compile_program]: Vertex info
-----------
0(23) : warning C7050: "internals[0].w" might be used before being initialized
0(23) : warning C7050: "internals[1].zw" might be used before being initialized

Fragment info
-------------
0(22) : warning C7050: "pa[0].zw" might be used before being initialized
0(24) : warning C7050: "internals[0]" might be used before being initialized
0(24) : warning C7050: "internals[1]" might be used before being initialized
0(25) : warning C7050: "r[0]" might be used before being initialized


[13:36:22.873] |D| [renderer::gl::texture::translate_swizzle]: base format: -1795162112, swizzle: 4096
[13:36:26.053] |E| [open_file]: Missing file at D:/Emulateurs/Vita3K/mc/ux0/user/00/savedata/PCSG01004/SlotParam_32.bin (target path: savedata0:/SlotParam_32.bin)
[13:36:26.054] |W| [io_error_impl]: open_file (sceAppUtilSaveDataSlotGetParam) returned 0x80010002
[13:36:26.054] |E| [logging::ret_error_impl]: sceAppUtilSaveDataSlotGetParam returned SCE_APPUTIL_ERROR_SAVEDATA_SLOT_NOT_FOUND (0x80100641)
[13:36:26.060] |I| [export_sceIoOpen]: Opening file: savedata0:data0032.bin
[13:36:26.060] |E| [open_file]: Missing file at D:/Emulateurs/Vita3K/mc/ux0/user/00/savedata/PCSG01004/data0032.bin (target path: savedata0:data0032.bin)
[13:36:26.060] |W| [io_error_impl]: open_file (sceIoOpen) returned 0x80010002
[13:36:26.113] |W| [unimplemented_impl]: Unimplemented sceCommonDialogUpdate import called.
[13:36:26.523] |D| [renderer::gl::texture::translate_swizzle]: base format: 0, swizzle: 20480
[13:36:26.692] |D| [export_sceAvPlayerInit]: auto start: false
[13:36:26.693] |D| [export_sceAvPlayerAddSource]: path: app0:data/movie/logo_dat.mp4
[13:36:26.693] |I| [PlayerState::queue]: Queued video: 'D:/Emulateurs/Vita3K/mc/ux0/app/PCSG01004/data/movie/logo_dat.mp4'.
[13:36:26.724] |D| [thread_callback]: Play Video
[13:36:26.743] |D| [renderer::gl::texture::translate_swizzle]: base format: -1879048192, swizzle: 12288
[13:36:26.745] |I| [renderer::gl::load_shader_generic]: Generating frag shader 7b5eb16c8907becf3a773f281668c4e02b84d8848cce41ec297c2560991072c5
[13:36:26.748] |I| [renderer::gl::load_shader_generic]: Generating vert shader 0ac1596d96903cf5a6965ceafd89274842be5d21df5b91917a3673cd5a4484d5
[13:36:26.749] |D| [shader::create_parameters]: [BUFFER0  + 0] pa0 = (float4) aPosition
[13:36:26.749] |D| [shader::create_parameters]: [BUFFER0  + 4] pa4 = (float4) aTexCoord
[13:36:26.749] |D| [shader::create_parameters]: [DEFAULT  + 0] sa0 = (float4) wvp[4]
[13:36:26.760] |E| [renderer::gl::compile_program]: Vertex info
-----------
0(23) : warning C7050: "internals[0].w" might be used before being initialized

Fragment info
-------------
0(17) : warning C7050: "pa[0].zw" might be used before being initialized


[13:36:26.763] |W| [stubbed_impl]: Stubbed sceAvPlayerStreamCount import called. (ALWAYS RETURN 2 (VIDEO AND AUDIO))
[13:36:26.763] |W| [stubbed_impl]: Stubbed sceAvPlayerGetStreamInfo import called. (ALWAYS SUSPECTS 2 STREAMS: VIDEO AND AUDIO)
[13:36:26.763] |D| [export_sceAvPlayerEnableStream]: sceAvPlayerEnableStream, stream no: 0
[13:36:26.767] |D| [export_sceAvPlayerEnableStream]: sceAvPlayerEnableStream, stream no: 1
[13:36:26.767] |D| [export_sceAvPlayerStart]: sceAvPlayerStart
[13:36:26.844] |D| [renderer::gl::texture::translate_swizzle]: base format: -1879048192, swizzle: 12288
[13:36:26.855] |D| [renderer::gl::texture::translate_swizzle]: base format: -1879048192, swizzle: 12288
[13:36:26.864] |D| [renderer::gl::texture::translate_swizzle]: base format: -1879048192, swizzle: 12288
[13:36:27.697] |D| [export_sceAvPlayerStop]: sceAvPlayerStop
[13:36:27.697] |D| [export_sceAvPlayerDisableStream]: sceAvPlayerDisableStream, stream no: 0
[13:36:27.697] |D| [export_sceAvPlayerDisableStream]: sceAvPlayerDisableStream, stream no: 1
[13:36:27.712] |D| [export_sceAvPlayerClose]: sceAvPlayerClose
[13:36:27.712] |D| [export_sceAvPlayerDisableStream]: sceAvPlayerDisableStream, stream no: 0
[13:36:27.712] |D| [export_sceAvPlayerDisableStream]: sceAvPlayerDisableStream, stream no: 1
[13:36:27.740] |D| [renderer::gl::texture::translate_swizzle]: base format: 0, swizzle: 20480
[13:36:28.073] |D| [renderer::gl::texture::translate_swizzle]: base format: 201326592, swizzle: 4096
[13:36:28.075] |D| [renderer::gl::texture::translate_swizzle]: base format: 201326592, swizzle: 4096
[13:36:28.076] |D| [renderer::gl::texture::translate_swizzle]: base format: -1795162112, swizzle: 4096
[13:36:28.105] |D| [renderer::gl::texture::translate_swizzle]: base format: -1795162112, swizzle: 4096
[13:36:28.106] |E| [renderer::gl::after_callback]: OpenGL error: 0x501
[13:36:28.106] |D| [renderer::gl::texture::translate_swizzle]: base format: -1795162112, swizzle: 4096
[13:36:28.107] |D| [renderer::gl::texture::translate_swizzle]: base format: -1795162112, swizzle: 4096
[13:36:28.107] |D| [renderer::gl::texture::translate_swizzle]: base format: -1795162112, swizzle: 4096
[13:36:28.107] |D| [renderer::gl::texture::translate_swizzle]: base format: -1795162112, swizzle: 4096
[13:36:28.108] |D| [renderer::gl::texture::translate_swizzle]: base format: -1795162112, swizzle: 4096
[13:36:28.114] |E| [renderer::gl::after_callback]: OpenGL error: 0x501
[13:36:28.141] |E| [renderer::gl::after_callback]: OpenGL error: 0x501
[13:36:28.157] |E| [renderer::gl::after_callback]: OpenGL error: 0x501
[13:36:28.174] |E| [renderer::gl::after_callback]: OpenGL error: 0x501
[13:36:28.191] |E| [renderer::gl::after_callback]: OpenGL error: 0x501
[13:36:28.208] |E| [renderer::gl::after_callback]: OpenGL error: 0x501
[13:36:28.224] |E| [renderer::gl::after_callback]: OpenGL error: 0x501
[13:36:28.241] |E| [renderer::gl::after_callback]: OpenGL error: 0x501
[13:36:28.257] |E| [renderer::gl::after_callback]: OpenGL error: 0x501
[13:36:28.274] |E| [renderer::gl::after_callback]: OpenGL error: 0x501
[13:36:28.291] |E| [renderer::gl::after_callback]: OpenGL error: 0x501
[13:36:28.307] |E| [renderer::gl::after_callback]: OpenGL error: 0x501
[13:36:28.324] |E| [renderer::gl::after_callback]: OpenGL error: 0x501
[13:36:28.375] |W| [unimplemented_impl]: Unimplemented sceNgsVoiceSetFinishedCallback import called.
[13:36:28.376] |D| [export_sceNgsVoicePlay]: sceNgsVoicePlay: 1
[13:36:28.408] |D| [export_sceNgsVoicePlay]: sceNgsVoicePlay: 1
[13:36:28.424] |E| [renderer::gl::after_callback]: OpenGL error: 0x501
[13:36:28.440] |E| [renderer::gl::after_callback]: OpenGL error: 0x501
[13:36:28.457] |E| [renderer::gl::after_callback]: OpenGL error: 0x501
[13:36:28.474] |E| [renderer::gl::after_callback]: OpenGL error: 0x501
[13:36:28.490] |E| [renderer::gl::after_callback]: OpenGL error: 0x501
[13:36:28.507] |E| [renderer::gl::after_callback]: OpenGL error: 0x501
[13:36:28.524] |E| [renderer::gl::after_callback]: OpenGL error: 0x501
[13:36:28.540] |E| [renderer::gl::after_callback]: OpenGL error: 0x501
[13:36:28.558] |E| [renderer::gl::after_callback]: OpenGL error: 0x501
[13:36:28.574] |E| [renderer::gl::after_callback]: OpenGL error: 0x501
[13:36:28.591] |E| [renderer::gl::after_callback]: OpenGL error: 0x501
[13:36:28.607] |E| [renderer::gl::after_callback]: OpenGL error: 0x501
[13:36:28.624] |E| [renderer::gl::after_callback]: OpenGL error: 0x501
[13:36:28.641] |E| [renderer::gl::after_callback]: OpenGL error: 0x501
[13:36:28.657] |E| [renderer::gl::after_callback]: OpenGL error: 0x501
[13:36:28.674] |E| [renderer::gl::after_callback]: OpenGL error: 0x501
[13:36:28.690] |E| [renderer::gl::after_callback]: OpenGL error: 0x501
[13:36:28.707] |E| [renderer::gl::after_callback]: OpenGL error: 0x501
[13:36:28.724] |E| [renderer::gl::after_callback]: OpenGL error: 0x501
[13:36:28.741] |E| [renderer::gl::after_callback]: OpenGL error: 0x501
[13:36:28.757] |E| [renderer::gl::after_callback]: OpenGL error: 0x501
[13:36:28.774] |E| [renderer::gl::after_callback]: OpenGL error: 0x501
[13:36:28.791] |E| [renderer::gl::after_callback]: OpenGL error: 0x501
[13:36:28.807] |E| [renderer::gl::after_callback]: OpenGL error: 0x501
[13:36:28.824] |E| [renderer::gl::after_callback]: OpenGL error: 0x501
[13:36:28.840] |E| [renderer::gl::after_callback]: OpenGL error: 0x501
[13:36:28.857] |E| [renderer::gl::after_callback]: OpenGL error: 0x501
[13:36:28.874] |E| [renderer::gl::after_callback]: OpenGL error: 0x501
[13:36:28.890] |E| [renderer::gl::after_callback]: OpenGL error: 0x501
[13:36:28.907] |E| [renderer::gl::after_callback]: OpenGL error: 0x501
[13:36:28.924] |E| [renderer::gl::after_callback]: OpenGL error: 0x501
[13:36:28.940] |E| [renderer::gl::after_callback]: OpenGL error: 0x501
[13:36:28.957] |E| [renderer::gl::after_callback]: OpenGL error: 0x501
[13:36:28.973] |D| [renderer::gl::texture::translate_swizzle]: base format: -1795162112, swizzle: 20480
[13:36:28.977] |E| [renderer::gl::after_callback]: OpenGL error: 0x501
[13:36:28.991] |E| [renderer::gl::after_callback]: OpenGL error: 0x501
[13:36:29.007] |E| [renderer::gl::after_callback]: OpenGL error: 0x501
[13:36:29.024] |E| [renderer::gl::after_callback]: OpenGL error: 0x501
[13:36:29.041] |E| [renderer::gl::after_callback]: OpenGL error: 0x501
[13:36:29.058] |E| [renderer::gl::after_callback]: OpenGL error: 0x501
[13:36:29.074] |E| [renderer::gl::after_callback]: OpenGL error: 0x501
[13:36:29.090] |E| [renderer::gl::after_callback]: OpenGL error: 0x501
[13:36:29.107] |E| [renderer::gl::after_callback]: OpenGL error: 0x501
[13:36:29.124] |E| [renderer::gl::after_callback]: OpenGL error: 0x501
[13:36:29.140] |E| [renderer::gl::after_callback]: OpenGL error: 0x501
[13:36:29.157] |E| [renderer::gl::after_callback]: OpenGL error: 0x501
[13:36:29.174] |E| [renderer::gl::after_callback]: OpenGL error: 0x501
[13:36:29.190] |E| [renderer::gl::after_callback]: OpenGL error: 0x501
[13:36:29.207] |E| [renderer::gl::after_callback]: OpenGL error: 0x501
[13:36:29.224] |E| [renderer::gl::after_callback]: OpenGL error: 0x501
[13:36:29.240] |E| [renderer::gl::after_callback]: OpenGL error: 0x501
[13:36:29.257] |E| [renderer::gl::after_callback]: OpenGL error: 0x501
[13:36:29.274] |E| [renderer::gl::after_callback]: OpenGL error: 0x501
[13:36:29.290] |E| [renderer::gl::after_callback]: OpenGL error: 0x501
[13:36:29.307] |E| [renderer::gl::after_callback]: OpenGL error: 0x501
[13:36:29.324] |E| [renderer::gl::after_callback]: OpenGL error: 0x501
[13:36:29.340] |E| [renderer::gl::after_callback]: OpenGL error: 0x501
[13:36:29.358] |E| [renderer::gl::after_callback]: OpenGL error: 0x501
[13:36:29.374] |E| [renderer::gl::after_callback]: OpenGL error: 0x501
[13:36:29.747] |D| [export_sceNgsVoicePlay]: sceNgsVoicePlay: 1
[13:36:30.112] |W| [Atrac9DecoderState::send]: Error sending Atrac9 packet: 0xBEBBB1B7.
[13:36:30.723] |D| [renderer::gl::texture::translate_swizzle]: base format: 201326592, swizzle: 4096
[13:36:30.724] |D| [renderer::gl::texture::translate_swizzle]: base format: -1795162112, swizzle: 4096
[13:36:30.724] |D| [renderer::gl::tex