[13:24:43.986] |I| [load_app_impl]: cpu-backend: Dynarmic
[13:24:43.987] |I| [load_app_impl]: CPU Optimisation state: true
[13:24:43.987] |I| [load_app_impl]: at9 audio decoder state: true
[13:24:43.987] |I| [load_app_impl]: ngs experimental state: true
[13:24:43.987] |I| [load_app_impl]: video player state: true
[13:24:43.987] |I| [load_app_impl]: lle-modules: libpgf,libSceXml,libsas,liblocation,libhandwriting,libSceJson,librudp
[13:24:43.987] |I| [load_app_impl]: Title: Timepiece Ensemble
[13:24:43.988] |I| [load_app_impl]: Serial: PCSG00966
[13:24:43.988] |I| [load_app_impl]: Version: 1.01
[13:24:43.988] |I| [load_app_impl]: Category: gp
[13:24:44.047] |C| [load_self]: Unknown segment type 0x6FFFFF01
[13:24:44.047] |I| [load_self]: Loaded module segment 0 @ [0x00007000 - 0x000588A4 / 0x81000000] (size: 0x000518A4) of module ux0:app\PCSG00966\sce_module\libc.suprx
[13:24:44.047] |I| [load_self]: Loaded module segment 1 @ [0x00059000 - 0x0005B8A0 / 0x81052000] (size: 0x000028A0) of module ux0:app\PCSG00966\sce_module\libc.suprx
[13:24:44.047] |I| [load_self]: Loading symbols for SELF: ux0:app\PCSG00966\sce_module\libc.suprx
[13:24:44.048] |D| [load_var_exports]: 	NID 0x936C8A78 (SYSLYB) at 0x4E314
[13:24:44.048] |D| [load_var_exports]: 	NID 0x6C2224BA (NID_MODULE_INFO) at 0x434DC
[13:24:44.048] |W| [load_var_imports]: 	NID NOT FOUND 0x93B8AA67 (UNRECOGNISED) at 0x4763C, setting to stub value 0xDEADBEEF
[13:24:44.049] |W| [load_var_imports]: 	NID NOT FOUND 0xDF084DFA (UNRECOGNISED) at 0x491D0, setting to stub value 0xDEADBEEF
[13:24:44.050] |I| [pre_load_module]: Pre-load module SceLibc (at "app\PCSG00966\sce_module\libc.suprx") loaded
[13:24:44.078] |C| [load_self]: Unknown segment type 0x6FFFFF01
[13:24:44.079] |I| [load_self]: Loaded module segment 0 @ [0x0005E000 - 0x00077000 / 0x81000000] (size: 0x00019000) of module ux0:app\PCSG00966\sce_module\libface.suprx
[13:24:44.079] |I| [load_self]: Loaded module segment 1 @ [0x00077000 - 0x000770F8 / 0x81019000] (size: 0x000000F8) of module ux0:app\PCSG00966\sce_module\libface.suprx
[13:24:44.079] |I| [load_self]: Loading symbols for SELF: ux0:app\PCSG00966\sce_module\libface.suprx
[13:24:44.080] |D| [load_var_exports]: 	NID 0x6C2224BA (NID_MODULE_INFO) at 0x73DA4
[13:24:44.080] |D| [load_var_exports]: 	NID 0x936C8A78 (SYSLYB) at 0x76784
[13:24:44.080] |I| [pre_load_module]: Pre-load module SceFace (at "app\PCSG00966\sce_module\libface.suprx") loaded
[13:24:44.111] |C| [load_self]: Unknown segment type 0x6FFFFF01
[13:24:44.112] |I| [load_self]: Loaded module segment 0 @ [0x00078000 - 0x000A4CBF / 0x81000000] (size: 0x0002CCBF) of module ux0:app\PCSG00966\sce_module\libfios2.suprx
[13:24:44.112] |I| [load_self]: Loaded module segment 1 @ [0x000A5000 - 0x000AA255 / 0x8102D000] (size: 0x00005255) of module ux0:app\PCSG00966\sce_module\libfios2.suprx
[13:24:44.112] |I| [load_self]: Loading symbols for SELF: ux0:app\PCSG00966\sce_module\libfios2.suprx
[13:24:44.112] |D| [load_var_exports]: 	NID 0x936C8A78 (SYSLYB) at 0xA4BC8
[13:24:44.112] |D| [load_var_exports]: 	NID 0x6C2224BA (NID_MODULE_INFO) at 0x9BF08
[13:24:44.113] |I| [pre_load_module]: Pre-load module SceLibFios2 (at "app\PCSG00966\sce_module\libfios2.suprx") loaded
[13:24:44.159] |C| [load_self]: Unknown segment type 0x6FFFFF01
[13:24:44.159] |I| [load_self]: Loaded module segment 0 @ [0x000AB000 - 0x002B8AF4 / 0x81000000] (size: 0x0020DAF4) of module ux0:app\PCSG00966\sce_module\libsmart.suprx
[13:24:44.160] |I| [load_self]: Loaded module segment 1 @ [0x002B9000 - 0x002BC444 / 0x8120E000] (size: 0x00003444) of module ux0:app\PCSG00966\sce_module\libsmart.suprx
[13:24:44.160] |I| [load_self]: Loading symbols for SELF: ux0:app\PCSG00966\sce_module\libsmart.suprx
[13:24:44.160] |D| [load_var_exports]: 	NID 0x6C2224BA (NID_MODULE_INFO) at 0x156528
[13:24:44.160] |D| [load_var_exports]: 	NID 0x936C8A78 (SYSLYB) at 0x15D90C
[13:24:44.160] |I| [pre_load_module]: Pre-load module SceSmart (at "app\PCSG00966\sce_module\libsmart.suprx") loaded
[13:24:44.184] |C| [load_self]: Unknown segment type 0x6FFFFF01
[13:24:44.185] |I| [load_self]: Loaded module segment 0 @ [0x002BD000 - 0x002D09BC / 0x81000000] (size: 0x000139BC) of module ux0:app\PCSG00966\sce_module\libult.suprx
[13:24:44.185] |I| [load_self]: Loaded module segment 1 @ [0x002D1000 - 0x002D1814 / 0x81014000] (size: 0x00000814) of module ux0:app\PCSG00966\sce_module\libult.suprx
[13:24:44.185] |I| [load_self]: Loading symbols for SELF: ux0:app\PCSG00966\sce_module\libult.suprx
[13:24:44.185] |D| [load_var_exports]: 	NID 0x936C8A78 (SYSLYB) at 0x2CF2E8
[13:24:44.185] |D| [load_var_exports]: 	NID 0x6C2224BA (NID_MODULE_INFO) at 0x2CC870
[13:24:44.185] |I| [pre_load_module]: Pre-load module SceUlt (at "app\PCSG00966\sce_module\libult.suprx") loaded
[13:24:44.193] |I| [load_self]: Loaded module segment 0 @ [0x002D2000 - 0x00322F04 / 0x81000000] (size: 0x00050F04) of module vs0:sys/external/libSceFt2.suprx
[13:24:44.193] |I| [load_self]: Loaded module segment 1 @ [0x00323000 - 0x003232F4 / 0x81051000] (size: 0x000002F4) of module vs0:sys/external/libSceFt2.suprx
[13:24:44.194] |I| [load_self]: Loading symbols for SELF: vs0:sys/external/libSceFt2.suprx
[13:24:44.194] |D| [load_var_exports]: 	NID 0x936C8A78 (SYSLYB) at 0x30E7DC
[13:24:44.194] |D| [load_var_exports]: 	NID 0x6C2224BA (NID_MODULE_INFO) at 0x30DF10
[13:24:44.194] |I| [pre_load_module]: Pre-load module SceLibft2 (at "sys/external/libSceFt2.suprx") loaded
[13:24:44.197] |I| [load_self]: Loaded module segment 0 @ [0x00324000 - 0x00333F14 / 0x81000000] (size: 0x0000FF14) of module vs0:sys/external/libpvf.suprx
[13:24:44.197] |I| [load_self]: Loaded module segment 1 @ [0x00334000 - 0x00334008 / 0x81010000] (size: 0x00000008) of module vs0:sys/external/libpvf.suprx
[13:24:44.197] |I| [load_self]: Loading symbols for SELF: vs0:sys/external/libpvf.suprx
[13:24:44.197] |D| [load_var_exports]: 	NID 0x936C8A78 (SYSLYB) at 0x332710
[13:24:44.197] |D| [load_var_exports]: 	NID 0x6C2224BA (NID_MODULE_INFO) at 0x332300
[13:24:44.197] |I| [pre_load_module]: Pre-load module SceLibPvf (at "sys/external/libpvf.suprx") loaded
[13:24:44.670] |C| [load_self]: Unknown segment type 0x6FFFFF01
[13:24:44.670] |I| [load_self]: Loaded module segment 0 @ [0x00335000 - 0x013429C0 / 0x81000000] (size: 0x0100D9C0) of module app0:eboot.bin
[13:24:44.670] |I| [load_self]: Loaded module segment 1 @ [0x01343000 - 0x0149E3D0 / 0x8200E000] (size: 0x0015B3D0) of module app0:eboot.bin
[13:24:44.670] |I| [load_self]: Loading symbols for SELF: app0:eboot.bin
[13:24:44.670] |D| [load_var_exports]: 	NID 0x6C2224BA (NID_MODULE_INFO) at 0x1131968
[13:24:44.670] |D| [load_var_exports]: 	NID 0x70FBA1E7 (SCE_PROC_PARAMS) at 0x136CEF4
[13:24:44.671] |D| [load_var_exports]: 	NID 0x936C8A78 (SYSLYB) at 0x128FE1C
[13:24:44.671] |W| [load_var_imports]: 	NID NOT FOUND 0x338B0BD1 (UNRECOGNISED) at 0x117D698, setting to stub value 0xDEADBEEF
[13:24:44.671] |W| [load_var_imports]: 	NID NOT FOUND 0x3A451B91 (UNRECOGNISED) at 0x117D684, setting to stub value 0xDEADBEEF
[13:24:44.672] |W| [load_var_imports]: 	NID NOT FOUND 0x550DFE23 (UNRECOGNISED) at 0x117D6AC, setting to stub value 0xDEADBEEF
[13:24:44.672] |W| [load_var_imports]: 	NID NOT FOUND 0x56354517 (UNRECOGNISED) at 0x117D64C, setting to stub value 0xDEADBEEF
[13:24:44.673] |W| [load_var_imports]: 	NID NOT FOUND 0x5EF67445 (UNRECOGNISED) at 0x117D710, setting to stub value 0xDEADBEEF
[13:24:44.674] |W| [load_var_imports]: 	NID NOT FOUND 0x6ACA1D57 (UNRECOGNISED) at 0x117D6D4, setting to stub value 0xDEADBEEF
[13:24:44.674] |W| [load_var_imports]: 	NID NOT FOUND 0x71A78083 (UNRECOGNISED) at 0x117D670, setting to stub value 0xDEADBEEF
[13:24:44.675] |W| [load_var_imports]: 	NID NOT FOUND 0x79F9DB75 (UNRECOGNISED) at 0x117D6C0, setting to stub value 0xDEADBEEF
[13:24:44.675] |W| [load_var_imports]: 	NID NOT FOUND 0xAA0340C3 (UNRECOGNISED) at 0x117D6E8, setting to stub value 0xDEADBEEF
[13:24:44.676] |W| [load_var_imports]: 	NID NOT FOUND 0xF9A1DE92 (UNRECOGNISED) at 0x117D6FC, setting to stub value 0xDEADBEEF
[13:24:44.678] |I| [load_app_impl]: Main executable 