[08:26:53.967] |I| [load_app_impl]: cpu-backend: Dynarmic
[08:26:53.967] |I| [load_app_impl]: CPU Optimisation state: true
[08:26:53.968] |I| [load_app_impl]: at9 audio decoder state: true
[08:26:53.968] |I| [load_app_impl]: ngs experimental state: true
[08:26:53.969] |I| [load_app_impl]: video player state: true
[08:26:53.969] |I| [load_app_impl]: lle-modules: libpgf,libSceXml,libsas,liblocation,libhandwriting,libSceJson,librudp
[08:26:53.970] |I| [load_app_impl]: Title: テイルズ オブ イノセンス R
[08:26:53.970] |I| [load_app_impl]: Serial: PCSG00009
[08:26:53.970] |I| [load_app_impl]: Version: 1.00
[08:26:53.971] |I| [load_app_impl]: Category: gd
[08:26:54.008] |C| [load_self]: Unknown segment type 0x6FFFFF01
[08:26:54.008] |I| [load_self]: Loaded module segment 0 @ [0x00007000 - 0x00042F34 / 0x81000000] (size: 0x0003BF34) of module ux0:app\PCSG00009\sce_module\libc.suprx
[08:26:54.009] |I| [load_self]: Loaded module segment 1 @ [0x00043000 - 0x0004533C / 0x8103C000] (size: 0x0000233C) of module ux0:app\PCSG00009\sce_module\libc.suprx
[08:26:54.010] |I| [load_self]: Loading symbols for SELF: ux0:app\PCSG00009\sce_module\libc.suprx
[08:26:54.011] |D| [load_var_exports]: 	NID 0x6C2224BA (NID_MODULE_INFO) at 0x34A70
[08:26:54.011] |W| [load_var_imports]: 	NID NOT FOUND 0xDF084DFA (UNRECOGNISED) at 0x38220, setting to stub value 0xDEADBEEF
[08:26:54.013] |I| [pre_load_module]: Pre-load module SceLibc (at "app\PCSG00009\sce_module\libc.suprx") loaded
[08:26:54.021] |C| [load_self]: Unknown segment type 0x6FFFFF01
[08:26:54.021] |I| [load_self]: Loaded module segment 0 @ [0x00047000 - 0x00068E94 / 0x81000000] (size: 0x00021E94) of module ux0:app\PCSG00009\sce_module\libfios2.suprx
[08:26:54.023] |I| [load_self]: Loaded module segment 1 @ [0x00069000 - 0x0006E22C / 0x81022000] (size: 0x0000522C) of module ux0:app\PCSG00009\sce_module\libfios2.suprx
[08:26:54.024] |I| [load_self]: Loading symbols for SELF: ux0:app\PCSG00009\sce_module\libfios2.suprx
[08:26:54.024] |D| [load_var_exports]: 	NID 0x6C2224BA (NID_MODULE_INFO) at 0x62888
[08:26:54.027] |I| [pre_load_module]: Pre-load module SceLibFios2 (at "app\PCSG00009\sce_module\libfios2.suprx") loaded
[08:26:54.040] |C| [load_self]: Unknown segment type 0x6FFFFF01
[08:26:54.041] |I| [load_self]: Loaded module segment 0 @ [0x0006F000 - 0x000836AC / 0x81000000] (size: 0x000146AC) of module ux0:app\PCSG00009\sce_module\libult.suprx
[08:26:54.042] |I| [load_self]: Loaded module segment 1 @ [0x00084000 - 0x00084810 / 0x81015000] (size: 0x00000810) of module ux0:app\PCSG00009\sce_module\libult.suprx
[08:26:54.043] |I| [load_self]: Loading symbols for SELF: ux0:app\PCSG00009\sce_module\libult.suprx
[08:26:54.044] |D| [load_var_exports]: 	NID 0x6C2224BA (NID_MODULE_INFO) at 0x80390
[08:26:54.044] |I| [pre_load_module]: Pre-load module SceUlt (at "app\PCSG00009\sce_module\libult.suprx") loaded
[08:26:54.052] |I| [load_self]: Loaded module segment 0 @ [0x00085000 - 0x000D5F04 / 0x81000000] (size: 0x00050F04) of module vs0:sys/external/libSceFt2.suprx
[08:26:54.053] |I| [load_self]: Loaded module segment 1 @ [0x000D6000 - 0x000D62F4 / 0x81051000] (size: 0x000002F4) of module vs0:sys/external/libSceFt2.suprx
[08:26:54.054] |I| [load_self]: Loading symbols for SELF: vs0:sys/external/libSceFt2.suprx
[08:26:54.055] |D| [load_var_exports]: 	NID 0x936C8A78 (SYSLYB) at 0xC17DC
[08:26:54.055] |D| [load_var_exports]: 	NID 0x6C2224BA (NID_MODULE_INFO) at 0xC0F10
[08:26:54.056] |W| [load_var_imports]: 	NID NOT FOUND 0x93B8AA67 (UNRECOGNISED) at 0xD5EE0, setting to stub value 0xDEADBEEF
[08:26:54.057] |I| [pre_load_module]: Pre-load module SceLibft2 (at "sys/external/libSceFt2.suprx") loaded
[08:26:54.062] |I| [load_self]: Loaded module segment 0 @ [0x000D8000 - 0x000E7F14 / 0x81000000] (size: 0x0000FF14) of module vs0:sys/external/libpvf.suprx
[08:26:54.062] |I| [load_self]: Loaded module segment 1 @ [0x000E8000 - 0x000E8008 / 0x81010000] (size: 0x00000008) of module vs0:sys/external/libpvf.suprx
[08:26:54.063] |I| [load_self]: Loading symbols for SELF: vs0:sys/external/libpvf.suprx
[08:26:54.064] |D| [load_var_exports]: 	NID 0x936C8A78 (SYSLYB) at 0xE6710
[08:26:54.064] |D| [load_var_exports]: 	NID 0x6C2224BA (NID_MODULE_INFO) at 0xE6300
[08:26:54.065] |I| [pre_load_module]: Pre-load module SceLibPvf (at "sys/external/libpvf.suprx") loaded
[08:26:54.101] |C| [load_self]: Unknown segment type 0x6FFFFF01
[08:26:54.101] |I| [load_self]: Loaded module segment 0 @ [0x81000000 - 0x8116E3D8 / 0x81000000] (size: 0x0016E3D8) of module app0:eboot.bin
[08:26:54.102] |I| [load_self]: Loaded module segment 1 @ [0x8116F000 - 0x811841FC / 0x8116F000] (size: 0x000151FC) of module app0:eboot.bin
[08:26:54.103] |I| [load_self]: Loading symbols for SELF: app0:eboot.bin
[08:26:54.103] |D| [load_var_exports]: 	NID 0x6C2224BA (NID_MODULE_INFO) at 0x81145488
[08:26:54.104] |D| [load_var_exports]: 	NID 0x70FBA1E7 (SCE_PROC_PARAMS) at 0x81174C24
[08:26:54.104] |I| [load_app_impl]: Main executable toi_psp2 (eboot.bin) loaded
[08:26:54.113] |D| [run_app]: Running module_start of library: SceLibc at address 0x75E5
[08:26:54.129] |I| [export_sceIoOpen]: Opening file: tty0:
[08:26:54.129] |I| [export_sceIoOpen]: Opening file: tty0:
[08:26:54.129] |I| [export_sceIoOpen]: Opening file: tty1:
[08:26:54.135] |I| [run_app]: Module SceLibc (at "ux0:app\PCSG00009\sce_module\libc.suprx") module_start returned 0x0
[08:26:54.139] |D| [run_app]: Running module_start of library: SceLibFios2 at address 0x47001
[08:26:54.147] |I| [run_app]: Module SceLibFios2 (at "ux0:app\PCSG00009\sce_module\libfios2.suprx") module_start returned 0x0
[08:26:54.152] |D| [run_app]: Running module_start of library: SceUlt at address 0x72D69
[08:26:54.159] |I| [run_app]: Module SceUlt (at "ux0:app\PCSG00009\sce_module\libult.suprx") module_start returned 0x0
[08:26:54.268] |W| [stubbed_impl]: Stubbed sceKernelLockLwMutexCB import called. (no CB)
[08:26:54.270] |W| [unimplemented_impl]: Unimplemented sceScreenShotDisable import called.
[08:26:54.281] |W| [stubbed_impl]: Stubbed sceGxmMapMemory import called. (always return success)
[08:26:54.284] |W| [stubbed_impl]: Stubbed sceGxmMapFragmentUsseMemory import called. (always return success)
[08:26:54.295] |W| [stubbed_impl]: Stubbed sceGxmGetRenderTargetMemSize import called. (2MB host mem)
[08:26:54.364] |W| [stubbed_impl]: Stubbed sceDisplayWaitSetFrameBuf import called. (move after setframebuf)
[08:26:54.378] |W| [stubbed_impl]: Stubbed sceGxmMapVertexUsseMemory import called. (always return success)
[08:26:54.405] |D| [export_sceTouchEnableTouchForce]: port: 0, state: 1
[08:26:54.406] |D| [export_sceTouchEnableTouchForce]: port: 1, state: 1
[08:26:54.407] |W| [unimplemented_impl]: Unimplemented sceSystemGestureInitializePrimitiveTouchRecognizer import called.
[08:26:54.408] |W| [unimplemented_impl]: Unimplemented sceAppUtilInit import called.
[08:26:54.422] |W| [unimplemented_impl]: Unimplemented sceKernelChangeThreadVfpException import called.
[08:26:54.422] |W| [unimplemented_impl]: Unimplemented _sceFiosKernelOverlayThreadSetDisabled import called.
[08:26:54.424] |W| [stubbed_impl]: Stubbed sceKernelWaitLwCondCB import called. (no CB)
[08:26:54.449] |W| [stubbed_impl]: Stubbed sceKernelWaitEventFlagCB import called. (no CB)
[08:26:54.450] |I| [load_module]: Loading module ID: 0xD
[08:26:54.453] |I| [load_self]: Loaded module segment 0 @ [0x11EE9000 - 0x11F00244 / 0x81000000] (size: 0x00017244) of module sys/external/libsas.suprx
[08:26:54.453] |I| [load_self]: Loaded module segment 1 @ [0x11F01000 - 0x11F01038 / 0x81018000] (size: 0x00000038) of module sys/external/libsas.suprx
[08:26:54.454] |I| [load_self]: Loading symbols for SELF: sys/external/libsas.suprx
[08:26:54.455] |D| [load_var_exports]: 	NID 0x936C8A78 (SYSLYB) at 0x11EFD004
[08:26:54.455] |D| [load_var_exports]: 	NID 0x6C2224BA (NID_MODULE_INFO) at 0x11EFCBF0
[08:26:54.456] |I| [load_module]: Module SceSasUser (at "sys/external/libsas.suprx") loaded
[08:26:54.491] |I| [load_module]: Loading module ID: 0xE
[08:26:54.523] |E| [call_import]: Import function for NID 0xE341C1EF not found (thread name: Sound Thread, thread ID: 106)
[08:26:54.530] |I| [load_self]: Loaded module segment 0 @ [0x11F06000 - 0x11F0BCB4 / 0x81000000] (size: 0x00005CB4) of module sys/external/libpgf.suprx
[08:26:54.530] |I| [load_self]: Loaded module segment 1 @ [0x11F0C000 - 0x11F0CFE8 / 0x81006000] (size: 0x00000FE8) of module sys/external/libpgf.suprx
[08:26:54.532] |I| [load_self]: Loading symbols for SELF: sys/external/libpgf.suprx
[08:26:54.533] |D| [load_var_exports]: 	NID 0x936C8A78 (SYSLYB) at 0x11F0BA64
[08:26:54.533] |D| [load_var_exports]: 	NID 0x6C2224BA (NID_MODULE_INFO) at 0x11F0B810
[08:26:54.534] |I| [load_module]: Module SceLibPgf (at "sys/external/libpgf.suprx") loaded
[08:26:54.536] |W| [unimplemented_impl]: Unimplemented sceCommonDialogSetConfigParam import called.
[08:26:54.539] |W| [unimplemented_impl]: Unimplemented sceScreenShotSetParam import called.
[08:26:54.541] |W| [unimplemented_impl]: Unimplemented sceScreenShotSetOverlayImage import called.
[08:26:54.542] |W| [unimplemented_impl]: Unimplemented sceScreenShotEnable import called.
[08:26:54.542] |W| [stubbed_impl]: Stubbed sceKernelLockMutexCB import called. (no CB)
[08:26:54.549] |E| [logging::ret_error_impl]: sceKernelWaitEventFlagCB returned SCE_KERNEL_ERROR_WAIT_TIMEOUT (0x80028005)
[08:26:54.552] |W| [stubbed_impl]: Stubbed sceKernelGetProcessId import called. (pid: 0)
[08:26:54.552] |W| [stubbed_impl]: Stubbed _sceFiosKernelOverlayResolveWithRangeSync import called. (Using strncpy)
[08:26:54.556] |W| [unimplemented_impl]: Unimplemented _sceFiosKernelOverlayGetRecommendedScheduler import called.
[08:26:54.559] |I| [export_sceIoOpen]: Opening file: app0:/toidata_release.l7c
[08:26:54.737] |W| [stubbed_impl]: Stubbed sceKernelDelayThreadCB import called. (no CB)
[08:26:54.737] |I| [export_sceIoOpen]: Opening file: app0:/toidata_release.l7c
[08:26:54.872] |I| [export_sceIoOpen]: Opening file: app0:/toidata_release.l7c
[08:26:54.878] |I| [export_sceIoOpen]: Opening file: app0:/toidata_release.l7c
[08:26:54.887] |I| [export_sceIoOpen]: Opening file: app0:/toidata_release.l7c
[08:26:54.956] |I| [export_sceIoOpen]: Opening file: app0:/toidata_release.l7c
[08:26:54.980] |E| [call_import]: Import function for NID 0xE341C1F0 not found (thread name: PCSG00009, thread ID: 8)
[08:26:55.276] |W| [unimplemented_impl]: Unimplemented sceGxmDepthStencilSurfaceSetForceLoadMode import called.
[08:26:55.276] |W| [unimplemented_impl]: Unimplemented sceGxmDepthStencilSurfaceSetForceStoreMode import called.
[08:26:55.286] |W| [stubbed_impl]: Stubbed sceNpCheckCallback import called. (Stub)
[08:26:55.289] |W| [unimplemented_impl]: Unimplemented sceCommonDialogUpdate import called.
[08:26:55.298] |W| [stubbed_impl]: Stubbed sceNpTrophyCreateHandle import called. (Stubbed handle with 1)
[08:26:55.298] |W| [stubbed_impl]: Stubbed sceDisplayWaitVblankStartMultiCB import called. (wait for vblank)
[08:26:55.311] |I| [renderer::gl::load_shader_generic]: Generating frag shader b007d5a5ac5c489e3878d0ef2fb632f650dad45d6d3b466e9e17cd4fa9be95c9
[08:26:55.313] |D| [shader::create_fragment_inputs]: Iterator: pa0 = (half4) v_Color0
[08:26:55.316] |I| [renderer::gl::load_shader_generic]: Generating vert shader a2cbd008952b13e50d2cc33a0dab723937e91724832736f424c00fe67d0f1cfe
[08:26:55.317] |D| [shader::create_parameters]: [BUFFER0  + 0] pa0 = (float4) aPosition
[08:26:55.318] |D| [shader::create_parameters]: [BUFFER0  + 4] pa4 = (float4) aColor
[08:26:55.323] |E| [renderer::gl::compile_program]: Fragment info
-------------
0(16) : warning C7050: "pa[0].zw" might be used before being initialized


[08:26:55.324] |I| [renderer::gl::load_shader_generic]: Generating vert shader 58c3bc081fd9a9b32f4390eee2f82ec4c2839d341787f1fb3964261e5989c02b
[08:26:55.326] |D| [shader::create_parameters]: [BUFFER0  + 0] pa0 = (float4) aPosition
[08:26:55.328] |D| [shader::create_parameters]: [BUFFER0  + 4] pa4 = (float4) aColor
[08:26:55.329] |D| [shader::create_parameters]: [DEFAULT  + 0] sa0 = (float4) world[4]
[08:26:55.329] |D| [shader::create_param