[07:04:21.314] |I| [load_app_impl]: cpu-backend: Dynarmic
[07:04:21.314] |I| [load_app_impl]: CPU Optimisation state: true
[07:04:21.315] |I| [load_app_impl]: at9 audio decoder state: true
[07:04:21.315] |I| [load_app_impl]: ngs experimental state: true
[07:04:21.315] |I| [load_app_impl]: video player state: true
[07:04:21.315] |I| [load_app_impl]: lle-modules: libpgf,libSceXml,libsas,liblocation,libhandwriting,libSceJson
[07:04:21.315] |I| [load_app_impl]: Title: パルフェ
[07:04:21.315] |I| [load_app_impl]: Serial: PCSG00549
[07:04:21.315] |I| [load_app_impl]: Version: 1.00
[07:04:21.315] |I| [load_app_impl]: Category: gd
[07:04:21.345] |C| [load_self]: Unknown segment type 0x6FFFFF01
[07:04:21.345] |I| [load_self]: Loaded module segment 0 @ [0x00007000 - 0x00056C54 / 0x81000000] (size: 0x0004FC54) of module ux0:app\PCSG00549\sce_module\libc.suprx
[07:04:21.346] |I| [load_self]: Loaded module segment 1 @ [0x00057000 - 0x00059688 / 0x81050000] (size: 0x00002688) of module ux0:app\PCSG00549\sce_module\libc.suprx
[07:04:21.346] |I| [load_self]: Loading symbols for SELF: ux0:app\PCSG00549\sce_module\libc.suprx
[07:04:21.346] |I| [pre_load_module]: Pre-load module  (at "app\PCSG00549\sce_module\libc.suprx") loaded
[07:04:21.354] |C| [load_self]: Unknown segment type 0x6FFFFF01
[07:04:21.354] |I| [load_self]: Loaded module segment 0 @ [0x0005A000 - 0x00072CF4 / 0x81000000] (size: 0x00018CF4) of module ux0:app\PCSG00549\sce_module\libface.suprx
[07:04:21.355] |I| [load_self]: Loaded module segment 1 @ [0x00073000 - 0x000730F8 / 0x81019000] (size: 0x000000F8) of module ux0:app\PCSG00549\sce_module\libface.suprx
[07:04:21.356] |I| [load_self]: Loading symbols for SELF: ux0:app\PCSG00549\sce_module\libface.suprx
[07:04:21.357] |I| [pre_load_module]: Pre-load module  (at "app\PCSG00549\sce_module\libface.suprx") loaded
[07:04:21.363] |C| [load_self]: Unknown segment type 0x6FFFFF01
[07:04:21.363] |I| [load_self]: Loaded module segment 0 @ [0x00074000 - 0x0009F33C / 0x81000000] (size: 0x0002B33C) of module ux0:app\PCSG00549\sce_module\libfios2.suprx
[07:04:21.364] |I| [load_self]: Loaded module segment 1 @ [0x000A0000 - 0x000A523D / 0x8102C000] (size: 0x0000523D) of module ux0:app\PCSG00549\sce_module\libfios2.suprx
[07:04:21.365] |I| [load_self]: Loading symbols for SELF: ux0:app\PCSG00549\sce_module\libfios2.suprx
[07:04:21.365] |I| [pre_load_module]: Pre-load module  (at "app\PCSG00549\sce_module\libfios2.suprx") loaded
[07:04:21.415] |C| [load_self]: Unknown segment type 0x6FFFFF01
[07:04:21.416] |I| [load_self]: Loaded module segment 0 @ [0x000A6000 - 0x002B7AF4 / 0x81000000] (size: 0x00211AF4) of module ux0:app\PCSG00549\sce_module\libsmart.suprx
[07:04:21.417] |I| [load_self]: Loaded module segment 1 @ [0x002B8000 - 0x002BB444 / 0x81212000] (size: 0x00003444) of module ux0:app\PCSG00549\sce_module\libsmart.suprx
[07:04:21.418] |I| [load_self]: Loading symbols for SELF: ux0:app\PCSG00549\sce_module\libsmart.suprx
[07:04:21.418] |I| [pre_load_module]: Pre-load module  (at "app\PCSG00549\sce_module\libsmart.suprx") loaded
[07:04:21.444] |C| [load_self]: Unknown segment type 0x6FFFFF01
[07:04:21.444] |I| [load_self]: Loaded module segment 0 @ [0x002BC000 - 0x002CF9A4 / 0x81000000] (size: 0x000139A4) of module ux0:app\PCSG00549\sce_module\libult.suprx
[07:04:21.445] |I| [load_self]: Loaded module segment 1 @ [0x002D0000 - 0x002D0814 / 0x81014000] (size: 0x00000814) of module ux0:app\PCSG00549\sce_module\libult.suprx
[07:04:21.447] |I| [load_self]: Loading symbols for SELF: ux0:app\PCSG00549\sce_module\libult.suprx
[07:04:21.447] |I| [pre_load_module]: Pre-load module  (at "app\PCSG00549\sce_module\libult.suprx") loaded
[07:04:21.455] |I| [load_self]: Loaded module segment 0 @ [0x002D1000 - 0x00321F04 / 0x81000000] (size: 0x00050F04) of module vs0:sys/external/libSceFt2.suprx
[07:04:21.455] |I| [load_self]: Loaded module segment 1 @ [0x00322000 - 0x003222F4 / 0x81051000] (size: 0x000002F4) of module vs0:sys/external/libSceFt2.suprx
[07:04:21.456] |I| [load_self]: Loading symbols for SELF: v