[09:36:02.137] |I| [load_app_impl]: cpu-backend: Dynarmic
[09:36:02.137] |I| [load_app_impl]: CPU Optimisation state: true
[09:36:02.137] |I| [load_app_impl]: at9 audio decoder state: true
[09:36:02.137] |I| [load_app_impl]: ngs experimental state: true
[09:36:02.138] |I| [load_app_impl]: video player state: true
[09:36:02.138] |I| [load_app_impl]: lle-modules: libpgf,libSceXml,libsas,liblocation,libhandwriting,libSceJson,librudp
[09:36:02.138] |I| [load_app_impl]: Title: MANGA-KA-KERU
[09:36:02.138] |I| [load_app_impl]: Serial: PCSG00340
[09:36:02.138] |I| [load_app_impl]: Version: 1.09
[09:36:02.138] |I| [load_app_impl]: Category: gp
[09:36:02.173] |C| [load_self]: Unknown segment type 0x6FFFFF01
[09:36:02.174] |I| [load_self]: Loaded module segment 0 @ [0x00007000 - 0x0005891C / 0x81000000] (size: 0x0005191C) of module ux0:app\PCSG00340\sce_module\libc.suprx
[09:36:02.174] |I| [load_self]: Loaded module segment 1 @ [0x00059000 - 0x0005B8A0 / 0x81052000] (size: 0x000028A0) of module ux0:app\PCSG00340\sce_module\libc.suprx
[09:36:02.174] |I| [load_self]: Loading symbols for SELF: ux0:app\PCSG00340\sce_module\libc.suprx
[09:36:02.175] |D| [load_var_exports]: 	NID 0x936C8A78 (SYSLYB) at 0x4E38C
[09:36:02.175] |D| [load_var_exports]: 	NID 0x6C2224BA (NID_MODULE_INFO) at 0x43550
[09:36:02.175] |W| [load_var_imports]: 	NID NOT FOUND 0x93B8AA67 (UNRECOGNISED) at 0x476B0, setting to stub value 0xDEADBEEF
[09:36:02.176] |W| [load_var_imports]: 	NID NOT FOUND 0xDF084DFA (UNRECOGNISED) at 0x49244, setting to stub value 0xDEADBEEF
[09:36:02.176] |I| [pre_load_module]: Pre-load module SceLibc (at "app\PCSG00340\sce_module\libc.suprx") loaded
[09:36:02.183] |C| [load_self]: Unknown segment type 0x6FFFFF01
[09:36:02.184] |I| [load_self]: Loaded module segment 0 @ [0x0005E000 - 0x0008ACBF / 0x81000000] (size: 0x0002CCBF) of module ux0:app\PCSG00340\sce_module\libfios2.suprx
[09:36:02.184] |I| [load_self]: Loaded module segment 1 @ [0x0008B000 - 0x00090255 / 0x8102D000] (size: 0x00005255) of module ux0:app\PCSG00340\sce_module\libfios2.suprx
[09:36:02.185] |I| [load_self]: Loading symbols for SELF: ux0:app\PCSG00340\sce_module\libfios2.suprx
[09:36:02.185] |D| [load_var_exports]: 	NID 0x936C8A78 (SYSLYB) at 0x8ABC8
[09:36:02.185] |D| [load_var_exports]: 	NID 0x6C2224BA (NID_MODULE_INFO) at 0x81F08
[09:36:02.185] |I| [pre_load_module]: Pre-load module SceLibFios2 (at "app\PCSG00340\sce_module\libfios2.suprx") loaded
[09:36:02.199] |C| [load_self]: Unknown segment type 0x6FFFFF01
[09:36:02.200] |I| [load_self]: Loaded module segment 0 @ [0x00091000 - 0x000A49BC / 0x81000000] (size: 0x000139BC) of module ux0:app\PCSG00340\sce_module\libult.suprx
[09:36:02.200] |I| [load_self]: Loaded module segment 1 @ [0x000A5000 - 0x000A5814 / 0x81014000] (size: 0x00000814) of module ux0:app\PCSG00340\sce_module\libult.suprx
[09:36:02.200] |I| [load_self]: Loading symbols for SELF: ux0:app\PCSG00340\sce_module\libult.suprx
[09:36:02.200] |D| [load_var_exports]: 	NID 0x936C8A78 (SYSLYB) at 0xA32E8
[09:36:02.200] |D| [load_var_exports]: 	NID 0x6C2224BA (NID_MODULE_INFO) at 0xA0870
[09:36:02.201] |I| [pre_load_module]: Pre-load module SceUlt (at "app\PCSG00340\sce_module\libult.suprx") loaded
[09:36:02.208] |I| [load_self]: Loaded module segment 0 @ [0x000A6000 - 0x000F6F04 / 0x81000000] (size: 0x00050F04) of module vs0:sys/external/libSceFt2.suprx
[09:36:02.209] |I| [load_self]: Loaded module segment 1 @ [0x000F7000 - 0x000F72F4 / 0x81051000] (size: 0x000002F4) of module vs0:sys/external/libSceFt2.suprx
[09:36:02.209] |I| [load_self]: Loading symbols for SELF: vs0:sys/external/libSceFt2.suprx
[09:36:02.209] |D| [load_var_exports]: 	NID 0x936C8A78 (SYSLYB) at 0xE27DC
[09:36:02.209] |D| [load_var_exports]: 	NID 0x6C2224BA (NID_MODULE_INFO) at 0xE1F10
[09:36:02.210] |I| [pre_load_module]: Pre-load module SceLibft2 (at "sys/external/libSceFt2.suprx") loaded
[09:36:02.212] |I| [load_self]: Loaded module segment 0 @ [0x000F8000 - 0x00107F14 / 0x81000000] (size: 0x0000FF14) of module vs0:sys/external/libpvf.suprx
[09:36:02.212] |I| [load_self]: Loaded module segment 1 @ [0x00108000 - 0x00108008 / 0x81010000] (size: 0x00000008) of module vs0:sys/external/libpvf.suprx
[09:36:02.213] |I| [load_self]: Loading symbols for SELF: vs0:sys/external/libpvf.suprx
[09:36:02.213] |D| [load_var_exports]: 	NID 0x936C8A78 (SYSLYB) at 0x106710
[09:36:02.213] |D| [load_var_exports]: 	NID 0x6C2224BA (NID_MODULE_INFO) at 0x106300
[09:36:02.213] |I| [pre_load_module]: Pre-load module SceLibPvf (at "sys/external/libpvf.suprx") loaded
[09:36:02.417] |C| [load_self]: Unknown segment type 0x6FFFFF01
[09:36:02.417] |I| [load_self]: Loaded module segment 0 @ [0x00109000 - 0x0072BBFC / 0x81000000] (size: 0x00622BFC) of module app0:eboot.bin
[09:36:02.417] |I| [load_self]: Loaded module segment 1 @ [0x0072C000 - 0x00D487A0 / 0x81623000] (size: 0x0061C7A0) of module app0:eboot.bin
[09:36:02.418] |I| [load_self]: Loading symbols for SELF: app0:eboot.bin
[09:36:02.418] |D| [load_var_exports]: 	NID 0x6C2224BA (NID_MODULE_INFO) at 0x516D18
[09:36:02.418] |D| [load_var_exports]: 	NID 0x70FBA1E7 (SCE_PROC_PARAMS) at 0x7FFE9C
[09:36:02.418] |D| [load_var_exports]: 	NID 0x936C8A78 (SYSLYB) at 0x6B46C0
[09:36:02.419] |I| [load_app_impl]: Main executable mainPSP2Package (eboot.bin) loaded
[09:36:02.427] |D| [run_app]: Running module_start of library: SceLibc at address 0x7871
[09:36:02.449] |I| [run_app]: Module SceLibc (at "ux0:app\PCSG00340\sce_module\libc.suprx") module_start returned 0x0
[09:36:02.454] |D| [run_app]: Running module_start of library: SceLibFios2 at address 0x5E001
[09:36:02.463] |W| [stubbed_impl]: Stubbed sceKernelGetProcessId import called. (pid: 0)
[09:36:02.463] |D| [export_sceFiosOverlayGetList02]: maxIDs: 127
[09:36:02.464] |W| [unimplemented_impl]: Unimplemented sceFiosOverlayGetList02 import called.
[09:36:02.464] |I| [run_app]: Module SceLibFios2 (at "ux0:app\PCSG00340\sce_module\libfios2.suprx") module_start returned 0x0
[09:36:02.468] |D| [run_app]: Running module_start of library: SceUlt at address 0x94771
[09:36:02.477] |W| [unimplemented_impl]: Unimplemented _sceUlobjMgrRegisterLibultProtocolRevision import called.
[09:36:02.477] |I| [run_app]: Module SceUlt (at "ux0:app\PCSG00340\sce_module\libult.suprx") module_start returned 0x0
[09:36:02.910] |W| [stubbed_impl]: Stubbed sceGxmMapMemory import called. (always return success)
[09:36:02.912] |W| [stubbed_impl]: Stubbed sceGxmMapFragmentUsseMemory import called. (always return success)
[09:36:02.940] |W| [stubbed_impl]: Stubbed sceGxmGetRenderTargetMemSize import called. (2MB host mem)
[09:36:03.032] |W| [unimplemented_impl]: Unimplemented sceGxmDepthStencilSurfaceSetForceStoreMode import called.
[09:36:03.033] |W| [unimplemented_impl]: Unimplemented sceAppUtilInit import called.
[09:36:03.111] |W| [unimplemented_impl]: Unimplemented sceKernelGetThreadCurrentPriority import called.
[09:36:03.111] |W| [stubbed_impl]: Stubbed sceKernelGetThreadCpuAffinityMask2 import called. (STUB)
[09:36:03.539] |W| [stubbed_impl]: Stubbed sceGxmMapVertexUsseMemory import called. (always return success)
[09:36:03.608] |W| [unimplemented_impl]: Unimplemented sceSystemGestureInitializePrimitiveTouchRecognizer import called.
[09:36:03.610] |W| [unimplemented_impl]: Unimplemented sceSystemGestureCreateTouchRecognizer import called.
[09:36:03.610] |W| [unimplemented_impl]: Unimplemented sceMotionSetDeadband import called.
[09:36:03.611] |W| [unimplemented_impl]: Unimplemented sceMotionSetTiltCorrection import called.
[09:36:03.611] |W| [unimplemented_impl]: Unimplemented sceMotionReset import called.
[09:36:03.611] |W| [unimplemented_impl]: Unimplemented sceMotionStartSampling import called.
[09:36:03.617] |W| [stubbed_impl]: Stubbed sceGxmTextureInitCube import called. (Stub InitCube)
[09:36:03.617] |D| [export_sceGxmTextureInitCube]: sceGxmTextureInitCube, Unimplemeted: width: 8, height: 8
[09:36:03.617] |D| [export_sceGxmTextureInitCube]: sceGxmTextureInitCube, Unimplemeted: width: 8, height: 8
[09:36:03.639] |W| [unimplemented_impl]: Unimplemented sceKernelChangeThreadVfpException import called.
[09:36:03.640] |W| [unimplemented_impl]: Unimplemented sceFiosOverlayThreadSetDisabled02 import called.
[09:36:03.641] |W| [unimplemented_impl]: Unimplemented sceGxmDepthStencilSurfaceSetForceLoadMode import called.
[09:36:03.648] |W| [unimplemented_impl]: Unimplemented sceCommonDialogUpdate import called.
[09:36:03.674] |I| [renderer::gl::load_shader_generic]: Generating frag shader b0214d1cc459127298567dca7cc55c80ca297ab6d5d57ecab48f3eb1cbf1d56a
[09:36:03.677] |D| [shader::create_parameters]: [DEFAULT  + 0] sa0 = (half4) color
[09:36:03.693] |I| [renderer::gl::load_shader_generic]: Generating vert shader 795caf9c57e6daead406846c934af82877ba57d116ab0de516ee7e7821ddb8aa
[09:36:03.693] |D| [shader::create_parameters]: [BUFFER0  + 0] pa0 = (float4) IN_position
[09:36:03.694] |D| [shader::create_parameters]: [DEFAULT  + 0] sa0 = (float1) depth
[09:36:03.702] |W| [unimplemented_impl]: Unimplemented sceFiosOverlayGetRecommendedScheduler02 import called.
[09:36:03.707] |I| [export_sceIoOpen]: Opening file: app0:/DATA.psarc
[09:36:03.718] |W| [stubbed_impl]: Stubbed sceDisplayWaitSetFrameBuf import called. (move after setframebuf)
[09:36:03.794] |I| [export_sceIoOpen]: Opening file: app0:/DATA.psarc
[09:36:04.460] |I| [export_sceIoOpen]: Opening file: app0:/DATA_P00.psarc
[09:36:04.485] |I| [export_sceIoOpen]: Opening file: app0:/DATA_P00.psarc
[09:36:04.513] |I| [export_sceIoOpen]: Opening file: app0:/DATA_P01.psarc
[09:36:04.535] |I| [export_sceIoOpen]: Opening file: app0:/DATA_P01.psarc
[09:36:04.672] |I| [export_sceIoOpen]: Opening file: app0:/DATA_P02.psarc
[09:36:04.694] |I| [export_sceIoOpen]: Opening file: app0:/DATA_P02.psarc
[09:36:04.700] |W| [stubbed_impl]: Stubbed sceKernelGetThreadInfo import called. (STUB)
[09:36:04.713] |I| [export_sceIoOpen]: Opening file: app0:/DATA/GXM/Shaders/g2dsprite.cgfx.phyre
[09:36:04.714] |E| [open_file]: Missing file at D:/Emulateurs/Vita3K/mc/ux0/app/PCSG00340/DATA/GXM/Shaders/g2dsprite.cgfx.phyre (target path: app0:/DATA/GXM/Shaders/g2dsprite.cgfx.phyre)
[09:36:04.714] |W| [io_error_impl]: open_file (sceIoOpen) returned 0x80010002
[09:36:04.930] |I| [export_sceIoOpen]: Opening file: app0:/DATA/GXM/Shaders/g2ddbgfont.cgfx.phyre
[09:36:04.931] |E| [open_file]: Missing file at D:/Emulateurs/Vita3K/mc/ux0/app/PCSG00340/DATA/GXM/Shaders/g2ddbgfont.cgfx.phyre (target path: app0:/DATA/GXM/Shaders/g2ddbgfont.cgfx.phyre)
[09:36:04.931] |W| [io_error_impl]: open_file (sceIoOpen) returned 0x80010002
[09:36:04.957] |I| [export_sceIoOpen]: Opening file: app0:/DATA/GXM/Textures/ascii.bmp.phyre
[09:36:04.958] |E| [open_file]: Missing file at D:/Emulateurs/Vita3K/mc/ux0/app/PCSG00340/DATA/GXM/Textures/ascii.bmp.phyre (target path: app0:/DATA/GXM/Textures/ascii.bmp.phyre)
[09:36:04.958] |W| [io_error_impl]: open_file (sceIoOpen) returned 0x80010002
[09:36:05.012] |I| [export_sceIoOpen]: Opening file: app0:/DATA/GXM/Shaders/g2dfont.cgfx.phyre
[09:36:05.012] |E| [open_file]: Missing file at D:/Emulateurs/Vita3K/mc/ux0/app/PCSG00340/DATA/GXM/Shaders/g2dfont.cgfx.phyre (target path: app0:/DATA/GXM/Shaders/g2dfont.cgfx.phyre)
[09:36:05.012] |W| [io_error_impl]: open_file (sceIoOpen) returned 0x80010002
[09:36:05.152] |I| [export_sceIoOpen]: Opening file: sa0:data/font/pvf/jpn0.pvf
[09:36:05.153] |W| [unimplemented_impl]: Unimplemented sceIoIoctl import called.
[09:36:05.194] |I| [export_sceIoOpen]: Opening file: sa0:data/font/pvf/jpn1.pvf
[09:36:05.228] |I| [export_sceIoOpen]: Opening file: sa0:data/font/pvf/jpn2.pvf
[09:36:05.231] |I| [export_sceIoOpen]: Opening file: sa0:data/font/pvf/jpn3.pvf
[09:36:05.252] |W| [ngs::create_voice_definition]: Missing voice definition for Buss Type 15, using passthrough.
[09:36:05.252] |W| [ngs::create_voice_definition]: Missing voice definition for Buss Type 16, using passthrough.
[09:36:05.261] |W| [unimplemented_impl]: Unimplemented sceNgsSystemSetFlags import called.
[09:36:05.261] |W| [ngs::create_voice_definition]: Missing voice definition for Buss Type 1, using passthrough.
[09:36:05.262] |D| [export_sceNgsVoiceInit]: flags: 7
[09:36:05.263] |W| [unimplemented_impl]: Unimplemented sceNgsVoiceBypassModule import called.
[09:36:05.265] |W| [ngs::create_voice_definition]: Missing voice definition for Buss Type 10, using passthrough.
[09:36:05.265] |D| [export_sceNgsVoiceInit]: flags: 7
[09:36:05.266] |D| [export_sceNgsVoicePlay]: sceNgsVoicePlay: 1
[09:36:05.271] |W| [unimplemented_impl]: Unimplemented sceNgsVoiceSetFinishedCallback import called.
[09:36:05.277] |D| [export_sceNgsVoicePlay]: sceNgsVoicePlay: 1
[09:36:05.278] |D| [export_sceNgsVoicePlay]: sceNgsVoicePlay: 1
[09:36:05.311] |I| [export_sceIoOpen]: Opening file: app0:/DATA/GXM/Shaders/practiceall.cgfx#BF57BC077CE39B33E0962C93BAEB4A32.phyre
[09:36:05.312] |E| [open_file]: Missing file at D:/Emulateurs/Vita3K/mc/ux0/app/PCSG00340/DATA/GXM/Shaders/practiceall.cgfx#BF57BC077CE39B33E0962C93BAEB4A32.phyre (target path: app0:/DATA/GXM/Shaders/practiceall.cgfx#BF57BC077CE39B33E0962C93BAEB4A32.phyre)
[09:36:05.312] |W| [io_error_impl]: open_file (sceIoOpen) returned 0x80010002
[09:36:05.416] |I| [export_sceIoOpen]: Opening file: app0:/DATA/GXM/Shaders/practiceall.cgfx#35A2A68742B73E6588950D29EE6AB7C2.phyre
[09:36:05.417] |E| [open_file]: Missing file at D:/Emulateurs/Vita3K/mc/ux0/app/PCSG00340/DATA/GXM/Shaders/practiceall.cgfx#35A2A68742B73E6588950D29EE6AB7C2.phyre (target path: app0:/DATA/GXM/Shaders/practiceall.cgfx#35A2A68742B73E6588950D29EE6AB7C2.phyre)
[09:36:05.417] |W| [io_error_impl]: open_file (sceIoOpen) returned 0x80010002
[09:36:05.542] |I| [export_sceIoOpen]: Opening file: app0:/DATA/GXM/Shaders/practiceall.cgfx#6FC690651148D7C1F0F53107AE75D1EF.phyre
[09:36:05.543] |E| [open_file]: Missing file at D:/Emulateurs/Vita3K/mc/ux0/app/PCSG00340/DATA/GXM/Shaders/practiceall.cgfx#6FC690651148D7C1F0F53107AE75D1EF.phyre (target path: app0:/DATA/GXM/Shaders/practiceall.cgfx#6FC690651148D7C1F0F53107AE75D1EF.phyre)
[09:36:05.543] |W| [io_error_impl]: open_file (sceIoOpen) returned 0x80010002
[09:36:05.635] |I| [export_sceIoOpen]: Opening file: app0:/DATA/GXM/Shaders/practiceall.cgfx#11E3DFC40D6E53AF09008242B742E95F.phyre
[09:36:05.636] |E| [open_file]: Missing file at D:/Emulateurs/Vita3K/mc/ux0/app/PCSG00340/DATA/GXM/Shaders/practiceall.cgfx#11E3DFC40D6E53AF09008242B742E95F.phyre (target path: app0:/DATA/GXM/Shaders/practiceall.cgfx#11E3DFC40D6E53AF09008242B742E95F.phyre)
[09:36:05.636] |W| [io_error_impl]: open_file (sceIoOpen) returned 0x80010002
[09:36:05.730] |I| [export_sceIoOpen]: Opening file: app0:/DATA/GXM/Shaders/practiceall.cgfx#49B45E0EF8B6BB64B3BC91CEA011754C.phyre
[09:36:05.731] |E| [open_file]: Missing file at D:/Emulateurs/Vita3K/mc/ux0/app/PCSG00340/DATA/GXM/Shaders/practiceall.cgfx#49B45E0EF8B6BB64B3BC91CEA011754C.phyre (target path: app0:/DATA/GXM/Shaders/practiceall.cgfx#49B45E0EF8B6BB64B3BC91CEA011754C.phyre)
[09:36:05.731] |W| [io_error_impl]: open_file (sceIoOpen) returned 0x80010002
[09:36:05.817] |I| [export_sceIoOpen]: Opening file: app0:/DATA/GXM/Shaders/practiceall.cgfx#61987B08F51CB49414B46693D8BD484E.phyre
[09:36:05.818] |E| [open_file]: Missing file at D:/Emulateurs/Vita3K/mc/ux0/app/PCSG00340/DATA/GXM/Shaders/practiceall.cgfx#61987B08F51CB49414B46693D8BD484E.phyre (target path: app0:/DATA/GXM/Shaders/practiceall.cgfx#61987B08F51CB49414B46693D8BD484E.phyre)
[09:36:05.818] |W| [io_error_impl]: open_file (sceIoOpen) returned 0x80010002
[09:36:05.922] |I| [export_sceIoOpen]: Opening file: app0:/DATA/GXM/Shaders/practiceall.cgfx#FCE413899CFEF4F703F872D4C41756D6.phyre
[09:36:05.923] |E| [open_file]: Missing file at D:/Emulateurs/Vita3K/mc/ux0/app/PCSG00340/DATA/GXM/Shaders/practiceall.cgfx#FCE413899CFEF4F703F872D4C41756D6.phyre (target path: app0:/DATA/GXM/Shaders/practiceall.cgfx#FCE413899CFEF4F703F872D4C41756D6.phyre)
[09:36:05.924] |W| [io_error_impl]: open_file (sceIoOpen) returned 0x80010002
[09:36:06.020] |I| [export_sceIoOpen]: Opening file: app0:/DATA/GXM/Shaders/practiceall.cgfx#9ADE1F273BBBDEDE4A519F5B778B0870.phyre
[09:36:06.021] |E| [open_file]: Missing file at D:/Emulateurs/Vita3K/mc/ux0/app/PCSG00340/DATA/GXM/Shaders/practiceall.cgfx#9ADE1F273BBBDEDE4A519F5B778B0870.phyre (target path: app0:/DATA/GXM/Shaders/practiceall.cgfx#9ADE1F273BBBDEDE4A519F5B778B0870.phyre)
[09:36:06.022] |W| [io_error_impl]: open_file (sceIoOpen) returned 0x80010002
[09:36:06.122] |I| [export_sceIoOpen]: Opening file: app0:/DATA/GXM/Shaders/practiceall.cgfx#C1A09F5E11F6FEEC12A737087AE33072.phyre
[09:36:06.123] |E| [open_file]: Missing file at D:/Emulateurs/Vita3K/mc/ux0/app/PCSG00340/DATA/GXM/Shaders/practiceall.cgfx#C1A09F5E11F6FEEC12A737087AE33072.phyre (target path: app0:/DATA/GXM/Shaders/practiceall.cgfx#C1A09F5E11F6FEEC12A737087AE33072.phyre)
[09:36:06.123] |W| [io_error_impl]: open_file (sceIoOpen) returned 0x80010002
[09:36:06.216] |I| [export_sceIoOpen]: Opening file: app0:/DATA/GXM/Shaders/practiceall.cgfx#B5463D4FDE0B383577B020920A2DCB18.phyre
[09:36:06.217] |E| [open_file]: Missing file at D:/Emulateurs/Vita3K/mc/ux0/app/PCSG00340/DATA/GXM/Shaders/practiceall.cgfx#B5463D4FDE0B383577B020920A2DCB18.phyre (target path: app0:/DATA/GXM/Shaders/practiceall.cgfx#B5463D4FDE0B383577B020920A2DCB18.phyre)
[09:36:06.217] |W| [io_error_impl]: open_file (sceIoOpen) returned 0x80010002
[09:36:06.311] |I| [export_sceIoOpen]: Opening file: app0:/DATA/GXM/Shaders/practiceall.cgfx#0D23A2DA46797D6D0E8436D62E47D5F1.phyre
[09:36:06.312] |E| [open_file]: Missing file at D:/Emulateurs/Vita3K/mc/ux0/app/PCSG00340/DATA/GXM/Shaders/practiceall.cgfx#0D23A2DA46797D6D0E8436D62E47D5F1.phyre (target path: app0:/DATA/GXM/Shaders/practiceall.cgfx#0D23A2DA46797D6D0E8436D62E47D5F1.phyre)
[09:36:06.312] |W| [io_error_impl]: open_file (sceIoOpen) returned 0x80010002
[09:36:06.399] |I| [export_sceIoOpen]: Opening file: app0:/DATA/GXM/Shaders/practiceall.cgfx#BADB37471FF6E46F2821C48607A5B165.phyre
[09:36:06.401] |E| [open_file]: Missing file at D:/Emulateurs/Vita3K/mc/ux0/app/PCSG00340/DATA/GXM/Shaders/practiceall.cgfx#BADB37471FF6E46F2821C48607A5B165.phyre (target path: app0:/DATA/GXM/Shaders/practiceall.cgfx#BADB37471FF6E46F2821C48607A5B165.phyre)
[09:36:06.401] |W| [io_error_impl]: open_file (sceIoOpen) returned 0x80010002
[09:36:06.494] |I| [export_sceIoOpen]: Opening file: app0:/DATA/GXM/Shaders/practiceall.cgfx#CA68C990DF8603BDFDE0BB809E8C0570.phyre
[09:36:06.495] |E| [open_file]: Missing file at D:/Emulateurs/Vita3K/mc/ux0/app/PCSG00340/DATA/GXM/Shaders/practiceall.cgfx#CA68C990DF8603BDFDE0BB809E8C0570.phyre (target path: app0:/DATA/GXM/Shaders/practiceall.cgfx#CA68C990DF8603BDFDE0BB809E8C0570.phyre)
[09:36:06.495] |W| [io_error_impl]: open_file (sceIoOpen) returned 0x80010002
[09:36:06.590] |I| [export_sceIoOpen]: Opening file: app0:/DATA/GXM/Shaders/practiceall.cgfx#8575223FCFE4FC70D9592F3C00866DEA.phyre
[09:36:06.592] |E| [open_file]: Missing file at D:/Emulateurs/Vita3K/mc/ux0/app/PCSG00340/DATA/GXM/Shaders/practiceall.cgfx#8575223FCFE4FC70D9592F3C00866DEA.phyre (target path: app0:/DATA/GXM/Shaders/practiceall.cgfx#8575223FCFE4FC70D9592F3C00866DEA.phyre)
[09:36:06.592] |W| [io_error_impl]: open_file (sceIoOpen) returned 0x80010002
[09:36:06.702] |I| [export_sceIoOpen]: Opening file: app0:/DATA/GXM/Shaders/practiceall.cgfx#6DA6F1FE842F34B6BFC40AB60879494A.phyre
[09:36:06.703] |E| [open_file]: Missing file at D:/Emulateurs/Vita3K/mc/ux0/app/PCSG00340/DATA/GXM/Shaders/practiceall.cgfx#6DA6F1FE842F34B6BFC40AB60879494A.phyre (target path: app0:/DATA/GXM/Shaders/practiceall.cgfx#6DA6F1FE842F34B6BFC40AB60879494A.phyre)
[09:36:06.703] |W| [io_error_impl]: open_file (sceIoOpen) returned 0x80010002
[09:36:06.805] |I| [export_sceIoOpen]: Opening file: app0:/DATA/GXM/Shaders/practiceall.cgfx#2F6A00FE2F4365B7A770866CA4B471D4.phyre
[09:36:06.806] |E| [open_file]: Missing file at D:/Emulateurs/Vita3K/mc/ux0/app/PCSG00340/DATA/GXM/Shaders/practiceall.cgfx#2F6A00FE2F4365B7A770866CA4B471D4.phyre (target path: app0:/DATA/GXM/Shaders/practiceall.cgfx#2F6A00FE2F4365B7A770866CA4B471D4.phyre)
[09:36:06.806] |W| [io_error_impl]: open_file (sceIoOpen) returned 0x80010002
[09:36:06.906] |I| [export_sceIoOpen]: Opening file: app0:/DATA/GXM/Shaders/practiceall.cgfx#74B194BA1199D16F96A42AAE63BB35D7.phyre
[09:36:06.907] |E| [open_file]: Missing file at D:/Emulateurs/Vita3K/mc/ux0/app/PCSG00340/DATA/GXM/Shaders/practiceall.cgfx#74B194BA1199D16F96A42AAE63BB35D7.phyre (target path: app0:/DATA/GXM/Shaders/practiceall.cgfx#74B194BA1199D16F96A42AAE63BB35D7.phyre)
[09:36:06.907] |W| [io_error_impl]: open_file (sceIoOpen) returned 0x80010002
[09:36:07.004] |I| [export_sceIoOpen]: Opening file: app0:/DATA/GXM/Shaders/practiceall.cgfx#805E325217500302064AAFA158F34821.phyre
[09:36:07.005] |E| [open_file]: Missing file at D:/Emulateurs/Vita3K/mc/ux0/app/PCSG00340/DATA/GXM/Shaders/practiceall.cgfx#805E325217500302064AAFA158F34821.phyre (target path: app0:/DATA/GXM/Shaders/practiceall.cgfx#805E325217500302064AAFA158F34821.phyre)
[09:36:07.005] |W| [io_error_impl]: open_file (sceIoOpen) returned 0x80010002
[09:36:07.103] |I| [export_sceIoOpen]: Opening file: app0:/DATA/GXM/SND/Game.bnk
[09:36:07.104] |E| [open_file]: Missing file at D:/Emulateurs/Vita3K/mc/ux0/app/PCSG00340/DATA/GXM/SND/Game.bnk (target path: app0:/DATA/GXM/SND/Game.bnk)
[09:36:07.104] |W| [io_error_impl]: open_file (sceIoOpen) returned 0x80010002
[09:36:07.144] |I| [export_sceIoOpen]: Opening file: app0:/DATA/GXM/Textures/key_plus.dds.phyre
[09:36:07.144] |E| [open_file]: Missing file at D:/Emulateurs/Vita3K/mc/ux0/app/PCSG00340/DATA/GXM/Textures/key_plus.dds.phyre (target path: app0:/DATA/GXM/Textures/key_plus.dds.phyre)
[09:36:07.144] |W| [io_error_impl]: open_file (sceIoOpen) returned 0x80010002
[09:36:07.191] |I| [export_sceIoOpen]: Opening file: app0:/DATA/GXM/Textures/key_ls.dds.phyre
[09:36:07.192] |E| [open_file]: Missing file at D:/Emulateurs/Vita3K/mc/ux0/app/PCSG00340/DATA/GXM/Textures/key_ls.dds.phyre (target path: app0:/DATA/GXM/Textures/key_ls.dds.phyre)
[09:36:07.192] |W| [io_error_impl]: open_file (sceIoOpen) returned 0x80010002
[09:36:07.198] |I| [export_sceIoOpen]: Opening file: app0:/DATA/GXM/Textures/key_ls_ud.dds.phyre
[09:36:07.199] |E| [open_file]: Missing file at D:/Emulateurs/Vita3K/mc/ux0/app/PCSG00340/DATA/GXM/Textures/key_ls_ud.dds.phyre (target path: app0:/DATA/GXM/Textures/key_ls_ud.dds.phyre)
[09:36:07.199] |W| [io_error_impl]: open_file (sceIoOpen) returned 0x80010002
[09:36:07.203] |I| [export_sceIoOpen]: Opening file: app0:/DATA/GXM/Textures/key_ls_lr.dds.phyre
[09:36:07.203] |E| [open_file]: Missing file at D:/Emulateurs/Vita3K/mc/ux0/app/PCSG00340/DATA/GXM/Textures/key_ls_lr.dds.phyre (target path: app0:/DATA/GXM/Textures/key_ls_lr.dds.phyre)
[09:36:07.203] |W| [io_error_impl]: open_file (sceIoOpen) returned 0x80010002
[09:36:07.207] |I| [export_sceIoOpen]: Opening file: app0:/DATA/GXM/Textures/key_rs.dds.phyre
[09:36:07.208] |E| [open_file]: Missing file at D:/Emulateurs/Vita3K/mc/ux0/app/PCSG00340/DATA/GXM/Textures/key_rs.dds.phyre (target path: app0:/DATA/GXM/Textures/key_rs.dds.phyre)
[09:36:07.208] |W| [io_error_impl]: open_file (sceIoOpen) returned 0x80010002
[09:36:07.212] |I| [export_sceIoOpen]: Opening file: app0:/DATA/GXM/Textures/key_rs_ud.dds.phyre
[09:36:07.214] |E| [open_file]: Missing file at D:/Emulateurs/Vita3K/mc/ux0/app/PCSG00340/DATA/GXM/Textures/key_rs_ud.dds.phyre (target path: app0:/DATA/GXM/Textures/key_rs_ud.dds.phyre)
[09:36:07.214] |W| [io_error_impl]: open_file (sceIoOpen) returned 0x80010002
[09:36:07.218] |I| [export_sceIoOpen]: Opening file: app0:/DATA/GXM/Textures/key_rs_lr.dds.phyre
[09:36:07.219] |E| [open_file]: Missing file at D:/Emulateurs/Vita3K/mc/ux0/app/PCSG00340/DATA/GXM/Textures/key_rs_lr.dds.phyre (target path: app0:/DATA/GXM/Textures/key_rs_lr.dds.phyre)
[09:36:07.219] |W| [io_error_impl]: open_file (sceIoOpen) returned 0x80010002
[09:36:07.223] |I| [export_sceIoOpen]: Opening file: app0:/DATA/GXM/Textures/key_circle.dds.phyre
[09:36:07.223] |E| [open_file]: Missing file at D:/Emulateurs/Vita3K/mc/ux0/app/PCSG00340/DATA/GXM/Textures/key_circle.dds.phyre (target path: app0:/DATA/GXM/Textures/key_circle.dds.phyre)
[09:36:07.223] |W| [io_error_impl]: open_file (sceIoOpen) returned 0x80010002
[09:36:07.228] |I| [export_sceIoOpen]: Opening file: app0:/DATA/GXM/Textures/key_cross.dds.phyre
[09:36:07.229] |E| [open_file]: Missing file at D:/Emulateurs/Vita3K/mc/ux0/app/PCSG00340/DATA/GXM/Textures/key_cross.dds.phyre (target path: app0:/DATA/GXM/Textures/key_cross.dds.phyre)
[09:36:07.229] |W| [io_error_impl]: open_file (sceIoOpen) returned 0x80010002
[09:36:07.257] |I| [export_sceIoOpen]: Opening file: app0:/DATA/GXM/Textures/key_tri.dds.phyre
[09:36:07.257] |E| [open_file]: Missing file at D:/Emulateurs/Vita3K/mc/ux0/app/PCSG00340/DATA/GXM/Textures/key_tri.dds.phyre (target path: app0:/DATA/GXM/Textures/key_tri.dds.phyre)
[09:36:07.258] |W| [io_error_impl]: open_file (sceIoOpen) returned 0x80010002
[09:36:07.262] |I| [export_sceIoOpen]: Opening file: app0:/DATA/GXM/Textures/key_square.dds.phyre
[09:36:07.262] |E| [open_file]: Missing file at D:/Emulateurs/Vita3K/mc/ux0/app/PCSG00340/DATA/GXM/Textures/key_square.dds.phyre (target path: app0:/DATA/GXM/Textures/key_square.dds.phyre)
[09:36:07.262] |W| [io_error_impl]: open_file (sceIoOpen) returned 0x80010002
[09:36:07.267] |I| [export_sceIoOpen]: Opening file: app0:/DATA/GXM/Textures/key_lr.dds.phyre
[09:36:07.267] |E| [open_file]: Missing file at D:/Emulateurs/Vita3K/mc/ux0/app/PCSG00340/DATA/GXM/Textures/key_lr.dds.phyre (target path: app0:/DATA/GXM/Textures/key_lr.dds.phyre)
[09:36:07.267] |W| [io_error_impl]: open_file (sceIoOpen) returned 0x80010002
[09:36:07.271] |I| [export_sceIoOpen]: Opening file: app0:/DATA/GXM/Textures/key_l.dds.phyre
[09:36:07.271] |E| [open_file]: Missing file at D:/Emulateurs/Vita3K/mc/ux0/app/PCSG00340/DATA/GXM/Textures/key_l.dds.phyre (target path: app0:/DATA/GXM/Textures/key_l.dds.phyre)
[09:36:07.271] |W| [io_error_impl]: open_file (sceIoOpen) returned 0x80010002
[09:36:07.275] |I| [export_sceIoOpen]: Opening file: app0:/DATA/GXM/Textures/key_r.dds.phyre
[09:36:07.277] |E| [open_file]: Missing file at D:/Emulateurs/Vita3K/mc/ux0/app/PCSG00340/DATA/GXM/Textures/key_r.dds.phyre (target path: app0:/DATA/GXM/Textures/key_r.dds.phyre)
[09:36:07.277] |W| [io_error_impl]: open_file (sceIoOpen) returned 0x80010002
[09:36:07.281] |I| [export_sceIoOpen]: Opening file: app0:/DATA/GXM/Textures/key_start.dds.phyre
[09:36:07.281] |E| [open_file]: Missing file at D:/Emulateurs/Vita3K/mc/ux0/app/PCSG00340/DATA/GXM/Textures/key_start.dds.phyre (target path: app0:/DATA/GXM/Textures/key_start.dds.phyre)
[09:36:07.281] |W| [io_error_impl]: open_file (sceIoOpen) returned 0x80010002
[09:36:07.285] |I| [export_sceIoOpen]: Opening file: app0:/DATA/GXM/Textures/key_select.dds.phyre
[09:36:07.286] |E| [open_file]: Missing file at D:/Emulateurs/Vita3K/mc/ux0/app/PCSG00340/DATA/GXM/Textures/key_select.dds.phyre (target path: app0:/DATA/GXM/Textures/key_select.dds.phyre)
[09:36:07.286] |W| [io_error_impl]: open_file (sceIoOpen) returned 0x80010002
[09:36:07.290] |I| [export_sceIoOpen]: Opening file: app0:/DATA/GXM/Textures/key_ls-lr.dds.phyre
[09:36:07.290] |E| [open_file]: Missing file at D:/Emulateurs/Vita3K/mc/ux0/app/PCSG00340/DATA/GXM/Textures/key_ls-lr.dds.phyre (target path: app0:/DATA/GXM/Textures/key_ls-lr.dds.phyre)
[09:36:07.290] |W| [io_error_impl]: open_file (sceIoOpen) returned 0x80010002
[09:36:07.295] |I| [export_sceIoOpen]: Opening file: app0:/DATA/GXM/Textures/key_rs-lr.dds.phyre
[09:36:07.296] |E| [open_file]: Missing file at D:/Emulateurs/Vita3K/mc/ux0/app/PCSG00340/DATA/GXM/Textures/key_rs-lr.dds.phyre (target path: app0:/DATA/GXM/Textures/key_rs-lr.dds.phyre)
[09:36:07.297] |W| [io_error_impl]: open_file (sceIoOpen) returned 0x80010002
[09:36:07.301] |I| [export_sceIoOpen]: Opening file: app0:/DATA/GXM/Textures/key_tri-plus.dds.phyre
[09:36:07.301] |E| [open_file]: Missing file at D:/Emulateurs/Vita3K/mc/ux0/app/PCSG00340/DATA/GXM/Textures/key_tri-plus.dds.phyre (target path: app0:/DATA/GXM/Textures/key_tri-plus.dds.phyre)
[09:36:07.301] |W| [io_error_impl]: open_file (sceIoOpen) returned 0x80010002
[09:36:07.306] |I| [export_sceIoOpen]: Opening file: app0:/DATA/GXM/Textures/key_plus_ud.dds.phyre
[09:36:07.306] |E| [open_file]: Missing file at D:/Emulateurs/Vita3K/mc/ux0/app/PCSG00340/DATA/GXM/Textures/key_plus_ud.dds.phyre (target path: app0:/DATA/GXM/Textures/key_plus_ud.dds.phyre)
[09:36:07.306] |W| [io_error_impl]: open_file (sceIoOpen) returned 0x80010002
[09:36:07.327] |I| [export_sceIoOpen]: Opening file: app0:/DATA/GXM/Textures/key_plus_ir.dds.phyre
[09:36:07.328] |E| [open_file]: Missing file at D:/Emulateurs/Vita3K/mc/ux0/app/PCSG00340/DATA/GXM/Textures/key_plus_ir.dds.phyre (target path: app0:/DATA/GXM/Textures/key_plus_ir.dds.phyre)
[09:36:07.328] |W| [io_error_impl]: open_file (sceIoOpen) returned 0x80010002
[09:36:07.336] |I| [export_sceIoOpen]: Opening file: app0:/DATA/GXM/Textures/base-k_title_large.dds.phyre
[09:36:07.336] |E| [open_file]: Missing file at D:/Emulateurs/Vita3K/mc/ux0/app/PCSG00340/DATA/GXM/Textures/base-k_title_large.dds.phyre (target path: app0:/DATA/GXM/Textures/base-k_title_large.dds.phyre)
[09:36:07.336] |W| [io_error_impl]: open_file (sceIoOpen) returned 0x80010002
[09:36:07.366] |W| [stubbed_impl]: Stubbed __sceAppMgrGetAppState import called. (Set to 0.)
[09:36:07.385] |W| [stubbed_impl]: Stubbed sceNetCtlInit import called. (Stub)
[09:36:07.394] |W| [stubbed_impl]: Stubbed sceNetCtlCheckCallback import called. (Stub)
[09:36:07.394] |W| [unimplemented_impl]: Unimplemented sceSslInit import called.
[09:36:07.394] |W| [stubbed_impl]: Stubbed sceNetCtlInetGetState import called. (state = SCE_NETCTL_STATE_DISCONNECTED)
[09:36:07.395] |W| [unimplemented_impl]: Unimplemented sceHttpInit import called.
[09:36:07.399] |W| [stubbed_impl]: Stubbed sceNetCtlInetGetResult import called. (errorCode = SCE_NET_CTL_ERROR_FLIGHT_MODE_ENABLED)
[09:36:07.416] |E| [logging::ret_error_impl]: sceNetInit returned SCE_NET_ERROR_EINTERNAL (0x804101CC)
[09:36:07.418] |W| [unimplemented_impl]: Unimplemented sceNpActivityInit import called.
[09:36:07.425] |W| [unimplemented_impl]: Unimplemented sceSystemGestureUpdatePrimitiveTouchRecognizer import called.
[09:36:07.426] |W| [unimplemented_impl]: Unimplemented sceMotionGetState import called.
[09:36:07.428] |W| [unimplemented_impl]: Unimplemented sceSystemGestureUpdateTouchRecognizer import called.
[09:36:07.428] |W| [unimplemented_impl]: Unimplemented sceSystemGestureGetTouchEventsCount import called.
[09:36:07.439] |I| [export_sceIoOpen]: Opening file: app0:/DATA/GXM/Textures/loading.dds.phyre
[09:36:07.439] |E| [open_file]: Missing file at D:/Emulateurs/Vita3K/mc/ux0/app/PCSG00340/DATA/GXM/Textures/loading.dds.phyre (target path: app0:/DATA/GXM/Textures/loading.dds.phyre)
[09:36:07.439] |W| [io_error_impl]: open_file (sceIoOpen) returned 0x80010002
[09:36:07.472] |I| [export_sceIoOpen]: Opening file: app0:/DATA/GXM/Textures/btn_t-edit58_r2.dds.phyre
[09:36:07.472] |E| [open_file]: Missing file at D:/Emulateurs/Vita3K/mc/ux0/app/PCSG00340/DATA/GXM/Textures/btn_t-edit58_r2.dds.phyre (target path: app0:/DATA/GXM/Textures/btn_t-edit58_r2.dds.phyre)
[09:36:07.472] |W| [io_error_impl]: open_file (sceIoOpen) returned 0x80010002
[09:36:07.504] |I| [export_sceIoOpen]: Opening file: app0:/DATA/GXM/Textures/btn_t-edit58_r1.dds.phyre
[09:36:07.504] |E| [open_file]: Missing file at D:/Emulateurs/Vita3K/mc/ux0/app/PCSG00340/DATA/GXM/Textures/btn_t-edit58_r1.dds.phyre (target path: app0:/DATA/GXM/Textures/btn_t-edit58_r1.dds.phyre)
[09:36:07.504] |W| [io_error_impl]: open_file (sceIoOpen) returned 0x80010002
[09:36:07.537] |I| [export_sceIoOpen]: Opening file: app0:/DATA/GXM/Textures/title_saveloading.dds.phyre
[09:36:07.537] |E| [open_file]: Missing file at D:/Emulateurs/Vita3K/mc/ux0/app/PCSG00340/DATA/GXM/Textures/title_saveloading.dds.phyre (target path: app0:/DATA/GXM/Textures/title_saveloading.dds.phyre)
[09:36:07.537] |W| [io_error_impl]: open_file (sceIoOpen) returned 0x80010002
[09:36:07.563] |I| [export_sceIoOpen]: Opening file: app0:/DATA/GXM/Textures/icon_saveloading.dds.phyre
[09:36:07.564] |E| [open_file]: Missing file at D:/Emulateurs/Vita3K/mc/ux0/app/PCSG00340/DATA/GXM/Textures/icon_saveloading.dds.phyre (target path: app0:/DATA/GXM/Textures/icon_saveloading.dds.phyre)
[09:36:07.564] |W| [io_error_impl]: open_file (sceIoOpen) returned 0x80010002
[09:36:07.592] |I| [export_sceIoOpen]: Opening file: app0:/DATA/GXM/Textures/eff_touch.dds.phyre
[09:36:07.592] |E| [open_file]: Missing file at D:/Emulateurs/Vita3K/mc/ux0/app/PCSG00340/DATA/GXM/Textures/eff_touch.dds.phyre (target path: app0:/DATA/GXM/Textures/eff_touch.dds.phyre)
[09:36:07.592] |W| [io_error_impl]: open_file (sceIoOpen) returned 0x80010002
[09:36:07.601] |W| [unimplemented_impl]: Unimplemented sceNpGetServiceState import called.
[09:36:07.642] |W| [stubbed_impl]: Stubbed sceDisplayWaitSetFrameBufMulti import called. (move after setframebuf)
[09:36:07.912] |W| [stubbed_impl]: Stubbed sceNpTrophyCreateHandle import called. (Stubbed handle with 1)
[09:36:07.914] |I| [export_sceIoOpen]: Opening file: app0:/DATA/GXM/Textures/base_load2.dds.phyre
[09:36:07.914] |E| [open_file]: Missing file at D:/Emulateurs/Vita3K/mc/ux0/app/PCSG00340/DATA/GXM/Textures/base_load2.dds.phyre (target path: app0:/DATA/GXM/Textures/base_load2.dds.phyre)
[09:36:07.914] |W| [io_error_impl]: open_file (sceIoOpen) returned 0x80010002
[09:36:08.042] |D| [renderer::gl::texture::translate_swizzle]: base format: -2063597568, swizzle: 0
[09:36:08.063] |I| [renderer::gl::load_shader_generic]: Generating frag shader b8e7e63fe196d79d91b4ddc34c83acafca72cc8b2e11789964b6f3a43326f9e4
[09:36:08.064] |D| [shader::create_fragment_inputs]: Iterator: pa0 = (half4) v_Color0
[09:36:08.064] |I| [shader::create_fragment_inputs]: Sample symbol stripped, using anonymous name
[09:36:08.068] |I| [renderer::gl::load_shader_generic]: Generating vert shader 0d9eac8df9e40a10b6d5fa8f652c779cdc285116e85612f9dcb7818020e1e8a1
[09:36:08.069] |I| [shader::create_parameters]: Shader stripped all symbols, trying to use hint attributes
[09:36:08.090] |E| [renderer::gl::compile_program]: Fragment info
-------------
0(23) : warning C7050: "pa[0].zw" might be used before being initialized


[09:36:08.191] |D| [renderer::gl::texture::translate_swizzle]: base format: 0, swizzle: 20480
[09:36:08.192] |I| [renderer::gl::load_shader_generic]: Generating frag shader bfcf4b18886a7ed411f4d50febba7342f12edc3d8a9bc60d8468db12ff17acdf
[09:36:08.193] |D| [shader::create_fragment_inputs]: Iterator: pa0 = (float4) v_Color0
[09:36:08.193] |I| [shader::create_fragment_inputs]: Sample symbol stripped, using anonymous name
[09:36:08.199] |I| [renderer::gl::load_shader_generic]: Generating vert shader c7e6d8b33e35e06bfe982abd305ab8d73dd23ce0d89f3567ee9ff9887bc7d66d
[09:36:08.199] |I| [shader::create_parameters]: Shader stripped all symbols, trying to use hint attributes
[09:36:08.223] |E| [renderer::gl::compile_program]: Fragment info
-------------
0(23) : warning C7050: "pa[1].zw" might be used before being initialized
0(25) : warning C7050: "internals[0]" might be used before being initialized
0(25) : warning C7050: "internals[1]" might be used before being initialized
0(25) : warning C7050: "internals[2].w" might be used before being initialized
0(26) : warning C7050: "r[0]" might be used before being initialized


[09:36:08.223] |D| [renderer::gl::texture::translate_swizzle]: base format: 0, swizzle: 20480
[09:36:08.224] |D| [renderer::gl::texture::translate_swizzle]: base format: 0, swizzle: 20480
[09:36:08.224] |D| [renderer::gl::texture::translate_swizzle]: base format: 0, swizzle: 20480
[09:36:08.224] |D| [renderer::gl::texture::translate_swizzle]: base format: 0, swizzle: 20480
[09:36:08.225] |D| [renderer::gl::texture::translate_swizzle]: base format: 0, swizzle: 20480
[09:36:08.225] |D| [renderer::gl::texture::translate_swizzle]: base format: 0, swizzle: 20480
[09:36:08.225] |D| [renderer::gl::texture::translate_swizzle]: base format: 0, swizzle: 20480
[09:36:08.225] |D| [renderer::gl::texture::translate_swizzle]: base format: 0, swizzle: 20480
[09:36:08.226] |D| [renderer::gl::texture::translate_swizzle]: base format: 0, swizzle: 20480
[09:36:08.226] |D| [renderer::gl::texture::translate_swizzle]: base format: 0, swizzle: 20480
[09:36:08.226] |D| [renderer::gl::texture::translate_swizzle]: base format: 0, swizzle: 20480
[09:36:08.226] |D| [renderer::gl::texture::translate_swizzle]: base format: 0, swizzle: 20480
[09:36:08.227] |D| [renderer::gl::texture::translate_swizzle]: base format: 0, swizzle: 20480
[09:36:08.227] |D| [renderer::gl::texture::translate_swizzle]: base format: 0, swizzle: 20480
[09:36:08.230] |D| [renderer::gl::texture::translate_swizzle]: base format: 0, swizzle: 20480
[09:36:08.325] |D| [renderer::gl::texture::translate_swizzle]: base format: -2030043136, swizzle: 0
[09:36:25.300] |E| [discordrpc::update_presence::<lambda_50ee3771c9ac2f7a4b17591668a7e6b3>::operator ()]: Error updating discord rich presence, err_code: 43
[09:36:25.301] |E| [discordrpc::update_presence::<lambda_50ee3771c9ac2f7a4b17591668a7e6b3>::operator ()]: Error updating discord rich presence, err_code: 43
