[01:07:28.335] |I| [load_app_impl]: cpu-backend: Dynarmic
[01:07:28.335] |I| [load_app_impl]: CPU Optimisation state: true
[01:07:28.335] |I| [load_app_impl]: at9 audio decoder state: true
[01:07:28.336] |I| [load_app_impl]: ngs experimental state: true
[01:07:28.336] |I| [load_app_impl]: video player state: true
[01:07:28.336] |I| [load_app_impl]: modules mode: Automatic
[01:07:28.336] |I| [load_app_impl]: Title: ぷよぷよテトリス
[01:07:28.336] |I| [load_app_impl]: Serial: PCSG00224
[01:07:28.336] |I| [load_app_impl]: Version: 1.00
[01:07:28.336] |I| [load_app_impl]: Category: gd
[01:07:28.416] |C| [load_self]: Unknown segment type 0x6FFFFF01
[01:07:28.416] |I| [load_self]: Loaded module segment 0 @ [0x00007000 - 0x000543BC / 0x81000000] (size: 0x0004D3BC) of module app0:sce_module/libc.suprx
[01:07:28.416] |I| [load_self]: Loaded module segment 1 @ [0x00055000 - 0x000576F0 / 0x8104E000] (size: 0x000026F0) of module app0:sce_module/libc.suprx
[01:07:28.416] |I| [load_self]: Loading symbols for SELF: app0:sce_module/libc.suprx
[01:07:28.417] |D| [load_var_exports]: 	NID 0x936C8A78 (SYSLYB) at 0x4A164
[01:07:28.417] |D| [load_var_exports]: 	NID 0x6C2224BA (NID_MODULE_INFO) at 0x400FC
[01:07:28.417] |W| [load_var_imports]: 	NID NOT FOUND 0x93B8AA67 (UNRECOGNISED) at 0x440BC, setting to stub value 0xDEADBEEF
[01:07:28.417] |W| [load_var_imports]: 	NID NOT FOUND 0xDF084DFA (UNRECOGNISED) at 0x45B70, setting to stub value 0xDEADBEEF
[01:07:28.418] |I| [pre_load_module]: Pre-load module SceLibc (at "sce_module/libc.suprx") loaded
[01:07:28.430] |C| [load_self]: Unknown segment type 0x6FFFFF01
[01:07:28.430] |I| [load_self]: Loaded module segment 0 @ [0x0005A000 - 0x0008512C / 0x81000000] (size: 0x0002B12C) of module app0:sce_module/libfios2.suprx
[01:07:28.431] |I| [load_self]: Loaded module segment 1 @ [0x00086000 - 0x0008B23D / 0x8102C000] (size: 0x0000523D) of module app0:sce_module/libfios2.suprx
[01:07:28.431] |I| [load_self]: Loading symbols for SELF: app0:sce_module/libfios2.suprx
[01:07:28.431] |D| [load_var_exports]: 	NID 0x936C8A78 (SYSLYB) at 0x85034
[01:07:28.431] |D| [load_var_exports]: 	NID 0x6C2224BA (NID_MODULE_INFO) at 0x7C548
[01:07:28.431] |I| [pre_load_module]: Pre-load module SceLibFios2 (at "sce_module/libfios2.suprx") loaded
[01:07:28.445] |C| [load_self]: Unknown segment type 0x6FFFFF01
[01:07:28.445] |I| [load_self]: Loaded module segment 0 @ [0x0008C000 - 0x0009F84C / 0x81000000] (size: 0x0001384C) of module app0:sce_module/libult.suprx
[01:07:28.445] |I| [load_self]: Loaded module segment 1 @ [0x000A0000 - 0x000A0814 / 0x81014000] (size: 0x00000814) of module app0:sce_module/libult.suprx
[01:07:28.445] |I| [load_self]: Loading symbols for SELF: app0:sce_module/libult.suprx
[01:07:28.445] |D| [load_var_exports]: 	NID 0x936C8A78 (SYSLYB) at 0x9E1A8
[01:07:28.445] |D| [load_var_exports]: 	NID 0x6C2224BA (NID_MODULE_INFO) at 0x9B738
[01:07:28.445] |I| [pre_load_module]: Pre-load module SceUlt (at "sce_module/libult.suprx") loaded
[01:07:28.452] |I| [load_self]: Loaded module segment 0 @ [0x000A1000 - 0x000F1F04 / 0x81000000] (size: 0x00050F04) of module vs0:sys/external/libSceFt2.suprx
[01:07:28.452] |I| [load_self]: Loaded module segment 1 @ [0x000F2000 - 0x000F22F4 / 0x81051000] (size: 0x000002F4) of module vs0:sys/external/libSceFt2.suprx
[01:07:28.452] |I| [load_self]: Loading symbols for SELF: vs0:sys/external/libSceFt2.suprx
[01:07:28.453] |D| [load_var_exports]: 	NID 0x936C8A78 (SYSLYB) at 0xDD7DC
[01:07:28.453] |D| [load_var_exports]: 	NID 0x6C2224BA (NID_MODULE_INFO) at 0xDCF10
[01:07:28.453] |I| [pre_load_module]: Pre-load module SceLibft2 (at "sys/external/libSceFt2.suprx") loaded
[01:07:28.455] |I| [load_self]: Loaded module segment 0 @ [0x000F3000 - 0x00102F14 / 0x81000000] (size: 0x0000FF14) of module vs0:sys/external/libpvf.suprx
[01:07:28.455] |I| [load_self]: Loaded module segment 1 @ [0x00103000 - 0x00103008 / 0x81010000] (size: 0x00000008) of module vs0:sys/external/libpvf.suprx
[01:07:28.455] |I| [load_self]: Loading symbols for SELF: vs0:sys/external/libpvf.suprx
[01:07:28.455] |D| [load_var_exports]: 	NID 0x936C8A78 (SYSLYB) at 0x101710
[01:07:28.456] |D| [load_var_exports]: 	NID 0x6C2224BA (NID_MODULE_INFO) at 0x101300
[01:07:28.456] |I| [pre_load_module]: Pre-load module SceLibPvf (at "sys/external/libpvf.suprx") loaded
[01:07:28.520] |C| [load_self]: Unknown segment type 0x6FFFFF01
[01:07:28.520] |I| [load_self]: Loaded module segment 0 @ [0x81000000 - 0x8124BB74 / 0x81000000] (size: 0x0024BB74) of module app0:eboot.bin
[01:07:28.520] |I| [load_self]: Loaded module segment 1 @ [0x8124C000 - 0x813F6FE8 / 0x8124C000] (size: 0x001AAFE8) of module app0:eboot.bin
[01:07:28.521] |I| [load_self]: Loading symbols for SELF: app0:eboot.bin
[01:07:28.521] |D| [load_var_exports]: 	NID 0x6C2224BA (NID_MODULE_INFO) at 0x811DE2C0
[01:07:28.521] |D| [load_var_exports]: 	NID 0x70FBA1E7 (SCE_PROC_PARAMS) at 0x8125E914
[01:07:28.521] |I| [load_app_impl]: Main executable tenp_Vita_2010 (eboot.bin) loaded
[01:07:28.529] |D| [run_app]: Running module_start of library: SceLibc at address 0x7809
[01:07:28.547] |I| [run_app]: Module SceLibc (at "app0:sce_module/libc.suprx") module_start returned 0x0
[01:07:28.551] |D| [run_app]: Running module_start of library: SceLibFios2 at address 0x5A001
[01:07:28.559] |W| [stubbed_impl]: Stubbed sceKernelGetProcessId import called. (pid: 0)
[01:07:28.559] |D| [export_sceFiosOverlayGetList02]: maxIDs: 255
[01:07:28.559] |W| [unimplemented_impl]: Unimplemented sceFiosOverlayGetList02 import called.
[01:07:28.559] |I| [run_app]: Module SceLibFios2 (at "app0:sce_module/libfios2.suprx") module_start returned 0x0
[01:07:28.563] |D| [run_app]: Running module_start of library: SceUlt at address 0x8F661
[01:07:28.570] |W| [unimplemented_impl]: Unimplemented _sceUlobjMgrRegisterLibultProtocolRevision import called.
[01:07:28.570] |I| [run_app]: Module SceUlt (at "app0:sce_module/libult.suprx") module_start returned 0x0
[01:07:28.665] |W| [stubbed_impl]: Stubbed sceKernelGetFreeMemorySize import called. (Single pool)
[01:07:28.980] |W| [unimplemented_impl]: Unimplemented sceAppUtilInit import called.
[01:07:29.006] |W| [unimplemented_impl]: Unimplemented sceKernelChangeThreadVfpException import called.
[01:07:29.007] |W| [unimplemented_impl]: Unimplemented sceFiosOverlayThreadSetDisabled02 import called.
[01:07:29.024] |W| [unimplemented_impl]: Unimplemented sceMotionReset import called.
[01:07:29.025] |W| [unimplemented_impl]: Unimplemented sceMotionStartSampling import called.
[01:07:29.065] |W| [stubbed_impl]: Stubbed sceGxmMapMemory import called. (always return success)
[01:07:29.065] |W| [stubbed_impl]: Stubbed sceGxmMapFragmentUsseMemory import called. (always return success)
[01:07:29.084] |W| [stubbed_impl]: Stubbed sceGxmMapVertexUsseMemory import called. (always return success)
[01:07:29.088] |W| [stubbed_impl]: Stubbed sceDisplayWaitSetFrameBuf import called. (move after setframebuf)
[01:07:29.118] |D| [export_sceGxmCreateRenderTarget]: scene par frame: 1
[01:07:29.151] |I| [float_to_half_init]: AVX+F16C instruction set is supported. Using fast f32 to f16 conversion
[01:07:29.160] |D| [ngs::create_voice_definition]: type: 0
[01:07:29.160] |D| [ngs::create_voice_definition]: type: 14
[01:07:29.161] |D| [ngs::create_voice_definition]: type: 17
[01:07:29.170] |D| [export_sceNgsVoicePlay]: sceNgsVoicePlay: 1
[01:07:29.187] |W| [unimplemented_impl]: Unimplemented sceFiosOverlayGetRecommendedScheduler02 import called.
[01:07:29.190] |I| [export_sceIoOpen]: Opening file: app0:/data/sound/se/se_pack.sepk
[01:07:29.351] |I| [export_sceIoOpen]: Opening file: sa0:data/font/pvf/jpn2.pvf
[01:07:29.351] |I| [export_sceClibPrintf]: LIBPVF>>> FILE: sa0:data/font/pvf/jpn2.pvf

[01:07:29.352] |W| [unimplemented_impl]: Unimplemented sceIoIoctl import called.
[01:07:29.389] |I| [export_sceIoOpen]: Opening file: sa0:data/font/pvf/ltn0.pvf
[01:07:29.390] |I| [export_sceClibPrintf]: LIBPVF>>> FILE: sa0:data/font/pvf/ltn0.pvf

[01:07:29.399] |W| [unimplemented_impl]: Unimplemented sceCommonDialogIsRunning import called.
[01:07:29.419] |I| [renderer::gl::load_shader_generic]: Generating frag shader 8cd144dfcb1b5db7a0b5e387db415968496b73ee2fd4974afdd54d5c87627126
[01:07:29.420] |D| [shader::create_parameters]: [DEFAULT  + 0] sa0 = (half4) uColor4
[01:07:29.437] |I| [renderer::gl::load_shader_generic]: Generating vert shader 463d4059514f34a0d0b5106561b52c86b2bb8b1e1cbf7f7c18203f5860196c23
[01:07:29.438] |D| [shader::create_parameters]: [BUFFER0  + 0] pa0 = (float4) iPosition
[01:07:29.459] |E| [renderer::gl::compile_program]: Fragment info
-------------
0(20) : warning C7050: "pa[0].zw" might be used before being initialized


[01:07:30.069] |W| [stubbed_impl]: Stubbed sceNpTrophyCreateHandle import called. (Stubbed handle with 1)
[01:07:30.082] |I| [export_sceIoOpen]: Opening file: app0:/data/common/loading.narc
[01:07:30.145] |I| [export_sceIoOpen]: Opening file: app0:/data/common/loading.narc
[01:07:30.176] |E| [call_import]: Import function for NID 0xD7F0F610 not found (thread name: PCSG00224, thread ID: 8)
[01:07:30.187] |W| [unimplemented_impl]: Unimplemented sceAppUtilReceiveAppEvent import called.
[01:07:30.187] |W| [stubbed_impl]: Stubbed __sceAppMgrGetAppState import called. (Set to 0.)
[01:07:30.189] |W| [stubbed_impl]: Stubbed _sceKernelWaitSignal import called. (sceKernelWaitSignal)
[01:07:30.191] |I| [export_sceIoOpen]: Opening file: app0:/data/puyo/puyo2P/puyo2P.narc
[01:07:30.209] |I| [export_sceIoOpen]: Opening file: app0:/data/puyo/puyo2P/puyo2P.narc
[01:07:30.211] |W| [stubbed_impl]: Stubbed sceKernelSendSignal import called. (sceKernelSendSignal)
[01:07:30.344] |E| [logging::ret_error_impl]: sceMsgDialogInit returned SCE_COMMON_DIALOG_ERROR_NOT_SUPPORTED (0x80020405)
[01:07:30.391] |E| [logging::ret_error_impl]: sceKernelTryLockLwMutex returned SCE_KERNEL_ERROR_LW_MUTEX_FAILED_TO_OWN (0x80028185)
[01:07:30.456] |I| [export_sceIoOpen]: Opening file: savedata0:data.bin
[01:07:31.835] |I| [export_sceIoOpen]: Opening file: app0:/data/logo/Attention.narc
[01:07:31.867] |I| [export_sceIoOpen]: Opening file: app0:/data/logo/Attention.narc
[01:07:31.941] |I| [renderer::gl::load_shader_generic]: Generating frag shader 0b3060c5d8bc78ca7c477c3d110e1a4ae8b6e73d3c2eaac7166e0eac9506ddeb
[01:07:31.943] |D| [shader::create_parameters]: [DEFAULT  + 0] sa0 = (half4) uColor4
[01:07:31.943] |D| [shader::create_parameters]: [DEFAULT  + 2] sa2 = (half1) chk_alpha
[01:07:31.943] |D| [shader::create_fragment_inputs]: Iterator: pa0 = (half4) v_Color0
[01:07:31.947] |I| [renderer::gl::load_shader_generic]: Generating vert shader 9ddb0220c155c520107f5b97fbfaab6b8cdda7cdd3ea1c5dab113f49e498056e
[01:07:31.947] |D| [shader::create_parameters]: [BUFFER0  + 0] pa0 = (float4) iPosition
[01:07:31.948] |D| [shader::create_parameters]: [BUFFER0  + 4] pa4 = (float4) iColor
[01:07:31.948] |D| [shader::create_parameters]: [BUFFER0  + 8] pa8 = (float4) iTexcoord
[01:07:31.948] |D| [shader::create_parameters]: [DEFAULT  + 0] sa0 = (float4) uModelViewProj16[4]
[01:07:31.948] |D| [shader::create_parameters]: [DEFAULT  + 16] sa16 = (float4) uScreenOffset
[01:07:31.972] |E| [renderer::gl::compile_program]: Fragment info
-------------
0(23) : warning C7050: "pa[0].zw" might be used before being initialized


[01:07:31.976] |I| [renderer::gl::load_shader_generic]: Generating frag shader 243cd4f69056c6d9c32ab12f50070162010137c9897274bd27a4da4e61c5e28b
[01:07:31.976] |D| [shader::create_parameters]: [DEFAULT  + 0] sa0 = (half1) chk_alpha
[01:07:31.976] |D| [shader::create_fragment_inputs]: Iterator: pa0 = (half4) v_Color0
[01:07:31.980] |I| [renderer::gl::load_shader_generic]: Generating vert shader 50f896cc8613524755dde3e97f9c010526a334e846d1398973fbe2ed2d6b5968
[01:07:31.981] |D| [shader::create_parameters]: [BUFFER0  + 0] pa0 = (float4) iPosition
[01:07:31.981] |D| [shader::create_parameters]: [BUFFER0  + 4] pa4 = (float4) iColor
[01:07:31.981] |D| [shader::create_parameters]: [DEFAULT  + 0] sa0 = (float4) uModelViewProj16[4]
[01:07:31.981] |D| [shader::create_parameters]: [DEFAULT  + 16] sa16 = (float4) uScreenOffset
[01:07:31.998] |E| [renderer::gl::compile_program]: Fragment info
-------------
0(21) : warning C7050: "pa[0].zw" might be used before being initialized


[01:07:34.878] |I| [export_sceIoOpen]: Opening file: app0:/data/logo/Logo.narc
[01:07:34.879] |I| [export_sceIoOpen]: Opening file: app0:/data/logo/Logo.narc
[01:07:34.915] |I| [export_sceIoOpen]: Opening file: app0:/data/sound/voice/voice_title00.sepk
[01:07:35.203] |D| [export_sceNgsVoicePlay]: sceNgsVoicePlay: 1
[01:07:37.657] |D| [export_sceNgsVoicePlay]: sceNgsVoicePlay: 1
[01:07:39.953] |I| [export_sceIoOpen]: Opening file: app0:/data/savecheck/savecheck.narc
[01:07:39.954] |I| [export_sceIoOpen]: Opening file: app0:/data/savecheck/savecheck.narc
[01:07:39.967] |I| [export_sceIoOpen]: Opening file: app0:/data/common/menu_bg.narc
[01:07:39.968] |I| [export_sceIoOpen]: Opening file: app0:/data/common/menu_bg.narc
[01:07:39.984] |I| [export_sceIoOpen]: Opening file: app0:/data/tenp/text/error/errorJapanese.narc
[01:07:40.013] |I| [export_sceIoOpen]: Opening file: app0:/data/tenp/text/error/errorJapanese.narc
[01:07:40.040] |I| [export_sceIoOpen]: Opening file: app0:/data/tenp/text/error/errorJapanese.mtx
[01:07:40.119] |I| [renderer::gl::load_shader_generic]: Generating frag shader 5c515a4bf4bce25da4e27c1ff76534a7dfd34cd0771bc8c9dabaa633dc362f24
[01:07:40.120] |D| [shader::create_fragment_inputs]: Iterator: pa0 = (half4) v_Color0
[01:07:40.120] |D| [shader::create_fragment_inputs]: Iterator: pa2 = (half4) v_Color1
[01:07:40.124] |I| [renderer::gl::load_shader_generic]: Generating vert shader da237bfa709dc2ce9cda6d23ad25307adf707d00140fb08a3a1b922dbb593554
[01:07:40.125] |D| [shader::create_parameters]: [BUFFER0  + 0] pa0 = (float4) Input_Pos
[01:07:40.125] |D| [shader::create_parameters]: [BUFFER0  + 4] pa4 = (float4) Input_Col
[01:07:40.125] |D| [shader::create_parameters]: [BUFFER0  + 8] pa8 = (float4) Input_ColI
[01:07:40.125] |D| [shader::create_parameters]: [BUFFER0  + 12] pa12 = (float4) Input_UV
[01:07:40.125] |D| [shader::create_parameters]: [DEFAULT  + 0] sa0 = (float4) uModelViewProj16[4]
[01:07:40.125] |D| [shader::create_parameters]: [DEFAULT  + 16] sa16 = (float4) g_global_color
[01:07:40.125] |D| [shader::create_parameters]: [DEFAULT  + 20] sa20 = (float4) g_post_offset
[01:07:40.125] |D| [shader::create_parameters]: [DEFAULT  + 24] sa24 = (float4) uScreenOffset
[01:07:40.146] |E| [renderer::gl::compile_program]: Fragment info
-------------
0(17) : warning C7050: "pa[0].zw" might be used before being initialized


[01:07:40.154] |I| [renderer::gl::load_shader_generic]: Generating frag shader 4552cb23ade5b8f49e0bec974a1277e734cf47be4e8af9d70f84eee32a98d3d9
[01:07:40.155] |D| [shader::create_fragment_inputs]: Iterator: pa0 = (half4) v_Color0
[01:07:40.156] |D| [shader::create_fragment_inputs]: Iterator: pa4 = (half4) v_Color1
[01:07:40.173] |E| [renderer::gl::compile_program]: Fragment info
-------------
0(19) : warning C7050: "pa[0].zw" might be used before being initialized
0(19) : warning C7050: "pa[1].zw" might be used before being initialized


[01:07:43.044] |I| [export_sceIoOpen]: Opening file: app0:/data/title/title.narc
[01:07:43.045] |I| [export_sceIoOpen]: Opening file: app0:/data/title/title.narc
[01:07:43.079] |I| [export_sceIoOpen]: Opening file: app0:data/sound/bgm/BGM_S01_title.at9
[01:07:43.096] |D| [export_sceNgsVoicePatchSetVolume]: out chanel: 0, in chanel: 0, vol: 0.7
[01:07:43.097] |D| [export_sceNgsVoicePatchSetVolume]: out chanel: 1, in chanel: 1, vol: 0.7
[01:07:43.097] |D| [export_sceNgsVoicePlay]: sceNgsVoicePlay: 1
[01:07:43.098] |I| [export_sceIoOpen]: Opening file: app0:/data/sound/voice/voice_title03.sepk
[01:07:43.104] |I| [export_sceIoOpen]: Opening file: app0:/data/sound/voice/voice_title_set.sepk
[01:07:45.255] |D| [export_sceNgsVoicePlay]: sceNgsVoicePlay: 1
[01:07:45.537] |E| [discordrpc::update_presence::<lambda_331f079a0acdd083d9cce7eefa67668c>::operator ()]: Error updating discord rich presence, err_code: 43
[01:07:45.538] |E| [discordrpc::update_presence::<lambda_331f079a0a