[12:19:26.898] |I| [load_app_impl]: cpu-backend: Dynarmic
[12:19:26.899] |I| [load_app_impl]: CPU Optimisation state: true
[12:19:26.899] |I| [load_app_impl]: at9 audio decoder state: true
[12:19:26.899] |I| [load_app_impl]: ngs experimental state: true
[12:19:26.899] |I| [load_app_impl]: video player state: true
[12:19:26.899] |I| [load_app_impl]: lle-modules: libpgf,libSceXml,libsas,liblocation,libhandwriting,libSceJson,librudp
[12:19:26.899] |I| [load_app_impl]: Title: ニル・アドミラリの天秤 帝都幻惑綺譚
[12:19:26.899] |I| [load_app_impl]: Serial: PCSG00766
[12:19:26.900] |I| [load_app_impl]: Version: 1.00
[12:19:26.900] |I| [load_app_impl]: Category: gd
[12:19:26.962] |C| [load_self]: Unknown segment type 0x6FFFFF01
[12:19:26.962] |I| [load_self]: Loaded module segment 0 @ [0x00007000 - 0x000588A4 / 0x81000000] (size: 0x000518A4) of module ux0:app\PCSG00766\sce_module\libc.suprx
[12:19:26.962] |I| [load_self]: Loaded module segment 1 @ [0x00059000 - 0x0005B8A0 / 0x81052000] (size: 0x000028A0) of module ux0:app\PCSG00766\sce_module\libc.suprx
[12:19:26.962] |I| [load_self]: Loading symbols for SELF: ux0:app\PCSG00766\sce_module\libc.suprx
[12:19:26.963] |D| [load_var_exports]: 	NID 0x936C8A78 (SYSLYB) at 0x4E314
[12:19:26.963] |D| [load_var_exports]: 	NID 0x6C2224BA (NID_MODULE_INFO) at 0x434DC
[12:19:26.963] |W| [load_var_imports]: 	NID NOT FOUND 0x93B8AA67 (UNRECOGNISED) at 0x4763C, setting to stub value 0xDEADBEEF
[12:19:26.964] |W| [load_var_imports]: 	NID NOT FOUND 0xDF084DFA (UNRECOGNISED) at 0x491D0, setting to stub value 0xDEADBEEF
[12:19:26.964] |I| [pre_load_module]: Pre-load module SceLibc (at "app\PCSG00766\sce_module\libc.suprx") loaded
[12:19:26.975] |C| [load_self]: Unknown segment type 0x6FFFFF01
[12:19:26.976] |I| [load_self]: Loaded module segment 0 @ [0x0005E000 - 0x00077000 / 0x81000000] (size: 0x00019000) of module ux0:app\PCSG00766\sce_module\libface.suprx
[12:19:26.976] |I| [load_self]: Loaded module segment 1 @ [0x00077000 - 0x000770F8 / 0x81019000] (size: 0x000000F8) of module ux0:app\PCSG00766\sce_module\libface.suprx
[12:19:26.976] |I| [load_self]: Loading symbols for SELF: ux0:app\PCSG00766\sce_module\libface.suprx
[12:19:26.976] |D| [load_var_exports]: 	NID 0x6C2224BA (NID_MODULE_INFO) at 0x73DA4
[12:19:26.976] |D| [load_var_exports]: 	NID 0x936C8A78 (SYSLYB) at 0x76784
[12:19:26.976] |I| [pre_load_module]: Pre-load module SceFace (at "app\PCSG00766\sce_module\libface.suprx") loaded
[12:19:26.989] |C| [load_self]: Unknown segment type 0x6FFFFF01
[12:19:26.991] |I| [load_self]: Loaded module segment 0 @ [0x00078000 - 0x000A4CBF / 0x81000000] (size: 0x0002CCBF) of module ux0:app\PCSG00766\sce_module\libfios2.suprx
[12:19:26.991] |I| [load_self]: Loaded module segment 1 @ [0x000A5000 - 0x000AA255 / 0x8102D000] (size: 0x00005255) of module ux0:app\PCSG00766\sce_module\libfios2.suprx
[12:19:26.991] |I| [load_self]: Loading symbols for SELF: ux0:app\PCSG00766\sce_module\libfios2.suprx
[12:19:26.991] |D| [load_var_exports]: 	NID 0x936C8A78 (SYSLYB) at 0xA4BC8
[12:19:26.991] |D| [load_var_exports]: 	NID 0x6C2224BA (NID_MODULE_INFO) at 0x9BF08
[12:19:26.991] |I| [pre_load_module]: Pre-load module SceLibFios2 (at "app\PCSG00766\sce_module\libfios2.suprx") loaded
[12:19:27.045] |C| [load_self]: Unknown segment type 0x6FFFFF01
[12:19:27.045] |I| [load_self]: Loaded module segment 0 @ [0x000AB000 - 0x002B8AF4 / 0x81000000] (size: 0x0020DAF4) of module ux0:app\PCSG00766\sce_module\libsmart.suprx
[12:19:27.046] |I| [load_self]: Loaded module segment 1 @ [0x002B9000 - 0x002BC444 / 0x8120E000] (size: 0x00003444) of module ux0:app\PCSG00766\sce_module\libsmart.suprx
[12:19:27.046] |I| [load_self]: Loading symbols for SELF: ux0:app\PCSG00766\sce_module\libsmart.suprx
[12:19:27.046] |D| [load_var_exports]: 	NID 0x6C2224BA (NID_MODULE_INFO) at 0x156528
[12:19:27.046] |D| [load_var_exports]: 	NID 0x936C8A78 (SYSLYB) at 0x15D90C
[12:19:27.046] |I| [pre_load_module]: Pre-load module SceSmart (at "app\PCSG00766\sce_module\libsmart.suprx") loaded
[12:19:27.050] |C| [load_self]: Unknown segment type 0x6FFFFF01
[12:19:27.051] |I| [load_self]: Loaded module segment 0 @ [0x002BD000 - 0x002D09BC / 0x81000000] (size: 0x000139BC) of module ux0:app\PCSG00766\sce_module\libult.suprx
[12:19:27.051] |I| [load_self]: Loaded module segment 1 @ [0x002D1000 - 0x002D1814 / 0x81014000] (size: 0x00000814) of module ux0:app\PCSG00766\sce_module\libult.suprx
[12:19:27.051] |I| [load_self]: Loading symbols for SELF: ux0:app\PCSG00766\sce_module\libult.suprx
[12:19:27.051] |D| [load_var_exports]: 	NID 0x936C8A78 (SYSLYB) at 0x2CF2E8
[12:19:27.051] |D| [load_var_exports]: 	NID 0x6C2224BA (NID_MODULE_INFO) at 0x2CC870
[12:19:27.051] |I| [pre_load_module]: Pre-load module SceUlt (at "app\PCSG00766\sce_module\libult.suprx") loaded
[12:19:27.059] |I| [load_self]: Loaded module segment 0 @ [0x002D2000 - 0x00322F04 / 0x81000000] (size: 0x00050F04) of module vs0:sys/external/libSceFt2.suprx
[12:19:27.059] |I| [load_self]: Loaded module segment 1 @ [0x00323000 - 0x003232F4 / 0x81051000] (size: 0x000002F4) of module vs0:sys/external/libSceFt2.suprx
[12:19:27.059] |I| [load_self]: Loading symbols for SELF: vs0:sys/external/libSceFt2.suprx
[12:19:27.060] |D| [load_var_exports]: 	NID 0x936C8A78 (SYSLYB) at 0x30E7DC
[12:19:27.060] |D| [load_var_exports]: 	NID 0x6C2224BA (NID_MODULE_INFO) at 0x30DF10
[12:19:27.060] |I| [pre_load_module]: Pre-load module SceLibft2 (at "sys/external/libSceFt2.suprx") loaded
[12:19:27.062] |I| [load_self]: Loaded module segment 0 @ [0x00324000 - 0x00333F14 / 0x81000000] (size: 0x0000FF14) of module vs0:sys/external/libpvf.suprx
[12:19:27.062] |I| [load_self]: Loaded module segment 1 @ [0x00334000 - 0x00334008 / 0x81010000] (size: 0x00000008) of module vs0:sys/external/libpvf.suprx
[12:19:27.063] |I| [load_self]: Loading symbols for SELF: vs0:sys/external/libpvf.suprx
[12:19:27.063] |D| [load_var_exports]: 	NID 0x936C8A78 (SYSLYB) at 0x332710
[12:19:27.063] |D| [load_var_exports]: 	NID 0x6C2224BA (NID_MODULE_INFO) at 0x332300
[12:19:27.063] |I| [pre_load_module]: Pre-load module SceLibPvf (at "sys/external/libpvf.suprx") loaded
[12:19:27.155] |C| [load_self]: Unknown segment type 0x6FFFFF01
[12:19:27.155] |I| [load_self]: Loaded module segment 0 @ [0x00335000 - 0x00554E08 / 0x81000000] (size: 0x0021FE08) of module app0:eboot.bin
[12:19:27.155] |I| [load_self]: Loaded module segment 1 @ [0x00555000 - 0x012E9090 / 0x81220000] (size: 0x00D94090) of module app0:eboot.bin
[12:19:27.155] |I| [load_self]: Loading symbols for SELF: app0:eboot.bin
[12:19:27.155] |D| [load_var_exports]: 	NID 0x6C2224BA (NID_MODULE_INFO) at 0x4F5FD8
[12:19:27.156] |D| [load_var_exports]: 	NID 0x70FBA1E7 (SCE_PROC_PARAMS) at 0x6D3C0C
[12:19:27.156] |D| [load_var_exports]: 	NID 0x936C8A78 (SYSLYB) at 0x51F3E0
[12:19:27.156] |I| [load_app_impl]: Main executable eboot (eboot.bin) loaded
[12:19:27.166] |D| [run_app]: Running module_start of library: SceLibc at address 0x7871
[12:19:27.195] |I| [run_app]: Module SceLibc (at "ux0:app\PCSG00766\sce_module\libc.suprx") module_start returned 0x0
[12:19:27.199] |D| [run_app]: Running module_start of library: SceFace at address 0x73265
[12:19:27.208] |I| [run_app]: Module SceFace (at "ux0:app\PCSG00766\sce_module\libface.suprx") module_start returned 0x0
[12:19:27.212] |D| [run_app]: Running module_start of library: SceLibFios2 at address 0x78001
[12:19:27.220] |W| [stubbed_impl]: Stubbed sceKernelGetProcessId import called. (pid: 0)
[12:19:27.220] |D| [export_sceFiosOverlayGetList02]: maxIDs: 127
[12:19:27.220] |W| [unimplemented_impl]: Unimplemented sceFiosOverlayGetList02 import called.
[12:19:27.220] |I| [run_app]: Module SceLibFios2 (at "ux0:app\PCSG00766\sce_module\libfios2.suprx") module_start returned 0x0
[12:19:27.225] |D| [run_app]: Running module_start of library: SceSmart at address 0xAB18D
[12:19:27.235] |I| [run_app]: Module SceSmart (at "ux0:app\PCSG00766\sce_module\libsmart.suprx") module_start returned 0x0
[12:19:27.239] |D| [run_app]: Running module_start of library: SceUlt at address 0x2C0771
[12:19:27.246] |W| [unimplemented_impl]: Unimplemented _sceUlobjMgrRegisterLibultProtocolRevision import called.
[12:19:27.246] |I| [run_app]: Module SceUlt (at "ux0:app\PCSG00766\sce_module\libult.suprx") module_start returned 0x0
[12:19:27.260] |W| [unimplemented_impl]: Unimplemented sceAppUtilInit import called.
[12:19:27.348] |W| [stubbed_impl]: Stubbed sceKernelGetThreadInfo import called. (STUB)
[12:19:27.367] |E| [call_import]: Import function for NID 0xD7F0F610 not found (thread name: PCSG00766, thread ID: 10)
[12:19:27.369] |W| [stubbed_impl]: Stubbed _sceKernelWaitSignal import called. (sceKernelWaitSignal)
[12:19:27.382] |D| [export_sceTouchEnableTouchForce]: port: 0, state: 1
[12:19:27.383] |D| [export_sceTouchEnableTouchForce]: port: 1, state: 1
[12:19:27.383] |W| [unimplemented_impl]: Unimplemented sceSystemGestureInitializePrimitiveTouchRecognizer import called.
[12:19:27.384] |W| [unimplemented_impl]: Unimplemented sceSystemGestureCreateTouchRecognizer import called.
[12:19:27.385] |W| [unimplemented_impl]: Unimplemented sceMotionStartSampling import called.
[12:19:27.385] |W| [unimplemented_impl]: Unimplemented sceMotionReset import called.
[12:19:27.385] |W| [unimplemented_impl]: Unimplemented sceMotionMagnetometerOn import called.
[12:19:27.404] |W| [stubbed_impl]: Stubbed sceGxmMapMemory import called. (always return success)
[12:19:27.406] |W| [stubbed_impl]: Stubbed sceGxmMapFragmentUsseMemory import called. (always return success)
[12:19:27.437] |W| [stubbed_impl]: Stubbed sceGxmGetRenderTargetMemSize import called. (2MB host mem)
[12:19:27.473] |W| [unimplemented_impl]: Unimplemented sceGxmDepthStencilSurfaceSetForceStoreMode import called.
[12:19:27.475] |W| [stubbed_impl]: Stubbed sceGxmMapVertexUsseMemory import called. (always return success)
[12:19:27.496] |W| [unimplemented_impl]: Unimplemented sceGxmSetWClampEnable import called.
[12:19:27.496] |W| [unimplemented_impl]: Unimplemented sceGxmSetWClampValue import called.
[12:19:27.497] |W| [unimplemented_impl]: Unimplemented sceGxmSetWBufferEnable import called.
[12:19:27.497] |W| [unimplemented_impl]: Unimplemented sceScreenShotSetParam import called.
[12:19:27.497] |W| [unimplemented_impl]: Unimplemented sceScreenShotSetOverlayImage import called.
[12:19:27.498] |W| [unimplemented_impl]: Unimplemented sceScreenShotEnable import called.
[12:19:27.502] |W| [ngs::create_voice_definition]: Missing voice definition for Buss Type 7, using passthrough.
[12:19:27.503] |W| [unimplemented_impl]: Unimplemented sceNgsSystemRelease import called.
[12:19:27.524] |W| [stubbed_impl]: Stubbed sceKernelWaitEventFlagCB import called. (no CB)
[12:19:27.546] |W| [stubbed_impl]: Stubbed sceKernelLockLwMutexCB import called. (no CB)
[12:19:27.557] |W| [stubbed_impl]: Stubbed sceKernelDelayThreadCB import called. (no CB)
[12:19:27.560] |D| [export_sceNgsVoicePlay]: sceNgsVoicePlay: 1
[12:19:27.561] |D| [export_sceNgsVoicePlay]: sceNgsVoicePlay: 1
[12:19:27.561] |D| [export_sceNgsVoicePlay]: sceNgsVoicePlay: 1
[12:19:27.561] |D| [export_sceNgsVoicePlay]: sceNgsVoicePlay: 1
[12:19:27.561] |D| [export_sceNgsVoicePlay]: sceNgsVoicePlay: 1
[12:19:27.561] |D| [export_sceNgsVoicePlay]: sceNgsVoicePlay: 1
[12:19:27.563] |D| [export_sceNgsVoicePlay]: sceNgsVoicePlay: 1
[12:19:27.563] |D| [export_sceNgsVoicePlay]: sceNgsVoicePlay: 1
[12:19:27.563] |D| [export_sceNgsVoicePlay]: sceNgsVoicePlay: 1
[12:19:27.575] |W| [unimplemented_impl]: Unimplemented sceAudioOutGetAdopt import called.
[12:19:27.601] |W| [unimplemented_impl]: Unimplemented sceNgsVoiceBypassModule import called.
[12:19:27.655] |W| [unimplemented_impl]: Unimplemented sceKernelChangeThreadVfpException import called.
[12:19:27.655] |W| [unimplemented_impl]: Unimplemented sceFiosOverlayThreadSetDisabled02 import called.
[12:19:27.685] |E| [logging::ret_error_impl]: sceAppUtilDrmClose returned SCE_APPUTIL_ERROR_NOT_MOUNTED (0x80100604)
[12:19:27.869] |I| [float_to_half_init]: AVX+F16C instruction set supported. Use fast f32 to f16 conversion
[12:19:27.878] |I| [export_sceIoOpen]: Opening file: app0:/data/SYSTEM.cpk
[12:19:27.885] |W| [unimplemented_impl]: Unimplemented sceCommonDialogUpdate import called.
[12:19:27.888] |W| [unimplemented_impl]: Unimplemented sceSystemGestureUpdatePrimitiveTouchRecognizer import called.
[12:19:27.888] |W| [unimplemented_impl]: Unimplemented sceSystemGestureUpdateTouchRecognizer import called.
[12:19:27.889] |W| [unimplemented_impl]: Unimplemented sceSystemGestureGetTouchEventsCount import called.
[12:19:27.889] |W| [unimplemented_impl]: Unimplemented sceMotionGetState import called.
[12:19:27.898] |I| [renderer::gl::load_shader_generic]: Generating frag shader 79b2a7cc096b4ea22e4a15e7b340ed3cc67c4b85bb419310c10362864b33afb8
[12:19:27.899] |D| [shader::create_parameters]: [DEFAULT  + 0] sa0 = (half4) Color
[12:19:27.915] |I| [renderer::gl::load_shader_generic]: Generating vert shader 637ae1faf9493b2193b5c849dee2eec4ccb1b44ff77003feb1192affa43870d3
[12:19:27.916] |D| [shader::create_parameters]: [BUFFER0  + 0] pa0 = (float4) invtx_Position
[12:19:27.916] |D| [shader::create_parameters]: [DEFAULT  + 0] sa0 = (float1) Depth
[12:19:27.936] |I| [export_sceIoOpen]: Opening file: app0:/data/SYSTEM.cpk
[12:19:27.955] |I| [export_sceIoOpen]: Opening file: app0:/data/GAME.cpk
[12:19:27.998] |I| [export_sceIoOpen]: Opening file: app0:/data/GAME.cpk
[12:19:28.011] |D| [renderer::gl::texture::translate_swizzle]: base format: 201326592, swizzle: 0
[12:19:28.012] |I| [renderer::gl::load_shader_generic]: Generating frag shader d5f262290da503c442695eed6885c2463fa719403d3e281ee8677d703bfbfd2d
[12:19:28.015] |I| [renderer::gl::load_shader_generic]: Generating vert shader 543accca675cef4fda55b4b85de6f733d0c30e1beb65e36ac66489fe36b23569
[12:19:28.016] |D| [shader::create_parameters]: [BUFFER0  + 0] pa0 = (float4) invtx_Position
[12:19:28.016] |D| [shader::create_parameters]: [BUFFER0  + 4] pa4 = (float4) invtx_TexCoord
[12:19:28.021] |I| [export_sceIoOpen]: Opening file: app0:/data/MOVIE.cpk
[12:19:28.028] |W| [stubbed_impl]: Stubbed sceDisplayWaitSetFrameBuf import called. (move after setframebuf)
[12:19:28.050] |I| [export_sceIoOpen]: Opening file: app0:/data/MOVIE.cpk
[12:19:28.071] |I| [export_sceIoOpen]: Opening file: app0:/data/SOUND.cpk
[12:19:28.099] |I| [export_sceIoOpen]: Opening file: app0:/data/SOUND.cpk
[12:19:30.425] |W| [unimplemented_impl]: Unimplemented sceRtcGetAccumulativeTime import called.
[12:19:30.581] |I| [renderer::gl::load_shader_generic]: Generating frag shader 45da7d5aeadbcdf9f63901839c8ba9100b326f360f9372453db90fdcc213cc93
[12:19:30.583] |D| [shader::create_fragment_inputs]: Iterator: pa0 = (half4) v_Color0
[12:19:30.585] |I| [renderer::gl::load_shader_generic]: Generating vert shader 079f2ee7c18d368e2d62acf5079c05eb2e2bba5332f1b8c55dd84219b482c93e
[12:19:30.586] |D| [shader::create_parameters]: [BUFFER0  + 0] pa0 = (float4) invtx_Position
[12:19:30.586] |D| [shader::create_parameters]: [BUFFER0  + 4] pa4 = (float4) invtx_Color
[12:19:30.586] |D| [shader::create_parameters]: [DEFAULT  + 0] sa0 = (float4) Model[4]
[12:19:30.597] |E| [renderer::gl::compile_program]: Vertex info
-----------
0(23) : warning C7050: "internals[0].w" might be used before being initialized

Fragment info
-------------
0(16) : warning C7050: "pa[0].zw" might be used before being initialized


[12:19:37.615] |D| [renderer::gl::texture::translate_swizzle]: base format: 201326592, swizzle: 0
[12:19:37.616] |I| [renderer::gl::load_shader_generic]: Generating frag shader 23adf2fb060561e4fc2931e635ede1836982b5ccda1a3fc6cf1d71fca7e78ed9
[12:19:37.617] |D| [shader::create_fragment_inputs]: Iterator: pa0 = (half4) v_Color0
[12:19:37.617] |D| [shader::usse::USSETranslatorVisitor::vtst]: load_data_type: 5, bits max: 8
[12:19:37.620] |I| [renderer::gl::load_shader_generic]: Generating vert shader 7c646ac0e17b654fc4c3a78b9f7c59b1026225b3d0d0796f5140be6f827ec689
[12:19:37.621] |D| [shader::create_parameters]: [BUFFER0  + 0] pa0 = (float4) invtx_Position
[12:19:37.621] |D| [shader::create_parameters]: [BUFFER0  + 4] pa4 = (float4) invtx_TexCoord
[12:19:37.621] |D| [shader::create_parameters]: [BUFFER0  + 8] pa8 = (float4) invtx_Color
[12:19:37.621] |D| [shader::create_parameters]: [DEFAULT  + 0] sa0 = (float4) Model[4]
[12:19:37.634] |E| [renderer::gl::compile_program]: Vertex info
-----------
0(25) : warning C7050: "internals[0].w" might be used before being initialized

Fragment info
-------------
0(19) : warning C7050: "sa[0].w" might be used before being initialized
0(18) : warning C7050: "pa[0].zw" might be used before being initialized


[12:19:37.635] |D| [renderer::gl::texture::translate_swizzle]: base format: 201326592, swizzle: 0
[12:19:49.182] |D| [renderer::gl::texture::translate_swizzle]: base format: 201326592, swizzle: 4096
[12:19:49.492] |I| [export_sceIoOpen]: Opening file: savedata0:SYSTEM_0000.sav
[12:19:56.266] |D| [renderer::gl::texture::translate_swizzle]: base format: 201326592, swizzle: 4096
[12:19:58.116] |D| [renderer::gl::texture::translate_swizzle]: base format: 201326592, swizzle: 0
[12:20:02.431] |D| [export_sceNgsVoiceResume]: Resume: 1
[12:20:02.465] |D| [export_sceNgsVoicePlay]: sceNgsVoicePlay: 1
[12:20:02.816] |D| [renderer::gl::texture::translate_swizzle]: base format: -1879048192, swizzle: 12288
[12:20:02.949] |D| [renderer::gl::texture::translate_swizzle]: base format: -1879048192, swizzle: 12288
[12:20:03.016] |D| [renderer::gl::texture::translate_swizzle]: base format: -1879048192, swizzle: 12288
[12:20:03.082] |D| [renderer::gl::texture::translate_swizzle]: base format: -1879048192, swizzle: 12288
[12:20:03.149] |D| [renderer::gl::texture::translate_swizzle]: base format: -1879048192, swizzle: 12288
[12:20:15.098] |D| [export_sceNgsVoiceKeyOff]: sceNgsVoiceKeyOff
[12:20:15.350] |W| [renderer::gl::sync_texture]: Texture has freed data.
[12:20:15.965] |D| [export_sceNgsVoiceResume]: Resume: 1
[12:20:15.998] |D| [export_sceNgsVoicePlay]: sceNgsVoicePlay: 1
[12:20:16.350] |D| [renderer::gl::texture::translate_swizzle]: base format: -1879048192, swizzle: 12288
[12:20:16.416] |D| [renderer::gl::texture::translate_swizzle]: base format: -1879048192, swizzle: 12288
[12:20:16.483] |D| [renderer::gl::texture::translate_swizzle]: base format: -1879048192, swizzle: 12288
[12:20:16.550] |D| [renderer::gl::texture::translate_swizzle]: base format: -1879048192, swizzle: 12288
[12:20:16.616] |D| [renderer::gl::texture::translate_swizzle]: base format: -1879048192, swizzle: 12288
[12:20:17.365] |D| [export_sceNgsVoiceKeyOff]: sceNgsVoiceKeyOff
[12:20:17.616] |W| [renderer::gl::sync_texture]: Texture has freed data.
[12:20:27.612] |D| [export_sceNgsVoiceResume]: Resume: 1
[12:20:27.643] |D| [export_sceNgsVoicePlay]: sceNgsVoicePlay: 1
[12:20:27.676] |D| [export_sceNgsVoiceResume]: Resume: 1
[12:20:27.701] |D| [renderer::gl::texture::translate_swizzle]: base format: 201326592, swizzle: 0
[12:20:27.703] |D| [renderer::gl::texture::translate_swizzle]: base format: -2030043136, swizzle: 0
[12:20:27.710] |D| [export_sceNgsVoicePlay]: sceNgsVoicePlay: 1
[12:20:27.901] |D| [renderer::gl::texture::translate_swizzle]: base format: -2030043136, swizzle: 0
[12:20:27.925] |D| [renderer::gl::texture::translate_swizzle]: base format: -2030043136, swizzle: 0
[12:20:28.401] |D| [renderer::gl::texture::translate_swizzle]: base format: -2030043136, swizzle: 0
[12:20:29.601] |D| [renderer::gl::texture::translate_swizzle]: base format: -2030043136, swizzle: 0
[12:20:31.043] |D| [export_sceNgsVoiceResume]: Resume: 1
[12:20:31.076] |D| [export_sceNgsVoicePlay]: sceNgsVoicePlay: 1
[12:20:33.242] |D| [export_sceNgsVoiceResume]: Resume: 1
[12:20:33.276] |D| [export_sceNgsVoicePlay]: sceNgsVoicePlay: 1
[12:20:34.801] |D| [renderer::gl::texture::translate_swizzle]: base format: -2030043136, swizzle: 0
[12:20:34.868] |D| [renderer::gl::texture::translate_swizzle]: base format: -2030043136, swizzle: 0
[12:20:34.892] |D| [renderer::gl::texture::translate_swizzle]: base format: -2030043136, swizzle: 0
[12:20:34.918] |D| [renderer::gl::texture::translate_swizzle]: base format: -2030043136, swizzle: 0
[12:20:46.842] |D| [export_sceNgsVoiceResume]: Resume: 1
[12:20:46.843] |D| [export_sceNgsVoiceResume]: Resume: 1
[12:20:46.877] |D| [export_sceNgsVoicePlay]: sceNgsVoicePlay: 1
[12:20:46.877] |D| [export_sceNgsVoicePlay]: sceNgsVoicePlay: 1
[12:20:58.859] |D| [export_sceNgsVoiceResume]: Resume: 1
[12:20:58.893] |D| [export_sceNgsVoicePlay]: sceNgsVoicePlay: 1
[12:20:58.952] |D| [renderer::gl::texture::translate_swizzle]: base format: 201326592, swizzle: 0
[12:20:58.953] |D| [renderer::gl::texture::translate_swizzle]: base format: -2030043136, swizzle: 0
[12:20:59.019] |D| [renderer::gl::texture::translate_swizzle]: base format: 201326592, swizzle: 0
[12:20:59.393] |D| [export_sceNgsVoiceKeyOff]: sceNgsVoiceKeyOff
[12:21:02.059] |D| [export_sceNgsVoiceResume]: Resume: 1
[12:21:02.092] |D| [export_sceNgsVoicePlay]: sceNgsVoicePlay: 1
[12:21:03.392] |D| [export_sceNgsVoiceResume]: Resume: 1
[12:21:03.426] |D| [export_sceNgsVoicePlay]: sceNgsVoicePlay: 1
[12:21:04.326] |D| [export_sceNgsVoiceResume]: Resume: 1
[12:21:04.327] |D| [export_sceNgsVoiceResume]: Resume: 1
[12:21:04.360] |D| [export_sceNgsVoicePlay]: sceNgsVoicePlay: 1
[12:21:04.360] |D| [export_sceNgsVoicePlay]: sceNgsVoicePlay: 1
[12:21:04.620] |D| [renderer::gl::texture::translate_swizzle]: base format: -2030043136, swizzle: 0
[12:21:07.526] |D| [export_sceNgsVoiceResume]: Resume: 1
[12:21:07.559] |D| [export_sceNgsVoicePlay]: sceNgsVoicePlay: 1
[12:21:08.259] |D| [export_sceNgsVoiceResume]: Resume: 1
[12:21:08.260] |D| [export_sceNgsVoiceResume]: Resume: 1
[12:21:08.293] |D| [export_sceNgsVoicePlay]: sceNgsVoicePlay: 1
[12:21:08.293] |D| [export_sceNgsVoicePlay]: sceNgsVoicePlay: 1
[12:21:08.860] |D| [export_sceNgsVoiceKeyOff]: sceNgsVoiceKeyOff
[12:21:11.536] |D| [renderer::gl::texture::translate_swizzle]: base format: 201326592, swizzle: 0
[12:21:32.720] |D| [renderer::gl::texture::translate_swizzle]: base format: 201326592, swizzle: 0
[12:21:34.826] |D| [export_sceNgsVoiceResume]: Resume: 1
[12:21:34.859] |D| [export_sceNgsVoicePlay]: sceNgsVoicePlay: 1
[12:21:39.504] |D| [renderer::gl::texture::translate_swizzle]: base format: -2030043136, swizzle: 0
[12:21:39.771] |D| [renderer::gl::texture::translate_swizzle]: base format: -2030043136, swizzle: 0
[12:21:39.837] |D| [renderer::gl::texture::translate_swizzle]: base format: 201326592, swizzle: 4096
[12:21:42.504] |D| [renderer::gl::texture::translate_swizzle]: base format: -2030043136, swizzle: 0
[12:21:45.171] |D| [renderer::gl::texture::translate_swizzle]: base format: -2030043136, swizzle: 0
[12:21:45.238] |D| [renderer::gl::texture::translate_swizzle]: base format: 201326592, swizzle: 4096
[12:21:47.371] |D| [renderer::gl::texture::translate_swizzle]: base format: -2030043136, swizzle: 0
[12:21:50.638] |D| [renderer::gl::texture::translate_swizzle]: base format: -2030043136, swizzle: 0
[12:21:51.134] |E| [discordrpc::update_presence::<lambda_50ee3771c9ac2f7a4b17591668a7e6b3>::operator ()]: Error updating discord rich presence, err_code: 43
[12:21:51.135] |E| [discordrpc::update_presence::<lambda_50ee3771c9ac2f7a4b17591668a7e6b3>::operator ()]: Error updating discord rich presence, err_code: 43
