[02:56:33.038] |I| [load_app_impl]: ngs experimental state: true
[02:56:33.038] |I| [load_app_impl]: video player state: true
[02:56:33.039] |I| [load_app_impl]: lle-modules: libpgf,libSceJson,libsystemgesture,libsas,libSceXml,libatrac,libsulpha
[02:56:33.039] |I| [load_app_impl]: Title: Double Focus -Aya and Momiji Bullet Coverage Travelogue- PlayStation®Vita Edition
[02:56:33.039] |I| [load_app_impl]: Serial: PCSG00813
[02:56:33.039] |I| [load_app_impl]: Version: 1.01
[02:56:33.039] |I| [load_app_impl]: Category: gp
[02:56:33.126] |C| [load_self]: Unknown segment type 0x6FFFFF01
[02:56:33.126] |I| [load_self]: Loaded module segment 0 @ [0x00004000 - 0x000558A4 / 0x81000000] (size: 0x000518A4) of module app0:sce_module/libc.suprx
[02:56:33.126] |I| [load_self]: Loaded module segment 1 @ [0x00056000 - 0x000588A0 / 0x81052000] (size: 0x000028A0) of module app0:sce_module/libc.suprx
[02:56:33.126] |I| [load_self]: Loading symbols for SELF: app0:sce_module/libc.suprx
[02:56:33.127] |D| [load_var_exports]: 	NID 0x936C8A78 (SYSLYB) at 0x4B314
[02:56:33.127] |D| [load_var_exports]: 	NID 0x6C2224BA (NID_MODULE_INFO) at 0x404DC
[02:56:33.127] |W| [load_var_imports]: 	NID NOT FOUND 0x93B8AA67 (UNRECOGNISED) at 0x4463C, setting to stub value 0xDEADBEEF
[02:56:33.127] |W| [load_var_imports]: 	NID NOT FOUND 0xDF084DFA (UNRECOGNISED) at 0x461D0, setting to stub value 0xDEADBEEF
[02:56:33.127] |I| [pre_load_module]: Pre-load module SceLibc (at "sce_module/libc.suprx") loaded
[02:56:33.149] |C| [load_self]: Unknown segment type 0x6FFFFF01
[02:56:33.150] |I| [load_self]: Loaded module segment 0 @ [0x0005B000 - 0x00087CBF / 0x81000000] (size: 0x0002CCBF) of module app0:sce_module/libfios2.suprx
[02:56:33.150] |I| [load_self]: Loaded module segment 1 @ [0x00088000 - 0x0008D255 / 0x8102D000] (size: 0x00005255) of module app0:sce_module/libfios2.suprx
[02:56:33.151] |I| [load_self]: Loading symbols for SELF: app0:sce_module/libfios2.suprx
[02:56:33.151] |D| [load_var_exports]: 	NID 0x936C8A78 (SYSLYB) at 0x87BC8
[02:56:33.152] |D| [load_var_exports]: 	NID 0x6C2224BA (NID_MODULE_INFO) at 0x7EF08
[02:56:33.152] |I| [pre_load_module]: Pre-load module SceLibFios2 (at "sce_module/libfios2.suprx") loaded
[02:56:33.176] |C| [load_self]: Unknown segment type 0x6FFFFF01
[02:56:33.176] |I| [load_self]: Loaded module segment 0 @ [0x0008E000 - 0x000A19BC / 0x81000000] (size: 0x000139BC) of module app0:sce_module/libult.suprx
[02:56:33.177] |I| [load_self]: Loaded module segment 1 @ [0x000A2000 - 0x000A2814 / 0x81014000] (size: 0x00000814) of module app0:sce_module/libult.suprx
[02:56:33.178] |I| [load_self]: Loading symbols for SELF: app0:sce_module/libult.suprx
[02:56:33.178] |D| [load_var_exports]: 	NID 0x936C8A78 (SYSLYB) at 0xA02E8
[02:56:33.178] |D| [load_var_exports]: 	NID 0x6C2224BA (NID_MODULE_INFO) at 0x9D870
[02:56:33.179] |I| [pre_load_module]: Pre-load module SceUlt (at "sce_module/libult.suprx") loaded
[02:56:33.218] |I| [load_self]: Loaded module segment 0 @ [0x000A3000 - 0x000F3F04 / 0x81000000] (size: 0x00050F04) of module vs0:sys/external/libSceFt2.suprx
[02:56:33.219] |I| [load_self]: Loaded module segment 1 @ [0x000F4000 - 0x000F42F4 / 0x81051000] (size: 0x000002F4) of module vs0:sys/external/libSceFt2.suprx
[02:56:33.220] |I| [load_self]: Loading symbols for SELF: vs0:sys/external/libSceFt2.suprx
[02:56:33.220] |D| [load_var_exports]: 	NID 0x936C8A78 (SYSLYB) at 0xDF7DC
[02:56:33.221] |D| [load_var_exports]: 	NID 0x6C2224BA (NID_MODULE_INFO) at 0xDEF10
[02:56:33.221] |I| [pre_load_module]: Pre-load module SceLibft2 (at "sys/external/libSceFt2.suprx") loaded
[02:56:33.259] |I| [load_self]: Loaded module segment 0 @ [0x000F5000 - 0x00104F14 / 0x81000000] (size: 0x0000FF14) of module vs0:sys/external/libpvf.suprx
[02:56:33.260] |I| [load_self]: Loaded module segment 1 @ [0x00105000 - 0x00105008 / 0x81010000] (size: 0x00000008) of module vs0:sys/external/libpvf.suprx
[02:56:33.261] |I| [load_self]: Loading symbols for SELF: vs0:sys/external/libpvf.suprx
[02:56:33.261] |D| [load_var_exports]: 	NID 