[15:30:17.047] |I| [load_app_impl]: cpu-backend: Dynarmic
[15:30:17.047] |I| [load_app_impl]: CPU Optimisation state: true
[15:30:17.048] |I| [load_app_impl]: at9 audio decoder state: true
[15:30:17.048] |I| [load_app_impl]: ngs experimental state: true
[15:30:17.049] |I| [load_app_impl]: video player state: true
[15:30:17.049] |I| [load_app_impl]: modules mode: Automatic
[15:30:17.050] |I| [load_app_impl]: Title: Killzone™ Mercenary:BetaTrial
[15:30:17.050] |I| [load_app_impl]: Serial: PCSA00120
[15:30:17.051] |I| [load_app_impl]: Version: 1.00
[15:30:17.051] |I| [load_app_impl]: Category: gd
[15:30:17.144] |C| [load_self]: Unknown segment type 0x6FFFFF01
[15:30:17.145] |I| [load_self]: Loaded module segment 0 @ [0x00007000 - 0x00054A2C / 0x81000000] (size: 0x0004DA2C) of module app0:sce_module/libc.suprx
[15:30:17.145] |I| [load_self]: Loaded module segment 1 @ [0x00055000 - 0x000576F8 / 0x8104E000] (size: 0x000026F8) of module app0:sce_module/libc.suprx
[15:30:17.146] |I| [load_self]: Loading symbols for SELF: app0:sce_module/libc.suprx
[15:30:17.147] |D| [load_var_exports]: 	NID 0x6C2224BA (NID_MODULE_INFO) at 0x40798
[15:30:17.147] |D| [load_var_exports]: 	NID 0x936C8A78 (SYSLYB) at 0x4A7D4
[15:30:17.148] |W| [load_var_imports]: 	NID NOT FOUND 0x93B8AA67 (UNRECOGNISED) at 0x44758, setting to stub value 0xDEADBEEF
[15:30:17.149] |W| [load_var_imports]: 	NID NOT FOUND 0xDF084DFA (UNRECOGNISED) at 0x4621C, setting to stub value 0xDEADBEEF
[15:30:17.150] |I| [pre_load_module]: Pre-load module SceLibc (at "sce_module/libc.suprx") loaded
[15:30:17.157] |C| [load_self]: Unknown segment type 0x6FFFFF01
[15:30:17.158] |I| [load_self]: Loaded module segment 0 @ [0x0005A000 - 0x00082928 / 0x81000000] (size: 0x00028928) of module app0:sce_module/libfios2.suprx
[15:30:17.159] |I| [load_self]: Loaded module segment 1 @ [0x00083000 - 0x000881FD / 0x81029000] (size: 0x000051FD) of module app0:sce_module/libfios2.suprx
[15:30:17.160] |I| [load_self]: Loading symbols for SELF: app0:sce_module/libfios2.suprx
[15:30:17.160] |D| [load_var_exports]: 	NID 0x6C2224BA (NID_MODULE_INFO) at 0x7A6A8
[15:30:17.161] |D| [load_var_exports]: 	NID 0x936C8A78 (SYSLYB) at 0x82810
[15:30:17.161] |I| [pre_load_module]: Pre-load module SceLibFios2 (at "sce_module/libfios2.suprx") loaded
[15:30:17.181] |C| [load_self]: Unknown segment type 0x6FFFFF01
[15:30:17.181] |I| [load_self]: Loaded module segment 0 @ [0x00089000 - 0x0009D744 / 0x81000000] (size: 0x00014744) of module app0:sce_module/libult.suprx
[15:30:17.182] |I| [load_self]: Loaded module segment 1 @ [0x0009E000 - 0x0009E814 / 0x81015000] (size: 0x00000814) of module app0:sce_module/libult.suprx
[15:30:17.183] |I| [load_self]: Loading symbols for SELF: app0:sce_module/libult.suprx
[15:30:17.184] |D| [load_var_exports]: 	NID 0x6C2224BA (NID_MODULE_INFO) at 0x99658
[15:30:17.184] |D| [load_var_exports]: 	NID 0x936C8A78 (SYSLYB) at 0x9C0A0
[15:30:17.184] |I| [pre_load_module]: Pre-load module SceUlt (at "sce_module/libult.suprx") loaded
[15:30:17.192] |I| [load_self]: Loaded module segment 0 @ [0x0009F000 - 0x000EFF04 / 0x81000000] (size: 0x00050F04) of module vs0:sys/external/libSceFt2.suprx
[15:30:17.193] |I| [load_self]: Loaded module segment 1 @ [0x000F0000 - 0x000F02F4 / 0x81051000] (size: 0x000002F4) of module vs0:sys/external/libSceFt2.suprx
[15:30:17.194] |I| [load_self]: Loading symbols for SELF: vs0:sys/external/libSceFt2.suprx
[15:30:17.194] |D| [load_var_exports]: 	NID 0x936C8A78 (SYSLYB) at 0xDB7DC
[15:30:17.195] |D| [load_var_exports]: 	NID 0x6C2224BA (NID_MODULE_INFO) at 0xDAF10
[15:30:17.195] |I| [pre_load_module]: Pre-load module SceLibft2 (at "sys/external/libSceFt2.suprx") loaded
[15:30:17.199] |I| [load_self]: Loaded module segment 0 @ [0x000F1000 - 0x00100F14 / 0x81000000] (size: 0x0000FF14) of module vs0:sys/external/libpvf.suprx
[15:30:17.199] |I| [load_self]: Loaded module segment 1 @ [0x00101000 - 0x00101008 / 0x81010000] (size: 0x00000008) of module vs0:sys/external/libpvf.suprx
[15:30:17.200] |I| [load_self]: Loading symbols for SELF: vs0:sys/external/libpvf.suprx
[15:30:17.201] |D| [load_var_exports]: 	NID 0x936C8A78 (SYSLYB) at 0xFF710
[15:30:17.203] |D| [load_var_exports]: 	NID 0x6C2224BA (NID_MODULE_INFO) at 0xFF300
[15:30:17.204] |I| [pre_load_module]: Pre-load module SceLibPvf (at "sys/external/libpvf.suprx") loaded
[15:30:17.428] |C| [load_self]: Unknown segment type 0x6FFFFF01
[15:30:17.429] |I| [load_self]: Loaded module segment 0 @ [0x81000000 - 0x81A541D8 / 0x81000000] (size: 0x00A541D8) of module app0:eboot.bin
[15:30:17.430] |I| [load_self]: Loaded module segment 1 @ [0x81A55000 - 0x81C4DDB0 / 0x81A55000] (size: 0x001F8DB0) of module app0:eboot.bin
[15:30:17.431] |I| [load_self]: Loading symbols for SELF: app0:eboot.bin
[15:30:17.431] |D| [load_var_exports]: 	NID 0x6C2224BA (NID_MODULE_INFO) at 0x818C4CA4
[15:30:17.431] |D| [load_var_exports]: 	NID 0x70FBA1E7 (SCE_PROC_PARAMS) at 0x81B2FB84
[15:30:17.432] |I| [load_app_impl]: Main executable KZV (eboot.bin) loaded
[15:30:17.442] |D| [run_app]: Running module_start of library: SceLibc at address 0x7809
[15:30:17.461] |I| [run_app]: Module SceLibc (at "app0:sce_module/libc.suprx") module_start returned 0x0
[15:30:17.465] |D| [run_app]: Running module_start of library: SceLibFios2 at address 0x5A001
[15:30:17.474] |W| [stubbed_impl]: Stubbed sceKernelGetProcessId import called. (pid: 0)
[15:30:17.474] |D| [export_sceFiosOverlayGetList02]: maxIDs: 255
[15:30:17.475] |W| [unimplemented_impl]: Unimplemented sceFiosOverlayGetList02 import called.
[15:30:17.476] |I| [run_app]: Module SceLibFios2 (at "app0:sce_module/libfios2.suprx") module_start returned 0x0
[15:30:17.480] |D| [run_app]: Running module_start of library: SceUlt at address 0x8C5ED
[15:30:17.487] |W| [unimplemented_impl]: Unimplemented _sceUlobjMgrRegisterLibultProtocolRevision import called.
[15:30:17.489] |I| [run_app]: Module SceUlt (at "app0:sce_module/libult.suprx") module_start returned 0x0
[15:30:17.496] |W| [unimplemented_impl]: Unimplemented sceKernelRegisterThreadEventHandler import called.
[15:30:17.524] |W| [stubbed_impl]: Stubbed sceKernelGetFreeMemorySize import called. (Single pool)
[15:30:18.231] |W| [stubbed_impl]: Stubbed _sceKernelGetThreadInfo import called. (STUB)
[15:30:18.232] |W| [unimplemented_impl]: Unimplemented sceAppUtilInit import called.
[15:30:18.232] |D| [export_sceSysmoduleLoadModule]: module id: 6
[15:30:18.233] |D| [export_sceSysmoduleLoadModule]: module: libfiber
[15:30:18.233] |D| [export_sceSysmoduleLoadModule]: module id: 17
[15:30:18.234] |D| [export_sceSysmoduleLoadModule]: module: libime
[15:30:18.234] |D| [export_sceSysmoduleLoadModule]: module id: 19
[15:30:18.235] |D| [export_sceSysmoduleLoadModule]: module: libsystemgesture
[15:30:18.235] |I| [load_module]: Loading module ID: 0x13
[15:30:18.237] |C| [load_self]: Unknown segment type 0x6FFFFF01
[15:30:18.237] |I| [load_self]: Loaded module segment 0 @ [0x0AB57000 - 0x0AB5A08C / 0x81000000] (size: 0x0000308C) of module sys/external/libsystemgesture.suprx
[15:30:18.238] |I| [load_self]: Loaded module segment 1 @ [0x00144000 - 0x00144BF0 / 0x81004000] (size: 0x00000BF0) of module sys/external/libsystemgesture.suprx
[15:30:18.238] |I| [load_self]: Loading symbols for SELF: sys/external/libsystemgesture.suprx
[15:30:18.239] |D| [load_var_exports]: 	NID 0x936C8A78 (SYSLYB) at 0xAB5A074
[15:30:18.240] |D| [load_var_exports]: 	NID 0x6C2224BA (NID_MODULE_INFO) at 0xAB59BD4
[15:30:18.241] |I| [load_module]: Module SceSystemGesture (at "sys/external/libsystemgesture.suprx") loaded
[15:30:18.242] |D| [load_module]: Running module_start of module: SceSystemGesture
[15:30:18.242] |I| [load_module]: Module SceSystemGesture (at "sys/external/libsystemgesture.suprx") module_start returned 0x0
[15:30:18.243] |D| [export_sceSysmoduleLoadModule]: module id: 1
[15:30:18.244] |D| [export_sceSysmoduleLoadModule]: module: libnet
[15:30:18.244] |D| [export_sceSysmoduleLoadModule]: module: libnetctl
[15:30:18.245] |D| [export_sceSysmoduleLoadModule]: module id: 21
[15:30:18.245] |D| [export_sceSysmoduleLoadModule]: module: np_common
[15:30:18.246] |D| [export_sceSysmoduleLoadModule]: module: np_manager
[15:30:18.246] |D| [export_sceSysmoduleLoadModule]: module id: 18
[15:30:18.247] |D| [export_sceSysmoduleLoadModule]: module: np_basic
[15:30:18.247] |D| [export_sceSysmoduleLoadModule]: module id: 28
[15:30:18.248] |D| [export_sceSysmoduleLoadModule]: module: np_matching2
[15:30:18.248] |D| [export_sceSysmoduleLoadModule]: module id: 2
[15:30:18.248] |D| [export_sceSysmoduleLoadModule]: module: libhttp
[15:30:18.249] |D| [export_sceSysmoduleLoadModule]: module id: 4
[15:30:18.249] |D| [export_sceSysmoduleLoadModule]: module: libhttp
[15:30:18.250] |D| [export_sceSysmoduleLoadModule]: module: libssl
[15:30:18.251] |D| [export_sceSysmoduleLoadModule]: module id: 33
[15:30:18.251] |D| [export_sceSysmoduleLoadModule]: module: librudp
[15:30:18.252] |D| [export_sceSysmoduleLoadModule]: module id: 25
[15:30:18.252] |D| [export_sceSysmoduleLoadModule]: module: np_utility
[15:30:18.253] |D| [export_sceSysmoduleLoadModule]: module id: 11
[15:30:18.253] |D| [export_sceSysmoduleLoadModule]: module: libngs
[15:30:18.254] |D| [export_sceSysmoduleLoadModule]: module id: 3
[15:30:18.258] |D| [export_sceSysmoduleLoadModule]: module: libssl
[15:30:18.259] |D| [export_sceSysmoduleLoadModule]: module id: 24
[15:30:18.260] |D| [export_sceSysmoduleLoadModule]: module: np_commerce2
[15:30:18.260] |D| [export_sceSysmoduleLoadModule]: module id: 26
[15:30:18.261] |D| [export_sceSysmoduleLoadModule]: module: libvoice
[15:30:18.261] |D| [export_sceSysmoduleLoadModule]: module id: 27
[15:30:18.262] |D| [export_sceSysmoduleLoadModule]: module: libvoiceqos
[15:30:18.262] |D| [export_sceSysmoduleLoadModule]: module id: 35
[15:30:18.263] |D| [export_sceSysmoduleLoadModule]: module: livearea_util
[15:30:18.263] |D| [export_sceSysmoduleLoadModule]: module id: 36
[15:30:18.264] |D| [export_sceSysmoduleLoadModule]: module: np_activity_sdk
[15:30:18.264] |D| [export_sceSysmoduleLoadModule]: module id: 37
[15:30:18.265] |D| [export_sceSysmoduleLoadModule]: module: np_trophy
[15:30:18.265] |D| [export_sceSysmoduleLoadModule]: module id: 41
[15:30:18.266] |D| [export_sceSysmoduleLoadModule]: module: np_party
[15:30:18.266] |D| [export_sceSysmoduleLoadModule]: module id: 43
[15:30:18.267] |D| [export_sceSysmoduleLoadModule]: module: libScenNearUtil
[15:30:18.267] |D| [export_sceSysmoduleLoadModule]: module id: 48
[15:30:18.268] |D| [export_sceSysmoduleLoadModule]: module: libatrac
[15:30:18.268] |I| [load_module]: Loading module ID: 0x30
[15:30:18.318] |C| [load_self]: Unknown segment type 0x6FFFFF01
[15:30:18.318] |I| [load_self]: Loaded module segment 0 @ [0x0AB5B000 - 0x0AB5E55C / 0x81000000] (size: 0x0000355C) of module sys/external/libatrac.suprx
[15:30:18.319] |I| [load_self]: Loaded module segment 1 @ [0x00145000 - 0x00146038 / 0x81004000] (size: 0x00001038) of module sys/external/libatrac.suprx
[15:30:18.320] |I| [load_self]: Loading symbols for SELF: sys/external/libatrac.suprx
[15:30:18.321] |D| [load_var_exports]: 	NID 0x936C8A78 (SYSLYB) at 0xAB5E558
[15:30:18.321] |D| [load_var_exports]: 	NID 0x6C2224BA (NID_MODULE_INFO) at 0xAB5DDB4
[15:30:18.322] |I| [load_module]: Module SceAtrac (at "sys/external/libatrac.suprx") loaded
[15:30:18.323] |D| [load_module]: Running module_start of module: SceAtrac
[15:30:18.325] |I| [load_module]: Module SceAtrac (at "sys/external/libatrac.suprx") module_start returned 0x0
[15:30:18.325] |D| [export_sceSysmoduleLoadModule]: module id: 76
[15:30:18.325] |D| [export_sceSysmoduleLoadModule]: module: libsceavplayer
[15:30:18.326] |D| [export_sceSysmoduleLoadModule]: module: libscemp4
[15:30:18.343] |I| [export_sceIoOpen]: Opening file: app0:game_data/Game_NGP.ini
[15:30:18.344] |E| [open_file]: Missing file at D:/Emulateurs/Vita3K/mc/ux0/app/PCSA00120/game_data/Game_NGP.ini (target path: app0:game_data/Game_NGP.ini)
[15:30:18.345] |W| [io_error_impl]: open_file (sceIoOpen) returned 0x80010002
[15:30:18.365] |W| [unimplemented_impl]: Unimplemented sceKernelChangeThreadVfpException import called.
[15:30:18.366] |W| [unimplemented_impl]: Unimplemented sceFiosOverlayThreadSetDisabled02 import called.
[15:30:18.422] |I| [export_sceIoOpen]: Opening file: app0:/game_data/data_ngp.psarc
[15:30:18.457] |I| [export_sceIoOpen]: Opening file: app0:/game_data/data_ngp.psarc
[15:30:18.515] |E| [stat_file]: Missing file at D:/Emulateurs/Vita3K/mc/ux0/app/PCSA00120/game_data/patch_ngp.psarc (target path: app0:game_data/patch_ngp.psarc)
[15:30:18.516] |W| [io_error_impl]: stat_file (_sceIoGetstat) returned 0x80010002
[15:30:18.521] |D| [export_sceFiosOverlayAddForProcess02]: pid: 0
[15:30:18.521] |D| [export_sceFiosOverlayAddForProcess02]: dst: app0:game_data/LocalCacheNGP/lumps
[15:30:18.522] |D| [export_sceFiosOverlayAddForProcess02]: dst len: 34
[15:30:18.523] |D| [export_sceFiosOverlayAddForProcess02]: id: 0
[15:30:18.524] |D| [export_sceFiosOverlayAddForProcess02]: order: 0
[15:30:18.525] |D| [export_sceFiosOverlayAddForProcess02]: pid: 0
[15:30:18.526] |D| [export_sceFiosOverlayAddForProcess02]: src: data_ngp/LocalCacheNGP/lumps
[15:30:18.526] |D| [export_sceFiosOverlayAddForProcess02]: src_len: 28
[15:30:18.527] |D| [export_sceFiosOverlayAddForProcess02]: type: 0
[15:30:18.527] |D| [export_sceFiosOverlayAddForProcess02]: outID: 0
[15:30:18.528] |D| [export_sceFiosOverlayAddForProcess02]: pid: 0
[15:30:18.529] |D| [export_sceFiosOverlayAddForProcess02]: dst: app0:game_data/interface
[15:30:18.529] |D| [export_sceFiosOverlayAddForProcess02]: dst len: 24
[15:30:18.530] |D| [export_sceFiosOverlayAddForProcess02]: id: 0
[15:30:18.530] |D| [export_sceFiosOverlayAddForProcess02]: order: 0
[15:30:18.531] |D| [export_sceFiosOverlayAddForProcess02]: pid: 0
[15:30:18.531] |D| [export_sceFiosOverlayAddForProcess02]: src: data_ngp/interface
[15:30:18.532] |D| [export_sceFiosOverlayAddForProcess02]: src_len: 18
[15:30:18.532] |D| [export_sceFiosOverlayAddForProcess02]: type: 0
[15:30:18.533] |D| [export_sceFiosOverlayAddForProcess02]: outID: 0
[15:30:18.616] |I| [export_sceIoOpen]: Opening file: app0:game_data/Game_NGP.ini
[15:30:18.616] |E| [open_file]: Missing file at D:/Emulateurs/Vita3K/mc/ux0/app/PCSA00120/game_data/Game_NGP.ini (target path: app0:game_data/Game_NGP.ini)
[15:30:18.617] |W| [io_error_impl]: open_file (sceIoOpen) returned 0x80010002
[15:30:18.930] |W| [unimplemented_impl]: Unimplemented sceKernelCreateRWLock import called.
[15:30:18.941] |W| [stubbed_impl]: Stubbed sceGxmMapMemory import called. (always return success)
[15:30:18.943] |W| [stubbed_impl]: Stubbed sceGxmMapFragmentUsseMemory import called. (always return success)
[15:30:19.062] |W| [stubbed_impl]: Stubbed sceGxmMapVertexUsseMemory import called. (always return success)
[15:30:19.064] |W| [unimplemented_impl]: Unimplemented sceKernelLockReadRWLock import called.
[15:30:19.064] |W| [unimplemented_impl]: Unimplemented sceKernelLockWriteRWLock import called.
[15:30:19.065] |W| [unimplemented_impl]: Unimplemented sceKernelUnlockWriteRWLock import called.
[15:30:19.067] |W| [unimplemented_impl]: Unimplemented sceKernelUnlockReadRWLock import called.
[15:30:19.078] |W| [unimplemented_impl]: Unimplemented sceGxmProgramParameterIsRegFormat import called.
[15:30:19.121] |W| [stubbed_impl]: Stubbed sceGxmGetRenderTargetMemSize import called. (2MB host mem)
[15:30:19.209] |W| [unimplemented_impl]: Unimplemented sceGxmDepthStencilSurfaceSetForceStoreMode import called.
[15:30:19.209] |W| [unimplemented_impl]: Unimplemented sceGxmDepthStencilSurfaceSetForceLoadMode import called.
[15:30:19.245] |W| [unimplemented_impl]: Unimplemented sceCommonDialogUpdate import called.
[15:30:19.246] |W| [stubbed_impl]: Stubbed sceDisplayWaitSetFrameBufMultiCB import called. (move after setframebuf)
[15:30:19.251] |W| [stubbed_impl]: Stubbed sceGxmSetVisibilityBuffer import called. (Set all visible)
[15:30:19.263] |W| [stubbed_impl]: Stubbed sceDisplayWaitSetFrameBuf import called. (move after setframebuf)
[15:30:19.292] |I| [renderer::gl::load_shader_generic]: Generating frag shader aa920903fd392ace60a12cf44062a02f559b41f78d01f36a8529fe76bd166625
[15:30:19.294] |D| [shader::create_parameters]: [DEFAULT  + 0] sa0 = (float4) inVU_mColor
[15:30:19.309] |I| [renderer::gl::load_shader_generic]: Generating vert shader e66006413b3bfeab87bf5e0d46ed28dde7849d1a67838f321240e03e8b05631d
[15:30:19.311] |D| [shader::create_parameters]: [BUFFER0  + 0] pa0 = (float4) inV_mPosition
[15:30:19.311] |D| [shader::create_parameters]: [DEFAULT  + 0] sa0 = (float4) inVU_mModelViewProj[4]
[15:30:19.343] |E| [renderer::gl::compile_program]: Fragment info
-------------
0(20) : warning C7050: "pa[0].zw" might be used before being initialized


[15:30:19.380] |W| [unimplemented_impl]: Unimplemented sceKernelGetOpenPsId import called.
[15:30:19.382] |W| [stubbed_impl]: Stubbed sceNetCtlInit import called. (Stub)
[15:30:19.382] |W| [stubbed_impl]: Stubbed sceNetCtlInetGetState import called. (state = SCE_NETCTL_STATE_DISCONNECTED)
[15:30:19.384] |W| [unimplemented_impl]: Unimplemented sceNpGetServiceState import called.
[15:30:19.385] |W| [unimplemented_impl]: Unimplemented sceNpAuthInit import called.
[15:30:19.398] |W| [stubbed_impl]: Stubbed sceNetCtlCheckCallback import called. (Stub)
[15:30:19.402] |W| [stubbed_impl]: Stubbed sceNpCheckCallback import called. (Stub)
[15:30:19.405] |W| [unimplemented_impl]: Unimplemented sceHttpInit import called.
[15:30:19.405] |W| [unimplemented_impl]: Unimplemented sceSslInit import called.
[15:30:19.405] |W| [unimplemented_impl]: Unimplemented sceHttpsLoadCert import called.
[15:30:19.409] |W| [unimplemented_impl]: Unimplemented sceHttpCreateTemplate import called.
[15:30:19.463] |W| [stubbed_impl]: Stubbed sceFiosOverlayResolveWithRangeSync02 import called. (Using strncpy)
[15:30:19.467] |I| [export_sceIoOpen]: Opening file: app0:/game_data/LocalCacheNGP/lumps/assets_description.systemlanguageindependent.core
[15:30:19.469] |E| [open_file]: Missing file at D:/Emulateurs/Vita3K/mc/ux0/app/PCSA00120/game_data/LocalCacheNGP/lumps/assets_description.systemlanguageindependent.core (target path: app0:/game_data/LocalCacheNGP/lumps/assets_description.systemlanguageindependent.core)
[15:30:19.470] |W| [io_error_impl]: open_file (sceIoOpen) returned 0x80010002
[15:30:19.491] |E| [open_file]: Missing file at D:/Emulateurs/Vita3K/mc/ux0/user/00/savedata/PCSA00120/SlotParam_0.bin (target path: savedata0:/SlotParam_0.bin)
[15:30:19.492] |W| [io_error_impl]: open_file (sceAppUtilSaveDataSlotGetParam) returned 0x80010002
[15:30:19.493] |E| [logging::ret_error_impl]: sceAppUtilSaveDataSlotGetParam returned SCE_APPUTIL_ERROR_SAVEDATA_SLOT_NOT_FOUND (0x80100641)
[15:30:19.553] |E| [open_file]: Missing file at D:/Emulateurs/Vita3K/mc/ux0/user/00/savedata/PCSA00120/SlotParam_0.bin (target path: savedata0:/SlotParam_0.bin)
[15:30:19.555] |W| [io_error_impl]: open_file (sceAppUtilSaveDataSlotGetParam) returned 0x80010002
[15:30:19.616] |I| [export_sceIoOpen]: Opening file: app0:/game_data/LocalCacheNGP/lumps/assets_description.systemngp.core
[15:30:19.617] |E| [open_file]: Missing file at D:/Emulateurs/Vita3K/mc/ux0/app/PCSA00120/game_data/LocalCacheNGP/lumps/assets_description.systemngp.core (target path: app0:/game_data/LocalCacheNGP/lumps/assets_description.systemngp.core)
[15:30:19.619] |W| [io_error_impl]: open_file (sceIoOpen) returned 0x80010002
[15:30:19.624] |D| [ngs::create_voice_definition]: type: 15
[15:30:19.625] |D| [ngs::create_voice_definition]: type: 16
[15:30:19.648] |W| [unimplemented_impl]: Unimplemented sceNgsSystemSetFlags import called.
[15:30:19.649] |D| [ngs::create_voice_definition]: type: 1
[15:30:19.650] |W| [ngs::create_voice_definition]: Missing voice definition for Buss Type 1, using passthrough.
[15:30:19.651] |D| [export_sceNgsVoiceInit]: flags: 7
[15:30:19.651] |W| [unimplemented_impl]: Unimplemented sceNgsVoiceBypassModule import called.
[15:30:19.652] |D| [ngs::create_voice_definition]: type: 0
[15:30:19.653] |D| [export_sceNgsVoiceInit]: flags: 7
[15:30:19.653] |D| [export_sceNgsVoiceInit]: flags: 7
[15:30:19.654] |D| [ngs::create_voice_definition]: type: 2
[15:30