[16:52:03.897] |I| [load_app_impl]: ngs experimental state: true
[16:52:03.897] |I| [load_app_impl]: video player state: true
[16:52:03.897] |I| [load_app_impl]: lle-modules: libsas,libSceJson,liblocation,libatrac,libSceXml,libvoice,librudp,libpgf,libsystemgesture
[16:52:03.898] |I| [load_app_impl]: Title: LittleBigPlanet™ PlayStation®Vita
[16:52:03.898] |I| [load_app_impl]: Serial: PCSA00017
[16:52:03.898] |I| [load_app_impl]: Version: 1.00
[16:52:03.898] |I| [load_app_impl]: Category: gd
[16:52:03.904] |C| [load_self]: Unknown segment type 0x6FFFFF01
[16:52:03.904] |I| [load_self]: Loaded module segment 0 @ [0x00004000 - 0x000407DC / 0x81000000] (size: 0x0003C7DC) of module ux0:app\PCSA00017\sce_module\libc.suprx
[16:52:03.904] |I| [load_self]: Loaded module segment 1 @ [0x00041000 - 0x00043374 / 0x8103D000] (size: 0x00002374) of module ux0:app\PCSA00017\sce_module\libc.suprx
[16:52:03.904] |I| [load_self]: Loading symbols for SELF: ux0:app\PCSA00017\sce_module\libc.suprx
[16:52:03.905] |D| [load_var_exports]: 	NID 0x6C2224BA (NID_MODULE_INFO) at 0x32220
[16:52:03.905] |W| [load_var_imports]: 	NID NOT FOUND 0xDF084DFA (UNRECOGNISED) at 0x359F0, setting to stub value 0xDEADBEEF
[16:52:03.906] |I| [pre_load_module]: Pre-load module SceLibc (at "app\PCSA00017\sce_module\libc.suprx") loaded
[16:52:03.911] |C| [load_self]: Unknown segment type 0x6FFFFF01
[16:52:03.911] |I| [load_self]: Loaded module segment 0 @ [0x00045000 - 0x000671B0 / 0x81000000] (size: 0x000221B0) of module ux0:app\PCSA00017\sce_module\libfios2.suprx
[16:52:03.912] |I| [load_self]: Loaded module segment 1 @ [0x00068000 - 0x0006D1B8 / 0x81023000] (size: 0x000051B8) of module ux0:app\PCSA00017\sce_module\libfios2.suprx
[16:52:03.913] |I| [load_self]: Loading symbols for SELF: ux0:app\PCSA00017\sce_module\libfios2.suprx
[16:52:03.913] |D| [load_var_exports]: 	NID 0x6C2224BA (NID_MODULE_INFO) at 0x60CB0
[16:52:03.914] |I| [pre_load_module]: Pre-load module SceLibFios2 (at "app\PCSA00017\sce_module\libfios2.suprx") loaded
[16:52:03.917] |C| [load_self]: Unknown segment type 0x6FFFFF01
[16:52:03.917] |I| [load_self]: Loaded module segment 0 @ [0x0006E000 - 0x0008206C / 0x81000000] (size: 0x0001406C) of module ux0:app\PCSA00017\sce_module\libult.suprx
[16:52:03.918] |I| [load_self]: Loaded module segment 1 @ [0x00083000 - 0x00083814 / 0x81015000] (size: 0x00000814) of module ux0:app\PCSA00017\sce_module\libult.suprx
[16:52:03.919] |I| [load_self]: Loading symbols for SELF: ux0:app\PCSA00017\sce_module\libult.suprx
[16:52:03.919] |D| [load_var_exports]: 	NID 0x6C2224BA (NID_MODULE_INFO) at 0x7EB68
[16:52:03.919] |I| [pre_load_module]: Pre-load module SceUlt (at "app\PCSA00017\sce_module\libult.suprx") loaded
[16:52:03.926] |I| [load_self]: Loaded module segment 0 @ [0x00084000 - 0x000D4F04 / 0x81000000] (size: 0x00050F04) of module vs0:sys/external/libSceFt2.suprx
[16:52:03.926] |I| [load_self]: Loaded module segment 1 @ [0x000D5000 - 0x000D52F4 / 0x81051000] (size: 0x000002F4) of module vs0:sys/external/libSceFt2.suprx
[16:52:03.927] |I| [load_self]: Loading symbols for SELF: vs0:sys/external/libSceFt2.suprx
[16:52:03.928] |D| [load_var_exports]: 	NID 0x936C8A78 (SYSLYB) at 0xC07DC
[16:52:03.928] |D| [load_var_exports]: 	NID 0x6C2224BA (NID_MODULE_INFO) at 0xBFF10
[16:52:03.929] |W| [load_var_imports]: 	NID NOT FOUND 0x93B8AA67 (UNRECOGNISED) at 0xD4EE0, setting to stub value 0xDEADBEEF
[16:52:03.930] |I| [pre_load_module]: Pre-load module SceLibft2 (at "sys/external/libSceFt2.suprx") loaded
[16:52:03.932] |I| [load_self]: Loaded module segment 0 @ [0x000D7000 - 0x000E6F14 / 0x81000000] (size: 0x0000FF14) of module vs0:sys/external/libpvf.suprx
[16:52:03.933] |I| [load_self]: Loaded module segment 1 @ [0x000E7000 - 0x000E7008 / 0x81010000] (size: 0x00000008) of module vs0:sys/external/libpvf.suprx
[16:52:03.934] |I| [load_self]: Loading symbols for SELF: vs0:sys/external/libpvf.suprx
[16:52:03.934] |D| [load_var_exports]: 	NID 0x936C8A78 (SYSLYB) at 0xE5710
[16:52:03.934] |D| [load_var_exports]: 	NID 0x6C2224BA (NID_MODULE_INFO) at 0xE5300
[16:52:03.935] |I| [pre_load_module]: Pre-load module SceLibPvf (at "sys/external/libpvf.suprx") loaded
[16:52:04.098] |C| [load_self]: Unknown segment type 0x6FFFFF01
[16:52:04.099] |I| [load_self]: Loaded module segment 0 @ [0x81000000 - 0x8185FB14 / 0x81000000] (size: 0x0085FB14) of module app0:eboot.bin
[16:52:04.099] |I| [load_self]: Loaded module segment 1 @ [0x81860000 - 0x81BC71CF / 0x81860000] (size: 0x003671CF) of module app0:eboot.bin
[16:52:04.101] |I| [load_self]: Loading symbols for SELF: app0:eboot.bin
[16:52:04.101] |D| [load_var_exports]: 	NID 0x6C2224BA (NID_MODULE_INFO) at 0x81766468
[16:52:04.102] |D| [load_var_exports]: 	NID 0x70FBA1E7 (SCE_PROC_PARAMS) at 0x818613A0
[16:52:04.102] |I| [load_app_impl]: Main executable LBP2_Final (eboot.bin) loaded
[16:52:04.105] |D| [run_app]: Running module_start of library: SceLibc at address 0x45E5
[16:52:04.151] |I| [export_sceIoOpen]: Opening file: tty0:
[16:52:04.152] |I| [export_sceIoOpen]: Opening file: tty0:
[16:52:04.152] |I| [export_sceIoOpen]: Opening file: tty1:
[16:52:04.153] |I| [run_app]: Module SceLibc (at "ux0:app\PCSA00017\sce_module\libc.suprx") module_start returned 0x0
[16:52:04.154] |D| [run_app]: Running module_start of library: SceLibFios2 at address 0x45001
[16:52:04.156] |W| [stubbed_impl]: Stubbed sceKernelGetProcessId import called. (pid: 0)
[16:52:04.156] |W| [stubbed_impl]: Stubbed _sceFiosKernelOverlayGetList import called. (Set pActualIDs to 0)
[16:52:04.157] |D| [export__sceFiosKernelOverlayGetList]: pid: 0
[16:52:04.157] |D| [export__sceFiosKernelOverlayGetList]: buffer_size: 0
[16:52:04.158] |D| [export__sceFiosKernelOverlayGetList]: maxIDs: 0
[16:52:04.158] |D| [export__sceFiosKernelOverlayGetList]: pActualIDs: 0
[16:52:04.159] |I| [run_app]: Module SceLibFios2 (at "ux0:app\PCSA00017\sce_module\libfios2.suprx") module_start returned 0x0
[16:52:04.160] |D| [run_app]: Running module_start of library: SceUlt at address 0x71B71
[16:52:04.162] |I| [run_app]: Module SceUlt (at "ux0:app\PCSA00017\sce_module\libult.suprx") module_start returned 0x0
[16:52:04.196] |W| [unimplemented_impl]: Unimplemented sceKernelCreateRWLock import called.
[16:52:04.211] |W| [stubbed_impl]: Stubbed sceKernelGetThreadInfo import called. (STUB)
[16:52:04.212] |W| [unimplemented_impl]: Unimplemented sceNetCtlInit import called.
[16:52:04.212] |E| [logging::ret_error_impl]: sceNetInit returned SCE_NET_ERROR_EINTERNAL (0x804101CC)
[16:52:04.235] |I| [export_sceIoOpen]: Opening file: app0:/output/titleid.txt
[16:52:04.237] |W| [unimplemented_impl]: Unimplemented sceAppUtilInit import called.
[16:52:04.237] |I| [export_sceIoOpen]: Opening file: app0:/gamedata/demo.makeitso
[16:52:04.237] |E| [open_file]: Missing file at D:/Emulateurs/Vita3K/mc/ux0/app/PCSA00017/gamedata/demo.makeitso (target path: app0:/gamedata/demo.makeitso)
[16:52:04.238] |W| [io_error_impl]: open_file (sceIoOpen) returned 0x80010002
[16:52:04.242] |W| [stubbed_impl]: Stubbed sceGxmMapMemory import called. (always return success)
[16:52:04.243] |W| [stubbed_impl]: Stubbed sceGxmMapFragmentUsseMemory import called. (always return success)
[16:52:04.265] |W| [stubbed_impl]: Stubbed sceGxmMapVertexUsseMemory import called. (always return success)
[16:52:04.266] |W| [unimplemented_impl]: Unimplemented sceNpAuthInit import called.
[16:52:04.267] |W| [unimplemented_impl]: Unimplemented sceSslInit import called.
[16:52:04.267] |W| [unimplemented_impl]: Unimplemented sceHttpInit import called.
[16:52:04.267] |W| [unimplemented_impl]: Unimplemented sceHttpsLoadCert import called.
[16:52:04.268] |W| [unimplemented_impl]: Unimplemented sceHttpCreateTemplate import called.
[16:52:04.268] |I| [export_sceIoOpen]: Opening file: app0:/patch0.farc
[16:52:04.269] |E| [open_file]: Missing file at D:/Emulateurs/Vita3K/mc/ux0/app/PCSA00017/patch0.farc (target path: app0:/patch0.farc)
[16:52:04.269] |W| [io_error_impl]: open_file (sceIoOpen) returned 0x80010002
[16:52:04.270] |I| [export_sceIoOpen]: Opening file: app0:/patch.sdat
[16:52:04.271] |E| [open_file]: Missing file at D:/Emulateurs/Vita3K/mc/ux0/app/PCSA00017/patch.sdat (target path: app0:/patch.sdat)
[16:52:04.271] |W| [io_error_impl]: open_file (sceIoOpen) returned 0x80010002
[16:52:04.272] |I| [export_sceIoOpen]: Opening file: app0:/patch.edat
[16:52:04.272] |E| [open_file]: Missing file at D:/Emulateurs/Vita3K/mc/ux0/app/PCSA00017/patch.edat (target path: app0:/patch.edat)
[16:52:04.273] |W| [io_error_impl]: open_file (sceIoOpen) returned 0x80010002
[16:52:04.274] |W| [io_error_impl]: create_dir (_sceIoMkdir) returned 0x80010011
[16:52:04.274] |W| [io_error_impl]: create_dir (_sceIoMkdir) returned 0x80010011
[16:52:04.275] |C| [translate_path]: Unknown device with path memory: used. Report this to the developers!
[16:52:04.275] |E| [create_dir]: Failed to translate path: memory:
[16:52:04.275] |W| [io_error_impl]: create_dir (_sceIoMkdir) returned 0x80010002
[16:52:04.276] |C| [translate_path]: Unknown device with path memory:/output used. Report this to the developers!
[16:52:04.276] |E| [create_dir]: Failed to translate path: memory:/output
[16:52:04.276] |W| [io_error_impl]: create_dir (_sceIoMkdir) returned 0x80010002
[16:52:04.277] |I| [export_sceIoOpen]: Opening file: memory:/output/ram
[16:52:04.277] |E| [open_file]: Cannot find device for path: memory:/output/ram
[16:52:04.278] |W| [io_error_impl]: open_file (sceIoOpen) returned 0x80010002
[16:52:04.279] |I| [export_sceIoOpen]: Opening file: app0:/data.farc
[16:52:04.279] |I| [export_sceIoOpen]: Opening file: app0:/data.farc
[16:52:04.433] |W| [stubbed_impl]: Stubbed sceGxmGetRenderTargetMemSize import called. (2MB host mem)
[16:52:04.565] |W| [stubbed_impl]: Stubbed sceDisplayWaitSetFrameBuf import called. (move after setframebuf)
[16:52:04.584] |W| [unimplemented_impl]: Unimplemented sceCommonDialogSetConfigParam import called.
[16:52:04.584] |W| [unimplemented_impl]: Unimplemented sceKernelGetThreadCpuAffinityMask import called.
[16:52:04.584] |W| [stubbed_impl]: Stubbed sceKernelChangeThreadPriority import called. (STUB)
[16:52:04.586] |I| [export_sceIoOpen]: Opening file: savedata0:/output/temp
[16:52:04.631] |W| [unimplemented_impl]: Unimplemented sceNetCheckDialogInit import called.
[16:52:04.632] |W| [unimplemented_impl]: Unimplemented sceNpCommerce2Init import called.
[16:52:04.633] |W| [unimplemented_impl]: Unimplemented sceNearInitialize import called.
[16:52:04.634] |W| [unimplemented_impl]: Unimplemented sceNpActivityInit import called.
[16:52:04.635] |I| [export_sceIoOpen]: Opening file: app0:/output/psp2guids.map
[16:52:04.635] |E| [open_file]: Missing file at D:/Emulateurs/Vita3K/mc/ux0/app/PCSA00017/output/psp2guids.map (target path: app0:/output/psp2guids.map)
[16:52:04.636] |W| [io_error_impl]: open_file (sceIoOpen) returned 0x80010002
[16:52:04.647] |I| [export_sceIoOpen]: Opening file: app0:/output/psp2guids.map
[16:52:04.647] |E| [open_file]: Missing file at D:/Emulateurs/Vita3K/mc/ux0/app/PCSA00017/output/psp2guids.map (target path: app0:/output/psp2guids.map)
[16:52:04.648] |W| [io_error_impl]: open_file (sceIoOpen) returned 0x80010002
[16:52:04.679] |I| [export_sceIoOpen]: Opening file: app0:/output/blurayguids.map
[16:52:04.750] |I| [export_sceIoOpen]: Opening file: app0:/data.farc
[16:52:04.767] |I| [export_sceIoOpen]: Opening file: app0:/gamedata/fonts/helveticaneueltstd-md.fnt
[16:52:04.767] |I| [export_sceIoOpen]: Opening file: app0:/gamedata/fonts/eigerdalsbla.fnt
[16:52:04.768] |I| [export_sceIoOpen]: Opening file: app0:/gamedata/fonts/crikey_squat.fnt
[16:52:04.768] |I| [export_sceIoOpen]: Opening file: app0:/gamedata/fonts/crikey_tall.fnt
[16:52:04.769] |I| [export_sceIoOpen]: Opening file: app0:/gamedata/fonts/press_gothic.fnt
[16:52:04.769] |I| [export_sceIoOpen]: Opening file: app0:/gamedata/fonts/sol_pro.fnt
[16:52:04.779] |I| [export_sceIoOpen]: Opening file: app0:/gamedata/fonts/helveticaneueltstd-md.fnt
[16:52:04.783] |E| [logging::ret_error_impl]: _sceKernelWaitSema returned SCE_KERNEL_ERROR_WAIT_TIMEOUT (0x80028005)
[16:52:04.850] |I| [export_sceIoOpen]: Opening file: app0:/gamedata/fonts/eigerdalsbla.fnt
[16:52:04.856] |W| [unimplemented_impl]: Unimplemented sceCommonDialogUpdate import called.
[16:52:04.869] |W| [unimplemented_impl]: Unimplemented sceMotionStartSampling import called.
[16:52:04.879] |D| [renderer::gl::texture::upload_bound_texture]: Texture Cube used
[16:52:04.882] |I| [renderer::gl::load_shader_generic]: Generating frag shader 2deeaa6ed21b1faf868113dc0c9f662eb0f2729794d0be095d7bc52ef622bbe9
[16:52:04.883] |D| [shader::create_fragment_inputs]: Iterator: pa0 = (half4) v_Color0
[16:52:04.887] |I| [renderer::gl::load_shader_generic]: Generating vert shader 23ea3eb3443d245e46d5f8ce380e16b7ef615890f7ece57f81d4315538585e2e
[16:52:04.889] |D| [shader::create_parameters]: [BUFFER0  + 0] pa0 = (float4) position
[16:52:04.889] |D| [shader::create_parameters]: [BUFFER0  + 4] pa4 = (float4) color
[16:52:04.890] |D| [shader::create_parameters]: [BUFFER0  + 8] pa8 = (float4) uv
[16:52:04.890] |D| [shader::create_parameters]: [BUFFER0  + 12] pa12 = (float4) uv2
[16:52:04.890] |D| [shader::create_parameters]: [DEFAULT  + 0] sa0 = (float4) modelViewProj[4]
[16:52:04.891] |D| [shader::create_parameters]: [DEFAULT  + 16] sa16 = (float4) tmat[4]
[16:52:04.891] |D| [shader::create_parameters]: [DEFAULT  + 32] sa32 = (float4) fadecol
[16:52:04.909] |W| [stubbed_impl]: Stubbed sceDisplayWaitSetFrameBufMulti import called. (move after setframebuf)
[16:52:04.942] |I| [export_sceIoOpen]: Opening file: app0:/gamedata/fonts/crikey_squat.fnt
[16:52:05.083] |I| [export_sceIoOpen]: Opening file: app0:/gamedata/fonts/crikey_tall.fnt
[16:52:05.217] |I| [export_sceIoOpen]: Opening file: app0:/gamedata/fonts/press_gothic.fnt
[16:52:05.349] |I| [export_sceIoOpen]: Opening file: app0:/gamedata/fonts/sol_pro.fnt
[16:52:05.409] |W| [io_error_impl]: create_dir (_sceIoMkdir) returned 0x80010011
[16:52:05.410] |W| [io_error_impl]: create_dir (_sceIoMkdir) returned 0x80010011
[16:52:05.410] |W| [io_error_impl]: create_dir (_sceIoMkdir) returned 0x80010011
[16:52:05.411] |W| [io_error_impl]: create_dir (_sceIoMkdir) returned 0x80010011
[16:52:05.411] |W| [io_error_impl]: create_dir (_sceIoMkdir) returned 0x80010011
[16:52:05.412] |I| [export_sceIoOpen]: Opening file: savedata0:/output/dad_cache/new_pck.farc
[16:52:05.412] |E| [open_file]: Missing file at D:/Emulateurs/Vita3K/mc/ux0/user/00/savedata/PCSA00017/output/dad_cache/new_pck.farc (target path: savedata0:/output/dad_cache/new_pck.farc)
[16:52:05.414] |W| [io_error_impl]: open_file (sceIoOpen) returned 0x80010002
[16:52:05.415] |I| [export_sceIoOpen]: Opening file: savedata0:/output/dad_cache/pck.farc
[16:52:05.415] |E| [open_file]: Missing file at D:/Emulateurs/Vita3K/mc/ux0/user/00/savedata/PCSA00017/output/dad_cache/pck.farc (target path: savedata0:/output/dad_cache/pck.farc)
[16:52:05.417] |W| [io_error_impl]: open_file (sceIoOpen) returned 0x80010002
[16:52:05.418] |W| [io_error_impl]: create_dir (_sceIoMkdir) returned 0x80010011
[16:52:05.418] |W| [io_error_impl]: create_dir (_sceIoMkdir) returned 0x80010011
[16:52:05.418] |W| [io_error_impl]: create_dir (_sceIoMkdir) returned 0x80010011
[16:52:05.419] |I| [export_sceIoOpen]: Opening file: savedata0:/output/dad_cache/new_pin.farc
[16:52:05.419] |E| [open_file]: Missing file at D:/Emulateurs/Vita3K/mc/ux0/user/00/savedata/PCSA00017/output/dad_cache/new_pin.farc (target path: savedata0:/output/dad_cache/new_pin.farc)
[16:52:05.420] |W| [io_error_impl]: open_file (sceIoOpen) returned 0x80010002
[16:52:05.421] |I| [export_sceIoOpen]: Opening file: savedata0:/output/dad_cache/pin.farc
[16:52:05.421] |E| [open_file]: Missing file at D:/Emulateurs/Vita3K/mc/ux0/user/00/savedata/PCSA00017/output/dad_cache/pin.farc (target path: savedata0:/output/dad_cache/pin.farc)
[16:52:05.422] |W| [io_error_impl]: open_file (sceIoOpen) returned 0x80010002
[16:52:05.516] |I| [export_sceIoOpen]: Opening file: savedata0:/ks
[16:52:05.517] |E| [open_file]: Missing file at D:/Emulateurs/Vita3K/mc/ux0/user/00/savedata/PCSA00017/ks (target path: savedata0:/ks)
[16:52:05.518] |W| [io_error_impl]: open_file (sceIoOpen) returned 0x80010002
[16:52:05.521] |I| [export_sceIoOpen]: Opening file: savedata0:/PersistentNotifications_1.per
[16:52:05.521] |E| [open_file]: Missing file at D:/Emulateurs/Vita3K/mc/ux0/user/00/savedata/PCSA00017/PersistentNotifications_1.per (target path: savedata0:/PersistentNotifications_1.per)
[16:52:05.522] |W| [io_error_impl]: open_file (sceIoOpen) returned 0x80010002
[16:52:05.548] |W| [stubbed_impl]: Stubbed sceNpCmpNpId import called. (assume single user)
[16:52:05.754] |W| [stubbed_impl]: Stubbed sceNetCheckDialogGetStatus import called. (SCE_COMMON_DIALOG_STATUS_FINISHED)
[16:52:05.781] |D| [renderer::gl::texture::upload_bound_texture]: Texture Cube used
[16:52:05.788] |D| [renderer::gl::texture::upload_bound_texture]: Texture Cube used
[16:52:05.788] |D| [renderer::gl::texture::upload_bound_texture]: Texture Cube used
[16:52:05.789] |I| [renderer::gl::load_shader_generic]: Generating frag shader b1502852e69fdd2c5cc78eb87afaa88e6a662b2dbb51cb543cfd1a2cc8723a26
[16:52:05.790] |D| [shader::create_parameters]: [BUFFER1  + 0] sa0 = (half4) start_col
[16:52:05.791] |D| [shader::create_parameters]: [BUFFER1  + 2] sa2 = (half4) end_col
[16:52:05.791] |D| [shader::create_fragment_inputs]: Iterator: pa6 = (half2) v_TexCoord0
[16:52:05.792] |D| [shader::create_fragment_inputs]: Iterator: pa7 = (half2) v_TexCoord8
[16:52:05.812] |I| [renderer::gl::load_shader_generic]: Generating vert shader e288cb558e2497b4cc8d734189fc4f4a28f2d35912a4bacadc8edf2c2d46f44c
[16:52:05.813] |D| [shader::create_parameters]: [BUFFER0  + 0] pa0 = (float4) position_sdfyofs
[16:52:05.813] |D| [shader::create_parameters]: [BUFFER0  + 4] pa4 = (float4) uv0_uv1
[16:52:05.814] |D| [shader::create_parameters]: [BUFFER0  + 8] pa8 = (float4) sdf_min_max_fluff
[16:52:05.814] |D| [shader::create_parameters]: [BUFFER0  + 12] pa12 = (float4) wipe_start_end
[16:52:05.815] |D| [shader::create_parameters]: [BUFFER1  + 0] sa0 = (float4) modelViewProj[4]
[16:52:05.818] |D| [shader::create_parameters]: [BUFFER1  + 16] sa16 = (float4) inner_rect
[16:52:05.819] |D| [shader::create_parameters]: [BUFFER1  + 20] sa20 = (float4) outer_rect
[16:52:05.819] |D| [shader::create_parameters]: [BUFFER1  + 24] sa24 = (float4) SdfScales
[16:52:05.820] |D| [shader::create_parameters]: [BUFFER1  + 28] sa28 = (float4) tint
[16:52:05.820] |D| [shader::create_parameters]: [BUFFER1  + 32] sa32 = (float4) fill
[16:52:05.821] |D| [shader::create_parameters]: [BUFFER1  + 36] sa36 = (float4) border
[16:52:05.821] |D| [shader::create_parameters]: [BUFFER1  + 40] sa40 = (float4) texture_vrange
[16:52:05.822] |D| [shader::create_parameters]: [BUFFER1  + 44] sa44 = (float4) TimeAndOffset
[16:52:05.822] |D| [shader::create_parameters]: [BUFFER1  + 48] sa48 = (float4) PosScaleOffset
[16:52:05.859] |E| [renderer::gl::compile_program]: Vertex info
-----------
0(36) : warning C7050: "internals[1].zw" might be used before being initialized
0(37) : warning C7050: "r[0].zw" might be used before being initialized


[16:52:05.860] |I| [renderer::gl::load_shader_generic]: Generating frag shader bfc7a3d47227afe8834a669da2cc16164b9ba75cd0b687d238f29aef27958283
[16:52:05.861] |D| [shader::create_parameters]: [BUFFER1  + 0] sa0 = (half4) start_col
[16:52:05.861] |D| [shader::create_parameters]: [BUFFER1  + 2] sa2 = (half4) end_col
[16:52:05.868] |E| [renderer::gl::compile_program]: Vertex info
-----------
0(36) : warning C7050: "internals[1].zw" might be used before being initialized
0(37) : warning C7050: "r[0].zw" might be used before being initialized


[16:52:05.869] |D| [renderer::gl::texture::upload_bound_texture]: Texture Cube used
[16:52:05.876] |I| [renderer::gl::load_shader_generic]: Generating frag shader 6d6e39b028ffe0019198e57e4b2fab9275dbd2704b1c23e80cbecb45c19057bc
[16:52:05.877] |D| [shader::create_fragment_inputs]: Iterator: pa0 = (half4) v_Color1
[16:52:05.892] |E| [renderer::gl::compile_program]: Vertex info
-----------
0(36) : warning C7050: "internals[1].zw" might be used before being initialized
0(37) : warning C7050: "r[0].zw" might be used before being initialized


[16:52:06.664] |W| [unimplemented_impl]: Unimplemented sceGxmColorSurfaceSetClip import called.
[16:52:06.911] |I| [export_sceIoOpen]: Opening file: savedata0:/output/savegame/littlefart14
[16:52:06.975] |I| [export_sceIoOpen]: Opening file: savedata0:/output/savegame/bigfart1
[16:52:07.004] |I| [export_sceIoOpen]: Opening file: savedata0:/output/savegame/littlefart14
[16:52:07.005] |I| [export_sceIoOpen]: Opening file: savedata0:/output/savegame/bigfart1
[16:52:07.008] |I| [export_sceIoOpen]: Opening file: savedata0:/output/savegame/littlefart14
[16:52:07.057] |I| [export_sceIoOpen]: Opening file: savedata0:/output/savegame/bigfart1
[16:52:11.298] |D| [renderer::gl::texture::upload_bound_texture]: Texture Cube used
[16:52:16.715] |D| [renderer::gl::texture::upload_bound_texture]: Texture Cube used
[16:52:22.120] |W| [stubbed_impl]: Stubbed sceAudiodecInitLibrary import called. (EMPTY)
[16:52:22.120] |W| [unimplemented_impl]: Unimplemented sceNgsSystemSetFlags import called.
[16:52:22.121] |D| [export_sceNgsVoicePlay]: sceNgsVoicePlay: 1
[16:52:22.132] |W| [unimplemented_impl]: Unimplemented sceNgsVoiceSetParamsBlock import called.
[16:52:22.132] |D| [export_sceNgsVoicePlay]: sceNgsVoicePlay: 1
[16:52:22.145] |I| [export_sceIoOpen]: Opening file: app0:/data.farc
[16:52:22.149] |D| [renderer::gl::texture::upload_bound_texture]: Texture Cube used
[16:52:22.150] |I| [renderer::gl::load_shader_generic]: Generating frag shader fb779ce3e20d86483c654b6a26c97018686ddcadf190eb5e447dabcf7322ac39
[16:52:22.153] |D| [shader::create_fragment_inputs]: Iterator: pa0 = (half4) v_Color0
[16:52:22.153] |D| [shader::create_fragment_inputs]: Iterator: pa4 = (half4) v_Color1
[16:52:22.154] |D| [shader::create_fragment_inputs]: Iterator: pa8 = (half4) v_TexCoord1
[16:52:22.154] |D| [shader::create_fragment_inputs]: Iterator: pa12 = (half4) v_TexCoord2
[16:52:22.155] |D| [shader::create_fragment_inputs]: Iterator: pa14 = (half4) v_TexCoord4
[16:52:22.155] |D| [shader::create_fragment_inputs]: Iterator: pa16 = (half2) v_TexCoord0
[16:52:22.190] |E| [renderer::gl::compile_program]: Vertex info
-----------
0(36) : warning C7050: "internals[1].zw" might be used before being initialized
0(37) : warning C7050: "r[0].zw" might be used before being initialized


[16:52:22.192] |I| [renderer::gl::load_shader_generic]: Generating frag shader 1386096196cbdd4fbbfb725d890df69218a7fcfb1bcfeaf4e0f9f4ec759d5c52
[16:52:22.193] |D| [shader::create_fragment_inputs]: Iterator: pa0 = (half4) v_Color0
[16:52:22.194] |D| [shader::create_fragment_inputs]: Iterator: pa4 = (half2) v_TexCoord9
[16:52:22.204] |E| [renderer::gl::compile_program]: Vertex info
-----------
0(36) : warning C7050: "internals[1].zw" might be used before being initialized
0(37) : warning C7050: "r[0].zw" might be used before being initialized

Fragment info
-------------
0(22) : warning C7050: "sa[0]" might be used before being initialized


[16:52:22.207] |D| [renderer::gl::texture::upload_bound_texture]: Texture Cube used
[16:52:22.210] |D| [renderer::gl::texture::upload_bound_texture]: Texture Cube used
[16:52:22.225] |D| [renderer::gl::texture::upload_bound_texture]: Texture Cube used
[16:52:22.229] |D| [renderer::gl::texture::upload_bound_texture]: Texture Cube used
[16:52:22.231] |D| [renderer::gl::texture::upload_bound_texture]: Texture Cube used
[16:52:22.321] |D| [renderer::gl::texture::upload_bound_texture]: Texture Cube used
[16:52:22.322] |I| [renderer::gl::load_shader_generic]: Generating frag shader 2121c10075e345d5bf0b59ef16012c077c75e97a8fd2851fc778022b9afb10c8
[16:52:22.324] |D| [shader::create_fragment_inputs]: Iterator: pa0 = (half4) v_Color0
[16:52:22.324] |D| [shader::create_fragment_inputs]: Iterator: pa2 = (half2) v_TexCoord6
[16:52:22.324] |D| [shader::create_fragment_inputs]: Iterator: pa3 = (half2) v_TexCoord0
[16:52:22.325] |D| [shader::create_fragment_inputs]: Iterator: pa4 = (half2) v_TexCoord7
[16:52:22.325] |D| [shader::create_fragment_inputs]: Iterator: pa5 = (half1) v_TexCoord8
[16:52:22.357] |E| [renderer::gl::compile_program]: Vertex info
-----------
0(36) : warning C7050: "internals[1].zw" might be used before being initialized
0(37) : warning C7050: "r[0].zw" might be used before being initialized

Fragment info
-------------
0(24) : warning C7050: "sa[0].zw" might be used before being initialized
0(24) : warning C7050: "sa[1]" might be used before being initialized


[16:52:22.422] |I| [export_sceIoOpen]: Opening file: savedata0:/OfflineScoreboard.osb
[16:52:22.422] |E| [open_file]: Missing file at D:/Emulateurs/Vita3K/mc/ux0/user/00/savedata/PCSA00017/OfflineScoreboard.osb (target path: savedata0:/OfflineScoreboard.osb)
[16:52:22.423] |W| [io_error_impl]: open_file (sceIoOpen) returned 0x80010002
[16:52:22.424] |W| [io_error_impl]: create_dir (_sceIoMkdir) returned 0x80010011
[16:52:22.424] |W| [io_error_impl]: create_dir (_sceIoMkdir) returned 0x80010011
[16:52:22.424] |I| [export_sceIoOpen]: Opening file: savedata0:/output/temp
[16:52:22.425] |I| [export_sceIoOpen]: Opening file: savedata0:/output/temp
[16:52:22.425] |I| [export_sceIoOpen]: Opening file: savedata0:/output/temp
[16:52:22.460] |W| [unimplemented_impl]: Unimplemented sceAudioOutGetAdopt import called.
[16:52:22.460] |W| [unimplemented_impl]: Unimplemented sceAppMgrAcquireBgmPort import called.
[16:52:22.468] |D| [export_SceMp4OpenFile]: path: app0:/data.farc@989821434,28997776, log_level: 0
[16:52:22.477] |I| [export_sceIoOpen]: Opening file: app0:/data.farc
