[03:49:57.177] |I| [load_app_impl]: cpu-backend: Dynarmic
[03:49:57.178] |I| [load_app_impl]: CPU Optimisation state: true
[03:49:57.178] |I| [load_app_impl]: at9 audio decoder state: true
[03:49:57.179] |I| [load_app_impl]: ngs experimental state: true
[03:49:57.179] |I| [load_app_impl]: video player state: true
[03:49:57.180] |I| [load_app_impl]: lle-modules: libpgf,libSceXml,libsas,liblocation,libhandwriting,libSceJson,librudp
[03:49:57.180] |I| [load_app_impl]: Title: Psychedelica of the black butterfly
[03:49:57.181] |I| [load_app_impl]: Serial: PCSE01164
[03:49:57.181] |I| [load_app_impl]: Version: 1.00
[03:49:57.181] |I| [load_app_impl]: Category: gd
[03:49:57.239] |C| [load_self]: Unknown segment type 0x6FFFFF01
[03:49:57.240] |I| [load_self]: Loaded module segment 0 @ [0x00007000 - 0x0005891C / 0x81000000] (size: 0x0005191C) of module ux0:app\PCSE01164\sce_module\libc.suprx
[03:49:57.241] |I| [load_self]: Loaded module segment 1 @ [0x00059000 - 0x0005B8A0 / 0x81052000] (size: 0x000028A0) of module ux0:app\PCSE01164\sce_module\libc.suprx
[03:49:57.242] |I| [load_self]: Loading symbols for SELF: ux0:app\PCSE01164\sce_module\libc.suprx
[03:49:57.243] |D| [load_var_exports]: 	NID 0x936C8A78 (SYSLYB) at 0x4E38C
[03:49:57.243] |D| [load_var_exports]: 	NID 0x6C2224BA (NID_MODULE_INFO) at 0x43550
[03:49:57.244] |W| [load_var_imports]: 	NID NOT FOUND 0x93B8AA67 (UNRECOGNISED) at 0x476B0, setting to stub value 0xDEADBEEF
[03:49:57.245] |W| [load_var_imports]: 	NID NOT FOUND 0xDF084DFA (UNRECOGNISED) at 0x49244, setting to stub value 0xDEADBEEF
[03:49:57.246] |I| [pre_load_module]: Pre-load module SceLibc (at "app\PCSE01164\sce_module\libc.suprx") loaded
[03:49:57.250] |C| [load_self]: Unknown segment type 0x6FFFFF01
[03:49:57.251] |I| [load_self]: Loaded module segment 0 @ [0x0005E000 - 0x00077000 / 0x81000000] (size: 0x00019000) of module ux0:app\PCSE01164\sce_module\libface.suprx
[03:49:57.252] |I| [load_self]: Loaded module segment 1 @ [0x00077000 - 0x000770F8 / 0x81019000] (size: 0x000000F8) of module ux0:app\PCSE01164\sce_module\libface.suprx
[03:49:57.252] |I| [load_self]: Loading symbols for SELF: ux0:app\PCSE01164\sce_module\libface.suprx
[03:49:57.253] |D| [load_var_exports]: 	NID 0x6C2224BA (NID_MODULE_INFO) at 0x73DA4
[03:49:57.253] |D| [load_var_exports]: 	NID 0x936C8A78 (SYSLYB) at 0x76784
[03:49:57.254] |I| [pre_load_module]: Pre-load module SceFace (at "app\PCSE01164\sce_module\libface.suprx") loaded
[03:49:57.271] |C| [load_self]: Unknown segment type 0x6FFFFF01
[03:49:57.271] |I| [load_self]: Loaded module segment 0 @ [0x00078000 - 0x000A4CBF / 0x81000000] (size: 0x0002CCBF) of module ux0:app\PCSE01164\sce_module\libfios2.suprx
[03:49:57.273] |I| [load_self]: Loaded module segment 1 @ [0x000A5000 - 0x000AA255 / 0x8102D000] (size: 0x00005255) of module ux0:app\PCSE01164\sce_module\libfios2.suprx
[03:49:57.274] |I| [load_self]: Loading symbols for SELF: ux0:app\PCSE01164\sce_module\libfios2.suprx
[03:49:57.275] |D| [load_var_exports]: 	NID 0x936C8A78 (SYSLYB) at 0xA4BC8
[03:49:57.275] |D| [load_var_exports]: 	NID 0x6C2224BA (NID_MODULE_INFO) at 0x9BF08
[03:49:57.275] |I| [pre_load_module]: Pre-load module SceLibFios2 (at "app\PCSE01164\sce_module\libfios2.suprx") loaded
[03:49:57.324] |C| [load_self]: Unknown segment type 0x6FFFFF01
[03:49:57.324] |I| [load_self]: Loaded module segment 0 @ [0x000AB000 - 0x002B8AF4 / 0x81000000] (size: 0x0020DAF4) of module ux0:app\PCSE01164\sce_module\libsmart.suprx
[03:49:57.325] |I| [load_self]: Loaded module segment 1 @ [0x002B9000 - 0x002BC444 / 0x8120E000] (size: 0x00003444) of module ux0:app\PCSE01164\sce_module\libsmart.suprx
[03:49:57.326] |I| [load_self]: Loading symbols for SELF: ux0:app\PCSE01164\sce_module\libsmart.suprx
[03:49:57.327] |D| [load_var_exports]: 	NID 0x6C2224BA (NID_MODULE_INFO) at 0x156528
[03:49:57.328] |D| [load_var_exports]: 	NID 0x936C8A78 (SYSLYB) at 0x15D90C
[03:49:57.329] |I| [pre_load_module]: Pre-load module SceSmart (at "app\PCSE01164\sce_module\libsmart.suprx") loaded
[03:49:57.334] |C| [load_self]: Unknown segment type 0x6FFFFF01
[03:49:57.334] |I| [load_self]: Loaded module segment 0 @ [0x002BD000 - 0x002D09BC / 0x81000000] (size: 0x000139BC) of module ux0:app\PCSE01164\sce_module\libult.suprx
[03:49:57.337] |I| [load_self]: Loaded module segment 1 @ [0x002D1000 - 0x002D1814 / 0x81014000] (size: 0x00000814) of module ux0:app\PCSE01164\sce_module\libult.suprx
[03:49:57.339] |I| [load_self]: Loading symbols for SELF: ux0:app\PCSE01164\sce_module\libult.suprx
[03:49:57.339] |D| [load_var_exports]: 	NID 0x936C8A78 (SYSLYB) at 0x2CF2E8
[03:49:57.340] |D| [load_var_exports]: 	NID 0x6C2224BA (NID_MODULE_INFO) at 0x2CC870
[03:49:57.341] |I| [pre_load_module]: Pre-load module SceUlt (at "app\PCSE01164\sce_module\libult.suprx") loaded
[03:49:57.349] |I| [load_self]: Loaded module segment 0 @ [0x002D2000 - 0x00322F04 / 0x81000000] (size: 0x00050F04) of module vs0:sys/external/libSceFt2.suprx
[03:49:57.350] |I| [load_self]: Loaded module segment 1 @ [0x00323000 - 0x003232F4 / 0x81051000] (size: 0x000002F4) of module vs0:sys/external/libSceFt2.suprx
[03:49:57.353] |I| [load_self]: Loading symbols for SELF: vs0:sys/external/libSceFt2.suprx
[03:49:57.354] |D| [load_var_exports]: 	NID 0x936C8A78 (SYSLYB) at 0x30E7DC
[03:49:57.355] |D| [load_var_exports]: 	NID 0x6C2224BA (NID_MODULE_INFO) at 0x30DF10
[03:49:57.355] |I| [pre_load_module]: Pre-load module SceLibft2 (at "sys/external/libSceFt2.suprx") loaded
[03:49:57.358] |I| [load_self]: Loaded module segment 0 @ [0x00324000 - 0x00333F14 / 0x81000000] (size: 0x0000FF14) of module vs0:sys/external/libpvf.suprx
[03:49:57.359] |I| [load_self]: Loaded module segment 1 @ [0x00334000 - 0x00334008 / 0x81010000] (size: 0x00000008) of module vs0:sys/external/libpvf.suprx
[03:49:57.360] |I| [load_self]: Loading symbols for SELF: vs0:sys/external/libpvf.suprx
[03:49:57.361] |D| [load_var_exports]: 	NID 0x936C8A78 (SYSLYB) at 0x332710
[03:49:57.362] |D| [load_var_exports]: 	NID 0x6C2224BA (NID_MODULE_INFO) at 0x332300
[03:49:57.364] |I| [pre_load_module]: Pre-load module SceLibPvf (at "sys/external/libpvf.suprx") loaded
[03:49:57.390] |C| [load_self]: Unknown segment type 0x6FFFFF01
[03:49:57.390] |I| [load_self]: Loaded module segment 0 @ [0x00335000 - 0x003C59F8 / 0x81000000] (size: 0x000909F8) of module app0:eboot.bin
[03:49:57.391] |I| [load_self]: Loaded module segment 1 @ [0x003C6000 - 0x0040C2F0 / 0x81091000] (size: 0x000462F0) of module app0:eboot.bin
[03:49:57.393] |I| [load_self]: Loading symbols for SELF: app0:eboot.bin
[03:49:57.393] |D| [load_var_exports]: 	NID 0x6C2224BA (NID_MODULE_INFO) at 0x39E1A8
[03:49:57.394] |D| [load_var_exports]: 	NID 0x70FBA1E7 (SCE_PROC_PARAMS) at 0x3CF004
[03:49:57.394] |D| [load_var_exports]: 	NID 0x936C8A78 (SYSLYB) at 0x3C11F8
[03:49:57.395] |I| [load_app_impl]: Main executable VitaMain (eboot.bin) loaded
[03:49:57.406] |D| [run_app]: Running module_start of library: SceLibc at address 0x7871
[03:49:57.513] |I| [run_app]: Module SceLibc (at "ux0:app\PCSE01164\sce_module\libc.suprx") module_start returned 0x0
[03:49:57.517] |D| [run_app]: Running module_start of library: SceFace at address 0x73265
[03:49:57.525] |I| [run_app]: Module SceFace (at "ux0:app\PCSE01164\sce_module\libface.suprx") module_start returned 0x0
[03:49:57.531] |D| [run_app]: Running module_start of library: SceLibFios2 at address 0x78001
[03:49:57.538] |W| [stubbed_impl]: Stubbed sceKernelGetProcessId import called. (pid: 0)
[03:49:57.539] |D| [export_sceFiosOverlayGetList02]: maxIDs: 127
[03:49:57.539] |W| [unimplemented_impl]: Unimplemented sceFiosOverlayGetList02 import called.
[03:49:57.540] |I| [run_app]: Module SceLibFios2 (at "ux0:app\PCSE01164\sce_module\libfios2.suprx") module_start returned 0x0
[03:49:57.544] |D| [run_app]: Running module_start of library: SceSmart at address 0xAB18D
[03:49:57.554] |I| [run_app]: Module SceSmart (at "ux0:app\PCSE01164\sce_module\libsmart.suprx") module_start returned 0x0
[03:49:57.558] |D| [run_app]: Running module_start of library: SceUlt at address 0x2C0771
[03:49:57.565] |W| [unimplemented_i