[16:34:37.188] |I| [load_app_impl]: cpu-backend: Dynarmic
[16:34:37.188] |I| [load_app_impl]: CPU Optimisation state: true
[16:34:37.188] |I| [load_app_impl]: at9 audio decoder state: true
[16:34:37.189] |I| [load_app_impl]: ngs experimental state: true
[16:34:37.189] |I| [load_app_impl]: video player state: true
[16:34:37.189] |I| [load_app_impl]: lle-modules: libpgf,libSceXml,libsas,liblocation,libhandwriting,libSceJson,librudp
[16:34:37.189] |I| [load_app_impl]: Title: Fate/EXTELLA LINK
[16:34:37.189] |I| [load_app_impl]: Serial: PCSE01254
[16:34:37.189] |I| [load_app_impl]: Version: 1.01
[16:34:37.189] |I| [load_app_impl]: Category: gp
[16:34:37.254] |C| [load_self]: Unknown segment type 0x6FFFFF01
[16:34:37.254] |I| [load_self]: Loaded module segment 0 @ [0x00007000 - 0x000588A4 / 0x81000000] (size: 0x000518A4) of module ux0:app\PCSE01254\sce_module\libc.suprx
[16:34:37.254] |I| [load_self]: Loaded module segment 1 @ [0x00059000 - 0x0005B8A0 / 0x81052000] (size: 0x000028A0) of module ux0:app\PCSE01254\sce_module\libc.suprx
[16:34:37.255] |I| [load_self]: Loading symbols for SELF: ux0:app\PCSE01254\sce_module\libc.suprx
[16:34:37.255] |D| [load_var_exports]: 	NID 0x936C8A78 (SYSLYB) at 0x4E314
[16:34:37.255] |D| [load_var_exports]: 	NID 0x6C2224BA (NID_MODULE_INFO) at 0x434DC
[16:34:37.255] |W| [load_var_imports]: 	NID NOT FOUND 0x93B8AA67 (UNRECOGNISED) at 0x4763C, setting to stub value 0xDEADBEEF
[16:34:37.256] |W| [load_var_imports]: 	NID NOT FOUND 0xDF084DFA (UNRECOGNISED) at 0x491D0, setting to stub value 0xDEADBEEF
[16:34:37.256] |I| [pre_load_module]: Pre-load module SceLibc (at "app\PCSE01254\sce_module\libc.suprx") loaded
[16:34:37.267] |C| [load_self]: Unknown segment type 0x6FFFFF01
[16:34:37.267] |I| [load_self]: Loaded module segment 0 @ [0x0005E000 - 0x0008ACBF / 0x81000000] (size: 0x0002CCBF) of module ux0:app\PCSE01254\sce_module\libfios2.suprx
[16:34:37.267] |I| [load_self]: Loaded module segment 1 @ [0x0008B000 - 0x00090255 / 0x8102D000] (size: 0x00005255) of module ux0:app\PCSE01254\sce_module\libfios2.suprx
[16:34:37.268] |I| [load_self]: Loading symbols for SELF: ux0:app\PCSE01254\sce_module\libfios2.suprx
[16:34:37.268] |D| [load_var_exports]: 	NID 0x936C8A78 (SYSLYB) at 0x8ABC8
[16:34:37.268] |D| [load_var_exports]: 	NID 0x6C2224BA (NID_MODULE_INFO) at 0x81F08
[16:34:37.268] |I| [pre_load_module]: Pre-load module SceLibFios2 (at "app\PCSE01254\sce_module\libfios2.suprx") loaded
[16:34:37.310] |C| [load_self]: Unknown segment type 0x6FFFFF01
[16:34:37.310] |I| [load_self]: Loaded module segment 0 @ [0x00091000 - 0x0029EAF4 / 0x81000000] (size: 0x0020DAF4) of module ux0:app\PCSE01254\sce_module\libsmart.suprx
[16:34:37.310] |I| [load_self]: Loaded module segment 1 @ [0x0029F000 - 0x002A2444 / 0x8120E000] (size: 0x00003444) of module ux0:app\PCSE01254\sce_module\libsmart.suprx
[16:34:37.311] |I| [load_self]: Loading symbols for SELF: ux0:app\PCSE01254\sce_module\libsmart.suprx
[16:34:37.311] |D| [load_var_exports]: 	NID 0x6C2224BA (NID_MODULE_INFO) at 0x13C528
[16:34:37.311] |D| [load_var_exports]: 	NID 0x936C8A78 (SYSLYB) at 0x14390C
[16:34:37.311] |I| [pre_load_module]: Pre-load module SceSmart (at "app\PCSE01254\sce_module\libsmart.suprx") loaded
[16:34:37.327] |C| [load_self]: Unknown segment type 0x6FFFFF01
[16:34:37.327] |I| [load_self]: Loaded module segment 0 @ [0x002A3000 - 0x002B69BC / 0x81000000] (size: 0x000139BC) of module ux0:app\PCSE01254\sce_module\libult.suprx
[16:34:37.327] |I| [load_self]: Loaded module segment 1 @ [0x002B7000 - 0x002B7814 / 0x81014000] (size: 0x00000814) of module ux0:app\PCSE01254\sce_module\libult.suprx
[16:34:37.327] |I| [load_self]: Loading symbols for SELF: ux0:app\PCSE01254\sce_module\libult.suprx
[16:34:37.328] |D| [load_var_exports]: 	NID 0x936C8A78 (SYSLYB) at 0x2B52E8
[16:34:37.328] |D| [load_var_exports]: 	NID 0x6C2224BA (NID_MODULE_INFO) at 0x2B2870
[16:34:37.328] |I| [pre_load_module]: Pre-load module SceUlt (at "app\PCSE01254\sce_module\libult.suprx") loaded
[16:34:37.334] |I| [load_self]: Loaded module segment 0 @ [0x002B8000 - 0x00308F04 / 0x81000000] (size: 0x00050F04) of module vs0:sys/external/libSceFt2.suprx
[16:34:37.335] |I| [load_self]: Loaded module segment 1 @ [0x00309000 - 0x003092F4 / 0x81051000] (size: 0x000002F4) of module vs0:sys/external/libSceFt2.suprx
[16:34:37.335] |I| [load_self]: Loading symbols for SELF: vs0:sys/external/libSceFt2.suprx
[16:34:37.335] |D| [load_var_exports]: 	NID 0x936C8A78 (SYSLYB) at 0x2F47DC
[16:34:37.335] |D| [load_var_exports]: 	NID 0x6C2224BA (NID_MODULE_INFO) at 0x2F3F10
[16:34:37.335] |I| [pre_load_module]: Pre-load module SceLibft2 (at "sys/external/libSceFt2.suprx") loaded
[16:34:37.337] |I| [load_self]: Loaded module segment 0 @ [0x0030A000 - 0x00319F14 / 0x81000000] (size: 0x0000FF14) of module vs0:sys/external/libpvf.suprx
[16:34:37.337] |I| [load_self]: Loaded module segment 1 @ [0x0031A000 - 0x0031A008 / 0x81010000] (size: 0x00000008) of module vs0:sys/external/libpvf.suprx
[16:34:37.338] |I| [load_self]: Loading symbols for SELF: vs0:sys/external/libpvf.suprx
[16:34:37.338] |D| [load_var_exports]: 	NID 0x936C8A78 (SYSLYB) at 0x318710
[16:34:37.338] |D| [load_var_exports]: 	NID 0x6C2224BA (NID_MODULE_INFO) at 0x318300
[16:34:37.338] |I| [pre_load_module]: Pre-load module SceLibPvf (at "sys/external/libpvf.suprx") loaded
[16:34:37.604] |C| [load_self]: Unknown segment type 0x6FFFFF01
[16:34:37.604] |I| [load_self]: Loaded module segment 0 @ [0x0031B000 - 0x00E2F1D4 / 0x81000000] (size: 0x00B141D4) of module app0:eboot.bin
[16:34:37.604] |I| [load_self]: Loaded module segment 1 @ [0x00E30000 - 0x01171FF0 / 0x81B15000] (size: 0x00341FF0) of module app0:eboot.bin
[16:34:37.604] |I| [load_self]: Loading symbols for SELF: app0:eboot.bin
[16:34:37.605] |D| [load_var_exports]: 	NID 0x6C2224BA (NID_MODULE_INFO) at 0xCFA9C0
[16:34:37.605] |D| [load_var_exports]: 	NID 0x70FBA1E7 (SCE_PROC_PARAMS) at 0xE36108
[16:34:37.605] |D| [load_var_exports]: 	NID 0x936C8A78 (SYSLYB) at 0xDAC244
[16:34:37.605] |I| [load_app_impl]: Main executable link (eboot.bin) loaded
[16:34:37.614] |D| [run_app]: Running module_start of library: SceLibc at address 0x7871
[16:34:37.704] |I| [run_app]: Module SceLibc (at "ux0:app\PCSE01254\sce_module\libc.suprx") module_start returned 0x0
[16:34:37.708] |D| [run_app]: Running module_start of library: SceLibFios2 at address 0x5E001
[16:34:37.715] |W| [stubbed_impl]: Stubbed sceKernelGetProcessId import called. (pid: 0)
[16:34:37.716] |D| [export_sceFiosOverlayGetList02]: maxIDs: 127
[16:34:37.716] |W| [unimplemented_impl]: Unimplemented sceFiosOverlayGetList02 import called.
[16:34:37.716] |I| [run_app]: Module SceLibFios2 (at "ux0:app\PCSE01254\sce_module\libfios2.suprx") module_start returned 0x0
[16:34:37.720] |D| [run_app]: Running module_start of library: SceSmart at address 0x9118D
[16:34:37.730] |I| [run_app]: Module SceSmart (at "ux0:app\PCSE01254\sce_module\libsmart.suprx") module_start returned 0x0
[16:34:37.734] |D| [run_app]: Running module_start of library: SceUlt at address 0x2A6771
[16:34:37.741] |W| [unimplemented_impl]: Unimplemented _sceUlobjMgrRegisterLibultProtocolRevision import called.
[16:34:37.741] |I| [run_app]: Module SceUlt (at "ux0:app\PCSE01254\sce_module\libult.suprx") module_start returned 0x0
[16:34:37.746] |W| [unimplemented_impl]: Unimplemented sceKernelRegisterThreadEventHandler import called.
[16:34:38.814] |W| [unimplemented_impl]: Unimplemented sceAppUtilInit import called.
[16:34:38.833] |W| [unimplemented_impl]: Unimplemented sceKernelChangeThreadVfpException import called.
[16:34:38.833] |W| [unimplemented_impl]: Unimplemented sceFiosOverlayThreadSetDisabled02 import called.
[16:34:38.878] |W| [unimplemented_impl]: Unimplemented sceFiosOverlayGetRecommendedScheduler02 import called.
[16:34:38.906] |I| [export_sceIoOpen]: Opening file: app0:/resource/common/boot_config.ini
[16:34:38.931] |I| [export_sceIoOpen]: Opening file: app0:/resource/target/psp2/pack/mount/retail/archive.pkh
[16:34:38.973] |I| [export_sceIoOpen]: Opening file: app0:/resource/target/psp2/pack/mount/retail/archi