[18:13:12.278] |I| [load_app_impl]: ngs experimental state: true
[18:13:12.278] |I| [load_app_impl]: video player state: true
[18:13:12.279] |I| [load_app_impl]: lle-modules: libsas,libSceJson,liblocation,libSceXml,libpgf,libvoice,librudp,libSceSqlite,libvoiceqos,sqlite
[18:13:12.279] |I| [load_app_impl]: Title: Damascus Gear Operation Osaka
[18:13:12.279] |I| [load_app_impl]: Serial: PCSE01180
[18:13:12.279] |I| [load_app_impl]: Version: 1.00
[18:13:12.279] |I| [load_app_impl]: Category: gd
[18:13:12.287] |C| [load_self]: Unknown segment type 0x6FFFFF01
[18:13:12.287] |I| [load_self]: Loaded module segment 0 @ [0x00004000 - 0x0005591C / 0x81000000] (size: 0x0005191C) of module ux0:app\PCSE01180\sce_module\libc.suprx
[18:13:12.287] |I| [load_self]: Loaded module segment 1 @ [0x00056000 - 0x000588A0 / 0x81052000] (size: 0x000028A0) of module ux0:app\PCSE01180\sce_module\libc.suprx
[18:13:12.288] |I| [load_self]: Loading symbols for SELF: ux0:app\PCSE01180\sce_module\libc.suprx
[18:13:12.288] |D| [load_var_exports]: 	NID 0x936C8A78 (SYSLYB) at 0x4B38C
[18:13:12.289] |D| [load_var_exports]: 	NID 0x6C2224BA (NID_MODULE_INFO) at 0x40550
[18:13:12.289] |W| [load_var_imports]: 	NID NOT FOUND 0x93B8AA67 (UNRECOGNISED) at 0x446B0, setting to stub value 0xDEADBEEF
[18:13:12.290] |W| [load_var_imports]: 	NID NOT FOUND 0xDF084DFA (UNRECOGNISED) at 0x46244, setting to stub value 0xDEADBEEF
[18:13:12.291] |I| [pre_load_module]: Pre-load module SceLibc (at "app\PCSE01180\sce_module\libc.suprx") loaded
[18:13:12.293] |C| [load_self]: Unknown segment type 0x6FFFFF01
[18:13:12.294] |I| [load_self]: Loaded module segment 0 @ [0x0005B000 - 0x00074000 / 0x81000000] (size: 0x00019000) of module ux0:app\PCSE01180\sce_module\libface.suprx
[18:13:12.295] |I| [load_self]: Loaded module segment 1 @ [0x00074000 - 0x000740F8 / 0x81019000] (size: 0x000000F8) of module ux0:app\PCSE01180\sce_module\libface.suprx
[18:13:12.296] |I| [load_self]: Loading symbols for SELF: ux0:app\PCSE01180\sce_module\libface.suprx
[18:13:12.296] |D| [load_var_exports]: 	NID 0x6C2224BA (NID_MODULE_INFO) at 0x70DA4
[18:13:12.297] |D| [load_var_exports]: 	NID 0x936C8A78 (SYSLYB) at 0x73784
[18:13:12.297] |I| [pre_load_module]: Pre-load module SceFace (at "app\PCSE01180\sce_module\libface.suprx") loaded
[18:13:12.302] |C| [load_self]: Unknown segment type 0x6FFFFF01
[18:13:12.302] |I| [load_self]: Loaded module segment 0 @ [0x00075000 - 0x000A1CBF / 0x81000000] (size: 0x0002CCBF) of module ux0:app\PCSE01180\sce_module\libfios2.suprx
[18:13:12.303] |I| [load_self]: Loaded module segment 1 @ [0x000A2000 - 0x000A7255 / 0x8102D000] (size: 0x00005255) of module ux0:app\PCSE01180\sce_module\libfios2.suprx
[18:13:12.304] |I| [load_self]: Loading symbols for SELF: ux0:app\PCSE01180\sce_module\libfios2.suprx
[18:13:12.305] |D| [load_var_exports]: 	NID 0x936C8A78 (SYSLYB) at 0xA1BC8
[18:13:12.305] |D| [load_var_exports]: 	NID 0x6C2224BA (NID_MODULE_INFO) at 0x98F08
[18:13:12.306] |I| [pre_load_module]: Pre-load module SceLibFios2 (at "app\PCSE01180\sce_module\libfios2.suprx") loaded
[18:13:12.345] |C| [load_self]: Unknown segment type 0x6FFFFF01
[18:13:12.345] |I| [load_self]: Loaded module segment 0 @ [0x000A8000 - 0x002B5AF4 / 0x81000000] (size: 0x0020DAF4) of module ux0:app\PCSE01180\sce_module\libsmart.suprx
[18:13:12.346] |I| [load_self]: Loaded module segment 1 @ [0x002B6000 - 0x002B9444 / 0x8120E000] (size: 0x00003444) of module ux0:app\PCSE01180\sce_module\libsmart.suprx
[18:13:12.347] |I| [load_self]: Loading symbols for SELF: ux0:app\PCSE01180\sce_module\libsmart.suprx
[18:13:12.348] |D| [load_var_exports]: 	NID 0x6C2224BA (NID_MODULE_INFO) at 0x153528
[18:13:12.348] |D| [load_var_exports]: 	NID 0x936C8A78 (SYSLYB) at 0x15A90C
[18:13:12.349] |I| [pre_load_module]: Pre-load module SceSmart (at "app\PCSE01180\sce_module\libsmart.suprx") loaded
[18:13:12.352] |C| [load_self]: Unknown segment type 0x6FFFFF01
[18:13:12.352] |I| [load_self]: Loaded module segment 0 @ [0x002BA000 - 0x002CD9BC / 0x81000000] (size: 0x000139BC) of module ux0:app\PCSE01180\sce_module\libult.suprx
[18:13:12.353] |I| [load_self]: Loaded module segment 1 @ [0x002CE000 - 0x002CE814 / 0x81014000] (size: 0x00000814) of module ux0:app\PCSE01180\sce_module\libult.suprx
[18:13:12.354] |I| [load_self]: Loading symbols for SELF: ux0:app\PCSE01180\sce_module\libult.suprx
[18:13:12.355] |D| [load_var_exports]: 	NID 0x936C8A78 (SYSLYB) at 0x2CC2E8
[18:13:12.356] |D| [load_var_exports]: 	NID 0x6C2224BA (NID_MODULE_INFO) at 0x2C9870
[18:13:12.356] |I| [pre_load_module]: Pre-load module SceUlt (at "app\PCSE01180\sce_module\libult.suprx") loaded
[18:13:12.363] |I| [load_self]: Loaded module segment 0 @ [0x002CF000 - 0x0031FF04 / 0x81000000] (size: 0x00050F04) of module vs0:sys/external/libSceFt2.suprx
[18:13:12.363] |I| [load_self]: Loaded module segment 1 @ [0x00320000 - 0x003202F4 / 0x81051000] (size: 0x000002F4) of module vs0:sys/external/libSceFt2.suprx
[18:13:12.365] |I| [load_self]: Loading symbols for SELF: vs0:sys/external/libSceFt2.suprx
[18:13:12.366] |D| [load_var_exports]: 	NID 0x936C8A78 (SYSLYB) at 0x30B7DC
[18:13:12.366] |D| [load_var_exports]: 	NID 0x6C2224BA (NID_MODULE_INFO) at 0x30AF10
[18:13:12.367] |I| [pre_load_module]: Pre-load module SceLibft2 (at "sys/external/libSceFt2.suprx") loaded
[18:13:12.369] |I| [load_self]: Loaded module segment 0 @ [0x00321000 - 0x00330F14 / 0x81000000] (size: 0x0000FF14) of module vs0:sys/external/libpvf.suprx
[18:13:12.370] |I| [load_self]: Loaded module segment 1 @ [0x00331000 - 0x00331008 / 0x81010000] (size: 0x00000008) of module vs0:sys/external/libpvf.suprx
[18:13:12.371] |I| [load_self]: Loading symbols for SELF: vs0:sys/external/libpvf.suprx
[18:13:12.371] |D| [load_var_exports]: 	NID 0x936C8A78 (SYSLYB) at 0x32F710
[18:13:12.372] |D| [load_var_exports]: 	NID 0x6C2224BA (NID_MODULE_INFO) at 0x32F300
[18:13:12.372] |I| [pre_load_module]: Pre-load module SceLibPvf (at "sys/external/libpvf.suprx") loaded
[18:13:12.409] |C| [load_self]: Unknown segment type 0x6FFFFF01
[18:13:12.409] |I| [load_self]: Loaded module segment 0 @ [0x00332000 - 0x004C5DBB / 0x81000000] (size: 0x00193DBB) of module app0:eboot.bin
[18:13:12.410] |I| [load_self]: Loaded module segment 1 @ [0x004C6000 - 0x004E2214 / 0x81194000] (size: 0x0001C214) of module app0:eboot.bin
[18:13:12.411] |I| [load_self]: Loading symbols for SELF: app0:eboot.bin
[18:13:12.411] |D| [load_var_exports]: 	NID 0x6C2224BA (NID_MODULE_INFO) at 0x496200
[18:13:12.412] |D| [load_var_exports]: 	NID 0x70FBA1E7 (SCE_PROC_PARAMS) at 0x4C78D4
[18:13:12.412] |D| [load_var_exports]: 	NID 0x936C8A78 (SYSLYB) at 0x4BFA44
[18:13:12.413] |I| [load_app_impl]: Main executable GameVita_m_us (eboot.bin) loaded
[18:13:12.415] |D| [run_app]: Running module_start of library: SceLibc at address 0x4871
[18:13:12.419] |I| [run_app]: Module SceLibc (at "ux0:app\PCSE01180\sce_module\libc.suprx") module_start returned 0x0
[18:13:12.420] |D| [run_app]: Running module_start of library: SceFace at address 0x70265
[18:13:12.422] |I| [run_app]: Module SceFace (at "ux0:app\PCSE01180\sce_module\libface.suprx") module_start returned 0x0
[18:13:12.425] |D| [run_app]: Running module_start of library: SceLibFios2 at address 0x75001
[18:13:12.427] |W| [stubbed_impl]: Stubbed sceKernelGetProcessId import called. (pid: 0)
[18:13:12.428] |D| [export_sceFiosOverlayGetList02]: maxIDs: 127
[18:13:12.428] |W| [unimplemented_impl]: Unimplemented sceFiosOverlayGetList02 import called.
[18:13:12.429] |I| [run_app]: Module SceLibFios2 (at "ux0:app\PCSE01180\sce_module\libfios2.suprx") module_start returned 0x0
[18:13:12.430] |D| [run_app]: Running module_start of library: SceSmart at address 0xA818D
[18:13:12.432] |I| [run_app]: Module SceSmart (at "ux0:app\PCSE01180\sce_module\libsmart.suprx") module_start returned 0x0
[18:13:12.433] |D| [run_app]: Running module_start of library: SceUlt at address 0x2BD771
[18:13:12.435] |W| [unimplemented_impl]: Unimplemented _sceUlobjMgrRegisterLibultProtocolRevision import called.
[18:13:12.435] |I| [run_app]: Module SceUlt (at "ux0:app\PCSE01180\sce_module\libult.suprx") module_start returned 0x0
[18:13:12.569] |W| [unimplemented_impl]: Unimplemented sceScreenShotSetOverlayImage import called.
[18:13:12.572] |W| [stubbed_impl]: Stubbed sceGxmMapMemory import called. (always return success)
[18:13:12.573] |W| [stubbed_impl]: Stubbed sceGxmMapFragmentUsseMemory import called. (always return success)
[18:13:12.767] |W| [stubbed_impl]: Stubbed sceGxmMapVertexUsseMemory import called. (always return success)
[18:13:12.788] |W| [unimplemented_impl]: Unimplemented sceAppUtilInit import called.
[18:13:12.789] |W| [unimplemented_impl]: Unimplemented sceSystemGestureInitializePrimitiveTouchRecognizer import called.
[18:13:12.790] |W| [unimplemented_impl]: Unimplemented sceTouchEnableTouchForce import called.
[18:13:12.794] |W| [unimplemented_impl]: Unimplemented sceKernelChangeThreadVfpException import called.
[18:13:12.795] |W| [unimplemented_impl]: Unimplemented sceFiosOverlayThreadSetDisabled02 import called.
[18:13:12.801] |D| [export_sceNgsVoicePlay]: sceNgsVoicePlay: 1
[18:13:12.801] |D| [export_sceNgsVoicePlay]: sceNgsVoicePlay: 1
[18:13:12.812] |E| [logging::ret_error_impl]: sceNgsRackGetVoiceHandle returned SCE_NGS_ERROR_INVALID_ARG (0x804A0002)
[18:13:12.812] |E| [logging::ret_error_impl]: sceNgsPatchCreateRouting returned SCE_NGS_ERROR (0x804A0001)
[18:13:12.813] |E| [logging::ret_error_impl]: sceNgsVoicePatchSetVolumesMatrix returned SCE_NGS_ERROR_INVALID_ARG (0x804A0002)
[18:13:12.858] |I| [export_sceIoOpen]: Opening file: app0:ResourceVita/font_new_cinema_BStdD_20.abcd
[18:13:12.859] |I| [export_sceIoOpen]: Opening file: app0:ResourceVita/font_new_cinema_BStdD_20.cvt
[18:13:12.867] |I| [export_sceIoOpen]: Opening file: app0:ResourceVita/font_terop_mintyouPro_D_20.abcd
[18:13:12.867] |I| [export_sceIoOpen]: Opening file: app0:ResourceVita/font_terop_mintyouPro_D_20.cvt
[18:13:12.875] |I| [export_sceIoOpen]: Opening file: app0:ResourceVita/font_alien_league_30.abcd
[18:13:12.875] |I| [export_sceIoOpen]: Opening file: app0:ResourceVita/font_alien_league_30.cvt
[18:13:12.877] |I| [export_sceIoOpen]: Opening file: app0:ResourceVita/layout_tex/en/mtex_common.pac
[18:13:12.884] |I| [export_sceIoOpen]: Opening file: app0:ResourceVita/layout/en/layout_common.pac
[18:13:12.892] |I| [export_sceIoOpen]: Opening file: app0:ResourceVita/script\s_itemdata.spb
[18:13:12.894] |I| [export_sceIoOpen]: Opening file: app0:ResourceVita/path_unitlist_g2.bin
[18:13:12.897] |I| [export_sceIoOpen]: Opening file: app0:ResourceVita/script\script_game_setting.pac
[18:13:12.916] |I| [export_sceIoOpen]: Opening file: app0:ResourceVita/message\common_message_english.mes
[18:13:12.916] |I| [export_sceIoOpen]: Opening file: app0:ResourceVita/message\partsname_message_english.mes
[18:13:12.917] |I| [export_sceIoOpen]: Opening file: app0:ResourceVita/sound\snd_package_ui.pac
[18:13:12.931] |W| [stubbed_impl]: Stubbed sceNpTrophyCreateHandle import called. (Stubbed handle with 1)
[18:13:12.932] |W| [unimplemented_impl]: Unimplemented sceSystemGestureUpdatePrimitiveTouchRecognizer import called.
[18:13:12.934] |W| [unimplemented_impl]: Unimplemented sceCommonDialogUpdate import called.
[18:13:12.934] |W| [stubbed_impl]: Stubbed __sceAppMgrGetAppState import called. (Set to 0.)
[18:13:12.936] |W| [stubbed_impl]: Stubbed sceNetCtlCheckCallback import called. (Stub)
[18:13:12.944] |E| [logging::ret_error_impl]: sceKernelWaitEventFlag returned SCE_KERNEL_ERROR_WAIT_TIMEOUT (0x80028005)
[18:13:12.964] |I| [renderer::gl::load_shader_generic]: Generating frag shader d62a49bb88b2badbb5a487f1ae3eff72dea4a8782fc36cdac600af9c12b421e7
[18:13:12.965] |D| [shader::create_fragment_inputs]: Iterator: pa0 = (half4) v_Color0
[18:13:12.968] |I| [renderer::gl::load_shader_generic]: Generating vert shader 41df656f6714dbb9e3c18d2fc63db5c60ab6392064f7e5592976f9715aa22aaf
[18:13:12.969] |D| [shader::create_parameters]: [BUFFER0  + 0] pa0 = (float4) aPosition
[18:13:12.970] |D| [shader::create_parameters]: [BUFFER0  + 4] pa4 = (float4) aVertexColor
[18:13:12.974] |E| [renderer::gl::compile_program]: Fragment info
-------------
0(17) : warning C7050: "pa[0].zw" might be used before being initialized


[18:13:12.977] |W| [stubbed_impl]: Stubbed sceDisplayWaitSetFrameBufMulti import called. (move after setframebuf)
[18:13:12.982] |W| [stubbed_impl]: Stubbed sceDisplayWaitSetFrameBuf import called. (move after setframebuf)
[18:13:13.478] |D| [export_sceNgsVoicePlay]: sceNgsVoicePlay: 1
[18:13:13.514] |D| [renderer::gl::texture::upload_bound_texture]: Texture Cube used
[18:13:13.532] |I| [renderer::gl::load_shader_generic]: Generating frag shader cf593718319c63caae9e754d246a45846c9bb31e7908db597d2a3df447a4630c
[18:13:13.534] |D| [shader::create_fragment_inputs]: Iterator: pa0 = (half4) v_Color0
[18:13:13.538] |I| [renderer::gl::load_shader_generic]: Generating vert shader 2860fae1f5500adf4cab1ee7d50fd15c422c1c134ffcf80f1fa6388ef0e2d613
[18:13:13.539] |D| [shader::create_parameters]: [BUFFER0  + 0] pa0 = (float4) aPosition
[18:13:13.542] |D| [shader::create_parameters]: [BUFFER0  + 4] pa4 = (float4) aVertexColor
[18:13:13.543] |D| [shader::create_parameters]: [BUFFER0  + 8] pa8 = (float4) aTexCoord
[18:13:13.561] |E| [renderer::gl::compile_program]: Fragment info
-------------
0(19) : warning C7050: "pa[0].zw" might be used before being initialized


[18:13:13.565] |D| [renderer::gl::texture::upload_bound_texture]: Texture Cube used
[18:13:17.748] |E| [logging::ret_error_impl]: sceNgsVoiceGetInfo returned SCE_NGS_ERROR_INVALID_ARG (0x804A0002)
[18:13:17.748] |W| [stubbed_impl]: Stubbed sceKernelGetThreadInfo import called. (STUB)
[18:13:17.842] |I| [export_sceIoOpen]: Opening file: app0:ResourceVita/sound\snd_bgm_package_ui.pac
[18:13:17.847] |I| [export_sceIoOpen]: Opening file: app0:ResourceVita/sound\snd_package_ui.pac
[18:13:17.849] |I| [export_sceIoOpen]: Opening file: app0:ResourceVita/script\script_game_setting.pac
[18:13:17.850] |I| [export_sceIoOpen]: Opening file: app0:ResourceVita/script\script_character.pac
[18:13:18.928] |I| [export_sceIoOpen]: Opening file: app0:ResourceVita/layout_tex/en/mtex_opening.pac
[18:13:18.932] |I| [export_sceIoOpen]: Opening file: app0:ResourceVita/layout/en/layout_opening.pac
[18:13:19.962] |D| [export_sceNgsVoicePlay]: sceNgsVoicePlay: 1
[18:13:21.962] |D| [export_sceNgsVoicePlay]: sceNgsVoicePlay: 1
[18:13:23.929] |W| [unimplemented_impl]: Unimplemented sceNgsVoiceSetFinishedCallback import called.
[18:13:23.929] |D| [export_sceNgsVoicePlay]: sceNgsVoicePlay: 1
[18:13:26.797] |D| [export_sceNgsVoicePlay]: sceNgsVoicePlay: 1
[18:13:28.429] |I| [export_sceIoOpen]: Opening file: app0:ResourceVita/layout_tex/en/mtex_main.pac
[18:13:28.435] |I| [export_sceIoOpen]: Opening file: app0:ResourceVita/layout/en/layout_save.pac
[18:13:28.436] |I| [export_sceIoOpen]: Opening file: app0:ResourceVita/layout/en/layout_name.pac
[18:13:28.439] |I| [export_sceIoOpen]: Opening file: savedata0:gear2_save_00.bin
[18:13:28.440] |E| [open_file]: Missing file at D:/Emulateurs/Vita3K/mc/ux0/user/00/savedata/PCSE01180/gear2_save_00.bin (target path: savedata0:gear2_save_00.bin)
[18:13:28.441] |W| [io_error_impl]: open_file (sceIoOpen) returned 0x80010002
[18:13:28.441] |I| [export_sceIoOpen]: Opening file: savedata0:gear2_save_01.bin
[18:13:28.442] |E| [open_file]: Missing file at D:/Emulateurs/Vita3K/mc/ux0/user/00/savedata/PCSE01180/gear2_save_01.bin (target path: savedata0:gear2_save_01.bin)
[18:13:28.442] |W| [io_error_impl]: open_file (sceIoOpen) returned 0x80010002
[18:13:28.443] |I| [export_sceIoOpen]: Opening file: savedata0:debug_gear2_save_00.bin
[18:13:28.443] |E| [open_file]: Missing file at D:/Emulateurs/Vita3K/mc/ux0/user/00/savedata/PCSE01180/debug_gear2_save_00.bin (target path: savedata0:debug_gear2_save_00.bin)
[18:13:28.444] |W| [io_error_impl]: open_file (sceIoOpen) returned 0x80010002
[18:13:28.445] |I| [export_sceIoOpen]: Opening file: savedata0:debug_gear2_save_01.bin
[18:13:28.446] |E| [open_file]: Missing file at D:/Emulateurs/Vita3K/mc/ux0/user/00/savedata/PCSE01180/debug_gear2_save_01.bin (target path: savedata0:debug_gear2_save_01.bin)
[18:13:28.447] |W| [io_error_impl]: open_file (sceIoOpen) returned 0x80010002
[18:13:28.447] |D| [export_sceNgsVoicePlay]: sceNgsVoicePlay: 1
[18:13:28.481] |D| [renderer::gl::texture::upload_bound_texture]: Texture Cube used
[18:13:28.500] |D| [renderer::gl::texture::upload_bound_texture]: Texture Cube used
[18:13:29.563] |I| [export_sceIoOpen]: Opening file: savedata0:gear2_save_00.bin
[18:13:29.563] |E| [open_file]: Missing file at D:/Emulateurs/Vita3K/mc/ux0/user/00/savedata/PCSE01180/gear2_save_00.bin (target path: savedata0:gear2_save_00.bin)
[18:13:29.564] |W| [io_error_impl]: open_file (sceIoOpen) returned 0x80010002
[18:13:29.565] |D| [export_sceNgsVoicePlay]: sceNgsVoicePlay: 1
[18:13:33.502] |D| [export_sceNgsVoicePlay]: sceNgsVoicePlay: 1
[18:13:34.069] |D| [export_sceNgsVoicePlay]: sceNgsVoicePlay: 1
[18:13:34.568] |D| [export_sceNgsVoicePlay]: sceNgsVoicePlay: 1
[18:13:35.396] |D| [export_sceNgsVoicePlay]: sceNgsVoicePlay: 1
[18:13:35.736] |D| [export_sceNgsVoicePlay]: sceNgsVoicePlay: 1
[18:13:36.635] |D| [export_sceNgsVoicePlay]: sceNgsVoicePlay: 1
[18:15:08.634] |W| [Atrac9DecoderState::send]: Error sending Atrac9 packet: 0xBEBBB1B7.
[18:15:08.654] |W| [Atrac9DecoderState::send]: Error sending Atrac9 packet: 0xBEBBB1B7.
[18:15:08.674] |W| [Atrac9DecoderState::send]: Error sending Atrac9 packet: 0xBEBBB1B7.
[18:15:08.694] |W| [Atrac9DecoderState::send]: Error sending Atrac9 packet: 0xBEBBB1B7.
[18:15:08.714] |W| [Atrac9DecoderState::send]: Error sending Atrac9 packet: 0xBEBBB1B7.
[18:15:08.734] |W| [Atrac9DecoderState::send]: Error sending Atrac9 packet: 0xBEBBB1B7.
[18:15:08.755] |W| [Atrac9DecoderState::send]: Error sending Atrac9 packet: 0xBEBBB1B7.
[18:15:08.774] |W| [Atrac9DecoderState::send]: Error sending Atrac9 packet: 0xBEBBB1B7.
[18:15:08.794] |W| [Atrac9DecoderState::send]: Error sending Atrac9 packet: 0xBEBBB1B7.
[18:15:08.814] |W| [Atrac9DecoderState::send]: Error sending Atrac9 packet: 0xBEBBB1B7.
[18:15:08.844] |W| [Atrac9DecoderState::send]: Error sending Atrac9 packet: 0xBEBBB1B7.
[18:15:08.864] |W| [Atrac9DecoderState::send]: Error sending Atrac9 packet: 0xBEBBB1B7.
[18:15:08.884] |W| [Atrac9DecoderState::send]: Error sending Atrac9 packet: 0xBEBBB1B7.
[18:15:08.904] |W| [Atrac9DecoderState::send]: Error sending Atrac9 packet: 0xBEBBB1B7.
[18:15:08.924] |W| [Atrac9DecoderState::send]: Error sending Atrac9 packet: 0xBEBBB1B7.
[18:15:08.954] |W| [Atrac9DecoderState::send]: Error sending Atrac9 packet: 0xBEBBB1B7.
[18:15:08.975] |W| [Atrac9DecoderState::send]: Error sending Atrac9 packet: 0xBEBBB1B7.
[18:15:08.995] |W| [Atrac9DecoderState::send]: Error sending Atrac9 packet: 0xBEBBB1B7.
[18:15:09.014] |W| [Atrac9DecoderState::send]: Error sending Atrac9 packet: 0xBEBBB1B7.
[18:15:09.034] |W| [Atrac9DecoderState::send]: Error sending Atrac9 packet: 0xBEBBB1B7.
[18:15:09.065] |W| [Atrac9DecoderState::send]: Error sending Atrac9 packet: 0xBEBBB1B7.
[18:15:09.084] |W| [Atrac9DecoderState::send]: Error sending Atrac9 packet: 0xBEBBB1B7.
[18:15:09.104] |W| [Atrac9DecoderState::send]: Error sending Atrac9 packet: 0xBEBBB1B7.
[18:15:09.124] |W| [Atrac9DecoderState::send]: Error sending Atrac9 packet: 0xBEBBB1B7.
[18:15:09.144] |W| [Atrac9DecoderState::send]: Error sending Atrac9 packet: 0xBEBBB1B7.
[18:15:09.174] |W| [Atrac9DecoderState::send]: Error sending Atrac9 packet: 0xBEBBB1B7.
[18:15:09.195] |W| [Atrac9DecoderState::send]: Error sending Atrac9 packet: 0xBEBBB1B7.
[18:15:09.214] |W| [Atrac9DecoderState::send]: Error sending Atrac9 packet: 0xBEBBB1B7.
[18:15:09.234] |W| [Atrac9DecoderState::send]: Error sending Atrac9 packet: 0xBEBBB1B7.
[18:15:09.255] |W| [Atrac9DecoderState::send]: Error sending Atrac9 packet: 0xBEBBB1B7.
[18:15:09.285] |W| [Atrac9DecoderState::send]: Error sending Atrac9 packet: 0xBEBBB1B7.
[18:15:09.304] |W| [Atrac9DecoderState::send]: Error sending Atrac9 packet: 0xBEBBB1B7.
[18:15:09.324] |W| [Atrac9DecoderState::send]: Error sending Atrac9 packet: 0xBEBBB1B7.
[18:15:09.344] |W| [Atrac9DecoderState::send]: Error sending Atrac9 packet: 0xBEBBB1B7.
[18:15:09.364] |W| [Atrac9DecoderState::send]: Error sending Atrac9 packet: 0xBEBBB1B7.
[18:15:09.395] |W| [Atrac9DecoderState::send]: Error sending Atrac9 packet: 0xBEBBB1B7.
[18:15:09.414] |W| [Atrac9DecoderState::send]: Error sending Atrac9 packet: 0xBEBBB1B7.
[18:15:09.425] |W| [Atrac9DecoderState::send]: Error sending Atrac9 packet: 0xBEBBB1B7.
[18:15:09.444] |W| [Atrac9DecoderState::send]: Error sending Atrac9 packet: 0xBEBBB1B7.
[18:15:09.464] |W| [Atrac9DecoderState::send]: Error sending Atrac9 packet: 0xBEBBB1B7.
[18:15:09.485] |W| [Atrac9DecoderState::send]: Error sending Atrac9 packet: 0xBEBBB1B7.
[18:15:09.515] |W| [Atrac9DecoderState::send]: Error sending Atrac9 packet: 0xBEBBB1B7.
[18:15:09.535] |W| [Atrac9DecoderState::send]: Error sending Atrac9 packet: 0xBEBBB1B7.
[18:15:09.554] |W| [Atrac9DecoderState::send]: Error sending Atrac9 packet: 0xBEBBB1B7.
[18:15:09.574] |W| [Atrac9DecoderState::send]: Error sending Atrac9 packet: 0xBEBBB1B7.
[18:15:09.594] |W| [Atrac9DecoderState::send]: Error sending Atrac9 packet: 0xBEBBB1B7.
[18:15:09.624] |W| [Atrac9DecoderState::send]: Error sending Atrac9 packet: 0xBEBBB1B7.
[18:15:09.645] |W| [Atrac9DecoderState::send]: Error sending Atrac9 packet: 0xBEBBB1B7.
[18:15:09.664] |W| [Atrac9DecoderState::send]: Error sending Atrac9 packet: 0xBEBBB1B7.
[18:15:09.684] |W| [Atrac9DecoderState::send]: Error sending Atrac9 packet: 0xBEBBB1B7.
[18:15:09.705] |W| [Atrac9DecoderState::send]: Error sending Atrac9 packet: 0xBEBBB1B7.
[18:15:09.735] |W| [Atrac9DecoderState::send]: Error sending Atrac9 packet: 0xBEBBB1B7.
[18:15:09.754] |W| [Atrac9DecoderState::send]: Error sending Atrac9 packet: 0xBEBBB1B7.
[18:15:09.774] |W| [Atrac9DecoderState::send]: Error sending Atrac9 packet: 0xBEBBB1B7.
[18:15:09.794] |W| [Atrac9DecoderState::send]: Error sending Atrac9 packet: 0xBEBBB1B7.
[18:15:09.814] |W| [Atrac9DecoderState::send]: Error sending Atrac9 packet: 0xBEBBB1B7.
[18:15:09.845] |W| [Atrac9DecoderState::send]: Error sending Atrac9 packet: 0xBEBBB1B7.
[18:15:09.864] |W| [Atrac9DecoderState::send]: Error sending Atrac9 packet: 0xBEBBB1B7.
[18:15:09.884] |W| [Atrac9DecoderState::send]: Error sending Atrac9 packet: 0xBEBBB1B7.
[18:15:09.904] |W| [Atrac9DecoderState::send]: Error sending Atrac9 packet: 0xBEBBB1B7.
[18:15:09.924] |W| [Atrac9DecoderState::send]: Error sending Atrac9 packet: 0xBEBBB1B7.
[18:15:09.955] |W| [Atrac9DecoderState::send]: Error sending Atrac9 packet: 0xBEBBB1B7.
[18:15:09.974] |W| [Atrac9DecoderState::send]: Error sending Atrac9 packet: 0xBEBBB1B7.
[18:15:09.994] |W| [Atrac9DecoderState::send]: Error sending Atrac9 packet: 0xBEBBB1B7.
[18:15:10.015] |W| [Atrac9DecoderState::send]: Error sending Atrac9 packet: 0xBEBBB1B7.
[18:15:10.035] |W| [Atrac9DecoderState::send]: Error sending Atrac9 packet: 0xBEBBB1B7.
[18:15:10.064] |W| [Atrac9DecoderState::send]: Error sending Atrac9 packet: 0xBEBBB1B7.
[18:15:10.085] |W| [Atrac9DecoderState::send]: Error sending Atrac9 packet: 0xBEBBB1B7.
[18:15:10.094] |W| [Atrac9DecoderState::send]: Error sending Atrac9 packet: 0xBEBBB1B7.
[18:15:10.114] |W| [Atrac9DecoderState::send]: Error sending Atrac9 packet: 0xBEBBB1B7.
[18:15:10.135] |W| [Atrac9DecoderState::send]: Error sending Atrac9 packet: 0xBEBBB1B7.
[18:15:10.164] |W| [Atrac9DecoderState::send]: Error sending Atrac9 packet: 0xBEBBB1B7.
[18:15:10.185] |W| [Atrac9DecoderState::send]: Error sending Atrac9 packet: 0xBEBBB1B7.
[18:15:10.204] |W| [Atrac9DecoderState::send]: Error sending Atrac9 packet: 0xBEBBB1B7.
[18:15:10.224] |W| [Atrac9DecoderState::send]: Error sending Atrac9 packet: 0xBEBBB1B7.
[18:15:10.244] |W| [Atrac9DecoderState::send]: Error sending Atrac9 packet: 0xBEBBB1B7.
[18:15:10.275] |W| [Atrac9DecoderState::send]: Error sending Atrac9 packet: 0xBEBBB1B7.
[18:15:10.294] |W| [Atrac9DecoderState::send]: Error sending Atrac9 packet: 0xBEBBB1B7.
[18:15:10.314] |W| [Atrac9DecoderState::send]: Error sending Atrac9 packet: 0xBEBBB1B7.
[18:15:10.334] |W| [Atrac9DecoderState::send]: Error sending Atrac9 packet: 0xBEBBB1B7.
[18:15:10.354] |W| [Atrac9DecoderState::send]: Error sending Atrac9 packet: 0xBEBBB1B7.
[18:15:10.385] |W| [Atrac9DecoderState::send]: Error sending Atrac9 packet: 0xBEBBB1B7.
[18:15:10.404] |W| [Atrac9DecoderState::send]: Error sending Atrac9 packet: 0xBEBBB1B7.
[18:15:10.424] |W| [Atrac9DecoderState::send]: Error sending Atrac9 packet: 0xBEBBB1B7.
[18:15:10.444] |W| [Atrac9DecoderState::send]: Error sending Atrac9 packet: 0xBEBBB1B7.
[18:15:10.464] |W| [Atrac9DecoderState::send]: Error sending Atrac9 packet: 0xBEBBB1B7.
[18:15:10.495] |W| [Atrac9DecoderState::send]: Error sending Atrac9 packet: 0xBEBBB1B7.
[18:15:10.514] |W| [Atrac9DecoderState::send]: Error sending Atrac9 packet: 0xBEBBB1B7.
[18:15:10.535] |W| [Atrac9DecoderState::send]: Error sending Atrac9 packet: 0xBEBBB1B7.
[18:15:10.554] |W| [Atrac9DecoderState::send]: Error sending Atrac9 packet: 0xBEBBB1B7.
[18:15:10.574] |W| [Atrac9DecoderState::send]: Error sending Atrac9 packet: 0xBEBBB1B7.
[18:15:10.605] |W| [Atrac9DecoderState::send]: Error sending Atrac9 packet: 0xBEBBB1B7.
[18:15:10.624] |W| [Atrac9DecoderState::send]: Error sending Atrac9 packet: 0xBEBBB1B7.
[18:15:10.644] |W| [Atrac9DecoderState::send]: Error sending Atrac9 packet: 0xBEBBB1B7.
[18:15:10.664] |W| [Atrac9DecoderState::send]: Error sending Atrac9 packet: 0xBEBBB1B7.
[18:15:10.685] |W| [Atrac9DecoderState::send]: Error sending Atrac9 packet: 0xBEBBB1B7.
[18:15:10.715] |W| [Atrac9DecoderState::send]: Error sending Atrac9 packet: 0xBEBBB1B7.
[18:15:10.735] |W| [Atrac9DecoderState::send]: Error sending Atrac9 packet: 0xBEBBB1B7.
[18:16:46.144] |W| [Atrac9DecoderState::send]: Error sending Atrac9 packet: 0xBEBBB1B7.
[18:16:46.164] |W| [Atrac9DecoderState::send]: Error sending Atrac9 packet: 0xBEBBB1B7.
[18:16:46.184] |W| [Atrac9DecoderState::send]: Error sending Atrac9 packet: 0xBEBBB1B7.
[18:16:46.204] |W| [Atrac9DecoderState::send]: Error sending Atrac9 packet: 0xBEBBB1B7.
[18:16:46.224] |W| [Atrac9DecoderState::send]: Error sending Atrac9 packet: 0xBEBBB1B7.
[18:16:46.254] |W| [Atrac9DecoderState::send]: Error sending Atrac9 packet: 0xBEBBB1B7.
[18:16:46.274] |W| [Atrac9DecoderState::send]: Error sending Atrac9 packet: 0xBEBBB1B7.
[18:16:46.294] |W| [Atrac9DecoderState::send]: Error sending Atrac9 packet: 0xBEBBB1B7.
[18:16:46.314] |W| [Atrac9DecoderState::send]: Error sending Atrac9 packet: 0xBEBBB1B7.
[18:16:46.324] |W| [Atrac9DecoderState::send]: Error sending Atrac9 packet: 0xBEBBB1B7.
[18:16:46.344] |W| [Atrac9DecoderState::send]: Error sending Atrac9 packet: 0xBEBBB1B7.
[18:16:46.374] |W| [Atrac9DecoderState::send]: Error sending Atrac9 packet: 0xBEBBB1B7.
[18:16:46.394] |W| [Atrac9DecoderState::send]: Error sending Atrac9 packet: 0xBEBBB1B7.
[18:16:46.414] |W| [Atrac9DecoderState::send]: Error sending Atrac9 packet: 0xBEBBB1B7.
[18:16:46.434] |W| [Atrac9DecoderState::send]: Error sending Atrac9 packet: 0xBEBBB1B7.
[18:16:46.454] |W| [Atrac9DecoderState::send]: Error sending Atrac9 packet: 0xBEBBB1B7.
[18:16:46.485] |W| [Atrac9DecoderState::send]: Error sending Atrac9 packet: 0xBEBBB1B7.
[18:16:46.504] |W| [Atrac9DecoderState::send]: Error sending Atrac9 packet: 0xBEBBB1B7.
[18:16:46.525] |W| [Atrac9DecoderState::send]: Error sending Atrac9 packet: 0xBEBBB1B7.
[18:16:46.544] |W| [Atrac9DecoderState::send]: Error sending Atrac9 packet: 0xBEBBB1B7.
[18:16:46.564] |W| [Atrac9DecoderState::send]: Error sending Atrac9 packet: 0xBEBBB1B7.
[18:16:46.594] |W| [Atrac9DecoderState::send]: Error sending Atrac9 packet: 0xBEBBB1B7.
[18:16:46.615] |W| [Atrac9DecoderState::send]: Error sending Atrac9 packet: 0xBEBBB1B7.
[18:16:46.634] |W| [Atrac9DecoderState::send]: Error sending Atrac9 packet: 0xBEBBB1B7.
[18:16:46.654] |W| [Atrac9DecoderState::send]: Error sending Atrac9 packet: 0xBEBBB1B7.
[18:16:46.674] |W| [Atrac9DecoderState::send]: Error sending Atrac9 packet: 0xBEBBB1B7.
[18:16:46.704] |W| [Atrac9DecoderState::send]: Error sending Atrac9 packet: 0xBEBBB1B7.
[18:16:46.724] |W| [Atrac9DecoderState::send]: Error sending Atrac9 packet: 0xBEBBB1B7.
[18:16:46.744] |W| [Atrac9DecoderState::send]: Error sending Atrac9 packet: 0xBEBBB1B7.
[18:16:46.764] |W| [Atrac9DecoderState::send]: Error sending Atrac9 packet: 0xBEBBB1B7.
[18:16:46.785] |W| [Atrac9DecoderState::send]: Error sending Atrac9 packet: 0xBEBBB1B7.
[18:16:46.814] |W| [Atrac9DecoderState::send]: Error sending Atrac9 packet: 0xBEBBB1B7.
[18:16:46.834] |W| [Atrac9DecoderState::send]: Error sending Atrac9 packet: 0xBEBBB1B7.
[18:16:46.855] |W| [Atrac9DecoderState::send]: Error sending Atrac9 packet: 0xBEBBB1B7.
[18:16:46.874] |W| [Atrac9DecoderState::send]: Error sending Atrac9 packet: 0xBEBBB1B7.
[18:16:46.894] |W| [Atrac9DecoderState::send]: Error sending Atrac9 packet: 0xBEBBB1B7.
[18:16:46.925] |W| [Atrac9DecoderState::send]: Error sending Atrac9 packet: 0xBEBBB1B7.
[18:16:46.944] |W| [Atrac9DecoderState::send]: Error sending Atrac9 packet: 0xBEBBB1B7.
[18:16:46.964] |W| [Atrac9DecoderState::send]: Error sending Atrac9 packet: 0xBEBBB1B7.
[18:16:46.984] |W| [Atrac9DecoderState::send]: Error sending Atrac9 packet: 0xBEBBB1B7.
[18:16:46.994] |W| [Atrac9DecoderState::send]: Error sending Atrac9 packet: 0xBEBBB1B7.
[18:16:47.025] |W| [Atrac9DecoderState::send]: Error sending Atrac9 packet: 0xBEBBB1B7.
[18:16:47.045] |W| [Atrac9DecoderState::send]: Error sending Atrac9 packet: 0xBEBBB1B7.
[18:16:47.064] |W| [Atrac9DecoderState::send]: Error sending Atrac9 packet: 0xBEBBB1B7.
[18:16:47.084] |W| [Atrac9DecoderState::send]: Error sending Atrac9 packet: 0xBEBBB1B7.
[18:16:47.104] |W| [Atrac9DecoderState::send]: Error sending Atrac9 packet: 0xBEBBB1B7.
[18:16:47.135] |W| [Atrac9DecoderState::send]: Error sending Atrac9 packet: 0xBEBBB1B7.
[18:16:47.154] |W| [Atrac9DecoderState::send]: Error sending Atrac9 packet: 0xBEBBB1B7.
[18:16:47.175] |W| [Atrac9DecoderState::send]: Error sending Atrac9 packet: 0xBEBBB1B7.
[18:16:47.194] |W| [Atrac9DecoderState::send]: Error sending Atrac9 packet: 0xBEBBB1B7.
[18:16:47.214] |W| [Atrac9DecoderState::send]: Error sending Atrac9 packet: 0xBEBBB1B7.
[18:16:47.244] |W| [Atrac9DecoderState::send]: Error sending Atrac9 packet: 0xBEBBB1B7.
[18:16:47.264] |W| [Atrac9DecoderState::send]: Error sending Atrac9 packet: 0xBEBBB1B7.
[18:16:47.284] |W| [Atrac9DecoderState::send]: Error sending Atrac9 packet: 0xBEBBB1B7.
[18:16:47.304] |W| [Atrac9DecoderState::send]: Error sending Atrac9 packet: 0xBEBBB1B7.
[18:16:47.324] |W| [Atrac9DecoderState::send]: Error sending Atrac9 packet: 0xBEBBB1B7.
[18:16:47.354] |W| [Atrac9DecoderState::send]: Error sending Atrac9 packet: 0xBEBBB1B7.
[18:16:47.375] |W| [Atrac9DecoderState::send]: Error sending Atrac9 packet: 0xBEBBB1B7.
[18:16:47.394] |W| [Atrac9DecoderState::send]: Error sending Atrac9 packet: 0xBEBBB1B7.
[18:16:47.414] |W| [Atrac9DecoderState::send]: Error sending Atrac9 packet: 0xBEBBB1B7.
[18:16:47.434] |W| [Atrac9DecoderState::send]: Error sending Atrac9 packet: 0xBEBBB1B7.
[18:16:47.464] |W| [Atrac9DecoderState::send]: Error sending Atrac9 packet: 0xBEBBB1B7.
[18:16:47.484] |W| [Atrac9DecoderState::send]: Error sending Atrac9 packet: 0xBEBBB1B7.
[18:16:47.504] |W| [Atrac9DecoderState::send]: Error sending Atrac9 packet: 0xBEBBB1B7.
[18:16:47.524] |W| [Atrac9DecoderState::send]: Error sending Atrac9 packet: 0xBEBBB1B7.
[18:16:47.545] |W| [Atrac9DecoderState::send]: Error sending Atrac9 packet: 0xBEBBB1B7.
[18:16:47.574] |W| [Atrac9DecoderState::send]: Error sending Atrac9 packet: 0xBEBBB1B7.
[18:16:47.594] |W| [Atrac9DecoderState::send]: Error sending Atrac9 packet: 0xBEBBB1B7.
[18:16:47.614] |W| [Atrac9DecoderState::send]: Error sending Atrac9 packet: 0xBEBBB1B7.
[18:16:47.634] |W| [Atrac9DecoderState::send]: Error sending Atrac9 packet: 0xBEBBB1B7.
[18:16:47.654] |W| [Atrac9DecoderState::send]: Error sending Atrac9 packet: 0xBEBBB1B7.
[18:16:47.684] |W| [Atrac9DecoderState::send]: Error sending Atrac9 packet: 0xBEBBB1B7.
[18:16:47.694] |W| [Atrac9DecoderState::send]: Error sending Atrac9 packet: 0xBEBBB1B7.
[18:16:47.714] |W| [Atrac9DecoderState::send]: Error sending Atrac9 packe