[10:22:25.959] |I| [load_app_impl]: ngs experimental state: true
[10:22:25.959] |I| [load_app_impl]: video player state: true
[10:22:25.959] |I| [load_app_impl]: lle-modules: libpgf,libSceJson,libsystemgesture,libsas,libSceXml,libatrac
[10:22:25.959] |I| [load_app_impl]: Title: GTA: SA
[10:22:25.959] |I| [load_app_impl]: Serial: GTASA0000
[10:22:25.959] |I| [load_app_impl]: Version: 0.00
[10:22:25.959] |I| [load_app_impl]: Category: gd
[10:22:25.967] |C| [load_self]: Unknown segment type 0x6FFFFF01
[10:22:25.967] |I| [load_self]: Loaded module segment 0 @ [0x00004000 - 0x000558A4 / 0x81000000] (size: 0x000518A4) of module vs0:sys/external/libc.suprx
[10:22:25.967] |I| [load_self]: Loaded module segment 1 @ [0x00056000 - 0x000588A0 / 0x81052000] (size: 0x000028A0) of module vs0:sys/external/libc.suprx
[10:22:25.967] |I| [load_self]: Loading symbols for SELF: vs0:sys/external/libc.suprx
[10:22:25.968] |D| [load_var_exports]: 	NID 0x936C8A78 (SYSLYB) at 0x4B314
[10:22:25.968] |D| [load_var_exports]: 	NID 0x6C2224BA (NID_MODULE_INFO) at 0x404DC
[10:22:25.968] |W| [load_var_imports]: 	NID NOT FOUND 0x93B8AA67 (UNRECOGNISED) at 0x4463C, setting to stub value 0xDEADBEEF
[10:22:25.969] |W| [load_var_imports]: 	NID NOT FOUND 0xDF084DFA (UNRECOGNISED) at 0x461D0, setting to stub value 0xDEADBEEF
[10:22:25.970] |I| [pre_load_module]: Pre-load module SceLibc (at "sys/external/libc.suprx") loaded
[10:22:25.975] |C| [load_self]: Unknown segment type 0x6FFFFF01
[10:22:25.975] |I| [load_self]: Loaded module segment 0 @ [0x0005B000 - 0x00087CBF / 0x81000000] (size: 0x0002CCBF) of module vs0:sys/external/libfios2.suprx
[10:22:25.976] |I| [load_self]: Loaded module segment 1 @ [0x00088000 - 0x0008D255 / 0x8102D000] (size: 0x00005255) of module vs0:sys/external/libfios2.suprx
[10:22:25.976] |I| [load_self]: Loading symbols for SELF: vs0:sys/external/libfios2.suprx
[10:22:25.977] |D| [load_var_exports]: 	NID 0x936C8A78 (SYSLYB) at 0x87BC8
[10:22:25.977] |D| [load_var_exports]: 	NID 0x6C2224BA (NID_MODULE_INFO) at 0x7EF08
[10:22:25.977] |I| [pre_load_module]: Pre-load module SceLibFios2 (at "sys/external/libfios2.suprx") loaded
[10:22:25.978] |W| [pre_load_module]: Pre-load module at "sys/external/libsmart.suprx" not present
[10:22:25.980] |C| [load_self]: Unknown segment type 0x6FFFFF01
[10:22:25.980] |I| [load_self]: Loaded module segment 0 @ [0x0008E000 - 0x000A19BC / 0x81000000] (size: 0x000139BC) of module vs0:sys/external/libult.suprx
[10:22:25.981] |I| [load_self]: Loaded module segment 1 @ [0x000A2000 - 0x000A2814 / 0x81014000] (size: 0x00000814) of module vs0:sys/external/libult.suprx
[10:22:25.982] |I| [load_self]: Loading symbols for SELF: vs0:sys/external/libult.suprx
[10:22:25.982] |D| [load_var_exports]: 	NID 0x936C8A78 (SYSLYB) at 0xA02E8
[10:22:25.983] |D| [load_var_exports]: 	NID 0x6C2224BA (NID_MODULE_INFO) at 0x9D870
[10:22:25.983] |I| [pre_load_module]: Pre-load module SceUlt (at "sys/external/libult.suprx") loaded
[10:22:25.990] |I| [load_self]: Loaded module segment 0 @ [0x000A3000 - 0x000F3F04 / 0x81000000] (size: 0x00050F04) of module vs0:sys/external/libSceFt2.suprx
[10:22:25.990] |I| [load_self]: Loaded module segment 1 @ [0x000F4000 - 0x000F42F4 / 0x81051000] (size: 0x000002F4) of module vs0:sys/external/libSceFt2.suprx
[10:22:25.991] |I| [load_self]: Loading symbols for SELF: vs0:sys/external/libSceFt2.suprx
[10:22:25.991] |D| [load_var_exports]: 	NID 0x936C8A78 (SYSLYB) at 0xDF7DC
[10:22:25.992] |D| [load_var_exports]: 	NID 0x6C2224BA (NID_MODULE_INFO) at 0xDEF10
[10:22:25.992] |I| [pre_load_module]: Pre-load module SceLibft2 (at "sys/external/libSceFt2.suprx") loaded
[10:22:25.994] |I| [load_self]: Loaded module segment 0 @ [0x000F5000 - 0x00104F14 / 0x81000000] (size: 0x0000FF14) of module vs0:sys/external/libpvf.suprx
[10:22:25.994] |I| [load_self]: Loaded module segment 1 @ [0x00105000 - 0x00105008 / 0x81010000] (size: 0x00000008) of module vs0:sys/external/libpvf.suprx
[10:22:25.995] |I| [load_self]: Loading symbols for SELF: vs0:sys/external/libpvf.suprx
[10:22:25.996]