[06:47:18.152] |I| [load_app_impl]: ngs experimental state: true
[06:47:18.152] |I| [load_app_impl]: video player state: true
[06:47:18.152] |I| [load_app_impl]: lle-modules: libpgf,libSceJson,libsystemgesture,libsas,libSceXml,libatrac
[06:47:18.152] |I| [load_app_impl]: Title: Max Payne
[06:47:18.152] |I| [load_app_impl]: Serial: MAXP00000
[06:47:18.153] |I| [load_app_impl]: Version: 0.00
[06:47:18.153] |I| [load_app_impl]: Category: gd
[06:47:18.230] |C| [load_self]: Unknown segment type 0x6FFFFF01
[06:47:18.230] |I| [load_self]: Loaded module segment 0 @ [0x00004000 - 0x000558A4 / 0x81000000] (size: 0x000518A4) of module vs0:sys/external/libc.suprx
[06:47:18.230] |I| [load_self]: Loaded module segment 1 @ [0x00056000 - 0x000588A0 / 0x81052000] (size: 0x000028A0) of module vs0:sys/external/libc.suprx
[06:47:18.231] |I| [load_self]: Loading symbols for SELF: vs0:sys/external/libc.suprx
[06:47:18.231] |D| [load_var_exports]: 	NID 0x936C8A78 (SYSLYB) at 0x4B314
[06:47:18.231] |D| [load_var_exports]: 	NID 0x6C2224BA (NID_MODULE_INFO) at 0x404DC
[06:47:18.231] |W| [load_var_imports]: 	NID NOT FOUND 0x93B8AA67 (UNRECOGNISED) at 0x4463C, setting to stub value 0xDEADBEEF
[06:47:18.232] |W| [load_var_imports]: 	NID NOT FOUND 0xDF084DFA (UNRECOGNISED) at 0x461D0, setting to stub value 0xDEADBEEF
[06:47:18.233] |I| [pre_load_module]: Pre-load module SceLibc (at "sys/external/libc.suprx") loaded
[06:47:18.279] |C| [load_self]: Unknown segment type 0x6FFFFF01
[06:47:18.279] |I| [load_self]: Loaded module segment 0 @ [0x0005B000 - 0x00087CBF / 0x81000000] (size: 0x0002CCBF) of module vs0:sys/external/libfios2.suprx
[06:47:18.280] |I| [load_self]: Loaded module segment 1 @ [0x00088000 - 0x0008D255 / 0x8102D000] (size: 0x00005255) of module vs0:sys/external/libfios2.suprx
[06:47:18.280] |I| [load_self]: Loading symbols for SELF: vs0:sys/external/libfios2.suprx
[06:47:18.281] |D| [load_var_exports]: 	NID 0x936C8A78 (SYSLYB) at 0x87BC8
[06:47:18.281] |D| [load_var_exports]: 	NID 0x6C2224BA (NID_MODULE_INFO) at 0x7EF08
[06:47:18.282] |I| [pre_load_module]: Pre-load module SceLibFios2 (at "sys/external/libfios2.suprx") loaded
[06:47:18.283] |W| [pre_load_module]: Pre-load module at "sys/external/libsmart.suprx" not present
[06:47:18.308] |C| [load_self]: Unknown segment type 0x6FFFFF01
[06:47:18.308] |I| [load_self]: Loaded module segment 0 @ [0x0008E000 - 0x000A19BC / 0x81000000] (size: 0x000139BC) of module vs0:sys/external/libult.suprx
[06:47:18.309] |I| [load_self]: Loaded module segment 1 @ [0x000A2000 - 0x000A2814 / 0x81014000] (size: 0x00000814) of module vs0:sys/external/libult.suprx
[06:47:18.309] |I| [load_self]: Loading symbols for SELF: vs0:sys/external/libult.suprx
[06:47:18.310] |D| [load_var_exports]: 	NID 0x936C8A78 (SYSLYB) at 0xA02E8
[06:47:18.311] |D| [load_var_exports]: 	NID 0x6C2224BA (NID_MODULE_INFO) at 0x9D870
[06:47:18.311] |I| [pre_load_module]: Pre-load module SceUlt (at "sys/external/libult.suprx") loaded
[06:47:18.317] |I| [load_self]: Loaded module segment 0 @ [0x000A3000 - 0x000F3F04 / 0x81000000] (size: 0x00050F04) of module vs0:sys/external/libSceFt2.suprx
[06:47:18.318] |I| [load_self]: Loaded module segment 1 @ [0x000F4000 - 0x000F42F4 / 0x81051000] (size: 0x000002F4) of module vs0:sys/external/libSceFt2.suprx
[06:47:18.318] |I| [load_self]: Loading symbols for SELF: vs0:sys/external/libSceFt2.suprx
[06:47:18.319] |D| [load_var_exports]: 	NID 0x936C8A78 (SYSLYB) at 0xDF7DC
[06:47:18.319] |D| [load_var_exports]: 	NID 0x6C2224BA (NID_MODULE_INFO) at 0xDEF10
[06:47:18.320] |I| [pre_load_module]: Pre-load module SceLibft2 (at "sys/external/libSceFt2.suprx") loaded
[06:47:18.321] |I| [load_self]: Loaded module segment 0 @ [0x000F5000 - 0x00104F14 / 0x81000000] (size: 0x0000FF14) of module vs0:sys/external/libpvf.suprx
[06:47:18.324] |I| [load_self]: Loaded module segment 1 @ [0x00105000 - 0x00105008 / 0x81010000] (size: 0x00000008) of module vs0:sys/external/libpvf.suprx
[06:47:18.324] |I| [load_self]: Loading symbols for SELF: vs0:sys/external/libpvf.suprx
[06:47:18.325] |D| [load_var_exports]: 	NID 0x936C8A78 (SYSLYB) at 0x103710
[06:47:18.326] |D| [load_var_exports]: 	NID 0x6C2224BA (NID_MODULE_INFO) at 0x103300
[06:47:18.326] |I| [pre_load_module]: Pre-load module SceLibPvf (at "sys/external/libpvf.suprx") loaded
[06:47:18.365] |I| [load_self]: Loaded module segment 0 @ [0x00106000 - 0x001E5FE0 / 0x81000000] (size: 0x000DFFE0) of module app0:eboot.bin
[06:47:18.366] |I| [load_self]: Loaded module segment 1 @ [0x001E6000 - 0x00365278 / 0x810F0000] (size: 0x0017F278) of module app0:eboot.bin
[06:47:18.367] |I| [load_self]: Loading symbols for SELF: app0:eboot.bin
[06:47:18.368] |D| [load_var_exports]: 	NID 0x6C2224BA (NID_MODULE_INFO) at 0x1E5240
[06:47:18.368] |D| [load_var_exports]: 	NID 0x70FBA1E7 (SCE_PROC_PARAMS) at 0x1E52A0
[06:47:18.369] |D| [load_var_exports]: 	NID 0x936C8A78 (SYSLYB) at 0x1E529C
[06:47:18.369] |I| [load_app_impl]: Main executable max.elf (eboot.bin) loaded
[06:47:18.371] |D| [run_app]: Running module_start of library: SceLibc at address 0x4871
[06:47:18.377] |I| [run_app]: Module SceLibc (at "vs0:sys/external/libc.suprx") module_start returned 0x0
[06:47:18.378] |D| [run_app]: Running module_start of library: SceLibFios2 at address 0x5B001
[06:47:18.379] |W| [stubbed_impl]: Stubbed sceKernelGetProcessId import called. (pid: 0)
[06:47:18.380] |W| [unimplemented_impl]: Unimplemented sceFiosOverlayGetList02 import called.
[06:47:18.380] |I| [run_app]: Module SceLibFios2 (at "vs0:sys/external/libfios2.suprx") module_start returned 0x0
[06:47:18.381] |D| [run_app]: Running module_start of library: SceUlt at address 0x91771
[06:47:18.383] |W| [unimplemented_impl]: Unimplemented _sceUlobjMgrRegisterLibultProtocolRevision import called.
[06:47:18.383] |I| [run_app]: Module SceUlt (at "vs0:sys/external/libult.suprx") module_start returned 0x0
[06:47:18.386] |W| [gui::init_app_background]: Background not found for application Max Payne [MAXP00000].
[06:47:18.464] |I| [export_sceIoOpen]: Opening file: tty0:
[06:47:18.464] |I| [export_sceIoOpen]: Opening file: tty0:
[06:47:18.465] |I| [export_sceIoOpen]: Opening file: tty0:
[06:47:18.466] |W| [unimplemented_impl]: Unimplemented _vshKernelSearchModuleByName import called.
[06:47:18.493] |E| [open_dir]: Directory does not exist at: D:/Emulateurs/Vita3K/mc/uma0/data/maxpayne/ (target path: uma0:data/maxpayne)
[06:47:18.495] |W| [io_error_impl]: open_dir (_sceIoDopen) returned 0x80010002
[06:47:18.496] |E| [open_dir]: Directory does not exist at: D:/Emulateurs/Vita3K/mc/imc0/data/maxpayne/ (target path: imc0:data/maxpayne)
[06:47:18.497] |W| [io_error_impl]: open_dir (_sceIoDopen) returned 0x80010002
[06:47:18.553] |I| [export_sceIoOpen]: Opening file: ux0:data/maxpayne/libMaxPayne.so
[06:47:18.653] |E| [call_import]: Import function for NID 0x2EF7C290 not found (thread name: MAXP00000, thread ID: 6)
[06:47:18.656] |E| [call_import]: Import function for NID 0x91D9CABC not found (thread name: MAXP00000, thread ID: 6)
[06:47:18.659] |W| [unimplemented_impl]: Unimplemented sceAppUtilInit import called.
[06:47:18.659] |W| [unimplemented_impl]: Unimplemented sceCommonDialogSetConfigParam import called.
[06:47:18.662] |W| [stubbed_impl]: Stubbed sceGxmMapMemory import called. (always return success)
[06:47:18.663] |W| [unimplemented_impl]: Unimplemented sceCommonDialogUpdate import called.
[06:47:18.664] |W| [stubbed_impl]: Stubbed sceDisplayWaitVblankStart import called. (wait for vblank)
