[05:56:48.110] |I| [load_app_impl]: cpu-backend: Dynarmic
[05:56:48.110] |I| [load_app_impl]: CPU Optimisation state: true
[05:56:48.111] |I| [load_app_impl]: at9 audio decoder state: true
[05:56:48.111] |I| [load_app_impl]: ngs experimental state: true
[05:56:48.111] |I| [load_app_impl]: video player state: true
[05:56:48.111] |I| [load_app_impl]: lle-modules: libSceJson,liblocation,libSceXml,libpgf,libvoice,librudp,libSceSqlite,libvoiceqos,libsas
[05:56:48.111] |I| [load_app_impl]: Title: TALES OF HEARTS R
[05:56:48.111] |I| [load_app_impl]: Serial: PCSB00550
[05:56:48.111] |I| [load_app_impl]: Version: 1.00
[05:56:48.111] |I| [load_app_impl]: Category: gd
[05:56:48.213] |C| [load_self]: Unknown segment type 0x6FFFFF01
[05:56:48.214] |I| [load_self]: Loaded module segment 0 @ [0x00007000 - 0x00042C2C / 0x81000000] (size: 0x0003BC2C) of module ux0:app\PCSB00550\sce_module\libc.suprx
[05:56:48.214] |I| [load_self]: Loaded module segment 1 @ [0x00043000 - 0x00045380 / 0x8103C000] (size: 0x00002380) of module ux0:app\PCSB00550\sce_module\libc.suprx
[05:56:48.214] |I| [load_self]: Loading symbols for SELF: ux0:app\PCSB00550\sce_module\libc.suprx
[05:56:48.215] |D| [load_var_exports]: 	NID 0x6C2224BA (NID_MODULE_INFO) at 0x34540
[05:56:48.215] |W| [load_var_imports]: 	NID NOT FOUND 0xDF084DFA (UNRECOGNISED) at 0x37D88, setting to stub value 0xDEADBEEF
[05:56:48.216] |I| [pre_load_module]: Pre-load module SceLibc (at "app\PCSB00550\sce_module\libc.suprx") loaded
[05:56:48.242] |C| [load_self]: Unknown segment type 0x6FFFFF01
[05:56:48.242] |I| [load_self]: Loaded module segment 0 @ [0x00047000 - 0x0005C260 / 0x81000000] (size: 0x00015260) of module ux0:app\PCSB00550\sce_module\libface.suprx
[05:56:48.243] |I| [load_self]: Loaded module segment 1 @ [0x0005D000 - 0x0005D144 / 0x81016000] (size: 0x00000144) of module ux0:app\PCSB00550\sce_module\libface.suprx
[05:56:48.243] |I| [load_self]: Loading symbols for SELF: ux0:app\PCSB00550\sce_module\libface.suprx
[05:56:48.244] |D| [load_var_exports]: 	NID 0x6C2224BA (NID_MODULE_INFO) at 0x5989C
[05:56:48.244] |I| [pre_load_module]: Pre-load module libSceFace (at "app\PCSB00550\sce_module\libface.suprx") loaded
[05:56:48.252] |C| [load_self]: Unknown segment type 0x6FFFFF01
[05:56:48.252] |I| [load_self]: Loaded module segment 0 @ [0x0005E000 - 0x0007F370 / 0x81000000] (size: 0x00021370) of module ux0:app\PCSB00550\sce_module\libfios2.suprx
[05:56:48.253] |I| [load_self]: Loaded module segment 1 @ [0x00080000 - 0x000851B8 / 0x81022000] (size: 0x000051B8) of module ux0:app\PCSB00550\sce_module\libfios2.suprx
[05:56:48.254] |I| [load_self]: Loading symbols for SELF: ux0:app\PCSB00550\sce_module\libfios2.suprx
[05:56:48.255] |D| [load_var_exports]: 	NID 0x6C2224BA (NID_MODULE_INFO) at 0x78D38
[05:56:48.255] |I| [pre_load_module]: Pre-load module SceLibFios2 (at "app\PCSB00550\sce_module\libfios2.suprx") loaded
[05:56:48.323] |C| [load_self]: Unknown segment type 0x6FFFFF01
[05:56:48.323] |I| [load_self]: Loaded module segment 0 @ [0x00086000 - 0x00293948 / 0x81000000] (size: 0x0020D948) of module ux0:app\PCSB00550\sce_module\libsmart.suprx
[05:56:48.324] |I| [load_self]: Loaded module segment 1 @ [0x00294000 - 0x003DAAE4 / 0x8120E000] (size: 0x00146AE4) of module ux0:app\PCSB00550\sce_module\libsmart.suprx
[05:56:48.324] |I| [load_self]: Loading symbols for SELF: ux0:app\PCSB00550\sce_module\libsmart.suprx
[05:56:48.325] |D| [load_var_exports]: 	NID 0x6C2224BA (NID_MODULE_INFO) at 0x13325C
[05:56:48.326] |I| [pre_load_module]: Pre-load module libSceSmart (at "app\PCSB00550\sce_module\libsmart.suprx") loaded
[05:56:48.348] |C| [load_self]: Unknown segment type 0x6FFFFF01
[05:56:48.348] |I| [load_self]: Loaded module segment 0 @ [0x003DB000 - 0x003EE474 / 0x81000000] (size: 0x00013474) of module ux0:app\PCSB00550\sce_module\libult.suprx
[05:56:48.348] |I| [load_self]: Loaded module segment 1 @ [0x003EF000 - 0x003EF814 / 0x81014000] (size: 0x00000814) of module ux0:app\PCSB00550\sce_module\libult.suprx
[05:56:48.349] |I| [load_self]: Loading symbols for SELF: ux0:app\PCSB00550\sce_module\libult.suprx
[05:56:48.350] |D| [load_var_exports]: 	NID 0x6C2224BA (NID_MODULE_INFO) at 0x3EA714
[05:56:48.350] |I| [pre_load_module]: Pre-load module SceUlt (at "app\PCSB00550\sce_module\libult.suprx") loaded
[05:56:48.358] |I| [load_self]: Loaded module segment 0 @ [0x003F0000 - 0x00440F04 / 0x81000000] (size: 0x00050F04) of module vs0:sys/external/libSceFt2.suprx
[05:56:48.359] |I| [load_self]: Loaded module segment 1 @ [0x00441000 - 0x004412F4 / 0x81051000] (size: 0x000002F4) of module vs0:sys/external/libSceFt2.suprx
[05:56:48.359] |I| [load_self]: Loading symbols for SELF: vs0:sys/external/libSceFt2.suprx
[05:56:48.360] |D| [load_var_exports]: 	NID 0x936C8A78 (SYSLYB) at 0x42C7DC
[05:56:48.360] |D| [load_var_exports]: 	NID 0x6C2224BA (NID_MODULE_INFO) at 0x42BF10
[05:56:48.361] |W| [load_var_imports]: 	NID NOT FOUND 0x93B8AA67 (UNRECOGNISED) at 0x440EE0, setting to stub value 0xDEADBEEF
[05:56:48.362] |I| [pre_load_module]: Pre-load module SceLibft2 (at "sys/external/libSceFt2.suprx") loaded
[05:56:48.364] |I| [load_self]: Loaded module segment 0 @ [0x00443000 - 0x00452F14 / 0x81000000] (size: 0x0000FF14) of module vs0:sys/external/libpvf.suprx
[05:56:48.365] |I| [load_self]: Loaded module segment 1 @ [0x00453000 - 0x00453008 / 0x81010000] (size: 0x00000008) of module vs0:sys/external/libpvf.suprx
[05:56:48.365] |I| [load_self]: Loading symbols for SELF: vs0:sys/external/libpvf.suprx
[05:56:48.366] |D| [load_var_exports]: 	NID 0x936C8A78 (SYSLYB) at 0x451710
[05:56:48.366] |D| [load_var_exports]: 	NID 0x6C2224BA (NID_MODULE_INFO) at 0x451300
[05:56:48.367] |I| [pre_load_module]: Pre-load module SceLibPvf (at "sys/external/libpvf.suprx") loaded
[05:56:48.442] |C| [load_self]: Unknown segment type 0x6FFFFF01
[05:56:48.443] |I| [load_self]: Loaded module segment 0 @ [0x81000000 - 0x811CAAA0 / 0x81000000] (size: 0x001CAAA0) of module app0:eboot.bin
[05:56:48.444] |I| [load_self]: Loaded module segment 1 @ [0x811CB000 - 0x8134056C / 0x811CB000] (size: 0x0017556C) of module app0:eboot.bin
[05:56:48.445] |I| [load_self]: Loading symbols for SELF: app0:eboot.bin
[05:56:48.445] |D| [load_var_exports]: 	NID 0x6C2224BA (NID_MODULE_INFO) at 0x811993B4
[05:56:48.446] |D| [load_var_exports]: 	NID 0x70FBA1E7 (SCE_PROC_PARAMS) at 0x81288334
[05:56:48.446] |I| [load_app_impl]: Main executable toh_psp2 (eboot.bin) loaded
[05:56:48.454] |D| [run_app]: Running module_start of library: SceLibc at address 0x75B1
[05:56:48.471] |I| [run_app]: Module SceLibc (at "ux0:app\PCSB00550\sce_module\libc.suprx") module_start returned 0x0
[05:56:48.475] |D| [run_app]: Running module_start of library: libSceFace at address 0x58C55
[05:56:48.483] |I| [run_app]: Module libSceFace (at "ux0:app\PCSB00550\sce_module\libface.suprx") module_start returned 0x0
[05:56:48.487] |D| [run_app]: Running module_start of library: SceLibFios2 at address 0x5E001
[05:56:48.495] |W| [stubbed_impl]: Stubbed sceKernelGetProcessId import called. (pid: 0)
[05:56:48.495] |W| [stubbed_impl]: Stubbed _sceFiosKernelOverlayGetList import called. (Set pActualIDs to 0)
[05:56:48.495] |D| [export__sceFiosKernelOverlayGetList]: pid: 0
[05:56:48.496] |D| [export__sceFiosKernelOverlayGetList]: buffer_size: 0
[05:56:48.496] |D| [export__sceFiosKernelOverlayGetList]: maxIDs: 0
[05:56:48.497] |D| [export__sceFiosKernelOverlayGetList]: pActualIDs: 0
[05:56:48.497] |I| [run_app]: Module SceLibFios2 (at "ux0:app\PCSB00550\sce_module\libfios2.suprx") module_start returned 0x0
[05:56:48.501] |D| [run_app]: Running module_start of library: libSceSmart at address 0x8DAB5
[05:56:48.521] |I| [run_app]: Module libSceSmart (at "ux0:app\PCSB00550\sce_module\libsmart.suprx") module_start returned 0x0
[05:56:48.525] |D| [run_app]: Running module_start of library: SceUlt at address 0x3DE95D
[05:56:48.533] |W| [unimplemented_impl]: Unimplemented _sceUlobjMgrRegisterLibultProtocolRevision import called.
[05:56:48.533] |I| [run_app]: Module SceUlt (at "ux0:app\PCSB00550\sce_module\libult.suprx") module_start returned 0x0
[05:56:48.540] |W| [stubbed_impl]: Stubbed sceKernelLockLwMutexCB import called. (no CB)
[05:56:48.542] |W| [unimplemented_impl]: Unimplemented sceAppUtilInit import called.
[05:56:48.620] |W| [unimplemented_impl]: Unimplemented sceKernelChangeThreadVfpException import called.
[05:56:48.621] |W| [unimplemented_impl]: Unimplemented _sceFiosKernelOverlayThreadSetDisabled import called.
[05:56:48.645] |W| [stubbed_impl]: Stubbed sceKernelWaitEventFlagCB import called. (no CB)
[05:56:48.646] |W| [unimplemented_impl]: Unimplemented sceScreenShotDisable import called.
[05:56:48.654] |W| [stubbed_impl]: Stubbed sceGxmMapMemory import called. (always return success)
[05:56:48.655] |W| [stubbed_impl]: Stubbed sceGxmMapFragmentUsseMemory import called. (always return success)
[05:56:48.673] |W| [stubbed_impl]: Stubbed sceGxmGetRenderTargetMemSize import called. (2MB host mem)
[05:56:48.746] |E| [logging::ret_error_impl]: sceKernelWaitEventFlagCB returned SCE_KERNEL_ERROR_WAIT_TIMEOUT (0x80028005)
[05:56:48.758] |W| [stubbed_impl]: Stubbed sceDisplayWaitSetFrameBuf import called. (move after setframebuf)
[05:56:48.775] |W| [stubbed_impl]: Stubbed sceGxmMapVertexUsseMemory import called. (always return success)
[05:56:49.008] |W| [unimplemented_impl]: Unimplemented sceTouchEnableTouchForce import called.
[05:56:49.009] |W| [unimplemented_impl]: Unimplemented sceSystemGestureInitializePrimitiveTouchRecognizer import called.
[05:56:49.010] |I| [load_module]: Loading module ID: 0xD
[05:56:49.039] |I| [load_self]: Loaded module segment 0 @ [0x13CE1000 - 0x13CF8244 / 0x81000000] (size: 0x00017244) of module sys/external/libsas.suprx
[05:56:49.041] |I| [load_self]: Loaded module segment 1 @ [0x13CF9000 - 0x13CF9038 / 0x81018000] (size: 0x00000038) of module sys/external/libsas.suprx
[05:56:49.042] |I| [load_self]: Loading symbols for SELF: sys/external/libsas.suprx
[05:56:49.042] |D| [load_var_exports]: 	NID 0x936C8A78 (SYSLYB) at 0x13CF5004
[05:56:49.042] |D| [load_var_exports]: 	NID 0x6C2224BA (NID_MODULE_INFO) at 0x13CF4BF0
[05:56:49.043] |I| [load_module]: Module SceSasUser (at "sys/external/libsas.suprx") loaded
[05:56:49.134] |I| [load_module]: Loading module ID: 0xE
[05:56:49.135] |I| [load_self]: Loaded module segment 0 @ [0x13D90000 - 0x13D95CB4 / 0x81000000] (size: 0x00005CB4) of module sys/external/libpgf.suprx
[05:56:49.136] |I| [load_self]: Loaded module segment 1 @ [0x13D96000 - 0x13D96FE8 / 0x81006000] (size: 0x00000FE8) of module sys/external/libpgf.suprx
[05:56:49.137] |I| [load_self]: Loading symbols for SELF: sys/external/libpgf.suprx
[05:56:49.137] |D| [load_var_exports]: 	NID 0x936C8A78 (SYSLYB) at 0x13D95A64
[05:56:49.138] |D| [load_var_exports]: 	NID 0x6C2224BA (NID_MODULE_INFO) at 0x13D95810
[05:56:49.138] |I| [load_module]: Module SceLibPgf (at "sys/external/libpgf.suprx") loaded
[05:56:49.140] |W| [unimplemented_impl]: Unimplemented sceCommonDialogSetConfigParam import called.
[05:56:49.141] |W| [unimplemented_impl]: Unimplemented sceNetCtlInit import called.
[05:56:49.141] |W| [unimplemented_impl]: Unimplemented sceSslInit import called.
[05:56:49.142] |W| [unimplemented_impl]: Unimplemented sceHttpInit import called.
[05:56:49.142] |E| [call_import]: Import function for NID 0xE341C3CF not found (thread name: Sound Thread, thread ID: 146)
[05:56:49.143] |W| [unimplemented_impl]: Unimplemented sceNpCommerce2Init import called.
[05:56:49.156] |W| [unimplemented_impl]: Unimplemented _sceFiosKernelOverlayGetRecommendedScheduler import called.
[05:56:49.160] |I| [export_sceIoOpen]: Opening file: app0:/tohdata_release.l7c
[05:56:49.249] |W| [stubbed_impl]: Stubbed sceKernelDelayThreadCB import called. (no CB)
[05:56:49.249] |I| [export_sceIoOpen]: Opening file: app0:/tohdata_release.l7c
[05:56:49.284] |W| [unimplemented_impl]: Unimplemented sceScreenShotSetParam import called.
[05:56:49.284] |W| [unimplemented_impl]: Unimplemented sceScreenShotSetOverlayImage import called.
[05:56:49.286] |W| [unimplemented_impl]: Unimplemented sceScreenShotEnable import called.
[05:56:49.332] |I| [export_sceIoOpen]: Opening file: app0:/tohdata_release.l7c
[05:56:49.560] |I| [export_sceIoOpen]: Opening file: app0:/tohdata_release.l7c
[05:56:49.574] |I| [export_sceIoOpen]: Opening file: app0:/tohdata_release.l7c
[05:56:49.582] |I| [export_sceIoOpen]: Opening file: app0:/tohdata_release.l7c
[05:56:49.634] |I| [export_sceIoOpen]: Opening file: app0:/tohdata_release.l7c
[05:56:49.654] |I| [export_sceIoOpen]: Opening file: app0:/tohdata_release.l7c
[05:56:49.668] |E| [call_import]: Import function for NID 0xE341C3D9 not found (thread name: PCSB00550, thread ID: 9)
[05:56:49.668] |I| [export_sceIoOpen]: Opening file: app0:/tohdata_release.l7c
[05:56:49.970] |W| [unimplemented_impl]: Unimplemented sceGxmDepthStencilSurfaceSetForceLoadMode import called.
[05:56:49.971] |W| [unimplemented_impl]: Unimplemented sceGxmDepthStencilSurfaceSetForceStoreMode import called.
[05:56:49.976] |W| [stubbed_impl]: Stubbed __sceAppMgrGetAppState import called. (Set to 0.)
[05:56:49.980] |W| [stubbed_impl]: Stubbed sceNpCheckCallback import called. (Stub)
[05:56:49.987] |W| [unimplemented_impl]: Unimplemented sceCommonDialogUpdate import called.
[05:56:49.995] |W| [stubbed_impl]: Stubbed sceNpTrophyCreateHandle import called. (Stubbed handle with 1)
[05:56:49.995] |W| [stubbed_impl]: Stubbed sceDisplayWaitVblankStartMultiCB import called. (wait for vblank)
[05:56:50.009] |I| [renderer::gl::load_shader_generic]: Generating frag shader 841c292385095e5f5b6bb272078c3e5da63e65ecdbefa7b4b0deab18d066f76c
[05:56:50.011] |D| [shader::create_fragment_inputs]: Iterator: pa0 = (half4) v_Color0
[05:56:50.026] |I| [renderer::gl::load_shader_generic]: Generating vert shader e6cc506dfc3fa1b4552b46dad28900f981fc39e0b75a608c4e8764ebc05c6728
[05:56:50.027] |D| [shader::create_parameters]: [BUFFER0  + 0] pa0 = (float4) aPosition
[05:56:50.027] |D| [shader::create_parameters]: [BUFFER0  + 4] pa4 = (float4) aColor
[05:56:50.055] |E| [renderer::gl::compile_program]: Fragment info
-------------
0(15) : warning C7050: "pa[0].zw" might be used before being initialized


[05:56:50.055] |I| [renderer::gl::load_shader_generic]: Generating frag shader 9ea52f71a787b417de8e5ba7b0aca15767d10f955a6921f753eab8022bb5edae
[05:56:50.056] |D| [shader::create_fragment_inputs]: Iterator: pa0 = (half4) v_Color0
[05:56:50.059] |I| [renderer::gl::load_shader_generic]: Generating vert shader 69aa62de753369655a7427c94fea8f75fed366d9daf46e07893a07052ba1524d
[05:56:50.060] |D| [shader::create_parameters]: [BUFFER0  + 0] pa0 = (float4) aPosition
[05:56:50.062] |D| [shader::create_parameters]: [BUFFER0  + 4] pa4 = (float4) aColor
[05:56:50.062] |D| [shader::create_parameters]: [DEFAULT  + 0] sa0 = (float4) world[4]
[05:56:50.063] |D| [shader::create_parameters]: [DEFAULT  + 16] sa16 = (float4) viewProj[4]
[05:56:50.100] |E| [renderer::gl::compile_program]: Fragment info
-------------
0(15) : warning C7050: "pa[0].zw" might be used before being initialized


[05:56:50.101] |I| [renderer::gl::load_shader_generic]: Generating frag shader 74c9bfef81171c88be8b1e04fbc6e548c2cd3047ab06916f2e21b85ddba24eb9
[05:56:50.102] |D| [shader::create_fragment_inputs]: Iterator: pa0 = (half4) v_Color0
[05:56:50.105] |I| [renderer::gl::load_shader_generic]: Generating vert shader 8d49c4a6ffd504ab44866f01047c725638f7d82604233c794770d4cd272fffc7
[05:56:50.106] |D| [shader::create_parameters]: [BUFFER0  + 0] pa0 = (float4) aPosition
[05:56:50.106] |D| [shader::create_parameters]: [BUFFER0  + 4] pa4 = (float4) aTexCoord
[05:56:50.107] |D| [shader::create_parameters]: [BUFFER0  + 8] pa8 = (float4) aColor
[05:56:50.109] |D| [shader::create_parameters]: [DEFAULT  + 0] sa0 = (float4) world[4]
[05:56:50.109] |D| [shader::create_parameters]: [DEFAULT  + 16] sa16 = (float4) viewProj[4]
[05:56:50.151] |E| [renderer::gl::compile_program]: Fragment info
-------------
0(17) : warning C7050: "pa[0].zw" might be used before being initialized


[05:56:50.154] |W| [stubbed_impl]: Stubbed sceDisplayWaitVblankStartCB import called. (wait for vblank)
