[19:17:18.155] |I| [load_app_impl]: ngs experimental state: true
[19:17:18.156] |I| [load_app_impl]: video player state: true
[19:17:18.156] |I| [load_app_impl]: auto-lle: enabled
[19:17:18.156] |I| [load_app_impl]: Title: NORTH
[19:17:18.156] |I| [load_app_impl]: Serial: PCSB01189
[19:17:18.156] |I| [load_app_impl]: Version: 1.00
[19:17:18.156] |I| [load_app_impl]: Category: gd
[19:17:18.158] |I| [load_self]: Loaded module segment 0 @ [0x00004000 - 0x000128D8 / 0x81000000] (size: 0x0000E8D8) of module os0:us/libkernel.suprx
[19:17:18.158] |I| [load_self]: Loaded module segment 1 @ [0x00013000 - 0x00013048 / 0x8100F000] (size: 0x00000048) of module os0:us/libkernel.suprx
[19:17:18.158] |I| [load_self]: Loading symbols for SELF: os0:us/libkernel.suprx
[19:17:18.158] |D| [load_var_exports]: 	NID 0x936C8A78 (SYSLYB) at 0x10AF0
[19:17:18.158] |D| [load_var_exports]: 	NID 0x6C2224BA (NID_MODULE_INFO) at 0xF250
[19:17:18.158] |D| [load_func_exports]: 	NID 0x120AFC8C (sceKernelUnlockLwMutex2) at 0x44B1
[19:17:18.158] |D| [load_func_exports]: 	NID 0x244E76D2 (sceKernelDeleteLwMutex) at 0xEAC5
[19:17:18.158] |D| [load_func_exports]: 	NID 0x3148C6B6 (sceKernelLockLwMutexCB) at 0x438D
[19:17:18.159] |D| [load_func_exports]: 	NID 0x46E7BE7B (sceKernelLockLwMutex) at 0x4391
[19:17:18.159] |D| [load_func_exports]: 	NID 0x4846613D (sceKernelGetLwMutexInfoById) at 0xEACD
[19:17:18.159] |D| [load_func_exports]: 	NID 0x4C4672BF (sceKernelGetProcessTime) at 0x47CF
[19:17:18.159] |D| [load_func_exports]: 	NID 0x91FA6614 (sceKernelUnlockLwMutex) at 0x4437
[19:17:18.159] |D| [load_func_exports]: 	NID 0xA6A2C915 (sceKernelTryLockLwMutex) at 0x43C1
[19:17:18.159] |D| [load_func_exports]: 	NID 0xB110C123 (sceKernelGetProcessTimeWide) at 0x4799
[19:17:18.160] |D| [load_func_exports]: 	NID 0xB84EF718 (_sceKernelCreateLwMutex) at 0xEAB1
[19:17:18.160] |D| [load_func_exports]: 	NID 0xDA6EC8EF (sceKernelCreateLwMutex) at 0x56ED
[19:17:18.160] |D| [load_func_exports]: 	NID 0xE9F973B1 (sceKernelGetProcessTimeLow) at 0x4771
[19:17:18.160] |D| [load_func_exports]: 	NID 0xF7D8F1FC (sceKernelGetLwMutexInfo) at 0x44A3
[19:17:18.160] |I| [pre_load_module]: Pre-load module SceLibKernel (at "us/libkernel.suprx") loaded
[19:17:18.161] |I| [load_self]: Loaded module segment 0 @ [0x00014000 - 0x000231D4 / 0x81000000] (size: 0x0000F1D4) of module os0:us/driver_us.suprx
[19:17:18.162] |I| [load_self]: Loaded module segment 1 @ [0x00024000 - 0x0002CF40 / 0x81010000] (size: 0x00008F40) of module os0:us/driver_us.suprx
[19:17:18.162] |I| [load_self]: Loading symbols for SELF: os0:us/driver_us.suprx
[19:17:18.162] |D| [load_var_exports]: 	NID 0x936C8A78 (SYSLYB) at 0x216E4
[19:17:18.162] |D| [load_var_exports]: 	NID 0x6C2224BA (NID_MODULE_INFO) at 0x20410
[19:17:18.162] |I| [pre_load_module]: Pre-load module SceDriverUser (at "us/driver_us.suprx") loaded
[19:17:18.206] |C| [load_self]: Unknown segment type 0x6FFFFF01
[19:17:18.206] |I| [load_self]: Loaded module segment 0 @ [0x0002D000 - 0x0007E8A4 / 0x81000000] (size: 0x000518A4) of module app0:sce_module/libc.suprx
[19:17:18.206] |I| [load_self]: Loaded module segment 1 @ [0x0007F000 - 0x000818A0 / 0x81052000] (size: 0x000028A0) of module app0:sce_module/libc.suprx
[19:17:18.206] |I| [load_self]: Loading symbols for SELF: app0:sce_module/libc.suprx
[19:17:18.207] |D| [load_var_exports]: 	NID 0x936C8A78 (SYSLYB) at 0x74314
[19:17:18.207] |D| [load_var_exports]: 	NID 0x6C2224BA (NID_MODULE_INFO) at 0x694DC
[19:17:18.207] |W| [load_var_imports]: 	NID NOT FOUND 0xDF084DFA (UNRECOGNISED) at 0x6F1D0, setting to stub value 0xDEADBEEF
[19:17:18.207] |I| [pre_load_module]: Pre-load module SceLibc (at "sce_module/libc.suprx") loaded
[19:17:18.210] |C| [load_self]: Unknown segment type 0x6FFFFF01
[19:17:18.210] |I| [load_self]: Loaded module segment 0 @ [0x00083000 - 0x0009C000 / 0x81000000] (size: 0x00019000) of module app0:sce_module/libface.suprx
[19:17:18.210] |I| [load_self]: Loaded module segment 1 @ [0x0009C000 - 0x0009C0F8 / 0x81019000] (size: 0x000000F8) of module app0:sce_module/libface.suprx
[19:17:18.210] |I| [load_self]: Loading symbols for SELF: app0:sce_module/libface.suprx
[19:17:18.210] |D| [load_var_exports]: 	NID 0x6C2224BA (NID_MODULE_INFO) at 0x98DA4
[19:17:18.210] |D| [load_var_exports]: 	NID 0x936C8A78 (SYSLYB) at 0x9B784
[19:17:18.211] |I| [pre_load_module]: Pre-load module SceFace (at "sce_module/libface.suprx") loaded
[19:17:18.216] |C| [load_self]: Unknown segment type 0x6FFFFF01
[19:17:18.216] |I| [load_self]: Loaded module segment 0 @ [0x0009D000 - 0x000C9CBF / 0x81000000] (size: 0x0002CCBF) of module app0:sce_module/libfios2.suprx
[19:17:18.216] |I| [load_self]: Loaded module segment 1 @ [0x000CA000 - 0x000CF255 / 0x8102D000] (size: 0x00005255) of module app0:sce_module/libfios2.suprx
[19:17:18.216] |I| [load_self]: Loading symbols for SELF: app0:sce_module/libfios2.suprx
[19:17:18.216] |D| [load_var_exports]: 	NID 0x936C8A78 (SYSLYB) at 0xC9BC8
[19:17:18.216] |D| [load_var_exports]: 	NID 0x6C2224BA (NID_MODULE_INFO) at 0xC0F08
[19:17:18.216] |I| [pre_load_module]: Pre-load module SceLibFios2 (at "sce_module/libfios2.suprx") loaded
[19:17:18.265] |C| [load_self]: Unknown segment type 0x6FFFFF01
[19:17:18.265] |I| [load_self]: Loaded module segment 0 @ [0x000D0000 - 0x002DDAF4 / 0x81000000] (size: 0x0020DAF4) of module app0:sce_module/libsmart.suprx
[19:17:18.265] |I| [load_self]: Loaded module segment 1 @ [0x002DE000 - 0x002E1444 / 0x8120E000] (size: 0x00003444) of module app0:sce_module/libsmart.suprx
[19:17:18.265] |I| [load_self]: Loading symbols for SELF: app0:sce_module/libsmart.suprx
[19:17:18.265] |D| [load_var_exports]: 	NID 0x6C2224BA (NID_MODULE_INFO) at 0x17B528
[19:17:18.265] |D| [load_var_exports]: 	NID 0x936C8A78 (SYSLYB) at 0x18290C
[19:17:18.265] |I| [pre_load_module]: Pre-load module SceSmart (at "sce_module/libsmart.suprx") loaded
[19:17:18.269] |C| [load_self]: Unknown segment type 0x6FFFFF01
[19:17:18.269] |I| [load_self]: Loaded module segment 0 @ [0x002E2000 - 0x002F59BC / 0x81000000] (size: 0x000139BC) of module app0:sce_module/libult.suprx
[19:17:18.269] |I| [load_self]: Loaded module segment 1 @ [0x002F6000 - 0x002F6814 / 0x81014000] (size: 0x00000814) of module app0:sce_module/libult.suprx
[19:17:18.269] |I| [load_self]: Loading symbols for SELF: app0:sce_module/libult.suprx
[19:17:18.269] |D| [load_var_exports]: 	NID 0x936C8A78 (SYSLYB) at 0x2F42E8
[19:17:18.269] |D| [load_var_exports]: 	NID 0x6C2224BA (NID_MODULE_INFO) at 0x2F1870
[19:17:18.270] |I| [pre_load_module]: Pre-load module SceUlt (at "sce_module/libult.suprx") loaded
[19:17:18.276] |I| [load_self]: Loaded module segment 0 @ [0x002F7000 - 0x00347F04 / 0x81000000] (size: 0x00050F04) of module vs0:sys/external/libSceFt2.suprx
[19:17:18.276] |I| [load_self]: Loaded module segment 1 @ [0x00348000 - 0x003482F4 / 0x81051000] (size: 0x000002F4) of module vs0:sys/external/libSceFt2.suprx
[19:17:18.278] |I| [load_self]: Loading symbols for SELF: vs0:sys/external/libSceFt2.suprx
[19:17:18.279] |D| [load_var_exports]: 	NID 0x936C8A78 (SYSLYB) at 0x3337DC
[19:17:18.279] |D| [load_var_exports]: 	NID 0x6C2224BA (NID_MODULE_INFO) at 0x332F10
[19:17:18.279] |I| [pre_load_module]: Pre-load module SceLibft2 (at "sys/external/libSceFt2.suprx") loaded
[19:17:18.280] |I| [load_self]: Loaded module segment 0 @ [0x00349000 - 0x00358F14 / 0x81000000] (size: 0x0000FF14) of module vs0:sys/external/libpvf.suprx
[19:17:18.280] |I| [load_self]: Loaded module segment 1 @ [0x00359000 - 0x00359008 / 0x81010000] (size: 0x00000008) of module vs0:sys/external/libpvf.suprx
[19:17:18.280] |I| [load_self]: Loading symbols for SELF: vs0:sys/external/libpvf.suprx
[19:17:18.281] |D| [load_var_exports]: 	NID 0x936C8A78 (SYSLYB) at 0x357710
[19:17:18.281] |D| [load_var_exports]: 	NID 0x6C2224BA (NID_MODULE_INFO) at 0x357300
[19:17:18.281] |I| [pre_load_module]: Pre-load module SceLibPvf (at "sys/external/libpvf.suprx") loaded
[19:17:18.787] |C| [load_self]: Unknown segment type 0x6FFFFF01
[19:17:18.788] |I| [load_self]: Loaded module segment 0 @ [0x0035A000 - 0x0166E834 / 0x81000000] (size: 0x01314834) of module app0:eboot.bin
[19:17:18.788] |I| [load_self]: Loaded module segment 1 @ [0x0166F000 - 0x0178D5B0 / 0x82315000] (size: 0x0011E5B0) of module app0:eboot.bin
[19:17:18.788] |I| [load_self]: Loading symbols for SELF: app0:eboot.bin
[19:17:18.788] |D| [load_var_exports]: 	NID 0x6C2224BA (NID_MODULE_INFO) at 0x1416B30
[19:17:18.788] |D| [load_var_exports]: 	NID 0x70FBA1E7 (SCE_PROC_PARAMS) at 0x1686F34
[19:17:18.788] |D| [load_var_exports]: 	NID 0x936C8A78 (SYSLYB) at 0x15C1D14
[19:17:18.789] |W| [load_var_imports]: 	NID NOT FOUND 0x338B0BD1 (UNRECOGNISED) at 0x1478EAC, setting to stub value 0xDEADBEEF
[19:17:18.789] |W| [load_var_imports]: 	NID NOT FOUND 0x3A451B91 (UNRECOGNISED) at 0x1478E98, setting to stub value 0xDEADBEEF
[19:17:18.789] |W| [load_var_imports]: 	NID NOT FOUND 0x550DFE23 (UNRECOGNISED) at 0x1478EC0, setting to stub value 0xDEADBEEF
[19:17:18.789] |W| [load_var_imports]: 	NID NOT FOUND 0x56354517 (UNRECOGNISED) at 0x1478E60, setting to stub value 0xDEADBEEF
[19:17:18.789] |W| [load_var_imports]: 	NID NOT FOUND 0x5EF67445 (UNRECOGNISED) at 0x1478F24, setting to stub value 0xDEADBEEF
[19:17:18.789] |W| [load_var_imports]: 	NID NOT FOUND 0x6ACA1D57 (UNRECOGNISED) at 0x1478EE8, setting to stub value 0xDEADBEEF
[19:17:18.789] |W| [load_var_imports]: 	NID NOT FOUND 0x71A78083 (UNRECOGNISED) at 0x1478E84, setting to stub value 0xDEADBEEF
[19:17:18.789] |W| [load_var_imports]: 	NID NOT FOUND 0x79F9DB75 (UNRECOGNISED) at 0x1478ED4, setting to stub value 0xDEADBEEF
[19:17:18.789] |W| [load_var_imports]: 	NID NOT FOUND 0xAA0340C3 (UNRECOGNISED) at 0x1478EFC, setting to stub value 0xDEADBEEF
[19:17:18.790] |W| [load_var_imports]: 	NID NOT FOUND 0xF9A1DE92 (UNRECOGNISED) at 0x1478F10, setting to stub value 0xDEADBEEF
[19:17:18.790] |W| [load_var_imports]: 	NID NOT FOUND 0x6EF1E48 (UNRECOGNISED) at 0x1478F38, setting to stub value 0xDEADBEEF
[19:17:18.791] |I| [load_app_impl]: Main executable UnityPlayer_201711_Release (eboot.bin) loaded
[19:17:18.794] |D| [run_app]: Running module_start of library: SceLibKernel at address 0x51F9
[19:17:18.796] |W| [unimplemented_impl]: Unimplemented _sceKernelRegisterLibkernelAddresses import called.
[19:17:18.796] |W| [unimplemented_impl]: Unimplemented _sceKernelBacktrace import called.
[19:17:18.796] |I| [run_app]: Module SceLibKernel (at "os0:us/libkernel.suprx") module_start returned 0x0
[19:17:18.797] |D| [run_app]: Running module_start of library: SceDriverUser at address 0x143E5
[19:17:18.799] |W| [unimplemented_impl]: Unimplemented sceMotionDevIsReady import called.
[19:17:19.800] |I| [run_app]: Module SceDriverUser (at "os0:us/driver_us.suprx") module_start returned 0x0
[19:17:19.801] |D| [run_app]: Running module_start of library: SceLibc at address 0x2D871
[19:17:19.804] |I| [run_app]: Module SceLibc (at "app0:sce_module/libc.suprx") module_start returned 0x0
[19:17:19.805] |D| [run_app]: Running module_start of library: SceFace at address 0x98265
[19:17:19.807] |I| [run_app]: Module SceFace (at "app0:sce_module/libface.suprx") module_start returned 0x0
[19:17:19.807] |D| [run_app]: Running module_start of library: SceLibFios2 at address 0x9D001
[19:17:19.809] |W| [stubbed_impl]: Stubbed sceKernelGetProcessId import called. (pid: 0)
[19:17:19.809] |W| [unimplemented_impl]: Unimplemented sceFiosKernelOverlayGetList02 import called.
[19:17:19.809] |I| [run_app]: Module SceLibFios2 (at "app0:sce_module/libfios2.suprx") module_start returned 0x0
[19:17:19.810] |D| [run_app]: Running module_start of library: SceSmart at address 0xD018D
[19:17:19.812] |I| [run_app]: Module SceSmart (at "app0:sce_module/libsmart.suprx") module_start returned 0x0
[19:17:19.814] |D| [run_app]: Running module_start of library: SceUlt at address 0x2E5771
[19:17:19.815] |W| [unimplemented_impl]: Unimplemented _sceUlobjMgrRegisterLibultProtocolRevision import called.
[19:17:19.815] |I| [run_app]: Module SceUlt (at "app0:sce_module/libult.suprx") module_start returned 0x0
[19:17:19.818] |W| [unimplemented_impl]: Unimplemented _sceKernelRegisterThreadEventHandler import called.
[19:17:19.943] |W| [stubbed_impl]: Stubbed sceKernelGetFreeMemorySize import called. (Single pool)
[19:17:19.944] |W| [unimplemented_impl]: Unimplemented sceAppUtilInit import called.
[19:17:20.008] |C| [load_self]: Unknown segment type 0x6FFFFF01
[19:17:20.008] |I| [load_self]: Loaded module segment 0 @ [0x01BE4000 - 0x01BEAC9C / 0x81000000] (size: 0x00006C9C) of module app0:/Media/Modules/pthread.suprx
[19:17:20.008] |I| [load_self]: Loaded module segment 1 @ [0x01BEB000 - 0x01BED178 / 0x81007000] (size: 0x00002178) of module app0:/Media/Modules/pthread.suprx
[19:17:20.008] |I| [load_self]: Loading symbols for SELF: app0:/Media/Modules/pthread.suprx
[19:17:20.009] |D| [load_var_exports]: 	NID 0x6C2224BA (NID_MODULE_INFO) at 0x1BE97E4
[19:17:20.009] |D| [load_var_exports]: 	NID 0x936C8A78 (SYSLYB) at 0x1BEAC98
[19:17:20.011] |I| [export__sceKernelLoadStartModule]: Module PTHREAD_PRX (at "app0:/Media/Modules/pthread.suprx") module_start returned 0x0
[19:17:20.040] |C| [load_self]: Unknown segment type 0x6FFFFF01
[19:17:20.040] |I| [load_self]: Loaded module segment 0 @ [0x01BEF000 - 0x01E43A34 / 0x81000000] (size: 0x00254A34) of module app0:/Media/Modules/mono-vita.suprx
[19:17:20.040] |I| [load_self]: Loaded module segment 1 @ [0x01E44000 - 0x01EABD70 / 0x81255000] (size: 0x00067D70) of module app0:/Media/Modules/mono-vita.suprx
[19:17:20.040] |I| [load_self]: Loading symbols for SELF: app0:/Media/Modules/mono-vita.suprx
[19:17:20.040] |D| [load_var_exports]: 	NID 0x6C2224BA (NID_MODULE_INFO) at 0x1D88F3C
[19:17:20.040] |D| [load_var_exports]: 	NID 0x936C8A78 (SYSLYB) at 0x1E2654C
[19:17:20.043] |I| [export__sceKernelLoadStartModule]: Module MONO (at "app0:/Media/Modules/mono-vita.suprx") module_start returned 0x0
[19:17:20.259] |C| [load_self]: Unknown segment type 0x6FFFFF01
[19:17:20.259] |I| [load_self]: Loaded module segment 0 @ [0x01EAD000 - 0x03898BC8 / 0x81000000] (size: 0x019EBBC8) of module app0:/Media/Modules/MonoAssembliesPSP2.suprx
[19:17:20.259] |I| [load_self]: Loaded module segment 1 @ [0x03899000 - 0x03CB0010 / 0x829EC000] (size: 0x00417010) of module app0:/Media/Modules/MonoAssembliesPSP2.suprx
[19:17:20.259] |I| [load_self]: Loading symbols for SELF: app0:/Media/Modules/MonoAssembliesPSP2.suprx
[19:17:20.259] |D| [load_var_exports]: 	NID 0x6C2224BA (NID_MODULE_INFO) at 0x3777464
[19:17:20.260] |D| [load_var_exports]: 	NID 0x936C8A78 (SYSLYB) at 0x3898BC4
[19:17:20.264] |I| [export__sceKernelLoadStartModule]: Module MonoAssembliesPSP2 (at "app0:/Media/Modules/MonoAssembliesPSP2.suprx") module_start returned 0x0
[19:17:20.275] |C| [load_self]: Unknown segment type 0x6FFFFF01
[19:17:20.275] |I| [load_self]: Loaded module segment 0 @ [0x03CB2000 - 0x03CB76E0 / 0x81000000] (size: 0x000056E0) of module app0:/Media/Modules/SUPRXManager.suprx
[19:17:20.276] |I| [load_self]: Loaded module segment 1 @ [0x017DA000 - 0x017DA044 / 0x81006000] (size: 0x00000044) of module app0:/Media/Modules/SUPRXManager.suprx
[19:17:20.276] |I| [load_self]: Loading symbols for SELF: app0:/Media/Modules/SUPRXManager.suprx
[19:17:20.276] |D| [load_var_exports]: 	NID 0x6C2224BA (NID_MODULE_INFO) at 0x3CB6FB8
[19:17:20.276] |D| [load_var_exports]: 	NID 0x936C8A78 (SYSLYB) at 0x3CB7624
[19:17:20.279] |I| [export__sceKernelLoadStartModule]: Module SUPRXManager (at "app0:/Media/Modules/SUPRXManager.suprx") module_start returned 0x0
[19:17:20.280] |I| [load_module]: Loading module ID: 0x55
[19:17:20.281] |C| [load_self]: Unknown segment type 0x6FFFFF01
[19:17:20.281] |I| [load_self]: Loaded module segment 0 @ [0x03CBA000 - 0x03CC0230 / 0x81000000] (size: 0x00006230) of module sys/external/libSceJson.suprx
[19:17:20.281] |I| [load_self]: Loaded module segment 1 @ [0x03CB8000 - 0x03CB8049 / 0x81007000] (size: 0x00000049) of module sys/external/libSceJson.suprx
[19:17:20.281] |I| [load_self]: Loading symbols for SELF: sys/external/libSceJson.suprx
[19:17:20.281] |D| [load_var_exports]: 	NID 0x936C8A78 (SYSLYB) at 0x3CC00A8
[19:17:20.282] |D| [load_var_exports]: 	NID 0x6C2224BA (NID_MODULE_INFO) at 0x3CBF020
[19:17:20.282] |I| [load_module]: Module SceLibJson (at "sys/external/libSceJson.suprx") loaded
[19:17:20.326] |W| [unimplemented_impl]: Unimplemented sceKernelChangeThreadVfpException import called.
[19:17:20.326] |W| [unimplemented_impl]: Unimplemented sceFiosKernelOverlayThreadSetDisabled02 import called.
[19:17:20.340] |W| [unimplemented_impl]: Unimplemented sceFiosKernelOverlayGetRecommendedScheduler02 import called.
[19:17:20.341] |I| [export__sceIoOpen]: Opening file: app0:/archive.psarc
[19:17:20.342] |E| [open_file]: Missing file at D:/Emulateurs/Vita3K/mc/ux0/app/PCSB01189/archive.psarc (target path: app0:/archive.psarc)
[19:17:20.342] |W| [io_error_impl]: open_file (_sceIoOpen) returned 0x80010002
[19:17:20.347] |I| [export__sceIoOpen]: Opening file: app0:/archive_patch.psarc
[19:17:20.347] |E| [open_file]: Missing file at D:/Emulateurs/Vita3K/mc/ux0/app/PCSB01189/archive_patch.psarc (target path: app0:/archive_patch.psarc)
[19:17:20.347] |W| [io_error_impl]: open_file (_sceIoOpen) returned 0x80010002
[19:17:20.372] |E| [stat_file]: Cannot find device for path: /level39
[19:17:20.372] |W| [io_error_impl]: stat_file (_sceIoDread) returned 0x80010002
[19:17:20.372] |W| [io_error_impl]: read_dir (_sceIoDread) returned 0x80010018
[19:17:20.413] |E| [open_dir]: Directory does not exist at: D:/Emulateurs/Vita3K/mc/_INVALID/ (target path: /archive/mount/point)
[19:17:20.414] |W| [io_error_impl]: open_dir (_sceIoDopen) returned 0x80010002
[19:17:20.414] |E| [open_dir]: Directory does not exist at: D:/Emulateurs/Vita3K/mc/ux0/user/00/savedata/PCSB01189/persistentdata/ (target path: savedata0:/persistentdata)
[19:17:20.414] |W| [io_error_impl]: open_dir (_sceIoDopen) returned 0x80010002
[19:17:20.420] |I| [export__sceIoOpen]: Opening file: app0:/mono/etc/mono/config
[19:17:20.420] |E| [open_file]: Missing file at D:/Emulateurs/Vita3K/mc/ux0/app/PCSB01189/mono/etc/mono/config (target path: app0:/mono/etc/mono/config)
[19:17:20.420] |W| [io_error_impl]: open_file (_sceIoOpen) returned 0x80010002
[19:17:20.420] |I| [export__sceIoOpen]: Opening file: app0:/.mono/config
[19:17:20.420] |E| [open_file]: Missing file at D:/Emulateurs/Vita3K/mc/ux0/app/PCSB01189/.mono/config (target path: app0:/.mono/config)
[19:17:20.420] |W| [io_error_impl]: open_file (_sceIoOpen) returned 0x80010002
[19:17:20.424] |I| [export__sceIoOpen]: Opening file: /proc/cpuinfo
[19:17:20.424] |E| [open_file]: Cannot find device for path: /proc/cpuinfo
[19:17:20.424] |W| [io_error_impl]: open_file (_sceIoOpen) returned 0x80010002
[19:17:20.431] |E| [call_import]: Import function for NID 0xE340C1C8 not found (thread name: Unity_main_thread, thread ID: 85)
[19:17:20.432] |I| [export__sceIoOpen]: Opening file: app0:Media/Managed/mono/config
[19:17:20.433] |E| [open_file]: Missing file at D:/Emulateurs/Vita3K/mc/ux0/app/PCSB01189/Media/Managed/mono/config (target path: app0:Media/Managed/mono/config)
[19:17:20.435] |W| [io_error_impl]: open_file (_sceIoOpen) returned 0x80010002
[19:17:20.435] |I| [export__sceIoOpen]: Opening file: app0:/.mono/config
[19:17:20.435] |E| [open_file]: Missing file at D:/Emulateurs/Vita3K/mc/ux0/app/PCSB01189/.mono/config (target path: app0:/.mono/config)
[19:17:20.435] |W| [io_error_impl]: open_file (_sceIoOpen) returned 0x80010002
[19:17:20.436] |E| [call_import]: Import function for NID 0xE340C1D1 not found (thread name: Unity_main_thread, thread ID: 85)
[19:17:20.436] |E| [call_import]: Import function for NID 0xE340C00A not found (thread name: Unity_main_thread, thread ID: 85)
[19:17:20.440] |I| [export__sceIoOpen]: Opening file: /proc/cpuinfo
[19:17:20.440] |E| [open_file]: Cannot find device for path: /proc/cpuinfo
[19:17:20.440] |W| [io_error_impl]: open_file (_sceIoOpen) returned 0x80010002
[19:17:20.442] |E| [call_import]: Import function for NID 0xE340C1D3 not found (thread name: Unity_main_thread, thread ID: 85)
[19:17:20.446] |W| [stubbed_impl]: Stubbed _sceKernelGetThreadInfo import called. (STUB)
[19:17:20.446] |W| [unimplemented_impl]: Unimplemented _sceKernelWaitException import called.
[19:17:20.447] |W| [unimplemented_impl]: Unimplemented _sceKernelGetThreadContextForVM import called.
[19:17:20.449] |W| [unimplemented_impl]: Unimplemented sceKernelCallAbortHandler import called.
[19:17:20.451] |E| [logging::ret_error_impl]: _sceKernelDeleteLwMutex returned SCE_KERNEL_ERROR_UNKNOWN_LW_MUTEX_ID (0x80028181)
[19:17:20.451] |E| [log_error_details]: Unicorn error 0xA. Invalid instruction (UC_ERR_INSN_INVALID)
[19:17:20.451] |E| [log_error_details]: PC: 0x0009826c,   SP: 0x045db648,   LR: 0x00005353
[19:17:20.451] |E| [log_error_details]: r0 : 0x00000000   r6 : 0x00013014
[19:17:20.451] |E| [log_error_details]: r1 : 0x045db650   r7 : 0x000001b8
[19:17:20.451] |E| [log_error_details]: r2 : 0x00000006   r8 : 0x00000000
[19:17:20.451] |E| [log_error_details]: r3 : 0x0009826c   r9 : 0x00000000
[19:17:20.451] |E| [log_error_details]: r4 : 0x00000003   r10: 0x00000000
[19:17:20.452] |E| [log_error_details]: r5 : 0x045db818   r11: 0x00000000
[19:17:20.452] |E| [log_error_details]: r12: 0x00000000
[19:17:20.452] |E| [log_error_details]: Executing: .byte 0x10, 0xb5
[19:17:20.452] |I| [log_stack_frames]: stack information
[19:17:20.452] |E| [run_thread]: Thread ExceptionHandlerThread experienced a unicorn error.
[19:17:20.455] |I| [export__sceIoOpen]: Opening file: app0:/app0/mscorlib.dll
[19:17:20.455] |E| [open_file]: Missing file at D:/Emulateurs/Vita3K/mc/ux0/app/PCSB01189/app0/mscorlib.dll (target path: app0:/app0/mscorlib.dll)
[19:17:20.455] |W| [io_error_impl]: open_file (_sceIoOpen) returned 0x80010002
[19:17:20.456] |I| [export__sceIoOpen]: Opening file: app0:/Media/Managed/mscorlib.dll
[19:17:20.519] |I| [export__sceIoOpen]: Opening file: app0:Media/Managed/mono/gac/policy.2.0.mscorlib/0.0.0.0__b77a5c561934e089/policy.2.0.mscorlib.dll
[19:17:20.520] |E| [open_file]: Missing file at D:/Emulateurs/Vita3K/mc/ux0/app/PCSB01189/Media/Managed/mono/gac/policy.2.0.mscorlib/0.0.0.0__b77a5c561934e089/policy.2.0.mscorlib.dll (target path: app0:Media/Managed/mono/gac/policy.2.0.mscorlib/0.0.0.0__b77a5c561934e089/policy.2.0.mscorlib.dll)
[19:17:20.520] |W| [io_error_impl]: open_file (_sceIoOpen) returned 0x80010002
[19:17:20.521] |I| [export__sceIoOpen]: Opening file: app0:/app0/mscorlib.dll
[19:17:20.521] |E| [open_file]: Missing file at D:/Emulateurs/Vita3K/mc/ux0/app/PCSB01189/app0/mscorlib.dll (target path: app0:/app0/mscorlib.dll)
[19:17:20.521] |W| [io_error_impl]: open_file (_sceIoOpen) returned 0x80010002
[19:17:20.521] |I| [export__sceIoOpen]: Opening file: app0:/Media/Managed/mscorlib.dll.config
[19:17:20.522] |E| [open_file]: Missing file at D:/Emulateurs/Vita3K/mc/ux0/app/PCSB01189/Media/Managed/mscorlib.dll.config (target path: app0:/Media/Managed/mscorlib.dll.config)
[19:17:20.522] |W| [io_error_impl]: open_file (_sceIoOpen) returned 0x80010002
[19:17:20.522] |I| [export__sceIoOpen]: Opening file: app0:Media/Managed/mono/assemblies/mscorlib/mscorlib.config
[19:17:20.522] |E| [open_file]: Missing file at D:/Emulateurs/Vita3K/mc/ux0/app/PCSB01189/Media/Managed/mono/assemblies/mscorlib/mscorlib.config (target path: app0:Media/Managed/mono/assemblies/mscorlib/mscorlib.config)
[19:17:20.522] |W| [io_error_impl]: open_file (_sceIoOpen) returned 0x80010002
[19:17:20.608] |W| [unimplemented_impl]: Unimplemented _sceKernelGetSemaInfo import called.
[19:17:20.610] |E| [call_import]: Import function for NID 0xE340C1C3 not found (thread name: Unity_main_thread, thread ID: 85)
[19:17:20.670] |W| [unimplemented_impl]: Unimplemented sceAppUtilLoadSafeMemory import called.
[19:17:20.678] |W| [stubbed_impl]: Stubbed sceKernelChangeThreadPriority import called. (STUB)
[19:17:20.687] |E| [call_import]: Import function for NID 0xE340C1BE not found (thread name: Unity_main_thread, thread ID: 85)
[19:17:20.701] |W| [unimplemented_impl]: Unimplemented sceTouchEnableTouchForce import called.
[19:17:20.701] |E| [logging::ret_error_impl]: _sceKernelLockLwMutex returned SCE_KERNEL_ERROR_UNKNOWN_LW_MUTEX_ID (0x80028181)
[19:17:20.763] |E| [stat_