[05:42:43.128] |I| [load_app_impl]: cpu-backend: Dynarmic
[05:42:43.128] |I| [load_app_impl]: CPU Optimisation state: true
[05:42:43.128] |I| [load_app_impl]: at9 audio decoder state: true
[05:42:43.128] |I| [load_app_impl]: ngs experimental state: true
[05:42:43.129] |I| [load_app_impl]: video player state: true
[05:42:43.129] |I| [load_app_impl]: lle-modules: libpgf,libSceXml,libsas,liblocation,libhandwriting,libSceJson,librudp
[05:42:43.129] |I| [load_app_impl]: Title: AQUA KITTY - Milk Mine Defender DX
[05:42:43.129] |I| [load_app_impl]: Serial: PCSB00661
[05:42:43.129] |I| [load_app_impl]: Version: 1.00
[05:42:43.129] |I| [load_app_impl]: Category: gd
[05:42:43.192] |C| [load_self]: Unknown segment type 0x6FFFFF01
[05:42:43.193] |I| [load_self]: Loaded module segment 0 @ [0x00007000 - 0x00056BD4 / 0x81000000] (size: 0x0004FBD4) of module ux0:app\PCSB00661\sce_module\libc.suprx
[05:42:43.193] |I| [load_self]: Loaded module segment 1 @ [0x00057000 - 0x00059688 / 0x81050000] (size: 0x00002688) of module ux0:app\PCSB00661\sce_module\libc.suprx
[05:42:43.193] |I| [load_self]: Loading symbols for SELF: ux0:app\PCSB00661\sce_module\libc.suprx
[05:42:43.194] |D| [load_var_exports]: 	NID 0x936C8A78 (SYSLYB) at 0x4C6C4
[05:42:43.194] |D| [load_var_exports]: 	NID 0x6C2224BA (NID_MODULE_INFO) at 0x42488
[05:42:43.194] |W| [load_var_imports]: 	NID NOT FOUND 0x93B8AA67 (UNRECOGNISED) at 0x464A8, setting to stub value 0xDEADBEEF
[05:42:43.194] |W| [load_var_imports]: 	NID NOT FOUND 0xDF084DFA (UNRECOGNISED) at 0x4802C, setting to stub value 0xDEADBEEF
[05:42:43.195] |I| [pre_load_module]: Pre-load module SceLibc (at "app\PCSB00661\sce_module\libc.suprx") loaded
[05:42:43.201] |C| [load_self]: Unknown segment type 0x6FFFFF01
[05:42:43.201] |I| [load_self]: Loaded module segment 0 @ [0x0005C000 - 0x00086AA8 / 0x81000000] (size: 0x0002AAA8) of module ux0:app\PCSB00661\sce_module\libfios2.suprx
[05:42:43.201] |I| [load_self]: Loaded module segment 1 @ [0x00087000 - 0x0008C23D / 0x8102B000] (size: 0x0000523D) of module ux0:app\PCSB00661\sce_module\libfios2.suprx
[05:42:43.202] |I| [load_self]: Loading symbols for SELF: ux0:app\PCSB00661\sce_module\libfios2.suprx
[05:42:43.202] |D| [load_var_exports]: 	NID 0x936C8A78 (SYSLYB) at 0x869B0
[05:42:43.202] |D| [load_var_exports]: 	NID 0x6C2224BA (NID_MODULE_INFO) at 0x7E138
[05:42:43.202] |I| [pre_load_module]: Pre-load module SceLibFios2 (at "app\PCSB00661\sce_module\libfios2.suprx") loaded
[05:42:43.211] |C| [load_self]: Unknown segment type 0x6FFFFF01
[05:42:43.211] |I| [load_self]: Loaded module segment 0 @ [0x0008D000 - 0x000A09C4 / 0x81000000] (size: 0x000139C4) of module ux0:app\PCSB00661\sce_module\libult.suprx
[05:42:43.211] |I| [load_self]: Loaded module segment 1 @ [0x000A1000 - 0x000A1814 / 0x81014000] (size: 0x00000814) of module ux0:app\PCSB00661\sce_module\libult.suprx
[05:42:43.211] |I| [load_self]: Loading symbols for SELF: ux0:app\PCSB00661\sce_module\libult.suprx
[05:42:43.211] |D| [load_var_exports]: 	NID 0x936C8A78 (SYSLYB) at 0x9F2F0
[05:42:43.211] |D| [load_var_exports]: 	NID 0x6C2224BA (NID_MODULE_INFO) at 0x9C874
[05:42:43.211] |I| [pre_load_module]: Pre-load module SceUlt (at "app\PCSB00661\sce_module\libult.suprx") loaded
[05:42:43.219] |I| [load_self]: Loaded module segment 0 @ [0x000A2000 - 0x000F2F04 / 0x81000000] (size: 0x00050F04) of module vs0:sys/external/libSceFt2.suprx
[05:42:43.219] |I| [load_self]: Loaded module segment 1 @ [0x000F3000 - 0x000F32F4 / 0x81051000] (size: 0x000002F4) of module vs0:sys/external/libSceFt2.suprx
[05:42:43.219] |I| [load_self]: Loading symbols for SELF: vs0:sys/external/libSceFt2.suprx
[05:42:43.219] |D| [load_var_exports]: 	NID 0x936C8A78 (SYSLYB) at 0xDE7DC
[05:42:43.220] |D| [load_var_exports]: 	NID 0x6C2224BA (NID_MODULE_INFO) at 0xDDF10
[05:42:43.220] |I| [pre_load_module]: Pre-load module SceLibft2 (at "sys/external/libSceFt2.suprx") loaded
[05:42:43.222] |I| [load_self]: Loaded module segment 0 @ [0x000F4000 - 0x00103F14 / 0x81000000] (size: 0x0000FF14) of module vs0:sys/external/libpvf.suprx
[05:42:43.223] |I| [load_self]: Loaded module segment 1 @ [0x00104000 - 0x00104008 / 0x81010000] (size: 0x00000008) of module vs0:sys/external/libpvf.suprx
[05:42:43.223] |I| [load_self]: Loading symbols for SELF: vs0:sys/external/libpvf.suprx
[05:42:43.223] |D| [load_var_exports]: 	NID 0x936C8A78 (SYSLYB) at 0x102710
[05:42:43.223] |D| [load_var_exports]: 	NID 0x6C2224BA (NID_MODULE_INFO) at 0x102300
[05:42:43.223] |I| [pre_load_module]: Pre-load module SceLibPvf (at "sys/external/libpvf.suprx") loaded
[05:42:43.244] |C| [load_self]: Unknown segment type 0x6FFFFF01
[05:42:43.244] |I| [load_self]: Loaded module segment 0 @ [0x00105000 - 0x0015FDDC / 0x81000000] (size: 0x0005ADDC) of module app0:eboot.bin
[05:42:43.244] |I| [load_self]: Loaded module segment 1 @ [0x00160000 - 0x0018783C / 0x8105B000] (size: 0x0002783C) of module app0:eboot.bin
[05:42:43.244] |I| [load_self]: Loading symbols for SELF: app0:eboot.bin
[05:42:43.245] |D| [load_var_exports]: 	NID 0x6C2224BA (NID_MODULE_INFO) at 0x150814
[05:42:43.245] |D| [load_var_exports]: 	NID 0x70FBA1E7 (SCE_PROC_PARAMS) at 0x161534
[05:42:43.245] |D| [load_var_exports]: 	NID 0x936C8A78 (SYSLYB) at 0x15CD14
[05:42:43.245] |I| [load_app_impl]: Main executable Kitty (eboot.bin) loaded
[05:42:43.253] |D| [run_app]: Running module_start of library: SceLibc at address 0x7805
[05:42:43.302] |I| [run_app]: Module SceLibc (at "ux0:app\PCSB00661\sce_module\libc.suprx") module_start returned 0x0
[05:42:43.306] |D| [run_app]: Running module_start of library: SceLibFios2 at address 0x5C001
[05:42:43.314] |W| [stubbed_impl]: Stubbed sceKernelGetProcessId import called. (pid: 0)
[05:42:43.314] |D| [export_sceFiosOverlayGetList02]: maxIDs: 127
[05:42:43.315] |W| [unimplemented_impl]: Unimplemented sceFiosOverlayGetList02 import called.
[05:42:43.315] |I| [run_app]: Module SceLibFios2 (at "ux0:app\PCSB00661\sce_module\libfios2.suprx") module_start returned 0x0
[05:42:43.319] |D| [run_app]: Running module_start of library: SceUlt at address 0x90771
[05:42:43.327] |W| [unimplemented_impl]: Unimplemented _sceUlobjMgrRegisterLibultProtocolRevision import called.
[05:42:43.327] |I| [run_app]: Module SceUlt (at "ux0:app\PCSB00661\sce_module\libult.suprx") module_start returned 0x0
[05:42:43.454] |W| [stubbed_impl]: Stubbed sceGxmMapMemory import called. (always return success)
[05:42:43.457] |W| [stubbed_impl]: Stubbed sceGxmMapFragmentUsseMemory import called. (always return success)
[05:42:43.483] |W| [stubbed_impl]: Stubbed sceGxmMapVertexUsseMemory import called. (always return success)
[05:42:43.486] |I| [export_sceIoOpen]: Opening file: app0:clear_v.gxp
[05:42:43.489] |E| [call_import]: Import function for NID 0xE340C006 not found (thread name: PCSB00661, thread ID: 8)
[05:42:43.495] |I| [export_sceIoOpen]: Opening file: app0:clear_f.gxp
[05:42:43.498] |I| [export_sceIoOpen]: Opening file: app0:textured_v.gxp
[05:42:43.500] |I| [export_sceIoOpen]: Opening file: app0:textured_f.gxp
[05:42:43.503] |I| [export_sceIoOpen]: Opening file: app0:shockwave_v.gxp
[05:42:43.503] |I| [export_sceIoOpen]: Opening file: app0:shockwave_f.gxp
[05:42:43.586] |W| [stubbed_impl]: Stubbed sceNetCtlInit import called. (Stub)
[05:42:43.587] |W| [unimplemented_impl]: Unimplemented sceSslInit import called.
[05:42:43.587] |W| [unimplemented_impl]: Unimplemented sceHttpInit import called.
[05:42:43.587] |W| [unimplemented_impl]: Unimplemented sceNpScoreInit import called.
[05:42:43.587] |W| [unimplemented_impl]: Unimplemented sceNpTusInit import called.
[05:42:43.588] |W| [unimplemented_impl]: Unimplemented sceAppUtilInit import called.
[05:42:43.606] |W| [unimplemented_impl]: Unimplemented sceAudioOutGetAdopt import called.
[05:42:43.607] |W| [unimplemented_impl]: Unimplemented sceNetCheckDialogInit import called.
[05:42:43.607] |W| [stubbed_impl]: Stubbed __sceAppMgrGetAppState import called. (Set to 0.)
[05:42:43.607] |W| [stubbed_impl]: Stubbed sceNetCheckDialogGetStatus import called. (SCE_COMMON_DIALOG_STATUS_FINISHED)
[05:42:43.608] |W| [stubbed_impl]: Stubbed sceNetCheckDialogGetResult import called. (sceNetCheckDialogGetResult)
[05:42:43.608] |W| [unimplemented_impl]: Unimplemented sceNetCheckDialogTerm import called.
[05:42:43.609] |W| [unimplemented_impl]: Unimplemented sceCommonDialogUpdate import called.
[05:42:43.633] |W| [stubbed_impl]: Stubbed sceDisplayWaitVblankStart import called. (wait for vblank)
[05:42:43.634] |I| [renderer::gl::load_shader_generic]: Generating frag shader 7d364284d0ec546b193c5e0f04bc1cd23c39bead7c6dd6193b749d2f7ae26d73
[05:42:43.635] |D| [shader::create_fragment_inputs]: Iterator: pa0 = (float4) v_Color0
[05:42:43.638] |I| [renderer::gl::load_shader_generic]: Generating vert shader 05a09037ac43b2c2f6dbd2c59eb0f090d5ff5eb6459e3c52bf8ebe73759af0e4
[05:42:43.638] |D| [shader::create_parameters]: [BUFFER0  + 0] pa0 = (float4) aPosition
[05:42:43.638] |D| [shader::create_parameters]: [BUFFER0  + 4] pa4 = (float4) aColor
[05:42:43.641] |D| [renderer::gl::texture::translate_swizzle]: base format: 201326592, swizzle: 0
[05:42:43.642] |I| [renderer::gl::load_shader_generic]: Generating frag shader e6c3dc1c663f88b8426ac5c5d397b40f7c8f4bd701e43165476a4ce0227ac02c
[05:42:43.645] |D| [shader::create_fragment_inputs]: Iterator: pa0 = (float4) v_Color0
[05:42:43.647] |I| [renderer::gl::load_shader_generic]: Generating vert shader 23a367b18023fc73e9c029858e628eec3cc84dd199bd354d6946489f4c53e620
[05:42:43.648] |D| [shader::create_parameters]: [BUFFER0  + 0] pa0 = (float4) aPosition
[05:42:43.648] |D| [shader::create_parameters]: [BUFFER0  + 4] pa4 = (float4) aColor
[05:42:43.648] |D| [shader::create_parameters]: [BUFFER0  + 8] pa8 = (float4) aTexCoord
[05:42:43.847] |W| [stubbed_impl]: Stubbed sceNpManagerGetContentRatingFlag import called. (Stub)
[05:42:43.849] |I| [export_sceIoOpen]: Opening file: app0:clear_v.gxp
[05:42:43.850] |I| [export_sceIoOpen]: Opening file: app0:clear_f.gxp
[05:42:43.855] |I| [export_sceIoOpen]: Opening file: app0:data.dat
[05:42:43.877] |I| [export_sceIoOpen]: Opening file: app0:textured_v.gxp
[05:42:43.878] |I| [export_sceIoOpen]: Opening file: app0:textured_f.gxp
[05:42:43.975] |W| [stubbed_impl]: Stubbed sceNpCheckCallback import called. (Stub)
[05:42:44.016] |D| [renderer::gl::texture::translate_swizzle]: base format: 201326592, swizzle: 0
[05:42:44.018] |D| [renderer::gl::texture::translate_swizzle]: base format: 201326592, swizzle: 0
[05:42:44.018] |D| [renderer::gl::texture::translate_swizzle]: base format: 201326592, swizzle: 0
[05:42:44.889] |I| [export_sceIoOpen]: Opening file: app0:title_screen_music.at9
[05:42:46.839] |I| [export_sceIoOpen]: Opening file: savedata0:savedata.dat
[05:42:46.849] |I| [export_sceIoOpen]: Opening file: savedata0:savedata.dat
[05:42:48.366] |D| [renderer::gl::texture::translate_swizzle]: base format: 201326592, swizzle: 0
[05:42:48.369] |D| [renderer::gl::texture::translate_swizzle]: base format: 201326592, swizzle: 0
[05:42:48.383] |D| [renderer::gl::texture::translate_swizzle]: base format: 201326592, swizzle: 0
[05:42:48.412] |D| [renderer::gl::texture::translate_swizzle]: base format: 201326592, swizzle: 0
[05:43:06.461] |W| [Atrac9DecoderState::send]: Error sending Atrac9 packet: 0xBEBBB1B7.
[05:43:06.462] |W| [Atrac9DecoderState::receive]: Error receiving Atrac9 frame: 0xFFFFFFF5.
[05:43:06.571] |W| [Atrac9DecoderState::send]: Error sending Atrac9 packet: 0xBEBBB1B7.
[05:43:06.572] |W| [Atrac9DecoderState::receive]: Error receiving Atrac9 frame: 0xFFFFFFF5.
[05:43:15.641] |W| [Atrac9DecoderState::send]: Error sending Atrac9 packet: 0xBEBBB1B7.
[05:43:15.642] |W| [Atrac9DecoderState::receive]: Error receiving Atrac9 frame: 0xFFFFFFF5.
[05:43:23.851] |W| [Atrac9DecoderState::send]: Error sending Atrac9 packet: 0xBEBBB1B7.
[05:43:23.851] |W| [Atrac9DecoderState::receive]: Error receiving Atrac9 frame: 0xFFFFFFF5.
[05:43:26.521] |W| [Atrac9DecoderState::send]: Error sending Atrac9 packet: 0xBEBBB1B7.
[05:43:26.522] |W| [Atrac9DecoderState::receive]: Error receiving Atrac9 frame: 0xFFFFFFF5.
[05:43:29.275] |I| [export_sceIoOpen]: Opening file: app0:level_select.at9
[05:43:29.319] |W| [Atrac9DecoderState::send]: Error sending Atrac9 packet: 0xBEBBB1B7.
[05:43:29.319] |W| [Atrac9DecoderState::receive]: Error receiving Atrac9 frame: 0xFFFFFFF5.
[05:43:29.392] |D| [renderer::gl::texture::translate_swizzle]: base format: 201326592, swizzle: 0
[05:43:29.412] |D| [renderer::gl::texture::translate_swizzle]: base format: 201326592, swizzle: 0
[05:43:32.187] |E| [discordrpc::update_presence::<lambda_50ee3771c9ac2f7a4b17591668a7e6b3>::operator ()]: Error updating discord rich presence, err_code: 43
[05:43:32.188] |E| [discordrpc::update_presence::<lambda_50ee3771c9ac2f7a4b17591668a7e6b3>::operator ()]: Error updating discord rich presence, err_code: 43
[05:43:32.240] |W| [ArmDynarmicCallback::MemoryRead]: Invalid read of uint8_t at address: 0x17c35b
[05:43:32.241] |W| [ArmDynarmicCallback::MemoryRead]: Invalid read of uint32_t at address: 0x1450c8
[05:43:32.241] |W| [ArmDynarmicCallback::MemoryRead]: Invalid read of uint32_t at address: 0x1450cc
[05:43:32.241] |W| [ArmDynarmicCallback::MemoryRead]: Invalid read of uint32_t at address: 0x1450cc
[05:43:32.241] |W| [ArmDynarmicCallback::MemoryRead]: Invalid read of uint32_t at address: 0x1450d0
[05:43:32.242] |W| [ArmDynarmicCallback::MemoryRead]: Invalid read of uint32_t at address: 0x1450d0
[05:43:32.242] |W| [ArmDynarmicCallback::MemoryRead]: Invalid read of uint32_t at address: 0x1450d4
[05:43:32.242] |W| [ArmDynarmicCallback::MemoryRead]: Invalid read of uint32_t at address: 0x1450d4
[05:43:32.242] |W| [ArmDynarmicCallback::MemoryRead]: Invalid read of uint32_t at address: 0x1450d8
[05:43:32.242] |W| [ArmDynarmicCallback::MemoryRead]: Invalid read of uint32_t at address: 0x1450d8
[05:43:32.242] |W| [ArmDynarmicCallback::MemoryRead]: Invalid read of uint32_t at address: 0x1450dc
[05:43:32.242] |W| [ArmDynarmicCallback::MemoryRead]: Invalid read of uint32_t at address: 0x1450dc
[05:43:32.243] |W| [ArmDynarmicCallback::MemoryRead]: Invalid read of uint32_t at address: 0x1450e0
[05:43:32.243] |W| [ArmDynarmicCallback::MemoryRead]: Invalid read of uint32_t at address: 0x1450e0
[05:43:32.243] |W| [ArmDynarmicCallback::MemoryRead]: Invalid read of uint32_t at address: 0x1450e4
[05:43:32.243] |W| [ArmDynarmicCallback::MemoryRead]: Invalid read of uint32_t at address: 0x1450e4
[05:43:32.243] |W| [ArmDynarmicCallback::MemoryRead]: Invalid read of uint32_t at address: 0x1450e8
[05:43:32.243] |W| [ArmDynarmicCallback::MemoryRead]: Invalid read of uint32_t at address: 0x1450e8
[05:43:32.243] |W| [ArmDynarmicCallback::MemoryRead]: Invalid read of uint32_t at address: 0x1450ec
[05:43:32.244] |W| [ArmDynarmicCallback::MemoryRead]: Invalid read of uint32_t at address: 0x1450ec
[05:43:32.244] |W| [ArmDynarmicCallback::MemoryRead]: Invalid read of uint32_t at address: 0x1450f0
[05:43:32.244] |W| [ArmDynarmicCallback::MemoryRead]: Invalid read of uint32_t at address: 0x1450f0
[05:43:32.244] |W| [ArmDynarmicCallback::MemoryRead]: Invalid read of uint32_t at address: 0x1450f4
[05:43:32.244] |W| [ArmDynarmicCallback::MemoryRead]: Invalid read of uint32_t at address: 0x1450f4
[05:43:32.244] |W| [ArmDynarmicCallback::MemoryRead]: Invalid read of uint32_t at address: 0x1450f8
[05:43:32.244] |W| [ArmDynarmicCallback::MemoryRead]: Invalid read of uint32_t at address: 0x1450f8
[05:43:32.244] |W| [ArmDynarmicCallback::MemoryRead]: Invalid read of uint32_t at address: 0x1450fc
[05:43:32.245] |W| [ArmDynarmicCallback::MemoryRead]: Invalid read of uint32_t at address: 0x1450fc
[05:43:32.245] |W| [ArmDynarmicCallback::MemoryRead]: Invalid read of uint32_t at address: 0x145100
[05:43:32.245] |W| [ArmDynarmicCallback::MemoryRead]: Invalid read of uint32_t at address: 0x145100
[05:43:32.245] |W| [ArmDynarmicCallback::MemoryRead]: Invalid read of uint32_t at address: 0x145104
[05:43:32.245] |W| [ArmDynarmicCallback::MemoryRead]: Invalid read of uint32_t at address: 0x145104
[05:43:32.245] |W| [ArmDynarmicCallback::MemoryRead]: Invalid read of uint32_t at address: 0x145108
[05:43:32.246] |W| [ArmDynarmicCallback::MemoryRead]: Invalid read of uint32_t at address: 0x145108
[05:43:32.246] |W| [ArmDynarmicCallback::MemoryRead]: Invalid read of uint32_t at address: 0x14510c
[05:43:32.246] |W| [ArmDynarmicCallback::MemoryRead]: Invalid read of uint32_t at address: 0x14510c
[05:43:32.246] |W| [ArmDynarmicCallback::MemoryRead]: Invalid read of uint32_t at address: 0x145110
[05:43:32.246] |W| [ArmDynarmicCallback::MemoryRead]: Invalid read of uint32_t at address: 0x145110
[05:43:32.246] |W| [ArmDynarmicCallback::MemoryRead]: Invalid read of uint32_t at address: 0x145114
[05:43:32.246] |W| [ArmDynarmicCallback::MemoryRead]: Invalid read of uint32_t at address: 0x145114
[05:43:32.247] |W| [ArmDynarmicCallback::MemoryRead]: Invalid read of uint32_t at address: 0x145118
[05:43:32.247] |W| [ArmDynarmicCallback::MemoryRead]: Invalid read of uint32_t at address: 0x145118
[05:43:32.247] |W| [ArmDynarmicCallback::MemoryRead]: Invalid read of uint32_t at address: 0x14511c
[05:43:32.247] |W| [ArmDynarmicCallback::MemoryRead]: Invalid read of uint32_t at address: 0x14511c
[05:43:32.247] |W| [ArmDynarmicCallback::MemoryRead]: Invalid read of uint32_t at address: 0x145120
[05:43:32.247] |W| [ArmDynarmicCallback::MemoryRead]: Invalid read of uint32_t at address: 0x145120
[05:43:32.247] |W| [ArmDynarmicCallback::MemoryRead]: Invalid read of uint32_t at address: 0x145124
[05:43:32.248] |W| [ArmDynarmicCallback::MemoryRead]: Invalid read of uint32_t at address: 0x145124
[05:43:32.248] |W| [ArmDynarmicCallback::MemoryRead]: Invalid read of uint32_t at address: 0x145128
[05:43:32.248] |W| [ArmDynarmicCallback::MemoryRead]: Invalid read of uint32_t at address: 0x145128
[05:43:32.248] |W| [ArmDynarmicCallback::MemoryRead]: Invalid read of uint32_t at address: 0x14512c
[05:43:32.248] |W| [ArmDynarmicCallback::MemoryRead]: Invalid read of uint32_t at address: 0x14512c
[05:43:32.248] |W| [ArmDynarmicCallback::MemoryRead]: Invalid read of uint32_t at address: 0x145130
[05:43:32.248] |W| [ArmDynarmicCallback::MemoryRead]: Invalid read of uint32_t at address: 0x145130
[05:43:32.249] |W| [ArmDynarmicCallback::MemoryRead]: Invalid read of uint32_t at address: 0x145134
[05:43:32.249] |W| [ArmDynarmicCallback::MemoryRead]: Invalid read of uint32_t at address: 0x145134
[05:43:32.249] |W| [ArmDynarmicCallback::MemoryRead]: Invalid read of uint32_t at address: 0x145138
[05:43:32.249] |W| [ArmDynarmicCallback::MemoryRead]: Invalid read of uint32_t at address: 0x145138
[05:43:32.249] |W| [ArmDynarmicCallback::MemoryRead]: Invalid read of uint32_t at address: 0x14513c
[05:43:32.249] |W| [ArmDynarmicCallback::MemoryRead]: Invalid read of uint32_t at address: 0x14513c
[05:43:32.249] |W| [ArmDynarmicCallback::MemoryRead]: Invalid read of uint32_t at address: 0x145140
[05:43:32.249] |W| [ArmDynarmicCallback::MemoryRead]: Invalid read of uint32_t at address: 0x145140
[05:43:32.250] |W| [ArmDynarmicCallback::MemoryRead]: Invalid read of uint32_t at address: 0x145144
[05:43:32.250] |W| [ArmDynarmicCallback::MemoryRead]: Invalid read of uint32_t at address: 0x145144
[05:43:32.250] |W| [ArmDynarmicCallback::MemoryRead]: Invalid read of uint32_t at address: 0x145148
[05:43:32.250] |W| [ArmDynarmicCallback::MemoryRead]: Invalid read of uint32_t at address: 0x145148
[05:43:32.250] |W| [ArmDynarmicCallback::MemoryRead]: Invalid read of uint32_t at address: 0x14514c
[05:43:32.250] |W| [ArmDynarmicCallback::MemoryRead]: Invalid read of uint32_t at address: 0x14514c
[05:43:32.250] |W| [ArmDynarmicCallback::MemoryRead]: Invalid read of uint32_t at address: 0x145150
[05:43:32.250] |W| [ArmDynarmicCallback::MemoryRead]: Invalid read of uint32_t at address: 0x145150
[05:43:32.250] |W| [ArmDynarmicCallback::MemoryRead]: Invalid read of uint32_t at address: 0x145154
[05:43:32.251] |W| [ArmDynarmicCallback::MemoryRead]: Invalid read of uint32_t at address: 0x145154
[05:43:32.251] |W| [ArmDynarmicCallback::MemoryRead]: Invalid read of uint32_t at address: 0x145158
[05:43:32.251] |W| [ArmDynarmicCallback::MemoryRead]: Invalid read of uint32_t at address: 0x145158
[05:43:32.251] |W| [ArmDynarmicCallback::MemoryRead]: Invalid read of uint32_t at address: 0x14515c
[05:43:32.251] |W| [ArmDynarmicCallback::MemoryRead]: Invalid read of uint32_t at address: 0x14515c
[05:43:32.251] |W| [ArmDynarmicCallback::MemoryRead]: Invalid read of uint32_t at address: 0x145160
[05:43:32.251] |W| [ArmDynarmicCallback::MemoryRead]: Invalid read of uint32_t at address: 0x145160
[05:43:32.251] |W| [ArmDynarmicCallback::MemoryRead]: Invalid read of uint32_t at address: 0x145164
[05:43:32.252] |W| [ArmDynarmicCallback::MemoryRead]: Invalid read of uint32_t at address: 0x145164
[05:43:32.252] |W| [ArmDynarmicCallback::MemoryRead]: Invalid read of uint32_t at address: 0x145168
[05:43:32.252] |W| [ArmDynarmicCallback::MemoryRead]: Invalid read of uint32_t at address: 0x145168
[05:43:32.252] |W| [ArmDynarmicCallback::MemoryRead]: Invalid read of uint32_t at address: 0x14516c
[05:43:32.252] |W| [ArmDynarmicCallback::MemoryRead]: Invalid read of uint32_t at address: 0x14516c
[05:43:32.252] |W| [ArmDynarmicCallback::MemoryRead]: Invalid read of uint32_t at address: 0x145170
[05:43:32.252] |W| [ArmDynarmicCallback::MemoryRead]: Invalid read of uint32_t at address: 0x145170
[05:43:32.252] |W| [ArmDynarmicCallback::MemoryRead]: Invalid read of uint32_t at address: 0x145174
[05:43:32.253] |W| [ArmDynarmicCallback::MemoryRead]: Invalid read of uint32_t at address: 0x145174
[05:43:32.253] |W| [ArmDynarmicCallback::MemoryRead]: Invalid read of uint32_t at address: 0x145178
[05:43:32.253] |W| [ArmDynarmicCallback::MemoryRead]: Invalid read of uint32_t at address: 0x145178
[05:43:32.253] |W| [ArmDynarmicCallback::MemoryRead]: Invalid read of uint32_t at address: 0x14517c
[05:43:32.253] |W| [ArmDynarmicCallback::MemoryRead]: Invalid read of uint32_t at address: 0x14517c
[05:43:32.253] |W| [ArmDynarmicCallback::MemoryRead]: Invalid read of uint32_t at address: 0x145180
[05:43:32.253] |W| [ArmDynarmicCallback::MemoryRead]: Invalid read of uint32_t at address: 0x145180
[05:43:32.253] |W| [ArmDynarmicCallback::MemoryRead]: Invalid read of uint32_t at address: 0x145184
[05:43:32.253] |W| [ArmDynarmicCallback::MemoryRead]: Invalid read of uint32_t at address: 0x145184
[05:43:32.253] |W| [ArmDynarmicCallback::MemoryRead]: Invalid read of uint32_t at address: 0x145188
[05:43:32.254] |W| [ArmDynarmicCallback::MemoryRead]: Invalid read of uint32_t at address: 0x145188
[05:43:32.254] |W| [ArmDynarmicCallback::MemoryRead]: Invalid read of uint32_t at address: 0x14518c
[05:43:32.254] |W| [ArmDynarmicCallback::MemoryRead]: Invalid read of uint32_t at address: 0x14518c
[05:43:32.254] |W| [ArmDynarmicCallback::MemoryRead]: Invalid read of uint32_t at address: 0x145190
[05:43:32.254] |W| [ArmDynarmicCallback::MemoryRead]: Invalid read of uint32_t at address: 0x145190
[05:43:32.254] |W| [ArmDynarmicCallback::MemoryRead]: Invalid read of uint32_t at address: 0x145194
[05:43:32.254] |W| [ArmDynarmicCallback::MemoryRead]: Invalid read of uint32_t at address: 0x145194
[05:43:32.254] |W| [ArmDynarmicCallback::MemoryRead]: Invalid read of uint32_t at address: 0x145198
[05:43:32.255] |W| [ArmDynarmicCallback::MemoryRead]: Invalid read of uint32_t at address: 0x145198
[05:43:32.255] |W| [ArmDynarmicCallback::MemoryRead]: Invalid read of uint32_t at address: 0x14519c
[05:43:32.255] |W| [ArmDynarmicCallback::MemoryRead]: Invalid read of uint32_t at address: 0x14519c
[05:43:32.255] |W| [ArmDynarmicCallback::MemoryRead]: Invalid read of uint32_t at address: 0x1451a0
[05:43:32.255] |W| [ArmDynarmicCallback::MemoryRead]: Invalid read of uint32_t at address: 0x1451a0
[05:43:32.255] |W| [ArmDynarmicCallback::MemoryRead]: Invalid read of uint32_t at address: 0x1451a4
[05:43:32.255] |W| [ArmDynarmicCallback::MemoryRead]: Invalid read of uint32_t at address: 0x1451a4
[05:43:32.256] |W| [ArmDynarmicCallback::MemoryRead]: Invalid read of uint32_t at address: 0x1451a8
[05:43:32.256] |W| [ArmDynarmicCallback::MemoryRead]: Invalid read of uint32_t at address: 0x1451a8
[05:43:32.256] |W| [ArmDynarmicCallback::MemoryRead]: Invalid read of uint32_t at address: 0x1451ac
[05:43:32.256] |W| [ArmDynarmicCallback::MemoryRead]: Invalid read of uint32_t at address: 0x1451ac
[05:43:32.256] |W| [ArmDynarmicCallback::MemoryRead]: Invalid read of uint32_t at address: 0x1451b0
[05:43:32.256] |W| [ArmDynarmicCallback::MemoryRead]: Invalid read of uint32_t at address: 0x1451b0
[05:43:32.256] |W| [ArmDynarmicCallback::MemoryRead]: Invalid read of uint32_t at address: 0x1451b4
[05:43:32.257] |W| [ArmDynarmicCallback::MemoryRead]: Invalid read of uint32_t at address: 0x1451b4
[05:43:32.257] |W| [ArmDynarmicCallback::MemoryRead]: Invalid read of uint32_t at address: 0x1451b8
[05:43:32.257] |W| [ArmDynarmicCallback::MemoryRead]: Invalid read of uint32_t at address: 0x1451b8
[05:43:32.257] |W| [ArmDynarmicCallback::MemoryRead]: Invalid read of uint32_t at address: 0x1451bc
[05:43:32.257] |W| [ArmDynarmicCallback::MemoryRead]: Invalid read of uint32_t at address: 0x1451bc
[05:43:32.257] |W| [ArmDynarmicCallback::MemoryRead]: Invalid read of uint32_t at address: 0x1451c0
[05:43:32.257] |W| [ArmDynarmicCallback::MemoryRead]: Invalid read of uint32_t at address: 0x1451c0
[05:43:32.258] |W| [ArmDynarmicCallback::MemoryRead]: Invalid read of uint32_t at address: 0x1451c4
[05:43:32.258] |W| [ArmDynarmicCallback::MemoryRead]: Invalid read of uint32_t at address: 0x1451c4
[05:43:32.258] |W| [ArmDynarmicCallback::MemoryRead]: Invalid read of uint32_t at address: 0x1451c8
[05:43:32.258] |W| [ArmDynarmicCallback::MemoryRead]: Invalid read of uint32_t at address: 0x1451c8
[05:43:32.258] |W| [ArmDynarmicCallback::MemoryRead]: Invalid read of uint32_t at address: 0x1451cc
[05:43:32.258] |W| [ArmDynarmicCallback::MemoryRead]: Invalid read of uint32_t at address: 0x1451cc
[05:43:32.259] |W| [ArmDynarmicCallback::MemoryRead]: Invalid read of uint32_t at address: 0x1451d0
[05:43:32.259] |W| [ArmDynarmicCallback::MemoryRead]: Invalid read of uint32_t at address: 0x1451d0
[05:43:32.259] |W| [ArmDynarmicCallback::MemoryRead]: Invalid read of uint32_t at address: 0x1451d4
[05:43:32.259] |W| [ArmDynarmicCallback::MemoryRead]: Invalid read of uint32_t at address: 0x1451d4
[05:43:32.259] |W| [ArmDynarmicCallback::MemoryRead]: Invalid read of uint32_t at address: 0x1451d8
[05:43:32.259] |W| [ArmDynarmicCallback::MemoryRead]: Invalid read of uint32_t at address: 0x1451d8
[05:43:32.259] |W| [ArmDynarmicCallback::MemoryRead]: Invalid read of uint32_t at address: 0x1451dc
[05:43:32.260] |W| [ArmDynarmicCallback::MemoryRead]: Invalid read of uint32_t at address: 0x1451dc
[05:43:32.260] |W| [ArmDynarmicCallback::MemoryRead]: Invalid read of uint32_t at address: 0x1451e0
[05:43:32.260] |W| [ArmDynarmicCallback::MemoryRead]: Invalid read of uint32_t at address: 0x1451e0
[05:43:32.260] |W| [ArmDynarmicCallback::MemoryRead]: Invalid read of uint32_t at address: 0x1451e4
[05:43:32.260] |W| [ArmDynarmicCallback::MemoryRead]: Invalid read of uint32_t at address: 0x1451e4
[05:43:32.260] |W| [ArmDynarmicCallback::MemoryRead]: Invalid read of uint32_t at address: 0x1451e8
[05:43:32.260] |W| [ArmDynarmicCallback::MemoryRead]: Invalid read of uint32_t at address: 0x1451e8
[05:43:32.261] |W| [ArmDynarmicCallback::MemoryRead]: Invalid read of uint32_t at address: 0x1451ec
[05:43:32.261] |W| [ArmDynarmicCallback::MemoryRead]: Invalid read of uint32_t at address: 0x1451ec
[05:43:32.261] |W| [ArmDynarmicCallback::MemoryRead]: Invalid read of uint32_t at address: 0x1451f0
[05:43:32.265] |W| [ArmDynarmicCallback::MemoryRead]: Invalid read of uint32_t at address: 0x1451f0
[05:43:32.266] |W| [ArmDynarmicCallback::MemoryRead]: Invalid read of uint32_t at address: 0x1451f4
[05:43:32.266] |W| [ArmDynarmicCallback::MemoryRead]: Invalid read of uint32_t at address: 0x1451f4
[05:43:32.266] |W| [ArmDynarmicCallback::MemoryRead]: Invalid read of uint32_t at address: 0x1451f8
[05:43:32.266] |W| [ArmDynarmicCallback::MemoryRead]: Invalid read of uint32_t at address: 0x1451f8
[05:43:32.266] |W| [ArmDynarmicCallback::MemoryRead]: Invalid read of uint32_t at address: 0x1451fc
[05:43:32.267] |W| [ArmDynarmicCallback::MemoryRead]: Invalid read of uint32_t at address: 0x1451fc
[05:43:32.267] |W| [ArmDynarmicCallback::MemoryRead]: Invalid read of uint32_t at address: 0x145200
[05:43:32.267] |W| [ArmDynarmicCallback::MemoryRead]: Invalid read of uint32_t at address: 0x145200
[05:43:32.268] |W| [ArmDynarmicCallback::MemoryRead]: Invalid read of uint32_t at address: 0x145204
[05:43:32.268] |W| [ArmDynarmicCallback::MemoryRead]: Invalid read of uint32_t at address: 0x145204
[05:43:32.268] |W| [ArmDynarmicCallback::MemoryRead]: Invalid read of uint32_t at address: 0x145208
[05:43:32.269] |W| [ArmDynarmicCallback::MemoryRead]: Invalid read of uint32_t at address: 0x145208
[05:43:32.269] |W| [ArmDynarmicCallback::MemoryRead]: Invalid read of uint32_t at address: 0x14520c
[05:43:32.269] |W| [ArmDynarmicCallback::MemoryRead]: Invalid read of uint32_t at address: 0x14520c
[05:43:32.270] |W| [ArmDynarmicCallback::MemoryRead]: Invalid read of uint32_t at address: 0x145210
[05:43:32.270] |W| [ArmDynarmicCallback::MemoryRead]: Invalid read of uint32_t at address: 0x145210
[05:43:32.270] |W| [ArmDynarmicCallback::MemoryRead]: Invalid read of uint32_t at address: 0x145214
[05:43:32.270] |W| [ArmDynarmicCallback::MemoryRead]: Invalid read of uint32_t at address: 0x145214
[05:43:32.270] |W| [ArmDynarmicCallback::MemoryRead]: Invalid read of uint32_t at address: 0x145218
[05:43:32.271] |W| [ArmDynarmicCallback::MemoryRead]: Invalid read of uint32_t at address: 0x145218
[05:43:32.271] |W| [ArmDynarmicCallback::MemoryRead]: Invalid read of uint32_t at address: 0x14521c
[05:43:32.271] |W| [ArmDynarmicCallback::MemoryRead]: Invalid read of uint32_t at address: 0x14521c
[05:43:32.271] |W| [ArmDynarmicCallback::MemoryRead]: Invalid read of uint32_t at address: 0x145220
[05:43:32.272] |W| [ArmDynarmicCallback::MemoryRead]: Invalid read of uint32_t at address: 0x145220
[05:43:32.272] |W| [ArmDynarmicCallback::MemoryRead]: Invalid read of uint32_t at address: 0x145224
[05:43:32.272] |W| [ArmDynarmicCallback::MemoryRead]: Invalid read of uint32_t at address: 0x145224
[05:43:32.272] |W| [ArmDynarmicCallback::MemoryRead]: Invalid read of uint32_t at address: 0x145228
[05:43:32.272] |W| [ArmDynarmicCallback::MemoryRead]: Invalid read of uint32_t at address: 0x145228
[05:43:32.273] |W| [ArmDynarmicCallback::MemoryRead]: Invalid read of uint32_t at address: 0x14522c
[05:43:32.273] |W| [ArmDynarmicCallback::MemoryRead]: Invalid read of uint32_t at address: 0x14522c
[05:43:32.273] |W| [ArmDynarmicCallback::MemoryRead]: Invalid read of uint32_t at address: 0x145230
[05:43:32.273] |W| [ArmDynarmicCallback::MemoryRead]: Invalid read of uint32_t at address: 0x145230
[05:43:32.273] |W| [ArmDynarmicCallback::MemoryRead]: Invalid read of uint32_t at address: 0x145234
[05:43:32.274] |W| [ArmDynarmicCallback::MemoryRead]: Invalid read of uint32_t at address: 0x145234
[05:43:32.274] |W| [ArmDynarmicCallback::MemoryRead]: Invalid read of uint32_t at address: 0x145238
[05:43:32.274] |W| [ArmDynarmicCallback::MemoryRead]: Invalid read of uint32_t at address: 0x145238
[05:43:32.274] |W| [ArmDynarmicCallback::MemoryRead]: Invalid read of uint32_t at address: 0x14523c
[05:43:32.274] |W| [ArmDynarmicCallback::MemoryRead]: Invalid read of uint32_t at address: 0x14523c
[05:43:32.275] |W| [ArmDynarmicCallback::MemoryRead]: Invalid read of uint32_t at address: 0x145240
[05:43:32.275] |W| [ArmDynarmicCallback::MemoryRead]: Invalid read of uint32_t at address: 0x145240
[05:43:32.275] |W| [ArmDynarmicCallback::MemoryRead]: Invalid read of uint32_t at address: 0x145244
[05:43:32.275] |W| [ArmDynarmicCallback::MemoryRead]: Invalid read of uint32_t at address: 0x145244
[05:43:32.275] |W| [ArmDynarmicCallback::MemoryRead]: Invalid read of uint32_t at address: 0x145248
[05:43:32.276] |W| [ArmDynarmicCallback::MemoryRead]: Invalid read of uint32_t at address: 0x145248
[05:43:32.276] |W| [ArmDynarmicCallback::MemoryRead]: Invalid read of uint32_t at address: 0x14524c
[05:43:32.276] |W| [ArmDynarmicCallback::MemoryRead]: Invalid read of uint32_t at address: 0x14524c
