[07:10:07.436] |I| [load_app_impl]: ngs experimental state: true
[07:10:07.436] |I| [load_app_impl]: video player state: true
[07:10:07.436] |I| [load_app_impl]: auto-lle: enabled
[07:10:07.436] |I| [load_app_impl]: Title: Project Root
[07:10:07.436] |I| [load_app_impl]: Serial: PCSB00650
[07:10:07.437] |I| [load_app_impl]: Version: 1.00
[07:10:07.437] |I| [load_app_impl]: Category: gd
[07:10:07.486] |C| [load_self]: Unknown segment type 0x6FFFFF01
[07:10:07.486] |I| [load_self]: Loaded module segment 0 @ [0x00004000 - 0x00053C54 / 0x81000000] (size: 0x0004FC54) of module app0:sce_module/libc.suprx
[07:10:07.486] |I| [load_self]: Loaded module segment 1 @ [0x00054000 - 0x00056688 / 0x81050000] (size: 0x00002688) of module app0:sce_module/libc.suprx
[07:10:07.487] |I| [load_self]: Loading symbols for SELF: app0:sce_module/libc.suprx
[07:10:07.487] |D| [load_var_exports]: 	NID 0x936C8A78 (SYSLYB) at 0x49744
[07:10:07.487] |D| [load_var_exports]: 	NID 0x6C2224BA (NID_MODULE_INFO) at 0x3F4F8
[07:10:07.487] |W| [load_var_imports]: 	NID NOT FOUND 0x93B8AA67 (UNRECOGNISED) at 0x43520, setting to stub value 0xDEADBEEF
[07:10:07.487] |W| [load_var_imports]: 	NID NOT FOUND 0xDF084DFA (UNRECOGNISED) at 0x450A4, setting to stub value 0xDEADBEEF
[07:10:07.487] |I| [pre_load_module]: Pre-load module SceLibc (at "sce_module/libc.suprx") loaded
[07:10:07.513] |C| [load_self]: Unknown segment type 0x6FFFFF01
[07:10:07.513] |I| [load_self]: Loaded module segment 0 @ [0x00059000 - 0x0008433C / 0x81000000] (size: 0x0002B33C) of module app0:sce_module/libfios2.suprx
[07:10:07.513] |I| [load_self]: Loaded module segment 1 @ [0x00085000 - 0x0008A23D / 0x8102C000] (size: 0x0000523D) of module app0:sce_module/libfios2.suprx
[07:10:07.513] |I| [load_self]: Loading symbols for SELF: app0:sce_module/libfios2.suprx
[07:10:07.513] |D| [load_var_exports]: 	NID 0x936C8A78 (SYSLYB) at 0x84244
[07:10:07.513] |D| [load_var_exports]: 	NID 0x6C2224BA (NID_MODULE_INFO) at 0x7B878
[07:10:07.514] |I| [pre_load_module]: Pre-load module SceLibFios2 (at "sce_module/libfios2.suprx") loaded
[07:10:07.529] |C| [load_self]: Unknown segment type 0x6FFFFF01
[07:10:07.529] |I| [load_self]: Loaded module segment 0 @ [0x0008B000 - 0x0009E9A4 / 0x81000000] (size: 0x000139A4) of module app0:sce_module/libult.suprx
[07:10:07.529] |I| [load_self]: Loaded module segment 1 @ [0x0009F000 - 0x0009F814 / 0x81014000] (size: 0x00000814) of module app0:sce_module/libult.suprx
[07:10:07.530] |I| [load_self]: Loading symbols for SELF: app0:sce_module/libult.suprx
[07:10:07.530] |D| [load_var_exports]: 	NID 0x936C8A78 (SYSLYB) at 0x9D2D0
[07:10:07.530] |D| [load_var_exports]: 	NID 0x6C2224BA (NID_MODULE_INFO) at 0x9A858
[07:10:07.530] |I| [pre_load_module]: Pre-load module SceUlt (at "sce_module/libult.suprx") loaded
[07:10:07.536] |I| [load_self]: Loaded module segment 0 @ [0x000A0000 - 0x000F0F04 / 0x81000000] (size: 0x00050F04) of module vs0:sys/external/libSceFt2.suprx
[07:10:07.536] |I| [load_self]: Loaded module segment 1 @ [0x000F1000 - 0x000F12F4 / 0x81051000] (size: 0x000002F4) of module vs0:sys/external/libSceFt2.suprx
[07:10:07.536] |I| [load_self]: Loading symbols for SELF: vs0:sys/external/libSceFt2.suprx
[07:10:07.537] |D| [load_var_exports]: 	NID 0x936C8A78 (SYSLYB) at 0xDC7DC
[07:10:07.537] |D| [load_var_exports]: 	NID 0x6C2224BA (NID_MODULE_INFO) at 0xDBF10
[07:10:07.537] |I| [pre_load_module]: Pre-load module SceLibft2 (at "sys/external/libSceFt2.suprx") loaded
[07:10:07.538] |I| [load_self]: Loaded module segment 0 @ [0x000F2000 - 0x00101F14 / 0x81000000] (size: 0x0000FF14) of module vs0:sys/external/libpvf.suprx
[07:10:07.538] |I| [load_self]: Loaded module segment 1 @ [0x00102000 - 0x00102008 / 0x81010000] (size: 0x00000008) of module vs0:sys/external/libpvf.suprx
[07:10:07.538] |I| [load_self]: Loading symbols for SELF: vs0:sys/external/libpvf.suprx
[07:10:07.539] |D| [load_var_exports]: 	NID 0x936C8A78 (SYSLYB) at 0x100710
[07:10:07.539] |D| [load_var_exports]: 	NID 0x6C2224BA (NID_MODULE_INFO) at 0x100300
[07:10:07.539] |I| [pre_load_module]: Pre-load module SceLibPvf (at "sys/external/libpvf.suprx") loaded
[07:10:07.583] |C| [load_self]: Unknown segment type 0x6FFFFF01
[07:10:07.584] |I| [load_self]: Loaded module segment 0 @ [0x00103000 - 0x002B88F8 / 0x81000000] (size: 0x001B58F8) of module app0:eboot.bin
[07:10:07.584] |I| [load_self]: Loaded module segment 1 @ [0x002B9000 - 0x003237B4 / 0x811B6000] (size: 0x0006A7B4) of module app0:eboot.bin
[07:10:07.584] |I| [load_self]: Loading symbols for SELF: app0:eboot.bin
[07:10:07.584] |D| [load_var_exports]: 	NID 0x6C2224BA (NID_MODULE_INFO) at 0x27F890
[07:10:07.584] |D| [load_var_exports]: 	NID 0x70FBA1E7 (SCE_PROC_PARAMS) at 0x2B93C0
[07:10:07.584] |D| [load_var_exports]: 	NID 0x936C8A78 (SYSLYB) at 0x2A3650
[07:10:07.584] |I| [load_app_impl]: Main executable rootGamevitaFinal (eboot.bin) loaded
[07:10:07.586] |D| [run_app]: Running module_start of library: SceLibc at address 0x4871
[07:10:07.590] |I| [run_app]: Module SceLibc (at "app0:sce_module/libc.suprx") module_start returned 0x0
[07:10:07.591] |D| [run_app]: Running module_start of library: SceLibFios2 at address 0x59001
[07:10:07.592] |W| [stubbed_impl]: Stubbed sceKernelGetProcessId import called. (pid: 0)
[07:10:07.593] |W| [unimplemented_impl]: Unimplemented sceFiosOverlayGetList02 import called.
[07:10:07.593] |I| [run_app]: Module SceLibFios2 (at "app0:sce_module/libfios2.suprx") module_start returned 0x0
[07:10:07.593] |D| [run_app]: Running module_start of library: SceUlt at address 0x8E769
[07:10:07.595] |W| [unimplemented_impl]: Unimplemented _sceUlobjMgrRegisterLibultProtocolRevision import called.
[07:10:07.596] |I| [run_app]: Module SceUlt (at "app0:sce_module/libult.suprx") module_start returned 0x0
[07:10:07.601] |W| [unimplemented_impl]: Unimplemented sceAppUtilInit import called.
[07:10:07.813] |W| [unimplemented_impl]: Unimplemented sceAppMgrAcquireBgmPort import called.
[07:10:07.849] |W| [unimplemented_impl]: Unimplemented sceKernelChangeThreadVfpException import called.
[07:10:07.849] |W| [unimplemented_impl]: Unimplemented sceFiosOverlayThreadSetDisabled02 import called.
[07:10:07.856] |W| [unimplemented_impl]: Unimplemented sceFiosOverlayGetRecommendedScheduler02 import called.
[07:10:07.858] |I| [export_sceIoOpen]: Opening file: app0:/data/config/config.bin
[07:10:07.877] |I| [export_sceIoOpen]: Opening file: app0:/data/locale/english.loc
[07:10:07.924] |W| [stubbed_impl]: Stubbed sceGxmMapMemory import called. (always return success)
[07:10:07.924] |W| [stubbed_impl]: Stubbed sceGxmMapVertexUsseMemory import called. (always return success)
[07:10:07.925] |W| [stubbed_impl]: Stubbed sceGxmMapFragmentUsseMemory import called. (always return success)
[07:10:08.034] |W| [stubbed_impl]: Stubbed sceDisplayWaitVblankStart import called. (wait for vblank)
[07:10:08.064] |I| [export_sceIoOpen]: Opening file: app0:/data/shaders/billboard_vs.cso
[07:10:08.066] |I| [export_sceIoOpen]: Opening file: app0:/data/shaders/billboard_ps.cso
[07:10:08.068] |I| [export_sceIoOpen]: Opening file: app0:/data/shaders/ui_vs.cso
[07:10:08.069] |I| [export_sceIoOpen]: Opening file: app0:/data/shaders/ui_ps_modulate.cso
[07:10:08.070] |I| [export_sceIoOpen]: Opening file: app0:/data/shaders/ui_vs_inst.cso
[07:10:08.071] |I| [export_sceIoOpen]: Opening file: app0:/data/shaders/pong_vs.cso
[07:10:08.078] |I| [export_sceIoOpen]: Opening file: app0:/data/shaders/pong_ps.cso
[07:10:08.083] |I| [export_sceIoOpen]: Opening file: app0:/data/shaders/pong_vs_inst.cso
[07:10:08.088] |I| [export_sceIoOpen]: Opening file: app0:/data/shaders/pong_shadow_ps.cso
[07:10:08.097] |I| [export_sceIoOpen]: Opening file: app0:/data/shaders/phongn_vs.cso
[07:10:08.101] |I| [export_sceIoOpen]: Opening file: app0:/data/shaders/phongn_ps.cso
[07:10:08.105] |I| [export_sceIoOpen]: Opening file: app0:/data/shaders/phongn_vs_inst.cso
[07:10:08.111] |I| [export_sceIoOpen]: Opening file: app0:/data/shaders/phongn_shadow_ps.cso
[07:10:08.113] |I| [export_sceIoOpen]: Opening file: app0:/data/shaders/phongnes_ps.cso
[07:10:08.117] |I| [export_sceIoOpen]: Opening file: app0:/data/shaders/phongnes_shadow_ps.cso
[07:10:08.126] |I| [export_sceIoOpen]: Opening file: app0:/data/shaders/phongns_ps.cso
[07:10:08.129] |I| [export_sceIoOpen]: Opening file: app0:/data/shaders/phongns_shadow_ps.cso
[07:10:08.131] |I| [export_sceIoOpen]: Opening file: app0:/data/shaders/solid_vs.cso
[07:10:08.132] |I| [export_sceIoOpen]: Opening file: app0:/data/shaders/solid_ps.cso
[07:10:08.133] |I| [export_sceIoOpen]: Opening file: app0:/data/shaders/shadow_vs.cso
[07:10:08.134] |I| [export_sceIoOpen]: Opening file: app0:/data/shaders/shadow_ps.cso
[07:10:08.135] |I| [export_sceIoOpen]: Opening file: app0:/data/shaders/shadownes_vs.cso
[07:10:08.136] |I| [export_sceIoOpen]: Opening file: app0:/data/shaders/ocean_vs.cso
[07:10:08.138] |I| [export_sceIoOpen]: Opening file: app0:/data/shaders/ocean_ps.cso
[07:10:08.139] |I| [export_sceIoOpen]: Opening file: app0:/data/shaders/ocean_vs_inst.cso
[07:10:08.141] |I| [export_sceIoOpen]: Opening file: app0:/data/shaders/lava_vs.cso
[07:10:08.141] |I| [export_sceIoOpen]: Opening file: app0:/data/shaders/lava_ps.cso
[07:10:08.143] |I| [export_sceIoOpen]: Opening file: app0:/data/shaders/lava_vs_inst.cso
[07:10:08.144] |I| [export_sceIoOpen]: Opening file: app0:/data/shaders/clear_vs.cso
[07:10:08.145] |I| [export_sceIoOpen]: Opening file: app0:/data/shaders/clear_ps.cso
[07:10:08.146] |I| [export_sceIoOpen]: Opening file: app0:/data/shaders/clear_shadow_ps.cso
[07:10:08.147] |W| [stubbed_impl]: Stubbed sceKernelGetFreeMemorySize import called. (Single pool)
[07:10:08.151] |W| [stubbed_impl]: Stubbed sceAudiodecInitLibrary import called. (EMPTY)
[07:10:08.151] |W| [unimplemented_impl]: Unimplemented sceNgsSystemSetFlags import called.
[07:10:08.158] |W| [unimplemented_impl]: Unimplemented sceNgsVoiceSetParamsBlock import called.
[07:10:08.165] |I| [export_sceIoOpen]: Opening file: app0:data//sound//root.fev
[07:10:08.221] |I| [export_sceIoOpen]: Opening file: app0:data//sound//player.fsb
[07:10:08.223] |I| [export_sceIoOpen]: Opening file: app0:/data/shaders/shield_ps.cso
[07:10:08.224] |I| [export_sceIoOpen]: Opening file: app0:/data/shaders/item_ps.cso
[07:10:08.226] |I| [export_sceIoOpen]: Opening file: app0:/data/shaders/mray_vs.cso
[07:10:08.227] |I| [export_sceIoOpen]: Opening file: app0:/data/shaders/mray_ps.cso
[07:10:08.228] |I| [export_sceIoOpen]: Opening file: app0:/data/config/xp_levels.bin
[07:10:08.232] |I| [export_sceIoOpen]: Opening file: app0:data//sound//explosions.fsb
[07:10:08.237] |I| [export_sceIoOpen]: Opening file: app0:/data/config/player.bin
[07:10:08.278] |I| [export_sceIoOpen]: Opening file: app0:/data/shaders/rain_vs.cso
[07:10:08.279] |I| [export_sceIoOpen]: Opening file: app0:/data/shaders/rain_ps.cso
[07:10:08.286] |I| [export_sceIoOpen]: Opening file: app0:/data/shaders/vray_vs.cso
[07:10:08.287] |I| [export_sceIoOpen]: Opening file: app0:/data/shaders/wall_vs.cso
[07:10:08.288] |I| [export_sceIoOpen]: Opening file: app0:/data/config/achievements.bin
[07:10:08.301] |I| [export_sceIoOpen]: Opening file: app0:data//sound//weapons.fsb
[07:10:08.324] |I| [export_sceIoOpen]: Opening file: app0:/data/zonda/zonda_font.pkt
[07:10:08.383] |I| [renderer::gl::load_shader_generic]: Generating frag shader 9982bc36a6550939fea9a57e8d51f8a8e8647e3a8fef796d80ff7d571b2444bf
[07:10:08.386] |D| [shader::spirv_disasm_print]: SPIR-V Disassembly:
// Module Version 10500
// Generated by (magic number): 1337000
// Id's are bound by 122

                              Capability Shader
                              Capability Float16
              62:             ExtInstImport  "GLSL.std.450"
              90:             ExtInstImport  "GLSL.std.450"
             107:             ExtInstImport  "GLSL.std.450"
                              MemoryModel Logical GLSL450
                              EntryPoint Fragment 4  "main_fs" 40 42 74
                              ExecutionMode 4 OriginLowerLeft
               1:             String  "9982bc36a6550939fea9a57e8d51f8a8e8647e3a8fef796d80ff7d571b2444bf"
                              SourceExtension  "gxp"
                              Name 4  "main_fs"
                              Name 21  "pa"
                              Name 22  "sa"
                              Name 24  "internals"
                              Name 26  "r"
                              Name 28  "p"
                              Name 30  "idx"
                              Name 31  "outs"
                              Name 33  "i"
                              Name 37  "memory"
                              Name 40  "f_mask"
                              Name 42  "gl_FragCoord"
                              Name 43  "frag_output_finalize"
                              Name 59  "unpack2xF16"
                              Name 74  "out_color"
                              Name 98  "block_prim_0"
                              Name 105  "pack2xF16"
                              Decorate 40(f_mask) Binding 1
                              Decorate 42(gl_FragCoord) BuiltIn FragCoord
                              Decorate 74(out_color) Location 0
               2:             TypeVoid
               3:             TypeFunction 2
               6:             TypeFloat 32
               7:             TypeInt 32 1
               8:             TypeBool
               9:             TypeVector 6(float) 4
              10:      7(int) Constant 32
              11:             TypeArray 9(fvec4) 10
              12:      7(int) Constant 3
              13:             TypeArray 9(fvec4) 12
              14:      7(int) Constant 20
              15:             TypeArray 9(fvec4) 14
              16:      7(int) Constant 2
              17:             TypeArray 7(int) 16
              18:      7(int) Constant 4
              19:             TypeArray 8(bool) 18
              20:             TypePointer Private 11
          21(pa):     20(ptr) Variable Private
          22(sa):     20(ptr) Variable Private
              23:             TypePointer Private 13
   24(internals):     23(ptr) Variable Private
              25:             TypePointer Private 15
           26(r):     25(ptr) Variable Private
              27:             TypePointer Private 19
           28(p):     27(ptr) Variable Private
              29:             TypePointer Private 17
         30(idx):     29(ptr) Variable Private
        31(outs):     25(ptr) Variable Private
              32:             TypePointer Function 7(int)
              34:      7(int) Constant 1
              35:             TypeArray 6(float) 34
              36:             TypePointer Private 35
      37(memory):     36(ptr) Variable Private
              38:             TypeImage 6(float) 2D nonsampled format:Rgba8
              39:             TypePointer UniformConstant 38
      40(f_mask):     39(ptr) Variable UniformConstant
              41:             TypePointer Input 9(fvec4)
42(gl_FragCoord):     41(ptr) Variable Input
              45:             TypePointer Private 9(fvec4)
              46:      7(int) Constant 0
              53:             TypeVector 6(float) 2
              56:             TypeInt 32 0
              57:             TypeFunction 53(fvec2) 6(float)
              73:             TypePointer Output 9(fvec4)
   74(out_color):     73(ptr) Variable Output
              76:             TypeVector 7(int) 4
              78:             TypeVector 7(int) 2
              82:    6(float) Constant 1056964608
              83:    9(fvec4) ConstantComposite 82 82 82 82
              91:    6(float) Constant 0
              92:    6(float) Constant 1065353216
              93:    6(float) Constant 1073741824
              94:   53(fvec2) ConstantComposite 91 91
              95:             TypeVector 6(float) 3
              96:   95(fvec3) ConstantComposite 91 91 91
              97:    9(fvec4) ConstantComposite 91 91 91 91
             103:             TypeFunction 6(float) 53(fvec2)
      4(main_fs):           2 Function None 3
               5:             Label
           33(i):     32(ptr) Variable Function
             121:           2 FunctionCall 98(block_prim_0)
                              Return
                              FunctionEnd
43(frag_output_finalize):           2 Function None 3
              44:             Label
              47:     45(ptr) AccessChain 21(pa) 46
              48:     45(ptr) AccessChain 21(pa) 46
              49:    9(fvec4) Load 48
              50:    9(fvec4) Load 47
              51:    6(float) VectorExtractDynamic 50 46
              52:    6(float) VectorExtractDynamic 50 34
              54:   53(fvec2) CompositeConstruct 51 52
              55:    6(float) VectorExtractDynamic 54 46
              65:   53(fvec2) FunctionCall 59(unpack2xF16) 55
              66:    6(float) VectorExtractDynamic 54 34
              67:   53(fvec2) FunctionCall 59(unpack2xF16) 66
              68:    6(float) VectorExtractDynamic 65 46
              69:    6(float) VectorExtractDynamic 65 34
              70:    6(float) VectorExtractDynamic 67 46
              71:    6(float) VectorExtractDynamic 67 34
              72:    9(fvec4) CompositeConstruct 68 69 70 71
                              Store 74(out_color) 72
              75:    9(fvec4) Load 42(gl_FragCoord)
              77:   76(ivec4) ConvertFToS 75
              79:   78(ivec2) VectorShuffle 77 77 0 1
              80:          38 Load 40(f_mask)
              81:    9(fvec4) ImageRead 80 79
              84:     8(bool) FOrdLessThan 81 83
              85:     8(bool) All 84
                              SelectionMerge 87 None
                              BranchConditional 85 86 87
              86:               Label
                                Kill
              87:             Label
                              Return
                              FunctionEnd
 59(unpack2xF16):   53(fvec2) Function None 57
              58:    6(float) FunctionParameter
              60:             Label
              61:     56(int) Bitcast 58
              63:   53(fvec2) ExtInst 62(GLSL.std.450) 62(UnpackHalf2x16) 61
                              ReturnValue 63
                              FunctionEnd
98(block_prim_0):           2 Function None 3
              99:             Label
                              Line 1 1 0
             100:    6(float) VectorExtractDynamic 97 46
             101:    6(float) VectorExtractDynamic 97 34
             102:   53(fvec2) CompositeConstruct 100 101
             111:    6(float) FunctionCall 105(pack2xF16) 102
             112:    6(float) VectorExtractDynamic 97 16
             113:    6(float) VectorExtractDynamic 97 12
             114:   53(fvec2) CompositeConstruct 112 113
             115:    6(float) FunctionCall 105(pack2xF16) 114
             116:   53(fvec2) CompositeConstruct 111 115
             117:     45(ptr) AccessChain 21(pa) 46
             118:    9(fvec4) Load 117
             119:    9(fvec4) VectorShuffle 118 116 4 5 2 3
                              Store 117 119
             120:           2 FunctionCall 43(frag_output_finalize)
                              Return
                              FunctionEnd
  105(pack2xF16):    6(float) Function None 103
             104:   53(fvec2) FunctionParameter
             106:             Label
             108:     56(int) ExtInst 107(GLSL.std.450) 58(PackHalf2x16) 104
             109:    6(float) Bitcast 108
                              ReturnValue 109
                              FunctionEnd

[07:10:08.388] |I| [export_sceIoOpen]: Opening file: app0:data//sound//environment.fsb
[07:10:08.388] |D| [shader::convert_gxp_to_glsl]: Generated GLSL:
#version 420
#extension GL_ARB_fragment_shader_interlock : require
// Shader Name: 9982bc36a6550939fea9a57e8d51f8a8e8647e3a8fef796d80ff7d571b2444bf
layout(early_fragment_tests) in;


layout(binding = 1, rgba8) uniform readonly image2D f_mask;

layout(location = 0) out vec4 out_color;
vec4 pa[32];
vec4 sa[32];
vec4 internals[3];
vec4 r[20];
bool p[4];
int idx[2];
vec4 outs[20];
float memory[1];

float pack2xF16(vec2 _104)
{
    return uintBitsToFloat(packHalf2x16(_104));
}

vec2 unpack2xF16(float _58)
{
    return unpackHalf2x16(floatBitsToUint(_58));
}

void frag_output_finalize()
{
    vec2 _54 = vec2(pa[0].x, pa[0].y);
    vec2 _65 = unpack2xF16(_54.x);
    vec2 _67 = unpack2xF16(_54.y);
    out_color = vec4(_65.x, _65.y, _67.x, _67.y);
    if (all(lessThan(imageLoad(f_mask, ivec4(gl_FragCoord).xy), vec4(0.5))))
    {
        discard;
    }
}

void block_prim_0()
{
    vec2 _116 = vec2(pack2xF16(vec2(vec4(0.0).x, vec4(0.0).y)), pack2xF16(vec2(vec4(0.0).z, vec4(0.0).w)));
    pa[0] = vec4(_116.x, _116.y, pa[0].z, pa[0].w);
    frag_output_finalize();
}

void main()
{
    block_prim_0();
}


[07:10:08.402] |I| [renderer::gl::load_shader_generic]: Generating vert shader 485ea96597b44e6eedefdd0e3f5c9a9e4e5344224b118c01f8f8e52041283adc
[07:10:08.404] |D| [shader::create_parameters]: [BUFFER0  + 0] pa0 = (float4) _Position
[07:10:08.405] |D| [shader::spirv_disasm_print]: SPIR-V Disassembly:
// Module Version 10500
// Generated by (magic number): 1337000
// Id's are bound by 123

                              Capability Shader
                              Capability Float16
              96:             ExtInstImport  "GLSL.std.450"
                              MemoryModel Logical GLSL450
                              EntryPoint Vertex 4  "main_vs" 39 46
               1:             String  "485ea96597b44e6eedefdd0e3f5c9a9e4e5344224b118c01f8f8e52041283adc"
                              SourceExtension  "gxp"
                              Name 4  "main_vs"
                              Name 21  "pa"
                              Name 22  "sa"
                              Name 24  "internals"
                              Name 26  "r"
                              Name 28  "p"
                              Name 30  "idx"
                              Name 31  "outs"
                              Name 33  "i"
                              Name 37  "memory"
                              Name 39  "_Position"
                              Name 40  "GxmRenderBufferBlock"
                              MemberName 40(GxmRenderBufferBlock) 0  "viewport_flip"
                              MemberName 40(GxmRenderBufferBlock) 1  "viewport_flag"
                              MemberName 40(GxmRenderBufferBlock) 2  "screen_width"
                              MemberName 40(GxmRenderBufferBlock) 3  "screen_height"
                              Name 42  "renderInfo"
                              Name 43  "vert_output_finalize"
                              Name 46  "v_Position"
                              Name 84  "i"
                              Name 102  "block_prim_0"
                              Decorate 39(_Position) Location 0
                              Decorate 40(GxmRenderBufferBlock) Block
                              Decorate 40(GxmRenderBufferBlock) GLSLShared
                              MemberDecorate 40(GxmRenderBufferBlock) 0 Offset 0
                              MemberDecorate 40(GxmRenderBufferBlock) 1 Offset 16
                              MemberDecorate 40(GxmRenderBufferBlock) 2 Offset 20
                              MemberDecorate 40(GxmRenderBufferBlock) 3 Offset 24
                              Decorate 42(renderInfo) Binding 15
                              Decorate 46(v_Position) Location 0
                              Decorate 46(v_Position) BuiltIn Position
               2:             TypeVoid
               3:             TypeFunction 2
               6:             TypeFloat 32
               7:             TypeInt 32 1
               8:             TypeBool
               9:             TypeVector 6(float) 4
              10:      7(int) Constant 32
              11:             TypeArray 9(fvec4) 10
              12:      7(int) Constant 3
              13:             TypeArray 9(fvec4) 12
              14:      7(int) Constant 20
              15:             TypeArray 9(fvec4) 14
              16:      7(int) Constant 2
              17:             TypeArray 7(int) 16
              18:      7(int) Constant 4
              19:             TypeArray 8(bool) 18
              20:             TypePointer Private 11
          21(pa):     20(ptr) Variable Private
          22(sa):     20(ptr) Variable Private
              23:             TypePointer Private 13
   24(internals):     23(ptr) Variable Private
              25:             TypePointer Private 15
           26(r):     25(ptr) Variable Private
              27:             TypePointer Private 19
           28(p):     27(ptr) Variable Private
              29:             TypePointer Private 17
         30(idx):     29(ptr) Variable Private
        31(outs):     25(ptr) Variable Private
              32:             TypePointer Function 7(int)
              34:      7(int) Constant 1
              35:             TypeArray 6(float) 34
              36:             TypePointer Private 35
      37(memory):     36(ptr) Variable Private
              38:             TypePointer Input 9(fvec4)
   39(_Position):     38(ptr) Variable Input
40(GxmRenderBufferBlock):             TypeStruct 9(fvec4) 6(float) 6(float) 6(float)
              41:             TypePointer Uniform 40(GxmRenderBufferBlock)
  42(renderInfo):     41(ptr) Variable Uniform
              45:             TypePointer Output 9(fvec4)
  46(v_Position):     45(ptr) Variable Output
              47:             TypePointer Private 9(fvec4)
              48:      7(int) Constant 0
              53:    6(float) Constant 1056964608
              54:    6(float) Constant 1065353216
              55:    6(float) Constant 3212836864
              56:    6(float) Constant 1073741824
              57:    6(float) Constant 3221225472
              58:    6(float) Constant 0
              59:             TypePointer Uniform 6(float)
              75:             TypePointer Uniform 9(fvec4)
              85:    9(fvec4) ConstantComposite 58 58 58 58
              97:             TypeInt 32 0
              98:             TypeVector 6(float) 2
              99:   98(fvec2) ConstantComposite 58 58
             100:             TypeVector 6(float) 3
             101:  100(fvec3) ConstantComposite 58 58 58
             111:   98(fvec2) ConstantComposite 54 54
      4(main_vs):           2 Function None 3
               5:             Label
           33(i):     32(ptr) Variable Function
           84(i):     32(ptr) Variable Function
              82:    9(fvec4) Load 39(_Position)
              83:     47(ptr) AccessChain 21(pa) 48
                              Store 83 82
                              Store 84(i) 48
                              Branch 86
              86:             Label
              90:      7(int) Load 84(i)
              91:     8(bool) SLessThan 90 14
                              LoopMerge 88 89 None
                              BranchConditional 91 87 88
              87:               Label
              92:      7(int)   Load 84(i)
              93:     47(ptr)   AccessChain 31(outs) 92
                                Store 93 85
              94:      7(int)   Load 84(i)
              95:      7(int)   IAdd 94 34
                                Store 84(i) 95
                                Branch 89
              89:               Label
                                Branch 86
              88:             Label
             122:           2 FunctionCall 102(block_prim_0)
                              Return
                              FunctionEnd
43(vert_output_finalize):           2 Function None 3
              44:             Label
              49:     47(ptr) AccessChain 31(outs) 48
              50:     47(ptr) AccessChain 31(outs) 48
              51:    9(fvec4) Load 50
              52:    9(fvec4) Load 49
              60:     59(ptr) AccessChain 42(renderInfo) 34
              61:     59(ptr) AccessChain 42(renderInfo) 16
              62:     59(ptr) AccessChain 42(renderInfo) 12
              63:    6(float) Load 60
              64:     8(bool) FOrdLessThan 63 53
                              SelectionMerge 66 None
                              BranchConditional 64 65 78
              65:               Label
              67:    6(float)   Load 61
              68:    6(float)   FDiv 56 67
              69:    6(float)   Load 62
              70:    6(float)   FDiv 57 69
              71:    9(fvec4)   CompositeConstruct 68 70 54 54
              72:    9(fvec4)   CompositeConstruct 55 54 58 58
              73:    9(fvec4)   FMul 52 71
              74:    9(fvec4)   FAdd 73 72
              76:     75(ptr)   AccessChain 42(renderInfo) 48
              77:    9(fvec4)   FMul 74 76
                                Store 46(v_Position) 77
                                Branch 66
              78:               Label
              79:     75(ptr)   AccessChain 42(renderInfo) 48
              80:    9(fvec4)   FMul 52 79
                                Store 46(v_Position) 80
                                Branch 66
              66:             Label
                              Return
                              FunctionEnd
102(block_prim_0):           2 Function None 3
             103:             Label
                              Line 1 1 0
             104:     47(ptr) AccessChain 21(pa) 48
             105:     47(ptr) AccessChain 21(pa) 48
             106:    9(fvec4) Load 105
             107:    9(fvec4) Load 104
             108:    6(float) VectorExtractDynamic 107 48
             109:    6(float) VectorExtractDynamic 107 34
             110:   98(fvec2) CompositeConstruct 108 109
             112:   98(fvec2) FMul 110 111
             113:     47(ptr) AccessChain 31(outs) 48
             114:    9(fvec4) Load 113
             115:    9(fvec4) VectorShuffle 114 112 4 5 2 3
                              Store 113 115
                              Line 1 2 0
             116:   98(fvec2) CompositeConstruct 54 54
             117:   98(fvec2) FMul 116 111
             118:     47(ptr) AccessChain 31(outs) 48
             119:    9(fvec4) Load 118
             120:    9(fvec4) VectorShuffle 119 117 0 1 4 5
                              Store 118 120
             121:           2 FunctionCall 43(vert_output_finalize)
                              Return
                              FunctionEnd

[07:10:08.407] |D| [shader::convert_gxp_to_glsl]: Generated GLSL:
#version 420
#extension GL_ARB_fragment_shader_interlock : require
// Shader Name: 485ea96597b44e6eedefdd0e3f5c9a9e4e5344224b118c01f8f8e52041283adc

layout(binding = 15, std140) uniform GxmRenderBufferBlock
{
    vec4 viewport_flip;
    float viewport_flag;
    float screen_width;
    float screen_height;
} renderInfo;

layout(location = 0) in vec4 _Position;
vec4 pa[32];
vec4 sa[32];
vec4 internals[3];
vec4 r[20];
bool p[4];
int idx[2];
vec4 outs[20];
float memory[1];

void vert_output_finalize()
{
    if (renderInfo.viewport_flag < 0.5)
    {
        gl_Position = ((outs[0] * vec4(2.0 / renderInfo.screen_width, (-2.0) / renderInfo.screen_height, 1.0, 1.0)) + vec4(-1.0, 1.0, 0.0, 0.0)) * renderInfo.viewport_flip;
    }
    else
    {
        gl_Position = outs[0] * renderInfo.viewport_flip;
    }
}

void block_prim_0()
{
    vec2 _112 = vec2(pa[0].x, pa[0].y) * vec2(1.0);
    outs[0] = vec4(_112.x, _112.y, outs[0].z, outs[0].w);
    vec2 _117 = vec2(1.0) * vec2(1.0);
    outs[0] = vec4(outs[0].x, outs[0].y, _117.x, _117.y);
    vert_output_finalize();
}

void main()
{
    pa[0] = _Position;
    int i_1 = 0;
    while (i_1 < 20)
    {
        outs[i_1] = vec4(0.0);
        i_1++;
    }
    block_prim_0();
}


[07:10:08.415] |I| [export_sceIoOpen]: Opening file: app0:data//sound//environment.fsb
[07:10:08.425] |E| [renderer::gl::compile_program]: Fragment info
-------------
0(10) : warning C7050: "pa[0].zw" might be used before being initialized


[07:10:08.426] |W| [stubbed_impl]: Stubbed sceDisplayWaitSetFrameBufMulti import called. (move after setframebuf)
[07:10:08.427] |W| [stubbed_impl]: Stubbed sceDisplayWaitSetFrameBuf import called. (move after setframebuf)
[07:10:08.650] |I| [export_sceIoOpen]: Opening file: app0:/data/zonda/zonda_gfx.pkt
[07:10:08.758] |I| [export_sceIoOpen]: Opening file: app0:/data/zonda/ui.zonda
[07:10:08.785] |I| [export_sceIoOpen]: Opening file: app0:/data/world/root/packages/textures.pkg
[07:10:08.959] |I| [renderer::gl::load_shader_generic]: Generating frag shader b88f4f925f2b0ac87323ae8eaabe65e0cb1741aa9b8fe8bedbcd1529f713304d
[07:10:08.960] |D| [shader::create_parameters]: [DEFAULT  + 0] sa0 = (float4) psUniform_object_ea_Color
[07:10:08.962] |D| [shader::spirv_disasm_print]: SPIR-V Disassembly:
// Module Version 10500
// Generated by (magic number): 1337000
// Id's are bound by 346

                              Capability Shader
                              Capability Float16
             117:             ExtInstImport  "GLSL.std.450"
             186:             ExtInstImport  "GLSL.std.450"
             237:             ExtInstImport  "GLSL.std.450"
             309:             ExtInstImport  "GLSL.std.450"
             314:             ExtInstImport  "GLSL.std.450"
                              MemoryModel Logical GLSL450
                              EntryPoint Fragment 4  "main_fs" 99 102 103 104 172
                              ExecutionMode 4 OriginLowerLeft
               1:             String  "b88f4f925f2b0ac87323ae8eaabe65e0cb1741aa9b8fe8bedbcd1529f713304d"
                              SourceExtension  "gxp"
                              Name 4  "main_fs"
                              Name 21  "pa"
                              Name 22  "sa"
                              Name 24  "internals"
                              Name 26  "r"
                              Name 28  "p"
                              Name 30  "idx"
                              Name 31  "outs"
                              Name 33  "i"
                              Name 36  "frag_defaultUniformBuffer"
                              Name 38  "buffer0"
                              MemberName 36(frag_defaultUniformBuffer) 0  "data"
                              Name 60  "memory"
                              Name 97  "ea_Texture"
                              Name 99  "v_TexCoord0"
                              Name 102  "f_mask"
                              Name 103  "gl_FragCoord"
                              Name 104  "f_colorAttachment"
                              Name 129  "pack4xU8"
                              Name 149  "frag_output_finalize"
                              Name 158  "unpack4xU8"
                              Name 172  "out_color"
                              Name 197  "block_prim_0"
                              Decorate 36(frag_defaultUniformBuffer) Block
                              Decorate 36(frag_defaultUniformBuffer) GLSLShared
                              Decorate 38(buffer0) Binding 16
                              MemberDecorate 36(frag_defaultUniformBuffer) 0 Offset 0
                              Decorate 35 ArrayStride 16
                              Decorate 97(ea_Texture) Binding 1
                              Decorate 99(v_TexCoord0) Location 4
                              Decorate 102(f_mask) Binding 1
                              Decorate 103(gl_FragCoord) BuiltIn FragCoord
                              Decorate 104(f_colorAttachment) Binding 0
                              Decorate 172(out_color) Location 0
               2:             TypeVoid
               3:             TypeFunction 2
               6:             TypeFloat 32
               7:             TypeInt 32 1
               8:             TypeBool
               9:             TypeVector 6(float) 4
              10:      7(int) Constant 32
              11:             TypeArray 9(fvec4) 10
              12:      7(int) Constant 3
              13:             TypeArray 9(fvec4) 12
              14:      7(int) Constant 20
              15:             TypeArray 9(fvec4) 14
              16:      7(int) Constant 2
              17:             TypeArray 7(int) 16
              18:      7(int) Constant 4
              19:             TypeArray 8(bool) 18
              20:             TypePointer Private 11
          21(pa):     20(ptr) Variable Private
          22(sa):     20(ptr) Variable Private
              23:             TypePointer Private 13
   24(internals):     23(ptr) Variable Private
              25:             TypePointer Private 15
           26(r):     25(ptr) Variable Private
              27:             TypePointer Private 19
           28(p):     27(ptr) Variable Private
              29:             TypePointer Private 17
         30(idx):     29(ptr) Variable Private
        31(outs):     25(ptr) Variable Private
              32:             TypePointer Function 7(int)
              34:      7(int) Constant 1
              35:             TypeArray 9(fvec4) 34
36(frag_defaultUniformBuffer):             TypeStruct 35
              37:             TypePointer Uniform 36(frag_defaultUniformBuffer)
     38(buffer0):     37(ptr) Variable Uniform
              39:      7(int) Constant 0
              47:             TypePointer Uniform 9(fvec4)
              52:             TypePointer Private 9(fvec4)
              57:      7(int) Constant 5
              58:             TypeArray 6(float) 57
              59:             TypePointer Private 58
      60(memory):     59(ptr) Variable Private
              75:             TypePointer Private 6(float)
              94:             TypeImage 6(float) 2D sampled format:Unknown
              95:             TypeSampledImage 94
              96:             TypePointer UniformConstant 95
  97(ea_Texture):     96(ptr) Variable UniformConstant
              98:             TypePointer Input 9(fvec4)
 99(v_TexCoord0):     98(ptr) Variable Input
             100:             TypeImage 6(float) 2D nonsampled format:Rgba8
             101:             TypePointer UniformConstant 100
     102(f_mask):    101(ptr) Variable UniformConstant
103(gl_FragCoord):     98(ptr) Variable Input
104(f_colorAttachment):    101(ptr) Variable UniformConstant
             106:             TypeVector 7(int) 4
             108:             TypeVector 7(int) 2
             112:             TypeInt 32 0
             113:             TypeVector 112(int) 4
             114:    6(float) Constant 1132396544
             115:    6(float) Constant 0
             116:    6(float) Constant 1065353216
             127:             TypeFunction 6(float) 113(ivec4)
             131:    112(int) Constant 0
             133:      7(int) Constant 8
             138:      7(int) Constant 16
             141:      7(int) Constant 24
             156:             TypeFunction 113(ivec4) 6(float)
             171:             TypePointer Output 9(fvec4)
  172(out_color):    171(ptr) Variable Output
             178:    6(float) Constant 1056964608
             179:    9(fvec4) ConstantComposite 178 178 178 178
             187:    6(float) Constant 1073741824
             188:             TypeVector 6(float) 2
             189:  188(fvec2) ConstantComposite 115 115
             190:             TypeVector 6(float) 3
             191:  190(fvec3) ConstantComposite 115 115 115
             192:    9(fvec4) ConstantComposite 115 115 115 115
             260:             TypeVector 112(int) 3
             300:  190(fvec3) ConstantComposite 116 116 116
      4(main_fs):           2 Function None 3
               5:             Label
           33(i):     32(ptr) Variable Function
                              Store 33(i) 39
                              Branch 40
              40:             Label
              44:      7(int) Load 33(i)
              45:     8(bool) SLessThan 44 34
                              LoopMerge 42 43 None
                              BranchConditional 45 41 42
              41:               Label
              46:      7(int)   Load 33(i)
              48:     47(ptr)   AccessChain 38(buffer0) 39 46
              49:      7(int)   Load 33(i)
              50:      7(int)   Load 33(i)
              51:      7(int)   IAdd 49 39
              53:     52(ptr)   AccessChain 22(sa) 51
              54:    9(fvec4)   Load 48
                                Store 53 54
              55:      7(int)   Load 33(i)
              56:      7(int)   IAdd 55 34
                                Store 33(i) 56
                                Branch 43
              43:               Label
                                Branch 40
              42:             Label
                              Store 33(i) 39
                              Branch 61
              61:             Label
              65:      7(int) Load 33(i)
              66:     8(bool) SLessThan 65 34
                              LoopMerge 63 64 None
                              BranchConditional 66 62 63
              62:               Label
              67:      7(int)   Load 33(i)
              68:     47(ptr)   AccessChain 38(buffer0) 39 67
              69:      7(int)   Load 33(i)
              70:      7(int)   IMul 18 69
              71:      7(int)   IAdd 70 39
              72:    9(fvec4)   Load 68
              73:    6(float)   VectorExtractDynamic 72 39
              74:      7(int)   IAdd 71 39
              76:     75(ptr)   AccessChain 60(memory) 74
                                Store 76 73
              77:      7(int)   IAdd 70 34
              78:    9(fvec4)   Load 68
              79:    6(float)   VectorExtractDynamic 78 34
              80:      7(int)   IAdd 77 39
              81:     75(ptr)   AccessChain 60(memory) 80
                                Store 81 79
              82:      7(int)   IAdd 70 16
              83:    9(fvec4)   Load 68
              84:    6(float)   VectorExtractDynamic 83 16
              85:      7(int)   IAdd 82 39
              86:     75(ptr)   AccessChain 60(memory) 85
                                Store 86 84
              87:      7(int)   IAdd 70 12
              88:    9(fvec4)   Load 68
              89:    6(float)   VectorExtractDynamic 88 12
              90:      7(int)   IAdd 87 39
              91:     75(ptr)   AccessChain 60(memory) 90
                                Store 91 89
              92:      7(int)   Load 33(i)
              93:      7(int)   IAdd 92 34
                                Store 33(i) 93
                                Branch 64
              64:               Label
                                Branch 61
              63:             Label
             105:    9(fvec4) Load 103(gl_FragCoord)
             107:  106(ivec4) ConvertFToS 105
             109:  108(ivec2) VectorShuffle 107 107 0 1
             110:         100 Load 104(f_colorAttachment)
             111:    9(fvec4) ImageRead 110 109
             118:    9(fvec4) ExtInst 117(GLSL.std.450) 43(FClamp) 111 115 116
             119:    9(fvec4) FSub 118 115
             120:    9(fvec4) FMul 119 114
             121:  113(ivec4) ConvertFToU 120
             122:    112(int) VectorExtractDynamic 121 39
             123:    112(int) VectorExtractDynamic 121 34
             124:    112(int) VectorExtractDynamic 121 16
             125:    112(int) VectorExtractDynamic 121 12
             126:  113(ivec4) CompositeConstruct 122 123 124 125
             145:    6(float) FunctionCall 129(pack4xU8) 126
             146:     52(ptr) AccessChain 31(outs) 39
             147:    9(fvec4) Load 146
             148:    9(fvec4) VectorInsertDynamic 147 145 39
                              Store 146 148
             193:    9(fvec4) Load 99(v_TexCoord0)
             194:          95 Load 97(ea_Texture)
             195:    9(fvec4) ImageSampleImplicitLod 194 193
             196:     52(ptr) AccessChain 21(pa) 39
                              Store 196 195
             345:           2 FunctionCall 197(block_prim_0)
                              Return
                              FunctionEnd
   129(pack4xU8):    6(float) Function None 127
             128:  113(ivec4) FunctionParameter
             130:             Label
             132:    112(int) VectorExtractDynamic 128 39
             134:    112(int) BitFieldInsert 131 132 39 133
             135:    112(int) VectorExtractDynamic 128 34
             136:    112(int) BitFieldInsert 134 135 133 133
             137:    112(int) VectorExtractDynamic 128 16
             139:    112(int) BitFieldInsert 136 137 138 133
             140:    112(int) VectorExtractDynamic 128 12
             142:    112(int) BitFieldInsert 139 140 141 133
             143:    6(float) Bitcast 142
                              ReturnValue 143
                              FunctionEnd
149(frag_output_finalize):           2 Function None 3
             150:             Label
             151:     52(ptr) AccessChain 31(outs) 39
             152:     52(ptr) AccessChain 31(outs) 39
             153:    9(fvec4) Load 152
             154:    9(fvec4) Load 151
             155:    6(float) VectorExtractDynamic 154 39
             167:  113(ivec4) FunctionCall 158(unpack4xU8) 155
             168:    9(fvec4) ConvertUToF 167
             169:    9(fvec4) FDiv 168 114
             170:    9(fvec4) FAdd 169 115
                              Store 172(out_color) 170
             173:    9(fvec4) Load 103(gl_FragCoord)
             174:  106(ivec4) ConvertFToS 173
             175:  108(ivec2) VectorShuffle 174 174 0 1
             176:         100 Load 102(f_mask)
             177:    9(fvec4) ImageRead 176 175
             180:     8(bool) FOrdLessThan 177 179
             181:     8(bool) All 180
                              SelectionMerge 183 None
                              BranchConditional 181 182 183
             182:               Label
                                Kill
             183:             Label
                              Return
                              FunctionEnd
 158(unpack4xU8):  113(ivec4) Function None 156
             157:    6(float) FunctionParameter
             159:             Label
             160:    112(int) Bitcast 157
             161:    112(int) BitFieldUExtract 160 39 133
             162:    112(int) BitFieldUExtract 160 133 133
             163:    112(int) BitFieldUExtract 160 138 133
             164:    112(int) BitFieldUExtract 160 141 133
             165:  113(ivec4) CompositeConstruct 161 162 163 164
                              ReturnValue 165
                              FunctionEnd
197(block_prim_0):           2 Function None 3
             198:             Label
                              Line 1 2 0
             199:     52(ptr) AccessChain 21(pa) 39
             200:     52(ptr) AccessChain 21(pa) 39
             201:    9(fvec4) Load 200
             202:    9(fvec4) Load 199
             203:     52(ptr) AccessChain 21(pa) 39
             204:     52(ptr) AccessChain 21(pa) 39
             205:    9(fvec4) Load 204
             206:    9(fvec4) Load 203
             207:    6(float) VectorExtractDynamic 206 39
             208:    6(float) VectorExtractDynamic 206 34
             209:  188(fvec2) CompositeConstruct 207 208
             210:     52(ptr) AccessChain 21(pa) 39
             211:     52(ptr) AccessChain 21(pa) 34
             212:    9(fvec4) Load 211
             213:    9(fvec4) Load 210
             214:    6(float) VectorExtractDynamic 213 16
             215:    6(float) VectorExtractDynamic 213 12
             216:  188(fvec2) CompositeConstruct 214 215
             217:    6(float) VectorExtractDynamic 209 39
             218:    6(float) VectorExtractDynamic 209 34
             219:    6(float) VectorExtractDynamic 216 39
             220:    6(float) VectorExtractDynamic 216 34
             221:    9(fvec4) CompositeConstruct 217 218 219 220
             222:     52(ptr) AccessChain 24(internals) 39
                              Store 222 221
                              Line 1 3 0
             223:     52(ptr) AccessChain 22(sa) 39
             224:     52(ptr) AccessChain 22(sa) 39
             225:    9(fvec4) Load 224
             226:    9(fvec4) Load 223
             227:     52(ptr) AccessChain 24(internals) 39
             228:     52(ptr) AccessChain 24(internals) 39
             229:    9(fvec4) Load 228
             230:    9(fvec4) Load 227
             231:    9(fvec4) FMul 226 230
             232:     52(ptr) AccessChain 24(internals) 39
                              Store 232 231
                              Line 1 4 0
             233:     52(ptr) AccessChain 24(internals) 39
             234:     52(ptr) AccessChain 24(internals) 39
             235:    9(fvec4) Load 234
             236:    9(fvec4) Load 233
             238:    9(fvec4) ExtInst 237(GLSL.std.450) 43(FClamp) 236 115 116
             239:    9(fvec4) FSub 238 115
             240:    9(fvec4) FMul 239 114
             241:  113(ivec4) ConvertFToU 240
             242:    112(int) VectorExtractDynamic 241 39
             243:    112(int) VectorExtractDynamic 241 34
             244:    112(int) VectorExtractDynamic 241 16
             245:    112(int) VectorExtractDynamic 241 12
             246:  113(ivec4) CompositeConstruct 242 243 244 245
             247:    6(float) FunctionCall 129(pack4xU8) 246
             248:     52(ptr) AccessChain 21(pa) 39
             249:    9(fvec4) Load 248
             250:    9(fvec4) VectorInsertDynamic 249 247 39
                              Store 248 250
             251:     52(ptr) AccessChain 21(pa) 39
             252:     52(ptr) AccessChain 21(pa) 39
             253:    9(fvec4) Load 252
             254:    9(fvec4) Load 251
             255:    6(float) VectorExtractDynamic 254 39
             256:  113(ivec4) FunctionCall 158(unpack4xU8) 255
             257:    112(int) VectorExtractDynamic 256 39
             258:    112(int) VectorExtractDynamic 256 34
             259:    112(int) VectorExtractDynamic 256 16
             261:  260(ivec3) CompositeConstruct 257 258 259
             262:     52(ptr) AccessChain 31(outs) 39
             263:     52(ptr) AccessChain 31(outs) 39
             264:    9(fvec4) Load 263
             265:    9(fvec4) Load 262
             266:    6(float) VectorExtractDynamic 265 39
             267:  113(ivec4) FunctionCall 158(unpack4xU8) 266
             268:    112(int) VectorExtractDynamic 267 39
             269:    112(int) VectorExtractDynamic 267 34
             270:    112(int) VectorExtractDynamic 267 16
             271:  260(ivec3) CompositeConstruct 268 269 270
             272:     52(ptr) AccessChain 21(pa) 39
             273:     52(ptr) AccessChain 21(pa) 39
             274:    9(fvec4) Load 273
             275:    9(fvec4) Load 272
             276:    6(float) VectorExtractDynamic 275 39
             277:  113(ivec4) FunctionCall 158(unpack4xU8) 276
             278:    112(int) VectorExtractDynamic 277 12
             279:     52(ptr) AccessChain 31(outs) 39
             280:     52(ptr) AccessChain 31(outs) 39
             281:    9(fvec4) Load 280
             282:    9(fvec4) Load 279
             283:    6(float) VectorExtractDynamic 282 39
             284:  113(ivec4) FunctionCall 158(unpack4xU8) 283
             285:    112(int) VectorExtractDynamic 284 12
             286:  190(fvec3) ConvertUToF 261
             287:  190(fvec3) FDiv 286 114
             288:  190(fvec3) FAdd 287 115
             289:  190(fvec3) ConvertUToF 271
             290:  190(fvec3) FDiv 289 114
             291:  190(fvec3) FAdd 290 115
             292:    6(float) ConvertUToF 278
             293:    6(float) FDiv 292 114
             294:    6(float) FAdd 293 115
             295:    6(float) ConvertUToF 285
             296:    6(float) FDiv 295 114
             297:    6(float) FAdd 296 115
             298:  190(fvec3) CompositeConstruct 294 294 294
             299:  190(fvec3) CompositeConstruct 294 294 294
             301:  190(fvec3) FSub 300 299
             302:    6(float) FSub 116 294
             303:  190(fvec3) FMul 298 288
             304:  190(fvec3) FMul 301 291
             305:  190(fvec3) FMul 294 294
             306:  190(fvec3) FMul 302 297
             307:  190(fvec3) FAdd 303 304
             308:    6(float) FAdd 305 306
             310:  190(fvec3) ExtInst 309(GLSL.std.450) 43(FClamp) 307 115 116
             311:  190(fvec3) FSub 310 115
             312:  190(fvec3) FMul 311 114
             313:  260(ivec3) ConvertFToU 312
             315:    6(float) ExtInst 314(GLSL.std.450) 43(FClamp) 308 115 116
             316:    6(float) FSub 315 115
             317:    6(float) FMul 316 114
             318:    112(int) ConvertFToU 317
             319:    112(int) VectorExtractDynamic 313 39
             320:    112(int) VectorExtractDynamic 313 34
             321:    112(int) VectorExtractDynamic 313 16
             322:     52(ptr) AccessChain 31(outs) 39
             323:    9(fvec4) Load 322
             324:    112(int) VectorExtractDynamic 323 39
             325:  113(ivec4) FunctionCall 158(unpack4xU8) 324
             326:    112(int) VectorExtractDynamic 325 12
             327:  113(ivec4) CompositeConstruct 319 320 321 326
             328:    6(float) FunctionCall 129(pack4xU8) 327
             329:     52(ptr) AccessChain 31(outs) 39
             330:    9(fvec4) Load 329
             331:    9(fvec4) VectorInsertDynamic 330 328 39
                              Store 329 331
             332:     52(ptr) AccessChain 31(outs) 39
             333:    9(fvec4) Load 332
             334:    112(int) VectorExtractDynamic 333 39
             335:  113(ivec4) FunctionCall 158(unpack4xU8) 334
             336:    112(int) VectorExtractDynamic 335 39
             337:    112(int) VectorExtractDynamic 335 34
             338:    112(int) VectorExtractDynamic 335 16
             339:  113(ivec4) CompositeConstruct 336 337 338 318
             340:    6(float) FunctionCall 129(pack4xU8) 339
             341:     52(ptr) AccessChain 31(outs) 39
             342:    9(fvec4) Load 341
             343:    9(fvec4) VectorInsertDynamic 342 340 39
                              Store 341 343
             344:           2 FunctionCall 149(frag_output_finalize)
                              Return
                              FunctionEnd

[07:10:08.966] |D| [shader::convert_gxp_to_glsl]: Generated GLSL:
#version 420
#extension GL_ARB_fragment_shader_interlock : require
// Shader Name: b88f4f925f2b0ac87323ae8eaabe65e0cb1741aa9b8fe8bedbcd1529f713304d
layout(early_fragment_tests) in;


layout(binding = 16, std140) uniform frag_defaultUniformBuffer
{
    vec4 data[1];
} buffer0;

layout(binding = 1) uniform sampler2D ea_Texture;
layout(binding = 1, rgba8) uniform readonly image2D f_mask;
layout(binding = 0, rgba8) uniform readonly image2D f_colorAttachment;

layout(location = 4) in vec4 v_TexCoord0;
layout(location = 0) out vec4 out_color;
vec4 pa[32];
vec4 sa[32];
vec4 internals[3];
vec4 r[20];
bool p[4];
int idx[2];
vec4 outs[20];
float memory[5];

float pack4xU8(uvec4 _128)
{
    return uintBitsToFloat(bitfieldInsert(bitfieldInsert(bitfieldInsert(bitfieldInsert(0u, _128.x, 0, 8), _128.y, 8, 8), _128.z, 16, 8), _128.w, 24, 8));
}

uvec4 unpack4xU8(float _157)
{
    uint _160 = floatBitsToUint(_157);
    return uvec4(bitfieldExtract(_160, 0, 8), bitfieldExtract(_160, 8, 8), bitfieldExtract(_160, 16, 8), bitfieldExtract(_160, 24, 8));
}

void frag_output_finalize()
{
    out_color = (vec4(unpack4xU8(outs[0].x)) / 255.0) + 0.0;
    if (all(lessThan(imageLoad(f_mask, ivec4(gl_FragCoord).xy), vec4(0.5))))
    {
        discard;
    }
}

void block_prim_0()
{
    vec2 _209 = vec2(pa[0].x, pa[0].y);
    vec2 _216 = vec2(pa[0].z, pa[0].w);
    internals[0] = vec4(_209.x, _209.y, _216.x, _216.y);
    internals[0] = sa[0] * internals[0];
    uvec4 _241 = uvec4((clamp(internals[0], 0.0, 1.0) - 0.0) * 255.0);
    vec4 _250 = pa[0];
    _250.x = pack4xU8(uvec4(_241.x, _241.y, _241.z, _241.w));
    pa[0] = _250;
    uvec4 _256 = unpack4xU8(pa[0].x);
    uvec4 _267 = unpack4xU8(outs[0].x);
    float _294 = (float(unpack4xU8(pa[0].x).w) / 255.0) + 0.0;
    uvec3 _313 = uvec3((clamp((vec3(_294) * ((vec3(uvec3(_256.x, _256.y, _256.z)) / 255.0) + 0.0)) + ((vec3(1.0) - vec3(_294)) * ((vec3(uvec3(_267.x, _267.y, _267.z)) / 255.0) + 0.0)), 0.0, 1.0) - 0.0) * 255.0);
    vec4 _331 = outs[0];
    _331.x = pack4xU8(uvec4(_313.x, _313.y, _313.z, unpack4xU8(outs[0].x).w));
    outs[0] = _331;
    uvec4 _335 = unpack4xU8(outs[0].x);
    vec4 _343 = outs[0];
    _343.x = pack4xU8(uvec4(_335.x, _335.y, _335.z, uint((clamp((_294 * _294) + ((1.0 - _294) * ((float(unpack4xU8(outs[0].x).w) / 255.0) + 0.0)), 0.0, 1.0) - 0.0) * 255.0)));
    outs[0] = _343;
    frag_output_finalize();
}

void main()
{
    int i = 0;
    while (i < 1)
    {
        sa[i + 0] = buffer0.data[i];
        i++;
    }
    i = 0;
    while (i < 1)
    {
        int _70 = 4 * i;
        memory[(_70 + 0) + 0] = buffer0.data[i].x;
        memory[(_70 + 1) + 0] = buffer0.data[i].y;
        memory[(_70 + 2) + 0] = buffer0.data[i].z;
        memory[(_70 + 3) + 0] = buffer0.data[i].w;
        i++;
    }
    uvec4 _121 = uvec4((clamp(imageLoad(f_colorAttachment, ivec4(gl_FragCoord).xy), 0.0, 1.0) - 0.0) * 255.0);
    vec4 _148 = outs[0];
    _148.x = pack4xU8(uvec4(_121.x, _121.y, _121.z, _121.w));
    outs[0] = _148;
    pa[0] = texture(ea_Texture, v_TexCoord0.xy);
    block_prim_0();
}


[07:10:08.969] |I| [renderer::gl::load_shader_generic]: Generating vert shader affde6a2d60f1ad370f47a410608389d67af73a3a1bbdd564fc103b4b03c2973
[07:10:08.969] |D| [shader::create_parameters]: [BUFFER0  + 0] pa0 = (float4) _Input_vPos
[07:10:08.969] |D| [shader::create_parameters]: [BUFFER0  + 4] pa4 = (float4) _Input_vTexCoord0
[07:10:08.969] |D| [shader::create_parameters]: [DEFAULT  + 0] sa0 = (float4) _Data_object_ea_WorldViewProj[4]
[07:10:08.971] |D| [shader::spirv_disasm_print]: SPIR-V Disassembly:
// Module Version 10500
// Generated by (magic number): 1337000
// Id's are bound by 308

                              Capability Shader
                              Capability Float16
             157:             ExtInstImport  "GLSL.std.450"
                              MemoryModel Logical GLSL450
                              EntryPoint Vertex 4  "main_vs" 95 96 103 135
               1:             String  "affde6a2d60f1ad370f47a410608389d67af73a3a1bbdd564fc103b4b03c2973"
                              SourceExtension  "gxp"
                              Name 4  "main_vs"
                              Name 21  "pa"
                              Name 22  "sa"
                              Name 24  "internals"
                              Name 26  "r"
                              Name 28  "p"
                              Name 30  "idx"
                              Name 31  "outs"
                              Name 33  "i"
                              Name 35  "vert_defaultUniformBuffer"
                              Name 37  "buffer0"
                              MemberName 35(vert_defaultUniformBuffer) 0  "data"
                              Name 60  "memory"
                              Name 95  "_Input_vPos"
                              Name 96  "_Input_vTexCoord0"
                              Name 97  "GxmRenderBufferBlock"
                              MemberName 97(GxmRenderBufferBlock) 0  "viewport_flip"
                              MemberName 97(GxmRenderBufferBlock) 1  "viewport_flag"
                              MemberName 97(GxmRenderBufferBlock) 2  "screen_width"
                              MemberName 97(GxmRenderBufferBlock) 3  "screen_height"
                              Name 99  "renderInfo"
                              Name 100  "vert_output_finalize"
                              Name 103  "v_Position"
                              Name 135  "v_TexCoord0"
                              Name 145  "i"
                              Name 163  "block_prim_0"
                              Decorate 35(vert_defaultUniformBuffer) Block
                              Decorate 35(vert_defaultUniformBuffer) GLSLShared
                              Decorate 37(buffer0) Binding 0
                              MemberDecorate 35(vert_defaultUniformBuffer) 0 Offset 0
                              Decorate 34 ArrayStride 16
                              Decorate 95(_Input_vPos) Location 0
                              Decorate 96(_Input_vTexCoord0) Location 1
                              Decorate 97(GxmRenderBufferBlock) Block
                              Decorate 97(GxmRenderBufferBlock) GLSLShared
                              MemberDecorate 97(GxmRenderBufferBlock) 0 Offset 0
                              MemberDecorate 97(GxmRenderBufferBlock) 1 Offset 16
                              MemberDecorate 97(GxmRenderBufferBlock) 2 Offset 20
                              MemberDecorate 97(GxmRenderBufferBlock) 3 Offset 24
                              Decorate 99(renderInfo) Binding 15
                              Decorate 103(v_Position) Location 0
                              Decorate 103(v_Position) BuiltIn Position
                              Decorate 135(v_TexCoord0) Location 4
               2:             TypeVoid
               3:             TypeFunction 2
               6:             TypeFloat 32
               7:             TypeInt 32 1
               8:             TypeBool
               9:             TypeVector 6(float) 4
              10:      7(int) Constant 32
              11:             TypeArray 9(fvec4) 10
              12:      7(int) Constant 3
              13:             TypeArray 9(fvec4) 12
              14:      7(int) Constant 20
              15:             TypeArray 9(fvec4) 14
              16:      7(int) Constant 2
              17:             TypeArray 7(int) 16
              18:      7(int) Constant 4
              19:             TypeArray 8(bool) 18
              20:             TypePointer Private 11
          21(pa):     20(ptr) Variable Private
          22(sa):     20(ptr) Variable Private
              23:             TypePointer Private 13
   24(internals):     23(ptr) Variable Private
              25:             TypePointer Private 15
           26(r):     25(ptr) Variable Private
              27:             TypePointer Private 19
           28(p):     27(ptr) Variable Private
              29:             TypePointer Private 17
         30(idx):     29(ptr) Variable Private
        31(outs):     25(ptr) Variable Private
              32:             TypePointer Function 7(int)
              34:             TypeArray 9(fvec4) 18
35(vert_defaultUniformBuffer):             TypeStruct 34
              36:             TypePointer Uniform 35(vert_defaultUniformBuffer)
     37(buffer0):     36(ptr) Variable Uniform
              38:      7(int) Constant 0
              46:             TypePointer Uniform 9(fvec4)
              51:             TypePointer Private 9(fvec4)
              54:      7(int) Constant 1
              57:      7(int) Constant 17
              58:             TypeArray 6(float) 57
              59:             TypePointer Private 58
      60(memory):     59(ptr) Variable Private
              75:             TypePointer Private 6(float)
              94:             TypePointer Input 9(fvec4)
 95(_Input_vPos):     94(ptr) Variable Input
96(_Input_vTexCoord0):     94(ptr) Variable Input
97(GxmRenderBufferBlock):             TypeStruct 9(fvec4) 6(float) 6(float) 6(float)
              98:             TypePointer Uniform 97(GxmRenderBufferBlock)
  99(renderInfo):     98(ptr) Variable Uniform
             102:             TypePointer Output 9(fvec4)
 103(v_Position):    102(ptr) Variable Output
             108:    6(float) Constant 1056964608
             109:    6(float) Constant 1065353216
             110:    6(float) Constant 3212836864
             111:    6(float) Constant 1073741824
             112:    6(float) Constant 3221225472
             113:    6(float) Constant 0
             114:             TypePointer Uniform 6(float)
135(v_TexCoord0):    102(ptr) Variable Output
             146:    9(fvec4) ConstantComposite 113 113 113 113
             158:             TypeInt 32 0
             159:             TypeVector 6(float) 2
             160:  159(fvec2) ConstantComposite 113 113
             161:             TypeVector 6(float) 3
             162:  161(fvec3) ConstantComposite 113 113 113
      4(main_vs):           2 Function None 3
               5:             Label
           33(i):     32(ptr) Variable Function
          145(i):     32(ptr) Variable Function
                              Store 33(i) 38
                              Branch 39
              39:             Label
              43:      7(int) Load 33(i)
              44:     8(bool) SLessThan 43 18
                              LoopMerge 41 42 None
                              BranchConditional 44 40 41
              40:               Label
              45:      7(int)   Load 33(i)
              47:     46(ptr)   AccessChain 37(buffer0) 38 45
              48:      7(int)   Load 33(i)
              49:      7(int)   Load 33(i)
              50:      7(int)   IAdd 48 38
              52:     51(ptr)   AccessChain 22(sa) 50
              53:    9(fvec4)   Load 47
                                Store 52 53
              55:      7(int)   Load 33(i)
              56:      7(int)   IAdd 55 54
                                Store 33(i) 56
                                Branch 42
              42:               Label
                                Branch 39
              41:             Label
                              Store 33(i) 38
                              Branch 61
              61:             Label
              65:      7(int) Load 33(i)
              66:     8(bool) SLessThan 65 18
                              LoopMerge 63 64 None
                              BranchConditional 66 62 63
              62:               Label
              67:      7(int)   Load 33(i)
              68:     46(ptr)   AccessChain 37(buffer0) 38 67
              69:      7(int)   Load 33(i)
              70:      7(int)   IMul 18 69
              71:      7(int)   IAdd 70 38
              72:    9(fvec4)   Load 68
              73:    6(float)   VectorExtractDynamic 72 38
              74:      7(int)   IAdd 71 38
              76:     75(ptr)   AccessChain 60(memory) 74
                                Store 76 73
              77:      7(int)   IAdd 70 54
              78:    9(fvec4)   Load 68
              79:    6(float)   VectorExtractDynamic 78 54
              80:      7(int)   IAdd 77 38
              81:     75(ptr)   AccessChain 60(memory) 80
                                Store 81 79
              82:      7(int)   IAdd 70 16
              83:    9(fvec4)   Load 68
              84:    6(float)   VectorExtractDynamic 83 16
              85:      7(int)   IAdd 82 38
              86:     75(ptr)   AccessChain 60(memory) 85
                                Store 86 84
              87:      7(int)   IAdd 70 12
              88:    9(fvec4)   Load 68
              89:    6(float)   VectorExtractDynamic 88 12
              90:      7(int)   IAdd 87 38
              91:     75(ptr)   AccessChain 60(memory) 90
                                Store 91 89
              92:      7(int)   Load 33(i)
              93:      7(int)   IAdd 92 54
                                Store 33(i) 93
                                Branch 64
              64:               Label
                                Branch 61
              63:             Label
             141:    9(fvec4) Load 95(_Input_vPos)
             142:     51(ptr) AccessChain 21(pa) 38
                              Store 142 141
             143:    9(fvec4) Load 96(_Input_vTexCoord0)
             144:     51(ptr) AccessChain 21(pa) 54
                              Store 144 143
                              Store 145(i) 38
                              Branch 147
             147:             Label
             151:      7(int) Load 145(i)
             152:     8(bool) SLessThan 151 14
                              LoopMerge 149 150 None
                              BranchConditional 152 148 149
             148:               Label
             153:      7(int)   Load 145(i)
             154:     51(ptr)   AccessChain 31(outs) 153
                                Store 154 146
             155:      7(int)   Load 145(i)
             156:      7(int)   IAdd 155 54
                                Store 145(i) 156
                                Branch 150
             150:               Label
                                Branch 147
             149:             Label
             307:           2 FunctionCall 163(block_prim_0)
                              Return
                              FunctionEnd
100(vert_output_finalize):           2 Function None 3
             101:             Label
             104:     51(ptr) AccessChain 31(outs) 38
             105:     51(ptr) AccessChain 31(outs) 38
             106:    9(fvec4) Load 105
             107:    9(fvec4) Load 104
             115:    114(ptr) AccessChain 99(renderInfo) 54
             116:    114(ptr) AccessChain 99(renderInfo) 16
             117:    114(ptr) AccessChain 99(renderInfo) 12
             118:    6(float) Load 115
             119:     8(bool) FOrdLessThan 118 108
                              SelectionMerge 121 None
                              BranchConditional 119 120 132
             120:               Label
             122:    6(float)   Load 116
             123:    6(float)   FDiv 111 122
             124:    6(float)   Load 117
             125:    6(float)   FDiv 112 124
             126:    9(fvec4)   CompositeConstruct 123 125 109 109
             127:    9(fvec4)   CompositeConstruct 110 109 113 113
             128:    9(fvec4)   FMul 107 126
             129:    9(fvec4)   FAdd 128 127
             130:     46(ptr)   AccessChain 99(renderInfo) 38
             131:    9(fvec4)   FMul 129 130
                                Store 103(v_Position) 131
                                Branch 121
             132:               Label
             133:     46(ptr)   AccessChain 99(renderInfo) 38
             134:    9(fvec4)   FMul 107 133
                                Store 103(v_Position) 134
                                Branch 121
             121:             Label
             136:     51(ptr) AccessChain 31(outs) 54
             137:     51(ptr) AccessChain 31(outs) 54
             138:    9(fvec4) Load 137
             139:    9(fvec4) Load 136
                              Store 135(v_TexCoord0) 139
                              Return
                              FunctionEnd
163(block_prim_0):           2 Function None 3
             164:             Label
                              Line 1 1 0
             165:     51(ptr) AccessChain 21(pa) 54
             166:     51(ptr) AccessChain 21(pa) 54
             167:    9(fvec4) Load 166
             168:    9(fvec4) Load 165
             169:    6(float) VectorExtractDynamic 168 38
             170:    6(float) VectorExtractDynamic 168 54
             171:  159(fvec2) CompositeConstruct 169 170
             172:     51(ptr) AccessChain 31(outs) 54
             173:    9(fvec4) Load 172
             174:    9(fvec4) VectorShuffle 173 171 4 5 2 3
                              Store 172 174
                              Line 1 2 0
             175:     51(ptr) AccessChain 21(pa) 38
             176:     51(ptr) AccessChain 21(pa) 38
             177:    9(fvec4) Load 176
             178:    9(fvec4) Load 175
             179:     51(ptr) AccessChain 21(pa) 38
             180:     51(ptr) AccessChain 21(pa) 38
             181:    9(fvec4) Load 180
             182:    9(fvec4) Load 179
             183:    6(float) VectorExtractDynamic 182 38
             184:    6(float) VectorExtractDynamic 182 54
             185:  159(fvec2) CompositeConstruct 183 184
             186:     51(ptr) AccessChain 21(pa) 38
             187:     51(ptr) AccessChain 21(pa) 54
             188:    9(fvec4) Load 187
             189:    9(fvec4) Load 186
             190:    6(float) VectorExtractDynamic 189 16
             191:    6(float) VectorExtractDynamic 189 12
             192:  159(fvec2) CompositeConstruct 190 191
             193:    6(float) VectorExtractDynamic 185 38
             194:    6(float) VectorExtractDynamic 185 54
             195:    6(float) VectorExtractDynamic 192 38
             196:    6(float) VectorExtractDynamic 192 54
             197:    9(fvec4) CompositeConstruct 193 194 195 196
             198:     51(ptr) AccessChain 24(internals) 38
                              Store 198 197
                              Line 1 3 0
             199:     51(ptr) AccessChain 22(sa) 38
             200:     51(ptr) AccessChain 22(sa) 38
             201:    9(fvec4) Load 200
             202:    9(fvec4) Load 199
             203:     51(ptr) AccessChain 24(internals) 38
             204:     51(ptr) AccessChain 24(internals) 38
             205:    9(fvec4) Load 204
             206:    9(fvec4) Load 203
             207:    6(float) VectorExtractDynamic 206 38
             208:    6(float) VectorExtractDynamic 206 38
             209:    6(float) VectorExtractDynamic 206 38
             210:    6(float) VectorExtractDynamic 206 38
             211:    9(fvec4) CompositeConstruct 207 208 209 210
             212:    9(fvec4) FMul 202 211
             213:     51(ptr) AccessChain 24(internals) 54
                              Store 213 212
                              Line 1 4 0
             214:     51(ptr) AccessChain 24(internals) 38
             215:     51(ptr) AccessChain 24(internals) 38
             216:    9(fvec4) Load 215
             217:    9(fvec4) Load 214
             218:    6(float) VectorExtractDynamic 217 54
             219:    6(float) VectorExtractDynamic 217 54
             220:    6(float) VectorExtractDynamic 217 54
             221:    6(float) VectorExtractDynamic 217 54
             222:    9(fvec4) CompositeConstruct 218 219 220 221
             223:     51(ptr) AccessChain 22(sa) 54
             224:     51(ptr) AccessChain 22(sa) 54
             225:    9(fvec4) Load 224
             226:    9(fvec4) Load 223
             227:     51(ptr) AccessChain 24(internals) 54
             228:     51(ptr) AccessChain 24(internals) 54
             229:    9(fvec4) Load 228
             230:    9(fvec4) Load 227
             231:    9(fvec4) FMul 222 226
             232:    9(fvec4) FAdd 231 230
             233:     51(ptr) AccessChain 24(internals) 54
                              Store 233 232
                              Line 1 5 0
             234:     51(ptr) AccessChain 24(internals) 38
             235:     51(ptr) AccessChain 24(internals) 38
             236:    9(fvec4) Load 235
             237:    9(fvec4) Load 234
             238:    6(float) VectorExtractDynamic 237 16
             239:    6(float) VectorExtractDynamic 237 16
             240:    6(float) VectorExtractDynamic 237 16
             241:    6(float) VectorExtractDynamic 237 16
             242:    9(fvec4) CompositeConstruct 238 239 240 241
             243:     51(ptr) AccessChain 22(sa) 16
             244:     51(ptr) AccessChain 22(sa) 16
             245:    9(fvec4) Load 244
             246:    9(fvec4) Load 243
             247:     51(ptr) AccessChain 24(internals) 54
             248:     51(ptr) AccessChain 24(internals) 54
             249:    9(fvec4) Load 248
             250:    9(fvec4) Load 247
             251:    9(fvec4) FMul 242 246
             252:    9(fvec4) FAdd 251 250
             253:     51(ptr) AccessChain 24(internals) 54
                              Store 253 252
                              Line 1 6 0
             254:     51(ptr) AccessChain 24(internals) 38
             255:     51(ptr) AccessChain 24(internals) 38
             256:    9(fvec4) Load 255
             257:    9(fvec4) Load 254
             258:    6(float) VectorExtractDynamic 257 12
             259:    6(float) VectorExtractDynamic 257 12
             260:  159(fvec2) CompositeConstruct 258 259
             261:     51(ptr) AccessChain 22(sa) 12
             262:     51(ptr) AccessChain 22(sa) 12
             263:    9(fvec4) Load 262
             264:    9(fvec4) Load 261
             265:    6(float) VectorExtractDynamic 264 38
             266:    6(float) VectorExtractDynamic 264 54
             267:  159(fvec2) CompositeConstruct 265 266
             268:     51(ptr) AccessChain 24(internals) 54
             269:     51(ptr) AccessChain 24(internals) 54
             270:    9(fvec4) Load 269
             271:    9(fvec4) Load 268
             272:    6(float) VectorExtractDynamic 271 38
             273:    6(float) VectorExtractDynamic 271 54
             274:  159(fvec2) CompositeConstruct 272 273
             275:  159(fvec2) FMul 260 267
             276:  159(fvec2) FAdd 275 274
             277:     51(ptr) AccessChain 31(outs) 38
             278:    9(fvec4) Load 277
             279:    9(fvec4) VectorShuffle 278 276 4 5 2 3
                              Store 277 279
                              Line 1 7 0
             280:     51(ptr) AccessChain 24(internals) 38
             281:     51(ptr) AccessChain 24(internals) 38
             282:    9(fvec4) Load 281
             283:    9(fvec4) Load 280
             284:    6(float) VectorExtractDynamic 283 12
             285:    6(float) VectorExtractDynamic 283 12
             286:  159(fvec2) CompositeConstruct 284 285
             287:     51(ptr) AccessChain 22(sa) 12
             288:     51(ptr) AccessChain 22(sa) 18
             289:    9(fvec4) Load 288
             290:    9(fvec4) Load 287
             291:    6(float) VectorExtractDynamic 290 16
             292:    6(float) VectorExtractDynamic 290 12
             293:  159(fvec2) CompositeConstruct 291 292
             294:     51(ptr) AccessChain 24(internals) 54
             295:     51(ptr) AccessChain 24(internals) 54
             296:    9(fvec4) Load 295
             297:    9(fvec4) Load 294
             298:    6(float) VectorExtractDynamic 297 16
             299:    6(float) VectorExtractDynamic 297 12
             300:  159(fvec2) CompositeConstruct 298 299
             301:  159(fvec2) FMul 286 293
             302:  159(fvec2) FAdd 301 300
             303:     51(ptr) AccessChain 31(outs) 38
             304:    9(fvec4) Load 303
             305:    9(fvec4) VectorShuffle 304 302 0 1 4 5
                              Store 303 305
             306:           2 FunctionCall 100(vert_output_finalize)
                              Return
                              FunctionEnd

[07:10:08.975] |D| [shader::convert_gxp_to_glsl]: Generated GLSL:
#version 420
#extension GL_ARB_fragment_shader_interlock : require
// Shader Name: affde6a2d60f1ad370f47a410608389d67af73a3a1bbdd564fc103b4b03c2973

layout(binding = 0, std140) uniform vert_defaultUniformBuffer
{
    vec4 data[4];
} buffer0;

layout(binding = 15, std140) uniform GxmRenderBufferBlock
{
    vec4 viewport_flip;
    float viewport_flag;
    float screen_width;
    float screen_height;
} renderInfo;

layout(location = 0) in vec4 _Input_vPos;
layout(location = 1) in vec4 _Input_vTexCoord0;
layout(location = 4) out vec4 v_TexCoord0;
vec4 pa[32];
vec4 sa[32];
vec4 internals[3];
vec4 r[20];
bool p[4];
int idx[2];
vec4 outs[20];
float memory[17];

void vert_output_finalize()
{
    if (renderInfo.viewport_flag < 0.5)
    {
        gl_Position = ((outs[0] * vec4(2.0 / renderInfo.screen_width, (-2.0) / renderInfo.screen_height, 1.0, 1.0)) + vec4(-1.0, 1.0, 0.0, 0.0)) * renderInfo.viewport_flip;
    }
    else
    {
        gl_Position = outs[0] * renderInfo.viewport_flip;
    }
    v_TexCoord0 = outs[1];
}

void block_prim_0()
{
    vec2 _171 = vec2(pa[1].x, pa[1].y);
    outs[1] = vec4(_171.x, _171.y, outs[1].z, outs[1].w);
    vec2 _185 = vec2(pa[0].x, pa[0].y);
    vec2 _192 = vec2(pa[0].z, pa[0].w);
    internals[0] = vec4(_185.x, _185.y, _192.x, _192.y);
    internals[1] = sa[0] * vec4(internals[0].x, internals[0].x, internals[0].x, internals[0].x);
    internals[1] = (vec4(internals[0].y, internals[0].y, internals[0].y, internals[0].y) * sa[1]) + internals[1];
    internals[1] = (vec4(internals[0].z, internals[0].z, internals[0].z, internals[0].z) * sa[2]) + internals[1];
    vec2 _276 = (vec2(internals[0].w, internals[0].w) * vec2(sa[3].x, sa[3].y)) + vec2(internals[1].x, internals[1].y);
    outs[0] = vec4(_276.x, _276.y, outs[0].z, outs[0].w);
    vec2 _302 = (vec2(internals[0].w, internals[0].w) * vec2(sa[3].z, sa[3].w)) + vec2(internals[1].z, internals[1].w);
    outs[0] = vec4(outs[0].x, outs[0].y, _302.x, _302.y);
    vert_output_finalize();
}

void main()
{
    int i = 0;
    while (i < 4)
    {
        sa[i + 0] = buffer0.data[i];
        i++;
    }
    i = 0;
    while (i < 4)
    {
        int _70 = 4 * i;
        memory[(_70 + 0) + 0] = buffer0.data[i].x;
        memory[(_70 + 1) + 0] = buffer0.data[i].y;
        memory[(_70 + 2) + 0] = buffer0.data[i].z;
        memory[(_70 + 3) + 0] = buffer0.data[i].w;
        i++;
    }
    pa[0] = _Input_vPos;
    pa[1] = _Input_vTexCoord0;
