[05:17:10.400] |I| [load_app_impl]: cpu-backend: Dynarmic
[05:17:10.400] |I| [load_app_impl]: CPU Optimisation state: true
[05:17:10.400] |I| [load_app_impl]: at9 audio decoder state: true
[05:17:10.400] |I| [load_app_impl]: ngs experimental state: true
[05:17:10.400] |I| [load_app_impl]: video player state: true
[05:17:10.401] |I| [load_app_impl]: lle-modules: libpgf,libSceXml,libsas,liblocation,libhandwriting,libSceJson,librudp
[05:17:10.401] |I| [load_app_impl]: Title: Run Like Hell!
[05:17:10.401] |I| [load_app_impl]: Serial: PCSB00565
[05:17:10.401] |I| [load_app_impl]: Version: 1.00
[05:17:10.401] |I| [load_app_impl]: Category: gd
[05:17:10.437] |C| [load_self]: Unknown segment type 0x6FFFFF01
[05:17:10.437] |I| [load_self]: Loaded module segment 0 @ [0x00007000 - 0x00056BD4 / 0x81000000] (size: 0x0004FBD4) of module ux0:app\PCSB00565\sce_module\libc.suprx
[05:17:10.437] |I| [load_self]: Loaded module segment 1 @ [0x00057000 - 0x00059688 / 0x81050000] (size: 0x00002688) of module ux0:app\PCSB00565\sce_module\libc.suprx
[05:17:10.438] |I| [load_self]: Loading symbols for SELF: ux0:app\PCSB00565\sce_module\libc.suprx
[05:17:10.438] |D| [load_var_exports]: 	NID 0x936C8A78 (SYSLYB) at 0x4C6C4
[05:17:10.438] |D| [load_var_exports]: 	NID 0x6C2224BA (NID_MODULE_INFO) at 0x42488
[05:17:10.438] |W| [load_var_imports]: 	NID NOT FOUND 0x93B8AA67 (UNRECOGNISED) at 0x464A8, setting to stub value 0xDEADBEEF
[05:17:10.439] |W| [load_var_imports]: 	NID NOT FOUND 0xDF084DFA (UNRECOGNISED) at 0x4802C, setting to stub value 0xDEADBEEF
[05:17:10.439] |I| [pre_load_module]: Pre-load module SceLibc (at "app\PCSB00565\sce_module\libc.suprx") loaded
[05:17:10.446] |C| [load_self]: Unknown segment type 0x6FFFFF01
[05:17:10.446] |I| [load_self]: Loaded module segment 0 @ [0x0005C000 - 0x00086AA8 / 0x81000000] (size: 0x0002AAA8) of module ux0:app\PCSB00565\sce_module\libfios2.suprx
[05:17:10.446] |I| [load_self]: Loaded module segment 1 @ [0x00087000 - 0x0008C23D / 0x8102B000] (size: 0x0000523D) of module ux0:app\PCSB00565\sce_module\libfios2.suprx
[05:17:10.446] |I| [load_self]: Loading symbols for SELF: ux0:app\PCSB00565\sce_module\libfios2.suprx
[05:17:10.446] |D| [load_var_exports]: 	NID 0x936C8A78 (SYSLYB) at 0x869B0
[05:17:10.446] |D| [load_var_exports]: 	NID 0x6C2224BA (NID_MODULE_INFO) at 0x7E138
[05:17:10.447] |I| [pre_load_module]: Pre-load module SceLibFios2 (at "app\PCSB00565\sce_module\libfios2.suprx") loaded
[05:17:10.460] |C| [load_self]: Unknown segment type 0x6FFFFF01
[05:17:10.462] |I| [load_self]: Loaded module segment 0 @ [0x0008D000 - 0x000A09C4 / 0x81000000] (size: 0x000139C4) of module ux0:app\PCSB00565\sce_module\libult.suprx
[05:17:10.463] |I| [load_self]: Loaded module segment 1 @ [0x000A1000 - 0x000A1814 / 0x81014000] (size: 0x00000814) of module ux0:app\PCSB00565\sce_module\libult.suprx
[05:17:10.463] |I| [load_self]: Loading symbols for SELF: ux0:app\PCSB00565\sce_module\libult.suprx
[05:17:10.463] |D| [load_var_exports]: 	NID 0x936C8A78 (SYSLYB) at 0x9F2F0
[05:17:10.463] |D| [load_var_exports]: 	NID 0x6C2224BA (NID_MODULE_INFO) at 0x9C874
[05:17:10.463] |I| [pre_load_module]: Pre-load module SceUlt (at "app\PCSB00565\sce_module\libult.suprx") loaded
[05:17:10.471] |I| [load_self]: Loaded module segment 0 @ [0x000A2000 - 0x000F2F04 / 0x81000000] (size: 0x00050F04) of module vs0:sys/external/libSceFt2.suprx
[05:17:10.471] |I| [load_self]: Loaded module segment 1 @ [0x000F3000 - 0x000F32F4 / 0x81051000] (size: 0x000002F4) of module vs0:sys/external/libSceFt2.suprx
[05:17:10.471] |I| [load_self]: Loading symbols for SELF: vs0:sys/external/libSceFt2.suprx
[05:17:10.472] |D| [load_var_exports]: 	NID 0x936C8A78 (SYSLYB) at 0xDE7DC
[05:17:10.472] |D| [load_var_exports]: 	NID 0x6C2224BA (NID_MODULE_INFO) at 0xDDF10
[05:17:10.472] |I| [pre_load_module]: Pre-load module SceLibft2 (at "sys/external/libSceFt2.suprx") loaded
[05:17:10.474] |I| [load_self]: Loaded module segment 0 @ [0x000F4000 - 0x00103F14 / 0x81000000] (size: 0x0000FF14) of module vs0:sys/external/libpvf.suprx
[05:17:10.477] |I| [load_self]: Loaded module segment 1 @ [0x00104000 - 0x00104008 / 0x81010000] (size: 0x00000008) of module vs0:sys/external/libpvf.suprx
[05:17:10.477] |I| [load_self]: Loading symbols for SELF: vs0:sys/external/libpvf.suprx
[05:17:10.477] |D| [load_var_exports]: 	NID 0x936C8A78 (SYSLYB) at 0x102710
[05:17:10.477] |D| [load_var_exports]: 	NID 0x6C2224BA (NID_MODULE_INFO) at 0x102300
[05:17:10.478] |I| [pre_load_module]: Pre-load module SceLibPvf (at "sys/external/libpvf.suprx") loaded
[05:17:10.560] |C| [load_self]: Unknown segment type 0x6FFFFF01
[05:17:10.560] |I| [load_self]: Loaded module segment 0 @ [0x00105000 - 0x0044CCDC / 0x81000000] (size: 0x00347CDC) of module app0:eboot.bin
[05:17:10.561] |I| [load_self]: Loaded module segment 1 @ [0x0044D000 - 0x004856F8 / 0x81348000] (size: 0x000386F8) of module app0:eboot.bin
[05:17:10.561] |I| [load_self]: Loading symbols for SELF: app0:eboot.bin
[05:17:10.561] |D| [load_var_exports]: 	NID 0x6C2224BA (NID_MODULE_INFO) at 0x3F92EC
[05:17:10.561] |D| [load_var_exports]: 	NID 0x70FBA1E7 (SCE_PROC_PARAMS) at 0x456744
[05:17:10.561] |D| [load_var_exports]: 	NID 0x936C8A78 (SYSLYB) at 0x439B30
[05:17:10.562] |I| [load_app_impl]: Main executable RunLikeHell_PSVita (eboot.bin) loaded
[05:17:10.570] |D| [run_app]: Running module_start of library: SceLibc at address 0x7805
[05:17:10.590] |I| [run_app]: Module SceLibc (at "ux0:app\PCSB00565\sce_module\libc.suprx") module_start returned 0x0
[05:17:10.595] |D| [run_app]: Running module_start of library: SceLibFios2 at address 0x5C001
[05:17:10.604] |W| [stubbed_impl]: Stubbed sceKernelGetProcessId import called. (pid: 0)
[05:17:10.604] |D| [export_sceFiosOverlayGetList02]: maxIDs: 127
[05:17:10.604] |W| [unimplemented_impl]: Unimplemented sceFiosOverlayGetList02 import called.
[05:17:10.605] |I| [run_app]: Module SceLibFios2 (at "ux0:app\PCSB00565\sce_module\libfios2.suprx") module_start returned 0x0
[05:17:10.609] |D| [run_app]: Running module_start of library: SceUlt at address 0x90771
[05:17:10.617] |W| [unimplemented_impl]: Unimplemented _sceUlobjMgrRegisterLibultProtocolRevision import called.
[05:17:10.618] |I| [run_app]: Module SceUlt (at "ux0:app\PCSB00565\sce_module\libult.suprx") module_start returned 0x0
[05:17:10.713] |W| [unimplemented_impl]: Unimplemented sceAppUtilInit import called.
[05:17:10.714] |D| [export_sceTouchEnableTouchForce]: port: 0, state: 0
[05:17:10.714] |D| [export_sceTouchEnableTouchForce]: port: 1, state: 0
[05:17:10.737] |W| [unimplemented_impl]: Unimplemented sceKernelChangeThreadVfpException import called.
[05:17:10.737] |W| [unimplemented_impl]: Unimplemented sceFiosOverlayThreadSetDisabled02 import called.
[05:17:10.760] |W| [stubbed_impl]: Stubbed sceNetCtlInit import called. (Stub)
[05:17:10.771] |W| [unimplemented_impl]: Unimplemented sceSslInit import called.
[05:17:10.771] |W| [stubbed_impl]: Stubbed sceNetCtlCheckCallback import called. (Stub)
[05:17:10.771] |W| [unimplemented_impl]: Unimplemented sceHttpInit import called.
[05:17:10.772] |W| [stubbed_impl]: Stubbed sceNetCtlInetGetState import called. (state = SCE_NETCTL_STATE_DISCONNECTED)
[05:17:10.772] |W| [unimplemented_impl]: Unimplemented sceNpLookupInit import called.
[05:17:10.772] |W| [unimplemented_impl]: Unimplemented sceNpAuthInit import called.
[05:17:10.772] |W| [unimplemented_impl]: Unimplemented sceNpCommerce2Init import called.
[05:17:10.779] |W| [stubbed_impl]: Stubbed sceNetCtlInetGetResult import called. (errorCode = SCE_NET_CTL_ERROR_FLIGHT_MODE_ENABLED)
[05:17:10.789] |W| [stubbed_impl]: Stubbed sceGxmMapMemory import called. (always return success)
[05:17:10.792] |W| [stubbed_impl]: Stubbed sceGxmMapFragmentUsseMemory import called. (always return success)
[05:17:10.836] |W| [stubbed_impl]: Stubbed sceGxmMapVertexUsseMemory import called. (always return success)
[05:17:10.864] |W| [stubbed_impl]: Stubbed sceGxmGetRenderTargetMemSize import called. (2MB host mem)
[05:17:10.967] |W| [unimplemented_impl]: Unimplemented sceFiosOverlayGetRecommendedScheduler02 import called.
[05:17:10.970] |I| [export_sceIoOpen]: Opening file: savedata0:/rlh.xml
[05:17:10.977] |E| [call_import]: Import function for NID 0xE340C006 not found (thread name: PCSB00565, thread ID: 8)
[05:17:11.130] |I| [export_sceIoOpen]: Opening file: app0:/res/game_texts.csv
[05:17:11.201] |I| [export_sceIoOpen]: Opening file: app0:/res/lvl_seed.csv
[05:17:11.213] |I| [export_sceIoOpen]: Opening file: app0:/res/trophies.csv
[05:17:11.215] |I| [export_sceIoOpen]: Opening file: app0:/res/achievements.csv
[05:17:11.228] |I| [export_sceIoOpen]: Opening file: app0:/res/pendulum.csv
[05:17:11.250] |W| [stubbed_impl]: Stubbed __sceAppMgrGetAppState import called. (Set to 0.)
[05:17:11.308] |I| [export_sceIoOpen]: Opening file: app0:/0/84.mp
[05:17:11.365] |I| [export_sceIoOpen]: Opening file: app0:/0/84.mp
[05:17:11.542] |E| [logging::ret_error_impl]: sceNetInit returned SCE_NET_ERROR_EINTERNAL (0x804101CC)
[05:17:11.585] |W| [unimplemented_impl]: Unimplemented sceCommonDialogUpdate import called.
[05:17:11.586] |E| [logging::ret_error_impl]: sceGxmPadHeartbeat returned SCE_GXM_ERROR_INVALID_POINTER (0x805B0004)
[05:17:11.587] |W| [stubbed_impl]: Stubbed sceDisplayWaitSetFrameBufMulti import called. (move after setframebuf)
[05:17:11.644] |W| [stubbed_impl]: Stubbed sceNpTrophyCreateHandle import called. (Stubbed handle with 1)
[05:17:11.687] |I| [renderer::gl::load_shader_generic]: Generating frag shader 060bb90b465ecb7a24b198dc5437c385ff0e0ce2f88ffa4872be6c841570af10
[05:17:11.689] |D| [shader::create_fragment_inputs]: Iterator: pa0 = (float4) v_Color0
[05:17:11.691] |I| [renderer::gl::load_shader_generic]: Generating vert shader 80680d49b01e2aab002ac58c671bb113cce7a24df47423f95a5fbda1267fc412
[05:17:11.693] |D| [shader::create_parameters]: [BUFFER0  + 0] pa0 = (float4) aPosition
[05:17:11.693] |D| [shader::create_parameters]: [BUFFER0  + 4] pa4 = (float4) aColor
[05:17:11.695] |E| [renderer::gl::compile_program]: Vertex info
-----------
0(17) : warning C7050: "sa[0].w" might be used before being initialized
0(17) : warning C7050: "sa[1]" might be used before being initialized


[05:17:11.696] |D| [renderer::gl::texture::translate_swizzle]: base format: -1744830464, swizzle: 0
[05:17:11.698] |I| [renderer::gl::load_shader_generic]: Generating frag shader cad0d1f2540924716abaca047ba37f5a800098dfa00f33d78e5ddf10da2007d9
[05:17:11.699] |D| [shader::create_fragment_inputs]: Iterator: pa0 = (float4) v_Color0
[05:17:11.701] |I| [renderer::gl::load_shader_generic]: Generating vert shader 3dccd0eb0dc18eee2fea0c5a8507030613618cc4bd720c8a5b1efb9253a1ae9d
[05:17:11.701] |D| [shader::create_parameters]: [BUFFER0  + 0] pa0 = (float4) aPosition
[05:17:11.702] |D| [shader::create_parameters]: [BUFFER0  + 4] pa4 = (float4) aTexCoord
[05:17:11.702] |D| [shader::create_parameters]: [BUFFER0  + 8] pa8 = (float4) aColor
[05:17:11.702] |D| [shader::create_parameters]: [DEFAULT  + 0] sa0 = (float2) uvScale
[05:17:11.707] |W| [stubbed_impl]: Stubbed sceDisplayWaitVblankStart import called. (wait for vblank)
[05:17:11.708] |W| [unimplemented_impl]: Unimplemented sceNpMessageDialogGetStatus import called.
[05:17:18.332] |I| [export_sceIoOpen]: Opening file: app0:/0/84.mp
[05:17:18.338] |I| [export_sceIoOpen]: Opening file: app0:/0/84.mp
[05:17:18.398] |I| [export_sceIoOpen]: Opening file: app0:/1/128.mp
[05:17:18.404] |I| [export_sceIoOpen]: Opening file: app0:/1/128.mp
[05:17:18.409] |I| [export_sceIoOpen]: Opening file: app0:/1/128.mp
[05:17:18.440] |I| [export_sceIoOpen]: Opening file: app0:/1/167.mp
[05:17:18.469] |I| [export_sceIoOpen]: Opening file: app0:/1/167.mp
[05:17:18.511] |D| [renderer::gl::texture::translate_swizzle]: base format: -1744830464, swizzle: 0
[05:17:18.515] |D| [renderer::gl::texture::translate_swizzle]: base format: 0, swizzle: 28672
[05:17:18.516] |D| [renderer::gl::texture::translate_swizzle]: base format: 201326592, swizzle: 0
[05:17:22.452] |I| [export_sceIoOpen]: Opening file: app0:/1/130.mp
[05:17:22.471] |I| [export_sceIoOpen]: Opening file: app0:/1/130.mp
[05:17:22.472] |I| [export_sceIoOpen]: Opening file: app0:/1/129.mp
[05:17:22.484] |I| [export_sceIoOpen]: Opening file: app0:/1/129.mp
[05:17:22.559] |I| [export_sceIoOpen]: Opening file: app0:/1/130.mp
[05:17:22.564] |I| [export_sceIoOpen]: Opening file: app0:/1/129.mp
[05:17:22.635] |I| [export_sceIoOpen]: Opening file: app0:/1/128.mp
[05:17:22.636] |I| [export_sceIoOpen]: Opening file: app0:/1/128.mp
[05:17:22.703] |I| [export_sceIoOpen]: Opening file: app0:/0/6.mp
[05:17:22.712] |I| [export_sceIoOpen]: Opening file: app0:/0/6.mp
[05:17:22.720] |I| [export_sceIoOpen]: Opening file: app0:/0/1.mp
[05:17:22.738] |I| [export_sceIoOpen]: Opening file: app0:/0/1.mp
[05:17:22.777] |D| [renderer::gl::texture::translate_swizzle]: base format: 201326592, swizzle: 0
[05:17:22.780] |D| [renderer::gl::texture::translate_swizzle]: base format: 0, swizzle: 28672
[05:17:22.798] |I| [export_sceIoOpen]: Opening file: app0:/0/7.mp
[05:17:22.802] |I| [export_sceIoOpen]: Opening file: app0:/0/7.mp
[05:17:22.803] |I| [export_sceIoOpen]: Opening file: app0:/0/2.mp
[05:17:22.825] |I| [export_sceIoOpen]: Opening file: app0:/0/2.mp
[05:17:22.869] |I| [export_sceIoOpen]: Opening file: app0:/0/8.mp
[05:17:22.871] |I| [export_sceIoOpen]: Opening file: app0:/0/8.mp
[05:17:22.872] |I| [export_sceIoOpen]: Opening file: app0:/0/3.mp
[05:17:22.876] |I| [export_sceIoOpen]: Opening file: app0:/0/3.mp
[05:17:22.913] |I| [export_sceIoOpen]: Opening file: app0:/0/82.mp
[05:17:22.931] |I| [export_sceIoOpen]: Opening file: app0:/0/82.mp
[05:17:22.945] |I| [export_sceIoOpen]: Opening file: app0:/1/128.mp
[05:17:22.953] |I| [export_sceIoOpen]: Opening file: app0:/1/128.mp
[05:17:22.954] |I| [export_sceIoOpen]: Opening file: app0:/1/128.mp
[05:17:22.966] |I| [export_sceIoOpen]: Opening file: app0:/1/128.mp
[05:17:22.967] |I| [export_sceIoOpen]: Opening file: app0:/1/128.mp
[05:17:22.968] |I| [export_sceIoOpen]: Opening file: app0:/1/128.mp
[05:17:22.968] |I| [export_sceIoOpen]: Opening file: app0:/1/128.mp
[05:17:22.973] |I| [export_sceIoOpen]: Opening file: app0:/1/130.mp
[05:17:22.977] |I| [export_sceIoOpen]: Opening file: app0:/1/129.mp
[05:17:23.004] |I| [export_sceIoOpen]: Opening file: app0:/1/130.mp
[05:17:23.006] |I| [export_sceIoOpen]: Opening file: app0:/1/130.mp
[05:17:23.006] |I| [export_sceIoOpen]: Opening file: app0:/1/129.mp
[05:17:23.072] |I| [export_sceIoOpen]: Opening file: app0:/1/130.mp
[05:17:23.073] |I| [export_sceIoOpen]: Opening file: app0:/1/129.mp
[05:17:23.154] |I| [export_sceIoOpen]: Opening file: app0:/1/130.mp
[05:17:23.155] |I| [export_sceIoOpen]: Opening file: app0:/1/130.mp
[05:17:23.156] |I| [export_sceIoOpen]: Opening file: app0:/1/130.mp
[05:17:23.156] |I| [export_sceIoOpen]: Opening file: app0:/1/130.mp
[05:17:23.157] |I| [export_sceIoOpen]: Opening file: app0:/1/130.mp
[05:17:23.158] |I| [export_sceIoOpen]: Opening file: app0:/1/130.mp
[05:17:23.159] |I| [export_sceIoOpen]: Opening file: app0:/1/130.mp
[05:17:23.159] |I| [export_sceIoOpen]: Opening file: app0:/1/130.mp
[05:17:23.160] |I| [export_sceIoOpen]: Opening file: app0:/1/129.mp
[05:17:23.185] |I| [export_sceIoOpen]: Opening file: app0:/1/130.mp
[05:17:23.186] |I| [export_sceIoOpen]: Opening file: app0:/1/130.mp
[05:17:23.186] |I| [export_sceIoOpen]: Opening file: app0:/1/130.mp
[05:17:23.187] |I| [export_sceIoOpen]: Opening file: app0:/1/130.mp
[05:17:23.187] |I| [export_sceIoOpen]: Opening file: app0:/1/130.mp
[05:17:23.188] |I| [export_sceIoOpen]: Opening file: app0:/1/130.mp
[05:17:23.188] |I| [export_sceIoOpen]: Opening file: app0:/1/130.mp
[05:17:23.189] |I| [export_sceIoOpen]: Opening file: app0:/1/130.mp
[05:17:23.189] |I| [export_sceIoOpen]: Opening file: app0:/1/130.mp
[05:17:23.189] |I| [export_sceIoOpen]: Opening file: app0:/1/130.mp
[05:17:23.190] |I| [export_sceIoOpen]: Opening file: app0:/1/130.mp
[05:17:23.190] |I| [export_sceIoOpen]: Opening file: app0:/1/130.mp
[05:17:23.193] |I| [export_sceIoOpen]: Opening file: app0:/1/130.mp
[05:17:23.193] |I| [export_sceIoOpen]: Opening file: app0:/1/130.mp
[05:17:23.194] |I| [export_sceIoOpen]: Opening file: app0:/1/130.mp
[05:17:23.194] |I| [export_sceIoOpen]: Opening file: app0:/1/130.mp
[05:17:23.195] |I| [export_sceIoOpen]: Opening file: app0:/1/130.mp
[05:17:23.195] |I| [export_sceIoOpen]: Opening file: app0:/1/130.mp
[05:17:23.196] |I| [export_sceIoOpen]: Opening file: app0:/1/130.mp
[05:17:23.196] |I| [export_sceIoOpen]: Opening file: app0:/1/130.mp
[05:17:23.196] |I| [export_sceIoOpen]: Opening file: app0:/1/130.mp
[05:17:23.197] |I| [export_sceIoOpen]: Opening file: app0:/1/130.mp
[05:17:23.198] |I| [export_sceIoOpen]: Opening file: app0:/1/131.mp
[05:17:23.199] |I| [export_sceIoOpen]: Opening file: app0:/1/131.mp
[05:17:23.200] |I| [export_sceIoOpen]: Opening file: app0:/0/13.mp
[05:17:23.212] |I| [export_sceIoOpen]: Opening file: app0:/0/13.mp
[05:17:23.284] |I| [export_sceIoOpen]: Opening file: app0:/0/13.mp
[05:17:23.285] |I| [export_sceIoOpen]: Opening file: app0:/0/13.mp
[05:17:23.367] |I| [export_sceIoOpen]: Opening file: app0:/0/13.mp
[05:17:23.368] |I| [export_sceIoOpen]: Opening file: app0:/0/84.mp
[05:17:23.374] |I| [export_sceIoOpen]: Opening file: app0:/1/131.mp
[05:17:23.375] |I| [export_sceIoOpen]: Opening file: app0:/0/13.mp
[05:17:23.376] |I| [export_sceIoOpen]: Opening file: app0:/1/131.mp
[05:17:23.376] |I| [export_sceIoOpen]: Opening file: app0:/1/130.mp
[05:17:23.377] |I| [export_sceIoOpen]: Opening file: app0:/1/130.mp
[05:17:23.378] |I| [export_sceIoOpen]: Opening file: app0:/1/130.mp
[05:17:23.379] |I| [export_sceIoOpen]: Opening file: app0:/1/167.mp
[05:17:23.381] |I| [export_sceIoOpen]: Opening file: app0:/1/131.mp
[05:17:23.381] |I| [export_sceIoOpen]: Opening file: app0:/1/130.mp
[05:17:23.382] |I| [export_sceIoOpen]: Opening file: app0:/1/130.mp
[05:17:23.382] |I| [export_sceIoOpen]: Opening file: app0:/1/131.mp
[05:17:23.383] |I| [export_sceIoOpen]: Opening file: app0:/1/130.mp
[05:17:23.383] |I| [export_sceIoOpen]: Opening file: app0:/1/130.mp
[05:17:23.384] |I| [export_sceIoOpen]: Opening file: app0:/1/130.mp
[05:17:23.385] |I| [export_sceIoOpen]: Opening file: app0:/1/131.mp
[05:17:23.385] |I| [export_sceIoOpen]: Opening file: app0:/1/130.mp
[05:17:23.386] |I| [export_sceIoOpen]: Opening file: app0:/1/130.mp
[05:17:23.387] |I| [export_sceIoOpen]: Opening file: app0:/1/130.mp
[05:17:23.388] |I| [export_sceIoOpen]: Opening file: app0:/1/131.mp
[05:17:23.388] |I| [export_sceIoOpen]: Opening file: app0:/1/130.mp
[05:17:23.389] |I| [export_sceIoOpen]: Opening file: app0:/1/130.mp
[05:17:23.390] |I| [export_sceIoOpen]: Opening file: app0:/1/130.mp
[05:17:23.390] |I| [export_sceIoOpen]: Opening file: app0:/1/131.mp
[05:17:23.391] |I| [export_sceIoOpen]: Opening file: app0:/1/129.mp
[05:17:23.426] |I| [export_sceIoOpen]: Opening file: app0:/1/131.mp
[05:17:23.427] |I| [export_sceIoOpen]: Opening file: app0:/1/130.mp
[05:17:23.428] |I| [export_sceIoOpen]: Opening file: app0:/1/137.mp
[05:17:23.429] |I| [export_sceIoOpen]: Opening file: app0:/1/137.mp
[05:17:23.430] |I| [export_sceIoOpen]: Opening file: app0:/1/136.mp
[05:17:23.447] |I| [export_sceIoOpen]: Opening file: app0:/1/136.mp
[05:17:23.469] |I| [export_sceIoOpen]: Opening file: app0:/1/139.mp
[05:17:23.470] |I| [export_sceIoOpen]: Opening file: app0:/1/139.mp
[05:17:23.471] |I| [export_sceIoOpen]: Opening file: app0:/1/138.mp
[05:17:23.477] |I| [export_sceIoOpen]: Opening file: app0:/1/138.mp
[05:17:23.505] |I| [export_sceIoOpen]: Opening file: app0:/1/141.mp
[05:17:23.506] |I| [export_sceIoOpen]: Opening file: app0:/1/141.mp
[05:17:23.507] |I| [export_sceIoOpen]: Opening file: app0:/1/140.mp
[05:17:23.510] |I| [export_sceIoOpen]: Opening file: app0:/1/140.mp
[05:17:23.534] |I| [export_sceIoOpen]: Opening file: app0:/1/143.mp
[05:17:23.535] |I| [export_sceIoOpen]: Opening file: app0:/1/143.mp
[05:17:23.536] |I| [export_sceIoOpen]: Opening file: app0:/1/142.mp
[05:17:23.545] |I| [export_sceIoOpen]: Opening file: app0:/1/142.mp
[05:17:23.567] |I| [export_sceIoOpen]: Opening file: app0:/1/145.mp
[05:17:23.569] |I| [export_sceIoOpen]: Opening file: app0:/1/145.mp
[05:17:23.569] |I| [export_sceIoOpen]: Opening file: app0:/1/144.mp
[05:17:23.578] |I| [export_sceIoOpen]: Opening file: app0:/1/144.mp
[05:17:23.603] |I| [export_sceIoOpen]: Opening file: app0:/1/147.mp
[05:17:23.604] |I| [export_sceIoOpen]: Opening file: app0:/1/147.mp
[05:17:23.604] |I| [export_sceIoOpen]: Opening file: app0:/1/146.mp
[05:17:23.614] |I| [export_sceIoOpen]: Opening file: app0:/1/146.mp
[05:17:23.635] |I| [export_sceIoOpen]: Opening file: app0:/1/155.mp
[05:17:23.640] |I| [export_sceIoOpen]: Opening file: app0:/1/155.mp
[05:17:23.641] |I| [export_sceIoOpen]: Opening file: app0:/1/154.mp
[05:17:23.661] |I| [export_sceIoOpen]: Opening file: app0:/1/154.mp
[05:17:23.682] |I| [export_sceIoOpen]: Opening file: app0:/1/157.mp
[05:17:23.684] |I| [export_sceIoOpen]: Opening file: app0:/1/157.mp
[05:17:23.684] |I| [export_sceIoOpen]: Opening file: app0:/1/156.mp
[05:17:23.695] |I| [export_sceIoOpen]: Opening file: app0:/1/156.mp
[05:17:23.715] |I| [export_sceIoOpen]: Opening file: app0:/1/159.mp
[05:17:23.716] |I| [export_sceIoOpen]: Opening file: app0:/1/159.mp
[05:17:23.716] |I| [export_sceIoOpen]: Opening file: app0:/1/158.mp
[05:17:23.725] |I| [export_sceIoOpen]: Opening file: app0:/1/158.mp
[05:17:23.882] |I| [export_sceIoOpen]: Opening file: app0:/0/81.mp
[05:17:23.900] |I| [export_sceIoOpen]: Opening file: app0:/0/81.mp
[05:17:24.044] |D| [renderer::gl::texture::translate_swizzle]: base format: 201326592, swizzle: 0
[05:17:24.047] |D| [renderer::gl::texture::translate_swizzle]: base format: 201326592, swizzle: 0
[05:17:24.050] |D| [renderer::gl::texture::translate_swizzle]: base format: 201326592, swizzle: 0
[05:17:24.053] |D| [renderer::gl::texture::translate_swizzle]: base format: 201326592, swizzle: 0
[05:17:24.160] |D| [renderer::gl::texture::translate_swizzle]: base format: 0, swizzle: 28672
[05:17:24.201] |I| [export_sceIoOpen]: Opening file: app0:/1/131.mp
[05:17:24.395] |D| [renderer::gl::texture::translate_swizzle]: base format: 201326592, swizzle: 0
[05:17:24.396] |D| [renderer::gl::texture::translate_swizzle]: base format: 201326592, swizzle: 0
[05:17:24.399] |D| [renderer::gl::texture::translate_swizzle]: base format: -1744830464, swizzle: 0
[05:17:24.402] |D| [renderer::gl::texture::translate_swizzle]: base format: 201326592, swizzle: 0
[05:17:24.404] |D| [renderer::gl::texture::translate_swizzle]: base format: 0, swizzle: 28672
[05:17:24.579] |D| [renderer::gl::texture::translate_swizzle]: base format: 201326592, swizzle: 0
[05:17:25.800] |W| [stubbed_impl]: Stubbed sceKernelChangeThreadPriority import called. (STUB)
[05:17:28.976] |I| [export_sceIoOpen]: Opening file: app0:/0/25.mp
[05:17:29.002] |I| [export_sceIoOpen]: Opening file: app0:/0/25.mp
[05:17:29.003] |I| [export_sceIoOpen]: Opening file: app0:/0/24.mp
[05:17:29.022] |I| [export_sceIoOpen]: Opening file: app0:/0/24.mp
[05:17:29.129] |I| [export_sceIoOpen]: Opening file: app0:/0/24.mp
[05:17:29.207] |I| [export_sceIoOpen]: Opening file: app0:/0/24.mp
[05:17:29.209] |I| [export_sceIoOpen]: Opening file: app0:/0/24.mp
[05:17:29.261] |I| [export_sceIoOpen]: Opening file: app0:/0/24.mp
[05:17:29.262] |I| [export_sceIoOpen]: Opening file: app0:/0/24.mp
[05:17:29.263] |I| [export_sceIoOpen]: Opening file: app0:/0/24.mp
[05:17:29.264] |I| [export_sceIoOpen]: Opening file: app0:/0/24.mp
[05:17:29.264] |I| [export_sceIoOpen]: Opening file: app0:/0/24.mp
[05:17:29.272] |I| [export_sceIoOpen]: Opening file: app0:/0/24.mp
[05:17:29.276] |I| [export_sceIoOpen]: Opening file: app0:/0/25.mp
[05:17:29.277] |I| [export_sceIoOpen]: Opening file: app0:/0/24.mp
[05:17:29.316] |I| [export_sceIoOpen]: Opening file: app0:/0/24.mp
[05:17:29.317] |I| [export_sceIoOpen]: Opening file: app0:/0/24.mp
[05:17:29.398] |I| [export_sceIoOpen]: Opening file: app0:/0/24.mp
[05:17:29.399] |I| [export_sceIoOpen]: Opening file: app0:/0/24.mp
[05:17:29.400] |I| [export_sceIoOpen]: Opening file: app0:/0/24.mp
[05:17:29.401] |I| [export_sceIoOpen]: Opening file: app0:/0/24.mp
[05:17:29.401] |I| [export_sceIoOpen]: Opening file: app0:/0/24.mp
[05:17:29.403] |I| [export_sceIoOpen]: Opening file: app0:/0/25.mp
[05:17:29.403] |I| [export_sceIoOpen]: Opening file: app0:/0/24.mp
[05:17:29.472] |I| [export_sceIoOpen]: Opening file: app0:/0/24.mp
[05:17:29.473] |I| [export_sceIoOpen]: Opening file: app0:/0/24.mp
[05:17:29.473] |I| [export_sceIoOpen]: Opening file: app0:/0/24.mp
[05:17:29.503] |I| [export_sceIoOpen]: Opening file: app0:/0/24.mp
[05:17:29.531] |I| [export_sceIoOpen]: Opening file: app0:/0/24.mp
[05:17:29.532] |I| [export_sceIoOpen]: Opening file: app0:/0/24.mp
[05:17:29.533] |I| [export_sceIoOpen]: Opening file: app0:/0/24.mp
[05:17:29.534] |I| [export_sceIoOpen]: Opening file: app0:/0/24.mp
[05:17:29.534] |I| [export_sceIoOpen]: Opening file: app0:/0/24.mp
[05:17:29.536] |I| [export_sceIoOpen]: Opening file: app0:/0/25.mp
[05:17:29.536] |I| [export_sceIoOpen]: Opening file: app0:/0/24.mp
[05:17:29.537] |I| [export_sceIoOpen]: Opening file: app0:/0/24.mp
[05:17:29.622] |I| [export_sceIoOpen]: Opening file: app0:/0/24.mp
[05:17:29.674] |I| [export_sceIoOpen]: Opening file: app0:/0/24.mp
[05:17:29.675] |I| [export_sceIoOpen]: Opening file: app0:/0/24.mp
[05:17:29.675] |I| [export_sceIoOpen]: Opening file: app0:/0/24.mp
[05:17:29.697] |I| [export_sceIoOpen]: Opening file: app0:/0/81.mp
[05:17:30.011] |D| [renderer::gl::texture::translate_swizzle]: base format: 201326592, swizzle: 0
[05:17:30.014] |D| [renderer::gl::texture::translate_swizzle]: base format: 201326592, swizzle: 0
[05:17:30.017] |D| [renderer::gl::texture::translate_swizzle]: base format: 201326592, swizzle: 0
[05:17:30.020] |D| [renderer::gl::texture::translate_swizzle]: base format: 201326592, swizzle: 0
[05:17:30.021] |D| [renderer::gl::texture::translate_swizzle]: base format: 201326592, swizzle: 0
[05:17:34.095] |D| [renderer::gl::texture::translate_swizzle]: base format: 201326592, swizzle: 0
[05:17:34.099] |D| [renderer::gl::texture::translate_swizzle]: base format: 201326592, swizzle: 0
[05:17:34.101] |D| [renderer::gl::texture::translate_swizzle]: base format: 201326592, swizzle: 0
[05:18:06.396] |D| [renderer::gl::texture::translate_swizzle]: base format: 201326592, swizzle: 0
[05:18:06.399] |D| [renderer::gl::texture::translate_swizzle]: base format: 201326592, swizzle: 0
[05:18:06.403] |D| [renderer::gl::texture::translate_swizzle]: base format: 201326592, swizzle: 0
[05:18:06.408] |D| [renderer::gl::texture::translate_swizzle]: base format: 201326592, swizzle: 0
[05:18:31.747] |D| [renderer::gl::texture::translate_swizzle]: base format: 201326592, swizzle: 0
[05:18:31.750] |D| [renderer::gl::texture::translate_swizzle]: base format: 201326592, swizzle: 0
[05:18:46.735] |I| [export_sceIoOpen]: Opening file: app0:/0/4.mp
[05:18:46.766] |I| [export_sceIoOpen]: Opening file: app0:/0/4.mp
[05:18:46.771] |I| [export_sceIoOpen]: Opening file: app0:/0/4.mp
[05:18:46.782] |I| [export_sceIoOpen]: Opening file: app0:/0/4.mp
[05:18:46.842] |I| [export_sceIoOpen]: Opening file: app0:/0/4.mp
[05:18:46.843] |I| [export_sceIoOpen]: Opening file: app0:/0/4.mp
[05:18:46.845] |I| [export_sceIoOpen]: Opening file: app0:/0/4.mp
[05:18:46.846] |I| [export_sceIoOpen]: Opening file: app0:/0/4.mp
[05:18:46.850] |I| [export_sceIoOpen]: Opening file: app0:/0/4.mp
[05:18:46.855] |I| [export_sceIoOpen]: Opening file: app0:/0/4.mp
[05:18:46.856] |I| [export_sceIoOpen]: Opening file: app0:/0/4.mp
[05:18:46.857] |I| [export_sceIoOpen]: Opening file: app0:/0/4.mp
[05:18:46.859] |I| [export_sceIoOpen]: Opening file: app0:/0/4.mp
[05:18:46.861] |I| [export_sceIoOpen]: Opening file: app0:/0/1.mp
[05:18:46.986] |I| [export_sceIoOpen]: Opening file: app0:/0/4.mp
[05:18:46.987] |I| [export_sceIoOpen]: Opening file: app0:/0/4.mp
[05:18:46.988] |I| [export_sceIoOpen]: Opening file: app0:/0/5.mp
[05:18:46.991] |I| [export_sceIoOpen]: Opening file: app0:/0/5.mp
[05:18:46.992] |I| [export_sceIoOpen]: Opening file: app0:/0/1.mp
[05:18:47.033] |I| [export_sceIoOpen]: Opening file: app0:/0/4.mp
[05:18:47.034] |I| [export_sceIoOpen]: Opening file: app0:/0/4.mp
[05:18:47.035] |I| [export_sceIoOpen]: Opening file: app0:/0/4.mp
[05:18:47.036] |I| [export_sceIoOpen]: Opening file: app0:/0/4.mp
[05:18:47.037] |I| [export_sceIoOpen]: Opening file: app0:/0/5.mp
[05:18:47.038] |I| [export_sceIoOpen]: Opening file: app0:/0/5.mp
[05:18:47.039] |I| [export_sceIoOpen]: Opening file: app0:/0/5.mp
[05:18:47.040] |I| [export_sceIoOpen]: Opening file: app0:/0/5.mp
[05:18:47.041] |I| [export_sceIoOpen]: Opening file: app0:/0/5.mp
[05:18:47.042] |I| [export_sceIoOpen]: Opening file: app0:/0/5.mp
[05:18:47.043] |I| [export_sceIoOpen]: Opening file: app0:/0/5.mp
[05:18:47.044] |I| [export_sceIoOpen]: Opening file: app0:/0/5.mp
[05:18:47.045] |I| [export_sceIoOpen]: Opening file: app0:/0/5.mp
[05:18:47.046] |I| [export_sceIoOpen]: Opening file: app0:/0/5.mp
[05:18:47.047] |I| [export_sceIoOpen]: Opening file: app0:/0/1.mp
[05:18:47.048] |I| [export_sceIoOpen]: Opening file: app0:/0/5.mp
[05:18:47.049] |I| [export_sceIoOpen]: Opening file: app0:/0/1.mp
[05:18:47.050] |I| [export_sceIoOpen]: Opening file: app0:/0/5.mp
[05:18:47.050] |I| [export_sceIoOpen]: Opening file: app0:/0/5.mp
[05:18:47.051] |I| [export_sceIoOpen]: Opening file: app0:/0/5.mp
[05:18:47.052] |I| [export_sceIoOpen]: Opening file: app0:/0/5.mp
[05:18:47.053] |I| [export_sceIoOpen]: Opening file: app0:/0/5.mp
[05:18:47.054] |I| [export_sceIoOpen]: Opening file: app0:/0/5.mp
[05:18:47.056] |I| [export_sceIoOpen]: Opening file: app0:/0/5.mp
[05:18:47.057] |I| [export_sceIoOpen]: Opening file: app0:/0/5.mp
[05:18:47.058] |I| [export_sceIoOpen]: Opening file: app0:/0/5.mp
[05:18:47.059] |I| [export_sceIoOpen]: Opening file: app0:/0/5.mp
[05:18:47.059] |I| [export_sceIoOpen]: Opening file: app0:/0/5.mp
[05:18:47.066] |I| [export_sceIoOpen]: Opening file: app0:/0/5.mp
[05:18:47.067] |I| [export_sceIoOpen]: Opening file: app0:/0/5.mp
[05:18:47.069] |I| [export_sceIoOpen]: Opening file: app0:/0/5.mp
[05:18:47.069] |I| [export_sceIoOpen]: Opening file: app0:/0/6.mp
[05:18:47.071] |I| [export_sceIoOpen]: Opening file: app0:/0/1.mp
[05:18:47.180] |I| [export_sceIoOpen]: Opening file: app0:/0/6.mp
[05:18:47.181] |I| [export_sceIoOpen]: Opening file: app0:/0/1.mp
[05:18:47.285] |I| [export_sceIoOpen]: Opening file: app0:/0/6.mp
[05:18:47.286] |I| [export_sceIoOpen]: Opening file: app0:/0/6.mp
[05:18:47.286] |I| [export_sceIoOpen]: Opening file: app0:/0/6.mp
[05:18:47.287] |I| [export_sceIoOpen]: Opening file: app0:/0/6.mp
[05:18:47.287] |I| [export_sceIoOpen]: Opening file: app0:/0/6.mp
[05:18:47.288] |I| [export_sceIoOpen]: Opening file: app0:/0/6.mp
[05:18:47.288] |I| [export_sceIoOpen]: Opening file: app0:/0/6.mp
[05:18:47.289] |I| [export_sceIoOpen]: Opening file: app0:/0/6.mp
[05:18:47.289] |I| [export_sceIoOpen]: Opening file: app0:/0/6.mp
[05:18:47.291] |I| [export_sceIoOpen]: Opening file: app0:/0/6.mp
[05:18:47.291] |I| [export_sceIoOpen]: Opening file: app0:/0/6.mp
[05:18:47.291] |I| [export_sceIoOpen]: Opening file: app0:/0/6.mp
[05:18:47.292] |I| [export_sceIoOpen]: Opening file: app0:/0/6.mp
[05:18:47.292] |I| [export_sceIoOpen]: Opening file: app0:/0/6.mp
[05:18:47.293] |I| [export_sceIoOpen]: Opening file: app0:/0/6.mp
[05:18:47.293] |I| [export_sceIoOpen]: Opening file: app0:/0/6.mp
[05:18:47.294] |I| [export_sceIoOpen]: Opening file: app0:/0/6.mp
[05:18:47.294] |I| [export_sceIoOpen]: Opening file: app0:/0/6.mp
[05:18:47.295] |I| [export_sceIoOpen]: Opening file: app0:/0/6.mp
[05:18:47.296] |I| [export_sceIoOpen]: Opening file: app0:/0/6.mp
[05:18:47.296] |I| [export_sceIoOpen]: Opening file: app0:/0/6.mp
[05:18:47.297] |I| [export_sceIoOpen]: Opening file: app0:/0/6.mp
[05:18:47.297] |I| [export_sceIoOpen]: Opening file: app0:/0/6.mp
[05:18:47.297] |I| [export_sceIoOpen]: Opening file: app0:/0/6.mp
[05:18:47.298] |I| [export_sceIoOpen]: Opening file: app0:/0/6.mp
[05:18:47.298] |I| [export_sceIoOpen]: Opening file: app0:/0/6.mp
[05:18:47.299] |I| [export_sceIoOpen]: Opening file: app0:/0/6.mp
[05:18:47.300] |I| [export_sceIoOpen]: Opening file: app0:/0/1.mp
[05:18:47.343] |I| [export_sceIoOpen]: Opening file: app0:/0/6.mp
[05:18:47.344] |I| [export_sceIoOpen]: Opening file: app0:/0/6.mp
[05:18:47.345] |I| [export_sceIoOpen]: Opening file: app0:/0/6.mp
[05:18:47.345] |I| [export_sceIoOpen]: Opening file: app0:/0/6.mp
[05:18:47.346] |I| [export_sceIoOpen]: Opening file: app0:/0/6.mp
[05:18:47.346] |I| [export_sceIoOpen]: Opening file: app0:/0/6.mp
[05:18:47.347] |I| [export_sceIoOpen]: Opening file: app0:/0/1.mp
[05:18:47.370] |I| [export_sceIoOpen]: Opening file: app0:/0/6.mp
[05:18:47.371] |I| [export_sceIoOpen]: Opening file: app0:/0/6.mp
[05:18:47.372] |I| [export_sceIoOpen]: Opening file: app0:/0/6.mp
[05:18:47.373] |I| [export_sceIoOpen]: Opening file: app0:/0/6.mp
[05:18:47.373] |I| [export_sceIoOpen]: Opening file: app0:/0/6.mp
[05:18:47.374] |I| [export_sceIoOpen]: Opening file: app0:/0/6.mp
[05:18:47.375] |I| [export_sceIoOpen]: Opening file: app0:/0/6.mp
[05:18:47.376] |I| [export_sceIoOpen]: Opening file: app0:/0/9.mp
[05:18:47.390] |I| [export_sceIoOpen]: Opening file: app0:/0/9.mp
[05:18:47.391] |I| [export_sceIoOpen]: Opening file: app0:/0/1.mp
[05:18:47.468] |I| [export_sceIoOpen]: Opening file: app0:/0/9.mp
[05:18:47.469] |I| [export_sceIoOpen]: Opening file: app0:/0/9.mp
[05:18:47.470] |I| [export_sceIoOpen]: Opening file: app0:/0/9.mp
[05:18:47.471] |I| [export_sceIoOpen]: Opening file: app0:/0/9.mp
[05:18:47.471] |I| [export_sceIoOpen]: Opening file: app0:/0/9.mp
[05:18:47.472] |I| [export_sceIoOpen]: Opening file: app0:/0/9.mp
[05:18:47.473] |I| [export_sceIoOpen]: Opening file: app0:/0/9.mp
[05:18:47.473] |I| [export_sceIoOpen]: Opening file: app0:/0/9.mp
[05:18:47.474] |I| [export_sceIoOpen]: Opening file: app0:/0/9.mp
[05:18:47.475] |I| [export_sceIoOpen]: Opening file: app0:/0/1.mp
[05:18:47.555] |I| [export_sceIoOpen]: Opening file: app0:/0/9.mp
[05:18:47.555] |I| [export_sceIoOpen]: Opening file: app0:/0/9.mp
[05:18:47.556] |I| [export_sceIoOpen]: Opening file: app0:/0/9.mp
[05:18:47.556] |I| [export_sceIoOpen]: Opening file: app0:/0/9.mp
[05:18:47.557] |I| [export_sceIoOpen]: Opening file: app0:/0/9.mp
[05:18:47.557] |I| [export_sceIoOpen]: Opening file: app0:/0/9.mp
[05:18:47.558] |I| [export_sceIoOpen]: Opening file: app0:/0/9.mp
[05:18:47.558] |I| [export_sceIoOpen]: Opening file: app0:/0/9.mp
[05:18:47.559] |I| [export_sceIoOpen]: Opening file: app0:/0/9.mp
[05:18:47.559] |I| [export_sceIoOpen]: Opening file: app0:/0/9.mp
[05:18:47.560] |I| [export_sceIoOpen]: Opening file: app0:/0/9.mp
[05:18:47.560] |I| [export_sceIoOpen]: Opening file: app0:/0/9.mp
[05:18:47.561] |I| [export_sceIoOpen]: Opening file: app0:/0/9.mp
[05:18:47.561] |I| [export_sceIoOpen]: Opening file: app0:/0/9.mp
[05:18:47.561] |I| [export_sceIoOpen]: Opening file: app0:/0/9.mp
[05:18:47.562] |I| [export_sceIoOpen]: Opening file: app0:/0/9.mp
[05:18:47.562] |I| [export_sceIoOpen]: Opening file: app0:/0/9.mp
[05:18:47.563] |I| [export_sceIoOpen]: Opening file: app0:/0/9.mp
[05:18:47.563] |I| [export_sceIoOpen]: Opening file: app0:/0/1.mp
[05:18:47.563] |I| [export_sceIoOpen]: Opening file: app0:/0/9.mp
[05:18:47.565] |I| [export_sceIoOpen]: Opening file: app0:/0/12.mp
[05:18:47.568] |I| [export_sceIoOpen]: Opening file: app0:/0/12.mp
[05:18:47.568] |I| [export_sceIoOpen]: Opening file: app0:/0/1.mp
[05:18:47.652] |I| [export_sceIoOpen]: Opening file: app0:/0/12.mp
[05:18:47.653] |I| [export_sceIoOpen]: Opening file: app0:/0/12.mp
[05:18:47.654] |I| [export_sceIoOpen]: Opening file: app0:/0/12.mp
[05:18:47.654] |I| [export_sceIoOpen]: Opening file: app0:/0/12.mp
[05:18:47.655] |I| [export_sceIoOpen]: Opening file: app0:/0/12.mp
[05:18:47.655] |I| [export_sceIoOpen]: Opening file: app0:/0/12.mp
[05:18:47.656] |I| [export_sceIoOpen]: Opening file: app0:/0/12.mp
[05:18:47.657] |I| [export_sceIoOpen]: Opening file: app0:/0/12.mp
[05:18:47.657] |I| [export_sceIoOpen]: Opening file: app0:/0/12.mp
[05:18:47.658] |I| [export_sceIoOpen]: Opening file: app0:/0/12.mp
[05:18:47.659] |I| [export_sceIoOpen]: Opening file: app0:/0/44.mp
[05:18:47.675] |I| [export_sceIoOpen]: Opening file: app0:/0/44.mp
[05:18:47.676] |I| [export_sceIoOpen]: Opening file: app0:/0/43.mp
[05:18:47.700] |I| [export_sceIoOpen]: Opening file: app0:/0/43.mp
[05:18:47.787] |I| [export_sceIoOpen]: Opening file: app0:/0/44.mp
[05:18:47.788] |I| [export_sceIoOpen]: Opening file: app0:/0/43.mp
[05:18:47.788] |I| [export_sceIoOpen]: Opening file: app0:/0/44.mp
[05:18:47.789] |I| [export_sceIoOpen]: Opening file: app0:/0/45.mp
[05:18:47.793] |I| [export_sceIoOpen]: Opening file: app0:/0/45.mp
[05:18:47.793] |I| [export_sceIoOpen]: Opening file: app0:/0/43.mp
[05:18:47.794] |I| [export_sceIoOpen]: Opening file: app0:/0/43.mp
[05:18:47.794] |I| [export_sceIoOpen]: Opening file: app0:/0/43.mp
[05:18:47.882] |I| [export_sceIoOpen]: Opening file: app0:/0/43.mp
[05:18:47.882] |I| [export_sceIoOpen]: Opening file: app0:/0/43.mp
[05:18:47.883] |I| [export_sceIoOpen]: Opening file: app0:/0/45.mp
[05:18:47.884] |I| [export_sceIoOpen]: Opening file: app0:/0/43.mp
[05:18:47.884] |I| [export_sceIoOpen]: Opening file: app0:/0/43.mp
[05:18:47.884] |I| [export_sceIoOpen]: Opening file: app0:/0/45.mp
[05:18:47.885] |I| [export_sceIoOpen]: Opening file: app0:/0/43.mp
[05:18:47.885] |I| [export_sceIoOpen]: Opening file: app0:/0/43.mp
[05:18:47.886] |I| [export_sceIoOpen]: Opening file: app0:/0/45.mp
[05:18:47.886] |I| [export_sceIoOpen]: Opening file: app0:/0/44.mp
[05:18:47.887] |I| [export_sceIoOpen]: Opening file: app0:/0/44.mp
[05:18:47.887] |I| [export_sceIoOpen]: Opening file: app0:/0/45.mp
[05:18:47.888] |I| [export_sceIoOpen]: Opening file: app0:/0/44.mp
[05:18:47.888] |I| [export_sceIoOpen]: Opening file: app0:/0/44.mp
[05:18:47.889] |I| [export_sceIoOpen]: Opening file: app0:/0/45.mp
[05:18:47.889] |I| [export_sceIoOpen]: Opening file: app0:/0/43.mp
[05:18:47.889] |I| [export_sceIoOpen]: Opening file: app0:/0/43.mp
[05:18:48.010] |I| [export_sceIoOpen]: Opening file: app0:/0/43.mp
[05:18:48.080] |I| [export_sceIoOpen]: Opening file: app0:/0/44.mp
[05:18:48.082] |I| [export_sceIoOpen]: Opening file: app0:/0/46.mp
[05:18:48.083] |I| [export_sceIoOpen]: Opening file: app0:/0/46.mp
[05:18:48.083] |I| [export_sceIoOpen]: Opening file: app0:/0/45.mp
[05:18:48.083] |I| [export_sceIoOpen]: Opening file: app0:/0/43.mp
[05:18:48.115] |I| [export_sceIoOpen]: Opening file: app0:/0/46.mp
[05:18:48.116] |I| [export_sceIoOpen]: Opening file: app0:/0/45.mp
[05:18:48.117] |I| [export_sceIoOpen]: Opening file: app0:/0/46.mp
[05:18:48.118] |I| [export_sceIoOpen]: Opening file: app0:/0/45.mp
[05:18:48.118] |I| [export_sceIoOpen]: Opening file: app0:/0/46.mp
[05:18:48.119] |I| [export_sceIoOpen]: Opening file: app0:/0/45.mp
[05:18:48.120] |I| [export_sceIoOpen]: Opening file: app0:/0/47.mp
[05:18:48.121] |I| [export_sceIoOpen]: Opening file: app0:/0/47.mp
[05:18:48.121] |I| [export_sceIoOpen]: Opening file: app0:/0/45.mp
[05:18:48.122] |I| [export_sceIoOpen]: Opening file: app0:/0/47.mp
[05:18:48.123] |I| [export_sceIoOpen]: Opening file: app0:/0/45.mp
[05:18:48.123] |I| [export_sceIoOpen]: Opening file: app0:/0/47.mp
[05:18:48.124] |I| [export_sceIoOpen]: Opening file: app0:/0/47.mp
[05:18:48.124] |I| [export_sceIoOpen]: Opening file: app0:/0/47.mp
[05:18:48.125] |I| [export_sceIoOpen]: Opening file: app0:/0/47.mp
[05:18:48.125] |I| [export_sceIoOpen]: Opening file: app0:/0/47.mp
[05:18:48.128] |I| [export_sceIoOpen]: Opening file: app0:/0/47.mp
[05:18:48.128] |I| [export_sceIoOpen]: Opening file: app0:/0/47.mp
[05:18:48.129] |I| [export_sceIoOpen]: Opening file: app0:/0/47.mp
[05:18:48.130] |I| [export_sceIoOpen]: Opening file: app0:/0/47.mp
[05:18:48.130] |I| [export_sceIoOpen]: Opening file: app0:/0/47.mp
[05:18:48.131] |I| [export_sceIoOpen]: Opening file: app0:/0/47.mp
[05:18:48.132] |I| [export_sceIoOpen]: Opening file: app0:/0/47.mp
[05:18:48.133] |I| [export_sceIoOpen]: Opening file: app0:/0/47.mp
[05:18:48.133] |I| [export_sceIoOpen]: Opening file: app0:/0/47.mp
[05:18:48.134] |I| [export_sceIoOpen]: Opening file: app0:/0/47.mp
[05:18:48.135] |I| [export_sceIoOpen]: Opening file: app0:/0/47.mp
[05:18:48.135] |I| [export_sceIoOpen]: Opening file: app0:/0/47.mp
[05:18:48.136] |I| [export_sceIoOpen]: Opening file: app0:/0/47.mp
[05:18:48.136] |I| [export_sceIoOpen]: Opening file: app0:/0/47.mp
[05:18:48.137] |I| [export_sceIoOpen]: Opening file: app0:/0/47.mp
[05:18:48.137] |I| [export_sceIoOpen]: Opening file: app0:/0/47.mp
[05:18:48.138] |I| [export_sceIoOpen]: Opening file: app0:/0/43.mp
[05:18:48.138] |I| [export_sceIoOpen]: Opening file: app0:/0/43.mp
[05:18:48.139] |I| [export_sceIoOpen]: Opening file: app0:/0/47.mp
[05:18:48.140] |I| [export_sceIoOpen]: Opening file: app0:/0/48.mp
[05:18:48.141] |I| [export_sceIoOpen]: Opening file: app0:/0/48.mp
[05:18:48.142] |I| [export_sceIoOpen]: Opening file: app0:/0/48.mp
[05:18:48.145] |I| [export_sceIoOpen]: Opening file: app0:/0/48.mp
[05:18:48.145] |I| [export_sceIoOpen]: Opening file: app0:/0/48.mp
[05:18:48.146] |I| [export_sceIoOpen]: Opening file: app0:/0/48.mp
[05:18:48.147] |I| [export_sceIoOpen]: Opening file: app0:/0/48.mp
[05:18:48.147] |I| [export_sceIoOpen]: Opening file: app0:/0/48.mp
[05:18:48.148] |I| [export_sceIoOpen]: Opening file: app0:/0/48.mp
[05:18:48.149] |I| [export_sceIoOpen]: Opening file: app0:/0/48.mp
[05:18:48.149] |I| [export_sceIoOpen]: Opening file: app0:/0/43.mp
[05:18:48.150] |I| [export_sceIoOpen]: Opening file: app0:/0/48.mp
[05:18:48.150] |I| [export_sceIoOpen]: Opening file: app0:/0/49.mp
[05:18:48.151] |I| [export_sceIoOpen]: Opening file: app0:/0/49.mp
[05:18:48.152] |I| [export_sceIoOpen]: Opening file: app0:/0/45.mp
[05:18:48.152] |I| [export_sceIoOpen]: Opening file: app0:/0/49.mp
[05:18:48.152] |I| [export_sceIoOpen]: Opening file: app0:/0/49.mp
[05:18:48.153] |I| [export_sceIoOpen]: Opening file: app0:/0/49.mp
[05:18:48.153] |I| [export_sceIoOpen]: Opening file: app0:/0/49.mp
[05:18:48.154] |I| [export_sceIoOpen]: Opening file: app0:/0/49.mp
[05:18:48.154] |I| [export_sceIoOpen]: Opening file: app0:/0/49.mp
[05:18:48.155] |I| [export_sceIoOpen]: Opening file: app0:/0/49.mp
[05:18:48.155] |I| [export_sceIoOpen]: Opening file: app0:/0/49.mp
[05:18:48.155] |I| [export_sceIoOpen]: Opening file: app0:/0/49.mp
[05:18:48.156] |I| [export_sceIoOpen]: Opening file: app0:/0/49.mp
[05:18:48.156] |I| [export_sceIoOpen]: Opening file: app0:/0/49.mp
[05:18:48.159] |I| [export_sceIoOpen]: Opening file: app0:/0/49.mp
[05:18:48.160] |I| [export_sceIoOpen]: Opening file: app0:/0/49.mp
[05:18:48.160] |I| [export_sceIoOpen]: Opening file: app0:/0/49.mp
[05:18:48.161] |I| [export_sceIoOpen]: Opening file: app0:/0/49.mp
[05:18:48.161] |I| [export_sceIoOpen]: Opening file: app0:/0/49.mp
[05:18:48.162] |I| [export_sceIoOpen]: Opening file: app0:/0/49.mp
[05:18:48.162] |I| [export_sceIoOpen]: Opening file: app0:/0/49.mp
[05:18:48.163] |I| [export_sceIoOpen]: Opening file: app0:/0/49.mp
[05:18:48.163] |I| [export_sceIoOpen]: Opening file: app0:/0/49.mp
[05:18:48.164] |I| [export_sceIoOpen]: Opening file: app0:/0/49.mp
[05:18:48.164] |I| [export_sceIoOpen]: Opening file: app0:/0/49.mp
[05:18:48.165] |I| [export_sceIoOpen]: Opening file: app0:/0/49.mp
[05:18:48.165] |I| [export_sceIoOpen]: Opening file: app0:/0/49.mp
[05:18:48.166] |I| [export_sceIoOpen]: Opening file: app0:/0/49.mp
[05:18:48.166] |I| [export_sceIoOpen]: Opening file: app0:/0/49.mp
[05:18:48.167] |I| [export_sceIoOpen]: Opening file: app0:/0/76.mp
[05:18:48.191] |I| [export_sceIoOpen]: Opening file: app0:/0/76.mp
[05:18:48.195] |I| [export_sceIoOpen]: Opening file: app0:/0/76.mp
[05:18:48.198] |I| [export_sceIoOpen]: Opening file: app0:/0/76.mp
[05:18:48.201] |I| [export_sceIoOpen]: Opening file: app0:/0/76.mp
[05:18:48.201] |I| [export_sceIoOpen]: Opening file: app0:/0/76.mp
[05:18:48.202] |I| [export_sceIoOpen]: Opening file: app0:/0/76.mp
[05:18:48.204] |I| [export_sceIoOpen]: Opening file: app0:/0/76.mp
[05:18:48.206] |I| [export_sceIoOpen]: Opening file: app0:/0/76.mp
[05:18:48.208] |I| [export_sceIoOpen]: Opening file: app0:/0/76.mp
[05:18:48.209] |I| [export_sceIoOpen]: Opening file: app0:/0/76.mp
[05:18:48.211] |I| [export_sceIoOpen]: Opening file: app0:/0/76.mp
[05:18:48.214] |I| [export_sceIoOpen]: Opening file: app0:/0/76.mp
[05:18:48.216] |I| [export_sceIoOpen]: Opening file: app0:/0/82.mp
[05:18:48.217] |I| [export_sceIoOpen]: Opening file: app0:/0/82.mp
[05:18:48.219] |I| [export_sceIoOpen]: Opening file: app0:/0/82.mp
[05:18:48.222] |I| [export_sceIoOpen]: Opening file: app0:/0/82.mp
[05:18:48.223] |I| [export_sceIoOpen]: Opening file: app0:/0/82.mp
[05:18:48.237] |I| [export_sceIoOpen]: Opening file: app0:/0/82.mp
[05:18:48.238] |I| [export_sceIoOpen]: Opening file: app0:/0/82.mp
[05:18:48.239] |I| [export_sceIoOpen]: Opening file: app0:/0/82.mp
[05:18:48.240] |I| [export_sceIoOpen]: Opening file: app0:/0/82.mp
[05:18:48.241] |I| [export_sceIoOpen]: Opening file: app0:/0/82.mp
[05:18:48.250] |I| [export_sceIoOpen]: Opening file: app0:/0/82.mp
[05:18:48.253] |I| [export_sceIoOpen]: Opening file: app0:/0/82.mp
[05:18:48.255] |I| [export_sceIoOpen]: Opening file: app0:/0/82.mp
[05:18:48.256] |I| [export_sceIoOpen]: Opening file: app0:/0/82.mp
[05:18:48.257] |I| [export_sceIoOpen]: Opening file: app0:/0/82.mp
[05:18:48.260] |I| [export_sceIoOpen]: Opening file: app0:/0/82.mp
[05:18:48.262] |I| [export_sceIoOpen]: Opening file: app0:/0/82.mp
[05:18:48.263] |I| [export_sceIoOpen]: Opening file: app0:/0/82.mp
[05:18:48.265] |I| [export_sceIoOpen]: Opening file: app0:/1/131.mp
[05:18:48.267] |I| [export_sceIoOpen]: Opening file: app0:/1/129.mp
[05:18:48.337] |I| [export_sceIoOpen]: Opening file: app0:/1/130.mp
[05:18:48.338] |I| [export_sceIoOpen]: Opening file: app0:/1/129.mp
[05:18:48.400] |I| [export_sceIoOpen]: Opening file: app0:/1/129.mp
[05:18:48.403] |I| [export_sceIoOpen]: Opening file: app0:/1/130.mp
[05:18:48.404] |I| [export_sceIoOpen]: Opening file: app0:/1/167.mp
[05:18:48.406] |I| [export_sceIoOpen]: Opening file: app0:/1/160.mp
[05:18:48.432] |I| [export_sceIoOpen]: Opening file: app0:/1/160.mp
[05:18:48.433] |I| [export_sceIoOpen]: Opening file: app0:/1/160.mp
[05:18:48.433] |I| [export_sceIoOpen]: Opening file: app0:/1/160.mp
[05:18:48.434] |I| [export_sceIoOpen]: Opening file: app0:/1/160.mp
[05:18:48.434] |I| [export_sceIoOpen]: Opening file: app0:/1/160.mp
[05:18:48.436] |I| [export_sceIoOpen]: Opening file: app0:/1/160.mp
[05:18:48.436] |I| [export_sceIoOpen]: Opening file: app0:/1/160.mp
[05:18:48.437] |I| [export_sceIoOpen]: Opening file: app0:/1/160.mp
[05:18:48.438] |I| [export_sceIoOpen]: Opening file: app0:/1/160.mp
[05:18:48.439] |I| [export_sceIoOpen]: Opening file: app0:/1/160.mp
[05:18:48.440] |I| [export_sceIoOpen]: Opening file: app0:/1/164.mp
[05:18:48.451] |I| [export_sceIoOpen]: Opening file: app0:/1/164.mp
[05:18:48.453] |I| [export_sceIoOpen]: Opening file: app0:/1/164.mp
[05:18:48.454] |I| [export_sceIoOpen]: Opening file: app0:/1/166.mp
[05:18:48.455] |I| [export_sceIoOpen]: Opening file: app0:/1/166.mp
[05:18:48.456] |I| [export_sceIoOpen]: Opening file: app0:/1/166.mp
[05:18:48.456] |I| [export_sceIoOpen]: Opening file: app0:/1/166.mp
[05:18:48.462] |I| [export_sceIoOpen]: Opening file: app0:/1/124.mp
[05:18:48.470] |I| [export_sceIoOpen]: Opening file: app0:/1/124.mp
[05:18:48.475] |I| [export_sceIoOpen]: Opening file: app0:/1/166.mp
[05:18:48.476] |I| [export_sceIoOpen]: Opening file: app0:/1/166.mp
[05:18:48.477] |I| [export_sceIoOpen]: Opening file: app0:/1/166.mp
[05:18:48.477] |I| [export_sceIoOpen]: Opening file: app0:/1/166.mp
[05:18:48.478] |I| [export_sceIoOpen]: Opening file: app0:/1/166.mp
[05:18:48.479] |I| [export_sceIoOpen]: Opening file: app0:/1/166.mp
[05:18:48.480] |I| [export_sceIoOpen]: Opening file: app0:/1/166.mp
[05:18:48.481] |I| [export_sceIoOpen]: Opening file: app0:/1/166.mp
[05:18:48.481] |I| [export_sceIoOpen]: Opening file: app0:/1/166.mp
[05:18:48.482] |I| [export_sceIoOpen]: Opening file: app0:/1/166.mp
[05:18:48.482] |I| [export_sceIoOpen]: Opening file: app0:/1/166.mp
[05:18:48.483] |I| [export_sceIoOpen]: Opening file: app0:/1/166.mp
[05:18:48.484] |I| [export_sceIoOpen]: Opening file: app0:/1/166.mp
[05:18:48.484] |I| [export_sceIoOpen]: Opening file: app0:/1/166.mp
[05:18:48.485] |I| [export_sceIoOpen]: Opening file: app0:/1/166.mp
[05:18:48.486] |I| [export_sceIoOpen]: Opening file: app0:/1/166.mp
[05:18:48.487] |I| [export_sceIoOpen]: Opening file: app0:/1/166.mp
[05:18:48.488] |I| [export_sceIoOpen]: Opening file: app0:/1/166.mp
[05:18:48.488] |I| [export_sceIoOpen]: Opening file: app0:/1/166.mp
[05:18:48.489] |I| [export_sceIoOpen]: Opening file: app0:/1/166.mp
[05:18:48.493] |I| [export_sceIoOpen]: Opening file: app0:/1/166.mp
[05:18:48.494] |I| [export_sceIoOpen]: Opening file: app0:/1/166.mp
[05:18:48.495] |I| [export_sceIoOpen]: Opening file: app0:/1/166.mp
[05:18:48.495] |I| [export_sceIoOpen]: Opening file: app0:/1/166.mp
[05:18:48.496] |I| [export_sceIoOpen]: Opening file: app0:/1/166.mp
[05:18:48.496] |I| [export_sceIoOpen]: Opening file: app0:/1/166.mp
[05:18:48.497] |I| [export_sceIoOpen]: Opening file: app0:/1/166.mp
[05:18:48.498] |I| [export_sceIoOpen]: Opening file: app0:/1/166.mp
[05:18:48.499] |I| [export_sceIoOpen]: Opening file: app0:/1/166.mp
[05:18:48.891] |I| [export_sceIoOpen]: Opening file: app0:/0/76.mp
[05:18:48.952] |I| [export_sceIoOpen]: Opening file: app0:/0/0.mp
[05:18:48.969] |I| [export_sceIoOpen]: Opening file: app0:/0/0.mp
[05:18:48.970] |I| [export_sceIoOpen]: Opening file: app0:/0/0.mp
[05:18:49.010] |I| [export_sceIoOpen]: Opening file: app0:/0/4.mp
[05:18:49.011] |I| [export_sceIoOpen]: Opening file: app0:/0/83.mp
[05:18:49.012] |I| [export_sceIoOpen]: Opening file: app0:/0/83.mp
[05:18:49.013] |I| [export_sceIoOpen]: Opening file: app0:/0/83.mp
[05:18:49.022] |I| [export_sceIoOpen]: Opening file: app0:/0/83.mp
[05:18:49.023] |I| [export_sceIoOpen]: Opening file: app0:/0/4.mp
[05:18:49.024] |I| [export_sceIoOpen]: Opening file: app0:/0/4.mp
[05:18:49.027] |I| [export_sceIoOpen]: Opening file: app0:/0/0.mp
[05:18:49.028] |I| [export_sceIoOpen]: Opening file: app0:/0/0.mp
[05:18:59.330] |E| [discordrpc::update_presence::<lambda_50ee3771c9ac2f7a4b17591668a7e6b3>::operator ()]: Error updating discord rich presence, err_code: 43
[05:18:59.331] |E| [discordrpc::update_presence::<lambda_50ee3771c9ac2f7a4b17591668a7e6b3>::operator ()]: Error updating discord rich presence, err_code: 43
[05:18:59.398] |W| [ArmDynarmicCallback::MemoryRead]: Invalid read of uint32_t at address: 0x5e4db4
[05:18:59.398] |W| [ArmDynarmicCallback::MemoryRead]: Invalid read of uint32_t at address: 0x3120a4
[05:18:59.399] |W| [ArmDynarmicCallback::MemoryRead]: Invalid read of uint32_t at address: 0x3120a4
[05:18:59.399] |W| [ArmDynarmicCallback::MemoryRead]: Invalid read of uint32_t at address: 0x3120a8
[05:18:59.399] |W| [ArmDynarmicCallback::MemoryRead]: Invalid read of uint32_t at address: 0x3120a8
[05:18:59.399] |W| [ArmDynarmicCallback::MemoryRead]: Invalid read of uint32_t at address: 0x3120ac
[05:18:59.399] |W| [ArmDynarmicCallback::MemoryRead]: Invalid read of uint32_t at address: 0x3120ac
[05:18:59.399] |W| [ArmDynarmicCallback::MemoryRead]: Invalid read of uint32_t at address: 0x3120b0
[05:18:59.399] |W| [ArmDynarmicCallback::MemoryRead]: Invalid read of uint32_t at address: 0x3120b0
[05:18:59.400] |W| [ArmDynarmicCallback::MemoryRead]: Invalid read of uint32_t at address: 0x3120b4
[05:18:59.400] |W| [ArmDynarmicCallback::MemoryRead]: Invalid read of uint32_t at address: 0x3120b4
[05:18:59.400] |W| [ArmDynarmicCallback::MemoryRead]: Invalid read of uint32_t at address: 0x3120b8
[05:18:59.400] |W| [ArmDynarmicCallback::MemoryRead]: Invalid read of uint32_t at address: 0x3120b8
[05:18:59.400] |W| [ArmDynarmicCallback::MemoryRead]: Invalid read of uint32_t at address: 0x3120bc
[05:18:59.400] |W| [ArmDynarmicCallback::MemoryRead]: Invalid read of uint32_t at address: 0x3120bc
[05:18:59.401] |W| [ArmDynarmicCallback::MemoryRead]: Invalid read of uint32_t at address: 0x3120c0
[05:18:59.401] |W| [ArmDynarmicCallback::MemoryRead]: Invalid read of uint32_t at address: 0x3120c0
[05:18:59.401] |W| [ArmDynarmicCallback::MemoryRead]: Invalid read of uint32_t at address: 0x3120c4
[05:18:59.401] |W| [ArmDynarmicCallback::MemoryRead]: Invalid read of uint32_t at address: 0x3120c4
[05:18:59.401] |W| [ArmDynarmicCallback::MemoryRead]: Invalid read of uint32_t at address: 0x3120c8
[05:18:59.401] |W| [ArmDynarmicCallback::MemoryRead]: Invalid read of uint32_t at address: 0x3120c8
[05:18:59.401] |W| [ArmDynarmicCallback::MemoryRead]: Invalid read of uint32_t at address: 0x3120cc
[05:18:59.402] |W| [ArmDynarmicCallback::MemoryRead]: Invalid read of uint32_t at address: 0x3120cc
[05:18:59.402] |W| [ArmDynarmicCallback::MemoryRead]: Invalid read of uint32_t at address: 0x3120d0
[05:18:59.402] |W| [ArmDynarmicCallback::MemoryRead]: Invalid read of uint32_t at address: 0x3120d0
[05:18:59.402] |W| [ArmDynarmicCallback::MemoryRead]: Invalid read of uint32_t at address: 0x3120d4
[05:18:59.402] |W| [ArmDynarmicCallback::MemoryRead]: Invalid read of uint32_t at address: 0x3120d4
[05:18:59.402] |W| [ArmDynarmicCallback::MemoryRead]: Invalid read of uint32_t at address: 0x3120d8
[05:18:59.402] |W| [ArmDynarmicCallback::MemoryRead]: Invalid read of uint32_t at address: 0x3120d8
[05:18:59.403] |W| [ArmDynarmicCallback::MemoryRead]: Invalid read of uint32_t at address: 0x3120dc
[05:18:59.403] |W| [ArmDynarmicCallback::MemoryRead]: Invalid read of uint32_t at address: 0x3120dc
[05:18:59.403] |W| [ArmDynarmicCallback::MemoryRead]: Invalid read of uint32_t at address: 0x3120e0
[05:18:59.403] |W| [ArmDynarmicCallback::MemoryRead]: Invalid read of uint32_t at address: 0x3120e0
[05:18:59.403] |W| [ArmDynarmicCallback::MemoryRead]: Invalid read of uint32_t at address: 0x3120e4
[05:18:59.403] |W| [ArmDynarmicCallback::MemoryRead]: Invalid read of uint32_t at address: 0x3120e4
[05:18:59.403] |W| [ArmDynarmicCallback::MemoryRead]: Invalid read of uint32_t at address: 0x3120e8
[05:18:59.403] |W| [ArmDynarmicCallback::MemoryRead]: Invalid read of uint32_t at address: 0x3120e8
[05:18:59.404] |W| [ArmDynarmicCallback::MemoryRead]: Invalid read of uint32_t at address: 0x3120ec
[05:18:59.404] |W| [ArmDynarmicCallback::MemoryRead]: Invalid read of uint32_t at address: 0x3120ec
[05:18:59.404] |W| [ArmDynarmicCallback::MemoryRead]: Invalid read of uint32_t at address: 0x3120f0
[05:18:59.404] |W| [ArmDynarmicCallback::MemoryRead]: Invalid read of uint32_t at address: 0x3120f0
[05:18:59.404] |W| [ArmDynarmicCallback::MemoryRead]: Invalid read of uint32_t at address: 0x3120f4
[05:18:59.404] |W| [ArmDynarmicCallback::MemoryRead]: Invalid read of uint32_t at address: 0x3120f4
[05:18:59.404] |W| [ArmDynarmicCallback::MemoryRead]: Invalid read of uint32_t at address: 0x3120f8
[05:18:59.404] |W| [ArmDynarmicCallback::MemoryRead]: Invalid read of uint32_t at address: 0x3120f8
[05:18:59.404] |W| [ArmDynarmicCallback::MemoryRead]: Invalid read of uint32_t at address: 0x3120fc
[05:18:59.404] |W| [ArmDynarmicCallback::MemoryRead]: Invalid read of uint32_t at address: 0x3120fc
[05:18:59.405] |W| [ArmDynarmicCallback::MemoryRead]: Invalid read of uint32_t at address: 0x312100
[05:18:59.405] |W| [ArmDynarmicCallback::MemoryRead]: Invalid read of uint32_t at address: 0x312100
[05:18:59.405] |W| [ArmDynarmicCallback::MemoryRead]: Invalid read of uint32_t at address: 0x312104
[05:18:59.405] |W| [ArmDynarmicCallback::MemoryRead]: Invalid read of uint32_t at address: 0x312104
[05:18:59.405] |W| [ArmDynarmicCallback::MemoryRead]: Invalid read of uint32_t at address: 0x312108
[05:18:59.405] |W| [ArmDynarmicCallback::MemoryRead]: Invalid read of uint32_t at address: 0x312108
[05:18:59.405] |W| [ArmDynarmicCallback::MemoryRead]: Invalid read of uint32_t at address: 0x31210c
[05:18:59.405] |W| [ArmDynarmicCallback::MemoryRead]: Invalid read of uint32_t at address: 0x31210c
[05:18:59.406] |W| [ArmDynarmicCallback::MemoryRead]: Invalid read of uint32_t at address: 0x312110
[05:18:59.406] |W| [ArmDynarmicCallback::MemoryRead]: Invalid read of uint32_t at address: 0x312110
[05:18:59.406] |W| [ArmDynarmicCallback::MemoryRead]: Invalid read of uint32_t at address: 0x312114
[05:18:59.406] |W| [ArmDynarmicCallback::MemoryRead]: Invalid read of uint32_t at address: 0x312114
[05:18:59.406] |W| [ArmDynarmicCallback::MemoryRead]: Invalid read of uint32_t at address: 0x312118
[05:18:59.406] |W| [ArmDynarmicCallback::MemoryRead]: Invalid read of uint32_t at address: 0x312118
[05:18:59.406] |W| [ArmDynarmicCallback::MemoryRead]: Invalid read of uint32_t at address: 0x31211c
[05:18:59.406] |W| [ArmDynarmicCallback::MemoryRead]: Invalid read of uint32_t at address: 0x31211c
[05:18:59.407] |W| [ArmDynarmicCallback::MemoryRead]: Invalid read of uint32_t at address: 0x312120
[05:18:59.407] |W| [ArmDynarmicCallback::MemoryRead]: Invalid read of uint32_t at address: 0x312120
[05:18:59.407] |W| [ArmDynarmicCallback::MemoryRead]: Invalid read of uint32_t at address: 0x312124
[05:18:59.407] |W| [ArmDynarmicCallback::MemoryRead]: Invalid read of uint32_t at address: 0x312124
[05:18:59.407] |W| [ArmDynarmicCallback::MemoryRead]: Invalid read of uint32_t at address: 0x312128
[05:18:59.407] |W| [ArmDynarmicCallback::MemoryRead]: Invalid read of uint32_t at address: 0x312128
[05:18:59.407] |W| [ArmDynarmicCallback::MemoryRead]: Invalid read of uint32_t at address: 0x31212c
[05:18:59.408] |W| [ArmDynarmicCallback::MemoryRead]: Invalid read of uint32_t at address: 0x31212c
[05:18:59.408] |W| [ArmDynarmicCallback::MemoryRead]: Invalid read of uint32_t at address: 0x312130
[05:18:59.408] |W| [ArmDynarmicCallback::MemoryRead]: Invalid read of uint32_t at address: 0x312130
[05:18:59.408] |W| [ArmDynarmicCallback::MemoryRead]: Invalid read of uint32_t at address: 0x312134
[05:18:59.412] |W| [ArmDynarmicCallback::MemoryRead]: Invalid read of uint32_t at address: 0x312134
[05:18:59.412] |W| [ArmDynarmicCallback::MemoryRead]: Invalid read of uint32_t at address: 0x312138
[05:18:59.412] |W| [ArmDynarmicCallback::MemoryRead]: Invalid read of uint32_t at address: 0x312138
[05:18:59.413] |W| [ArmDynarmicCallback::MemoryRead]: Invalid read of uint32_t at address: 0x31213c
[05:18:59.413] |W| [ArmDynarmicCallback::MemoryRead]: Invalid read of uint32_t at address: 0x31213c
[05:18:59.413] |W| [ArmDynarmicCallback::MemoryRead]: Invalid read of uint32_t at address: 0x312140
[05:18:59.413] |W| [ArmDynarmicCallback::MemoryRead]: Invalid read of uint32_t at address: 0x312140
[05:18:59.413] |W| [ArmDynarmicCallback::MemoryRead]: Invalid read of uint32_t at address: 0x312144
[05:18:59.413] |W| [ArmDynarmicCallback::MemoryRead]: Invalid read of uint32_t at address: 0x312144
[05:18:59.413] |W| [ArmDynarmicCallback::MemoryRead]: Invalid read of uint32_t at address: 0x312148
[05:18:59.413] |W| [ArmDynarmicCallback::MemoryRead]: Invalid read of uint32_t at address: 0x312148
[05:18:59.413] |W| [ArmDynarmicCallback::MemoryRead]: Invalid read of uint32_t at address: 0x31214c
[05:18:59.413] |W| [ArmDynarmicCallback::MemoryRead]: Invalid read of uint32_t at address: 0x31214c
[05:18:59.414] |W| [ArmDynarmicCallback::MemoryRead]: Invalid read of uint32_t at address: 0x312150
[05:18:59.414] |W| [ArmDynarmicCallback::MemoryRead]: Invalid read of uint32_t at address: 0x312150
[05:18:59.414] |W| [ArmDynarmicCallback::MemoryRead]: Invalid read of uint32_t at address: 0x312154
[05:18:59.414] |W| [ArmDynarmicCallback::MemoryRead]: Invalid read of uint32_t at address: 0x312154
[05:18:59.414] |W| [ArmDynarmicCallback::MemoryRead]: Invalid read of uint32_t at address: 0x312158
[05:18:59.414] |W| [ArmDynarmicCallback::MemoryRead]: Invalid read of uint32_t at address: 0x312158
[05:18:59.415] |W| [ArmDynarmicCallback::MemoryRead]: Invalid read of uint32_t at address: 0x31215c
[05:18:59.415] |W| [ArmDynarmicCallback::MemoryRead]: Invalid read of uint32_t at address: 0x31215c
[05:18:59.415] |W| [ArmDynarmicCallback::MemoryRead]: Invalid read of uint32_t at address: 0x312160
[05:18:59.415] |W| [ArmDynarmicCallback::MemoryRead]: Invalid read of uint32_t at address: 0x312160
[05:18:59.415] |W| [ArmDynarmicCallback::MemoryRead]: Invalid read of uint32_t at address: 0x312164
[05:18:59.415] |W| [ArmDynarmicCallback::MemoryRead]: Invalid read of uint32_t at address: 0x312164
[05:18:59.416] |W| [ArmDynarmicCallback::MemoryRead]: Invalid read of uint32_t at address: 0x312168
[05:18:59.416] |W| [ArmDynarmicCallback::MemoryRead]: Invalid read of uint32_t at address: 0x312168
[05:18:59.416] |W| [ArmDynarmicCallback::MemoryRead]: Invalid read of uint32_t at address: 0x31216c
[05:18:59.416] |W| [ArmDynarmicCallback::MemoryRead]: Invalid read of uint32_t at address: 0x31216c
[05:18:59.416] |W| [ArmDynarmicCallback::MemoryRead]: Invalid read of uint32_t at address: 0x312170
[05:18:59.416] |W| [ArmDynarmicCallback::MemoryRead]: Invalid read of uint32_t at address: 0x312170
[05:18:59.416] |W| [ArmDynarmicCallback::MemoryRead]: Invalid read of uint32_t at address: 0x312174
[05:18:59.417] |W| [ArmDynarmicCallback::MemoryRead]: Invalid read of uint32_t at address: 0x312174
[05:18:59.417] |W| [ArmDynarmicCallback::MemoryRead]: Invalid read of uint32_t at address: 0x312178
[05:18:59.417] |W| [ArmDynarmicCallback::MemoryRead]: Invalid read of uint32_t at address: 0x312178
[05:18:59.417] |W| [ArmDynarmicCallback::MemoryRead]: Invalid read of uint32_t at address: 0x31217c
[05:18:59.417] |W| [ArmDynarmicCallback::MemoryRead]: Invalid read of uint32_t at address: 0x31217c
[05:18:59.417] |W| [ArmDynarmicCallback::MemoryRead]: Invalid read of uint32_t at address: 0x312180
[05:18:59.417] |W| [ArmDynarmicCallback::MemoryRead]: Invalid read of uint32_t at address: 0x312180
[05:18:59.418] |W| [ArmDynarmicCallback::MemoryRead]: Invalid read of uint32_t at address: 0x312184
[05:18:59.418] |W| [ArmDynarmicCallback::MemoryRead]: Invalid read of uint32_t at address: 0x312184
[05:18:59.418] |W| [ArmDynarmicCallback::MemoryRead]: Invalid read of uint32_t at address: 0x312188
[05:18:59.418] |W| [ArmDynarmicCallback::MemoryRead]: Invalid read of uint32_t at address: 0x312188
[05:18:59.418] |W| [ArmDynarmicCallback::MemoryRead]: Invalid read of uint32_t at address: 0x31218c
[05:18:59.418] |W| [ArmDynarmicCallback::MemoryRead]: Invalid read of uint32_t at address: 0x31218c
[05:18:59.418] |W| [ArmDynarmicCallback::MemoryRead]: Invalid read of uint32_t at address: 0x312190
[05:18:59.419] |W| [ArmDynarmicCallback::MemoryRead]: Invalid read of uint32_t at address: 0x312190
[05:18:59.419] |W| [ArmDynarmicCallback::MemoryRead]: Invalid read of uint32_t at address: 0x312194
[05:18:59.419] |W| [ArmDynarmicCallback::MemoryRead]: Invalid read of uint32_t at address: 0x312194
[05:18:59.419] |W| [ArmDynarmicCallback::MemoryRead]: Invalid read of uint32_t at address: 0x312198
[05:18:59.419] |W| [ArmDynarmicCallback::MemoryRead]: Invalid read of uint32_t at address: 0x312198
[05:18:59.419] |W| [ArmDynarmicCallback::MemoryRead]: Invalid read of uint32_t at address: 0x31219c
[05:18:59.419] |W| [ArmDynarmicCallback::MemoryRead]: Invalid read of uint32_t at address: 0x31219c
[05:18:59.420] |W| [ArmDynarmicCallback::MemoryRead]: Invalid read of uint32_t at address: 0x3121a0
[05:18:59.420] |W| [ArmDynarmicCallback::MemoryRead]: Invalid read of uint32_t at address: 0x3121a0
[05:18:59.420] |W| [ArmDynarmicCallback::MemoryRead]: Invalid read of uint32_t at address: 0x3121a4
[05:18:59.420] |W| [ArmDynarmicCallback::MemoryRead]: Invalid read of uint32_t at address: 0x3121a4
[05:18:59.420] |W| [ArmDynarmicCallback::MemoryRead]: Invalid read of uint32_t at address: 0x3121a8
[05:18:59.420] |W| [ArmDynarmicCallback::MemoryRead]: Invalid read of uint32_t at address: 0x3121a8
[05:18:59.421] |W| [ArmDynarmicCallback::MemoryRead]: Invalid read of uint32_t at address: 0x3121ac
[05:18:59.421] |W| [ArmDynarmicCallback::MemoryRead]: Invalid read of uint32_t at address: 0x3121ac
[05:18:59.421] |W| [ArmDynarmicCallback::MemoryRead]: Invalid read of uint32_t at address: 0x3121b0
[05:18:59.421] |W| [ArmDynarmicCallback::MemoryRead]: Invalid read of uint32_t at address: 0x3121b0
[05:18:59.421] |W| [ArmDynarmicCallback::MemoryRead]: Invalid read of uint32_t at address: 0x3121b4
[05:18:59.421] |W| [ArmDynarmicCallback::MemoryRead]: Invalid read of uint32_t at address: 0x3121b4
[05:18:59.421] |W| [ArmDynarmicCallback::MemoryRead]: Invalid read of uint32_t at address: 0x3121b8
[05:18:59.422] |W| [ArmDynarmicCallback::MemoryRead]: Invalid read of uint32_t at address: 0x3121b8
[05:18:59.422] |W| [ArmDynarmicCallback::MemoryRead]: Invalid read of uint32_t at address: 0x3121bc
[05:18:59.422] |W| [ArmDynarmicCallback::MemoryRead]: Invalid read of uint32_t at address: 0x3121bc
[05:18:59.422] |W| [ArmDynarmicCallback::MemoryRead]: Invalid read of uint32_t at address: 0x3121c0
[05:18:59.422] |W| [ArmDynarmicCallback::MemoryRead]: Invalid read of uint32_t at address: 0x3121c0
[05:18:59.422] |W| [ArmDynarmicCallback::MemoryRead]: Invalid read of uint32_t at address: 0x3121c4
[05:18:59.422] |W| [ArmDynarmicCallback::MemoryRead]: Invalid read of uint32_t at address: 0x3121c4
[05:18:59.423] |W| [ArmDynarmicCallback::MemoryRead]: Invalid read of uint32_t at address: 0x3121c8
[05:18:59.423] |W| [ArmDynarmicCallback::MemoryRead]: Invalid read of uint32_t at address: 0x3121c8
[05:18:59.423] |W| [ArmDynarmicCallback::MemoryRead]: Invalid read of uint32_t at address: 0x3121cc
[05:18:59.423] |W| [ArmDynarmicCallback::MemoryRead]: Invalid read of uint32_t at address: 0x3121cc
[05:18:59.423] |W| [ArmDynarmicCallback::MemoryRead]: Invalid read of uint32_t at address: 0x3121d0
[05:18:59.423] |W| [ArmDynarmicCallback::MemoryRead]: Invalid read of uint32_t at address: 0x3121d0
[05:18:59.423] |W| [ArmDynarmicCallback::MemoryRead]: Invalid read of uint32_t at address: 0x3121d4
[05:18:59.424] |W| [ArmDynarmicCallback::MemoryRead]: Invalid read of uint32_t at address: 0x3121d4
[05:18:59.424] |W| [ArmDynarmicCallback::MemoryRead]: Invalid read of uint32_t at address: 0x3121d8
[05:18:59.424] |W| [ArmDynarmicCallback::MemoryRead]: Invalid read of uint32_t at address: 0x3121d8
[05:18:59.424] |W| [ArmDynarmicCallback::MemoryRead]: Invalid read of uint32_t at address: 0x3121dc
[05:18:59.428] |W| [ArmDynarmicCallback::MemoryRead]: Invalid read of uint32_t at address: 0x3121dc
[05:18:59.428] |W| [ArmDynarmicCallback::MemoryRead]: Invalid read of uint32_t at address: 0x3121e0
[05:18:59.428] |W| [ArmDynarmicCallback::MemoryRead]: Invalid read of uint32_t at address: 0x3121e0
[05:18:59.429] |W| [ArmDynarmicCallback::MemoryRead]: Invalid read of uint32_t at address: 0x3121e4
[05:18:59.429] |W| [ArmDynarmicCallback::MemoryRead]: Invalid read of uint32_t at address: 0x3121e4
[05:18:59.430] |W| [ArmDynarmicCallback::MemoryRead]: Invalid read of uint32_t at address: 0x3121e8
[05:18:59.430] |W| [ArmDynarmicCallback::MemoryRead]: Invalid read of uint32_t at address: 0x3121e8
[05:18:59.430] |W| [ArmDynarmicCallback::MemoryRead]: Invalid read of uint32_t at address: 0x3121ec
[05:18:59.430] |W| [ArmDynarmicCallback::MemoryRead]: Invalid read of uint32_t at address: 0x3121ec
[05:18:59.431] |W| [ArmDynarmicCallback::MemoryRead]: Invalid read of uint32_t at address: 0x3121f0
[05:18:59.431] |W| [ArmDynarmicCallback::MemoryRead]: Invalid read of uint32_t at address: 0x3121f0
[05:18:59.431] |W| [ArmDynarmicCallback::MemoryRead]: Invalid read of uint32_t at address: 0x3121f4
[05:18:59.431] |W| [ArmDynarmicCallback::MemoryRead]: Invalid read of uint32_t at address: 0x3121f4
[05:18:59.432] |W| [ArmDynarmicCallback::MemoryRead]: Invalid read of uint32_t at address: 0x3121f8
[05:18:59.432] |W| [ArmDynarmicCallback::MemoryRead]: Invalid read of uint32_t at address: 0x3121f8
[05:18:59.432] |W| [ArmDynarmicCallback::MemoryRead]: Invalid read of uint32_t at address: 0x3121fc
[05:18:59.432] |W| [ArmDynarmicCallback::MemoryRead]: Invalid read of uint32_t at address: 0x3121fc
[05:18:59.433] |W| [ArmDynarmicCallback::MemoryRead]: Invalid read of uint32_t at address: 0x312200
[05:18:59.433] |W| [ArmDynarmicCallback::MemoryRead]: Invalid read of uint32_t at address: 0x312200
[05:18:59.434] |W| [ArmDynarmicCallback::MemoryRead]: Invalid read of uint32_t at address: 0x312204
[05:18:59.434] |W| [ArmDynarmicCallback::MemoryRead]: Invalid read of uint32_t at address: 0x312204
[05:18:59.434] |W| [ArmDynarmicCallback::MemoryRead]: Invalid read of uint32_t at address: 0x312208
[05:18:59.434] |W| [ArmDynarmicCallback::MemoryRead]: Invalid read of uint32_t at address: 0x312208
[05:18:59.434] |W| [ArmDynarmicCallback::MemoryRead]: Invalid read of uint32_t at address: 0x31220c
[05:18:59.435] |W| [ArmDynarmicCallback::MemoryRead]: Invalid read of uint32_t at address: 0x31220c
[05:18:59.435] |W| [ArmDynarmicCallback::MemoryRead]: Invalid read of uint32_t at address: 0x312210
[05:18:59.435] |W| [ArmDynarmicCallback::MemoryRead]: Invalid read of uint32_t at address: 0x312210
[05:18:59.435] |W| [ArmDynarmicCallback::MemoryRead]: Invalid read of uint32_t at address: 0x312214
[05:18:59.436] |W| [ArmDynarmicCallback::MemoryRead]: Invalid read of uint32_t at address: 0x312214
[05:18:59.436] |W| [ArmDynarmicCallback::MemoryRead]: Invalid read of uint32_t at address: 0x312218
[05:18:59.436] |W| [ArmDynarmicCallback::MemoryRead]: Invalid read of uint32_t at address: 0x312218
[05:18:59.436] |W| [ArmDynarmicCallback::MemoryRead]: Invalid read of uint32_t at address: 0x31221c
[05:18:59.436] |W| [ArmDynarmicCallback::MemoryRead]: Invalid read of uint32_t at address: 0x31221c
[05:18:59.437] |W| [ArmDynarmicCallback::MemoryRead]: Invalid read of uint32_t at address: 0x312220
[05:18:59.437] |W| [ArmDynarmicCallback::MemoryRead]: Invalid read of uint32_t at address: 0x312220
[05:18:59.437] |W| [ArmDynarmicCallback::MemoryRead]: Invalid read of uint32_t at address: 0x312224
[05:18:59.437] |W| [ArmDynarmicCallback::MemoryRead]: Invalid read of uint32_t at address: 0x312224
[05:18:59.437] |W| [ArmDynarmicCallback::MemoryRead]: Invalid read of uint32_t at address: 0x312228
[05:18:59.438] |W| [ArmDynarmicCallback::MemoryRead]: Invalid read of uint32_t at address: 0x312228
[05:18:59.438] |W| [ArmDynarmicCallback::MemoryRead]: Invalid read of uint32_t at address: 0x31222c
[05:18:59.438] |W| [ArmDynarmicCallback::MemoryRead]: Invalid read of uint32_t at address: 0x31222c
[05:18:59.438] |W| [ArmDynarmicCallback::MemoryRead]: Invalid read of uint32_t at address: 0x312230
[05:18:59.439] |W| [ArmDynarmicCallback::MemoryRead]: Invalid read of uint32_t at address: 0x312230
[05:18:59.439] |W| [ArmDynarmicCallback::MemoryRead]: Invalid read of uint32_t at address: 0x312234
[05:18:59.439] |W| [ArmDynarmicCallback::MemoryRead]: Invalid read of uint32_t at address: 0x312234
[05:18:59.439] |W| [ArmDynarmicCallback::MemoryRead]: Invalid read of uint32_t at address: 0x312238
[05:18:59.440] |W| [ArmDynarmicCallback::MemoryRead]: Invalid read of uint32_t at address: 0x312238
[05:18:59.440] |W| [ArmDynarmicCallback::MemoryRead]: Invalid read of uint32_t at address: 0x31223c
[05:18:59.440] |W| [ArmDynarmicCallback::MemoryRead]: Invalid read of uint32_t at address: 0x31223c
[05:18:59.444] |W| [ArmDynarmicCallback::MemoryRead]: Invalid read of uint32_t at address: 0x312240
[05:18:59.444] |W| [ArmDynarmicCallback::MemoryRead]: Invalid read of uint32_t at address: 0x312240
[05:18:59.445] |W| [ArmDynarmicCallback::MemoryRead]: Invalid read of uint32_t at address: 0x312244
[05:18:59.445] |W| [ArmDynarmicCallback::MemoryRead]: Invalid read of uint32_t at address: 0x312244
[05:18:59.445] |W| [ArmDynarmicCallback::MemoryRead]: Invalid read of uint32_t at address: 0x312248
[05:18:59.445] |W| [ArmDynarmicCallback::MemoryRead]: Invalid read of uint32_t at address: 0x312248
[05:18:59.446] |W| [ArmDynarmicCallback::MemoryRead]: Invalid read of uint32_t at address: 0x31224c
[05:18:59.446] |W| [ArmDynarmicCallback::MemoryRead]: Invalid read of uint32_t at address: 0x31224c
[05:18:59.446] |W| [ArmDynarmicCallback::MemoryRead]: Invalid read of uint32_t at address: 0x312250
[05:18:59.446] |W| [ArmDynarmicCallback::MemoryRead]: Invalid read of uint32_t at address: 0x312250
