[05:19:14.785] |I| [load_app_impl]: cpu-backend: Dynarmic
[05:19:14.786] |I| [load_app_impl]: CPU Optimisation state: true
[05:19:14.786] |I| [load_app_impl]: at9 audio decoder state: true
[05:19:14.786] |I| [load_app_impl]: ngs experimental state: true
[05:19:14.786] |I| [load_app_impl]: video player state: true
[05:19:14.786] |I| [load_app_impl]: lle-modules: libpgf,libSceXml,libsas,liblocation,libhandwriting,libSceJson,librudp
[05:19:14.786] |I| [load_app_impl]: Title: Baboon!®
[05:19:14.786] |I| [load_app_impl]: Serial: PCSB00569
[05:19:14.786] |I| [load_app_impl]: Version: 1.02
[05:19:14.786] |I| [load_app_impl]: Category: gp
[05:19:14.797] |C| [load_self]: Unknown segment type 0x6FFFFF01
[05:19:14.798] |I| [load_self]: Loaded module segment 0 @ [0x00007000 - 0x00056BD4 / 0x81000000] (size: 0x0004FBD4) of module ux0:app\PCSB00569\sce_module\libc.suprx
[05:19:14.798] |I| [load_self]: Loaded module segment 1 @ [0x00057000 - 0x00059688 / 0x81050000] (size: 0x00002688) of module ux0:app\PCSB00569\sce_module\libc.suprx
[05:19:14.798] |I| [load_self]: Loading symbols for SELF: ux0:app\PCSB00569\sce_module\libc.suprx
[05:19:14.798] |D| [load_var_exports]: 	NID 0x936C8A78 (SYSLYB) at 0x4C6C4
[05:19:14.799] |D| [load_var_exports]: 	NID 0x6C2224BA (NID_MODULE_INFO) at 0x42488
[05:19:14.799] |W| [load_var_imports]: 	NID NOT FOUND 0x93B8AA67 (UNRECOGNISED) at 0x464A8, setting to stub value 0xDEADBEEF
[05:19:14.799] |W| [load_var_imports]: 	NID NOT FOUND 0xDF084DFA (UNRECOGNISED) at 0x4802C, setting to stub value 0xDEADBEEF
[05:19:14.800] |I| [pre_load_module]: Pre-load module SceLibc (at "app\PCSB00569\sce_module\libc.suprx") loaded
[05:19:14.806] |C| [load_self]: Unknown segment type 0x6FFFFF01
[05:19:14.806] |I| [load_self]: Loaded module segment 0 @ [0x0005C000 - 0x00086AA8 / 0x81000000] (size: 0x0002AAA8) of module ux0:app\PCSB00569\sce_module\libfios2.suprx
[05:19:14.807] |I| [load_self]: Loaded module segment 1 @ [0x00087000 - 0x0008C23D / 0x8102B000] (size: 0x0000523D) of module ux0:app\PCSB00569\sce_module\libfios2.suprx
[05:19:14.807] |I| [load_self]: Loading symbols for SELF: ux0:app\PCSB00569\sce_module\libfios2.suprx
[05:19:14.807] |D| [load_var_exports]: 	NID 0x936C8A78 (SYSLYB) at 0x869B0
[05:19:14.807] |D| [load_var_exports]: 	NID 0x6C2224BA (NID_MODULE_INFO) at 0x7E138
[05:19:14.807] |I| [pre_load_module]: Pre-load module SceLibFios2 (at "app\PCSB00569\sce_module\libfios2.suprx") loaded
[05:19:14.826] |C| [load_self]: Unknown segment type 0x6FFFFF01
[05:19:14.827] |I| [load_self]: Loaded module segment 0 @ [0x0008D000 - 0x000A09C4 / 0x81000000] (size: 0x000139C4) of module ux0:app\PCSB00569\sce_module\libult.suprx
[05:19:14.827] |I| [load_self]: Loaded module segment 1 @ [0x000A1000 - 0x000A1814 / 0x81014000] (size: 0x00000814) of module ux0:app\PCSB00569\sce_module\libult.suprx
[05:19:14.827] |I| [load_self]: Loading symbols for SELF: ux0:app\PCSB00569\sce_module\libult.suprx
[05:19:14.827] |D| [load_var_exports]: 	NID 0x936C8A78 (SYSLYB) at 0x9F2F0
[05:19:14.827] |D| [load_var_exports]: 	NID 0x6C2224BA (NID_MODULE_INFO) at 0x9C874
[05:19:14.827] |I| [pre_load_module]: Pre-load module SceUlt (at "app\PCSB00569\sce_module\libult.suprx") loaded
[05:19:14.835] |I| [load_self]: Loaded module segment 0 @ [0x000A2000 - 0x000F2F04 / 0x81000000] (size: 0x00050F04) of module vs0:sys/external/libSceFt2.suprx
[05:19:14.836] |I| [load_self]: Loaded module segment 1 @ [0x000F3000 - 0x000F32F4 / 0x81051000] (size: 0x000002F4) of module vs0:sys/external/libSceFt2.suprx
[05:19:14.836] |I| [load_self]: Loading symbols for SELF: vs0:sys/external/libSceFt2.suprx
[05:19:14.836] |D| [load_var_exports]: 	NID 0x936C8A78 (SYSLYB) at 0xDE7DC
[05:19:14.836] |D| [load_var_exports]: 	NID 0x6C2224BA (NID_MODULE_INFO) at 0xDDF10
[05:19:14.836] |I| [pre_load_module]: Pre-load module SceLibft2 (at "sys/external/libSceFt2.suprx") loaded
[05:19:14.839] |I| [load_self]: Loaded module segment 0 @ [0x000F4000 - 0x00103F14 / 0x81000000] (size: 0x0000FF14) of module vs0:sys/external/libpvf.suprx
[05:19:14.839] |I| [load_self]: Loaded module segment 1 @ [0x00104000 - 0x00104008 / 0x81010000] (size: 0x00000008) of module vs0:sys/external/libpvf.suprx
[05:19:14.839] |I| [load_self]: Loading symbols for SELF: vs0:sys/external/libpvf.suprx
[05:19:14.839] |D| [load_var_exports]: 	NID 0x936C8A78 (SYSLYB) at 0x102710
[05:19:14.839] |D| [load_var_exports]: 	NID 0x6C2224BA (NID_MODULE_INFO) at 0x102300
[05:19:14.839] |I| [pre_load_module]: Pre-load module SceLibPvf (at "sys/external/libpvf.suprx") loaded
[05:19:14.970] |C| [load_self]: Unknown segment type 0x6FFFFF01
[05:19:14.971] |I| [load_self]: Loaded module segment 0 @ [0x00105000 - 0x0057A4D8 / 0x81000000] (size: 0x004754D8) of module app0:eboot.bin
[05:19:14.971] |I| [load_self]: Loaded module segment 1 @ [0x0057B000 - 0x00798E98 / 0x81476000] (size: 0x0021DE98) of module app0:eboot.bin
[05:19:14.971] |I| [load_self]: Loading symbols for SELF: app0:eboot.bin
[05:19:14.971] |D| [load_var_exports]: 	NID 0x6C2224BA (NID_MODULE_INFO) at 0x41FEEC
[05:19:14.971] |D| [load_var_exports]: 	NID 0x70FBA1E7 (SCE_PROC_PARAMS) at 0x57BA34
[05:19:14.971] |D| [load_var_exports]: 	NID 0x936C8A78 (SYSLYB) at 0x517970
[05:19:14.972] |I| [load_app_impl]: Main executable Master (eboot.bin) loaded
[05:19:14.980] |D| [run_app]: Running module_start of library: SceLibc at address 0x7805
[05:19:14.999] |I| [run_app]: Module SceLibc (at "ux0:app\PCSB00569\sce_module\libc.suprx") module_start returned 0x0
[05:19:15.003] |D| [run_app]: Running module_start of library: SceLibFios2 at address 0x5C001
[05:19:15.012] |W| [stubbed_impl]: Stubbed sceKernelGetProcessId import called. (pid: 0)
[05:19:15.013] |D| [export_sceFiosOverlayGetList02]: maxIDs: 127
[05:19:15.013] |W| [unimplemented_impl]: Unimplemented sceFiosOverlayGetList02 import called.
[05:19:15.013] |I| [run_app]: Module SceLibFios2 (at "ux0:app\PCSB00569\sce_module\libfios2.suprx") module_start returned 0x0
[05:19:15.018] |D| [run_app]: Running module_start of library: SceUlt at address 0x90771
[05:19:15.027] |W| [unimplemented_impl]: Unimplemented _sceUlobjMgrRegisterLibultProtocolRevision import called.
[05:19:15.027] |I| [run_app]: Module SceUlt (at "ux0:app\PCSB00569\sce_module\libult.suprx") module_start returned 0x0
[05:19:15.195] |W| [stubbed_impl]: Stubbed sceGxmMapMemory import called. (always return success)
[05:19:15.198] |W| [stubbed_impl]: Stubbed sceGxmMapFragmentUsseMemory import called. (always return success)
[05:19:15.215] |W| [stubbed_impl]: Stubbed sceGxmGetRenderTargetMemSize import called. (2MB host mem)
[05:19:15.299] |W| [unimplemented_impl]: Unimplemented sceAppUtilInit import called.
[05:19:15.620] |W| [stubbed_impl]: Stubbed sceGxmMapVertexUsseMemory import called. (always return success)
[05:19:15.673] |W| [unimplemented_impl]: Unimplemented sceKernelGetThreadCurrentPriority import called.
[05:19:15.673] |W| [stubbed_impl]: Stubbed sceKernelGetThreadCpuAffinityMask2 import called. (STUB)
[05:19:15.684] |D| [export_sceTouchEnableTouchForce]: port: 0, state: 1
[05:19:15.684] |D| [export_sceTouchEnableTouchForce]: port: 1, state: 1
[05:19:15.684] |W| [unimplemented_impl]: Unimplemented sceSystemGestureInitializePrimitiveTouchRecognizer import called.
[05:19:15.685] |W| [unimplemented_impl]: Unimplemented sceSystemGestureCreateTouchRecognizer import called.
[05:19:15.686] |W| [unimplemented_impl]: Unimplemented sceMotionSetDeadband import called.
[05:19:15.686] |W| [unimplemented_impl]: Unimplemented sceMotionSetTiltCorrection import called.
[05:19:15.686] |W| [unimplemented_impl]: Unimplemented sceMotionReset import called.
[05:19:15.686] |W| [unimplemented_impl]: Unimplemented sceMotionStartSampling import called.
[05:19:15.704] |W| [unimplemented_impl]: Unimplemented sceKernelChangeThreadVfpException import called.
[05:19:15.704] |W| [unimplemented_impl]: Unimplemented sceFiosOverlayThreadSetDisabled02 import called.
[05:19:15.767] |W| [unimplemented_impl]: Unimplemented sceFiosOverlayGetRecommendedScheduler02 import called.
[05:19:15.772] |I| [export_sceIoOpen]: Opening file: app0:/Media.psarc
[05:19:15.829] |I| [export_sceIoOpen]: Opening file: app0:/Media.psarc
[05:19:15.876] |I| [export_sceIoOpen]: Opening file: app0:/Media/GXM/Samples/Sprite/Sprite.cgfx.phyre
[05:19:15.877] |E| [open_file]: Missing file at D:/Emulateurs/Vita3K/mc/ux0/app/PCSB00569/Media/GXM/Samples/Sprite/Sprite.cgfx.phyre (target path: app0:/Media/GXM/Samples/Sprite/Sprite.cgfx.phyre)
[05:19:15.877] |W| [io_error_impl]: open_file (sceIoOpen) returned 0x80010002
[05:19:15.937] |I| [export_sceIoOpen]: Opening file: app0:/Media/GXM/Shaders/PhyreText.cgfx.phyre
[05:19:15.938] |E| [open_file]: Missing file at D:/Emulateurs/Vita3K/mc/ux0/app/PCSB00569/Media/GXM/Shaders/PhyreText.cgfx.phyre (target path: app0:/Media/GXM/Shaders/PhyreText.cgfx.phyre)
[05:19:15.938] |W| [io_error_impl]: open_file (sceIoOpen) returned 0x80010002
[05:19:15.950] |I| [export_sceIoOpen]: Opening file: app0:/Media/GXM/Baboon/pantallasCarga/pantallasCarga_v2.ags.phyre
[05:19:15.950] |E| [open_file]: Missing file at D:/Emulateurs/Vita3K/mc/ux0/app/PCSB00569/Media/GXM/Baboon/pantallasCarga/pantallasCarga_v2.ags.phyre (target path: app0:/Media/GXM/Baboon/pantallasCarga/pantallasCarga_v2.ags.phyre)
[05:19:15.950] |W| [io_error_impl]: open_file (sceIoOpen) returned 0x80010002
[05:19:15.993] |I| [export_sceIoOpen]: Opening file: app0:/Media/GXM/Baboon/cortinilla/cortinilla.ags.phyre
[05:19:15.993] |E| [open_file]: Missing file at D:/Emulateurs/Vita3K/mc/ux0/app/PCSB00569/Media/GXM/Baboon/cortinilla/cortinilla.ags.phyre (target path: app0:/Media/GXM/Baboon/cortinilla/cortinilla.ags.phyre)
[05:19:15.993] |W| [io_error_impl]: open_file (sceIoOpen) returned 0x80010002
[05:19:16.019] |I| [export_sceIoOpen]: Opening file: app0:/Media/GXM/Baboon/animatedItemsConversaciones/animatedItemsConversaciones.ags.phyre
[05:19:16.019] |E| [open_file]: Missing file at D:/Emulateurs/Vita3K/mc/ux0/app/PCSB00569/Media/GXM/Baboon/animatedItemsConversaciones/animatedItemsConversaciones.ags.phyre (target path: app0:/Media/GXM/Baboon/animatedItemsConversaciones/animatedItemsConversaciones.ags.phyre)
[05:19:16.019] |W| [io_error_impl]: open_file (sceIoOpen) returned 0x80010002
[05:19:16.028] |I| [export_sceIoOpen]: Opening file: app0:/Media/GXM/Baboon/fonts/framdcnBaboon.fgen.phyre
[05:19:16.028] |E| [open_file]: Missing file at D:/Emulateurs/Vita3K/mc/ux0/app/PCSB00569/Media/GXM/Baboon/fonts/framdcnBaboon.fgen.phyre (target path: app0:/Media/GXM/Baboon/fonts/framdcnBaboon.fgen.phyre)
[05:19:16.029] |W| [io_error_impl]: open_file (sceIoOpen) returned 0x80010002
[05:19:16.046] |I| [export_sceIoOpen]: Opening file: app0:/Media/GXM/Baboon/fonts/helsinki.fgen.phyre
[05:19:16.046] |E| [open_file]: Missing file at D:/Emulateurs/Vita3K/mc/ux0/app/PCSB00569/Media/GXM/Baboon/fonts/helsinki.fgen.phyre (target path: app0:/Media/GXM/Baboon/fonts/helsinki.fgen.phyre)
[05:19:16.046] |W| [io_error_impl]: open_file (sceIoOpen) returned 0x80010002
[05:19:16.060] |I| [export_sceIoOpen]: Opening file: app0:/Media/GXM/Baboon/fonts/helsinkihigh.fgen.phyre
[05:19:16.060] |E| [open_file]: Missing file at D:/Emulateurs/Vita3K/mc/ux0/app/PCSB00569/Media/GXM/Baboon/fonts/helsinkihigh.fgen.phyre (target path: app0:/Media/GXM/Baboon/fonts/helsinkihigh.fgen.phyre)
[05:19:16.060] |W| [io_error_impl]: open_file (sceIoOpen) returned 0x80010002
[05:19:16.077] |W| [unimplemented_impl]: Unimplemented sceAppMgrAcquireBgmPort import called.
[05:19:16.107] |I| [export_sceIoOpen]: Opening file: savedata0:savedata-000.dat
[05:19:16.481] |D| [export_sceTouchEnableTouchForce]: port: 0, state: 1
[05:19:16.481] |D| [export_sceTouchEnableTouchForce]: port: 1, state: 0
[05:19:16.482] |D| [export_sceAvPlayerInit]: auto start: false
[05:19:16.505] |W| [unimplemented_impl]: Unimplemented sceSysmoduleUnloadModule import called.
[05:19:16.508] |W| [unimplemented_impl]: Unimplemented sceNgsSystemSetFlags import called.
[05:19:16.509] |D| [export_sceNgsVoicePlay]: sceNgsVoicePlay: 1
[05:19:16.510] |W| [unimplemented_impl]: Unimplemented sceNgsVoiceSetParamsBlock import called.
[05:19:16.542] |D| [export_s