[05:56:39.737] |I| [load_app_impl]: cpu-backend: Dynarmic
[05:56:39.737] |I| [load_app_impl]: CPU Optimisation state: true
[05:56:39.738] |I| [load_app_impl]: at9 audio decoder state: true
[05:56:39.739] |I| [load_app_impl]: ngs experimental state: true
[05:56:39.739] |I| [load_app_impl]: video player state: true
[05:56:39.740] |I| [load_app_impl]: lle-modules: libpgf,libSceXml,libsas,liblocation,libhandwriting,libSceJson,librudp
[05:56:39.740] |I| [load_app_impl]: Title: LEGO® Ninjago™ : L'Ombre de Ronin
[05:56:39.741] |I| [load_app_impl]: Serial: PCSB00706
[05:56:39.741] |I| [load_app_impl]: Version: 1.00
[05:56:39.742] |I| [load_app_impl]: Category: gd
[05:56:39.816] |C| [load_self]: Unknown segment type 0x6FFFFF01
[05:56:39.816] |I| [load_self]: Loaded module segment 0 @ [0x00007000 - 0x00056C54 / 0x81000000] (size: 0x0004FC54) of module ux0:app\PCSB00706\sce_module\libc.suprx
[05:56:39.817] |I| [load_self]: Loaded module segment 1 @ [0x00057000 - 0x00059688 / 0x81050000] (size: 0x00002688) of module ux0:app\PCSB00706\sce_module\libc.suprx
[05:56:39.819] |I| [load_self]: Loading symbols for SELF: ux0:app\PCSB00706\sce_module\libc.suprx
[05:56:39.820] |D| [load_var_exports]: 	NID 0x936C8A78 (SYSLYB) at 0x4C744
[05:56:39.820] |D| [load_var_exports]: 	NID 0x6C2224BA (NID_MODULE_INFO) at 0x424F8
[05:56:39.820] |W| [load_var_imports]: 	NID NOT FOUND 0x93B8AA67 (UNRECOGNISED) at 0x46520, setting to stub value 0xDEADBEEF
[05:56:39.822] |W| [load_var_imports]: 	NID NOT FOUND 0xDF084DFA (UNRECOGNISED) at 0x480A4, setting to stub value 0xDEADBEEF
[05:56:39.823] |I| [pre_load_module]: Pre-load module SceLibc (at "app\PCSB00706\sce_module\libc.suprx") loaded
[05:56:39.829] |C| [load_self]: Unknown segment type 0x6FFFFF01
[05:56:39.829] |I| [load_self]: Loaded module segment 0 @ [0x0005C000 - 0x0008733C / 0x81000000] (size: 0x0002B33C) of module ux0:app\PCSB00706\sce_module\libfios2.suprx
[05:56:39.830] |I| [load_self]: Loaded module segment 1 @ [0x00088000 - 0x0008D23D / 0x8102C000] (size: 0x0000523D) of module ux0:app\PCSB00706\sce_module\libfios2.suprx
[05:56:39.832] |I| [load_self]: Loading symbols for SELF: ux0:app\PCSB00706\sce_module\libfios2.suprx
[05:56:39.833] |D| [load_var_exports]: 	NID 0x936C8A78 (SYSLYB) at 0x87244
[05:56:39.833] |D| [load_var_exports]: 	NID 0x6C2224BA (NID_MODULE_INFO) at 0x7E878
[05:56:39.834] |I| [pre_load_module]: Pre-load module SceLibFios2 (at "app\PCSB00706\sce_module\libfios2.suprx") loaded
[05:56:39.842] |C| [load_self]: Unknown segment type 0x6FFFFF01
[05:56:39.842] |I| [load_self]: Loaded module segment 0 @ [0x0008E000 - 0x000A19A4 / 0x81000000] (size: 0x000139A4) of module ux0:app\PCSB00706\sce_module\libult.suprx
[05:56:39.845] |I| [load_self]: Loaded module segment 1 @ [0x000A2000 - 0x000A2814 / 0x81014000] (size: 0x00000814) of module ux0:app\PCSB00706\sce_module\libult.suprx
[05:56:39.846] |I| [load_self]: Loading symbols for SELF: ux0:app\PCSB00706\sce_module\libult.suprx
[05:56:39.847] |D| [load_var_exports]: 	NID 0x936C8A78 (SYSLYB) at 0xA02D0
[05:56:39.847] |D| [load_var_exports]: 	NID 0x6C2224BA (NID_MODULE_INFO) at 0x9D858
[05:56:39.848] |I| [pre_load_module]: Pre-load module SceUlt (at "app\PCSB00706\sce_module\libult.suprx") loaded
[05:56:39.856] |I| [load_self]: Loaded module segment 0 @ [0x000A3000 - 0x000F3F04 / 0x81000000] (size: 0x00050F04) of module vs0:sys/external/libSceFt2.suprx
[05:56:39.857] |I| [load_self]: Loaded module segment 1 @ [0x000F4000 - 0x000F42F4 / 0x81051000] (size: 0x000002F4) of module vs0:sys/external/libSceFt2.suprx
[05:56:39.857] |I| [load_self]: Loading symbols for SELF: vs0:sys/external/libSceFt2.suprx
[05:56:39.858] |D| [load_var_exports]: 	NID 0x936C8A78 (SYSLYB) at 0xDF7DC
[05:56:39.860] |D| [load_var_exports]: 	NID 0x6C2224BA (NID_MODULE_INFO) at 0xDEF10
[05:56:39.861] |I| [pre_load_module]: Pre-load module SceLibft2 (at "sys/external/libSceFt2.suprx") loaded
[05:56:39.864] |I| [load_self]: Loaded module segment 0 @ [0x000F5000 - 0x00104F14 / 0x81000000] (size: 0x0000FF14) of module vs0:sys/external/libpvf.suprx
[05:56:39.864] |I| [load_self]: Loaded module segment 1 @ [0x00105000 - 0x00105008 / 0x81010000] (size: 0x00000008) of module vs0:sys/external/libpvf.suprx
[05:56:39.865] |I| [load_self]: Loading symbols for SELF: vs0:sys/external/libpvf.suprx
[05:56:39.866] |D| [load_var_exports]: 	NID 0x936C8A78 (SYSLYB) at 0x103710
[05:56:39.866] |D| [load_var_exports]: 	NID 0x6C2224BA (NID_MODULE_INFO) at 0x103300
[05:56:39.867] |I| [pre_load_module]: Pre-load module SceLibPvf (at "sys/external/libpvf.suprx") loaded
[05:56:39.947] |C| [load_self]: Unknown segment type 0x6FFFFF01
[05:56:39.948] |I| [load_self]: Loaded module segment 0 @ [0x00106000 - 0x00393674 / 0x81000000] (size: 0x0028D674) of module app0:eboot.bin
[05:56:39.949] |I| [load_self]: Loaded module segment 1 @ [0x00394000 - 0x005E3A0C / 0x8128E000] (size: 0x0024FA0C) of module app0:eboot.bin
[05:56:39.950] |I| [load_self]: Loading symbols for SELF: app0:eboot.bin
[05:56:39.950] |D| [load_var_exports]: 	NID 0x6C2224BA (NID_MODULE_INFO) at 0x32C640
[05:56:39.951] |D| [load_var_exports]: 	NID 0x70FBA1E7 (SCE_PROC_PARAMS) at 0x3971B0
[05:56:39.951] |D| [load_var_exports]: 	NID 0x936C8A78 (SYSLYB) at 0x377430
[05:56:39.952] |I| [load_app_impl]: Main executable LEGO_Pixel_HH_PSP2_EU (eboot.bin) loaded
[05:56:39.961] |D| [run_app]: Running module_start of library: SceLibc at address 0x7871
[05:56:39.980] |I| [run_app]: Module SceLibc (at "ux0:app\PCSB00706\sce_module\libc.suprx") module_start returned 0x0
[05:56:39.985] |D| [run_app]: Running module_start of library: SceLibFios2 at address 0x5C001
[05:56:39.993] |W| [stubbed_impl]: Stubbed sceKernelGetProcessId import called. (pid: 0)
[05:56:39.993] |D| [export_sceFiosOverlayGetList02]: maxIDs: 127
[05:56:39.993] |W| [unimplemented_impl]: Unimplemented sceFiosOverlayGetList02 import called.
[05:56:39.994] |I| [run_app]: Module SceLibFios2 (at "ux0:app\PCSB00706\sce_module\libfios2.suprx") module_start returned 0x0
[05:56:39.999] |D| [run_app]: Running module_start of library: SceUlt at address 0x91769
[05:56:40.006] |W| [unimplemented_impl]: Unimplemented _sceUlobjMgrRegisterLibultProtocolRevision import called.
[05:56:40.006] |I| [run_app]: Module SceUlt (at "ux0:app\PCSB00706\sce_module\libult.suprx") module_start returned 0x0
[05:56:40.013] |W| [unimplemented_impl]: Unimplemented sceKernelRegisterThreadEventHandler import called.
[05:56:40.198] |W| [stubbed_impl]: Stubbed sceKernelGetThreadInfo import called. (STUB)
[05:56:40.273] |W| [unimplemented_impl]: Unimplemented sceAppUtilInit import called.
[05:56:40.284] |W| [stubbed_impl]: Stubbed sceGxmMapMemory import called. (always return success)
[05:56:40.286] |W| [stubbed_impl]: Stubbed sceGxmMapFragmentUsseMemory import called. (always return success)
[05:56:40.306] |W| [stubbed_impl]: Stubbed sceGxmMapVertexUsseMemory import called. (always return success)
[05:56:40.310] |W| [stubbed_impl]: Stubbed sceGxmGetRenderTargetMemSize import called. (2MB host mem)
[05:56:40.372] |W| [unimplemented_impl]: Unimplemented sceGxmDepthStencilSurfaceSetForceStoreMode import called.
[05:56:40.373] |W| [unimplemented_impl]: Unimplemented sceGxmDepthStencilSurfaceSetForceLoadMode import called.
[05:56:40.642] |I| [export_sceIoOpen]: Opening file: app0:prebuiltshaders_psp2.fib
[05:56:40.773] |W| [stubbed_impl]: Stubbed sceKernelChangeThreadPriority import called. (STUB)
[05:56:40.775] |W| [unimplemented_impl]: Unimplemented sceKernelCreateCallback import called.
[05:56:40.775] |W| [unimplemented_impl]: Unimplemented sceDisplayRegisterVblankStartCallback import called.
[05:56:40.776] |W| [stubbed_impl]: Stubbed sceKernelCheckCallback import called. (checkcallback)
[05:56:41.049] |W| [stubbed_impl]: Stubbed sceNetCtlInit import called. (Stub)
[05:56:41.050] |W| [unimplemented_impl]: Unimplemented sceSslInit import called.
[05:56:41.050] |W| [unimplemented_impl]: Unimplemented sceHttpInit import called.
[05:56:41.058] |W| [unimplemented_impl]: Unimplemented sceAppMgrAcquireBgmPort import called.
[05:56:41.076] |W| [unimplemented_impl]: Unimplemented sceKernelChangeThreadCpuAffinityMask import called.
[05:56:41.078] |W| [stubbed_impl]: Stubbed sceKernelWaitEventFlagCB import called. (no CB)
[05:56:41.087] |D| [export_sceTouchEnableTouchForce]: port: 0, state: 1
[05:56:41.088] |D| [export_sceTouchEnableTouchForce]: port: 1, state: 0
[05:56:41.088] |D| [export_sceTouchEnableTouchForce]: port: 0, state: 1
[05:56:41.089] |D| [export_sceTouchEnableTouchForce]: port: 1, state: 1
[05:56:41.090] |W| [unimplemented_impl]: Unimplemented sceMotionStartSampling import called.
[05:56:41.093] |I| [load_module]: Loading module ID: 0xD
[05:56:41.095] |I| [load_self]: Loaded module segment 0 @ [0x05121000 - 0x05138244 / 0x81000000] (size: 0x00017244) of module sys/external/libsas.suprx
[05:56:41.096] |I| [load_self]: Loaded module segment 1 @ [0x04CF2000 - 0x04CF2038 / 0x81018000] (size: 0x00000038) of module sys/external/libsas.suprx
[05:56:41.097] |I| [load_self]: Loading symbols for SELF: sys/external/libsas.suprx
[05:56:41.098] |D| [load_var_exports]: 	NID 0x936C8A78 (SYSLYB) at 0x5135004
[05:56:41.100] |D| [load_var_exports]: 	NID 0x6C2224BA (NID_MODULE_INFO) at 0x5134BF0
[05:56:41.101] |I| [load_module]: Module SceSasUser (at "sys/external/libsas.suprx") loaded
[05:56:41.146] |W| [stubbed_impl]: Stubbed sceKernelDelayThreadCB import called. (no CB)
[05:56:41.159] |E| [call_import]: Import function for NID 0xE340C513 not found (thread name: fnaSound_SASCoreUpdate, thread ID: 95)
[05:56:41.169] |W| [unimplemented_impl]: Unimplemented sceGxmSetFrontLineFillLastPixelEnable import called.
[05:56:41.170] |W| [unimplemented_impl]: Unimplemented sceGxmSetFrontVisibilityTestEnable import called.
[05:56:41.170] |W| [unimplemented_impl]: Unimplemented sceGxmSetFrontVisibilityTestIndex import called.
[05:56:41.171] |W| [unimplemented_impl]: Unimplemented sceGxmSetFrontVisibilityTestOp import called.
[05:56:41.172] |W| [unimplemented_impl]: Unimplemented sceGxmSetBackLineFillLastPixelEnable import called.
[05:56:41.173] |W| [unimplemented_impl]: Unimplemented sceGxmSetBackVisibilityTestEnable import called.
[05:56:41.173] |W| [unimplemented_impl]: Unimplemented sceGxmSetBackVisibilityTestIndex import called.
[05:56:41.174] |W| [unimplemented_impl]: Unimplemented sceGxmSetBackVisibilityTestOp import called.
[05:56:41.222] |D| [renderer::gl::texture::translate_swizzle]: base format: 0, swizzle: 4096
[05:56:41.223] |I| [renderer::gl::load_shader_generic]: Generating frag shader 2ca509aa885446233a0ad7772df38bcc6b826913d23f197a7401e83457820fb1
[05:56:41.224] |D| [shader::create_fragment_inputs]: Iterator: pa0 = (half4) v_Color0
[05:56:41.227] |I| [renderer::gl::load_shader_generic]: Generating vert shader 3ac6234ae911b38102af617073156c14edb51b68b3089fc75dc2eb7d06c7716e
[05:56:41.228] |D| [shader::create_parameters]: [BUFFER0  + 0] pa0 = (float4) VertInPreAnim_Position
[05:56:41.229] |D| [shader::create_parameters]: [BUFFER0  + 4] pa4 = (float4) VertInPreAnim_Colour
[05:56:41.229] |D| [shader::create_parameters]: [DEFAULT  + 16] sa16 = (float4) MaterialColour
[05:56:41.230] |D| [shader::create_parameters]: [DEFAULT  + 0] sa0 = (float4) ViewComposite[4]
[05:56:41.237] |E| [renderer::gl::compile_program]: Vertex info
-----------
0(23) : warning C7050: "internals[0].w" might be used before being initialized

Fragment info
-------------
0(16) : warning C7050: "pa[0].zw" might be used before being initialized


[05:56:41.243] |D| [renderer::gl::texture::translate_swizzle]: base format: 201326592, swizzle: 0
[05:56:41.244] |D| [renderer::gl::texture::translate_swizzle]: base format: 201326592, swizzle: 0
[05:56:41.245] |I| [renderer::gl::load_shader_generic]: Generating frag shader aaf2e709ec9a78df80e60b8b3fb1979a2f970b3399dba9de65f9f4f8d06ddc69
[05:56:41.246] |D| [shader::create_parameters]: [DEFAULT  + 0] sa0 = (float4) RedXForm
[05:56:41.246] |D| [shader::create_parameters]: [DEFAULT  + 4] sa4 = (float4) GreenXForm
[05:56:41.247] |D| [shader::create_parameters]: [DEFAULT  + 8] sa8 = (float4) BlueXForm
[05:56:41.248] |I| [shader::make_frag_finalize_function]: Non zero pa offset: 2 at aaf2e709ec9a78df80e60b8b3fb1979a2f970b3399dba9de65f9f4f8d06ddc69
[05:56:41.256] |I| [renderer::gl::load_shader_generic]: Generating vert shader 721ed281577bfab781b5a8d516c9a553e3e25ac1439708f2aa7d556c86cbe145
[05:56:41.257] |D| [shader::create_parameters]: [BUFFER0  + 0] pa0 = (float4) VertInPreAnim_Position
[05:56:41.258] |D| [shader::create_parameters]: [BUFFER0  + 4] pa4 = (float4) VertInPreAnim_TexCoord[0]
[05:56:41.258] |D| [shader::create_parameters]: [BUFFER0  + 8] pa8 = (float4) VertInPreAnim_Colour
[05:56:41.259] |D| [shader::create_parameters]: [DEFAULT  + 16] sa16 = (float4) UVOffset
[05:56:41.259] |D| [shader::create_parameters]: [DEFAULT  + 0] sa0 = (float4) ViewComposite[4]
[05:56:41.260] |D| [shader::create_parameters]: [DEFAULT  + 20] sa20 = (float4) UVScales
[05:56:41.268] |E| [renderer::gl::compile_program]: Vertex info
-----------
0(25) : warning C7050: "internals[0].w" might be used before being initialized

Fragment info
-------------
0(22) : warning C7050: "pa[0].zw" might be used before being initialized


[05:56:41.270] |W| [stubbed_impl]: Stubbed sceDisplayWaitSetFrameBufMulti import called. (move after setframebuf)
[05:56:41.283] |I| [export_sceIoOpen]: Opening file: app0:lego_pixel_hh_psp2.fib
[05:56:41.289] |I| [renderer::gl::load_shader_generic]: Generating frag shader 7a4dcbf1e6e30bbc1e9862a1ed63acebaf0c167e7a8917c2a12afbd4978a10b1
[05:56:41.291] |D| [shader::create_fragment_inputs]: Iterator: pa0 = (half4) v_Color0
[05:56:41.294] |I| [renderer::gl::load_shader_generic]: Generating vert shader cf1bd7326fbd5851584e1edd037e4bb0660e34642dcbbe12909a68a19ce97ef0
[05:56:41.295] |D| [shader::create_parameters]: [BUFFER0  + 0] pa0 = (float4) VertInPreAnim_Position
[05:56:41.295] |D| [shader::create_parameters]: [BUFFER0  + 4] pa4 = (float4) VertInPreAnim_TexCoord[0]
[05:56:41.296] |D| [shader::create_parameters]: [BUFFER0  + 8] pa8 = (float4) VertInPreAnim_Colour
[05:56:41.296] |D| [shader::create_parameters]: [DEFAULT  + 16] sa16 = (float4) UVOffset
[05:56:41.297] |D| [shader::create_parameters]: [DEFAULT  + 0] sa0 = (float4) ViewComposite[4]
[05:56:41.297] |D| [shader::create_parameters]: [DEFAULT  + 20] sa20 = (float4) UVScales
[05:56:41.304] |I| [export_sceIoOpen]: Opening file: app0:dialogue_eu.fib
[05:56:41.309] |E| [renderer::gl::compile_program]: Vertex info
-----------
0(25) : warning C7050: "internals[0].w" might be used before being initialized

Fragment info
-------------
0(18) : warning C7050: "pa[0].zw" might be used before being initialized


[05:56:41.417] |W| [unimplemented_impl]: Unimplemented sceMotionGetState import called.
[05:56:42.122] |I| [renderer::gl::load_shader_generic]: Generating vert shader 2eb5b2477120c5c6933b1b097448e39d0764b5e8ad684eb52205126f731e2ac7
[05:56:42.124] |D| [shader::create_parameters]: [BUFFER0  + 0] pa0 = (float4) VertInPreAnim_Position
[05:56:42.125] |D| [shader::create_parameters]: [BUFFER0  + 4] pa4 = (float4) VertInPreAnim_Colour
[05:56:42.125] |D| [shader::create_parameters]: [DEFAULT  + 0] sa0 = (float4) ViewComposite[4]
[05:56:42.128] |I| [export_sceIoOpen]: Opening file: savedata0:savegame.dat
[05:56:42.134] |E| [renderer::gl::compile_program]: Vertex info
-----------
0(23) : warning C7050: "internals[0].w" might be used before being initialized

Fragment info
-------------
0(16) : warning C7050: "pa[0].zw" might be used before being initialized


[05:56:43.206] |D| [renderer::gl::texture::translate_swizzle]: base format: 0, swizzle: 24576
[05:56:43.216] |I| [renderer::gl::load_shader_generic]: Generating vert shader 201c9a63e4752286ef9cdecdc61c141fe92c9840540259e99c04a1d7e765a57b
[05:56:43.217] |D| [shader::create_parameters]: [BUFFER0  + 0] pa0 = (float4) VertInPreAnim_Position
[05:56:43.218] |D| [shader::create_parameters]: [BUFFER0  + 4] pa4 = (float4) VertInPreAnim_TexCoord[0]
[05:56:43.218] |D| [shader::create_parameters]: [BUFFER0  + 8] pa8 = (float4) VertInPreAnim_Colour
[05:56:43.219] |D| [shader::create_parameters]: [DEFAULT  + 16] sa16 = (float4) MaterialColour
[05:56:43.220] |D| [shader::create_parameters]: [DEFAULT  + 0] sa0 = (float4) ViewComposite[4]
[05:56:43.220] |D| [shader::create_parameters]: [DEFAULT  + 20] sa20 = (float4) UVScales
[05:56:43.221] |D| [shader::create_parameters]: [DEFAULT  + 24] sa24 = (float4) UVOffset
[05:56:43.230] |E| [renderer::gl::compile_program]: Vertex info
-----------
0(25) : warning C7050: "internals[0].w" might be used before being initialized

Fragment info
-------------
0(18) : warning C7050: "pa[0].zw" might be used before being initialized


[05:56:43.233] |D| [renderer::gl::texture::translate_swizzle]: base format: -2063597568, swizzle: 16384
[05:56:43.248] |D| [renderer::gl::texture::translate_swizzle]: base format: -2030043136, swizzle: 0
[05:56:43.248] |D| [renderer::gl::texture::translate_swizzle]: base format: 117440512, swizzle: 8192
[05:56:43.254] |D| [renderer::gl::texture::translate_swizzle]: base format: 117440512, swizzle: 8192
[05:57:18.132] |E| [discordrpc::update_presence::<lambda_50ee3771c9ac2f7a4b17591668a7e6b3>::operator ()]: Error updating discord rich presence, err_code: 43
[05:57:18.134] |E| [discordrpc::update_presence::<lambda_50ee3771c9ac2f7a4b17591668a7e6b3>::operator ()]: Error updating discord rich presence, err_code: 43
