[06:17:03.676] |I| [load_app_impl]: cpu-backend: Dynarmic
[06:17:03.676] |I| [load_app_impl]: CPU Optimisation state: true
[06:17:03.676] |I| [load_app_impl]: at9 audio decoder state: true
[06:17:03.676] |I| [load_app_impl]: ngs experimental state: true
[06:17:03.677] |I| [load_app_impl]: video player state: true
[06:17:03.677] |I| [load_app_impl]: lle-modules: libpgf,libSceXml,libsas,liblocation,libhandwriting,libSceJson,librudp
[06:17:03.677] |I| [load_app_impl]: Title: The Count Lucanor
[06:17:03.677] |I| [load_app_impl]: Serial: PCSB01131
[06:17:03.677] |I| [load_app_impl]: Version: 1.01
[06:17:03.677] |I| [load_app_impl]: Category: gp
[06:17:03.730] |C| [load_self]: Unknown segment type 0x6FFFFF01
[06:17:03.730] |I| [load_self]: Loaded module segment 0 @ [0x00007000 - 0x0005891C / 0x81000000] (size: 0x0005191C) of module ux0:app\PCSB01131\sce_module\libc.suprx
[06:17:03.731] |I| [load_self]: Loaded module segment 1 @ [0x00059000 - 0x0005B8A0 / 0x81052000] (size: 0x000028A0) of module ux0:app\PCSB01131\sce_module\libc.suprx
[06:17:03.731] |I| [load_self]: Loading symbols for SELF: ux0:app\PCSB01131\sce_module\libc.suprx
[06:17:03.731] |D| [load_var_exports]: 	NID 0x936C8A78 (SYSLYB) at 0x4E38C
[06:17:03.731] |D| [load_var_exports]: 	NID 0x6C2224BA (NID_MODULE_INFO) at 0x43550
[06:17:03.731] |W| [load_var_imports]: 	NID NOT FOUND 0x93B8AA67 (UNRECOGNISED) at 0x476B0, setting to stub value 0xDEADBEEF
[06:17:03.732] |W| [load_var_imports]: 	NID NOT FOUND 0xDF084DFA (UNRECOGNISED) at 0x49244, setting to stub value 0xDEADBEEF
[06:17:03.733] |I| [pre_load_module]: Pre-load module SceLibc (at "app\PCSB01131\sce_module\libc.suprx") loaded
[06:17:03.742] |C| [load_self]: Unknown segment type 0x6FFFFF01
[06:17:03.743] |I| [load_self]: Loaded module segment 0 @ [0x0005E000 - 0x00077000 / 0x81000000] (size: 0x00019000) of module ux0:app\PCSB01131\sce_module\libface.suprx
[06:17:03.743] |I| [load_self]: Loaded module segment 1 @ [0x00077000 - 0x000770F8 / 0x81019000] (size: 0x000000F8) of module ux0:app\PCSB01131\sce_module\libface.suprx
[06:17:03.743] |I| [load_self]: Loading symbols for SELF: ux0:app\PCSB01131\sce_module\libface.suprx
[06:17:03.743] |D| [load_var_exports]: 	NID 0x6C2224BA (NID_MODULE_INFO) at 0x73DA4
[06:17:03.743] |D| [load_var_exports]: 	NID 0x936C8A78 (SYSLYB) at 0x76784
[06:17:03.743] |I| [pre_load_module]: Pre-load module SceFace (at "app\PCSB01131\sce_module\libface.suprx") loaded
[06:17:03.750] |C| [load_self]: Unknown segment type 0x6FFFFF01
[06:17:03.750] |I| [load_self]: Loaded module segment 0 @ [0x00078000 - 0x000A4CBF / 0x81000000] (size: 0x0002CCBF) of module ux0:app\PCSB01131\sce_module\libfios2.suprx
[06:17:03.750] |I| [load_self]: Loaded module segment 1 @ [0x000A5000 - 0x000AA255 / 0x8102D000] (size: 0x00005255) of module ux0:app\PCSB01131\sce_module\libfios2.suprx
[06:17:03.750] |I| [load_self]: Loading symbols for SELF: ux0:app\PCSB01131\sce_module\libfios2.suprx
[06:17:03.750] |D| [load_var_exports]: 	NID 0x936C8A78 (SYSLYB) at 0xA4BC8
[06:17:03.751] |D| [load_var_exports]: 	NID 0x6C2224BA (NID_MODULE_INFO) at 0x9BF08
[06:17:03.751] |I| [pre_load_module]: Pre-load module SceLibFios2 (at "app\PCSB01131\sce_module\libfios2.suprx") loaded
[06:17:03.805] |C| [load_self]: Unknown segment type 0x6FFFFF01
[06:17:03.805] |I| [load_self]: Loaded module segment 0 @ [0x000AB000 - 0x002B8AF4 / 0x81000000] (size: 0x0020DAF4) of module ux0:app\PCSB01131\sce_module\libsmart.suprx
[06:17:03.805] |I| [load_self]: Loaded module segment 1 @ [0x002B9000 - 0x002BC444 / 0x8120E000] (size: 0x00003444) of module ux0:app\PCSB01131\sce_module\libsmart.suprx
[06:17:03.805] |I| [load_self]: Loading symbols for SELF: ux0:app\PCSB01131\sce_module\libsmart.suprx
[06:17:03.805] |D| [load_var_exports]: 	NID 0x6C2224BA (NID_MODULE_INFO) at 0x156528
[06:17:03.806] |D| [load_var_exports]: 	NID 0x936C8A78 (SYSLYB) at 0x15D90C
[06:17:03.806] |I| [pre_load_module]: Pre-load module SceSmart (at "app\PCSB01131\sce_module\libsmart.suprx") loaded
[06:17:03.810] |C| [load_self]: Unknown segment type 0x6FFFFF01
[06:17:03.810] |I| [load_self]: Loaded module segment 0 @ [0x002BD000 - 0x002D09BC / 0x81000000] (size: 0x000139BC) of module ux0:app\PCSB01131\sce_module\libult.suprx
[06:17:03.810] |I| [load_self]: Loaded module segment 1 @ [0x002D1000 - 0x002D1814 / 0x81014000] (size: 0x00000814) of module ux0:app\PCSB01131\sce_module\libult.suprx
[06:17:03.811] |I| [load_self]: Loading symbols for SELF: ux0:app\PCSB01131\sce_module\libult.suprx
[06:17:03.811] |D| [load_var_exports]: 	NID 0x936C8A78 (SYSLYB) at 0x2CF2E8
[06:17:03.811] |D| [load_var_exports]: 	NID 0x6C2224BA (NID_MODULE_INFO) at 0x2CC870
[06:17:03.811] |I| [pre_load_module]: Pre-load module SceUlt (at "app\PCSB01131\sce_module\libult.suprx") loaded
[06:17:03.819] |I| [load_self]: Loaded module segment 0 @ [0x002D2000 - 0x00322F04 / 0x81000000] (size: 0x00050F04) of module vs0:sys/external/libSceFt2.suprx
[06:17:03.819] |I| [load_self]: Loaded module segment 1 @ [0x00323000 - 0x003232F4 / 0x81051000] (size: 0x000002F4) of module vs0:sys/external/libSceFt2.suprx
[06:17:03.820] |I| [load_self]: Loading symbols for SELF: vs0:sys/external/libSceFt2.suprx
[06:17:03.820] |D| [load_var_exports]: 	NID 0x936C8A78 (SYSLYB) at 0x30E7DC
[06:17:03.820] |D| [load_var_exports]: 	NID 0x6C2224BA (NID_MODULE_INFO) at 0x30DF10
[06:17:03.820] |I| [pre_load_module]: Pre-load module SceLibft2 (at "sys/external/libSceFt2.suprx") loaded
[06:17:03.823] |I| [load_self]: Loaded module segment 0 @ [0x00324000 - 0x00333F14 / 0x81000000] (size: 0x0000FF14) of module vs0:sys/external/libpvf.suprx
[06:17:03.823] |I| [load_self]: Loaded module segment 1 @ [0x00334000 - 0x00334008 / 0x81010000] (size: 0x00000008) of module vs0:sys/external/libpvf.suprx
[06:17:03.823] |I| [load_self]: Loading symbols for SELF: vs0:sys/external/libpvf.suprx
[06:17:03.823] |D| [load_var_exports]: 	NID 0x936C8A78 (SYSLYB) at 0x332710
[06:17:03.823] |D| [load_var_exports]: 	NID 0x6C2224BA (NID_MODULE_INFO) at 0x332300
[06:17:03.823] |I| [pre_load_module]: Pre-load module SceLibPvf (at "sys/external/libpvf.suprx") loaded
[06:17:03.887] |C| [load_self]: Unknown segment type 0x6FFFFF01
[06:17:03.887] |I| [load_self]: Loaded module segment 0 @ [0x00335000 - 0x004BB6A0 / 0x81000000] (size: 0x001866A0) of module app0:eboot.bin
[06:17:03.887] |I| [load_self]: Loaded module segment 1 @ [0x004BC000 - 0x004C1CDC / 0x81187000] (size: 0x00005CDC) of module app0:eboot.bin
[06:17:03.887] |I| [load_self]: Loading symbols for SELF: app0:eboot.bin
[06:17:03.887] |D| [load_var_exports]: 	NID 0x6C2224BA (NID_MODULE_INFO) at 0x462E78
[06:17:03.888] |D| [load_var_exports]: 	NID 0x70FBA1E7 (SCE_PROC_PARAMS) at 0x4BFE00
[06:17:03.888] |D| [load_var_exports]: 	NID 0x936C8A78 (SYSLYB) at 0x49845C
[06:17:03.888] |I| [load_app_impl]: Main executable CountLucanor (eboot.bin) loaded
[06:17:03.897] |D| [run_app]: Running module_start of library: SceLibc at address 0x7871
[06:17:03.917] |I| [run_app]: Module SceLibc (at "ux0:app\PCSB01131\sce_module\libc.suprx") module_start returned 0x0
[06:17:03.922] |D| [run_app]: Running module_start of library: SceFace at address 0x73265
[06:17:03.932] |I| [run_app]: Module SceFace (at "ux0:app\PCSB01131\sce_module\libface.suprx") module_start returned 0x0
[06:17:03.936] |D| [run_app]: Running module_start of library: SceLibFios2 at address 0x78001
[06:17:03.946] |W| [stubbed_impl]: Stubbed sceKernelGetProcessId import called. (pid: 0)
[06:17:03.946] |D| [export_sceFiosOverlayGetList02]: maxIDs: 127
[06:17:03.946] |W| [unimplemented_impl]: Unimplemented sceFiosOverlayGetList02 import called.
[06:17:03.947] |I| [run_app]: Module SceLibFios2 (at "ux0:app\PCSB01131\sce_module\libfios2.suprx") module_start returned 0x0
[06:17:03.951] |D| [run_app]: Running module_start of library: SceSmart at address 0xAB18D
[06:17:03.963] |I| [run_app]: Module SceSmart (at "ux0:app\PCSB01131\sce_module\libsmart.suprx") module_start returned 0x0
[06:17:03.967] |D| [run_app]: Running module_start of library: SceUlt at address 0x2C0771
[06:17:03.976] |W| [unimplemented_impl]: Unimplemented _sceUlobjMgrRegisterLibultProtocolRevision import called.
[06:17:03.976] |I| [run_app]: Module SceUlt (at "ux0:app\PCSB01131\sce_module\libult.suprx") module_start returned 0x0
[06:17:03.989] |W| [unimplemented_impl]: Unimplemented sceAppUtilInit import called.
[06:17:03.990] |W| [unimplemented_impl]: Unimplemented sceAppUtilSaveDataSlotSearch import called.
[06:17:04.020] |W| [stubbed_impl]: Stubbed sceNetCtlInit import called. (Stub)
[06:17:04.021] |W| [unimplemented_impl]: Unimplemented sceSslInit import called.
[06:17:04.021] |W| [unimplemented_impl]: Unimplemented sceHttpInit import called.
[06:17:04.044] |W| [stubbed_impl]: Stubbed sceGxmMapMemory import called. (always return success)
[06:17:04.047] |W| [stubbed_impl]: Stubbed sceGxmMapFragmentUsseMemory import called. (always return success)
[06:17:04.078] |W| [stubbed_impl]: Stubbed sceGxmMapVertexUsseMemory import called. (always return success)
[06:17:04.082] |I| [export_sceIoOpen]: Opening file: app0:game_data/clear_screen.vert
[06:17:04.117] |E| [call_import]: Import function for NID 0xE340C008 not found (thread name: PCSB01131, thread ID: 10)
[06:17:04.118] |I| [export_sceIoOpen]: Opening file: app0:game_data/clear_screen.frag
[06:17:04.214] |I| [export_sceIoOpen]: Opening file: app0:game_data/video_clear.vert
[06:17:04.215] |I| [export_sceIoOpen]: Opening file: app0:game_data/video_clear.frag
[06:17:04.221] |I| [export_sceIoOpen]: Opening file: app0:game_data/video_quad.vert
[06:17:04.221] |I| [export_sceIoOpen]: Opening file: app0:game_data/video_quad.frag
[06:17:04.221] |W| [unimplemented_impl]: Unimplemented sceAppMgrAcquireBgmPort import called.
[06:17:04.274] |W| [unimplemented_impl]: Unimplemented sceCommonDialogUpdate import called.
[06:17:04.277] |W| [stubbed_impl]: Stubbed sceNpCheckCallback import called. (Stub)
[06:17:04.322] |I| [renderer::gl::load_shader_generic]: Generating frag shader 7dec2f2e4299c4e5e2a6f74cd01c287564cb913f445f5d43fc8564a0d2fc2a4a
[06:17:04.324] |D| [shader::create_fragment_inputs]: Iterator: pa0 = (float4) v_Color0
[06:17:04.339] |I| [renderer::gl::load_shader_generic]: Generating vert shader b84ce7f2870b145b33fc0c89e59b8b98df01562fcf7a60e6a03b275cdfc9a2e8
[06:17:04.340] |D| [shader::create_parameters]: [BUFFER0  + 0] pa0 = (float4) aPosition
[06:17:04.340] |D| [shader::create_parameters]: [BUFFER0  + 4] pa4 = (float4) aColor
[06:17:04.365] |W| [stubbed_impl]: Stubbed sceDisplayWaitVblankStart import called. (wait for vblank)
[06:17:06.238] |D| [export_sceAvPlayerInit]: auto start: false
[06:17:06.239] |D| [export_sceAvPlayerAddSource]: path: app0:game_data/media/video/merge_splash.mp4
[06:17:06.266] |I| [PlayerState::queue]: Queued video: 'D:/Emulateurs/Vita3K/mc/ux0/app/PCSB01131/game_data/media/video/merge_splash.mp4'.
[06:17:06.269] |W| [stubbed_impl]: Stubbed sceDisplayWaitSetFrameBuf import called. (move after setframebuf)
[06:17:06.297] |W| [unimplemented_impl]: Unimplemented SceAvPlayerEventCallback import called.
[06:17:06.336] |I| [renderer::gl::load_shader_generic]: Generating frag shader 1240efe2107c1fa4ac2d7727767a55751c0607aeb910ca3f64dce8525163a23b
[06:17:06.340] |I| [renderer::gl::load_shader_generic]: Generating vert shader d96a4e668701ca835677e1a5b021609ac9f1dc712b9414b082e039662d6f158f
[06:17:06.341] |D| [shader::create_parameters]: [BUFFER0  + 0] pa0 = (float4) aPosition
[06:17:06.348] |E| [renderer::gl::compile_program]: Fragment info
-------------
0(15) : warning C7050: "pa[0].zw" might be used before being initialized


[06:17:06.349] |D| [renderer::gl::texture::translate_swizzle]: base format: -1879048192, swizzle: 12288
[06:17:06.351] |I| [renderer::gl::load_shader_generic]: Generating frag shader c1a197bdd7f4ff4f765c3b91dcd54bafb70e138301f85af0d9a31daee2996d77
[06:17:06.354] |I| [renderer::gl::load_shader_generic]: Generating vert shader 21dc5e5b5bf3295bfc63f19f9325438ae1f097d6b990f2252ebe0518f4893fbe
[06:17:06.356] |D| [shader::create_parameters]: [BUFFER0  + 0] pa0 = (float4) aPosition
[06:17:06.356] |D| [shader::create_parameters]: [BUFFER0  + 4] pa4 = (float4) aTexCoord
[06:17:06.356] |D| [shader::create_parameters]: [DEFAULT  + 0] sa0 = (float4) wvp[4]
[06:17:06.368] |E| [renderer::gl::compile_program]: Vertex info
-----------
0(23) : warning C7050: "internals[0].w" might be used before being initialized

Fragment info
-------------
0(17) : warning C7050: "pa[0].zw" might be used before being initialized


[06:17:06.442] |D| [renderer::gl::texture::translate_swizzle]: base format: -1879048192, swizzle: 12288
[06:17:06.448] |D| [renderer::gl::texture::translate_swizzle]: base format: -1879048192, swizzle: 12288
[06:17:06.454] |D| [renderer::gl::texture::translate_swizzle]: base format: -1879048192, swizzle: 12288
[06:17:06.470] |D| [renderer::gl::texture::translate_swizzle]: base format: -1879048192, swizzle: 12288
[06:17:13.487] |D| [export_sceAvPlayerStop]: sceAvPlayerStop
[06:17:13.488] |D| [export_sceAvPlayerClose]: sceAvPlayerClose
[06:17:13.488] |I| [export_sceIoOpen]: Opening file: app0:game_data/ratalaika_logo.png
[06:17:13.786] |I| [export_sceIoOpen]: Opening file: app0:game_data/RATALAIKA_SPLASH.vert
[06:17:13.790] |I| [export_sceIoOpen]: Opening file: app0:game_data/RATALAIKA_SPLASH.frag
[06:17:13.821] |D| [renderer::gl::texture::translate_swizzle]: base format: 201326592, swizzle: 0
[06:17:13.824] |I| [renderer::gl::load_shader_generic]: Generating frag shader 78cc99c56b6a3c25ca609ac12ff85f8d36c04ba1eb7381913567dc6d7d92e689
[06:17:13.828] |I| [renderer::gl::load_shader_generic]: Generating vert shader 396fbb0d0043ad3b10cba3788431b99095a54907f633d1cbdbf335ec9b969bb6
[06:17:13.829] |D| [shader::create_parameters]: [BUFFER0  + 0] pa0 = (float4) pos
[06:17:13.829] |D| [shader::create_parameters]: [BUFFER0  + 4] pa4 = (float4) tex
[06:17:13.838] |E| [renderer::gl::compile_program]: Fragment info
-------------
0(17) : warning C7050: "pa[0].zw" might be used before being initialized


[06:17:19.506] |I| [export_sceIoOpen]: Opening file: app0:game_data/baroque_logo.png
[06:17:20.305] |I| [export_sceIoOpen]: Opening file: app0:game_data/RATALAIKA_SPLASH.vert
[06:17:20.306] |I| [export_sceIoOpen]: Opening file: app0:game_data/RATALAIKA_SPLASH.frag
[06:17:20.321] |D| [renderer::gl::texture::translate_swizzle]: base format: 201326592, swizzle: 0
[06:17:21.293] |W| [stubbed_impl]: Stubbed sceNpTrophyCreateHandle import called. (Stubbed handle with 1)
[06:17:21.293] |E| [logging::ret_error_impl]: sceNpTrophyGetGameInfo returned SCE_NP_TROPHY_ERROR_INVALID_ARGUMENT (0x80551604)
[06:17:21.293] |W| [stubbed_impl]: Stubbed sceNpTrophyDestroyHandle import called. (Stubbed with SCE_OK)
[06:17:21.306] |I| [export_sceIoOpen]: Opening file: savedata0:/slot0/count.sett
[06:17:21.306] |E| [open_file]: Missing file at D:/Emulateurs/Vita3K/mc/ux0/user/00/savedata/PCSB01131/slot0/count.sett (target path: savedata0:/slot0/count.sett)
[06:17:21.306] |W| [io_error_impl]: open_file (sceIoOpen) returned 0x80010002
[06:17:21.314] |I| [export_sceIoOpen]: Opening file: app0:game_data/atlas/textures.xml
[06:17:21.372] |I| [export_sceIoOpen]: Opening file: app0:game_data/atlas/tileset_light.png
[06:17:21.790] |I| [export_sceIoOpen]: Opening file: app0:game_data/atlas/tileset_main.png
[06:17:22.319] |I| [export_sceIoOpen]: Opening file: app0:game_data/atlas/tileset_character.png
[06:17:22.787] |I| [export_sceIoOpen]: Opening file: app0:game_data/atlas/tileset_animations.png
[06:17:23.291] |I| [export_sceIoOpen]: Opening file: app0:game_data/atlas/tileset_main_2.png
[06:17:23.647] |I| [export_sceIoOpen]: Opening file: app0:game_data/atlas/tileset_ui.png
[06:17:24.905] |I| [export_sceIoOpen]: Opening file: app0:game_data/fonts/fairfax.fnt
[06:17:24.951] |I| [export_sceIoOpen]: Opening file: app0:game_data/fonts/fairfax.png
[06:17:25.124] |I| [export_sceIoOpen]: Opening file: app0:game_data/fonts/fairfax_bold.fnt
[06:17:25.131] |I| [export_sceIoOpen]: Opening file: app0:game_data/fonts/fairfax_bold.png
[06:17:25.292] |I| [export_sceIoOpen]: Opening file: app0:game_data/fonts/indienova.fnt
[06:17:25.302] |I| [export_sceIoOpen]: Opening file: app0:game_data/fonts/indienova.png
[06:17:25.687] |I| [export_sceIoOpen]: Opening file: app0:game_data/fonts/indienova_bold.fnt
[06:17:25.703] |I| [export_sceIoOpen]: Opening file: app0:game_data/fonts/indienova_bold.png
[06:17:26.080] |I| [export_sceIoOpen]: Opening file: app0:game_data/atlas/ninepatch.xml
[06:17:26.114] |I| [export_sceIoOpen]: Opening file: app0:game_data/atlas/zones.xml
[06:17:26.211] |I| [export_sceIoOpen]: Opening file: app0:game_data/level/stories.xml
[06:17:26.238] |I| [export_sceIoOpen]: Opening file: app0:game_data/languages.json
[06:17:26.529] |I| [export_sceIoOpen]: Opening file: savedata0:/slot0/STATES_STATES.dat
[06:17:26.529] |E| [open_file]: Missing file at D:/Emulateurs/Vita3K/mc/ux0/user/00/savedata/PCSB01131/slot0/STATES_STATES.dat (target path: savedata0:/slot0/STATES_STATES.dat)
[06:17:26.530] |W| [io_error_impl]: open_file (sceIoOpen) returned 0x80010002
[06:17:26.543] |I| [export_sceIoOpen]: Opening file: savedata0:/slot0/STATE_CURRENT_inventory.dat
[06:17:26.561] |I| [export_sceIoOpen]: Opening file: savedata0:/slot0/STATE_CURRENT_quests.dat
[06:17:26.562] |E| [open_file]: Missing file at D:/Emulateurs/Vita3K/mc/ux0/user/00/savedata/PCSB01131/slot0/STATE_CURRENT_quests.dat (target path: savedata0:/slot0/STATE_CURRENT_quests.dat)
[06:17:26.562] |W| [io_error_impl]: open_file (sceIoOpen) returned 0x80010002
[06:17:26.564] |I| [export_sceIoOpen]: Opening file: savedata0:/slot0/STATE_CURRENT_vars.dat
[06:17:26.588] |I| [export_sceIoOpen]: Opening file: savedata0:/slot0/STATE_CURRENT_actors.dat
[06:17:26.610] |I| [export_sceIoOpen]: Opening file: app0:game_data/media/media.xml
[06:17:26.686] |I| [export_sceIoOpen]: Opening file: app0:game_data/media/sound/fx_ui_accept.ogg
[06:17:26.757] |I| [export_sceIoOpen]: Opening file: app0:game_data/media/sound/fx_ui_switch.ogg
[06:17:26.768] |I| [export_sceIoOpen]: Opening file: app0:game_data/media/sound/fx_ui_switch_options.ogg
[06:17:26.781] |I| [export_sceIoOpen]: Opening file: app0:game_data/media/media.xml
[06:17:26.821] |I| [export_sceIoOpen]: Opening file: app0:game_data/SCENE_SHADER.vert
[06:17:26.822] |I| [export_sceIoOpen]: Opening file: app0:game_data/SCENE_SHADER.frag
[06:17:26.827] |I| [export_sceIoOpen]: Opening file: app0:game_data/LIGHT_SHADER.vert
[06:17:26.828] |I| [export_sceIoOpen]: Opening file: app0:game_data/LIGHT_SHADER.frag
[06:17:26.832] |I| [export_sceIoOpen]: Opening file: app0:game_data/BLEND_SHADER.vert
[06:17:26.834] |I| [export_sceIoOpen]: Opening file: app0:game_data/BLEND_SHADER.frag
[06:17:26.846] |I| [export_sceIoOpen]: Opening file: app0:game_data/SIMPLE_SHADER.vert
[06:17:26.847] |I| [export_sceIoOpen]: Opening file: app0:game_data/SIMPLE_SHADER.frag
[06:17:26.851] |I| [export_sceIoOpen]: Opening file: app0:game_data/SIMPLE_SHADER_TEXTURE.vert
[06:17:26.851] |I| [export_sceIoOpen]: Opening file: app0:game_data/SIMPLE_SHADER_TEXTURE.frag
[06:17:26.894] |I| [export_sceIoOpen]: Opening file: app0:game_data/media/music/castle_begin - bwv773.ogg
[06:17:27.037] |D| [renderer::gl::texture::translate_swizzle]: base format: 201326592, swizzle: 0
[06:17:27.056] |I| [renderer::gl::load_shader_generic]: Generating frag shader 40d16a6028861f2175a7d0c14b81e517bd0a08603f9e6a5a22409497565c6d94
[06:17:27.057] |D| [shader::create_parameters]: [DEFAULT  + 0] sa0 = (float1) uGamma
[06:17:27.058] |D| [shader::create_parameters]: [DEFAULT  + 1] sa1 = (float1) uAlpha
[06:17:27.058] |D| [shader::create_fragment_inputs]: Iterator: pa0 = (float4) v_Color0
[06:17:27.058] |D| [shader::usse::USSETranslatorVisitor::vtst]: bits_max: 8, load_data_type: 5
[06:17:27.063] |I| [renderer::gl::load_shader_generic]: Generating vert shader 9cd38f6b4478d8b39757c1815e34d12dce48ed9cd74ca458df012616992a2f27
[06:17:27.064] |D| [shader::create_parameters]: [BUFFER0  + 0] pa0 = (float4) aPosition
[06:17:27.064] |D| [shader::create_parameters]: [BUFFER0  + 4] pa4 = (float4) aColor
[06:17:27.064] |D| [shader::create_parameters]: [BUFFER0  + 8] pa8 = (float4) aTexCoord
[06:17:27.065] |D| [shader::create_parameters]: [DEFAULT  + 0] sa0 = (float4) uModelViewMatrix[4]
[06:17:27.065] |D| [shader::create_parameters]: [DEFAULT  + 16] sa16 = (float4) uProjectionMatrix[4]
[06:17:27.097] |E| [renderer::gl::compile_program]: Vertex info
-----------
0(25) : warning C7050: "internals[0].zw" might be used before being initialized

Fragment info
-------------
0(25) : warning C7050: "internals[0]" might be used before being initialized
0(25) : warning C7050: "internals[1]" might be used before being initialized
0(25) : warning C7050: "internals[2]" might be used before being initialized


[06:17:27.103] |D| [renderer::gl::texture::translate_swizzle]: base format: 201326592, swizzle: 0
[06:17:29.352] |E| [discordrpc::update_presence::<lambda_50ee3771c9ac2f7a4b17591668a7e6b3>::operator ()]: Error updating discord rich presence, err_code: 43
[06:17:29.353] |E| [discordrpc::update_presence::<lambda_50ee3771c9ac2f7a4b17591668a7e6b3>::operator ()]: Error updating discord rich presence, err_code: 43
