[07:16:56.240] |I| [load_app_impl]: cpu-backend: Dynarmic
[07:16:56.240] |I| [load_app_impl]: CPU Optimisation state: true
[07:16:56.241] |I| [load_app_impl]: at9 audio decoder state: true
[07:16:56.241] |I| [load_app_impl]: ngs experimental state: true
[07:16:56.241] |I| [load_app_impl]: video player state: true
[07:16:56.241] |I| [load_app_impl]: lle-modules: libpgf,libSceXml,libsas,liblocation,libhandwriting,libSceJson,librudp
[07:16:56.241] |I| [load_app_impl]: Title: Daggerhood
[07:16:56.241] |I| [load_app_impl]: Serial: PCSB01309
[07:16:56.241] |I| [load_app_impl]: Version: 1.00
[07:16:56.241] |I| [load_app_impl]: Category: gd
[07:16:56.302] |C| [load_self]: Unknown segment type 0x6FFFFF01
[07:16:56.303] |I| [load_self]: Loaded module segment 0 @ [0x00007000 - 0x0005891C / 0x81000000] (size: 0x0005191C) of module ux0:app\PCSB01309\sce_module\libc.suprx
[07:16:56.303] |I| [load_self]: Loaded module segment 1 @ [0x00059000 - 0x0005B8A0 / 0x81052000] (size: 0x000028A0) of module ux0:app\PCSB01309\sce_module\libc.suprx
[07:16:56.303] |I| [load_self]: Loading symbols for SELF: ux0:app\PCSB01309\sce_module\libc.suprx
[07:16:56.303] |D| [load_var_exports]: 	NID 0x936C8A78 (SYSLYB) at 0x4E38C
[07:16:56.303] |D| [load_var_exports]: 	NID 0x6C2224BA (NID_MODULE_INFO) at 0x43550
[07:16:56.304] |W| [load_var_imports]: 	NID NOT FOUND 0x93B8AA67 (UNRECOGNISED) at 0x476B0, setting to stub value 0xDEADBEEF
[07:16:56.304] |W| [load_var_imports]: 	NID NOT FOUND 0xDF084DFA (UNRECOGNISED) at 0x49244, setting to stub value 0xDEADBEEF
[07:16:56.305] |I| [pre_load_module]: Pre-load module SceLibc (at "app\PCSB01309\sce_module\libc.suprx") loaded
[07:16:56.318] |C| [load_self]: Unknown segment type 0x6FFFFF01
[07:16:56.318] |I| [load_self]: Loaded module segment 0 @ [0x0005E000 - 0x00077000 / 0x81000000] (size: 0x00019000) of module ux0:app\PCSB01309\sce_module\libface.suprx
[07:16:56.319] |I| [load_self]: Loaded module segment 1 @ [0x00077000 - 0x000770F8 / 0x81019000] (size: 0x000000F8) of module ux0:app\PCSB01309\sce_module\libface.suprx
[07:16:56.319] |I| [load_self]: Loading symbols for SELF: ux0:app\PCSB01309\sce_module\libface.suprx
[07:16:56.319] |D| [load_var_exports]: 	NID 0x6C2224BA (NID_MODULE_INFO) at 0x73DA4
[07:16:56.319] |D| [load_var_exports]: 	NID 0x936C8A78 (SYSLYB) at 0x76784
[07:16:56.319] |I| [pre_load_module]: Pre-load module SceFace (at "app\PCSB01309\sce_module\libface.suprx") loaded
[07:16:56.326] |C| [load_self]: Unknown segment type 0x6FFFFF01
[07:16:56.327] |I| [load_self]: Loaded module segment 0 @ [0x00078000 - 0x000A4CBF / 0x81000000] (size: 0x0002CCBF) of module ux0:app\PCSB01309\sce_module\libfios2.suprx
[07:16:56.327] |I| [load_self]: Loaded module segment 1 @ [0x000A5000 - 0x000AA255 / 0x8102D000] (size: 0x00005255) of module ux0:app\PCSB01309\sce_module\libfios2.suprx
[07:16:56.327] |I| [load_self]: Loading symbols for SELF: ux0:app\PCSB01309\sce_module\libfios2.suprx
[07:16:56.327] |D| [load_var_exports]: 	NID 0x936C8A78 (SYSLYB) at 0xA4BC8
[07:16:56.327] |D| [load_var_exports]: 	NID 0x6C2224BA (NID_MODULE_INFO) at 0x9BF08
[07:16:56.327] |I| [pre_load_module]: Pre-load module SceLibFios2 (at "app\PCSB01309\sce_module\libfios2.suprx") loaded
[07:16:56.383] |C| [load_self]: Unknown segment type 0x6FFFFF01
[07:16:56.383] |I| [load_self]: Loaded module segment 0 @ [0x000AB000 - 0x002B8AF4 / 0x81000000] (size: 0x0020DAF4) of module ux0:app\PCSB01309\sce_module\libsmart.suprx
[07:16:56.384] |I| [load_self]: Loaded module segment 1 @ [0x002B9000 - 0x002BC444 / 0x8120E000] (size: 0x00003444) of module ux0:app\PCSB01309\sce_module\libsmart.suprx
[07:16:56.384] |I| [load_self]: Loading symbols for SELF: ux0:app\PCSB01309\sce_module\libsmart.suprx
[07:16:56.384] |D| [load_var_exports]: 	NID 0x6C2224BA (NID_MODULE_INFO) at 0x156528
[07:16:56.384] |D| [load_var_exports]: 	NID 0x936C8A78 (SYSLYB) at 0x15D90C
[07:16:56.384] |I| [pre_load_module]: Pre-load module SceSmart (at "app\PCSB01309\sce_module\libsmart.suprx") loaded
[07:16:56.389] |C| [load_self]: Unknown segment type 0x6FFFFF01
[07:16:56.389] |I| [load_self]: Loaded module segment 0 @ [0x002BD000 - 0x002D09BC / 0x81000000] (size: 0x000139BC) of module ux0:app\PCSB01309\sce_module\libult.suprx
[07:16:56.389] |I| [load_self]: Loaded module segment 1 @ [0x002D1000 - 0x002D1814 / 0x81014000] (size: 0x00000814) of module ux0:app\PCSB01309\sce_module\libult.suprx
[07:16:56.389] |I| [load_self]: Loading symbols for SELF: ux0:app\PCSB01309\sce_module\libult.suprx
[07:16:56.389] |D| [load_var_exports]: 	NID 0x936C8A78 (SYSLYB) at 0x2CF2E8
[07:16:56.389] |D| [load_var_exports]: 	NID 0x6C2224BA (NID_MODULE_INFO) at 0x2CC870
[07:16:56.390] |I| [pre_load_module]: Pre-load module SceUlt (at "app\PCSB01309\sce_module\libult.suprx") loaded
[07:16:56.397] |I| [load_self]: Loaded module segment 0 @ [0x002D2000 - 0x00322F04 / 0x81000000] (size: 0x00050F04) of module vs0:sys/external/libSceFt2.suprx
[07:16:56.397] |I| [load_self]: Loaded module segment 1 @ [0x00323000 - 0x003232F4 / 0x81051000] (size: 0x000002F4) of module vs0:sys/external/libSceFt2.suprx
[07:16:56.398] |I| [load_self]: Loading symbols for SELF: vs0:sys/external/libSceFt2.suprx
[07:16:56.398] |D| [load_var_exports]: 	NID 0x936C8A78 (SYSLYB) at 0x30E7DC
[07:16:56.398] |D| [load_var_exports]: 	NID 0x6C2224BA (NID_MODULE_INFO) at 0x30DF10
[07:16:56.398] |I| [pre_load_module]: Pre-load module SceLibft2 (at "sys/external/libSceFt2.suprx") loaded
[07:16:56.401] |I| [load_self]: Loaded module segment 0 @ [0x00324000 - 0x00333F14 / 0x81000000] (size: 0x0000FF14) of module vs0:sys/external/libpvf.suprx
[07:16:56.401] |I| [load_self]: Loaded module segment 1 @ [0x00334000 - 0x00334008 / 0x81010000] (size: 0x00000008) of module vs0:sys/external/libpvf.suprx
[07:16:56.401] |I| [load_self]: Loading symbols for SELF: vs0:sys/external/libpvf.suprx
[07:16:56.401] |D| [load_var_exports]: 	NID 0x936C8A78 (SYSLYB) at 0x332710
[07:16:56.401] |D| [load_var_exports]: 	NID 0x6C2224BA (NID_MODULE_INFO) at 0x332300
[07:16:56.401] |I| [pre_load_module]: Pre-load module SceLibPvf (at "sys/external/libpvf.suprx") loaded
[07:16:56.861] |C| [load_self]: Unknown segment type 0x6FFFFF01
[07:16:56.861] |I| [load_self]: Loaded module segment 0 @ [0x00335000 - 0x014FA598 / 0x81000000] (size: 0x011C5598) of module app0:eboot.bin
[07:16:56.862] |I| [load_self]: Loaded module segment 1 @ [0x014FB000 - 0x01609744 / 0x821C6000] (size: 0x0010E744) of module app0:eboot.bin
[07:16:56.862] |I| [load_self]: Loading symbols for SELF: app0:eboot.bin
[07:16:56.862] |D| [load_var_exports]: 	NID 0x6C2224BA (NID_MODULE_INFO) at 0x12D2F5C
[07:16:56.862] |D| [load_var_exports]: 	NID 0x70FBA1E7 (SCE_PROC_PARAMS) at 0x15139B0
[07:16:56.862] |D| [load_var_exports]: 	NID 0x936C8A78 (SYSLYB) at 0x14679D0
[07:16:56.863] |W| [load_var_imports]: 	NID NOT FOUND 0x338B0BD1 (UNRECOGNISED) at 0x1330A04, setting to stub value 0xDEADBEEF
[07:16:56.863] |W| [load_var_imports]: 	NID NOT FOUND 0x3A451B91 (UNRECOGNISED) at 0x13309F0, setting to stub value 0xDEADBEEF
[07:16:56.864] |W| [load_var_imports]: 	NID NOT FOUND 0x550DFE23 (UNRECOGNISED) at 0x1330A18, setting to stub value 0xDEADBEEF
[07:16:56.864] |W| [load_var_imports]: 	NID NOT FOUND 0x56354517 (UNRECOGNISED) at 0x13309B8, setting to stub value 0xDEADBEEF
[07:16:56.865] |W| [load_var_imports]: 	NID NOT FOUND 0x5EF67445 (UNRECOGNISED) at 0x1330A7C, setting to stub value 0xDEADBEEF
[07:16:56.865] |W| [load_var_imports]: 	NID NOT FOUND 0x6ACA1D57 (UNRECOGNISED) at 0x1330A40, setting to stub value 0xDEADBEEF
[07:16:56.866] |W| [load_var_imports]: 	NID NOT FOUND 0x71A78083 (UNRECOGNISED) at 0x13309DC, setting to stub value 0xDEADBEEF
[07:16:56.867] |W| [load_var_imports]: 	NID NOT FOUND 0x79F9DB75 (UNRECOGNISED) at 0x1330A2C, setting to stub value 0xDEADBEEF
[07:16:56.867] |W| [load_var_imports]: 	NID NOT FOUND 0xAA0340C3 (UNRECOGNISED) at 0x1330A54, setting to stub value 0xDEADBEEF
[07:16:56.868] |W| [load_var_imports]: 	NID NOT FOUND 0xF9A1DE92 (UNRECOGNISED) at 0x1330A68, setting to stub value 0xDEADBEEF
[07:16:56.870] |I| [load_app_impl]: Main executable UnityPlayer_201723_Release (eboot.bin) loaded
[07:16:56.879] |D| [run_app]: Running module_start of library: SceLibc at address 0x7871
[07:16:56.899] |I| [run_app]: Module SceLibc (at "ux0:app\PCSB01309\sce_module\libc.suprx") module_start returned 0x0
[07:16:56.903] |D| [run_app]: Running module_start of library: SceFace at address 0x73265
[07:16:56.912] |I| [run_app]: Module SceFace (at "ux0:app\PCSB01309\sce_module\libface.suprx") module_start returned 0x0
[07:16:56.916] |D| [run_app]: Running module_start of library: SceLibFios2 at address 0x78001
[07:16:56.925] |W| [stubbed_impl]: Stubbed sceKernelGetProcessId import called. (pid: 0)
[07:16:56.926] |D| [export_sceFiosOverlayGetList02]: maxIDs: 127
[07:16:56.926] |W| [unimplemented_impl]: Unimplemented sceFiosOverlayGetList02 import called.
[07:16:56.926] |I| [run_app]: Module SceLibFios2 (at "ux0:app\PCSB01309\sce_module\libfios2.suprx") module_start returned 0x0
[07:16:56.930] |D| [run_app]: Running module_start of library: SceSmart at address 0xAB18D
[07:16:56.941] |I| [run_app]: Module SceSmart (at "ux0:app\PCSB01309\sce_module\libsmart.suprx") module_start returned 0x0
[07:16:56.945] |D| [run_app]: Running module_start of library: SceUlt at address 0x2C0771
[07:16:56.954] |W| [unimplemented_impl]: Unimplemented _sceUlobjMgrRegisterLibultProtocolRevision import called.
[07:16:56.954] |I| [run_app]: Module SceUlt (at "ux0:app\PCSB01309\sce_module\libult.suprx") module_start returned 0x0
[07:16:56.964] |W| [unimplemented_impl]: Unimplemented sceKernelRegisterThreadEventHandler import called.
[07:16:57.201] |I| [export_sceIoOpen]: Opening file: app0:/Media/boot.config
[07:16:57.216] |E| [call_import]: Import function for NID 0xE340C008 not found (thread name: PCSB01309, thread ID: 10)
[07:16:57.223] |W| [stubbed_impl]: Stubbed sceKernelGetFreeMemorySize import called. (Single pool)
[07:16:57.224] |W| [unimplemented_impl]: Unimplemented sceAppUtilInit import called.
[07:16:57.244] |C| [load_self]: Unknown segment type 0x6FFFFF01
[07:16:57.245] |I| [load_self]: Loaded module segment 0 @ [0x01A57000 - 0x01A5DC9C / 0x81000000] (size: 0x00006C9C) of module app0:/Media/Modules/pthread.suprx
[07:16:57.245] |I| [load_self]: Loaded module segment 1 @ [0x01A5E000 - 0x01A60178 / 0x81007000] (size: 0x00002178) of module app0:/Media/Modules/pthread.suprx
[07:16:57.245] |I| [load_self]: Loading symbols for SELF: app0:/Media/Modules/pthread.suprx
[07:16:57.245] |D| [load_var_exports]: 	NID 0x6C2224BA (NID_MODULE_INFO) at 0x1A5C7E4
[07:16:57.245] |D| [load_var_exports]: 	NID 0x936C8A78 (SYSLYB) at 0x1A5DC98
[07:16:57.255] |I| [export__sceKernelLoadStartModule]: Module PTHREAD_PRX (at "app0:/Media/Modules/pthread.suprx") module_start returned 0x0
[07:16:57.260] |I| [load_module]: Loading module ID: 0x55
[07:16:57.261] |C| [load_self]: Unknown segment type 0x6FFFFF01
[07:16:57.262] |I| [load_self]: Loaded module segment 0 @ [0x01A61000 - 0x01A67230 / 0x81000000] (size: 0x00006230) of module sys/external/libSceJson.suprx
[07:16:57.262] |I| [load_self]: Loaded module segment 1 @ [0x01A68000 - 0x01A68049 / 0x81007000] (size: 0x00000049) of module sys/external/libSceJson.suprx
[07:16:57.262] |I| [load_self]: Loading symbols for SELF: sys/external/libSceJson.suprx
[07:16:57.262] |D| [load_var_exports]: 	NID 0x936C8A78 (SYSLYB) at 0x1A670A8
[07:16:57.262] |D| [load_var_exports]: 	NID 0x6C2224BA (NID_MODULE_INFO) at 0x1A66020
[07:16:57.262] |I| [load_module]: Module SceLibJson (at "sys/external/libSceJson.suprx") loaded
[07:16:57.265] |W| [stubbed_impl]: Stubbed sceKernelGetThreadInfo import called. (STUB)
[07:16:57.278] |W| [stubbed_impl]: Stubbed sceKernelChangeThreadPriority import called. (STUB)
[07:16:57.279] |W| [unimplemented_impl]: Unimplemented sceKernelCreateCallback import called.
[07:16:57.279] |W| [unimplemented_impl]: Unimplemented sceKernelCallAbortHandler import called.
[07:16:57.279] |W| [unimplemented_impl]: Unimplemented sceKernelCallModuleExit import called.
[07:16:57.284] |E| [logging::ret_error_impl]: _sceKernelLockLwMutex returned SCE_K