[01:16:49.949] |I| [load_app_impl]: cpu-backend: Dynarmic
[01:16:49.949] |I| [load_app_impl]: CPU Optimisation state: true
[01:16:49.950] |I| [load_app_impl]: at9 audio decoder state: true
[01:16:49.950] |I| [load_app_impl]: ngs experimental state: true
[01:16:49.950] |I| [load_app_impl]: video player state: true
[01:16:49.950] |I| [load_app_impl]: lle-modules: libpgf,libSceXml,libsas,liblocation,libhandwriting,libSceJson,librudp
[01:16:49.950] |I| [load_app_impl]: Title: Ragnarok Odyssey
[01:16:49.950] |I| [load_app_impl]: Serial: PCSB00226
[01:16:49.950] |I| [load_app_impl]: Version: 1.00
[01:16:49.951] |I| [load_app_impl]: Category: gd
[01:16:49.994] |C| [load_self]: Unknown segment type 0x6FFFFF01
[01:16:49.995] |I| [load_self]: Loaded module segment 0 @ [0x00007000 - 0x000437DC / 0x81000000] (size: 0x0003C7DC) of module ux0:app\PCSB00226\sce_module\libc.suprx
[01:16:49.995] |I| [load_self]: Loaded module segment 1 @ [0x00044000 - 0x00046374 / 0x8103D000] (size: 0x00002374) of module ux0:app\PCSB00226\sce_module\libc.suprx
[01:16:49.995] |I| [load_self]: Loading symbols for SELF: ux0:app\PCSB00226\sce_module\libc.suprx
[01:16:49.996] |D| [load_var_exports]: 	NID 0x6C2224BA (NID_MODULE_INFO) at 0x35220
[01:16:49.996] |W| [load_var_imports]: 	NID NOT FOUND 0xDF084DFA (UNRECOGNISED) at 0x389F0, setting to stub value 0xDEADBEEF
[01:16:49.996] |I| [pre_load_module]: Pre-load module SceLibc (at "app\PCSB00226\sce_module\libc.suprx") loaded
[01:16:50.003] |C| [load_self]: Unknown segment type 0x6FFFFF01
[01:16:50.003] |I| [load_self]: Loaded module segment 0 @ [0x00048000 - 0x0006A1B0 / 0x81000000] (size: 0x000221B0) of module ux0:app\PCSB00226\sce_module\libfios2.suprx
[01:16:50.003] |I| [load_self]: Loaded module segment 1 @ [0x0006B000 - 0x000701B8 / 0x81023000] (size: 0x000051B8) of module ux0:app\PCSB00226\sce_module\libfios2.suprx
[01:16:50.003] |I| [load_self]: Loading symbols for SELF: ux0:app\PCSB00226\sce_module\libfios2.suprx
[01:16:50.003] |D| [load_var_exports]: 	NID 0x6C2224BA (NID_MODULE_INFO) at 0x63CB0
[01:16:50.003] |I| [pre_load_module]: Pre-load module SceLibFios2 (at "app\PCSB00226\sce_module\libfios2.suprx") loaded
[01:16:50.008] |C| [load_self]: Unknown segment type 0x6FFFFF01
[01:16:50.008] |I| [load_self]: Loaded module segment 0 @ [0x00071000 - 0x0008506C / 0x81000000] (size: 0x0001406C) of module ux0:app\PCSB00226\sce_module\libult.suprx
[01:16:50.009] |I| [load_self]: Loaded module segment 1 @ [0x00086000 - 0x00086814 / 0x81015000] (size: 0x00000814) of module ux0:app\PCSB00226\sce_module\libult.suprx
[01:16:50.009] |I| [load_self]: Loading symbols for SELF: ux0:app\PCSB00226\sce_module\libult.suprx
[01:16:50.009] |D| [load_var_exports]: 	NID 0x6C2224BA (NID_MODULE_INFO) at 0x81B68
[01:16:50.009] |I| [pre_load_module]: Pre-load module SceUlt (at "app\PCSB00226\sce_module\libult.suprx") loaded
[01:16:50.017] |I| [load_self]: Loaded module segment 0 @ [0x00087000 - 0x000D7F04 / 0x81000000] (size: 0x00050F04) of module vs0:sys/external/libSceFt2.suprx
[01:16:50.017] |I| [load_self]: Loaded module segment 1 @ [0x000D8000 - 0x000D82F4 / 0x81051000] (size: 0x000002F4) of module vs0:sys/external/libSceFt2.suprx
[01:16:50.017] |I| [load_self]: Loading symbols for SELF: vs0:sys/external/libSceFt2.suprx
[01:16:50.017] |D| [load_var_exports]: 	NID 0x936C8A78 (SYSLYB) at 0xC37DC
[01:16:50.017] |D| [load_var_exports]: 	NID 0x6C2224BA (NID_MODULE_INFO) at 0xC2F10
[01:16:50.018] |W| [load_var_imports]: 	NID NOT FOUND 0x93B8AA67 (UNRECOGNISED) at 0xD7EE0, setting to stub value 0xDEADBEEF
[01:16:50.018] |I| [pre_load_module]: Pre-load module SceLibft2 (at "sys/external/libSceFt2.suprx") loaded
[01:16:50.021] |I| [load_self]: Loaded module segment 0 @ [0x000DA000 - 0x000E9F14 / 0x81000000] (size: 0x0000FF14) of module vs0:sys/external/libpvf.suprx
[01:16:50.021] |I| [load_self]: Loaded module segment 1 @ [0x000EA000 - 0x000EA008 / 0x81010000] (size: 0x00000008) of module vs0:sys/external/libpvf.suprx
[01:16:50.021] |I| [load_self]: Loading symbols for SELF: vs0:sys/external/libpvf.suprx
[01:16:50.021] |D| [load_var_exports]: 	NID 0x936C8A78 (SYSLYB) at 0xE8710
[01:16:50.021] |D| [load_var_exports]: 	NID 0x6C2224BA (NID_MODULE_INFO) at 0xE8300
[01:16:50.022] |I| [pre_load_module]: Pre-load module SceLibPvf (at "sys/external/libpvf.suprx") loaded
[01:16:50.155] |C| [load_self]: Unknown segment type 0x6FFFFF01
[01:16:50.156] |I| [load_self]: Loaded module segment 0 @ [0x81000000 - 0x81479914 / 0x81000000] (size: 0x00479914) of module app0:eboot.bin
[01:16:50.156] |I| [load_self]: Loaded module segment 1 @ [0x8147A000 - 0x8174F988 / 0x8147A000] (size: 0x002D5988) of module app0:eboot.bin
[01:16:50.156] |I| [load_self]: Loading symbols for SELF: app0:eboot.bin
[01:16:50.156] |D| [load_var_exports]: 	NID 0x6C2224BA (NID_MODULE_INFO) at 0x8139D160
[01:16:50.156] |D| [load_var_exports]: 	NID 0x70FBA1E7 (SCE_PROC_PARAMS) at 0x814864E8
[01:16:50.157] |I| [load_app_impl]: Main executable rh (eboot.bin) loaded
[01:16:50.165] |D| [run_app]: Running module_start of library: SceLibc at address 0x75E5
[01:16:50.176] |I| [export_sceIoOpen]: Opening file: tty0:
[01:16:50.176] |I| [export_sceIoOpen]: Opening file: tty0:
[01:16:50.177] |I| [export_sceIoOpen]: Opening file: tty1:
[01:16:50.182] |I| [run_app]: Module SceLibc (at "ux0:app\PCSB00226\sce_module\libc.suprx") module_start returned 0x0
[01:16:50.186] |D| [run_app]: Running module_start of library: SceLibFios2 at address 0x48001
[01:16:50.194] |W| [stubbed_impl]: Stubbed sceKernelGetProcessId import called. (pid: 0)
[01:16:50.195] |W| [stubbed_impl]: Stubbed _sceFiosKernelOverlayGetList import called. (Set pActualIDs to 0)
[01:16:50.195] |D| [export__sceFiosKernelOverlayGetList]: pid: 0
[01:16:50.195] |D| [export__sceFiosKernelOverlayGetList]: buffer_size: 0
[01:16:50.195] |D| [export__sceFiosKernelOverlayGetList]: maxIDs: 0
[01:16:50.195] |D| [export__sceFiosKernelOverlayGetList]: pActualIDs: 0
[01:16:50.195] |I| [run_app]: Module SceLibFios2 (at "ux0:app\PCSB00226\sce_module\libfios2.suprx") module_start returned 0x0
[01:16:50.199] |D| [run_app]: Running module_start of library: SceUlt at address 0x74B71
[01:16:50.207] |I| [run_app]: Module SceUlt (at "ux0:app\PCSB00226\sce_module\libult.suprx") module_start returned 0x0
[01:16:50.521] |W| [unimplemented_impl]: Unimplemented sceKernelCreateCallback import called.
[01:16:50.524] |W| [unimplemented_impl]: Unimplemented sceDisplayRegisterVblankStartCallback import called.
[01:16:50.634] |W| [stubbed_impl]: Stubbed sceGxmMapMemory import called. (always return success)
[01:16:50.635] |W| [stubbed_impl]: Stubbed sceGxmMapFragmentUsseMemory import called. (always return success)
[01:16:50.657] |W| [stubbed_impl]: Stubbed sceGxmMapVertexUsseMemory import called. (always return success)
[01:16:50.658] |W| [stubbed_impl]: Stubbed sceGxmGetRenderTargetMemSize import called. (2MB host mem)
[01:16:51.681] |I| [load_module]: Loading module ID: 0xE
[01:16:51.683] |I| [load_self]: Loaded module segment 0 @ [0x157B2000 - 0x157B7CB4 / 0x81000000] (size: 0x00005CB4) of module sys/external/libpgf.suprx
[01:16:51.683] |I| [load_self]: Loaded module segment 1 @ [0x157B8000 - 0x157B8FE8 / 0x81006000] (size: 0x00000FE8) of module sys/external/libpgf.suprx
[01:16:51.683] |I| [load_self]: Loading symbols for SELF: sys/external/libpgf.suprx
[01:16:51.683] |D| [load_var_exports]: 	NID 0x936C8A78 (SYSLYB) at 0x157B7A64
[01:16:51.684] |D| [load_var_exports]: 	NID 0x6C2224BA (NID_MODULE_INFO) at 0x157B7810
[01:16:51.684] |I| [load_module]: Module SceLibPgf (at "sys/external/libpgf.suprx") loaded
[01:16:51.691] |I| [export_sceIoOpen]: Opening file: sa0:data/font/pvf/jpn0.pvf
[01:16:51.692] |W| [unimplemented_impl]: Unimplemented sceIoIoctl import called.
[01:16:51.735] |W| [unimplemented_impl]: Unimplemented sceAppUtilInit import called.
[01:16:51.735] |W| [unimplemented_impl]: Unimplemented sceScreenShotDisable import called.
[01:16:51.736] |W| [unimplemented_impl]: Unimplemented sceScreenShotSetOverlayImage import called.
[01:16:51.736] |W| [unimplemented_impl]: Unimplemented sceScreenSh