[06:33:57.273] |I| [load_app_impl]: cpu-backend: Dynarmic
[06:33:57.274] |I| [load_app_impl]: CPU Optimisation state: true
[06:33:57.274] |I| [load_app_impl]: at9 audio decoder state: true
[06:33:57.274] |I| [load_app_impl]: ngs experimental state: true
[06:33:57.274] |I| [load_app_impl]: video player state: true
[06:33:57.275] |I| [load_app_impl]: lle-modules: libpgf,libSceXml,libsas,liblocation,libhandwriting,libSceJson,librudp
[06:33:57.275] |I| [load_app_impl]: Title: Shütshimi
[06:33:57.275] |I| [load_app_impl]: Serial: PCSB00807
[06:33:57.275] |I| [load_app_impl]: Version: 1.01
[06:33:57.275] |I| [load_app_impl]: Category: gp
[06:33:57.336] |C| [load_self]: Unknown segment type 0x6FFFFF01
[06:33:57.337] |I| [load_self]: Loaded module segment 0 @ [0x00007000 - 0x00058814 / 0x81000000] (size: 0x00051814) of module ux0:app\PCSB00807\sce_module\libc.suprx
[06:33:57.337] |I| [load_self]: Loaded module segment 1 @ [0x00059000 - 0x0005B8A0 / 0x81052000] (size: 0x000028A0) of module ux0:app\PCSB00807\sce_module\libc.suprx
[06:33:57.337] |I| [load_self]: Loading symbols for SELF: ux0:app\PCSB00807\sce_module\libc.suprx
[06:33:57.337] |D| [load_var_exports]: 	NID 0x936C8A78 (SYSLYB) at 0x4E284
[06:33:57.338] |D| [load_var_exports]: 	NID 0x6C2224BA (NID_MODULE_INFO) at 0x4344C
[06:33:57.338] |W| [load_var_imports]: 	NID NOT FOUND 0x93B8AA67 (UNRECOGNISED) at 0x475AC, setting to stub value 0xDEADBEEF
[06:33:57.338] |W| [load_var_imports]: 	NID NOT FOUND 0xDF084DFA (UNRECOGNISED) at 0x49140, setting to stub value 0xDEADBEEF
[06:33:57.339] |I| [pre_load_module]: Pre-load module SceLibc (at "app\PCSB00807\sce_module\libc.suprx") loaded
[06:33:57.362] |C| [load_self]: Unknown segment type 0x6FFFFF01
[06:33:57.362] |I| [load_self]: Loaded module segment 0 @ [0x0005E000 - 0x00077000 / 0x81000000] (size: 0x00019000) of module ux0:app\PCSB00807\sce_module\libface.suprx
[06:33:57.362] |I| [load_self]: Loaded module segment 1 @ [0x00077000 - 0x000770F8 / 0x81019000] (size: 0x000000F8) of module ux0:app\PCSB00807\sce_module\libface.suprx
[06:33:57.363] |I| [load_self]: Loading symbols for SELF: ux0:app\PCSB00807\sce_module\libface.suprx
[06:33:57.363] |D| [load_var_exports]: 	NID 0x6C2224BA (NID_MODULE_INFO) at 0x73DA4
[06:33:57.363] |D| [load_var_exports]: 	NID 0x936C8A78 (SYSLYB) at 0x76784
[06:33:57.363] |I| [pre_load_module]: Pre-load module SceFace (at "app\PCSB00807\sce_module\libface.suprx") loaded
[06:33:57.370] |C| [load_self]: Unknown segment type 0x6FFFFF01
[06:33:57.371] |I| [load_self]: Loaded module segment 0 @ [0x00078000 - 0x000A4CBF / 0x81000000] (size: 0x0002CCBF) of module ux0:app\PCSB00807\sce_module\libfios2.suprx
[06:33:57.371] |I| [load_self]: Loaded module segment 1 @ [0x000A5000 - 0x000AA255 / 0x8102D000] (size: 0x00005255) of module ux0:app\PCSB00807\sce_module\libfios2.suprx
[06:33:57.371] |I| [load_self]: Loading symbols for SELF: ux0:app\PCSB00807\sce_module\libfios2.suprx
[06:33:57.371] |D| [load_var_exports]: 	NID 0x936C8A78 (SYSLYB) at 0xA4BC8
[06:33:57.371] |D| [load_var_exports]: 	NID 0x6C2224BA (NID_MODULE_INFO) at 0x9BF08
[06:33:57.372] |I| [pre_load_module]: Pre-load module SceLibFios2 (at "app\PCSB00807\sce_module\libfios2.suprx") loaded
[06:33:57.428] |C| [load_self]: Unknown segment type 0x6FFFFF01
[06:33:57.428] |I| [load_self]: Loaded module segment 0 @ [0x000AB000 - 0x002B8AF4 / 0x81000000] (size: 0x0020DAF4) of module ux0:app\PCSB00807\sce_module\libsmart.suprx
[06:33:57.428] |I| [load_self]: Loaded module segment 1 @ [0x002B9000 - 0x002BC444 / 0x8120E000] (size: 0x00003444) of module ux0:app\PCSB00807\sce_module\libsmart.suprx
[06:33:57.428] |I| [load_self]: Loading symbols for SELF: ux0:app\PCSB00807\sce_module\libsmart.suprx
[06:33:57.428] |D| [load_var_exports]: 	NID 0x6C2224BA (NID_MODULE_INFO) at 0x156528
[06:33:57.429] |D| [load_var_exports]: 	NID 0x936C8A78 (SYSLYB) at 0x15D90C
[06:33:57.429] |I| [pre_load_module]: Pre-load module SceSmart (at "app\PCSB00807\sce_module\libsmart.suprx") loaded
[06:33:57.451] |C| [load_self]: Unknown segment type 0x6FFFFF01
[06:33:57.452] |I| [load_self]: Loaded module segment 0 @ [0x002BD000 - 0x002D09A4 / 0x81000000] (size: 0x000139A4) of module ux0:app\PCSB00807\sce_module\libult.suprx
[06:33:57.452] |I| [load_self]: Loaded module segment 1 @ [0x002D1000 - 0x002D1814 / 0x81014000] (size: 0x00000814) of module ux0:app\PCSB00807\sce_module\libult.suprx
[06:33:57.452] |I| [load_self]: Loading symbols for SELF: ux0:app\PCSB00807\sce_module\libult.suprx
[06:33:57.452] |D| [load_var_exports]: 	NID 0x936C8A78 (SYSLYB) at 0x2CF2D0
[06:33:57.452] |D| [load_var_exports]: 	NID 0x6C2224BA (NID_MODULE_INFO) at 0x2CC858
[06:33:57.452] |I| [pre_load_module]: Pre-load module SceUlt (at "app\PCSB00807\sce_module\libult.suprx") loaded
[06:33:57.460] |I| [load_self]: Loaded module segment 0 @ [0x002D2000 - 0x00322F04 / 0x81000000] (size: 0x00050F04) of module vs0:sys/external/libSceFt2.suprx
[06:33:57.460] |I| [load_self]: Loaded module segment 1 @ [0x00323000 - 0x003232F4 / 0x81051000] (size: 0x000002F4) of module vs0:sys/external/libSceFt2.suprx
[06:33:57.460] |I| [load_self]: Loading symbols for SELF: vs0:sys/external/libSceFt2.suprx
[06:33:57.461] |D| [load_var_exports]: 	NID 0x936C8A78 (SYSLYB) at 0x30E7DC
[06:33:57.461] |D| [load_var_exports]: 	NID 0x6C2224BA (NID_MODULE_INFO) at 0x30DF10
[06:33:57.461] |I| [pre_load_module]: Pre-load module SceLibft2 (at "sys/external/libSceFt2.suprx") loaded
[06:33:57.463] |I| [load_self]: Loaded module segment 0 @ [0x00324000 - 0x00333F14 / 0x81000000] (size: 0x0000FF14) of module vs0:sys/external/libpvf.suprx
[06:33:57.464] |I| [load_self]: Loaded module segment 1 @ [0x00334000 - 0x00334008 / 0x81010000] (size: 0x00000008) of module vs0:sys/external/libpvf.suprx
[06:33:57.464] |I| [load_self]: Loading symbols for SELF: vs0:sys/external/libpvf.suprx
[06:33:57.464] |D| [load_var_exports]: 	NID 0x936C8A78 (SYSLYB) at 0x332710
[06:33:57.464] |D| [load_var_exports]: 	NID 0x6C2224BA (NID_MODULE_INFO) at 0x332300
[06:33:57.467] |I| [pre_load_module]: Pre-load module SceLibPvf (at "sys/external/libpvf.suprx") loaded
[06:33:58.189] |C| [load_self]: Unknown segment type 0x6FFFFF01
[06:33:58.190] |I| [load_self]: Loaded module segment 0 @ [0x00335000 - 0x01EFAE10 / 0x81000000] (size: 0x01BC5E10) of module app0:eboot.bin
[06:33:58.190] |I| [load_self]: Loaded module segment 1 @ [0x01EFB000 - 0x021FFD78 / 0x82BC6000] (size: 0x00304D78) of module app0:eboot.bin
[06:33:58.190] |I| [load_self]: Loading symbols for SELF: app0:eboot.bin
[06:33:58.190] |D| [load_var_exports]: 	NID 0x6C2224BA (NID_MODULE_INFO) at 0x1D22494
[06:33:58.190] |D| [load_var_exports]: 	NID 0x70FBA1E7 (SCE_PROC_PARAMS) at 0x1EFB08C
[06:33:58.190] |D| [load_var_exports]: 	NID 0x936C8A78 (SYSLYB) at 0x1E464B4
[06:33:58.190] |W| [load_var_imports]: 	NID NOT FOUND 0x1A5C609 (UNRECOGNISED) at 0x1D4B184, setting to stub value 0xDEADBEEF
[06:33:58.191] |W| [load_var_imports]: 	NID NOT FOUND 0x6EF1E48 (UNRECOGNISED) at 0x1D4AEAC, setting to stub value 0xDEADBEEF
[06:33:58.192] |I| [load_app_impl]: Main executable UnityPlayer_437_Release (eboot.bin) loaded
[06:33:58.202] |D| [run_app]: Running module_start of library: SceLibc at address 0x7871
[06:33:58.222] |I| [run_app]: Module SceLibc (at "ux0:app\PCSB00807\sce_module\libc.suprx") module_start returned 0x0
[06:33:58.226] |D| [run_app]: Running module_start of library: SceFace at address 0x73265
[06:33:58.236] |I| [run_app]: Module SceFace (at "ux0:app\PCSB00807\sce_module\libface.suprx") module_start returned 0x0
[06:33:58.240] |D| [run_app]: Running module_start of library: SceLibFios2 at address 0x78001
[06:33:58.249] |W| [stubbed_impl]: Stubbed sceKernelGetProcessId import called. (pid: 0)
[06:33:58.249] |D| [export_sceFiosOverlayGetList02]: maxIDs: 127
[06:33:58.249] |W| [unimplemented_impl]: Unimplemented sceFiosOverlayGetList02 import called.
[06:33:58.250] |I| [run_app]: Module SceLibFios2 (at "ux0:app\PCSB00807\sce_module\libfios2.suprx") module_start returned 0x0
[06:33:58.254] |D| [run_app]: Running module_start of library: SceSmart at address 0xAB18D
[06