[06:25:32.928] |I| [load_app_impl]: cpu-backend: Dynarmic
[06:25:32.928] |I| [load_app_impl]: CPU Optimisation state: true
[06:25:32.928] |I| [load_app_impl]: at9 audio decoder state: true
[06:25:32.928] |I| [load_app_impl]: ngs experimental state: true
[06:25:32.928] |I| [load_app_impl]: video player state: true
[06:25:32.928] |I| [load_app_impl]: lle-modules: libSceJson,liblocation,libSceXml,libpgf,libvoice,librudp,libSceSqlite,libvoiceqos,libsas
[06:25:32.929] |I| [load_app_impl]: Title: Injustice: Gods Among Us Ultimate Edition
[06:25:32.929] |I| [load_app_impl]: Serial: PCSB00356
[06:25:32.929] |I| [load_app_impl]: Version: 1.01
[06:25:32.929] |I| [load_app_impl]: Category: gp
[06:25:32.977] |C| [load_self]: Unknown segment type 0x6FFFFF01
[06:25:32.978] |I| [load_self]: Loaded module segment 0 @ [0x00007000 - 0x00054A2C / 0x81000000] (size: 0x0004DA2C) of module ux0:app\PCSB00356\sce_module\libc.suprx
[06:25:32.978] |I| [load_self]: Loaded module segment 1 @ [0x00055000 - 0x000576F8 / 0x8104E000] (size: 0x000026F8) of module ux0:app\PCSB00356\sce_module\libc.suprx
[06:25:32.978] |I| [load_self]: Loading symbols for SELF: ux0:app\PCSB00356\sce_module\libc.suprx
[06:25:32.979] |D| [load_var_exports]: 	NID 0x6C2224BA (NID_MODULE_INFO) at 0x40798
[06:25:32.979] |D| [load_var_exports]: 	NID 0x936C8A78 (SYSLYB) at 0x4A7D4
[06:25:32.980] |W| [load_var_imports]: 	NID NOT FOUND 0x93B8AA67 (UNRECOGNISED) at 0x44758, setting to stub value 0xDEADBEEF
[06:25:32.981] |W| [load_var_imports]: 	NID NOT FOUND 0xDF084DFA (UNRECOGNISED) at 0x4621C, setting to stub value 0xDEADBEEF
[06:25:32.982] |I| [pre_load_module]: Pre-load module SceLibc (at "app\PCSB00356\sce_module\libc.suprx") loaded
[06:25:33.013] |C| [load_self]: Unknown segment type 0x6FFFFF01
[06:25:33.013] |I| [load_self]: Loaded module segment 0 @ [0x0005A000 - 0x00082928 / 0x81000000] (size: 0x00028928) of module ux0:app\PCSB00356\sce_module\libfios2.suprx
[06:25:33.014] |I| [load_self]: Loaded module segment 1 @ [0x00083000 - 0x000881FD / 0x81029000] (size: 0x000051FD) of module ux0:app\PCSB00356\sce_module\libfios2.suprx
[06:25:33.015] |I| [load_self]: Loading symbols for SELF: ux0:app\PCSB00356\sce_module\libfios2.suprx
[06:25:33.016] |D| [load_var_exports]: 	NID 0x6C2224BA (NID_MODULE_INFO) at 0x7A6A8
[06:25:33.016] |D| [load_var_exports]: 	NID 0x936C8A78 (SYSLYB) at 0x82810
[06:25:33.017] |I| [pre_load_module]: Pre-load module SceLibFios2 (at "app\PCSB00356\sce_module\libfios2.suprx") loaded
[06:25:33.025] |C| [load_self]: Unknown segment type 0x6FFFFF01
[06:25:33.025] |I| [load_self]: Loaded module segment 0 @ [0x00089000 - 0x0009D744 / 0x81000000] (size: 0x00014744) of module ux0:app\PCSB00356\sce_module\libult.suprx
[06:25:33.026] |I| [load_self]: Loaded module segment 1 @ [0x0009E000 - 0x0009E814 / 0x81015000] (size: 0x00000814) of module ux0:app\PCSB00356\sce_module\libult.suprx
[06:25:33.027] |I| [load_self]: Loading symbols for SELF: ux0:app\PCSB00356\sce_module\libult.suprx
[06:25:33.027] |D| [load_var_exports]: 	NID 0x6C2224BA (NID_MODULE_INFO) at 0x99658
[06:25:33.028] |D| [load_var_exports]: 	NID 0x936C8A78 (SYSLYB) at 0x9C0A0
[06:25:33.028] |I| [pre_load_module]: Pre-load module SceUlt (at "app\PCSB00356\sce_module\libult.suprx") loaded
[06:25:33.035] |I| [load_self]: Loaded module segment 0 @ [0x0009F000 - 0x000EFF04 / 0x81000000] (size: 0x00050F04) of module vs0:sys/external/libSceFt2.suprx
[06:25:33.035] |I| [load_self]: Loaded module segment 1 @ [0x000F0000 - 0x000F02F4 / 0x81051000] (size: 0x000002F4) of module vs0:sys/external/libSceFt2.suprx
[06:25:33.039] |I| [load_self]: Loading symbols for SELF: vs0:sys/external/libSceFt2.suprx
[06:25:33.039] |D| [load_var_exports]: 	NID 0x936C8A78 (SYSLYB) at 0xDB7DC
[06:25:33.039] |D| [load_var_exports]: 	NID 0x6C2224BA (NID_MODULE_INFO) at 0xDAF10
[06:25:33.040] |I| [pre_load_module]: Pre-load module SceLibft2 (at "sys/external/libSceFt2.suprx") loaded
[06:25:33.042] |I| [load_self]: Loaded module segment 0 @ [0x000F1000 - 0x00100F14 / 0x81000000] (size: 0x0000FF14) of 