[04:37:57.763] |I| [load_app_impl]: cpu-backend: Dynarmic
[04:37:57.763] |I| [load_app_impl]: CPU Optimisation state: true
[04:37:57.763] |I| [load_app_impl]: at9 audio decoder state: true
[04:37:57.764] |I| [load_app_impl]: ngs experimental state: true
[04:37:57.764] |I| [load_app_impl]: video player state: true
[04:37:57.764] |I| [load_app_impl]: lle-modules: libpgf,libSceXml,libsas,liblocation,libhandwriting,libSceJson,librudp
[04:37:57.764] |I| [load_app_impl]: Title: Super Destronaut: Land Wars
[04:37:57.764] |I| [load_app_impl]: Serial: PCSB01426
[04:37:57.764] |I| [load_app_impl]: Version: 1.00
[04:37:57.764] |I| [load_app_impl]: Category: gd
[04:37:57.815] |C| [load_self]: Unknown segment type 0x6FFFFF01
[04:37:57.816] |I| [load_self]: Loaded module segment 0 @ [0x00007000 - 0x0005891C / 0x81000000] (size: 0x0005191C) of module ux0:app\PCSB01426\sce_module\libc.suprx
[04:37:57.816] |I| [load_self]: Loaded module segment 1 @ [0x00059000 - 0x0005B8A0 / 0x81052000] (size: 0x000028A0) of module ux0:app\PCSB01426\sce_module\libc.suprx
[04:37:57.816] |I| [load_self]: Loading symbols for SELF: ux0:app\PCSB01426\sce_module\libc.suprx
[04:37:57.816] |D| [load_var_exports]: 	NID 0x936C8A78 (SYSLYB) at 0x4E38C
[04:37:57.817] |D| [load_var_exports]: 	NID 0x6C2224BA (NID_MODULE_INFO) at 0x43550
[04:37:57.817] |W| [load_var_imports]: 	NID NOT FOUND 0x93B8AA67 (UNRECOGNISED) at 0x476B0, setting to stub value 0xDEADBEEF
[04:37:57.817] |W| [load_var_imports]: 	NID NOT FOUND 0xDF084DFA (UNRECOGNISED) at 0x49244, setting to stub value 0xDEADBEEF
[04:37:57.818] |I| [pre_load_module]: Pre-load module SceLibc (at "app\PCSB01426\sce_module\libc.suprx") loaded
[04:37:57.840] |C| [load_self]: Unknown segment type 0x6FFFFF01
[04:37:57.840] |I| [load_self]: Loaded module segment 0 @ [0x0005E000 - 0x00077000 / 0x81000000] (size: 0x00019000) of module ux0:app\PCSB01426\sce_module\libface.suprx
[04:37:57.840] |I| [load_self]: Loaded module segment 1 @ [0x00077000 - 0x000770F8 / 0x81019000] (size: 0x000000F8) of module ux0:app\PCSB01426\sce_module\libface.suprx
[04:37:57.840] |I| [load_self]: Loading symbols for SELF: ux0:app\PCSB01426\sce_module\libface.suprx
[04:37:57.841] |D| [load_var_exports]: 	NID 0x6C2224BA (NID_MODULE_INFO) at 0x73DA4
[04:37:57.841] |D| [load_var_exports]: 	NID 0x936C8A78 (SYSLYB) at 0x76784
[04:37:57.841] |I| [pre_load_module]: Pre-load module SceFace (at "app\PCSB01426\sce_module\libface.suprx") loaded
[04:37:57.859] |C| [load_self]: Unknown segment type 0x6FFFFF01
[04:37:57.860] |I| [load_self]: Loaded module segment 0 @ [0x00078000 - 0x000A4CBF / 0x81000000] (size: 0x0002CCBF) of module ux0:app\PCSB01426\sce_module\libfios2.suprx
[04:37:57.860] |I| [load_self]: Loaded module segment 1 @ [0x000A5000 - 0x000AA255 / 0x8102D000] (size: 0x00005255) of module ux0:app\PCSB01426\sce_module\libfios2.suprx
[04:37:57.860] |I| [load_self]: Loading symbols for SELF: ux0:app\PCSB01426\sce_module\libfios2.suprx
[04:37:57.860] |D| [load_var_exports]: 	NID 0x936C8A78 (SYSLYB) at 0xA4BC8
[04:37:57.860] |D| [load_var_exports]: 	NID 0x6C2224BA (NID_MODULE_INFO) at 0x9BF08
[04:37:57.860] |I| [pre_load_module]: Pre-load module SceLibFios2 (at "app\PCSB01426\sce_module\libfios2.suprx") loaded
[04:37:57.915] |C| [load_self]: Unknown segment type 0x6FFFFF01
[04:37:57.915] |I| [load_self]: Loaded module segment 0 @ [0x000AB000 - 0x002B8AF4 / 0x81000000] (size: 0x0020DAF4) of module ux0:app\PCSB01426\sce_module\libsmart.suprx
[04:37:57.915] |I| [load_self]: Loaded module segment 1 @ [0x002B9000 - 0x002BC444 / 0x8120E000] (size: 0x00003444) of module ux0:app\PCSB01426\sce_module\libsmart.suprx
[04:37:57.916] |I| [load_self]: Loading symbols for SELF: ux0:app\PCSB01426\sce_module\libsmart.suprx
[04:37:57.916] |D| [load_var_exports]: 	NID 0x6C2224BA (NID_MODULE_INFO) at 0x156528
[04:37:57.916] |D| [load_var_exports]: 	NID 0x936C8A78 (SYSLYB) at 0x15D90C
[04:37:57.916] |I| [pre_load_module]: Pre-load module SceSmart (at "app\PCSB01426\sce_module\libsmart.suprx") loaded
[04:37:57.929] |C| [load_self]: Unknown segment type 0x6FFFFF01
[04:37:57.930] |I| [load_self]: Loaded module segment 0 @ [0x002BD000 - 0x002D09BC / 0x81000000] (size: 0x000139BC) of module ux0:app\PCSB01426\sce_module\libult.suprx
[04:37:57.930] |I| [load_self]: Loaded module segment 1 @ [0x002D1000 - 0x002D1814 / 0x81014000] (size: 0x00000814) of module ux0:app\PCSB01426\sce_module\libult.suprx
[04:37:57.930] |I| [load_self]: Loading symbols for SELF: ux0:app\PCSB01426\sce_module\libult.suprx
[04:37:57.930] |D| [load_var_exports]: 	NID 0x936C8A78 (SYSLYB) at 0x2CF2E8
[04:37:57.930] |D| [load_var_exports]: 	NID 0x6C2224BA (NID_MODULE_INFO) at 0x2CC870
[04:37:57.931] |I| [pre_load_module]: Pre-load module SceUlt (at "app\PCSB01426\sce_module\libult.suprx") loaded
[04:37:57.938] |I| [load_self]: Loaded module segment 0 @ [0x002D2000 - 0x00322F04 / 0x81000000] (size: 0x00050F04) of module vs0:sys/external/libSceFt2.suprx
[04:37:57.938] |I| [load_self]: Loaded module segment 1 @ [0x00323000 - 0x003232F4 / 0x81051000] (size: 0x000002F4) of module vs0:sys/external/libSceFt2.suprx
[04:37:57.939] |I| [load_self]: Loading symbols for SELF: vs0:sys/external/libSceFt2.suprx
[04:37:57.939] |D| [load_var_exports]: 	NID 0x936C8A78 (SYSLYB) at 0x30E7DC
[04:37:57.939] |D| [load_var_exports]: 	NID 0x6C2224BA (NID_MODULE_INFO) at 0x30DF10
[04:37:57.939] |I| [pre_load_module]: Pre-load module SceLibft2 (at "sys/external/libSceFt2.suprx") loaded
[04:37:57.942] |I| [load_self]: Loaded module segment 0 @ [0x00324000 - 0x00333F14 / 0x81000000] (size: 0x0000FF14) of module vs0:sys/external/libpvf.suprx
[04:37:57.942] |I| [load_self]: Loaded module segment 1 @ [0x00334000 - 0x00334008 / 0x81010000] (size: 0x00000008) of module vs0:sys/external/libpvf.suprx
[04:37:57.942] |I| [load_self]: Loading symbols for SELF: vs0:sys/external/libpvf.suprx
[04:37:57.942] |D| [load_var_exports]: 	NID 0x936C8A78 (SYSLYB) at 0x332710
[04:37:57.942] |D| [load_var_exports]: 	NID 0x6C2224BA (NID_MODULE_INFO) at 0x332300
[04:37:57.943] |I| [pre_load_module]: Pre-load module SceLibPvf (at "sys/external/libpvf.suprx") loaded
[04:37:58.447] |C| [load_self]: Unknown segment type 0x6FFFFF01
[04:37:58.447] |I| [load_self]: Loaded module segment 0 @ [0x00335000 - 0x0161E9AC / 0x81000000] (size: 0x012E99AC) of module app0:eboot.bin
[04:37:58.448] |I| [load_self]: Loaded module segment 1 @ [0x0161F000 - 0x0172F064 / 0x822EA000] (size: 0x00110064) of module app0:eboot.bin
[04:37:58.448] |I| [load_self]: Loading symbols for SELF: app0:eboot.bin
[04:37:58.448] |D| [load_var_exports]: 	NID 0x6C2224BA (NID_MODULE_INFO) at 0x13DC324
[04:37:58.448] |D| [load_var_exports]: 	NID 0x70FBA1E7 (SCE_PROC_PARAMS) at 0x1635520
[04:37:58.448] |D| [load_var_exports]: 	NID 0x936C8A78 (SYSLYB) at 0x158A8F8
[04:37:58.448] |W| [load_var_imports]: 	NID NOT FOUND 0x338B0BD1 (UNRECOGNISED) at 0x14493CC, setting to stub value 0xDEADBEEF
[04:37:58.449] |W| [load_var_imports]: 	NID NOT FOUND 0x3A451B91 (UNRECOGNISED) at 0x14493B8, setting to stub value 0xDEADBEEF
[04:37:58.450] |W| [load_var_imports]: 	NID NOT FOUND 0x550DFE23 (UNRECOGNISED) at 0x14493E0, setting to stub value 0xDEADBEEF
[04:37:58.450] |W| [load_var_imports]: 	NID NOT FOUND 0x56354517 (UNRECOGNISED) at 0x1449380, setting to stub value 0xDEADBEEF
[04:37:58.451] |W| [load_var_imports]: 	NID NOT FOUND 0x5EF67445 (UNRECOGNISED) at 0x1449444, setting to stub value 0xDEADBEEF
[04:37:58.451] |W| [load_var_imports]: 	NID NOT FOUND 0x6ACA1D57 (UNRECOGNISED) at 0x1449408, setting to stub value 0xDEADBEEF
[04:37:58.452] |W| [load_var_imports]: 	NID NOT FOUND 0x71A78083 (UNRECOGNISED) at 0x14493A4, setting to stub value 0xDEADBEEF
[04:37:58.452] |W| [load_var_imports]: 	NID NOT FOUND 0x79F9DB75 (UNRECOGNISED) at 0x14493F4, setting to stub value 0xDEADBEEF
[04:37:58.453] |W| [load_var_imports]: 	NID NOT FOUND 0xAA0340C3 (UNRECOGNISED) at 0x144941C, setting to stub value 0xDEADBEEF
[04:37:58.454] |W| [load_var_imports]: 	NID NOT FOUND 0xF9A1DE92 (UNRECOGNISED) at 0x1449430, setting to stub value 0xDEADBEEF
[04:37:58.456] |I| [load_app_impl]: Main executable UnityPlayer_2017428_M (eboot.bin) loaded
[04:37:58.465] |D| [run_app]: Running module_start of library: SceLibc at address 0x7871
[04:37:58.485] |I| [run_app]: Module SceLibc (at "ux0:app\PCSB01426\sce_module\libc.suprx") module_start returned 0x0
[04:37:58.489] |D| [run_app]: Running module_start of library: SceFace at address 0x73265
[04:37:58.499] |I| [run_app]: Module SceFace (at "ux0:app\PCSB01426\sce_module\libface.suprx") module_start returned 0x0
[04:37:58.503] |D| [run_app]: Running module_start of library: SceLibFios2 at address 0x78001
[04:37:58.512] |W| [stubbed_impl]: Stubbed sceKernelGetProcessId import called. (pid: 0)
[04:37:58.512] |D| [export_sceFiosOverlayGetList02]: maxIDs: 127
[04:37:58.512] |W| [unimplemented_impl]: Unimplemented sceFiosOverlayGetList02 import called.
[04:37:58.513] |I| [run_app]: Module SceLibFios2 (at "ux0:app\PCSB01426\sce_module\libfios2.suprx") module_start returned 0x0
[04:37:58.516] |D| [run_app]: Running module_start of library: SceSmart at address 0xAB18D
[04:37:58.529] |I| [run_app]: Module SceSmart (at "ux0:app\PCSB01426\sce_module\libsmart.suprx") module_start returned 0x0
[04:37:58.533] |D| [run_app]: Running module_start of library: SceUlt at address 0x2C0771
[04:37:58.541] |W| [unimplemented_impl]: Unimplemented _sceUlobjMgrRegisterLibultProtocolRevision import called.
[04:37:58.541] |I| [run_app]: Module SceUlt (at "ux0:app\PCSB01426\sce_module\libult.suprx") module_start returned 0x0
[04:37:58.551] |W| [unimplemented_impl]: Unimplemented sceKernelRegisterThreadEventHandler import called.
[04:37:58.744] |I| [export_sceIoOpen]: Opening file: app0:/Media/boot.config
[04:37:58.765] |E| [call_import]: Import function for NID 0xE340C008 not found (thread name: PCSB01426, thread ID: 10)
[04:37:58.777] |W| [stubbed_impl]: Stubbed sceKernelGetFreeMemorySize import called. (Single pool)
[04:37:58.778] |W| [unimplemented_impl]: Unimplemented sceAppUtilInit import called.
[04:37:58.810] |C| [load_self]: Unknown segment type 0x6FFFFF01
[04:37:58.810] |I| [load_self]: Loaded module segment 0 @ [0x01B7D000 - 0x01B83C9C / 0x81000000] (size: 0x00006C9C) of module app0:/Media/Modules/pthread.suprx
[04:37:58.811] |I| [load_self]: Loaded module segment 1 @ [0x01B84000 - 0x01B86178 / 0x81007000] (size: 0x00002178) of module app0:/Media/Modules/pthread.suprx
[04:37:58.811] |I| [load_self]: Loading symbols for SELF: app0:/Media/Modules/pthread.suprx
[04:37:58.811] |D| [load_var_exports]: 	NID 0x6C2224BA (NID_MODULE_INFO) at 0x1B827E4
[04:37:58.811] |D| [load_var_exports]: 	NID 0x936C8A78 (SYSLYB) at 0x1B83C98
[04:37:58.820] |I| [export__sceKernelLoadStartModule]: Module PTHREAD_PRX (at "app0:/Media/Modules/pthread.suprx") module_start returned 0x0
[04:37:58.825] |I| [load_module]: Loading module ID: 0x55
[04:37:58.827] |C| [load_self]: Unknown segment type 0x6FFFFF01
[04:37:58.827] |I| [load_self]: Loaded module segment 0 @ [0x01B87000 - 0x01B8D230 / 0x81000000] (size: 0x00006230) of module sys/external/libSceJson.suprx
[04:37:58.827] |I| [load_self]: Loaded module segment 1 @ [0x01B8E000 - 0x01B8E049 / 0x81007000] (size: 0x00000049) of module sys/external/libSceJson.suprx
[04:37:58.827] |I| [load_self]: Loading symbols for SELF: sys/external/libSceJson.suprx
[04:37:58.827] |D| [load_var_exports]: 	NID 0x936C8A78 (SYSLYB) at 0x1B8D0A8
[04:37:58.827] |D| [load_var_exports]: 	NID 0x6C2224BA (NID_MODULE_INFO) at 0x1B8C020
[04:37:58.828] |I| [load_module]: Module SceLibJson (at "sys/external/libSceJson.suprx") loaded
[04:37:58.830] |W| [stubbed_impl]: Stubbed sceKernelGetThreadInfo import called. (STUB)
[04:37:58.843] |W| [stubbed_impl]: Stubbed sceKernelChangeThreadPriority import called. (STUB)
[04:37:58.844] |W| [unimplemented_impl]: Unimplemented sceKernelCreateCallback import called.
[04:37:58.844] |W| [unimplemented_impl]: Unimplemented sceKernelCallAbortHandler import called.
[04:37:58.844] |W| [unimplemented_impl]: Unimplemented sceKernelCallModuleExit import called.
[04:37:58.847] |E| [logging::ret_error_impl]: _sceKernelLockLwMutex re