[05:19:02.235] |I| [load_app_impl]: cpu-backend: Dynarmic
[05:19:02.236] |I| [load_app_impl]: CPU Optimisation state: true
[05:19:02.236] |I| [load_app_impl]: at9 audio decoder state: true
[05:19:02.236] |I| [load_app_impl]: ngs experimental state: true
[05:19:02.236] |I| [load_app_impl]: video player state: true
[05:19:02.236] |I| [load_app_impl]: lle-modules: libpgf,libSceXml,libsas,liblocation,libhandwriting,libSceJson,librudp
[05:19:02.237] |I| [load_app_impl]: Title: The Keeper of 4 Elements
[05:19:02.237] |I| [load_app_impl]: Serial: PCSB00566
[05:19:02.237] |I| [load_app_impl]: Version: 1.00
[05:19:02.237] |I| [load_app_impl]: Category: gd
[05:19:02.258] |C| [load_self]: Unknown segment type 0x6FFFFF01
[05:19:02.258] |I| [load_self]: Loaded module segment 0 @ [0x00007000 - 0x000588A4 / 0x81000000] (size: 0x000518A4) of module ux0:app\PCSB00566\sce_module\libc.suprx
[05:19:02.258] |I| [load_self]: Loaded module segment 1 @ [0x00059000 - 0x0005B8A0 / 0x81052000] (size: 0x000028A0) of module ux0:app\PCSB00566\sce_module\libc.suprx
[05:19:02.258] |I| [load_self]: Loading symbols for SELF: ux0:app\PCSB00566\sce_module\libc.suprx
[05:19:02.259] |D| [load_var_exports]: 	NID 0x936C8A78 (SYSLYB) at 0x4E314
[05:19:02.259] |D| [load_var_exports]: 	NID 0x6C2224BA (NID_MODULE_INFO) at 0x434DC
[05:19:02.259] |W| [load_var_imports]: 	NID NOT FOUND 0x93B8AA67 (UNRECOGNISED) at 0x4763C, setting to stub value 0xDEADBEEF
[05:19:02.260] |W| [load_var_imports]: 	NID NOT FOUND 0xDF084DFA (UNRECOGNISED) at 0x491D0, setting to stub value 0xDEADBEEF
[05:19:02.260] |I| [pre_load_module]: Pre-load module SceLibc (at "app\PCSB00566\sce_module\libc.suprx") loaded
[05:19:02.271] |C| [load_self]: Unknown segment type 0x6FFFFF01
[05:19:02.272] |I| [load_self]: Loaded module segment 0 @ [0x0005E000 - 0x00077000 / 0x81000000] (size: 0x00019000) of module ux0:app\PCSB00566\sce_module\libface.suprx
[05:19:02.272] |I| [load_self]: Loaded module segment 1 @ [0x00077000 - 0x000770F8 / 0x81019000] (size: 0x000000F8) of module ux0:app\PCSB00566\sce_module\libface.suprx
[05:19:02.272] |I| [load_self]: Loading symbols for SELF: ux0:app\PCSB00566\sce_module\libface.suprx
[05:19:02.272] |D| [load_var_exports]: 	NID 0x6C2224BA (NID_MODULE_INFO) at 0x73DA4
[05:19:02.272] |D| [load_var_exports]: 	NID 0x936C8A78 (SYSLYB) at 0x76784
[05:19:02.272] |I| [pre_load_module]: Pre-load module SceFace (at "app\PCSB00566\sce_module\libface.suprx") loaded
[05:19:02.279] |C| [load_self]: Unknown segment type 0x6FFFFF01
[05:19:02.279] |I| [load_self]: Loaded module segment 0 @ [0x00078000 - 0x000A4CBF / 0x81000000] (size: 0x0002CCBF) of module ux0:app\PCSB00566\sce_module\libfios2.suprx
[05:19:02.279] |I| [load_self]: Loaded module segment 1 @ [0x000A5000 - 0x000AA255 / 0x8102D000] (size: 0x00005255) of module ux0:app\PCSB00566\sce_module\libfios2.suprx
[05:19:02.279] |I| [load_self]: Loading symbols for SELF: ux0:app\PCSB00566\sce_module\libfios2.suprx
[05:19:02.279] |D| [load_var_exports]: 	NID 0x936C8A78 (SYSLYB) at 0xA4BC8
[05:19:02.279] |D| [load_var_exports]: 	NID 0x6C2224BA (NID_MODULE_INFO) at 0x9BF08
[05:19:02.280] |I| [pre_load_module]: Pre-load module SceLibFios2 (at "app\PCSB00566\sce_module\libfios2.suprx") loaded
[05:19:02.331] |C| [load_self]: Unknown segment type 0x6FFFFF01
[05:19:02.331] |I| [load_self]: Loaded module segment 0 @ [0x000AB000 - 0x002B8AF4 / 0x81000000] (size: 0x0020DAF4) of module ux0:app\PCSB00566\sce_module\libsmart.suprx
[05:19:02.331] |I| [load_self]: Loaded module segment 1 @ [0x002B9000 - 0x002BC444 / 0x8120E000] (size: 0x00003444) of module ux0:app\PCSB00566\sce_module\libsmart.suprx
[05:19:02.332] |I| [load_self]: Loading symbols for SELF: ux0:app\PCSB00566\sce_module\libsmart.suprx
[05:19:02.332] |D| [load_var_exports]: 	NID 0x6C2224BA (NID_MODULE_INFO) at 0x156528
[05:19:02.332] |D| [load_var_exports]: 	NID 0x936C8A78 (SYSLYB) at 0x15D90C
[05:19:02.332] |I| [pre_load_module]: Pre-load module SceSmart (at "app\PCSB00566\sce_module\libsmart.suprx") loaded
[05:19:02.336] |C| [load_self]: Unknown segment type 0x6FFFFF01
[05:19:02.337] |I| [load_self]: Loaded module segment 0 @ [0x002BD000 - 0x002D09BC / 0x81000000] (size: 0x000139BC) of module ux0:app\PCSB00566\sce_module\libult.suprx
[05:19:02.337] |I| [load_self]: Loaded module segment 1 @ [0x002D1000 - 0x002D1814 / 0x81014000] (size: 0x00000814) of module ux0:app\PCSB00566\sce_module\libult.suprx
[05:19:02.337] |I| [load_self]: Loading symbols for SELF: ux0:app\PCSB00566\sce_module\libult.suprx
[05:19:02.337] |D| [load_var_exports]: 	NID 0x936C8A78 (SYSLYB) at 0x2CF2E8
[05:19:02.337] |D| [load_var_exports]: 	NID 0x6C2224BA (NID_MODULE_INFO) at 0x2CC870
[05:19:02.337] |I| [pre_load_module]: Pre-load module SceUlt (at "app\PCSB00566\sce_module\libult.suprx") loaded
[05:19:02.345] |I| [load_self]: Loaded module segment 0 @ [0x002D2000 - 0x00322F04 / 0x81000000] (size: 0x00050F04) of module vs0:sys/external/libSceFt2.suprx
[05:19:02.345] |I| [load_self]: Loaded module segment 1 @ [0x00323000 - 0x003232F4 / 0x81051000] (size: 0x000002F4) of module vs0:sys/external/libSceFt2.suprx
[05:19:02.345] |I| [load_self]: Loading symbols for SELF: vs0:sys/external/libSceFt2.suprx
[05:19:02.346] |D| [load_var_exports]: 	NID 0x936C8A78 (SYSLYB) at 0x30E7DC
[05:19:02.349] |D| [load_var_exports]: 	NID 0x6C2224BA (NID_MODULE_INFO) at 0x30DF10
[05:19:02.349] |I| [pre_load_module]: Pre-load module SceLibft2 (at "sys/external/libSceFt2.suprx") loaded
[05:19:02.351] |I| [load_self]: Loaded module segment 0 @ [0x00324000 - 0x00333F14 / 0x81000000] (size: 0x0000FF14) of module vs0:sys/external/libpvf.suprx
[05:19:02.351] |I| [load_self]: Loaded module segment 1 @ [0x00334000 - 0x00334008 / 0x81010000] (size: 0x00000008) of module vs0:sys/external/libpvf.suprx
[05:19:02.352] |I| [load_self]: Loading symbols for SELF: vs0:sys/external/libpvf.suprx
[05:19:02.352] |D| [load_var_exports]: 	NID 0x936C8A78 (SYSLYB) at 0x332710
[05:19:02.352] |D| [load_var_exports]: 	NID 0x6C2224BA (NID_MODULE_INFO) at 0x332300
[05:19:02.352] |I| [pre_load_module]: Pre-load module SceLibPvf (at "sys/external/libpvf.suprx") loaded
[05:19:02.474] |C| [load_self]: Unknown segment type 0x6FFFFF01
[05:19:02.474] |I| [load_self]: Loaded module segment 0 @ [0x00335000 - 0x00757804 / 0x81000000] (size: 0x00422804) of module app0:eboot.bin
[05:19:02.474] |I| [load_self]: Loaded module segment 1 @ [0x00758000 - 0x0097A5C0 / 0x81423000] (size: 0x002225C0) of module app0:eboot.bin
[05:19:02.475] |I| [load_self]: Loading symbols for SELF: app0:eboot.bin
[05:19:02.475] |D| [load_var_exports]: 	NID 0x6C2224BA (NID_MODULE_INFO) at 0x69EFF8
[05:19:02.475] |D| [load_var_exports]: 	NID 0x70FBA1E7 (SCE_PROC_PARAMS) at 0x7583BC
[05:19:02.475] |D| [load_var_exports]: 	NID 0x936C8A78 (SYSLYB) at 0x6D71F8
[05:19:02.475] |I| [load_app_impl]: Main executable TKO4E (eboot.bin) loaded
[05:19:02.484] |D| [run_app]: Running module_start of library: SceLibc at address 0x7871
[05:19:02.509] |I| [run_app]: Module SceLibc (at "ux0:app\PCSB00566\sce_module\libc.suprx") module_start returned 0x0
[05:19:02.513] |D| [run_app]: Running module_start of library: SceFace at address 0x73265
[05:19:02.522] |I| [run_app]: Module SceFace (at "ux0:app\PCSB00566\sce_module\libface.suprx") module_start returned 0x0
[05:19:02.526] |D| [run_app]: Running module_start of library: SceLibFios2 at address 0x78001
[05:19:02.534] |W| [stubbed_impl]: Stubbed sceKernelGetProcessId import called. (pid: 0)
[05:19:02.534] |D| [export_sceFiosOverlayGetList02]: maxIDs: 127
[05:19:02.534] |W| [unimplemented_impl]: Unimplemented sceFiosOverlayGetList02 import called.
[05:19:02.534] |I| [run_app]: Module SceLibFios2 (at "ux0:app\PCSB00566\sce_module\libfios2.suprx") module_start returned 0x0
[05:19:02.538] |D| [run_app]: Running module_start of library: SceSmart at address 0xAB18D
[05:19:02.548] |I| [run_app]: Module SceSmart (at "ux0:app\PCSB00566\sce_module\libsmart.suprx") module_start returned 0x0
[05:19:02.552] |D| [run_app]: Running module_start of library: SceUlt at address 0x2C0771
[05:19:02.560] |W| [unimplemented_impl]: Unimplemented _sceUlobjMgrRegisterLibultProtocolRevision import called.
[05:19:02.560] |I| [run_app]: Module SceUlt (at "ux0:app\PCSB00566\sce_module\libult.suprx") module_start returned 0x0
[05:19:03.686] |W| [stubbed_impl]: Stubbed sceGxmMapMemory import called. (always return success)
[05:19:03.687] |W| [stubbed_impl]: Stubbed sceGxmMapVertexUsseMemory import called. (always return success)
[05:19:03.688] |W| [stubbed_impl]: Stubbed sceGxmMapFragmentUsseMemory import called. (always return success)
[05:19:03.720] |W| [stubbed_impl]: Stubbed sceDisplayWaitSetFrameBuf import called. (move after setframebuf)
[05:19:03.749] |W| [unimplemented_impl]: Unimplemented sceAppUtilInit import called.
[05:19:03.768] |D| [export_sceNgsVoicePlay]: sceNgsVoicePlay: 1
[05:19:03.769] |W| [unimplemented_impl]: Unimplemented sceNpLookupInit import called.
[05:19:03.770] |W| [stubbed_impl]: Stubbed sceNetCtlInit import called. (Stub)
[05:19:03.770] |W| [unimplemented_impl]: Unimplemented sceHttpInit import called.
[05:19:03.770] |W| [unimplemented_impl]: Unimplemented sceSslInit import called.
[05:19:03.770] |W| [stubbed_impl]: Stubbed sceNetCtlInetGetState import called. (state = SCE_NETCTL_STATE_DISCONNECTED)
[05:19:03.782] |I| [export_sceIoOpen]: Opening file: app0:resource/MTF.lbin
[05:19:03.823] |W| [stubbed_impl]: Stubbed sceKernelGetFreeMemorySize import called. (Single pool)
[05:19:03.836] |I| [export_sceIoOpen]: Opening file: app0:./resource/shader/clear_v.cg
[05:19:03.848] |I| [export_sceIoOpen]: Opening file: app0:./resource/shader/clear_v.gxp
[05:19:03.861] |I| [export_sceIoOpen]: Opening file: app0:./resource/shader/clear_f.cg
[05:19:03.862] |I| [export_sceIoOpen]: Opening file: app0:./resource/shader/clear_f.gxp
[05:19:03.869] |I| [export_sceIoOpen]: Opening file: app0:/resource/shader/fla_v.cg
[05:19:03.869] |I| [export_sceIoOpen]: Opening file: app0:/resource/shader/fla_v.gxp
[05:19:03.872] |I| [export_sceIoOpen]: Opening file: app0:/resource/shader/fla_blur_f.cg
[05:19:03.873] |I| [export_sceIoOpen]: Opening file: app0:/resource/shader/fla_blur_f.gxp
[05:19:03.877] |I| [export_sceIoOpen]: Opening file: app0:/resource/shader/fla_v.cg
[05:19:03.877] |I| [export_sceIoOpen]: Opening file: app0:/resource/shader/fla_v.gxp
[05:19:03.879] |I| [export_sceIoOpen]: Opening file: app0:/resource/shader/fla_no_blur_f.cg
[05:19:03.890] |I| [export_sceIoOpen]: Opening file: app0:/resource/shader/fla_no_blur_f.gxp
[05:19:03.892] |I| [export_sceIoOpen]: Opening file: app0:/resource/shader/fla_v.cg
[05:19:03.892] |I| [export_sceIoOpen]: Opening file: app0:/resource/shader/fla_v.gxp
[05:19:03.894] |I| [export_sceIoOpen]: Opening file: app0:/resource/shader/fla_no_blur_no_hue_f.cg
[05:19:03.894] |I| [export_sceIoOpen]: Opening file: app0:/resource/shader/fla_no_blur_no_hue_f.gxp
[05:19:03.896] |I| [export_sceIoOpen]: Opening file: app0:/resource/shader/fla_v.cg
[05:19:03.897] |I| [export_sceIoOpen]: Opening file: app0:/resource/shader/fla_v.gxp
[05:19:03.898] |I| [export_sceIoOpen]: Opening file: app0:/resource/shader/fla_stencil_f.cg
[05:19:03.899] |I| [export_sceIoOpen]: Opening file: app0:/resource/shader/fla_stencil_f.gxp
[05:19:03.909] |E| [logging::ret_error_impl]: sceGxmColorSurfaceInit returned SCE_GXM_ERROR_INVALID_POINTER (0x805B0004)
[05:19:03.933] |I| [export_sceIoOpen]: Opening file: app0:resource/shader/effect_blur_v.cg
[05:19:03.934] |I| [export_sceIoOpen]: Opening file: app0:resource/shader/effect_blur_v.gxp
[05:19:03.935] |I| [export_sceIoOpen]: Opening file: app0:resource/shader/effect_blur_f.cg
[05:19:03.936] |I| [export_sceIoOpen]: Opening file: app0:resource/shader/effect_blur_f.gxp
[05:19:03.938] |I| [export_sceIoOpen]: Opening file: app0:resource/shader/effect_glow_v.cg
[05:19:03.939] |I| [export_sceIoOpen]: Opening file: app0:resource/shader/effect_glow_v.gxp
[05:19:03.940] |I| [export_sceIoOpen]: Opening file: app0:resource/shader/effect_glow_f.cg
[05:19:03.941] |I| [export_sceIoOpen]: Opening file: app0:resource/shader/effect_glow_f.gxp
[05:19:03.943] |I| [export_sceIoOpen]: Openin