[16:38:22.489] |I| [load_app_impl]: cpu-backend: Dynarmic
[16:38:22.490] |I| [load_app_impl]: CPU Optimisation state: true
[16:38:22.490] |I| [load_app_impl]: at9 audio decoder state: true
[16:38:22.490] |I| [load_app_impl]: ngs experimental state: true
[16:38:22.490] |I| [load_app_impl]: video player state: true
[16:38:22.490] |I| [load_app_impl]: lle-modules: libpgf,libSceXml,libsas,liblocation,libhandwriting,libSceJson,librudp
[16:38:22.490] |I| [load_app_impl]: Title: Urban Trial Freestyle
[16:38:22.490] |I| [load_app_impl]: Serial: PCSB00038
[16:38:22.490] |I| [load_app_impl]: Version: 1.00
[16:38:22.490] |I| [load_app_impl]: Category: gd
[16:38:22.528] |C| [load_self]: Unknown segment type 0x6FFFFF01
[16:38:22.528] |I| [load_self]: Loaded module segment 0 @ [0x00007000 - 0x000437DC / 0x81000000] (size: 0x0003C7DC) of module ux0:app\PCSB00038\sce_module\libc.suprx
[16:38:22.528] |I| [load_self]: Loaded module segment 1 @ [0x00044000 - 0x00046374 / 0x8103D000] (size: 0x00002374) of module ux0:app\PCSB00038\sce_module\libc.suprx
[16:38:22.528] |I| [load_self]: Loading symbols for SELF: ux0:app\PCSB00038\sce_module\libc.suprx
[16:38:22.529] |D| [load_var_exports]: 	NID 0x6C2224BA (NID_MODULE_INFO) at 0x35220
[16:38:22.529] |W| [load_var_imports]: 	NID NOT FOUND 0xDF084DFA (UNRECOGNISED) at 0x389F0, setting to stub value 0xDEADBEEF
[16:38:22.529] |I| [pre_load_module]: Pre-load module SceLibc (at "app\PCSB00038\sce_module\libc.suprx") loaded
[16:38:22.544] |C| [load_self]: Unknown segment type 0x6FFFFF01
[16:38:22.544] |I| [load_self]: Loaded module segment 0 @ [0x00048000 - 0x0006A1B0 / 0x81000000] (size: 0x000221B0) of module ux0:app\PCSB00038\sce_module\libfios2.suprx
[16:38:22.544] |I| [load_self]: Loaded module segment 1 @ [0x0006B000 - 0x000701B8 / 0x81023000] (size: 0x000051B8) of module ux0:app\PCSB00038\sce_module\libfios2.suprx
[16:38:22.545] |I| [load_self]: Loading symbols for SELF: ux0:app\PCSB00038\sce_module\libfios2.suprx
[16:38:22.545] |D| [load_var_exports]: 	NID 0x6C2224BA (NID_MODULE_INFO) at 0x63CB0
[16:38:22.545] |I| [pre_load_module]: Pre-load module SceLibFios2 (at "app\PCSB00038\sce_module\libfios2.suprx") loaded
[16:38:22.560] |C| [load_self]: Unknown segment type 0x6FFFFF01
[16:38:22.560] |I| [load_self]: Loaded module segment 0 @ [0x00071000 - 0x0008506C / 0x81000000] (size: 0x0001406C) of module ux0:app\PCSB00038\sce_module\libult.suprx
[16:38:22.560] |I| [load_self]: Loaded module segment 1 @ [0x00086000 - 0x00086814 / 0x81015000] (size: 0x00000814) of module ux0:app\PCSB00038\sce_module\libult.suprx
[16:38:22.560] |I| [load_self]: Loading symbols for SELF: ux0:app\PCSB00038\sce_module\libult.suprx
[16:38:22.560] |D| [load_var_exports]: 	NID 0x6C2224BA (NID_MODULE_INFO) at 0x81B68
[16:38:22.560] |I| [pre_load_module]: Pre-load module SceUlt (at "app\PCSB00038\sce_module\libult.suprx") loaded
[16:38:22.567] |I| [load_self]: Loaded module segment 0 @ [0x00087000 - 0x000D7F04 / 0x81000000] (size: 0x00050F04) of module vs0:sys/external/libSceFt2.suprx
[16:38:22.567] |I| [load_self]: Loaded module segment 1 @ [0x000D8000 - 0x000D82F4 / 0x81051000] (size: 0x000002F4) of module vs0:sys/external/libSceFt2.suprx
[16:38:22.568] |I| [load_self]: Loading symbols for SELF: vs0:sys/external/libSceFt2.suprx
[16:38:22.568] |D| [load_var_exports]: 	NID 0x936C8A78 (SYSLYB) at 0xC37DC
[16:38:22.568] |D| [load_var_exports]: 	NID 0x6C2224BA (NID_MODULE_INFO) at 0xC2F10
[16:38:22.568] |W| [load_var_imports]: 	NID NOT FOUND 0x93B8AA67 (UNRECOGNISED) at 0xD7EE0, setting to stub value 0xDEADBEEF
[16:38:22.569] |I| [pre_load_module]: Pre-load module SceLibft2 (at "sys/external/libSceFt2.suprx") loaded
[16:38:22.571] |I| [load_self]: Loaded module segment 0 @ [0x000DA000 - 0x000E9F14 / 0x81000000] (size: 0x0000FF14) of module vs0:sys/external/libpvf.suprx
[16:38:22.571] |I| [load_self]: Loaded module segment 1 @ [0x000EA000 - 0x000EA008 / 0x81010000] (size: 0x00000008) of module vs0:sys/external/libpvf.suprx
[16:38:22.571] |I| [load_self]: Loading symbols for SELF: vs0:sys/external/libpvf.suprx
[16:38:22.572] |D| [load_var_exports]: 	NID 0x936C8A78 (SYSLYB) at 0xE8710
[16:38:22.572] |D| [load_var_exports]: 	NID 0x6C2224BA (NID_MODULE_INFO) at 0xE8300
[16:38:22.572] |I| [pre_load_module]: Pre-load module SceLibPvf (at "sys/external/libpvf.suprx") loaded
[16:38:22.635] |C| [load_self]: Unknown segment type 0x6FFFFF01
[16:38:22.635] |I| [load_self]: Loaded module segment 0 @ [0x81000000 - 0x8125FEF0 / 0x81000000] (size: 0x0025FEF0) of module app0:eboot.bin
[16:38:22.635] |I| [load_self]: Loaded module segment 1 @ [0x81260000 - 0x8150F5D8 / 0x81260000] (size: 0x002AF5D8) of module app0:eboot.bin
[16:38:22.636] |I| [load_self]: Loading symbols for SELF: app0:eboot.bin
[16:38:22.636] |D| [load_var_exports]: 	NID 0x6C2224BA (NID_MODULE_INFO) at 0x812004A4
[16:38:22.636] |D| [load_var_exports]: 	NID 0x70FBA1E7 (SCE_PROC_PARAMS) at 0x8129B4F8
[16:38:22.636] |I| [load_app_impl]: Main executable StartNGP (eboot.bin) loaded
[16:38:22.644] |D| [run_app]: Running module_start of library: SceLibc at address 0x75E5
[16:38:22.698] |I| [export_sceIoOpen]: Opening file: tty0:
[16:38:22.699] |I| [export_sceIoOpen]: Opening file: tty0:
[16:38:22.699] |I| [export_sceIoOpen]: Opening file: tty1:
[16:38:22.704] |I| [run_app]: Module SceLibc (at "ux0:app\PCSB00038\sce_module\libc.suprx") module_start returned 0x0
[16:38:22.709] |D| [run_app]: Running module_start of library: SceLibFios2 at address 0x48001
[16:38:22.717] |W| [stubbed_impl]: Stubbed sceKernelGetProcessId import called. (pid: 0)
[16:38:22.717] |W| [stubbed_impl]: Stubbed _sceFiosKernelOverlayGetList import called. (Set pActualIDs to 0)
[16:38:22.717] |D| [export__sceFiosKernelOverlayGetList]: pid: 0
[16:38:22.717] |D| [export__sceFiosKernelOverlayGetList]: buffer_size: 0
[16:38:22.717] |D| [export__sceFiosKernelOverlayGetList]: maxIDs: 0
[16:38:22.718] |D| [export__sceFiosKernelOverlayGetList]: pActualIDs: 0
[16:38:22.718] |I| [run_app]: Module SceLibFios2 (at "ux0:app\PCSB00038\sce_module\libfios2.suprx") module_start returned 0x0
[16:38:22.722] |D| [run_app]: Running module_start of library: SceUlt at address 0x74B71
[16:38:22.729] |I| [run_app]: Module SceUlt (at "ux0:app\PCSB00038\sce_module\libult.suprx") module_start returned 0x0
[16:38:22.975] |W| [stubbed_impl]: Stubbed sceGxmMapMemory import called. (always return success)
[16:38:22.978] |W| [stubbed_impl]: Stubbed sceGxmMapFragmentUsseMemory import called. (always return success)
[16:38:22.998] |W| [stubbed_impl]: Stubbed sceGxmMapVertexUsseMemory import called. (always return success)
[16:38:23.550] |W| [unimplemented_impl]: Unimplemented sceGxmDepthStencilSurfaceSetForceStoreMode import called.
[16:38:23.569] |I| [export_sceIoOpen]: Opening file: app0:\media\build\textures\water\water_NM.ebt_ngp
[16:38:23.599] |I| [export_sceIoOpen]: Opening file: app0:\media\levels\_textures_hd\cubemap\reflection_cubemap.dds
[16:38:23.621] |W| [stubbed_impl]: Stubbed sceGxmTextureInitCube import called. (Stub InitCube)
[16:38:23.621] |D| [export_sceGxmTextureInitCube]: sceGxmTextureInitCube, Unimplemeted: width: 256, height: 256
[16:38:23.629] |I| [export_sceIoOpen]: Opening file: app0:\media\elephant2.ini
[16:38:23.634] |I| [export_sceIoOpen]: Opening file: app0:\media\user.ini
[16:38:23.635] |I| [export_sceIoOpen]: Opening file: app0:\media\lang.ini
[16:38:23.637] |W| [unimplemented_impl]: Unimplemented sceAppUtilInit import called.
[16:38:23.637] |W| [unimplemented_impl]: Unimplemented sceCommonDialogSetConfigParam import called.
[16:38:23.638] |I| [load_module]: Loading module ID: 0xD
[16:38:23.640] |I| [load_self]: Loaded module segment 0 @ [0x15A2F000 - 0x15A46244 / 0x81000000] (size: 0x00017244) of module sys/external/libsas.suprx
[16:38:23.641] |I| [load_self]: Loaded module segment 1 @ [0x15A47000 - 0x15A47038 / 0x81018000] (size: 0x00000038) of module sys/external/libsas.suprx
[16:38:23.641] |I| [load_self]: Loading symbols for SELF: sys/external/libsas.suprx
[16:38:23.641] |D| [load_var_exports]: 	NID 0x936C8A78 (SYSLYB) at 0x15A43004
[16:38:23.641] |D| [load_var_exports]: 	NID 0x6C2224BA (NID_MODULE_INFO) at 0x15A42BF0
[16:38:23.641] |I| [load_module]: Module SceSasUser (at "sys/external/libsas.suprx") loaded
[16:38:23.672] |E| [call_import]: Import function for NID 0xE341C5A3 not found (thread name: PCSB00038, thread ID: 8)
[16:38:23.753] |W| [unimplemented_impl]: Unimplemented sceMotionStartSampling import called.
[16:38:23.754] |W| [unimplemented_impl]: Unimplemented sceMotionMagnetometerOn import called.
[16:38:23.755] |D| [export_sceTouchEnableTouchForce]: port: 0, state: 1
[16:38:23.756] |I| [export_sceIoOpen]: Opening file: app0:\media\levels.ini
[16:38:23.777] |I| [export_sceIoOpen]: Opening file: app0:\media\scripts\persistent_floats.def
[16:38:23.801] |I| [export_sceIoOpen]: Opening file: app0:\media\scripts\persistent_floats.def
[16:38:23.810] |I| [export_sceIoOpen]: Opening file: app0:\media\ui/fonts/TextFontArchive.ar
[16:38:23.847] |I| [export_sceIoOpen]: Opening file: app0:\media\ui/fonts/digitalFontArchive.ar
[16:38:23.950] |I| [export_sceIoOpen]: Opening file: app0:\media\localization/langs.cfg
[16:38:23.977] |I| [export_sceIoOpen]: Opening file: app0:\media\localization/input.xml
[16:38:23.998] |I| [export_sceIoOpen]: Opening file: app0:\media\localization\variables.ini
[16:38:24.000] |I| [export_sceIoOpen]: Opening file: app0:\media\localization/fr/lang_fr.ini
[16:38:24.038] |I| [export_sceIoOpen]: Opening file: app0:\media\localization/fr/lang_fr_extra_psp.ini
[16:38:24.039] |I| [export_sceIoOpen]: Opening file: app0:\media\localization/lang_extra.ini
[16:38:24.062] |I| [export_sceIoOpen]: Opening file: app0:\media\loading.PAKz
[16:38:24.319] |W| [unimplemented_impl]: Unimplemented sceMotionGetState import called.
[16:38:24.326] |W| [unimplemented_impl]: Unimplemented sceGxmDepthStencilSurfaceSetForceLoadMode import called.
[16:38:24.338] |I| [export_sceIoOpen]: Opening file: app0:\media\ui\legal\intro_408_1500kb_full.ogv
[16:38:24.386] |D| [renderer::gl::texture::translate_swizzle]: base format: -2063597568, swizzle: 0
[16:38:24.389] |I| [renderer::gl::load_shader_generic]: Generating frag shader ab6f56aea3e1cf976c22d47f30dd4861d8a2e97362df112e967113a534b4a441
[16:38:24.392] |I| [renderer::gl::load_shader_generic]: Generating vert shader 3b4104c17863d262921a01241e23c800b8caea5ecebf8501de6f5baf23243fc2
[16:38:24.393] |D| [shader::create_parameters]: [BUFFER0  + 0] pa0 = (float4) aPosition
[16:38:24.396] |E| [renderer::gl::compile_program]: Fragment info
-------------
0(16) : warning C7050: "sa[0].zw" might be used before being initialized
0(15) : warning C7050: "pa[0].zw" might be used before being initialized


[16:38:24.396] |D| [renderer::gl::texture::translate_swizzle]: base format: -2063597568, swizzle: 0
[16:38:24.409] |D| [renderer::gl::texture::translate_swizzle]: base format: 201326592, swizzle: 0
[16:38:24.409] |D| [renderer::gl::texture::translate_swizzle]: base format: 201326592, swizzle: 0
[16:38:24.410] |I| [renderer::gl::load_shader_generic]: Generating frag shader 1ce6287e37759cbf49a83caea4c9c60423f8c7aa8e2ee0aa91ebc141959d6bdb
[16:38:24.410] |D| [shader::create_fragment_inputs]: Iterator: pa0 = (half4) v_Color0
[16:38:24.412] |I| [renderer::gl::load_shader_generic]: Generating vert shader 2d80a56e63be9af54e2a728056421b6790546cd259035b8795fbc7ebbfc25e99
[16:38:24.413] |D| [shader::create_parameters]: [BUFFER0  + 0] pa0 = (float4) aPosition
[16:38:24.413] |D| [shader::create_parameters]: [BUFFER0  + 4] pa4 = (float4) aColor
[16:38:24.413] |D| [shader::create_parameters]: [BUFFER0  + 8] pa8 = (float4) aTexCoord
[16:38:24.414] |D| [shader::create_parameters]: [DEFAULT  + 0] sa0 = (float4) wvp[4]
[16:38:24.416] |E| [renderer::gl::compile_program]: Vertex info
-----------
0(25) : warning C7050: "internals[0].w" might be used before being initialized

Fragment info
-------------
0(18) : warning C7050: "pa[0].zw" might be used before being initialized


[16:38:24.417] |D| [renderer::gl::texture::translate_swizzle]: base format: -2030043136, swizzle: 0
[16:38:24.418] |D| [renderer::gl::texture::translate_swizzle]: base format: -2030043136, swizzle: 0
[16:38:24.437] |W| [stubbed_impl]: Stubbed sceDisplayWaitVblankStart import called. (wait for vblank)
[16:38:24.437] |D| [display_wait]: vcount: 1
[16:38:24.443] |I| [export_sceIoOpen]: Opening file: app0:\media\characters\Rider\_customization\bank.car
[16:38:24.443] |D| [display_wait]: vcount: 1
[16:38:24.445] |D| [renderer::gl::texture::translate_swizzle]: base format: -2063597568, swizzle: 0
[16:38:24.460] |D| [display_wait]: vcount: 1
[16:38:24.477] |D| [display_wait]: vcount: 1
[16:38:24.488] |D| [display_wait]: vcount: 1
[16:38:24.511] |D| [display_wait]: vcount: 1
[16:38:24.522] |D| [display_wait]: vcount: 1
[16:38:24.545] |D| [display_wait]: vcount: 1
[16:38:24.556] |D| [display_wait]: vcount: 1
[16:38:24.579] |D| [display_wait]: vcount: 1
[16:38:24.590] |D| [display_wait]: vcount: 1
[16:38:24.613] |D| [display_wait]: vcount: 1
[16:38:24.624] |D| [display_wait]: vcount: 1
[16:38:24.647] |D| [display_wait]: vcount: 1
[16:38:24.658] |D| [display_wait]: vcount: 1
[16:38:24.681] |D| [display_wait]: vcount: 1
[16:38:24.692] |D| [display_wait]: vcount: 1
[16:38:24.715] |D| [display_wait]: vcount: 1
[16:38:24.726] |D| [display_wait]: vcount: 1
[16:38:24.749] |D| [display_wait]: vcount: 1
[16:38:24.760] |D| [display_wait]: vcount: 1
[16:38:24.768] |I| [export_sceIoOpen]: Opening file: app0:\media\build\ui_ngp.expakz
[16:38:24.783] |D| [display_wait]: vcount: 1
[16:38:24.794] |D| [display_wait]: vcount: 1
[16:38:24.817] |D| [display_wait]: vcount: 1
[16:38:24.828] |D| [display_wait]: vcount: 1
[16:38:24.851] |D| [display_wait]: vcount: 1
[16:38:24.862] |D| [display_wait]: vcount: 1
[16:38:24.885] |D| [display_wait]: vcount: 1
[16:38:24.896] |D| [display_wait]: vcount: 1
[16:38:24.919] |D| [display_wait]: vcount: 1
[16:38:24.930] |D| [display_wait]: vcount: 1
[16:38:24.953] |D| [display_wait]: vcount: 1
[16:38:24.964] |D| [display_wait]: vcount: 1
[16:38:24.987] |D| [display_wait]: vcount: 1
[16:38:24.998] |D| [display_wait]: vcount: 1
[16:38:25.021] |D| [display_wait]: vcount: 1
[16:38:25.032] |D| [display_wait]: vcount: 1
[16:38:25.055] |D| [display_wait]: vcount: 1
[16:38:25.066] |D| [display_wait]: vcount: 1
[16:38:25.089] |D| [display_wait]: vcount: 1
[16:38:25.100] |D| [display_wait]: vcount: 1
[16:38:25.123] |D| [display_wait]: vcount: 1
[16:38:25.134] |D| [display_wait]: vcount: 1
[16:38:25.157] |D| [display_wait]: vcount: 1
[16:38:25.168] |D| [display_wait]: vcount: 1
[16:38:25.191] |D| [display_wait]: vcount: 1
[16:38:25.202] |D| [display_wait]: vcount: 1
[16:38:25.225] |D| [display_wait]: vcount: 1
[16:38:25.236] |D| [display_wait]: vcount: 1
[16:38:25.259] |D| [display_wait]: vcount: 1
[16:38:25.270] |D| [display_wait]: vcount: 1
[16:38:25.293] |D| [display_wait]: vcount: 1
[16:38:25.303] |I| [export_sceIoOpen]: Opening file: app0:\media\build\scripts.tpakz
[16:38:25.304] |D| [display_wait]: vcount: 1
[16:38:25.327] |D| [display_wait]: vcount: 1
[16:38:25.338] |D| [display_wait]: vcount: 1
[16:38:25.361] |D| [display_wait]: vcount: 1
[16:38:25.365] |I| [export_sceIoOpen]: Opening file: app0:\media\build\sound.sbpakz
[16:38:25.372] |D| [display_wait]: vcount: 1
[16:38:25.395] |D| [display_wait]: vcount: 1
[16:38:25.406] |D| [display_wait]: vcount: 1
[16:38:25.429] |D| [display_wait]: vcount: 1
[16:38:25.440] |D| [display_wait]: vcount: 1
[16:38:25.463] |D| [display_wait]: vcount: 1
[16:38:25.474] |D| [display_wait]: vcount: 1
[16:38:25.497] |D| [display_wait]: vcount: 1
[16:38:25.508] |D| [display_wait]: vcount: 1
[16:38:25.531] |D| [display_wait]: vcount: 1
[16:38:25.542] |D| [display_wait]: vcount: 1
[16:38:25.565] |D| [display_wait]: vcount: 1
[16:38:25.576] |D| [display_wait]: vcount: 1
[16:38:25.599] |D| [display_wait]: vcount: 1
[16:38:25.602] |I| [export_sceIoOpen]: Opening file: app0:\media\build\props.epbank
[16:38:25.610] |D| [display_wait]: vcount: 1
[16:38:25.633] |D| [display_wait]: vcount: 1
[16:38:25.644] |D| [display_wait]: vcount: 1
[16:38:25.667] |D| [display_wait]: vcount: 1
[16:38:25.678] |D| [display_wait]: vcount: 1
[16:38:25.701] |D| [display_wait]: vcount: 1
[16:38:25.712] |D| [display_wait]: vcount: 1
[16:38:25.735] |D| [display_wait]: vcount: 1
[16:38:25.746] |D| [display_wait]: vcount: 1
[16:38:25.769] |D| [display_wait]: vcount: 1
[16:38:25.780] |D| [display_wait]: vcount: 1
[16:38:25.803] |D| [display_wait]: vcount: 1
[16:38:25.814] |D| [display_wait]: vcount: 1
[16:38:25.837] |D| [display_wait]: vcount: 1
[16:38:25.848] |D| [display_wait]: vcount: 1
[16:38:25.871] |D| [display_wait]: vcount: 1
[16:38:25.882] |D| [display_wait]: vcount: 1
[16:38:25.905] |D| [display_wait]: vcount: 1
[16:38:25.916] |D| [display_wait]: vcount: 1
[16:38:25.939] |D| [display_wait]: vcount: 1
[16:38:25.950] |D| [display_wait]: vcount: 1
[16:38:25.973] |D| [display_wait]: vcount: 1
[16:38:25.984] |D| [display_wait]: vcount: 1
[16:38:26.007] |D| [display_wait]: vcount: 1
[16:38:26.018] |D| [display_wait]: vcount: 1
[16:38:26.041] |D| [display_wait]: vcount: 1
[16:38:26.052] |D| [display_wait]: vcount: 1
[16:38:26.075] |D| [display_wait]: vcount: 1
[16:38:26.086] |D| [display_wait]: vcount: 1
[16:38:26.109] |D| [display_wait]: vcount: 1
[16:38:26.120] |D| [display_wait]: vcount: 1
[16:38:26.143] |D| [display_wait]: vcount: 1
[16:38:26.154] |D| [display_wait]: vcount: 1
[16:38:26.177] |D| [display_wait]: vcount: 1
[16:38:26.188] |D| [display_wait]: vcount: 1
[16:38:26.211] |D| [display_wait]: vcount: 1
[16:38:26.222] |D| [display_wait]: vcount: 1
[16:38:26.245] |D| [display_wait]: vcount: 1
[16:38:26.256] |D| [display_wait]: vcount: 1
[16:38:26.279] |D| [display_wait]: vcount: 1
[16:38:26.290] |D| [display_wait]: vcount: 1
[16:38:26.313] |D| [display_wait]: vcount: 1
[16:38:26.324] |D| [display_wait]: vcount: 1
[16:38:26.347] |D| [display_wait]: vcount: 1
[16:38:26.358] |D| [display_wait]: vcount: 1
[16:38:26.381] |D| [display_wait]: vcount: 1
[16:38:26.392] |D| [display_wait]: vcount: 1
[16:38:26.415] |D| [display_wait]: vcount: 1
[16:38:26.426] |D| [display_wait]: vcount: 1
[16:38:26.449] |D| [display_wait]: vcount: 1
[16:38:26.460] |D| [display_wait]: vcount: 1
[16:38:26.483] |D| [display_wait]: vcount: 1
[16:38:26.494] |D| [display_wait]: vcount: 1
[16:38:26.517] |D| [display_wait]: vcount: 1
[16:38:26.528] |D| [display_wait]: vcount: 1
[16:38:26.551] |D| [display_wait]: vcount: 1
[16:38:26.562] |D| [display_wait]: vcount: 1
[16:38:26.585] |D| [display_wait]: vcount: 1
[16:38:26.596] |D| [display_wait]: vcount: 1
[16:38:26.619] |D| [display_wait]: vcount: 1
[16:38:26.630] |D| [display_wait]: vcount: 1
[16:38:26.653] |D| [display_wait]: vcount: 1
[16:38:26.664] |D| [display_wait]: vcount: 1
[16:38:26.687] |D| [display_wait]: vcount: 1
[16:38:26.698] |D| [display_wait]: vcount: 1
[16:38:26.721] |D| [display_wait]: vcount: 1
[16:38:26.732] |D| [display_wait]: vcount: 1
[16:38:26.755] |D| [display_wait]: vcount: 1
[16:38:26.766] |D| [display_wait]: vcount: 1
[16:38:26.789] |D| [display_wait]: vcount: 1
[16:38:26.800] |D| [display_wait]: vcount: 1
[16:38:26.823] |D| [display_wait]: vcount: 1
[16:38:26.834] |D| [display_wait]: vcount: 1
[16:38:26.857] |D| [display_wait]: vcount: 1
[16:38:26.868] |D| [display_wait]: vcount: 1
[16:38:26.891] |D| [display_wait]: vcount: 1
[16:38:26.902] |D| [display_wait]: vcount: 1
[16:38:26.925] |D| [display_wait]: vcount: 1
[16:38:26.936] |D| [display_wait]: vcount: 1
[16:38:26.959] |D| [display_wait]: vcount: 1
[16:38:26.970] |D| [display_wait]: vcount: 1
[16:38:26.993] |D| [display_wait]: vcount: 1
[16:38:27.004] |D| [display_wait]: vcount: 1
[16:38:27.027] |D| [display_wait]: vcount: 1
[16:38:27.038] |D| [display_wait]: vcount: 1
[16:38:27.061] |D| [display_wait]: vcount: 1
[16:38:27.072] |D| [display_wait]: vcount: 1
[16:38:27.095] |D| [display_wait]: vcount: 1
[16:38:27.106] |D| [display_wait]: vcount: 1
[16:38:27.129] |D| [display_wait]: vcount: 1
[16:38:27.140] |D| [display_wait]: vcount: 1
[16:38:27.162] |E| [discordrpc::update_presence::<lambda_331f079a0acdd083d9cce7eefa676