[10:11:30.342] |I| [load_app_impl]: cpu-backend: Dynarmic
[10:11:30.342] |I| [load_app_impl]: CPU Optimisation state: true
[10:11:30.342] |I| [load_app_impl]: at9 audio decoder state: true
[10:11:30.343] |I| [load_app_impl]: ngs experimental state: true
[10:11:30.343] |I| [load_app_impl]: video player state: true
[10:11:30.344] |I| [load_app_impl]: lle-modules: libSceJson,liblocation,libSceXml,libpgf,libvoice,librudp,libSceSqlite,libvoiceqos,libsas
[10:11:30.344] |I| [load_app_impl]: Title: Stealth Inc: A Clone in the Dark
[10:11:30.345] |I| [load_app_impl]: Serial: PCSB00317
[10:11:30.345] |I| [load_app_impl]: Version: 1.01
[10:11:30.345] |I| [load_app_impl]: Category: gp
[10:11:30.396] |C| [load_self]: Unknown segment type 0x6FFFFF01
[10:11:30.396] |I| [load_self]: Loaded module segment 0 @ [0x00007000 - 0x00054A2C / 0x81000000] (size: 0x0004DA2C) of module ux0:app\PCSB00317\sce_module\libc.suprx
[10:11:30.397] |I| [load_self]: Loaded module segment 1 @ [0x00055000 - 0x000576F8 / 0x8104E000] (size: 0x000026F8) of module ux0:app\PCSB00317\sce_module\libc.suprx
[10:11:30.398] |I| [load_self]: Loading symbols for SELF: ux0:app\PCSB00317\sce_module\libc.suprx
[10:11:30.399] |D| [load_var_exports]: 	NID 0x6C2224BA (NID_MODULE_INFO) at 0x40798
[10:11:30.399] |D| [load_var_exports]: 	NID 0x936C8A78 (SYSLYB) at 0x4A7D4
[10:11:30.399] |W| [load_var_imports]: 	NID NOT FOUND 0x93B8AA67 (UNRECOGNISED) at 0x44758, setting to stub value 0xDEADBEEF
[10:11:30.400] |W| [load_var_imports]: 	NID NOT FOUND 0xDF084DFA (UNRECOGNISED) at 0x4621C, setting to stub value 0xDEADBEEF
[10:11:30.401] |I| [pre_load_module]: Pre-load module SceLibc (at "app\PCSB00317\sce_module\libc.suprx") loaded
[10:11:30.409] |C| [load_self]: Unknown segment type 0x6FFFFF01
[10:11:30.409] |I| [load_self]: Loaded module segment 0 @ [0x0005A000 - 0x00070D60 / 0x81000000] (size: 0x00016D60) of module ux0:app\PCSB00317\sce_module\libface.suprx
[10:11:30.410] |I| [load_self]: Loaded module segment 1 @ [0x00071000 - 0x000710F8 / 0x81017000] (size: 0x000000F8) of module ux0:app\PCSB00317\sce_module\libface.suprx
[10:11:30.410] |I| [load_self]: Loading symbols for SELF: ux0:app\PCSB00317\sce_module\libface.suprx
[10:11:30.411] |D| [load_var_exports]: 	NID 0x6C2224BA (NID_MODULE_INFO) at 0x6DDA8
[10:11:30.411] |I| [pre_load_module]: Pre-load module SceFace (at "app\PCSB00317\sce_module\libface.suprx") loaded
[10:11:30.439] |C| [load_self]: Unknown segment type 0x6FFFFF01
[10:11:30.439] |I| [load_self]: Loaded module segment 0 @ [0x00072000 - 0x0009AB8C / 0x81000000] (size: 0x00028B8C) of module ux0:app\PCSB00317\sce_module\libfios2.suprx
[10:11:30.440] |I| [load_self]: Loaded module segment 1 @ [0x0009B000 - 0x000A01FD / 0x81029000] (size: 0x000051FD) of module ux0:app\PCSB00317\sce_module\libfios2.suprx
[10:11:30.441] |I| [load_self]: Loading symbols for SELF: ux0:app\PCSB00317\sce_module\libfios2.suprx
[10:11:30.441] |D| [load_var_exports]: 	NID 0x6C2224BA (NID_MODULE_INFO) at 0x92884
[10:11:30.441] |D| [load_var_exports]: 	NID 0x936C8A78 (SYSLYB) at 0x9AA74
[10:11:30.442] |I| [pre_load_module]: Pre-load module SceLibFios2 (at "app\PCSB00317\sce_module\libfios2.suprx") loaded
[10:11:30.493] |C| [load_self]: Unknown segment type 0x6FFFFF01
[10:11:30.493] |I| [load_self]: Loaded module segment 0 @ [0x000A1000 - 0x00299034 / 0x81000000] (size: 0x001F8034) of module ux0:app\PCSB00317\sce_module\libsmart.suprx
[10:11:30.494] |I| [load_self]: Loaded module segment 1 @ [0x0029A000 - 0x0029D728 / 0x811F9000] (size: 0x00003728) of module ux0:app\PCSB00317\sce_module\libsmart.suprx
[10:11:30.495] |I| [load_self]: Loading symbols for SELF: ux0:app\PCSB00317\sce_module\libsmart.suprx
[10:11:30.495] |D| [load_var_exports]: 	NID 0x6C2224BA (NID_MODULE_INFO) at 0x13A2E8
[10:11:30.496] |I| [pre_load_module]: Pre-load module SceSmart (at "app\PCSB00317\sce_module\libsmart.suprx") loaded
[10:11:30.500] |C| [load_self]: Unknown segment type 0x6FFFFF01
[10:11:30.500] |I| [load_self]: Loaded module segment 0 @ [0x0029E000 - 0x002B2744 / 0x81000000] (size: 0x00014744) of module ux0:app\PCSB00317\sce_module\libult.suprx
[10:11:30.501] |I| [load_self]: Loaded module segment 1 @ [0x002B3000 - 0x002B3814 / 0x81015000] (size: 0x00000814) of module ux0:app\PCSB00317\sce_module\libult.suprx
[10:11:30.501] |I| [load_self]: Loading symbols for SELF: ux0:app\PCSB00317\sce_module\libult.suprx
[10:11:30.502] |D| [load_var_exports]: 	NID 0x6C2224BA (NID_MODULE_INFO) at 0x2AE658
[10:11:30.502] |D| [load_var_exports]: 	NID 0x936C8A78 (SYSLYB) at 0x2B10A0
[10:11:30.502] |I| [pre_load_module]: Pre-load module SceUlt (at "app\PCSB00317\sce_module\libult.suprx") loaded
[10:11:30.509] |I| [load_self]: Loaded module segment 0 @ [0x002B4000 - 0x00304F04 / 0x81000000] (size: 0x00050F04) of module vs0:sys/external/libSceFt2.suprx
[10:11:30.509] |I| [load_self]: Loaded module segment 1 @ [0x00305000 - 0x003052F4 / 0x81051000] (size: 0x000002F4) of module vs0:sys/external/libSceFt2.suprx
[10:11:30.510] |I| [load_self]: Loading symbols for SELF: vs0:sys/external/libSceFt2.suprx
[10:11:30.511] |D| [load_var_exports]: 	NID 0x936C8A78 (SYSLYB) at 0x2F07DC
[10:11:30.511] |D| [load_var_exports]: 	NID 0x6C2224BA (NID_MODULE_INFO) at 0x2EFF10
[10:11:30.511] |I| [pre_load_module]: Pre-load module SceLibft2 (at "sys/external/libSceFt2.suprx") loaded
[10:11:30.513] |I| [load_self]: Loaded module segment 0 @ [0x00306000 - 0x00315F14 / 0x81000000] (size: 0x0000FF14) of module vs0:sys/external/libpvf.suprx
[10:11:30.513] |I| [load_self]: Loaded module segment 1 @ [0x00316000 - 0x00316008 / 0x81010000] (size: 0x00000008) of module vs0:sys/external/libpvf.suprx
[10:11:30.514] |I| [load_self]: Loading symbols for SELF: vs0:sys/external/libpvf.suprx
[10:11:30.515] |D| [load_var_exports]: 	NID 0x936C8A78 (SYSLYB) at 0x314710
[10:11:30.515] |D| [load_var_exports]: 	NID 0x6C2224BA (NID_MODULE_INFO) at 0x314300
[10:11:30.515] |I| [pre_load_module]: Pre-load module SceLibPvf (at "sys/external/libpvf.suprx") loaded
[10:11:30.582] |C| [load_self]: Unknown segment type 0x6FFFFF01
[10:11:30.582] |I| [load_self]: Loaded module segment 0 @ [0x81000000 - 0x8114CF98 / 0x81000000] (size: 0x0014CF98) of module app0:eboot.bin
[10:11:30.583] |I| [load_self]: Loaded module segment 1 @ [0x8114D000 - 0x815A8F48 / 0x8114D000] (size: 0x0045BF48) of module app0:eboot.bin
[10:11:30.584] |I| [load_self]: Loading symbols for SELF: app0:eboot.bin
[10:11:30.584] |D| [load_var_exports]: 	NID 0x6C2224BA (NID_MODULE_INFO) at 0x810FF5BC
[10:11:30.584] |D| [load_var_exports]: 	NID 0x70FBA1E7 (SCE_PROC_PARAMS) at 0x8115232C
[10:11:30.585] |I| [load_app_impl]: Main executable game (eboot.bin) loaded
[10:11:30.593] |D| [run_app]: Running module_start of library: SceLibc at address 0x7809
[10:11:30.610] |I| [run_app]: Module SceLibc (at "ux0:app\PCSB00317\sce_module\libc.suprx") module_start returned 0x0
[10:11:30.614] |D| [run_app]: Running module_start of library: SceFace at address 0x6D335
[10:11:30.622] |I| [run_app]: Module SceFace (at "ux0:app\PCSB00317\sce_module\libface.suprx") module_start returned 0x0
[10:11:30.626] |D| [run_app]: Running module_start of library: SceLibFios2 at address 0x72001
[10:11:30.634] |W| [stubbed_impl]: Stubbed sceKernelGetProcessId import called. (pid: 0)
[10:11:30.634] |D| [export_sceFiosOverlayGetList02]: maxIDs: 255
[10:11:30.634] |W| [unimplemented_impl]: Unimplemented sceFiosOverlayGetList02 import called.
[10:11:30.635] |I| [run_app]: Module SceLibFios2 (at "ux0:app\PCSB00317\sce_module\libfios2.suprx") module_start returned 0x0
[10:11:30.639] |D| [run_app]: Running module_start of library: SceSmart at address 0xA792D
[10:11:30.653] |I| [run_app]: Module SceSmart (at "ux0:app\PCSB00317\sce_module\libsmart.suprx") module_start returned 0x0
[10:11:30.657] |D| [run_app]: Running module_start of library: SceUlt at address 0x2A15ED
[10:11:30.664] |W| [unimplemented_impl]: Unimplemented _sceUlobjMgrRegisterLibultProtocolRevision import called.
[10:11:30.664] |I| [run_app]: Module SceUlt (at "ux0:app\PCSB00317\sce_module\libult.suprx") module_start returned 0x0
[10:11:30.750] |W| [unimplemented_impl]: Unimplemented sceAppUtilInit import called.
[10:11:30.827] |W| [stubbed_impl]: Stubbed sceGxmMapMemory import called. (always return success)
[10:11:30.831] |W| [stubbed_impl]: Stubbed sceGxmMapVertexUsseMemory import called. (always return success)
[10:11:30.831] |W| [stubbed_impl]: Stubbed sceGxmMapFragmentUsseMemory import called. (always return success)
[10:11:30.853] |W| [stubbed_impl]: Stubbed sceNetCtlInit import called. (Stub)
[10:11:30.853] |W| [unimplemented_impl]: Unimplemented sceSslInit import called.
[10:11:30.854] |W| [unimplemented_impl]: Unimplemented sceHttpInit import called.
[10:11:31.217] |I| [float_to_half_init]: AVX+F16C instruction set supported. Use fast f32 to f16 conversion
[10:11:31.218] |W| [unimplemented_impl]: Unimplemented sceGxmColorSurfaceSetDitherMode import called.
[10:11:31.236] |I| [renderer::gl::load_shader_generic]: Generating frag shader a6589bc0456d494be7226e8922a5b183db135de009dfe6636c18eca416f84a82
[10:11:31.238] |D| [shader::create_parameters]: [DEFAULT  + 0] sa0 = (half4) color
[10:11:31.240] |I| [renderer::gl::load_shader_generic]: Generating vert shader 4d4d69de960f6e16044841cea0c81bcd71546ca4464f8986ba605a6a0d145c48
[10:11:31.242] |D| [shader::create_parameters]: [BUFFER0  + 0] pa0 = (float4) aPosition
[10:11:31.242] |D| [shader::create_parameters]: [DEFAULT  + 0] sa0 = (float1) depth
[10:11:31.247] |E| [renderer::gl::compile_program]: Fragment info
-------------
0(20) : warning C7050: "pa[0].zw" might be used before being initialized


[10:11:31.249] |W| [stubbed_impl]: Stubbed sceDisplayWaitVblankStart import called. (wait for vblank)
[10:11:31.253] |W| [stubbed_impl]: Stubbed sceNpTrophyCreateHandle import called. (Stubbed handle with 1)
[10:11:31.254] |W| [stubbed_impl]: Stubbed sceNpTrophyDestroyHandle import called. (Stubbed with SCE_OK)
[10:11:31.256] |W| [unimplemented_impl]: Unimplemented sceNpScoreInit import called.
[10:11:31.257] |W| [unimplemented_impl]: Unimplemented sceNpTusInit import called.
[10:11:31.284] |I| [export_sceIoOpen]: Opening file: app0:datapak.zip
[10:11:31.286] |I| [export_sceIoOpen]: Opening file: app0:datapak.zip
[10:11:31.763] |E| [open_dir]: Directory does not exist at: D:/Emulateurs/Vita3K/mc/ux0/addcont/PCSB00317/./ (target path: addcont0:.)
[10:11:31.765] |W| [io_error_impl]: open_dir (_sceIoDopen) returned 0x80010002
[10:11:31.765] |E| [open_dir]: Directory does not exist at: D:/Emulateurs/Vita3K/mc/ux0/app/PCSB00317/DLC/ (target path: app0:DLC)
[10:11:31.766] |W| [io_error_impl]: open_dir (_sceIoDopen) returned 0x80010002
[10:11:31.767] |I| [export_sceIoOpen]: Opening file: app0:data/scripts/global_properties.lua
[10:11:31.810] |I| [export_sceIoOpen]: Opening file: app0:data/scripts/modules/__config__.lua
[10:11:31.814] |I| [export_sceIoOpen]: Opening file: app0:data/scripts/modules/sb.lua
[10:11:31.816] |I| [export_sceIoOpen]: Opening file: app0:data/scripts/uifunctions.lua
[10:11:31.939] |I| [export_sceIoOpen]: Opening file: app0:data\strings\FRENCH.bin
[10:11:32.321] |I| [export_sceIoOpen]: Opening file: app0:data/shaders/geometryutil.vs
[10:11:32.322] |I| [export_sceIoOpen]: Opening file: app0:data/shaders/geometryutil.fs
[10:11:32.350] |I| [export_sceIoOpen]: Opening file: savedata0:data_0.bin
[10:11:32.371] |W| [unimplemented_impl]: Unimplemented sceAppMgrAcquireBgmPort import called.
[10:11:32.380] |D| [export_sceNgsVoicePlay]: sceNgsVoicePlay: 1
[10:11:32.395] |I| [export_sceIoOpen]: Opening file: app0:data/audio/snd_lostclone.wav
[10:11:32.676] |I| [export_sceIoOpen]: Opening file: app0:data/scripts/nodes/__config__.lua
[10:11:32.687] |I| [renderer::gl::load_shader_generic]: Generating frag shader 7f7a0ddae04a97be973fe09d4d97c7ea16cfc8a8b7499b1a3fb9e0029bc330a0
[10:11:32.688] |D| [shader::create_parameters]: [DEFAULT  + 0] sa0 = (half4) color
[10:11:32.704] |I| [renderer::gl::load_shader_generic]: Generating vert shader 9a9663b1875535dc2c79c73fc35688a506c9d7250c4e3ddc4ccd6863ff991aa5
[10:11:32.705] |D| [shader::create_parameters]: [BUFFER0  + 0] pa0 = (float4) aPosition
[10:11:32.706] |D| [shader::create_parameters]: [DEFAULT  + 0] sa0 = (float1) depth
[10:11:32.720] |I| [export_sceIoOpen]: Opening file: app0:data/scripts/nodes/scenenode.lua
[10:11:32.721] |I| [export_sceIoOpen]: Opening file: app0:data/scripts/nodes/scenenode_config.lua
[10:11:32.727] |I| [export_sceIoOpen]: Opening file: app0:data/scripts/nodes/orthographiccameranode.lua
[10:11:32.734] |I| [export_sceIoOpen]: Opening file: app0:data/scripts/nodes/orthographiccameranode_config.lua
[10:11:32.735] |I| [export_sceIoOpen]: Opening file: app0:data/scripts/nodes/ui_slidernode.lua
[10:11:32.743] |I| [export_sceIoOpen]: Opening file: app0:data/scripts/nodes/ui_slidernode_config.lua
[10:11:32.744] |I| [export_sceIoOpen]: Opening file: app0:data/scripts/nodes/menu_pause.lua
[10:11:32.745] |I| [export_sceIoOpen]: Opening file: app0:data/scripts/nodes/menu_pause_config.lua
[10:11:32.746] |I| [export_sceIoOpen]: Opening file: app0:data/scripts/nodes/menu_chapterend.lua
[10:11:32.757] |I| [export_sceIoOpen]: Opening file: app0:data/scripts/nodes/menu_chapterend_config.lua
[10:11:32.758] |I| [export_sceIoOpen]: Opening file: app0:data/scripts/nodes/menu_levelend.lua
[10:11:32.764] |I| [export_sceIoOpen]: Opening file: app0:data/scripts/nodes/menu_levelend_config.lua
[10:11:32.765] |I| [export_sceIoOpen]: Opening file: app0:data/scripts/nodes/ui_imagebuttonnode.lua
[10:11:32.766] |I| [export_sceIoOpen]: Opening file: app0:data/scripts/nodes/ui_imagebuttonnode_config.lua
[10:11:32.766] |I| [export_sceIoOpen]: Opening file: app0:data/scripts/nodes/feforegroundnode.lua
[10:11:32.767] |I| [export_sceIoOpen]: Opening file: app0:data/scripts/nodes/feforegroundnode_config.lua
[10:11:32.768] |I| [export_sceIoOpen]: Opening file: app0:data/scripts/nodes/orthospectivecameranode.lua
[10:11:32.769] |I| [export_sceIoOpen]: Opening file: app0:data/scripts/nodes/orthospectivecameranode_config.lua
[10:11:32.771] |I| [export_sceIoOpen]: Opening file: app0:data/scripts/nodes/menu_equipselect.lua
[10:11:32.773] |I| [export_sceIoOpen]: Opening file: app0:data/scripts/nodes/menu_equipselect_config.lua
[10:11:32.774] |I| [export_sceIoOpen]: Opening file: app0:data/scripts/nodes/menu_chapterselect.lua
[10:11:32.783] |I| [export_sceIoOpen]: Opening file: app0:data/scripts/nodes/menu_chapterselect_config.lua
[10:11:32.785] |I| [export_sceIoOpen]: Opening file: app0:data/scripts/nodes/menu_dlc.lua
[10:11:32.796] |I| [export_sceIoOpen]: Opening file: app0:data/scripts/nodes/menu_dlc_config.lua
[10:11:32.796] |I| [export_sceIoOpen]: Opening file: app0:data/scripts/nodes/starsnode.lua
[10:11:32.797] |I| [export_sceIoOpen]: Opening file: app0:data/scripts/nodes/starsnode_config.lua
[10:11:32.798] |I| [export_sceIoOpen]: Opening file: app0:data/scripts/nodes/ui_imagenode.lua
[10:11:32.798] |I| [export_sceIoOpen]: Opening file: app0:data/scripts/nodes/ui_imagenode_config.lua
[10:11:32.799] |I| [export_sceIoOpen]: Opening file: app0:data/scripts/nodes/editornode.lua
[10:11:32.801] |I| [export_sceIoOpen]: Opening file: app0:data/scripts/nodes/editornode_config.lua
[10:11:32.801] |I| [export_sceIoOpen]: Opening file: app0:data/scripts/nodes/transformnode.lua
[10:11:32.802] |I| [export_sceIoOpen]: Opening file: app0:data/scripts/nodes/transformnode_config.lua
[10:11:32.802] |I| [export_sceIoOpen]: Opening file: app0:data/scripts/nodes/menu_main.lua
[10:11:32.804] |I| [export_sceIoOpen]: Opening file: app0:data/scripts/nodes/menu_main_config.lua
[10:11:32.804] |I| [export_sceIoOpen]: Opening file: app0:data/scripts/nodes/menu_credits.lua
[10:11:32.805] |I| [export_sceIoOpen]: Opening file: app0:data/scripts/nodes/menu_credits_config.lua
[10:11:32.806] |I| [export_sceIoOpen]: Opening file: app0:data/scripts/nodes/menu_cloudsync.lua
[10:11:32.806] |I| [export_sceIoOpen]: Opening file: app0:data/scripts/nodes/menu_cloudsync_config.lua
[10:11:32.807] |I| [export_sceIoOpen]: Opening file: app0:data/scripts/nodes/ui_iconbuttonnode.lua
[10:11:32.808] |I| [export_sceIoOpen]: Opening file: app0:data/scripts/nodes/ui_iconbuttonnode_config.lua
[10:11:32.809] |I| [export_sceIoOpen]: Opening file: app0:data/scripts/nodes/menu_options.lua
[10:11:32.810] |I| [export_sceIoOpen]: Opening file: app0:data/scripts/nodes/menu_options_config.lua
[10:11:32.811] |I| [export_sceIoOpen]: Opening file: app0:data/scripts/nodes/_entity_dlevelselect.lua
[10:11:32.812] |I| [export_sceIoOpen]: Opening file: app0:data/scripts/nodes/_entity_dlevelselect_config.lua
[10:11:32.813] |I| [export_sceIoOpen]: Opening file: app0:data/scripts/nodes/level_loader.lua
[10:11:32.814] |I| [export_sceIoOpen]: Opening file: app0:data/scripts/nodes/level_loader_config.lua
[10:11:32.814] |I| [export_sceIoOpen]: Opening file: app0:data/scripts/nodes/felogicnode.lua
[10:11:32.815] |I| [export_sceIoOpen]: Opening file: app0:data/scripts/nodes/felogicnode_config.lua
[10:11:32.818] |I| [export_sceIoOpen]: Opening file: app0:data/scripts/nodes/menu_containernode.lua
[10:11:32.819] |I| [export_sceIoOpen]: Opening file: app0:data/scripts/nodes/menu_containernode_config.lua
[10:11:32.820] |I| [export_sceIoOpen]: Opening file: app0:data/scripts/nodes/menu_levelselect.lua
[10:11:32.822] |I| [export_sceIoOpen]: Opening file: app0:data/scripts/nodes/menu_levelselect_config.lua
[10:11:32.823] |I| [export_sceIoOpen]: Opening file: app0:data/scripts/nodes/ui_leaderboardnode.lua
[10:11:32.824] |I| [export_sceIoOpen]: Opening file: app0:data/scripts/nodes/ui_leaderboardnode_config.lua
[10:11:32.824] |I| [export_sceIoOpen]: Opening file: app0:data/scripts/nodes/ui_lockbuttonnode.lua
[10:11:32.825] |I| [export_sceIoOpen]: Opening file: app0:data/scripts/nodes/ui_lockbuttonnode_config.lua
[10:11:32.826] |I| [export_sceIoOpen]: Opening file: app0:data/scripts/nodes/ui_buttonnode.lua
[10:11:32.826] |I| [export_sceIoOpen]: Opening file: app0:data/scripts/nodes/ui_buttonnode_config.lua
[10:11:32.827] |I| [export_sceIoOpen]: Opening file: app0:data/scripts/nodes/_entity_game_entity.lua
[10:11:32.828] |I| [export_sceIoOpen]: Opening file: app0:data/scripts/nodes/_entity_game_entity_config.lua
[10:11:32.828] |I| [export_sceIoOpen]: Opening file: app0:data/scripts/nodes/ui_textnode.lua
[10:11:32.829] |I| [export_sceIoOpen]: Opening file: app0:data/scripts/nodes/ui_textnode_config.lua
[10:11:32.830] |I| [export_sceIoOpen]: Opening file: app0:data/scripts/nodes/edit3dnode.lua
[10:11:32.833] |I| [export_sceIoOpen]: Opening file: app0:data/scripts/nodes/edit3dnode_config.lua
[10:11:32.834] |I| [export_sceIoOpen]: Opening file: app0:data/scripts/nodes/intromovie.lua
[10:11:32.835] |I| [export_sceIoOpen]: Opening file: app0:data/scripts/nodes/intromovie_config.lua
[10:11:32.836] |I| [export_sceIoOpen]: Opening file: app0:data/scripts/nodes/endmovie.lua
[10:11:32.837] |I| [export_sceIoOpen]: Opening file: app0:data/scripts/nodes/endmovie_config.lua
[10:11:32.855] |I| [export_sceIoOpen]: Opening file: app0:data/scripts/entities/__config__.lua
[10:11:32.861] |I| [export_sceIoOpen]: Opening file: app0:data/scripts/entities/entity_game_entity_scene.lua
[10:11:32.871] |I| [export_sceIoOpen]: Opening file: app0:data/scripts/entities/entity_dlevelselect_scene.lua
[10:11:32.873] |I| [export_sceIoOpen]: Opening file: app0:data/scripts/stages/__config__.lua
[10:11:32.884] |I| [export_sceIoOpen]: Opening file: app0:data/scripts/stages/bootstage.lua
[10:11:32.884] |I| [export_sceIoOpen]: Opening file: app0:data/scripts/stages/threedtest.lua
[10:11:32.885] |I| [export_sceIoOpen]: Opening file: app0:data/scripts/stages/levelselectstage.lua
[10:11:32.885] |I| [export_sceIoOpen]: Opening file: app0:data/scripts/stages/frontendstage.lua
[10:11:32.886] |I| [export_sceIoOpen]: Opening file: app0:data/scripts/stages/editorstage.lua
[10:11:32.886] |I| [export_sceIoOpen]: Opening file: app0:data/scripts/stages/endmoviestage.lua
[10:11:32.889] |W| [stubbed_impl]: Stubbed __sceAppMgrGetAppState import called. (Set to 0.)
[10:11:32.889] |W| [stubbed_impl]: Stubbed sceNpCheckCallback import called. (Stub)
[10:11:32.924] |I| [export_sceIoOpen]: Opening file: app0:data/scripts/scenes/bootstage_scene.lua
[10:11:32.928] |I| [export_sceIoOpen]: Opening file: app0:data/audio/curve_logo.ogg
[10:11:32.986] |I| [export_sceIoOpen]: Opening file: app0:data/movies/curvelogo.ivf
[10:11:33.035] |W| [unimplemented_impl]: Unimplemented sceGxmTextureValidate import called.
[10:11:33.070] |I| [renderer::gl::load_shader_generic]: Generating frag shader 3b6ed0699c3bb9f851c74809d3476d2f9acfff5f2ddd872221c4b2a75c6b89e8
[10:11:33.072] |D| [shader::create_fragment_inputs]: Iterator: pa0 = (half4) v_Color0
[10:11:33.076] |I| [renderer::gl::load_shader_generic]: Generating vert shader 1f19af10ea76b6213063bc9eddd1df20a7a8eafeeb0c089adce940b3c11ed49b
[10:11:33.077] |D| [shader::create_parameters]: [BUFFER0  + 0] pa0 = (float4) attrib_position
[10:11:33.077] |D| [shader::create_parameters]: [BUFFER0  + 4] pa4 = (float4) attrib_center
[10:11:33.078] |D| [shader::create_parameters]: [BUFFER0  + 8] pa8 = (float4) attrib_rot
[10:11:33.078] |D| [shader::create_parameters]: [BUFFER0  + 12] pa12 = (float4) attrib_uv
[10:11:33.080] |D| [shader::create_parameters]: [BUFFER0  + 16] pa16 = (float4) attrib_col
[10:11:33.081] |D| [shader::create_parameters]: [DEFAULT  + 0] sa0 = (float4) uniform_mtx4_wvp[4]
[10:11:33.081] |D| [export_sceNgsVoicePlay]: sceNgsVoicePlay: 1
[10:11:33.115] |E| [renderer::gl::compile_program]: Vertex info
-----------
0(27) : warning C7050: "internals[0]" might be used before being initialized
0(27) : warning C7050: "internals[1]" might be used before being initialized
0(27) : warning C7050: "internals[2]" might be used before being initialized

Fragment info
-------------
0(18) : warning C7050: "pa[0].zw" might be used before being initialized


[10:11:33.186] |I| [renderer::gl::load_shader_generic]: Generating frag shader 1b4ea77bce5c5a0649096e3d5441c4c5efee9e6c47b6827d108db33f68389c9f
[10:11:33.196] |I| [renderer::gl::load_shader_generic]: Generating vert shader 9ff71b2867d18d9124a99dda4a7fc0ed8f71fb3244ff51e6aaa357f4df6e5653
[10:11:33.197] |D| [shader::create_parameters]: [BUFFER0  + 0] pa0 = (float4) attrib_position
[10:11:33.197] |D| [shader::create_parameters]: [BUFFER0  + 4] pa4 = (float4) attrib_normal
[10:11:33.197] |D| [shader::create_parameters]: [BUFFER0  + 8] pa8 = (float4) attrib_colour
[10:11:33.198] |D| [shader::create_parameters]: [BUFFER0  + 12] pa12 = (float4) attrib_uv
[10:11:33.198] |D| [shader::create_parameters]: [DEFAULT  + 0] sa0 = (float4) uniform_mtx4_wvp[4]
[10:11:33.218] |E| [renderer::gl::compile_program]: Vertex info
-----------
0(27) : warning C7050: "internals[0].w" might be used before being initialized

Fragment info
-------------
0(18) : warning C7050: "sa[2]" might be used before being initialized
0(19) : warning C7050: "internals[0]" might be used before being initialized
0(19) : warning C7050: "internals[1]" might be used before being initialized
0(19) : warning C7050: "internals[2]" might be used before being initialized
0(20) : warning C7050: "r[0].zw" might be used before being initialized


[10:11:37.213] |I| [export_sceIoOpen]: Opening file: app0:data/audio/sb_logo.ogg
[10:11:37.248] |I| [export_sceIoOpen]: Opening file: app0:data/movies/stealth_inc_logo.ivf
[10:11:37.306] |D| [export_sceNgsVoicePlay]: sceNgsVoicePlay: 1
[10:11:37.321] |D| [export_sceNgsVoicePlay]: sceNgsVoicePlay: 1
[10:11:37.341] |D| [export_sceNgsVoicePlay]: sceNgsVoicePlay: 1
[10:11:37.361] |D| [export_sceNgsVoicePlay]: sceNgsVoicePlay: 1
[10:11:37.380] |D| [export_sceNgsVoicePlay]: sceNgsVoicePlay: 1
[10:11:37.410] |D| [export_sceNgsVoicePlay]: sceNgsVoicePlay: 1
[10:11:37.441] |D| [export_sceNgsVoicePlay]: sceNgsVoicePlay: 1
[10:11:37.460] |D| [export_sceNgsVoicePlay]: sceNgsVoicePlay: 1
[10:11:37.481] |D| [export_sceNgsVoicePlay]: sceNgsVoicePlay: 1
[10:11:37.501] |D| [export_sceNgsVoicePlay]: sceNgsVoicePlay: 1
[10:11:37.541] |D| [export_sceNgsVoicePlay]: sceNgsVoicePlay: 1
[10:11:37.561] |D| [export_sceNgsVoicePlay]: sceNgsVoicePlay: 1
[10:11:37.580] |D| [export_sceNgsVoicePlay]: sceNgsVoicePlay: 1
[10:11:37.601] |D| [export_sceNgsVoicePlay]: sceNgsVoicePlay: 1
[10:11:37.631] |D| [export_sceNgsVoicePlay]: sceNgsVoicePlay: 1
[10:11:37.651] |D| [export_sceNgsVoicePlay]: sceNgsVoicePlay: 1
[10:11:37.670] |D| [export_sceNgsVoicePlay]: sceNgsVoicePlay: 1
[10:11:37.691] |D| [export_sceNgsVoicePlay]: sceNgsVoicePlay: 1
[10:11:37.711] |D| [export_sceNgsVoicePlay]: sceNgsVoicePlay: 1
[10:11:37.741] |D| [export_sceNgsVoicePlay]: sceNgsVoicePlay: 1
[10:11:37.771] |D| [export_sceNgsVoicePlay]: sceNgsVoicePlay: 1
[10:11:37.790] |D| [export_sceNgsVoicePlay]: sceNgsVoicePlay: 1
[10:11:37.811] |D| [export_sceNgsVoicePlay]: sceNgsVoicePlay: 1
[10:11:37.841] |D| [export_sceNgsVoicePlay]: sceNgsVoicePlay: 1
[10:11:37.870] |D| [export_sceNgsVoicePlay]: sceNgsVoicePlay: 1
[10:11:37.891] |D| [export_sceNgsVoicePlay]: sceNgsVoicePlay: 1
[10:11:37.911] |D| [export_sceNgsVoicePlay]: sceNgsVoicePlay: 1
[10:11:37.931] |D| [export_sceNgsVoicePlay]: sceNgsVoicePlay: 1
[10:11:37.961] |D| [export_sceNgsVoicePlay]: sceNgsVoicePlay: 1
[10:11:37.991] |D| [export_sceNgsVoicePlay]: sceNgsVoicePlay: 1
[10:11:38.000] |D| [export_sceNgsVoicePlay]: sceNgsVoicePlay: 1
[10:11:38.021] |D| [export_sceNgsVoicePlay]: sceNgsVoicePlay: 1
[10:11:38.051] |D| [export_sceNgsVoicePlay]: sceNgsVoicePlay: 1
[10:11:38.071] |D| [export_sceNgsVoicePlay]: sceNgsVoicePlay: 1
[10:11:38.101] |D| [export_sceNgsVoicePlay]: sceNgsVoicePlay: 1
[10:11:38.120] |D| [export_sceNgsVoicePlay]: sceNgsVoicePlay: 1
[10:11:38.140] |D| [export_sceNgsVoicePlay]: sceNgsVoicePlay: 1
[10:11:38.170] |D| [export_sceNgsVoicePlay]: sceNgsVoicePlay: 1
[10:11:38.200] |D| [export_sceNgsVoicePlay]: sceNgsVoicePlay: 1
[10:11:38.221] |D| [export_sceNgsVoicePlay]: sceNgsVoicePlay: 1
[10:11:38.241] |D| [export_sceNgsVoicePlay]: sceNgsVoicePlay: 1
[10:11:38.260] |D| [export_sceNgsVoicePlay]: sceNgsVoicePlay: 1
[10:11:38.290] |D| [export_sceNgsVoicePlay]: sceNgsVoicePlay: 1
[10:11:38.320] |D| [export_sceNgsVoicePlay]: sceNgsVoicePlay: 1
[10:11:38.341] |D| [export_sceNgsVoicePlay]: sceNgsVoicePlay: 1
[10:11:38.350] |D| [export_sceNgsVoicePlay]: sceNgsVoicePlay: 1
[10:11:38.380] |D| [export_sceNgsVoicePlay]: sceNgsVoicePlay: 1
[10:11:38.401] |D| [export_sceNgsVoicePlay]: sceNgsVoicePlay: 1
[10:11:38.431] |D| [export_sceNgsVoicePlay]: sceNgsVoicePlay: 1
[10:11:38.451] |D| [export_sceNgsVoicePlay]: sceNgsVoicePlay: 1
[10:11:38.470] |D| [export_sceNgsVoicePlay]: sceNgsVoicePlay: 1
[10:11:38.500] |D| [export_sceNgsVoicePlay]: sceNgsVoicePlay: 1
[10:11:38.530] |D| [export_sceNgsVoicePlay]: sceNgsVoicePlay: 1
[10:11:38.551] |D| [export_sceNgsVoicePlay]: sceNgsVoicePlay: 1
[10:11:38.571] |D| [export_sceNgsVoicePlay]: sceNgsVoicePlay: 1
[10:11:38.601] |D| [export_sceNgsVoicePlay]: sceNgsVoicePlay: 1
[10:11:38.621] |D| [export_sceNgsVoicePlay]: sceNgsVoicePlay: 1
[10:11:38.651] |D| [export_sceNgsVoicePlay]: sceNgsVoicePlay: 1
[10:11:38.670] |D| [export_sceNgsVoicePlay]: sceNgsVoicePlay: 1
[10:11:38.691] |D| [export_sceNgsVoicePlay]: sceNgsVoicePlay: 1
[10:11:38.711] |D| [export_sceNgsVoicePlay]: sceNgsVoicePlay: 1
[10:11:38.730] |D| [export_sceNgsVoicePlay]: sceNgsVoicePlay: 1
[10:11:38.760] |D| [export_sceNgsVoicePlay]: sceNgsVoicePlay: 1
[10:11:38.781] |D| [export_sceNgsVoicePlay]: sceNgsVoicePlay: 1
[10:11:38.811] |D| [export_sceNgsVoicePlay]: sceNgsVoicePlay: 1
[10:11:38.831] |D| [export_sceNgsVoicePlay]: sceNgsVoicePlay: 1
[10:11:38.861] |D| [export_sceNgsVoicePlay]: sceNgsVoicePlay: 1
[10:11:38.880] |D| [export_sceNgsVoicePlay]: sceNgsVoicePlay: 1
[10:11:38.900] |D| [export_sceNgsVoicePlay]: sceNgsVoicePlay: 1
[10:11:38.930] |D| [export_sceNgsVoicePlay]: sceNgsVoicePlay: 1
[10:11:38.951] |D| [export_sceNgsVoicePlay]: sceNgsVoicePlay: 1
[10:11:38.981] |D| [export_sceNgsVoicePlay]: sceNgsVoicePlay: 1
[10:11:39.001] |D| [export_sceNgsVoicePlay]: sceNgsVoicePlay: 1
[10:11:39.020] |D| [export_sceNgsVoicePlay]: sceNgsVoicePlay: 1
[10:11:39.050] |D| [export_sceNgsVoicePlay]: sceNgsVoicePlay: 1
[10:11:39.080] |D| [export_sceNgsVoicePlay]: sceNgsVoicePlay: 1
[10:11:39.101] |D| [export_sceNgsVoicePlay]: sceNgsVoicePlay: 1
[10:11:39.121] |D| [export_sceNgsVoicePlay]: sceNgsVoicePlay: 1
[10:11:39.151] |D| [export_sceNgsVoicePlay]: sceNgsVoicePlay: 1
[10:11:39.171] |D| [export_sceNgsVoicePlay]: sceNgsVoicePlay: 1
[10:11:39.201] |D| [export_sceNgsVoicePlay]: sceNgsVoicePlay: 1
[10:11:39.220] |D| [export_sceNgsVoicePlay]: sceNgsVoicePlay: 1
[10:11:39.241] |D| [export_sceNgsVoicePlay]: sceNgsVoicePlay: 1
[10:11:39.271] |D| [export_sceNgsVoicePlay]: sceNgsVoicePlay: 1
[10:11:39.301] |D| [export_sceNgsVoicePlay]: sceNgsVoicePlay: 1
[10:11:39.321] |D| [export_sceNgsVoicePlay]: sceNgsVoicePlay: 1
[10:11:39.340] |D| [export_sceNgsVoicePlay]: sceNgsVoicePlay: 1
[10:11:39.370] |D| [export_sceNgsVoicePlay]: sceNgsVoicePlay: 1
[10:11:39.391] |D| [export_sceNgsVoicePlay]: sceNgsVoicePlay: 1
[10:11:39.411] |D| [export_sceNgsVoicePlay]: sceNgsVoicePlay: 1
[10:11:39.430] |D| [export_sceNgsVoicePlay]: sceNgsVoicePlay: 1
[10:11:39.451] |D| [export_sceNgsVoicePlay]: sceNgsVoicePlay: 1
[10:11:39.481] |D| [export_sceNgsVoicePlay]: sceNgsVoicePlay: 1
[10:11:39.501] |D| [export_sceNgsVoicePlay]: sceNgsVoicePlay: 1
[10:11:39.531] |D| [export_sceNgsVoicePlay]: sceNgsVoicePlay: 1
[10:11:39.551] |D| [export_sceNgsVoicePlay]: sceNgsVoicePlay: 1
[10:11:39.581] |D| [export_sceNgsVoicePlay]: sceNgsVoicePlay: 1
[10:11:39.600] |D| [export_sceNgsVoicePlay]: sceNgsVoicePlay: 1
[10:11:39.630] |D| [export_sceNgsVoicePlay]: sceNgsVoicePlay: 1
[10:11:39.651] |D| [export_sceNgsVoicePlay]: sceNgsVoicePlay: 1
[10:11:39.671] |D| [export_sceNgsVoicePlay]: sceNgsVoicePlay: 1
[10:11:39.701] |D| [export_sceNgsVoicePlay]: sceNgsVoicePlay: 1
[10:11:39.720] |D| [export_sceNgsVoicePlay]: sceNgsVoicePlay: 1
[10:11:39.751] |D| [export_sceNgsVoicePlay]: sceNgsVoicePlay: 1
[10:11:39.761] |D| [export_sceNgsVoicePlay]: sceNgsVoicePlay: 1
[10:11:39.781] |D| [export_sceNgsVoicePlay]: sceNgsVoicePlay: 1
[10:11:39.811] |D| [export_sceNgsVoicePlay]: sceNgsVoicePlay: 1
[10:11:39.830] |D| [export_sceNgsVoicePlay]: sceNgsVoicePlay: 1
[10:11:39.860] |D| [export_sceNgsVoicePlay]: sceNgsVoicePlay: 1
[10:11:39.881] |D| [export_sceNgsVoicePlay]: sceNgsVoicePlay: 1
[10:11:39.911] |D| [export_sceNgsVoicePlay]: sceNgsVoicePlay: 1
[10:11:39.931] |D| [export_sceNgsVoicePlay]: sceNgsVoicePlay: 1
[10:11:39.961] |D| [export_sceNgsVoicePlay]: sceNgsVoicePlay: 1
[10:11:39.980] |D| [export_sceNgsVoicePlay]: sceNgsVoicePlay: 1
[10:11:40.001] |D| [export_sceNgsVoicePlay]: sceNgsVoicePlay: 1
[10:11:40.031] |D| [export_sceNgsVoicePlay]: sceNgsVoicePlay: 1
[10:11:40.051] |D| [export_sceNgsVoicePlay]: sceNgsVoicePlay: 1
[10:11:40.081] |D| [export_sceNgsVoicePlay]: sceNgsVoicePlay: 1
[10:11:40.100] |D| [export_sceNgsVoicePlay]: sceNgsVoicePlay: 1
[10:11:40.121] |D| [export_sceNgsVoicePlay]: sceNgsVoicePlay: 1
[10:11:40.141] |D| [export_sceNgsVoicePlay]: sceNgsVoicePlay: 1
[10:11:40.160] |D| [export_sceNgsVoicePlay]: sceNgsVoicePlay: 1
[10:11:40.190] |D| [export_sceNgsVoicePlay]: sceNgsVoicePlay: 1
[10:11:40.211] |D| [export_sceNgsVoicePlay]: sceNgsVoicePlay: 1
[10:11:40.241] |D| [export_sceNgsVoicePlay]: sceNgsVoicePlay: 1
[10:11:40.261] |D| [export_sceNgsVoicePlay]: sceNgsVoicePlay: 1
[10:11:40.291] |D| [export_sceNgsVoicePlay]: sceNgsVoicePlay: 1
[10:11:40.311] |D| [export_sceNgsVoicePlay]: sceNgsVoicePlay: 1
[10:11:40.341] |D| [export_sceNgsVoicePlay]: sceNgsVoicePlay: 1
[10:11:40.361] |D| [export_sceNgsVoicePlay]: sceNgsVoicePlay: 1
[10:11:40.380] |D| [export_sceNgsVoicePlay]: sceNgsVoicePlay: 1
[10:11:40.410] |D| [export_sceNgsVoicePlay]: sceNgsVoicePlay: 1
[10:11:40.431] |D| [export_sceNgsVoicePlay]: sceNgsVoicePlay: 1
[10:11:40.461] |D| [export_sceNgsVoicePlay]: sceNgsVoicePlay: 1
[10:11:40.481] |D| [export_sceNgsVoicePlay]: sceNgsVoicePlay: 1
[10:11:40.511] |D| [export_sceNgsVoicePlay]: sceNgsVoicePlay: 1
[10:11:40.530] |D| [export_sceNgsVoicePlay]: sceNgsVoicePlay: 1
[10:11:40.551] |D| [export_sceNgsVoicePlay]: sceNgsVoicePlay: 1
[10:11:40.581] |D| [export_sceNgsVoicePlay]: sceNgsVoicePlay: 1
[10:11:40.601] |D| [export_sceNgsVoicePlay]: sceNgsVoicePlay: 1
[10:11:40.631] |D| [export_sceNgsVoicePlay]: sceNgsVoicePlay: 1
[10:11:40.650] |D| [export_sceNgsVoicePlay]: sceNgsVoicePlay: 1
[10:11:40.680] |D| [export_sceNgsVoicePlay]: sceNgsVoicePlay: 1
[10:11:40.701] |D| [export_sceNgsVoicePlay]: sceNgsVoicePlay: 1
[10:11:40.731] |D| [export_sceNgsVoicePlay]: sceNgsVoicePlay: 1
[10:11:40.751] |D| [export_sceNgsVoicePlay]: sceNgsVoicePlay: 1
[10:11:40.770] |D| [export_sceNgsVoicePlay]: sceNgsVoicePlay: 1
[10:11:40.800] |D| [export_sceNgsVoicePlay]: sceNgsVoicePlay: 1
[10:11:40.811] |D| [export_sceNgsVoicePlay]: sceNgsVoicePlay: 1
[10:11:40.841] |D| [export_sceNgsVoicePlay]: sceNgsVoicePlay: 1
[10:11:40.860] |D| [export_sceNgsVoicePlay]: sceNgsVoicePlay: 1
[10:11:40.890] |D| [export_sceNgsVoicePlay]: sceNgsVoicePlay: 1
[10:11:40.910] |D| [export_sceNgsVoicePlay]: sceNgsVoicePlay: 1
[10:11:40.931] |D| [export_sceNgsVoicePlay]: sceNgsVoicePlay: 1
[10:11:40.961] |D| [export_sceNgsVoicePlay]: sceNgsVoicePlay: 1
[10:11:40.981] |D| [export_sceNgsVoicePlay]: sceNgsVoicePlay: 1
[10:11:41.011] |D| [export_sceNgsVoicePlay]: sceNgsVoicePlay: 1
[10:11:41.030] |D| [export_sceNgsVoicePlay]: sceNgsVoicePlay: 1
[10:11:41.060] |D| [export_sceNgsVoicePlay]: sceNgsVoicePlay: 1
[10:11:41.081] |D| [export_sceNgsVoicePlay]: sceNgsVoicePlay: 1
[10:11:41.111] |D| [export_sceNgsVoicePlay]: sceNgsVoicePlay: 1
[10:11:41.131] |D| [export_sceNgsVoicePlay]: sceNgsVoicePlay: 1
[10:11:41.150] |D| [export_sceNgsVoicePlay]: sceNgsVoicePlay: 1
[10:11:41.171] |D| [export_sceNgsVoicePlay]: sceNgsVoicePlay: 1
[10:11:41.191] |D| [export_sceNgsVoicePlay]: sceNgsVoicePlay: 1
[10:11:41.221] |D| [export_sceNgsVoicePlay]: sceNgsVoicePlay: 1
[10:11:41.240] |D| [export_sceNgsVoicePlay]: sceNgsVoicePlay: 1
[10:11:41.261] |D| [export_sceNgsVoicePlay]: sceNgsVoicePlay: 1
[10:11:41.291] |D| [export_sceNgsVoicePlay]: sceNgsVoicePlay: 1
[10:11:41.311] |D| [export_sceNgsVoicePlay]: sceNgsVoicePlay: 1
[10:11:41.341] |D| [export_sceNgsVoicePlay]: sceNgsVoicePlay: 1
[10:11:41.360] |D| [export_sceNgsVoicePlay]: sceNgsVoicePlay: 1
[10:11:41.390] |D| [export_sceNgsVoicePlay]: sceNgsVoicePlay: 1
[10:11:41.411] |D| [export_sceNgsVoicePlay]: sceNgsVoicePlay: 1
[10:11:41.440] |D| [export_sceNgsVoicePlay]: sceNgsVoicePlay: 1
[10:11:41.461] |D| [export_sceNgsVoicePlay]: sceNgsVoicePlay: 1
[10:11:41.481] |D| [export_sceNgsVoicePlay]: sceNgsVoicePlay: 1
[10:11:41.511] |D| [export_sceNgsVoicePlay]: sceNgsVoicePlay: 1
[10:11:41.521] |D| [export_sceNgsVoicePlay]: sceNgsVoicePlay: 1
[10:11:41.551] |D| [export_sceNgsVoicePlay]: sceNgsVoicePlay: 1
[10:11:41.571] |D| [export_sceNgsVoicePlay]: sceNgsVoicePlay: 1
[10:11:41.590] |D| [export_sceNgsVoicePlay]: sceNgsVoicePlay: 1
[10:11:41.620] |D| [export_sceNgsVoicePlay]: sceNgsVoicePlay: 1
[10:11:41.650] |D| [export_sceNgsVoicePlay]: sceNgsVoicePlay: 1
[10:11:41.671] |D| [export_sceNgsVoicePlay]: sceNgsVoicePlay: 1
[10:11:41.691] |D| [export_sceNgsVoicePlay]: sceNgsVoicePlay: 1
[10:11:41.721] |D| [export_sceNgsVoicePlay]: sceNgsVoicePlay: 1
[10:11:41.740] |D| [export_sceNgsVoicePlay]: sceNgsVoicePlay: 1
[10:11:41.770] |D| [export_sceNgsVoicePlay]: sceNgsVoicePlay: 1
[10:11:41.791] |D| [export_sceNgsVoicePlay]: sceNgsVoicePlay: 1
[10:11:41.811] |D| [export_sceNgsVoicePlay]: sceNgsVoicePlay: 1
[10:11:41.841] |D| [export_sceNgsVoicePlay]: sceNgsVoicePlay: 1
[10:11:41.871] |D| [export_sceNgsVoicePlay]: sceNgsVoicePlay: 1
[10:11:41.890] |D| [export_sceNgsVoicePlay]: sceNgsVoicePlay: 1
[10:11:41.911] |D| [export_sceNgsVoicePlay]: sceNgsVoicePlay: 1
[10:11:41.941] |D| [export_sceNgsVoicePlay]: sceNgsVoicePlay: 1
[10:11:41.961] |D| [export_sceNgsVoicePlay]: sceNgsVoicePlay: 1
[10:11:41.991] |D| [export_sceNgsVoicePlay]: sceNgsVoicePlay: 1
[10:11:42.010] |D| [export_sceNgsVoicePlay]: sceNgsVoicePlay: 1
[10:11:42.031] |D| [export_sceNgsVoicePlay]: sceNgsVoicePlay: 1
[10:11:42.060] |D| [export_sceNgsVoicePlay]: sceNgsVoicePlay: 1
[10:11:42.081] |D| [export_sceNgsVoicePlay]: sceNgsVoicePlay: 1
[10:11:42.111] |D| [export_sceNgsVoicePlay]: sceNgsVoicePlay: 1
[10:11:42.131] |D| [export_sceNgsVoicePlay]: sceNgsVoicePlay: 1
[10:11:42.161] |D| [export_sceNgsVoicePlay]: sceNgsVoicePlay: 1
[10:11:42.180] |D| [export_sceNgsVoicePlay]: sceNgsVoicePlay: 1
[10:11:42.210] |D| [export_sceNgsVoicePlay]: sceNgsVoicePlay: 1
[10:11:42.221] |D| [export_sceNgsVoicePlay]: sceNgsVoicePlay: 1
[10:11:42.240] |D| [export_sceNgsVoicePlay]: sceNgsVoicePlay: 1
[10:11:42.270] |D| [export_sceNgsVoicePlay]: sceNgsVoicePlay: 1
[10:11:42.291] |D| [export_sceNgsVoicePlay]: sceNgsVoicePlay: 1
[10:11:42.321] |D| [export_sceNgsVoicePlay]: sceNgsVoicePlay: 1
[10:11:42.341] |D| [export_sceNgsVoicePlay]: sceNgsVoicePlay: 1
[10:11:42.360] |D| [export_sceNgsVoicePlay]: sceNgsVoicePlay: 1
[10:11:42.390] |D| [export_sceNgsVoicePlay]: sceNgsVoicePlay: 1
[10:11:42.420] |D| [export_sceNgsVoicePlay]: sceNgsVoicePlay: 1
[10:11:42.441] |D| [export_sceNgsVoicePlay]: sceNgsVoicePlay: 1
[10:11:42.461] |D| [export_sceNgsVoicePlay]: sceNgsVoicePlay: 1
[10:11:42.491] |D| [export_sceNgsVoicePlay]: sceNgsVoicePlay: 1
[10:11:42.510] |D| [export_sceNgsVoicePlay]: sceNgsVoicePlay: 1
[10:11:42.541] |D| [export_sceNgsVoicePlay]: sceNgsVoicePlay: 1
[10:11:42.560] |D| [export_sceNgsVoicePlay]: sceNgsVoicePlay: 1
[10:11:42.571] |D| [export_sceNgsVoicePlay]: sceNgsVoicePlay: 1
[10:11:42.601] |D| [export_sceNgsVoicePlay]: sceNgsVoicePlay: 1
[10:11:42.631] |D| [export_sceNgsVoicePlay]: sceNgsVoicePlay: 1
[10:11:42.651] |D| [export_sceNgsVoicePlay]: sceNgsVoicePlay: 1
[10:11:42.670] |D| [export_sceNgsVoicePlay]: sceNgsVoicePlay: 1
[10:11:42.691] |D| [export_sceNgsVoicePlay]: sceNgsVoicePlay: 1
[10:11:42.721] |D| [export_sceNgsVoicePlay]: sceNgsVoicePlay: 1
[10:11:42.751] |D| [export_sceNgsVoicePlay]: sceNgsVoicePlay: 1
[10:11:42.771] |D| [export_sceNgsVoicePlay]: sceNgsVoicePlay: 1
[10:11:42.790] |D| [export_sceNgsVoicePlay]: sceNgsVoicePlay: 1
[10:11:42.820] |D| [export_sceNgsVoicePlay]: sceNgsVoicePlay: 1
[10:11:42.841] |D| [export_sceNgsVoicePlay]: sceNgsVoicePlay: 1
[10:11:42.871] |D| [export_sceNgsVoicePlay]: sceNgsVoicePlay: 1
[10:11:42.891] |D| [export_sceNgsVoicePlay]: sceNgsVoicePlay: 1
[10:11:42.910] |D| [export_sceNgsVoicePlay]: sceNgsVoicePlay: 1
[10:11:42.931] |D| [export_sceNgsVoicePlay]: sceNgsVoicePlay: 1
[10:11:42.961] |D| [export_sceNgsVoicePlay]: sceNgsVoicePlay: 1
[10:11:42.981] |D| [export_sceNgsVoicePlay]: sceNgsVoicePlay: 1
[10:11:43.000] |D| [export_sceNgsVoicePlay]: sceNgsVoicePlay: 1
[10:11:43.021] |D| [export_sceNgsVoicePlay]: sceNgsVoicePlay: 1
[10:11:43.051] |D| [export_sceNgsVoicePlay]: sceNgsVoicePlay: 1
[10:11:43.081] |D| [export_sceNgsVoicePlay]: sceNgsVoicePlay: 1
[10:11:43.101] |D| [export_sceNgsVoicePlay]: sceNgsVoicePlay: 1
[10:11:43.120] |D| [export_sceNgsVoicePlay]: sceNgsVoicePlay: 1
[10:11:43.150] |D| [export_sceNgsVoicePlay]: sceNgsVoicePlay: 1
[10:11:43.180] |D| [export_sceNgsVoicePlay]: sceNgsVoicePlay: 1
[10:11:43.201] |D| [export_sceNgsVoicePlay]: sceNgsVoicePlay: 1
[10:11:43.221] |D| [export_sceNgsVoicePlay]: sceNgsVoicePlay: 1
[10:11:43.241] |D| [export_sceNgsVoicePlay]: sceNgsVoicePlay: 1
[10:11:43.271] |D| [export_sceNgsVoicePlay]: sceNgsVoicePlay: 1
[10:11:43.290] |D| [export_sceNgsVoicePlay]: sceNgsVoicePlay: 1
[10:11:43.311] |D| [export_sceNgsVoicePlay]: sceNgsVoicePlay: 1
[10:11:43.331] |D| [export_sceNgsVoicePlay]: sceNgsVoicePlay: 1
[10:11:43.350] |D| [export_sceNgsVoicePlay]: sceNgsVoicePlay: 1
[10:11:43.391] |D| [export_sceNgsVoicePlay]: sceNgsVoicePlay: 1
[10:11:43.410] |D| [export_sceNgsVoicePlay]: sceNgsVoicePlay: 1
[10:11:43.430] |D| [export_sceNgsVoicePlay]: sceNgsVoicePlay: 1
[10:11:43.451] |D| [export_sceNgsVoicePlay]: sceNgsVoicePlay: 1
[10:11:43.481] |D| [export_sceNgsVoicePlay]: sceNgsVoicePlay: 1
[10:11:43.511] |D| [export_sceNgsVoicePlay]: sceNgsVoicePlay: 1
[10:11:43.531] |D| [export_sceNgsVoicePlay]: sceNgsVoicePlay: 1
[10:11:43.550] |D| [export_sceNgsVoicePlay]: sceNgsVoicePlay: 1
[10:11:43.571] |D| [export_sceNgsVoicePlay]: sceNgsVoicePlay: 1
[10:11:43.601] |D| [export_sceNgsVoicePlay]: sceNgsVoicePlay: 1
[10:11:43.631] |D| [export_sceNgsVoicePlay]: sceNgsVoicePlay: 1
[10:11:43.651] |D| [export_sceNgsVoicePlay]: sceNgsVoicePlay: 1
[10:11:43.670] |D| [export_sceNgsVoicePlay]: sceNgsVoicePlay: 1
[10:11:43.700] |D| [export_sceNgsVoicePlay]: sceNgsVoicePlay: 1
[10:11:43.730] |D| [export_sceNgsVoicePlay]: sceNgsVoicePlay: 1
[10:11:43.751] |D| [export_sceNgsVoicePlay]: sceNgsVoicePlay: 1
[10:11:43.771] |D| [export_sceNgsVoicePlay]: sceNgsVoicePlay: 1
[10:11:43.790] |D| [export_sceNgsVoicePlay]: sceNgsVoicePlay: 1
[10:11:43.821] |D| [export_sceNgsVoicePlay]: sceNgsVoicePlay: 1
[10:11:43.851] |D| [export_sceNgsVoicePlay]: sceNgsVoicePlay: 1
[10:11:43.870] |D| [export_sceNgsVoicePlay]: sceNgsVoicePlay: 1
[10:11:43.891] |D| [export_sceNgsVoicePlay]: sceNgsVoicePlay: 1
[10:11:43.921] |D| [export_sceNgsVoicePlay]: sceNgsVoicePlay: 1
[10:11:43.951] |D| [export_sceNgsVoicePlay]: sceNgsVoicePlay: 1
[10:11:43.971] |D| [export_sceNgsVoicePlay]: sceNgsVoicePlay: 1
[10:11:43.981] |D| [export_sceNgsVoicePlay]: sceNgsVoicePlay: 1
[10:11:44.001] |D| [export_sceNgsVoicePlay]: sceNgsVoicePlay: 1
[10:11:44.031] |D| [export_sceNgsVoicePlay]: sceNgsVoicePlay: 1
[10:11:44.061] |D| [export_sceNgsVoicePlay]: sceNgsVoicePlay: 1
[10:11:44.080] |D| [export_sceNgsVoicePlay]: sceNgsVoicePlay: 1
[10:11:44.101] |D| [export_sceNgsVoicePlay]: sceNgsVoicePlay: 1
[10:11:44.121] |D| [export_sceNgsVoicePlay]: sceNgsVoicePlay: 1
[10:11:44.161] |D| [export_sceNgsVoicePlay]: sceNgsVoicePlay: 1
[10:11:44.181] |D| [export_sceNgsVoicePlay]: sceNgsVoicePlay: 1
[10:11:44.200] |D| [export_sceNgsVoicePlay]: sceNgsVoicePlay: 1
[10:11:44.221] |D| [export_sceNgsVoicePlay]: sceNgsVoicePlay: 1
[10:11:44.251] |D| [export_sceNgsVoicePlay]: sceNgsVoicePlay: 1
[10:11:44.281] |D| [export_sceNgsVoicePlay]: sceNgsVoicePlay: 1
[10:11:44.301] |D| [export_sceNgsVoicePlay]: sceNgsVoicePlay: 1
[10:11:44.320] |D| [export_sceNgsVoicePlay]: sceNgsVoicePlay: 1
[10:11:44.331] |D| [export_sceNgsVoicePlay]: sceNgsVoicePlay: 1
[10:11:44.361] |D| [export_sceNgsVoicePlay]: sceNgsVoicePlay: 1
[10:11:44.391] |D| [export_sceNgsVoicePlay]: sceNgsVoicePlay: 1
[10:11:44.411] |D| [export_sceNgsVoicePlay]: sceNgsVoicePlay: 1
[10:11:44.430] |D| [export_sceNgsVoicePlay]: sceNgsVoicePlay: 1
[10:11:44.451] |D| [export_sceNgsVoicePlay]: sceNgsVoicePlay: 1
[10:11:44.490] |D| [export_sceNgsVoicePlay]: sceNgsVoicePlay: 1
[10:11:44.511] |D| [export_sceNgsVoicePlay]: sceNgsVoicePlay: 1
[10:11:44.531] |D| [export_sceNgsVoicePlay]: sceNgsVoicePlay: 1
[10:11:44.550] |D| [export_sceNgsVoicePlay]: sceNgsVoicePlay: 1
[10:11:44.580] |D| [export_sceNgsVoicePlay]: sceNgsVoicePlay: 1
[10:11:44.610] |D| [export_sceNgsVoicePlay]: sceNgsVoicePlay: 1
[10:11:44.631] |D| [export_sceNgsVoicePlay]: sceNgsVoicePlay: 1
[10:11:44.651] |D| [export_sceNgsVoicePlay]: sceNgsVoicePlay: 1
[10:11:44.670] |D| [export_sceNgsVoicePlay]: sceNgsVoicePlay: 1
[10:11:44.700] |D| [export_sceNgsVoicePlay]: sceNgsVoicePlay: 1
[10:11:44.721] |D| [export_sceNgsVoicePlay]: sceNgsVoicePlay: 1
[10:11:44.741] |D| [export_sceNgsVoicePlay]: sceNgsVoicePlay: 1
[10:11:44.760] |D| [export_sceNgsVoicePlay]: sceNgsVoicePlay: 1
[10:11:44.781] |D| [export_sceNgsVoicePlay]: sceNgsVoicePlay: 1
[10:11:44.820] |D| [export_sceNgsVoicePlay]: sceNgsVoicePlay: 1
[10:11:44.841] |D| [export_sceNgsVoicePlay]: sceNgsVoicePlay: 1
[10:11:44.861] |D| [export_sceNgsVoicePlay]: sceNgsVoicePlay: 1
[10:11:44.880] |D| [export_sceNgsVoicePlay]: sceNgsVoicePlay: 1
[10:11:44.921] |D| [export_sceNgsVoicePlay]: sceNgsVoicePlay: 1
[10:11:44.940] |D| [export_sceNgsVoicePlay]: sceNgsVoicePlay: 1
[10:11:44.960] |D| [export_sceNgsVoicePlay]: sceNgsVoicePlay: 1
[10:11:44.981] |D| [export_sceNgsVoicePlay]: sceNgsVoicePlay: 1
[10:11:45.001] |D| [export_sceNgsVoicePlay]: sceNgsVoicePlay: 1
[10:11:45.041] |D| [export_sceNgsVoicePlay]: sceNgsVoicePlay: 1
[10:11:45.061] |D| [export_sceNgsVoicePlay]: sceNgsVoicePlay: 1
[10:11:45.080] |D| [export_sceNgsVoicePlay]: sceNgsVoicePlay: 1
[10:11:45.101] |D| [export_sceNgsVoicePlay]: sceNgsVoicePlay: 1
[10:11:45.131] |D| [export_sceNgsVoicePlay]: sceNgsVoicePlay: 1
[10:11:45.161] |D| [export_sceNgsVoicePlay]: sceNgsVoicePlay: 1
[10:11:45.181] |D| [export_sceNgsVoicePlay]: sceNgsVoicePlay: 1
[10:11:45.200] |D| [export_sceNgsVoicePlay]: sceNgsVoicePlay: 1
[10:11:45.221] |D| [export_sceNgsVoicePlay]: sceNgsVoicePlay: 1
[10:11:45.260] |D| [export_sceNgsVoicePlay]: sceNgsVoicePlay: 1
[10:11:45.281] |D| [export_sceNgsVoicePlay]: sceNgsVoicePlay: 1
[10:11:45.301] |D| [export_sceNgsVoicePlay]: sceNgsVoicePlay: 1
[10:11:45.320] |D| [export_sceNgsVoicePlay]: sceNgsVoicePlay: 1
[10:11:45.350] |D| [export_sceNgsVoicePlay]: sceNgsVoicePlay: 1
[10:11:45.380] |D| [export_sceNgsVoicePlay]: sceNgsVoicePlay: 1
[10:11:45.391] |D| [export_sceNgsVoicePlay]: sceNgsVoicePlay: 1
[10:11:45.410] |D| [export_sceNgsVoicePlay]: sceNgsVoicePlay: 1
[10:11:45.431] |D| [export_sceNgsVoicePlay]: sceNgsVoicePlay: 1
[10:11:45.470] |D| [export_sceNgsVoicePlay]: sceNgsVoicePlay: 1
[10:11:45.491] |D| [export_sceNgsVoicePlay]: sceNgsVoicePlay: 1
[10:11:45.511] |D| [export_sceNgsVoicePlay]: sceNgsVoicePlay: 1
[10:11:45.531] |D| [export_sceNgsVoicePlay]: sceNgsVoicePlay: 1
[10:11:45.550] |D| [export_sceNgsVoicePlay]: sceNgsVoicePlay: 1
[10:11:45.591] |D| [export_sceNgsVoicePlay]: sceNgsVoicePlay: 1
[10:11:45.610] |D| [export_sceNgsVoicePlay]: sceNgsVoicePlay: 1
[10:11:45.631] |D| [export_sceNgsVoicePlay]: sceNgsVoicePlay: 1
[10:11:45.651] |D| [export_sceNgsVoicePlay]: sceNgsVoicePlay: 1
[10:11:45.691] |D| [export_sceNgsVoicePlay]: sceNgsVoicePlay: 1
[10:11:45.711] |D| [export_sceNgsVoicePlay]: sceNgsVoicePlay: 1
[10:11:45.730] |D| [export_sceNgsVoicePlay]: sceNgsVoicePlay: 1
[10:11:45.741] |D| [export_sceNgsVoicePlay]: sceNgsVoicePlay: 1
[10:11:45.760] |D| [export_sceNgsVoicePlay]: sceNgsVoicePlay: 1
[10:11:45.801] |D| [export_sceNgsVoicePlay]: sceNgsVoicePlay: 1
[10:11:45.820] |D| [export_sceNgsVoicePlay]: sceNgsVoicePlay: 1
[10:11:45.841] |D| [export_sceNgsVoicePlay]: sceNgsVoicePlay: 1
[10:11:45.861] |D| [export_sceNgsVoicePlay]: sceNgsVoicePlay: 1
[10:11:45.880] |D| [export_sceNgsVoicePlay]: sceNgsVoicePlay: 1
[10:11:45.921] |D| [export_sceNgsVoicePlay]: sceNgsVoicePlay: 1
[10:11:45.940] |D| [export_sceNgsVoicePlay]: sceNgsVoicePlay: 1
[10:11:45.961] |D| [export_sceNgsVoicePlay]: sceNgsVoicePlay: 1
[10:11:45.981] |D| [export_sceNgsVoicePlay]: sceNgsVoicePlay: 1
[10:11:46.021] |D| [export_sceNgsVoicePlay]: sceNgsVoicePlay: 1
[10:11:46.041] |D| [export_sceNgsVoicePlay]: sceNgsVoicePlay: 1
[10:11:46.060] |D| [export_sceNgsVoicePlay]: sceNgsVoicePlay: 1
[10:11:46.081] |D| [export_sceNgsVoicePlay]: sceNgsVoicePlay: 1
[10:11:46.090] |D| [export_sceNgsVoicePlay]: sceNgsVoicePlay: 1
[10:11:46.131] |D| [export_sceNgsVoicePlay]: sceNgsVoicePlay: 1
[10:11:46.151] |D| [export_sceNgsVoicePlay]: sceNgsVoicePlay: 1
[10:11:46.170] |D| [export_sceNgsVoicePlay]: sceNgsVoicePlay: 1
[10:11:46.191] |D| [export_sceNgsVoicePlay]: sceNgsVoicePlay: 1
[10:11:46.230] |D| [export_sceNgsVoicePlay]: sceNgsVoicePlay: 1
[10:11:46.251] |D| [export_sceNgsVoicePlay]: sceNgsVoicePlay: 1
[10:11:46.271] |D| [export_sceNgsVoicePlay]: sceNgsVoicePlay: 1
[10:11:46.290] |D| [export_sceNgsVoicePlay]: sceNgsVoicePlay: 1
[10:11:46.311] |D| [export_sceNgsVoicePlay]: sceNgsVoicePlay: 1
[10:11:46.350] |D| [export_sceNgsVoicePlay]: sceNgsVoicePlay: 1
[10:11:46.371] |D| [export_sceNgsVoicePlay]: sceNgsVoicePlay: 1
[10:11:46.391] |D| [export_sceNgsVoicePlay]: sceNgsVoicePlay: 1
[10:11:46.410] |D| [export_sceNgsVoicePlay]: sceNgsVoicePlay: 1
[10:11:46.451] |D| [export_sceNgsVoicePlay]: sceNgsVoicePlay: 1
[10:11:46.470] |D| [export_sceNgsVoicePlay]: sceNgsVoicePlay: 1
[10:11:46.491] |D| [export_sceNgsVoicePlay]: sceNgsVoicePlay: 1
[10:11:46.511] |D| [export_sceNgsVoicePlay]: sceNgsVoicePlay: 1
[10:11:46.530] |D| [export_sceNgsVoicePlay]: sceNgsVoicePlay: 1
[10:11:46.571] |D| [export_sceNgsVoicePlay]: sceNgsVoicePlay: 1
[10:11:46.590] |D| [export_sceNgsVoicePlay]: sceNgsVoicePlay: 1
[10:11:46.610] |D| [export_sceNgsVoicePlay]: sceNgsVoicePlay: 1
[10:11:46.631] |D| [export_sceNgsVoicePlay]: sceNgsVoicePlay: 1
[10:11:46.651] |D| [export_sceNgsVoicePlay]: sceNgsVoicePlay: 1
[10:11:46.691] |D| [export_sceNgsVoicePlay]: sceNgsVoicePlay: 1
[10:11:46.711] |D| [export_sceNgsVoicePlay]: sceNgsVoicePlay: 1
[10:11:46.731] |D| [export_sceNgsVoicePlay]: sceNgsVoicePlay: 1
[10:11:46.750] |D| [export_sceNgsVoicePlay]: sceNgsVoicePlay: 1
[10:11:46.791] |D| [export_sceNgsVoicePlay]: sceNgsVoicePlay: 1
[10:11:46.801] |D| [export_sceNgsVoicePlay]: sceNgsVoicePlay: 1
[10:11:46.821] |D| [export_sceNgsVoicePlay]: sceNgsVoicePlay: 1
[10:11:46.840] |D| [export_sceNgsVoicePlay]: sceNgsVoicePlay: 1
[10:11:46.861] |D| [export_sceNgsVoicePlay]: sceNgsVoicePlay: 1
[10:11:46.900] |D| [export_sceNgsVoicePlay]: sceNgsVoicePlay: 1
[10:11:46.921] |D| [export_sceNgsVoicePlay]: sceNgsVoicePlay: 1
[10:11:46.941] |D| [export_sceNgsVoicePlay]: sceNgsVoicePlay: 1
[10:11:46.960] |D| [export_sceNgsVoicePlay]: sceNgsVoicePlay: 1
[10:11:47.001] |D| [export_sceNgsVoicePlay]: sceNgsVoicePlay: 1
[10:11:47.020] |D| [export_sceNgsVoicePlay]: sceNgsVoicePlay: 1
[10:11:47.041] |D| [export_sceNgsVoicePlay]: sceNgsVoicePlay: 1
[10:11:47.061] |D| [export_sceNgsVoicePlay]: sceNgsVoicePlay: 1
[10:11:47.080] |D| [export_sceNgsVoicePlay]: sceNgsVoicePlay: 1
[10:11:47.121] |D| [export_sceNgsVoicePlay]: sceNgsVoicePlay: 1
[10:11:47.140] |D| [export_sceNgsVoicePlay]: sceNgsVoicePlay: 1
[10:11:47.151] |D| [export_sceNgsVoicePlay]: sceNgsVoicePlay: 1
[10:11:47.170] |D| [export_sceNgsVoicePlay]: sceNgsVoicePlay: 1
[10:11:47.200] |D| [export_sceNgsVoicePlay]: sceNgsVoicePlay: 1
[10:11:47.230] |D| [export_sceNgsVoicePlay]: sceNgsVoicePlay: 1
[10:11:47.251] |D| [export_sceNgsVoicePlay]: sceNgsVoicePlay: 1
[10:11:47.271] |D| [export_sceNgsVoicePlay]: sceNgsVoicePlay: 1
[10:11:47.291] |D| [export_sceNgsVoicePlay]: sceNgsVoicePlay: 1
[10:11:47.331] |D| [export_sceNgsVoicePlay]: sceNgsVoicePlay: 1
[10:11:47.351] |D| [export_sceNgsVoicePlay]: sceNgsVoicePlay: 1
[10:11:47.371] |D| [export_sceNgsVoicePlay]: sceNgsVoicePlay: 1
[10:11:47.390] |D| [export_sceNgsVoicePlay]: sceNgsVoicePlay: 1
[10:11:47.411] |D| [export_sceNgsVoicePlay]: sceNgsVoicePlay: 1
[10:11:47.450] |D| [export_sceNgsVoicePlay]: sceNgsVoicePlay: 1
[10:11:47.471] |D| [export_sceNgsVoicePlay]: sceNgsVoicePlay: 1
[10:11:47.491] |D| [export_sceNgsVoicePlay]: sceNgsVoicePlay: 1
[10:11:47.501] |D| [export_sceNgsVoicePlay]: sceNgsVoicePlay: 1
[10:11:47.531] |D| [export_sceNgsVoicePlay]: sceNgsVoicePlay: 1
[10:11:47.561] |D| [export_sceNgsVoicePlay]: sceNgsVoicePlay: 1
[10:11:47.581] |D| [export_sceNgsVoicePlay]: sceNgsVoicePlay: 1
[10:11:47.600] |D| [export_sceNgsVoicePlay]: sceNgsVoicePlay: 1
[10:11:47.621] |D| [export_sceNgsVoicePlay]: sceNgsVoicePlay: 1
[10:11:47.660] |D| [export_sceNgsVoicePlay]: sceNgsVoicePlay: 1
[10:11:47.681] |D| [export_sceNgsVoicePlay]: sceNgsVoicePlay: 1
[10:11:47.701] |D| [export_sceNgsVoicePlay]: sceNgsVoicePlay: 1
[10:11:47.720] |D| [export_sceNgsVoicePlay]: sceNgsVoicePlay: 1
[10:11:47.750] |D| [export_sceNgsVoicePlay]: sceNgsVoicePlay: 1
[10:11:47.780] |D| [export_sceNgsVoicePlay]: sceNgsVoicePlay: 1
[10:11:47.801] |D| [export_sceNgsVoicePlay]: sceNgsVoicePlay: 1
[10:11:47.821] |D| [export_sceNgsVoicePlay]: sceNgsVoicePlay: 1
[10:11:47.841] |D| [export_sceNgsVoicePlay]: sceNgsVoicePlay: 1
[10:11:47.860] |D| [export_sceNgsVoicePlay]: sceNgsVoicePlay: 1
[10:11:47.890] |D| [export_sceNgsVoicePlay]: sceNgsVoicePlay: 1
[10:11:47.911] |D| [export_sceNgsVoicePlay]: sceNgsVoicePlay: 1
[10:11:47.931] |D| [export_sceNgsVoicePlay]: sceNgsVoicePlay: 1
[10:11:47.961] |D| [export_sceNgsVoicePlay]: sceNgsVoicePlay: 1
[10:11:47.991] |D| [export_sceNgsVoicePlay]: sceNgsVoicePlay: 1
[10:11:48.010] |D| [export_sceNgsVoicePlay]: sceNgsVoicePlay: 1
[10:11:48.031] |D| [export_sceNgsVoicePlay]: sceNgsVoicePlay: 1
[10:11:48.051] |D| [export_sceNgsVoicePlay]: sceNgsVoicePlay: 1
[10:11:48.081] |D| [export_sceNgsVoicePlay]: sceNgsVoicePlay: 1
[10:11:48.111] |D| [export_sceNgsVoicePlay]: sceNgsVoicePlay: 1
[10:11:48.130] |D| [export_sceNgsVoicePlay]: sceNgsVoicePlay: 1
[10:11:48.151] |D| [export_sceNgsVoicePlay]: sceNgsVoicePlay: 1
[10:11:48.171] |D| [export_sceNgsVoicePlay]: sceNgsVoicePlay: 1
[10:11:48.211] |D| [export_sceNgsVoicePlay]: sceNgsVoicePlay: 1
[10:11:48.231] |D| [export_sceNgsVoicePlay]: sceNgsVoicePlay: 1
[10:11:48.250] |D| [export_sceNgsVoicePlay]: sceNgsVoicePlay: 1
[10:11:48.271] |D| [export_sceNgsVoicePlay]: sceNgsVoicePlay: 1
[10:11:48.301] |D| [export_sceNgsVoicePlay]: sceNgsVoicePlay: 1
[10:11:48.331] |D| [export_sceNgsVoicePlay]: sceNgsVoicePlay: 1
[10:11:48.351] |D| [export_sceNgsVoicePlay]: sceNgsVoicePlay: 1
[10:11:48.370] |D| [export_sceNgsVoicePlay]: sceNgsVoicePlay: 1
[10:11:48.391] |D| [export_sceNgsVoicePlay]: sceNgsVoicePlay: 1
[10:11:48.430] |D| [export_sceNgsVoicePlay]: sceNgsVoicePlay: 1
[10:11:48.450] |D| [export_sceNgsVoicePlay]: sceNgsVoicePlay: 1
[10:11:48.471] |D| [export_sceNgsVoicePlay]: sceNgsVoicePlay: 1
[10:11:48.491] |D| [export_sceNgsVoicePlay]: sceNgsVoicePlay: 1
[10:11:48.521] |D| [export_sceNgsVoicePlay]: sceNgsVoicePlay: 1
[10:11:48.551] |D| [export_sceNgsVoicePlay]: sceNgsVoicePlay: 1
[10:11:48.561] |D| [export_sceNgsVoicePlay]: sceNgsVoicePlay: 1
[10:11:48.581] |D| [export_sceNgsVoicePlay]: sceNgsVoicePlay: 1
[10:11:48.600] |D| [export_sceNgsVoicePlay]: sceNgsVoicePlay: 1
[10:11:48.630] |D| [export_sceNgsVoicePlay]: sceNgsVoicePlay: 1
[10:11:48.660] |D| [export_sceNgsVoicePlay]: sceNgsVoicePlay: 1
[10:11:48.681] |D| [export_sceNgsVoicePlay]: sceNgsVoicePlay: 1
[10:11:48.701] |D| [export_sceNgsVoicePlay]: sceNgsVoicePlay: 1
[10:11:48.731] |D| [export_sceNgsVoicePlay]: sceNgsVoicePlay: 1
[10:11:48.761] |D| [export_sceNgsVoicePlay]: sceNgsVoicePlay: 1
[10:11:48.780] |D| [export_sceNgsVoicePlay]: sceNgsVoicePlay: 1
[10:11:48.801] |D| [export_sceNgsVoicePlay]: sceNgsVoicePlay: 1
[10:11:48.821] |D| [export_sceNgsVoicePlay]: sceNgsVoicePlay: 1
[10:11:48.851] |D| [export_sceNgsVoicePlay]: sceNgsVoicePlay: 1
[10:11:48.881] |D| [export_sceNgsVoicePlay]: sceNgsVoicePlay: 1
[10:11:48.900] |D| [export_sceNgsVoicePlay]: sceNgsVoicePlay: 1
[10:11:48.911] |D| [export_sceNgsVoicePlay]: sceNgsVoicePlay: 1
[10:11:48.930] |D| [export_sceNgsVoicePlay]: sceNgsVoicePlay: 1
[10:11:48.960] |D| [export_sceNgsVoicePlay]: sceNgsVoicePlay: 1
[10:11:48.990] |D| [export_sceNgsVoicePlay]: sceNgsVoicePlay: 1
[10:11:49.010] |D| [export_sceNgsVoicePlay]: sceNgsVoicePlay: 1
[10:11:49.031] |D| [export_sceNgsVoicePlay]: sceNgsVoicePlay: 1
[10:11:49.061] |D| [export_sceNgsVoicePlay]: sceNgsVoicePlay: 1
[10:11:49.091] |D| [export_sceNgsVoicePlay]: sceNgsVoicePlay: 1
[10:11:49.111] |D| [export_sceNgsVoicePlay]: sceNgsVoicePlay: 1
[10:11:49.130] |D| [export_sceNgsVoicePlay]: sceNgsVoicePlay: 1
[10:11:49.151] |D| [export_sceNgsVoicePlay]: sceNgsVoicePlay: 1
[10:11:49.181] |D| [export_sceNgsVoicePlay]: sceNgsVoicePlay: 1
[10:11:49.211] |D| [export_sceNgsVoicePlay]: sceNgsVoicePlay: 1
[10:11:49.231] |D| [export_sceNgsVoicePlay]: sceNgsVoicePlay: 1
[10:11:49.250] |D| [export_sceNgsVoicePlay]: sceNgsVoicePlay: 1
[10:11:49.271] |D| [export_sceNgsVoicePlay]: sceNgsVoicePlay: 1
[10:11:49.291] |D| [export_sceNgsVoicePlay]: sceNgsVoicePlay: 1
[10:11:49.321] |D| [export_sceNgsVoicePlay]: sceNgsVoicePlay: 1
[10:11:49.340] |D| [export_sceNgsVoicePlay]: sceNgsVoicePlay: 1
[10:11:49.361] |D| [export_sceNgsVoicePlay]: sceNgsVoicePlay: 1
[10:11:49.391] |D| [export_sceNgsVoicePlay]: sceNgsVoicePlay: 1
[10:11:49.421] |D| [export_sceNgsVoicePlay]: sceNgsVoicePlay: 1
[10:11:49.441] |D| [export_sceNgsVoicePlay]: sceNgsVoicePlay: 1
[10:11:49.460] |D| [export_sceNgsVoicePlay]: sceNgsVoicePlay: 1
[10:11:49.490] |D| [export_sceNgsVoicePlay]: sceNgsVoicePlay: 1
[10:11:49.511] |D| [export_sceNgsVoicePlay]: sceNgsVoicePlay: 1
[10:11:49.541] |D| [export_sceNgsVoicePlay]: sceNgsVoicePlay: 1
[10:11:49.561] |D| [export_sceNgsVoicePlay]: sceNgsVoicePlay: 1
[10:11:49.580] |D| [export_sceNgsVoicePlay]: sceNgsVoicePlay: 1
[10:11:49.611] |D| [export_sceNgsVoicePlay]: sceNgsVoicePlay: 1
[10:11:49.641] |D| [export_sceNgsVoicePlay]: sceNgsVoicePlay: 1
[10:11:49.660] |D| [export_sceNgsVoicePlay]: sceNgsVoicePlay: 1
[10:11:49.681] |D| [export_sceNgsVoicePlay]: sceNgsVoicePlay: 1
[10:11:49.701] |D| [export_sceNgsVoicePlay]: sceNgsVoicePlay: 1
[10:11:49.731] |D| [export_sceNgsVoicePlay]: sceNgsVoicePlay: 1
[10:11:49.761] |D| [export_sceNgsVoicePlay]: sceNgsVoicePlay: 1
[10:11:49.780] |D| [export_sceNgsVoicePlay]: sceNgsVoicePlay: 1
[10:11:49.801] |D| [export_sceNgsVoicePlay]: sceNgsVoicePlay: 1
[10:11:49.831] |D| [export_sceNgsVoicePlay]: sceNgsVoicePlay: 1
[10:11:49.861] |D| [export_sceNgsVoicePlay]: sceNgsVoicePlay: 1
[10:11:49.881] |D| [export_sceNgsVoicePlay]: sceNgsVoicePlay: 1
[10:11:49.900] |D| [export_sceNgsVoicePlay]: sceNgsVoicePlay: 1
[10:11:49.921] |D| [export_sceNgsVoicePlay]: sceNgsVoicePlay: 1
[10:11:49.951] |D| [export_sceNgsVoicePlay]: sceNgsVoicePlay: 1
[10:11:49.971] |D| [export_sceNgsVoicePlay]: sceNgsVoicePlay: 1
[10:11:49.990] |D| [export_sceNgsVoicePlay]: sceNgsVoicePlay: 1
[10:11:50.011] |D| [export_sceNgsVoicePlay]: sceNgsVoicePlay: 1
[10:11:50.041] |D| [export_sceNgsVoicePlay]: sceNgsVoicePlay: 1
[10:11:50.061] |D| [export_sceNgsVoicePlay]: sceNgsVoicePlay: 1
[10:11:50.091] |D| [export_sceNgsVoicePlay]: sceNgsVoicePlay: 1
[10:11:50.110] |D| [export_sceNgsVoicePlay]: sceNgsVoicePlay: 1
[10:11:50.131] |D| [export_sceNgsVoicePlay]: sceNgsVoicePlay: 1
[10:11:50.161] |D| [export_sceNgsVoicePlay]: sceNgsVoicePlay: 1
[10:11:50.190] |D| [export_sceNgsVoicePlay]: sceNgsVoicePlay: 1
[10:11:50.211] |D| [export_sceNgsVoicePlay]: sceNgsVoicePlay: 1
[10:11:50.231] |D| [export_sceNgsVoicePlay]: sceNgsVoicePlay: 1
[10:11:50.261] |D| [export_sceNgsVoicePlay]: sceNgsVoicePlay: 1
[10:11:50.280] |D| [export_sceNgsVoicePlay]: sceNgsVoicePlay: 1
[10:11:50.310] |D| [export_sceNgsVoicePlay]: sceNgsVoicePlay: 1
[10:11:50.321] |D| [export_sceNgsVoicePlay]: sceNgsVoicePlay: 1
[10:11:50.340] |D| [export_sceNgsVoicePlay]: sceNgsVoicePlay: 1
[10:11:50.370] |D| [export_sceNgsVoicePlay]: sceNgsVoicePlay: 1
[10:11:50.391] |D| [export_sceNgsVoicePlay]: sceNgsVoicePlay: 1
[10:11:50.420] |D| [export_sceNgsVoicePlay]: sceNgsVoicePlay: 1
[10:11:50.441] |D| [export_sceNgsVoicePlay]: sceNgsVoicePlay: 1
[10:11:50.460] |D| [export_sceNgsVoicePlay]: sceNgsVoicePlay: 1
[10:11:50.490] |D| [export_sceNgsVoicePlay]: sceNgsVoicePlay: 1
[10:11:50.520] |D| [export_sceNgsVoicePlay]: sceNgsVoicePlay: 1
[10:11:50.541] |D| [export_sceNgsVoicePlay]: sceNgsVoicePlay: 1
[10:11:50.561] |D| [export_sceNgsVoicePlay]: sceNgsVoicePlay: 1
[10:11:50.591] |D| [export_sceNgsVoicePlay]: sceNgsVoicePlay: 1
[10:11:50.611] |D| [export_sceNgsVoicePlay]: sceNgsVoicePlay: 1
[10:11:50.641] |D| [export_sceNgsVoicePlay]: sceNgsVoicePlay: 1
[10:11:50.660] |D| [export_sceNgsVoicePlay]: sceNgsVoicePlay: 1
[10:11:50.671] |D| [export_sceNgsVoicePlay]: sceNgsVoicePlay: 1
[10:11:50.701] |D| [export_sceNgsVoicePlay]: sceNgsVoicePlay: 1
[10:11:50.720] |D| [export_sceNgsVoicePlay]: sceNgsVoicePlay: 1
[10:11:50.751] |D| [export_sceNgsVoicePlay]: sceNgsVoicePlay: 1
[10:11:50.771] |D| [export_sceNgsVoicePlay]: sceNgsVoicePlay: 1
[10:11:50.801] |D| [export_sceNgsVoicePlay]: sceNgsVoicePlay: 1
[10:11:50.820] |D| [export_sceNgsVoicePlay]: sceNgsVoicePlay: 1
[10:11:50.851] |D| [export_sceNgsVoicePlay]: sceNgsVoicePlay: 1
[10:11:50.870] |D| [export_sceNgsVoicePlay]: sceNgsVoicePlay: 1
[10:11:50.891] |D| [export_sceNgsVoicePlay]: sceNgsVoicePlay: 1
[10:11:50.921] |D| [export_sceNgsVoicePlay]: sceNgsVoicePlay: 1
[10:11:50.941] |D| [export_sceNgsVoicePlay]: sceNgsVoicePlay: 1
[10:11:50.971] |D| [export_sceNgsVoicePlay]: sceNgsVoicePlay: 1
[10:11:50.990] |D| [export_sceNgsVoicePlay]: sceNgsVoicePlay: 1
[10:11:51.020] |D| [export_sceNgsVoicePlay]: sceNgsVoicePlay: 1
[10:11:51.041] |D| [export_sceNgsVoicePlay]: sceNgsVoicePlay: 1
[10:11:51.071] |D| [export_sceNgsVoicePlay]: sceNgsVoicePlay: 1
[10:11:51.091] |D| [export_sceNgsVoicePlay]: sceNgsVoicePlay: 1
[10:11:51.110] |D| [export_sceNgsVoicePlay]: sceNgsVoicePlay: 1
[10:11:51.140] |D| [export_sceNgsVoicePlay]: sceNgsVoicePlay: 1
[10:11:51.161] |D| [export_sceNgsVoicePlay]: sceNgsVoicePlay: 1
[10:11:51.191] |D| [export_sceNgsVoicePlay]: sceNgsVoicePlay: 1
[10:11:51.211] |D| [export_sceNgsVoicePlay]: sceNgsVoicePlay: 1
[10:11:51.230] |D| [export_sceNgsVoicePlay]: sceNgsVoicePlay: 1
[10:11:51.260] |D| [export_sceNgsVoicePlay]: sceNgsVoicePlay: 1
[10:11:51.290] |D| [export_sceNgsVoicePlay]: sceNgsVoicePlay: 1
[10:11:51.311] |D| [export_sceNgsVoicePlay]: sceNgsVoicePlay: 1
[10:11:51.331] |D| [export_sceNgsVoicePlay]: sceNgsVoicePlay: 1
[10:11:51.361] |D| [export_sceNgsVoicePlay]: sceNgsVoicePlay: 1
[10:11:51.371] |D| [export_sceNgsVoicePlay]: sceNgsVoicePlay: 1
[10:11:51.401] |D| [export_sceNgsVoicePlay]: sceNgsVoicePlay: 1
[10:11:51.421] |D| [export_sceNgsVoicePlay]: sceNgsVoicePlay: 1
[10:11:51.441] |D| [export_sceNgsVoicePlay]: sceNgsVoicePlay: 1
[10:11:51.471] |D| [export_sceNgsVoicePlay]: sceNgsVoicePlay: 1
[10:11:51.490] |D| [export_sceNgsVoicePlay]: sceNgsVoicePlay: 1
[10:11:51.520] |D| [export_sceNgsVoicePlay]: sceNgsVoicePlay: 1
[10:11:51.541] |D| [export_sceNgsVoicePlay]: sceNgsVoicePlay: 1
[10:11:51.571] |D| [export_sceNgsVoicePlay]: sceNgsVoicePlay: 1
[10:11:51.591] |D| [export_sceNgsVoicePlay]: sceNgsVoicePlay: 1
[10:11:51.621] |D| [export_sceNgsVoicePlay]: sceNgsVoicePlay: 1
[10:11:51.640] |D| [export_sceNgsVoicePlay]: sceNgsVoicePlay: 1
[10:11:51.661] |D| [export_sceNgsVoicePlay]: sceNgsVoicePlay: 1
[10:11:51.691] |D| [export_sceNgsVoicePlay]: sceNgsVoicePlay: 1
[10:11:51.711] |D| [export_sceNgsVoicePlay]: sceNgsVoicePlay: 1
[10:11:51.730] |D| [export_sceNgsVoicePlay]: sceNgsVoicePlay: 1
[10:11:51.751] |D| [export_sceNgsVoicePlay]: sceNgsVoicePlay: 1
[10:11:51.781] |D| [export_sceNgsVoicePlay]: sceNgsVoicePlay: 1
[10:11:51.801] |D| [export_sceNgsVoicePlay]: sceNgsVoicePlay: 1
[10:11:51.820] |D| [export_sceNgsVoicePlay]: sceNgsVoicePlay: 1
[10:11:51.850] |D| [export_sceNgsVoicePlay]: sceNgsVoicePlay: 1
[10:11:51.871] |D| [export_sceNgsVoicePlay]: sceNgsVoicePlay: 1
[10:11:51.901] |D| [export_sceNgsVoicePlay]: sceNgsVoicePlay: 1
[10:11:51.921] |D| [export_sceNgsVoicePlay]: sceNgsVoicePlay: 1
[10:11:51.951] |D| [export_sceNgsVoicePlay]: sceNgsVoicePlay: 1
[10:11:51.971] |D| [export_sceNgsVoicePlay]: sceNgsVoicePlay: 1
[10:11:51.990] |D| [export_sceNgsVoicePlay]: sceNgsVoicePlay: 1
[10:11:52.021] |D| [export_sceNgsVoicePlay]: sceNgsVoicePlay: 1
[10:11:52.040] |D| [export_sceNgsVoicePlay]: sceNgsVoicePlay: 1
[10:11:52.070] |D| [export_sceNgsVoicePlay]: sceNgsVoicePlay: 1
[10:11:52.081] |D| [export_sceNgsVoicePlay]: sceNgsVoicePlay: 1
[10:11:52.111] |D| [export_sceNgsVoicePlay]: sceNgsVoicePlay: 1
[10:11:52.130] |D| [export_sceNgsVoicePlay]: sceNgsVoicePlay: 1
[10:11:52.151] |D| [export_sceNgsVoicePlay]: sceNgsVoicePlay: 1
[10:11:52.181] |D| [export_sceNgsVoicePlay]: sceNgsVoicePlay: 1
[10:11:52.201] |D| [export_sceNgsVoicePlay]: sceNgsVoicePlay: 1
[10:11:52.231] |D| [export_sceNgsVoicePlay]: sceNgsVoicePlay: 1
[10:11:52.250] |D| [export_sceNgsVoicePlay]: sceNgsVoicePlay: 1
[10:11:52.280] |D| [export_sceNgsVoicePlay]: sceNgsVoicePlay: 1
[10:11:52.301] |D| [export_sceNgsVoicePlay]: sceNgsVoicePlay: 1
[10:11:52.331] |D| [export_sceNgsVoicePlay]: sceNgsVoicePlay: 1
[10:11:52.351] |D| [export_sceNgsVoicePlay]: sceNgsVoicePlay: 1
[10:11:52.370] |D| [export_sceNgsVoicePlay]: sceNgsVoicePlay: 1
[10:11:52.400] |D| [export_sceNgsVoicePlay]: sceNgsVoicePlay: 1
[10:11:52.421] |D| [export_sceNgsVoicePlay]: sceNgsVoicePlay: 1
[10:11:52.441] |D| [export_sceNgsVoicePlay]: sceNgsVoicePlay: 1
[10:11:52.460] |D| [export_sceNgsVoicePlay]: sceNgsVoicePlay: 1
[10:11:52.481] |D| [export_sceNgsVoicePlay]: sceNgsVoicePlay: 1
[10:11:52.511] |D| [export_sceNgsVoicePlay]: sceNgsVoicePlay: 1
[10:11:52.541] |D| [export_sceNgsVoicePlay]: sceNgsVoicePlay: 1
[10:11:52.561] |D| [export_sceNgsVoicePlay]: sceNgsVoicePlay: 1
[10:11:52.580] |D| [export_sceNgsVoicePlay]: sceNgsVoicePlay: 1
[10:11:52.611] |D| [export_sceNgsVoicePlay]: sceNgsVoicePlay: 1
[10:11:52.630] |D| [export_sceNgsVoicePlay]: sceNgsVoicePlay: 1
[10:11:52.660] |D| [export_sceNgsVoicePlay]: sceNgsVoicePlay: 1
[10:11:52.681] |D| [export_sceNgsVoicePlay]: sceNgsVoicePlay: 1
[10:11:52.701] |D| [export_sceNgsVoicePlay]: sceNgsVoicePlay: 1
[10:11:52.731] |D| [export_sceNgsVoicePlay]: sceNgsVoicePlay: 1
[10:11:52.750] |D| [export_sceNgsVoicePlay]: sceNgsVoicePlay: 1
[10:11:52.780] |D| [export_sceNgsVoicePlay]: sceNgsVoicePlay: 1
[10:11:52.801] |D| [export_sceNgsVoicePlay]: sceNgsVoicePlay: 1
[10:11:52.831] |D| [export_sceNgsVoicePlay]: sceNgsVoicePlay: 1
[10:11:52.851] |D| [export_sceNgsVoicePlay]: sceNgsVoicePlay: 1
[10:11:52.881] |D| [export_sceNgsVoicePlay]: sceNgsVoicePlay: 1
[10:11:52.900] |D| [export_sceNgsVoicePlay]: sceNgsVoicePlay: 1
[10:11:52.921] |D| [export_sceNgsVoicePlay]: sceNgsVoicePlay: 1
[10:11:52.951] |D| [export_sceNgsVoicePlay]: sceNgsVoicePlay: 1
[10:11:52.971] |D| [export_sceNgsVoicePlay]: sceNgsVoicePlay: 1
[10:11:53.001] |D| [export_sceNgsVoicePlay]: sceNgsVoicePlay: 1
[10:11:53.020] |D| [export_sceNgsVoicePlay]: sceNgsVoicePlay: 1
[10:11:53.050] |D| [export_sceNgsVoicePlay]: sceNgsVoicePlay: 1
[10:11:53.071] |D| [export_sceNgsVoicePlay]: sceNgsVoicePlay: 1
[10:11:53.101] |D| [export_sceNgsVoicePlay]: sceNgsVoicePlay: 1
[10:11:53.121] |D| [export_sceNgsVoicePlay]: sceNgsVoicePlay: 1
[10:11:53.130] |D| [export_sceNgsVoicePlay]: sceNgsVoicePlay: 1
[10:11:53.160] |D| [export_sceNgsVoicePlay]: sceNgsVoicePlay: 1
[10:11:53.181] |D| [export_sceNgsVoicePlay]: sceNgsVoicePlay: 1
[10:11:53.210] |D| [export_sceNgsVoicePlay]: sceNgsVoicePlay: 1
[10:11:53.231] |D| [export_sceNgsVoicePlay]: sceNgsVoicePlay: 1
[10:11:53.251] |D| [export_sceNgsVoicePlay]: sceNgsVoicePlay: 1
[10:11:53.281] |D| [export_sceNgsVoicePlay]: sceNgsVoicePlay: 1
[10:11:53.311] |D| [export_sceNgsVoicePlay]: sceNgsVoicePlay: 1
[10:11:53.330] |D| [export_sceNgsVoicePlay]: sceNgsVoicePlay: 1
[10:11:53.351] |D| [export_sceNgsVoicePlay]: sceNgsVoicePlay: 1
[10:11:53.381] |D| [export_sceNgsVoicePlay]: sceNgsVoicePlay: 1
[10:11:53.401] |D| [export_sceNgsVoicePlay]: sceNgsVoicePlay: 1
[10:11:53.431] |D| [export_sceNgsVoicePlay]: sceNgsVoicePlay: 1
[10:11:53.450] |D| [export_sceNgsVoicePlay]: sceNgsVoicePlay: 1
[10:11:53.471] |D| [export_sceNgsVoicePlay]: sceNgsVoicePlay: 1
[10:11:53.491] |D| [export_sceNgsVoicePlay]: sceNgsVoicePlay: 1
[10:11:53.510] |D| [export_sceNgsVoicePlay]: sceNgsVoicePlay: 1
[10:11:53.540] |D| [export_sceNgsVoicePlay]: sceNgsVoicePlay: 1
[10:11:53.561] |D| [export_sceNgsVoicePlay]: sceNgsVoicePlay: 1
[10:11:53.581] |D| [export_sceNgsVoicePlay]: sceNgsVoicePlay: 1
[10:11:53.611] |D| [export_sceNgsVoicePlay]: sceNgsVoicePlay: 1
[10:11:53.641] |D| [export_sceNgsVoicePlay]: sceNgsVoicePlay: 1
[10:11:53.660] |D| [export_sceNgsVoicePlay]: sceNgsVoicePlay: 1
[10:11:53.681] |D| [export_sceNgsVoicePlay]: sceNgsVoicePlay: 1
[10:11:53.711] |D| [export_sceNgsVoicePlay]: sceNgsVoicePlay: 1
[10:11:53.731] |D| [export_sceNgsVoicePlay]: sceNgsVoicePlay: 1
[10:11:53.761] |D| [export_sceNgsVoicePlay]: sceNgsVoicePlay: 1
[10:11:53.780] |D| [export_sceNgsVoicePlay]: sceNgsVoicePlay: 1
[10:11:53.800] |D| [export_sceNgsVoicePlay]: sceNgsVoicePlay: 1
[10:11:53.830] |D| [export_sceNgsVoicePlay]: sceNgsVoicePlay: 1
[10:11:53.851] |D| [export_sceNgsVoicePlay]: sceNgsVoicePlay: 1
[10:11:53.871] |D| [export_sceNgsVoicePlay]: sceNgsVoicePlay: 1
[10:11:53.890] |D| [export_sceNgsVoicePlay]: sceNgsVoicePlay: 1
[10:11:53.911] |D| [export_sceNgsVoicePlay]: sceNgsVoicePlay: 1
[10:11:53.941] |D| [export_sceNgsVoicePlay]: sceNgsVoicePlay: 1
[10:11:53.971] |D| [export_sceNgsVoicePlay]: sceNgsVoicePlay: 1
[10:11:53.991] |D| [export_sceNgsVoicePlay]: sceNgsVoicePlay: 1
[10:11:54.010] |D| [export_sceNgsVoicePlay]: sceNgsVoicePlay: 1
[10:11:54.040] |D| [export_sceNgsVoicePlay]: sceNgsVoicePlay: 1
[10:11:54.070] |D| [export_sceNgsVoicePlay]: sceNgsVoicePlay: 1
[10:11:54.091] |D| [export_sceNgsVoicePlay]: sceNgsVoicePlay: 1
[10:11:54.111] |D| [export_sceNgsVoicePlay]: sceNgsVoicePlay: 1
[10:11:54.130] |D| [export_sceNgsVoicePlay]: sceNgsVoicePlay: 1
[10:11:54.161] |D| [export_sceNgsVoicePlay]: sceNgsVoicePlay: 1
[10:11:54.191] |D| [export_sceNgsVoicePlay]: sceNgsVoicePlay: 1
[10:11:54.210] |D| [export_sceNgsVoicePlay]: sceNgsVoicePlay: 1
[10:11:54.231] |D| [export_sceNgsVoicePlay]: sceNgsVoicePlay: 1
[10:11:54.261] |D| [export_sceNgsVoicePlay]: sceNgsVoicePlay: 1
[10:11:54.281] |D| [export_sceNgsVoicePlay]: sceNgsVoicePlay: 1
[10:11:54.311] |D| [export_sceNgsVoicePlay]: sceNgsVoicePlay: 1
[10:11:54.330] |D| [export_sceNgsVoicePlay]: sceNgsVoicePlay: 1
[10:11:54.351] |D| [export_sceNgsVoicePlay]: sceNgsVoicePlay: 1
[10:11:54.380] |D| [export_sceNgsVoicePlay]: sceNgsVoicePlay: 1
[10:11:54.410] |D| [export_sceNgsVoicePlay]: sceNgsVoicePlay: 1
[10:11:54.431] |D| [export_sceNgsVoicePlay]: sceNgsVoicePlay: 1
[10:11:54.451] |D| [export_sceNgsVoicePlay]: sceNgsVoicePlay: 1
[10:11:54.481] |D| [export_sceNgsVoicePlay]: sceNgsVoicePlay: 1
[10:11:54.500] |D| [export_sceNgsVoicePlay]: sceNgsVoicePlay: 1
[10:11:54.530] |D| [export_sceNgsVoicePlay]: sceNgsVoicePlay: 1
[10:11:54.541] |D| [export_sceNgsVoicePlay]: sceNgsVoicePlay: 1
[10:11:54.560] |D| [export_sceNgsVoicePlay]: sceNgsVoicePlay: 1
[10:11:54.590] |D| [export_sceNgsVoicePlay]: sceNgsVoicePlay: 1
[10:11:54.620] |D| [export_sceNgsVoicePlay]: sceNgsVoicePlay: 1
[10:11:54.641] |D| [export_sceNgsVoicePlay]: sceNgsVoicePlay: 1
[10:11:54.661] |D| [export_sceNgsVoicePlay]: sceNgsVoicePlay: 1
[10:11:54.680] |D| [export_sceNgsVoicePlay]: sceNgsVoicePlay: 1
[10:11:54.710] |D| [export_sceNgsVoicePlay]: sceNgsVoicePlay: 1
[10:11:54.740] |D| [export_sceNgsVoicePlay]: sceNgsVoicePlay: 1
[10:11:54.761] |D| [export_sceNgsVoicePlay]: sceNgsVoicePlay: 1
[10:11:54.781] |D| [export_sceNgsVoicePlay]: sceNgsVoicePlay: 1
[10:11:54.811] |D| [export_sceNgsVoicePlay]: sceNgsVoicePlay: 1
[10:11:54.841] |D| [export_sceNgsVoicePlay]: sceNgsVoicePlay: 1
[10:11:54.860] |D| [export_sceNgsVoicePlay]: sceNgsVoicePlay: 1
[10:11:54.881] |D| [export_sceNgsVoicePlay]: sceNgsVoicePlay: 1
[10:11:54.890] |D| [export_sceNgsVoicePlay]: sceNgsVoicePlay: 1
[10:11:54.920] |D| [export_sceNgsVoicePlay]: sceNgsVoicePlay: 1
[10:11:54.951] |D| [export_sceNgsVoicePlay]: sceNgsVoicePlay: 1
[10:11:54.970] |D| [export_sceNgsVoicePlay]: sceNgsVoicePlay: 1
[10:11:54.991] |D| [export_sceNgsVoicePlay]: sceNgsVoicePlay: 1
[10:11:55.011] |D| [export_sceNgsVoicePlay]: sceNgsVoicePlay: 1
[10:11:55.041] |D| [export_sceNgsVoicePlay]: sceNgsVoicePlay: 1
[10:11:55.071] |D| [export_sceNgsVoicePlay]: sceNgsVoicePlay: 1
[10:11:55.090] |D| [export_sceNgsVoicePlay]: sceNgsVoicePlay: 1
[10:11:55.111] |D| [export_sceNgsVoicePlay]: sceNgsVoicePlay: 1
[10:11:55.141] |D| [export_sceNgsVoicePlay]: sceNgsVoicePlay: 1
[10:11:55.171] |D| [export_sceNgsVoicePlay]: sceNgsVoicePlay: 1
[10:11:55.191] |D| [export_sceNgsVoicePlay]: sceNgsVoicePlay: 1
[10:11:55.210] |D| [export_sceNgsVoicePlay]: sceNgsVoicePlay: 1
[10:11:55.231] |D| [export_sceNgsVoicePlay]: sceNgsVoicePlay: 1
[10:11:55.251] |D| [export_sceNgsVoicePlay]: sceNgsVoicePlay: 1
[10:11:55.281] |D| [export_sceNgsVoicePlay]: sceNgsVoicePlay: 1
[10:11:55.300] |D| [export_sceNgsVoicePlay]: sceNgsVoicePlay: 1
[10:11:55.321] |D| [export_sceNgsVoicePlay]: sceNgsVoicePlay: 1
[10:11:55.341] |D| [export_sceNgsVoicePlay]: sceNgsVoicePlay: 1
[10:11:55.381] |D| [export_sceNgsVoicePlay]: sceNgsVoicePlay: 1
[10:11:55.401] |D| [export_sceNgsVoicePlay]: sceNgsVoicePlay: 1
[10:11:55.420] |D| [export_sceNgsVoicePlay]: sceNgsVoicePlay: 1
[10:11:55.441] |D| [export_sceNgsVoicePlay]: sceNgsVoicePlay: 1
[10:11:55.471] |D| [export_sceNgsVoicePlay]: sceNgsVoicePlay: 1
[10:11:55.501] |D| [export_sceNgsVoicePlay]: sceNgsVoicePlay: 1
[10:11:55.521] |D| [export_sceNgsVoicePlay]: sceNgsVoicePlay: 1
[10:11:55.541] |D| [export_sceNgsVoicePlay]: sceNgsVoicePlay: 1
[10:11:55.560] |D| [export_sceNgsVoicePlay]: sceNgsVoicePlay: 1
[10:11:55.601] |D| [export_sceNgsVoicePlay]: sceNgsVoicePlay: 1
[10:11:55.620] |D| [export_sceNgsVoicePlay]: sceNgsVoicePlay: 1
[10:11:55.641] |D| [export_sceNgsVoicePlay]: sceNgsVoicePlay: 1
[10:11:55.661] |D| [export_sceNgsVoicePlay]: sceNgsVoicePlay: 1
[10:11:55.691] |D| [export_sceNgsVoicePlay]: sceNgsVoicePlay: 1
[10:11:55.721] |D| [export_sceNgsVoicePlay]: sceNgsVoicePlay: 1
[10:11:55.740] |D| [export_sceNgsVoicePlay]: sceNgsVoicePlay: 1
[10:11:55.761] |D| [export_sceNgsVoicePlay]: sceNgsVoicePlay: 1
[10:11:55.781] |D| [export_sceNgsVoicePlay]: sceNgsVoicePlay: 1
[10:11:55.811] |D| [export_sceNgsVoicePlay]: sceNgsVoicePlay: 1
[10:11:55.841] |D| [export_sceNgsVoicePlay]: sceNgsVoicePlay: 1
[10:11:55.860] |D| [export_sceNgsVoicePlay]: sceNgsVoicePlay: 1
[10:11:55.881] |D| [export_sceNgsVoicePlay]: sceNgsVoicePlay: 1
[10:11:55.911] |D| [export_sceNgsVoicePlay]: sceNgsVoicePlay: 1
[10:11:55.941] |D| [export_sceNgsVoicePlay]: sceNgsVoicePlay: 1
[10:11:55.950] |D| [export_sceNgsVoicePlay]: sceNgsVoicePlay: 1
[10:11:55.971] |D| [export_sceNgsVoicePlay]: sceNgsVoicePlay: 1
[10:11:55.991] |D| [export_sceNgsVoicePlay]: sceNgsVoicePlay: 1
[10:11:56.021] |D| [export_sceNgsVoicePlay]: sceNgsVoicePlay: 1
[10:11:56.051] |D| [export_sceNgsVoicePlay]: sceNgsVoicePlay: 1
[10:11:56.070] |D| [export_sceNgsVoicePlay]: sceNgsVoicePlay: 1
[10:11:56.091] |D| [export_sceNgsVoicePlay]: sceNgsVoicePlay: 1
[10:11:56.111] |D| [export_sceNgsVoicePlay]: sceNgsVoicePlay: 1
[10:11:56.150] |D| [export_sceNgsVoicePlay]: sceNgsVoicePlay: 1
[10:11:56.171] |D| [export_sceNgsVoicePlay]: sceNgsVoicePlay: 1
[10:11:56.191] |D| [export_sceNgsVoicePlay]: sceNgsVoicePlay: 1
[10:11:56.210] |D| [export_sceNgsVoicePlay]: sceNgsVoicePlay: 1
[10:11:56.240] |D| [export_sceNgsVoicePlay]: sceNgsVoicePlay: 1
[10:11:56.270] |D| [export_sceNgsVoicePlay]: sceNgsVoicePlay: 1
[10:11:56.291] |D| [export_sceNgsVoicePlay]: sceNgsVoicePlay: 1
[10:11:56.300] |D| [export_sceNgsVoicePlay]: sceNgsVoicePlay: 1
[10:11:56.321] |D| [export_sceNgsVoicePlay]: sceNgsVoicePlay: 1
[10:11:56.360] |D| [export_sceNgsVoicePlay]: sceNgsVoicePlay: 1
[10:11:56.381] |D| [export_sceNgsVoicePlay]: sceNgsVoicePlay: 1
[10:11:56.401] |D| [export_sceNgsVoicePlay]: sceNgsVoicePlay: 1
[10:11:56.420] |D| [export_sceNgsVoicePlay]: sceNgsVoicePlay: 1
[10:11:56.441] |D| [export_sceNgsVoicePlay]: sceNgsVoicePlay: 1
[10:11:56.480] |D| [export_sceNgsVoicePlay]: sceNgsVoicePlay: 1
[10:11:56.501] |D| [export_sceNgsVoicePlay]: sceNgsVoicePlay: 1
[10:11:56.521] |D| [export_sceNgsVoicePlay]: sceNgsVoicePlay: 1
[10:11:56.540] |D| [export_sceNgsVoicePlay]: sceNgsVoicePlay: 1
[10:11:56.570] |D| [export_sceNgsVoicePlay]: sceNgsVoicePlay: 1
[10:11:56.600] |D| [export_sceNgsVoicePlay]: sceNgsVoicePlay: 1
[10:11:56.621] |D| [export_sceNgsVoicePlay]: sceNgsVoicePlay: 1
[10:11:56.641] |D| [export_sceNgsVoicePlay]: sceNgsVoicePlay: 1
[10:11:56.651] |D| [export_sceNgsVoicePlay]: sceNgsVoicePlay: 1
[10:11:56.691] |D| [export_sceNgsVoicePlay]: sceNgsVoicePlay: 1
[10:11:56.710] |D| [export_sceNgsVoicePlay]: sceNgsVoicePlay: 1
[10:11:56.731] |D| [export_sceNgsVoicePlay]: sceNgsVoicePlay: 1
[10:11:56.751] |D| [export_sceNgsVoicePlay]: sceNgsVoicePlay: 1
[10:11:56.770] |D| [export_sceNgsVoicePlay]: sceNgsVoicePlay: 1
[10:11:56.811] |D| [export_sceNgsVoicePlay]: sceNgsVoicePlay: 1
[10:11:56.831] |D| [export_sceNgsVoicePlay]: sceNgsVoicePlay: 1
[10:11:56.851] |D| [export_sceNgsVoicePlay]: sceNgsVoicePlay: 1
[10:11:56.870] |D| [export_sceNgsVoicePlay]: sceNgsVoicePlay: 1
[10:11:56.911] |D| [export_sceNgsVoicePlay]: sceNgsVoicePlay: 1
[10:11:56.931] |D| [export_sceNgsVoicePlay]: sceNgsVoicePlay: 1
[10:11:56.951] |D| [export_sceNgsVoicePlay]: sceNgsVoicePlay: 1
[10:11:56.971] |D| [export_sceNgsVoicePlay]: sceNgsVoicePlay: 1
[10:11:56.990] |D| [export_sceNgsVoicePlay]: sceNgsVoicePlay: 1
[10:11:57.020] |D| [export_sceNgsVoicePlay]: sceNgsVoicePlay: 1
[10:11:57.041] |D| [export_sceNgsVoicePlay]: sceNgsVoicePlay: 1
[10:11:57.061] |D| [export_sceNgsVoicePlay]: sceNgsVoicePlay: 1
[10:11:57.080] |D| [export_sceNgsVoicePlay]: sceNgsVoicePlay: 1
[10:11:57.121] |D| [export_sceNgsVoicePlay]: sceNgsVoicePlay: 1
[10:11:57.141] |D| [export_sceNgsVoicePlay]: sceNgsVoicePlay: 1
[10:11:57.160] |D| [export_sceNgsVoicePlay]: sceNgsVoicePlay: 1
[10:11:57.181] |D| [export_sceNgsVoicePlay]: sceNgsVoicePlay: 1
[10:11:57.201] |D| [export_sceNgsVoicePlay]: sceNgsVoicePlay: 1
[10:11:57.241] |D| [export_sceNgsVoicePlay]: sceNgsVoicePlay: 1
[10:11:57.261] |D| [export_sceNgsVoicePlay]: sceNgsVoicePlay: 1
[10:11:57.280] |D| [export_sceNgsVoicePlay]: sceNgsVoicePlay: 1
[10:11:57.301] |D| [export_sceNgsVoicePlay]: sceNgsVoicePlay: 1
[10:11:57.321] |D| [export_sceNgsVoicePlay]: sceNgsVoicePlay: 1
[10:11:57.361] |D| [export_sceNgsVoicePlay]: sceNgsVoicePlay: 1
[10:11:57.381] |D| [export_sceNgsVoicePlay]: sceNgsVoicePlay: 1
[10:11:57.400] |D| [export_sceNgsVoicePlay]: sceNgsVoicePlay: 1
[10:11:57.421] |D| [export_sceNgsVoicePlay]: sceNgsVoicePlay: 1
[10:11:57.460] |D| [export_sceNgsVoicePlay]: sceNgsVoicePlay: 1
[10:11:57.481] |D| [export_sceNgsVoicePlay]: sceNgsVoicePlay: 1
[10:11:57.501] |D| [export_sceNgsVoicePlay]: sceNgsVoicePlay: 1
[10:11:57.520] |D| [export_sceNgsVoicePlay]: sceNgsVoicePlay: 1
[10:11:57.541] |D| [export_sceNgsVoicePlay]: sceNgsVoicePlay: 1
[10:11:57.580] |D| [export_sceNgsVoicePlay]: sceNgsVoicePlay: 1
[10:11:57.601] |D| [export_sceNgsVoicePlay]: sceNgsVoicePlay: 1
[10:11:57.621] |D| [export_sceNgsVoicePlay]: sceNgsVoicePlay: 1
[10:11:57.640] |D| [export_sceNgsVoicePlay]: sceNgsVoicePlay: 1
[10:11:57.681] |D| [export_sceNgsVoicePlay]: sceNgsVoicePlay: 1
[10:11:57.701] |D| [export_sceNgsVoicePlay]: sceNgsVoicePlay: 1
[10:11:57.711] |D| [export_sceNgsVoicePlay]: sceNgsVoicePlay: 1
[10:11:57.731] |D| [export_sceNgsVoicePlay]: sceNgsVoicePlay: 1
[10:11:57.750] |D| [export_sceNgsVoicePlay]: sceNgsVoicePlay: 1
[10:11:57.791] |D| [export_sceNgsVoicePlay]: sceNgsVoicePlay: 1
[10:11:57.810] |D| [export_sceNgsVoicePlay]: sceNgsVoicePlay: 1
[10:11:57.831] |D| [export_sceNgsVoicePlay]: sceNgsVoicePlay: 1
[10:11:57.851] |D| [export_sceNgsVoicePlay]: sceNgsVoicePlay: 1
[10:11:57.891] |D| [export_sceNgsVoicePlay]: sceNgsVoicePlay: 1
[10:11:57.911] |D| [export_sceNgsVoicePlay]: sceNgsVoicePlay: 1
[10:11:57.930] |D| [export_sceNgsVoicePlay]: sceNgsVoicePlay: 1
[10:11:57.951] |D| [export_sceNgsVoicePlay]: sceNgsVoicePlay: 1
[10:11:57.971] |D| [export_sceNgsVoicePlay]: sceNgsVoicePlay: 1
[10:11:58.011] |D| [export_sceNgsVoicePlay]: sceNgsVoicePlay: 1
[10:11:58.031] |D| [export_sceNgsVoicePlay]: sceNgsVoicePlay: 1
[10:11:58.053] |E| [discordrpc::update_presence::<lambda_23ff884bf2cdb1bde950cb16a82f908e>::operator ()]: Error updating discord rich presence, err_code: 43
[10:11:58.055] |E| [discordrpc::update_presence::<lambda_23ff884bf2cdb1bde950cb16a82f908e>::operator ()]: Error updating discord rich presence, err_code: 43
