[06:10:07.904] |I| [load_app_impl]: cpu-backend: Dynarmic
[06:10:07.904] |I| [load_app_impl]: CPU Optimisation state: true
[06:10:07.904] |I| [load_app_impl]: at9 audio decoder state: true
[06:10:07.904] |I| [load_app_impl]: ngs experimental state: true
[06:10:07.904] |I| [load_app_impl]: video player state: true
[06:10:07.904] |I| [load_app_impl]: lle-modules: libpgf,libSceXml,libsas,liblocation,libhandwriting,libSceJson,librudp
[06:10:07.904] |I| [load_app_impl]: Title: Spy Hunter™
[06:10:07.905] |I| [load_app_impl]: Serial: PCSB00166
[06:10:07.905] |I| [load_app_impl]: Version: 1.00
[06:10:07.905] |I| [load_app_impl]: Category: gd
[06:10:07.957] |C| [load_self]: Unknown segment type 0x6FFFFF01
[06:10:07.957] |I| [load_self]: Loaded module segment 0 @ [0x00007000 - 0x000437DC / 0x81000000] (size: 0x0003C7DC) of module ux0:app\PCSB00166\sce_module\libc.suprx
[06:10:07.958] |I| [load_self]: Loaded module segment 1 @ [0x00044000 - 0x00046374 / 0x8103D000] (size: 0x00002374) of module ux0:app\PCSB00166\sce_module\libc.suprx
[06:10:07.958] |I| [load_self]: Loading symbols for SELF: ux0:app\PCSB00166\sce_module\libc.suprx
[06:10:07.958] |D| [load_var_exports]: 	NID 0x6C2224BA (NID_MODULE_INFO) at 0x35220
[06:10:07.958] |W| [load_var_imports]: 	NID NOT FOUND 0xDF084DFA (UNRECOGNISED) at 0x389F0, setting to stub value 0xDEADBEEF
[06:10:07.959] |I| [pre_load_module]: Pre-load module SceLibc (at "app\PCSB00166\sce_module\libc.suprx") loaded
[06:10:07.972] |C| [load_self]: Unknown segment type 0x6FFFFF01
[06:10:07.974] |I| [load_self]: Loaded module segment 0 @ [0x00048000 - 0x0006A1B0 / 0x81000000] (size: 0x000221B0) of module ux0:app\PCSB00166\sce_module\libfios2.suprx
[06:10:07.974] |I| [load_self]: Loaded module segment 1 @ [0x0006B000 - 0x000701B8 / 0x81023000] (size: 0x000051B8) of module ux0:app\PCSB00166\sce_module\libfios2.suprx
[06:10:07.974] |I| [load_self]: Loading symbols for SELF: ux0:app\PCSB00166\sce_module\libfios2.suprx
[06:10:07.974] |D| [load_var_exports]: 	NID 0x6C2224BA (NID_MODULE_INFO) at 0x63CB0
[06:10:07.974] |I| [pre_load_module]: Pre-load module SceLibFios2 (at "app\PCSB00166\sce_module\libfios2.suprx") loaded
[06:10:07.988] |C| [load_self]: Unknown segment type 0x6FFFFF01
[06:10:07.989] |I| [load_self]: Loaded module segment 0 @ [0x00071000 - 0x0008506C / 0x81000000] (size: 0x0001406C) of module ux0:app\PCSB00166\sce_module\libult.suprx
[06:10:07.989] |I| [load_self]: Loaded module segment 1 @ [0x00086000 - 0x00086814 / 0x81015000] (size: 0x00000814) of module ux0:app\PCSB00166\sce_module\libult.suprx
[06:10:07.989] |I| [load_self]: Loading symbols for SELF: ux0:app\PCSB00166\sce_module\libult.suprx
[06:10:07.989] |D| [load_var_exports]: 	NID 0x6C2224BA (NID_MODULE_INFO) at 0x81B68
[06:10:07.989] |I| [pre_load_module]: Pre-load module SceUlt (at "app\PCSB00166\sce_module\libult.suprx") loaded
[06:10:07.996] |I| [load_self]: Loaded module segment 0 @ [0x00087000 - 0x000D7F04 / 0x81000000] (size: 0x00050F04) of module vs0:sys/external/libSceFt2.suprx
[06:10:07.996] |I| [load_self]: Loaded module segment 1 @ [0x000D8000 - 0x000D82F4 / 0x81051000] (size: 0x000002F4) of module vs0:sys/external/libSceFt2.suprx
[06:10:07.996] |I| [load_self]: Loading symbols for SELF: vs0:sys/external/libSceFt2.suprx
[06:10:07.997] |D| [load_var_exports]: 	NID 0x936C8A78 (SYSLYB) at 0xC37DC
[06:10:07.997] |D| [load_var_exports]: 	NID 0x6C2224BA (NID_MODULE_INFO) at 0xC2F10
[06:10:07.997] |W| [load_var_imports]: 	NID NOT FOUND 0x93B8AA67 (UNRECOGNISED) at 0xD7EE0, setting to stub value 0xDEADBEEF
[06:10:07.998] |I| [pre_load_module]: Pre-load module SceLibft2 (at "sys/external/libSceFt2.suprx") loaded
[06:10:08.000] |I| [load_self]: Loaded module segment 0 @ [0x000DA000 - 0x000E9F14 / 0x81000000] (size: 0x0000FF14) of module vs0:sys/external/libpvf.suprx
[06:10:08.000] |I| [load_self]: Loaded module segment 1 @ [0x000EA000 - 0x000EA008 / 0x81010000] (size: 0x00000008) of module vs0:sys/external/libpvf.suprx
[06:10:08.000] |I| [load_self]: Loading symbols for SELF: vs0:sys/external/libpvf.suprx
[06:10:08.000] |D| [load_var_exports]: 	NID 0x936C8A78 (SYSLYB) at 0xE8710
[06:10:08.000] |D| [load_var_exports]: 	NID 0x6C2224BA (NID_MODULE_INFO) at 0xE8300
[06:10:08.000] |I| [pre_load_module]: Pre-load module SceLibPvf (at "sys/external/libpvf.suprx") loaded
[06:10:08.042] |C| [load_self]: Unknown segment type 0x6FFFFF01
[06:10:08.043] |I| [load_self]: Loaded module segment 0 @ [0x81000000 - 0x811B5258 / 0x81000000] (size: 0x001B5258) of module app0:eboot.bin
[06:10:08.043] |I| [load_self]: Loaded module segment 1 @ [0x811B6000 - 0x81238BC4 / 0x811B6000] (size: 0x00082BC4) of module app0:eboot.bin
[06:10:08.043] |I| [load_self]: Loading symbols for SELF: app0:eboot.bin
[06:10:08.043] |D| [load_var_exports]: 	NID 0x6C2224BA (NID_MODULE_INFO) at 0x81187840
[06:10:08.043] |D| [load_var_exports]: 	NID 0x70FBA1E7 (SCE_PROC_PARAMS) at 0x811B6A80
[06:10:08.043] |I| [load_app_impl]: Main executable Spyhunter_PSP2_EU (eboot.bin) loaded
[06:10:08.051] |D| [run_app]: Running module_start of library: SceLibc at address 0x75E5
[06:10:08.061] |I| [export_sceIoOpen]: Opening file: tty0:
[06:10:08.061] |I| [export_sceIoOpen]: Opening file: tty0:
[06:10:08.062] |I| [export_sceIoOpen]: Opening file: tty1:
[06:10:08.067] |I| [run_app]: Module SceLibc (at "ux0:app\PCSB00166\sce_module\libc.suprx") module_start returned 0x0
[06:10:08.070] |D| [run_app]: Running module_start of library: SceLibFios2 at address 0x48001
[06:10:08.078] |W| [stubbed_impl]: Stubbed sceKernelGetProcessId import called. (pid: 0)
[06:10:08.078] |W| [stubbed_impl]: Stubbed _sceFiosKernelOverlayGetList import called. (Set pActualIDs to 0)
[06:10:08.078] |D| [export__sceFiosKernelOverlayGetList]: pid: 0
[06:10:08.078] |D| [export__sceFiosKernelOverlayGetList]: buffer_size: 0
[06:10:08.078] |D| [export__sceFiosKernelOverlayGetList]: maxIDs: 0
[06:10:08.078] |D| [export__sceFiosKernelOverlayGetList]: pActualIDs: 0
[06:10:08.079] |I| [run_app]: Module SceLibFios2 (at "ux0:app\PCSB00166\sce_module\libfios2.suprx") module_start returned 0x0
[06:10:08.082] |D| [run_app]: Running module_start of library: SceUlt at address 0x74B71
[06:10:08.090] |I| [run_app]: Module SceUlt (at "ux0:app\PCSB00166\sce_module\libult.suprx") module_start returned 0x0
[06:10:08.109] |W| [stubbed_impl]: Stubbed sceKernelGetThreadInfo import called. (STUB)
[06:10:08.130] |W| [unimplemented_impl]: Unimplemented sceAppUtilInit import called.
[06:10:08.141] |W| [stubbed_impl]: Stubbed sceGxmMapMemory import called. (always return success)
[06:10:08.144] |W| [stubbed_impl]: Stubbed sceGxmMapFragmentUsseMemory import called. (always return success)
[06:10:08.192] |W| [stubbed_impl]: Stubbed sceGxmMapVertexUsseMemory import called. (always return success)
[06:10:08.196] |W| [stubbed_impl]: Stubbed sceGxmGetRenderTargetMemSize import called. (2MB host mem)
[06:10:08.247] |W| [unimplemented_impl]: Unimplemented sceGxmDepthStencilSurfaceSetForceStoreMode import called.
[06:10:08.248] |W| [unimplemented_impl]: Unimplemented sceGxmDepthStencilSurfaceSetForceLoadMode import called.
[06:10:08.401] |I| [export_sceIoOpen]: Opening file: app0:prebuiltshaders_psp2nopoint.fib
[06:10:08.454] |W| [unimplemented_impl]: Unimplemented sceKernelCreateCallback import called.
[06:10:08.462] |W| [unimplemented_impl]: Unimplemented sceDisplayRegisterVblankStartCallback import called.
[06:10:08.462] |W| [stubbed_impl]: Stubbed sceKernelCheckCallback import called. (checkcallback)
[06:10:08.641] |W| [unimplemented_impl]: Unimplemented sceKernelChangeThreadCpuAffinityMask import called.
[06:10:08.641] |W| [stubbed_impl]: Stubbed sceKernelWaitEventFlagCB import called. (no CB)
[06:10:08.642] |W| [stubbed_impl]: Stubbed sceKernelChangeThreadPriority import called. (STUB)
[06:10:08.643] |D| [export_sceTouchEnableTouchForce]: port: 0, state: 1
[06:10:08.643] |D| [export_sceTouchEnableTouchForce]: port: 1, state: 0
[06:10:08.643] |D| [export_sceTouchEnableTouchForce]: port: 0, state: 1
[06:10:08.643] |D| [export_sceTouchEnableTouchForce]: port: 1, state: 1
[06:10:08.644] |W| [unimplemented_impl]: Unimplemented sceMotionStartSampling import called.
[06:10:08.645] |W| [unimplemented_impl]: Unimplemented sceCameraOpen import called.
[06:10:08.655] |I| [load_module]: Loading module ID: 0xD
[06:10:08.658] |I| [load_self]: Loaded module segment 0 @ [0x0B082000 - 0x0B099244 / 0x81000000] (size: 0x00017244) of module sys/external/libsas.suprx
[06:10:08.658] |I| [load_self]: Loaded module segment 1 @ [0x0B09A000 - 0x0B09A038 / 0x81018000] (size: 0x00000038) of module sys/external/libsas.suprx
[06:10:08.658] |I| [load_self]: Loading symbols for SELF: sys/external/libsas.suprx
[06:10:08.658] |D| [load_var_exports]: 	NID 0x936C8A78 (SYSLYB) at 0xB096004
[06:10:08.658] |D| [load_var_exports]: 	NID 0x6C2224BA (NID_MODULE_INFO) at 0xB095BF0
[06:10:08.658] |I| [load_module]: Module SceSasUser (at "sys/external/libsas.suprx") loaded
[06:10:08.704] |W| [stubbed_impl]: Stubbed sceKernelDelayThreadCB import called. (no CB)
[06:10:08.711] |E| [call_import]: Import function for NID 0xE340CB09 not found (thread name: fnaSound_SASCoreUpdate, thread ID: 118)
[06:10:08.722] |W| [stubbed_impl]: Stubbed sceNetCtlInit import called. (Stub)
[06:10:08.723] |W| [unimplemented_impl]: Unimplemented sceSslInit import called.
[06:10:08.723] |W| [unimplemented_impl]: Unimplemented sceHttpInit import called.
[06:10:08.744] |E| [logging::ret_error_impl]: sceKernelWaitEventFlagCB returned SCE_KERNEL_ERROR_WAIT_TIMEOUT (0x80028005)
[06:10:08.749] |W| [unimplemented_impl]: Unimplemented sceGxmSetFrontLineFillLastPixelEnable import called.
[06:10:08.750] |W| [unimplemented_impl]: Unimplemented sceGxmSetFrontVisibilityTestEnable import called.
[06:10:08.750] |W| [unimplemented_impl]: Unimplemented sceGxmSetFrontVisibilityTestIndex import called.
[06:10:08.750] |W| [unimplemented_impl]: Unimplemented sceGxmSetFrontVisibilityTestOp import called.
[06:10:08.751] |W| [unimplemented_impl]: Unimplemented sceGxmSetBackLineFillLastPixelEnable import called.
[06:10:08.751] |W| [unimplemented_impl]: Unimplemented sceGxmSetBackVisibilityTestEnable import called.
[06:10:08.751] |W| [unimplemented_impl]: Unimplemented sceGxmSetBackVisibilityTestIndex import called.
[06:10:08.752] |W| [unimplemented_impl]: Unimplemented sceGxmSetBackVisibilityTestOp import called.
[06:10:08.780] |W| [unimplemented_impl]: Unimplemented sceGxmColorSurfaceGetClip import called.
[06:10:08.781] |W| [unimplemented_impl]: Unimplemented sceGxmColorSurfaceSetClip import called.
[06:10:08.783] |W| [stubbed_impl]: Stubbed __sceAppMgrGetAppState import called. (Set to 0.)
[06:10:08.793] |I| [export_sceIoOpen]: Opening file: app0:spyhunter_psp2.fib
[06:10:08.797] |D| [renderer::gl::texture::translate_swizzle]: base format: 0, swizzle: 4096
[06:10:08.797] |I| [renderer::gl::load_shader_generic]: Generating frag shader c1746c82e0ee6cc3c6ab20fe10203cd6d1118d9c4c5ececac4eaab33d54d2682
[06:10:08.798] |D| [shader::create_parameters]: [DEFAULT  + 0] sa0 = (float4) AlphaFade
[06:10:08.798] |D| [shader::create_parameters]: [DEFAULT  + 4] sa4 = (float1) OverBright
[06:10:08.798] |D| [shader::create_parameters]: [DEFAULT  + 6] sa6 = (float4) FogColour
[06:10:08.798] |D| [shader::create_fragment_inputs]: Iterator: pa0 = (half4) v_Color0
[06:10:08.798] |D| [shader::create_fragment_inputs]: Iterator: pa2 = (float1) v_Fog
[06:10:08.819] |I| [renderer::gl::load_shader_generic]: Generating vert shader 020c7493528a6563145009926d663e6ba0baceaef233cba499156a2201c8c948
[06:10:08.820] |D| [shader::create_parameters]: [BUFFER0  + 0] pa0 = (float4) vsin_Position
[06:10:08.820] |D| [shader::create_parameters]: [BUFFER0  + 4] pa4 = (float4) vsin_Colour
[06:10:08.820] |D| [shader::create_parameters]: [DEFAULT  + 0] sa0 = (float4) ViewComposite[4]
[06:10:08.820] |D| [shader::create_parameters]: [DEFAULT  + 16] sa16 = (float4) ModelView[4]
[06:10:08.820] |D| [shader::create_parameters]: [DEFAULT  + 32] sa32 = (float4) FogRange
[06:10:08.820] |D| [shader::create_parameters]: [DEFAULT  + 36] sa36 = (float4) MaterialColour
[06:10:08.860] |E| [renderer::gl::compile_program]: Vertex info
-----------
0(24) : warning C7050: "internals[1]" might be used before being initialized

Fragment info
-------------
0(22) : warning C7050: "pa[0].zw" might be used before being initialized
0(25) : warning C7050: "r[0].xyw" might be used before being initialized
0(25) : warning C7050: "r[1]" might be used before being initialized


[06:10:08.931] |D| [renderer::gl::texture::translate_swizzle]: base format: 201326592, swizzle: 0
[06:10:08.932] |I| [renderer::gl::load_shader_generic]: Generating frag shader 69c2799953eec4f62022bbc2ca933b4d9f3309d3649fbcc88f85c43cc5a01099
[06:10:08.938] |I| [renderer::gl::load_shader_generic]: Generating vert shader b5ca3848352d66d0b69afe3f0a32d61a71b6dfaaff322f259e746e7d42d76fcc
[06:10:08.939] |D| [shader::create_parameters]: [BUFFER0  + 0] pa0 = (float4) vsin_Position
[06:10:08.939] |D| [shader::create_parameters]: [BUFFER0  + 4] pa4 = (float4) vsin_TexCoord[0]
[06:10:08.939] |D| [shader::create_parameters]: [BUFFER0  + 8] pa8 = (float4) vsin_Colour
[06:10:08.939] |D| [shader::create_parameters]: [DEFAULT  + 0] sa0 = (float4) ViewComposite[4]
[06:10:08.953] |E| [renderer::gl::compile_program]: Fragment info
-------------
0(18) : warning C7050: "sa[0]" might be used before being initialized
0(17) : warning C7050: "pa[0].zw" might be used before being initialized


[06:10:08.954] |W| [stubbed_impl]: Stubbed sceDisplayWaitSetFrameBufMulti import called. (move after setframebuf)
[06:10:08.964] |W| [unimplemented_impl]: Unimplemented sceCommonDialogSetConfigParam import called.
[06:10:08.965] |W| [unimplemented_impl]: Unimplemented sceCommonDialogUpdate import called.
[06:10:09.046] |I| [export_sceIoOpen]: Opening file: app0:pregen/tracks/track_transarea01/inteldata.bin
[06:10:09.047] |E| [open_file]: Missing file at D:/Emulateurs/Vita3K/mc/ux0/app/PCSB00166/pregen/tracks/track_transarea01/inteldata.bin (target path: app0:pregen/tracks/track_transarea01/inteldata.bin)
[06:10:09.047] |W| [io_error_impl]: open_file (sceIoOpen) returned 0x80010002
[06:10:09.047] |I| [export_sceIoOpen]: Opening file: app0:pregen/tracks/track_transarea01/inteldata.bin
[06:10:09.048] |E| [open_file]: Missing file at D:/Emulateurs/Vita3K/mc/ux0/app/PCSB00166/pregen/tracks/track_transarea01/inteldata.bin (target path: app0:pregen/tracks/track_transarea01/inteldata.bin)
[06:10:09.048] |W| [io_error_impl]: open_file (sceIoOpen) returned 0x80010002
[06:10:09.048] |I| [export_sceIoOpen]: Opening file: app0:pregen/tracks/track_transarea02/inteldata.bin
[06:10:09.048] |E| [open_file]: Missing file at D:/Emulateurs/Vita3K/mc/ux0/app/PCSB00166/pregen/tracks/track_transarea02/inteldata.bin (target path: app0:pregen/tracks/track_transarea02/inteldata.bin)
[06:10:09.048] |W| [io_error_impl]: open_file (sceIoOpen) returned 0x80010002
[06:10:09.048] |I| [export_sceIoOpen]: Opening file: app0:pregen/tracks/track_transarea02/inteldata.bin
[06:10:09.048] |E| [open_file]: Missing file at D:/Emulateurs/Vita3K/mc/ux0/app/PCSB00166/pregen/tracks/track_transarea02/inteldata.bin (target path: app0:pregen/tracks/track_transarea02/inteldata.bin)
[06:10:09.048] |W| [io_error_impl]: open_file (sceIoOpen) returned 0x80010002
[06:10:09.049] |I| [export_sceIoOpen]: Opening file: app0:pregen/tracks/track_transarea03/inteldata.bin
[06:10:09.049] |E| [open_file]: Missing file at D:/Emulateurs/Vita3K/mc/ux0/app/PCSB00166/pregen/tracks/track_transarea03/inteldata.bin (target path: app0:pregen/tracks/track_transarea03/inteldata.bin)
[06:10:09.049] |W| [io_error_impl]: open_file (sceIoOpen) returned 0x80010002
[06:10:09.049] |I| [export_sceIoOpen]: Opening file: app0:pregen/tracks/track_transarea03/inteldata.bin
[06:10:09.049] |E| [open_file]: Missing file at D:/Emulateurs/Vita3K/mc/ux0/app/PCSB00166/pregen/tracks/track_transarea03/inteldata.bin (target path: app0:pregen/tracks/track_transarea03/inteldata.bin)
[06:10:09.049] |W| [io_error_impl]: open_file (sceIoOpen) returned 0x80010002
[06:10:09.049] |I| [export_sceIoOpen]: Opening file: app0:pregen/tracks/track_transarea04/inteldata.bin
[06:10:09.049] |E| [open_file]: Missing file at D:/Emulateurs/Vita3K/mc/ux0/app/PCSB00166/pregen/tracks/track_transarea04/inteldata.bin (target path: app0:pregen/tracks/track_transarea04/inteldata.bin)
[06:10:09.049] |W| [io_error_impl]: open_file (sceIoOpen) returned 0x80010002
[06:10:09.050] |I| [export_sceIoOpen]: Opening file: app0:pregen/tracks/track_transarea04/inteldata.bin
[06:10:09.050] |E| [open_file]: Missing file at D:/Emulateurs/Vita3K/mc/ux0/app/PCSB00166/pregen/tracks/track_transarea04/inteldata.bin (target path: app0:pregen/tracks/track_transarea04/inteldata.bin)
[06:10:09.050] |W| [io_error_impl]: open_file (sceIoOpen) returned 0x80010002
[06:10:09.050] |I| [export_sceIoOpen]: Opening file: app0:pregen/tracks/track_transarea05/inteldata.bin
[06:10:09.050] |E| [open_file]: Missing file at D:/Emulateurs/Vita3K/mc/ux0/app/PCSB00166/pregen/tracks/track_transarea05/inteldata.bin (target path: app0:pregen/tracks/track_transarea05/inteldata.bin)
[06:10:09.050] |W| [io_error_impl]: open_file (sceIoOpen) returned 0x80010002
[06:10:09.050] |I| [export_sceIoOpen]: Opening file: app0:pregen/tracks/track_transarea05/inteldata.bin
[06:10:09.050] |E| [open_file]: Missing file at D:/Emulateurs/Vita3K/mc/ux0/app/PCSB00166/pregen/tracks/track_transarea05/inteldata.bin (target path: app0:pregen/tracks/track_transarea05/inteldata.bin)
[06:10:09.050] |W| [io_error_impl]: open_file (sceIoOpen) returned 0x80010002
[06:10:09.051] |I| [export_sceIoOpen]: Opening file: app0:pregen/tracks/track_transarea06/inteldata.bin
[06:10:09.051] |E| [open_file]: Missing file at D:/Emulateurs/Vita3K/mc/ux0/app/PCSB00166/pregen/tracks/track_transarea06/inteldata.bin (target path: app0:pregen/tracks/track_transarea06/inteldata.bin)
[06:10:09.051] |W| [io_error_impl]: open_file (sceIoOpen) returned 0x80010002
[06:10:09.051] |I| [export_sceIoOpen]: Opening file: app0:pregen/tracks/track_transarea06/inteldata.bin
[06:10:09.051] |E| [open_file]: Missing file at D:/Emulateurs/Vita3K/mc/ux0/app/PCSB00166/pregen/tracks/track_transarea06/inteldata.bin (target path: app0:pregen/tracks/track_transarea06/inteldata.bin)
[06:10:09.051] |W| [io_error_impl]: open_file (sceIoOpen) returned 0x80010002
[06:10:09.051] |I| [export_sceIoOpen]: Opening file: app0:pregen/tracks/track_transarea07/inteldata.bin
[06:10:09.051] |E| [open_file]: Missing file at D:/Emulateurs/Vita3K/mc/ux0/app/PCSB00166/pregen/tracks/track_transarea07/inteldata.bin (target path: app0:pregen/tracks/track_transarea07/inteldata.bin)
[06:10:09.051] |W| [io_error_impl]: open_file (sceIoOpen) returned 0x80010002
[06:10:09.051] |I| [export_sceIoOpen]: Opening file: app0:pregen/tracks/track_transarea07/inteldata.bin
[06:10:09.052] |E| [open_file]: Missing file at D:/Emulateurs/Vita3K/mc/ux0/app/PCSB00166/pregen/tracks/track_transarea07/inteldata.bin (target path: app0:pregen/tracks/track_transarea07/inteldata.bin)
[06:10:09.052] |W| [io_error_impl]: open_file (sceIoOpen) returned 0x80010002
[06:10:09.052] |I| [export_sceIoOpen]: Opening file: app0:pregen/tracks/track_transarea08/inteldata.bin
[06:10:09.052] |E| [open_file]: Missing file at D:/Emulateurs/Vita3K/mc/ux0/app/PCSB00166/pregen/tracks/track_transarea08/inteldata.bin (target path: app0:pregen/tracks/track_transarea08/inteldata.bin)
[06:10:09.052] |W| [io_error_impl]: open_file (sceIoOpen) returned 0x80010002
[06:10:09.052] |I| [export_sceIoOpen]: Opening file: app0:pregen/tracks/track_transarea08/inteldata.bin
[06:10:09.052] |E| [open_file]: Missing file at D:/Emulateurs/Vita3K/mc/ux0/app/PCSB00166/pregen/tracks/track_transarea08/inteldata.bin (target path: app0:pregen/tracks/track_transarea08/inteldata.bin)
[06:10:09.052] |W| [io_error_impl]: open_file (sceIoOpen) returned 0x80010002
[06:10:09.052] |I| [export_sceIoOpen]: Opening file: app0:pregen/tracks/track_transarea09/inteldata.bin
[06:10:09.053] |E| [open_file]: Missing file at D:/Emulateurs/Vita3K/mc/ux0/app/PCSB00166/pregen/tracks/track_transarea09/inteldata.bin (target path: app0:pregen/tracks/track_transarea09/inteldata.bin)
[06:10:09.053] |W| [io_error_impl]: open_file (sceIoOpen) returned 0x80010002
[06:10:09.053] |I| [export_sceIoOpen]: Opening file: app0:pregen/tracks/track_transarea09/inteldata.bin
[06:10:09.053] |E| [open_file]: Missing file at D:/Emulateurs/Vita3K/mc/ux0/app/PCSB00166/pregen/tracks/track_transarea09/inteldata.bin (target path: app0:pregen/tracks/track_transarea09/inteldata.bin)
[06:10:09.053] |W| [io_error_impl]: open_file (sceIoOpen) returned 0x80010002
[06:10:09.053] |I| [export_sceIoOpen]: Opening file: app0:pregen/tracks/track_transarea10/inteldata.bin
[06:10:09.053] |E| [open_file]: Missing file at D:/Emulateurs/Vita3K/mc/ux0/app/PCSB00166/pregen/tracks/track_transarea10/inteldata.bin (target path: app0:pregen/tracks/track_transarea10/inteldata.bin)
[06:10:09.053] |W| [io_error_impl]: open_file (sceIoOpen) returned 0x80010002
[06:10:09.053] |I| [export_sceIoOpen]: Opening file: app0:pregen/tracks/track_transarea10/inteldata.bin
[06:10:09.053] |E| [open_file]: Missing file at D:/Emulateurs/Vita3K/mc/ux0/app/PCSB00166/pregen/tracks/track_transarea10/inteldata.bin (target path: app0:pregen/tracks/track_transarea10/inteldata.bin)
[06:10:09.053] |W| [io_error_impl]: open_file (sceIoOpen) returned 0x80010002
[06:10:09.054] |I| [export_sceIoOpen]: Opening file: app0:pregen/tracks/track_transarea11/inteldata.bin
[06:10:09.054] |E| [open_file]: Missing file at D:/Emulateurs/Vita3K/mc/ux0/app/PCSB00166/pregen/tracks/track_transarea11/inteldata.bin (target path: app0:pregen/tracks/track_transarea11/inteldata.bin)
[06:10:09.054] |W| [io_error_impl]: open_file (sceIoOpen) returned 0x80010002
[06:10:09.054] |I| [export_sceIoOpen]: Opening file: app0:pregen/tracks/track_transarea11/inteldata.bin
[06:10:09.054] |E| [open_file]: Missing file at D:/Emulateurs/Vita3K/mc/ux0/app/PCSB00166/pregen/tracks/track_transarea11/inteldata.bin (target path: app0:pregen/tracks/track_transarea11/inteldata.bin)
[06:10:09.054] |W| [io_error_impl]: open_file (sceIoOpen) returned 0x80010002
[06:10:09.054] |I| [export_sceIoOpen]: Opening file: app0:pregen/tracks/track_transarea12/inteldata.bin
[06:10:09.054] |E| [open_file]: Missing file at D:/Emulateurs/Vita3K/mc/ux0/app/PCSB00166/pregen/tracks/track_transarea12/inteldata.bin (target path: app0:pregen/tracks/track_transarea12/inteldata.bin)
[06:10:09.054] |W| [io_error_impl]: open_file (sceIoOpen) returned 0x80010002
[06:10:09.055] |I| [export_sceIoOpen]: Opening file: app0:pregen/tracks/track_transarea12/inteldata.bin
[06:10:09.055] |E| [open_file]: Missing file at D:/Emulateurs/Vita3K/mc/ux0/app/PCSB00166/pregen/tracks/track_transarea12/inteldata.bin (target path: app0:pregen/tracks/track_transarea12/inteldata.bin)
[06:10:09.055] |W| [io_error_impl]: open_file (sceIoOpen) returned 0x80010002
[06:10:09.055] |I| [export_sceIoOpen]: Opening file: app0:pregen/tracks/track_transarea13/inteldata.bin
[06:10:09.055] |E| [open_file]: Missing file at D:/Emulateurs/Vita3K/mc/ux0/app/PCSB00166/pregen/tracks/track_transarea13/inteldata.bin (target path: app0:pregen/tracks/track_transarea13/inteldata.bin)
[06:10:09.055] |W| [io_error_impl]: open_file (sceIoOpen) returned 0x80010002
[06:10:09.055] |I| [export_sceIoOpen]: Opening file: app0:pregen/tracks/track_transarea13/inteldata.bin
[06:10:09.055] |E| [open_file]: Missing file at D:/Emulateurs/Vita3K/mc/ux0/app/PCSB00166/pregen/tracks/track_transarea13/inteldata.bin (target path: app0:pregen/tracks/track_transarea13/inteldata.bin)
[06:10:09.055] |W| [io_error_impl]: open_file (sceIoOpen) returned 0x80010002
[06:10:09.055] |I| [export_sceIoOpen]: Opening file: app0:pregen/tracks/track_transarea14/inteldata.bin
[06:10:09.056] |E| [open_file]: Missing file at D:/Emulateurs/Vita3K/mc/ux0/app/PCSB00166/pregen/tracks/track_transarea14/inteldata.bin (target path: app0:pregen/tracks/track_transarea14/inteldata.bin)
[06:10:09.056] |W| [io_error_impl]: open_file (sceIoOpen) returned 0x80010002
[06:10:09.056] |I| [export_sceIoOpen]: Opening file: app0:pregen/tracks/track_transarea14/inteldata.bin
[06:10:09.056] |E| [open_file]: Missing file at D:/Emulateurs/Vita3K/mc/ux0/app/PCSB00166/pregen/tracks/track_transarea14/inteldata.bin (target path: app0:pregen/tracks/track_transarea14/inteldata.bin)
[06:10:09.056] |W| [io_error_impl]: open_file (sceIoOpen) returned 0x80010002
[06:10:09.056] |I| [export_sceIoOpen]: Opening file: app0:pregen/tracks/track_transarea15/inteldata.bin
[06:10:09.056] |E| [open_file]: Missing file at D:/Emulateurs/Vita3K/mc/ux0/app/PCSB00166/pregen/tracks/track_transarea15/inteldata.bin (target path: app0:pregen/tracks/track_transarea15/inteldata.bin)
[06:10:09.056] |W| [io_error_impl]: open_file (sceIoOpen) returned 0x80010002
[06:10:09.057] |I| [export_sceIoOpen]: Opening file: app0:pregen/tracks/track_transarea15/inteldata.bin
[06:10:09.057] |E| [open_file]: Missing file at D:/Emulateurs/Vita3K/mc/ux0/app/PCSB00166/pregen/tracks/track_transarea15/inteldata.bin (target path: app0:pregen/tracks/track_transarea15/inteldata.bin)
[06:10:09.057] |W| [io_error_impl]: open_file (sceIoOpen) returned 0x80010002
[06:10:09.057] |I| [export_sceIoOpen]: Opening file: app0:pregen/tracks/track_transarea16/inteldata.bin
[06:10:09.057] |E| [open_file]: Missing file at D:/Emulateurs/Vita3K/mc/ux0/app/PCSB00166/pregen/tracks/track_transarea16/inteldata.bin (target path: app0:pregen/tracks/track_transarea16/inteldata.bin)
[06:10:09.057] |W| [io_error_impl]: open_file (sceIoOpen) returned 0x80010002
[06:10:09.057] |I| [export_sceIoOpen]: Opening file: app0:pregen/tracks/track_transarea16/inteldata.bin
[06:10:09.057] |E| [open_file]: Missing file at D:/Emulateurs/Vita3K/mc/ux0/app/PCSB00166/pregen/tracks/track_transarea16/inteldata.bin (target path: app0:pregen/tracks/track_transarea16/inteldata.bin)
[06:10:09.057] |W| [io_error_impl]: open_file (sceIoOpen) returned 0x80010002
[06:10:09.181] |I| [export_sceIoOpen]: Opening file: app0:pregen/missions/mission_bone/commsdata.bin
[06:10:09.181] |E| [open_file]: Missing file at D:/Emulateurs/Vita3K/mc/ux0/app/PCSB00166/pregen/missions/mission_bone/commsdata.bin (target path: app0:pregen/missions/mission_bone/commsdata.bin)
[06:10:09.181] |W| [io_error_impl]: open_file (sceIoOpen) returned 0x80010002
[06:10:09.181] |I| [export_sceIoOpen]: Opening file: app0:pregen/missions/mission_bone/commsdata.bin
[06:10:09.181] |E| [open_file]: Missing file at D:/Emulateurs/Vita3K/mc/ux0/app/PCSB00166/pregen/missions/mission_bone/commsdata.bin (target path: app0:pregen/missions/mission_bone/commsdata.bin)
[06:10:09.182] |W| [io_error_impl]: open_file (sceIoOpen) returned 0x80010002
[06:10:09.299] |W| [stubbed_impl]: Stubbed sceGxmTextureInitCube import called. (Stub InitCube)
[06:10:09.300] |D| [export_sceGxmTextureInitCube]: sceGxmTextureInitCube, Unimplemeted: width: 128, height: 128
[06:10:09.320] |D| [export_sceGxmTextureInitCube]: sceGxmTextureInitCube, Unimplemeted: width: 128, height: 128
[06:10:10.596] |I| [renderer::gl::load_shader_generic]: Generating frag shader 0a035c4ce9a839ffbd4d5c077a43916a304cda4c663922074daeace968dcf559
[06:10:10.599] |D| [shader::create_parameters]: [DEFAULT  + 0] sa0 = (float1) ConstAlpha
[06:10:10.599] |D| [shader::create_parameters]: [DEFAULT  + 2] sa2 = (float4) AlphaFade
[06:10:10.599] |D| [shader::create_parameters]: [DEFAULT  + 6] sa6 = (float1) OverBright
[06:10:10.599] |D| [shader::create_parameters]: [DEFAULT  + 8] sa8 = (float4) FogColour
[06:10:10.599] |D| [shader::create_fragment_inputs]: Iterator: pa0 = (half4) v_Color0
[06:10:10.599] |D| [shader::create_fragment_inputs]: Iterator: pa2 = (float1) v_Fog
[06:10:10.635] |E| [renderer::gl::compile_program]: Vertex info
-----------
0(24) : warning C7050: "internals[1]" might be used before being initialized

Fragment info
-------------
0(22) : warning C7050: "pa[0].zw" might be used before being initialized
0(25) : warning C7050: "r[0].xyw" might be used before being initialized
0(25) : warning C7050: "r[1].yzw" might be used before being initialized


[06:10:10.839] |I| [export_sceIoOpen]: Opening file: savedata0:savegame.dat
[06:10:11.489] |I| [export_sceIoOpen]: Opening file: savedata0:savegame.dat
[06:10:12.122] |I| [export_sceIoOpen]: Opening file: savedata0:savegame.dat
[06:10:12.755] |I| [export_sceIoOpen]: Opening file: savedata0:savegame.dat
[06:10:13.555] |I| [export_sceIoOpen]: Opening file: savedata0:savegame.dat
[06:10:15.348] |W| [unimplemented_impl]: Unimplemented sceCameraStart import called.
[06:10:15.350] |W| [unimplemented_impl]: Unimplemented sceCameraIsActive import called.
[06:10:15.570] |I| [export_sceIoOpen]: Opening file: app0:movies/wbgames_logo.fmv
[06:10:15.651] |W| [unimplemented_impl]: Unimplemented sceAudioOutGetRestSample import called.
[06:10:16.163] |D| [renderer::gl::texture::translate_swizzle]: base format: 0, swizzle: 4096
[06:10:16.164] |D| [renderer::gl::texture::translate_swizzle]: base format: 0, swizzle: 4096
[06:10:16.164] |D| [renderer::gl::texture::translate_swizzle]: base format: 0, swizzle: 4096
[06:10:16.165] |I| [renderer::gl::load_shader_generic]: Generating frag shader fed37d8f94f8c080399fa3837da36e9ff5db376c9bd3e6bfc6df1c802093f12b
[06:10:16.165] |D| [shader::create_parameters]: [DEFAULT  + 0] sa0 = (float4) csbh
[06:10:16.166] |D| [shader::create_parameters]: [DEFAULT  + 4] sa4 = (float1) gamma
[06:10:16.194] |E| [renderer::gl::compile_program]: Fragment info
-------------
0(24) : warning C7050: "pa[0].zw" might be used before being initialized
0(24) : warning C7050: "pa[1].zw" might be used before being initialized
0(27) : warning C7050: "r[0]" might be used before being initialized
0(26) : warning C7050: "internals[0].w" might be used before being initialized
0(26) : warning C7050: "internals[1]" might be used before being initialized
0(26) : warning C7050: "internals[2]" might be used before being initialized


