[22:06:23.898] |I| [load_app_impl]: cpu-backend: Dynarmic
[22:06:23.898] |I| [load_app_impl]: CPU Optimisation state: true
[22:06:23.898] |I| [load_app_impl]: at9 audio decoder state: true
[22:06:23.899] |I| [load_app_impl]: ngs experimental state: true
[22:06:23.899] |I| [load_app_impl]: video player state: true
[22:06:23.900] |I| [load_app_impl]: modules mode: Automatic
[22:06:23.900] |I| [load_app_impl]: Title: Virtue's Last Reward
[22:06:23.901] |I| [load_app_impl]: Serial: PCSB00205
[22:06:23.901] |I| [load_app_impl]: Version: 1.00
[22:06:23.901] |I| [load_app_impl]: Category: gd
[22:06:23.910] |C| [load_self]: Unknown segment type 0x6FFFFF01
[22:06:23.910] |I| [load_self]: Loaded module segment 0 @ [0x00007000 - 0x000437DC / 0x81000000] (size: 0x0003C7DC) of module ux0:app\PCSB00205\sce_module\libc.suprx
[22:06:23.911] |I| [load_self]: Loaded module segment 1 @ [0x00044000 - 0x00046374 / 0x8103D000] (size: 0x00002374) of module ux0:app\PCSB00205\sce_module\libc.suprx
[22:06:23.912] |I| [load_self]: Loading symbols for SELF: ux0:app\PCSB00205\sce_module\libc.suprx
[22:06:23.912] |D| [load_var_exports]: 	NID 0x6C2224BA (NID_MODULE_INFO) at 0x35220
[22:06:23.913] |W| [load_var_imports]: 	NID NOT FOUND 0xDF084DFA (UNRECOGNISED) at 0x389F0, setting to stub value 0xDEADBEEF
[22:06:23.914] |I| [pre_load_module]: Pre-load module SceLibc (at "app\PCSB00205\sce_module\libc.suprx") loaded
[22:06:23.920] |C| [load_self]: Unknown segment type 0x6FFFFF01
[22:06:23.920] |I| [load_self]: Loaded module segment 0 @ [0x00048000 - 0x0006A1B0 / 0x81000000] (size: 0x000221B0) of module ux0:app\PCSB00205\sce_module\libfios2.suprx
[22:06:23.920] |I| [load_self]: Loaded module segment 1 @ [0x0006B000 - 0x000701B8 / 0x81023000] (size: 0x000051B8) of module ux0:app\PCSB00205\sce_module\libfios2.suprx
[22:06:23.923] |I| [load_self]: Loading symbols for SELF: ux0:app\PCSB00205\sce_module\libfios2.suprx
[22:06:23.924] |D| [load_var_exports]: 	NID 0x6C2224BA (NID_MODULE_INFO) at 0x63CB0
[22:06:23.925] |I| [pre_load_module]: Pre-load module SceLibFios2 (at "app\PCSB00205\sce_module\libfios2.suprx") loaded
[22:06:23.929] |C| [load_self]: Unknown segment type 0x6FFFFF01
[22:06:23.929] |I| [load_self]: Loaded module segment 0 @ [0x00071000 - 0x0008506C / 0x81000000] (size: 0x0001406C) of module ux0:app\PCSB00205\sce_module\libult.suprx
[22:06:23.929] |I| [load_self]: Loaded module segment 1 @ [0x00086000 - 0x00086814 / 0x81015000] (size: 0x00000814) of module ux0:app\PCSB00205\sce_module\libult.suprx
[22:06:23.930] |I| [load_self]: Loading symbols for SELF: ux0:app\PCSB00205\sce_module\libult.suprx
[22:06:23.931] |D| [load_var_exports]: 	NID 0x6C2224BA (NID_MODULE_INFO) at 0x81B68
[22:06:23.931] |I| [pre_load_module]: Pre-load module SceUlt (at "app\PCSB00205\sce_module\libult.suprx") loaded
[22:06:23.938] |I| [load_self]: Loaded module segment 0 @ [0x00087000 - 0x000D7F04 / 0x81000000] (size: 0x00050F04) of module vs0:sys/external/libSceFt2.suprx
[22:06:23.939] |I| [load_self]: Loaded module segment 1 @ [0x000D8000 - 0x000D82F4 / 0x81051000] (size: 0x000002F4) of module vs0:sys/external/libSceFt2.suprx
[22:06:23.940] |I| [load_self]: Loading symbols for SELF: vs0:sys/external/libSceFt2.suprx
[22:06:23.941] |D| [load_var_exports]: 	NID 0x936C8A78 (SYSLYB) at 0xC37DC
[22:06:23.942] |D| [load_var_exports]: 	NID 0x6C2224BA (NID_MODULE_INFO) at 0xC2F10
[22:06:23.942] |W| [load_var_imports]: 	NID NOT FOUND 0x93B8AA67 (UNRECOGNISED) at 0xD7EE0, setting to stub value 0xDEADBEEF
[22:06:23.943] |I| [pre_load_module]: Pre-load module SceLibft2 (at "sys/external/libSceFt2.suprx") loaded
[22:06:23.946] |I| [load_self]: Loaded module segment 0 @ [0x000DA000 - 0x000E9F14 / 0x81000000] (size: 0x0000FF14) of module vs0:sys/external/libpvf.suprx
[22:06:23.946] |I| [load_self]: Loaded module segment 1 @ [0x000EA000 - 0x000EA008 / 0x81010000] (size: 0x00000008) of module vs0:sys/external/libpvf.suprx
[22:06:23.947] |I| [load_self]: Loading symbols for SELF: vs0:sys/external/libpvf.suprx
[22:06:23.947] |D| [load_var_exports]: 	NID 0x936C8A78 (SYSLYB) at 0xE8710
[22:06:23.948] |D| [load_var_exports]: 	NID 0x6C2224BA (NID_MODULE_INFO) at 0xE8300
[22:06:23.948] |I| [pre_load_module]: Pre-load module SceLibPvf (at "sys/external/libpvf.suprx") loaded
[22:06:23.999] |C| [load_self]: Unknown segment type 0x6FFFFF01
[22:06:23.999] |I| [load_self]: Loaded module segment 0 @ [0x81000000 - 0x81295D74 / 0x81000000] (size: 0x00295D74) of module app0:eboot.bin
[22:06:24.000] |I| [load_self]: Loaded module segment 1 @ [0x81296000 - 0x81347AF0 / 0x81296000] (size: 0x000B1AF0) of module app0:eboot.bin
[22:06:24.001] |I| [load_self]: Loading symbols for SELF: app0:eboot.bin
[22:06:24.001] |D| [load_var_exports]: 	NID 0x6C2224BA (NID_MODULE_INFO) at 0x8120CE58
[22:06:24.002] |D| [load_var_exports]: 	NID 0x70FBA1E7 (SCE_PROC_PARAMS) at 0x81296660
[22:06:24.002] |I| [load_app_impl]: Main executable skp2_psp2_rel (eboot.bin) loaded
[22:06:24.012] |D| [run_app]: Running module_start of library: SceLibc at address 0x75E5
[22:06:24.022] |I| [export_sceIoOpen]: Opening file: tty0:
[22:06:24.022] |I| [export_sceIoOpen]: Opening file: tty0:
[22:06:24.023] |I| [export_sceIoOpen]: Opening file: tty1:
[22:06:24.029] |I| [run_app]: Module SceLibc (at "ux0:app\PCSB00205\sce_module\libc.suprx") module_start returned 0x0
[22:06:24.033] |D| [run_app]: Running module_start of library: SceLibFios2 at address 0x48001
[22:06:24.040] |W| [stubbed_impl]: Stubbed sceKernelGetProcessId import called. (pid: 0)
[22:06:24.041] |W| [stubbed_impl]: Stubbed _sceFiosKernelOverlayGetList import called. (Set pActualIDs to 0)
[22:06:24.041] |D| [export__sceFiosKernelOverlayGetList]: pid: 0
[22:06:24.043] |D| [export__sceFiosKernelOverlayGetList]: buffer_size: 0
[22:06:24.043] |D| [export__sceFiosKernelOverlayGetList]: maxIDs: 0
[22:06:24.044] |D| [export__sceFiosKernelOverlayGetList]: pActualIDs: 0
[22:06:24.045] |I| [run_app]: Module SceLibFios2 (at "ux0:app\PCSB00205\sce_module\libfios2.suprx") module_start returned 0x0
[22:06:24.049] |D| [run_app]: Running module_start of library: SceUlt at address 0x74B71
[22:06:24.057] |I| [run_app]: Module SceUlt (at "ux0:app\PCSB00205\sce_module\libult.suprx") module_start returned 0x0
[22:06:24.158] |W| [stubbed_impl]: Stubbed _sceKernelGetThreadInfo import called. (STUB)
[22:06:24.173] |W| [unimplemented_impl]: Unimplemented sceKernelChangeThreadVfpException import called.
[22:06:24.173] |W| [unimplemented_impl]: Unimplemented _sceFiosKernelOverlayThreadSetDisabled import called.
[22:06:24.175] |W| [stubbed_impl]: Stubbed _sceKernelWaitLwCondCB import called. (Try CB)
[22:06:24.225] |W| [unimplemented_impl]: Unimplemented _sceFiosKernelOverlayGetRecommendedScheduler import called.
[22:06:24.230] |I| [export_sceIoOpen]: Opening file: app0:/skp2_data_0.psarc
[22:06:24.256] |I| [export_sceIoOpen]: Opening file: app0:/skp2_data_0.psarc
[22:06:24.434] |I| [export_sceIoOpen]: Opening file: app0:/skp2_data_1.psarc
[22:06:24.435] |I| [export_sceIoOpen]: Opening file: app0:/skp2_data_1.psarc
[22:06:24.463] |W| [stubbed_impl]: Stubbed sceGxmMapMemory import called. (always return success)
[22:06:24.464] |W| [stubbed_impl]: Stubbed sceGxmMapFragmentUsseMemory import called. (always return success)
[22:06:24.521] |W| [stubbed_impl]: Stubbed sceGxmMapVertexUsseMemory import called. (always return success)
[22:06:24.594] |D| [export_sceSysmoduleLoadModule]: module id: 11
[22:06:24.594] |D| [export_sceSysmoduleLoadModule]: module: libngs
[22:06:24.595] |D| [ngs::create_voice_definition]: type: 14
[22:06:24.595] |D| [ngs::create_voice_definition]: type: 0
[22:06:24.600] |D| [export_sceNgsVoicePlay]: sceNgsVoicePlay: 1
[22:06:24.609] |W| [unimplemented_impl]: Unimplemented sceAppUtilInit import called.
[22:06:24.609] |W| [unimplemented_impl]: Unimplemented sceCommonDialogSetConfigParam import called.
[22:06:24.610] |D| [export_sceSysmoduleLoadModule]: module id: 29
[22:06:24.612] |D| [export_sceSysmoduleLoadModule]: module: libSceScreenShot
[22:06:24.613] |W| [unimplemented_impl]: Unimplemented sceScreenShotDisable import called.
[22:06:24.614] |W| [unimplemented_impl]: Unimplemented sceScreenShotSetOverlayImage import called.
[22:06:24.617] |W| [unimplemented_impl]: Unimplemented sceScreenShotSetParam import called.
[22:06:24.617] |D| [export_sceSysmoduleLoadModule]: module id: 21
[22:06:24.618] |D| [export_sceSysmoduleLoadModule]: module: np_common
[22:06:24.618] |D| [export_sceSysmoduleLoadModule]: module: np_manager
[22:06:24.619] |D| [export_sceSysmoduleLoadModule]: module id: 37
[22:06:24.619] |D| [export_sceSysmoduleLoadModule]: module: np_trophy
[22:06:24.634] |W| [unimplemented_impl]: Unimplemented sceGxmDepthStencilSurfaceSetForceStoreMode import called.
[22:06:24.634] |W| [unimplemented_impl]: Unimplemented sceGxmDepthStencilSurfaceSetForceLoadMode import called.
[22:06:24.634] |W| [unimplemented_impl]: Unimplemented sceGxmPushUserMarker import called.
[22:06:24.635] |W| [unimplemented_impl]: Unimplemented sceGxmSetWClampEnable import called.
[22:06:24.636] |W| [unimplemented_impl]: Unimplemented sceGxmSetWBufferEnable import called.
[22:06:24.637] |W| [unimplemented_impl]: Unimplemented sceGxmSetFrontLineFillLastPixelEnable import called.
[22:06:24.637] |W| [unimplemented_impl]: Unimplemented sceGxmSetFrontVisibilityTestEnable import called.
[22:06:24.638] |W| [unimplemented_impl]: Unimplemented sceGxmPopUserMarker import called.
[22:06:24.641] |W| [unimplemented_impl]: Unimplemented sceCommonDialogUpdate import called.
[22:06:24.643] |W| [unimplemented_impl]: Unimplemented sceMotionGetState import called.
[22:06:24.699] |W| [stubbed_impl]: Stubbed sceDisplayWaitVblankStartMulti import called. (wait for vblank)
[22:06:24.699] |W| [unimplemented_impl]: Unimplemented sceScreenShotEnable import called.
[22:06:35.645] |W| [stubbed_impl]: Stubbed sceMp4OpenFile import called. (Fake Handle)
[22:06:35.653] |W| [unimplemented_impl]: Unimplemented sceMp4StartFileStreaming import called.
[22:06:35.667] |W| [unimplemented_impl]: Unimplemented sceMp4CloseFile import called.
[22:06:35.668] |W| [unimplemented_impl]: Unimplemented sceMp4ReleaseBuffer import called.
[22:06:35.669] |W| [unimplemented_impl]: Unimplemented sceSysmoduleUnloadModule import called.
[22:06:35.669] |W| [unimplemented_impl]: Unimplemented sceKernelCloseMutex import called.
[22:06:35.670] |W| [stubbed_impl]: Stubbed sceDisplayWaitVblankStartCB import called. (wait for vblank)
[22:06:36.829] |D| [export_sceNgsVoicePlay]: sceNgsVoicePlay: 1
[22:06:36.829] |D| [export_sceNgsVoiceResume]: Resume: 2
[22:06:36.832] |I| [export_sceIoOpen]: Opening file: savedata0:data1_H
[22:06:36.835] |I| [export_sceIoOpen]: Opening file: savedata0:/data1_0
[22:06:36.836] |I| [export_sceIoOpen]: Opening file: savedata0:/data1_1
[22:06:36.837] |I| [export_sceIoOpen]: Opening file: savedata0:/data1_2
[22:06:36.838] |I| [export_sceIoOpen]: Opening file: savedata0:/data1_3
[22:06:36.846] |I| [export_sceIoOpen]: Opening file: savedata0:data2_H
[22:06:36.847] |E| [open_file]: Missing file at D:/Emulateurs/Vita3K/mc/ux0/user/00/savedata/PCSB00205/data2_H (target path: savedata0:data2_H)
[22:06:36.848] |W| [io_error_impl]: open_file (sceIoOpen) returned 0x80010002
[22:06:36.849] |E| [stat_file]: Missing file at D:/Emulateurs/Vita3K/mc/ux0/user/00/savedata/PCSB00205/data2_0 (target path: savedata0:/data2_0)
[22:06:36.849] |W| [io_error_impl]: stat_file (_sceIoGetstat) returned 0x80010002
[22:06:36.851] |E| [stat_file]: Missing file at D:/Emulateurs/Vita3K/mc/ux0/user/00/savedata/PCSB00205/data2_1 (target path: savedata0:/data2_1)
[22:06:36.852] |W| [io_error_impl]: stat_file (_sceIoGetstat) returned 0x80010002
[22:06:36.853] |E| [stat_file]: Missing file at D:/Emulateurs/Vita3K/mc/ux0/user/00/savedata/PCSB00205/data2_2 (target path: savedata0:/data2_2)
[22:06:36.853] |W| [io_error_impl]: stat_file (_sceIoGetstat) returned 0x80010002
[22:06:36.854] |E| [stat_file]: Missing file at D:/Emulateurs/Vita3K/mc/ux0/user/00/savedata/PCSB00205/data2_3 (target path: savedata0:/data2_3)
[22:06:36.854] |W| [io_error_impl]: stat_file (_sceIoGetstat) returned 0x80010002
[22:06:36.855] |I| [export_sceIoOpen]: Opening file: savedata0:data3_H
[22:06:36.855] |E| [open_file]: Missing file at D:/Emulateurs/Vita3K/mc/ux0/user/00/savedata/PCSB00205/data3_H (target path: savedata0:data3_H)
[22:06:36.856] |W| [io_error_impl]: open_file (sceIoOpen) returned 0x80010002
[22:06:36.857] |E| [stat_file]: Missing file at D:/Emulateurs/Vita3K/mc/ux0/user/00/savedata/PCSB00205/data3_0 (target path: savedata0:/data3_0)
[22:06:36.858] |W| [io_error_impl]: stat_file (_sceIoGetstat) returned 0x80010002
[22:06:36.860] |E| [stat_file]: Missing file at D:/Emulateurs/Vita3K/mc/ux0/user/00/savedata/PCSB00205/data3_1 (target path: savedata0:/data3_1)
[22:06:36.860] |W| [io_error_impl]: stat_file (_sceIoGetstat) returned 0x80010002
[22:06:36.861] |E| [stat_file]: Missing file at D:/Emulateurs/Vita3K/mc/ux0/user/00/savedata/PCSB00205/data3_2 (target path: savedata0:/data3_2)
[22:06:36.864] |W| [io_error_impl]: stat_file (_sceIoGetstat) returned 0x80010002
[22:06:36.864] |E| [stat_file]: Missing file at D:/Emulateurs/Vita3K/mc/ux0/user/00/savedata/PCSB00205/data3_3 (target path: savedata0:/data3_3)
[22:06:36.865] |W| [io_error_impl]: stat_file (_sceIoGetstat) returned 0x80010002
[22:06:43.110] |D| [export_sceNgsVoicePlay]: sceNgsVoicePlay: 1
[22:06:43.111] |D| [export_sceNgsVoiceResume]: Resume: 2
[22:06:43.676] |I| [export_sceIoOpen]: Opening file: savedata0:data1_H
[22:06:43.677] |I| [export_sceIoOpen]: Opening file: savedata0:/data1_0
[22:06:43.677] |I| [export_sceIoOpen]: Opening file: savedata0:/data1_1
[22:06:43.680] |I| [export_sceIoOpen]: Opening file: savedata0:/data1_2
[22:06:43.682] |I| [renderer::gl::load_shader_generic]: Generating frag shader d2c701f44d94474205f2d3d001ebac9d8c3d15a2a4008c87212ad462d4d7d77f
[22:06:43.682] |I| [export_sceIoOpen]: Opening file: savedata0:/data1_3
[22:06:43.686] |I| [renderer::gl::load_shader_generic]: Generating vert shader 9d94fef54e9b888a53e2b32f951a0313d24250b41880971c4707c8b1475e471b
[22:06:43.687] |D| [shader::create_parameters]: [BUFFER0  + 0] pa0 = (float4) aPosition
[22:06:43.687] |D| [shader::create_parameters]: [BUFFER0  + 4] pa4 = (float4) aTexcoord
[22:06:43.689] |I| [export_sceIoOpen]: Opening file: savedata0:data2_H
[22:06:43.691] |E| [open_file]: Missing file at D:/Emulateurs/Vita3K/mc/ux0/user/00/savedata/PCSB00205/data2_H (target path: savedata0:data2_H)
[22:06:43.696] |W| [io_error_impl]: open_file (sceIoOpen) returned 0x80010002
[22:06:43.697] |E| [stat_file]: Missing file at D:/Emulateurs/Vita3K/mc/ux0/user/00/savedata/PCSB00205/data2_0 (target path: savedata0:/data2_0)
[22:06:43.698] |W| [io_error_impl]: stat_file (_sceIoGetstat) returned 0x80010002
[22:06:43.698] |E| [stat_file]: Missing file at D:/Emulateurs/Vita3K/mc/ux0/user/00/savedata/PCSB00205/data2_1 (target path: savedata0:/data2_1)
[22:06:43.699] |W| [io_error_impl]: stat_file (_sceIoGetstat) returned 0x80010002
[22:06:43.699] |E| [stat_file]: Missing file at D:/Emulateurs/Vita3K/mc/ux0/user/00/savedata/PCSB00205/data2_2 (target path: savedata0:/data2_2)
[22:06:43.700] |W| [io_error_impl]: stat_file (_sceIoGetstat) returned 0x80010002
[22:06:43.701] |E| [stat_file]: Missing file at D:/Emulateurs/Vita3K/mc/ux0/user/00/savedata/PCSB00205/data2_3 (target path: savedata0:/data2_3)
[22:06:43.703] |W| [io_error_impl]: stat_file (_sceIoGetstat) returned 0x80010002
[22:06:43.703] |I| [export_sceIoOpen]: Opening file: savedata0:data3_H
[22:06:43.704] |E| [open_file]: Missing file at D:/Emulateurs/Vita3K/mc/ux0/user/00/savedata/PCSB00205/data3_H (target path: savedata0:data3_H)
[22:06:43.705] |W| [io_error_impl]: open_file (sceIoOpen) returned 0x80010002
[22:06:43.705] |E| [stat_file]: Missing file at D:/Emulateurs/Vita3K/mc/ux0/user/00/savedata/PCSB00205/data3_0 (target path: savedata0:/data3_0)
[22:06:43.706] |W| [io_error_impl]: stat_file (_sceIoGetstat) returned 0x80010002
[22:06:43.707] |E| [stat_file]: Missing file at D:/Emulateurs/Vita3K/mc/ux0/user/00/savedata/PCSB00205/data3_1 (target path: savedata0:/data3_1)
[22:06:43.710] |W| [io_error_impl]: stat_file (_sceIoGetstat) returned 0x80010002
[22:06:43.714] |E| [stat_file]: Missing file at D:/Emulateurs/Vita3K/mc/ux0/user/00/savedata/PCSB00205/data3_2 (target path: savedata0:/data3_2)
[22:06:43.715] |W| [io_error_impl]: stat_file (_sceIoGetstat) returned 0x80010002
[22:06:43.716] |E| [stat_file]: Missing file at D:/Emulateurs/Vita3K/mc/ux0/user/00/savedata/PCSB00205/data3_3 (target path: savedata0:/data3_3)
[22:06:43.716] |W| [io_error_impl]: stat_file (_sceIoGetstat) returned 0x80010002
[22:06:45.857] |D| [export_sceNgsVoicePlay]: sceNgsVoicePlay: 1
[22:06:45.857] |D| [export_sceNgsVoiceResume]: Resume: 2
[22:06:48.336] |D| [export_sceNgsVoicePlay]: sceNgsVoicePlay: 1
[22:06:48.337] |D| [export_sceNgsVoiceResume]: Resume: 2
[22:06:48.645] |I| [export_sceIoOpen]: Opening file: savedata0:data1_H
[22:06:48.645] |I| [export_sceIoOpen]: Opening file: savedata0:data1_0
[22:06:48.646] |I| [export_sceIoOpen]: Opening file: savedata0:data1_1
[22:06:48.646] |I| [export_sceIoOpen]: Opening file: savedata0:data1_2
[22:06:48.656] |I| [export_sceIoOpen]: Opening file: savedata0:data1_3
[22:06:51.591] |D| [export_sceNgsVoicePlay]: sceNgsVoicePlay: 1
[22:06:51.592] |D| [export_sceNgsVoiceResume]: Resume: 2
[22:06:51.617] |I| [renderer::gl::load_shader_generic]: Generating frag shader 315860576b3e127f62974b074482884395e76736b1537b091dafd4db3aab25f5
[22:06:51.618] |D| [shader::create_parameters]: [DEFAULT  + 0] sa0 = (float1) uAlphaTestValue
[22:06:51.619] |D| [shader::create_fragment_inputs]: Iterator: pa0 = (half4) v_TexCoord0
[22:06:51.640] |I| [renderer::gl::load_shader_generic]: Generating vert shader 003a836de1358b0757937e8d0859b8e90f8a14fcb8e56b9ed726eaaed6dfa677
[22:06:51.642] |D| [shader::create_parameters]: [BUFFER0  + 0] pa0 = (float4) inPosition
[22:06:51.642] |D| [shader::create_parameters]: [BUFFER0  + 4] pa4 = (float4) inNormal
[22:06:51.642] |D| [shader::create_parameters]: [BUFFER0  + 8] pa8 = (float4) inColor
[22:06:51.647] |D| [shader::create_parameters]: [BUFFER0  + 12] pa12 = (float4) inTexcoord
[22:06:51.647] |D| [shader::create_parameters]: [DEFAULT  + 0] sa0 = (float4) uProjectionMatrix[4]
[22:06:51.648] |D| [shader::create_parameters]: [DEFAULT  + 16] sa16 = (float4) uWorldMatrix[4]
[22:06:51.649] |D| [shader::create_parameters]: [DEFAULT  + 32] sa32 = (float4) uViewMatrix[4]
[22:06:51.649] |D| [shader::create_parameters]: [DEFAULT  + 48] sa48 = (float2) uTextureOffset
[22:06:51.650] |D| [shader::create_parameters]: [DEFAULT  + 50] sa50 = (float4) uMaterialDiffuse
[22:06:51.650] |D| [shader::create_parameters]: [DEFAULT  + 54] sa54 = (float4) uLightDiffuse
[22:06:51.651] |D| [shader::create_parameters]: [DEFAULT  + 58] sa58 = (float1) uLighting
[22:06:51.651] |D| [shader::create_parameters]: [DEFAULT  + 60] sa60 = (float2) uVertexColor
[22:06:51.726] |E| [renderer::gl::compile_program]: Vertex info
-----------
0(27) : warning C7050: "internals[0].w" might be used before being initialized
0(27) : warning C7050: "internals[1]" might be used before being initialized
0(27) : warning C7050: "internals[2]" might be used before being initialized


[22:06:51.789] |I| [renderer::gl::load_shader_generic]: Generating frag shader c055e00033e19ea15dd11d763074f22686351092842b60c6a8bc966e85d5fea1
[22:06:51.792] |D| [shader::create_parameters]: [DEFAULT  + 0] sa0 = (float1) uAlphaTestValue
[22:06:51.795] |D| [shader::create_fragment_inputs]: Iterator: pa0 = (half4) v_TexCoord0
[22:06:51.822] |I| [renderer::gl::load_shader_generic]: Generating vert shader 8b4f32bf42c0f66b1fd5ee939686ca79343a0f6150571058f98e362566507ede
[22:06:51.824] |D| [shader::create_parameters]: [BUFFER0  + 0] pa0 = (float4) inPosition
[22:06:51.824] |D| [shader::create_parameters]: [BUFFER0  + 4] pa4 = (float4) inNormal
[22:06:51.825] |D| [shader::create_parameters]: [BUFFER0  + 8] pa8 = (float4) inColor
[22:06:51.826] |D| [shader::create_parameters]: [BUFFER0  + 12] pa12 = (float4) inTexcoord
[22:06:51.826] |D| [shader::create_parameters]: [DEFAULT  + 0] sa0 = (float4) uProjectionMatrix[4]
[22:06:51.829] |D| [shader::create_parameters]: [DEFAULT  + 16] sa16 = (float4) uWorldMatrix[4]
[22:06:51.830] |D| [shader::create_parameters]: [DEFAULT  + 32] sa32 = (float4) uViewMatrix[4]
[22:06:51.831] |D| [shader::create_parameters]: [DEFAULT  + 48] sa48 = (float2) uTextureOffset
[22:06:51.831] |D| [shader::create_parameters]: [DEFAULT  + 50] sa50 = (float4) uMaterialDiffuse
[22:06:51.832] |D| [shader::create_parameters]: [DEFAULT  + 54] sa54 = (float4) uLightDiffuse
[22:06:51.832] |D| [shader::create_parameters]: [DEFAULT  + 58] sa58 = (float1) uLighting
[22:06:51.833] |D| [shader::create_parameters]: [DEFAULT  + 60] sa60 = (float2) uVertexColor
[22:06:51.906] |E| [renderer::gl::compile_program]: Vertex info
-----------
0(27) : warning C7050: "internals[0].w" might be used before being initialized
0(27) : warning C7050: "internals[1]" might be used before being initialized
0(27) : warning C7050: "internals[2]" might be used before being initialized


[22:06:51.909] |I| [renderer::gl::load_shader_generic]: Generating frag shader 4ae332f805eec43367016a101a12adff040ea18517a68fb43cda0911758ac70d
[22:06:51.910] |D| [shader::create_parameters]: [DEFAULT  + 0] sa0 = (float1) uAlphaTestValue
[22:06:51.911] |D| [shader::create_fragment_inputs]: Iterator: pa0 = (half4) v_TexCoord0
[22:06:51.938] |I| [renderer::gl::load_shader_generic]: Generating vert shader 023d5cb9abe2c2857f4d33339ff1884fb8a50395c97afd8acedef0e729990b04
[22:06:51.940] |D| [shader::create_parameters]: [BUFFER0  + 0] pa0 = (float4) inPosition
[22:06:51.940] |D| [shader::create_parameters]: [BUFFER0  + 4] pa4 = (float4) inNormal
[22:06:51.940] |D| [shader::create_parameters]: [BUFFER0  + 8] pa8 = (float4) inColor
[22:06:51.941] |D| [shader::create_parameters]: [BUFFER0  + 12] pa12 = (float4) inTexcoord
[22:06:51.941] |D| [shader::create_parameters]: [DEFAULT  + 0] sa0 = (float4) uProjectionMatrix[4]
[22:06:51.942] |D| [shader::create_parameters]: [DEFAULT  + 16] sa16 = (float4) uWorldMatrix[4]
[22:06:51.943] |D| [shader::create_parameters]: [DEFAULT  + 32] sa32 = (float4) uViewMatrix[4]
[22:06:51.943] |D| [shader::create_parameters]: [DEFAULT  + 48] sa48 = (float2) uTextureOffset
[22:06:51.948] |D| [shader::create_parameters]: [DEFAULT  + 50] sa50 = (float4) uMaterialDiffuse
[22:06:51.950] |D| [shader::create_parameters]: [DEFAULT  + 54] sa54 = (float4) uLightDiffuse
[22:06:51.951] |D| [shader::create_parameters]: [DEFAULT  + 58] sa58 = (float1) uLighting
[22:06:51.951] |D| [shader::create_parameters]: [DEFAULT  + 60] sa60 = (float2) uVertexColor
[22:06:52.031] |E| [renderer::gl::compile_program]: Vertex info
-----------
0(27) : warning C7050: "internals[0].w" might be used before being initialized
0(27) : warning C7050: "internals[1]" might be used before being initialized
0(27) : warning C7050: "internals[2]" might be used before being initialized


[22:07:14.191] |E| [discordrpc::update_presence::<lambda_331f079a0acdd083d9cce7eefa67668c>::operator ()]: Error updating discord rich presence, err_code: 43
