[19:46:26.492] |I| [load_app_impl]: ngs experimental state: true
[19:46:26.492] |I| [load_app_impl]: video player state: true
[19:46:26.492] |I| [load_app_impl]: auto-lle: enabled
[19:46:26.492] |I| [load_app_impl]: Title: Spy Chameleon
[19:46:26.493] |I| [load_app_impl]: Serial: PCSB00978
[19:46:26.493] |I| [load_app_impl]: Version: 1.00
[19:46:26.493] |I| [load_app_impl]: Category: gd
[19:46:26.524] |I| [load_self]: Loaded module segment 0 @ [0x00004000 - 0x000128D8 / 0x81000000] (size: 0x0000E8D8) of module os0:us/libkernel.suprx
[19:46:26.524] |I| [load_self]: Loaded module segment 1 @ [0x00013000 - 0x00013048 / 0x8100F000] (size: 0x00000048) of module os0:us/libkernel.suprx
[19:46:26.524] |I| [load_self]: Loading symbols for SELF: os0:us/libkernel.suprx
[19:46:26.524] |D| [load_var_exports]: 	NID 0x936C8A78 (SYSLYB) at 0x10AF0
[19:46:26.524] |D| [load_var_exports]: 	NID 0x6C2224BA (NID_MODULE_INFO) at 0xF250
[19:46:26.524] |D| [load_func_exports]: 	NID 0x120AFC8C (sceKernelUnlockLwMutex2) at 0x44B1
[19:46:26.524] |D| [load_func_exports]: 	NID 0x244E76D2 (sceKernelDeleteLwMutex) at 0xEAC5
[19:46:26.524] |D| [load_func_exports]: 	NID 0x3148C6B6 (sceKernelLockLwMutexCB) at 0x438D
[19:46:26.524] |D| [load_func_exports]: 	NID 0x46E7BE7B (sceKernelLockLwMutex) at 0x4391
[19:46:26.525] |D| [load_func_exports]: 	NID 0x4846613D (sceKernelGetLwMutexInfoById) at 0xEACD
[19:46:26.525] |D| [load_func_exports]: 	NID 0x4C4672BF (sceKernelGetProcessTime) at 0x47CF
[19:46:26.525] |D| [load_func_exports]: 	NID 0x91FA6614 (sceKernelUnlockLwMutex) at 0x4437
[19:46:26.525] |D| [load_func_exports]: 	NID 0xA6A2C915 (sceKernelTryLockLwMutex) at 0x43C1
[19:46:26.525] |D| [load_func_exports]: 	NID 0xB110C123 (sceKernelGetProcessTimeWide) at 0x4799
[19:46:26.525] |D| [load_func_exports]: 	NID 0xB84EF718 (_sceKernelCreateLwMutex) at 0xEAB1
[19:46:26.525] |D| [load_func_exports]: 	NID 0xDA6EC8EF (sceKernelCreateLwMutex) at 0x56ED
[19:46:26.525] |D| [load_func_exports]: 	NID 0xE9F973B1 (sceKernelGetProcessTimeLow) at 0x4771
[19:46:26.525] |D| [load_func_exports]: 	NID 0xF7D8F1FC (sceKernelGetLwMutexInfo) at 0x44A3
[19:46:26.526] |I| [pre_load_module]: Pre-load module SceLibKernel (at "us/libkernel.suprx") loaded
[19:46:26.527] |I| [load_self]: Loaded module segment 0 @ [0x00014000 - 0x000231D4 / 0x81000000] (size: 0x0000F1D4) of module os0:us/driver_us.suprx
[19:46:26.527] |I| [load_self]: Loaded module segment 1 @ [0x00024000 - 0x0002CF40 / 0x81010000] (size: 0x00008F40) of module os0:us/driver_us.suprx
[19:46:26.527] |I| [load_self]: Loading symbols for SELF: os0:us/driver_us.suprx
[19:46:26.527] |D| [load_var_exports]: 	NID 0x936C8A78 (SYSLYB) at 0x216E4
[19:46:26.527] |D| [load_var_exports]: 	NID 0x6C2224BA (NID_MODULE_INFO) at 0x20410
[19:46:26.528] |I| [pre_load_module]: Pre-load module SceDriverUser (at "us/driver_us.suprx") loaded
[19:46:26.567] |C| [load_self]: Unknown segment type 0x6FFFFF01
[19:46:26.568] |I| [load_self]: Loaded module segment 0 @ [0x0002D000 - 0x0007E8A4 / 0x81000000] (size: 0x000518A4) of module app0:sce_module/libc.suprx
[19:46:26.568] |I| [load_self]: Loaded module segment 1 @ [0x0007F000 - 0x000818A0 / 0x81052000] (size: 0x000028A0) of module app0:sce_module/libc.suprx
[19:46:26.568] |I| [load_self]: Loading symbols for SELF: app0:sce_module/libc.suprx
[19:46:26.568] |D| [load_var_exports]: 	NID 0x936C8A78 (SYSLYB) at 0x74314
[19:46:26.568] |D| [load_var_exports]: 	NID 0x6C2224BA (NID_MODULE_INFO) at 0x694DC
[19:46:26.569] |W| [load_var_imports]: 	NID NOT FOUND 0xDF084DFA (UNRECOGNISED) at 0x6F1D0, setting to stub value 0xDEADBEEF
[19:46:26.569] |I| [pre_load_module]: Pre-load module SceLibc (at "sce_module/libc.suprx") loaded
[19:46:26.575] |C| [load_self]: Unknown segment type 0x6FFFFF01
[19:46:26.576] |I| [load_self]: Loaded module segment 0 @ [0x00083000 - 0x0009C000 / 0x81000000] (size: 0x00019000) of module app0:sce_module/libface.suprx
[19:46:26.576] |I| [load_self]: Loaded module segment 1 @ [0x0009C000 - 0x0009C0F8 / 0x81019000] (size: 0x000000F8) of module app0:sce_module/libface.suprx
[19:46:26.576] |I| [load_self]: Loading symbols for SELF: app0:sce_module/libface.suprx
[19:46:26.576] |D| [load_var_exports]: 	NID 0x6C2224BA (NID_MODULE_INFO) at 0x98DA4
[19:46:26.576] |D| [load_var_exports]: 	NID 0x936C8A78 (SYSLYB) at 0x9B784
[19:46:26.576] |I| [pre_load_module]: Pre-load module SceFace (at "sce_module/libface.suprx") loaded
[19:46:26.581] |C| [load_self]: Unknown segment type 0x6FFFFF01
[19:46:26.582] |I| [load_self]: Loaded module segment 0 @ [0x0009D000 - 0x000C9CBF / 0x81000000] (size: 0x0002CCBF) of module app0:sce_module/libfios2.suprx
[19:46:26.582] |I| [load_self]: Loaded module segment 1 @ [0x000CA000 - 0x000CF255 / 0x8102D000] (size: 0x00005255) of module app0:sce_module/libfios2.suprx
[19:46:26.582] |I| [load_self]: Loading symbols for SELF: app0:sce_module/libfios2.suprx
[19:46:26.582] |D| [load_var_exports]: 	NID 0x936C8A78 (SYSLYB) at 0xC9BC8
[19:46:26.582] |D| [load_var_exports]: 	NID 0x6C2224BA (NID_MODULE_INFO) at 0xC0F08
[19:46:26.582] |I| [pre_load_module]: Pre-load module SceLibFios2 (at "sce_module/libfios2.suprx") loaded
[19:46:26.631] |C| [load_self]: Unknown segment type 0x6FFFFF01
[19:46:26.631] |I| [load_self]: Loaded module segment 0 @ [0x000D0000 - 0x002DDAF4 / 0x81000000] (size: 0x0020DAF4) of module app0:sce_module/libsmart.suprx
[19:46:26.631] |I| [load_self]: Loaded module segment 1 @ [0x002DE000 - 0x002E1444 / 0x8120E000] (size: 0x00003444) of module app0:sce_module/libsmart.suprx
[19:46:26.631] |I| [load_self]: Loading symbols for SELF: app0:sce_module/libsmart.suprx
[19:46:26.631] |D| [load_var_exports]: 	NID 0x6C2224BA (NID_MODULE_INFO) at 0x17B528
[19:46:26.631] |D| [load_var_exports]: 	NID 0x936C8A78 (SYSLYB) at 0x18290C
[19:46:26.631] |I| [pre_load_module]: Pre-load module SceSmart (at "sce_module/libsmart.suprx") loaded
[19:46:26.635] |C| [load_self]: Unknown segment type 0x6FFFFF01
[19:46:26.635] |I| [load_self]: Loaded module segment 0 @ [0x002E2000 - 0x002F59BC / 0x81000000] (size: 0x000139BC) of module app0:sce_module/libult.suprx
[19:46:26.635] |I| [load_self]: Loaded module segment 1 @ [0x002F6000 - 0x002F6814 / 0x81014000] (size: 0x00000814) of module app0:sce_module/libult.suprx
[19:46:26.636] |I| [load_self]: Loading symbols for SELF: app0:sce_module/libult.suprx
[19:46:26.636] |D| [load_var_exports]: 	NID 0x936C8A78 (SYSLYB) at 0x2F42E8
[19:46:26.636] |D| [load_var_exports]: 	NID 0x6C2224BA (NID_MODULE_INFO) at 0x2F1870
[19:46:26.636] |I| [pre_load_module]: Pre-load module SceUlt (at "sce_module/libult.suprx") loaded
[19:46:26.642] |I| [load_self]: Loaded module segment 0 @ [0x002F7000 - 0x00347F04 / 0x81000000] (size: 0x00050F04) of module vs0:sys/external/libSceFt2.suprx
[19:46:26.642] |I| [load_self]: Loaded module segment 1 @ [0x00348000 - 0x003482F4 / 0x81051000] (size: 0x000002F4) of module vs0:sys/external/libSceFt2.suprx
[19:46:26.643] |I| [load_self]: Loading symbols for SELF: vs0:sys/external/libSceFt2.suprx
[19:46:26.643] |D| [load_var_exports]: 	NID 0x936C8A78 (SYSLYB) at 0x3337DC
[19:46:26.643] |D| [load_var_exports]: 	NID 0x6C2224BA (NID_MODULE_INFO) at 0x332F10
[19:46:26.643] |I| [pre_load_module]: Pre-load module SceLibft2 (at "sys/external/libSceFt2.suprx") loaded
[19:46:26.644] |I| [load_self]: Loaded module segment 0 @ [0x00349000 - 0x00358F14 / 0x81000000] (size: 0x0000FF14) of module vs0:sys/external/libpvf.suprx
[19:46:26.644] |I| [load_self]: Loaded module segment 1 @ [0x00359000 - 0x00359008 / 0x81010000] (size: 0x00000008) of module vs0:sys/external/libpvf.suprx
[19:46:26.644] |I| [load_self]: Loading symbols for SELF: vs0:sys/external/libpvf.suprx
[19:46:26.645] |D| [load_var_exports]: 	NID 0x936C8A78 (SYSLYB) at 0x357710
[19:46:26.645] |D| [load_var_exports]: 	NID 0x6C2224BA (NID_MODULE_INFO) at 0x357300
[19:46:26.645] |I| [pre_load_module]: Pre-load module SceLibPvf (at "sys/external/libpvf.suprx") loaded
[19:46:27.041] |C| [load_self]: Unknown segment type 0x6FFFFF01
[19:46:27.041] |I| [load_self]: Loaded module segment 0 @ [0x0035A000 - 0x01342A6C / 0x81000000] (size: 0x00FE8A6C) of module app0:eboot.bin
[19:46:27.041] |I| [load_self]: Loaded module segment 1 @ [0x01343000 - 0x01495E70 / 0x81FE9000] (size: 0x00152E70) of module app0:eboot.bin
[19:46:27.041] |I| [load_self]: Loading symbols for SELF: app0:eboot.bin
[19:46:27.041] |D| [load_var_exports]: 	NID 0x6C2224BA (NID_MODULE_INFO) at 0x113741C
[19:46:27.041] |D| [load_var_exports]: 	NID 0x70FBA1E7 (SCE_PROC_PARAMS) at 0x136CCCC
[19:46:27.042] |D| [load_var_exports]: 	NID 0x936C8A78 (SYSLYB) at 0x1290B10
[19:46:27.042] |W| [load_var_imports]: 	NID NOT FOUND 0x338B0BD1 (UNRECOGNISED) at 0x11831A4, setting to stub value 0xDEADBEEF
[19:46:27.042] |W| [load_var_imports]: 	NID NOT FOUND 0x3A451B91 (UNRECOGNISED) at 0x1183190, setting to stub value 0xDEADBEEF
[19:46:27.042] |W| [load_var_imports]: 	NID NOT FOUND 0x550DFE23 (UNRECOGNISED) at 0x11831B8, setting to stub value 0xDEADBEEF
[19:46:27.042] |W| [load_var_imports]: 	NID NOT FOUND 0x56354517 (UNRECOGNISED) at 0x1183158, setting to stub value 0xDEADBEEF
[19:46:27.042] |W| [load_var_imports]: 	NID NOT FOUND 0x5EF67445 (UNRECOGNISED) at 0x118321C, setting to stub value 0xDEADBEEF
[19:46:27.042] |W| [load_var_imports]: 	NID NOT FOUND 0x6ACA1D57 (UNRECOGNISED) at 0x11831E0, setting to stub value 0xDEADBEEF
[19:46:27.042] |W| [load_var_imports]: 	NID NOT FOUND 0x71A78083 (UNRECOGNISED) at 0x118317C, setting to stub value 0xDEADBEEF
[19:46:27.043] |W| [load_var_imports]: 	NID NOT FOUND 0x79F9DB75 (UNRECOGNISED) at 0x11831CC, setting to stub value 0xDEADBEEF
[19:46:27.043] |W| [load_var_imports]: 	NID NOT FOUND 0xAA0340C3 (UNRECOGNISED) at 0x11831F4, setting to stub value 0xDEADBEEF
[19:46:27.043] |W| [load_var_imports]: 	NID NOT FOUND 0xF9A1DE92 (UNRECOGNISED) at 0x1183208, setting to stub value 0xDEADBEEF
[19:46:27.043] |W| [load_var_imports]: 	NID NOT FOUND 0x6EF1E48 (UNRECOGNISED) at 0x1183230, setting to stub value 0xDEADBEEF
[19:46:27.044] |I| [load_app_impl]: Main executable UnityPlayer_534_Release (eboot.bin) loaded
[19:46:27.047] |D| [run_app]: Running module_start of library: SceLibKernel at address 0x51F9
[19:46:27.049] |W| [unimplemented_impl]: Unimplemented _sceKernelRegisterLibkernelAddresses import called.
[19:46:27.049] |W| [unimplemented_impl]: Unimplemented _sceKernelBacktrace import called.
[19:46:27.049] |I| [run_app]: Module SceLibKernel (at "os0:us/libkernel.suprx") module_start returned 0x0
[19:46:27.050] |D| [run_app]: Running module_start of library: SceDriverUser at address 0x143E5
[19:46:27.052] |W| [unimplemented_impl]: Unimplemented sceMotionDevIsReady import called.
[19:46:28.055] |I| [run_app]: Module SceDriverUser (at "os0:us/driver_us.suprx") module_start returned 0x0
[19:46:28.056] |D| [run_app]: Running module_start of library: SceLibc at address 0x2D871
[19:46:28.060] |I| [run_app]: Module SceLibc (at "app0:sce_module/libc.suprx") module_start returned 0x0
[19:46:28.060] |D| [run_app]: Running module_start of library: SceFace at address 0x98265
[19:46:28.062] |I| [run_app]: Module SceFace (at "app0:sce_module/libface.suprx") module_start returned 0x0
[19:46:28.062] |D| [run_app]: Running module_start of library: SceLibFios2 at address 0x9D001
[19:46:28.064] |W| [stubbed_impl]: Stubbed sceKernelGetProcessId import called. (pid: 0)
[19:46:28.064] |W| [unimplemented_impl]: Unimplemented sceFiosKernelOverlayGetList02 import called.
[19:46:28.064] |I| [run_app]: Module SceLibFios2 (at "app0:sce_module/libfios2.suprx") module_start returned 0x0
[19:46:28.065] |D| [run_app]: Running module_start of library: SceSmart at address 0xD018D
[19:46:28.067] |I| [run_app]: Module SceSmart (at "app0:sce_module/libsmart.suprx") module_start returned 0x0
[19:46:28.068] |D| [run_app]: Running module_start of library: SceUlt at address 0x2E5771
[19:46:28.070] |W| [unimplemented_impl]: Unimplemented _sceUlobjMgrRegisterLibultProtocolRevision import called.
[19:46:28.070] |I| [run_app]: Module SceUlt (at "app0:sce_module/libult.suprx") module_start returned 0x0
[19:46:28.072] |W| [unimplemented_impl]: Unimplemented _sceKernelRegisterThreadEventHandler import called.
[19:46:28.155] |W| [stubbed_impl]: Stubbed sceKernelGetFreeMemorySize import called. (Single pool)
[19:46:28.155] |W| [unimplemented_impl]: Unimplemented sceAppUtilInit import called.
[19:46:28.194] |C| [load_self]: Unknown segment type 0x6FFFFF01
[19:46:28.194] |I| [load_self]: Loaded module segment 0 @ [0x018EC000 - 0x018F2C9C / 0x81000000] (size: 0x00006C9C) of module app0:/Media/Modules/pthread.suprx
[19:46:28.194] |I| [load_self]: Loaded module segment 1 @ [0x018F3000 - 0x018F5178 / 0x81007000] (size: 0x00002178) of module app0:/Media/Modules/pthread.suprx
[19:46:28.194] |I| [load_self]: Loading symbols for SELF: app0:/Media/Modules/pthread.suprx
[19:46:28.194] |D| [load_var_exports]: 	NID 0x6C2224BA (NID_MODULE_INFO) at 0x18F17E4
[19:46:28.195] |D| [load_var_exports]: 	NID 0x936C8A78 (SYSLYB) at 0x18F2C98
[19:46:28.196] |I| [export__sceKernelLoadStartModule]: Module PTHREAD_PRX (at "app0:/Media/Modules/pthread.suprx") module_start returned 0x0
[19:46:28.243] |C| [load_self]: Unknown segment type 0x6FFFFF01
[19:46:28.243] |I| [load_self]: Loaded module segment 0 @ [0x018F7000 - 0x01B4B224 / 0x81000000] (size: 0x00254224) of module app0:/Media/Modules/mono-vita.suprx
[19:46:28.243] |I| [load_self]: Loaded module segment 1 @ [0x01B4C000 - 0x01BB3D70 / 0x81255000] (size: 0x00067D70) of module app0:/Media/Modules/mono-vita.suprx
[19:46:28.243] |I| [load_self]: Loading symbols for SELF: app0:/Media/Modules/mono-vita.suprx
[19:46:28.243] |D| [load_var_exports]: 	NID 0x6C2224BA (NID_MODULE_INFO) at 0x1A90DDC
[19:46:28.244] |D| [load_var_exports]: 	NID 0x936C8A78 (SYSLYB) at 0x1B2DE14
[19:46:28.246] |I| [export__sceKernelLoadStartModule]: Module MONO (at "app0:/Media/Modules/mono-vita.suprx") module_start returned 0x0
[19:46:28.483] |C| [load_self]: Unknown segment type 0x6FFFFF01
[19:46:28.483] |I| [load_self]: Loaded module segment 0 @ [0x01BB5000 - 0x03645A74 / 0x81000000] (size: 0x01A90A74) of module app0:/Media/Modules/MonoAssembliesPSP2.suprx
[19:46:28.483] |I| [load_self]: Loaded module segment 1 @ [0x03646000 - 0x03AA2488 / 0x82A91000] (size: 0x0045C488) of module app0:/Media/Modules/MonoAssembliesPSP2.suprx
[19:46:28.483] |I| [load_self]: Loading symbols for SELF: app0:/Media/Modules/MonoAssembliesPSP2.suprx
[19:46:28.483] |D| [load_var_exports]: 	NID 0x6C2224BA (NID_MODULE_INFO) at 0x351FC0C
[19:46:28.483] |D| [load_var_exports]: 	NID 0x936C8A78 (SYSLYB) at 0x3645A70
[19:46:28.487] |I| [export__sceKernelLoadStartModule]: Module MonoAssembliesPSP2 (at "app0:/Media/Modules/MonoAssembliesPSP2.suprx") module_start returned 0x0
[19:46:28.489] |C| [load_self]: Unknown segment type 0x6FFFFF01
[19:46:28.489] |I| [load_self]: Loaded module segment 0 @ [0x03AA4000 - 0x03AA96E0 / 0x81000000] (size: 0x000056E0) of module app0:/Media/Modules/SUPRXManager.suprx
[19:46:28.490] |I| [load_self]: Loaded module segment 1 @ [0x014E2000 - 0x014E2044 / 0x81006000] (size: 0x00000044) of module app0:/Media/Modules/SUPRXManager.suprx
[19:46:28.490] |I| [load_self]: Loading symbols for SELF: app0:/Media/Modules/SUPRXManager.suprx
[19:46:28.490] |D| [load_var_exports]: 	NID 0x6C2224BA (NID_MODULE_INFO) at 0x3AA8FB8
[19:46:28.490] |D| [load_var_exports]: 	NID 0x936C8A78 (SYSLYB) at 0x3AA9624
[19:46:28.492] |I| [export__sceKernelLoadStartModule]: Module SUPRXManager (at "app0:/Media/Modules/SUPRXManager.suprx") module_start returned 0x0
[19:46:28.493] |I| [load_module]: Loading module ID: 0x55
[19:46:28.494] |C| [load_self]: Unknown segment type 0x6FFFFF01
[19:46:28.494] |I| [load_self]: Loaded module segment 0 @ [0x03AAC000 - 0x03AB2230 / 0x81000000] (size: 0x00006230) of module sys/external/libSceJson.suprx
[19:46:28.494] |I| [load_self]: Loaded module segment 1 @ [0x03AAA000 - 0x03AAA049 / 0x81007000] (size: 0x00000049) of module sys/external/libSceJson.suprx
[19:46:28.494] |I| [load_self]: Loading symbols for SELF: sys/external/libSceJson.suprx
[19:46:28.494] |D| [load_var_exports]: 	NID 0x936C8A78 (SYSLYB) at 0x3AB20A8
[19:46:28.494] |D| [load_var_exports]: 	NID 0x6C2224BA (NID_MODULE_INFO) at 0x3AB1020
[19:46:28.495] |I| [load_module]: Module SceLibJson (at "sys/external/libSceJson.suprx") loaded
[19:46:28.531] |W| [unimplemented_impl]: Unimplemented sceKernelChangeThreadVfpException import called.
[19:46:28.531] |W| [unimplemented_impl]: Unimplemented sceFiosKernelOverlayThreadSetDisabled02 import called.
[19:46:28.543] |W| [unimplemented_impl]: Unimplemented sceFiosKernelOverlayGetRecommendedScheduler02 import called.
[19:46:28.545] |I| [export__sceIoOpen]: Opening file: app0:/archive.psarc
[19:46:28.545] |E| [open_file]: Missing file at D:/Emulateurs/Vita3K/mc/ux0/app/PCSB00978/archive.psarc (target path: app0:/archive.psarc)
[19:46:28.545] |W| [io_error_impl]: open_file (_sceIoOpen) returned 0x80010002
[19:46:28.548] |I| [export__sceIoOpen]: Opening file: app0:/archive_patch.psarc
[19:46:28.548] |E| [open_file]: Missing file at D:/Emulateurs/Vita3K/mc/ux0/app/PCSB00978/archive_patch.psarc (target path: app0:/archive_patch.psarc)
[19:46:28.549] |W| [io_error_impl]: open_file (_sceIoOpen) returned 0x80010002
[19:46:28.569] |E| [stat_file]: Cannot find device for path: /level64
[19:46:28.569] |W| [io_error_impl]: stat_file (_sceIoDread) returned 0x80010002
[19:46:28.569] |W| [io_error_impl]: read_dir (_sceIoDread) returned 0x80010018
[19:46:28.570] |E| [open_dir]: Directory does not exist at: D:/Emulateurs/Vita3K/mc/_INVALID/ (target path: /archive/mount/point)
[19:46:28.570] |W| [io_error_impl]: open_dir (_sceIoDopen) returned 0x80010002
[19:46:28.571] |E| [open_dir]: Directory does not exist at: D:/Emulateurs/Vita3K/mc/ux0/user/00/savedata/PCSB00978/persistentdata/ (target path: savedata0:/persistentdata)
[19:46:28.571] |W| [io_error_impl]: open_dir (_sceIoDopen) returned 0x80010002
[19:46:28.577] |I| [export__sceIoOpen]: Opening file: app0:/mono/etc/mono/config
[19:46:28.577] |E| [open_file]: Missing file at D:/Emulateurs/Vita3K/mc/ux0/app/PCSB00978/mono/etc/mono/config (target path: app0:/mono/etc/mono/config)
[19:46:28.578] |W| [io_error_impl]: open_file (_sceIoOpen) returned 0x80010002
[19:46:28.578] |I| [export__sceIoOpen]: Opening file: app0:/.mono/config
[19:46:28.578] |E| [open_file]: Missing file at D:/Emulateurs/Vita3K/mc/ux0/app/PCSB00978/.mono/config (target path: app0:/.mono/config)
[19:46:28.578] |W| [io_error_impl]: open_file (_sceIoOpen) returned 0x80010002
[19:46:28.582] |I| [export__sceIoOpen]: Opening file: /proc/cpuinfo
[19:46:28.582] |E| [open_file]: Cannot find device for path: /proc/cpuinfo
[19:46:28.582] |W| [io_error_impl]: open_file (_sceIoOpen) returned 0x80010002
[19:46:28.590] |E| [call_import]: Import function for NID 0xE340C199 not found (thread name: Unity_main_thread, thread ID: 82)
[19:46:28.592] |I| [export__sceIoOpen]: Opening file: app0:Media/Managed/mono/config
[19:46:28.605] |E| [open_file]: Missing file at D:/Emulateurs/Vita3K/mc/ux0/app/PCSB00978/Media/Managed/mono/config (target path: app0:Media/Managed/mono/config)
[19:46:28.605] |W| [io_error_impl]: open_file (_sceIoOpen) returned 0x80010002
[19:46:28.606] |I| [export__sceIoOpen]: Opening file: app0:/.mono/config
[19:46:28.607] |E| [open_file]: Missing file at D:/Emulateurs/Vita3K/mc/ux0/app/PCSB00978/.mono/config (target path: app0:/.mono/config)
[19:46:28.607] |W| [io_error_impl]: open_file (_sceIoOpen) returned 0x80010002
[19:46:28.607] |E| [call_import]: Import function for NID 0xE340C1A2 not found (thread name: Unity_main_thread, thread ID: 82)
[19:46:28.607] |E| [call_import]: Import function for NID 0xE340C00A not found (thread name: Unity_main_thread, thread ID: 82)
[19:46:28.610] |I| [export__sceIoOpen]: Opening file: /proc/cpuinfo
[19:46:28.610] |E| [open_file]: Cannot find device for path: /proc/cpuinfo
[19:46:28.610] |W| [io_error_impl]: open_file (_sceIoOpen) returned 0x80010002
[19:46:28.612] |E| [call_import]: Import function for NID 0xE340C1A4 not found (thread name: Unity_main_thread, thread ID: 82)
[19:46:28.615] |W| [stubbed_impl]: Stubbed _sceKernelGetThreadInfo import called. (STUB)
[19:46:28.615] |W| [unimplemented_impl]: Unimplemented _sceKernelWaitException import called.
[19:46:28.616] |W| [unimplemented_impl]: Unimplemented _sceKernelGetThreadContextForVM import called.
[19:46:28.618] |W| [unimplemented_impl]: Unimplemented sceKernelCallAbortHandler import called.
[19:46:28.619] |E| [logging::ret_error_impl]: _sceKernelDeleteLwMutex returned SCE_KERNEL_ERROR_UNKNOWN_LW_MUTEX_ID (0x80028181)
[19:46:28.619] |E| [log_error_details]: Unicorn error 0xA. Invalid instruction (UC_ERR_INSN_INVALID)
[19:46:28.619] |E| [log_error_details]: PC: 0x0009826c,   SP: 0x042cc738,   LR: 0x00005353
[19:46:28.619] |E| [log_error_details]: r0 : 0x00000000   r6 : 0x00013014
[19:46:28.619] |E| [log_error_details]: r1 : 0x042cc740   r7 : 0x000001b8
[19:46:28.619] |E| [log_error_details]: r2 : 0x00000006   r8 : 0x00000000
[19:46:28.619] |E| [log_error_details]: r3 : 0x0009826c   r9 : 0x00000000
[19:46:28.619] |E| [log_error_details]: r4 : 0x00000003   r10: 0x00000000
[19:46:28.619] |E| [log_error_details]: r5 : 0x042cc908   r11: 0x00000000
[19:46:28.620] |E| [log_error_details]: r12: 0x00000000
[19:46:28.620] |E| [log_error_details]: Executing: .byte 0x10, 0xb5
[19:46:28.620] |I| [log_stack_frames]: stack information
[19:46:28.620] |E| [run_thread]: Thread ExceptionHandlerThread experienced a unicorn error.
[19:46:28.623] |I| [export__sceIoOpen]: Opening file: app0:/app0/mscorlib.dll
[19:46:28.624] |E| [open_file]: Missing file at D:/Emulateurs/Vita3K/mc/ux0/app/PCSB00978/app0/mscorlib.dll (target path: app0:/app0/mscorlib.dll)
[19:46:28.624] |W| [io_error_impl]: open_file (_sceIoOpen) returned 0x80010002
[19:46:28.625] |I| [export__sceIoOpen]: Opening file: app0:/Media/Managed/mscorlib.dll
[19:46:28.663] |I| [export__sceIoOpen]: Opening file: app0:Media/Managed/mono/gac/policy.2.0.mscorlib/0.0.0.0__b77a5c561934e089/policy.2.0.mscorlib.dll
[19:46:28.664] |E| [open_file]: Missing file at D:/Emulateurs/Vita3K/mc/ux0/app/PCSB00978/Media/Managed/mono/gac/policy.2.0.mscorlib/0.0.0.0__b77a5c561934e089/policy.2.0.mscorlib.dll (target path: app0:Media/Managed/mono/gac/policy.2.0.mscorlib/0.0.0.0__b77a5c561934e089/policy.2.0.mscorlib.dll)
[19:46:28.664] |W| [io_error_impl]: open_file (_sceIoOpen) returned 0x80010002
[19:46:28.665] |I| [export__sceIoOpen]: Opening file: app0:/app0/mscorlib.dll
[19:46:28.665] |E| [open_file]: Missing file at D:/Emulateurs/Vita3K/mc/ux0/app/PCSB00978/app0/mscorlib.dll (target path: app0:/app0/mscorlib.dll)
[19:46:28.665] |W| [io_error_impl]: open_file (_sceIoOpen) returned 0x80010002
[19:46:28.665] |I| [export__sceIoOpen]: Opening file: app0:/Media/Managed/mscorlib.dll.config
[19:46:28.666] |E| [open_file]: Missing file at D:/Emulateurs/Vita3K/mc/ux0/app/PCSB00978/Media/Managed/mscorlib.dll.config (target path: app0:/Media/Managed/mscorlib.dll.config)
[19:46:28.666] |W| [io_error_impl]: open_file (_sceIoOpen) returned 0x80010002
[19:46:28.666] |I| [export__sceIoOpen]: Opening file: app0:Media/Managed/mono/assemblies/mscorlib/mscorlib.config
[19:46:28.666] |E| [open_file]: Missing file at D:/Emulateurs/Vita3K/mc/ux0/app/PCSB00978/Media/Managed/mono/assemblies/mscorlib/mscorlib.config (target path: app0:Media/Managed/mono/assemblies/mscorlib/mscorlib.config)
[19:46:28.666] |W| [io_error_impl]: open_file (_sceIoOpen) returned 0x80010002
[19:46:28.760] |W| [unimplemented_impl]: Unimplemented _sceKernelGetSemaInfo import called.
[19:46:28.763] |E| [call_import]: Import function for NID 0xE340C193 not found (thread name: Unity_main_thread, thread ID: 82)
[19:46:28.811] |W| [unimplemented_impl]: Unimplemented sceAppUtilLoadSafeMemory import called.
[19:46:28.820] |W| [stubbed_impl]: Stubbed sceKernelChangeThreadPriority import called. (STUB)
[19:46:28.837] |E| [call_import]: Import function for NID 0xE340C18E not found (thread name: Unity_main_thread, thread ID: 82)
[19:46:28.849] |W| [unimplemented_impl]: Unimplemented sceTouchEnableTouchForce import called.
[19:46:28.849] |E| [logging::ret_error_impl]: _sceKernelLockLwMutex returned SCE_KERNEL_ERROR_UNKNOWN_LW_MUTEX_ID (0x80028181)
[19:46:28.888] |E| [stat_file]: Missing file at D:/Emulateurs/Vita3K/mc/ux0/app/PCSB00978/Media/globalgamemanagers.resG (target path: app0:/Media/globalgamemanagers.resG)
[19:46:28.889] |W| [io_error_impl]: stat_file (_sceIoGetstat) returned 0x80010002
[19:46:28.890] |E| [stat_file]: Missing file at D:/Emulateurs/Vita3K/mc/ux0/app/PCSB00978/Media/globalgamemanagers.res (target path: app0:/Media/globalgamemanagers.res)
[19:46:28.890] |W| [io_error_impl]: stat_file (_sceIoGetstat) returned 0x80010002
[19:46:28.890] |E| [stat_file]: Missing file at D:/Emulateurs/Vita3K/mc/ux0/app/PCSB00978/Media/globalgamemanagers.resS (target path: app0:/Media/globalgamemanagers.resS)
[19:46:28.890] |W| [io_error_impl]: stat_file (_sceIoGetstat) returned 0x80010002
[19:46:28.897] |I| [export__sceIoOpen]: Opening file: app0:/Media/globalgamemanagers
[19:46:28.956] |W| [unimplemented_impl]: Unimplemented sceAppMgrAcquireBgmPort import called.
[19:46:28.959] |W| [stubbed_impl]: Stubbed sceGxmMapMemory import called. (always return success)
[19:46:28.997] |W| [stubbed_impl]: Stubbed sceGxmMapFragmentUsseMemory import called. (always return success)
[19:46:29.018] |W| [stubbed_impl]: Stubbed sceGxmMapVertexUsseMemory import called. (always return success)
[19:46:29.023] |W| [stubbed_impl]: Stubbed sceGxmGetRenderTargetMemSize import called. (2MB host mem)
[19:46:29.158] |W| [unimplemented_impl]: Unimplemented sceGxmSetWClampEnable import called.
[19:46:29.158] |W| [unimplemented_impl]: Unimplemented sceGxmSetWClampValue import called.
[19:46:29.175] |D| [export_sceGxmTextureInitCube]: sceGxmTextureInitCube Inimplemeted: width: 1, height: 1
[19:46:29.176] |D| [export_sceGxmTextureInitCube]: sceGxmTextureInitCube Inimplemeted: width: 1, height: 1
[19:46:29.642] |W| [stubbed_impl]: Stubbed sceAudiodecTermLibrary import called. (EMPTY)
[19:46:29.642] |W| [unimplemented_impl]: Unimplemented sceSysmoduleUnloadModule import called.
[19:46:29.643] |W| [stubbed_impl]: Stubbed sceAudiodecInitLibrary import called. (EMPTY)
[19:46:29.644] |W| [unimplemented_impl]: Unimplemented sceNgsSystemSetFlags import called.
[19:46:29.654] |W| [unimplemented_impl]: Unimplemented sceNgsVoiceSetParamsBlock import called.
[19:46:29.683] |I| [export__sceIoOpen]: Opening file: app0:/Media/Managed/UnityEngine.dll
[19:46:29.729] |I| [export__sceIoOpen]: Opening file: app0:Media/Managed/mono/gac/policy.2.0.System/0.0.0.0__b77a5c561934e089/policy.2.0.System.dll
[19:46:29.730] |E| [open_file]: Missing file at D:/Emulateurs/Vita3K/mc/ux0/app/PCSB00978/Media/Managed/mono/gac/policy.2.0.System/0.0.0.0__b77a5c561934e089/policy.2.0.System.dll (target path: app0:Media/Managed/mono/gac/policy.2.0.System/0.0.0.0__b77a5c561934e089/policy.2.0.System.dll)
[19:46:29.730] |W| [io_error_impl]: open_file (_sceIoOpen) returned 0x80010002
[19:46:29.730] |E| [stat_file]: Cannot find device for path: app0/System.dll
[19:46:29.730] |W| [io_error_impl]: stat_file (_sceIoGetstat) returned 0x80010002
[19:46:29.731] |E| [stat_file]: Cannot find device for path: app0/System.exe
[19:46:29.731] |W| [io_error_impl]: stat_file (_sceIoGetstat) returned 0x80010002
[19:46:29.731] |E| [stat_file]: Cannot find device for path: app0/System/System.dll
[19:46:29.731] |W| [io_error_impl]: stat_file (_sceIoGetstat) returned 0x80010002
[19:46:29.731] |E| [stat_file]: Cannot find device for path: app0/System/System.exe
[19:46:29.731] |W| [io_error_impl]: stat_file (_sceIoGetstat) returned 0x80010002
[19:46:29.731] |E| [stat_file]: Cannot find device for path: Media/Managed/System.dll
[19:46:29.731] |W| [io_error_impl]: stat_file (_sceIoGetstat) returned 0x80010002
[19:46:29.731] |E| [stat_file]: Cannot find device for path: Media/Managed/System.exe
[19:46:29.732] |W| [io_error_impl]: stat_file (_sceIoGetstat) returned 0x80010002
[19:46:29.732] |E| [stat_file]: Cannot find device for path: Media/Managed/System/System.dll
[19:46:29.732] |W| [io_error_impl]: stat_file (_sceIoGetstat) returned 0x80010002
[19:46:29.732] |E| [stat_file]: Cannot find device for path: Media/Managed/System/System.exe
[19:46:29.732] |W| [io_error_impl]: stat_file (_sceIoGetstat) returned 0x80010002
[19:46:29.733] |I| [export__sceIoOpen]: Opening file: app0:Media/Managed/mono/gac/System/2.0.0.0__b77a5c561934e089/System.dll
[19:46:29.733] |E| [open_file]: Missing file at D:/Emulateurs/Vita3K/mc/ux0/app/PCSB00978/Media/Managed/mono/gac/System/2.0.0.0__b77a5c561934e089/System.dll (target path: app0:Media/Managed/mono/gac/System/2.0.0.0__b77a5c561934e089/System.dll)
[19:46:29.733] |W| [io_error_impl]: open_file (_sceIoOpen) returned 0x80010002
[19:46:29.733] |I| [export__sceIoOpen]: Opening file: app0:Media/Managed/System.dll
[19:46:29.767] |I| [export__sceIoOpen]: Opening file: app0:Media/Managed/mono/gac/policy.2.0.Mono.Security/0.0.0.0__0738eb9f132ed756/policy.2.0.Mono.Security.dll
[19:46:29.768] |E| [open_file]: Missing file at D:/Emulateurs/Vita3K/mc/ux0/app/PCSB00978/Media/Managed/mono/gac/policy.2.0.Mono.Security/0.0.0.0__0738eb9f132ed756/policy.2.0.Mono.Security.dll (target path: app0:Media/Managed/mono/gac/policy.2.0.Mono.Security/0.0.0.0__0738eb9f132ed756/policy.2.0.Mono.Security.dll)
[19:46:29.768] |W| [io_error_impl]: open_file (_sceIoOpen) returned 0x80010002
[19:46:29.768] |E| [stat_file]: Cannot find device for path: app0/Mono.Security.dll
[19:46:29.768] |W| [io_error_impl]: stat_file (_sceIoGetstat) returned 0x80010002
[19:46:29.768] |E| [stat_file]: Cannot find device for path: app0/Mono.Security.exe
[19:46:29.769] |W| [io_error_impl]: stat_file (_sceIoGetstat) returned 0x80010002
[19:46:29.770] |E| [stat_file]: Cannot find device for path: app0/Mono.Security/Mono.Security.dll
[19:46:29.770] |W| [io_error_impl]: stat_file (_sceIoGetstat) returned 0x80010002
[19:46:29.771] |E| [stat_file]: Cannot find device for path: app0/Mono.Security/Mono.Security.exe
[19:46:29.771] |W| [io_error_impl]: stat_file (_sceIoGetstat) returned 0x80010002
[19:46:29.771] |E| [stat_file]: Cannot find device for path: Media/Managed/Mono.Security.dll
[19:46:29.771] |W| [io_error_impl]: stat_file (_sceIoGetstat) returned 0x80010002
[19:46:29.771] |E| [stat_file]: Cannot find device for path: Media/Managed/Mono.Security.exe
[19:46:29.771] |W| [io_error_impl]: stat_file (_sceIoGetstat) returned 0x80010002
[19:46:29.771] |E| [stat_file]: Cannot find device for path: Media/Managed/Mono.Security/Mono.Security.dll
[19:46:29.772] |W| [io_error_impl]: stat_file (_sceIoGetstat) returned 0x80010002
[19:46:29.772] |E| [stat_file]: Cannot find device for path: Media/Managed/Mono.Security/Mono.Security.exe
[19:46:29.772] |W| [io_error_impl]: stat_file (_sceIoGetstat) returned 0x80010002
[19:46:29.772] |I| [export__sceIoOpen]: Opening file: app0:Media/Managed/mono/gac/Mono.Security/2.0.0.0__0738eb9f132ed756/Mono.Security.dll
[19:46:29.772] |E| [open_file]: Missing file at D:/Emulateurs/Vita3K/mc/ux0/app/PCSB00978/Media/Managed/mono/gac/Mono.Security/2.0.0.0__0738eb9f132ed756/Mono.Security.dll (target path: app0:Media/Managed/mono/gac/Mono.Security/2.0.0.0__0738eb9f132ed756/Mono.Security.dll)
[19:46:29.772] |W| [io_error_impl]: open_file (_sceIoOpen) returned 0x80010002
[19:46:29.773] |I| [export__sceIoOpen]: Opening file: app0:Media/Managed/Mono.Security.dll
[19:46:29.818] |I| [export__sceIoOpen]: Opening file: app0:Media/Managed/Mono.Security.dll.config
[19:46:29.818] |E| [open_file]: Missing file at D:/Emulateurs/Vita3K/mc/ux0/app/PCSB00978/Media/Managed/Mono.Security.dll.config (target path: app0:Media/Managed/Mono.Security.dll.config)
[19:46:29.818] |W| [io_error_impl]: open_file (_sceIoOpen) returned 0x80010002
[19:46:29.819] |I| [export__sceIoOpen]: Opening file: app0:Media/Managed/mono/assemblies/Mono.Security/Mono.Security.config
[19:46:29.819] |E| [open_file]: Missing file at D:/Emulateurs/Vita3K/mc/ux0/app/PCSB00978/Media/Managed/mono/assemblies/Mono.Security/Mono.Security.config (target path: app0:Media/Managed/mono/assemblies/Mono.Security/Mono.Security.config)
[19:46:29.819] |W| [io_error_impl]: open_file (_sceIoOpen) returned 0x80010002
[19:46:29.819] |I| [export__sceIoOpen]: Opening file: app0:Media/Managed/mono/gac/policy.2.0.System.Configuration/0.0.0.0__b03f5f7f11d50a3a/policy.2.0.System.Configuration.dll
[19:46:29.819] |E| [open_file]: Missing file at D:/Emulateurs/Vita3K/mc/ux0/app/PCSB00978/Media/Managed/mono/gac/policy.2.0.System.Configuration/0.0.0.0__b03f5f7f11d50a3a/policy.2.0.System.Configuration.dll (target path: app0:Media/Managed/mono/gac/policy.2.0.System.Configuration/0.0.0.0__b03f5f7f11d50a3a/policy.2.0.System.Configuration.dll)
[19:46:29.820] |W| [io_error_impl]: open_file (_sceIoOpen) returned 0x80010002
[19:46:29.820] |E| [stat_file]: Cannot find device for path: app0/System.Configuration.dll
[19:46:29.820] |W| [io_error_impl]: stat_file (_sceIoGetstat) returned 0x80010002
[19:46:29.820] |E| [stat_file]: Cannot find device for path: app0/System.Configuration.exe
[19:46:29.820] |W| [io_error_impl]: stat_file (_sceIoGetstat) returned 0x80010002
[19:46:29.820] |E| [stat_file]: Cannot find device for path: app0/System.Configuration/System.Configuration.dll
[19:46:29.820] |W| [io_error_impl]: stat_file (_sceIoGetstat) returned 0x80010002
[19:46:29.820] |E| [stat_file]: Cannot find device for path: app0/System.Configuration/System.Configuration.exe
[19:46:29.820] |W| [io_error_impl]: stat_file (_sceIoGetstat) returned 0x80010002
[19:46:29.821] |E| [stat_file]: Cannot find device for path: Media/Managed/System.Configuration.dll
[19:46:29.821] |W| [io_error_impl]: stat_file (_sceIoGetstat) returned 0x80010002
[19:46:29.821] |E| [stat_file]: Cannot find device for path: Media/Managed/System.Configuration.exe
[19:46:29.821] |W| [io_error_impl]: stat_file (_sceIoGetstat) returned 0x80010002
[19:46:29.821] |E| [stat_file]: Cannot find device for path: Media/Managed/System.Configuration/System.Configuration.dll
[19:46:29.821] |W| [io_error_impl]: stat_file (_sceIoGetstat) returned 0x80010002
[19:46:29.821] |E| [stat_file]: Cannot find device for path: Media/Managed/System.Configuration/System.Configuration.exe
[19:46:29.821] |W| [io_error_impl]: stat_file (_sceIoGetstat) returned 0x80010002
[19:46:29.822] |I| [export__sceIoOpen]: Opening file: app0:Media/Managed/mono/gac/System.Configuration/2.0.0.0__b03f5f7f11d50a3a/System.Configuration.dll
[19:46:29.822] |E| [open_file]: Missing file at D:/Emulateurs/Vita3K/mc/ux0/app/PCSB00978/Media/Managed/mono/gac/System.Configuration/2.0.0.0__b03f5f7f11d50a3a/System.Configuration.dll (target path: app0:Media/Managed/mono/gac/System.Configuration/2.0.0.0__b03f5f7f11d50a3a/System.Configuration.dll)
[19:46:29.822] |W| [io_error_impl]: open_file (_sceIoOpen) returned 0x80010002
[19:46:29.822] |I| [export__sceIoOpen]: Opening file: app0:Media/Managed/System.Configuration.dll
[19:46:29.844] |I| [export__sceIoOpen]: Opening file: app0:Media/Managed/mono/gac/policy.2.0.System.Xml/0.0.0.0__b77a5c561934e089/policy.2.0.System.Xml.dll
[19:46:29.844] |E| [open_file]: Missing file at D:/Emulateurs/Vita3K/mc/ux0/app/PCSB00978/Media/Managed/mono/gac/policy.2.0.System.Xml/0.0.0.0__b77a5c561934e089/policy.2.0.System.Xml.dll (target path: app0:Media/Managed/mono/gac/policy.2.0.System.Xml/0.0.0.0__b77a5c561934e089/policy.2.0.System.Xml.dll)
[19:46:29.844] |W| [io_error_impl]: open_file (_sceIoOpen) returned 0x80010002
[19:46:29.845] |E| [stat_file]: Cannot find device for path: app0/System.Xml.dll
[19:46:29.845] |W| [io_error_impl]: stat_file (_sceIoGetstat) returned 0x80010002
[19:46:29.845] |E| [stat_file]: Cannot find device for path: app0/System.Xml.exe
[19:46:29.845] |W| [io_error_impl]: stat_file (_sceIoGetstat) returned 0x80010002
[19:46:29.845] |E| [stat_file]: Cannot find device for path: app0/System.Xml/System.Xml.dll
[19:46:29.845] |W| [io_error_impl]: stat_file (_sceIoGetstat) returned 0x80010002
[19:46:29.845] |E| [stat_file]: Cannot find device for path: app0/System.Xml/System.Xml.exe
[19:46:29.845] |W| [io_error_impl]: stat_file (_sceIoGetstat) returned 0x80010002
[19:46:29.845] |E| [stat_file]: Cannot find device for path: Media/Managed/System.Xml.dll
[19:46:29.846] |W| [io_error_impl]: stat_file (_sceIoGetstat) returned 0x80010002
[19:46:29.846] |E| [stat_file]: Cannot find device for path: Media/Managed/System.Xml.exe
[19:46:29.846] |W| [io_error_impl]: stat_file (_sceIoGetstat) returned 0x80010002
[19:46:29.846] |E| [stat_file]: Cannot find device for path: Media/Managed/System.Xml/System.Xml.dll
[19:46:29.846] |W| [io_error_impl]: stat_file (_sceIoGetstat) returned 0x80010002
[19:46:29.849] |E| [stat_file]: Cannot find device for path: Media/Managed/System.Xml/System.Xml.exe
[19:46:29.849] |W| [io_error_impl]: stat_file (_sceIoGetstat) returned 0x80010002
[19:46:29.849] |I| [export__sceIoOpen]: Opening file: app0:Media/Managed/mono/gac/System.Xml/2.0.0.0__b77a5c561934e089/System.Xml.dll
[19:46:29.849] |E| [open_file]: Missing file at D:/Emulateurs/Vita3K/mc/ux0/app/PCSB00978/Media/Managed/mono/gac/System.Xml/2.0.0.0__b77a5c561934e089/System.Xml.dll (target path: app0:Media/Managed/mono/gac/System.Xml/2.0.0.0__b77a5c561934e089/System.Xml.dll)
[19:46:29.849] |W| [io_error_impl]: open_file (_sceIoOpen) returned 0x80010002
[19:46:29.849] |I| [export__sceIoOpen]: Opening file: app0:Media/Managed/System.Xml.dll
[19:46:29.854] |I| [export__sceIoOpen]: Opening file: app0:Media/Managed/System.Xml.dll.config
[19:46:29.854] |E| [open_file]: Missing file at D:/Emulateurs/Vita3K/mc/ux0/app/PCSB00978/Media/Managed/System.Xml.dll.config (target path: app0:Media/Managed/System.Xml.dll.config)
[19:46:29.855] |W| [io_error_impl]: open_file (_sceIoOpen) returned 0x80010002
[19:46:29.855] |I| [export__sceIoOpen]: Opening file: app0:Media/Managed/mono/assemblies/System.Xml/System.Xml.config
[19:46:29.855] |E| [open_file]: Missing file at D:/Emulateurs/Vita3K/mc/ux0/app/PCSB00978/Media/Managed/mono/assemblies/System.Xml/System.Xml.config (target path: app0:Media/Managed/mono/assemblies/System.Xml/System.Xml.config)
[19:46:29.855] |W| [io_error_impl]: open_file (_sceIoOpen) returned 0x80010002
[19:46:29.855] |I| [export__sceIoOpen]: Opening file: app0:Media/Managed/mono/gac/policy.2.0.System.Security/0.0.0.0__b03f5f7f11d50a3a/policy.2.0.System.Security.dll
[19:46:29.855] |E| [open_file]: Missing file at D:/Emulateurs/Vita3K/mc/ux0/app/PCSB00978/Media/Managed/mono/gac/policy.2.0.System.Security/0.0.0.0__b03f5f7f11d50a3a/policy.2.0.System.Security.dll (target path: app0:Media/Managed/mono/gac/policy.2.0.System.Security/0.0.0.0__b03f5f7f11d50a3a/policy.2.0.System.Security.dll)
[19:46:29.855] |W| [io_error_impl]: open_file (_sceIoOpen) returned 0x80010002
[19:46:29.856] |E| [stat_file]: Cannot find device for path: app0/System.Security.dll
[19:46:29.856] |W| [io_error_impl]: stat_file (_sceIoGetstat) returned 0x80010002
[19:46:29.856] |E| [stat_file]: Cannot find device for path: app0/System.Security.exe
[19:46:29.856] |W| [io_error_impl]: stat_file (_sceIoGetstat) returned 0x80010002
[19:46:29.856] |E| [stat_file]: Cannot find device for path: app0/System.Security/System.Security.dll
[19:46:29.856] |W| [io_error_impl]: stat_file (_sceIoGetstat) returned 0x80010002
[19:46:29.856] |E| [stat_file]: Cannot find device for path: app0/System.Security/System.Security.exe
[19:46:29.856] |W| [io_error_impl]: stat_file (_sceIoGetstat) returned 0x80010002
[19:46:29.856] |E| [stat_file]: Cannot find device for path: Media/Managed/System.Security.dll
[19:46:29.857] |W| [io_error_impl]: stat_file (_sceIoGetstat) returned 0x80010002
[19:46:29.857] |E| [stat_file]: Cannot find device for path: Media/Managed/System.Security.exe
[19:46:29.857] |W| [io_error_impl]: stat_file (_sceIoGetstat) returned 0x80010002
[19:46:29.857] |E| [stat_file]: Cannot find device for path: Media/Managed/System.Security/System.Security.dll
[19:46:29.857] |W| [io_error_impl]: stat_file (_sceIoGetstat) returned 0x80010002
[19:46:29.857] |E| [stat_file]: Cannot find device for path: Media/Managed/System.Security/System.Security.exe
[19:46:29.857] |W| [io_error_impl]: stat_file (_sceIoGetstat) returned 0x80010002
[19:46:29.857] |I| [export__sceIoOpen]: Opening file: app0:Media/Managed/mono/gac/System.Security/2.0.0.0__b03f5f7f11d50a3a/System.Security.dll
[19:46:29.858] |E| [open_file]: Missing file at D:/Emulateurs/Vita3K/mc/ux0/app/PCSB00978/Media/Managed/mono/gac/System.Security/2.0.0.0__b03f5f7f11d50a3a/System.Security.dll (target path: app0:Media/Managed/mono/gac/System.Security/2.0.0.0__b03f5f7f11d50a3a/System.Security.dll)
[19:46:29.858] |W| [io_error_impl]: open_file (_sceIoOpen) returned 0x80010002
[19:46:29.858] |I| [export__sceIoOpen]: Opening file: app0:Media/Managed/System.Security.dll
[19:46:29.860] |I| [export__sceIoOpen]: Opening file: app0:Media/Managed/System.Security.dll.config
[19:46:29.860] |E| [open_file]: Missing file at D:/Emulateurs/Vita3K/mc/ux0/app/PCSB00978/Media/Managed/System.Security.dll.config (target path: app0:Media/Managed/System.Security.dll.config)
[19:46:29.860] |W| [io_error_impl]: open_file (_sceIoOpen) returned 0x80010002
[19:46:29.860] |I| [export__sceIoOpen]: Opening file: app0:Media/Managed/mono/assemblies/System.Security/System.Security.config
[19:46:29.860] |E| [open_file]: Missing file at D:/Emulateurs/Vita3K/mc/ux0/app/PCSB00978/Media/Managed/mono/assemblies/System.Security/System.Security.config (target path: app0:Media/Managed/mono/assemblies/System.Security/System.Security.config)
[19:46:29.860] |W| [io_error_impl]: open_file (_sceIoOpen) returned 0x80010002
[19:46:29.860] |I| [export__sceIoOpen]: Opening file: app0:Media/Managed/System.Configuration.dll.config
[19:46:29.860] |E| [open_file]: Missing file at D:/Emulateurs/Vita3K/mc/ux0/app/PCSB00978/Media/Managed/System.Configuration.dll.config (target path: app0:Media/Managed/System.Configuration.dll.config)
[19:46:29.861] |W| [io_error_impl]: open_file (_sceIoOpen) returned 0x80010002
[19:46:29.861] |I| [export__sceIoOpen]: Opening file: app0:Media/Managed/mono/assemblies/System.Configuration/System.Configuration.config
[19:46:29.861] |E| [open_file]: Missing file at D:/Emulateurs/Vita3K/mc/ux0/app/PCSB00978/Media/Managed/mono/assemblies/System.Configuration/System.Configuration.config (target path: app0:Media/Managed/mono/assemblies/System.Configuration/System.Configuration.config)
[19:46:29.861] |W| [io_error_impl]: open_file (_sceIoOpen) returned 0x80010002
[19:46:29.861] |I| [export__sceIoOpen]: Opening file: app0:Media/Managed/System.dll.config
[19:46:29.861] |E| [open_file]: Missing file at D:/Emulateurs/Vita3K/mc/ux0/app/PCSB00978/Media/Managed/System.dll.config (target path: app0:Media/Managed/System.dll.config)
[19:46:29.861] |W| [io_error_impl]: open_file (_sceIoOpen) returned 0x80010002
[19:46:29.861] |I| [export__sceIoOpen]: Opening file: app0:Media/Managed/mono/assemblies/System/System.config
[19:46:29.862] |E| [open_file]: Missing file at D:/Emulateurs/Vita3K/mc/ux0/app/PCSB00978/Media/Managed/mono/assemblies/System/System.config (target path: app0:Media/Managed/mono/assemblies/System/System.config)
[19:46:29.865] |W| [io_error_impl]: open_file (_sceIoOpen) returned 0x80010002
[19:46:29.865] |I| [export__sceIoOpen]: Opening file: app0:Media/Managed/mono/gac/policy.3.5.System.Core/0.0.0.0__b77a5c561934e089/policy.3.5.System.Core.dll
[19:46:29.865] |E| [open_file]: Missing file at D:/Emulateurs/Vita3K/mc/ux0/app/PCSB00978/Media/Managed/mono/gac/policy.3.5.System.Core/0.0.0.0__b77a5c561934e089/policy.3.5.System.Core.dll (target path: app0:Media/Managed/mono/gac/policy.3.5.System.Core/0.0.0.0__b77a5c561934e089/policy.3.5.System.Core.dll)
[19:46:29.866] |W| [io_error_impl]: open_file (_sceIoOpen) returned 0x80010002
[19:46:29.866] |E| [stat_file]: Cannot find device for path: app0/System.Core.dll
[19:46:29.866] |W| [io_error_impl]: stat_file (_sceIoGetstat) returned 0x80010002
[19:46:29.866] |E| [stat_file]: Cannot find device for path: app0/System.Core.exe
[19:46:29.866] |W| [io_error_impl]: stat_file (_sceIoGetstat) returned 0x80010002
[19:46:29.866] |E| [stat_file]: Cannot find device for path: app0/System.Core/System.Core.dll
[19:46:29.866] |W| [io_error_impl]: stat_file (_sceIoGetstat) returned 0x80010002
[19:46:29.866] |E| [stat_file]: Cannot find device for path: app0/System.Core/System.Core.exe
[19:46:29.867] |W| [io_error_impl]: stat_file (_sceIoGetstat) returned 0x80010002
[19:46:29.867] |E| [stat_file]: Cannot find device for path: Media/Managed/System.Core.dll
[19:46:29.867] |W| [io_error_impl]: stat_file (_sceIoGetstat) returned 0x80010002
[19:46:29.867] |E| [stat_file]: Cannot find device for path: Media/Managed/System.Core.exe
[19:46:29.867] |W| [io_error_impl]: stat_file (_sceIoGetstat) returned 0x80010002
[19:46:29.867] |E| [stat_file]: Cannot find device for path: Media/Managed/System.Core/System.Core.dll
[19:46:29.867] |W| [io_error_impl]: stat_file (_sceIoGetstat) returned 0x80010002
[19:46:29.867] |E| [stat_file]: Cannot find device for path: Media/Managed/System.Core/System.Core.exe
[19:46:29.867] |W| [io_error_impl]: stat_file (_sceIoGetstat) returned 0x80010002
[19:46:29.868] |I| [export__sceIoOpen]: Opening file: app0:Media/Managed/mono/gac/System.Core/3.5.0.0__b77a5c561934e089/System.Core.dll
[19:46:29.868] |E| [open_file]: Missing file at D:/Emulateurs/Vita3K/mc/ux0/app/PCSB00978/Media/Managed/mono/gac/System.Core/3.5.0.0__b77a5c561934e089/System.Core.dll (target path: app0:Media/Managed/mono/gac/System.Core/3.5.0.0__b77a5c561934e089/System.Core.dll)
[19:46:29.868] |W| [io_error_impl]: open_file (_sceIoOpen) returned 0x80010002
[19:46:29.868] |I| [export__sceIoOpen]: Opening file: app0:Media/Managed/System.Core.dll
[19:46:29.871] |I| [export__sceIoOpen]: Opening file: app0:Media/Managed/mono/gac/policy.2.0.Mono.Posix/0.0.0.0__0738eb9f132ed756/policy.2.0.Mono.Posix.dll
[19:46:29.871] |E| [open_file]: Missing file at D:/Emulateurs/Vita3K/mc/ux0/app/PCSB00978/Media/Managed/mono/gac/policy.2.0.Mono.Posix/0.0.0.0__0738eb9f132ed756/policy.2.0.Mono.Posix.dll (target path: app0:Media/Managed/mono/gac/policy.2.0.Mono.Posix/0.0.0.0__0738eb9f132ed756/policy.2.0.Mono.Posix.dll)
[19:46:29.871] |W| [io_error_impl]: open_file (_sceIoOpen) returned 0x80010002
[19:46:29.871] |E| [stat_file]: Cannot find device for path: app0/Mono.Posix.dll
[19:46:29.871] |W| [io_error_impl]: stat_file (_sceIoGetstat) returned 0x80010002
[19:46:29.871] |E| [stat_file]: Cannot find device for path: app0/Mono.Posix.exe
[19:46:29.871] |W| [io_error_impl]: stat_file (_sceIoGetstat) returned 0x80010002
[19:46:29.872] |E| [stat_file]: Cannot find device for path: app0/Mono.Posix/Mono.Posix.dll
[19:46:29.872] |W| [io_error_impl]: stat_file (_sceIoGetstat) returned 0x80010002
[19:46:29.872] |E| [stat_file]: Cannot find device for path: app0/Mono.Posix/Mono.Posix.exe
[19:46:29.872] |W| [io_error_impl]: stat_file (_sceIoGetstat) returned 0x80010002
[19:46:29.872] |E| [stat_file]: Cannot find device for path: Media/Managed/Mono.Posix.dll
[19:46:29.872] |W| [io_error_impl]: stat_file (_sceIoGetstat) returned 0x80010002
[19:46:29.872] |E| [stat_file]: Cannot find device for path: Media/Managed/Mono.Posix.exe
[19:46:29.872] |W| [io_error_impl]: stat_file (_sceIoGetstat) returned 0x80010002
[19:46:29.872] |E| [stat_file]: Cannot find device for path: Media/Managed/Mono.Posix/Mono.Posix.dll
[19:46:29.873] |W| [io_error_impl]: stat_file (_sceIoGetstat) returned 0x80010002
[19:46:29.873] |E| [stat_file]: Cannot find device for path: Media/Managed/Mono.Posix/Mono.Posix.exe
[19:46:29.873] |W| [io_error_impl]: stat_file (_sceIoGetstat) returned 0x80010002
[19:46:29.873] |I| [export__sceIoOpen]: Opening file: app0:Media/Managed/mono/gac/Mono.Posix/2.0.0.0__0738eb9f132ed756/Mono.Posix.dll
[19:46:29.873] |E| [open_file]: Missing file at D:/Emulateurs/Vita3K/mc/ux0/app/PCSB00978/Media/Managed/mono/gac/Mono.Posix/2.0.0.0__0738eb9f132ed756/Mono.Posix.dll (target path: app0:Media/Managed/mono/gac/Mono.Posix/2.0.0.0__0738eb9f132ed756/Mono.Posix.dll)
[19:46:29.873] |W| [io_error_impl]: open_file (_sceIoOpen) returned 0x80010002
[19:46:29.873] |I| [export__sceIoOpen]: Opening file: app0:Media/Managed/Mono.Posix.dll
[19:46:29.875] |I| [export__sceIoOpen]: Opening file: app0:Media/Managed/Mono.Posix.dll.config
[19:46:29.875] |E| [open_file]: Missing file at D:/Emulateurs/Vita3K/mc/ux0/app/PCSB00978/Media/Managed/Mono.Posix.dll.config (target path: app0:Media/Managed/Mono.Posix.dll.config)
[19:46:29.875] |W| [io_error_impl]: open_file (_sceIoOpen) returned 0x80010002
[19:46:29.875] |I| [export__sceIoOpen]: Opening file: app0:Media/Managed/mono/assemblies/Mono.Posix/Mono.Posix.config
[19:46:29.876] |E| [open_file]: Missing file at D:/Emulateurs/Vita3K/mc/ux0/app/PCSB00978/Media/Managed/mono/assemblies/Mono.Posix/Mono.Posix.config (target path: app0:Media/Managed/mono/assemblies/Mono.Posix/Mono.Posix.config)
[19:46:29.876] |W| [io_error_impl]: open_file (_sceIoOpen) returned 0x80010002
[19:46:29.876] |I| [export__sceIoOpen]: Opening file: app0:Media/Managed/System.Core.dll.config
[19:46:29.876] |E| [open_file]: Missing file at D:/Emulateurs/Vita3K/mc/ux0/app/PCSB00978/Media/Managed/System.Core.dll.config (target path: app0:Media/Managed/System.Core.dll.config)
[19:46:29.876] |W| [io_error_impl]: open_file (_sceIoOpen) returned 0x80010002
[19:46:29.876] |I| [export__sceIoOpen]: Opening file: app0:Media/Managed/mono/assemblies/System.Core/System.Core.config
[19:46:29.876] |E| [open_file]: Missing file at D:/Emulateurs/Vita3K/mc/ux0/app/PCSB00978/Media/Managed/mono/assemblies/System.Core/System.Core.config (target path: app0:Media/Managed/mono/assemblies/System.Core/System.Core.config)
[19:46:29.876] |W| [io_error_impl]: open_file (_sceIoOpen) returned 0x80010002
[19:46:29.877] |I| [export__sceIoOpen]: Opening file: app0:/Media/Managed/UnityEngine.dll.config
[19:46:29.877] |E| [open_file]: Missing file at D:/Emulateurs/Vita3K/mc/ux0/app/PCSB00978/Media/Managed/UnityEngine.dll.config (target path: app0:/Media/Managed/UnityEngine.dll.config)
[19:46:29.877] |W| [io_error_impl]: open_file (_sceIoOpen) returned 0x80010002
[19:46:29.877] |I| [export__sceIoOpen]: Opening file: app0:Media/Managed/mono/assemblies/UnityEngine/UnityEngine.config
[19:46:29.877] |E| [open_file]: Missing file at D:/Emulateurs/Vita3K/mc/ux0/app/PCSB00978/Media/Managed/mono/assemblies/UnityEngine/UnityEngine.config (target path: app0:Media/Managed/mono/assemblies/UnityEngine/UnityEngine.config)
[19:46:29.880] |W| [io_error_impl]: open_file (_sceIoOpen) returned 0x80010002
[19:46:29.886] |I| [export__sceIoOpen]: Opening file: app0:Media/Managed/mono/gac/policy.2.0.mscorlib/0.0.0.0__b77a5c561934e089/policy.2.0.mscorlib.dll
[19:46:29.887] |E| [open_file]: Missing file at D:/Emulateurs/Vita3K/mc/ux0/app/PCSB00978/Media/Managed/mono/gac/policy.2.0.mscorlib/0.0.0.0__b77a5c561934e089/policy.2.0.mscorlib.dll (target path: app0:Media/Managed/mono/gac/policy.2.0.mscorlib/0.0.0.0__b77a5c561934e089/policy.2.0.mscorlib.dll)
[19:46:29.887] |W| [io_error_impl]: open_file (_sceIoOpen) returned 0x80010002
[19:46:29.989] |W| [unimplemented_impl]: Unimplemented sceKernelSuspendThreadForVM import called.
[19:46:29.991] |W| [unimplemented_impl]: Unimplemented sceKernelResumeThreadForVM import called.
[19:46:30.013] |E| [call_import]: Import function for NID 0xE340C191 not found (thread name: Unity_main_thread, thread ID: 82)
[19:46:30.018] |E| [call_import]: Import function for NID 0xE340C195 not found (thread name: Unity_main_thread, thread ID: 82)
[19:46:30.019] |E| [call_import]: Import function for NID 0xE340C198 not found (thread name: Unity_main_thread, thread ID: 82)
[19:46:30.030] |E| [call_import]: Import function for NID 0xE340C192 not found (thread name: Unity_main_thread, thread ID: 82)
[19:46:30.040] |E| [call_import]: Import function for NID 0xE340C19E not found (thread name: Unity_main_thread, thread ID: 82)
[19:46:30.106] |E| [call_import]: Import function for NID 0xE340C19A not found (thread name: Unity_main_thread, thread ID: 82)
[19:46:30.130] |E| [call_import]: Import function for NID 0xE340C18F not found (thread name: Unity_main_thread, thread ID: 82)
[19:46:30.147] |E| [stat_file]: Missing file at D:/Emulateurs/Vita3K/mc/ux0/app/PCSB00978/Media/globalgamemanagers.assets.resG (target path: app0:/Media/globalgamemanagers.assets.resG)
[19:46:30.148] |W| [io_error_impl]: stat_file (_sceIoGetstat) returned 0x80010002
[19:46:30.148] |E| [stat_file]: Missing file at D:/Emulateurs/Vita3K/mc/ux0/app/PCSB00978/Media/globalgamemanag