[23:59:17.569] |I| [load_app_impl]: cpu-backend: Dynarmic
[23:59:17.569] |I| [load_app_impl]: CPU Optimisation state: true
[23:59:17.569] |I| [load_app_impl]: at9 audio decoder state: true
[23:59:17.570] |I| [load_app_impl]: ngs experimental state: true
[23:59:17.570] |I| [load_app_impl]: video player state: true
[23:59:17.570] |I| [load_app_impl]: lle-modules: libSceJson,liblocation,libSceXml,libpgf,libvoice,librudp,libSceSqlite,libvoiceqos,libsas
[23:59:17.571] |I| [load_app_impl]: Title: New Little King's Story
[23:59:17.571] |I| [load_app_impl]: Serial: PCSB00109
[23:59:17.572] |I| [load_app_impl]: Version: 1.00
[23:59:17.572] |I| [load_app_impl]: Category: gd
[23:59:17.624] |C| [load_self]: Unknown segment type 0x6FFFFF01
[23:59:17.625] |I| [load_self]: Loaded module segment 0 @ [0x00007000 - 0x0004323C / 0x81000000] (size: 0x0003C23C) of module ux0:app\PCSB00109\sce_module\libc.suprx
[23:59:17.626] |I| [load_self]: Loaded module segment 1 @ [0x00044000 - 0x00046344 / 0x8103D000] (size: 0x00002344) of module ux0:app\PCSB00109\sce_module\libc.suprx
[23:59:17.626] |I| [load_self]: Loading symbols for SELF: ux0:app\PCSB00109\sce_module\libc.suprx
[23:59:17.627] |D| [load_var_exports]: 	NID 0x6C2224BA (NID_MODULE_INFO) at 0x34D1C
[23:59:17.627] |W| [load_var_imports]: 	NID NOT FOUND 0xDF084DFA (UNRECOGNISED) at 0x384D4, setting to stub value 0xDEADBEEF
[23:59:17.628] |I| [pre_load_module]: Pre-load module SceLibc (at "app\PCSB00109\sce_module\libc.suprx") loaded
[23:59:17.635] |C| [load_self]: Unknown segment type 0x6FFFFF01
[23:59:17.635] |I| [load_self]: Loaded module segment 0 @ [0x00048000 - 0x00069DB8 / 0x81000000] (size: 0x00021DB8) of module ux0:app\PCSB00109\sce_module\libfios2.suprx
[23:59:17.635] |I| [load_self]: Loaded module segment 1 @ [0x0006A000 - 0x0006F1B4 / 0x81022000] (size: 0x000051B4) of module ux0:app\PCSB00109\sce_module\libfios2.suprx
[23:59:17.636] |I| [load_self]: Loading symbols for SELF: ux0:app\PCSB00109\sce_module\libfios2.suprx
[23:59:17.637] |D| [load_var_exports]: 	NID 0x6C2224BA (NID_MODULE_INFO) at 0x638B8
[23:59:17.637] |I| [pre_load_module]: Pre-load module SceLibFios2 (at "app\PCSB00109\sce_module\libfios2.suprx") loaded
[23:59:17.668] |C| [load_self]: Unknown segment type 0x6FFFFF01
[23:59:17.668] |I| [load_self]: Loaded module segment 0 @ [0x00070000 - 0x00084044 / 0x81000000] (size: 0x00014044) of module ux0:app\PCSB00109\sce_module\libult.suprx
[23:59:17.668] |I| [load_self]: Loaded module segment 1 @ [0x00085000 - 0x00085814 / 0x81015000] (size: 0x00000814) of module ux0:app\PCSB00109\sce_module\libult.suprx
[23:59:17.669] |I| [load_self]: Loading symbols for SELF: ux0:app\PCSB00109\sce_module\libult.suprx
[23:59:17.670] |D| [load_var_exports]: 	NID 0x6C2224BA (NID_MODULE_INFO) at 0x80B40
[23:59:17.670] |I| [pre_load_module]: Pre-load module SceUlt (at "app\PCSB00109\sce_module\libult.suprx") loaded
[23:59:17.676] |I| [load_self]: Loaded module segment 0 @ [0x00086000 - 0x000D6F04 / 0x81000000] (size: 0x00050F04) of module vs0:sys/external/libSceFt2.suprx
[23:59:17.677] |I| [load_self]: Loaded module segment 1 @ [0x000D7000 - 0x000D72F4 / 0x81051000] (size: 0x000002F4) of module vs0:sys/external/libSceFt2.suprx
[23:59:17.677] |I| [load_self]: Loading symbols for SELF: vs0:sys/external/libSceFt2.suprx
[23:59:17.678] |D| [load_var_exports]: 	NID 0x936C8A78 (SYSLYB) at 0xC27DC
[23:59:17.678] |D| [load_var_exports]: 	NID 0x6C2224BA (NID_MODULE_INFO) at 0xC1F10
[23:59:17.678] |W| [load_var_imports]: 	NID NOT FOUND 0x93B8AA67 (UNRECOGNISED) at 0xD6EE0, setting to stub value 0xDEADBEEF
[23:59:17.679] |I| [pre_load_module]: Pre-load module SceLibft2 (at "sys/external/libSceFt2.suprx") loaded
[23:59:17.681] |I| [load_self]: Loaded module segment 0 @ [0x000D9000 - 0x000E8F14 / 0x81000000] (size: 0x0000FF14) of module vs0:sys/external/libpvf.suprx
[23:59:17.681] |I| [load_self]: Loaded module segment 1 @ [0x000E9000 - 0x000E9008 / 0x81010000] (size: 0x00000008) of module vs0:sys/external/libpvf.suprx
[23:59:17.682] |I| [load_self]: Loading symbols for SELF: vs0:sys/external/libpvf.suprx
[23:59:17.682] |D| [load_var_exports]: 	NID 0x936C8A78 (SYSLYB) at 0xE7710
[23:59:17.682] |D| [load_var_exports]: 	NID 0x6C2224BA (NID_MODULE_INFO) at 0xE7300
[23:59:17.683] |I| [pre_load_module]: Pre-load module SceLibPvf (at "sys/external/libpvf.suprx") loaded
[23:59:17.795] |C| [load_self]: Unknown segment type 0x6FFFFF01
[23:59:17.795] |I| [load_self]: Loaded module segment 0 @ [0x81000000 - 0x813FC6B8 / 0x81000000] (size: 0x003FC6B8) of module app0:eboot.bin
[23:59:17.796] |I| [load_self]: Loaded module segment 1 @ [0x813FD000 - 0x817D9608 / 0x813FD000] (size: 0x003DC608) of module app0:eboot.bin
[23:59:17.797] |I| [load_self]: Loading symbols for SELF: app0:eboot.bin
[23:59:17.797] |D| [load_var_exports]: 	NID 0x6C2224BA (NID_MODULE_INFO) at 0x81366224
[23:59:17.798] |D| [load_var_exports]: 	NID 0x70FBA1E7 (SCE_PROC_PARAMS) at 0x8146BB2C
[23:59:17.798] |I| [load_app_impl]: Main executable osama (eboot.bin) loaded
[23:59:17.806] |D| [run_app]: Running module_start of library: SceLibc at address 0x75E5
[23:59:17.859] |I| [export_sceIoOpen]: Opening file: tty0:
[23:59:17.859] |I| [export_sceIoOpen]: Opening file: tty0:
[23:59:17.860] |I| [export_sceIoOpen]: Opening file: tty1:
[23:59:17.864] |I| [run_app]: Module SceLibc (at "ux0:app\PCSB00109\sce_module\libc.suprx") module_start returned 0x0
[23:59:17.868] |D| [run_app]: Running module_start of library: SceLibFios2 at address 0x48001
[23:59:17.876] |I| [run_app]: Module SceLibFios2 (at "ux0:app\PCSB00109\sce_module\libfios2.suprx") module_start returned 0x0
[23:59:17.880] |D| [run_app]: Running module_start of library: SceUlt at address 0x73B61
[23:59:17.888] |I| [run_app]: Module SceUlt (at "ux0:app\PCSB00109\sce_module\libult.suprx") module_start returned 0x0
[23:59:18.130] |W| [stubbed_impl]: Stubbed sceNetCtlInit import called. (Stub)
[23:59:18.131] |W| [stubbed_impl]: Stubbed sceNetCtlInetGetState import called. (state = SCE_NETCTL_STATE_DISCONNECTED)
[23:59:18.131] |W| [unimplemented_impl]: Unimplemented sceHttpInit import called.
[23:59:18.131] |W| [unimplemented_impl]: Unimplemented sceSslInit import called.
[23:59:18.132] |W| [unimplemented_impl]: Unimplemented sceNpBasicInit import called.
[23:59:18.133] |W| [unimplemented_impl]: Unimplemented sceAppUtilInit import called.
[23:59:18.166] |E| [logging::ret_error_impl]: sceKernelWaitLwCond returned SCE_KERNEL_ERROR_WAIT_TIMEOUT (0x80028005)
[23:59:18.166] |W| [stubbed_impl]: Stubbed sceNetCtlCheckCallback import called. (Stub)
[23:59:18.167] |W| [stubbed_impl]: Stubbed sceNetCtlInetGetResult import called. (errorCode = SCE_NET_CTL_ERROR_FLIGHT_MODE_ENABLED)
[23:59:18.168] |W| [stubbed_impl]: Stubbed sceNpCheckCallback import called. (Stub)
[23:59:18.178] |W| [unimplemented_impl]: Unimplemented sceSystemGestureInitializePrimitiveTouchRecognizer import called.
[23:59:18.178] |W| [unimplemented_impl]: Unimplemented sceSystemGestureCreateTouchRecognizer import called.
[23:59:18.195] |W| [unimplemented_impl]: Unimplemented sceKernelChangeThreadVfpException import called.
[23:59:18.196] |W| [unimplemented_impl]: Unimplemented _sceFiosKernelOverlayThreadSetDisabled import called.
[23:59:18.197] |W| [stubbed_impl]: Stubbed sceKernelWaitLwCondCB import called. (no CB)
[23:59:18.223] |W| [stubbed_impl]: Stubbed sceKernelGetProcessId import called. (pid: 0)
[23:59:18.224] |W| [stubbed_impl]: Stubbed _sceFiosKernelOverlayResolveWithRangeSync import called. (Using strncpy)
[23:59:18.227] |W| [unimplemented_impl]: Unimplemented _sceFiosKernelOverlayGetRecommendedScheduler import called.
[23:59:18.232] |I| [export_sceIoOpen]: Opening file: app0:/pack/mount/filesystem.pkh
[23:59:18.280] |I| [export_sceIoOpen]: Opening file: app0:/pack/mount/filesystem.pk
[23:59:18.315] |I| [export_sceIoOpen]: Opening file: app0:/pack/memory/gameboot.pkh
[23:59:18.359] |I| [export_sceIoOpen]: Opening file: app0:/pack/memory/effect.pkh
[23:59:18.376] |I| [export_sceIoOpen]: Opening file: app0:/pack/memory/island.pkh
[23:59:18.420] |I| [export_sceIoOpen]: Opening file: app0:/patch/filelist.csv
[23:59:18.420] |E| [open_file]: Missing file at D:/Emulateurs/Vita3K/mc/ux0/app/PCSB00109/patch/filelist.csv (target path: app0:/patch/filelist.csv)
[23:59:18.421] |W| [io_error_impl]: open_file (sceIoOpen) returned 0x80010002
[23:59:18.425] |I| [export_sceIoOpen]: Opening file: app0:/boot.ini
[23:59:18.451] |W| [stubbed_impl]: Stubbed sceGxmMapMemory import called. (always return success)
[23:59:18.452] |W| [stubbed_impl]: Stubbed sceGxmMapFragmentUsseMemory import called. (always return success)
[23:59:18.472] |W| [stubbed_impl]: Stubbed sceGxmMapVertexUsseMemory import called. (always return success)
[23:59:18.499] |W| [stubbed_impl]: Stubbed sceGxmGetRenderTargetMemSize import called. (2MB host mem)
[23:59:18.736] |W| [unimplemented_impl]: Unimplemented sceScreenShotSetOverlayImage import called.
[23:59:18.944] |W| [unimplemented_impl]: Unimplemented ksceKernelGetThreadCurrentPriority import called.
[23:59:18.952] |W| [unimplemented_impl]: Unimplemented sceKernelGetThreadCpuAffinityMask import called.
[23:59:18.952] |W| [stubbed_impl]: Stubbed sceKernelWaitEventFlagCB import called. (no CB)
[23:59:18.952] |W| [stubbed_impl]: Stubbed sceKernelChangeThreadPriority import called. (STUB)
[23:59:18.970] |W| [stubbed_impl]: Stubbed sceKernelLockLwMutexCB import called. (no CB)
[23:59:18.980] |W| [stubbed_impl]: Stubbed sceKernelDelayThreadCB import called. (no CB)
[23:59:18.987] |W| [ngs::create_voice_definition]: Missing voice definition for Buss Type 10, using passthrough.
[23:59:18.987] |D| [export_sceNgsVoicePlay]: sceNgsVoicePlay: 1
[23:59:18.988] |D| [export_sceNgsVoicePlay]: sceNgsVoicePlay: 1
[23:59:18.990] |D| [export_sceNgsVoicePlay]: sceNgsVoicePlay: 1
[23:59:18.990] |D| [export_sceNgsVoicePlay]: sceNgsVoicePlay: 1
[23:59:18.992] |W| [unimplemented_impl]: Unimplemented sceNgsVoiceBypassModule import called.
[23:59:19.001] |W| [unimplemented_impl]: Unimplemented sceAudioOutGetAdopt import called.
[23:59:19.020] |D| [export_sceNgsVoicePlay]: sceNgsVoicePlay: 1
[23:59:19.049] |I| [export_sceIoOpen]: Opening file: app0:sound/Osama.acf
[23:59:19.054] |I| [export_sceIoOpen]: Opening file: app0:sound/Osama.acf
[23:59:19.056] |I| [export_sceIoOpen]: Opening file: app0:sound/Osama.acf
[23:59:19.100] |I| [export_sceIoOpen]: Opening file: app0:sound/ON_VO.acb
[23:59:19.102] |I| [export_sceIoOpen]: Opening file: app0:sound/ON_VO.acb
[23:59:19.103] |I| [export_sceIoOpen]: Opening file: app0:sound/ON_VO.acb
[23:59:19.129] |I| [export_sceIoOpen]: Opening file: app0:sound/ST_VO.acb
[23:59:19.133] |I| [export_sceIoOpen]: Opening file: app0:sound/ST_VO.acb
[23:59:19.134] |I| [export_sceIoOpen]: Opening file: app0:sound/ST_VO.acb
[23:59:19.180] |I| [export_sceIoOpen]: Opening file: app0:sound/ST_VO_streamfiles.awb
[23:59:19.183] |I| [export_sceIoOpen]: Opening file: app0:sound/OsamaMAP.acb
[23:59:19.206] |I| [export_sceIoOpen]: Opening file: app0:sound/OsamaMAP.acb
[23:59:19.207] |I| [export_sceIoOpen]: Opening file: app0:sound/OsamaMAP.acb
[23:59:19.228] |I| [export_sceIoOpen]: Opening file: app0:sound/OsamaMST.acb
[23:59:19.231] |I| [export_sceIoOpen]: Opening file: app0:sound/OsamaMST.acb
[23:59:19.232] |I| [export_sceIoOpen]: Opening file: app0:sound/OsamaMST.acb
[23:59:19.254] |I| [export_sceIoOpen]: Opening file: app0:sound/OsamaNAT.acb
[23:59:19.255] |I| [export_sceIoOpen]: Opening file: app0:sound/OsamaNAT.acb
[23:59:19.256] |I| [export_sceIoOpen]: Opening file: app0:sound/OsamaNAT.acb
[23:59:19.267] |I| [export_sceIoOpen]: Opening file: app0:sound/Osama_BGM.acb
[23:59:19.268] |I| [export_sceIoOpen]: Opening file: app0:sound/Osama_BGM.acb
[23:59:19.270] |I| [export_sceIoOpen]: Opening file: app0:sound/Osama_BGM.acb
[23:59:19.281] |I| [export_sceIoOpen]: Opening file: app0:sound/Osama_BGM_streamfiles.awb
[23:59:19.282] |I| [export_sceIoOpen]: Opening file: app0:sound/Osama_SYS.acb
[23:59:19.284] |I| [export_sceIoOpen]: Opening file: app0:sound/Osama_SYS.acb
[23:59:19.285] |I| [export_sceIoOpen]: Opening file: app0:sound/Osama_SYS.acb
[23:59:19.317] |I| [export_sceIoOpen]: Opening file: app0:sound/Osama_EVENT.acb
[23:59:19.320] |I| [export_sceIoOpen]: Opening file: app0:sound/Osama_EVENT.acb
[23:59:19.321] |I| [export_sceIoOpen]: Opening file: app0:sound/Osama_EVENT.acb
[23:59:19.363] |I| [export_sceIoOpen]: Opening file: app0:sound/Osama_EVENT_streamfiles.awb
[23:59:19.365] |I| [export_sceIoOpen]: Opening file: app0:/sound/ON_VO.cueid
[23:59:19.381] |I| [export_sceIoOpen]: Opening file: app0:/sound/ST_VO.cueid
[23:59:19.433] |I| [export_sceIoOpen]: Opening file: app0:/sound/OsamaMAP.cueid
[23:59:19.439] |I| [export_sceIoOpen]: Opening file: app0:/sound/OsamaMST.cueid
[23:59:19.447] |I| [export_sceIoOpen]: Opening file: app0:/sound/OsamaNAT.cueid
[23:59:19.454] |I| [export_sceIoOpen]: Opening file: app0:/sound/Osama_BGM.cueid
[23:59:19.459] |I| [export_sceIoOpen]: Opening file: app0:/sound/Osama_SYS.cueid
[23:59:19.470] |I| [export_sceIoOpen]: Opening file: app0:/sound/Osama_EVENT.cueid
[23:59:19.621] |E| [logging::ret_error_impl]: sceNetInit returned SCE_NET_ERROR_EINTERNAL (0x804101CC)
[23:59:19.622] |W| [unimplemented_impl]: Unimplemented sceSysmoduleUnloadModule import called.
[23:59:19.623] |W| [unimplemented_impl]: Unimplemented sceNpAuthInit import called.
[23:59:19.623] |W| [unimplemented_impl]: Unimplemented sceCommonDialogSetConfigParam import called.
[23:59:19.639] |W| [unimplemented_impl]: Unimplemented sceDbgSetMinimumLogLevel import called.
[23:59:19.748] |W| [stubbed_impl]: Stubbed sceKernelCheckCallback import called. (checkcallback)
[23:59:19.748] |E| [logging::ret_error_impl]: _sceKernelLockMutex returned SCE_KERNEL_ERROR_MUTEX_RECURSIVE (0x80028142)
[23:59:19.757] |W| [unimplemented_impl]: Unimplemented sceSystemGestureUpdatePrimitiveTouchRecognizer import called.
[23:59:19.757] |W| [unimplemented_impl]: Unimplemented sceSystemGestureUpdateTouchRecognizer import called.
[23:59:19.757] |W| [unimplemented_impl]: Unimplemented sceSystemGestureGetTouchEventsCount import called.
[23:59:19.759] |W| [unimplemented_impl]: Unimplemented sceCommonDialogUpdate import called.
[23:59:19.778] |I| [float_to_half_init]: AVX+F16C instruction set supported. Use fast f32 to f16 conversion
[23:59:19.789] |I| [renderer::gl::load_shader_generic]: Generating frag shader 206a2f334ad7416c7179cd63bad5b75256e4800ea64961134503e72eba503f82
[23:59:19.792] |D| [shader::create_parameters]: [DEFAULT  + 0] sa0 = (float4) gClearColor
[23:59:19.799] |I| [renderer::gl::load_shader_generic]: Generating vert shader 0fb5e189287af7a92c99a7c8a5d02216583ab7cea66bd36a5bfbd693b4707b7e
[23:59:19.802] |D| [shader::create_parameters]: [BUFFER0  + 0] pa0 = (float4) IN_position
[23:59:19.810] |E| [renderer::gl::compile_program]: Fragment info
-------------
0(19) : warning C7050: "pa[0].zw" might be used before being initialized


[23:59:19.812] |W| [stubbed_impl]: Stubbed sceDisplayWaitVblankStartMulti import called. (wait for vblank)
[23:59:19.972] |I| [renderer::gl::load_shader_generic]: Generating frag shader ac4eb38deb76b3aa74eba672696ee6107512cab170785f6a6dc0e9e77628500b
[23:59:19.976] |D| [shader::create_parameters]: [DEFAULT  + 0] sa0 = (half1) gThreshold
[23:59:20.003] |I| [renderer::gl::load_shader_generic]: Generating vert shader 9d35f786f584dfc58900f89edcdfb5d9f4e265774a7ac8ea34192a2adf1e9649
[23:59:20.007] |D| [shader::create_parameters]: [BUFFER0  + 0] pa0 = (float4) aPosition
[23:59:20.007] |D| [shader::create_parameters]: [BUFFER0  + 4] pa4 = (float4) aTexCoord
[23:59:20.007] |D| [shader::create_parameters]: [DEFAULT  + 0] sa0 = (float4) wvp[4]
[23:59:20.007] |D| [shader::create_parameters]: [DEFAULT  + 16] sa16 = (float2) gOffset
[23:59:20.053] |E| [renderer::gl::compile_program]: Vertex info
-----------
0(26) : warning C7050: "internals[0].w" might be used before being initialized

Fragment info
-------------
0(24) : warning C7050: "pa[0].zw" might be used before being initialized
0(24) : warning C7050: "pa[1].zw" might be used before being initialized


[23:59:20.057] |I| [renderer::gl::load_shader_generic]: Generating frag shader 422a9acdbc41ff6084859a7382a568c6f1fbd346bdb493f5f580a92b5bafdc14
[23:59:20.061] |D| [shader::create_parameters]: [DEFAULT  + 0] sa0 = (half1) gWeight[3]
[23:59:20.070] |I| [renderer::gl::load_shader_generic]: Generating vert shader 6a930e06c7f1de59fb4ec69dedda23d95f663e62a98fd5435a660c7de66cc195
[23:59:20.074] |D| [shader::create_parameters]: [BUFFER0  + 0] pa0 = (float4) aPosition
[23:59:20.074] |D| [shader::create_parameters]: [BUFFER0  + 4] pa4 = (float4) aTexCoord
[23:59:20.075] |D| [shader::create_parameters]: [DEFAULT  + 0] sa0 = (float1) gWeight[5]
[23:59:20.075] |D| [shader::create_parameters]: [DEFAULT  + 22] sa22 = (float2) gOffset
[23:59:20.077] |D| [shader::create_parameters]: [DEFAULT  + 6] sa6 = (float4) wvp[4]
[23:59:20.095] |E| [renderer::gl::compile_program]: Vertex info
-----------
0(27) : warning C7050: "internals[0].w" might be used before being initialized

Fragment info
-------------
0(25) : warning C7050: "pa[0].zw" might be used before being initialized
0(25) : warning C7050: "pa[1].zw" might be used before being initialized
0(25) : warning C7050: "pa[2].zw" might be used before being initialized
0(28) : warning C7050: "r[0].zw" might be used before being initialized


[23:59:20.098] |I| [renderer::gl::load_shader_generic]: Generating frag shader 5399cdffa406e4d25628620514c61c921515920d377bc3d6c6a6478bbbc095c3
[23:59:20.102] |D| [shader::create_parameters]: [DEFAULT  + 16] sa16 = (half1) gBloomWeight
[23:59:20.102] |D| [shader::create_parameters]: [DEFAULT  + 0] sa0 = (float4) colorMatrix[4]
[23:59:20.113] |I| [renderer::gl::load_shader_generic]: Generating vert shader a01bba261337d9df6cc54ce24b40ae2e2817e46448c00a46fdbf6b4013021fbd
[23:59:20.116] |D| [shader::create_parameters]: [BUFFER0  + 0] pa0 = (float4) aPosition
[23:59:20.116] |D| [shader::create_parameters]: [BUFFER0  + 4] pa4 = (float4) aTexCoord
[23:59:20.116] |D| [shader::create_parameters]: [DEFAULT  + 0] sa0 = (float4) wvp[4]
[23:59:20.126] |E| [renderer::gl::compile_program]: Vertex info
-----------
0(23) : warning C7050: "internals[0].w" might be used before being initialized

Fragment info
-------------
0(22) : warning C7050: "pa[0].zw" might be used before being initialized


[23:59:20.144] |I| [export_sceIoOpen]: Opening file: app0:/pack/memory/island.pk
[23:59:20.345] |E| [stat_file]: Missing file at D:/Emulateurs/Vita3K/mc/ux0/app/PCSB00109/map/island/sea.btr (target path: app0:/map/island/sea.btr)
[23:59:20.346] |W| [io_error_impl]: stat_file (_sceIoGetstat) returned 0x80010002
[23:59:20.379] |E| [stat_file]: Missing file at D:/Emulateurs/Vita3K/mc/ux0/app/PCSB00109/map/island/kings_sea03.btr (target path: app0:/map/island/kings_sea03.btr)
[23:59:20.380] |W| [io_error_impl]: stat_file (_sceIoGetstat) returned 0x80010002
[23:59:20.382] |E| [stat_file]: Missing file at D:/Emulateurs/Vita3K/mc/ux0/app/PCSB00109/map/island/sky.btr (target path: app0:/map/island/sky.btr)
[23:59:20.382] |W| [io_error_impl]: stat_file (_sceIoGetstat) returned 0x80010002
[23:59:20.872] |I| [renderer::gl::load_shader_generic]: Generating frag shader 210a13732bf37eddabdc88f1d6e7be95a453f89a34a315bbda39349b6092bf76
[23:59:20.876] |D| [shader::create_fragment_inputs]: Iterator: pa0 = (float4) v_Color0
[23:59:20.882] |I| [renderer::gl::load_shader_generic]: Generating vert shader 4b135b8e1a2068107b8d6c7b077ac8686932bfb0b8955aaed653843e3c663827
[23:59:20.886] |D| [shader::create_parameters]: [BUFFER0  + 0] pa0 = (float4) IN_position
[23:59:20.886] |D| [shader::create_parameters]: [BUFFER0  + 4] pa4 = (float4) IN_diffuse
[23:59:20.886] |D| [shader::create_parameters]: [DEFAULT  + 0] sa0 = (float4) gD2VPMatrix[4]
[23:59:20.896] |E| [renderer::gl::compile_program]: Vertex info
-----------
0(23) : warning C7050: "internals[0].w" might be used before being initialized


[23:59:20.898] |W| [stubbed_impl]: Stubbed sceDisplayWaitVblankStart import called. (wait for vblank)
[23:59:21.075] |I| [renderer::gl::load_shader_generic]: Generating frag shader 1540cf260e6e8c0192dca602b31bbad4e797c2845851db8d853226e70798e748
[23:59:21.079] |D| [shader::create_fragment_inputs]: Iterator: pa0 = (float4) v_Color0
[23:59:21.086] |I| [renderer::gl::load_shader_generic]: Generating vert shader 8df2334b315ee1f4ff0ec5fa252873557d5eed7f12e0739100082ff836e12421
[23:59:21.089] |D| [shader::create_parameters]: [BUFFER0  + 0] pa0 = (float4) IN_position
[23:59:21.090] |D| [shader::create_parameters]: [BUFFER0  + 4] pa4 = (float4) IN_diffuse
[23:59:21.090] |D| [shader::create_parameters]: [BUFFER0  + 8] pa8 = (float4) IN_texcoord
[23:59:21.090] |D| [shader::create_parameters]: [DEFAULT  + 0] sa0 = (float4) gD2VPMatrix[4]
[23:59:21.101] |E| [renderer::gl::compile_program]: Vertex info
-----------
0(25) : warning C7050: "internals[0].w" might be used before being initialized
0(25) : warning C7050: "internals[1].w" might be used before being initialized


[23:59:21.121] |I| [renderer::gl::load_shader_generic]: Generating frag shader 9de9d2b0b4301c2b14da2e5db49b5a40c427b2aef2796910665a81d372a06e49
[23:59:21.125] |D| [shader::create_fragment_inputs]: Iterator: pa0 = (float4) v_Color0
[23:59:21.132] |E| [renderer::gl::compile_program]: Vertex info
-----------
0(25) : warning C7050: "internals[0].w" might be used before being initialized
0(25) : warning C7050: "internals[1].w" might be used before being initialized


[23:59:21.144] |I| [renderer::gl::load_shader_generic]: Generating frag shader 95381220d10407c8df3ccba156633e85b31aa873687022c4e5a98b105f2aac45
[23:59:21.147] |D| [shader::create_parameters]: [DEFAULT  + 0] sa0 = (float4) fogColor
[23:59:21.147] |D| [shader::create_parameters]: [DEFAULT  + 4] sa4 = (float4) baseColor
[23:59:21.147] |D| [shader::create_fragment_inputs]: Iterator: pa0 = (float4) v_Color0
[23:59:21.148] |D| [shader::create_fragment_inputs]: Iterator: pa8 = (float3) v_TexCoord0
[23:59:21.148] |D| [shader::create_fragment_inputs]: Iterator: pa16 = (float3) v_TexCoord5
[23:59:21.160] |I| [renderer::gl::load_shader_generic]: Generating vert shader d68219e55a55826ad110f43b608df92d81eece6ee07158b21f2019b823855343
[23:59:21.163] |D| [shader::create_parameters]: [BUFFER0  + 0] pa0 = (float4) aPosition
[23:59:21.163] |D| [shader::create_parameters]: [BUFFER0  + 4] pa4 = (float4) aVertexColor
[23:59:21.164] |D| [shader::create_parameters]: [BUFFER0  + 8] pa8 = (float4) aDiffuseTexcoord
[23:59:21.164] |D| [shader::create_parameters]: [BUFFER0  + 12] pa12 = (float4) aAmbientTexcoord
[23:59:21.165] |D| [shader::create_parameters]: [DEFAULT  + 60] sa60 = (float3) fogNearFar
[23:59:21.165] |D| [shader::create_parameters]: [DEFAULT  + 0] sa0 = (float4) shCoefficient[7]
[23:59:21.165] |D| [shader::create_parameters]: [DEFAULT  + 64] sa64 = (float3) ViewPos
[23:59:21.166] |D| [shader::create_parameters]: [DEFAULT  + 28] sa28 = (float4) World[4]
[23:59:21.166] |D| [shader::create_parameters]: [DEFAULT  + 68] sa68 = (float2) uvOffset
[23:59:21.166] |D| [shader::create_parameters]: [DEFAULT  + 44] sa44 = (float4) WorldViewProjection[4]
[23:59:21.208] |E| [renderer::gl::compile_program]: Vertex info
-----------
0(28) : warning C7050: "internals[0].w" might be used before being initialized
0(28) : warning C7050: "internals[2]" might be used before being initialized

Fragment info
-------------
0(25) : warning C7050: "pa[2].w" might be used before being initialized
0(25) : warning C7050: "pa[4].w" might be used before being initialized
0(27) : warning C7050: "internals[0].w" might be used before being initialized
0(27) : warning C7050: "internals[2].w" might be used before being initialized


[23:59:21.212] |I| [renderer::gl::load_shader_generic]: Generating frag shader 15549ea199992f8ee2859d3c0abc38635418937fbb5e19e1bedc6eedd8366648
[23:59:21.215] |D| [shader::create_parameters]: [DEFAULT  + 0] sa0 = (float4) fogColor
[23:59:21.215] |D| [shader::create_parameters]: [DEFAULT  + 4] sa4 = (float4) baseColor
[23:59:21.216] |D| [shader::create_fragment_inputs]: Iterator: pa0 = (float4) v_Color0
[23:59:21.216] |D| [shader::create_fragment_inputs]: Iterator: pa8 = (float3) v_TexCoord0
[23:59:21.216] |D| [shader::create_fragment_inputs]: Iterator: pa12 = (float3) v_TexCoord5
[23:59:21.228] |I| [renderer::gl::load_shader_generic]: Generating vert shader cffc1e89cb08a96f606a0d2d24451a9cdbc6f13c4190173ad4b5b915f9e3f977
[23:59:21.231] |D| [shader::create_parameters]: [BUFFER0  + 0] pa0 = (float4) aPosition
[23:59:21.231] |D| [shader::create_parameters]: [BUFFER0  + 4] pa4 = (float4) aVertexColor
[23:59:21.232] |D| [shader::create_parameters]: [BUFFER0  + 8] pa8 = (float4) aDiffuseTexcoord
[23:59:21.232] |D| [shader::create_parameters]: [DEFAULT  + 60] sa60 = (float3) fogNearFar
[23:59:21.232] |D| [shader::create_parameters]: [DEFAULT  + 0] sa0 = (float4) shCoefficient[7]
[23:59:21.233] |D| [shader::create_parameters]: [DEFAULT  + 64] sa64 = (float3) ViewPos
[23:59:21.233] |D| [shader::create_parameters]: [DEFAULT  + 28] sa28 = (float4) World[4]
[23:59:21.233] |D| [shader::create_parameters]: [DEFAULT  + 68] sa68 = (float2) uvOffset
[23:59:21.234] |D| [shader::create_parameters]: [DEFAULT  + 44] sa44 = (float4) WorldViewProjection[4]
[23:59:21.273] |E| [renderer::gl::compile_program]: Vertex info
-----------
0(26) : warning C7050: "internals[0].w" might be used before being initialized
0(26) : warning C7050: "internals[2]" might be used before being initialized

Fragment info
-------------
0(23) : warning C7050: "pa[2].w" might be used before being initialized
0(23) : warning C7050: "pa[3].w" might be used before being initialized
0(25) : warning C7050: "internals[0].w" might be used before being initialized
0(25) : warning C7050: "internals[2].w" might be used before being initialized


[23:59:21.277] |I| [renderer::gl::load_shader_generic]: Generating frag shader cbf5d31821cc4efb04a61ef80f091bd171ae485bd48529d80ca9364df0f8287c
[23:59:21.279] |D| [shader::create_parameters]: [DEFAULT  + 0] sa0 = (float4) fogColor
[23:59:21.280] |D| [shader::create_parameters]: [DEFAULT  + 4] sa4 = (float4) baseColor
[23:59:21.280] |D| [shader::create_fragment_inputs]: Iterator: pa0 = (float4) v_Color0
[23:59:21.280] |D| [shader::create_fragment_inputs]: Iterator: pa8 = (float3) v_TexCoord0
[23:59:21.281] |D| [shader::create_fragment_inputs]: Iterator: pa12 = (float3) v_TexCoord5
[23:59:21.311] |E| [renderer::gl::compile_program]: Vertex info
-----------
0(26) : warning C7050: "internals[0].w" might be used before being initialized
0(26) : warning C7050: "internals[2]" might be used before being initialized

Fragment info
-------------
0(23) : warning C7050: "pa[2].w" might be used before being initialized
0(23) : warning C7050: "pa[3].w" might be used before being initialized
0(25) : warning C7050: "internals[0].w" might be used before being initialized
0(25) : warning C7050: "internals[2].w" might be used before being initialized


[23:59:25.720] |I| [export_sceIoOpen]: Opening file: app0:/pack/memory/effect.pk
[23:59:25.975] |I| [export_sceIoOpen]: Opening file: app0:/effect_new/Boss01fire01.eff
[23:59:25.976] |E| [open_file]: Missing file at D:/Emulateurs/Vita3K/mc/ux0/app/PCSB00109/effect_new/Boss01fire01.eff (target path: app0:/effect_new/Boss01fire01.eff)
[23:59:25.976] |W| [io_error_impl]: open_file (sceIoOpen) returned 0x80010002
[23:59:26.056] |I| [export_sceIoOpen]: Opening file: app0:/effect_new/acid01a.efp
[23:59:26.057] |E| [open_file]: Missing file at D:/Emulateurs/Vita3K/mc/ux0/app/PCSB00109/effect_new/acid01a.efp (target path: app0:/effect_new/acid01a.efp)
[23:59:26.057] |W| [io_error_impl]: open_file (sceIoOpen) returned 0x80010002
[23:59:26.079] |I| [export_sceIoOpen]: Opening file: app0:/effect_new/acid02a.efp
[23:59:26.079] |E| [open_file]: Missing file at D:/Emulateurs/Vita3K/mc/ux0/app/PCSB00109/effect_new/acid02a.efp (target path: app0:/effect_new/acid02a.efp)
[23:59:26.080] |W| [io_error_impl]: open_file (sceIoOpen) returned 0x80010002
[23:59:26.101] |I| [export_sceIoOpen]: Opening file: app0:/effect_new/ms0036_tan.efp
[23:59:26.101] |E| [open_file]: Missing file at D:/Emulateurs/Vita3K/mc/ux0/app/PCSB00109/effect_new/ms0036_tan.efp (target path: app0:/effect_new/ms0036_tan.efp)
[23:59:26.102] |W| [io_error_impl]: open_file (sceIoOpen) returned 0x80010002
[23:59:26.123] |I| [export_sceIoOpen]: Opening file: app0:/effect_new/ms0070ef.efp
[23:59:26.123] |E| [open_file]: Missing file at D:/Emulateurs/Vita3K/mc/ux0/app/PCSB00109/effect_new/ms0070ef.efp (target path: app0:/effect_new/ms0070ef.efp)
[23:59:26.124] |W| [io_error_impl]: open_file (sceIoOpen) returned 0x80010002
[23:59:26.145] |I| [export_sceIoOpen]: Opening file: app0:/effect_new/ms0016a.efp
[23:59:26.145] |E| [open_file]: Missing file at D:/Emulateurs/Vita3K/mc/ux0/app/PCSB00109/effect_new/ms0016a.efp (target path: app0:/effect_new/ms0016a.efp)
[23:59:26.146] |W| [io_error_impl]: open_file (sceIoOpen) returned 0x80010002
[23:59:26.170] |I| [export_sceIoOpen]: Opening file: app0:/effect_new/ms0085a.efp
[23:59:26.170] |E| [open_file]: Missing file at D:/Emulateurs/Vita3K/mc/ux0/app/PCSB00109/effect_new/ms0085a.efp (target path: app0:/effect_new/ms0085a.efp)
[23:59:26.171] |W| [io_error_impl]: open_file (sceIoOpen) returned 0x80010002
[23:59:26.192] |I| [export_sceIoOpen]: Opening file: app0:/effect_new/ef_umi02n_c.gxt
[23:59:26.192] |E| [open_file]: Missing file at D:/Emulateurs/Vita3K/mc/ux0/app/PCSB00109/effect_new/ef_umi02n_c.gxt (target path: app0:/effect_new/ef_umi02n_c.gxt)
[23:59:26.193] |W| [io_error_impl]: open_file (sceIoOpen) returned 0x80010002
[23:59:26.289] |I| [export_sceIoOpen]: Opening file: app0:/effect_new/Boss03TV00.eff
[23:59:26.289] |E| [open_file]: Missing file at D:/Emulateurs/Vita3K/mc/ux0/app/PCSB00109/effect_new/Boss03TV00.eff (target path: app0:/effect_new/Boss03TV00.eff)
[23:59:26.290] |W| [io_error_impl]: open_file (sceIoOpen) returned 0x80010002
[23:59:26.363] |I| [export_sceIoOpen]: Opening file: app0:/effect_new/tx_trail00_newtest.gxt
[23:59:26.363] |E| [open_file]: Missing file at D:/Emulateurs/Vita3K/mc/ux0/app/PCSB00109/effect_new/tx_trail00_newtest.gxt (target path: app0:/effect_new/tx_trail00_newtest.gxt)
[23:59:26.364] |W| [io_error_impl]: open_file (sceIoOpen) returned 0x80010002
[23:59:26.911] |I| [export_sceIoOpen]: Opening file: app0:/pack/memory/gameboot.pk
[23:59:27.150] |E| [stat_file]: Missing file at D:/Emulateurs/Vita3K/mc/ux0/app/PCSB00109/map/wb/bl0092a.btr (target path: app0:/map/wb/bl0092a.btr)
[23:59:27.151] |W| [io_error_impl]: stat_file (_sceIoGetstat) returned 0x80010002
[23:59:27.181] |E| [stat_file]: Missing file at D:/Emulateurs/Vita3K/mc/ux0/app/PCSB00109/map/wb/bl4011.btr (target path: app0:/map/wb/bl4011.btr)
[23:59:27.182] |W| [io_error_impl]: stat_file (_sceIoGetstat) returned 0x80010002
[23:59:27.182] |E| [stat_file]: Missing file at D:/Emulateurs/Vita3K/mc/ux0/app/PCSB00109/map/wb/bl4011a.btr (target path: app0:/map/wb/bl4011a.btr)
[23:59:27.183] |W| [io_error_impl]: stat_file (_sceIoGetstat) returned 0x80010002
[23:59:27.184] |E| [stat_file]: Missing file at D:/Emulateurs/Vita3K/mc/ux0/app/PCSB00109/map/ms/sb20.btr (target path: app0:/map/ms/sb20.btr)
[23:59:27.185] |W| [io_error_impl]: stat_file (_sceIoGetstat) returned 0x80010002
[23:59:27.232] |E| [stat_file]: Missing file at D:/Emulateurs/Vita3K/mc/ux0/app/PCSB00109/map/ms/bl0726.btr (target path: app0:/map/ms/bl0726.btr)
[23:59:27.233] |W| [io_error_impl]: stat_file (_sceIoGetstat) returned 0x80010002
[23:59:27.234] |E| [stat_file]: Missing file at D:/Emulateurs/Vita3K/mc/ux0/app/PCSB00109/map/ms/bl_kickleaf.btr (target path: app0:/map/ms/bl_kickleaf.btr)
[23:59:27.234] |W| [io_error_impl]: stat_file (_sceIoGetstat) returned 0x80010002
[23:59:27.901] |E| [stat_file]: Missing file at D:/Emulateurs/Vita3K/mc/ux0/app/PCSB00109/map/obj/tree00_00.btr (target path: app0:/map/obj/tree00_00.btr)
[23:59:27.902] |W| [io_error_impl]: stat_file (_sceIoGetstat) returned 0x80010002
[23:59:27.977] |E| [stat_file]: Missing file at D:/Emulateurs/Vita3K/mc/ux0/app/PCSB00109/map/obj/tree00_G.btr (target path: app0:/map/obj/tree00_G.btr)
[23:59:27.978] |W| [io_error_impl]: stat_file (_sceIoGetstat) returned 0x80010002
[23:59:27.997] |E| [stat_file]: Missing file at D:/Emulateurs/Vita3K/mc/ux0/app/PCSB00109/map/obj/tree00_go.btr (target path: app0:/map/obj/tree00_go.btr)
[23:59:27.998] |W| [io_error_impl]: stat_file (_sceIoGetstat) returned 0x80010002
[23:59:28.030] |E| [stat_file]: Missing file at D:/Emulateurs/Vita3K/mc/ux0/app/PCSB00109/map/obj/grass00_00.btr (target path: app0:/map/obj/grass00_00.btr)
[23:59:28.031] |W| [io_error_impl]: stat_file (_sceIoGetstat) returned 0x80010002
[23:59:28.052] |E| [stat_file]: Missing file at D:/Emulateurs/Vita3K/mc/ux0/app/PCSB00109/map/obj/grass00_go.btr (target path: app0:/map/obj/grass00_go.btr)
[23:59:28.053] |W| [io_error_impl]: stat_file (_sceIoGetstat) returned 0x80010002
[23:59:28.074] |E| [stat_file]: Missing file at D:/Emulateurs/Vita3K/mc/ux0/app/PCSB00109/map/obj/flower01_R.btr (target path: app0:/map/obj/flower01_R.btr)
[23:59:28.074] |W| [io_error_impl]: stat_file (_sceIoGetstat) returned 0x80010002
[23:59:28.231] |E| [stat_file]: Missing file at D:/Emulateurs/Vita3K/mc/ux0/app/PCSB00109/map/obj/dummy_kun01.btr (target path: app0:/map/obj/dummy_kun01.btr)
[23:59:28.232] |W| [io_error_impl]: stat_file (_sceIoGetstat) returned 0x80010002
[23:59:28.253] |E| [stat_file]: Missing file at D:/Emulateurs/Vita3K/mc/ux0/app/PCSB00109/map/wb/bl0735.btr (target path: app0:/map/wb/bl0735.btr)
[23:59:28.254] |W| [io_error_impl]: stat_file (_sceIoGetstat) returned 0x80010002
[23:59:28.276] |E| [stat_file]: Missing file at D:/Emulateurs/Vita3K/mc/ux0/app/PCSB00109/map/wb/bl0736.btr (target path: app0:/map/wb/bl0736.btr)
[23:59:28.276] |W| [io_error_impl]: stat_file (_sceIoGetstat) returned 0x80010002
[23:59:28.300] |E| [stat_file]: Missing file at D:/Emulateurs/Vita3K/mc/ux0/app/PCSB00109/map/wb/bl0737.btr (target path: app0:/map/wb/bl0737.btr)
[23:59:28.300] |W| [io_error_impl]: stat_file (_sceIoGetstat) returned 0x80010002
[23:59:28.322] |E| [stat_file]: Missing file at D:/Emulateurs/Vita3K/mc/ux0/app/PCSB00109/map/wb/bl0738.btr (target path: app0:/map/wb/bl0738.btr)
[23:59:28.323] |W| [io_error_impl]: stat_file (_sceIoGetstat) returned 0x80010002
[23:59:28.361] |E| [stat_file]: Missing file at D:/Emulateurs/Vita3K/mc/ux0/app/PCSB00109/map/ms/bl0724.btr (target path: app0:/map/ms/bl0724.btr)
[23:59:28.362] |W| [io_error_impl]: stat_file (_sceIoGetstat) returned 0x80010002
[23:59:28.382] |E| [stat_file]: Missing file at D:/Emulateurs/Vita3K/mc/ux0/app/PCSB00109/map/ms/bl0824.btr (target path: app0:/map/ms/bl0824.btr)
[23:59:28.383] |W| [io_error_impl]: stat_file (_sceIoGetstat) returned 0x80010002
[23:59:28.393] |E| [stat_file]: Missing file at D:/Emulateurs/Vita3K/mc/ux0/app/PCSB00109/map/ms/bl6040.btr (target path: app0:/map/ms/bl6040.btr)
[23:59:28.393] |W| [io_error_impl]: stat_file (_sceIoGetstat) returned 0x80010002
[23:59:28.415] |E| [stat_file]: Missing file at D:/Emulateurs/Vita3K/mc/ux0/app/PCSB00109/map/ms/bl6041.btr (target path: app0:/map/ms/bl6041.btr)
[23:59:28.416] |W| [io_error_impl]: stat_file (_sceIoGetstat) returned 0x80010002
[23:59:28.437] |E| [stat_file]: Missing file at D:/Emulateurs/Vita3K/mc/ux0/app/PCSB00109/map/ms/bl6042.btr (target path: app0:/map/ms/bl6042.btr)
[23:59:28.438] |W| [io_error_impl]: stat_file (_sceIoGetstat) returned 0x80010002
[23:59:28.459] |E| [stat_file]: Missing file at D:/Emulateurs/Vita3K/mc/ux0/app/PCSB00109/chara/monster/ms0112a.btr (target path: app0:/chara/monster/ms0112a.btr)
[23:59:28.460] |W| [io_error_impl]: stat_file (_sceIoGetstat) returned 0x80010002
[23:59:28.501] |E| [stat_file]: Missing file at D:/Emulateurs/Vita3K/mc/ux0/app/PCSB00109/map/ms/sb00.btr (target path: app0:/map/ms/sb00.btr)
[23:59:28.502] |W| [io_error_impl]: stat_file (_sceIoGetstat) returned 0x80010002
[23:59:28.526] |E| [stat_file]: Missing file at D:/Emulateurs/Vita3K/mc/ux0/app/PCSB00109/map/ms/bl0721.cnd (target path: app0:/map/ms/bl0721.cnd)
[23:59:28.527] |W| [io_error_impl]: stat_file (_sceIoGetstat) returned 0x80010002
[23:59:28.720] |E| [stat_file]: Missing file at D:/Emulateurs/Vita3K/mc/ux0/app/PCSB00109/map/wb/bl0681.btr (target path: app0:/map/wb/bl0681.btr)
[23:59:28.721] |W| [io_error_impl]: stat_file (_sceIoGetstat) returned 0x80010002
[23:59:28.729] |E| [stat_file]: Missing file at D:/Emulateurs/Vita3K/mc/ux0/app/PCSB00109/map/wb/bl0331.btr (target path: app0:/map/wb/bl0331.btr)
[23:59:28.729] |W| [io_error_impl]: stat_file (_sceIoGetstat) returned 0x80010002
[23:59:28.902] |E| [stat_file]: Missing file at D:/Emulateurs/Vita3K/mc/ux0/app/PCSB00109/chara/monster/ms0036a.btr (target path: app0:/chara/monster/ms0036a.btr)
[23:59:28.903] |W| [io_error_impl]: stat_file (_sceIoGetstat) returned 0x80010002
[23:59:28.923] |E| [stat_file]: Missing file at D:/Emulateurs/Vita3K/mc/ux0/app/PCSB00109/chara/monster/ms0038b.cnd (target path: app0:/chara/monster/ms0038b.cnd)
[23:59:28.924] |W| [io_error_impl]: stat_file (_sceIoGetstat) returned 0x80010002
[23:59:28.942] |E| [stat_file]: Missing file at D:/Emulateurs/Vita3K/mc/ux0/app/PCSB00109/chara/monster/ms0036.cnd (target path: app0:/chara/monster/ms0036.cnd)
[23:59:28.942] |W| [io_error_impl]: stat_file (_sceIoGetstat) returned 0x80010002
[23:59:28.943] |E| [stat_file]: Missing file at D:/Emulateurs/Vita3K/mc/ux0/app/PCSB00109/chara/monster/ms0038.cnd (target path: app0:/chara/monster/ms0038.cnd)
[23:59:28.943] |W| [io_error_impl]: stat_file (_sceIoGetstat) returned 0x80010002
[23:59:28.963] |E| [stat_file]: Missing file at D:/Emulateurs/Vita3K/mc/ux0/app/PCSB00109/chara/monster/ms0000.cnd (target path: app0:/chara/monster/ms0000.cnd)
[23:59:28.963] |W| [io_error_impl]: stat_file (_sceIoGetstat) returned 0x80010002
[23:59:28.964] |E| [stat_file]: Missing file at D:/Emulateurs/Vita3K/mc/ux0/app/PCSB00109/chara/monster/ms0000a.cnd (target path: app0:/chara/monster/ms0000a.cnd)
[23:59:28.965] |W| [io_error_impl]: stat_file (_sceIoGetstat) returned 0x80010002
[23:59:28.980] |E| [stat_file]: Missing file at D:/Emulateurs/Vita3K/mc/ux0/app/PCSB00109/chara/main/c0250.cnd (target path: app0:/chara/main/c0250.cnd)
[23:59:28.980] |W| [io_error_impl]: stat_file (_sceIoGetstat) returned 0x80010002
[23:59:28.996] |E| [stat_file]: Missing file at D:/Emulateurs/Vita3K/mc/ux0/app/PCSB00109/chara/main/c0040.cnd (target path: app0:/chara/main/c0040.cnd)
[23:59:28.997] |W| [io_error_impl]: stat_file (_sceIoGetstat) returned 0x80010002
[23:59:29.006] |E| [stat_file]: Missing file at D:/Emulateurs/Vita3K/mc/ux0/app/PCSB00109/chara/main/c0020.cnd (target path: app0:/chara/main/c0020.cnd)
[23:59:29.007] |W| [io_error_impl]: stat_file (_sceIoGetstat) returned 0x80010002
[23:59:29.007] |E| [stat_file]: Missing file at D:/Emulateurs/Vita3K/mc/ux0/app/PCSB00109/chara/monster/ms0038a.cnd (target path: app0:/chara/monster/ms0038a.cnd)
[23:59:29.008] |W| [io_error_impl]: stat_file (_sceIoGetstat) returned 0x80010002
[23:59:29.028] |E| [stat_file]: Missing file at D:/Emulateurs/Vita3K/mc/ux0/app/PCSB00109/chara/main/c0010.cnd (target path: app0:/chara/main/c0010.cnd)
[23:59:29.029] |W| [io_error_impl]: stat_file (_sceIoGetstat) returned 0x80010002
[23:59:29.033] |E| [stat_file]: Missing file at D:/Emulateurs/Vita3K/mc/ux0/app/PCSB00109/chara/main/c0002.cnd (target path: app0:/chara/main/c0002.cnd)
[23:59:29.033] |W| [io_error_impl]: stat_file (_sceIoGetstat) returned 0x80010002
[23:59:29.040] |E| [stat_file]: Missing file at D:/Emulateurs/Vita3K/mc/ux0/app/PCSB00109/chara/animal/an020.cnd (target path: app0:/chara/animal/an020.cnd)
[23:59:29.041] |W| [io_error_impl]: stat_file (_sceIoGetstat) returned 0x80010002
[23:59:29.041] |E| [stat_file]: Missing file at D:/Emulateurs/Vita3K/mc/ux0/app/PCSB00109/chara/animal/an060.cnd (target path: app0:/chara/animal/an060.cnd)
[23:59:29.042] |W| [io_error_impl]: stat_file (_sceIoGetstat) returned 0x80010002
[23:59:29.044] |E| [stat_file]: Missing file at D:/Emulateurs/Vita3K/mc/ux0/app/PCSB00109/chara/animal/an140.cnd (target path: app0:/chara/animal/an140.cnd)
[23:59:29.044] |W| [io_error_impl]: stat_file (_sceIoGetstat) returned 0x80010002
[23:59:29.047] |E| [stat_file]: Missing file at D:/Emulateurs/Vita3K/mc/ux0/app/PCSB00109/chara/animal/an010.cnd (target path: app0:/chara/animal/an010.cnd)
[23:59:29.048] |W| [io_error_impl]: stat_file (_sceIoGetstat) returned 0x80010002
[23:59:29.048] |E| [stat_file]: Missing file at D:/Emulateurs/Vita3K/mc/ux0/app/PCSB00109/chara/animal/an160.cnd (target path: app0:/chara/animal/an160.cnd)
[23:59:29.049] |W| [io_error_impl]: stat_file (_sceIoGetstat) returned 0x80010002
[23:59:29.059] |E| [stat_file]: Missing file at D:/Emulateurs/Vita3K/mc/ux0/app/PCSB00109/chara/animal/an150.cnd (target path: app0:/chara/animal/an150.cnd)
[23:59:29.060] |W| [io_error_impl]: stat_file (_sceIoGetstat) returned 0x80010002
[23:59:29.097] |E| [stat_file]: Missing file at D:/Emulateurs/Vita3K/mc/ux0/app/PCSB00109/chara/monster/ms0042a.cnd (target path: app0:/chara/monster/ms0042a.cnd)
[23:59:29.097] |W| [io_error_impl]: stat_file (_sceIoGetstat) returned 0x80010002
[23:59:30.374] |W| [unimplemented_impl]: Unimplemented sceNpWordFilterInit import called.
[23:59:32.021] |E| [discordrpc::update_presence::<lambda_23ff884bf2cdb1bde950cb16a82f908e>::operator ()]: Error updating discord rich presence, err_code: 43
[23:59:32.022] |E| [discordrpc::update_presence::<lambda_23ff884bf2cdb1bde950cb16a82f908e>::operator ()]: Error updating discord rich presence, err_code: 43
