[01:53:12.023] |I| [load_app_impl]: cpu-backend: Dynarmic
[01:53:12.023] |I| [load_app_impl]: CPU Optimisation state: true
[01:53:12.024] |I| [load_app_impl]: at9 audio decoder state: true
[01:53:12.024] |I| [load_app_impl]: ngs experimental state: true
[01:53:12.024] |I| [load_app_impl]: video player state: true
[01:53:12.024] |I| [load_app_impl]: lle-modules: libpgf,libSceXml,libsas,liblocation,libhandwriting,libSceJson,librudp
[01:53:12.024] |I| [load_app_impl]: Title: Best of Board Games
[01:53:12.024] |I| [load_app_impl]: Serial: PCSB00452
[01:53:12.024] |I| [load_app_impl]: Version: 1.00
[01:53:12.024] |I| [load_app_impl]: Category: gd
[01:53:12.045] |C| [load_self]: Unknown segment type 0x6FFFFF01
[01:53:12.045] |I| [load_self]: Loaded module segment 0 @ [0x00007000 - 0x00056BD4 / 0x81000000] (size: 0x0004FBD4) of module ux0:app\PCSB00452\sce_module\libc.suprx
[01:53:12.045] |I| [load_self]: Loaded module segment 1 @ [0x00057000 - 0x00059688 / 0x81050000] (size: 0x00002688) of module ux0:app\PCSB00452\sce_module\libc.suprx
[01:53:12.045] |I| [load_self]: Loading symbols for SELF: ux0:app\PCSB00452\sce_module\libc.suprx
[01:53:12.046] |D| [load_var_exports]: 	NID 0x936C8A78 (SYSLYB) at 0x4C6C4
[01:53:12.046] |D| [load_var_exports]: 	NID 0x6C2224BA (NID_MODULE_INFO) at 0x42488
[01:53:12.046] |W| [load_var_imports]: 	NID NOT FOUND 0x93B8AA67 (UNRECOGNISED) at 0x464A8, setting to stub value 0xDEADBEEF
[01:53:12.047] |W| [load_var_imports]: 	NID NOT FOUND 0xDF084DFA (UNRECOGNISED) at 0x4802C, setting to stub value 0xDEADBEEF
[01:53:12.048] |I| [pre_load_module]: Pre-load module SceLibc (at "app\PCSB00452\sce_module\libc.suprx") loaded
[01:53:12.073] |C| [load_self]: Unknown segment type 0x6FFFFF01
[01:53:12.073] |I| [load_self]: Loaded module segment 0 @ [0x0005C000 - 0x00086AA8 / 0x81000000] (size: 0x0002AAA8) of module ux0:app\PCSB00452\sce_module\libfios2.suprx
[01:53:12.073] |I| [load_self]: Loaded module segment 1 @ [0x00087000 - 0x0008C23D / 0x8102B000] (size: 0x0000523D) of module ux0:app\PCSB00452\sce_module\libfios2.suprx
[01:53:12.073] |I| [load_self]: Loading symbols for SELF: ux0:app\PCSB00452\sce_module\libfios2.suprx
[01:53:12.074] |D| [load_var_exports]: 	NID 0x936C8A78 (SYSLYB) at 0x869B0
[01:53:12.074] |D| [load_var_exports]: 	NID 0x6C2224BA (NID_MODULE_INFO) at 0x7E138
[01:53:12.074] |I| [pre_load_module]: Pre-load module SceLibFios2 (at "app\PCSB00452\sce_module\libfios2.suprx") loaded
[01:53:12.078] |C| [load_self]: Unknown segment type 0x6FFFFF01
[01:53:12.078] |I| [load_self]: Loaded module segment 0 @ [0x0008D000 - 0x000A09C4 / 0x81000000] (size: 0x000139C4) of module ux0:app\PCSB00452\sce_module\libult.suprx
[01:53:12.078] |I| [load_self]: Loaded module segment 1 @ [0x000A1000 - 0x000A1814 / 0x81014000] (size: 0x00000814) of module ux0:app\PCSB00452\sce_module\libult.suprx
[01:53:12.079] |I| [load_self]: Loading symbols for SELF: ux0:app\PCSB00452\sce_module\libult.suprx
[01:53:12.079] |D| [load_var_exports]: 	NID 0x936C8A78 (SYSLYB) at 0x9F2F0
[01:53:12.080] |D| [load_var_exports]: 	NID 0x6C2224BA (NID_MODULE_INFO) at 0x9C874
[01:53:12.080] |I| [pre_load_module]: Pre-load module SceUlt (at "app\PCSB00452\sce_module\libult.suprx") loaded
[01:53:12.088] |I| [load_self]: Loaded module segment 0 @ [0x000A2000 - 0x000F2F04 / 0x81000000] (size: 0x00050F04) of module vs0:sys/external/libSceFt2.suprx
[01:53:12.088] |I| [load_self]: Loaded module segment 1 @ [0x000F3000 - 0x000F32F4 / 0x81051000] (size: 0x000002F4) of module vs0:sys/external/libSceFt2.suprx
[01:53:12.088] |I| [load_self]: Loading symbols for SELF: vs0:sys/external/libSceFt2.suprx
[01:53:12.088] |D| [load_var_exports]: 	NID 0x936C8A78 (SYSLYB) at 0xDE7DC
[01:53:12.088] |D| [load_var_exports]: 	NID 0x6C2224BA (NID_MODULE_INFO) at 0xDDF10
[01:53:12.089] |I| [pre_load_module]: Pre-load module SceLibft2 (at "sys/external/libSceFt2.suprx") loaded
[01:53:12.091] |I| [load_self]: Loaded module segment 0 @ [0x000F4000 - 0x00103F14 / 0x81000000] (size: 0x0000FF14) of module vs0:sys/external/libpvf.suprx
[01