[11:37:33.738] |I| [load_app_impl]: cpu-backend: Dynarmic
[11:37:33.739] |I| [load_app_impl]: CPU Optimisation state: true
[11:37:33.739] |I| [load_app_impl]: at9 audio decoder state: true
[11:37:33.740] |I| [load_app_impl]: ngs experimental state: true
[11:37:33.740] |I| [load_app_impl]: video player state: true
[11:37:33.741] |I| [load_app_impl]: lle-modules: libpgf,libSceXml,libsas,liblocation,libhandwriting,libSceJson,librudp
[11:37:33.741] |I| [load_app_impl]: Title: THE LEGEND OF HEROES: TRAILS OF COLD STEEL II
[11:37:33.742] |I| [load_app_impl]: Serial: PCSB01016
[11:37:33.742] |I| [load_app_impl]: Version: 1.00
[11:37:33.742] |I| [load_app_impl]: Category: gd
[11:37:33.801] |C| [load_self]: Unknown segment type 0x6FFFFF01
[11:37:33.801] |I| [load_self]: Loaded module segment 0 @ [0x00007000 - 0x00056BD4 / 0x81000000] (size: 0x0004FBD4) of module ux0:app\PCSB01016\sce_module\libc.suprx
[11:37:33.802] |I| [load_self]: Loaded module segment 1 @ [0x00057000 - 0x00059688 / 0x81050000] (size: 0x00002688) of module ux0:app\PCSB01016\sce_module\libc.suprx
[11:37:33.803] |I| [load_self]: Loading symbols for SELF: ux0:app\PCSB01016\sce_module\libc.suprx
[11:37:33.804] |D| [load_var_exports]: 	NID 0x936C8A78 (SYSLYB) at 0x4C6C4
[11:37:33.804] |D| [load_var_exports]: 	NID 0x6C2224BA (NID_MODULE_INFO) at 0x42488
[11:37:33.805] |W| [load_var_imports]: 	NID NOT FOUND 0x93B8AA67 (UNRECOGNISED) at 0x464A8, setting to stub value 0xDEADBEEF
[11:37:33.806] |W| [load_var_imports]: 	NID NOT FOUND 0xDF084DFA (UNRECOGNISED) at 0x4802C, setting to stub value 0xDEADBEEF
[11:37:33.807] |I| [pre_load_module]: Pre-load module SceLibc (at "app\PCSB01016\sce_module\libc.suprx") loaded
[11:37:33.814] |C| [load_self]: Unknown segment type 0x6FFFFF01
[11:37:33.814] |I| [load_self]: Loaded module segment 0 @ [0x0005C000 - 0x00074CF4 / 0x81000000] (size: 0x00018CF4) of module ux0:app\PCSB01016\sce_module\libface.suprx
[11:37:33.815] |I| [load_self]: Loaded module segment 1 @ [0x00075000 - 0x000750F8 / 0x81019000] (size: 0x000000F8) of module ux0:app\PCSB01016\sce_module\libface.suprx
[11:37:33.816] |I| [load_self]: Loading symbols for SELF: ux0:app\PCSB01016\sce_module\libface.suprx
[11:37:33.816] |D| [load_var_exports]: 	NID 0x6C2224BA (NID_MODULE_INFO) at 0x71AC0
[11:37:33.817] |D| [load_var_exports]: 	NID 0x936C8A78 (SYSLYB) at 0x74478
[11:37:33.817] |I| [pre_load_module]: Pre-load module SceFace (at "app\PCSB01016\sce_module\libface.suprx") loaded
[11:37:33.833] |C| [load_self]: Unknown segment type 0x6FFFFF01
[11:37:33.833] |I| [load_self]: Loaded module segment 0 @ [0x00076000 - 0x000A0AA8 / 0x81000000] (size: 0x0002AAA8) of module ux0:app\PCSB01016\sce_module\libfios2.suprx
[11:37:33.834] |I| [load_self]: Loaded module segment 1 @ [0x000A1000 - 0x000A623D / 0x8102B000] (size: 0x0000523D) of module ux0:app\PCSB01016\sce_module\libfios2.suprx
[11:37:33.836] |I| [load_self]: Loading symbols for SELF: ux0:app\PCSB01016\sce_module\libfios2.suprx
[11:37:33.836] |D| [load_var_exports]: 	NID 0x936C8A78 (SYSLYB) at 0xA09B0
[11:37:33.837] |D| [load_var_exports]: 	NID 0x6C2224BA (NID_MODULE_INFO) at 0x98138
[11:37:33.837] |I| [pre_load_module]: Pre-load module SceLibFios2 (at "app\PCSB01016\sce_module\libfios2.suprx") loaded
[11:37:33.886] |C| [load_self]: Unknown segment type 0x6FFFFF01
[11:37:33.886] |I| [load_self]: Loaded module segment 0 @ [0x000A7000 - 0x002AC054 / 0x81000000] (size: 0x00205054) of module ux0:app\PCSB01016\sce_module\libsmart.suprx
[11:37:33.888] |I| [load_self]: Loaded module segment 1 @ [0x002AD000 - 0x002B05C4 / 0x81206000] (size: 0x000035C4) of module ux0:app\PCSB01016\sce_module\libsmart.suprx
[11:37:33.888] |I| [load_self]: Loading symbols for SELF: ux0:app\PCSB01016\sce_module\libsmart.suprx
[11:37:33.889] |D| [load_var_exports]: 	NID 0x6C2224BA (NID_MODULE_INFO) at 0x14A6AC
[11:37:33.889] |D| [load_var_exports]: 	NID 0x936C8A78 (SYSLYB) at 0x151308
[11:37:33.890] |I| [pre_load_module]: Pre-load module SceSmart (at "app\PCSB01016\sce_module\libsmart.suprx") loaded
[11:37:33.898] |C| [load_self]: Unknown segment type 0x6FFFFF01
[11:37:33.899] |I| [load_self]: Loaded module segment 0 @ [0x002B1000 - 0x002C49A4 / 0x81000000] (size: 0x000139A4) of module ux0:app\PCSB01016\sce_module\libult.suprx
[11:37:33.899] |I| [load_self]: Loaded module segment 1 @ [0x002C5000 - 0x002C5814 / 0x81014000] (size: 0x00000814) of module ux0:app\PCSB01016\sce_module\libult.suprx
[11:37:33.900] |I| [load_self]: Loading symbols for SELF: ux0:app\PCSB01016\sce_module\libult.suprx
[11:37:33.901] |D| [load_var_exports]: 	NID 0x936C8A78 (SYSLYB) at 0x2C32D0
[11:37:33.901] |D| [load_var_exports]: 	NID 0x6C2224BA (NID_MODULE_INFO) at 0x2C0858
[11:37:33.901] |I| [pre_load_module]: Pre-load module SceUlt (at "app\PCSB01016\sce_module\libult.suprx") loaded
[11:37:33.910] |I| [load_self]: Loaded module segment 0 @ [0x002C6000 - 0x00316F04 / 0x81000000] (size: 0x00050F04) of module vs0:sys/external/libSceFt2.suprx
[11:37:33.911] |I| [load_self]: Loaded module segment 1 @ [0x00317000 - 0x003172F4 / 0x81051000] (size: 0x000002F4) of module vs0:sys/external/libSceFt2.suprx
[11:37:33.911] |I| [load_self]: Loading symbols for SELF: vs0:sys/external/libSceFt2.suprx
[11:37:33.912] |D| [load_var_exports]: 	NID 0x936C8A78 (SYSLYB) at 0x3027DC
[11:37:33.912] |D| [load_var_exports]: 	NID 0x6C2224BA (NID_MODULE_INFO) at 0x301F10
[11:37:33.913] |I| [pre_load_module]: Pre-load module SceLibft2 (at "sys/external/libSceFt2.suprx") loaded
[11:37:33.915] |I| [load_self]: Loaded module segment 0 @ [0x00318000 - 0x00327F14 / 0x81000000] (size: 0x0000FF14) of module vs0:sys/external/libpvf.suprx
[11:37:33.916] |I| [load_self]: Loaded module segment 1 @ [0x00328000 - 0x00328008 / 0x81010000] (size: 0x00000008) of module vs0:sys/external/libpvf.suprx
[11:37:33.917] |I| [load_self]: Loading symbols for SELF: vs0:sys/external/libpvf.suprx
[11:37:33.917] |D| [load_var_exports]: 	NID 0x936C8A78 (SYSLYB) at 0x326710
[11:37:33.918] |D| [load_var_exports]: 	NID 0x6C2224BA (NID_MODULE_INFO) at 0x326300
[11:37:33.918] |I| [pre_load_module]: Pre-load module SceLibPvf (at "sys/external/libpvf.suprx") loaded
[11:37:34.071] |C| [load_self]: Unknown segment type 0x6FFFFF01
[11:37:34.071] |I| [load_self]: Loaded module segment 0 @ [0x00329000 - 0x007FAD04 / 0x81000000] (size: 0x004D1D04) of module app0:eboot.bin
[11:37:34.072] |I| [load_self]: Loaded module segment 1 @ [0x007FB000 - 0x00FD95F4 / 0x814D2000] (size: 0x007DE5F4) of module app0:eboot.bin
[11:37:34.073] |I| [load_self]: Loading symbols for SELF: app0:eboot.bin
[11:37:34.073] |D| [load_var_exports]: 	NID 0x6C2224BA (NID_MODULE_INFO) at 0x7802AC
[11:37:34.073] |D| [load_var_exports]: 	NID 0x70FBA1E7 (SCE_PROC_PARAMS) at 0x7FDDFC
[11:37:34.074] |D| [load_var_exports]: 	NID 0x936C8A78 (SYSLYB) at 0x7B34A8
[11:37:34.074] |I| [load_app_impl]: Main executable ed8_ps3_PSP2Package_EU (eboot.bin) loaded
[11:37:34.083] |D| [run_app]: Running module_start of library: SceLibc at address 0x7805
[11:37:34.103] |I| [run_app]: Module SceLibc (at "ux0:app\PCSB01016\sce_module\libc.suprx") module_start returned 0x0
[11:37:34.108] |D| [run_app]: Running module_start of library: SceFace at address 0x70FC5
[11:37:34.118] |I| [run_app]: Module SceFace (at "ux0:app\PCSB01016\sce_module\libface.suprx") module_start returned 0x0
[11:37:34.122] |D| [run_app]: Running module_start of library: SceLibFios2 at address 0x76001
[11:37:34.131] |W| [stubbed_impl]: Stubbed sceKernelGetProcessId import called. (pid: 0)
[11:37:34.132] |D| [export_sceFiosOverlayGetList02]: maxIDs: 127
[11:37:34.132] |W| [unimplemented_impl]: Unimplemented sceFiosOverlayGetList02 import called.
[11:37:34.132] |I| [run_app]: Module SceLibFios2 (at "ux0:app\PCSB01016\sce_module\libfios2.suprx") module_start returned 0x0
[11:37:34.137] |D| [run_app]: Running module_start of library: SceSmart at address 0xA717D
[11:37:34.148] |I| [run_app]: Module SceSmart (at "ux0:app\PCSB01016\sce_module\libsmart.suprx") module_start returned 0x0
[11:37:34.153] |D| [run_app]: Running module_start of library: SceUlt at address 0x2B4769
[11:37:34.161] |W| [unimplemented_impl]: Unimplemented _sceUlobjMgrRegisterLibultProtocolRevision import called.
[11:37:34.162] |I| [run_app]: Module SceUlt (at "ux0:app\PCSB01016\sce_module\libult.suprx") module_start returned 0x0
[11:37:34.169] |W| [unimplemented_impl]: Unimplemented sceKernelRegisterThreadEventHandler import called.
[11:37:34.181] |W| [stubbed_impl]: Stubbed sceKernelGetFreeMemorySize import called. (Single pool)
[11:37:35.660] |W| [stubbed_impl]: Stubbed sceGxmMapMemory import called. (always return success)
[11:37:35.663] |W| [stubbed_impl]: Stubbed sceGxmMapFragmentUsseMemory import called. (always return success)
[11:37:35.687] |W| [stubbed_impl]: Stubbed sceGxmGetRenderTargetMemSize import called. (2MB host mem)
[11:37:35.799] |W| [unimplemented_impl]: Unimplemented sceGxmDepthStencilSurfaceSetForceStoreMode import called.
[11:37:35.799] |W| [unimplemented_impl]: Unimplemented sceAppUtilInit import called.
[11:37:36.123] |W| [unimplemented_impl]: Unimplemented sceKernelGetThreadCurrentPriority import called.
[11:37:36.124] |W| [stubbed_impl]: Stubbed sceKernelGetThreadCpuAffinityMask2 import called. (STUB)
[11:37:36.250] |W| [stubbed_impl]: Stubbed sceGxmMapVertexUsseMemory import called. (always return success)
[11:37:36.307] |D| [export_sceTouchEnableTouchForce]: port: 0, state: 1
[11:37:36.307] |D| [export_sceTouchEnableTouchForce]: port: 1, state: 1
[11:37:36.307] |W| [unimplemented_impl]: Unimplemented sceSystemGestureInitializePrimitiveTouchRecognizer import called.
[11:37:36.309] |W| [unimplemented_impl]: Unimplemented sceSystemGestureCreateTouchRecognizer import called.
[11:37:36.310] |W| [unimplemented_impl]: Unimplemented sceMotionSetDeadband import called.
[11:37:36.310] |W| [unimplemented_impl]: Unimplemented sceMotionSetTiltCorrection import called.
[11:37:36.311] |W| [unimplemented_impl]: Unimplemented sceMotionReset import called.
[11:37:36.311] |W| [unimplemented_impl]: Unimplemented sceMotionStartSampling import called.
[11:37:36.328] |W| [unimplemented_impl]: Unimplemented sceKernelChangeThreadVfpException import called.
[11:37:36.328] |W| [unimplemented_impl]: Unimplemented sceFiosOverlayThreadSetDisabled02 import called.
[11:37:36.352] |W| [stubbed_impl]: Stubbed sceFiosOverlayResolveWithRangeSync02 import called. (Using strncpy)
[11:37:36.397] |W| [unimplemented_impl]: Unimplemented sceNgsSystemSetFlags import called.
[11:37:36.398] |D| [export_sceNgsVoiceInit]: flags: 7
[11:37:36.399] |D| [export_sceNgsVoiceInit]: flags: 7
[11:37:36.399] |D| [export_sceNgsVoiceInit]: flags: 7
[11:37:36.400] |D| [export_sceNgsVoiceInit]: flags: 7
[11:37:36.400] |D| [export_sceNgsVoiceInit]: flags: 7
[11:37:36.400] |D| [export_sceNgsVoiceInit]: flags: 7
[11:37:36.401] |D| [export_sceNgsVoiceInit]: flags: 7
[11:37:36.401] |D| [export_sceNgsVoiceInit]: flags: 7
[11:37:36.402] |D| [export_sceNgsVoiceInit]: flags: 7
[11:37:36.402] |D| [export_sceNgsVoiceInit]: flags: 7
[11:37:36.402] |D| [export_sceNgsVoiceInit]: flags: 7
[11:37:36.403] |D| [export_sceNgsVoiceInit]: flags: 7
[11:37:36.403] |D| [export_sceNgsVoiceInit]: flags: 7
[11:37:36.404] |D| [export_sceNgsVoiceInit]: flags: 7
[11:37:36.405] |D| [export_sceNgsVoiceInit]: flags: 7
[11:37:36.406] |D| [export_sceNgsVoiceInit]: flags: 7
[11:37:36.406] |D| [export_sceNgsVoiceInit]: flags: 7
[11:37:36.406] |D| [export_sceNgsVoiceInit]: flags: 7
[11:37:36.407] |D| [export_sceNgsVoiceInit]: flags: 7
[11:37:36.407] |D| [export_sceNgsVoiceInit]: flags: 7
[11:37:36.408] |D| [export_sceNgsVoiceInit]: flags: 7
[11:37:36.408] |D| [export_sceNgsVoiceInit]: flags: 7
[11:37:36.408] |D| [export_sceNgsVoiceInit]: flags: 7
[11:37:36.409] |D| [export_sceNgsVoiceInit]: flags: 7
[11:37:36.409] |D| [export_sceNgsVoiceInit]: flags: 7
[11:37:36.410] |D| [export_sceNgsVoiceInit]: flags: 7
[11:37:36.411] |D| [export_sceNgsVoiceInit]: flags: 7
[11:37:36.411] |D| [export_sceNgsVoiceInit]: flags: 7
[11:37:36.414] |D| [export_sceNgsVoiceInit]: flags: 7
[11:37:36.415] |D| [export_sceNgsVoiceInit]: flags: 7
[11:37:36.415] |D| [export_