[07:01:52.474] |I| [load_app_impl]: cpu-backend: Dynarmic
[07:01:52.474] |I| [load_app_impl]: CPU Optimisation state: true
[07:01:52.474] |I| [load_app_impl]: at9 audio decoder state: true
[07:01:52.474] |I| [load_app_impl]: ngs experimental state: true
[07:01:52.474] |I| [load_app_impl]: video player state: true
[07:01:52.474] |I| [load_app_impl]: lle-modules: libSceJson,liblocation,libSceXml,libpgf,libvoice,librudp,libSceSqlite,libvoiceqos,libsas
[07:01:52.475] |I| [load_app_impl]: Title: SunFlowers
[07:01:52.475] |I| [load_app_impl]: Serial: PCSB00107
[07:01:52.475] |I| [load_app_impl]: Version: 1.00
[07:01:52.475] |I| [load_app_impl]: Category: gd
[07:01:52.519] |C| [load_self]: Unknown segment type 0x6FFFFF01
[07:01:52.520] |I| [load_self]: Loaded module segment 0 @ [0x00007000 - 0x000437DC / 0x81000000] (size: 0x0003C7DC) of module ux0:app\PCSB00107\sce_module\libc.suprx
[07:01:52.520] |I| [load_self]: Loaded module segment 1 @ [0x00044000 - 0x00046374 / 0x8103D000] (size: 0x00002374) of module ux0:app\PCSB00107\sce_module\libc.suprx
[07:01:52.520] |I| [load_self]: Loading symbols for SELF: ux0:app\PCSB00107\sce_module\libc.suprx
[07:01:52.520] |D| [load_var_exports]: 	NID 0x6C2224BA (NID_MODULE_INFO) at 0x35220
[07:01:52.520] |W| [load_var_imports]: 	NID NOT FOUND 0xDF084DFA (UNRECOGNISED) at 0x389F0, setting to stub value 0xDEADBEEF
[07:01:52.520] |I| [pre_load_module]: Pre-load module SceLibc (at "app\PCSB00107\sce_module\libc.suprx") loaded
[07:01:52.526] |C| [load_self]: Unknown segment type 0x6FFFFF01
[07:01:52.526] |I| [load_self]: Loaded module segment 0 @ [0x00048000 - 0x0006A1B0 / 0x81000000] (size: 0x000221B0) of module ux0:app\PCSB00107\sce_module\libfios2.suprx
[07:01:52.526] |I| [load_self]: Loaded module segment 1 @ [0x0006B000 - 0x000701B8 / 0x81023000] (size: 0x000051B8) of module ux0:app\PCSB00107\sce_module\libfios2.suprx
[07:01:52.526] |I| [load_self]: Loading symbols for SELF: ux0:app\PCSB00107\sce_module\libfios2.suprx
[07:01:52.526] |D| [load_var_exports]: 	NID 0x6C2224BA (NID_MODULE_INFO) at 0x63CB0
[07:01:52.526] |I| [pre_load_module]: Pre-load module SceLibFios2 (at "app\PCSB00107\sce_module\libfios2.suprx") loaded
[07:01:52.530] |C| [load_self]: Unknown segment type 0x6FFFFF01
[07:01:52.530] |I| [load_self]: Loaded module segment 0 @ [0x00071000 - 0x0008506C / 0x81000000] (size: 0x0001406C) of module ux0:app\PCSB00107\sce_module\libult.suprx
[07:01:52.530] |I| [load_self]: Loaded module segment 1 @ [0x00086000 - 0x00086814 / 0x81015000] (size: 0x00000814) of module ux0:app\PCSB00107\sce_module\libult.suprx
[07:01:52.530] |I| [load_self]: Loading symbols for SELF: ux0:app\PCSB00107\sce_module\libult.suprx
[07:01:52.530] |D| [load_var_exports]: 	NID 0x6C2224BA (NID_MODULE_INFO) at 0x81B68
[07:01:52.530] |I| [pre_load_module]: Pre-load module SceUlt (at "app\PCSB00107\sce_module\libult.suprx") loaded
[07:01:52.537] |I| [load_self]: Loaded module segment 0 @ [0x00087000 - 0x000D7F04 / 0x81000000] (size: 0x00050F04) of module vs0:sys/external/libSceFt2.suprx
[07:01:52.537] |I| [load_self]: Loaded module segment 1 @ [0x000D8000 - 0x000D82F4 / 0x81051000] (size: 0x000002F4) of module vs0:sys/external/libSceFt2.suprx
[07:01:52.537] |I| [load_self]: Loading symbols for SELF: vs0:sys/external/libSceFt2.suprx
[07:01:52.537] |D| [load_var_exports]: 	NID 0x936C8A78 (SYSLYB) at 0xC37DC
[07:01:52.537] |D| [load_var_exports]: 	NID 0x6C2224BA (NID_MODULE_INFO) at 0xC2F10
[07:01:52.537] |W| [load_var_imports]: 	NID NOT FOUND 0x93B8AA67 (UNRECOGNISED) at 0xD7EE0, setting to stub value 0xDEADBEEF
[07:01:52.538] |I| [pre_load_module]: Pre-load module SceLibft2 (at "sys/external/libSceFt2.suprx") loaded
[07:01:52.539] |I| [load_self]: Loaded module segment 0 @ [0x000DA000 - 0x000E9F14 / 0x81000000] (size: 0x0000FF14) of module vs0:sys/external/libpvf.suprx
[07:01:52.539] |I| [load_self]: Loaded module segment 1 @ [0x000EA000 - 0x000EA008 / 0x81010000] (size: 0x00000008) of module vs0:sys/external/libpvf.suprx
[07:01:52.539] |I| [load_self]: Loading symbols for SELF: vs0:sys/external/libpvf.suprx
[07:01:52.540] |D| [load_var_exports]: 	NID 0x936C8A78 (SYSLYB) at 0xE8710
[07:01:52.540] |D| [load_var_exports]: 	NID 0x6C2224BA (NID_MODULE_INFO) at 0xE8300
[07:01:52.540] |I| [pre_load_module]: Pre-load module SceLibPvf (at "sys/external/libpvf.suprx") loaded
[07:01:52.553] |C| [load_self]: Unknown segment type 0x6FFFFF01
[07:01:52.553] |I| [load_self]: Loaded module segment 0 @ [0x81000000 - 0x8109B364 / 0x81000000] (size: 0x0009B364) of module app0:eboot.bin
[07:01:52.553] |I| [load_self]: Loaded module segment 1 @ [0x8109C000 - 0x81110FFC / 0x8109C000] (size: 0x00074FFC) of module app0:eboot.bin
[07:01:52.553] |I| [load_self]: Loading symbols for SELF: app0:eboot.bin
[07:01:52.554] |D| [load_var_exports]: 	NID 0x6C2224BA (NID_MODULE_INFO) at 0x81087984
[07:01:52.554] |D| [load_var_exports]: 	NID 0x70FBA1E7 (SCE_PROC_PARAMS) at 0x8109CDB8
[07:01:52.554] |I| [load_app_impl]: Main executable SunFlower (eboot.bin) loaded
[07:01:52.561] |D| [run_app]: Running module_start of library: SceLibc at address 0x75E5
[07:01:52.601] |I| [export_sceIoOpen]: Opening file: tty0:
[07:01:52.601] |I| [export_sceIoOpen]: Opening file: tty0:
[07:01:52.601] |I| [export_sceIoOpen]: Opening file: tty1:
[07:01:52.607] |I| [run_app]: Module SceLibc (at "ux0:app\PCSB00107\sce_module\libc.suprx") module_start returned 0x0
[07:01:52.610] |D| [run_app]: Running module_start of library: SceLibFios2 at address 0x48001
[07:01:52.618] |W| [stubbed_impl]: Stubbed sceKernelGetProcessId import called. (pid: 0)
[07:01:52.619] |W| [stubbed_impl]: Stubbed _sceFiosKernelOverlayGetList import called. (Set pActualIDs to 0)
[07:01:52.619] |D| [export__sceFiosKernelOverlayGetList]: pid: 0
[07:01:52.619] |D| [export__sceFiosKernelOverlayGetList]: buffer_size: 0
[07:01:52.619] |D| [export__sceFiosKernelOverlayGetList]: maxIDs: 0
[07:01:52.619] |D| [export__sceFiosKernelOverlayGetList]: pActualIDs: 0
[07:01:52.619] |I| [run_app]: Module SceLibFios2 (at "ux0:app\PCSB00107\sce_module\libfios2.suprx") module_start returned 0x0
[07:01:52.623] |D| [run_app]: Running module_start of library: SceUlt at address 0x74B71
[07:01:52.630] |I| [run_app]: Module SceUlt (at "ux0:app\PCSB00107\sce_module\libult.suprx") module_start returned 0x0
[07:01:52.657] |W| [stubbed_impl]: Stubbed sceGxmMapMemory import called. (always return success)
[07:01:52.659] |W| [stubbed_impl]: Stubbed sceGxmMapFragmentUsseMemory import called. (always return success)
[07:01:52.715] |W| [stubbed_impl]: Stubbed sceGxmMapVertexUsseMemory import called. (always return success)
[07:01:52.757] |I| [export_sceIoOpen]: Opening file: app0:DATA/KEYMAP
[07:01:52.809] |W| [unimplemented_impl]: Unimplemented sceKernelChangeThreadVfpException import called.
[07:01:52.809] |W| [unimplemented_impl]: Unimplemented _sceFiosKernelOverlayThreadSetDisabled import called.
[07:01:52.810] |W| [stubbed_impl]: Stubbed sceKernelWaitLwCondCB import called. (no CB)
[07:01:52.827] |W| [ngs::create_voice_definition]: Missing voice definition for Buss Type 15, using passthrough.
[07:01:52.828] |W| [ngs::create_voice_definition]: Missing voice definition for Buss Type 16, using passthrough.
[07:01:52.836] |W| [unimplemented_impl]: Unimplemented sceNgsSystemSetFlags import called.
[07:01:52.836] |W| [ngs::create_voice_definition]: Missing voice definition for Buss Type 1, using passthrough.
[07:01:52.839] |W| [ngs::create_voice_definition]: Missing voice definition for Buss Type 10, using passthrough.
[07:01:52.840] |D| [export_sceNgsVoicePlay]: sceNgsVoicePlay: 1
[07:01:52.843] |W| [unimplemented_impl]: Unimplemented sceNgsVoiceSetFinishedCallback import called.
[07:01:52.843] |W| [unimplemented_impl]: Unimplemented sceNgsVoiceBypassModule import called.
[07:01:52.848] |D| [export_sceNgsVoicePlay]: sceNgsVoicePlay: 1
[07:01:52.848] |D| [export_sceNgsVoicePlay]: sceNgsVoicePlay: 1
[07:01:52.878] |E| [logging::ret_error_impl]: sceKernelWaitLwCond returned SCE_KERNEL_ERROR_WAIT_TIMEOUT (0x80028005)
[07:01:52.884] |W| [unimplemented_impl]: Unimplemented _sceFiosKernelOverlayGetRecommendedScheduler import called.
[07:01:52.888] |I| [export_sceIoOpen]: Opening file: app0:/stream/Classic/01_Spring.at9
[07:01:52.921] |I| [export_sceIoOpen]: Opening file: app0:/stream/Classic/02_Summer.at9
[07:01:52.933] |I| [export_sceIoOpen]: Opening file: app0:/stream/Classic/03_Autumn.at9
[07:01:52.939] |I| [export_sceIoOpen]: Opening file: app0:/stream/Classic/04_Winter.at9
[07:01:52.956] |I| [export_sceIoOpen]: Opening file: app0:/stream/Classic/05_BonusStage.at9
[07:01:52.958] |I| [export_sceIoOpen]: Opening file: app0:/stream/Classic/06_GameOver.at9
[07:01:52.967] |I| [export_sceIoOpen]: Opening file: app0:/stream/Classic/07_MyGarden.at9
[07:01:52.968] |I| [export_sceIoOpen]: Opening file: app0:/stream/MainMenu/MainMenu.at9
[07:01:52.971] |I| [export_sceIoOpen]: Opening file: app0:/stream/Tropical/01_Spring.at9
[07:01:52.983] |I| [export_sceIoOpen]: Opening file: app0:/stream/Tropical/02_Summer.at9
[07:01:52.987] |I| [export_sceIoOpen]: Opening file: app0:/stream/Tropical/03_Autumn.at9
[07:01:52.992] |I| [export_sceIoOpen]: Opening file: app0:/stream/Tropical/04_Winter.at9
[07:01:53.036] |I| [export_sceIoOpen]: Opening file: app0:/stream/Tropical/05_BonusStage.at9
[07:01:53.039] |I| [export_sceIoOpen]: Opening file: app0:/stream/Tropical/06_GameOver.at9
[07:01:53.041] |I| [export_sceIoOpen]: Opening file: app0:/stream/Tropical/07_MyGarden.at9
[07:01:53.042] |W| [unimplemented_impl]: Unimplemented sceAppMgrAcquireBgmPort import called.
[07:01:53.042] |W| [unimplemented_impl]: Unimplemented sceMotionStartSampling import called.
[07:01:53.043] |W| [unimplemented_impl]: Unimplemented sceMotionMagnetometerOff import called.
[07:01:53.043] |W| [unimplemented_impl]: Unimplemented sceMotionSetTiltCorrection import called.
[07:01:53.071] |W| [unimplemented_impl]: Unimplemented sceNetCtlInit import called.
[07:01:53.071] |W| [stubbed_impl]: Stubbed sceNetCtlInetGetState import called. (state = SCE_NETCTL_STATE_DISCONNECTED)
[07:01:53.072] |W| [unimplemented_impl]: Unimplemented sceHttpInit import called.
[07:01:53.072] |W| [unimplemented_impl]: Unimplemented sceSslInit import called.
[07:01:53.073] |W| [unimplemented_impl]: Unimplemented sceNpBasicInit import called.
[07:01:53.079] |W| [unimplemented_impl]: Unimplemented sceNearInitialize import called.
[07:01:53.081] |W| [unimplemented_impl]: Unimplemented sceAppUtilInit import called.
[07:01:53.094] |W| [unimplemented_impl]: Unimplemented sceMotionGetState import called.
[07:01:53.094] |W| [stubbed_impl]: Stubbed __sceAppMgrGetAppState import called. (Set to 0.)
[07:01:53.097] |I| [export_sceIoOpen]: Opening file: app0:DATA/MMT
[07:01:53.107] |W| [stubbed_impl]: Stubbed sceNetCtlCheckCallback import called. (Stub)
[07:01:53.108] |W| [stubbed_impl]: Stubbed sceNpCheckCallback import called. (Stub)
[07:01:53.136] |I| [export_sceIoOpen]: Opening file: app0:DATA/MMT
[07:01:53.215] |I| [export_sceIoOpen]: Opening file: app0:DATA/MMT
[07:01:53.259] |I| [export_sceIoOpen]: Opening file: app0:DATA/MMT
[07:01:53.432] |E| [logging::ret_error_impl]: sceGxmEndScene returned SCE_GXM_ERROR_WITHIN_SCENE (0x805B0007)
[07:01:53.433] |W| [unimplemented_impl]: Unimplemented sceCommonDialogUpdate import called.
[07:01:53.445] |W| [stubbed_impl]: Stubbed sceDisplayWaitVblankStart import called. (wait for vblank)
[07:01:53.463] |I| [export_sceIoOpen]: Opening file: app0:DATA/MMO
[07:01:53.489] |I| [export_sceIoOpen]: Opening file: app0:DATA/MMO
[07:01:53.491] |I| [export_sceIoOpen]: Opening file: app0:DATA/FR
[07:01:53.546] |I| [renderer::gl::load_shader_generic]: Generating frag shader a77f1cbd2146fe8da848522234577d13fbae98734c67f54851ebaa226a2c6f7c
[07:01:53.548] |D| [shader::create_fragment_inputs]: Iterator: pa0 = (float4) v_Color0
[07:01:53.565] |I| [renderer::gl::load_shader_generic]: Generating vert shader 717759d4af9acc9b4bc1681092d3c30b5755995fb4edb787e4ee87214671a6eb
[07:01:53.566] |D| [shader::create_parameters]: [BUFFER0  + 0] pa0 = (float4) aPosition
[07:01:53.568] |D| [shader::create_parameters]: [BUFFER0  + 4] pa4 = (float4) aColor
[07:01:53.568] |D| [shader::create_parameters]: [BUFFER0  + 8] pa8 = (float4) aTexCoord
[07:01:53.568] |D| [shader::create_parameters]: [DEFAULT  + 0] sa0 = (float4) mProjection[4]
[07:01:53.577] |E| [logging::ret_error_impl]: sceKernelTryLockLwMutex returned SCE_KERNEL_ERROR_LW_MUTEX_FAILED_TO_OWN (0x80028185)
[07:01:53.595] |E| [renderer::gl::compile_program]: Vertex info
-----------
0(25) : warning C7050: "internals[0].w" might be used before being initialized


[07:01:54.679] |I| [export_sceIoOpen]: Opening file: app0:DATA/MMO
[07:01:54.732] |I| [export_sceIoOpen]: Opening file: app0:DATA/SFX
[07:01:54.794] |I| [export_sceIoOpen]: Opening file: app0:DATA/MMT
[07:01:54.996] |I| [export_sceIoOpen]: Opening file: app0:DATA/MMT
[07:01:55.250] |I| [export_sceIoOpen]: Opening file: app0:DATA/MMT
[07:01:55.399] |I| [export_sceIoOpen]: Opening file: app0:DATA/MMT
[07:01:55.620] |I| [export_sceIoOpen]: Opening file: app0:DATA/MMT
[07:01:55.875] |I| [export_sceIoOpen]: Opening file: app0:DATA/MMT
[07:01:55.965] |I| [export_sceIoOpen]: Opening file: app0:DATA/MMT
[07:01:56.053] |I| [export_sceIoOpen]: Opening file: app0:DATA/MMT
[07:01:56.098] |I| [export_sceIoOpen]: Opening file: app0:DATA/MMT
[07:01:56.322] |I| [export_sceIoOpen]: Opening file: app0:DATA/MMT
[07:01:56.411] |I| [export_sceIoOpen]: Opening file: app0:DATA/MMT
[07:01:56.453] |I| [export_sceIoOpen]: Opening file: app0:DATA/MMT
[07:01:56.673] |I| [export_sceIoOpen]: Opening file: app0:DATA/MMT
[07:01:56.888] |I| [export_sceIoOpen]: Opening file: app0:DATA/MO
[07:01:56.903] |I| [export_sceIoOpen]: Opening file: app0:DATA/MENUS
[07:01:56.950] |I| [export_sceIoOpen]: Opening file: app0:DATA/DIFFICULTY
[07:01:56.964] |I| [export_sceIoOpen]: Opening file: app0:DATA/DIFFICULTYT
[07:01:56.970] |W| [unimplemented_impl]: Unimplemented sceLiveAreaUpdateFrameSync import called.
[07:01:57.018] |W| [unimplemented_impl]: Unimplemented sceNearRefresh import called.
[07:01:57.020] |I| [export_sceIoOpen]: Opening file: savedata0:/data.bin
[07:01:57.020] |E| [open_file]: Missing file at D:/Emulateurs/Vita3K/mc/ux0/user/00/savedata/PCSB00107/data.bin (target path: savedata0:/data.bin)
[07:01:57.020] |W| [io_error_impl]: open_file (sceIoOpen) returned 0x80010002
[07:01:58.546] |E| [open_file]: Missing file at D:/Emulateurs/Vita3K/mc/ux0/user/00/savedata/PCSB00107/SlotParam_0.bin (target path: savedata0:/SlotParam_0.bin)
[07:01:58.547] |W| [io_error_impl]: open_file (sceAppUtilSaveDataSlotGetParam) returned 0x80010002
[07:01:58.547] |E| [logging::ret_error_impl]: sceAppUtilSaveDataSlotGetParam returned SCE_APPUTIL_ERROR_SAVEDATA_SLOT_NOT_FOUND (0x80100641)
[07:01:58.574] |I| [export_sceIoOpen]: Opening file: app0:/stream/MainMenu/MainMenu.at9
[07:01:58.601] |D| [export_sceNgsVoiceInit]: flags: 0
[07:01:58.611] |D| [export_sceNgsVoicePlay]: sceNgsVoicePlay: 1
[07:01:58.611] |W| [unimplemented_impl]: Unimplemented sceNgsVoiceSetParamsBlock import called.
[07:02:00.062] |W| [unimplemented_impl]: Unimplemented sceNearGetDiscoveredGifts import called.
[07:02:12.060] |D| [export_sceNgsVoiceInit]: flags: 0
[07:02:12.064] |D| [export_sceNgsVoicePlay]: sceNgsVoicePlay: 1
[07:02:13.950] |W| [unimplemented_impl]: Unimplemented sceGxmColorSurfaceSetClip import called.
[07:02:20.611] |E| [discordrpc::update_presence::<lambda_23ff884bf2cdb1bde950cb16a82f908e>::operator ()]: Error updating discord rich presence, err_code: 43
[07:02:20.612] |E| [discordrpc::update_presence::<lambda_23ff884bf2cdb1bde950cb16a82f908e>::operator ()]: Error updating discord rich presence, err_code: 43
