[07:56:41.381] |I| [load_app_impl]: cpu-backend: Dynarmic
[07:56:41.382] |I| [load_app_impl]: CPU Optimisation state: true
[07:56:41.382] |I| [load_app_impl]: at9 audio decoder state: true
[07:56:41.382] |I| [load_app_impl]: ngs experimental state: false
[07:56:41.382] |I| [load_app_impl]: video player state: true
[07:56:41.382] |I| [load_app_impl]: modules mode: Automatic
[07:56:41.382] |I| [load_app_impl]: Title: F1 2011
[07:56:41.382] |I| [load_app_impl]: Serial: PCSB00027
[07:56:41.382] |I| [load_app_impl]: Version: 1.00
[07:56:41.382] |I| [load_app_impl]: Category: gd
[07:56:41.470] |C| [load_self]: Unknown segment type 0x6FFFFF01
[07:56:41.470] |I| [load_self]: Loaded module segment 0 @ [0x00007000 - 0x00042F34 / 0x81000000] (size: 0x0003BF34) of module app0:sce_module/libc.suprx
[07:56:41.470] |I| [load_self]: Loaded module segment 1 @ [0x00043000 - 0x0004533C / 0x8103C000] (size: 0x0000233C) of module app0:sce_module/libc.suprx
[07:56:41.471] |I| [load_self]: Loading symbols for SELF: app0:sce_module/libc.suprx
[07:56:41.472] |D| [load_var_exports]: 	NID 0x6C2224BA (NID_MODULE_INFO) at 0x34A70
[07:56:41.472] |W| [load_var_imports]: 	NID NOT FOUND 0xDF084DFA (UNRECOGNISED) at 0x38220, setting to stub value 0xDEADBEEF
[07:56:41.473] |I| [pre_load_module]: Pre-load module SceLibc (at "sce_module/libc.suprx") loaded
[07:56:41.481] |C| [load_self]: Unknown segment type 0x6FFFFF01
[07:56:41.482] |I| [load_self]: Loaded module segment 0 @ [0x00047000 - 0x00067398 / 0x81000000] (size: 0x00020398) of module app0:sce_module/libfios2.suprx
[07:56:41.484] |I| [load_self]: Loaded module segment 1 @ [0x00068000 - 0x0006D1AC / 0x81021000] (size: 0x000051AC) of module app0:sce_module/libfios2.suprx
[07:56:41.485] |I| [load_self]: Loading symbols for SELF: app0:sce_module/libfios2.suprx
[07:56:41.485] |D| [load_var_exports]: 	NID 0x6C2224BA (NID_MODULE_INFO) at 0x6135C
[07:56:41.486] |I| [pre_load_module]: Pre-load module SceLibFios2 (at "sce_module/libfios2.suprx") loaded
[07:56:41.502] |C| [load_self]: Unknown segment type 0x6FFFFF01
[07:56:41.502] |I| [load_self]: Loaded module segment 0 @ [0x0006E000 - 0x0008268C / 0x81000000] (size: 0x0001468C) of module app0:sce_module/libult.suprx
[07:56:41.504] |I| [load_self]: Loaded module segment 1 @ [0x00083000 - 0x00083810 / 0x81015000] (size: 0x00000810) of module app0:sce_module/libult.suprx
[07:56:41.505] |I| [load_self]: Loading symbols for SELF: app0:sce_module/libult.suprx
[07:56:41.505] |D| [load_var_exports]: 	NID 0x6C2224BA (NID_MODULE_INFO) at 0x7F370
[07:56:41.506] |I| [pre_load_module]: Pre-load module SceUlt (at "sce_module/libult.suprx") loaded
[07:56:41.514] |I| [load_self]: Loaded module segment 0 @ [0x00084000 - 0x000D4F04 / 0x81000000] (size: 0x00050F04) of module vs0:sys/external/libSceFt2.suprx
[07:56:41.515] |I| [load_self]: Loaded module segment 1 @ [0x000D5000 - 0x000D52F4 / 0x81051000] (size: 0x000002F4) of module vs0:sys/external/libSceFt2.suprx
[07:56:41.516] |I| [load_self]: Loading symbols for SELF: vs0:sys/external/libSceFt2.suprx
[07:56:41.516] |D| [load_var_exports]: 	NID 0x936C8A78 (SYSLYB) at 0xC07DC
[07:56:41.518] |D| [load_var_exports]: 	NID 0x6C2224BA (NID_MODULE_INFO) at 0xBFF10
[07:56:41.519] |W| [load_var_imports]: 	NID NOT FOUND 0x93B8AA67 (UNRECOGNISED) at 0xD4EE0, setting to stub value 0xDEADBEEF
[07:56:41.520] |I| [pre_load_module]: Pre-load module SceLibft2 (at "sys/external/libSceFt2.suprx") loaded
[07:56:41.523] |I| [load_self]: Loaded module segment 0 @ [0x000D7000 - 0x000E6F14 / 0x81000000] (size: 0x0000FF14) of module vs0:sys/external/libpvf.suprx
[07:56:41.523] |I| [load_self]: Loaded module segment 1 @ [0x000E7000 - 0x000E7008 / 0x81010000] (size: 0x00000008) of module vs0:sys/external/libpvf.suprx
[07:56:41.524] |I| [load_self]: Loading symbols for SELF: vs0:sys/external/libpvf.suprx
[07:56:41.525] |D| [load_var_exports]: 	NID 0x936C8A78 (SYSLYB) at 0xE5710
[07:56:41.525] |D| [load_var_exports]: 	NID 0x6C2224BA (NID_MODULE_INFO) at 0xE5300
[07:56:41.526] |I| [pre_load_module]: Pre-load module SceLibPvf (at "sys/external/libpvf.suprx") loaded
[07:56:41.600] |C| [load_self]: Unknown segment type 0x6FFFFF01
[07:56:41.601] |I| [load_self]: Loaded module segment 0 @ [0x81000000 - 0x81230008 / 0x81000000] (size: 0x00230008) of module app0:eboot.bin
[07:56:41.602] |I| [load_self]: Loaded module segment 1 @ [0x81231000 - 0x8133F7DC / 0x81231000] (size: 0x0010E7DC) of module app0:eboot.bin
[07:56:41.603] |I| [load_self]: Loading symbols for SELF: app0:eboot.bin
[07:56:41.604] |D| [load_var_exports]: 	NID 0x6C2224BA (NID_MODULE_INFO) at 0x811E8FF4
[07:56:41.604] |D| [load_var_exports]: 	NID 0x70FBA1E7 (SCE_PROC_PARAMS) at 0x8123502C
[07:56:41.605] |I| [load_app_impl]: Main executable F1_2010 (eboot.bin) loaded
[07:56:41.620] |I| [renderer::gl::compile_shader]: frag shader compiled: 69d9ebaa5567de875f1e0f1481d7952f60848e800cd380df8c66a7357f6c1442
[07:56:41.622] |I| [renderer::gl::compile_shader]: vert shader compiled: 8d6a0eab66df1235eacffa5a9fba3c298cbd3a44d568af9268ba26a23adab96f
[07:56:41.641] |E| [renderer::gl::compile_program]: Fragment info
-------------
0(20) : warning C7050: "pa[0].zw" might be used before being initialized


[07:56:41.644] |I| [renderer::gl::pre_compile_program]: Program Compiled 1/31
[07:56:41.734] |I| [renderer::gl::compile_shader]: frag shader compiled: 7e91bc14c2c3fa9cd2f0a4f8afd8e492b08c2c90ae4462d7e12ff401f388d5d2
[07:56:41.738] |I| [renderer::gl::compile_shader]: vert shader compiled: b6ce20953e4710d60d1953224451fa48dad5df88cfcc481e104a0699ab811cde
[07:56:41.749] |E| [renderer::gl::compile_program]: Fragment info
-------------
0(24) : warning C7050: "internals[1]" might be used before being initialized
0(24) : warning C7050: "internals[2]" might be used before being initialized


[07:56:41.749] |I| [renderer::gl::pre_compile_program]: Program Compiled 2/31
[07:56:41.753] |I| [renderer::gl::compile_shader]: frag shader compiled: 63084daf351b3aae9d4a80cde1271af07a405fdb6cdba56b16f84c072ac9e02a
[07:56:41.755] |I| [renderer::gl::compile_shader]: vert shader compiled: 1a43b9eb7630d0cb29d761e5b71e9595c69b3461bbd2da935c08ffe4871209ab
[07:56:41.883] |E| [renderer::gl::compile_program]: Vertex info
-----------
0(27) : warning C7050: "internals[0].w" might be used before being initialized


[07:56:41.886] |I| [renderer::gl::pre_compile_program]: Program Compiled 3/31
[07:56:41.890] |I| [renderer::gl::compile_shader]: frag shader compiled: 16b1bc074f520803a1913eb43269981f3dfcd1e20751102e09e01e3fe673c3f6
[07:56:41.893] |I| [renderer::gl::compile_shader]: vert shader compiled: 6056c60c812b1f51c80a21d4d38c9b9759b223056a3b0e20132e3efcf8b192d9
[07:56:42.024] |E| [renderer::gl::compile_program]: Vertex info
-----------
0(29) : warning C7050: "internals[0].w" might be used before being initialized


[07:56:42.026] |I| [renderer::gl::pre_compile_program]: Program Compiled 4/31
[07:56:42.029] |I| [renderer::gl::compile_shader]: frag shader compiled: 3e3ada42ded2d4a7b5899add33fff69918180842bcc485fa7880b54740fa357f
[07:56:42.031] |I| [renderer::gl::compile_shader]: vert shader compiled: 6056c60c812b1f51c80a21d4d38c9b9759b223056a3b0e20132e3efcf8b192d9
[07:56:42.191] |E| [renderer::gl::compile_program]: Vertex info
-----------
0(29) : warning C7050: "internals[0].w" might be used before being initialized

Fragment info
-------------
0(22) : warning C7050: "sa[0]" might be used before being initialized
0(21) : warning C7050: "pa[2].zw" might be used before being initialized
0(21) : warning C7050: "pa[3].zw" might be used before being initialized


[07:56:42.194] |I| [renderer::gl::pre_compile_program]: Program Compiled 5/31
[07:56:42.197] |I| [renderer::gl::compile_shader]: frag shader compiled: afac69208ac2b8df25301371e8b136aeb3f5a1ad50c8d8654f6afa0b2e84cdd4
[07:56:42.202] |I| [renderer::gl::compile_shader]: vert shader compiled: 7bface13f78e2ec8d0138b7eceda61791b0378109bb8fc999a08c30d54826ec7
[07:56:42.584] |E| [renderer::gl::compile_program]: Vertex info
-----------
0(28) : warning C7050: "internals[0].w" might be used before being initialized

Fragment info
-------------
0(24) : warning C7050: "pa[0].yzw" might be used before being initialized
0(24) : warning C7050: "pa[1].yzw" might be used before being initialized


[07:56:42.586] |I| [renderer::gl::pre_compile_program]: Program Compiled 6/31
[07:56:42.590] |I| [renderer::gl::compile_shader]: frag shader compiled: 3f8a9fb4d5dd3f076afb9c2ef593cdf02edf84a9fe1645d025b591b09ef2d96a
[07:56:42.591] |I| [renderer::gl::compile_shader]: vert shader compiled: 7bface13f78e2ec8d0138b7eceda61791b0378109bb8fc999a08c30d54826ec7
[07:56:42.894] |E| [renderer::gl::compile_program]: Vertex info
-----------
0(28) : warning C7050: "internals[0].w" might be used before being initialized

Fragment info
-------------
0(24) : warning C7050: "pa[0].zw" might be used before being initialized
0(24) : warning C7050: "pa[1].yzw" might be used before being initialized


[07:56:42.897] |I| [renderer::gl::pre_compile_program]: Program Compiled 7/31
[07:56:42.905] |I| [renderer::gl::compile_shader]: frag shader compiled: 4fc49d292873c39b79dec6c06143d862f4f727cc1775ffe743eefbf4268fa915
[07:56:42.911] |I| [renderer::gl::compile_shader]: vert shader compiled: 5c9b78dda37d82b2bbdc8b6a531f7422cd38faab112ab3a99cda3111e3f51acb
[07:56:43.753] |E| [renderer::gl::compile_program]: Vertex info
-----------
0(36) : warning C7050: "internals[0].w" might be used before being initialized
0(36) : warning C7050: "internals[2].w" might be used before being initialized

Fragment info
-------------
0(30) : warning C7050: "pa[0].yzw" might be used before being initialized
0(30) : warning C7050: "pa[1].yzw" might be used before being initialized
0(30) : warning C7050: "pa[2].yzw" might be used before being initialized
0(30) : warning C7050: "pa[3].w" might be used before being initialized
0(30) : warning C7050: "pa[4]" might be used before being initialized
0(33) : warning C7050: "r[0].zw" might be used before being initialized
0(33) : warning C7050: "r[1]" might be used before being initialized
0(32) : warning C7050: "internals[1].w" might be used before being initialized


[07:56:43.756] |I| [renderer::gl::pre_compile_program]: Program Compiled 8/31
[07:56:43.757] |I| [renderer::gl::compile_shader]: frag shader compiled: afac69208ac2b8df25301371e8b136aeb3f5a1ad50c8d8654f6afa0b2e84cdd4
[07:56:43.764] |I| [renderer::gl::compile_shader]: vert shader compiled: fa1341883122a724b4d060019262b6365e10a5687538a6ada528f1f67f071653
[07:56:44.032] |E| [renderer::gl::compile_program]: Vertex info
-----------
0(27) : warning C7050: "internals[0].w" might be used before being initialized

Fragment info
-------------
0(24) : warning C7050: "pa[0].yzw" might be used before being initialized
0(24) : warning C7050: "pa[1].yzw" might be used before being initialized


[07:56:44.034] |I| [renderer::gl::pre_compile_program]: Program Compiled 9/31
[07:56:44.037] |I| [renderer::gl::compile_shader]: frag shader compiled: ffef1a91145ec192481df113095fba4ba267ae92ff4d9a44eef28b146755a628
[07:56:44.039] |I| [renderer::gl::compile_shader]: vert shader compiled: d58300ba4294ca074ba4be81e9a5f79c301ebc781b90b9ae8106fe47a7e2fa67
[07:56:44.047] |E| [renderer::gl::compile_program]: Vertex info
-----------
0(21) : warning C7050: "internals[0].w" might be used before being initialized

Fragment info
-------------
0(16) : warning C7050: "sa[0].zw" might be used before being initialized
0(15) : warning C7050: "pa[0].zw" might be used before being initialized


[07:56:44.048] |I| [renderer::gl::pre_compile_program]: Program Compiled 10/31
[07:56:44.050] |I| [renderer::gl::compile_shader]: frag shader compiled: afac69208ac2b8df25301371e8b136aeb3f5a1ad50c8d8654f6afa0b2e84cdd4
[07:56:44.061] |I| [renderer::gl::compile_shader]: vert shader compiled: 6d5c4b04924bc040d908275293d56720eba3f74ddb5c540bf02282087540961f
[07:56:44.341] |E| [renderer::gl::compile_program]: Vertex info
-----------
0(27) : warning C7050: "internals[0].w" might be used before being initialized

Fragment info
-------------
0(24) : warning C7050: "pa[0].yzw" might be used before being initialized
0(24) : warning C7050: "pa[1].yzw" might be used before being initialized


[07:56:44.343] |I| [renderer::gl::pre_compile_program]: Program Compiled 11/31
[07:56:44.351] |I| [renderer::gl::compile_shader]: frag shader compiled: 687fe49e3120c9196bdc38d495cd0121188021e96f328695359eb82c575fef04
[07:56:44.355] |I| [renderer::gl::compile_shader]: vert shader compiled: 96518b65fffb97d740003391d1e1ab2e098f7d2cc115c54d24f3ab3ee11711b9
[07:56:44.613] |E| [renderer::gl::compile_program]: Vertex info
-----------
0(29) : warning C7050: "internals[0].w" might be used before being initialized

Fragment info
-------------
0(26) : warning C7050: "pa[0].zw" might be used before being initialized
0(26) : warning C7050: "pa[1].yzw" might be used before being initialized


[07:56:44.615] |I| [renderer::gl::pre_compile_program]: Program Compiled 12/31
[07:56:44.625] |I| [renderer::gl::compile_shader]: frag shader compiled: 13205e7d506207d1c7558bcdd085f9c0e2a52c4098fe936430966d78ead7e93d
[07:56:44.630] |I| [renderer::gl::compile_shader]: vert shader compiled: 83777014d9930dc34b2f1791a5ae61735c847fd1844914b5b0c1df4f46ef3bbd
[07:56:45.701] |E| [renderer::gl::compile_program]: Vertex info
-----------
0(33) : warning C7050: "internals[0].w" might be used before being initialized

Fragment info
-------------
0(30) : warning C7050: "pa[0].yzw" might be used before being initialized
0(30) : warning C7050: "pa[1].w" might be used before being initialized
0(30) : warning C7050: "pa[2]" might be used before being initialized
0(30) : warning C7050: "pa[3]" might be used before being initialized
0(33) : warning C7050: "r[0].xyw" might be used before being initialized
0(32) : warning C7050: "internals[1].w" might be used before being initialized


[07:56:45.704] |I| [renderer::gl::pre_compile_program]: Program Compiled 13/31
[07:56:45.709] |I| [renderer::gl::compile_shader]: frag shader compiled: 0e825a219605948eecac7d72f7e540afa038d3fb301bfd7a957fe710edd2cbc1
[07:56:45.713] |I| [renderer::gl::compile_shader]: vert shader compiled: 444256b126d1044aee979085d9d647a19dbc4f720123385a8cf94ab417cd312e
[07:56:46.554] |E| [renderer::gl::compile_program]: Vertex info
-----------
0(30) : warning C7050: "internals[0].w" might be used before being initialized
0(30) : warning C7050: "internals[1].w" might be used before being initialized

Fragment info
-------------
0(28) : warning C7050: "pa[0].zw" might be used before being initialized
0(28) : warning C7050: "pa[1]" might be used before being initialized
0(28) : warning C7050: "pa[2]" might be used before being initialized
0(31) : warning C7050: "r[0].yzw" might be used before being initialized


[07:56:46.557] |I| [renderer::gl::pre_compile_program]: Program Compiled 14/31
[07:56:46.560] |I| [renderer::gl::compile_shader]: frag shader compiled: ecd480851141681e63a626c8007566c9877d8eb744d28a6294a380bb5884bf84
[07:56:46.562] |I| [renderer::gl::compile_shader]: vert shader compiled: 7bface13f78e2ec8d0138b7eceda61791b0378109bb8fc999a08c30d54826ec7
[07:56:46.839] |E| [renderer::gl::compile_program]: Vertex info
-----------
0(28) : warning C7050: "internals[0].w" might be used before being initialized

Fragment info
-------------
0(24) : warning C7050: "pa[0].zw" might be used before being initialized
0(24) : warning C7050: "pa[1].yzw" might be used before being initialized


[07:56:46.842] |I| [renderer::gl::pre_compile_program]: Program Compiled 15/31
[07:56:46.845] |I| [renderer::gl::compile_shader]: frag shader compiled: fcabcce928df0a714a9ca6fa1d595fef4dfdd82d00eb2ea4340afbdb0ba92d94
[07:56:46.848] |I| [renderer::gl::compile_shader]: vert shader compiled: 62f9920baec19c3bc0f509df7578183079bf25e94560e5679e010dcdebb8f19e
[07:56:46.997] |E| [renderer::gl::compile_program]: Vertex info
-----------
0(25) : warning C7050: "sa[0]" might be used before being initialized
0(25) : warning C7050: "sa[1]" might be used before being initialized
0(25) : warning C7050: "sa[2]" might be used before being initialized
0(25) : warning C7050: "sa[3]" might be used before being initialized
0(25) : warning C7050: "sa[4]" might be used before being initialized
0(26) : warning C7050: "internals[0].w" might be used before being initialized

Fragment info
-------------
0(19) : warning C7050: "sa[0]" might be used before being initialized
0(18) : warning C7050: "pa[0].yzw" might be used before being initialized


[07:56:47.001] |I| [renderer::gl::pre_compile_program]: Program Compiled 16/31
[07:56:47.005] |I| [renderer::gl::compile_shader]: frag shader compiled: dc0a9f06dfff38f64e55481491484dbf3039302e3f18120e09091cb007513b60
[07:56:47.006] |I| [renderer::gl::compile_shader]: vert shader compiled: b6ce20953e4710d60d1953224451fa48dad5df88cfcc481e104a0699ab811cde
[07:56:47.042] |E| [renderer::gl::compile_program]: Fragment info
-------------
0(22) : warning C7050: "pa[0].zw" might be used before being initialized
0(25) : warning C7050: "r[0].zw" might be used before being initialized


[07:56:47.044] |I| [renderer::gl::pre_compile_program]: Program Compiled 17/31
[07:56:47.048] |I| [renderer::gl::compile_shader]: frag shader compiled: ff5ff1939f93f8e3543c9edc74cc9bcffd92bfe070e8cdd0e94f8785d315eb6f
[07:56:47.048] |I| [renderer::gl::compile_shader]: vert shader compiled: b6ce20953e4710d60d1953224451fa48dad5df88cfcc481e104a0699ab811cde
[07:56:47.066] |E| [renderer::gl::compile_program]: Fragment info
-------------
0(18) : warning C7050: "sa[1].xy" might be used before being initialized
0(18) : warning C7050: "sa[2].zw" might be used before being initialized
0(18) : warning C7050: "sa[3].zw" might be used before being initialized
0(18) : warning C7050: "sa[4].yzw" might be used before being initialized
0(17) : warning C7050: "pa[0].zw" might be used before being initialized
0(20) : warning C7050: "r[0].zw" might be used before being initialized


[07:56:47.067] |I| [renderer::gl::pre_compile_program]: Program Compiled 18/31
[07:56:47.071] |I| [renderer::gl::compile_shader]: frag shader compiled: 2e7e038105c78f239675a4a67ac500a27efc713a9d1a114b280c39bd796c2add
[07:56:47.072] |I| [renderer::gl::compile_shader]: vert shader compiled: b6ce20953e4710d60d1953224451fa48dad5df88cfcc481e104a0699ab811cde
[07:56:47.092] |E| [renderer::gl::compile_program]: Fragment info
-------------
0(18) : warning C7050: "sa[1].xy" might be used before being initialized
0(18) : warning C7050: "sa[2].zw" might be used before being initialized
0(18) : warning C7050: "sa[3].zw" might be used before being initialized
0(18) : warning C7050: "sa[4].yzw" might be used before being initialized
0(17) : warning C7050: "pa[0].zw" might be used before being initialized
0(20) : warning C7050: "r[0].zw" might be used before being initialized


[07:56:47.094] |I| [renderer::gl::pre_compile_program]: Program Compiled 19/31
[07:56:47.098] |I| [renderer::gl::compile_shader]: frag shader compiled: a05d18ad4682a0d0353245dc934bedc85cf87a9cf468966ae41830a27301429b
[07:56:47.098] |I| [renderer::gl::compile_shader]: vert shader compiled: b6ce20953e4710d60d1953224451fa48dad5df88cfcc481e104a0699ab811cde
[07:56:47.134] |E| [renderer::gl::compile_program]: Fragment info
-------------
0(23) : warning C7050: "pa[0].zw" might be used before being initialized
0(23) : warning C7050: "pa[1].zw" might be used before being initialized


[07:56:47.139] |I| [renderer::gl::pre_compile_program]: Program Compiled 20/31
[07:56:47.144] |I| [renderer::gl::compile_shader]: frag shader compiled: 478720e024af9e03994a0cc39ad45c3076307a1ca0eca267727d348af316f5b2
[07:56:47.146] |I| [renderer::gl::compile_shader]: vert shader compiled: 55442b185581f2f3b67659361ae263805e34cc2aaa10ae1602380118fe2fca23
[07:56:47.173] |E| [renderer::gl::compile_program]: Vertex info
-----------
0(26) : warning C7050: "internals[0].w" might be used before being initialized

Fragment info
-------------
0(24) : warning C7050: "pa[0].zw" might be used before being initialized
0(24) : warning C7050: "pa[1]" might be used before being initialized
0(27) : warning C7050: "r[0].zw" might be used before being initialized


[07:56:47.175] |I| [renderer::gl::pre_compile_program]: Program Compiled 21/31
[07:56:47.178] |I| [renderer::gl::compile_shader]: frag shader compiled: d26a3639d48736e1838e3d87570b922e5c114b1f90b60dc60dafe40ca8363873
[07:56:47.179] |I| [renderer::gl::compile_shader]: vert shader compiled: 1a43b9eb7630d0cb29d761e5b71e9595c69b3461bbd2da935c08ffe4871209ab
[07:56:47.316] |E| [renderer::gl::compile_program]: Vertex info
-----------
0(27) : warning C7050: "internals[0].w" might be used before being initialized

Fragment info
-------------
0(20) : warning C7050: "sa[0]" might be used before being initialized
0(19) : warning C7050: "pa[1].zw" might be used before being initialized
0(19) : warning C7050: "pa[2].zw" might be used before being initialized


[07:56:47.318] |I| [renderer::gl::pre_compile_program]: Program Compiled 22/31
[07:56:47.321] |I| [renderer::gl::compile_shader]: frag shader compiled: 249aa178655cd7e3619477e2cfad2bcfdf8c905e43c62365e4a0c48074c95909
[07:56:47.323] |I| [renderer::gl::compile_shader]: vert shader compiled: 5cfed0a8898988991a1bfa1aff53e35b8988024c04ac4eec73e9249b8912c023
[07:56:47.330] |I| [renderer::gl::pre_compile_program]: Program Compiled 23/31
[07:56:47.339] |I| [renderer::gl::compile_shader]: frag shader compiled: 3f8916c5d3809b6fd8c1dd05f912fef5d56d186f0f73025eb62c1813a061e232
[07:56:47.345] |I| [renderer::gl::compile_shader]: vert shader compiled: ceb493f31408532dfb2b97c47bbe56a23214f62ddf45b7da5cac0e8fa7b1d473
[07:56:48.511] |E| [renderer::gl::compile_program]: Vertex info
-----------
0(35) : warning C7050: "internals[0].w" might be used before being initialized
0(35) : warning C7050: "internals[2].w" might be used before being initialized

Fragment info
-------------
0(32) : warning C7050: "pa[0].yzw" might be used before being initialized
0(32) : warning C7050: "pa[1].yzw" might be used before being initialized
0(32) : warning C7050: "pa[2].yzw" might be used before being initialized
0(32) : warning C7050: "pa[3].w" might be used before being initialized
0(32) : warning C7050: "pa[4]" might be used before being initialized
0(35) : warning C7050: "r[0].xyw" might be used before being initialized
0(34) : warning C7050: "internals[1].w" might be used before being initialized


[07:56:48.514] |I| [renderer::gl::pre_compile_program]: Program Compiled 24/31
[07:56:48.521] |I| [renderer::gl::compile_shader]: frag shader compiled: 0aac4c60e1aee362eb1843e75d96f04d90d90b71f8ca22f521ee43876d3e4ec2
[07:56:48.525] |I| [renderer::gl::compile_shader]: vert shader compiled: 9f56bd2347c3f752fd49fba03999f4d10afef55e423f507fa924fe7b47d991ef
[07:56:49.243] |E| [renderer::gl::compile_program]: Vertex info
-----------
0(30) : warning C7050: "internals[0].w" might be used before being initialized
0(30) : warning C7050: "internals[2].zw" might be used before being initialized

Fragment info
-------------
0(28) : warning C7050: "pa[0].w" might be used before being initialized
0(28) : warning C7050: "pa[1]" might be used before being initialized
0(28) : warning C7050: "pa[2].yzw" might be used before being initialized
0(30) : warning C7050: "internals[0].w" might be used before being initialized
0(30) : warning C7050: "internals[1].w" might be used before being initialized
0(31) : warning C7050: "r[0].zw" might be used before being initialized
0(31) : warning C7050: "r[1].xy" might be used before being initialized
0(31) : warning C7050: "r[2]" might be used before being initialized


[07:56:49.246] |I| [renderer::gl::pre_compile_program]: Program Compiled 25/31
[07:56:49.256] |I| [renderer::gl::compile_shader]: frag shader compiled: f56c073a2f6138e494de680c7db89517c8dc2325f63c7068cace8a8d08d0f70c
[07:56:49.263] |I| [renderer::gl::compile_shader]: vert shader compiled: 9c0bcbd618d78c3dd181b0ad717e3d56e4ac72955fa9a64356e8f4db9fdae706
[07:56:50.078] |E| [renderer::gl::compile_program]: Vertex info
-----------
0(35) : warning C7050: "internals[0].w" might be used before being initialized
0(35) : warning C7050: "internals[2].w" might be used before being initialized

Fragment info
-------------
0(32) : warning C7050: "pa[0].yzw" might be used before being initialized
0(32) : warning C7050: "pa[1].yzw" might be used before being initialized
0(32) : warning C7050: "pa[2].w" might be used before being initialized
0(32) : warning C7050: "pa[3]" might be used before being initialized
0(32) : warning C7050: "pa[4].yzw" might be used before being initialized
0(35) : warning C7050: "r[0].zw" might be used before being initialized
0(35) : warning C7050: "r[1].yzw" might be used before being initialized
0(34) : warning C7050: "internals[0].w" might be used before being initialized
0(34) : warning C7050: "internals[1].w" might be used before being initialized
0(34) : warning C7050: "internals[2].w" might be used before being initialized


[07:56:50.082] |I| [renderer::gl::pre_compile_program]: Program Compiled 26/31
[07:56:50.089] |I| [renderer::gl::compile_shader]: frag shader compiled: 688a3c4527a4659e9a477645e2f91289a48aece99ae198a6b72d6d5be825a2d7
[07:56:50.095] |I| [renderer::gl::compile_shader]: vert shader compiled: 0d69f997851e68ed9cd9b8366cfdd6416626b40b3ff6d533b356ac6ae87319d0
[07:56:53.660] |E| [renderer::gl::compile_program]: Vertex info
-----------
0(33) : warning C7050: "r[0]" might be used before being initialized
0(33) : warning C7050: "r[1]" might be used before being initialized
0(33) : warning C7050: "r[2]" might be used before being initialized
0(33) : warning C7050: "r[3]" might be used before being initialized
0(33) : warning C7050: "r[4]" might be used before being initialized
0(33) : warning C7050: "r[5]" might be used before being initialized
0(33) : warning C7050: "r[6]" might be used before being initialized
0(33) : warning C7050: "r[7]" might be used before being initialized
0(33) : warning C7050: "r[8]" might be used before being initialized
0(33) : warning C7050: "r[9]" might be used before being initialized
0(33) : warning C7050: "r[10]" might be used before being initialized
0(33) : warning C7050: "r[11]" might be used before being initialized
0(32) : warning C7050: "internals[0].w" might be used before being initialized
0(32) : warning C7050: "internals[1]" might be used before being initialized
0(32) : warning C7050: "internals[2].w" might be used before being initialized

Fragment info
-------------
0(28) : warning C7050: "pa[0].w" might be used before being initialized
0(28) : warning C7050: "pa[1]" might be used before being initialized
0(28) : warning C7050: "pa[2].yzw" might be used before being initialized
0(30) : warning C7050: "internals[0].w" might be used before being initialized
0(30) : warning C7050: "internals[1].w" might be used before being initialized
0(31) : warning C7050: "r[0].zw" might be used before being initialized
0(31) : warning C7050: "r[1].zw" might be used before being initialized
0(31) : warning C7050: "r[2].yzw" might be used before being initialized


[07:56:53.665] |I| [renderer::gl::pre_compile_program]: Program Compiled 27/31
[07:56:53.668] |I| [renderer::gl::compile_shader]: frag shader compiled: 688a3c4527a4659e9a477645e2f91289a48aece99ae198a6b72d6d5be825a2d7
[07:56:53.673] |I| [renderer::gl::compile_shader]: vert shader compiled: 714298621f20650dd31b8cc808e7a970a2820b761c29799f880bffa7d811e0cb
[07:56:54.415] |E| [renderer::gl::compile_program]: Vertex info
-----------
0(30) : warning C7050: "internals[0].w" might be used before being initialized
0(30) : warning C7050: "internals[2].zw" might be used before being initialized

Fragment info
-------------
0(28) : warning C7050: "pa[0].w" might be used before being initialized
0(28) : warning C7050: "pa[1]" might be used before being initialized
0(28) : warning C7050: "pa[2].yzw" might be used before being initialized
0(30) : warning C7050: "internals[0].w" might be used before being initialized
0(30) : warning C7050: "internals[1].w" might be used before being initialized
0(31) : warning C7050: "r[0].zw" might be used before being initialized
0(31) : warning C7050: "r[1].zw" might be used before being initialized
0(31) : warning C7050: "r[2].yzw" might be used before being initialized


[07:56:54.418] |I| [renderer::gl::pre_compile_program]: Program Compiled 28/31
[07:56:54.425] |I| [renderer::gl::compile_shader]: frag shader compiled: 81b90a9a4d57a7a2b98e3eb10d1e8cf32c733206a2a5f9bac95d0002b949d602
[07:56:54.430] |I| [renderer::gl::compile_shader]: vert shader compiled: 80eece1c545a676c75ef9341d30f75396cd6f8fe0482022984e6d86ac550ccc6
[07:56:54.836] |E| [renderer::gl::compile_program]: Vertex info
-----------
0(30) : warning C7050: "sa[0]" might be used before being initialized
0(30) : warning C7050: "sa[1]" might be used before being initialized
0(30) : warning C7050: "sa[2]" might be used before being initialized
0(30) : warning C7050: "sa[3]" might be used before being initialized
0(30) : warning C7050: "sa[4]" might be used before being initialized
0(30) : warning C7050: "sa[5]" might be used before being initialized
0(30) : warning C7050: "sa[6]" might be used before being initialized
0(30) : warning C7050: "sa[7]" might be used before being initialized
0(30) : warning C7050: "sa[8]" might be used before being initialized
0(30) : warning C7050: "sa[9].xyw" might be used before being initialized
0(30) : warning C7050: "sa[10].yzw" might be used before being initialized
0(31) : warning C7050: "internals[0].w" might be used before being initialized
0(31) : warning C7050: "internals[1].w" might be used before being initialized
0(31) : warning C7050: "internals[2].w" might be used before being initialized

Fragment info
-------------
0(28) : warning C7050: "pa[0].yzw" might be used before being initialized
0(28) : warning C7050: "pa[1].yzw" might be used before being initialized
0(28) : warning C7050: "pa[2].yzw" might be used before being initialized
0(28) : warning C7050: "pa[3].w" might be used before being initialized
0(31) : warning C7050: "r[0].zw" might be used before being initialized
0(30) : warning C7050: "internals[1].w" might be used before being initialized


[07:56:54.841] |I| [renderer::gl::pre_compile_program]: Program Compiled 29/31
[07:56:54.844] |I| [renderer::gl::compile_shader]: frag shader compiled: 4dbbb58948a2784f2ce19620973227aa9e710ee615c1d9e82d9abf60c6270e97
[07:56:54.847] |I| [renderer::gl::compile_shader]: vert shader compiled: fcc1f4d60fb73b87520cd48e212c110d9c8bee5fad57a9b49e32b511d3f94fbf
[07:56:54.981] |E| [renderer::gl::compile_program]: Vertex info
-----------
0(27) : warning C7050: "internals[0].zw" might be used before being initialized
0(27) : warning C7050: "internals[1].w" might be used before being initialized

Fragment info
-------------
0(18) : warning C7050: "pa[0].zw" might be used before being initialized


[07:56:54.985] |I| [renderer::gl::pre_compile_program]: Program Compiled 30/31
[07:56:54.989] |I| [renderer::gl::compile_shader]: frag shader compiled: ecd480851141681e63a626c8007566c9877d8eb744d28a6294a380bb5884bf84
[07:56:54.989] |I| [renderer::gl::compile_shader]: vert shader compiled: fa1341883122a724b4d060019262b6365e10a5687538a6ada528f1f67f071653
[07:56:55.282] |E| [renderer::gl::compile_program]: Vertex info
-----------
0(27) : warning C7050: "internals[0].w" might be used before being initialized

Fragment info
-------------
0(24) : warning C7050: "pa[0].zw" might be used before being initialized
0(24) : warning C7050: "pa[1].yzw" might be used before being initialized


[07:56:55.285] |I| [renderer::gl::pre_compile_program]: Program Compiled 31/31
[07:56:55.295] |D| [run_app]: Running module_start of library: SceLibc at address 0x75E5
[07:56:55.311] |I| [export_sceIoOpen]: Opening file: tty0:
[07:56:55.311] |I| [export_sceIoOpen]: Opening file: tty0:
[07:56:55.312] |I| [export_sceIoOpen]: Opening file: tty1:
[07:56:55.317] |I| [run_app]: Module SceLibc (at "app0:sce_module/libc.suprx") module_start returned 0x0
[07:56:55.323] |D| [run_app]: Running module_start of library: SceLibFios2 at address 0x47001
[07:56:55.332] |I| [run_app]: Module SceLibFios2 (at "app0:sce_module/libfios2.suprx") module_start returned 0x0
[07:56:55.336] |D| [run_app]: Running module_start of library: SceUlt at address 0x71D59
[07:56:55.345] |I| [run_app]: Module SceUlt (at "app0:sce_module/libult.suprx") module_start returned 0x0
[07:56:55.439] |D| [export_sceTouchEnableTouchForce]: port: 0, state: 1
[07:56:55.470] |W| [unimplemented_impl]: Unimplemented sceKernelChangeThreadVfpException import called.
[07:56:55.470] |W| [unimplemented_impl]: Unimplemented _sceFiosKernelOverlayThreadSetDisabled import called.
[07:56:55.472] |W| [stubbed_impl]: Stubbed _sceKernelWaitLwCondCB import called. (Try CB)
[07:56:55.531] |W| [stubbed_impl]: Stubbed sceKernelGetProcessId import called. (pid: 0)
[07:56:55.532] |W| [stubbed_impl]: Stubbed _sceFiosKernelOverlayResolveWithRangeSync import called. (Using strncpy)
[07:56:55.544] |W| [unimplemented_impl]: Unimplemented _sceFiosKernelOverlayGetRecommendedScheduler import called.
[07:56:55.549] |I| [export_sceIoOpen]: Opening file: app0:/PSP_GAME/USRDIR/F1AUDIO.PSARC
[07:56:55.604] |I| [export_sceIoOpen]: Opening file: app0:/PSP_GAME/USRDIR/F1AUDIO.PSARC
[07:56:55.965] |W| [stubbed_impl]: Stubbed sceGxmMapMemory import called. (always return success)
[07:56:55.973] |W| [stubbed_impl]: Stubbed sceGxmMapFragmentUsseMemory import called. (always return success)
[07:56:55.974] |W| [unimplemented_impl]: Unimplemented sceAppUtilInit import called.
[07:56:55.974] |W| [unimplemented_impl]: Unimplemented sceAppUtilShutdown import called.
[07:56:55.975] |W| [unimplemented_impl]: Unimplemented sceCommonDialogSetConfigParam import called.
[07:56:56.069] |W| [stubbed_impl]: Stubbed sceGxmMapVertexUsseMemory import called. (always return success)
[07:56:56.070] |W| [stubbed_impl]: Stubbed sceGxmGetRenderTargetMemSize import called. (2MB host mem)
[07:56:56.306] |D| [export_sceTouchEnableTouchForce]: port: 1, state: 1
[07:56:56.311] |E| [logging::ret_error_impl]: sceGxmTextureSetUAddrModeSafe returned SCE_GXM_ERROR_UNSUPPORTED (0x805B0009)
[07:56:56.312] |E| [logging::ret_error_impl]: sceGxmTextureSetVAddrModeSafe returned SCE_GXM_ERROR_UNSUPPORTED (0x805B0009)
[07:56:56.494] |W| [stubbed_impl]: Stubbed sceNetCtlInit import called. (Stub)
[07:56:56.495] |W| [unimplemented_impl]: Unimplemented sceSslInit import called.
[07:56:56.495] |W| [unimplemented_impl]: Unimplemented sceHttpInit import called.
[07:56:56.496] |W| [unimplemented_impl]: Unimplemented sceNpBasicInit import called.
[07:56:56.497] |W| [unimplemented_impl]: Unimplemented sceNpBasicRegisterHandler import called.
[07:56:56.497] |W| [unimplemented_impl]: Unimplemented sceNpGetServiceState import called.
[07:56:57.323] |I| [export_sceIoOpen]: Opening file: app0:/PSP_GAME/USRDIR/_GAMECONFIG.INI
[07:56:57.393] |W| [unimplemented_impl]: Unimplemented sceSulphaNgsTrace import called.
[07:56:58.721] |I| [export_sceIoOpen]: Opening file: app0:/PSP_GAME/USRDIR/NEWUI/TRACKS/INDIA.GPU
[07:56:58.814] |I| [export_sceIoOpen]: Opening file: app0:/PSP_GAME/USRDIR/NEWUI/TRACKS/INDIA.DAT
[07:56:58.817] |I| [export_sceIoOpen]: Opening file: app0:/PSP_GAME/USRDIR/NEWUI/TRACKS/INDIA.REL
[07:56:58.819] |I| [export_sceIoOpen]: Opening file: app0:/PSP_GAME/USRDIR/NEWUI/TRACKS/INDIA_FR.DAT
[07:56:58.822] |I| [export_sceIoOpen]: Opening file: app0:/PSP_GAME/USRDIR/NEWUI/TRACKS/INDIA_FR.REL
[07:56:58.824] |I| [export_sceIoOpen]: Opening file: app0:/PSP_GAME/USRDIR/NEWUI/TRACKS/INDIA_FR.GPU
[07:56:58.824] |E| [open_file]: Missing file at D:/Emulateurs/Vita3K/mc/ux0/app/PCSB00027/PSP_GAME/USRDIR/NEWUI/TRACKS/INDIA_FR.GPU (target path: app0:/PSP_GAME/USRDIR/NEWUI/TRACKS/INDIA_FR.GPU)
[07:56:58.825] |W| [io_error_impl]: open_file (sceIoOpen) returned 0x80010002
[07:56:58.832] |I| [export_sceIoOpen]: Opening file: app0:/PSP_GAME/USRDIR/NEWUI/LOADING.GPU
[07:56:58.881] |I| [export_sceIoOpen]: Opening file: app0:/PSP_GAME/USRDIR/NEWUI/LOADING.DAT
[07:56:58.887] |I| [export_sceIoOpen]: Opening file: app0:/PSP_GAME/USRDIR/NEWUI/LOADING.REL
[07:56:58.889] |I| [export_sceIoOpen]: Opening file: app0:/PSP_GAME/USRDIR/NEWUI/LOADING_FR.DAT
[07:56:58.890] |I| [export_sceIoOpen]: Opening file: app0:/PSP_GAME/USRDIR/NEWUI/LOADING_FR.REL
[07:56:58.892] |I| [export_sceIoOpen]: Opening file: app0:/PSP_GAME/USRDIR/NEWUI/LOADING_FR.GPU
[07:56:58.914] |I| [export_sceIoOpen]: Opening file: app0:/PSP_GAME/USRDIR/FRONTENDSCRIPTS.SBN
[07:56:58.925] |I| [export_sceIoOpen]