[07:55:23.352] |I| [load_app_impl]: cpu-backend: Dynarmic
[07:55:23.352] |I| [load_app_impl]: CPU Optimisation state: false
[07:55:23.352] |I| [load_app_impl]: at9 audio decoder state: true
[07:55:23.352] |I| [load_app_impl]: ngs experimental state: true
[07:55:23.352] |I| [load_app_impl]: video player state: true
[07:55:23.352] |I| [load_app_impl]: lle-modules: libSceJson,liblocation,libSceXml,libpgf,libvoice,librudp,libSceSqlite,libvoiceqos,libsas,libscemp4
[07:55:23.352] |I| [load_app_impl]: Title: Atelier Meruru Plus: The Apprentice of Arland
[07:55:23.352] |I| [load_app_impl]: Serial: PCSB00377
[07:55:23.353] |I| [load_app_impl]: Version: 1.00
[07:55:23.353] |I| [load_app_impl]: Category: gd
[07:55:23.411] |C| [load_self]: Unknown segment type 0x6FFFFF01
[07:55:23.411] |I| [load_self]: Loaded module segment 0 @ [0x00007000 - 0x000514B0 / 0x81000000] (size: 0x0004A4B0) of module ux0:app\PCSB00377\sce_module\libc.suprx
[07:55:23.411] |I| [load_self]: Loaded module segment 1 @ [0x00052000 - 0x000546F4 / 0x8104B000] (size: 0x000026F4) of module ux0:app\PCSB00377\sce_module\libc.suprx
[07:55:23.411] |I| [load_self]: Loading symbols for SELF: ux0:app\PCSB00377\sce_module\libc.suprx
[07:55:23.411] |D| [load_var_exports]: 	NID 0x6C2224BA (NID_MODULE_INFO) at 0x3DF30
[07:55:23.412] |W| [load_var_imports]: 	NID NOT FOUND 0x93B8AA67 (UNRECOGNISED) at 0x41DF0, setting to stub value 0xDEADBEEF
[07:55:23.412] |W| [load_var_imports]: 	NID NOT FOUND 0xDF084DFA (UNRECOGNISED) at 0x434A4, setting to stub value 0xDEADBEEF
[07:55:23.412] |I| [pre_load_module]: Pre-load module SceLibc (at "app\PCSB00377\sce_module\libc.suprx") loaded
[07:55:23.438] |C| [load_self]: Unknown segment type 0x6FFFFF01
[07:55:23.438] |I| [load_self]: Loaded module segment 0 @ [0x00057000 - 0x0007B220 / 0x81000000] (size: 0x00024220) of module ux0:app\PCSB00377\sce_module\libfios2.suprx
[07:55:23.438] |I| [load_self]: Loaded module segment 1 @ [0x0007C000 - 0x000811A4 / 0x81025000] (size: 0x000051A4) of module ux0:app\PCSB00377\sce_module\libfios2.suprx
[07:55:23.438] |I| [load_self]: Loading symbols for SELF: ux0:app\PCSB00377\sce_module\libfios2.suprx
[07:55:23.439] |D| [load_var_exports]: 	NID 0x6C2224BA (NID_MODULE_INFO) at 0x73B64
[07:55:23.439] |I| [pre_load_module]: Pre-load module SceLibFios2 (at "app\PCSB00377\sce_module\libfios2.suprx") loaded
[07:55:23.453] |C| [load_self]: Unknown segment type 0x6FFFFF01
[07:55:23.453] |I| [load_self]: Loaded module segment 0 @ [0x00082000 - 0x00096144 / 0x81000000] (size: 0x00014144) of module ux0:app\PCSB00377\sce_module\libult.suprx
[07:55:23.453] |I| [load_self]: Loaded module segment 1 @ [0x00097000 - 0x00097814 / 0x81015000] (size: 0x00000814) of module ux0:app\PCSB00377\sce_module\libult.suprx
[07:55:23.454] |I| [load_self]: Loading symbols for SELF: ux0:app\PCSB00377\sce_module\libult.suprx
[07:55:23.454] |D| [load_var_exports]: 	NID 0x6C2224BA (NID_MODULE_INFO) at 0x921CC
[07:55:23.454] |I| [pre_load_module]: Pre-load module SceUlt (at "app\PCSB00377\sce_module\libult.suprx") loaded
[07:55:23.460] |I| [load_self]: Loaded module segment 0 @ [0x00098000 - 0x000E8F04 / 0x81000000] (size: 0x00050F04) of module vs0:sys/external/libSceFt2.suprx
[07:55:23.460] |I| [load_self]: Loaded module segment 1 @ [0x000E9000 - 0x000E92F4 / 0x81051000] (size: 0x000002F4) of module vs0:sys/external/libSceFt2.suprx
[07:55:23.460] |I| [load_self]: Loading symbols for SELF: vs0:sys/external/libSceFt2.suprx
[07:55:23.461] |D| [load_var_exports]: 	NID 0x936C8A78 (SYSLYB) at 0xD47DC
[07:55:23.461] |D| [load_var_exports]: 	NID 0x6C2224BA (NID_MODULE_INFO) at 0xD3F10
[07:55:23.461] |I| [pre_load_module]: Pre-load module SceLibft2 (at "sys/external/libSceFt2.suprx") loaded
[07:55:23.462] |I| [load_self]: Loaded module segment 0 @ [0x000EA000 - 0x000F9F14 / 0x81000000] (size: 0x0000FF14) of module vs0:sys/external/libpvf.suprx
[07:55:23.463] |I| [load_self]: Loaded module segment 1 @ [0x000FA000 - 0x000FA008 / 0x81010000] (size: 0x00000008) of module vs0:sys/external/libpvf.suprx
[07:55:23.463] |I| [load_self]: Loading symbols for SELF: vs0:sys/external/libpvf.suprx
[07:55:23.463] |D| [load_var_exports]: 	NID 0x936C8A78 (SYSLYB) at 0xF8710
[07:55:23.463] |D| [load_var_exports]: 	NID 0x6C2224BA (NID_MODULE_INFO) at 0xF8300
[07:55:23.463] |I| [pre_load_module]: Pre-load module SceLibPvf (at "sys/external/libpvf.suprx") loaded
[07:55:23.653] |C| [load_self]: Unknown segment type 0x6FFFFF01
[07:55:23.653] |I| [load_self]: Loaded module segment 0 @ [0x81000000 - 0x816F3BF4 / 0x81000000] (size: 0x006F3BF4) of module app0:eboot.bin
[07:55:23.653] |I| [load_self]: Loaded module segment 1 @ [0x816F4000 - 0x81A4D0F4 / 0x816F4000] (size: 0x003590F4) of module app0:eboot.bin
[07:55:23.653] |I| [load_self]: Loading symbols for SELF: app0:eboot.bin
[07:55:23.653] |D| [load_var_exports]: 	NID 0x6C2224BA (NID_MODULE_INFO) at 0x8148B194
[07:55:23.654] |D| [load_var_exports]: 	NID 0x70FBA1E7 (SCE_PROC_PARAMS) at 0x818C83D4
[07:55:23.654] |I| [load_app_impl]: Main executable A13V_ReleaseEU (eboot.bin) loaded
[07:55:23.661] |D| [run_app]: Running module_start of library: SceLibc at address 0x77F1
[07:55:23.679] |I| [run_app]: Module SceLibc (at "ux0:app\PCSB00377\sce_module\libc.suprx") module_start returned 0x0
[07:55:23.683] |D| [run_app]: Running module_start of library: SceLibFios2 at address 0x57001
[07:55:23.690] |W| [stubbed_impl]: Stubbed sceKernelGetProcessId import called. (pid: 0)
[07:55:23.691] |D| [export_sceFiosOverlayGetList02]: maxIDs: 255
[07:55:23.691] |W| [unimplemented_impl]: Unimplemented sceFiosOverlayGetList02 import called.
[07:55:23.691] |I| [run_app]: Module SceLibFios2 (at "ux0:app\PCSB00377\sce_module\libfios2.suprx") module_start returned 0x0
[07:55:23.694] |D| [run_app]: Running module_start of library: SceUlt at address 0x8584D
[07:55:23.701] |W| [unimplemented_impl]: Unimplemented _sceUlobjMgrRegisterLibultProtocolRevision import called.
[07:55:23.702] |I| [run_app]: Module SceUlt (at "ux0:app\PCSB00377\sce_module\libult.suprx") module_start returned 0x0
[07:55:23.706] |W| [unimplemented_impl]: Unimplemented sceKernelRegisterThreadEventHandler import called.
[07:55:23.900] |I| [export_sceIoOpen]: Opening file: sampleArg.txt
[07:55:23.900] |E| [open_file]: Cannot find device for path: sampleArg.txt
[07:55:23.900] |W| [io_error_impl]: open_file (sceIoOpen) returned 0x80010002
[07:55:23.946] |W| [stubbed_impl]: Stubbed sceKernelLockLwMutexCB import called. (no CB)
[07:55:23.975] |W| [stubbed_impl]: Stubbed sceGxmMapMemory import called. (always return success)
[07:55:24.010] |W| [unimplemented_impl]: Unimplemented sceKernelCreateCallback import called.
[07:55:24.011] |W| [unimplemented_impl]: Unimplemented sceDisplayRegisterVblankStartCallback import called.
[07:55:24.012] |W| [stubbed_impl]: Stubbed sceGxmMapVertexUsseMemory import called. (always return success)
[07:55:24.013] |W| [stubbed_impl]: Stubbed sceGxmMapFragmentUsseMemory import called. (always return success)
[07:55:24.016] |W| [unimplemented_impl]: Unimplemented sceGxmProgramParameterIsRegFormat import called.
[07:55:24.182] |W| [unimplemented_impl]: Unimplemented sceKernelGetThreadCurrentPriority import called.
[07:55:24.183] |W| [stubbed_impl]: Stubbed sceKernelGetThreadCpuAffinityMask2 import called. (STUB)
[07:55:24.243] |I| [export_sceIoOpen]: Opening file: app0:./Res/debug/ascii.g1t
[07:55:24.243] |E| [open_file]: Missing file at D:/Emulateurs/Vita3K/mc/ux0/app/PCSB00377/./Res/debug/ascii.g1t (target path: app0:./Res/debug/ascii.g1t)
[07:55:24.243] |W| [io_error_impl]: open_file (sceIoOpen) returned 0x80010002
[07:55:24.255] |W| [unimplemented_impl]: Unimplemented sceCoredumpRegisterCoredumpHandler import called.
[07:55:24.255] |W| [unimplemented_impl]: Unimplemented sceAppUtilInit import called.
[07:55:24.273] |W| [unimplemented_impl]: Unimplemented sceKernelChangeThreadVfpException import called.
[07:55:24.273] |W| [unimplemented_impl]: Unimplemented sceFiosOverlayThreadSetDisabled02 import called.
[07:55:24.328] |W| [unimplemented_impl]: Unimplemented sceFiosOverlayGetRecommendedScheduler02 import called.
[07:55:24.333] |I| [export_sceIoOpen]: Opening file: app0:/resources1.psarc
[07:55:24.386] |I| [export_sceIoOpen]: Opening file: app0:/resources1.psarc
[07:55:24.741] |W| [unimplemented_impl]: Unimplemented sceCommonDialogSetConfigParam import called.
[07:55:24.748] |W| [unimplemented_impl]: Unimplemented sceSystemGestureInitializePrimitiveTouchRecognizer import called.
[07:55:25.977] |W| [stubbed_impl]: Stubbed sceNpTrophyCreateHandle import called. (Stubbed handle with 1)
[07:55:25.984] |W| [unimplemented_impl]: Unimplemented sceSystemGestureUpdatePrimitiveTouchRecognizer import called.
[07:55:26.024] |W| [stubbed_impl]: Stubbed sceGxmGetRenderTargetMemSize import called. (2MB host mem)
[07:55:26.055] |W| [unimplemented_impl]: Unimplemented sceGxmDepthStencilSurfaceSetForceLoadMode import called.
[07:55:26.055] |W| [unimplemented_impl]: Unimplemented sceGxmDepthStencilSurfaceSetForceStoreMode import called.
[07:55:26.059] |I| [export_sceIoOpen]: Opening file: savedata0:SYS-DATA
[07:55:26.059] |W| [unimplemented_impl]: Unimplemented sceCommonDialogUpdate import called.
[07:55:26.087] |I| [renderer::gl::load_shader_generic]: Generating frag shader bf2a1fdd8c31fa750355619ae80b1001b63578575d2e06bf8c76e5888cb363e4
[07:55:26.091] |D| [shader::create_fragment_inputs]: Iterator: pa0 = (half4) v_Color0
[07:55:26.097] |I| [renderer::gl::load_shader_generic]: Generating vert shader c2dad1d16d2b1eb5b60fbcb98944dfe2e40be92c4948b9ea586edb5be548d63a
[07:55:26.099] |D| [shader::create_parameters]: [BUFFER0  + 0] pa0 = (float2) pos
[07:55:26.099] |D| [shader::create_parameters]: [DEFAULT  + 0] sa0 = (float4) color_depth[2]
[07:55:26.106] |E| [renderer::gl::compile_program]: Vertex info
-----------
0(20) : warning C7050: "pa[0].zw" might be used before being initialized

Fragment info
-------------
0(17) : warning C7050: "pa[0].zw" might be used before being initialized


[07:55:26.107] |W| [stubbed_impl]: Stubbed sceDisplayWaitVblankStartMultiCB import called. (wait for vblank)
[07:55:26.111] |W| [unimplemented_impl]: Unimplemented sceScreenShotDisable import called.
[07:55:26.111] |W| [unimplemented_impl]: Unimplemented sceScreenShotSetParam import called.
[07:55:26.111] |W| [unimplemented_impl]: Unimplemented sceScreenShotSetOverlayImage import called.
[07:55:26.111] |W| [unimplemented_impl]: Unimplemented sceScreenShotEnable import called.
[07:55:26.859] |I| [renderer::gl::load_shader_generic]: Generating frag shader 9346a6a59dc6bcfae5a04f416d9c8fe40f84b7a81e7e83d0523b0e1ba5186a8d
[07:55:26.863] |D| [shader::create_parameters]: [DEFAULT  + 0] sa0 = (float1) rate
[07:55:26.884] |I| [renderer::gl::load_shader_generic]: Generating vert shader a05c7b1f1c3406ff0effb52efd4bfdfa3e0371fd4319f0a40793502296f4cb22
[07:55:26.887] |D| [shader::create_parameters]: [BUFFER0  + 0] pa0 = (float4) input_position
[07:55:26.887] |D| [shader::create_parameters]: [BUFFER0  + 4] pa4 = (float4) input_uv
[07:55:26.887] |D| [shader::create_parameters]: [DEFAULT  + 0] sa0 = (float4) ModelViewProj[4]
[07:55:26.918] |E| [renderer::gl::compile_program]: Fragment info
-------------
0(25) : warning C7050: "internals[0].w" might be used before being initialized
0(25) : warning C7050: "internals[1]" might be used before being initialized


[07:55:27.244] |W| [ngs::create_voice_definition]: Missing voice definition for Buss Type 6, using passthrough.
[07:55:27.244] |W| [ngs::create_voice_definition]: Missing voice definition for Buss Type 1, using passthrough.
[07:55:27.244] |W| [ngs::create_voice_definition]: Missing voice definition for Buss Type 10, using passthrough.
[07:55:27.245] |W| [unimplemented_impl]: Unimplemented sceNgsSystemRelease import called.
[07:55:27.250] |D| [export_sceNgsVoicePlay]: sceNgsVoicePlay: 1
[07:55:27.250] |D| [export_sceNgsVoicePlay]: sceNgsVoicePlay: 1
[07:55:27.250] |D| [export_sceNgsVoicePlay]: sceNgsVoicePlay: 1
[07:55:27.250] |D| [export_sceNgsVoicePlay]: sceNgsVoicePlay: 1
[07:55:27.258] |W| [unimplemented_impl]: Unimplemented sceAppMgrAcquireBgmPort import called.
[07:55:27.269] |W| [unimplemented_impl]: Unimplemented sceNgsSystemLock import called.
[07:55:27.270] |W| [unimplemented_impl]: Unimplemented sceNgsSystemUnlock import called.
[07:55:29.485] |E| [logging::ret_error_impl]: sceKernelTryLockLwMutex returned SCE_KERNEL_ERROR_LW_MUTEX_FAILED_TO_OWN (0x80028185)
[07:55:33.827] |I| [renderer::gl::load_shader_generic]: Generating frag shader 919f0606724dd66812bb9d41194f659c940da36de8a24a8f88657643439bd922
[07:55:33.830] |D| [shader::create_fragment_inputs]: Iterator: pa0 = (float4) v_Color0
[07:55:33.837] |I| [renderer::gl::load_shader_generic]: Generating vert shader 6f594f8c1f43beebcf6b0e3c7af6d9a0212c920db53de07842948ac7d864d004
[07:55:33.839] |D| [shader::create_parameters]: [BUFFER0  + 0] pa0 = (float4) IN_ScreenVertex
[07:55:33.839] |D| [shader::create_parameters]: [BUFFER0  + 4] pa4 = (float4) IN_Color
[07:55:33.857] |I| [renderer::gl::load_shader_generic]: Generating frag shader 3312acb9ce72596bec3dd4592a74c08bdbb220d477d725522ffd00a23c054f08
[07:55:33.859] |D| [shader::create_fragment_inputs]: Iterator: pa0 = (float4) v_Color0
[07:55:33.866] |I| [renderer::gl::load_shader_generic]: Generating vert shader 7f4efffc1d1bd9cd69e68f9e6b6698ae01c0b83969cac7a8d9c449a3c613689d
[07:55:33.869] |D| [shader::create_parameters]: [BUFFER0  + 0] pa0 = (float4) IN_ScreenVertex
[07:55:33.869] |D| [shader::create_parameters]: [BUFFER0  + 4] pa4 = (float4) IN_Color
[07:55:33.869] |D| [shader::create_parameters]: [BUFFER0  + 8] pa8 = (float4) IN_TexCoord
[07:55:33.886] |E| [renderer::gl::compile_program]: Fragment info
-------------
0(20) : warning C7050: "sa[0]" might be used before being initialized


[07:55:42.642] |E| [call_import]: Import function for NID 0xE340C005 not found (thread name: PCSB00377, thread ID: 7)
[07:55:42.644] |E| [call_import]: Import function for NID 0xE340C006 not found (thread name: PCSB00377, thread ID: 7)
[07:55:43.111] |I| [export_sceIoOpen]: Opening file: savedata0:USR-DATA0000
[07:55:43.112] |E| [open_file]: Missing file at D:/Emulateurs/Vita3K/mc/ux0/user/00/savedata/PCSB00377/USR-DATA0000 (target path: savedata0:USR-DATA0000)
[07:55:43.112] |W| [io_error_impl]: open_file (sceIoOpen) returned 0x80010002
[07:55:43.113] |I| [export_sceIoOpen]: Opening file: savedata0:USR-DATA0001
[07:55:43.113] |E| [open_file]: Missing file at D:/Emulateurs/Vita3K/mc/ux0/user/00/savedata/PCSB00377/USR-DATA0001 (target path: savedata0:USR-DATA0001)
[07:55:43.113] |W| [io_error_impl]: open_file (sceIoOpen) returned 0x80010002
[07:55:43.113] |I| [export_sceIoOpen]: Opening file: savedata0:USR-DATA0002
[07:55:43.113] |E| [open_file]: Missing file at D:/Emulateurs/Vita3K/mc/ux0/user/00/savedata/PCSB00377/USR-DATA0002 (target path: savedata0:USR-DATA0002)
[07:55:43.114] |W| [io_error_impl]: open_file (sceIoOpen) returned 0x80010002
[07:55:43.114] |I| [export_sceIoOpen]: Opening file: savedata0:USR-DATA0003
[07:55:43.114] |E| [open_file]: Missing file at D:/Emulateurs/Vita3K/mc/ux0/user/00/savedata/PCSB00377/USR-DATA0003 (target path: savedata0:USR-DATA0003)
[07:55:43.114] |W| [io_error_impl]: open_file (sceIoOpen) returned 0x80010002
[07:55:43.114] |I| [export_sceIoOpen]: Opening file: savedata0:USR-DATA0004
[07:55:43.114] |E| [open_file]: Missing file at D:/Emulateurs/Vita3K/mc/ux0/user/00/savedata/PCSB00377/USR-DATA0004 (target path: savedata0:USR-DATA0004)
[07:55:43.114] |W| [io_error_impl]: open_file (sceIoOpen) returned 0x80010002
[07:55:43.114] |I| [export_sceIoOpen]: Opening file: savedata0:USR-DATA0005
[07:55:43.115] |E| [open_file]: Missing file at D:/Emulateurs/Vita3K/mc/ux0/user/00/savedata/PCSB00377/USR-DATA0005 (target path: savedata0:USR-DATA0005)
[07:55:43.115] |W| [io_error_impl]: open_file (sceIoOpen) returned 0x80010002
[07:55:43.115] |I| [export_sceIoOpen]: Opening file: savedata0:USR-DATA0006
[07:55:43.115] |E| [open_file]: Missing file at D:/Emulateurs/Vita3K/mc/ux0/user/00/savedata/PCSB00377/USR-DATA0006 (target path: savedata0:USR-DATA0006)
[07:55:43.115] |W| [io_error_impl]: open_file (sceIoOpen) returned 0x80010002
[07:55:43.115] |I| [export_sceIoOpen]: Opening file: savedata0:USR-DATA0007
[07:55:43.115] |E| [open_file]: Missing file at D:/Emulateurs/Vita3K/mc/ux0/user/00/savedata/PCSB00377/USR-DATA0007 (target path: savedata0:USR-DATA0007)
[07:55:43.115] |W| [io_error_impl]: open_file (sceIoOpen) returned 0x80010002
[07:55:43.116] |I| [export_sceIoOpen]: Opening file: savedata0:USR-DATA0008
[07:55:43.116] |E| [open_file]: Missing file at D:/Emulateurs/Vita3K/mc/ux0/user/00/savedata/PCSB00377/USR-DATA0008 (target path: savedata0:USR-DATA0008)
[07:55:43.116] |W| [io_error_impl]: open_file (sceIoOpen) returned 0x80010002
[07:55:43.116] |I| [export_sceIoOpen]: Opening file: savedata0:USR-DATA0009
[07:55:43.116] |E| [open_file]: Missing file at D:/Emulateurs/Vita3K/mc/ux0/user/00/savedata/PCSB00377/USR-DATA0009 (target path: savedata0:USR-DATA0009)
[07:55:43.116] |W| [io_error_impl]: open_file (sceIoOpen) returned 0x80010002
[07:55:43.116] |I| [export_sceIoOpen]: Opening file: savedata0:USR-DATA0010
[07:55:43.116] |E| [open_file]: Missing file at D:/Emulateurs/Vita3K/mc/ux0/user/00/savedata/PCSB00377/USR-DATA0010 (target path: savedata0:USR-DATA0010)
[07:55:43.116] |W| [io_error_impl]: open_file (sceIoOpen) returned 0x80010002
[07:55:43.117] |I| [export_sceIoOpen]: Opening file: savedata0:USR-DATA0011
[07:55:43.117] |E| [open_file]: Missing file at D:/Emulateurs/Vita3K/mc/ux0/user/00/savedata/PCSB00377/USR-DATA0011 (target path: savedata0:USR-DATA0011)
[07:55:43.117] |W| [io_error_impl]: open_file (sceIoOpen) returned 0x80010002
[07:55:43.117] |I| [export_sceIoOpen]: Opening file: savedata0:USR-DATA0012
[07:55:43.117] |E| [open_file]: Missing file at D:/Emulateurs/Vita3K/mc/ux0/user/00/savedata/PCSB00377/USR-DATA0012 (target path: savedata0:USR-DATA0012)
[07:55:43.117] |W| [io_error_impl]: open_file (sceIoOpen) returned 0x80010002
[07:55:43.117] |I| [export_sceIoOpen]: Opening file: savedata0:USR-DATA0013
[07:55:43.118] |E| [open_file]: Missing file at D:/Emulateurs/Vita3K/mc/ux0/user/00/savedata/PCSB00377/USR-DATA0013 (target path: savedata0:USR-DATA0013)
[07:55:43.118] |W| [io_error_impl]: open_file (sceIoOpen) returned 0x80010002
[07:55:43.118] |I| [export_sceIoOpen]: Opening file: savedata0:USR-DATA0014
[07:55:43.118] |E| [open_file]: Missing file at D:/Emulateurs/Vita3K/mc/ux0/user/00/savedata/PCSB00377/USR-DATA0014 (target path: savedata0:USR-DATA0014)
[07:55:43.118] |W| [io_error_impl]: open_file (sceIoOpen) returned 0x80010002
[07:55:43.118] |I| [export_sceIoOpen]: Opening file: savedata0:USR-DATA0015
[07:55:43.118] |E| [open_file]: Missing file at D:/Emulateurs/Vita3K/mc/ux0/user/00/savedata/PCSB00377/USR-DATA0015 (target path: savedata0:USR-DATA0015)
[07:55:43.118] |W| [io_error_impl]: open_file (sceIoOpen) returned 0x80010002
[07:55:43.119] |I| [export_sceIoOpen]: Opening file: savedata0:USR-DATA0016
[07:55:43.119] |E| [open_file]: Missing file at D:/Emulateurs/Vita3K/mc/ux0/user/00/savedata/PCSB00377/USR-DATA0016 (target path: savedata0:USR-DATA0016)
[07:55:43.119] |W| [io_error_impl]: open_file (sceIoOpen) returned 0x80010002
[07:55:43.119] |I| [export_sceIoOpen]: Opening file: savedata0:USR-DATA0017
[07:55:43.119] |E| [open_file]: Missing file at D:/Emulateurs/Vita3K/mc/ux0/user/00/savedata/PCSB00377/USR-DATA0017 (target path: savedata0:USR-DATA0017)
[07:55:43.119] |W| [io_error_impl]: open_file (sceIoOpen) returned 0x80010002
[07:55:43.119] |I| [export_sceIoOpen]: Opening file: savedata0:USR-DATA0018
[07:55:43.120] |E| [open_file]: Missing file at D:/Emulateurs/Vita3K/mc/ux0/user/00/savedata/PCSB00377/USR-DATA0018 (target path: savedata0:USR-DATA0018)
[07:55:43.120] |W| [io_error_impl]: open_file (sceIoOpen) returned 0x80010002
[07:55:43.120] |I| [export_sceIoOpen]: Opening file: savedata0:USR-DATA0019
[07:55:43.123] |E| [open_file]: Missing file at D:/Emulateurs/Vita3K/mc/ux0/user/00/savedata/PCSB00377/USR-DATA0019 (target path: savedata0:USR-DATA0019)
[07:55:43.124] |W| [io_error_impl]: open_file (sceIoOpen) returned 0x80010002
[07:55:43.124] |I| [export_sceIoOpen]: Opening file: savedata0:USR-DATA0020
[07:55:43.124] |E| [open_file]: Missing file at D:/Emulateurs/Vita3K/mc/ux0/user/00/savedata/PCSB00377/USR-DATA0020 (target path: savedata0:USR-DATA0020)
[07:55:43.124] |W| [io_error_impl]: open_file (sceIoOpen) returned 0x80010002
[07:55:43.124] |I| [export_sceIoOpen]: Opening file: savedata0:USR-DATA0021
[07:55:43.124] |E| [open_file]: Missing file at D:/Emulateurs/Vita3K/mc/ux0/user/00/savedata/PCSB00377/USR-DATA0021 (target path: savedata0:USR-DATA0021)
[07:55:43.124] |W| [io_error_impl]: open_file (sceIoOpen) returned 0x80010002
[07:55:43.124] |I| [export_sceIoOpen]: Opening file: savedata0:USR-DATA0022
[07:55:43.125] |E| [open_file]: Missing file at D:/Emulateurs/Vita3K/mc/ux0/user/00/savedata/PCSB00377/USR-DATA0022 (target path: savedata0:USR-DATA0022)
[07:55:43.125] |W| [io_error_impl]: open_file (sceIoOpen) returned 0x80010002
[07:55:43.125] |I| [export_sceIoOpen]: Opening file: savedata0:USR-DATA0023
[07:55:43.125] |E| [open_file]: Missing file at D:/Emulateurs/Vita3K/mc/ux0/user/00/savedata/PCSB00377/USR-DATA0023 (target path: savedata0:USR-DATA0023)
[07:55:43.125] |W| [io_error_impl]: open_file (sceIoOpen) returned 0x80010002
[07:55:43.125] |I| [export_sceIoOpen]: Opening file: savedata0:USR-DATA0024
[07:55:43.125] |E| [open_file]: Missing file at D:/Emulateurs/Vita3K/mc/ux0/user/00/savedata/PCSB00377/USR-DATA0024 (target path: savedata0:USR-DATA0024)
[07:55:43.125] |W| [io_error_impl]: open_file (sceIoOpen) returned 0x80010002
[07:55:43.126] |I| [export_sceIoOpen]: Opening file: savedata0:USR-DATA0025
[07:55:43.126] |E| [open_file]: Missing file at D:/Emulateurs/Vita3K/mc/ux0/user/00/savedata/PCSB00377/USR-DATA0025 (target path: savedata0:USR-DATA0025)
[07:55:43.126] |W| [io_error_impl]: open_file (sceIoOpen) returned 0x80010002
[07:55:43.126] |I| [export_sceIoOpen]: Opening file: savedata0:USR-DATA0026
[07:55:43.126] |E| [open_file]: Missing file at D:/Emulateurs/Vita3K/mc/ux0/user/00/savedata/PCSB00377/USR-DATA0026 (target path: savedata0:USR-DATA0026)
[07:55:43.126] |W| [io_error_impl]: open_file (sceIoOpen) returned 0x80010002
[07:55:43.126] |I| [export_sceIoOpen]: Opening file: savedata0:USR-DATA0027
[07:55:43.126] |E| [open_file]: Missing file at D:/Emulateurs/Vita3K/mc/ux0/user/00/savedata/PCSB00377/USR-DATA0027 (target path: savedata0:USR-DATA0027)
[07:55:43.126] |W| [io_error_impl]: open_file (sceIoOpen) returned 0x80010002
[07:55:43.127] |I| [export_sceIoOpen]: Opening file: savedata0:USR-DATA0028
[07:55:43.127] |E| [open_file]: Missing file at D:/Emulateurs/Vita3K/mc/ux0/user/00/savedata/PCSB00377/USR-DATA0028 (target path: savedata0:USR-DATA0028)
[07:55:43.127] |W| [io_error_impl]: open_file (sceIoOpen) returned 0x80010002
[07:55:43.127] |I| [export_sceIoOpen]: Opening file: savedata0:USR-DATA0029
[07:55:43.127] |E| [open_file]: Missing file at D:/Emulateurs/Vita3K/mc/ux0/user/00/savedata/PCSB00377/USR-DATA0029 (target path: savedata0:USR-DATA0029)
[07:55:43.127] |W| [io_error_impl]: open_file (sceIoOpen) returned 0x80010002
[07:55:43.127] |I| [export_sceIoOpen]: Opening file: savedata0:USR-DATA0030
[07:55:43.127] |E| [open_file]: Missing file at D:/Emulateurs/Vita3K/mc/ux0/user/00/savedata/PCSB00377/USR-DATA0030 (target path: savedata0:USR-DATA0030)
[07:55:43.128] |W| [io_error_impl]: open_file (sceIoOpen) returned 0x80010002
[07:55:43.128] |I| [export_sceIoOpen]: Opening file: savedata0:USR-DATA0031
[07:55:43.128] |E| [open_file]: Missing file at D:/Emulateurs/Vita3K/mc/ux0/user/00/savedata/PCSB00377/USR-DATA0031 (target path: savedata0:USR-DATA0031)
[07:55:43.128] |W| [io_error_impl]: open_file (sceIoOpen) returned 0x80010002
[07:55:43.128] |I| [export_sceIoOpen]: Opening file: savedata0:USR-DATA0032
[07:55:43.128] |E| [open_file]: Missing file at D:/Emulateurs/Vita3K/mc/ux0/user/00/savedata/PCSB00377/USR-DATA0032 (target path: savedata0:USR-DATA0032)
[07:55:43.128] |W| [io_error_impl]: open_file (sceIoOpen) returned 0x80010002
[07:55:43.128] |I| [export_sceIoOpen]: Opening file: savedata0:USR-DATA0033
[07:55:43.129] |E| [open_file]: Missing file at D:/Emulateurs/Vita3K/mc/ux0/user/00/savedata/PCSB00377/USR-DATA0033 (target path: savedata0:USR-DATA0033)
[07:55:43.129] |W| [io_error_impl]: open_file (sceIoOpen) returned 0x80010002
[07:55:43.129] |I| [export_sceIoOpen]: Opening file: savedata0:USR-DATA0034
[07:55:43.129] |E| [open_file]: Missing file at D:/Emulateurs/Vita3K/mc/ux0/user/00/savedata/PCSB00377/USR-DATA0034 (target path: savedata0:USR-DATA0034)
[07:55:43.129] |W| [io_error_impl]: open_file (sceIoOpen) returned 0x80010002
[07:55:43.129] |I| [export_sceIoOpen]: Opening file: savedata0:USR-DATA0035
[07:55:43.129] |E| [open_file]: Missing file at D:/Emulateurs/Vita3K/mc/ux0/user/00/savedata/PCSB00377/USR-DATA0035 (target path: savedata0:USR-DATA0035)
[07:55:43.129] |W| [io_error_impl]: open_file (sceIoOpen) returned 0x80010002
[07:55:43.129] |I| [export_sceIoOpen]: Opening file: savedata0:USR-DATA0036
[07:55:43.129] |E| [open_file]: Missing file at D:/Emulateurs/Vita3K/mc/ux0/user/00/savedata/PCSB00377/USR-DATA0036 (target path: savedata0:USR-DATA0036)
[07:55:43.130] |W| [io_error_impl]: open_file (sceIoOpen) returned 0x80010002
[07:55:43.130] |I| [export_sceIoOpen]: Opening file: savedata0:USR-DATA0037
[07:55:43.130] |E| [open_file]: Missing file at D:/Emulateurs/Vita3K/mc/ux0/user/00/savedata/PCSB00377/USR-DATA0037 (target path: savedata0:USR-DATA0037)
[07:55:43.130] |W| [io_error_impl]: open_file (sceIoOpen) returned 0x80010002
[07:55:43.130] |I| [export_sceIoOpen]: Opening file: savedata0:USR-DATA0038
[07:55:43.130] |E| [open_file]: Missing file at D:/Emulateurs/Vita3K/mc/ux0/user/00/savedata/PCSB00377/USR-DATA0038 (target path: savedata0:USR-DATA0038)
[07:55:43.130] |W| [io_error_impl]: open_file (sceIoOpen) returned 0x80010002
[07:55:43.130] |I| [export_sceIoOpen]: Opening file: savedata0:USR-DATA0039
[07:55:43.131] |E| [open_file]: Missing file at D:/Emulateurs/Vita3K/mc/ux0/user/00/savedata/PCSB00377/USR-DATA0039 (target path: savedata0:USR-DATA0039)
[07:55:43.131] |W| [io_error_impl]: open_file (sceIoOpen) returned 0x80010002
[07:55:43.131] |I| [export_sceIoOpen]: Opening file: savedata0:USR-DATA0040
[07:55:43.131] |E| [open_file]: Missing file at D:/Emulateurs/Vita3K/mc/ux0/user/00/savedata/PCSB00377/USR-DATA0040 (target path: savedata0:USR-DATA0040)
[07:55:43.131] |W| [io_error_impl]: open_file (sceIoOpen) returned 0x80010002
[07:55:43.131] |I| [export_sceIoOpen]: Opening file: savedata0:USR-DATA0041
[07:55:43.131] |E| [open_file]: Missing file at D:/Emulateurs/Vita3K/mc/ux0/user/00/savedata/PCSB00377/USR-DATA0041 (target path: savedata0:USR-DATA0041)
[07:55:43.131] |W| [io_error_impl]: open_file (sceIoOpen) returned 0x80010002
[07:55:43.132] |I| [export_sceIoOpen]: Opening file: savedata0:USR-DATA0042
[07:55:43.132] |E| [open_file]: Missing file at D:/Emulateurs/Vita3K/mc/ux0/user/00/savedata/PCSB00377/USR-DATA0042 (target path: savedata0:USR-DATA0042)
[07:55:43.132] |W| [io_error_impl]: open_file (sceIoOpen) returned 0x80010002
[07:55:43.132] |I| [export_sceIoOpen]: Opening file: savedata0:USR-DATA0043
[07:55:43.132] |E| [open_file]: Missing file at D:/Emulateurs/Vita3K/mc/ux0/user/00/savedata/PCSB00377/USR-DATA0043 (target path: savedata0:USR-DATA0043)
[07:55:43.132] |W| [io_error_impl]: open_file (sceIoOpen) returned 0x80010002
[07:55:43.132] |I| [export_sceIoOpen]: Opening file: savedata0:USR-DATA0044
[07:55:43.132] |E| [open_file]: Missing file at D:/Emulateurs/Vita3K/mc/ux0/user/00/savedata/PCSB00377/USR-DATA0044 (target path: savedata0:USR-DATA0044)
[07:55:43.132] |W| [io_error_impl]: open_file (sceIoOpen) returned 0x80010002
[07:55:43.133] |I| [export_sceIoOpen]: Opening file: savedata0:USR-DATA0045
[07:55:43.133] |E| [open_file]: Missing file at D:/Emulateurs/Vita3K/mc/ux0/user/00/savedata/PCSB00377/USR-DATA0045 (target path: savedata0:USR-DATA0045)
[07:55:43.133] |W| [io_error_impl]: open_file (sceIoOpen) returned 0x80010002
[07:55:43.133] |I| [export_sceIoOpen]: Opening file: savedata0:USR-DATA0046
[07:55:43.133] |E| [open_file]: Missing file at D:/Emulateurs/Vita3K/mc/ux0/user/00/savedata/PCSB00377/USR-DATA0046 (target path: savedata0:USR-DATA0046)
[07:55:43.133] |W| [io_error_impl]: open_file (sceIoOpen) returned 0x80010002
[07:55:43.133] |I| [export_sceIoOpen]: Opening file: savedata0:USR-DATA0047
[07:55:43.133] |E| [open_file]: Missing file at D:/Emulateurs/Vita3K/mc/ux0/user/00/savedata/PCSB00377/USR-DATA0047 (target path: savedata0:USR-DATA0047)
[07:55:43.133] |W| [io_error_impl]: open_file (sceIoOpen) returned 0x80010002
[07:55:43.133] |I| [export_sceIoOpen]: Opening file: savedata0:USR-DATA0048
[07:55:43.134] |E| [open_file]: Missing file at D:/Emulateurs/Vita3K/mc/ux0/user/00/savedata/PCSB00377/USR-DATA0048 (target path: savedata0:USR-DATA0048)
[07:55:43.134] |W| [io_error_impl]: open_file (sceIoOpen) returned 0x80010002
[07:55:43.134] |I| [export_sceIoOpen]: Opening file: savedata0:USR-DATA0049
[07:55:43.134] |E| [open_file]: Missing file at D:/Emulateurs/Vita3K/mc/ux0/user/00/savedata/PCSB00377/USR-DATA0049 (target path: savedata0:USR-DATA0049)
[07:55:43.134] |W| [io_error_impl]: open_file (sceIoOpen) returned 0x80010002
[07:55:43.134] |I| [export_sceIoOpen]: Opening file: savedata0:USR-DATA0050
[07:55:43.134] |E| [open_file]: Missing file at D:/Emulateurs/Vita3K/mc/ux0/user/00/savedata/PCSB00377/USR-DATA0050 (target path: savedata0:USR-DATA0050)
[07:55:43.134] |W| [io_error_impl]: open_file (sceIoOpen) returned 0x80010002
[07:55:43.135] |I| [export_sceIoOpen]: Opening file: savedata0:USR-DATA0051
[07:55:43.135] |E| [open_file]: Missing file at D:/Emulateurs/Vita3K/mc/ux0/user/00/savedata/PCSB00377/USR-DATA0051 (target path: savedata0:USR-DATA0051)
[07:55:43.135] |W| [io_error_impl]: open_file (sceIoOpen) returned 0x80010002
[07:55:43.135] |I| [export_sceIoOpen]: Opening file: savedata0:USR-DATA0052
[07:55:43.135] |E| [open_file]: Missing file at D:/Emulateurs/Vita3K/mc/ux0/user/00/savedata/PCSB00377/USR-DATA0052 (target path: savedata0:USR-DATA0052)
[07:55:43.135] |W| [io_error_impl]: open_file (sceIoOpen) returned 0x80010002
[07:55:43.135] |I| [export_sceIoOpen]: Opening file: savedata0:USR-DATA0053
[07:55:43.139] |E| [open_file]: Missing file at D:/Emulateurs/Vita3K/mc/ux0/user/00/savedata/PCSB00377/USR-DATA0053 (target path: savedata0:USR-DATA0053)
[07:55:43.139] |W| [io_error_impl]: open_file (sceIoOpen) returned 0x80010002
[07:55:43.139] |I| [export_sceIoOpen]: Opening file: savedata0:USR-DATA0054
[07:55:43.139] |E| [open_file]: Missing file at D:/Emulateurs/Vita3K/mc/ux0/user/00/savedata/PCSB00377/USR-DATA0054 (target path: savedata0:USR-DATA0054)
[07:55:43.139] |W| [io_error_impl]: open_file (sceIoOpen) returned 0x80010002
[07:55:43.139] |I| [export_sceIoOpen]: Opening file: savedata0:USR-DATA0055
[07:55:43.139] |E| [open_file]: Missing file at D:/Emulateurs/Vita3K/mc/ux0/user/00/savedata/PCSB00377/USR-DATA0055 (target path: savedata0:USR-DATA0055)
[07:55:43.140] |W| [io_error_impl]: open_file (sceIoOpen) returned 0x80010002
[07:55:43.140] |I| [export_sceIoOpen]: Opening file: savedata0:USR-DATA0056
[07:55:43.140] |E| [open_file]: Missing file at D:/Emulateurs/Vita3K/mc/ux0/user/00/savedata/PCSB00377/USR-DATA0056 (target path: savedata0:USR-DATA0056)
[07:55:43.140] |W| [io_error_impl]: open_file (sceIoOpen) returned 0x80010002
[07:55:43.140] |I| [export_sceIoOpen]: Opening file: savedata0:USR-DATA0057
[07:55:43.140] |E| [open_file]: Missing file at D:/Emulateurs/Vita3K/mc/ux0/user/00/savedata/PCSB00377/USR-DATA0057 (target path: savedata0:USR-DATA0057)
[07:55:43.140] |W| [io_error_impl]: open_file (sceIoOpen) returned 0x80010002
[07:55:43.140] |I| [export_sceIoOpen]: Opening file: savedata0:USR-DATA0058
[07:55:43.140] |E| [open_file]: Missing file at D:/Emulateurs/Vita3K/mc/ux0/user/00/savedata/PCSB00377/USR-DATA0058 (target path: savedata0:USR-DATA0058)
[07:55:43.140] |W| [io_error_impl]: open_file (sceIoOpen) returned 0x80010002
[07:55:43.140] |I| [export_sceIoOpen]: Opening file: savedata0:USR-DATA0059
[07:55:43.141] |E| [open_file]: Missing file at D:/Emulateurs/Vita3K/mc/ux0/user/00/savedata/PCSB00377/USR-DATA0059 (target path: savedata0:USR-DATA0059)
[07:55:43.141] |W| [io_error_impl]: open_file (sceIoOpen) returned 0x80010002
[07:55:43.141] |I| [export_sceIoOpen]: Opening file: savedata0:USR-DATA0060
[07:55:43.141] |E| [open_file]: Missing file at D:/Emulateurs/Vita3K/mc/ux0/user/00/savedata/PCSB00377/USR-DATA0060 (target path: savedata0:USR-DATA0060)
[07:55:43.141] |W| [io_error_impl]: open_file (sceIoOpen) returned 0x80010002
[07:55:43.141] |I| [export_sceIoOpen]: Opening file: savedata0:USR-DATA0061
[07:55:43.141] |E| [open_file]: Missing file at D:/Emulateurs/Vita3K/mc/ux0/user/00/savedata/PCSB00377/USR-DATA0061 (target path: savedata0:USR-DATA0061)
[07:55:43.141] |W| [io_error_impl]: open_file (sceIoOpen) returned 0x80010002
[07:55:43.141] |I| [export_sceIoOpen]: Opening file: savedata0:USR-DATA0062
[07:55:43.142] |E| [open_file]: Missing file at D:/Emulateurs/Vita3K/mc/ux0/user/00/savedata/PCSB00377/USR-DATA0062 (target path: savedata0:USR-DATA0062)
[07:55:43.142] |W| [io_error_impl]: open_file (sceIoOpen) returned 0x80010002
[07:55:43.142] |I| [export_sceIoOpen]: Opening file: savedata0:USR-DATA0063
[07:55:43.142] |E| [open_file]: Missing file at D:/Emulateurs/Vita3K/mc/ux0/user/00/savedata/PCSB00377/USR-DATA0063 (target path: savedata0:USR-DATA0063)
[07:55:43.142] |W| [io_error_impl]: open_file (sceIoOpen) returned 0x80010002
[07:55:43.142] |I| [export_sceIoOpen]: Opening file: savedata0:USR-DATA0064
[07:55:43.142] |E| [open_file]: Missing file at D:/Emulateurs/Vita3K/mc/ux0/user/00/savedata/PCSB00377/USR-DATA0064 (target path: savedata0:USR-DATA0064)
[07:55:43.142] |W| [io_error_impl]: open_file (sceIoOpen) returned 0x80010002
[07:55:43.142] |I| [export_sceIoOpen]: Opening file: savedata0:USR-DATA0065
[07:55:43.142] |E| [open_file]: Missing file at D:/Emulateurs/Vita3K/mc/ux0/user/00/savedata/PCSB00377/USR-DATA0065 (target path: savedata0:USR-DATA0065)
[07:55:43.143] |W| [io_error_impl]: open_file (sceIoOpen) returned 0x80010002
[07:55:43.143] |I| [export_sceIoOpen]: Opening file: savedata0:USR-DATA0066
[07:55:43.143] |E| [open_file]: Missing file at D:/Emulateurs/Vita3K/mc/ux0/user/00/savedata/PCSB00377/USR-DATA0066 (target path: savedata0:USR-DATA0066)
[07:55:43.143] |W| [io_error_impl]: open_file (sceIoOpen) returned 0x80010002
[07:55:43.143] |I| [export_sceIoOpen]: Opening file: savedata0:USR-DATA0067
[07:55:43.143] |E| [open_file]: Missing file at D:/Emulateurs/Vita3K/mc/ux0/user/00/savedata/PCSB00377/USR-DATA0067 (target path: savedata0:USR-DATA0067)
[07:55:43.143] |W| [io_error_impl]: open_file (sceIoOpen) returned 0x80010002
[07:55:43.143] |I| [export_sceIoOpen]: Opening file: savedata0:USR-DATA0068
[07:55:43.143] |E| [open_file]: Missing file at D:/Emulateurs/Vita3K/mc/ux0/user/00/savedata/PCSB00377/USR-DATA0068 (target path: savedata0:USR-DATA0068)
[07:55:43.144] |W| [io_error_impl]: open_file (sceIoOpen) returned 0x80010002
[07:55:43.144] |I| [export_sceIoOpen]: Opening file: savedata0:USR-DATA0069
[07:55:43.144] |E| [open_file]: Missing file at D:/Emulateurs/Vita3K/mc/ux0/user/00/savedata/PCSB00377/USR-DATA0069 (target path: savedata0:USR-DATA0069)
[07:55:43.144] |W| [io_error_impl]: open_file (sceIoOpen) returned 0x80010002
[07:55:43.144] |I| [export_sceIoOpen]: Opening file: savedata0:USR-DATA0070
[07:55:43.144] |E| [open_file]: Missing file at D:/Emulateurs/Vita3K/mc/ux0/user/00/savedata/PCSB00377/USR-DATA0070 (target path: savedata0:USR-DATA0070)
[07:55:43.144] |W| [io_error_impl]: open_file (sceIoOpen) returned 0x80010002
[07:55:43.144] |I| [export_sceIoOpen]: Opening file: savedata0:USR-DATA0071
[07:55:43.145] |E| [open_file]: Missing file at D:/Emulateurs/Vita3K/mc/ux0/user/00/savedata/PCSB00377/USR-DATA0071 (target path: savedata0:USR-DATA0071)
[07:55:43.145] |W| [io_error_impl]: open_file (sceIoOpen) returned 0x80010002
[07:55:43.145] |I| [export_sceIoOpen]: Opening file: savedata0:USR-DATA0072
[07:55:43.145] |E| [open_file]: Missing file at D:/Emulateurs/Vita3K/mc/ux0/user/00/savedata/PCSB00377/USR-DATA0072 (target path: savedata0:USR-DATA0072)
[07:55:43.145] |W| [io_error_impl]: open_file (sceIoOpen) returned 0x80010002
[07:55:43.145] |I| [export_sceIoOpen]: Opening file: savedata0:USR-DATA0073
[07:55:43.145] |E| [open_file]: Missing file at D:/Emulateurs/Vita3K/mc/ux0/user/00/savedata/PCSB00377/USR-DATA0073 (target path: savedata0:USR-DATA0073)
[07:55:43.145] |W| [io_error_impl]: open_file (sceIoOpen) returned 0x80010002
[07:55:43.145] |I| [export_sceIoOpen]: Opening file: savedata0:USR-DATA0074
[07:55:43.146] |E| [open_file]: Missing file at D:/Emulateurs/Vita3K/mc/ux0/user/00/savedata/PCSB00377/USR-DATA0074 (target path: savedata0:USR-DATA0074)
[07:55:43.146] |W| [io_error_impl]: open_file (sceIoOpen) returned 0x80010002
[07:55:43.146] |I| [export_sceIoOpen]: Opening file: savedata0:USR-DATA0075
[07:55:43.146] |E| [open_file]: Missing file at D:/Emulateurs/Vita3K/mc/ux0/user/00/savedata/PCSB00377/USR-DATA0075 (target path: savedata0:USR-DATA0075)
[07:55:43.146] |W| [io_error_impl]: open_file (sceIoOpen) returned 0x80010002
[07:55:43.146] |I| [export_sceIoOpen]: Opening file: savedata0:USR-DATA0076
[07:55:43.146] |E| [open_file]: Missing file at D:/Emulateurs/Vita3K/mc/ux0/user/00/savedata/PCSB00377/USR-DATA0076 (target path: savedata0:USR-DATA0076)
[07:55:43.147] |W| [io_error_impl]: open_file (sceIoOpen) returned 0x80010002
[07:55:43.147] |I| [export_sceIoOpen]: Opening file: savedata0:USR-DATA0077
[07:55:43.147] |E| [open_file]: Missing file at D:/Emulateurs/Vita3K/mc/ux0/user/00/savedata/PCSB00377/USR-DATA0077 (target path: savedata0:USR-DATA0077)
[07:55:43.147] |W| [io_error_impl]: open_file (sceIoOpen) returned 0x80010002
[07:55:43.147] |I| [export_sceIoOpen]: Opening file: savedata0:USR-DATA0078
[07:55:43.147] |E| [open_file]: Missing file at D:/Emulateurs/Vita3K/mc/ux0/user/00/savedata/PCSB00377/USR-DATA0078 (target path: savedata0:USR-DATA0078)
[07:55:43.147] |W| [io_error_impl]: open_file (sceIoOpen) returned 0x80010002
[07:55:43.148] |I| [export_sceIoOpen]: Opening file: savedata0:USR-DATA0079
[07:55:43.148] |E| [open_file]: Missing file at D:/Emulateurs/Vita3K/mc/ux0/user/00/savedata/PCSB00377/USR-DATA0079 (target path: savedata0:USR-DATA0079)
[07:55:43.148] |W| [io_error_impl]: open_file (sceIoOpen) returned 0x80010002
[07:55:43.148] |I| [export_sceIoOpen]: Opening file: savedata0:USR-DATA0080
[07:55:43.148] |E| [open_file]: Missing file at D:/Emulateurs/Vita3K/mc/ux0/user/00/savedata/PCSB00377/USR-DATA0080 (target path: savedata0:USR-DATA0080)
[07:55:43.148] |W| [io_error_impl]: open_file (sceIoOpen) returned 0x80010002
[07:55:43.148] |I| [export_sceIoOpen]: Opening file: savedata0:USR-DATA0081
[07:55:43.148] |E| [open_file]: Missing file at D:/Emulateurs/Vita3K/mc/ux0/user/00/savedata/PCSB00377/USR-DATA0081 (target path: savedata0:USR-DATA0081)
[07:55:43.148] |W| [io_error_impl]: open_file (sceIoOpen) returned 0x80010002
[07:55:43.149] |I| [export_sceIoOpen]: Opening file: savedata0:USR-DATA0082
[07:55:43.149] |E| [open_file]: Missing file at D:/Emulateurs/Vita3K/mc/ux0/user/00/savedata/PCSB00377/USR-DATA0082 (target path: savedata0:USR-DATA0082)
[07:55:43.149] |W| [io_error_impl]: open_file (sceIoOpen) returned 0x80010002
[07:55:43.149] |I| [export_sceIoOpen]: Opening file: savedata0:USR-DATA0083
[07:55:43.149] |E| [open_file]: Missing file at D:/Emulateurs/Vita3K/mc/ux0/user/00/savedata/PCSB00377/USR-DATA0083 (target path: savedata0:USR-DATA0083)
[07:55:43.149] |W| [io_error_impl]: open_file (sceIoOpen) returned 0x80010002
[07:55:43.149] |I| [export_sceIoOpen]: Opening file: savedata0:USR-DATA0084
[07:55:43.150] |E| [open_file]: Missing file at D:/Emulateurs/Vita3K/mc/ux0/user/00/savedata/PCSB00377/USR-DATA0084 (target path: savedata0:USR-DATA0084)
[07:55:43.150] |W| [io_error_impl]: open_file (sceIoOpen) returned 0x80010002
[07:55:43.150] |I| [export_sceIoOpen]: Opening file: savedata0:USR-DATA0085
[07:55:43.150] |E| [open_file]: Missing file at D:/Emulateurs/Vita3K/mc/ux0/user/00/savedata/PCSB00377/USR-DATA0085 (target path: savedata0:USR-DATA0085)
[07:55:43.150] |W| [io_error_impl]: open_file (sceIoOpen) returned 0x80010002
[07:55:43.150] |I| [export_sceIoOpen]: Opening file: savedata0:USR-DATA0086
[07:55:43.150] |E| [open_file]: Missing file at D:/Emulateurs/Vita3K/mc/ux0/user/00/savedata/PCSB00377/USR-DATA0086 (target path: savedata0:USR-DATA0086)
[07:55:43.150] |W| [io_error_impl]: open_file (sceIoOpen) returned 0x80010002
[07:55:43.150] |I| [export_sceIoOpen]: Opening file: savedata0:USR-DATA0087
[07:55:43.151] |E| [open_file]: Missing file at D:/Emulateurs/Vita3K/mc/ux0/user/00/savedata/PCSB00377/USR-DATA0087 (target path: savedata0:USR-DATA0087)
[07:55:43.151] |W| [io_error_impl]: open_file (sceIoOpen) returned 0x80010002
[07:55:43.151] |I| [export_sceIoOpen]: Opening file: savedata0:USR-DATA0088
[07:55:43.154] |E| [open_file]: Missing file at D:/Emulateurs/Vita3K/mc/ux0/user/00/savedata/PCSB00377/USR-DATA0088 (target path: savedata0:USR-DATA0088)
[07:55:43.155] |W| [io_error_impl]: open_file (sceIoOpen) returned 0x80010002
[07:55:43.155] |I| [export_sceIoOpen]: Opening file: savedata0:USR-DATA0089
[07:55:43.155] |E| [open_file]: Missing file at D:/Emulateurs/Vita3K/mc/ux0/user/00/savedata/PCSB00377/USR-DATA0089 (target path: savedata0:USR-DATA0089)
[07:55:43.155] |W| [io_error_impl]: open_file (sceIoOpen) returned 0x80010002
[07:55:43.155] |I| [export_sceIoOpen]: Opening file: savedata0:USR-DATA0090
[07:55:43.155] |E| [open_file]: Missing file at D:/Emulateurs/Vita3K/mc/ux0/user/00/savedata/PCSB00377/USR-DATA0090 (target path: savedata0:USR-DATA0090)
[07:55:43.155] |W| [io_error_impl]: open_file (sceIoOpen) returned 0x80010002
[07:55:43.155] |I| [export_sceIoOpen]: Opening file: savedata0:USR-DATA0091
[07:55:43.156] |E| [open_file]: Missing file at D:/Emulateurs/Vita3K/mc/ux0/user/00/savedata/PCSB00377/USR-DATA0091 (target path: savedata0:USR-DATA0091)
[07:55:43.156] |W| [io_error_impl]: open_file (sceIoOpen) returned 0x80010002
[07:55:43.156] |I| [export_sceIoOpen]: Opening file: savedata0:USR-DATA0092
[07:55:43.156] |E| [open_file]: Missing file at D:/Emulateurs/Vita3K/mc/ux0/user/00/savedata/PCSB00377/USR-DATA0092 (target path: savedata0:USR-DATA0092)
[07:55:43.156] |W| [io_error_impl]: open_file (sceIoOpen) returned 0x80010002
[07:55:43.156] |I| [export_sceIoOpen]: Opening file: savedata0:USR-DATA0093
[07:55:43.156] |E| [open_file]: Missing file at D:/Emulateurs/Vita3K/mc/ux0/user/00/savedata/PCSB00377/USR-DATA0093 (target path: savedata0:USR-DATA0093)
[07:55:43.156] |W| [io_error_impl]: open_file (sceIoOpen) returned 0x80010002
[07:55:43.157] |I| [export_sceIoOpen]: Opening file: savedata0:USR-DATA0094
[07:55:43.157] |E| [open_file]: Missing file at D:/Emulateurs/Vita3K/mc/ux0/user/00/savedata/PCSB00377/USR-DATA0094 (target path: savedata0:USR-DATA0094)
[07:55:43.157] |W| [io_error_impl]: open_file (sceIoOpen) returned 0x80010002
[07:55:43.157] |I| [export_sceIoOpen]: Opening file: savedata0:USR-DATA0095
[07:55:43.157] |E| [open_file]: Missing file at D:/Emulateurs/Vita3K/mc/ux0/user/00/savedata/PCSB00377/USR-DATA0095 (target path: savedata0:USR-DATA0095)
[07:55:43.157] |W| [io_error_impl]: open_file (sceIoOpen) returned 0x80010002
[07:55:43.157] |I| [export_sceIoOpen]: Opening file: savedata0:USR-DATA0096
[07:55:43.157] |E| [open_file]: Missing file at D:/Emulateurs/Vita3K/mc/ux0/user/00/savedata/PCSB00377/USR-DATA0096 (target path: savedata0:USR-DATA0096)
[07:55:43.158] |W| [io_error_impl]: open_file (sceIoOpen) returned 0x80010002
[07:55:43.158] |I| [export_sceIoOpen]: Opening file: savedata0:USR-DATA0097
[07:55:43.158] |E| [open_file]: Missing file at D:/Emulateurs/Vita3K/mc/ux0/user/00/savedata/PCSB00377/USR-DATA0097 (target path: savedata0:USR-DATA0097)
[07:55:43.158] |W| [io_error_impl]: open_file (sceIoOpen) returned 0x80010002
[07:55:43.158] |I| [export_sceIoOpen]: Opening file: savedata0:USR-DATA0098
[07:55:43.158] |E| [open_file]: Missing file at D:/Emulateurs/Vita3K/mc/ux0/user/00/savedata/PCSB00377/USR-DATA0098 (target path: savedata0:USR-DATA0098)
[07:55:43.158] |W| [io_error_impl]: open_file (sceIoOpen) returned 0x80010002
[07:55:43.233] |W| [stubbed_impl]: Stubbed sceKernelWaitSemaCB import called