[06:06:35.159] |I| [load_app_impl]: cpu-backend: Dynarmic
[06:06:35.159] |I| [load_app_impl]: CPU Optimisation state: true
[06:06:35.159] |I| [load_app_impl]: at9 audio decoder state: true
[06:06:35.159] |I| [load_app_impl]: ngs experimental state: true
[06:06:35.160] |I| [load_app_impl]: video player state: true
[06:06:35.160] |I| [load_app_impl]: lle-modules: libpgf,libSceXml,libsas,liblocation,libhandwriting,libSceJson,librudp
[06:06:35.160] |I| [load_app_impl]: Title: LEGO® Batman™ 2: DC Super Heroes
[06:06:35.160] |I| [load_app_impl]: Serial: PCSB00133
[06:06:35.160] |I| [load_app_impl]: Version: 1.00
[06:06:35.160] |I| [load_app_impl]: Category: gd
[06:06:35.226] |C| [load_self]: Unknown segment type 0x6FFFFF01
[06:06:35.227] |I| [load_self]: Loaded module segment 0 @ [0x00007000 - 0x000437DC / 0x81000000] (size: 0x0003C7DC) of module ux0:app\PCSB00133\sce_module\libc.suprx
[06:06:35.227] |I| [load_self]: Loaded module segment 1 @ [0x00044000 - 0x00046374 / 0x8103D000] (size: 0x00002374) of module ux0:app\PCSB00133\sce_module\libc.suprx
[06:06:35.227] |I| [load_self]: Loading symbols for SELF: ux0:app\PCSB00133\sce_module\libc.suprx
[06:06:35.227] |D| [load_var_exports]: 	NID 0x6C2224BA (NID_MODULE_INFO) at 0x35220
[06:06:35.228] |W| [load_var_imports]: 	NID NOT FOUND 0xDF084DFA (UNRECOGNISED) at 0x389F0, setting to stub value 0xDEADBEEF
[06:06:35.228] |I| [pre_load_module]: Pre-load module SceLibc (at "app\PCSB00133\sce_module\libc.suprx") loaded
[06:06:35.272] |C| [load_self]: Unknown segment type 0x6FFFFF01
[06:06:35.272] |I| [load_self]: Loaded module segment 0 @ [0x00048000 - 0x0006A1B0 / 0x81000000] (size: 0x000221B0) of module ux0:app\PCSB00133\sce_module\libfios2.suprx
[06:06:35.272] |I| [load_self]: Loaded module segment 1 @ [0x0006B000 - 0x000701B8 / 0x81023000] (size: 0x000051B8) of module ux0:app\PCSB00133\sce_module\libfios2.suprx
[06:06:35.272] |I| [load_self]: Loading symbols for SELF: ux0:app\PCSB00133\sce_module\libfios2.suprx
[06:06:35.272] |D| [load_var_exports]: 	NID 0x6C2224BA (NID_MODULE_INFO) at 0x63CB0
[06:06:35.273] |I| [pre_load_module]: Pre-load module SceLibFios2 (at "app\PCSB00133\sce_module\libfios2.suprx") loaded
[06:06:35.278] |C| [load_self]: Unknown segment type 0x6FFFFF01
[06:06:35.278] |I| [load_self]: Loaded module segment 0 @ [0x00071000 - 0x0008506C / 0x81000000] (size: 0x0001406C) of module ux0:app\PCSB00133\sce_module\libult.suprx
[06:06:35.278] |I| [load_self]: Loaded module segment 1 @ [0x00086000 - 0x00086814 / 0x81015000] (size: 0x00000814) of module ux0:app\PCSB00133\sce_module\libult.suprx
[06:06:35.278] |I| [load_self]: Loading symbols for SELF: ux0:app\PCSB00133\sce_module\libult.suprx
[06:06:35.279] |D| [load_var_exports]: 	NID 0x6C2224BA (NID_MODULE_INFO) at 0x81B68
[06:06:35.279] |I| [pre_load_module]: Pre-load module SceUlt (at "app\PCSB00133\sce_module\libult.suprx") loaded
[06:06:35.285] |I| [load_self]: Loaded module segment 0 @ [0x00087000 - 0x000D7F04 / 0x81000000] (size: 0x00050F04) of module vs0:sys/external/libSceFt2.suprx
[06:06:35.287] |I| [load_self]: Loaded module segment 1 @ [0x000D8000 - 0x000D82F4 / 0x81051000] (size: 0x000002F4) of module vs0:sys/external/libSceFt2.suprx
[06:06:35.287] |I| [load_self]: Loading symbols for SELF: vs0:sys/external/libSceFt2.suprx
[06:06:35.288] |D| [load_var_exports]: 	NID 0x936C8A78 (SYSLYB) at 0xC37DC
[06:06:35.288] |D| [load_var_exports]: 	NID 0x6C2224BA (NID_MODULE_INFO) at 0xC2F10
[06:06:35.288] |W| [load_var_imports]: 	NID NOT FOUND 0x93B8AA67 (UNRECOGNISED) at 0xD7EE0, setting to stub value 0xDEADBEEF
[06:06:35.288] |I| [pre_load_module]: Pre-load module SceLibft2 (at "sys/external/libSceFt2.suprx") loaded
[06:06:35.291] |I| [load_self]: Loaded module segment 0 @ [0x000DA000 - 0x000E9F14 / 0x81000000] (size: 0x0000FF14) of module vs0:sys/external/libpvf.suprx
[06:06:35.291] |I| [load_self]: Loaded module segment 1 @ [0x000EA000 - 0x000EA008 / 0x81010000] (size: 0x00000008) of module vs0:sys/external/libpvf.suprx
[06:06:35.291] |I| [load_self]: Loading symbols for SELF: vs0:sys/external/libpvf.suprx
[06:06:35.291] |D| [load_var_exports]: 	NID 0x936C8A78 (SYSLYB) at 0xE8710
[06:06:35.291] |D| [load_var_exports]: 	NID 0x6C2224BA (NID_MODULE_INFO) at 0xE8300
[06:06:35.291] |I| [pre_load_module]: Pre-load module SceLibPvf (at "sys/external/libpvf.suprx") loaded
[06:06:35.354] |C| [load_self]: Unknown segment type 0x6FFFFF01
[06:06:35.354] |I| [load_self]: Loaded module segment 0 @ [0x81000000 - 0x8117E2F0 / 0x81000000] (size: 0x0017E2F0) of module app0:eboot.bin
[06:06:35.355] |I| [load_self]: Loaded module segment 1 @ [0x8117F000 - 0x81208FF0 / 0x8117F000] (size: 0x00089FF0) of module app0:eboot.bin
[06:06:35.355] |I| [load_self]: Loading symbols for SELF: app0:eboot.bin
[06:06:35.355] |D| [load_var_exports]: 	NID 0x6C2224BA (NID_MODULE_INFO) at 0x8115760C
[06:06:35.355] |D| [load_var_exports]: 	NID 0x70FBA1E7 (SCE_PROC_PARAMS) at 0x8117FBB8
[06:06:35.355] |I| [load_app_impl]: Main executable LEGO_SH1_PSP2_EU (eboot.bin) loaded
[06:06:35.362] |D| [run_app]: Running module_start of library: SceLibc at address 0x75E5
[06:06:35.373] |I| [export_sceIoOpen]: Opening file: tty0:
[06:06:35.373] |I| [export_sceIoOpen]: Opening file: tty0:
[06:06:35.373] |I| [export_sceIoOpen]: Opening file: tty1:
[06:06:35.378] |I| [run_app]: Module SceLibc (at "ux0:app\PCSB00133\sce_module\libc.suprx") module_start returned 0x0
[06:06:35.383] |D| [run_app]: Running module_start of library: SceLibFios2 at address 0x48001
[06:06:35.390] |W| [stubbed_impl]: Stubbed sceKernelGetProcessId import called. (pid: 0)
[06:06:35.390] |W| [stubbed_impl]: Stubbed _sceFiosKernelOverlayGetList import called. (Set pActualIDs to 0)
[06:06:35.390] |D| [export__sceFiosKernelOverlayGetList]: pid: 0
[06:06:35.390] |D| [export__sceFiosKernelOverlayGetList]: buffer_size: 0
[06:06:35.390] |D| [export__sceFiosKernelOverlayGetList]: maxIDs: 0
[06:06:35.391] |D| [export__sceFiosKernelOverlayGetList]: pActualIDs: 0
[06:06:35.391] |I| [run_app]: Module SceLibFios2 (at "ux0:app\PCSB00133\sce_module\libfios2.suprx") module_start returned 0x0
[06:06:35.394] |D| [run_app]: Running module_start of library: SceUlt at address 0x74B71
[06:06:35.401] |I| [run_app]: Module SceUlt (at "ux0:app\PCSB00133\sce_module\libult.suprx") module_start returned 0x0
[06:06:35.415] |W| [stubbed_impl]: Stubbed sceKernelGetThreadInfo import called. (STUB)
[06:06:35.416] |W| [stubbed_impl]: Stubbed sceKernelLockLwMutexCB import called. (no CB)
[06:06:35.437] |W| [unimplemented_impl]: Unimplemented sceAppUtilInit import called.
[06:06:35.449] |W| [stubbed_impl]: Stubbed sceGxmMapMemory import called. (always return success)
[06:06:35.451] |W| [stubbed_impl]: Stubbed sceGxmMapFragmentUsseMemory import called. (always return success)
[06:06:35.494] |W| [stubbed_impl]: Stubbed sceGxmMapVertexUsseMemory import called. (always return success)
[06:06:35.497] |W| [stubbed_impl]: Stubbed sceGxmGetRenderTargetMemSize import called. (2MB host mem)
[06:06:35.554] |W| [unimplemented_impl]: Unimplemented sceGxmDepthStencilSurfaceSetForceStoreMode import called.
[06:06:35.555] |W| [unimplemented_impl]: Unimplemented sceGxmDepthStencilSurfaceSetForceLoadMode import called.
[06:06:35.724] |I| [export_sceIoOpen]: Opening file: app0:prebuiltshaders_psp2.fib
[06:06:35.755] |W| [unimplemented_impl]: Unimplemented sceKernelCreateCallback import called.
[06:06:35.763] |W| [unimplemented_impl]: Unimplemented sceDisplayRegisterVblankStartCallback import called.
[06:06:35.763] |W| [stubbed_impl]: Stubbed sceKernelCheckCallback import called. (checkcallback)
[06:06:36.131] |W| [unimplemented_impl]: Unimplemented sceKernelChangeThreadCpuAffinityMask import called.
[06:06:36.132] |W| [stubbed_impl]: Stubbed sceKernelWaitEventFlagCB import called. (no CB)
[06:06:36.132] |W| [stubbed_impl]: Stubbed sceKernelChangeThreadPriority import called. (STUB)
[06:06:36.146] |D| [export_sceTouchEnableTouchForce]: port: 0, state: 1
[06:06:36.146] |D| [export_sceTouchEnableTouchForce]: port: 1, state: 0
[06:06:36.146] |D| [export_sceTouchEnableTouchForce]: port: 0, state: 1
[06:06:36.146] |D| [export_sceTouchEnableTouchForce]: port: 1, state: 1
[06:06:36.147] |W| [unimplemented_impl]: Unimplemented sceMotionStartSampling import called.
[06:06:36.148] |I| [load_module]: Loading module ID: 0xD
[06:06:36.151] |I| [load_self]: Loaded module segment 0 @ [0x0AF3E000 - 0x0AF55244 / 0x81000000] (size: 0x00017244) of module sys/external/libsas.suprx
[06:06:36.151] |I| [load_self]: Loaded module segment 1 @ [0x0AF56000 - 0x0AF56038 / 0x81018000] (size: 0x00000038) of module sys/external/libsas.suprx
[06:06:36.151] |I| [load_self]: Loading symbols for SELF: sys/external/libsas.suprx
[06:06:36.151] |D| [load_var_exports]: 	NID 0x936C8A78 (SYSLYB) at 0xAF52004
[06:06:36.152] |D| [load_var_exports]: 	NID 0x6C2224BA (NID_MODULE_INFO) at 0xAF51BF0
[06:06:36.152] |I| [load_module]: Module SceSasUser (at "sys/external/libsas.suprx") loaded
[06:06:36.193] |W| [stubbed_impl]: Stubbed sceKernelDelayThreadCB import called. (no CB)
[06:06:36.204] |E| [call_import]: Import function for NID 0xE340CAF4 not found (thread name: fnaSound_SASCoreUpdate, thread ID: 114)
[06:06:36.212] |W| [unimplemented_impl]: Unimplemented sceCommonDialogSetConfigParam import called.
[06:06:36.215] |W| [unimplemented_impl]: Unimplemented sceGxmSetFrontLineFillLastPixelEnable import called.
[06:06:36.216] |W| [unimplemented_impl]: Unimplemented sceGxmSetFrontVisibilityTestEnable import called.
[06:06:36.216] |W| [unimplemented_impl]: Unimplemented sceGxmSetFrontVisibilityTestIndex import called.
[06:06:36.216] |W| [unimplemented_impl]: Unimplemented sceGxmSetFrontVisibilityTestOp import called.
[06:06:36.216] |W| [unimplemented_impl]: Unimplemented sceGxmSetBackLineFillLastPixelEnable import called.
[06:06:36.217] |W| [unimplemented_impl]: Unimplemented sceGxmSetBackVisibilityTestEnable import called.
[06:06:36.217] |W| [unimplemented_impl]: Unimplemented sceGxmSetBackVisibilityTestIndex import called.
[06:06:36.217] |W| [unimplemented_impl]: Unimplemented sceGxmSetBackVisibilityTestOp import called.
[06:06:36.237] |W| [stubbed_impl]: Stubbed __sceAppMgrGetAppState import called. (Set to 0.)
[06:06:36.241] |W| [stubbed_impl]: Stubbed sceNetCtlInit import called. (Stub)
[06:06:36.241] |W| [unimplemented_impl]: Unimplemented sceSslInit import called.
[06:06:36.241] |W| [unimplemented_impl]: Unimplemented sceHttpInit import called.
[06:06:36.254] |D| [renderer::gl::texture::translate_swizzle]: base format: 0, swizzle: 4096
[06:06:36.254] |I| [renderer::gl::load_shader_generic]: Generating frag shader 077fb1464664360a676a80263a528d9d4a68a317fa80a82eae0746fd0e4af9f7
[06:06:36.256] |D| [shader::create_parameters]: [DEFAULT  + 0] sa0 = (float4) AlphaFade
[06:06:36.256] |D| [shader::create_parameters]: [DEFAULT  + 4] sa4 = (float1) OverBright
[06:06:36.256] |D| [shader::create_parameters]: [DEFAULT  + 6] sa6 = (float4) FogColour
[06:06:36.256] |D| [shader::create_fragment_inputs]: Iterator: pa0 = (half4) v_Color0
[06:06:36.256] |D| [shader::create_fragment_inputs]: Iterator: pa2 = (float1) v_Fog
[06:06:36.263] |I| [renderer::gl::load_shader_generic]: Generating vert shader 413475a292486ef9f4d967fc9ae0e9439c542030b9863ff99b41e0019cdb3b0b
[06:06:36.264] |D| [shader::create_parameters]: [BUFFER0  + 0] pa0 = (float4) vsin_Position
[06:06:36.264] |D| [shader::create_parameters]: [BUFFER0  + 4] pa4 = (float4) vsin_Colour
[06:06:36.264] |D| [shader::create_parameters]: [DEFAULT  + 0] sa0 = (float4) ViewComposite[4]
[06:06:36.264] |D| [shader::create_parameters]: [DEFAULT  + 16] sa16 = (float4) ModelView[4]
[06:06:36.264] |D| [shader::create_parameters]: [DEFAULT  + 32] sa32 = (float4) FogRange
[06:06:36.264] |D| [shader::create_parameters]: [DEFAULT  + 36] sa36 = (float4) MaterialColour
[06:06:36.265] |E| [logging::ret_error_impl]: sceKernelWaitEventFlagCB returned SCE_KERNEL_ERROR_WAIT_TIMEOUT (0x80028005)
[06:06:36.268] |E| [renderer::gl::compile_program]: Vertex info
-----------
0(24) : warning C7050: "internals[1]" might be used before being initialized

Fragment info
-------------
0(22) : warning C7050: "pa[0].zw" might be used before being initialized
0(25) : warning C7050: "r[0].xyw" might be used before being initialized
0(25) : warning C7050: "r[1]" might be used before being initialized


[06:06:36.270] |D| [renderer::gl::texture::translate_swizzle]: base format: 201326592, swizzle: 0
[06:06:36.271] |I| [renderer::gl::load_shader_generic]: Generating frag shader 7c63b80fa33e7b5bceb223d5d6ba964587474ea2bb9aaafb230def250038cff8
[06:06:36.274] |I| [renderer::gl::load_shader_generic]: Generating vert shader 138ac5c3cf73a61a57d8e235d5facce6425c560caa76d50fc2fcaca6d1144a65
[06:06:36.278] |D| [shader::create_parameters]: [BUFFER0  + 0] pa0 = (float4) vsin_Position
[06:06:36.278] |D| [shader::create_parameters]: [BUFFER0  + 4] pa4 = (float4) vsin_TexCoord[0]
[06:06:36.278] |D| [shader::create_parameters]: [BUFFER0  + 8] pa8 = (float4) vsin_Colour
[06:06:36.278] |D| [shader::create_parameters]: [DEFAULT  + 0] sa0 = (float4) ViewComposite[4]
[06:06:36.281] |E| [renderer::gl::compile_program]: Fragment info
-------------
0(18) : warning C7050: "sa[0]" might be used before being initialized
0(17) : warning C7050: "pa[0].zw" might be used before being initialized


[06:06:36.282] |W| [stubbed_impl]: Stubbed sceDisplayWaitSetFrameBufMulti import called. (move after setframebuf)
[06:06:36.291] |I| [export_sceIoOpen]: Opening file: app0:lego_sh1_psp2.fib
[06:06:36.638] |W| [stubbed_impl]: Stubbed sceDisplayWaitSetFrameBuf import called. (move after setframebuf)
[06:06:36.664] |I| [export_sceIoOpen]: Opening file: savedata0:savegame.dat
[06:06:36.795] |I| [export_sceIoOpen]: Opening file: savedata0:savegame.dat
[06:06:36.870] |I| [renderer::gl::load_shader_generic]: Generating frag shader b2e5db00040d701a824d4a4adfb65286318672e5fe4811f299a4ba4c2a726fb4
[06:06:36.872] |D| [shader::create_parameters]: [DEFAULT  + 0] sa0 = (float1) ConstAlpha
[06:06:36.872] |D| [shader::create_parameters]: [DEFAULT  + 2] sa2 = (float4) AlphaFade
[06:06:36.872] |D| [shader::create_parameters]: [DEFAULT  + 6] sa6 = (float1) OverBright
[06:06:36.872] |D| [shader::create_parameters]: [DEFAULT  + 8] sa8 = (float4) FogColour
[06:06:36.872] |D| [shader::create_fragment_inputs]: Iterator: pa0 = (half4) v_Color0
[06:06:36.872] |D| [shader::create_fragment_inputs]: Iterator: pa2 = (float1) v_Fog
[06:06:36.878] |E| [renderer::gl::compile_program]: Vertex info
-----------
0(24) : warning C7050: "internals[1]" might be used before being initialized

Fragment info
-------------
0(22) : warning C7050: "pa[0].zw" might be used before being initialized
0(25) : warning C7050: "r[0].xyw" might be used before being initialized
0(25) : warning C7050: "r[1].yzw" might be used before being initialized


[06:06:37.063] |I| [export_sceIoOpen]: Opening file: savedata0:savegame.dat
[06:06:37.312] |I| [export_sceIoOpen]: Opening file: savedata0:savegame.dat
[06:06:37.546] |I| [export_sceIoOpen]: Opening file: savedata0:savegame.dat
[06:06:38.621] |D| [renderer::gl::texture::translate_swizzle]: base format: 201326592, swizzle: 4096
[06:06:38.622] |I| [renderer::gl::load_shader_generic]: Generating frag shader 1fe0762915624e6ddddd12c1cf83bc52d296fb615a48f55a0dde09e50ba255f8
[06:06:38.623] |D| [shader::create_parameters]: [DEFAULT  + 0] sa0 = (float4) AlphaFade
[06:06:38.623] |D| [shader::create_parameters]: [DEFAULT  + 4] sa4 = (float1) OverBright
[06:06:38.623] |D| [shader::create_parameters]: [DEFAULT  + 6] sa6 = (float4) FogColour
[06:06:38.623] |D| [shader::create_fragment_inputs]: Iterator: pa0 = (half4) v_Color0
[06:06:38.623] |D| [shader::create_fragment_inputs]: Iterator: pa4 = (float1) v_Fog
[06:06:38.629] |I| [renderer::gl::load_shader_generic]: Generating vert shader 7a4720438ae053397bc10dda651aae89e7281c4e5b011c35146ab47907e60aaa
[06:06:38.629] |D| [shader::create_parameters]: [BUFFER0  + 0] pa0 = (float4) vsin_Position
[06:06:38.629] |D| [shader::create_parameters]: [BUFFER0  + 4] pa4 = (float4) vsin_TexCoord[0]
[06:06:38.630] |D| [shader::create_parameters]: [BUFFER0  + 8] pa8 = (float4) vsin_Colour
[06:06:38.630] |D| [shader::create_parameters]: [DEFAULT  + 0] sa0 = (float4) ViewComposite[4]
[06:06:38.630] |D| [shader::create_parameters]: [DEFAULT  + 16] sa16 = (float4) ModelView[4]
[06:06:38.630] |D| [shader::create_parameters]: [DEFAULT  + 32] sa32 = (float2) UVOffset
[06:06:38.630] |D| [shader::create_parameters]: [DEFAULT  + 34] sa34 = (float4) FogRange
[06:06:38.630] |D| [shader::create_parameters]: [DEFAULT  + 38] sa38 = (float4) MaterialColour
[06:06:38.634] |E| [renderer::gl::compile_program]: Vertex info
-----------
0(26) : warning C7050: "internals[1]" might be used before being initialized

Fragment info
-------------
0(24) : warning C7050: "pa[0].zw" might be used before being initialized
0(24) : warning C7050: "pa[1]" might be used before being initialized
0(27) : warning C7050: "r[0].xyw" might be used before being initialized


[06:06:44.340] |E| [discordrpc::update_presence::<lambda_50ee3771c9ac2f7a4b17591668a7e6b3>::operator ()]: Error updating discord rich presence, err_code: 43
[06:06:44.341] |E| [discordrpc::update_presence::<lambda_50ee3771c9ac2f7a4b17591668a7e6b3>::operator ()]: Error updating discord rich presence, err_code: 43
