[10:23:24.657] |I| [load_app_impl]: cpu-backend: Dynarmic
[10:23:24.658] |I| [load_app_impl]: CPU Optimisation state: true
[10:23:24.658] |I| [load_app_impl]: at9 audio decoder state: true
[10:23:24.658] |I| [load_app_impl]: ngs experimental state: true
[10:23:24.658] |I| [load_app_impl]: video player state: true
[10:23:24.658] |I| [load_app_impl]: modules mode: Automatic
[10:23:24.658] |I| [load_app_impl]: Title: Bloodstained: Curse of the Moon
[10:23:24.658] |I| [load_app_impl]: Serial: PCSB01250
[10:23:24.658] |I| [load_app_impl]: Version: 1.01
[10:23:24.658] |I| [load_app_impl]: Category: gp
[10:23:24.668] |C| [load_self]: Unknown segment type 0x6FFFFF01
[10:23:24.668] |I| [load_self]: Loaded module segment 0 @ [0x00007000 - 0x0005891C / 0x81000000] (size: 0x0005191C) of module app0:sce_module/libc.suprx
[10:23:24.668] |I| [load_self]: Loaded module segment 1 @ [0x00059000 - 0x0005B8A0 / 0x81052000] (size: 0x000028A0) of module app0:sce_module/libc.suprx
[10:23:24.669] |I| [load_self]: Loading symbols for SELF: app0:sce_module/libc.suprx
[10:23:24.670] |D| [load_var_exports]: 	NID 0x936C8A78 (SYSLYB) at 0x4E38C
[10:23:24.673] |D| [load_var_exports]: 	NID 0x6C2224BA (NID_MODULE_INFO) at 0x43550
[10:23:24.674] |W| [load_var_imports]: 	NID NOT FOUND 0x93B8AA67 (UNRECOGNISED) at 0x476B0, setting to stub value 0xDEADBEEF
[10:23:24.675] |W| [load_var_imports]: 	NID NOT FOUND 0xDF084DFA (UNRECOGNISED) at 0x49244, setting to stub value 0xDEADBEEF
[10:23:24.676] |I| [pre_load_module]: Pre-load module SceLibc (at "sce_module/libc.suprx") loaded
[10:23:24.682] |C| [load_self]: Unknown segment type 0x6FFFFF01
[10:23:24.682] |I| [load_self]: Loaded module segment 0 @ [0x0005E000 - 0x0008ACBF / 0x81000000] (size: 0x0002CCBF) of module app0:sce_module/libfios2.suprx
[10:23:24.683] |I| [load_self]: Loaded module segment 1 @ [0x0008B000 - 0x00090255 / 0x8102D000] (size: 0x00005255) of module app0:sce_module/libfios2.suprx
[10:23:24.684] |I| [load_self]: Loading symbols for SELF: app0:sce_module/libfios2.suprx
[10:23:24.685] |D| [load_var_exports]: 	NID 0x936C8A78 (SYSLYB) at 0x8ABC8
[10:23:24.685] |D| [load_var_exports]: 	NID 0x6C2224BA (NID_MODULE_INFO) at 0x81F08
[10:23:24.686] |I| [pre_load_module]: Pre-load module SceLibFios2 (at "sce_module/libfios2.suprx") loaded
[10:23:24.689] |C| [load_self]: Unknown segment type 0x6FFFFF01
[10:23:24.690] |I| [load_self]: Loaded module segment 0 @ [0x00091000 - 0x000A49BC / 0x81000000] (size: 0x000139BC) of module app0:sce_module/libult.suprx
[10:23:24.691] |I| [load_self]: Loaded module segment 1 @ [0x000A5000 - 0x000A5814 / 0x81014000] (size: 0x00000814) of module app0:sce_module/libult.suprx
[10:23:24.692] |I| [load_self]: Loading symbols for SELF: app0:sce_module/libult.suprx
[10:23:24.693] |D| [load_var_exports]: 	NID 0x936C8A78 (SYSLYB) at 0xA32E8
[10:23:24.693] |D| [load_var_exports]: 	NID 0x6C2224BA (NID_MODULE_INFO) at 0xA0870
[10:23:24.694] |I| [pre_load_module]: Pre-load module SceUlt (at "sce_module/libult.suprx") loaded
[10:23:24.701] |I| [load_self]: Loaded module segment 0 @ [0x000A6000 - 0x000F6F04 / 0x81000000] (size: 0x00050F04) of module vs0:sys/external/libSceFt2.suprx
[10:23:24.702] |I| [load_self]: Loaded module segment 1 @ [0x000F7000 - 0x000F72F4 / 0x81051000] (size: 0x000002F4) of module vs0:sys/external/libSceFt2.suprx
[10:23:24.705] |I| [load_self]: Loading symbols for SELF: vs0:sys/external/libSceFt2.suprx
[10:23:24.706] |D| [load_var_exports]: 	NID 0x936C8A78 (SYSLYB) at 0xE27DC
[10:23:24.706] |D| [load_var_exports]: 	NID 0x6C2224BA (NID_MODULE_INFO) at 0xE1F10
[10:23:24.706] |I| [pre_load_module]: Pre-load module SceLibft2 (at "sys/external/libSceFt2.suprx") loaded
[10:23:24.709] |I| [load_self]: Loaded module segment 0 @ [0x000F8000 - 0x00107F14 / 0x81000000] (size: 0x0000FF14) of module vs0:sys/external/libpvf.suprx
[10:23:24.710] |I| [load_self]: Loaded module segment 1 @ [0x00108000 - 0x00108008 / 0x81010000] (size: 0x00000008) of module vs0:sys/external/libpvf.suprx
[10:23:24.711] |I| [load_self]: Loading symbols for SELF: vs0:sys/external/libpvf.suprx
[10:23:24.711] |D| [load_var_exports]: 	NID 0x936C8A78 (SYSLYB) at 0x106710
[10:23:24.712] |D| [load_var_exports]: 	NID 0x6C2224BA (NID_MODULE_INFO) at 0x106300
[10:23:24.712] |I| [pre_load_module]: Pre-load module SceLibPvf (at "sys/external/libpvf.suprx") loaded
[10:23:24.872] |C| [load_self]: Unknown segment type 0x6FFFFF01
[10:23:24.872] |I| [load_self]: Loaded module segment 0 @ [0x00109000 - 0x007A7843 / 0x81000000] (size: 0x0069E843) of module app0:eboot.bin
[10:23:24.873] |I| [load_self]: Loaded module segment 1 @ [0x007A8000 - 0x007C6574 / 0x8169F000] (size: 0x0001E574) of module app0:eboot.bin
[10:23:24.875] |I| [load_self]: Loading symbols for SELF: app0:eboot.bin
[10:23:24.875] |D| [load_var_exports]: 	NID 0x6C2224BA (NID_MODULE_INFO) at 0x69FC2C
[10:23:24.876] |D| [load_var_exports]: 	NID 0x70FBA1E7 (SCE_PROC_PARAMS) at 0x7AB904
[10:23:24.876] |D| [load_var_exports]: 	NID 0x936C8A78 (SYSLYB) at 0x71CD4C
[10:23:24.877] |I| [load_app_impl]: Main executable RON8 (eboot.bin) loaded
[10:23:24.878] |I| [renderer::gl::compile_shader]: frag shader compiled: acb3578b1fea22aa210dd6127646cf9bbcd47a277bc9185aae185d0c9b347286
[10:23:24.879] |I| [renderer::gl::compile_shader]: vert shader compiled: 2c3e9b267e2ffd05a802d40516c9617a3f38da877a0bd61559f01100262cc938
[10:23:24.880] |I| [renderer::gl::pre_compile_program]: Program Compiled 1/3
[10:23:24.882] |I| [renderer::gl::compile_shader]: frag shader compiled: 6b7b5d4943b9e412ac41ebad19c2abd217d3330b2fdbbbfb7d4209c6f1045623
[10:23:24.882] |I| [renderer::gl::compile_shader]: vert shader compiled: 19f08b2dae1f43730539a72ea43dce8b70bb6d34001689785416e6a42ca0f2e7
[10:23:24.883] |E| [renderer::gl::compile_program]: Vertex info
-----------
0(27) : warning C7050: "internals[0].w" might be used before being initialized

Fragment info
-------------
0(20) : warning C7050: "sa[0].w" might be used before being initialized
0(19) : warning C7050: "pa[0].zw" might be used before being initialized
0(19) : warning C7050: "pa[1].zw" might be used before being initialized


[10:23:24.884] |I| [renderer::gl::pre_compile_program]: Program Compiled 2/3
[10:23:24.892] |I| [renderer::gl::compile_shader]: frag shader compiled: 46d776d724481320edc1396da782e73335f523d9e4f22df1ffe17f9b93e58ef3
[10:23:24.893] |I| [renderer::gl::compile_shader]: vert shader compiled: ede433b699d2e9bfbf9c0f6e76d38939d9aae311a339b4b5501e9f8220075e93
[10:23:24.898] |E| [renderer::gl::compile_program]: Vertex info
-----------
0(29) : warning C7050: "internals[0].w" might be used before being initialized

Fragment info
-------------
0(21) : warning C7050: "sa[1].zw" might be used before being initialized
0(20) : warning C7050: "pa[0].zw" might be used before being initialized
0(20) : warning C7050: "pa[1].zw" might be used before being initialized
0(20) : warning C7050: "pa[2].zw" might be used before being initialized
0(23) : warning C7050: "r[0].zw" might be used before being initialized


[10:23:24.899] |I| [renderer::gl::pre_compile_program]: Program Compiled 3/3
[10:23:24.908] |D| [run_app]: Running module_start of library: SceLibc at address 0x7871
[10:23:24.949] |I| [run_app]: Module SceLibc (at "app0:sce_module/libc.suprx") module_start returned 0x0
[10:23:24.953] |D| [run_app]: Running module_start of library: SceLibFios2 at address 0x5E001
[10:23:24.961] |W| [stubbed_impl]: Stubbed sceKernelGetProcessId import called. (pid: 0)
[10:23:24.962] |D| [export_sceFiosOverlayGetList02]: maxIDs: 127
[10:23:24.962] |W| [unimplemented_impl]: Unimplemented sceFiosOverlayGetList02 import called.
[10:23:24.963] |I| [run_app]: Module SceLibFios2 (at "app0:sce_module/libfios2.suprx") module_start returned 0x0
[10:23:24.967] |D| [run_app]: Running module_start of library: SceUlt at address 0x94771
[10:23:24.975] |W| [unimplemented_impl]: Unimplemented _sceUlobjMgrRegisterLibultProtocolRevision import called.
[10:23:24.976] |I| [run_app]: Module SceUlt (at "app0:sce_module/libult.suprx") module_start returned 0x0
[10:23:25.232] |W| [unimplemented_impl]: Unimplemented sceAppUtilInit import called.
[10:23:25.233] |W| [unimplemented_impl]: Unimplemented sceScreenShotDisable import called.
[10:23:25.234] |W| [unimplemented_impl]: Unimplemented sceScreenShotSetParam import called.
[10:23:25.234] |W| [unimplemented_impl]: Unimplemented sceScreenShotSetOverlayImage import called.
[10:23:25.235] |W| [unimplemented_impl]: Unimplemented sceScreenShotEnable import called.
[10:23:25.235] |W| [unimplemented_impl]: Unimplemented sceSysmoduleUnloadModule import called.
[10:23:25.281] |W| [stubbed_impl]: Stubbed sceGxmMapMemory import called. (always return success)
[10:23:25.311] |W| [unimplemented_impl]: Unimplemented sceAppMgrAcquireBgmPort import called.
[10:23:25.430] |D| [log_import_call]: [LLE] TID: 8   FUNC: 0xEE681E1D sceFiosFHOpenWithModeSync at 0x43534
[10:23:25.431] |I| [export_sceIoOpen]: Opening file: app0:Data/RON8.bisar
[10:23:25.433] |D| [log_import_call]: [LLE] TID: 8   FUNC: 0xA75F3C4A sceFiosFHSeek at 0x434D4
[10:23:25.434] |E| [call_import]: Import function for NID 0xE340C006 not found (thread name: PCSB01250, thread ID: 8)
[10:23:25.436] |D| [log_import_call]: [LLE] TID: 8   FUNC: 0xB309E327 sceFiosIsValidHandle at 0x434F4
[10:23:25.436] |D| [log_import_call]: [LLE] TID: 8   FUNC: 0x76945919 sceFiosFHReadSync at 0x434B4
[10:23:25.442] |D| [log_import_call]: [LLE] TID: 8   FUNC: 0x45182328 sceFiosFHCloseSync at 0x43494
[10:23:25.465] |I| [export_sceIoOpen]: Opening file: app0:Data/GROUP_COMMON.bigrp
[10:23:25.481] |I| [export_sceIoOpen]: Opening file: app0:Data/Patch/BMPFont.bfb
[10:23:25.503] |I| [export_sceIoOpen]: Opening file: app0:Data/BlackBg00.osb
[10:23:25.540] |I| [export_sceIoOpen]: Opening file: app0:Data/Fade.osb
[10:23:25.567] |W| [stubbed_impl]: Stubbed sceNpTrophyCreateHandle import called. (Stubbed handle with 1)
[10:23:25.575] |I| [export_sceIoOpen]: Opening file: app0:Data/GuideScroll00.osb
[10:23:25.587] |I| [export_sceIoOpen]: Opening file: app0:Data/Patch/GraphicText00.osb
[10:23:25.598] |I| [export_sceIoOpen]: Opening file: app0:Data/Parts00.osb
[10:23:25.615] |I| [export_sceIoOpen]: Opening file: app0:Data/CommonText.ttb
[10:23:25.691] |W| [stubbed_impl]: Stubbed __sceAppMgrGetAppState import called. (Set to 0.)
[10:23:25.692] |W| [stubbed_impl]: Stubbed sceGxmMapFragmentUsseMemory import called. (always return success)
[10:23:25.711] |W| [stubbed_impl]: Stubbed sceGxmMapVertexUsseMemory import called. (always return success)
[10:23:25.777] |D| [export_sceGxmTransferCopy]: colorKeyValue: 0, colorKeyMask: 0, colorKeyMode: 0
[10:23:25.778] |D| [export_sceGxmTransferCopy]: srcFormat: 393216, srcType: 0, srcStride: 2048
[10:23:25.778] |D| [export_sceGxmTransferCopy]: destFormat: 393216, destStride: 2048, destType: 0, syncFlags: 1
[10:23:25.779] |D| [export_sceGxmTransferCopy]: width: 512, height: 512, srcX: 0, srcY: 0, destX: 0, desty: 0
[10:23:25.779] |D| [export_sceGxmTransferCopy]: dest_bpp: 32, dest_bytes_per_pixel: 4
[10:23:25.780] |D| [export_sceGxmTransferCopy]: syncObject
[10:23:25.781] |D| [export_sceGxmTransferCopy]: colorKeyValue: 0, colorKeyMask: 0, colorKeyMode: 0
[10:23:25.781] |D| [export_sceGxmTransferCopy]: srcFormat: 393216, srcType: 0, srcStride: 12
[10:23:25.782] |D| [export_sceGxmTransferCopy]: destFormat: 393216, destStride: 2048, destType: 0, syncFlags: 1
[10:23:25.783] |D| [export_sceGxmTransferCopy]: width: 3, height: 3, srcX: 0, srcY: 0, destX: 0, desty: 0
[10:23:25.783] |D| [export_sceGxmTransferCopy]: dest_bpp: 32, dest_bytes_per_pixel: 4
[10:23:25.784] |D| [export_sceGxmTransferCopy]: syncObject
[10:23:25.784] |D| [export_sceGxmTransferCopy]: colorKeyValue: 0, colorKeyMask: 0, colorKeyMode: 0
[10:23:25.785] |D| [export_sceGxmTransferCopy]: srcFormat: 393216, srcType: 0, srcStride: 72
[10:23:25.785] |D| [export_sceGxmTransferCopy]: destFormat: 393216, destStride: 2048, destType: 0, syncFlags: 1
[10:23:25.786] |D| [export_sceGxmTransferCopy]: width: 18, height: 18, srcX: 0, srcY: 0, destX: 0, desty: 3
[10:23:25.786] |D| [export_sceGxmTransferCopy]: dest_bpp: 32, dest_bytes_per_pixel: 4
[10:23:25.786] |D| [export_sceGxmTransferCopy]: syncObject
[10:23:25.787] |D| [export_sceGxmTransferCopy]: colorKeyValue: 0, colorKeyMask: 0, colorKeyMode: 0
[10:23:25.788] |D| [export_sceGxmTransferCopy]: srcFormat: 393216, srcType: 0, srcStride: 128
[10:23:25.788] |D| [export_sceGxmTransferCopy]: destFormat: 393216, destStride: 2048, destType: 0, syncFlags: 1
[10:23:25.788] |D| [export_sceGxmTransferCopy]: width: 32, height: 32, srcX: 0, srcY: 0, destX: 0, desty: 21
[10:23:25.789] |D| [export_sceGxmTransferCopy]: dest_bpp: 32, dest_bytes_per_pixel: 4
[10:23:25.789] |D| [export_sceGxmTransferCopy]: syncObject
[10:23:25.790] |D| [export_sceGxmTransferCopy]: colorKeyValue: 0, colorKeyMask: 0, colorKeyMode: 0
[10:23:25.790] |D| [export_sceGxmTransferCopy]: srcFormat: 393216, srcType: 0, srcStride: 16
[10:23:25.791] |D| [export_sceGxmTransferCopy]: destFormat: 393216, destStride: 2048, destType: 0, syncFlags: 1
[10:23:25.791] |D| [export_sceGxmTransferCopy]: width: 4, height: 4, srcX: 0, srcY: 0, destX: 18, desty: 3
[10:23:25.792] |D| [export_sceGxmTransferCopy]: dest_bpp: 32, dest_bytes_per_pixel: 4
[10:23:25.792] |D| [export_sceGxmTransferCopy]: syncObject
[10:23:25.793] |D| [export_sceGxmTransferCopy]: colorKeyValue: 0, colorKeyMask: 0, colorKeyMode: 0
[10:23:25.794] |D| [export_sceGxmTransferCopy]: srcFormat: 393216, srcType: 0, srcStride: 16
[10:23:25.794] |D| [export_sceGxmTransferCopy]: destFormat: 393216, destStride: 2048, destType: 0, syncFlags: 1
[10:23:25.795] |D| [export_sceGxmTransferCopy]: width: 4, height: 4, srcX: 0, srcY: 0, destX: 18, desty: 7
[10:23:25.795] |D| [export_sceGxmTransferCopy]: dest_bpp: 32, dest_bytes_per_pixel: 4
[10:23:25.796] |D| [export_sceGxmTransferCopy]: syncObject
[10:23:25.797] |D| [export_sceGxmTransferCopy]: colorKeyValue: 0, colorKeyMask: 0, colorKeyMode: 0
[10:23:25.801] |D| [export_sceGxmTransferCopy]: srcFormat: 393216, srcType: 0, srcStride: 16
[10:23:25.802] |D| [export_sceGxmTransferCopy]: destFormat: 393216, destStride: 2048, destType: 0, syncFlags: 1
[10:23:25.802] |D| [export_sceGxmTransferCopy]: width: 4, height: 4, srcX: 0, srcY: 0, destX: 22, desty: 3
[10:23:25.803] |D| [export_sceGxmTransferCopy]: dest_bpp: 32, dest_bytes_per_pixel: 4
[10:23:25.803] |D| [export_sceGxmTransferCopy]: syncObject
[10:23:25.804] |D| [export_sceGxmTransferCopy]: colorKeyValue: 0, colorKeyMask: 0, colorKeyMode: 0
[10:23:25.804] |D| [export_sceGxmTransferCopy]: srcFormat: 393216, srcType: 0, srcStride: 16
[10:23:25.804] |D| [export_sceGxmTransferCopy]: destFormat: 393216, destStride: 2048, destType: 0, syncFlags: 1
[10:23:25.805] |D| [export_sceGxmTransferCopy]: width: 4, height: 4, srcX: 0, srcY: 0, destX: 26, desty: 3
[10:23:25.805] |D| [export_sceGxmTransferCopy]: dest_bpp: 32, dest_bytes_per_pixel: 4
[10:23:25.806] |D| [export_sceGxmTransferCopy]: syncObject
[10:23:25.806] |D| [export_sceGxmTransferCopy]: colorKeyValue: 0, colorKeyMask: 0, colorKeyMode: 0
[10:23:25.807] |D| [export_sceGxmTransferCopy]: srcFormat: 393216, srcType: 0, srcStride: 16
[10:23:25.807] |D| [export_sceGxmTransferCopy]: destFormat: 393216, destStride: 2048, destType: 0, syncFlags: 1
[10:23:25.808] |D| [export_sceGxmTransferCopy]: width: 4, height: 4, srcX: 0, srcY: 0, destX: 30, desty: 3
[10:23:25.808] |D| [export_sceGxmTransferCopy]: dest_bpp: 32, dest_bytes_per_pixel: 4
[10:23:25.809] |D| [export_sceGxmTransferCopy]: syncObject
[10:23:25.810] |D| [export_sceGxmTransferCopy]: colorKeyValue: 0, colorKeyMask: 0, colorKeyMode: 0
[10:23:25.811] |D| [export_sceGxmTransferCopy]: srcFormat: 393216, srcType: 0, srcStride: 16
[10:23:25.812] |D| [export_sceGxmTransferCopy]: destFormat: 393216, destStride: 2048, destType: 0, syncFlags: 1
[10:23:25.812] |D| [export_sceGxmTransferCopy]: width: 4, height: 4, srcX: 0, srcY: 0, destX: 34, desty: 3
[10:23:25.813] |D| [export_sceGxmTransferCopy]: dest_bpp: 32, dest_bytes_per_pixel: 4
[10:23:25.813] |D| [export_sceGxmTransferCopy]: syncObject
[10:23:25.817] |D| [export_sceGxmTransferCopy]: colorKeyValue: 0, colorKeyMask: 0, colorKeyMode: 0
[10:23:25.819] |D| [export_sceGxmTransferCopy]: srcFormat: 393216, srcType: 0, srcStride: 16
[10:23:25.819] |D| [export_sceGxmTransferCopy]: destFormat: 393216, destStride: 2048, destType: 0, syncFlags: 1
[10:23:25.820] |D| [export_sceGxmTransferCopy]: width: 4, height: 4, srcX: 0, srcY: 0, destX: 38, desty: 3
[10:23:25.820] |D| [export_sceGxmTransferCopy]: dest_bpp: 32, dest_bytes_per_pixel: 4
[10:23:25.821] |D| [export_sceGxmTransferCopy]: syncObject
[10:23:25.821] |D| [export_sceGxmTransferCopy]: colorKeyValue: 0, colorKeyMask: 0, colorKeyMode: 0
[10:23:25.822] |D| [export_sceGxmTransferCopy]: srcFormat: 393216, srcType: 0, srcStride: 16
[10:23:25.822] |D| [export_sceGxmTransferCopy]: destFormat: 393216, destStride: 2048, destType: 0, syncFlags: 1
[10:23:25.823] |D| [export_sceGxmTransferCopy]: width: 4, height: 4, srcX: 0, srcY: 0, destX: 42, desty: 3
[10:23:25.823] |D| [export_sceGxmTransferCopy]: dest_bpp: 32, dest_bytes_per_pixel: 4
[10:23:25.824] |D| [export_sceGxmTransferCopy]: syncObject
[10:23:25.824] |D| [export_sceGxmTransferCopy]: colorKeyValue: 0, colorKeyMask: 0, colorKeyMode: 0
[10:23:25.825] |D| [export_sceGxmTransferCopy]: srcFormat: 393216, srcType: 0, srcStride: 104
[10:23:25.825] |D| [export_sceGxmTransferCopy]: destFormat: 393216, destStride: 2048, destType: 0, syncFlags: 1
[10:23:25.826] |D| [export_sceGxmTransferCopy]: width: 26, height: 26, srcX: 0, srcY: 0, destX: 0, desty: 53
[10:23:25.827] |D| [export_sceGxmTransferCopy]: dest_bpp: 32, dest_bytes_per_pixel: 4
[10:23:25.827] |D| [export_sceGxmTransferCopy]: syncObject
[10:23:25.828] |D| [export_sceGxmTransferCopy]: colorKeyValue: 0, colorKeyMask: 0, colorKeyMode: 0
[10:23:25.828] |D| [export_sceGxmTransferCopy]: srcFormat: 393216, srcType: 0, srcStride: 104
[10:23:25.829] |D| [export_sceGxmTransferCopy]: destFormat: 393216, destStride: 2048, destType: 0, syncFlags: 1
[10:23:25.832] |D| [export_sceGxmTransferCopy]: width: 26, height: 26, srcX: 0, srcY: 0, destX: 32, desty: 21
[10:23:25.833] |D| [export_sceGxmTransferCopy]: dest_bpp: 32, dest_bytes_per_pixel: 4
[10:23:25.833] |D| [export_sceGxmTransferCopy]: syncObject
[10:23:25.834] |D| [export_sceGxmTransferCopy]: colorKeyValue: 0, colorKeyMask: 0, colorKeyMode: 0
[10:23:25.835] |D| [export_sceGxmTransferCopy]: srcFormat: 393216, srcType: 0, srcStride: 68
[10:23:25.835] |D| [export_sceGxmTransferCopy]: destFormat: 393216, destStride: 2048, destType: 0, syncFlags: 1
[10:23:25.835] |D| [export_sceGxmTransferCopy]: width: 17, height: 17, srcX: 0, srcY: 0, destX: 58, desty: 21
[10:23:25.836] |D| [export_sceGxmTransferCopy]: dest_bpp: 32, dest_bytes_per_pixel: 4
[10:23:25.836] |D| [export_sceGxmTransferCopy]: syncObject
[10:23:25.837] |D| [export_sceGxmTransferCopy]: colorKeyValue: 0, colorKeyMask: 0, colorKeyMode: 0
[10:23:25.838] |D| [export_sceGxmTransferCopy]: srcFormat: 393216, srcType: 0, srcStride: 80
[10:23:25.838] |D| [export_sceGxmTransferCopy]: destFormat: 393216, destStride: 2048, destType: 0, syncFlags: 1
[10:23:25.838] |D| [export_sceGxmTransferCopy]: width: 20, height: 20, srcX: 0, srcY: 0, destX: 75, desty: 21
[10:23:25.839] |D| [export_sceGxmTransferCopy]: dest_bpp: 32, dest_bytes_per_pixel: 4
[10:23:25.839] |D| [export_sceGxmTransferCopy]: syncObject
[10:23:25.840] |D| [export_sceGxmTransferCopy]: colorKeyValue: 0, colorKeyMask: 0, colorKeyMode: 0
[10:23:25.840] |D| [export_sceGxmTransferCopy]: srcFormat: 393216, srcType: 0, srcStride: 80
[10:23:25.841] |D| [export_sceGxmTransferCopy]: destFormat: 393216, destStride: 2048, destType: 0, syncFlags: 1
[10:23:25.841] |D| [export_sceGxmTransferCopy]: width: 20, height: 20, srcX: 0, srcY: 0, destX: 95, desty: 21
[10:23:25.842] |D| [export_sceGxmTransferCopy]: dest_bpp: 32, dest_bytes_per_pixel: 4
[10:23:25.842] |D| [export_sceGxmTransferCopy]: syncObject
[10:23:25.843] |D| [export_sceGxmTransferCopy]: colorKeyValue: 0, colorKeyMask: 0, colorKeyMode: 0
[10:23:25.844] |D| [export_sceGxmTransferCopy]: srcFormat: 393216, srcType: 0, srcStride: 80
[10:23:25.848] |D| [export_sceGxmTransferCopy]: destFormat: 393216, destStride: 2048, destType: 0, syncFlags: 1
[10:23:25.850] |D| [export_sceGxmTransferCopy]: width: 20, height: 20, srcX: 0, srcY: 0, destX: 115, desty: 21
[10:23:25.850] |D| [export_sceGxmTransferCopy]: dest_bpp: 32, dest_bytes_per_pixel: 4
[10:23:25.851] |D| [export_sceGxmTransferCopy]: syncObject
[10:23:25.851] |D| [export_sceGxmTransferCopy]: colorKeyValue: 0, colorKeyMask: 0, colorKeyMode: 0
[10:23:25.851] |D| [export_sceGxmTransferCopy]: srcFormat: 393216, srcType: 0, srcStride: 80
[10:23:25.852] |D| [export_sceGxmTransferCopy]: destFormat: 393216, destStride: 2048, destType: 0, syncFlags: 1
[10:23:25.852] |D| [export_sceGxmTransferCopy]: width: 20, height: 20, srcX: 0, srcY: 0, destX: 135, desty: 21
[10:23:25.853] |D| [export_sceGxmTransferCopy]: dest_bpp: 32, dest_bytes_per_pixel: 4
[10:23:25.853] |D| [export_sceGxmTransferCopy]: syncObject
[10:23:25.854] |D| [export_sceGxmTransferCopy]: colorKeyValue: 0, colorKeyMask: 0, colorKeyMode: 0
[10:23:25.854] |D| [export_sceGxmTransferCopy]: srcFormat: 393216, srcType: 0, srcStride: 264
[10:23:25.855] |D| [export_sceGxmTransferCopy]: destFormat: 393216, destStride: 2048, destType: 0, syncFlags: 1
[10:23:25.855] |D| [export_sceGxmTransferCopy]: width: 66, height: 66, srcX: 0, srcY: 0, destX: 0, desty: 79
[10:23:25.856] |D| [export_sceGxmTransferCopy]: dest_bpp: 32, dest_bytes_per_pixel: 4
[10:23:25.856] |D| [export_sceGxmTransferCopy]: syncObject
[10:23:25.857] |D| [export_sceGxmTransferCopy]: colorKeyValue: 0, colorKeyMask: 0, colorKeyMode: 0
[10:23:25.858] |D| [export_sceGxmTransferCopy]: srcFormat: 393216, srcType: 0, srcStride: 264
[10:23:25.858] |D| [export_sceGxmTransferCopy]: destFormat: 393216, destStride: 2048, destType: 0, syncFlags: 1
[10:23:25.859] |D| [export_sceGxmTransferCopy]: width: 66, height: 66, srcX: 0, srcY: 0, destX: 0, desty: 145
[10:23:25.860] |D| [export_sceGxmTransferCopy]: dest_bpp: 32, dest_bytes_per_pixel: 4
[10:23:25.864] |D| [export_sceGxmTransferCopy]: syncObject
[10:23:25.865] |D| [export_sceGxmTransferCopy]: colorKeyValue: 0, colorKeyMask: 0, colorKeyMode: 0
[10:23:25.865] |D| [export_sceGxmTransferCopy]: srcFormat: 393216, srcType: 0, srcStride: 264
[10:23:25.866] |D| [export_sceGxmTransferCopy]: destFormat: 393216, destStride: 2048, destType: 0, syncFlags: 1
[10:23:25.866] |D| [export_sceGxmTransferCopy]: width: 66, height: 66, srcX: 0, srcY: 0, destX: 66, desty: 79
[10:23:25.867] |D| [export_sceGxmTransferCopy]: dest_bpp: 32, dest_bytes_per_pixel: 4
[10:23:25.867] |D| [export_sceGxmTransferCopy]: syncObject
[10:23:25.868] |D| [export_sceGxmTransferCopy]: colorKeyValue: 0, colorKeyMask: 0, colorKeyMode: 0
[10:23:25.868] |D| [export_sceGxmTransferCopy]: srcFormat: 393216, srcType: 0, srcStride: 64
[10:23:25.869] |D| [export_sceGxmTransferCopy]: destFormat: 393216, destStride: 64, destType: 0, syncFlags: 1
[10:23:25.869] |D| [export_sceGxmTransferCopy]: width: 16, height: 16, srcX: 0, srcY: 0, destX: 0, desty: 0
[10:23:25.870] |D| [export_sceGxmTransferCopy]: dest_bpp: 32, dest_bytes_per_pixel: 4
[10:23:25.870] |D| [export_sceGxmTransferCopy]: syncObject
[10:23:25.871] |D| [export_sceGxmTransferCopy]: colorKeyValue: 0, colorKeyMask: 0, colorKeyMode: 0
[10:23:25.871] |D| [export_sceGxmTransferCopy]: srcFormat: 393216, srcType: 0, srcStride: 64
[10:23:25.872] |D| [export_sceGxmTransferCopy]: destFormat: 393216, destStride: 64, destType: 0, syncFlags: 1
[10:23:25.872] |D| [export_sceGxmTransferCopy]: width: 16, height: 16, srcX: 0, srcY: 0, destX: 0, desty: 0
[10:23:25.873] |D| [export_sceGxmTransferCopy]: dest_bpp: 32, dest_bytes_per_pixel: 4
[10:23:25.873] |D| [export_sceGxmTransferCopy]: syncObject
[10:23:25.874] |D| [export_sceGxmTransferCopy]: colorKeyValue: 0, colorKeyMask: 0, colorKeyMode: 0
[10:23:25.874] |D| [export_sceGxmTransferCopy]: srcFormat: 393216, srcType: 0, srcStride: 1024
[10:23:25.874] |D| [export_sceGxmTransferCopy]: destFormat: 393216, destStride: 1024, destType: 0, syncFlags: 1
[10:23:25.875] |D| [export_sceGxmTransferCopy]: width: 256, height: 128, srcX: 0, srcY: 0, destX: 0, desty: 0
[10:23:25.876] |D| [export_sceGxmTransferCopy]: dest_bpp: 32, dest_bytes_per_pixel: 4
[10:23:25.881] |D| [export_sceGxmTransferCopy]: syncObject
[10:23:25.882] |D| [export_sceGxmTransferCopy]: colorKeyValue: 0, colorKeyMask: 0, colorKeyMode: 0
[10:23:25.882] |D| [export_sceGxmTransferCopy]: srcFormat: 393216, srcType: 0, srcStride: 1024
[10:23:25.883] |D| [export_sceGxmTransferCopy]: destFormat: 393216, destStride: 1024, destType: 0, syncFlags: 1
[10:23:25.883] |D| [export_sceGxmTransferCopy]: width: 256, height: 128, srcX: 0, srcY: 0, destX: 0, desty: 0
[10:23:25.884] |D| [export_sceGxmTransferCopy]: dest_bpp: 32, dest_bytes_per_pixel: 4
[10:23:25.884] |D| [export_sceGxmTransferCopy]: syncObject
[10:23:25.885] |D| [export_sceGxmTransferCopy]: colorKeyValue: 0, colorKeyMask: 0, colorKeyMode: 0
[10:23:25.885] |D| [export_sceGxmTransferCopy]: srcFormat: 393216, srcType: 0, srcStride: 144
[10:23:25.886] |D| [export_sceGxmTransferCopy]: destFormat: 393216, destStride: 2048, destType: 0, syncFlags: 1
[10:23:25.886] |D| [export_sceGxmTransferCopy]: width: 36, height: 36, srcX: 0, srcY: 0, destX: 132, desty: 79
[10:23:25.887] |D| [export_sceGxmTransferCopy]: dest_bpp: 32, dest_bytes_per_pixel: 4
[10:23:25.887] |D| [export_sceGxmTransferCopy]: syncObject
[10:23:25.888] |D| [export_sceGxmTransferCopy]: colorKeyValue: 0, colorKeyMask: 0, colorKeyMode: 0
[10:23:25.888] |D| [export_sceGxmTransferCopy]: srcFormat: 393216, srcType: 0, srcStride: 136
[10:23:25.889] |D| [export_sceGxmTransferCopy]: destFormat: 393216, destStride: 2048, destType: 0, syncFlags: 1
[10:23:25.889] |D| [export_sceGxmTransferCopy]: width: 34, height: 34, srcX: 0, srcY: 0, destX: 168, desty: 79
[10:23:25.890] |D| [export_sceGxmTransferCopy]: dest_bpp: 32, dest_bytes_per_pixel: 4
[10:23:25.890] |D| [export_sceGxmTransferCopy]: syncObject
[10:23:25.891] |D| [export_sceGxmTransferCopy]: colorKeyValue: 0, colorKeyMask: 0, colorKeyMode: 0
[10:23:25.896] |D| [export_sceGxmTransferCopy]: srcFormat: 393216, srcType: 0, srcStride: 136
[10:23:25.896] |D| [export_sceGxmTransferCopy]: destFormat: 393216, destStride: 2048, destType: 0, syncFlags: 1
[10:23:25.897] |D| [export_sceGxmTransferCopy]: width: 34, height: 34, srcX: 0, srcY: 0, destX: 202, desty: 79
[10:23:25.897] |D| [export_sceGxmTransferCopy]: dest_bpp: 32, dest_bytes_per_pixel: 4
[10:23:25.898] |D| [export_sceGxmTransferCopy]: syncObject
[10:23:25.898] |D| [export_sceGxmTransferCopy]: colorKeyValue: 0, colorKeyMask: 0, colorKeyMode: 0
[10:23:25.899] |D| [export_sceGxmTransferCopy]: srcFormat: 393216, srcType: 0, srcStride: 136
[10:23:25.899] |D| [export_sceGxmTransferCopy]: destFormat: 393216, destStride: 2048, destType: 0, syncFlags: 1
[10:23:25.900] |D| [export_sceGxmTransferCopy]: width: 34, height: 34, srcX: 0, srcY: 0, destX: 236, desty: 79
[10:23:25.900] |D| [export_sceGxmTransferCopy]: dest_bpp: 32, dest_bytes_per_pixel: 4
[10:23:25.901] |D| [export_sceGxmTransferCopy]: syncObject
[10:23:25.901] |D| [export_sceGxmTransferCopy]: colorKeyValue: 0, colorKeyMask: 0, colorKeyMode: 0
[10:23:25.901] |D| [export_sceGxmTransferCopy]: srcFormat: 393216, srcType: 0, srcStride: 136
[10:23:25.902] |D| [export_sceGxmTransferCopy]: destFormat: 393216, destStride: 2048, destType: 0, syncFlags: 1
[10:23:25.902] |D| [export_sceGxmTransferCopy]: width: 34, height: 34, srcX: 0, srcY: 0, destX: 270, desty: 79
[10:23:25.903] |D| [export_sceGxmTransferCopy]: dest_bpp: 32, dest_bytes_per_pixel: 4
[10:23:25.903] |D| [export_sceGxmTransferCopy]: syncObject
[10:23:26.000] |W| [unimplemented_impl]: Unimplemented sceCommonDialogUpdate import called.
[10:23:26.002] |W| [stubbed_impl]: Stubbed sceDisplayWaitVblankStart import called. (wait for vblank)
[10:23:26.006] |D| [export_sceGxmTransferCopy]: colorKeyValue: 0, colorKeyMask: 0, colorKeyMode: 0
[10:23:26.006] |D| [export_sceGxmTransferCopy]: srcFormat: 393216, srcType: 0, srcStride: 4096
[10:23:26.007] |D| [export_sceGxmTransferCopy]: destFormat: 393216, destStride: 4096, destType: 0, syncFlags: 1
[10:23:26.007] |D| [export_sceGxmTransferCopy]: width: 1024, height: 1024, srcX: 0, srcY: 0, destX: 0, desty: 0
[10:23:26.008] |D| [export_sceGxmTransferCopy]: dest_bpp: 32, dest_bytes_per_pixel: 4
[10:23:26.012] |D| [export_sceGxmTransferCopy]: syncObject
[10:23:26.013] |D| [export_sceGxmTransferCopy]: colorKeyValue: 0, colorKeyMask: 0, colorKeyMode: 0
[10:23:26.013] |D| [export_sceGxmTransferCopy]: srcFormat: 393216, srcType: 0, srcStride: 128
[10:23:26.014] |D| [export_sceGxmTransferCopy]: destFormat: 393216, destStride: 128, destType: 0, syncFlags: 1
[10:23:26.015] |D| [export_sceGxmTransferCopy]: width: 32, height: 32, srcX: 0, srcY: 0, destX: 0, desty: 0
[10:23:26.015] |D| [export_sceGxmTransferCopy]: dest_bpp: 32, dest_bytes_per_pixel: 4
[10:23:26.016] |D| [export_sceGxmTransferCopy]: syncObject
[10:23:26.017] |D| [export_sceGxmTransferCopy]: colorKeyValue: 0, colorKeyMask: 0, colorKeyMode: 0
[10:23:26.017] |I| [export_sceIoOpen]: Opening file: savedata0:savedata.bin
[10:23:26.017] |D| [export_sceGxmTransferCopy]: srcFormat: 393216, srcType: 0, srcStride: 128
[10:23:26.020] |D| [export_sceGxmTransferCopy]: destFormat: 393216, destStride: 128, destType: 0, syncFlags: 1
[10:23:26.021] |D| [export_sceGxmTransferCopy]: width: 32, height: 32, srcX: 0, srcY: 0, destX: 0, desty: 0
[10:23:26.021] |D| [export_sceGxmTransferCopy]: dest_bpp: 32, dest_bytes_per_pixel: 4
[10:23:26.022] |D| [export_sceGxmTransferCopy]: syncObject
[10:23:26.022] |D| [export_sceGxmTransferCopy]: colorKeyValue: 0, colorKeyMask: 0, colorKeyMode: 0
[10:23:26.023] |D| [export_sceGxmTransferCopy]: srcFormat: 393216, srcType: 0, srcStride: 512
[10:23:26.023] |D| [export_sceGxmTransferCopy]: destFormat: 393216, destStride: 512, destType: 0, syncFlags: 1
[10:23:26.024] |D| [export_sceGxmTransferCopy]: width: 128, height: 128, srcX: 0, srcY: 0, destX: 0, desty: 0
[10:23:26.024] |D| [export_sceGxmTransferCopy]: dest_bpp: 32, dest_bytes_per_pixel: 4
[10:23:26.025] |D| [export_sceGxmTransferCopy]: syncObject
[10:23:26.025] |D| [export_sceGxmTransferCopy]: colorKeyValue: 0, colorKeyMask: 0, colorKeyMode: 0
[10:23:26.026] |D| [export_sceGxmTransferCopy]: srcFormat: 393216, srcType: 0, srcStride: 512
[10:23:26.027] |D| [export_sceGxmTransferCopy]: destFormat: 393216, destStride: 512, destType: 0, syncFlags: 1
[10:23:26.030] |D| [export_sceGxmTransferCopy]: width: 128, height: 128, srcX: 0, srcY: 0, destX: 0, desty: 0
[10:23:26.030] |D| [export_sceGxmTransferCopy]: dest_bpp: 32, dest_bytes_per_pixel: 4
[10:23:26.031] |D| [export_sceGxmTransferCopy]: syncObject
[10:23:26.032] |D| [export_sceGxmTransferCopy]: colorKeyValue: 0, colorKeyMask: 0, colorKeyMode: 0
[10:23:26.032] |D| [export_sceGxmTransferCopy]: srcFormat: 393216, srcType: 0, srcStride: 1024
[10:23:26.033] |D| [export_sceGxmTransferCopy]: destFormat: 393216, destStride: 1024, destType: 0, syncFlags: 1
[10:23:26.033] |D| [export_sceGxmTransferCopy]: width: 256, height: 128, srcX: 0, srcY: 0, destX: 0, desty: 0
[10:23:26.038] |D| [export_sceGxmTransferCopy]: dest_bpp: 32, dest_bytes_per_pixel: 4
[10:23:26.038] |D| [export_sceGxmTransferCopy]: syncObject
[10:23:26.039] |D| [export_sceGxmTransferCopy]: colorKeyValue: 0, colorKeyMask: 0, colorKeyMode: 0
[10:23:26.039] |D| [export_sceGxmTransferCopy]: srcFormat: 393216, srcType: 0, srcStride: 1024
[10:23:26.040] |D| [export_sceGxmTransferCopy]: destFormat: 393216, destStride: 1024, destType: 0, syncFlags: 1
[10:23:26.040] |D| [export_sceGxmTransferCopy]: width: 256, height: 128, srcX: 0, srcY: 0, destX: 0, desty: 0
[10:23:26.041] |D| [export_sceGxmTransferCopy]: dest_bpp: 32, dest_bytes_per_pixel: 4
[10:23:26.042] |D| [export_sceGxmTransferCopy]: syncObject
[10:23:26.190] |I| [export_sceIoOpen]: Opening file: app0:Data/LogoInti_en.osb
[10:23:26.478] |D| [export_sceGxmTransferCopy]: colorKeyValue: 0, colorKeyMask: 0, colorKeyMode: 0
[10:23:26.478] |D| [export_sceGxmTransferCopy]: srcFormat: 393216, srcType: 0, srcStride: 2048
[10:23:26.479] |D| [export_sceGxmTransferCopy]: destFormat: 393216, destStride: 2048, destType: 0, syncFl