[06:41:19.382] |I| [load_app_impl]: cpu-backend: Dynarmic
[06:41:19.382] |I| [load_app_impl]: CPU Optimisation state: true
[06:41:19.383] |I| [load_app_impl]: at9 audio decoder state: true
[06:41:19.383] |I| [load_app_impl]: ngs experimental state: true
[06:41:19.383] |I| [load_app_impl]: video player state: true
[06:41:19.383] |I| [load_app_impl]: lle-modules: libpgf,libSceXml,libsas,liblocation,libhandwriting,libSceJson,librudp
[06:41:19.383] |I| [load_app_impl]: Title: Unepic
[06:41:19.383] |I| [load_app_impl]: Serial: PCSB00841
[06:41:19.383] |I| [load_app_impl]: Version: 1.00
[06:41:19.384] |I| [load_app_impl]: Category: gd
[06:41:19.437] |C| [load_self]: Unknown segment type 0x6FFFFF01
[06:41:19.437] |I| [load_self]: Loaded module segment 0 @ [0x00007000 - 0x000588A4 / 0x81000000] (size: 0x000518A4) of module ux0:app\PCSB00841\sce_module\libc.suprx
[06:41:19.437] |I| [load_self]: Loaded module segment 1 @ [0x00059000 - 0x0005B8A0 / 0x81052000] (size: 0x000028A0) of module ux0:app\PCSB00841\sce_module\libc.suprx
[06:41:19.438] |I| [load_self]: Loading symbols for SELF: ux0:app\PCSB00841\sce_module\libc.suprx
[06:41:19.438] |D| [load_var_exports]: 	NID 0x936C8A78 (SYSLYB) at 0x4E314
[06:41:19.438] |D| [load_var_exports]: 	NID 0x6C2224BA (NID_MODULE_INFO) at 0x434DC
[06:41:19.438] |W| [load_var_imports]: 	NID NOT FOUND 0x93B8AA67 (UNRECOGNISED) at 0x4763C, setting to stub value 0xDEADBEEF
[06:41:19.439] |W| [load_var_imports]: 	NID NOT FOUND 0xDF084DFA (UNRECOGNISED) at 0x491D0, setting to stub value 0xDEADBEEF
[06:41:19.440] |I| [pre_load_module]: Pre-load module SceLibc (at "app\PCSB00841\sce_module\libc.suprx") loaded
[06:41:19.460] |C| [load_self]: Unknown segment type 0x6FFFFF01
[06:41:19.460] |I| [load_self]: Loaded module segment 0 @ [0x0005E000 - 0x0008ACBF / 0x81000000] (size: 0x0002CCBF) of module ux0:app\PCSB00841\sce_module\libfios2.suprx
[06:41:19.461] |I| [load_self]: Loaded module segment 1 @ [0x0008B000 - 0x00090255 / 0x8102D000] (size: 0x00005255) of module ux0:app\PCSB00841\sce_module\libfios2.suprx
[06:41:19.461] |I| [load_self]: Loading symbols for SELF: ux0:app\PCSB00841\sce_module\libfios2.suprx
[06:41:19.461] |D| [load_var_exports]: 	NID 0x936C8A78 (SYSLYB) at 0x8ABC8
[06:41:19.461] |D| [load_var_exports]: 	NID 0x6C2224BA (NID_MODULE_INFO) at 0x81F08
[06:41:19.461] |I| [pre_load_module]: Pre-load module SceLibFios2 (at "app\PCSB00841\sce_module\libfios2.suprx") loaded
[06:41:19.487] |C| [load_self]: Unknown segment type 0x6FFFFF01
[06:41:19.487] |I| [load_self]: Loaded module segment 0 @ [0x00091000 - 0x000A49BC / 0x81000000] (size: 0x000139BC) of module ux0:app\PCSB00841\sce_module\libult.suprx
[06:41:19.488] |I| [load_self]: Loaded module segment 1 @ [0x000A5000 - 0x000A5814 / 0x81014000] (size: 0x00000814) of module ux0:app\PCSB00841\sce_module\libult.suprx
[06:41:19.488] |I| [load_self]: Loading symbols for SELF: ux0:app\PCSB00841\sce_module\libult.suprx
[06:41:19.488] |D| [load_var_exports]: 	NID 0x936C8A78 (SYSLYB) at 0xA32E8
[06:41:19.488] |D| [load_var_exports]: 	NID 0x6C2224BA (NID_MODULE_INFO) at 0xA0870
[06:41:19.488] |I| [pre_load_module]: Pre-load module SceUlt (at "app\PCSB00841\sce_module\libult.suprx") loaded
[06:41:19.496] |I| [load_self]: Loaded module segment 0 @ [0x000A6000 - 0x000F6F04 / 0x81000000] (size: 0x00050F04) of module vs0:sys/external/libSceFt2.suprx
[06:41:19.496] |I| [load_self]: Loaded module segment 1 @ [0x000F7000 - 0x000F72F4 / 0x81051000] (size: 0x000002F4) of module vs0:sys/external/libSceFt2.suprx
[06:41:19.496] |I| [load_self]: Loading symbols for SELF: vs0:sys/external/libSceFt2.suprx
[06:41:19.497] |D| [load_var_exports]: 	NID 0x936C8A78 (SYSLYB) at 0xE27DC
[06:41:19.497] |D| [load_var_exports]: 	NID 0x6C2224BA (NID_MODULE_INFO) at 0xE1F10
[06:41:19.497] |I| [pre_load_module]: Pre-load module SceLibft2 (at "sys/external/libSceFt2.suprx") loaded
[06:41:19.499] |I| [load_self]: Loaded module segment 0 @ [0x000F8000 - 0x00107F14 / 0x81000000] (size: 0x0000FF14) of module vs0:sys/external/libpvf.suprx
[06:41:19.499] |I| [load_self]: Loaded module segment 1 @ [0x00108000 - 0x00108008 / 0x81010000] (size: 0x00000008) of module vs0:sys/external/libpvf.suprx
[06:41:19.500] |I| [load_self]: Loading symbols for SELF: vs0:sys/external/libpvf.suprx
[06:41:19.500] |D| [load_var_exports]: 	NID 0x936C8A78 (SYSLYB) at 0x106710
[06:41:19.500] |D| [load_var_exports]: 	NID 0x6C2224BA (NID_MODULE_INFO) at 0x106300
[06:41:19.500] |I| [pre_load_module]: Pre-load module SceLibPvf (at "sys/external/libpvf.suprx") loaded
[06:41:19.615] |C| [load_self]: Unknown segment type 0x6FFFFF01
[06:41:19.615] |I| [load_self]: Loaded module segment 0 @ [0x00109000 - 0x002AEDFC / 0x81000000] (size: 0x001A5DFC) of module app0:eboot.bin
[06:41:19.615] |I| [load_self]: Loaded module segment 1 @ [0x002AF000 - 0x02F88304 / 0x811A6000] (size: 0x02CD9304) of module app0:eboot.bin
[06:41:19.615] |I| [load_self]: Loading symbols for SELF: app0:eboot.bin
[06:41:19.616] |D| [load_var_exports]: 	NID 0x6C2224BA (NID_MODULE_INFO) at 0x27410C
[06:41:19.616] |D| [load_var_exports]: 	NID 0x70FBA1E7 (SCE_PROC_PARAMS) at 0x2AF094
[06:41:19.616] |D| [load_var_exports]: 	NID 0x936C8A78 (SYSLYB) at 0x2833E4
[06:41:19.616] |I| [load_app_impl]: Main executable bwin (eboot.bin) loaded
[06:41:19.625] |D| [run_app]: Running module_start of library: SceLibc at address 0x7871
[06:41:19.645] |I| [run_app]: Module SceLibc (at "ux0:app\PCSB00841\sce_module\libc.suprx") module_start returned 0x0
[06:41:19.649] |D| [run_app]: Running module_start of library: SceLibFios2 at address 0x5E001
[06:41:19.658] |W| [stubbed_impl]: Stubbed sceKernelGetProcessId import called. (pid: 0)
[06:41:19.659] |D| [export_sceFiosOverlayGetList02]: maxIDs: 127
[06:41:19.659] |W| [unimplemented_impl]: Unimplemented sceFiosOverlayGetList02 import called.
[06:41:19.659] |I| [run_app]: Module SceLibFios2 (at "ux0:app\PCSB00841\sce_module\libfios2.suprx") module_start returned 0x0
[06:41:19.663] |D| [run_app]: Running module_start of library: SceUlt at address 0x94771
[06:41:19.672] |W| [unimplemented_impl]: Unimplemented _sceUlobjMgrRegisterLibultProtocolRevision import called.
[06:41:19.672] |I| [run_app]: Module SceUlt (at "ux0:app\PCSB00841\sce_module\libult.suprx") module_start returned 0x0
[06:41:19.791] |I| [export_sceIoOpen]: Opening file: app0:config.cfg
[06:41:19.791] |E| [open_file]: Missing file at D:/Emulateurs/Vita3K/mc/ux0/app/PCSB00841/config.cfg (target path: app0:config.cfg)
[06:41:19.791] |W| [io_error_impl]: open_file (sceIoOpen) returned 0x80010002
[06:41:19.804] |W| [stubbed_impl]: Stubbed sceGxmMapMemory import called. (always return success)
[06:41:19.807] |W| [stubbed_impl]: Stubbed sceGxmMapFragmentUsseMemory import called. (always return success)
[06:41:20.234] |W| [stubbed_impl]: Stubbed sceGxmMapVertexUsseMemory import called. (always return success)
[06:41:20.242] |E| [call_import]: Import function for NID 0xE340C006 not found (thread name: PCSB00841, thread ID: 8)
[06:41:20.242] |I| [export_sceIoOpen]: Opening file: app0:image/load.idb
[06:41:20.328] |W| [stubbed_impl]: Stubbed sceNetCtlInit import called. (Stub)
[06:41:20.329] |W| [unimplemented_impl]: Unimplemented sceSslInit import called.
[06:41:20.329] |W| [unimplemented_impl]: Unimplemented sceHttpInit import called.
[06:41:20.503] |W| [unimplemented_impl]: Unimplemented sceCommonDialogUpdate import called.
[06:41:20.514] |W| [stubbed_impl]: Stubbed sceNpTrophyCreateHandle import called. (Stubbed handle with 1)
[06:41:20.514] |W| [unimplemented_impl]: Unimplemented sceAppUtilInit import called.
[06:41:20.516] |W| [stubbed_impl]: Stubbed sceNpTrophyDestroyHandle import called. (Stubbed with SCE_OK)
[06:41:20.534] |D| [renderer::gl::texture::translate_swizzle]: base format: 201326592, swizzle: 0
[06:41:20.534] |I| [renderer::gl::load_shader_generic]: Generating frag shader 9a2042562994490e2cb54fbde16403cf657fb0cafa8638248242a2a3a0eb3eb3
[06:41:20.535] |D| [shader::create_fragment_inputs]: Iterator: pa0 = (float4) v_Color0
[06:41:20.551] |I| [renderer::gl::load_shader_generic]: Generating vert shader b2b2e4aad53ecdffc7c9cb6a56905248127ed04a526c3b6b3c2d18d1ebc8d682
[06:41:20.552] |D| [shader::create_parameters]: [BUFFER0  + 0] pa0 = (float4) aPosition
[06:41:20.552] |D| [shader::create_parameters]: [BUFFER0  + 4] pa4 = (float4) aColor
[06:41:20.552] |D| [shader::create_parameters]: [BUFFER0  + 8] pa8 = (float4) aTexCoord
[06:41:20.578] |W| [stubbed_impl]: Stubbed sceDisplayWaitSetFrameBufMulti import called. (move after setframebuf)
[06:41:20.580] |I| [export_sceIoOpen]: Opening file: savedata0:saveData.bin
[06:41:20.646] |W| [stubbed_impl]: Stubbed sceNpCheckCallback import called. (Stub)
[06:41:20.664] |I| [export_sceIoOpen]: Opening file: app0:image/background.idb
[06:41:20.667] |D| [renderer::gl::texture::translate_swizzle]: base format: 201326592, swizzle: 0
[06:41:20.745] |I| [export_sceIoOpen]: Opening file: app0:image/fullBackground.idb
[06:41:21.196] |I| [export_sceIoOpen]: Opening file: app0:image/tiles.idb
[06:41:21.249] |I| [export_sceIoOpen]: Opening file: app0:image/deco.idb
[06:41:21.697] |I| [export_sceIoOpen]: Opening file: app0:data/cLst_deco.bin
[06:41:21.761] |I| [export_sceIoOpen]: Opening file: app0:image/sais.idb
[06:41:21.807] |I| [export_sceIoOpen]: Opening file: app0:data/cLst_sais.bin
[06:41:21.811] |I| [export_sceIoOpen]: Opening file: app0:image/lifts.idb
[06:41:21.836] |I| [export_sceIoOpen]: Opening file: app0:data/cLst_lifts.bin
[06:41:21.837] |I| [export_sceIoOpen]: Opening file: app0:image/editor_water.idb
[06:41:21.841] |I| [export_sceIoOpen]: Opening file: app0:image/parts.idb
[06:41:21.879] |I| [export_sceIoOpen]: Opening file: app0:data/cLst_parts.bin
[06:41:21.903] |I| [export_sceIoOpen]: Opening file: app0:image/b_snakes.idb
[06:41:21.924] |I| [export_sceIoOpen]: Opening file: app0:data/cLst_snakes.bin
[06:41:21.926] |I| [export_sceIoOpen]: Opening file: app0:image/ani_fire.idb
[06:41:21.951] |I| [export_sceIoOpen]: Opening file: app0:image/ventanas.idb
[06:41:22.013] |I| [export_sceIoOpen]: Opening file: app0:image/retos.idb
[06:41:22.091] |I| [export_sceIoOpen]: Opening file: app0:image/misc.idb
[06:41:22.203] |I| [export_sceIoOpen]: Opening file: app0:image/fx.idb
[06:41:22.275] |I| [export_sceIoOpen]: Opening file: app0:image/caras.idb
[06:41:22.314] |I| [export_sceIoOpen]: Opening file: app0:image/icons.idb
[06:41:22.433] |I| [export_sceIoOpen]: Opening file: app0:image/weapons.idb
[06:41:22.491] |I| [export_sceIoOpen]: Opening file: app0:data/cLst_weapons.bin
[06:41:22.505] |I| [export_sceIoOpen]: Opening file: app0:image/portraits.idb
[06:41:22.735] |I| [export_sceIoOpen]: Opening file: app0:image/marcador.idb
[06:41:22.818] |I| [export_sceIoOpen]: Opening file: app0:image/pergamino.idb
[06:41:23.154] |I| [export_sceIoOpen]: Opening file: app0:image/tapa.idb
[06:41:23.898] |I| [export_sceIoOpen]: Opening file: app0:image/menu.idb
[06:41:24.007] |I| [export_sceIoOpen]: Opening file: app0:image/bosses.idb
[06:41:24.068] |I| [export_sceIoOpen]: Opening file: app0:image/fullBackgroundCustom.idb
[06:41:24.285] |I| [export_sceIoOpen]: Opening file: app0:image/vita.idb
[06:41:24.382] |I| [export_sceIoOpen]: Opening file: app0:image/font_maiandra_vita.idb
[06:41:24.408] |I| [export_sceIoOpen]: Opening file: app0:data/font_default.txt
[06:41:24.410] |I| [export_sceIoOpen]: Opening file: app0:image/font_maiandra_num_stroke.idb
[06:41:24.430] |I| [export_sceIoOpen]: Opening file: app0:data/dictio_common_en.bin
[06:41:24.439] |I| [export_sceIoOpen]: Opening file: app0:data/dictio_error_en.bin
[06:41:24.444] |I| [export_sceIoOpen]: Opening file: app0:data/dictio_bonus_en.bin
[06:41:24.449] |I| [export_sceIoOpen]: Opening file: app0:data/dictio_bonusDesc_en.bin
[06:41:24.455] |I| [export_sceIoOpen]: Opening file: app0:data/dictio_effectName_en.bin
[06:41:24.458] |I| [export_sceIoOpen]: Opening file: app0:data/dictio_questNames_en.bin
[06:41:24.465] |I| [export_sceIoOpen]: Opening file: app0:data/dictio_logros_en.bin
[06:41:24.468] |I| [export_sceIoOpen]: Opening file: app0:data/dictio_challenges_en.bin
[06:41:24.469] |I| [export_sceIoOpen]: Opening file: app0:data/dictio_pergamino_credits_en.bin
[06:41:24.471] |I| [export_sceIoOpen]: Opening file: app0:data/dictio_changelog.bin
[06:41:24.473] |I| [export_sceIoOpen]: Opening file: app0:data/dictio_quest_en.bin
[06:41:24.479] |I| [export_sceIoOpen]: Opening file: app0:data/dictio_pad.bin
[06:41:24.480] |I| [export_sceIoOpen]: Opening file: app0:data/dictio_editor.bin
[06:41:24.482] |I| [export_sceIoOpen]: Opening file: app0:data/dictio_menu_en.bin
[06:41:24.484] |I| [export_sceIoOpen]: Opening file: app0:data/dictio_dialog_en.bin
[06:41:24.502] |I| [export_sceIoOpen]: Opening file: app0:data/dictio_itemNames_en.bin
[06:41:24.508] |I| [export_sceIoOpen]: Opening file: app0:data/dictio_itemDesc_en.bin
[06:41:24.510] |I| [export_sceIoOpen]: Opening file: app0:data/dictio_locs.bin
[06:41:24.512] |I| [export_sceIoOpen]: Opening file: app0:data/dictio_common_fr.bin
[06:41:24.514] |I| [export_sceIoOpen]: Opening file: app0:data/dictio_menu_fr.bin
[06:41:24.515] |I| [export_sceIoOpen]: Opening file: app0:data/dictio_itemNames_fr.bin
[06:41:24.526] |I| [export_sceIoOpen]: Opening file: app0:data/dictio_itemDesc_fr.bin
[06:41:24.529] |I| [export_sceIoOpen]: Opening file: app0:data/dictio_error_fr.bin
[06:41:24.530] |I| [export_sceIoOpen]: Opening file: app0:data/dictio_bonus_fr.bin
[06:41:24.531] |I| [export_sceIoOpen]: Opening file: app0:data/dictio_bonusDesc_fr.bin
[06:41:24.531] |I| [export_sceIoOpen]: Opening file: app0:data/dictio_effectName_fr.bin
[06:41:24.532] |I| [export_sceIoOpen]: Opening file: app0:data/dictio_questNames_fr.bin
[06:41:24.533] |I| [export_sceIoOpen]: Opening file: app0:data/dictio_logros_fr.bin
[06:41:24.534] |I| [export_sceIoOpen]: Opening file: app0:data/dictio_challenges_fr.bin
[06:41:24.535] |I| [export_sceIoOpen]: Opening file: app0:data/dictio_pergamino_credits_fr.bin
[06:41:24.538] |I| [export_sceIoOpen]: Opening file: app0:data/dictio_dialog_fr.bin
[06:41:24.550] |I| [export_sceIoOpen]: Opening file: app0:data/dictio_quest_fr.bin
[06:41:24.574] |W| [unimplemented_impl]: Unimplemented sceKernelChangeThreadVfpException import called.
[06:41:24.575] |W| [unimplemented_impl]: Unimplemented sceFiosOverlayThreadSetDisabled02 import called.
[06:41:24.597] |W| [ngs::create_voice_definition]: Missing voice definition for Buss Type 15, using passthrough.
[06:41:24.598] |W| [ngs::create_voice_definition]: Missing voice definition for Buss Type 16, using passthrough.
[06:41:24.607] |W| [unimplemented_impl]: Unimplemented sceNgsSystemSetFlags import called.
[06:41:24.607] |W| [ngs::create_voice_definition]: Missing voice definition for Buss Type 1, using passthrough.
[06:41:24.608] |D| [export_sceNgsVoiceInit]: flags: 7
[06:41:24.608] |W| [unimplemented_impl]: Unimplemented sceNgsVoiceBypassModule import called.
[06:41:24.614] |W| [unimplemented_impl]: Unimplemented sceNgsVoiceSetFinishedCallback import called.
[06:41:24.620] |D| [export_sceNgsVoicePlay]: sceNgsVoicePlay: 1
[06:41:24.620] |D| [export_sceNgsVoicePlay]: sceNgsVoicePlay: 1
[06:41:24.662] |W| [unimplemented_impl]: Unimplemented sceFiosOverlayGetRecommendedScheduler02 import called.
[06:41:24.665] |I| [export_sceIoOpen]: Opening file: app0:/sound/bottle_open.wav
[06:41:24.701] |I| [export_sceIoOpen]: Opening file: app0:/sound/bottle_open.wav
[06:41:24.840] |I| [export_sceIoOpen]: Opening file: app0:/sound/quest_laught.wav
[06:41:24.849] |I| [export_sceIoOpen]: Opening file: app0:/sound/quest_laught.wav
[06:41:24.885] |I| [export_sceIoOpen]: Opening file: app0:/sound/hit_mace.wav
[06:41:24.886] |I| [export_sceIoOpen]: Opening file: app0:/sound/hit_mace.wav
[06:41:24.908] |I| [export_sceIoOpen]: Opening file: app0:/sound/fiu_mace.wav
[06:41:24.909] |I| [export_sceIoOpen]: Opening file: app0:/sound/fiu_mace.wav
[06:41:24.936] |I| [export_sceIoOpen]: Opening file: app0:/sound/monster_lenguaSerpiente.wav
[06:41:24.937] |I| [export_sceIoOpen]: Opening file: app0:/sound/monster_lenguaSerpiente.wav
[06:41:25.021] |I| [export_sceIoOpen]: Opening file: app0:/sound/fx_waterChof.wav
[06:41:25.022] |I| [export_sceIoOpen]: Opening file: app0:/sound/fx_waterChof.wav
[06:41:25.090] |I| [export_sceIoOpen]: Opening file: app0:/sound/fx_waterJump.wav
[06:41:25.091] |I| [export_sceIoOpen]: Opening file: app0:/sound/fx_waterJump.wav
[06:41:25.124] |I| [export_sceIoOpen]: Opening file: app0:/sound/fx_waterWalk.wav
[06:41:25.125] |I| [export_sceIoOpen]: Opening file: app0:/sound/fx_waterWalk.wav
[06:41:25.179] |I| [export_sceIoOpen]: Opening file: app0:/sound/spell_arcaneWave.wav
[06:41:25.181] |I| [export_sceIoOpen]: Opening file: app0:/sound/spell_arcaneWave.wav
[06:41:25.219] |I| [export_sceIoOpen]: Opening file: app0:/sound/fx_bed.wav
[06:41:25.220] |I| [export_sceIoOpen]: Opening file: app0:/sound/fx_bed.wav
[06:41:25.239] |I| [export_sceIoOpen]: Opening file: app0:/sound/fx_cortina.wav
[06:41:25.240] |I| [export_sceIoOpen]: Opening file: app0:/sound/fx_cortina.wav
[06:41:25.263] |I| [export_sceIoOpen]: Opening file: app0:/sound/fx_wooh.wav
[06:41:25.263] |I| [export_sceIoOpen]: Opening file: app0:/sound/fx_wooh.wav
[06:41:25.280] |I| [export_sceIoOpen]: Opening file: app0:/sound/fx_thunder.wav
[06:41:25.281] |I| [export_sceIoOpen]: Opening file: app0:/sound/fx_thunder.wav
[06:41:25.478] |I| [export_sceIoOpen]: Opening file: app0:/sound/fx_iceBreak.wav
[06:41:25.479] |I| [export_sceIoOpen]: Opening file: app0:/sound/fx_iceBreak.wav
[06:41:25.560] |I| [export_sceIoOpen]: Opening file: app0:/sound/fx_froze.wav
[06:41:25.561] |I| [export_sceIoOpen]: Opening file: app0:/sound/fx_froze.wav
[06:41:25.590] |I| [export_sceIoOpen]: Opening file: app0:/sound/fx_tensar_arco.wav
[06:41:25.591] |I| [export_sceIoOpen]: Opening file: app0:/sound/fx_tensar_arco.wav
[06:41:25.617] |I| [export_sceIoOpen]: Opening file: app0:/sound/fx_blow.wav
[06:41:25.618] |I| [export_sceIoOpen]: Opening file: app0:/sound/fx_blow.wav
[06:41:25.656] |I| [export_sceIoOpen]: Opening file: app0:/sound/fx_alert.wav
[06:41:25.657] |I| [export_sceIoOpen]: Opening file: app0:/sound/fx_alert.wav
[06:41:25.748] |I| [export_sceIoOpen]: Opening file: app0:/sound/fx_buzz.wav
[06:41:25.749] |I| [export_sceIoOpen]: Opening file: app0:/sound/fx_buzz.wav
[06:41:25.769] |I| [export_sceIoOpen]: Opening file: app0:/sound/monster_acido.wav
[06:41:25.771] |I| [export_sceIoOpen]: Opening file: app0:/sound/monster_acido.wav
[06:41:25.945] |I| [export_sceIoOpen]: Opening file: app0:/sound/fx_charge.wav
[06:41:25.946] |I| [export_sceIoOpen]: Opening file: app0:/sound/fx_charge.wav
[06:41:25.997] |I| [export_sceIoOpen]: Opening file: app0:/sound/spell_raise.wav
[06:41:25.999] |I| [export_sceIoOpen]: Opening file: app0:/sound/spell_raise.wav
[06:41:26.028] |I| [export_sceIoOpen]: Opening file: app0:/sound/spell_gain.wav
[06:41:26.029] |I| [export_sceIoOpen]: Opening file: app0:/sound/spell_gain.wav
[06:41:26.067] |I| [export_sceIoOpen]: Opening file: app0:/sound/menu_moveOption.wav
[06:41:26.068] |I| [export_sceIoOpen]: Opening file: app0:/sound/menu_moveOption.wav
[06:41:26.092] |I| [export_sceIoOpen]: Opening file: app0:/sound/menu_optionSelected.wav
[06:41:26.093] |I| [export_sceIoOpen]: Opening file: app0:/sound/menu_optionSelected.wav
[06:41:26.125] |I| [export_sceIoOpen]: Opening file: app0:/sound/menu_show.wav
[06:41:26.126] |I| [export_sceIoOpen]: Opening file: app0:/sound/menu_show.wav
[06:41:26.154] |I| [export_sceIoOpen]: Opening file: app0:/sound/menu_openDialog.wav
[06:41:26.155] |I| [export_sceIoOpen]: Opening file: app0:/sound/menu_openDialog.wav
[06:41:26.174] |I| [export_sceIoOpen]: Opening file: app0:/sound/habla1b.wav
[06:41:26.175] |I| [export_sceIoOpen]: Opening file: app0:/sound/habla1b.wav
[06:41:26.188] |I| [export_sceIoOpen]: Opening file: app0:/sound/habla2b.wav
[06:41:26.189] |I| [export_sceIoOpen]: Opening file: app0:/sound/habla2b.wav
[06:41:26.204] |I| [export_sceIoOpen]: Opening file: app0:/sound/menu_hint.wav
[06:41:26.205] |I| [export_sceIoOpen]: Opening file: app0:/sound/menu_hint.wav
[06:41:26.237] |I| [export_sceIoOpen]: Opening file: app0:/sound/menu_skullLaught.wav
[06:41:26.238] |I| [export_sceIoOpen]: Opening file: app0:/sound/menu_skullLaught.wav
[06:41:26.309] |I| [export_sceIoOpen]: Opening file: app0:/sound/menu_group_joined.wav
[06:41:26.310] |I| [export_sceIoOpen]: Opening file: app0:/sound/menu_group_joined.wav
[06:41:26.517] |I| [export_sceIoOpen]: Opening file: app0:/sound/prota_jump.wav
[06:41:26.522] |I| [export_sceIoOpen]: Opening file: app0:/sound/prota_jump.wav
[06:41:26.581] |I| [export_sceIoOpen]: Opening file: app0:/sound/prota_levelUp.wav
[06:41:26.582] |I| [export_sceIoOpen]: Opening file: app0:/sound/prota_levelUp.wav
[06:41:26.616] |I| [export_sceIoOpen]: Opening file: app0:/sound/prota_critical.wav
[06:41:26.617] |I| [export_sceIoOpen]: Opening file: app0:/sound/prota_critical.wav
[06:41:26.652] |I| [export_sceIoOpen]: Opening file: app0:/sound/prota_kerching.wav
[06:41:26.653] |I| [export_sceIoOpen]: Opening file: app0:/sound/prota_kerching.wav
[06:41:26.700] |I| [export_sceIoOpen]: Opening file: app0:/sound/prota_openPasadizo.wav
[06:41:26.702] |I| [export_sceIoOpen]: Opening file: app0:/sound/prota_openPasadizo.wav
[06:41:26.775] |I| [export_sceIoOpen]: Opening file: app0:/sound/prota_entrarPasadizo.wav
[06:41:26.800] |I| [export_sceIoOpen]: Opening file: app0:/sound/prota_entrarPasadizo.wav
[06:41:26.909] |I| [export_sceIoOpen]: Opening file: app0:/sound/prota_readScroll.wav
[06:41:26.933] |I| [export_sceIoOpen]: Opening file: app0:/sound/prota_readScroll.wav
[06:41:26.974] |I| [export_sceIoOpen]: Opening file: app0:/sound/prota_grito1.wav
[06:41:26.975] |I| [export_sceIoOpen]: Opening file: app0:/sound/prota_grito1.wav
[06:41:27.041] |I| [export_sceIoOpen]: Opening file: app0:/sound/prota_grito2.wav
[06:41:27.042] |I| [export_sceIoOpen]: Opening file: app0:/sound/prota_grito2.wav
[06:41:27.109] |I| [export_sceIoOpen]: Opening file: app0:/sound/prota_cuerda.wav
[06:41:27.110] |I| [export_sceIoOpen]: Opening file: app0:/sound/prota_cuerda.wav
[06:41:27.167] |I| [export_sceIoOpen]: Opening file: app0:/sound/prota_critico.wav
[06:41:27.168] |I| [export_sceIoOpen]: Opening file: app0:/sound/prota_critico.wav
[06:41:27.252] |I| [export_sceIoOpen]: Opening file: app0:/sound/step_stone_1.wav
[06:41:27.275] |I| [export_sceIoOpen]: Opening file: app0:/sound/step_stone_1.wav
[06:41:27.293] |I| [export_sceIoOpen]: Opening file: app0:/sound/step_stone_2.wav
[06:41:27.294] |I| [export_sceIoOpen]: Opening file: app0:/sound/step_stone_2.wav
[06:41:27.314] |I| [export_sceIoOpen]: Opening file: app0:/sound/step_stone_3.wav
[06:41:27.315] |I| [export_sceIoOpen]: Opening file: app0:/sound/step_stone_3.wav
[06:41:27.335] |I| [export_sceIoOpen]: Opening file: app0:/sound/step_stone_fall.wav
[06:41:27.336] |I| [export_sceIoOpen]: Opening file: app0:/sound/step_stone_fall.wav
[06:41:27.373] |I| [export_sceIoOpen]: Opening file: app0:/sound/step_wood_1.wav
[06:41:27.375] |I| [export_sceIoOpen]: Opening file: app0:/sound/step_wood_1.wav
[06:41:27.404] |I| [export_sceIoOpen]: Opening file: app0:/sound/step_wood_2.wav
[06:41:27.405] |I| [export_sceIoOpen]: Opening file: app0:/sound/step_wood_2.wav
[06:41:27.435] |I| [export_sceIoOpen]: Opening file: app0:/sound/step_wood_3.wav
[06:41:27.436] |I| [export_sceIoOpen]: Opening file: app0:/sound/step_wood_3.wav
[06:41:27.465] |I| [export_sceIoOpen]: Opening file: app0:/sound/step_wood_fall.wav
[06:41:27.466] |I| [export_sceIoOpen]: Opening file: app0:/sound/step_wood_fall.wav
[06:41:27.491] |I| [export_sceIoOpen]: Opening file: app0:/sound/step_dirt_1.wav
[06:41:27.492] |I| [export_sceIoOpen]: Opening file: app0:/sound/step_dirt_1.wav
[06:41:27.521] |I| [export_sceIoOpen]: Opening file: app0:/sound/step_dirt_2.wav
[06:41:27.522] |I| [export_sceIoOpen]: Opening file: app0:/sound/step_dirt_2.wav
[06:41:27.551] |I| [export_sceIoOpen]: Opening file: app0:/sound/step_dirt_3.wav
[06:41:27.552] |I| [export_sceIoOpen]: Opening file: app0:/sound/step_dirt_3.wav
[06:41:27.582] |I| [export_sceIoOpen]: Opening file: app0:/sound/step_dirt_fall.wav
[06:41:27.583] |I| [export_sceIoOpen]: Opening file: app0:/sound/step_dirt_fall.wav
[06:41:27.608] |I| [export_sceIoOpen]: Opening file: app0:/sound/step_swamp_1.wav
[06:41:27.609] |I| [export_sceIoOpen]: Opening file: app0:/sound/step_swamp_1.wav
[06:41:27.630] |I| [export_sceIoOpen]: Opening file: app0:/sound/step_swamp_2.wav
[06:41:27.631] |I| [export_sceIoOpen]: Opening file: app0:/sound/step_swamp_2.wav
[06:41:27.652] |I| [export_sceIoOpen]: Opening file: app0:/sound/step_swamp_3.wav
[06:41:27.653] |I| [export_sceIoOpen]: Opening file: app0:/sound/step_swamp_3.wav
[06:41:27.676] |I| [export_sceIoOpen]: Opening file: app0:/sound/step_swamp_fall.wav
[06:41:27.677] |I| [export_sceIoOpen]: Opening file: app0:/sound/step_swamp_fall.wav
[06:41:27.700] |I| [export_sceIoOpen]: Opening file: app0:/sound/stair_1.wav
[06:41:27.701] |I| [export_sceIoOpen]: Opening file: app0:/sound/stair_1.wav
[06:41:27.718] |I| [export_sceIoOpen]: Opening file: app0:/sound/stair_2.wav
[06:41:27.719] |I| [export_sceIoOpen]: Opening file: app0:/sound/stair_2.wav
[06:41:27.737] |I| [export_sceIoOpen]: Opening file: app0:/sound/stair_3.wav
[06:41:27.738] |I| [export_sceIoOpen]: Opening file: app0:/sound/stair_3.wav
[06:41:27.754] |I| [export_sceIoOpen]: Opening file: app0:/sound/stair_4.wav
[06:41:27.754] |I| [export_sceIoOpen]: Opening file: app0:/sound/stair_4.wav
[06:41:27.770] |I| [export_sceIoOpen]: Opening file: app0:/sound/mp_chat.wav
[06:41:27.771] |I| [export_sceIoOpen]: Opening file: app0:/sound/mp_chat.wav
[06:41:27.786] |I| [export_sceIoOpen]: Opening file: app0:/sound/laught1.wav
[06:41:27.787] |I| [export_sceIoOpen]: Opening file: app0:/sound/laught1.wav
[06:41:27.830] |I| [export_sceIoOpen]: Opening file: app0:/sound/laught2.wav
[06:41:27.830] |I| [export_sceIoOpen]: Opening file: app0:/sound/laught2.wav
[06:41:27.863] |I| [export_sceIoOpen]: Opening file: app0:/sound/laught3.wav
[06:41:27.865] |I| [export_sceIoOpen]: Opening file: app0:/sound/laught3.wav
[06:41:27.964] |I| [export_sceIoOpen]: Opening file: app0:/sound/laught4.wav
[06:41:27.965] |I| [export_sceIoOpen]: Opening file: app0:/sound/laught4.wav
[06:41:28.016] |I| [export_sceIoOpen]: Opening file: app0:/sound/laught5.wav
[06:41:28.017] |I| [export_sceIoOpen]: Opening file: app0:/sound/laught5.wav
[06:41:28.093] |I| [export_sceIoOpen]: Opening file: app0:/sound/cast_fire_1.wav
[06:41:28.094] |I| [export_sceIoOpen]: Opening file: app0:/sound/cast_fire_1.wav
[06:41:28.143] |I| [export_sceIoOpen]: Opening file: app0:/sound/cast_fire_2.wav
[06:41:28.144] |I| [export_sceIoOpen]: Opening file: app0:/sound/cast_fire_2.wav
[06:41:28.206] |I| [export_sceIoOpen]: Opening file: app0:/sound/cast_fire_3.wav
[06:41:28.208] |I| [export_sceIoOpen]: Opening file: app0:/sound/cast_fire_3.wav
[06:41:28.268] |I| [export_sceIoOpen]: Opening file: app0:/sound/cast_fire_4.wav
[06:41:28.269] |I| [export_sceIoOpen]: Opening file: app0:/sound/cast_fire_4.wav
[06:41:28.364] |I| [export_sceIoOpen]: Opening file: app0:/sound/cast_ice_1.wav
[06:41:28.365] |I| [export_sceIoOpen]: Opening file: app0:/sound/cast_ice_1.wav
[06:41:28.422] |I| [export_sceIoOpen]: Opening file: app0:/sound/cast_ice_2.wav
[06:41:28.423] |I| [export_sceIoOpen]: Opening file: app0:/sound/cast_ice_2.wav
[06:41:28.478] |I| [export_sceIoOpen]: Opening file: app0:/sound/cast_ice_3.wav
[06:41:28.479] |I| [export_sceIoOpen]: Opening file: app0:/sound/cast_ice_3.wav
[06:41:28.546] |I| [export_sceIoOpen]: Opening file: app0:/sound/cast_ice_4.wav
[06:41:28.547] |I| [export_sceIoOpen]: Opening file: app0:/sound/cast_ice_4.wav
[06:41:28.649] |I| [export_sceIoOpen]: Opening file: app0:/sound/cast_arcane_1.wav
[06:41:28.650] |I| [export_sceIoOpen]: Opening file: app0:/sound/cast_arcane_1.wav
[06:41:28.708] |I| [export_sceIoOpen]: Opening file: app0:/sound/cast_arcane_2.wav
[06:41:28.709] |I| [export_sceIoOpen]: Opening file: app0:/sound/cast_arcane_2.wav
[06:41:28.784] |I| [export_sceIoOpen]: Opening file: app0:/sound/cast_arcane_3.wav
[06:41:28.785] |I| [export_sceIoOpen]: Opening file: app0:/sound/cast_arcane_3.wav
[06:41:28.868] |I| [export_sceIoOpen]: Opening file: app0:/sound/cast_arcane_4.wav
[06:41:28.869] |I| [export_sceIoOpen]: Opening file: app0:/sound/cast_arcane_4.wav
[06:41:28.963] |I| [export_sceIoOpen]: Opening file: app0:/sound/cast_heal_1.wav
[06:41:28.964] |I| [export_sceIoOpen]: Opening file: app0:/sound/cast_heal_1.wav
[06:41:29.003] |I| [export_sceIoOpen]: Opening file: app0:/sound/cast_heal_2.wav
[06:41:29.004] |I| [export_sceIoOpen]: Opening file: app0:/sound/cast_heal_2.wav
[06:41:29.070] |I| [export_sceIoOpen]: Opening file: app0:/sound/cast_heal_3.wav
[06:41:29.071] |I| [export_sceIoOpen]: Opening file: app0:/sound/cast_heal_3.wav
[06:41:29.173] |I| [export_sceIoOpen]: Opening file: app0:/sound/cast_heal_4.wav
[06:41:29.174] |I| [export_sceIoOpen]: Opening file: app0:/sound/cast_heal_4.wav
[06:41:29.288] |I| [export_sceIoOpen]: Opening file: app0:/sound/cast_alter_1.wav
[06:41:29.289] |I| [export_sceIoOpen]: Opening file: app0:/sound/cast_alter_1.wav
[06:41:29.334] |I| [export_sceIoOpen]: Opening file: app0:/sound/cast_alter_2.wav
[06:41:29.335] |I| [export_sceIoOpen]: Opening file: app0:/sound/cast_alter_2.wav
[06:41:29.390] |I| [export_sceIoOpen]: Opening file: app0:/sound/cast_alter_3.wav
[06:41:29.391] |I| [export_sceIoOpen]: Opening file: app0:/sound/cast_alter_3.wav
[06:41:29.449] |I| [export_sceIoOpen]: Opening file: app0:/sound/cast_alter_4.wav
[06:41:29.450] |I| [export_sceIoOpen]: Opening file: app0:/sound/cast_alter_4.wav
[06:41:29.541] |I| [export_sceIoOpen]: Opening file: app0:/sound/cast_mental_1.wav
[06:41:29.542] |I| [export_sceIoOpen]: Opening file: app0:/sound/cast_mental_1.wav
[06:41:29.591] |I| [export_sceIoOpen]: Opening file: app0:/sound/cast_mental_2.wav
[06:41:29.592] |I| [export_sceIoOpen]: Opening file: app0:/sound/cast_mental_2.wav
[06:41:29.646] |I| [export_sceIoOpen]: Opening file: app0:/sound/cast_mental_3.wav
[06:41:29.647] |I| [export_sceIoOpen]: Opening file: app0:/sound/cast_mental_3.wav
[06:41:29.704] |I| [export_sceIoOpen]: Opening file: app0:/sound/cast_mental_4.wav
[06:41:29.705] |I| [export_sceIoOpen]: Opening file: app0:/sound/cast_mental_4.wav
[06:41:29.807] |I| [export_sceIoOpen]: Opening file: app0:/sound/cast_prot_1.wav
[06:41:29.808] |I| [export_sceIoOpen]: Opening file: app0:/sound/cast_prot_1.wav
[06:41:29.864] |I| [export_sceIoOpen]: Opening file: app0:/sound/cast_prot_2.wav
[06:41:29.865] |I| [export_sceIoOpen]: Opening file: app0:/sound/cast_prot_2.wav
[06:41:29.917] |I| [export_sceIoOpen]: Opening file: app0:/sound/cast_prot_3.wav
[06:41:29.918] |I| [export_sceIoOpen]: Opening file: app0:/sound/cast_prot_3.wav
[06:41:29.983] |I| [export_sceIoOpen]: Opening file: app0:/sound/cast_prot_4.wav
[06:41:29.984] |I| [export_sceIoOpen]: Opening file: app0:/sound/cast_prot_4.wav
[06:41:30.091] |I| [export_sceIoOpen]: Opening file: app0:/sound/cast_light_1.wav
[06:41:30.092] |I| [export_sceIoOpen]: Opening file: app0:/sound/cast_light_1.wav
[06:41:30.136] |I| [export_sceIoOpen]: Opening file: app0:/sound/cast_light_2.wav
[06:41:30.137] |I| [export_sceIoOpen]: Opening file: app0:/sound/cast_light_2.wav
[06:41:30.207] |I| [export_sceIoOpen]: Opening file: app0:/sound/cast_light_3.wav
[06:41:30.208] |I| [export_sceIoOpen]: Opening file: app0:/sound/cast_light_3.wav
[06:41:30.278] |I| [export_sceIoOpen]: Opening file: app0:/sound/cast_light_4.wav
[06:41:30.279] |I| [export_sceIoOpen]: Opening file: app0:/sound/cast_light_4.wav
[06:41:30.389] |I| [export_sceIoOpen]: Opening file: app0:/sound/spell_builder.wav
[06:41:30.390] |I| [export_sceIoOpen]: Opening file: app0:/sound/spell_builder.wav
[06:41:30.452] |I| [export_sceIoOpen]: Opening file: app0:/sound/fx_lift_stop.wav
[06:41:30.453] |I| [export_sceIoOpen]: Opening file: app0:/sound/fx_lift_stop.wav
[06:41:30.534] |I| [export_sceIoOpen]: Opening file: app0:/sound/fx_lift_move.wav
[06:41:30.535] |I| [export_sceIoOpen]: Opening file: app0:/sound/fx_lift_move.wav
[06:41:30.609] |I| [export_sceIoOpen]: Opening file: app0:/sound/fx_posesion.wav
[06:41:30.610] |I| [export_sceIoOpen]: Opening file: app0:/sound/fx_posesion.wav
[06:41:30.748] |I| [export_sceIoOpen]: Opening file: app0:/sound/prota_writing.wav
[06:41:30.750] |I| [export_sceIoOpen]: Opening file: app0:/sound/prota_writing.wav
[06:41:30.884] |I| [export_sceIoOpen]: Opening file: app0:/sound/prota_pickLock.wav
[06:41:30.915] |I| [export_sceIoOpen]: Opening file: app0:/sound/prota_pickLock.wav
[06:41:31.006] |I| [export_sceIoOpen]: Opening file: app0:/sound/prota_questDone.wav
[06:41:31.007] |I| [export_sceIoOpen]: Opening file: app0:/sound/prota_questDone.wav
[06:41:31.084] |I| [export_sceIoOpen]: Opening file: app0:/sound/fx_parry.wav
[06:41:31.085] |I| [export_sceIoOpen]: Opening file: app0:/sound/fx_parry.wav
[06:41:31.162] |I| [export_sceIoOpen]: Opening file: app0:/sound/fx_help.wav
[06:41:31.163] |I| [export_sceIoOpen]: Opening file: app0:/sound/fx_help.wav
[06:41:31.228] |I| [export_sceIoOpen]: Opening file: app0:/sound/prota_allLightsOn.ogg
[06:41:31.229] |I| [export_sceIoOpen]: Opening file: app0:/sound/prota_eat.ogg
[06:41:31.230] |I| [export_sceIoOpen]: Opening file: app0:/sound/prota_yeeha.ogg
[06:41:31.231] |I| [export_sceIoOpen]: Opening file: app0:/sound/prota_newSpell.ogg
[06:41:31.231] |I| [export_sceIoOpen]: Opening file: app0:/sound/prota_logro_step2.ogg
[06:41:31.232] |I| [export_sceIoOpen]: Opening file: app0:/sound/prota_invocarBoss.ogg
[06:41:31.232] |I| [export_sceIoOpen]: Opening file: app0:/sound/dialog1.ogg
[06:41:31.233] |I| [export_sceIoOpen]: Opening file: app0:/sound/dialog2.ogg
[06:41:31.234] |I| [export_sceIoOpen]: Opening file: app0:/sound/menu_title.ogg
[06:41:31.235] |I| [export_sceIoOpen]: Opening file: app0:/sound/open_sectorDoor.ogg
[06:41:31.236] |I| [export_sceIoOpen]: Opening file: app0:/sound/music_intro.ogg
[06:41:31.236] |I| [export_sceIoOpen]: Opening file: app0:/sound/music_logro.ogg
[06:41:31.237] |I| [export_sceIoOpen]: Opening file: app0:/sound/music_inthejungle.ogg
[06:41:31.238] |I| [export_sceIoOpen]: Opening file: app0:/sound/music_you_win.ogg
[06:41:31.239] |I| [export_sceIoOpen]: Opening file: app0:/sound/music_you_lose.ogg
[06:41:31.239] |I| [export_sceIoOpen]: Opening file: app0:/sound/music_dungeon_completed.ogg
[06:41:31.240] |I| [export_sceIoOpen]: Opening file: app0:/sound/music_castle.ogg
[06:41:31.241] |I| [export_sceIoOpen]: Opening file: app0:/sound/music_background_mine.ogg
[06:41:31.241] |I| [export_sceIoOpen]: Opening file: app0:/sound/music_background_box.ogg
[06:41:31.242] |I| [export_sceIoOpen]: Opening file: app0:/sound/music_laud.ogg
[06:41:31.243] |I| [export_sceIoOpen]: Opening file: app0:/sound/music_background_sewers.ogg
[06:41:31.243] |I| [export_sceIoOpen]: Opening file: app0:/sound/music_background_gardens.ogg
[06:41:31.244] |I| [export_sceIoOpen]: Opening file: app0:/sound/music_background_lab.ogg
[06:41:31.245] |I| [export_sceIoOpen]: Opening file: app0:/sound/music_background_catacombs.ogg
[06:41:31.245] |I| [export_sceIoOpen]: Opening file: app0:/sound/music_background_wind.ogg
[06:41:31.246] |I| [export_sceIoOpen]: Opening file: app0:/sound/music_background_halls.ogg
[06:41:31.246] |I| [export_sceIoOpen]: Opening file: app0:/sound/galious_world.ogg
[06:41:31.247] |I| [export_sceIoOpen]: Opening file: app0:/sound/music_background_magetower.ogg
[06:41:31.248] |I| [export_sceIoOpen]: Opening file: app0:/sound/music_tictac.ogg
[06:41:31.248] |I| [export_sceIoOpen]: Opening file: app0:/sound/music_background_beyond.ogg
[06:41:31.249] |I| [export_sceIoOpen]: Opening file: app0:/sound/music_background_backstage.ogg
[06:41:31.249] |I| [export_sceIoOpen]: Opening file: app0:/sound/music_background_elfs.ogg
[06:41:31.250] |I| [export_sceIoOpen]: Opening file: app0:/sound/music_intro_jazz.ogg
[06:41:31.251] |I| [export_sceIoOpen]: Opening file: app0:/sound/music_background_huntedtower.ogg
[06:41:31.251] |I| [export_sceIoOpen]: Opening file: app0:/sound/music_background_battle.ogg
[06:41:31.255] |I| [export_sceIoOpen]: Opening file: app0:/sound/music_background_library.ogg
[06:41:31.256] |I| [export_sceIoOpen]: Opening file: app0:/sound/music_boss.ogg
[06:41:31.257] |I| [export_sceIoOpen]: Opening file: app0:/sound/music_boss_2.ogg
[06:41:31.257] |I| [export_sceIoOpen]: Opening file: app0:/sound/music_boss_defeated.ogg
[06:41:31.258] |I| [export_sceIoOpen]: Opening file: app0:/sound/music_gameover.ogg
[06:41:31.258] |I| [export_sceIoOpen]: Opening file: app0:/sound/music_alert.ogg
[06:41:31.259] |I| [export_sceIoOpen]: Opening file: app0:/sound/music_flagCaptured.ogg
[06:41:31.260] |I| [export_sceIoOpen]: Opening file: app0:/sound/music_flagLost.ogg
[06:41:31.261] |I| [export_sceIoOpen]: Opening file: app0:/voices/english/voicesLength_0.bin
[06:41:31.319] |I| [export_sceIoOpen]: Opening file: app0:/voices/english/voicesLength_1.bin
[06:41:31.322] |I| [export_sceIoOpen]: Opening file: app0:/data/itemTypes.bin
[06:41:31.375] |I| [export_sceIoOpen]: Opening file: app0:/data/saiTypes.bin
[06:41:31.398] |I| [export_sceIoOpen]: Opening file: app0:/data/bichoTypes.bin
[06:41:31.429] |I| [export_sceIoOpen]: Opening file: app0:/image/p_default0.idb
[06:41:31.435] |I| [export_sceIoOpen]: Opening file: app0:/data/cLst_p_default0.bin
[06:41:31.437] |I| [export_sceIoOpen]: Opening file: app0:/image/b_hormiga.idb
[06:41:31.441] |I| [export_sceIoOpen]: Opening file: app0:/data/cLst_b_hormiga.bin
[06:41:31.462] |I| [export_sceIoOpen]: Opening file: app0:/image/b_gallina.idb
[06:41:31.467] |I| [export_sceIoOpen]: Opening file: app0:/data/cLst_b_gallina.bin
[06:41:31.470] |I| [export_sceIoOpen]: Opening file: app0:/image/b_trampas.idb
[06:41:31.475] |I| [export_sceIoOpen]: Opening file: app0:/data/cLst_b_trampas.bin
[06:41:31.476] |I| [export_sceIoOpen]: Opening file: app0:/image/b_bola.idb
[06:41:31.502] |I| [export_sceIoOpen]: Opening file: app0:/data/cLst_b_bola.bin
[06:41:31.503] |I| [export_sceIoOpen]: Opening file: app0:/image/b_seta.idb
[06:41:31.512] |I| [export_sceIoOpen]: Opening file: app0:/data/cLst_b_seta.bin
[06:41:31.513] |I| [export_sceIoOpen]: Opening file: app0:/image/b_misc.idb
[06:41:31.537] |I| [export_sceIoOpen]: Opening file: app0:/data/cLst_b_misc.bin
[06:41:31.542] |I| [export_sceIoOpen]: Opening file: app0:/image/b_dune.idb
[06:41:31.568] |I| [export_sceIoOpen]: Opening file: app0:/data/cLst_b_dune.bin
[06:41:31.569] |I| [export_sceIoOpen]: Opening file: app0:/image/b_tentacle.idb
[06:41:31.584] |I| [export_sceIoOpen]: Opening file: app0:/data/cLst_b_tentacle.bin
[06:41:31.585] |I| [export_sceIoOpen]: Opening file: app0:/image/b_misc4.idb
[06:41:31.639] |I| [export_sceIoOpen]: Opening file: app0:/data/cLst_b_misc4.bin
[06:41:31.642] |I| [export_sceIoOpen]: Opening file: app0:/image/b_misc2.idb
[06:41:31.671] |I| [export_sceIoOpen]: Opening file: app0:/data/cLst_b_misc2.bin
[06:41:31.674] |I| [export_sceIoOpen]: Opening file: app0:/image/boss_yelmo.idb
[06:41:31.722] |I| [export_sceIoOpen]: Opening file: app0:/data/cLst_boss_yelmo.bin
[06:41:31.724] |I| [export_sceIoOpen]: Opening file: app0:/image/boss_worm.idb
[06:41:31.753] |I| [export_sceIoOpen]: Opening file: app0:/data/cLst_boss_worm.bin
[06:41:31.754] |I| [export_sceIoOpen]: Opening file: app0:/image/boss_redDragon.idb
[06:41:31.811] |I| [export_sceIoOpen]: Opening file: app0:/data/cLst_boss_redDragon.bin
[06:41:31.813] |I| [export_sceIoOpen]: Opening file: app0:/image/boss_tree.idb
[06:41:31.849] |I| [export_sceIoOpen]: Opening file: app0:/data/cLst_boss_tree.bin
[06:41:31.851] |I| [export_sceIoOpen]: Opening file: app0:/image/b_cucaracha.idb
[06:41:31.866] |I| [export_sceIoOpen]: Opening file: app0:/data/cLst_b_cucaracha.bin
[06:41:31.867] |I| [export_sceIoOpen]: Opening file: app0:/image/boss_brain.idb
[06:41:31.907] |I| [export_sceIoOpen]: Opening file: app0:/data/cLst_boss_brain.bin
[06:41:31.909] |I| [export_sceIoOpen]: Opening file: app0:/image/b_misc3.idb
[06:41:31.949] |I| [export_sceIoOpen]: Opening file: app0:/data/cLst_b_misc3.bin
[06:41:31.952] |I| [export_sceIoOpen]: Opening file: app0:/image/boss_undead.idb
[06:41:31.970] |I| [export_sceIoOpen]: Opening file: app0:/data/cLst_boss_undead.bin
[06:41:31.971] |I| [export_sceIoOpen]: Opening file: app0:/image/boss_guante.idb
[06:41:32.005] |I| [export_sceIoOpen]: Opening file: app0:/data/cLst_boss_guante.bin
[06:41:32.007] |I| [export_sceIoOpen]: Opening file: app0:/image/boss_sewer.idb
[06:41:32.045] |I| [export_sceIoOpen]: Opening file: app0:/data/cLst_boss_sewer.bin
[06:41:32.046] |I| [export_sceIoOpen]: Opening file: app0:/image/boss_lab.idb
[06:41:32.062] |I| [export_sceIoOpen]: Opening file: app0:/data/cLst_boss_lab.bin
[06:41:32.115] |I| [export_sceIoOpen]: Opening file: app0:/data/questTypes.bin
[06:41:32.159] |I| [export_sceIoOpen]: Opening file: app0:/data/sound.bin
[06:41:32.160] |I| [export_sceIoOpen]: Opening file: app0:/sound/drop_coin.wav
[06:41:32.161] |I| [export_sceIoOpen]: Opening file: app0:/sound/drop_coin.wav
[06:41:32.178] |I| [export_sceIoOpen]: Opening file: app0:/sound/pickup_item.wav
[06:41:32.179] |I| [export_sceIoOpen]: Opening file: app0:/sound/pickup_item.wav
[06:41:32.196] |I| [export_sceIoOpen]: Opening file: app0:/sound/spell_heal.wav
[06:41:32.197] |I| [export_sceIoOpen]: Opening file: app0:/sound/spell_heal.wav
[06:41:32.227] |I| [export_sceIoOpen]: Opening file: app0:/sound/spell_protection.wav
[06:41:32.228] |I| [export_sceIoOpen]: Opening file: app0:/sound/spell_protection.wav
[06:41:32.277] |I| [export_sceIoOpen]: Opening file: app0:/sound/spell_phaseDoor.wav
[06:41:32.279] |I| [export_sceIoOpen]: Opening file: app0:/sound/spell_phaseDoor.wav
[06:41:32.313] |I| [export_sceIoOpen]: Opening file: app0:/sound/spell_mentalBolt1.wav
[06:41:32.314] |I| [export_sceIoOpen]: Opening file: app0:/sound/spell_mentalBolt1.wav
[06:41:32.348] |I| [export_sceIoOpen]: Opening file: app0:/sound/spell_poison.wav
[06:41:32.349] |I| [export_sceIoOpen]: Opening file: app0:/sound/spell_poison.wav
[06:41:32.376] |I| [export_sceIoOpen]: Opening file: app0:/sound/monster_saltoBabosa.wav
[06:41:32.377] |I| [export_sceIoOpen]: Opening file: app0:/sound/monster_saltoBabosa.wav
[06:41:32.421] |I| [export_sceIoOpen]: Opening file: app0:/sound/open_torch.wav
[06:41:32.423] |I| [export_sceIoOpen]: Opening file: app0:/sound/open_torch.wav
[06:41:32.475] |I| [export_sceIoOpen]: Opening file: app0:/sound/spell_arcaneBolt.wav
[06:41:32.476] |I| [export_sceIoOpen]: Opening file: app0:/sound/spell_arcaneBolt.wav
[06:41:32.533] |I| [export_sceIoOpen]: Opening file: app0:/sound/spell_hit_arcane.wav
[06:41:32.534] |I| [export_sceIoOpen]: Opening file: app0:/sound/spell_hit_arcane.wav
[06:41:32.570] |I| [export_sceIoOpen]: Opening file: app0:/sound/monster_rockFalls.wav
[06:41:32.571] |I| [export_sceIoOpen]: Opening file: app0:/sound/monster_rockFalls.wav
[06:41:32.648] |I| [export_sceIoOpen]: Opening file: app0:/sound/spell_frostblow.wav
[06:41:32.649] |I| [export_sceIoOpen]: Opening file: app0:/sound/spell_frostblow.wav
[06:41:32.723] |I| [export_sceIoOpen]: Opening file: app0:/sound/drop_polvo.wav
[06:41:32.736] |I| [export_sceIoOpen]: Opening file: app0:/sound/drop_polvo.wav
[06:41:32.799] |I| [export_sceIoOpen]: Opening file: app0:/sound/drop_metal_little.wav
[06:41:32.800] |I| [export_sceIoOpen]: Opening file: app0:/sound/drop_metal_little.wav
[06:41:32.872] |I| [export_sceIoOpen]: Opening file: app0:/sound/fiu_flecha.wav
[06:41:32.873] |I| [export_sceIoOpen]: Opening file: app0:/sound/fiu_flecha.wav
[06:41:32.890] |I| [export_sceIoOpen]: Opening file: app0:/sound/drop_flesh.wav
[06:41:32.891] |I| [export_sceIoOpen]: Opening file: app0:/sound/drop_flesh.wav
[06:41:32.923] |I| [export_sceIoOpen]: Opening file: app0:/sound/spell_firebolt.wav
[06:41:32.924] |I| [export_sceIoOpen]: Opening file: app0:/sound/spell_firebolt.wav
[06:41:32.968] |I| [export_sceIoOpen]: Opening file: app0:/sound/spell_hit_firebolt.wav
[06:41:32.969] |I| [export_sceIoOpen]: Opening file: app0:/sound/spell_hit_firebolt.wav
[06:41:33.001] |I| [export_sceIoOpen]: Opening file: app0:/sound/spell_fireblow.wav
[06:41:33.002] |I| [export_sceIoOpen]: Opening file: app0:/sound/spell_fireblow.wav
[06:41:33.055] |I| [export_sceIoOpen]: Opening file: app0:/sound/spell_frostbolt.wav
[06:41:33.056] |I| [export_sceIoOpen]: Opening file: app0:/sound/spell_frostbolt.wav
[06:41:33.104] |I| [export_sceIoOpen]: Opening file: app0:/sound/spell_lightbolt.wav
[06:41:33.105] |I| [export_sceIoOpen]: Opening file: app0:/sound/spell_lightbolt.wav
[06:41:33.173] |I| [export_sceIoOpen]: Opening file: app0:/sound/spell_alterBolt1.wav
[06:41:33.174] |I| [export_sceIoOpen]: Opening file: app0:/sound/spell_alterBolt1.wav
[06:41:33.201] |I| [export_sceIoOpen]: Opening file: app0:/sound/joke.wav
[06:41:33.203] |I| [export_sceIoOpen]: Opening file: app0:/sound/joke.wav
[06:41:33.229] |I| [export_sceIoOpen]: Opening file: app0:/sound/spell_alterBolt2.wav
[06:41:33.230] |I| [export_sceIoOpen]: Opening file: app0:/sound/spell_alterBolt2.wav
[06:41:33.251] |I| [export_sceIoOpen]: Opening file: app0:/sound/fiu_trapCerbatana.wav
[06:41:33.252] |I| [export_sceIoOpen]: Opening file: app0:/sound/fiu_trapCerbatana.wav
[06:41:33.294] |I| [export_sceIoOpen]: Opening file: app0:/sound/spell_estrellitas.wav
[06:41:33.295] |I| [export_sceIoOpen]: Opening file: app0:/sound/spell_estrellitas.wav
[06:41:33.330] |I| [export_sceIoOpen]: Opening file: app0:/sound/spell_hit_stars.wav
[06:41:33.331] |I| [export_sceIoOpen]: Opening file: app0:/sound/spell_hit_stars.wav
[06:41:33.417] |I| [export_sceIoOpen]: Opening file: app0:/sound/hit_arrow.wav
[06:41:33.418] |I| [export_sceIoOpen]: Opening file: app0:/sound/hit_arrow.wav
[06:41:33.438] |I| [export_sceIoOpen]: Opening file: app0:/sound/extra_photonTorpedo.wav
[06:41:33.439] |I| [export_sceIoOpen]: Opening file: app0:/sound/extra_photonTorpedo.wav
[06:41:33.456] |I| [export_sceIoOpen]: Opening file: app0:/sound/fx_elec.wav
[06:41:33.457] |I| [export_sceIoOpen]: Opening file: app0:/sound/fx_elec.wav
[06:41:33.488] |I| [export_sceIoOpen]: Opening file: app0:/sound/fx_chispazo.wav
[06:41:33.489] |I| [export_sceIoOpen]: Opening file: app0:/sound/fx_chispazo.wav
[06:41:33.542] |I| [export_sceIoOpen]: Opening file: app0:/sound/pickup_espada.wav
[06:41:33.543] |I| [export_sceIoOpen]: Opening file: app0:/sound/pickup_espada.wav
[06:41:33.565] |I| [export_sceIoOpen]: Opening file: app0:/sound/hit_sword.wav
[06:41:33.566] |I| [export_sceIoOpen]: Opening file: app0:/sound/hit_sword.wav
[06:41:33.585] |I| [export_sceIoOpen]: Opening file: app0:/sound/fiu_sword.wav
[06:41:33.587] |I| [export_sceIoOpen]: Opening file: app0:/sound/fiu_sword.wav
[06:41:33.604] |I| [export_sceIoOpen]: Opening file: app0:/sound/fiu_sword2.wav
[06:41:33.605] |I| [export_sceIoOpen]: Opening file: app0:/sound/fiu_sword2.wav
[06:41:33.623] |I| [export_sceIoOpen]: Opening file: app0:/sound/drop_axe.wav
[06:41:33.624] |I| [export_sceIoOpen]: Opening file: app0:/sound/drop_axe.wav
[06:41:33.645] |I| [export_sceIoOpen]: Opening file: app0:/sound/fiu_mace2.wav
[06:41:33.645] |I| [export_sceIoOpen]: Opening file: app0:/sound/fiu_mace2.wav
[06:41:33.668] |I| [export_sceIoOpen]: Opening file: app0:/sound/hit_axe.wav
[06:41:33.669] |I| [export_sceIoOpen]: Opening file: app0:/sound/hit_axe.wav
[06:41:33.695] |I| [export_sceIoOpen]: Opening file: app0:/sound/drop_maza.wav
[06:41:33.696] |I| [export_sceIoOpen]: Opening file: app0:/sound/drop_maza.wav
[06:41:33.748] |I| [export_sceIoOpen]: Opening file: app0:/sound/drop_metal_big.wav
[06:41:33.749] |I| [export_sceIoOpen]: Opening file: app0:/sound/drop_metal_big.wav
[06:41:33.785] |I| [export_sceIoOpen]: Opening file: app0:/sound/drop_pesado2.wav
[06:41:33.787] |I| [export_sceIoOpen]: Opening file: app0:/sound/drop_pesado2.wav
[06:41:33.821] |I| [export_sceIoOpen]: Opening file: app0:/sound/martillo_goma.wav
[06:41:33.822] |I| [export_sceIoOpen]: Opening file: app0:/sound/martillo_goma.wav
[06:41:33.839] |I| [export_sceIoOpen]: Opening file: app0:/sound/fx_zippo.wav
[06:41:33.840] |I| [export_sceIoOpen]: Opening file: app0:/sound/fx_zippo.wav
[06:41:33.873] |I| [export_sceIoOpen]: Opening file: app0:/sound/drop_arco.wav
[06:41:33.874] |I| [export_sceIoOpen]: Opening file: app0:/sound/drop_arco.wav
[06:41:33.901] |I| [export_sceIoOpen]: Opening file: app0:/sound/spell_healself.wav
[06:41:33.902] |I| [export_sceIoOpen]: Opening file: app0:/sound/spell_healself.wav
[06:41:33.951] |I| [export_sceIoOpen]: Opening file: app0:/sound/spell_protself.wav
[06:41:33.952] |I| [export_sceIoOpen]: Opening file: app0:/sound/spell_protself.wav
[06:41:34.010] |I| [export_sceIoOpen]: Opening file: app0:/sound/death_gallina.wav
[06:41:34.011] |I| [export_sceIoOpen]: Opening file: app0:/sound/death_gallina.wav
[06:41:34.052] |I| [export_sceIoOpen]: Opening file: app0:/sound/spell_mentalself.wav
[06:41:34.053] |I| [export_sceIoOpen]: Opening file: app0:/sound/spell_mentalself.wav
[06:41:34.131] |I| [export_sceIoOpen]: Opening file: app0:/sound/spell_healself2.wav
[06:41:34.132] |I| [export_sceIoOpen]: Opening file: app0:/sound/spell_healself2.wav
[06:41:34.179] |I| [export_sceIoOpen]: Opening file: app0:/sound/spell_alterself2.wav
[06:41:34.180] |I| [export_sceIoOpen]: Opening file: app0:/sound/spell_alterself2.wav
[06:41:34.246] |I| [export_sceIoOpen]: Opening file: app0:/sound/spell_alterself3.wav
[06:41:34.247] |I| [export_sceIoOpen]: Opening file: app0:/sound/spell_alterself3.wav
[06:41:34.317] |I| [export_sceIoOpen]: Opening file: app0:/sound/death_explosivo.wav
[06:41:34.319] |I| [export_sceIoOpen]: Opening file: app0:/sound/death_explosivo.wav
[06:41:34.408] |I| [export_sceIoOpen]: Opening file: app0:/sound/spell_arcaneself.wav
[06:41:34.409] |I| [export_sceIoOpen]: Opening file: app0:/sound/spell_arcaneself.wav
[06:41:34.469] |I| [export_sceIoOpen]: Opening file: app0:/sound/spell_frostself.wav
[06:41:34.470] |I| [export_sceIoOpen]: Opening file: app0:/sound/spell_frostself.wav
[06:41:34.514] |I| [export_sceIoOpen]: Opening file: app0:/sound/extra_phaser.wav
[06:41:34.515] |I| [export_sceIoOpen]: Opening file: app0:/sound/extra_phaser.wav
[06:41:34.536] |I| [export_sceIoOpen]: Opening file: app0:/sound/spell_fireself.wav
[06:41:34.537] |I| [export_sceIoOpen]: Opening file: app0:/sound/spell_fireself.wav
[06:41:34.583] |I| [export_sceIoOpen]: Opening file: app0:/sound/spell_lightself.wav
[06:41:34.584] |I| [export_sceIoOpen]: Opening file: app0:/sound/spell_lightself.wav
[06:41:34.652] |I| [export_sceIoOpen]: Opening file: app0:/sound/spell_alterself.wav
[06:41:34.653] |I| [export_sceIoOpen]: Opening file: app0:/sound/spell_alterself.wav
[06:41:34.728] |I| [export_sceIoOpen]: Opening file: app0:/sound/spell_metalToGold.wav
[06:41:34.729] |I| [export_sceIoOpen]: Opening file: app0:/sound/spell_metalToGold.wav
[06:41:34.754] |I| [export_sceIoOpen]: Opening file: app0:/sound/drop_libro.wav
[06:41:34.755] |I| [export_sceIoOpen]: Opening file: app0:/sound/drop_libro.wav
[06:41:34.799] |I| [export_sceIoOpen]: Opening file: app0:/sound/drop_varita.wav
[06:41:34.800] |I| [export_sceIoOpen]: Opening file: app0:/sound/drop_varita.wav
[06:41:34.871] |I| [export_sceIoOpen]: Opening file: app0:/sound/drop_ropa.wav
[06:41:34.872] |I| [export_sceIoOpen]: Opening file: app0:/sound/drop_ropa.wav
[06:41:34.905] |I| [export_sceIoOpen]: Opening file: app0:/sound/drop_cuero.wav
[06:41:34.906] |I| [export_sceIoOpen]: Opening file: app0:/sound/drop_cuero.wav
[06:41:34.951] |I| [export_sceIoOpen]: Opening file: app0:/sound/drop_malla.wav
[06:41:34.952] |I| [export_sceIoOpen]: Opening file: app0:/sound/drop_malla.wav
[06:41:34.978] |I| [export_sceIoOpen]: Opening file: app0:/sound/drop_pocion.wav
[06:41:34.978] |I| [export_sceIoOpen]: Opening file: app0:/sound/drop_pocion.wav
[06:41:35.020] |I| [export_sceIoOpen]: Opening file: app0:/sound/spell_remove.wav
[06:41:35.021] |I| [export_sceIoOpen]: Opening file: app0:/sound/spell_remove.wav
[06:41:35.056] |I| [export_sceIoOpen]: Opening file: app0:/sound/drop_pergamino.wav
[06:41:35.057] |I| [export_sceIoOpen]: Opening file: app0:/sound/drop_pergamino.wav
[06:41:35.108] |I| [export_sceIoOpen]: Opening file: app0:/sound/drop_organic.wav
[06:41:35.109] |I| [export_sceIoOpen]: Opening file: app0:/sound/drop_organic.wav
[06:41:35.145] |I| [export_sceIoOpen]: Opening file: app0:/sound/drop_pesado.wav
[06:41:35.146] |I| [export_sceIoOpen]: Opening file: app0:/sound/drop_pesado.wav
[06:41:35.164] |I| [export_sceIoOpen]: Opening file: app0:/sound/drop_key.wav
[06:41:35.165] |I| [export_sceIoOpen]: Opening file: app0:/sound/drop_key.wav
[06:41:35.182] |I| [export_sceIoOpen]: Opening file: app0:/sound/drop_madera.wav
[06:41:35.183] |I| [export_sceIoOpen]: Opening file: app0:/sound/drop_madera.wav
[06:41:35.196] |I| [export_sceIoOpen]: Opening file: app0:/sound/monster_scratch.wav
[06:41:35.197] |I| [export_sceIoOpen]: Opening file: app0:/sound/monster_scratch.wav
[06:41:35.274] |I| [export_sceIoOpen]: Opening file: app0:/sound/death_bat.wav
[06:41:35.275] |I| [export_sceIoOpen]: Opening file: app0:/sound/death_bat.wav
[06:41:35.323] |I| [export_sceIoOpen]: Opening file: app0:/sound/spell_laser.wav
[06:41:35.324] |I| [export_sceIoOpen]: Opening file: app0:/sound/spell_laser.wav
[06:41:35.339] |I| [export_sceIoOpen]: Opening file: app0:/sound/fx_waspbullet.wav
[06:41:35.340] |I| [export_sceIoOpen]: Opening file: app0:/sound/fx_waspbullet.wav
[06:41:35.358] |I| [export_sceIoOpen]: Opening file: app0:/sound/fx_puffOfSmoke.wav
[06:41:35.359] |I| [export_sceIoOpen]: Opening file: app0:/sound/fx_puffOfSmoke.wav
[06:41:35.405] |I| [export_sceIoOpen]: Opening file: app0:/sound/fx_warcry.wav
[06:41:35.406] |I| [export_sceIoOpen]: Opening file: app0:/sound/fx_warcry.wav
[06:41:35.599] |I| [export_sceIoOpen]: Opening file: app0:/sound/death_orbe.wav
[06:41:35.600] |I| [export_sceIoOpen]: Opening file: app0:/sound/death_orbe.wav
[06:41:35.664] |I| [export_sceIoOpen]: Opening file: app0:/sound/open_chest.wav
[06:41:35.665] |I| [export_sceIoOpen]: Opening file: app0:/sound/open_chest.wav
[06:41:35.691] |I| [export_sceIoOpen]: Opening file: app0:/sound/open_candelabro.wav
[06:41:35.692] |I| [export_sceIoOpen]: Opening file: app0:/sound/open_candelabro.wav
[06:41:35.862] |I| [export_sceIoOpen]: Opening file: app0:/sound/cont_torch.wav
[06:41:35.863] |I| [export_sceIoOpen]: Opening file: app0:/sound/cont_torch.wav
[06:41:35.975] |I| [export_sceIoOpen]: Opening file: app0:/sound/open_book.wav
[06:41:35.976] |I| [export_sceIoOpen]: Opening file: app0:/sound/open_book.wav
[06:41:35.993] |I| [export_sceIoOpen]: Opening file: app0:/sound/open_chestSmall.wav
[06:41:35.994] |I| [export_sceIoOpen]: Opening file: app0:/sound/open_chestSmall.wav
[06:41:36.021] |I| [export_sceIoOpen]: Opening file: app0:/sound/fx_palanca.wav
[06:41:36.022] |I| [export_sceIoOpen]: Opening file: app0:/sound/fx_palanca.wav
[06:41:36.067] |I| [export_sceIoOpen]: Opening file: app0:/sound/open_door.wav
[06:41:36.068] |I| [export_sceIoOpen]: Opening file: app0:/sound/open_door.wav
[06:41:36.145] |I| [export_sceIoOpen]: Opening file: app0:/sound/close_door.wav
[06:41:36.146] |I| [export_sceIoOpen]: Opening file: app0:/sound/close_door.wav
[06:41:36.200] |I| [export_sceIoOpen]: Opening file: app0:/sound/galious_entering.wav
[06:41:36.201] |I| [export_sceIoOpen]: Opening file: app0:/sound/galious_entering.wav
[06:41:36.224] |I| [export_sceIoOpen]: Opening file: app0:/sound/galious_gamestart.wav
[06:41:36.225] |I| [export_sceIoOpen]: Opening file: app0:/sound/galious_gamestart.wav
[06:41:36.255] |I| [export_sceIoOpen]: Opening file: app0:/sound/cont_cauldron.wav
[06:41:36.256] |I| [export_sceIoOpen]: Opening file: app0:/sound/cont_cauldron.wav
[06:41:36.337] |I| [export_sceIoOpen]: Opening file: app0:/sound/death_bug.wav
[06:41:36.338] |I| [export_sceIoOpen]: Opening file: app0:/sound/death_bug.wav
[06:41:36.424] |I| [export_sceIoOpen]: Opening file: app0:/sound/death_hormiga.wav
[06:41:36.425] |I| [export_sceIoOpen]: Opening file: app0:/sound/death_hormiga.wav
[06:41:36.474] |I| [export_sceIoOpen]: Opening file: app0:/sound/monster_attack_plant.wav
[06:41:36.475] |I| [export_sceIoOpen]: Opening file: app0:/sound/monster_attack_plant.wav
[06:41:36.524] |I| [export_sceIoOpen]: Opening file: app0:/sound/death_barrel.wav
[06:41:36.525] |I| [export_sceIoOpen]: Opening file: app0:/sound/death_barrel.wav
[06:41:36.555] |I| [export_sceIoOpen]: Opening file: app0:/sound/fiu_spearTrap.wav
[06:41:36.556] |I| [export_sceIoOpen]: Opening file: app0:/sound/fiu_spearTrap.wav
[06:41:36.576] |I| [export_sceIoOpen]: Opening file: app0:/sound/monster_trapClick_lanza.wav
[06:41:36.577] |I| [export_sceIoOpen]: Opening file: app0:/sound/monster_trapClick_lanza.wav
[06:41:36.621] |I| [export_sceIoOpen]: Opening file: app0:/sound/monster_attack_claws1.wav
[06:41:36.622] |I| [export_sceIoOpen]: Opening file: app0:/sound/monster_attack_claws1.wav
[06:41:36.664] |I| [export_sceIoOpen]: Opening file: app0:/sound/death_calavera.wav
[06:41:36.665] |I| [export_sceIoOpen]: Opening file: app0:/sound/death_calavera.wav
[06:41:36.731] |I| [export_sceIoOpen]: Opening file: app0:/sound/death_snake.wav
[06:41:36.732] |I| [export_sceIoOpen]: Opening file: app0:/sound/death_snake.wav
[06:41:36.793] |I| [export_sceIoOpen]: Opening file: app0:/sound/death_goblin.wav
[06:41:36.794] |I| [export_sceIoOpen]: Opening file: app0:/sound/death_goblin.wav
[06:41:36.850] |I| [export_sceIoOpen]: Opening file: app0:/sound/death_huesos.wav
[06:41:36.851] |I| [export_sceIoOpen]: Opening file: app0:/sound/death_huesos.wav
[06:41:36.942] |I| [export_sceIoOpen]: Opening file: app0:/sound/death_armor.wav
[06:41:36.943] |I| [export_sceIoOpen]: Opening file: app0:/sound/death_armor.wav
[06:41:37.014] |I| [export_sceIoOpen]: Opening file: app0:/sound/monster_bat_flight.wav
[06:41:37.015] |I| [export_sceIoOpen]: Opening file: app0:/sound/monster_bat_flight.wav
[06:41:37.112] |I| [export_sceIoOpen]: Opening file: app0:/sound/death_cuervo.wav
[06:41:37.113] |I| [export_sceIoOpen]: Opening file: app0:/sound/death_cuervo.wav
[06:41:37.155] |I| [export_sceIoOpen]: Opening file: app0:/sound/monster_cuervo_flight.wav
[06:41:37.156] |I| [export_sceIoOpen]: Opening file: app0:/sound/monster_cuervo_flight.wav
[06:41:37.211] |I| [export_sceIoOpen]: Opening file: app0:/sound/death_kroll.wav
[06:41:37.212] |I| [export_sceIoOpen]: Opening file: app0:/sound/death_kroll.wav
[06:41:37.231] |I| [export_sceIoOpen]: Opening file: app0:/sound/death_eye.wav
[06:41:37.232] |I| [export_sceIoOpen]: Opening file: app0:/sound/death_eye.wav
[06:41:37.294] |I| [export_sceIoOpen]: Opening file: app0:/sound/death_mago.wav
[06:41:37.295] |I| [export_sceIoOpen]: Opening file: app0:/sound/death_mago.wav
[06:41:37.428] |I| [export_sceIoOpen]: Opening file: app0:/sound/monster_trapClick.wav
[06:41:37.429] |I| [export_sceIoOpen]: Opening file: app0:/sound/monster_trapClick.wav
[06:41:37.446] |I| [export_sceIoOpen]: Opening file: app0:/sound/death_yelmo.wav
[06:41:37.447] |I| [export_sceIoOpen]: Opening file: app0:/sound/death_yelmo.wav
[06:41:37.521] |I| [export_sceIoOpen]: Opening file: app0:/sound/death_golem.wav
[06:41:37.522] |I| [export_sceIoOpen]: Opening file: app0:/sound/death_golem.wav
[06:41:37.620] |I| [export_sceIoOpen]: Opening file: app0:/sound/monster_wings.wav
[06:41:37.621] |I| [export_sceIoOpen]: Opening file: app0:/sound/monster_wings.wav
[06:41:37.681] |I| [export_sceIoOpen]: Opening file: app0:/sound/death_elfo.wav
[06:41:37.682] |I| [export_sceIoOpen]: Opening file: app0:/sound/death_elfo.wav
[06:41:37.724] |I| [export_sceIoOpen]: Opening file: app0:/sound/death_chucho.wav
[06:41:37.725] |I| [export_sceIoOpen]: Opening file: app0:/sound/death_chucho.wav
[06:41:37.815] |I| [export_sceIoOpen]: Opening file: app0:/sound/chucho_ladrido.wav
[06:41:37.816] |I| [export_sceIoOpen]: Opening file: app0:/sound/chucho_ladrido.wav
[06:41:37.850] |I| [export_sceIoOpen]: Opening file: app0:/sound/fx_gene_bubble.wav
[06:41:37.851] |I| [export_sceIoOpen]: Opening file: app0:/sound/fx_gene_bubble.wav
[06:41:37.885] |I| [export_sceIoOpen]: Opening file: app0:/sound/death_ghost.wav
[06:41:37.886] |I| [export_sceIoOpen]: Opening file: app0:/sound/death_ghost.wav
[06:41:37.980] |I| [export_sceIoOpen]: Opening file: app0:/sound/zoiberg.wav
[06:41:37.981] |I| [export_sceIoOpen]: Opening file: app0:/sound/zoiberg.wav
[06:41:38.030] |I| [export_sceIoOpen]: Opening file: app0:/sound/fx_fart.wav
[06:41:38.031] |I| [export_sceIoOpen]: Opening file: app0:/sound/fx_fart.wav
[06:41:38.049] |I| [export_sceIoOpen]: Opening file: app0:/sound/fx_goblinLaugh.wav
[06:41:38.049] |I| [export_sceIoOpen]: Opening file: app0:/sound/fx_goblinLaugh.wav
[06:41:38.148] |I| [export_sceIoOpen]: Opening file: app0:/sound/monster_acido.wav
[06:41:38.149] |I| [export_sceIoOpen]: Opening file: app0:/sound/monster_acido.wav
[06:41:38.327] |I| [export_sceIoOpen]: Opening file: app0:/data/mapa.dat
[06:41:38.634] |D| [renderer::gl::texture::translate_swizzle]: base format: 201326592, swizzle: 0
[06:41:38.636] |D| [renderer::gl::texture::translate_swizzle]: base format: 201326592, swizzle: 0
[06:41:38.638] |D| [renderer::gl::texture::translate_swizzle]: base format: 201326592, swizzle: 0
[06:41:38.640] |D| [renderer::gl::texture::translate_swizzle]: base format: 201326592, swizzle: 0
[06:41:38.642] |D| [renderer::gl::texture::translate_swizzle]: base format: 201326592, swizzle: 0
[06:41:38.645] |D| [renderer::gl::texture::translate_swizzle]: base format: 201326592, swizzle: 0
[06:41:38.647] |D| [renderer::gl::texture::translate_swizzle]: base format: 201326592, swizzle: 0
[06:41:38.648] |D| [renderer::gl::texture::translate_swizzle]: base format: 201326592, swizzle: 0
[06:41:38.648] |D| [renderer::gl::texture::translate_swizzle]: base format: 201326592, swizzle: 0
[06:41:38.651] |D| [renderer::gl::texture::translate_swizzle]: base format: 201326592, swizzle: 0
[06:41:39.564] |E| [logging::ret_error_impl]: sceKernelTryLockLwMutex returned SCE_KERNEL_ERROR_LW_MUTEX_FAILED_TO_OWN (0x80028185)
[06:41:39.596] |I| [export_sceIoOpen]: Opening file: app0:/sound/music_intro.ogg
[06:41:39.664] |I| [export_sceIoOpen]: Opening file: app0:/sound/music_intro.ogg
[06:41:39.698] |D| [export_sceNgsVoiceInit]: flags: 0
[06:41:39.709] |W| [unimplemented_impl]: Unimplemented sceNgsVoiceSetParamsBlock import called.
[06:41:39.709] |D| [export_sceNgsVoicePlay]: sceNgsVoicePlay: 1
[06:41:43.305] |D| [export_sceNgsVoiceInit]: flags: 0
[06:41:43.306] |D| [export_sceNgsVoicePlay]: sceNgsVoicePlay: 1
[06:41:43.724] |I| [export_sceIoOpen]: Opening file: app0:/data/mapa.dat
[06:41:44.046] |I| [export_sceIoOpen]: Opening file: app0:/sound/music_castle.ogg
[06:41:44.051] |I| [export_sceIoOpen]: Opening file: app0:/sound/music_castle.ogg
[06:41:44.084] |D| [export_sceNgsVoiceInit]: flags: 0
[06:41:44.085] |D| [export_sceNgsVoicePlay]: sceNgsVoicePlay: 1
[06:41:44.085] |D| [renderer::gl::texture::translate_swizzle]: base format: 201326592, swizzle: 0
[06:41:44.087] |D| [renderer::gl::texture::translate_swizzle]: base format: 201326592, swizzle: 0
[06:41:44.088] |D| [renderer::gl::texture::translate_swizzle]: base format: 201326592, swizzle: 0
[06:41:44.089] |D| [renderer::gl::texture::translate_swizzle]: base format: 201326592, swizzle: 0
[06:41:44.091] |D| [renderer::gl::texture::translate_swizzle]: base format: 201326592, swizzle: 0
[06:41:44.092] |D| [renderer::gl::texture::translate_swizzle]: base format: 201326592, swizzle: 0
[06:41:44.092] |D| [renderer::gl::texture::translate_swizzle]: base format: 201326592, swizzle: 0
[06:41:44.092] |D| [renderer::gl::texture::translate_swizzle]: base format: 201326592, swizzle: 0
[06:41:44.093] |D| [renderer::gl::texture::translate_swizzle]: base format: 201326592, swizzle: 0
[06:41:44.094] |D| [renderer::gl::texture::translate_swizzle]: base format: 201326592, swizzle: 0
[06:41:44.095] |D| [renderer::gl::texture::translate_swizzle]: base format: 201326592, swizzle: 0
[06:41:44.095] |D| [renderer::gl::texture::translate_swizzle]: base format: 201326592, swizzle: 0
[06:41:44.096] |D| [renderer::gl::texture::translate_swizzle]: base format: 201326592, swizzle: 0
[06:41:44.096] |D| [renderer::gl::texture::translate_swizzle]: base format: 201326592, swizzle: 0
[06:41:44.096] |D| [renderer::gl::texture::translate_swizzle]: base format: 201326592, swizzle: 0
[06:41:44.097] |D| [renderer::gl::texture::translate_swizzle]: base format: 201326592, swizzle: 0
[06:41:44.097] |D| [renderer::gl::texture::translate_swizzle]: base format: 201326592, swizzle: 0
[06:41:44.098] |D| [renderer::gl::texture::translate_swizzle]: base format: 201326592, swizzle: 0
[06:41:44.098] |D| [renderer::gl::texture::translate_swizzle]: base format: 201326592, swizzle: 0
[06:41:44.098] |D| [renderer::gl::texture::translate_swizzle]: base format: 201326592, swizzle: 0
[06:41:44.099] |D| [renderer::gl::texture::translate_swizzle]: base format: 201326592, swizzle: 0
[06:41:44.099] |D| [renderer::gl::texture::translate_swizzle]: base format: 201326592, swizzle: 0
[06:41:44.099] |D| [renderer::gl::texture::translate_swizzle]: base format: 201326592, swizzle: 0
[06:41:44.103] |D| [renderer::gl::texture::translate_swizzle]: base format: 201326592, swizzle: 0
[06:41:44.104] |D| [renderer::gl::texture::translate_swizzle]: base format: 201326592, swizzle: 0
[06:41:44.106] |D| [renderer::gl::texture::translate_swizzle]: base format: 201326592, swizzle: 0
[06:41:44.106] |D| [renderer::gl::texture::translate_swizzle]: base format: 201326592, swizzle: 0
[06:41:44.107] |D| [renderer::gl::texture::translate_swizzle]: base format: 201326592, swizzle: 0
[06:41:44.107] |D| [renderer::gl::texture::translate_swizzle]: base format: 0, swizzle: 24576
[06:41:44.107] |D| [renderer::gl::texture::translate_swizzle]: base format: 201326592, swizzle: 0
[06:41:44.109] |D| [renderer::gl::texture::translate_swizzle]: base format: 201326592, swizzle: 0
[06:41:44.111] |D| [renderer::gl::texture::translate_swizzle]: base format: 201326592, swizzle: 0
[06:41:44.112] |D| [renderer::gl::texture::translate_swizzle]: base format: 201326592, swizzle: 0
[06:41:44.124] |D| [export_sceNgsVoiceInit]: flags: 0
[06:41:44.124] |D| [export_sceNgsVoicePlay]: sceNgsVoicePlay: 1
[06:41:44.734] |D| [export_sceNgsVoiceInit]: flags: 0
[06:41:44.735] |D| [export_sceNgsVoicePlay]: sceNgsVoicePlay: 1
[06:41:45.434] |D| [export_sceNgsVoiceInit]: flags: 0
[06:41:45.435] |D| [export_sceNgsVoicePlay]: sceNgsVoicePlay: 1
[06:41:45.994] |D| [export_sceNgsVoiceInit]: flags: 0
[06:41:45.994] |D| [export_sceNgsVoicePlay]: sceNgsVoicePlay: 1
[06:41:46.044] |D| [export_sceNgsVoiceInit]: flags: 0
[06:41:46.045] |D| [export_sceNgsVoicePlay]: sceNgsVoicePlay: 1
[06:41:46.604] |D| [export_sceNgsVoiceInit]: flags: 0
[06:41:46.604] |D| [export_sceNgsVoicePlay]: sceNgsVoicePlay: 1
[06:41:47.064] |D| [export_sceNgsVoiceInit]: flags: 0
[06:41:47.065] |D| [export_sceNgsVoicePlay]: sceNgsVoicePlay: 1
[06:41:47.664] |D| [export_sceNgsVoiceInit]: flags: 0
[06:41:47.665] |D| [export_sceNgsVoicePlay]: sceNgsVoicePlay: 1
[06:41:47.865] |D| [export_sceNgsVoiceInit]: flags: 0
[06:41:47.867] |D| [export_sceNgsVoicePlay]: sceNgsVoicePlay: 1
[06:41:48.424] |D| [export_sceNgsVoiceInit]: flags: 0
[06:41:48.425] |D| [export_sceNgsVoicePlay]: sceNgsVoicePlay: 1
[06:41:48.724] |D| [export_sceNgsVoiceInit]: flags: 0
[06:41:48.725] |D| [export_sceNgsVoicePlay]: sceNgsVoicePlay: 1
[06:41:49.284] |D| [export_sceNgsVoiceInit]: flags: 0
[06:41:49.285] |D| [export_sceNgsVoicePlay]: sceNgsVoicePlay: 1
[06:41:49.384] |D| [export_sceNgsVoiceInit]: flags: 0
[06:41:49.385] |D| [export_sceNgsVoicePlay]: sceNgsVoicePlay: 1
[06:41:49.944] |D| [export_sceNgsVoiceInit]: flags: 0
[06:41:49.945] |D| [export_sceNgsVoicePlay]: sceNgsVoicePlay: 1
[06:41:50.270] |E| [discordrpc::update_presence::<lambda_50ee3771c9ac2f7a4b17591668a7e6b3>::operator ()]: Error updating discord rich presence, err_code: 43
[06:41:50.271] |E| [discordrpc::update_presence::<lambda_50ee3771c9ac2f7a4b17591668a7e6b3>::operator ()]: Error updating discord rich presence, err_code: 43
