[10:18:04.417] |I| [load_app_impl]: cpu-backend: Dynarmic
[10:18:04.417] |I| [load_app_impl]: CPU Optimisation state: true
[10:18:04.418] |I| [load_app_impl]: at9 audio decoder state: true
[10:18:04.418] |I| [load_app_impl]: ngs experimental state: true
[10:18:04.418] |I| [load_app_impl]: video player state: true
[10:18:04.418] |I| [load_app_impl]: lle-modules: libSceJson,liblocation,libSceXml,libpgf,libvoice,librudp,libSceSqlite,libvoiceqos,libsas
[10:18:04.418] |I| [load_app_impl]: Title: OlliOlli
[10:18:04.418] |I| [load_app_impl]: Serial: PCSB00449
[10:18:04.418] |I| [load_app_impl]: Version: 1.02
[10:18:04.418] |I| [load_app_impl]: Category: gp
[10:18:04.477] |C| [load_self]: Unknown segment type 0x6FFFFF01
[10:18:04.477] |I| [load_self]: Loaded module segment 0 @ [0x00007000 - 0x000543BC / 0x81000000] (size: 0x0004D3BC) of module ux0:app\PCSB00449\sce_module\libc.suprx
[10:18:04.477] |I| [load_self]: Loaded module segment 1 @ [0x00055000 - 0x000576F0 / 0x8104E000] (size: 0x000026F0) of module ux0:app\PCSB00449\sce_module\libc.suprx
[10:18:04.478] |I| [load_self]: Loading symbols for SELF: ux0:app\PCSB00449\sce_module\libc.suprx
[10:18:04.478] |D| [load_var_exports]: 	NID 0x936C8A78 (SYSLYB) at 0x4A164
[10:18:04.479] |D| [load_var_exports]: 	NID 0x6C2224BA (NID_MODULE_INFO) at 0x400FC
[10:18:04.479] |W| [load_var_imports]: 	NID NOT FOUND 0x93B8AA67 (UNRECOGNISED) at 0x440BC, setting to stub value 0xDEADBEEF
[10:18:04.480] |W| [load_var_imports]: 	NID NOT FOUND 0xDF084DFA (UNRECOGNISED) at 0x45B70, setting to stub value 0xDEADBEEF
[10:18:04.481] |I| [pre_load_module]: Pre-load module SceLibc (at "app\PCSB00449\sce_module\libc.suprx") loaded
[10:18:04.484] |C| [load_self]: Unknown segment type 0x6FFFFF01
[10:18:04.484] |I| [load_self]: Loaded module segment 0 @ [0x0005A000 - 0x00071ED8 / 0x81000000] (size: 0x00017ED8) of module ux0:app\PCSB00449\sce_module\libface.suprx
[10:18:04.485] |I| [load_self]: Loaded module segment 1 @ [0x00072000 - 0x000720F8 / 0x81018000] (size: 0x000000F8) of module ux0:app\PCSB00449\sce_module\libface.suprx
[10:18:04.486] |I| [load_self]: Loading symbols for SELF: ux0:app\PCSB00449\sce_module\libface.suprx
[10:18:04.487] |D| [load_var_exports]: 	NID 0x6C2224BA (NID_MODULE_INFO) at 0x6ED70
[10:18:04.487] |I| [pre_load_module]: Pre-load module SceFace (at "app\PCSB00449\sce_module\libface.suprx") loaded
[10:18:04.494] |C| [load_self]: Unknown segment type 0x6FFFFF01
[10:18:04.494] |I| [load_self]: Loaded module segment 0 @ [0x00073000 - 0x0009E12C / 0x81000000] (size: 0x0002B12C) of module ux0:app\PCSB00449\sce_module\libfios2.suprx
[10:18:04.495] |I| [load_self]: Loaded module segment 1 @ [0x0009F000 - 0x000A423D / 0x8102C000] (size: 0x0000523D) of module ux0:app\PCSB00449\sce_module\libfios2.suprx
[10:18:04.495] |I| [load_self]: Loading symbols for SELF: ux0:app\PCSB00449\sce_module\libfios2.suprx
[10:18:04.496] |D| [load_var_exports]: 	NID 0x936C8A78 (SYSLYB) at 0x9E034
[10:18:04.496] |D| [load_var_exports]: 	NID 0x6C2224BA (NID_MODULE_INFO) at 0x95548
[10:18:04.496] |I| [pre_load_module]: Pre-load module SceLibFios2 (at "app\PCSB00449\sce_module\libfios2.suprx") loaded
[10:18:04.543] |C| [load_self]: Unknown segment type 0x6FFFFF01
[10:18:04.543] |I| [load_self]: Loaded module segment 0 @ [0x000A5000 - 0x002A3E9C / 0x81000000] (size: 0x001FEE9C) of module ux0:app\PCSB00449\sce_module\libsmart.suprx
[10:18:04.544] |I| [load_self]: Loaded module segment 1 @ [0x002A4000 - 0x002A75C4 / 0x811FF000] (size: 0x000035C4) of module ux0:app\PCSB00449\sce_module\libsmart.suprx
[10:18:04.545] |I| [load_self]: Loading symbols for SELF: ux0:app\PCSB00449\sce_module\libsmart.suprx
[10:18:04.545] |D| [load_var_exports]: 	NID 0x6C2224BA (NID_MODULE_INFO) at 0x145258
[10:18:04.545] |I| [pre_load_module]: Pre-load module SceSmart (at "app\PCSB00449\sce_module\libsmart.suprx") loaded
[10:18:04.549] |C| [load_self]: Unknown segment type 0x6FFFFF01
[10:18:04.549] |I| [load_self]: Loaded module segment 0 @ [0x002A8000 - 0x002BBA9C / 0x81000000] (size: 0x00013A9C) of module ux0:app\PCSB00449\sce_module\libult.suprx
[10:18:04.550] |I| [load_self]: Loaded module segment 1 @ [0x002BC000 - 0x002BC814 / 0x81014000] (size: 0x00000814) of module ux0:app\PCSB00449\sce_module\libult.suprx
[10:18:04.551] |I| [load_self]: Loading symbols for SELF: ux0:app\PCSB00449\sce_module\libult.suprx
[10:18:04.552] |D| [load_var_exports]: 	NID 0x936C8A78 (SYSLYB) at 0x2BA3C8
[10:18:04.552] |D| [load_var_exports]: 	NID 0x6C2224BA (NID_MODULE_INFO) at 0x2B7944
[10:18:04.552] |I| [pre_load_module]: Pre-load module SceUlt (at "app\PCSB00449\sce_module\libult.suprx") loaded
[10:18:04.559] |I| [load_self]: Loaded module segment 0 @ [0x002BD000 - 0x0030DF04 / 0x81000000] (size: 0x00050F04) of module vs0:sys/external/libSceFt2.suprx
[10:18:04.559] |I| [load_self]: Loaded module segment 1 @ [0x0030E000 - 0x0030E2F4 / 0x81051000] (size: 0x000002F4) of module vs0:sys/external/libSceFt2.suprx
[10:18:04.560] |I| [load_self]: Loading symbols for SELF: vs0:sys/external/libSceFt2.suprx
[10:18:04.561] |D| [load_var_exports]: 	NID 0x936C8A78 (SYSLYB) at 0x2F97DC
[10:18:04.562] |D| [load_var_exports]: 	NID 0x6C2224BA (NID_MODULE_INFO) at 0x2F8F10
[10:18:04.562] |I| [pre_load_module]: Pre-load module SceLibft2 (at "sys/external/libSceFt2.suprx") loaded
[10:18:04.564] |I| [load_self]: Loaded module segment 0 @ [0x0030F000 - 0x0031EF14 / 0x81000000] (size: 0x0000FF14) of module vs0:sys/external/libpvf.suprx
[10:18:04.567] |I| [load_self]: Loaded module segment 1 @ [0x0031F000 - 0x0031F008 / 0x81010000] (size: 0x00000008) of module vs0:sys/external/libpvf.suprx
[10:18:04.567] |I| [load_self]: Loading symbols for SELF: vs0:sys/external/libpvf.suprx
[10:18:04.568] |D| [load_var_exports]: 	NID 0x936C8A78 (SYSLYB) at 0x31D710
[10:18:04.568] |D| [load_var_exports]: 	NID 0x6C2224BA (NID_MODULE_INFO) at 0x31D300
[10:18:04.569] |I| [pre_load_module]: Pre-load module SceLibPvf (at "sys/external/libpvf.suprx") loaded
[10:18:04.615] |C| [load_self]: Unknown segment type 0x6FFFFF01
[10:18:04.616] |I| [load_self]: Loaded module segment 0 @ [0x00320000 - 0x003D3EF4 / 0x81000000] (size: 0x000B3EF4) of module app0:eboot.bin
[10:18:04.616] |I| [load_self]: Loaded module segment 1 @ [0x003D4000 - 0x0052FBD0 / 0x810B4000] (size: 0x0015BBD0) of module app0:eboot.bin
[10:18:04.617] |I| [load_self]: Loading symbols for SELF: app0:eboot.bin
[10:18:04.618] |D| [load_var_exports]: 	NID 0x6C2224BA (NID_MODULE_INFO) at 0x39A4D0
[10:18:04.618] |D| [load_var_exports]: 	NID 0x70FBA1E7 (SCE_PROC_PARAMS) at 0x3DFC10
[10:18:04.619] |I| [load_app_impl]: Main executable OlliOlli (eboot.bin) loaded
[10:18:04.627] |D| [run_app]: Running module_start of library: SceLibc at address 0x7809
[10:18:04.644] |I| [run_app]: Module SceLibc (at "ux0:app\PCSB00449\sce_module\libc.suprx") module_start returned 0x0
[10:18:04.648] |D| [run_app]: Running module_start of library: SceFace at address 0x6E23D
[10:18:04.656] |I| [run_app]: Module SceFace (at "ux0:app\PCSB00449\sce_module\libface.suprx") module_start returned 0x0
[10:18:04.661] |D| [run_app]: Running module_start of library: SceLibFios2 at address 0x73001
[10:18:04.669] |W| [stubbed_impl]: Stubbed sceKernelGetProcessId import called. (pid: 0)
[10:18:04.669] |D| [export_sceFiosOverlayGetList02]: maxIDs: 255
[10:18:04.669] |W| [unimplemented_impl]: Unimplemented sceFiosOverlayGetList02 import called.
[10:18:04.670] |I| [run_app]: Module SceLibFios2 (at "ux0:app\PCSB00449\sce_module\libfios2.suprx") module_start returned 0x0
[10:18:04.674] |D| [run_app]: Running module_start of library: SceSmart at address 0xA517D
[10:18:04.684] |I| [run_app]: Module SceSmart (at "ux0:app\PCSB00449\sce_module\libsmart.suprx") module_start returned 0x0
[10:18:04.688] |D| [run_app]: Running module_start of library: SceUlt at address 0x2AB769
[10:18:04.695] |W| [unimplemented_impl]: Unimplemented _sceUlobjMgrRegisterLibultProtocolRevision import called.
[10:18:04.696] |I| [run_app]: Module SceUlt (at "ux0:app\PCSB00449\sce_module\libult.suprx") module_start returned 0x0
[10:18:04.720] |W| [unimplemented_impl]: Unimplemented sceAppUtilInit import called.
[10:18:04.735] |W| [unimplemented_impl]: Unimplemented sceKernelChangeThreadVfpException import called.
[10:18:04.735] |W| [unimplemented_impl]: Unimplemented sceFiosOverlayThreadSetDisabled02 import called.
[10:18:04.762] |W| [unimplemented_impl]: Unimplemented sceFiosOverlayGetRecommendedScheduler02 import called.
[10:18:04.765] |E| [stat_file]: Missing file at D:/Emulateurs/Vita3K/mc/ux0/app/PCSB00449/data.arc (target path: app0:/data.arc)
[10:18:04.766] |W| [io_error_impl]: stat_file (_sceIoGetstat) returned 0x80010002
[10:18:04.773] |W| [stubbed_impl]: Stubbed sceNetCtlInit import called. (Stub)
[10:18:04.783] |W| [unimplemented_impl]: Unimplemented sceSslInit import called.
[10:18:04.783] |W| [unimplemented_impl]: Unimplemented sceHttpInit import called.
[10:18:04.783] |W| [unimplemented_impl]: Unimplemented sceNpCommerce2Init import called.
[10:18:04.784] |W| [unimplemented_impl]: Unimplemented sceNpBasicInit import called.
[10:18:04.786] |E| [call_import]: Import function for NID 0xD7F0F610 not found (thread name: PCSB00449, thread ID: 10)
[10:18:04.789] |W| [unimplemented_impl]: Unimplemented sceKernelGetThreadCurrentPriority import called.
[10:18:04.797] |W| [unimplemented_impl]: Unimplemented sceNpScoreInit import called.
[10:18:04.799] |W| [stubbed_impl]: Stubbed _sceKernelWaitSignal import called. (sceKernelWaitSignal)
[10:18:05.016] |W| [stubbed_impl]: Stubbed sceNpTrophyCreateHandle import called. (Stubbed handle with 1)
[10:18:05.017] |W| [stubbed_impl]: Stubbed sceNpManagerGetContentRatingFlag import called. (Stub)
[10:18:05.017] |W| [stubbed_impl]: Stubbed sceNpManagerGetAccountRegion import called. (Stub)
[10:18:05.018] |W| [unimplemented_impl]: Unimplemented sceNpTusInit import called.
[10:18:05.078] |W| [stubbed_impl]: Stubbed sceGxmMapMemory import called. (always return success)
[10:18:05.079] |W| [stubbed_impl]: Stubbed sceGxmMapVertexUsseMemory import called. (always return success)
[10:18:05.079] |W| [stubbed_impl]: Stubbed sceGxmMapFragmentUsseMemory import called. (always return success)
[10:18:05.158] |I| [export_sceIoOpen]: Opening file: app0:/settings/gamedata.ini
[10:18:05.199] |I| [export_sceIoOpen]: Opening file: app0:/spritesheets/switchF.gxt
[10:18:05.327] |I| [export_sceIoOpen]: Opening file: app0:/spritesheets/regularF.gxt
[10:18:05.410] |I| [export_sceIoOpen]: Opening file: app0:/spritesheets/nollieF.gxt
[10:18:05.490] |I| [export_sceIoOpen]: Opening file: app0:/spritesheets/fakieF.gxt
[10:18:05.586] |I| [export_sceIoOpen]: Opening file: app0:/spritesheets/gapandgrind.gxt
[10:18:05.588] |I| [export_sceIoOpen]: Opening file: app0:/spritesheets/board.gxt
[10:18:05.598] |I| [export_sceIoOpen]: Opening file: app0:/spritesheets/entities.gxt
[10:18:05.601] |I| [export_sceIoOpen]: Opening file: app0:/spritesheets/guiChequer.gxt
[10:18:05.608] |I| [export_sceIoOpen]: Opening file: app0:/spritesheets/guiDiamonds.gxt
[10:18:05.619] |I| [export_sceIoOpen]: Opening file: app0:/spritesheets/guiTag.gxt
[10:18:05.646] |I| [export_sceIoOpen]: Opening file: app0:/spritesheets/guiPixels.gxt
[10:18:05.654] |I| [export_sceIoOpen]: Opening file: app0:/spritesheets/guiBtnBig.gxt
[10:18:05.656] |I| [export_sceIoOpen]: Opening file: app0:/spritesheets/guiBtnYellow.gxt
[10:18:05.667] |I| [export_sceIoOpen]: Opening file: app0:/spritesheets/guiBtnWhite.gxt
[10:18:05.674] |I| [export_sceIoOpen]: Opening file: app0:/spritesheets/guiBtnPro.gxt
[10:18:05.675] |I| [export_sceIoOpen]: Opening file: app0:/spritesheets/guiBtnTextYellow.gxt
[10:18:05.677] |I| [export_sceIoOpen]: Opening file: app0:/spritesheets/guiBtnText.gxt
[10:18:05.681] |I| [export_sceIoOpen]: Opening file: app0:/spritesheets/guiTab.gxt
[10:18:05.687] |I| [export_sceIoOpen]: Opening file: app0:/spritesheets/guiTabInfinity.gxt
[10:18:05.688] |I| [export_sceIoOpen]: Opening file: app0:/spritesheets/guiTagComplete.gxt
[10:18:05.689] |I| [export_sceIoOpen]: Opening file: app0:/spritesheets/guiTagNew.gxt
[10:18:05.718] |I| [export_sceIoOpen]: Opening file: app0:/spritesheets/guiStarSmall.gxt
[10:18:05.719] |I| [export_sceIoOpen]: Opening file: app0:/spritesheets/guiStarBig.gxt
[10:18:05.720] |I| [export_sceIoOpen]: Opening file: app0:/spritesheets/guiIcoLocked.gxt
[10:18:05.731] |I| [export_sceIoOpen]: Opening file: app0:/spritesheets/guiIcoRestartBig.gxt
[10:18:05.757] |I| [export_sceIoOpen]: Opening file: app0:/spritesheets/guiIcoPlay.gxt
[10:18:05.769] |I| [export_sceIoOpen]: Opening file: app0:/spritesheets/guiIcoNext.gxt
[10:18:05.775] |I| [export_sceIoOpen]: Opening file: app0:/spritesheets/guiIcoLevel.gxt
[10:18:05.781] |I| [export_sceIoOpen]: Opening file: app0:/spritesheets/guiNum1.gxt
[10:18:05.789] |I| [export_sceIoOpen]: Opening file: app0:/spritesheets/guiNum2.gxt
[10:18:05.790] |I| [export_sceIoOpen]: Opening file: app0:/spritesheets/guiNum3.gxt
[10:18:05.792] |I| [export_sceIoOpen]: Opening file: app0:/spritesheets/guiNum4.gxt
[10:18:05.793] |I| [export_sceIoOpen]: Opening file: app0:/spritesheets/guiNum5.gxt
[10:18:05.794] |I| [export_sceIoOpen]: Opening file: app0:/spritesheets/guiIcoMain.gxt
[10:18:05.796] |I| [export_sceIoOpen]: Opening file: app0:/spritesheets/Birds.gxt
[10:18:05.797] |I| [export_sceIoOpen]: Opening file: app0:/spritesheets/CrowdSprites.gxt
[10:18:05.799] |I| [export_sceIoOpen]: Opening file: app0:/spritesheets/guiRedStriped.gxt
[10:18:05.801] |I| [export_sceIoOpen]: Opening file: app0:/spritesheets/guiRedStripedBorder.gxt
[10:18:05.802] |I| [export_sceIoOpen]: Opening file: app0:/spritesheets/DECALSSMALL.gxt
[10:18:05.803] |I| [export_sceIoOpen]: Opening file: app0:/spritesheets/Filmer.gxt
[10:18:05.804] |I| [export_sceIoOpen]: Opening file: app0:/spritesheets/BUTTONHINTS.gxt
[10:18:05.807] |I| [export_sceIoOpen]: Opening file: app0:/spritesheets/guiMultiplierBorders.gxt
[10:18:05.808] |I| [export_sceIoOpen]: Opening file: app0:/spritesheets/TutorialImages.gxt
[10:18:05.866] |I| [export_sceIoOpen]: Opening file: app0:/spritesheets/guiIcoOptions.gxt
[10:18:05.868] |I| [export_sceIoOpen]: Opening file: app0:/spritesheets/guiIcoClock.gxt
[10:18:05.869] |I| [export_sceIoOpen]: Opening file: app0:/spritesheets/guiIcoBook.gxt
[10:18:05.869] |I| [export_sceIoOpen]: Opening file: app0:/spritesheets/guiTagKingScore.gxt
[10:18:05.884] |I| [export_sceIoOpen]: Opening file: app0:/spritesheets/guiIcoInfinite.gxt
[10:18:05.885] |I| [export_sceIoOpen]: Opening file: app0:/spritesheets/guiTagKingDistance.gxt
[10:18:05.886] |I| [export_sceIoOpen]: Opening file: app0:/spritesheets/guiTagKingAll.gxt
[10:18:05.887] |I| [export_sceIoOpen]: Opening file: app0:/spritesheets/guiMaskOuter.gxt
[10:18:05.914] |I| [export_sceIoOpen]: Opening file: app0:/spritesheets/guiMaskInner.gxt
[10:18:05.927] |I| [export_sceIoOpen]: Opening file: app0:/spritesheets/guiIcoBack.gxt
[10:18:05.929] |I| [export_sceIoOpen]: Opening file: app0:/spritesheets/guiChevronRed.gxt
[10:18:05.929] |I| [export_sceIoOpen]: Opening file: app0:/spritesheets/guiChevronGreen.gxt
[10:18:05.930] |I| [export_sceIoOpen]: Opening file: app0:/spritesheets/guiChevronYellow.gxt
[10:18:05.931] |I| [export_sceIoOpen]: Opening file: app0:/spritesheets/guiChevronPurple.gxt
[10:18:05.931] |I| [export_sceIoOpen]: Opening file: app0:/spritesheets/guiChevronOrange.gxt
[10:18:05.932] |I| [export_sceIoOpen]: Opening file: app0:/spritesheets/guiIcoWorld.gxt
[10:18:05.933] |I| [export_sceIoOpen]: Opening file: app0:/spritesheets/guiIcoKing.gxt
[10:18:05.933] |I| [export_sceIoOpen]: Opening file: app0:/spritesheets/guiIcoPractice.gxt
[10:18:05.935] |I| [export_sceIoOpen]: Opening file: app0:/spritesheets/guiBtnRad.gxt
[10:18:05.936] |I| [export_sceIoOpen]: Opening file: app0:/spritesheets/bonus.gxt
[10:18:05.937] |I| [export_sceIoOpen]: Opening file: app0:/spritesheets/SovietDecals.gxt
[10:18:05.942] |I| [export_sceIoOpen]: Opening file: app0:/spritesheets/Neondecals.gxt
[10:18:05.971] |I| [export_sceIoOpen]: Opening file: app0:/spritesheets/5pixels.gxt
[10:18:05.972] |I| [export_sceIoOpen]: Opening file: app0:/spritesheets/guiDailyDiamond.gxt
[10:18:05.975] |I| [export_sceIoOpen]: Opening file: app0:/spritesheets/guiScrubber.gxt
[10:18:05.976] |I| [export_sceIoOpen]: Opening file: app0:/spritesheets/guiMusic.gxt
[10:18:05.977] |I| [export_sceIoOpen]: Opening file: app0:/spritesheets/guiSFX.gxt
[10:18:05.977] |I| [export_sceIoOpen]: Opening file: app0:/spritesheets/JUNKDECALS.gxt
[10:18:06.009] |I| [export_sceIoOpen]: Opening file: app0:/spritesheets/NEONDECALS2.gxt
[10:18:06.014] |I| [export_sceIoOpen]: Opening file: app0:/spritesheets/SFX.gxt
[10:18:06.016] |I| [export_sceIoOpen]: Opening file: app0:/spritesheets/PlayerTrails.gxt
[10:18:06.023] |I| [export_sceIoOpen]: Opening file: app0:/spritesheets/guiController.gxt
[10:18:06.041] |I| [export_sceIoOpen]: Opening file: app0:/spritesheets/Particles.gxt
[10:18:06.042] |I| [export_sceIoOpen]: Opening file: app0:/spritesheets/guiLanguage.gxt
[10:18:06.043] |I| [export_sceIoOpen]: Opening file: app0:/spritesheets/PortDecals.gxt
[10:18:06.044] |I| [export_sceIoOpen]: Opening file: app0:/spritesheets/guiIcoWorldBig.gxt
[10:18:06.044] |I| [export_sceIoOpen]: Opening file: app0:/spritesheets/guiIcoCredits.gxt
[10:18:06.046] |I| [export_sceIoOpen]: Opening file: app0:/spritesheets/guiIcoLang.gxt
[10:18:06.047] |I| [export_sceIoOpen]: Opening file: app0:/spritesheets/guiIcoResetData.gxt
[10:18:06.064] |I| [export_sceIoOpen]: Opening file: app0:/spritesheets/guiIcoTutorial.gxt
[10:18:06.065] |I| [export_sceIoOpen]: Opening file: app0:/spritesheets/guiIcoNextLevel.gxt
[10:18:06.066] |I| [export_sceIoOpen]: Opening file: app0:/spritesheets/guiIcoRestartSmall.gxt
[10:18:06.067] |I| [export_sceIoOpen]: Opening file: app0:/spritesheets/guiIcoConnect.gxt
[10:18:06.068] |I| [export_sceIoOpen]: Opening file: app0:/spritesheets/guiIcoTick.gxt
[10:18:06.069] |I| [export_sceIoOpen]: Opening file: app0:/spritesheets/guiIcoDailyLocked.gxt
[10:18:06.070] |I| [export_sceIoOpen]: Opening file: app0:/spritesheets/guiBackground.gxt
[10:18:06.089] |I| [export_sceIoOpen]: Opening file: app0:/spritesheets/guiTagRad.gxt
[10:18:06.091] |I| [export_sceIoOpen]: Opening file: app0:/spritesheets/LOGO.gxt
[10:18:06.092] |I| [export_sceIoOpen]: Opening file: app0:/spritesheets/guiIcoLBSmall.gxt
[10:18:06.115] |I| [export_sceIoOpen]: Opening file: app0:/spritesheets/guiControllerButtonsPS.gxt
[10:18:06.122] |I| [export_sceIoOpen]: Opening file: app0:/spritesheets/guiIcoSkipToMe.gxt
[10:18:06.127] |I| [export_sceIoOpen]: Opening file: app0:/spritesheets/guiIcoSkipToTop.gxt
[10:18:06.130] |I| [export_sceIoOpen]: Opening file: app0:/spritesheets/guiBtnTabSmall.gxt
[10:18:06.139] |I| [export_sceIoOpen]: Opening file: app0:/spritesheets/guiBtnTabNoArrowSmall.gxt
[10:18:06.140] |I| [export_sceIoOpen]: Opening file: app0:/spritesheets/guiIcoSkipToBottom.gxt
[10:18:06.153] |I| [export_sceIoOpen]: Opening file: app0:/spritesheets/OlliOlli.gxt
[10:18:06.157] |I| [export_sceIoOpen]: Opening file: app0:/spritesheets/loadingText.gxt
[10:18:06.177] |I| [export_sceIoOpen]: Opening file: app0:/spritesheets/splashScreenBlit.gxt
[10:18:06.228] |I| [export_sceIoOpen]: Opening file: app0:/spritesheets/LOGO.gxt
[10:18:06.230] |W| [stubbed_impl]: Stubbed sceNpCheckCallback import called. (Stub)
[10:18:06.230] |W| [stubbed_impl]: Stubbed __sceAppMgrGetAppState import called. (Set to 0.)
[10:18:06.231] |W| [unimplemented_impl]: Unimplemented sceNpGetServiceState import called.
[10:18:06.236] |W| [unimplemented_impl]: Unimplemented sceCommonDialogUpdate import called.
[10:18:06.243] |I| [export_sceIoOpen]: Opening file: savedata0:data.bin
[10:18:06.257] |I| [renderer::gl::load_shader_generic]: Generating frag shader f7366ad2761a011460947b61c4516f9a3e040dff6542bfb1fef10117e8149abd
[10:18:06.259] |D| [shader::create_parameters]: [DEFAULT  + 0] sa0 = (float4) clearColor
[10:18:06.276] |I| [renderer::gl::load_shader_generic]: Generating vert shader d29a1843c9138e54da36ea6830fcb1fa9a6ba5df0f96b3001aaf95e9451163ab
[10:18:06.277] |D| [shader::create_parameters]: [BUFFER0  + 0] pa0 = (float4) aPosition
[10:18:06.298] |E| [renderer::gl::compile_program]: Fragment info
-------------
0(20) : warning C7050: "pa[0].zw" might be used before being initialized


[10:18:06.300] |I| [renderer::gl::load_shader_generic]: Generating frag shader 51ce6b9d5563de2a1a6700ffcda049e208f9c844d8edd375ea22b20a582d9e4c
[10:18:06.301] |D| [shader::create_fragment_inputs]: Iterator: pa0 = (half4) v_Color0
[10:18:06.309] |I| [renderer::gl::load_shader_generic]: Generating vert shader ae9051dbc24c4a84022671f0d91fe33c05bba873845d92edf70542722e594306
[10:18:06.310] |D| [shader::create_parameters]: [BUFFER0  + 0] pa0 = (float4) In_Pos
[10:18:06.311] |D| [shader::create_parameters]: [BUFFER0  + 4] pa4 = (float4) In_Uv
[10:18:06.311] |D| [shader::create_parameters]: [BUFFER0  + 8] pa8 = (float4) In_Color
[10:18:06.311] |D| [shader::create_parameters]: [BUFFER0  + 0] sa0 = (float3) g_CameraMatrix[2]
[10:18:06.341] |E| [renderer::gl::compile_program]: Vertex info
-----------
0(25) : warning C7050: "internals[0].w" might be used before being initialized
0(25) : warning C7050: "internals[1].w" might be used before being initialized


[10:18:06.345] |W| [stubbed_impl]: Stubbed sceDisplayWaitVblankStart import called. (wait for vblank)
