[01:23:06.752] |I| [load_app_impl]: cpu-backend: Dynarmic
[01:23:06.753] |I| [load_app_impl]: CPU Optimisation state: true
[01:23:06.753] |I| [load_app_impl]: at9 audio decoder state: false
[01:23:06.753] |I| [load_app_impl]: ngs experimental state: true
[01:23:06.753] |I| [load_app_impl]: video player state: true
[01:23:06.753] |I| [load_app_impl]: modules mode: Auto & Manual
[01:23:06.753] |I| [load_app_impl]: lle-modules: libscemp4
[01:23:06.753] |I| [load_app_impl]: Title: Oddworld: Stranger's Wrath HD
[01:23:06.753] |I| [load_app_impl]: Serial: PCSB00180
[01:23:06.753] |I| [load_app_impl]: Version: 1.02
[01:23:06.753] |I| [load_app_impl]: Category: gp
[01:23:06.761] |C| [load_self]: Unknown segment type 0x6FFFFF01
[01:23:06.761] |I| [load_self]: Loaded module segment 0 @ [0x00007000 - 0x00042C2C / 0x81000000] (size: 0x0003BC2C) of module app0:sce_module/libc.suprx
[01:23:06.761] |I| [load_self]: Loaded module segment 1 @ [0x00043000 - 0x00045380 / 0x8103C000] (size: 0x00002380) of module app0:sce_module/libc.suprx
[01:23:06.761] |I| [load_self]: Loading symbols for SELF: app0:sce_module/libc.suprx
[01:23:06.762] |D| [load_var_exports]: 	NID 0x6C2224BA (NID_MODULE_INFO) at 0x34540
[01:23:06.762] |W| [load_var_imports]: 	NID NOT FOUND 0xDF084DFA (UNRECOGNISED) at 0x37D88, setting to stub value 0xDEADBEEF
[01:23:06.764] |I| [pre_load_module]: Pre-load module SceLibc (at "sce_module/libc.suprx") loaded
[01:23:06.769] |C| [load_self]: Unknown segment type 0x6FFFFF01
[01:23:06.769] |I| [load_self]: Loaded module segment 0 @ [0x00047000 - 0x000683BC / 0x81000000] (size: 0x000213BC) of module app0:sce_module/libfios2.suprx
[01:23:06.771] |I| [load_self]: Loaded module segment 1 @ [0x00069000 - 0x0006E1B8 / 0x81022000] (size: 0x000051B8) of module app0:sce_module/libfios2.suprx
[01:23:06.772] |I| [load_self]: Loading symbols for SELF: app0:sce_module/libfios2.suprx
[01:23:06.772] |D| [load_var_exports]: 	NID 0x6C2224BA (NID_MODULE_INFO) at 0x61D84
[01:23:06.773] |I| [pre_load_module]: Pre-load module SceLibFios2 (at "sce_module/libfios2.suprx") loaded
[01:23:06.777] |C| [load_self]: Unknown segment type 0x6FFFFF01
[01:23:06.777] |I| [load_self]: Loaded module segment 0 @ [0x0006F000 - 0x00082474 / 0x81000000] (size: 0x00013474) of module app0:sce_module/libult.suprx
[01:23:06.778] |I| [load_self]: Loaded module segment 1 @ [0x00083000 - 0x00083814 / 0x81014000] (size: 0x00000814) of module app0:sce_module/libult.suprx
[01:23:06.779] |I| [load_self]: Loading symbols for SELF: app0:sce_module/libult.suprx
[01:23:06.779] |D| [load_var_exports]: 	NID 0x6C2224BA (NID_MODULE_INFO) at 0x7E714
[01:23:06.780] |I| [pre_load_module]: Pre-load module SceUlt (at "sce_module/libult.suprx") loaded
[01:23:06.787] |I| [load_self]: Loaded module segment 0 @ [0x00084000 - 0x000D4F04 / 0x81000000] (size: 0x00050F04) of module vs0:sys/external/libSceFt2.suprx
[01:23:06.788] |I| [load_self]: Loaded module segment 1 @ [0x000D5000 - 0x000D52F4 / 0x81051000] (size: 0x000002F4) of module vs0:sys/external/libSceFt2.suprx
[01:23:06.789] |I| [load_self]: Loading symbols for SELF: vs0:sys/external/libSceFt2.suprx
[01:23:06.790] |D| [load_var_exports]: 	NID 0x936C8A78 (SYSLYB) at 0xC07DC
[01:23:06.790] |D| [load_var_exports]: 	NID 0x6C2224BA (NID_MODULE_INFO) at 0xBFF10
[01:23:06.791] |W| [load_var_imports]: 	NID NOT FOUND 0x93B8AA67 (UNRECOGNISED) at 0xD4EE0, setting to stub value 0xDEADBEEF
[01:23:06.792] |I| [pre_load_module]: Pre-load module SceLibft2 (at "sys/external/libSceFt2.suprx") loaded
[01:23:06.795] |I| [load_self]: Loaded module segment 0 @ [0x000D7000 - 0x000E6F14 / 0x81000000] (size: 0x0000FF14) of module vs0:sys/external/libpvf.suprx
[01:23:06.795] |I| [load_self]: Loaded module segment 1 @ [0x000E7000 - 0x000E7008 / 0x81010000] (size: 0x00000008) of module vs0:sys/external/libpvf.suprx
[01:23:06.796] |I| [load_self]: Loading symbols for SELF: vs0:sys/external/libpvf.suprx
[01:23:06.797] |D| [load_var_exports]: 	NID 0x936C8A78 (SYSLYB) at 0xE5710
[01:23:06.797] |D| [load_var_exports]: 	NID 0x6C2224BA (NID_MODULE_INFO) at 0xE5300
[01:23:06.798] |I| [pre_load_module]: Pre-load module SceLibPvf (at "sys/external/libpvf.suprx") loaded
[01:23:06.900] |C| [load_self]: Unknown segment type 0x6FFFFF01
[01:23:06.900] |I| [load_self]: Loaded module segment 0 @ [0x81000000 - 0x814C8120 / 0x81000000] (size: 0x004C8120) of module app0:eboot.bin
[01:23:06.901] |I| [load_self]: Loaded module segment 1 @ [0x814C9000 - 0x817E6C08 / 0x814C9000] (size: 0x0031DC08) of module app0:eboot.bin
[01:23:06.902] |I| [load_self]: Loading symbols for SELF: app0:eboot.bin
[01:23:06.903] |D| [load_var_exports]: 	NID 0x6C2224BA (NID_MODULE_INFO) at 0x8140D764
[01:23:06.903] |D| [load_var_exports]: 	NID 0x70FBA1E7 (SCE_PROC_PARAMS) at 0x814CDA6C
[01:23:06.906] |I| [load_app_impl]: Main executable Game (eboot.bin) loaded
[01:23:06.908] |I| [renderer::gl::compile_shader]: frag shader compiled: d22a9f94490176acd35a6f5220c49b15cfdeadbb123692b4391a0f021f51e5dd
[01:23:06.908] |I| [renderer::gl::compile_shader]: vert shader compiled: f51ea969eed16920c65bc4e58400f1e6ccec9e156af31c1f8e31fa61b40279ca
[01:23:06.909] |E| [renderer::gl::compile_program]: Fragment info
-------------
0(20) : warning C7050: "pa[0].zw" might be used before being initialized


[01:23:06.911] |I| [renderer::gl::pre_compile_program]: Program Compiled 1/2
[01:23:06.914] |I| [renderer::gl::compile_shader]: frag shader compiled: a16d0346cb865bb141c831c02e3448a20eb8e885913dcc6ebea8b2b33ad8b223
[01:23:06.914] |I| [renderer::gl::compile_shader]: vert shader compiled: 0cf6a0e8bd25b6d2777cf1fc0e0f52acc0f20b11a3eba8ac7d043bd9a4e34d20
[01:23:06.915] |I| [renderer::gl::pre_compile_program]: Program Compiled 2/2
[01:23:06.924] |D| [run_app]: Running module_start of library: SceLibc at address 0x75B1
[01:23:06.984] |I| [run_app]: Module SceLibc (at "app0:sce_module/libc.suprx") module_start returned 0x0
[01:23:06.989] |D| [run_app]: Running module_start of library: SceLibFios2 at address 0x47001
[01:23:06.997] |W| [stubbed_impl]: Stubbed sceKernelGetProcessId import called. (pid: 0)
[01:23:06.997] |W| [stubbed_impl]: Stubbed _sceFiosKernelOverlayGetList import called. (Set pActualIDs to 0)
[01:23:06.998] |D| [export__sceFiosKernelOverlayGetList]: pid: 0
[01:23:06.998] |D| [export__sceFiosKernelOverlayGetList]: buffer_size: 0
[01:23:06.999] |D| [export__sceFiosKernelOverlayGetList]: maxIDs: 0
[01:23:06.999] |D| [export__sceFiosKernelOverlayGetList]: pActualIDs: 0
[01:23:07.000] |I| [run_app]: Module SceLibFios2 (at "app0:sce_module/libfios2.suprx") module_start returned 0x0
[01:23:07.004] |D| [run_app]: Running module_start of library: SceUlt at address 0x7295D
[01:23:07.012] |W| [unimplemented_impl]: Unimplemented _sceUlobjMgrRegisterLibultProtocolRevision import called.
[01:23:07.012] |I| [run_app]: Module SceUlt (at "app0:sce_module/libult.suprx") module_start returned 0x0
[01:23:07.279] |D| [export_sceSysmoduleLoadModule]: module id: 21
[01:23:07.280] |D| [export_sceSysmoduleLoadModule]: module: np_common
[01:23:07.280] |D| [export_sceSysmoduleLoadModule]: module: np_manager
[01:23:07.281] |D| [export_sceSysmoduleLoadModule]: module id: 18
[01:23:07.281] |D| [export_sceSysmoduleLoadModule]: module: np_basic
[01:23:07.282] |D| [export_sceSysmoduleLoadModule]: module id: 37
[01:23:07.282] |D| [export_sceSysmoduleLoadModule]: module: np_trophy
[01:23:07.283] |D| [export_sceSysmoduleLoadModule]: module id: 30
[01:23:07.283] |D| [export_sceSysmoduleLoadModule]: module: np_ranking
[01:23:07.284] |D| [export_sceSysmoduleLoadModule]: module id: 19
[01:23:07.284] |D| [export_sceSysmoduleLoadModule]: module: libsystemgesture
[01:23:07.285] |I| [load_module]: Loading module ID: 0x13
[01:23:07.286] |C| [load_self]: Unknown segment type 0x6FFFFF01
[01:23:07.286] |I| [load_self]: Loaded module segment 0 @ [0x0B32D000 - 0x0B33008C / 0x81000000] (size: 0x0000308C) of module sys/external/libsystemgesture.suprx
[01:23:07.287] |I| [load_self]: Loaded module segment 1 @ [0x0012A000 - 0x0012ABF0 / 0x81004000] (size: 0x00000BF0) of module sys/external/libsystemgesture.suprx
[01:23:07.288] |I| [load_self]: Loading symbols for SELF: sys/external/libsystemgesture.suprx
[01:23:07.288] |D| [load_var_exports]: 	NID 0x936C8A78 (SYSLYB) at 0xB330074
[01:23:07.289] |D| [load_var_exports]: 	NID 0x6C2224BA (NID_MODULE_INFO) at 0xB32FBD4
[01:23:07.289] |I| [load_module]: Module SceSystemGesture (at "sys/external/libsystemgesture.suprx") loaded
[01:23:07.290] |D| [load_module]: Running module_start of module: SceSystemGesture
[01:23:07.290] |I| [load_module]: Module SceSystemGesture (at "sys/external/libsystemgesture.suprx") module_start returned 0x0
[01:23:07.316] |W| [stubbed_impl]: Stubbed sceGxmMapMemory import called. (always return success)
[01:23:07.337] |W| [stubbed_impl]: Stubbed sceGxmMapVertexUsseMemory import called. (always return success)
[01:23:07.337] |W| [stubbed_impl]: Stubbed sceGxmMapFragmentUsseMemory import called. (always return success)
[01:23:07.359] |D| [log_import_call]: [LLE] TID: 8   FUNC: 0x6078A08B sceSystemGestureInitializePrimitiveTouchRecognizer at 0x8140C658
[01:23:07.361] |W| [unimplemented_impl]: Unimplemented sceTouchGetPixelDensity2 import called.
[01:23:07.361] |D| [log_import_call]: [LLE] TID: 8   FUNC: 0xC3367370 sceSystemGestureCreateTouchRecognizer at 0x8140C688
[01:23:07.363] |E| [call_import]: Import function for NID 0xE340CB32 not found (thread name: PCSB00180, thread ID: 8)
[01:23:07.379] |W| [unimplemented_impl]: Unimplemented sceKernelChangeThreadVfpException import called.
[01:23:07.379] |W| [unimplemented_impl]: Unimplemented _sceFiosKernelOverlayThreadSetDisabled import called.
[01:23:07.429] |W| [unimplemented_impl]: Unimplemented _sceFiosKernelOverlayGetRecommendedScheduler import called.
[01:23:07.434] |I| [export_sceIoOpen]: Opening file: app0:/data/audio.psarc
[01:23:07.455] |I| [export_sceIoOpen]: Opening file: app0:/data/audio.psarc
[01:23:07.489] |I| [export_sceIoOpen]: Opening file: app0:/data/global.psarc
[01:23:07.490] |I| [export_sceIoOpen]: Opening file: app0:/data/global.psarc
[01:23:07.493] |I| [export_sceIoOpen]: Opening file: app0:/data/bundles/region_00.psarc
[01:23:07.493] |I| [export_sceIoOpen]: Opening file: app0:/data/bundles/region_00.psarc
[01:23:07.496] |I| [export_sceIoOpen]: Opening file: app0:/data/bundles/region_01.psarc
[01:23:07.500] |I| [export_sceIoOpen]: Opening file: app0:/data/bundles/region_01.psarc
[01:23:07.506] |I| [export_sceIoOpen]: Opening file: app0:/data/bundles/region_02.psarc
[01:23:07.507] |I| [export_sceIoOpen]: Opening file: app0:/data/bundles/region_02.psarc
[01:23:07.520] |I| [export_sceIoOpen]: Opening file: app0:/data/bundles/region_02a.psarc
[01:23:07.521] |I| [export_sceIoOpen]: Opening file: app0:/data/bundles/region_02a.psarc
[01:23:07.523] |I| [export_sceIoOpen]: Opening file: app0:/data/bundles/region_03.psarc
[01:23:07.524] |I| [export_sceIoOpen]: Opening file: app0:/data/bundles/region_03.psarc
[01:23:07.534] |I| [export_sceIoOpen]: Opening file: app0:/data/bundles/region_04.psarc
[01:23:07.534] |I| [export_sceIoOpen]: Opening file: app0:/data/bundles/region_04.psarc
[01:23:07.540] |I| [export_sceIoOpen]: Opening file: app0:/data/bundles/region_05.psarc
[01:23:07.541] |I| [export_sceIoOpen]: Opening file: app0:/data/bundles/region_05.psarc
[01:23:07.545] |I| [export_sceIoOpen]: Opening file: app0:/data/bundles/region_06.psarc
[01:23:07.546] |I| [export_sceIoOpen]: Opening file: app0:/data/bundles/region_06.psarc
[01:23:07.548] |W| [unimplemented_impl]: Unimplemented sceNpBasicInit import called.
[01:23:07.566] |W| [unimplemented_impl]: Unimplemented sceNpScoreInit import called.
[01:23:07.566] |W| [unimplemented_impl]: Unimplemented sceNpScoreCreateTitleCtx import called.
[01:23:07.567] |W| [unimplemented_impl]: Unimplemented sceAppUtilInit import called.
[01:23:07.569] |I| [export_sceIoOpen]: Opening file: app0:/data/save/icon0.png
[01:23:07.591] |D| [export_sceSysmoduleLoadModule]: module id: 11
[01:23:07.591] |D| [export_sceSysmoduleLoadModule]: module: libngs
[01:23:07.592] |W| [unimplemented_impl]: Unimplemented sceNgsSystemSetFlags import called.
[01:23:07.593] |D| [ngs::create_voice_definition]: type: 0
[01:23:07.593] |D| [ngs::create_voice_definition]: type: 12
[01:23:07.600] |D| [export_sceNgsVoicePlay]: sceNgsVoicePlay: 1
[01:23:07.628] |D| [export_sceNgsVoicePlay]: sceNgsVoicePlay: 1
[01:23:07.657] |D| [export_sceAppUtilSaveDataSlotSearch]: cond, from: 1, key: 0, order: 0, range: 1, type: 0
[01:23:07.657] |D| [export_sceAppUtilSaveDataSlotSearch]: workBuf is not null, size: 512
[01:23:07.658] |E| [open_file]: Missing file at D:/Emulateurs/Vita3K/mc/ux0/user/00/savedata/PCSB00180/SlotParam_1.bin (target path: savedata0:/SlotParam_1.bin)
[01:23:07.660] |W| [io_error_impl]: open_file (sceAppUtilSaveDataSlotSearch) returned 0x80010002
[01:23:07.667] |D| [export_sceAppUtilSaveDataSlotSearch]: End, hitNum: 0
[01:23:07.668] |D| [export_sceAppUtilSaveDataSlotSearch]: cond, from: 0, key: 0, order: 0, range: 1, type: 0
[01:23:07.669] |D| [export_sceAppUtilSaveDataSlotSearch]: workBuf is not null, size: 512
[01:23:07.669] |E| [open_file]: Missing file at D:/Emulateurs/Vita3K/mc/ux0/user/00/savedata/PCSB00180/SlotParam_0.bin (target path: savedata0:/SlotParam_0.bin)
[01:23:07.670] |W| [io_error_impl]: open_file (sceAppUtilSaveDataSlotSearch) returned 0x80010002
[01:23:07.670] |D| [export_sceAppUtilSaveDataSlotSearch]: End, hitNum: 0
[01:23:07.671] |D| [export_sceAppUtilSaveDataSlotSearch]: cond, from: 1, key: 3, order: 1, range: 15, type: 0
[01:23:07.671] |D| [export_sceAppUtilSaveDataSlotSearch]: workBuf is not null, size: 512
[01:23:07.672] |E| [open_file]: Missing file at D:/Emulateurs/Vita3K/mc/ux0/user/00/savedata/PCSB00180/SlotParam_1.bin (target path: savedata0:/SlotParam_1.bin)
[01:23:07.673] |W| [io_error_impl]: open_file (sceAppUtilSaveDataSlotSearch) returned 0x80010002
[01:23:07.673] |E| [open_file]: Missing file at D:/Emulateurs/Vita3K/mc/ux0/user/00/savedata/PCSB00180/SlotParam_2.bin (target path: savedata0:/SlotParam_2.bin)
[01:23:07.675] |W| [io_error_impl]: open_file (sceAppUtilSaveDataSlotSearch) returned 0x80010002
[01:23:07.676] |E| [open_file]: Missing file at D:/Emulateurs/Vita3K/mc/ux0/user/00/savedata/PCSB00180/SlotParam_3.bin (target path: savedata0:/SlotParam_3.bin)
[01:23:07.685] |W| [io_error_impl]: open_file (sceAppUtilSaveDataSlotSearch) returned 0x80010002
[01:23:07.686] |E| [open_file]: Missing file at D:/Emulateurs/Vita3K/mc/ux0/user/00/savedata/PCSB00180/SlotParam_4.bin (target path: savedata0:/SlotParam_4.bin)
[01:23:07.687] |W| [io_error_impl]: open_file (sceAppUtilSaveDataSlotSearch) returned 0x80010002
[01:23:07.688] |E| [open_file]: Missing file at D:/Emulateurs/Vita3K/mc/ux0/user/00/savedata/PCSB00180/SlotParam_5.bin (target path: savedata0:/SlotParam_5.bin)
[01:23:07.688] |W| [io_error_impl]: open_file (sceAppUtilSaveDataSlotSearch) returned 0x80010002
[01:23:07.689] |E| [open_file]: Missing file at D:/Emulateurs/Vita3K/mc/ux0/user/00/savedata/PCSB00180/SlotParam_6.bin (target path: savedata0:/SlotParam_6.bin)
[01:23:07.690] |W| [io_error_impl]: open_file (sceAppUtilSaveDataSlotSearch) returned 0x80010002
[01:23:07.691] |E| [open_file]: Missing file at D:/Emulateurs/Vita3K/mc/ux0/user/00/savedata/PCSB00180/SlotParam_7.bin (target path: savedata0:/SlotParam_7.bin)
[01:23:07.692] |W| [io_error_impl]: open_file (sceAppUtilSaveDataSlotSearch) returned 0x80010002
[01:23:07.700] |E| [open_file]: Missing file at D:/Emulateurs/Vita3K/mc/ux0/user/00/savedata/PCSB00180/SlotParam_8.bin (target path: savedata0:/SlotParam_8.bin)
[01:23:07.702] |W| [io_error_impl]: open_file (sceAppUtilSaveDataSlotSearch) returned 0x80010002
[01:23:07.702] |E| [open_file]: Missing file at D:/Emulateurs/Vita3K/mc/ux0/user/00/savedata/PCSB00180/SlotParam_9.bin (target path: savedata0:/SlotParam_9.bin)
[01:23:07.703] |W| [io_error_impl]: open_file (sceAppUtilSaveDataSlotSearch) returned 0x80010002
[01:23:07.703] |E| [open_file]: Missing file at D:/Emulateurs/Vita3K/mc/ux0/user/00/savedata/PCSB00180/SlotParam_10.bin (target path: savedata0:/SlotParam_10.bin)
[01:23:07.704] |W| [io_error_impl]: open_file (sceAppUtilSaveDataSlotSearch) returned 0x80010002
[01:23:07.704] |E| [open_file]: Missing file at D:/Emulateurs/Vita3K/mc/ux0/user/00/savedata/PCSB00180/SlotParam_11.bin (target path: savedata0:/SlotParam_11.bin)
[01:23:07.705] |W| [io_error_impl]: open_file (sceAppUtilSaveDataSlotSearch) returned 0x80010002
[01:23:07.706] |E| [open_file]: Missing file at D:/Emulateurs/Vita3K/mc/ux0/user/00/savedata/PCSB00180/SlotParam_12.bin (target path: savedata0:/SlotParam_12.bin)
[01:23:07.706] |W| [io_error_impl]: open_file (sceAppUtilSaveDataSlotSearch) returned 0x80010002
[01:23:07.707] |E| [open_file]: Missing file at D:/Emulateurs/Vita3K/mc/ux0/user/00/savedata/PCSB00180/SlotParam_13.bin (target path: savedata0:/SlotParam_13.bin)
[01:23:07.708] |W| [io_error_impl]: open_file (sceAppUtilSaveDataSlotSearch) returned 0x80010002
[01:23:07.709] |E| [open_file]: Missing file at D:/Emulateurs/Vita3K/mc/ux0/user/00/savedata/PCSB00180/SlotParam_14.bin (target path: savedata0:/SlotParam_14.bin)
[01:23:07.714] |W| [io_error_impl]: open_file (sceAppUtilSaveDataSlotSearch) returned 0x80010002
[01:23:07.714] |E| [open_file]: Missing file at D:/Emulateurs/Vita3K/mc/ux0/user/00/savedata/PCSB00180/SlotParam_15.bin (target path: savedata0:/SlotParam_15.bin)
[01:23:07.715] |W| [io_error_impl]: open_file (sceAppUtilSaveDataSlotSearch) returned 0x80010002
[01:23:07.716] |D| [export_sceAppUtilSaveDataSlotSearch]: End, hitNum: 0
[01:23:07.825] |W| [unimplemented_impl]: Unimplemented sceGxmDepthStencilSurfaceSetForceStoreMode import called.
[01:23:07.825] |W| [unimplemented_impl]: Unimplemented sceGxmDepthStencilSurfaceSetForceLoadMode import called.
[01:23:07.827] |W| [unimplemented_impl]: Unimplemented sceCommonDialogSetConfigParam import called.
[01:23:08.118] |W| [unimplemented_impl]: Unimplemented sceKernelCancelSema import called.
[01:23:08.173] |E| [logging::ret_error_impl]: sceKernelSignalSema returned SCE_KERNEL_ERROR_LW_MUTEX_UNLOCK_UDF (0x80028184)
[01:23:08.293] |D| [log_import_call]: [LLE] TID: 8   FUNC: 0xDF4C665A sceSystemGestureUpdatePrimitiveTouchRecognizer at 0x8140C698
[01:23:08.296] |D| [log_import_call]: [LLE] TID: 8   FUNC: 0x851FB144 sceSystemGestureUpdateTouchRecognizer at 0x8140C678
[01:23:08.298] |D| [log_import_call]: [LLE] TID: 8   FUNC: 0x13AD2218 sceSystemGestureGetTouchEventsCount at 0x8140C648
[01:23:08.328] |D| [ngs::create_voice_definition]: type: 10
[01:23:08.328] |I| [ngs::scream::PlayerVoiceDefinition::new_modules]: Scream player voice definition stubbed
[01:23:08.329] |D| [export_sceNgsVoicePlay]: sceNgsVoicePlay: 1
[01:23:08.566] |D| [export_sceSysmoduleLoadModule]: module id: 45
[01:23:08.566] |D| [export_sceSysmoduleLoadModule]: module: libscemp4
[01:23:08.567] |I| [load_module]: Loading module ID: 0x2D
[01:23:08.569] |C| [load_self]: Unknown segment type 0x6FFFFF01
[01:23:08.569] |I| [load_self]: Loaded module segment 0 @ [0x1382B000 - 0x1383AD20 / 0x81000000] (size: 0x0000FD20) of module sys/external/libscemp4.suprx
[01:23:08.570] |I| [load_self]: Loaded module segment 1 @ [0x1383B000 - 0x1383B028 / 0x81010000] (size: 0x00000028) of module sys/external/libscemp4.suprx
[01:23:08.571] |I| [load_self]: Loading symbols for SELF: sys/external/libscemp4.suprx
[01:23:08.571] |D| [load_var_exports]: 	NID 0x936C8A78 (SYSLYB) at 0x1383A9D0
[01:23:08.572] |D| [load_var_exports]: 	NID 0x6C2224BA (NID_MODULE_INFO) at 0x138398C4
[01:23:08.572] |I| [load_module]: Module SceMp4 (at "sys/external/libscemp4.suprx") loaded
[01:23:08.583] |D| [log_import_call]: [LLE] TID: 8   FUNC: 0x5474AF0 sceMp4OpenFile at 0x8140BE18
[01:23:08.586] |I| [export_sceIoOpen]: Opening file: app0:/data/movies/copyrights.mp4
[01:23:08.636] |D| [log_import_call]: [LLE] TID: 229 FUNC: 0x30E49E4D sceMp4StartFileStreaming at 0x8140BE38
[01:23:08.644] |W| [stubbed_impl]: Stubbed sceGxmSetVisibilityBuffer import called. (Set all visible)
[01:23:08.646] |W| [stubbed_impl]: Stubbed sceDisplayWaitVblankStart import called. (wait for vblank)
[01:23:08.686] |D| [log_import_call]: [LLE] TID: 229 FUNC: 0xD5B26179 UNRECOGNISED at 0x8140BF28
[01:23:08.690] |W| [unimplemented_impl]: Unimplemented sceKernelGetProcessTitleId import called.
[01:23:08.695] |E| [call_import]: Import function for NID 0xE341C382 not found (thread name: avPlayer Controller, thread ID: 229)
[01:23:08.704] |E| [logging::ret_error_impl]: _sceKernelLockLwMutex returned SCE_KERNEL_ERROR_UNKNOWN_LW_MUTEX_ID (0x80028181)
[01:23:08.705] |E| [logging::ret_error_impl]: sceKernelUnlockLwMutex2 returned SCE_KERNEL_ERROR_UNKNOWN_LW_MUTEX_ID (0x80028181)
[01:23:08.713] |W| [stubbed_impl]: Stubbed sceAudiodecGetContextSize import called. (fake size)
[01:23:08.716] |W| [stubbed_impl]: Stubbed sceCodecEngineAllocMemoryFromUnmapMemBlock import called. (fake vaddr)
[01:23:08.716] |D| [export_sceAudiodecCreateDecoderExternal]: sceAudiodecCreateDecoderExternal, codec: 4101
[01:23:08.717] |W| [stubbed_impl]: Stubbed sceAudiodecCreateDecoderExternal import called. (Hack for LLE MP4)
[01:23:08.734] |D| [export_sceAppUtilSaveDataSlotSearch]: cond, from: 1, key: 0, order: 0, range: 1, type: 0
[01:23:08.734] |D| [export_sceAppUtilSaveDataSlotSearch]: workBuf is not null, size: 512
[01:23:08.735] |E| [open_file]: Missing file at D:/Emulateurs/Vita3K/mc/ux0/user/00/savedata/PCSB00180/SlotParam_1.bin (target path: savedata0:/SlotParam_1.bin)
[01:23:08.736] |W| [io_error_impl]: open_file (sceAppUtilSaveDataSlotSearch) returned 0x80010002
[01:23:08.737] |D| [export_sceAppUtilSaveDataSlotSearch]: End, hitNum: 0
[01:23:08.737] |D| [export_sceAppUtilSaveDataSlotSearch]: cond, from: 0, key: 0, order: 0, range: 1, type: 0
[01:23:08.737] |D| [export_sceAppUtilSaveDataSlotSearch]: workBuf is not null, size: 512
[01:23:08.738] |E| [open_file]: Missing file at D:/Emulateurs/Vita3K/mc/ux0/user/00/savedata/PCSB00180/SlotParam_0.bin (target path: savedata0:/SlotParam_0.bin)
[01:23:08.739] |W| [io_error_impl]: open_file (sceAppUtilSaveDataSlotSearch) returned 0x80010002
[01:23:08.739] |D| [export_sceAppUtilSaveDataSlotSearch]: End, hitNum: 0
[01:23:08.740] |D| [export_sceAppUtilSaveDataSlotSearch]: cond, from: 1, key: 3, order: 1, range: 15, type: 0
[01:23:08.740] |D| [export_sceAppUtilSaveDataSlotSearch]: workBuf is not null, size: 512
[01:23:08.741] |E| [open_file]: Missing file at D:/Emulateurs/Vita3K/mc/ux0/user/00/savedata/PCSB00180/SlotParam_1.bin (target path: savedata0:/SlotParam_1.bin)
[01:23:08.742] |W| [io_error_impl]: open_file (sceAppUtilSaveDataSlotSearch) returned 0x80010002
[01:23:08.742] |E| [open_file]: Missing file at D:/Emulateurs/Vita3K/mc/ux0/user/00/savedata/PCSB00180/SlotParam_2.bin (target path: savedata0:/SlotParam_2.bin)
[01:23:08.746] |W| [io_error_impl]: open_file (sceAppUtilSaveDataSlotSearch) returned 0x80010002
[01:23:08.747] |E| [open_file]: Missing file at D:/Emulateurs/Vita3K/mc/ux0/user/00/savedata/PCSB00180/SlotParam_3.bin (target path: savedata0:/SlotParam_3.bin)
[01:23:08.748] |W| [io_error_impl]: open_file (sceAppUtilSaveDataSlotSearch) returned 0x80010002
[01:23:08.748] |E| [open_file]: Missing file at D:/Emulateurs/Vita3K/mc/ux0/user/00/savedata/PCSB00180/SlotParam_4.bin (target path: savedata0:/SlotParam_4.bin)
[01:23:08.749] |W| [io_error_impl]: open_file (sceAppUtilSaveDataSlotSearch) returned 0x80010002
[01:23:08.749] |E| [open_file]: Missing file at D:/Emulateurs/Vita3K/mc/ux0/user/00/savedata/PCSB00180/SlotParam_5.bin (target path: savedata0:/SlotParam_5.bin)
[01:23:08.750] |W| [io_error_impl]: open_file (sceAppUtilSaveDataSlotSearch) returned 0x80010002
[01:23:08.751] |E| [open_file]: Missing file at D:/Emulateurs/Vita3K/mc/ux0/user/00/savedata/PCSB00180/SlotParam_6.bin (target path: savedata0:/SlotParam_6.bin)
[01:23:08.751] |W| [io_error_impl]: open_file (sceAppUtilSaveDataSlotSearch) returned 0x80010002
[01:23:08.752] |E| [open_file]: Missing file at D:/Emulateurs/Vita3K/mc/ux0/user/00/savedata/PCSB00180/SlotParam_7.bin (target path: savedata0:/SlotParam_7.bin)
[01:23:08.753] |W| [io_error_impl]: open_file (sceAppUtilSaveDataSlotSearch) returned 0x80010002
[01:23:08.753] |E| [open_file]: Missing file at D:/Emulateurs/Vita3K/mc/ux0/user/00/sav