[18:30:56.735] |I| [load_app_impl]: ngs experimental state: true
[18:30:56.736] |I| [load_app_impl]: video player state: true
[18:30:56.736] |I| [load_app_impl]: lle-modules: libsas,libSceJson,liblocation,libatrac,libSceXml,librudp,libpgf,libvoice,libsystemgesture
[18:30:56.736] |I| [load_app_impl]: Title: Cursed Castilla (Maldita Castilla EX)
[18:30:56.736] |I| [load_app_impl]: Serial: PCSB01160
[18:30:56.736] |I| [load_app_impl]: Version: 1.00
[18:30:56.737] |I| [load_app_impl]: Category: gd
[18:30:56.813] |C| [load_self]: Unknown segment type 0x6FFFFF01
[18:30:56.813] |I| [load_self]: Loaded module segment 0 @ [0x00004000 - 0x0005591C / 0x81000000] (size: 0x0005191C) of module ux0:app\PCSB01160\sce_module\libc.suprx
[18:30:56.813] |I| [load_self]: Loaded module segment 1 @ [0x00056000 - 0x000588A0 / 0x81052000] (size: 0x000028A0) of module ux0:app\PCSB01160\sce_module\libc.suprx
[18:30:56.814] |I| [load_self]: Loading symbols for SELF: ux0:app\PCSB01160\sce_module\libc.suprx
[18:30:56.814] |D| [load_var_exports]: 	NID 0x936C8A78 (SYSLYB) at 0x4B38C
[18:30:56.814] |D| [load_var_exports]: 	NID 0x6C2224BA (NID_MODULE_INFO) at 0x40550
[18:30:56.815] |W| [load_var_imports]: 	NID NOT FOUND 0x93B8AA67 (UNRECOGNISED) at 0x446B0, setting to stub value 0xDEADBEEF
[18:30:56.815] |W| [load_var_imports]: 	NID NOT FOUND 0xDF084DFA (UNRECOGNISED) at 0x46244, setting to stub value 0xDEADBEEF
[18:30:56.815] |I| [pre_load_module]: Pre-load module SceLibc (at "app\PCSB01160\sce_module\libc.suprx") loaded
[18:30:56.829] |C| [load_self]: Unknown segment type 0x6FFFFF01
[18:30:56.829] |I| [load_self]: Loaded module segment 0 @ [0x0005B000 - 0x00087CBF / 0x81000000] (size: 0x0002CCBF) of module ux0:app\PCSB01160\sce_module\libfios2.suprx
[18:30:56.829] |I| [load_self]: Loaded module segment 1 @ [0x00088000 - 0x0008D255 / 0x8102D000] (size: 0x00005255) of module ux0:app\PCSB01160\sce_module\libfios2.suprx
[18:30:56.830] |I| [load_self]: Loading symbols for SELF: ux0:app\PCSB01160\sce_module\libfios2.suprx
[18:30:56.830] |D| [load_var_exports]: 	NID 0x936C8A78 (SYSLYB) at 0x87BC8
[18:30:56.830] |D| [load_var_exports]: 	NID 0x6C2224BA (NID_MODULE_INFO) at 0x7EF08
[18:30:56.830] |I| [pre_load_module]: Pre-load module SceLibFios2 (at "app\PCSB01160\sce_module\libfios2.suprx") loaded
[18:30:56.841] |C| [load_self]: Unknown segment type 0x6FFFFF01
[18:30:56.841] |I| [load_self]: Loaded module segment 0 @ [0x0008E000 - 0x000A19BC / 0x81000000] (size: 0x000139BC) of module ux0:app\PCSB01160\sce_module\libult.suprx
[18:30:56.841] |I| [load_self]: Loaded module segment 1 @ [0x000A2000 - 0x000A2814 / 0x81014000] (size: 0x00000814) of module ux0:app\PCSB01160\sce_module\libult.suprx
[18:30:56.841] |I| [load_self]: Loading symbols for SELF: ux0:app\PCSB01160\sce_module\libult.suprx
[18:30:56.842] |D| [load_var_exports]: 	NID 0x936C8A78 (SYSLYB) at 0xA02E8
[18:30:56.842] |D| [load_var_exports]: 	NID 0x6C2224BA (NID_MODULE_INFO) at 0x9D870
[18:30:56.842] |I| [pre_load_module]: Pre-load module SceUlt (at "app\PCSB01160\sce_module\libult.suprx") loaded
[18:30:56.848] |I| [load_self]: Loaded module segment 0 @ [0x000A3000 - 0x000F3F04 / 0x81000000] (size: 0x00050F04) of module vs0:sys/external/libSceFt2.suprx
[18:30:56.848] |I| [load_self]: Loaded module segment 1 @ [0x000F4000 - 0x000F42F4 / 0x81051000] (size: 0x000002F4) of module vs0:sys/external/libSceFt2.suprx
[18:30:56.849] |I| [load_self]: Loading symbols for SELF: vs0:sys/external/libSceFt2.suprx
[18:30:56.849] |D| [load_var_exports]: 	NID 0x936C8A78 (SYSLYB) at 0xDF7DC
[18:30:56.849] |D| [load_var_exports]: 	NID 0x6C2224BA (NID_MODULE_INFO) at 0xDEF10
[18:30:56.850] |I| [pre_load_module]: Pre-load module SceLibft2 (at "sys/external/libSceFt2.suprx") loaded
[18:30:56.851] |I| [load_self]: Loaded module segment 0 @ [0x000F5000 - 0x00104F14 / 0x81000000] (size: 0x0000FF14) of module vs0:sys/external/libpvf.suprx
[18:30:56.854] |I| [load_self]: Loaded module segment 1 @ [0x00105000 - 0x00105008 / 0x81010000] (size: 0x00000008) of module vs0:sys/external/libpvf.suprx
[18:30:56.854] |I| [load_self]: Loading symbols for SELF: vs0:sys/external/libpvf.suprx
[18:30:56.854] |D| [load_var_exports]: 	NID 0x936C8A78 (SYSLYB) at 0x103710
[18:30:56.854] |D| [load_var_exports]: 	NID 0x6C2224BA (NID_MODULE_INFO) at 0x103300
[18:30:56.854] |I| [pre_load_module]: Pre-load module SceLibPvf (at "sys/external/libpvf.suprx") loaded
[18:30:56.953] |C| [load_self]: Unknown segment type 0x6FFFFF01
[18:30:56.953] |I| [load_self]: Loaded module segment 0 @ [0x00106000 - 0x0040FAC0 / 0x81000000] (size: 0x00309AC0) of module app0:eboot.bin
[18:30:56.954] |I| [load_self]: Loaded module segment 1 @ [0x00410000 - 0x008703A0 / 0x8130A000] (size: 0x004603A0) of module app0:eboot.bin
[18:30:56.954] |I| [load_self]: Loading symbols for SELF: app0:eboot.bin
[18:30:56.954] |D| [load_var_exports]: 	NID 0x6C2224BA (NID_MODULE_INFO) at 0x3300EC
[18:30:56.954] |D| [load_var_exports]: 	NID 0x70FBA1E7 (SCE_PROC_PARAMS) at 0x498D70
[18:30:56.954] |D| [load_var_exports]: 	NID 0x936C8A78 (SYSLYB) at 0x40CF00
[18:30:56.955] |I| [load_app_impl]: Main executable PSVitaRunner (eboot.bin) loaded
[18:30:56.957] |D| [run_app]: Running module_start of library: SceLibc at address 0x4871
[18:30:56.961] |I| [run_app]: Module SceLibc (at "ux0:app\PCSB01160\sce_module\libc.suprx") module_start returned 0x0
[18:30:56.962] |D| [run_app]: Running module_start of library: SceLibFios2 at address 0x5B001
[18:30:56.964] |W| [stubbed_impl]: Stubbed sceKernelGetProcessId import called. (pid: 0)
[18:30:56.964] |D| [export_sceFiosOverlayGetList02]: maxIDs: 127
[18:30:56.964] |W| [unimplemented_impl]: Unimplemented sceFiosOverlayGetList02 import called.
[18:30:56.964] |I| [run_app]: Module SceLibFios2 (at "ux0:app\PCSB01160\sce_module\libfios2.suprx") module_start returned 0x0
[18:30:56.965] |D| [run_app]: Running module_start of library: SceUlt at address 0x91771
[18:30:56.967] |W| [unimplemented_impl]: Unimplemented _sceUlobjMgrRegisterLibultProtocolRevision import called.
[18:30:56.967] |I| [run_app]: Module SceUlt (at "ux0:app\PCSB01160\sce_module\libult.suprx") module_start returned 0x0
[18:30:56.973] |W| [unimplemented_impl]: Unimplemented sceAppUtilInit import called.
[18:30:56.975] |W| [stubbed_impl]: Stubbed sceGxmMapMemory import called. (always return success)
[18:30:56.979] |W| [stubbed_impl]: Stubbed sceGxmMapFragmentUsseMemory import called. (always return success)
[18:30:57.058] |W| [stubbed_impl]: Stubbed sceGxmMapVertexUsseMemory import called. (always return success)
[18:30:57.068] |W| [unimplemented_impl]: Unimplemented sceNetCtlInit import called.
[18:30:57.072] |W| [unimplemented_impl]: Unimplemented sceSslInit import called.
[18:30:57.072] |W| [unimplemented_impl]: Unimplemented sceHttpInit import called.
[18:30:57.073] |W| [stubbed_impl]: Stubbed sceNetCtlInetGetState import called. (state = SCE_NETCTL_STATE_DISCONNECTED)
[18:30:57.076] |W| [stubbed_impl]: Stubbed sceNetCtlCheckCallback import called. (Stub)
[18:30:57.089] |I| [export_sceIoOpen]: Opening file: app0:/games/game.win
[18:30:57.118] |E| [call_import]: Import function for NID 0xE340C006 not found (thread name: PCSB01160, thread ID: 6)
[18:30:57.119] |I| [export_sceIoOpen]: Opening file: savedata0:/app0:/games/options.ini
[18:30:57.119] |I| [export_sceIoOpen]: Opening file: savedata0:/app0:/games/options.ini
[18:30:57.120] |I| [export_sceIoOpen]: Opening file: savedata0:/app0:/games/options.ini
[18:30:57.124] |I| [export_sceIoOpen]: Opening file: app0:/games/game.yydebug
[18:30:57.125] |E| [open_file]: Missing file at D:/Emulateurs/Vita3K/mc/ux0/app/PCSB01160/games/game.yydebug (target path: app0:/games/game.yydebug)
[18:30:57.125] |W| [io_error_impl]: open_file (sceIoOpen) returned 0x80010002
[18:30:57.125] |I| [export_sceIoOpen]: Opening file: app0:/games/game.win
[18:30:57.725] |I| [export_sceIoOpen]: Opening file: savedata0:/hiscore.dat
[18:30:57.726] |E| [open_file]: Missing file at D:/Emulateurs/Vita3K/mc/ux0/user/00/savedata/PCSB01160/hiscore.dat (target path: savedata0:/hiscore.dat)
[18:30:57.726] |W| [io_error_impl]: 