[21:35:12.641] |I| [load_app_impl]: cpu-backend: Dynarmic
[21:35:12.641] |I| [load_app_impl]: CPU Optimisation state: true
[21:35:12.641] |I| [load_app_impl]: at9 audio decoder state: true
[21:35:12.641] |I| [load_app_impl]: ngs experimental state: true
[21:35:12.641] |I| [load_app_impl]: video player state: true
[21:35:12.641] |I| [load_app_impl]: lle-modules: libpgf,libSceXml,libsas,liblocation,libhandwriting,libSceJson,librudp
[21:35:12.642] |I| [load_app_impl]: Title: BlazBlue: Continuum Shift EXTEND
[21:35:12.642] |I| [load_app_impl]: Serial: PCSB00042
[21:35:12.642] |I| [load_app_impl]: Version: 1.00
[21:35:12.642] |I| [load_app_impl]: Category: gd
[21:35:12.649] |C| [load_self]: Unknown segment type 0x6FFFFF01
[21:35:12.649] |I| [load_self]: Loaded module segment 0 @ [0x00007000 - 0x00042F34 / 0x81000000] (size: 0x0003BF34) of module ux0:app\PCSB00042\sce_module\libc.suprx
[21:35:12.649] |I| [load_self]: Loaded module segment 1 @ [0x00043000 - 0x0004533C / 0x8103C000] (size: 0x0000233C) of module ux0:app\PCSB00042\sce_module\libc.suprx
[21:35:12.650] |I| [load_self]: Loading symbols for SELF: ux0:app\PCSB00042\sce_module\libc.suprx
[21:35:12.650] |D| [load_var_exports]: 	NID 0x6C2224BA (NID_MODULE_INFO) at 0x34A70
[21:35:12.650] |W| [load_var_imports]: 	NID NOT FOUND 0xDF084DFA (UNRECOGNISED) at 0x38220, setting to stub value 0xDEADBEEF
[21:35:12.652] |I| [pre_load_module]: Pre-load module SceLibc (at "app\PCSB00042\sce_module\libc.suprx") loaded
[21:35:12.657] |C| [load_self]: Unknown segment type 0x6FFFFF01
[21:35:12.658] |I| [load_self]: Loaded module segment 0 @ [0x00047000 - 0x00068E94 / 0x81000000] (size: 0x00021E94) of module ux0:app\PCSB00042\sce_module\libfios2.suprx
[21:35:12.659] |I| [load_self]: Loaded module segment 1 @ [0x00069000 - 0x0006E22C / 0x81022000] (size: 0x0000522C) of module ux0:app\PCSB00042\sce_module\libfios2.suprx
[21:35:12.659] |I| [load_self]: Loading symbols for SELF: ux0:app\PCSB00042\sce_module\libfios2.suprx
[21:35:12.660] |D| [load_var_exports]: 	NID 0x6C2224BA (NID_MODULE_INFO) at 0x62888
[21:35:12.660] |I| [pre_load_module]: Pre-load module SceLibFios2 (at "app\PCSB00042\sce_module\libfios2.suprx") loaded
[21:35:12.664] |C| [load_self]: Unknown segment type 0x6FFFFF01
[21:35:12.664] |I| [load_self]: Loaded module segment 0 @ [0x0006F000 - 0x000836AC / 0x81000000] (size: 0x000146AC) of module ux0:app\PCSB00042\sce_module\libult.suprx
[21:35:12.665] |I| [load_self]: Loaded module segment 1 @ [0x00084000 - 0x00084810 / 0x81015000] (size: 0x00000810) of module ux0:app\PCSB00042\sce_module\libult.suprx
[21:35:12.666] |I| [load_self]: Loading symbols for SELF: ux0:app\PCSB00042\sce_module\libult.suprx
[21:35:12.667] |D| [load_var_exports]: 	NID 0x6C2224BA (NID_MODULE_INFO) at 0x80390
[21:35:12.667] |I| [pre_load_module]: Pre-load module SceUlt (at "app\PCSB00042\sce_module\libult.suprx") loaded
[21:35:12.675] |I| [load_self]: Loaded module segment 0 @ [0x00085000 - 0x000D5F04 / 0x81000000] (size: 0x00050F04) of module vs0:sys/external/libSceFt2.suprx
[21:35:12.675] |I| [load_self]: Loaded module segment 1 @ [0x000D6000 - 0x000D62F4 / 0x81051000] (size: 0x000002F4) of module vs0:sys/external/libSceFt2.suprx
[21:35:12.676] |I| [load_self]: Loading symbols for SELF: vs0:sys/external/libSceFt2.suprx
[21:35:12.677] |D| [load_var_exports]: 	NID 0x936C8A78 (SYSLYB) at 0xC17DC
[21:35:12.677] |D| [load_var_exports]: 	NID 0x6C2224BA (NID_MODULE_INFO) at 0xC0F10
[21:35:12.677] |W| [load_var_imports]: 	NID NOT FOUND 0x93B8AA67 (UNRECOGNISED) at 0xD5EE0, setting to stub value 0xDEADBEEF
[21:35:12.678] |I| [pre_load_module]: Pre-load module SceLibft2 (at "sys/external/libSceFt2.suprx") loaded
[21:35:12.681] |I| [load_self]: Loaded module segment 0 @ [0x000D8000 - 0x000E7F14 / 0x81000000] (size: 0x0000FF14) of module vs0:sys/external/libpvf.suprx
[21:35:12.681] |I| [load_self]: Loaded module segment 1 @ [0x000E8000 - 0x000E8008 / 0x81010000] (size: 0x00000008) of module vs0:sys/external/libpvf.suprx
[21:35:12.682] |I| [load_self]: Loading symbols for SELF: vs0