[00:15:45.757] |I| [load_app_impl]: cpu-backend: Dynarmic
[00:15:45.757] |I| [load_app_impl]: CPU Optimisation state: true
[00:15:45.757] |I| [load_app_impl]: at9 audio decoder state: true
[00:15:45.758] |I| [load_app_impl]: ngs experimental state: true
[00:15:45.758] |I| [load_app_impl]: video player state: true
[00:15:45.758] |I| [load_app_impl]: lle-modules: libpgf,libSceXml,libsas,liblocation,libhandwriting,libSceJson,librudp
[00:15:45.758] |I| [load_app_impl]: Title: Duck Souls+
[00:15:45.758] |I| [load_app_impl]: Serial: PCSB01404
[00:15:45.758] |I| [load_app_impl]: Version: 1.00
[00:15:45.758] |I| [load_app_impl]: Category: gd
[00:15:45.803] |C| [load_self]: Unknown segment type 0x6FFFFF01
[00:15:45.804] |I| [load_self]: Loaded module segment 0 @ [0x00007000 - 0x0005891C / 0x81000000] (size: 0x0005191C) of module ux0:app\PCSB01404\sce_module\libc.suprx
[00:15:45.804] |I| [load_self]: Loaded module segment 1 @ [0x00059000 - 0x0005B8A0 / 0x81052000] (size: 0x000028A0) of module ux0:app\PCSB01404\sce_module\libc.suprx
[00:15:45.804] |I| [load_self]: Loading symbols for SELF: ux0:app\PCSB01404\sce_module\libc.suprx
[00:15:45.805] |D| [load_var_exports]: 	NID 0x936C8A78 (SYSLYB) at 0x4E38C
[00:15:45.805] |D| [load_var_exports]: 	NID 0x6C2224BA (NID_MODULE_INFO) at 0x43550
[00:15:45.805] |W| [load_var_imports]: 	NID NOT FOUND 0x93B8AA67 (UNRECOGNISED) at 0x476B0, setting to stub value 0xDEADBEEF
[00:15:45.805] |W| [load_var_imports]: 	NID NOT FOUND 0xDF084DFA (UNRECOGNISED) at 0x49244, setting to stub value 0xDEADBEEF
[00:15:45.806] |I| [pre_load_module]: Pre-load module SceLibc (at "app\PCSB01404\sce_module\libc.suprx") loaded
[00:15:45.829] |C| [load_self]: Unknown segment type 0x6FFFFF01
[00:15:45.829] |I| [load_self]: Loaded module segment 0 @ [0x0005E000 - 0x00077000 / 0x81000000] (size: 0x00019000) of module ux0:app\PCSB01404\sce_module\libface.suprx
[00:15:45.829] |I| [load_self]: Loaded module segment 1 @ [0x00077000 - 0x000770F8 / 0x81019000] (size: 0x000000F8) of module ux0:app\PCSB01404\sce_module\libface.suprx
[00:15:45.830] |I| [load_self]: Loading symbols for SELF: ux0:app\PCSB01404\sce_module\libface.suprx
[00:15:45.830] |D| [load_var_exports]: 	NID 0x6C2224BA (NID_MODULE_INFO) at 0x73DA4
[00:15:45.830] |D| [load_var_exports]: 	NID 0x936C8A78 (SYSLYB) at 0x76784
[00:15:45.830] |I| [pre_load_module]: Pre-load module SceFace (at "app\PCSB01404\sce_module\libface.suprx") loaded
[00:15:45.842] |C| [load_self]: Unknown segment type 0x6FFFFF01
[00:15:45.842] |I| [load_self]: Loaded module segment 0 @ [0x00078000 - 0x000A4CBF / 0x81000000] (size: 0x0002CCBF) of module ux0:app\PCSB01404\sce_module\libfios2.suprx
[00:15:45.842] |I| [load_self]: Loaded module segment 1 @ [0x000A5000 - 0x000AA255 / 0x8102D000] (size: 0x00005255) of module ux0:app\PCSB01404\sce_module\libfios2.suprx
[00:15:45.842] |I| [load_self]: Loading symbols for SELF: ux0:app\PCSB01404\sce_module\libfios2.suprx
[00:15:45.842] |D| [load_var_exports]: 	NID 0x936C8A78 (SYSLYB) at 0xA4BC8
[00:15:45.842] |D| [load_var_exports]: 	NID 0x6C2224BA (NID_MODULE_INFO) at 0x9BF08
[00:15:45.842] |I| [pre_load_module]: Pre-load module SceLibFios2 (at "app\PCSB01404\sce_module\libfios2.suprx") loaded
[00:15:45.897] |C| [load_self]: Unknown segment type 0x6FFFFF01
[00:15:45.897] |I| [load_self]: Loaded module segment 0 @ [0x000AB000 - 0x002B8AF4 / 0x81000000] (size: 0x0020DAF4) of module ux0:app\PCSB01404\sce_module\libsmart.suprx
[00:15:45.898] |I| [load_self]: Loaded module segment 1 @ [0x002B9000 - 0x002BC444 / 0x8120E000] (size: 0x00003444) of module ux0:app\PCSB01404\sce_module\libsmart.suprx
[00:15:45.898] |I| [load_self]: Loading symbols for SELF: ux0:app\PCSB01404\sce_module\libsmart.suprx
[00:15:45.898] |D| [load_var_exports]: 	NID 0x6C2224BA (NID_MODULE_INFO) at 0x156528
[00:15:45.898] |D| [load_var_exports]: 	NID 0x936C8A78 (SYSLYB) at 0x15D90C
[00:15:45.898] |I| [pre_load_module]: Pre-load module SceSmart (at "app\PCSB01404\sce_module\libsmart.suprx") loaded
[00:15:45.916] |C| [load_self]: Unknown segment type 0x6FFFFF01
[00:15:45.916] |I| [load_self]: Loaded module segment 0 @ [0x002BD000 - 0x002D09BC / 0x81000000] (size: 0x000139BC) of module ux0:app\PCSB01404\sce_module\libult.suprx
[00:15:45.916] |I| [load_self]: Loaded module segment 1 @ [0x002D1000 - 0x002D1814 / 0x81014000] (size: 0x00000814) of module ux0:app\PCSB01404\sce_module\libult.suprx
[00:15:45.916] |I| [load_self]: Loading symbols for SELF: ux0:app\PCSB01404\sce_module\libult.suprx
[00:15:45.916] |D| [load_var_exports]: 	NID 0x936C8A78 (SYSLYB) at 0x2CF2E8
[00:15:45.917] |D| [load_var_exports]: 	NID 0x6C2224BA (NID_MODULE_INFO) at 0x2CC870
[00:15:45.917] |I| [pre_load_module]: Pre-load module SceUlt (at "app\PCSB01404\sce_module\libult.suprx") loaded
[00:15:45.924] |I| [load_self]: Loaded module segment 0 @ [0x002D2000 - 0x00322F04 / 0x81000000] (size: 0x00050F04) of module vs0:sys/external/libSceFt2.suprx
[00:15:45.925] |I| [load_self]: Loaded module segment 1 @ [0x00323000 - 0x003232F4 / 0x81051000] (size: 0x000002F4) of module vs0:sys/external/libSceFt2.suprx
[00:15:45.925] |I| [load_self]: Loading symbols for SELF: vs0:sys/external/libSceFt2.suprx
[00:15:45.925] |D| [load_var_exports]: 	NID 0x936C8A78 (SYSLYB) at 0x30E7DC
[00:15:45.925] |D| [load_var_exports]: 	NID 0x6C2224BA (NID_MODULE_INFO) at 0x30DF10
[00:15:45.925] |I| [pre_load_module]: Pre-load module SceLibft2 (at "sys/external/libSceFt2.suprx") loaded
[00:15:45.928] |I| [load_self]: Loaded module segment 0 @ [0x00324000 - 0x00333F14 / 0x81000000] (size: 0x0000FF14) of module vs0:sys/external/libpvf.suprx
[00:15:45.928] |I| [load_self]: Loaded module segment 1 @ [0x00334000 - 0x00334008 / 0x81010000] (size: 0x00000008) of module vs0:sys/external/libpvf.suprx
[00:15:45.928] |I| [load_self]: Loading symbols for SELF: vs0:sys/external/libpvf.suprx
[00:15:45.928] |D| [load_var_exports]: 	NID 0x936C8A78 (SYSLYB) at 0x332710
[00:15:45.928] |D| [load_var_exports]: 	NID 0x6C2224BA (NID_MODULE_INFO) at 0x332300
[00:15:45.928] |I| [pre_load_module]: Pre-load module SceLibPvf (at "sys/external/libpvf.suprx") loaded
[00:15:46.015] |C| [load_self]: Unknown segment type 0x6FFFFF01
[00:15:46.015] |I| [load_self]: Loaded module segment 0 @ [0x00335000 - 0x005A5BD4 / 0x81000000] (size: 0x00270BD4) of module app0:eboot.bin
[00:15:46.015] |I| [load_self]: Loaded module segment 1 @ [0x005A6000 - 0x005C7EE0 / 0x81271000] (size: 0x00021EE0) of module app0:eboot.bin
[00:15:46.015] |I| [load_self]: Loading symbols for SELF: app0:eboot.bin
[00:15:46.015] |D| [load_var_exports]: 	NID 0x6C2224BA (NID_MODULE_INFO) at 0x4F4328
[00:15:46.016] |D| [load_var_exports]: 	NID 0x70FBA1E7 (SCE_PROC_PARAMS) at 0x5A8638
[00:15:46.016] |D| [load_var_exports]: 	NID 0x936C8A78 (SYSLYB) at 0x52CB04
[00:15:46.016] |I| [load_app_impl]: Main executable DuckSouls (eboot.bin) loaded
[00:15:46.025] |D| [run_app]: Running module_start of library: SceLibc at address 0x7871
[00:15:46.037] |W| [stubbed_impl]: Stubbed sceKernelGetFreeMemorySize import called. (Single pool)
[00:15:46.362] |I| [run_app]: Module SceLibc (at "ux0:app\PCSB01404\sce_module\libc.suprx") module_start returned 0x0
[00:15:46.367] |D| [run_app]: Running module_start of library: SceFace at address 0x73265
[00:15:46.375] |I| [run_app]: Module SceFace (at "ux0:app\PCSB01404\sce_module\libface.suprx") module_start returned 0x0
[00:15:46.379] |D| [run_app]: Running module_start of library: SceLibFios2 at address 0x78001
[00:15:46.387] |W| [stubbed_impl]: Stubbed sceKernelGetProcessId import called. (pid: 0)
[00:15:46.388] |D| [export_sceFiosOverlayGetList02]: maxIDs: 127
[00:15:46.388] |W| [unimplemented_impl]: Unimplemented sceFiosOverlayGetList02 import called.
[00:15:46.388] |I| [run_app]: Module SceLibFios2 (at "ux0:app\PCSB01404\sce_module\libfios2.suprx") module_start returned 0x0
[00:15:46.392] |D| [run_app]: Running module_start of library: SceSmart at address 0xAB18D
[00:15:46.402] |I| [run_app]: Module SceSmart (at "ux0:app\PCSB01404\sce_module\libsmart.suprx") module_start returned 0x0
[00:15:46.406] |D| [run_app]: Running module_start of library: SceUlt at address 0x2C0771
[00:15:46.414] |W| [unimplemented_impl]: Unimplemented _sceUlobjMgrRegisterLibultProtocolRevision import called.
[00:15:46.415] |I| [run_app]: Module SceUlt (at "ux0:app\PCSB01404\sce_module\libult.suprx") module_start returned 0x0
[00:15:46.420] |W| [unimplemented_impl]: Unimplemented sceKernelRegisterThreadEventHandler import called.
[00:15:46.508] |W| [stubbed_impl]: Stubbed sceKernelGetThreadInfo import called. (STUB)
[00:15:46.510] |W| [unimplemented_impl]: Unimplemented sceAppUtilInit import called.
[00:15:46.511] |W| [unimplemented_impl]: Unimplemented sceAppUtilSaveDataSlotSearch import called.
[00:15:46.538] |W| [stubbed_impl]: Stubbed sceNetCtlInit import called. (Stub)
[00:15:46.539] |W| [unimplemented_impl]: Unimplemented sceSslInit import called.
[00:15:46.539] |W| [unimplemented_impl]: Unimplemented sceHttpInit import called.
[00:15:46.550] |W| [stubbed_impl]: Stubbed sceGxmMapMemory import called. (always return success)
[00:15:46.551] |W| [stubbed_impl]: Stubbed sceGxmMapFragmentUsseMemory import called. (always return success)
[00:15:46.551] |W| [stubbed_impl]: Stubbed sceGxmMapVertexUsseMemory import called. (always return success)
[00:15:46.631] |I| [export_sceIoOpen]: Opening file: app0:game_data/shaders/clear_screen.vert
[00:15:46.643] |I| [export_sceIoOpen]: Opening file: app0:game_data/shaders/clear_screen.frag
[00:15:46.664] |W| [unimplemented_impl]: Unimplemented sceAppMgrAcquireBgmPort import called.
[00:15:46.869] |I| [export_sceIoOpen]: Opening file: app0:game_data/~INDEX
[00:15:46.994] |I| [export_sceIoOpen]: Opening file: app0:game_data//shaders/presenter.vert
[00:15:46.996] |I| [export_sceIoOpen]: Opening file: app0:game_data//shaders/presenter.frag
[00:15:46.999] |I| [export_sceIoOpen]: Opening file: app0:game_data//shaders/presenter_opaque_texture.frag
[00:15:47.000] |I| [export_sceIoOpen]: Opening file: app0:game_data//shaders/presenter_opaque_color.frag
[00:15:47.004] |I| [export_sceIoOpen]: Opening file: app0:game_data/shaders/standard.vert
[00:15:47.006] |I| [export_sceIoOpen]: Opening file: app0:game_data/shaders/builtin_default.frag
[00:15:47.007] |I| [export_sceIoOpen]: Opening file: app0:game_data/shaders/builtin_default.vert
[00:15:47.007] |E| [open_file]: Missing file at D:/Emulateurs/Vita3K/mc/ux0/app/PCSB01404/game_data/shaders/builtin_default.vert (target path: app0:game_data/shaders/builtin_default.vert)
[00:15:47.008] |W| [io_error_impl]: open_file (sceIoOpen) returned 0x80010002
[00:15:47.009] |I| [export_sceIoOpen]: Opening file: app0:game_data/shaders/builtin_default.frag
[00:15:47.010] |I| [export_sceIoOpen]: Opening file: app0:game_data/shaders/builtin_default.vert
[00:15:47.010] |E| [open_file]: Missing file at D:/Emulateurs/Vita3K/mc/ux0/app/PCSB01404/game_data/shaders/builtin_default.vert (target path: app0:game_data/shaders/builtin_default.vert)
[00:15:47.011] |W| [io_error_impl]: open_file (sceIoOpen) returned 0x80010002
[00:15:47.011] |I| [export_sceIoOpen]: Opening file: app0:game_data/shaders/builtin_earlyz.frag
[00:15:47.012] |I| [export_sceIoOpen]: Opening file: app0:game_data/shaders/builtin_earlyz.vert
[00:15:47.012] |E| [open_file]: Missing file at D:/Emulateurs/Vita3K/mc/ux0/app/PCSB01404/game_data/shaders/builtin_earlyz.vert (target path: app0:game_data/shaders/builtin_earlyz.vert)
[00:15:47.012] |W| [io_error_impl]: open_file (sceIoOpen) returned 0x80010002
[00:15:47.013] |I| [export_sceIoOpen]: Opening file: app0:game_data/shaders/builtin_fill.frag
[00:15:47.014] |I| [export_sceIoOpen]: Opening file: app0:game_data/shaders/builtin_fill.vert
[00:15:47.014] |E| [open_file]: Missing file at D:/Emulateurs/Vita3K/mc/ux0/app/PCSB01404/game_data/shaders/builtin_fill.vert (target path: app0:game_data/shaders/builtin_fill.vert)
[00:15:47.014] |W| [io_error_impl]: open_file (sceIoOpen) returned 0x80010002
[00:15:47.014] |I| [export_sceIoOpen]: Opening file: app0:game_data/shaders/warpobject.frag
[00:15:47.015] |I| [export_sceIoOpen]: Opening file: app0:game_data/shaders/warpobject.vert
[00:15:47.016] |I| [export_sceIoOpen]: Opening file: app0:game_data/shaders/warpobjectmask.frag
[00:15:47.017] |I| [export_sceIoOpen]: Opening file: app0:game_data/shaders/warpobjectmask.vert
[00:15:47.018] |I| [export_sceIoOpen]: Opening file: app0:game_data/shaders/color.frag
[00:15:47.019] |I| [export_sceIoOpen]: Opening file: app0:game_data/shaders/color.vert
[00:15:47.019] |E| [open_file]: Missing file at D:/Emulateurs/Vita3K/mc/ux0/app/PCSB01404/game_data/shaders/color.vert (target path: app0:game_data/shaders/color.vert)
[00:15:47.020] |W| [io_error_impl]: open_file (sceIoOpen) returned 0x80010002
[00:15:47.020] |I| [export_sceIoOpen]: Opening file: app0:game_data/shaders/inverse.frag
[00:15:47.021] |I| [export_sceIoOpen]: Opening file: app0:game_data/shaders/inverse.vert
[00:15:47.021] |E| [open_file]: Missing file at D:/Emulateurs/Vita3K/mc/ux0/app/PCSB01404/game_data/shaders/inverse.vert (target path: app0:game_data/shaders/inverse.vert)
[00:15:47.021] |W| [io_error_impl]: open_file (sceIoOpen) returned 0x80010002
[00:15:47.021] |I| [export_sceIoOpen]: Opening file: app0:game_data/shaders/glowhorizontal.frag
[00:15:47.022] |I| [export_sceIoOpen]: Opening file: app0:game_data/shaders/glowhorizontal.vert
[00:15:47.022] |E| [open_file]: Missing file at D:/Emulateurs/Vita3K/mc/ux0/app/PCSB01404/game_data/shaders/glowhorizontal.vert (target path: app0:game_data/shaders/glowhorizontal.vert)
[00:15:47.022] |W| [io_error_impl]: open_file (sceIoOpen) returned 0x80010002
[00:15:47.024] |I| [export_sceIoOpen]: Opening file: app0:game_data/shaders/glowvertical.frag
[00:15:47.025] |I| [export_sceIoOpen]: Opening file: app0:game_data/shaders/glowvertical.vert
[00:15:47.025] |E| [open_file]: Missing file at D:/Emulateurs/Vita3K/mc/ux0/app/PCSB01404/game_data/shaders/glowvertical.vert (target path: app0:game_data/shaders/glowvertical.vert)
[00:15:47.025] |W| [io_error_impl]: open_file (sceIoOpen) returned 0x80010002
[00:15:47.026] |I| [export_sceIoOpen]: Opening file: app0:game_data/shaders/overlay.frag
[00:15:47.027] |I| [export_sceIoOpen]: Opening file: app0:game_data/shaders/overlay.vert
[00:15:47.027] |E| [open_file]: Missing file at D:/Emulateurs/Vita3K/mc/ux0/app/PCSB01404/game_data/shaders/overlay.vert (target path: app0:game_data/shaders/overlay.vert)
[00:15:47.027] |W| [io_error_impl]: open_file (sceIoOpen) returned 0x80010002
[00:15:47.028] |I| [export_sceIoOpen]: Opening file: app0:game_data/shaders/replacecolor.frag
[00:15:47.028] |I| [export_sceIoOpen]: Opening file: app0:game_data/shaders/replacecolor.vert
[00:15:47.028] |E| [open_file]: Missing file at D:/Emulateurs/Vita3K/mc/ux0/app/PCSB01404/game_data/shaders/replacecolor.vert (target path: app0:game_data/shaders/replacecolor.vert)
[00:15:47.029] |W| [io_error_impl]: open_file (sceIoOpen) returned 0x80010002
[00:15:47.029] |I| [export_sceIoOpen]: Opening file: app0:game_data/shaders/builtin_default_nopacity.frag
[00:15:47.030] |I| [export_sceIoOpen]: Opening file: app0:game_data/shaders/builtin_default_nopacity.vert
[00:15:47.030] |E| [open_file]: Missing file at D:/Emulateurs/Vita3K/mc/ux0/app/PCSB01404/game_data/shaders/builtin_default_nopacity.vert (target path: app0:game_data/shaders/builtin_default_nopacity.vert)
[00:15:47.030] |W| [io_error_impl]: open_file (sceIoOpen) returned 0x80010002
[00:15:47.032] |I| [export_sceIoOpen]: Opening file: app0:game_data//ratalaika_logo_psvita.png
[00:15:47.108] |I| [export_sceIoOpen]: Opening file: app0:game_data//ratalaika_logo_psvita2.png
[00:15:47.203] |I| [export_sceIoOpen]: Opening file: app0:game_data/shaders/RATALAIKA_SPLASH.vert
[00:15:47.204] |I| [export_sceIoOpen]: Opening file: app0:game_data/shaders/RATALAIKA_SPLASH.frag
[00:15:47.214] |W| [unimplemented_impl]: Unimplemented sceCommonDialogUpdate import called.
[00:15:47.214] |W| [unimplemented_impl]: Unimplemented sceGxmTransferFill import called.
[00:15:47.215] |W| [stubbed_impl]: Stubbed sceNpTrophyCreateHandle import called. (Stubbed handle with 1)
[00:15:47.215] |W| [stubbed_impl]: Stubbed sceNpTrophyDestroyHandle import called. (Stubbed with SCE_OK)
[00:15:47.218] |W| [stubbed_impl]: Stubbed sceNpCheckCallback import called. (Stub)
[00:15:47.244] |D| [renderer::gl::texture::translate_swizzle]: base format: 201326592, swizzle: 0
[00:15:47.245] |I| [renderer::gl::load_shader_generic]: Generating frag shader 437a3fb3ea9fc10701a19105be4614bb7f3b9a9c44205aea197cab83c912995e
[00:15:47.249] |I| [renderer::gl::load_shader_generic]: Generating vert shader 1ffd06f31d816d609a6b96bd319477f23f80a2d82ebdaab84b90e7b824914b36
[00:15:47.250] |D| [shader::create_parameters]: [BUFFER0  + 0] pa0 = (float4) pos
[00:15:47.250] |D| [shader::create_parameters]: [BUFFER0  + 4] pa4 = (float4) tex
[00:15:47.253] |E| [renderer::gl::compile_program]: Fragment info
-------------
0(17) : warning C7050: "pa[0].zw" might be used before being initialized


[00:15:47.255] |W| [stubbed_impl]: Stubbed sceDisplayWaitVblankStart import called. (wait for vblank)
[00:15:47.260] |D| [renderer::gl::texture::translate_swizzle]: base format: 201326592, swizzle: 0
[00:15:47.323] |I| [export_sceIoOpen]: Opening file: app0:game_data/data.js
[00:15:51.212] |I| [export_sceIoOpen]: Opening file: app0:game_data//media/son_death.ogg
[00:15:51.218] |I| [export_sceIoOpen]: Opening file: app0:game_data//media/son_4_direction_gun.ogg
[00:15:51.233] |I| [export_sceIoOpen]: Opening file: app0:game_data//media/mus_victory.ogg
[00:15:51.264] |W| [unimplemented_impl]: Unimplemented sceKernelCallAbortHandler import called.
[00:15:51.265] |W| [unimplemented_impl]: Unimplemented sceKernelCallModuleExit import called.
[00:15:51.349] |I| [export_sceIoOpen]: Opening file: app0:game_data//media/son_cherry.ogg
[00:15:51.387] |I| [export_sceIoOpen]: Opening file: app0:game_data//media/son_breakable_ground.ogg
[00:15:51.403] |I| [export_sceIoOpen]: Opening file: app0:game_data//media/son_bullet.ogg
[00:15:51.415] |I| [export_sceIoOpen]: Opening file: app0:game_data//media/son_checkpoint.ogg
[00:15:51.431] |I| [export_sceIoOpen]: Opening file: app0:game_data//media/son_claymore_bip.ogg
[00:15:51.453] |I| [export_sceIoOpen]: Opening file: app0:game_data//media/son_claymore_explosion.ogg
[00:15:51.472] |I| [export_sceIoOpen]: Opening file: app0:game_data//media/son_dash.ogg
[00:15:51.490] |I| [export_sceIoOpen]: Opening file: app0:game_data//media/son_devil.ogg
[00:15:51.504] |I| [export_sceIoOpen]: Opening file: app0:game_data//media/son_door.ogg
[00:15:51.524] |I| [export_sceIoOpen]: Opening file: app0:game_data//media/son_egg.ogg
[00:15:51.537] |I| [export_sceIoOpen]: Opening file: app0:game_data//media/son_electric_barrier.ogg
[00:15:51.538] |I| [export_sceIoOpen]: Opening file: app0:game_data//media/son_explosion.ogg
[00:15:51.554] |I| [export_sceIoOpen]: Opening file: app0:game_data//media/son_jump.ogg
[00:15:51.567] |I| [export_sceIoOpen]: Opening file: app0:game_data//media/son_fake_ground.ogg
[00:15:51.583] |I| [export_sceIoOpen]: Opening file: app0:game_data//media/son_jump_pad.ogg
[00:15:51.599] |I| [export_sceIoOpen]: Opening file: app0:game_data//media/son_laser.ogg
[00:15:51.616] |I| [export_sceIoOpen]: Opening file: app0:game_data//media/son_menu.ogg
[00:15:51.630] |I| [export_sceIoOpen]: Opening file: app0:game_data//media/son_missile_launcher.ogg
[00:15:51.645] |I| [export_sceIoOpen]: Opening file: app0:game_data//media/son_portal.ogg
[00:15:51.646] |I| [export_sceIoOpen]: Opening file: app0:game_data//media/son_step.ogg
[00:15:51.662] |I| [export_sceIoOpen]: Opening file: app0:game_data//media/son_wrecking_ball.ogg
[00:23:44.773] |E| [discordrpc::update_presence::<lambda_50ee3771c9ac2f7a4b17591668a7e6b3>::operator ()]: Error updating discord rich presence, err_code: 43
[00:23:44.774] |E| [discordrpc::update_presence::<lambda_50ee3771c9ac2f7a4b17591668a7e6b3>::operator ()]: Error updating discord rich presence, err_code: 43
