[18:17:19.145] |I| [load_app_impl]: ngs experimental state: true
[18:17:19.146] |I| [load_app_impl]: video player state: true
[18:17:19.146] |I| [load_app_impl]: lle-modules: libsas,libSceJson,liblocation,libatrac,libSceXml,librudp,libpgf,libvoice,libsystemgesture
[18:17:19.147] |I| [load_app_impl]: Title: A Rose in the Twilight
[18:17:19.147] |I| [load_app_impl]: Serial: PCSB01095
[18:17:19.147] |I| [load_app_impl]: Version: 1.00
[18:17:19.148] |I| [load_app_impl]: Category: gd
[18:17:19.207] |C| [load_self]: Unknown segment type 0x6FFFFF01
[18:17:19.207] |I| [load_self]: Loaded module segment 0 @ [0x00004000 - 0x000558A4 / 0x81000000] (size: 0x000518A4) of module ux0:app\PCSB01095\sce_module\libc.suprx
[18:17:19.208] |I| [load_self]: Loaded module segment 1 @ [0x00056000 - 0x000588A0 / 0x81052000] (size: 0x000028A0) of module ux0:app\PCSB01095\sce_module\libc.suprx
[18:17:19.209] |I| [load_self]: Loading symbols for SELF: ux0:app\PCSB01095\sce_module\libc.suprx
[18:17:19.209] |D| [load_var_exports]: 	NID 0x936C8A78 (SYSLYB) at 0x4B314
[18:17:19.210] |D| [load_var_exports]: 	NID 0x6C2224BA (NID_MODULE_INFO) at 0x404DC
[18:17:19.210] |W| [load_var_imports]: 	NID NOT FOUND 0x93B8AA67 (UNRECOGNISED) at 0x4463C, setting to stub value 0xDEADBEEF
[18:17:19.211] |W| [load_var_imports]: 	NID NOT FOUND 0xDF084DFA (UNRECOGNISED) at 0x461D0, setting to stub value 0xDEADBEEF
[18:17:19.211] |I| [pre_load_module]: Pre-load module SceLibc (at "app\PCSB01095\sce_module\libc.suprx") loaded
[18:17:19.228] |C| [load_self]: Unknown segment type 0x6FFFFF01
[18:17:19.228] |I| [load_self]: Loaded module segment 0 @ [0x0005B000 - 0x00074000 / 0x81000000] (size: 0x00019000) of module ux0:app\PCSB01095\sce_module\libface.suprx
[18:17:19.229] |I| [load_self]: Loaded module segment 1 @ [0x00074000 - 0x000740F8 / 0x81019000] (size: 0x000000F8) of module ux0:app\PCSB01095\sce_module\libface.suprx
[18:17:19.232] |I| [load_self]: Loading symbols for SELF: ux0:app\PCSB01095\sce_module\libface.suprx
[18:17:19.232] |D| [load_var_exports]: 	NID 0x6C2224BA (NID_MODULE_INFO) at 0x70DA4
[18:17:19.233] |D| [load_var_exports]: 	NID 0x936C8A78 (SYSLYB) at 0x73784
[18:17:19.233] |I| [pre_load_module]: Pre-load module SceFace (at "app\PCSB01095\sce_module\libface.suprx") loaded
[18:17:19.271] |C| [load_self]: Unknown segment type 0x6FFFFF01
[18:17:19.271] |I| [load_self]: Loaded module segment 0 @ [0x00075000 - 0x000A1CBF / 0x81000000] (size: 0x0002CCBF) of module ux0:app\PCSB01095\sce_module\libfios2.suprx
[18:17:19.272] |I| [load_self]: Loaded module segment 1 @ [0x000A2000 - 0x000A7255 / 0x8102D000] (size: 0x00005255) of module ux0:app\PCSB01095\sce_module\libfios2.suprx
[18:17:19.273] |I| [load_self]: Loading symbols for SELF: ux0:app\PCSB01095\sce_module\libfios2.suprx
[18:17:19.273] |D| [load_var_exports]: 	NID 0x936C8A78 (SYSLYB) at 0xA1BC8
[18:17:19.274] |D| [load_var_exports]: 	NID 0x6C2224BA (NID_MODULE_INFO) at 0x98F08
[18:17:19.274] |I| [pre_load_module]: Pre-load module SceLibFios2 (at "app\PCSB01095\sce_module\libfios2.suprx") loaded
[18:17:19.327] |C| [load_self]: Unknown segment type 0x6FFFFF01
[18:17:19.327] |I| [load_self]: Loaded module segment 0 @ [0x000A8000 - 0x002B5AF4 / 0x81000000] (size: 0x0020DAF4) of module ux0:app\PCSB01095\sce_module\libsmart.suprx
[18:17:19.328] |I| [load_self]: Loaded module segment 1 @ [0x002B6000 - 0x002B9444 / 0x8120E000] (size: 0x00003444) of module ux0:app\PCSB01095\sce_module\libsmart.suprx
[18:17:19.329] |I| [load_self]: Loading symbols for SELF: ux0:app\PCSB01095\sce_module\libsmart.suprx
[18:17:19.329] |D| [load_var_exports]: 	NID 0x6C2224BA (NID_MODULE_INFO) at 0x153528
[18:17:19.329] |D| [load_var_exports]: 	NID 0x936C8A78 (SYSLYB) at 0x15A90C
[18:17:19.330] |I| [pre_load_module]: Pre-load module SceSmart (at "app\PCSB01095\sce_module\libsmart.suprx") loaded
[18:17:19.342] |C| [load_self]: Unknown segment type 0x6FFFFF01
[18:17:19.342] |I| [load_self]: Loaded module segment 0 @ [0x002BA000 - 0x002CD9BC / 0x81000000] (size: 0x000139BC) of module ux0:app\PCSB01095\sce_module\libult.suprx
[18:17:19.343] |I| [load_self]: Loaded module segment 1 @ [0x002CE000 - 0x002CE814 / 0x81014000] (size: 0x00000814) of module ux0:app\PCSB01095\sce_module\libult.suprx
[18:17:19.343] |I| [load_self]: Loading symbols for SELF: ux0:app\PCSB01095\sce_module\libult.suprx
[18:17:19.344] |D| [load_var_exports]: 	NID 0x936C8A78 (SYSLYB) at 0x2CC2E8
[18:17:19.344] |D| [load_var_exports]: 	NID 0x6C2224BA (NID_MODULE_INFO) at 0x2C9870
[18:17:19.344] |I| [pre_load_module]: Pre-load module SceUlt (at "app\PCSB01095\sce_module\libult.suprx") loaded
[18:17:19.351] |I| [load_self]: Loaded module segment 0 @ [0x002CF000 - 0x0031FF04 / 0x81000000] (size: 0x00050F04) of module vs0:sys/external/libSceFt2.suprx
[18:17:19.351] |I| [load_self]: Loaded module segment 1 @ [0x00320000 - 0x003202F4 / 0x81051000] (size: 0x000002F4) of module vs0:sys/external/libSceFt2.suprx
[18:17:19.352] |I| [load_self]: Loading symbols for SELF: vs0:sys/external/libSceFt2.suprx
[18:17:19.352] |D| [load_var_exports]: 	NID 0x936C8A78 (SYSLYB) at 0x30B7DC
[18:17:19.353] |D| [load_var_exports]: 	NID 0x6C2224BA (NID_MODULE_INFO) at 0x30AF10
[18:17:19.353] |I| [pre_load_module]: Pre-load module SceLibft2 (at "sys/external/libSceFt2.suprx") loaded
[18:17:19.357] |I| [load_self]: Loaded module segment 0 @ [0x00321000 - 0x00330F14 / 0x81000000] (size: 0x0000FF14) of module vs0:sys/external/libpvf.suprx
[18:17:19.357] |I| [load_self]: Loaded module segment 1 @ [0x00331000 - 0x00331008 / 0x81010000] (size: 0x00000008) of module vs0:sys/external/libpvf.suprx
[18:17:19.358] |I| [load_self]: Loading symbols for SELF: vs0:sys/external/libpvf.suprx
[18:17:19.358] |D| [load_var_exports]: 	NID 0x936C8A78 (SYSLYB) at 0x32F710
[18:17:19.359] |D| [load_var_exports]: 	NID 0x6C2224BA (NID_MODULE_INFO) at 0x32F300
[18:17:19.359] |I| [pre_load_module]: Pre-load module SceLibPvf (at "sys/external/libpvf.suprx") loaded
[18:17:19.437] |C| [load_self]: Unknown segment type 0x6FFFFF01
[18:17:19.437] |I| [load_self]: Loaded module segment 0 @ [0x00332000 - 0x006692F4 / 0x81000000] (size: 0x003372F4) of module app0:eboot.bin
[18:17:19.438] |I| [load_self]: Loaded module segment 1 @ [0x0066A000 - 0x00769AF8 / 0x81338000] (size: 0x000FFAF8) of module app0:eboot.bin
[18:17:19.439] |I| [load_self]: Loading symbols for SELF: app0:eboot.bin
[18:17:19.439] |D| [load_var_exports]: 	NID 0x6C2224BA (NID_MODULE_INFO) at 0x596274
[18:17:19.440] |D| [load_var_exports]: 	NID 0x70FBA1E7 (SCE_PROC_PARAMS) at 0x66B0D0
[18:17:19.440] |D| [load_var_exports]: 	NID 0x936C8A78 (SYSLYB) at 0x641DC0
[18:17:19.441] |I| [load_app_impl]: Main executable Rose (eboot.bin) loaded
[18:17:19.443] |D| [run_app]: Running module_start of library: SceLibc at address 0x4871
[18:17:19.487] |I| [run_app]: Module SceLibc (at "ux0:app\PCSB01095\sce_module\libc.suprx") module_start returned 0x0
[18:17:19.488] |D| [run_app]: Running module_start of library: SceFace at address 0x70265
[18:17:19.490] |I| [run_app]: Module SceFace (at "ux0:app\PCSB01095\sce_module\libface.suprx") module_start returned 0x0
[18:17:19.491] |D| [run_app]: Running module_start of library: SceLibFios2 at address 0x75001
[18:17:19.493] |W| [stubbed_impl]: Stubbed sceKernelGetProcessId import called. (pid: 0)
[18:17:19.493] |D| [export_sceFiosOverlayGetList02]: maxIDs: 127
[18:17:19.493] |W| [unimplemented_impl]: Unimplemented sceFiosOverlayGetList02 import called.
[18:17:19.494] |I| [run_app]: Module SceLibFios2 (at "ux0:app\PCSB01095\sce_module\libfios2.suprx") module_start returned 0x0
[18:17:19.495] |D| [run_app]: Running module_start of library: SceSmart at address 0xA818D
[18:17:19.497] |I| [run_app]: Module SceSmart (at "ux0:app\PCSB01095\sce_module\libsmart.suprx") module_start returned 0x0
[18:17:19.498] |D| [run_app]: Running module_start of library: SceUlt at address 0x2BD771
[18:17:19.500] |W| [unimplemented_impl]: Unimplemented _sceUlobjMgrRegisterLibultProtocolRevision import called.
[18:17:19.500] |I| [run_app]: Module SceUlt (at "ux0:app\PCSB01095\sce_module\libult.suprx") module_start returned 0x0
[18:17:19.501] |W| [unimplemented_impl]: Unimplemented sceKernelRegisterThreadEventHandler import called.
[18:17:19.514] |W| [unimplemented_impl]: Unimplemented sceKernelCreateCallback import called.
[18:17:19.514] |W| [unimplemented_impl]: Unimplemented sceDisplayRegisterVblankStartCallback import called.
[18:17:19.518] |I| [load_module]: Loading module ID: 0x13
[18:17:19.519] |C| [load_self]: Unknown segment type 0x6FFFFF01
[18:17:19.519] |I| [load_self]: Loaded module segment 0 @ [0x0BAB3000 - 0x0BAB608C / 0x81000000] (size: 0x0000308C) of module sys/external/libsystemgesture.suprx
[18:17:19.519] |I| [load_self]: Loaded module segment 1 @ [0x0BAB7000 - 0x0BAB7BF0 / 0x81004000] (size: 0x00000BF0) of module sys/external/libsystemgesture.suprx
[18:17:19.520] |I| [load_self]: Loading symbols for SELF: sys/external/libsystemgesture.suprx
[18:17:19.521] |D| [load_var_exports]: 	NID 0x936C8A78 (SYSLYB) at 0xBAB6074
[18:17:19.521] |D| [load_var_exports]: 	NID 0x6C2224BA (NID_MODULE_INFO) at 0xBAB5BD4
[18:17:19.521] |D| [load_func_exports]: Use: sceSystemGestureResetTouchRecognizer
[18:17:19.522] |D| [load_func_exports]: Use: sceSystemGestureGetTouchEventsCount
[18:17:19.522] |D| [load_func_exports]: Use: sceSystemGestureGetPrimitiveTouchEventByPrimitiveID
[18:17:19.522] |D| [load_func_exports]: Use: sceSystemGestureGetTouchEventByEventID
[18:17:19.523] |D| [load_func_exports]: Use: sceSystemGestureInitializePrimitiveTouchRecognizer
[18:17:19.523] |D| [load_func_exports]: Use: sceSystemGestureGetTouchEventByIndex
[18:17:19.523] |D| [load_func_exports]: Use: sceSystemGestureGetTouchEvents
[18:17:19.524] |D| [load_func_exports]: Use: sceSystemGestureUpdateTouchRecognizer
[18:17:19.527] |D| [load_func_exports]: Use: sceSystemGestureUpdateTouchRecognizerRectangle
[18:17:19.527] |D| [load_func_exports]: Use: sceSystemGestureFinalizePrimitiveTouchRecognizer
[18:17:19.527] |D| [load_func_exports]: Use: sceSystemGestureGetPrimitiveTouchEventsCount
[18:17:19.528] |D| [load_func_exports]: Use: sceSystemGestureCreateTouchRecognizer
[18:17:19.528] |D| [load_func_exports]: Use: sceSystemGestureGetPrimitiveTouchEvents
[18:17:19.529] |D| [load_func_exports]: Use: sceSystemGestureUpdatePrimitiveTouchRecognizer
[18:17:19.529] |D| [load_func_exports]: Use: sceSystemGestureGetPrimitiveTouchEventByIndex
[18:17:19.529] |D| [load_func_exports]: Use: sceSystemGestureGetTouchRecognizerInformation
[18:17:19.530] |D| [load_func_exports]: Use: sceSystemGestureResetPrimitiveTouchRecognizer
[18:17:19.530] |I| [load_module]: Module SceSystemGesture (at "sys/external/libsystemgesture.suprx") loaded
[18:17:19.530] |D| [load_module]: Running module_start of module: SceSystemGesture
[18:17:19.532] |I| [load_module]: Module SceSystemGesture (at "sys/external/libsystemgesture.suprx") module_start returned 0x0
[18:17:19.533] |W| [unimplemented_impl]: Unimplemented sceTouchGetPixelDensity2 import called.
[18:17:19.570] |W| [stubbed_impl]: Stubbed sceGxmMapMemory import called. (always return success)
[18:17:19.587] |W| [stubbed_impl]: Stubbed sceGxmMapFragmentUsseMemory import called. (always return success)
[18:17:19.678] |I| [load_module]: Loading module ID: 0xD
[18:17:19.702] |I| [load_self]: Loaded module segment 0 @ [0x143CD000 - 0x143E4244 / 0x81000000] (size: 0x00017244) of module sys/external/libsas.suprx
[18:17:19.703] |I| [load_self]: Loaded module segment 1 @ [0x143E5000 - 0x143E5038 / 0x81018000] (size: 0x00000038) of module sys/external/libsas.suprx
[18:17:19.703] |I| [load_self]: Loading symbols for SELF: sys/external/libsas.suprx
[18:17:19.704] |D| [load_var_exports]: 	NID 0x936C8A78 (SYSLYB) at 0x143E1004
[18:17:19.704] |D| [load_var_exports]: 	NID 0x6C2224BA (NID_MODULE_INFO) at 0x143E0BF0
[18:17:19.704] |I| [load_module]: Module SceSasUser (at "sys/external/libsas.suprx") loaded
[18:17:19.705] |I| [load_module]: Loading module ID: 0x30
[18:17:19.708] |C| [load_self]: Unknown segment type 0x6FFFFF01
[18:17:19.708] |I| [load_self]: Loaded module segment 0 @ [0x143E6000 - 0x143E955C / 0x81000000] (size: 0x0000355C) of module sys/external/libatrac.suprx
[18:17:19.709] |I| [load_self]: Loaded module segment 1 @ [0x143EA000 - 0x143EB038 / 0x81004000] (size: 0x00001038) of module sys/external/libatrac.suprx
[18:17:19.709] |I| [load_self]: Loading symbols for SELF: sys/external/libatrac.suprx
[18:17:19.710] |D| [load_var_exports]: 	NID 0x936C8A78 (SYSLYB) at 0x143E9558
[18:17:19.710] |D| [load_var_exports]: 	NID 0x6C2224BA (NID_MODULE_INFO) at 0x143E8DB4
[18:17:19.713] |I| [load_module]: Module SceAtrac (at "sys/external/libatrac.suprx") loaded
[18:17:19.713] |D| [load_module]: Running module_start of module: SceAtrac
[18:17:19.715] |I| [load_module]: Module SceAtrac (at "sys/external/libatrac.suprx") module_start returned 0x0
[18:17:19.725] |W| [stubbed_impl]: Stubbed sceKernelDelayThreadCB import called. (no CB)
[18:17:19.726] |W| [stubbed_impl]: Stubbed sceAudiodecInitLibrary import called. (EMPTY)
[18:17:19.732] |W| [stubbed_impl]: Stubbed sceGxmProgramParameterIsRegFormat import called. (sceGxmProgramParameterIsRegFormat)
[18:17:19.732] |E| [call_import]: Import function for NID 0xE341C43D not found (thread name: Prisma snd_output, thread ID: 341)
[18:17:19.811] |W| [unimplemented_impl]: Unimplemented sceAppUtilInit import called.
[18:17:19.811] |E| [logging::ret_error_impl]: sceAppUtilSystemParamGetInt returned SCE_APPUTIL_ERROR_PARAMETER (0x80100600)
[18:17:20.272] |W| [stubbed_impl]: Stubbed sceNpTrophyCreateHandle import called. (Stubbed handle with 1)
[18:17:20.274] |W| [unimplemented_impl]: Unimplemented sceAppUtilSaveDataMount import called.
[18:17:20.276] |I| [float_to_half_init]: AVX+F16C instruction set supported. Use fast f32 to f16 conversion
[18:17:20.277] |W| [unimplemented_impl]: Unimplemented sceScreenShotSetOverlayImage import called.
[18:17:20.283] |W| [unimplemented_impl]: Unimplemented sceKernelChangeThreadVfpException import called.
[18:17:20.284] |W| [unimplemented_impl]: Unimplemented sceFiosOverlayThreadSetDisabled02 import called.
[18:17:20.297] |D| [export_sceNgsVoicePlay]: sceNgsVoicePlay: 1
[18:17:20.308] |W| [unimplemented_impl]: Unimplemented sceFiosOverlayGetRecommendedScheduler02 import called.
[18:17:20.309] |I| [export_sceIoOpen]: Opening file: app0:/sound/English(US)/Init.bnk
[18:17:20.320] |E| [open_file]: Missing file at D:/Emulateurs/Vita3K/mc/ux0/app/PCSB01095/sound/English(US)/Init.bnk (target path: app0:/sound/English(US)/Init.bnk)
[18:17:20.320] |W| [io_error_impl]: open_file (sceIoOpen) returned 0x80010002
[18:17:20.322] |I| [export_sceIoOpen]: Opening file: app0:/sound/Init.bnk
[18:17:20.324] |W| [unimplemented_impl]: Unimplemented sceKernelGetEventFlagInfo import called.
[18:17:20.337] |I| [export_sceIoOpen]: Opening file: app0:/sound/English(US)/Common.bnk
[18:17:20.337] |E| [open_file]: Missing file at D:/Emulateurs/Vita3K/mc/ux0/app/PCSB01095/sound/English(US)/Common.bnk (target path: app0:/sound/English(US)/Common.bnk)
[18:17:20.338] |W| [io_error_impl]: open_file (sceIoOpen) returned 0x80010002
[18:17:20.340] |I| [export_sceIoOpen]: Opening file: app0:/sound/Common.bnk
[18:17:20.479] |E| [logging::ret_error_impl]: sceNpTrophyGetGameInfo returned SCE_NP_TROPHY_ERROR_INVALID_ARGUMENT (0x80551604)
[18:17:20.611] |I| [export_sceIoOpen]: Opening file: app0:anime/200000.fad
[18:17:20.641] |W| [unimplemented_impl]: Unimplemented sceGxmColorSurfaceSetClip import called.
[18:17:20.643] |W| [unimplemented_impl]: Unimplemented sceCommonDialogUpdate import called.
[18:17:20.644] |E| [call_import]: Import function for NID 0xE340CBAB not found (thread name: PCSB01095, thread ID: 8)
[18:17:20.644] |I| [export_sceIoOpen]: Opening file: app0:anime/20000.fad
[18:17:20.673] |I| [renderer::gl::load_shader_generic]: Generating frag shader cf0e6b859e5812a1f3b74dc2ba38dab935c49185916f1d23450f217c83069085
[18:17:20.674] |I| [export_sceIoOpen]: Opening file: app0:database/map.dat
[18:17:20.676] |D| [shader::create_parameters]: [DEFAULT  + 0] sa0 = (half4) ClearColor
[18:17:20.687] |I| [export_sceIoOpen]: Opening file: app0:database/texture.dat
[18:17:20.692] |I| [renderer::gl::load_shader_generic]: Generating vert shader 46b02a090be8dc907027f94e29a9e3f3c90267cdfa50a255ae9d73bfe0be2356
[18:17:20.693] |D| [shader::create_parameters]: [BUFFER0  + 0] pa0 = (float4) position
[18:17:20.693] |D| [shader::create_parameters]: [DEFAULT  + 0] sa0 = (half4) WorldMtx[4]
[18:17:20.701] |I| [export_sceIoOpen]: Opening file: app0:database/stringlist.dat
[18:17:20.723] |E| [renderer::gl::compile_program]: Vertex info
-----------
0(21) : warning C7050: "internals[0].zw" might be used before being initialized

Fragment info
-------------
0(21) : warning C7050: "pa[0].zw" might be used before being initialized


[18:17:20.726] |W| [stubbed_impl]: Stubbed sceDisplayWaitVblankStartMulti import called. (wait for vblank)
[18:17:20.727] |I| [export_sceIoOpen]: Opening file: app0:database/chara.dat
[18:17:20.729] |I| [export_sceIoOpen]: Opening file: app0:database/demo.dat
[18:17:20.731] |I| [export_sceIoOpen]: Opening file: app0:database/maptable.dat
[18:17:20.740] |D| [renderer::gl::texture::upload_bound_texture]: Texture Cube used
[18:17:20.746] |I| [renderer::gl::load_shader_generic]: Generating frag shader 0e2186a1e186efaa4e26db72634f61411bc96af1d1a7ace558ed97db1fd41953
[18:17:20.748] |D| [shader::create_fragment_inputs]: Iterator: pa0 = (half4) v_Color0
[18:17:20.758] |I| [renderer::gl::load_shader_generic]: Generating vert shader 06bc4aaeeef89d502d4eacfd346c9e0241c7f6323e85eca80e7c6aace94e4f64
[18:17:20.759] |D| [shader::create_parameters]: [BUFFER0  + 0] pa0 = (float4) inData_position
[18:17:20.759] |D| [shader::create_parameters]: [BUFFER0  + 4] pa4 = (float4) inData_color
[18:17:20.760] |D| [shader::create_parameters]: [BUFFER0  + 8] pa8 = (float4) inData_texcoord
[18:17:20.761] |D| [shader::create_parameters]: [DEFAULT  + 0] sa0 = (half4) WorldMtx[4]
[18:17:20.761] |D| [shader::create_parameters]: [DEFAULT  + 8] sa8 = (half4) ViewMtx[4]
[18:17:20.762] |D| [shader::create_parameters]: [DEFAULT  + 16] sa16 = (half4) ProjectionMtx[4]
[18:17:20.825] |E| [renderer::gl::compile_program]: Vertex info
-----------
0(25) : warning C7050: "internals[0].w" might be used before being initialized

Fragment info
-------------
0(20) : warning C7050: "sa[0].w" might be used before being initialized
0(20) : warning C7050: "sa[1].xzw" might be used before being initialized
0(19) : warning C7050: "pa[0].zw" might be used before being initialized
0(22) : warning C7050: "r[0].yzw" might be used before being initialized


[18:17:20.831] |D| [renderer::gl::texture::upload_bound_texture]: Texture Cube used
[18:17:20.854] |D| [renderer::gl::texture::upload_bound_texture]: Texture Cube used
[18:17:20.856] |I| [export_sceIoOpen]: Opening file: app0:database/roomname.dat
[18:17:20.865] |I| [export_sceIoOpen]: Opening file: app0:database/maptexture.dat
[18:17:20.866] |I| [export_sceIoOpen]: Opening file: app0:database/collectiontable.dat
[18:17:20.867] |I| [export_sceIoOpen]: Opening file: app0:database/collection.dat
[18:17:20.892] |I| [export_sceIoOpen]: Opening file: app0:database/collectiontexture.dat
[18:17:20.893] |I| [export_sceIoOpen]: Opening file: app0:database/blanattackpattern.dat
[18:17:20.909] |I| [export_sceIoOpen]: Opening file: app0:database/blanattacklist.dat
[18:17:20.910] |I| [export_sceIoOpen]: Opening file: app0:database/blanattackthorn.dat
[18:17:20.926] |I| [export_sceIoOpen]: Opening file: app0:database/violaattackpattern.dat
[18:17:20.927] |I| [export_sceIoOpen]: Opening file: app0:database/violaattacklist.dat
[18:17:20.928] |I| [export_sceIoOpen]: Opening file: app0:database/violaattackthorn.dat
[18:17:20.929] |I| [export_sceIoOpen]: Opening file: app0:database/violaattackthornpattern.dat
[18:17:20.944] |I| [export_sceIoOpen]: Opening file: app0:database/violaattackbat.dat
[18:17:20.945] |I| [export_sceIoOpen]: Opening file: app0:database/violaattackknife.dat
[18:17:20.946] |I| [export_sceIoOpen]: Opening file: app0:database/violaattackknifepattern.dat
[18:17:20.976] |I| [export_sceIoOpen]: Opening file: app0:database/violachangebg.dat
[18:17:20.977] |I| [export_sceIoOpen]: Opening file: app0:database/stringlistmap.dat
[18:17:20.993] |I| [export_sceIoOpen]: Opening file: app0:database/stringlistcollection.dat
[18:17:21.001] |I| [export_sceIoOpen]: Opening file: app0:database/stringlistnote.dat
[18:17:21.006] |I| [export_sceIoOpen]: Opening file: app0:database/stringlistse.dat
[18:17:21.059] |I| [export_sceIoOpen]: Opening file: app0:database/font.dat
[18:17:21.075] |I| [export_sceIoOpen]: Opening file: app0:database/timeattack.dat
[18:17:21.077] |I| [export_sceIoOpen]: Opening file: app0:database/timeattacktrophy.dat
[18:17:21.078] |I| [export_sceIoOpen]: Opening file: app0:anime/100.fad
[18:17:21.267] |I| [export_sceIoOpen]: Opening file: app0:font/font0.bin
[18:17:21.277] |I| [export_sceIoOpen]: Opening file: app0:font/font1.bin
[18:17:21.291] |I| [export_sceIoOpen]: Opening file: app0:font/font2.bin
[18:17:21.303] |I| [export_sceIoOpen]: Opening file: app0:anime/10000.fad
[18:17:21.347] |I| [export_sceIoOpen]: Opening file: app0:texture/00000_resident.dat
[18:17:21.456] |I| [export_sceIoOpen]: Opening file: savedata0:savedata00.dat
[18:17:21.643] |I| [export_sceIoOpen]: Opening file: app0:stage/1-6.dat
[18:17:21.687] |I| [export_sceIoOpen]: Opening file: app0:anime/190106.fad
[18:17:21.958] |I| [export_sceIoOpen]: Opening file: app0:/sound/English(US)/Stage_1.bnk
[18:17:21.958] |E| [open_file]: Missing file at D:/Emulateurs/Vita3K/mc/ux0/app/PCSB01095/sound/English(US)/Stage_1.bnk (target path: app0:/sound/English(US)/Stage_1.bnk)
[18:17:21.959] |W| [io_error_impl]: open_file (sceIoOpen) returned 0x80010002
[18:17:21.960] |I| [export_sceIoOpen]: Opening file: app0:/sound/Stage_1.bnk
[18:17:22.057] |I| [renderer::gl::load_shader_generic]: Generating frag shader 17a2abd337dc8015fd2d53fd656569e0d97684cb2d9b5eb10d9e5ac5752c19e6
[18:17:22.059] |W| [ngs::create_voice_definition]: Missing voice definition for Buss Type 7, using passthrough.
[18:17:22.059] |D| [shader::create_fragment_inputs]: Iterator: pa0 = (half4) v_Color0
[18:17:22.059] |D| [export_sceNgsVoicePlay]: sceNgsVoicePlay: 1
[18:17:22.061] |D| [export_sceNgsVoicePlay]: sceNgsVoicePlay: 1
[18:17:22.063] |I| [renderer::gl::load_shader_generic]: Generating vert shader d3d9c2c834f6263f6eb705528a740b4ae4898ec254cd59b6fc75adf1e911c431
[18:17:22.064] |D| [shader::create_parameters]: [BUFFER0  + 0] pa0 = (float4) inData_position
[18:17:22.064] |D| [shader::create_parameters]: [BUFFER0  + 4] pa4 = (float4) inData_color
[18:17:22.064] |D| [shader::create_parameters]: [DEFAULT  + 0] sa0 = (half4) WorldMtx[4]
[18:17:22.065] |D| [shader::create_parameters]: [DEFAULT  + 8] sa8 = (half4) ViewMtx[4]
[18:17:22.065] |W| [unimplemented_impl]: Unimplemented sceNgsVoiceBypassModule import called.
[18:17:22.065] |D| [shader::create_parameters]: [DEFAULT  + 16] sa16 = (half4) ProjectionMtx[4]
[18:17:22.066] |D| [export_sceNgsVoicePlay]: sceNgsVoicePlay: 1
[18:17:22.105] |E| [renderer::gl::compile_program]: Vertex info
-----------
0(23) : warning C7050: "internals[0].w" might be used before being initialized

Fragment info
-------------
0(17) : warning C7050: "pa[0].zw" might be used before being initialized


[18:17:24.024] |D| [renderer::gl::texture::upload_bound_texture]: Texture Cube used
[18:17:24.026] |D| [renderer::gl::texture::upload_bound_texture]: Texture Cube used
[18:17:26.524] |D| [renderer::gl::texture::upload_bound_texture]: Texture Cube used
[18:17:26.525] |D| [renderer::gl::texture::upload_bound_texture]: Texture Cube used
[18:17:26.526] |D| [renderer::gl::texture::upload_bound_texture]: Texture Cube used
[18:17:26.528] |D| [renderer::gl::texture::upload_bound_texture]: Texture Cube used
[18:17:29.691] |D| [renderer::gl::texture::upload_bound_texture]: Texture Cube used
[18:17:29.704] |D| [renderer::gl::texture::upload_bound_texture]: Texture Cube used
[18:17:29.710] |I| [renderer::gl::load_shader_generic]: Generating frag shader 3c26d4768e2168f1b3ccabd0f632738788075882d494089cff021190f5d4f9d1
[18:17:29.711] |D| [shader::create_fragment_inputs]: Iterator: pa0 = (half4) v_Color0
[18:17:29.714] |I| [renderer::gl::load_shader_generic]: Generating vert shader adde6b7ee4db6d4d6938286ba7f99a1ee9addd72986ef97c896a423e75db1b17
[18:17:29.715] |D| [shader::create_parameters]: [BUFFER0  + 0] pa0 = (float4) inData_position
[18:17:29.715] |D| [shader::create_parameters]: [BUFFER0  + 4] pa4 = (float4) inData_color
[18:17:29.716] |D| [shader::create_parameters]: [BUFFER0  + 8] pa8 = (float4) inData_texcoord
[18:17:29.716] |D| [shader::create_parameters]: [DEFAULT  + 0] sa0 = (half4) WorldMtx[4]
[18:17:29.718] |D| [shader::create_parameters]: [DEFAULT  + 8] sa8 = (half4) ViewMtx[4]
[18:17:29.719] |D| [shader::create_parameters]: [DEFAULT  + 16] sa16 = (half4) ProjectionMtx[4]
[18:17:29.752] |E| [renderer::gl::compile_program]: Vertex info
-----------
0(25) : warning C7050: "internals[0].w" might be used before being initialized

Fragment info
-------------
0(19) : warning C7050: "pa[0].zw" might be used before being initialized


[18:17:29.755] |D| [renderer::gl::texture::upload_bound_texture]: Texture Cube used
[18:17:29.756] |D| [renderer::gl::texture::upload_bound_texture]: Texture Cube used
[18:17:29.763] |D| [renderer::gl::texture::upload_bound_texture]: Texture Cube used
[18:17:29.765] |D| [renderer::gl::texture::upload_bound_texture]: Texture Cube used
[18:17:29.768] |D| [renderer::gl::texture::upload_bound_texture]: Texture Cube used
[18:17:29.770] |D| [renderer::gl::texture::upload_bound_texture]: Texture Cube used
[18:17:29.770] |D| [renderer::gl::texture::upload_bound_texture]: Texture Cube used
[18:17:29.771] |D| [renderer::gl::texture::upload_bound_texture]: Texture Cube used
[18:17:29.771] |D| [renderer::gl::texture::upload_bound_texture]: Texture Cube used
[18:17:29.772] |D| [renderer::gl::texture::upload_bound_texture]: Texture Cube used
[18:17:29.775] |D| [renderer::gl::texture::upload_bound_texture]: Texture Cube used
[18:17:29.777] |D| [renderer::gl::texture::upload_bound_texture]: Texture Cube used
[18:17:29.779] |D| [renderer::gl::texture::upload_bound_texture]: Texture Cube used
[18:17:29.780] |D| [renderer::gl::texture::upload_bound_texture]: Texture Cube used
[18:17:29.780] |D| [renderer::gl::texture::upload_bound_texture]: Texture Cube used
[18:17:29.781] |D| [renderer::gl::texture::upload_bound_texture]: Texture Cube used
[18:17:29.781] |D| [renderer::gl::texture::upload_bound_texture]: Texture Cube used
[18:17:29.782] |D| [renderer::gl::texture::upload_bound_texture]: Texture Cube used
[18:17:29.782] |D| [renderer::gl::texture::upload_bound_texture]: Texture Cube used
[18:17:29.782] |D| [renderer::gl::texture::upload_bound_texture]: Texture Cube used
[18:17:29.783] |D| [renderer::gl::texture::upload_bound_texture]: Texture Cube used
[18:17:29.783] |D| [renderer::gl::texture::upload_bound_texture]: Texture Cube used
[18:17:29.784] |D| [renderer::gl::texture::upload_bound_texture]: Texture Cube used
[18:17:29.784] |D| [renderer::gl::texture::upload_bound_texture]: Texture Cube used
[18:17:29.785] |D| [renderer::gl::texture::upload_bound_texture]: Texture Cube used
[18:17:29.785] |D| [renderer::gl::texture::upload_bound_texture]: Texture Cube used
[18:17:29.785] |D| [renderer::gl::texture::upload_bound_texture]: Texture Cube used
[18:17:29.786] |D| [renderer::gl::texture::upload_bound_texture]: Texture Cube used
[18:17:29.786] |D| [renderer::gl::texture::upload_bound_texture]: Texture Cube used
[18:17:29.787] |D| [renderer::gl::texture::upload_bound_texture]: Texture Cube used
[18:17:29.787] |D| [renderer::gl::texture::upload_bound_texture]: Texture Cube used
[18:17:29.788] |D| [renderer::gl::texture::upload_bound_texture]: Texture Cube used
[18:17:29.788] |D| [renderer::gl::texture::upload_bound_texture]: Texture Cube used
[18:17:29.788] |D| [renderer::gl::texture::upload_bound_texture]: Texture Cube used
[18:17:29.789] |D| [renderer::gl::texture::upload_bound_texture]: Texture Cube used
[18:17:29.789] |D| [renderer::gl::texture::upload_bound_texture]: Texture Cube used
[18:17:29.789] |D| [renderer::gl::texture::upload_bound_text