[05:06:06.953] |I| [load_app_impl]: cpu-backend: Dynarmic
[05:06:06.953] |I| [load_app_impl]: CPU Optimisation state: true
[05:06:06.953] |I| [load_app_impl]: at9 audio decoder state: true
[05:06:06.953] |I| [load_app_impl]: ngs experimental state: true
[05:06:06.953] |I| [load_app_impl]: video player state: true
[05:06:06.953] |I| [load_app_impl]: lle-modules: libpgf,libSceXml,libsas,liblocation,libhandwriting,libSceJson,librudp
[05:06:06.954] |I| [load_app_impl]: Title: MIND≒0
[05:06:06.954] |I| [load_app_impl]: Serial: PCSB00541
[05:06:06.954] |I| [load_app_impl]: Version: 1.00
[05:06:06.954] |I| [load_app_impl]: Category: gd
[05:06:06.998] |C| [load_self]: Unknown segment type 0x6FFFFF01
[05:06:06.999] |I| [load_self]: Loaded module segment 0 @ [0x00007000 - 0x000543BC / 0x81000000] (size: 0x0004D3BC) of module ux0:app\PCSB00541\sce_module\libc.suprx
[05:06:06.999] |I| [load_self]: Loaded module segment 1 @ [0x00055000 - 0x000576F0 / 0x8104E000] (size: 0x000026F0) of module ux0:app\PCSB00541\sce_module\libc.suprx
[05:06:06.999] |I| [load_self]: Loading symbols for SELF: ux0:app\PCSB00541\sce_module\libc.suprx
[05:06:06.999] |D| [load_var_exports]: 	NID 0x936C8A78 (SYSLYB) at 0x4A164
[05:06:07.000] |D| [load_var_exports]: 	NID 0x6C2224BA (NID_MODULE_INFO) at 0x400FC
[05:06:07.000] |W| [load_var_imports]: 	NID NOT FOUND 0x93B8AA67 (UNRECOGNISED) at 0x440BC, setting to stub value 0xDEADBEEF
[05:06:07.000] |W| [load_var_imports]: 	NID NOT FOUND 0xDF084DFA (UNRECOGNISED) at 0x45B70, setting to stub value 0xDEADBEEF
[05:06:07.001] |I| [pre_load_module]: Pre-load module SceLibc (at "app\PCSB00541\sce_module\libc.suprx") loaded
[05:06:07.008] |C| [load_self]: Unknown segment type 0x6FFFFF01
[05:06:07.008] |I| [load_self]: Loaded module segment 0 @ [0x0005A000 - 0x0008512C / 0x81000000] (size: 0x0002B12C) of module ux0:app\PCSB00541\sce_module\libfios2.suprx
[05:06:07.008] |I| [load_self]: Loaded module segment 1 @ [0x00086000 - 0x0008B23D / 0x8102C000] (size: 0x0000523D) of module ux0:app\PCSB00541\sce_module\libfios2.suprx
[05:06:07.008] |I| [load_self]: Loading symbols for SELF: ux0:app\PCSB00541\sce_module\libfios2.suprx
[05:06:07.008] |D| [load_var_exports]: 	NID 0x936C8A78 (SYSLYB) at 0x85034
[05:06:07.008] |D| [load_var_exports]: 	NID 0x6C2224BA (NID_MODULE_INFO) at 0x7C548
[05:06:07.009] |I| [pre_load_module]: Pre-load module SceLibFios2 (at "app\PCSB00541\sce_module\libfios2.suprx") loaded
[05:06:07.016] |C| [load_self]: Unknown segment type 0x6FFFFF01
[05:06:07.018] |I| [load_self]: Loaded module segment 0 @ [0x0008C000 - 0x0009FA9C / 0x81000000] (size: 0x00013A9C) of module ux0:app\PCSB00541\sce_module\libult.suprx
[05:06:07.018] |I| [load_self]: Loaded module segment 1 @ [0x000A0000 - 0x000A0814 / 0x81014000] (size: 0x00000814) of module ux0:app\PCSB00541\sce_module\libult.suprx
[05:06:07.018] |I| [load_self]: Loading symbols for SELF: ux0:app\PCSB00541\sce_module\libult.suprx
[05:06:07.018] |D| [load_var_exports]: 	NID 0x936C8A78 (SYSLYB) at 0x9E3C8
[05:06:07.018] |D| [load_var_exports]: 	NID 0x6C2224BA (NID_MODULE_INFO) at 0x9B944
[05:06:07.018] |I| [pre_load_module]: Pre-load module SceUlt (at "app\PCSB00541\sce_module\libult.suprx") loaded
[05:06:07.026] |I| [load_self]: Loaded module segment 0 @ [0x000A1000 - 0x000F1F04 / 0x81000000] (size: 0x00050F04) of module vs0:sys/external/libSceFt2.suprx
[05:06:07.026] |I| [load_self]: Loaded module segment 1 @ [0x000F2000 - 0x000F22F4 / 0x81051000] (size: 0x000002F4) of module vs0:sys/external/libSceFt2.suprx
[05:06:07.027] |I| [load_self]: Loading symbols for SELF: vs0:sys/external/libSceFt2.suprx
[05:06:07.027] |D| [load_var_exports]: 	NID 0x936C8A78 (SYSLYB) at 0xDD7DC
[05:06:07.027] |D| [load_var_exports]: 	NID 0x6C2224BA (NID_MODULE_INFO) at 0xDCF10
[05:06:07.027] |I| [pre_load_module]: Pre-load module SceLibft2 (at "sys/external/libSceFt2.suprx") loaded
[05:06:07.029] |I| [load_self]: Loaded module segment 0 @ [0x000F3000 - 0x00102F14 / 0x81000000] (size: 0x0000FF14) of module vs0:sys/external/libpvf.suprx
[05:06:07.029] |I| [load_self]: Loaded module segment 1 @ [0x00103000 - 0x00103008 / 0x81010000] (size: 0x00000008) of module vs0:sys/external/libpvf.suprx
[05:06:07.030] |I| [load_self]: Loading symbols for SELF: vs0:sys/external/libpvf.suprx
[05:06:07.030] |D| [load_var_exports]: 	NID 0x936C8A78 (SYSLYB) at 0x101710
[05:06:07.030] |D| [load_var_exports]: 	NID 0x6C2224BA (NID_MODULE_INFO) at 0x101300
[05:06:07.030] |I| [pre_load_module]: Pre-load module SceLibPvf (at "sys/external/libpvf.suprx") loaded
[05:06:07.129] |C| [load_self]: Unknown segment type 0x6FFFFF01
[05:06:07.129] |I| [load_self]: Loaded module segment 0 @ [0x00104000 - 0x003D5C34 / 0x81000000] (size: 0x002D1C34) of module app0:eboot.bin
[05:06:07.129] |I| [load_self]: Loaded module segment 1 @ [0x003D6000 - 0x00ED3E98 / 0x812D2000] (size: 0x00AFDE98) of module app0:eboot.bin
[05:06:07.129] |I| [load_self]: Loading symbols for SELF: app0:eboot.bin
[05:06:07.129] |D| [load_var_exports]: 	NID 0x6C2224BA (NID_MODULE_INFO) at 0x37D6B4
[05:06:07.129] |D| [load_var_exports]: 	NID 0x70FBA1E7 (SCE_PROC_PARAMS) at 0x40D634
[05:06:07.130] |I| [load_app_impl]: Main executable MIND (eboot.bin) loaded
[05:06:07.138] |D| [run_app]: Running module_start of library: SceLibc at address 0x7809
[05:06:07.157] |I| [run_app]: Module SceLibc (at "ux0:app\PCSB00541\sce_module\libc.suprx") module_start returned 0x0
[05:06:07.162] |D| [run_app]: Running module_start of library: SceLibFios2 at address 0x5A001
[05:06:07.172] |W| [stubbed_impl]: Stubbed sceKernelGetProcessId import called. (pid: 0)
[05:06:07.172] |D| [export_sceFiosOverlayGetList02]: maxIDs: 255
[05:06:07.172] |W| [unimplemented_impl]: Unimplemented sceFiosOverlayGetList02 import called.
[05:06:07.172] |I| [run_app]: Module SceLibFios2 (at "ux0:app\PCSB00541\sce_module\libfios2.suprx") module_start returned 0x0
[05:06:07.176] |D| [run_app]: Running module_start of library: SceUlt at address 0x8F769
[05:06:07.185] |W| [unimplemented_impl]: Unimplemented _sceUlobjMgrRegisterLibultProtocolRevision import called.
[05:06:07.187] |I| [run_app]: Module SceUlt (at "ux0:app\PCSB00541\sce_module\libult.suprx") module_start returned 0x0
[05:06:07.245] |W| [stubbed_impl]: Stubbed sceKernelWaitSemaCB import called. (no CB)
[05:06:07.403] |W| [unimplemented_impl]: Unimplemented sceKernelChangeThreadVfpException import called.
[05:06:07.404] |W| [unimplemented_impl]: Unimplemented sceFiosOverlayThreadSetDisabled02 import called.
[05:06:11.689] |E| [logging::ret_error_impl]: sceKernelAllocMemBlock returned SCE_KERNEL_ERROR_NO_MEMORY (0x8002710B)
[05:06:11.926] |W| [stubbed_impl]: Stubbed sceGxmMapMemory import called. (always return success)
[05:06:11.929] |W| [stubbed_impl]: Stubbed sceGxmMapFragmentUsseMemory import called. (always return success)
[05:06:11.962] |W| [stubbed_impl]: Stubbed sceGxmGetRenderTargetMemSize import called. (2MB host mem)
[05:06:16.502] |W| [unimplemented_impl]: Unimplemented sceAppUtilInit import called.
[05:06:16.739] |W| [stubbed_impl]: Stubbed sceGxmMapVertexUsseMemory import called. (always return success)
[05:06:16.791] |W| [unimplemented_impl]: Unimplemented sceKernelGetThreadCurrentPriority import called.
[05:06:16.792] |W| [stubbed_impl]: Stubbed sceKernelGetThreadCpuAffinityMask2 import called. (STUB)
[05:06:16.804] |W| [unimplemented_impl]: Unimplemented sceAppMgrAcquireBgmPort import called.
[05:06:16.808] |W| [ngs::create_voice_definition]: Missing voice definition for Buss Type 10, using passthrough.
[05:06:16.809] |W| [ngs::create_voice_definition]: Missing voice definition for Buss Type 3, using passthrough.
[05:06:16.809] |W| [ngs::create_voice_definition]: Missing voice definition for Buss Type 4, using passthrough.
[05:06:16.809] |W| [unimplemented_impl]: Unimplemented sceNgsSystemRelease import called.
[05:06:16.830] |W| [stubbed_impl]: Stubbed sceKernelWaitEventFlagCB import called. (no CB)
[05:06:16.861] |W| [stubbed_impl]: Stubbed sceKernelLockLwMutexCB import called. (no CB)
[05:06:16.877] |W| [stubbed_impl]: Stubbed sceKernelDelayThreadCB import called. (no CB)
[05:06:16.882] |D| [export_sceNgsVoicePlay]: sceNgsVoicePlay: 1
[05:06:16.882] |D| [export_sceNgsVoicePlay]: sceNgsVoicePlay: 1
[05:06:16.883] |D| [export_sceNgsVoicePlay]: sceNgsVoicePlay: 1
[05:06:16.884] |D| [export_sceNgsVoicePlay]: sceNgsVoicePlay: 1
[05:06:16.889] |W| [unimplemented_impl]: Unimplemented sceNgsVoiceBypassModule import called.
[05:06:16.905] |W| [unimplemented_impl]: Unimplemented sceAudioOutGetAdopt import called.
[05:06:16.982] |I| [export_sceIoOpen]: Opening file: app0:/RomImage/CDImage/data/sound/sound.acf
[05:06:16.990] |I| [export_sceIoOpen]: Opening file: app0:/RomImage/CDImage/data/sound/sound.acf
[05:06:17.013] |I| [export_sceIoOpen]: Opening file: app0:/RomImage/CDImage/data/sound/BGM.acb
[05:06:17.023] |I| [export_sceIoOpen]: Opening file: app0:/RomImage/CDImage/data/sound/BGM.acb
[05:06:17.049] |I| [export_sceIoOpen]: Opening file: app0:/RomImage/CDImage/data/sound/BGM.awb
[05:06:17.077] |I| [export_sceIoOpen]: Opening file: app0:/RomImage/CDImage/data/sound/SE.acb
[05:06:17.082] |I| [export_sceIoOpen]: Opening file: app0:/RomImage/CDImage/data/sound/SE.acb
[05:06:17.115] |I| [export_sceIoOpen]: Opening file: app0:/RomImage/CDImage/data/sound/BTL_SE.acb
[05:06:17.117] |I| [export_sceIoOpen]: Opening file: app0:/RomImage/CDImage/data/sound/BTL_SE.acb
[05:06:17.139] |I| [export_sceIoOpen]: Opening file: app0:/RomImage/CDImage/data/sound/EVT_VOICE.acb
[05:06:17.141] |I| [export_sceIoOpen]: Opening file: app0:/RomImage/CDImage/data/sound/EVT_VOICE.acb
[05:06:17.152] |I| [export_sceIoOpen]: Opening file: app0:/RomImage/CDImage/data/sound/EVT_VOICE.awb
[05:06:17.154] |I| [export_sceIoOpen]: Opening file: app0:/RomImage/CDImage/data/sound/BTL_VOICE.acb
[05:06:17.160] |I| [export_sceIoOpen]: Opening file: app0:/RomImage/CDImage/data/sound/BTL_VOICE.acb
[05:06:17.302] |W| [unimplemented_impl]: Unimplemented sceFiosOverlayGetRecommendedScheduler02 import called.
[05:06:17.306] |I| [export_sceIoOpen]: Opening file: app0:/RomImage/common/shader/TEMeshShader.cgfx.GXM.phyre
[05:06:17.471] |W| [stubbed_impl]: Stubbed sceNpTrophyCreateHandle import called. (Stubbed handle with 1)
[05:06:17.550] |I| [export_sceIoOpen]: Opening file: app0:/RomImage/common/effect/effectdata.l
[05:06:17.580] |I| [export_sceIoOpen]: Opening file: app0:/RomImage/jp/font/FontData.l
[05:06:17.600] |I| [export_sceIoOpen]: Opening file: app0:/RomImage/common/character/chara_model_data.l
[05:06:17.629] |I| [export_sceIoOpen]: Opening file: app0:/RomImage/common/motion/motion_data.l
[05:06:17.678] |I| [export_sceIoOpen]: Opening file: app0:/RomImage/common/skill/skill_data.l
[05:06:17.698] |I| [export_sceIoOpen]: Opening file: app0:/RomImage/common/shader/FontShader.cgfx.GXM.phyre
[05:06:17.805] |I| [export_sceIoOpen]: Opening file: app0:/RomImage/common/shader/EffectShader.cgfx.GXM.phyre
[05:06:17.886] |I| [export_sceIoOpen]: Opening file: app0:/RomImage/common/shader/SpriteShader.cgfx.GXM.phyre
[05:06:17.958] |I| [export_sceIoOpen]: Opening file: app0:/RomImage/common/shader/PrimitiveTextureRender2D.cgfx.GXM.phyre
[05:06:18.030] |I| [export_sceIoOpen]: Opening file: app0:/RomImage/common/shader/EffectZDShader.cgfx.GXM.phyre
[05:06:18.102] |I| [export_sceIoOpen]: Opening file: app0:/RomImage/common/shader/DoF.cgfx.GXM.phyre
[05:06:18.177] |I| [export_sceIoOpen]: Opening file: app0:/RomImage/common/shader/HDR.cgfx.GXM.phyre
[05:06:18.250] |I| [export_sceIoOpen]: Opening file: app0:/RomImage/common/shader/SpriteShaderHSV.cgfx.GXM.phyre
[05:06:18.322] |I| [export_sceIoOpen]: Opening file: app0:/RomImage/common/shader/EffectShaderHSV.cgfx.GXM.phyre
[05:06:18.394] |I| [export_sceIoOpen]: Opening file: app0:/RomImage/common/shader/EffectZDShaderHSV.cgfx.GXM.phyre
[05:06:18.466] |I| [export_sceIoOpen]: Opening file: app0:/RomImage/common/shader/PassThru.cgfx.GXM.phyre
[05:06:18.538] |I| [export_sceIoOpen]: Opening file: app0:/RomImage/jp/font/FontTexture.l
[05:06:18.642] |I| [export_sceIoOpen]: Opening file: app0:/RomImage/common/Fonticon/imagefont.dds.GXM.phyre
[05:06:18.764] |I| [export_sceIoOpen]: Opening file: app0:/RomImage/jp/effect/texture/dummy.dds.GXM.phyre
[05:06:18.773] |I| [export_sceIoOpen]: Opening file: app0:/RomImage/CDImage/data/../text/TextData.bin
[05:06:18.789] |I| [export_sceIoOpen]: Opening file: app0:/RomImage/CDImage/data/../text/TextData.bin
[05:06:18.800] |I| [export_sceIoOpen]: Opening file: app0:/RomImage/CDImage/data/../text/TextDataEx.bin
[05:06:18.800] |E| [open_file]: Missing file at D:/Emulateurs/Vita3K/mc/ux0/app/PCSB00541/RomImage/CDImage/data/../text/TextDataEx.bin (target path: app0:/RomImage/CDImage/data/../text/TextDataEx.bin)
[05:06:18.800] |W| [io_error_impl]: open_file (sceIoOpen) returned 0x80010002
[05:06:18.800] |I| [export_sceIoOpen]: Opening file: app0:/RomImage/CDImage/data/../text/TextDataEx.bin
[05:06:18.800] |E| [open_file]: Missing file at D:/Emulateurs/Vita3K/mc/ux0/app/PCSB00541/RomImage/CDImage/data/../text/TextDataEx.bin (target path: app0:/RomImage/CDImage/data/../text/TextDataEx.bin)
[05:06:18.800] |W| [io_error_impl]: open_file (sceIoOpen) returned 0x80010002
[05:06:18.897] |I| [export_sceIoOpen]: Opening file: app0:/RomImage/jp/effect/uv/EffectChip.l
[05:06:18.916] |W| [stubbed_impl]: Stubbed sceKernelCheckCallback import called. (checkcallback)
[05:06:18.933] |I| [export_sceIoOpen]: Opening file: app0:/RomImage/common/effectzd/EffectZDList.ebl
[05:06:18.980] |W| [unimplemented_impl]: Unimplemented sceGxmDepthStencilSurfaceSetForceStoreMode import called.
[05:06:18.981] |W| [unimplemented_impl]: Unimplemented sceGxmDepthStencilSurfaceSetForceLoadMode import called.
[05:06:19.012] |I| [renderer::gl::load_shader_generic]: Generating frag shader a155997ca5a3044f3039ad2592e1119386672e5fb3ca915ba3067ed5a5838d7b
[05:06:19.014] |D| [shader::create_parameters]: [DEFAULT  + 0] sa0 = (uchar4) color
[05:06:19.029] |I| [renderer::gl::load_shader_generic]: Generating vert shader ef014f4452c9c3140af247784045f8c8acf2f76ecebc77b92056600c07728e1f
[05:06:19.030] |D| [shader::create_parameters]: [BUFFER0  + 0] pa0 = (float4) IN_position
[05:06:19.030] |D| [shader::create_parameters]: [DEFAULT  + 0] sa0 = (float1) depth
[05:06:19.162] |D| [renderer::gl::texture::translate_swizzle]: base format: 201326592, swizzle: 0
[05:06:19.163] |I| [renderer::gl::load_shader_generic]: Generating frag shader 67b422b929696364b4cdb283bab2d3c8b4c94ed9bc52f693fc818310e4fb4bb8
[05:06:19.164] |D| [shader::create_parameters]: [DEFAULT  + 0] sa0 = (half1) fHighPassThreshold
[05:06:19.168] |I| [renderer::gl::load_shader_generic]: Generating vert shader 5f0a3d8d38ad7f17fdbb7273544f9c0c262fb2aefd092332b05980b2271d03f9
[05:06:19.169] |D| [shader::create_parameters]: [BUFFER0  + 0] pa0 = (float4) input_screenVertex
[05:06:19.169] |D| [shader::create_parameters]: [BUFFER0  + 4] pa4 = (float4) input_uv
[05:06:19.189] |E| [renderer::gl::compile_program]: Fragment info
-------------
0(25) : warning C7050: "r[0].yzw" might be used before being initialized
0(24) : warning C7050: "internals[1].w" might be used before being initialized


[05:06:19.229] |D| [renderer::gl::texture::translate_swizzle]: base format: 201326592, swizzle: 0
[05:06:19.230] |I| [renderer::gl::load_shader_generic]: Generating frag shader c7db95a9c9bf677b0335c2bac04041b6307dd87c33cd9fa7c0f37f24894136e0
[05:06:19.234] |I| [renderer::gl::load_shader_generic]: Generating vert shader 0a4073b31549807c8be5a5035f09d470119e30b3da2b7400d1d4a2375f392489
[05:06:19.235] |D| [shader::create_parameters]: [BUFFER0  + 0] pa0 = (float4) input_screenVertex
[05:06:19.235] |D| [shader::create_parameters]: [BUFFER0  + 4] pa4 = (float4) input_uv
[05:06:19.235] |D| [shader::create_parameters]: [DEFAULT  + 0] sa0 = (half4) vDownScaleTexelKernel[16]
[05:06:19.257] |E| [renderer::gl::compile_program]: Fragment info
-------------
0(21) : warning C7050: "sa[0]" might be used before being initialized
0(20) : warning C7050: "pa[0].zw" might be used before being initialized
0(20) : warning C7050: "pa[1].zw" might be used before being initialized


[05:06:19.279] |D| [renderer::gl::texture::translate_swizzle]: base format: 201326592, swizzle: 0
[05:06:19.329] |D| [renderer::gl::texture::translate_swizzle]: base format: 201326592, swizzle: 0
[05:06:19.330] |I| [renderer::gl::load_shader_generic]: Generating frag shader b63425c56a73c5a7463c31815f2a22475e23e661b04da7cdcc2b643bafae6882
[05:06:19.330] |D| [shader::create_parameters]: [DEFAULT  + 0] sa0 = (half4) vBlurTexelKernel[8]
[05:06:19.336] |I| [renderer::gl::load_shader_generic]: Generating vert shader 546d32908f58e6fc9d46409ea67cf1907fa8b912a7d201716435c3ef2868a0f2
[05:06:19.337] |D| [shader::create_parameters]: [BUFFER0  + 0] pa0 = (float4) input_screenVertex
[05:06:19.337] |D| [shader::create_parameters]: [BUFFER0  + 4] pa4 = (float4) input_uv
[05:06:19.337] |D| [shader::create_parameters]: [DEFAULT  + 0] sa0 = (half4) vBlurTexelKernel[8]
[05:06:19.371] |E| [renderer::gl::compile_program]: Fragment info
-------------
0(27) : warning C7050: "pa[0].zw" might be used before being initialized
0(27) : warning C7050: "pa[1].zw" might be used before being initialized
0(27) : warning C7050: "pa[2].zw" might be used before being initialized
0(30) : warning C7050: "r[0].xy" might be used before being initialized


[05:06:19.396] |D| [renderer::gl::texture::translate_swizzle]: base format: 201326592, swizzle: 0
[05:06:19.396] |I| [renderer::gl::load_shader_generic]: Generating frag shader 8c60679e7139187f386428f61fe95508f912b051893574dadb1430c37dc16e18
[05:06:19.397] |D| [shader::create_parameters]: [DEFAULT  + 0] sa0 = (half1) fBloomScale
[05:06:19.397] |D| [shader::create_parameters]: [DEFAULT  + 1] sa1 = (half1) hdrNegaColor
[05:06:19.398] |D| [shader::usse::USSETranslatorVisitor::vtst]: load_data_type: 5, bits max: 8
[05:06:19.421] |E| [renderer::gl::compile_program]: Fragment info
-------------
0(23) : warning C7050: "pa[0].zw" might be used before being initialized
0(26) : warning C7050: "r[0].yzw" might be used before being initialized


[05:06:19.428] |I| [export_sceIoOpen]: Opening file: app0:/RomImage/common/mapeffect/mapeffectdata.l
[05:06:19.429] |D| [renderer::gl::texture::translate_swizzle]: base format: 201326592, swizzle: 0
[05:06:19.430] |I| [renderer::gl::load_shader_generic]: Generating frag shader 68b771280d4b9da12f184a558af705a199ef44a7efae1e9f8f6b69e6440ab902
[05:06:19.431] |W| [stubbed_impl]: Stubbed sceDisplayWaitVblankStartCB import called. (wait for vblank)
[05:06:19.433] |I| [renderer::gl::load_shader_generic]: Generating vert shader aef676e7e7a989268bf6a003e3086038c5314ee63a417cf9a723b5c67d8326c2
[05:06:19.434] |D| [shader::create_parameters]: [BUFFER0  + 0] pa0 = (float4) input_screenVertex
[05:06:19.434] |D| [shader::create_parameters]: [BUFFER0  + 4] pa4 = (float4) input_uv
[05:06:19.442] |E| [renderer::gl::compile_program]: Fragment info
-------------
0(17) : warning C7050: "pa[0].zw" might be used before being initialized


[05:06:19.443] |I| [renderer::gl::load_shader_generic]: Generating frag shader c46da5c1a34d5b56161d449ec7e8bbb88d0791f3a44837e261394d86dd3424bf
[05:06:19.444] |D| [shader::create_fragment_inputs]: Iterator: pa0 = (float4) v_Color0
[05:06:19.447] |I| [renderer::gl::load_shader_generic]: Generating vert shader 72c7de8258d0117747c9ecdc79b43d597924aedcd841e25cebe652e7f0c115c3
[05:06:19.448] |D| [shader::create_parameters]: [BUFFER0  + 0] pa0 = (float4) IN_ScreenVertex
[05:06:19.448] |D| [shader::create_parameters]: [BUFFER0  + 4] pa4 = (float4) IN_Color
[05:06:19.448] |D| [shader::create_parameters]: [BUFFER0  + 8] pa8 = (float4) IN_uv
[05:06:19.448] |D| [shader::create_parameters]: [DEFAULT  + 0] sa0 = (float4) vColorScaler
[05:06:19.462] |W| [stubbed_impl]: Stubbed sceDisplayWaitVblankStart import called. (wait for vblank)
[05:06:33.084] |E| [discordrpc::update_presence::<lambda_50ee3771c9ac2f7a4b17591668a7e6b3>::operator ()]: Error updating discord rich presence, err_code: 43
[05:06:33.085] |E| [discordrpc::update_presence::<lambda_50ee3771c9ac2f7a4b17591668a7e6b3>::operator ()]: Error updating discord rich presence, err_code: 43
