[07:52:55.743] |I| [load_app_impl]: cpu-backend: Dynarmic
[07:52:55.743] |I| [load_app_impl]: CPU Optimisation state: true
[07:52:55.743] |I| [load_app_impl]: at9 audio decoder state: true
[07:52:55.744] |I| [load_app_impl]: ngs experimental state: true
[07:52:55.744] |I| [load_app_impl]: video player state: true
[07:52:55.744] |I| [load_app_impl]: lle-modules: libSceJson,liblocation,libSceXml,libpgf,libvoice,librudp,libSceSqlite,libvoiceqos,libsas
[07:52:55.744] |I| [load_app_impl]: Title: Ms. Germinator
[07:52:55.744] |I| [load_app_impl]: Serial: PCSB00367
[07:52:55.744] |I| [load_app_impl]: Version: 1.00
[07:52:55.744] |I| [load_app_impl]: Category: gd
[07:52:55.818] |C| [load_self]: Unknown segment type 0x6FFFFF01
[07:54:48.013] |I| [load_self]: Loaded module segment 0 @ [0x00007000 - 0x00054A2C / 0x81000000] (size: 0x0004DA2C) of module ux0:app\PCSB00367\sce_module\libc.suprx
[07:54:48.013] |I| [load_self]: Loaded module segment 1 @ [0x00055000 - 0x000576F8 / 0x8104E000] (size: 0x000026F8) of module ux0:app\PCSB00367\sce_module\libc.suprx
[07:54:48.013] |I| [load_self]: Loading symbols for SELF: ux0:app\PCSB00367\sce_module\libc.suprx
[07:54:48.014] |D| [load_var_exports]: 	NID 0x6C2224BA (NID_MODULE_INFO) at 0x40798
[07:54:48.016] |D| [load_var_exports]: 	NID 0x936C8A78 (SYSLYB) at 0x4A7D4
[07:54:48.017] |W| [load_var_imports]: 	NID NOT FOUND 0x93B8AA67 (UNRECOGNISED) at 0x44758, setting to stub value 0xDEADBEEF
[07:54:48.017] |W| [load_var_imports]: 	NID NOT FOUND 0xDF084DFA (UNRECOGNISED) at 0x4621C, setting to stub value 0xDEADBEEF
[07:54:48.017] |I| [pre_load_module]: Pre-load module SceLibc (at "app\PCSB00367\sce_module\libc.suprx") loaded
[07:54:48.046] |C| [load_self]: Unknown segment type 0x6FFFFF01
[07:54:48.046] |I| [load_self]: Loaded module segment 0 @ [0x0005A000 - 0x00082928 / 0x81000000] (size: 0x00028928) of module ux0:app\PCSB00367\sce_module\libfios2.suprx
[07:54:48.046] |I| [load_self]: Loaded module segment 1 @ [0x00083000 - 0x000881FD / 0x81029000] (size: 0x000051FD) of module ux0:app\PCSB00367\sce_module\libfios2.suprx
[07:54:48.046] |I| [load_self]: Loading symbols for SELF: ux0:app\PCSB00367\sce_module\libfios2.suprx
[07:54:48.046] |D| [load_var_exports]: 	NID 0x6C2224BA (NID_MODULE_INFO) at 0x7A6A8
[07:54:48.046] |D| [load_var_exports]: 	NID 0x936C8A78 (SYSLYB) at 0x82810
[07:54:48.046] |I| [pre_load_module]: Pre-load module SceLibFios2 (at "app\PCSB00367\sce_module\libfios2.suprx") loaded
[07:54:48.070] |C| [load_self]: Unknown segment type 0x6FFFFF01
[07:54:48.070] |I| [load_self]: Loaded module segment 0 @ [0x00089000 - 0x0009D744 / 0x81000000] (size: 0x00014744) of module ux0:app\PCSB00367\sce_module\libult.suprx
[07:54:48.070] |I| [load_self]: Loaded module segment 1 @ [0x0009E000 - 0x0009E814 / 0x81015000] (size: 0x00000814) of module ux0:app\PCSB00367\sce_module\libult.suprx
[07:54:48.070] |I| [load_self]: Loading symbols for SELF: ux0:app\PCSB00367\sce_module\libult.suprx
[07:54:48.070] |D| [load_var_exports]: 	NID 0x6C2224BA (NID_MODULE_INFO) at 0x99658
[07:54:48.070] |D| [load_var_exports]: 	NID 0x936C8A78 (SYSLYB) at 0x9C0A0
[07:54:48.070] |I| [pre_load_module]: Pre-load module SceUlt (at "app\PCSB00367\sce_module\libult.suprx") loaded
[07:54:48.077] |I| [load_self]: Loaded module segment 0 @ [0x0009F000 - 0x000EFF04 / 0x81000000] (size: 0x00050F04) of module vs0:sys/external/libSceFt2.suprx
[07:54:48.077] |I| [load_self]: Loaded module segment 1 @ [0x000F0000 - 0x000F02F4 / 0x81051000] (size: 0x000002F4) of module vs0:sys/external/libSceFt2.suprx
[07:54:48.077] |I| [load_self]: Loading symbols for SELF: vs0:sys/external/libSceFt2.suprx
[07:54:48.077] |D| [load_var_exports]: 	NID 0x936C8A78 (SYSLYB) at 0xDB7DC
[07:54:48.077] |D| [load_var_exports]: 	NID 0x6C2224BA (NID_MODULE_INFO) at 0xDAF10
[07:54:48.078] |I| [pre_load_module]: Pre-load module SceLibft2 (at "sys/external/libSceFt2.suprx") loaded
[07:54:48.079] |I| [load_self]: Loaded module segment 0 @ [0x000F1000 - 0x00100F14 / 0x81000000] (size: 0x0000FF14) of module vs0:sys/external/libpvf.suprx
[07:54:48.079] |I| [load_self]: Loaded module segment 1 @ [0x00101000 - 0x00101008 / 0x81010000] (size: 0x00000008) of module vs0:sys/external/libpvf.suprx
[07:54:48.079] |I| [load_self]: Loading symbols for SELF: vs0:sys/external/libpvf.suprx
[07:54:48.079] |D| [load_var_exports]: 	NID 0x936C8A78 (SYSLYB) at 0xFF710
[07:54:48.080] |D| [load_var_exports]: 	NID 0x6C2224BA (NID_MODULE_INFO) at 0xFF300
[07:54:48.080] |I| [pre_load_module]: Pre-load module SceLibPvf (at "sys/external/libpvf.suprx") loaded
[07:54:48.173] |C| [load_self]: Unknown segment type 0x6FFFFF01
[07:54:48.173] |I| [load_self]: Loaded module segment 0 @ [0x81000000 - 0x81432968 / 0x81000000] (size: 0x00432968) of module app0:eboot.bin
[07:54:48.173] |I| [load_self]: Loaded module segment 1 @ [0x81433000 - 0x816861BC / 0x81433000] (size: 0x002531BC) of module app0:eboot.bin
[07:54:48.174] |I| [load_self]: Loading symbols for SELF: app0:eboot.bin
[07:54:48.174] |D| [load_var_exports]: 	NID 0x6C2224BA (NID_MODULE_INFO) at 0x813681B4
[07:54:48.175] |D| [load_var_exports]: 	NID 0x70FBA1E7 (SCE_PROC_PARAMS) at 0x8143D6D4
[07:54:48.176] |I| [load_app_impl]: Main executable MsGerminatorPSP2PackageSCE (eboot.bin) loaded
[07:54:48.188] |D| [run_app]: Running module_start of library: SceLibc at address 0x7809
[07:54:48.205] |I| [run_app]: Module SceLibc (at "ux0:app\PCSB00367\sce_module\libc.suprx") module_start returned 0x0
[07:54:48.209] |D| [run_app]: Running module_start of library: SceLibFios2 at address 0x5A001
[07:54:48.218] |W| [stubbed_impl]: Stubbed sceKernelGetProcessId import called. (pid: 0)
[07:54:48.219] |D| [export_sceFiosOverlayGetList02]: maxIDs: 255
[07:54:48.219] |W| [unimplemented_impl]: Unimplemented sceFiosOverlayGetList02 import called.
[07:54:48.220] |I| [run_app]: Module SceLibFios2 (at "ux0:app\PCSB00367\sce_module\libfios2.suprx") module_start returned 0x0
[07:54:48.224] |D| [run_app]: Running module_start of library: SceUlt at address 0x8C5ED
[07:54:48.234] |W| [unimplemented_impl]: Unimplemented _sceUlobjMgrRegisterLibultProtocolRevision import called.
[07:54:48.234] |I| [run_app]: Module SceUlt (at "ux0:app\PCSB00367\sce_module\libult.suprx") module_start returned 0x0
[07:54:48.459] |W| [stubbed_impl]: Stubbed sceGxmMapMemory import called. (always return success)
[07:54:48.460] |W| [stubbed_impl]: Stubbed sceGxmMapFragmentUsseMemory import called. (always return success)
[07:54:48.484] |W| [stubbed_impl]: Stubbed sceGxmGetRenderTargetMemSize import called. (2MB host mem)
[07:54:48.551] |W| [unimplemented_impl]: Unimplemented sceAppUtilInit import called.
[07:54:48.833] |W| [stubbed_impl]: Stubbed sceGxmMapVertexUsseMemory import called. (always return success)
[07:54:48.860] |W| [unimplemented_impl]: Unimplemented sceKernelGetThreadCurrentPriority import called.
[07:54:48.861] |W| [stubbed_impl]: Stubbed sceKernelGetThreadCpuAffinityMask2 import called. (STUB)
[07:54:48.871] |W| [unimplemented_impl]: Unimplemented sceTouchEnableTouchForce import called.
[07:54:48.871] |W| [unimplemented_impl]: Unimplemented sceSystemGestureInitializePrimitiveTouchRecognizer import called.
[07:54:48.873] |W| [unimplemented_impl]: Unimplemented sceSystemGestureCreateTouchRecognizer import called.
[07:54:48.873] |W| [unimplemented_impl]: Unimplemented sceMotionSetDeadband import called.
[07:54:48.873] |W| [unimplemented_impl]: Unimplemented sceMotionSetTiltCorrection import called.
[07:54:48.874] |W| [unimplemented_impl]: Unimplemented sceMotionReset import called.
[07:54:48.874] |W| [unimplemented_impl]: Unimplemented sceMotionStartSampling import called.
[07:54:48.894] |W| [unimplemented_impl]: Unimplemented sceNetCtlInit import called.
[07:54:48.895] |W| [stubbed_impl]: Stubbed sceNetCtlInetGetState import called. (state = SCE_NETCTL_STATE_DISCONNECTED)
[07:54:48.895] |W| [unimplemented_impl]: Unimplemented sceHttpInit import called.
[07:54:48.896] |W| [unimplemented_impl]: Unimplemented sceSslInit import called.
[07:54:48.898] |W| [unimplemented_impl]: Unimplemented sceNpBasicInit import called.
[07:54:48.902] |W| [unimplemented_impl]: Unimplemented sceNpBasicRegisterHandler import called.
[07:54:48.937] |E| [logging::ret_error_impl]: sceKernelWaitLwCond returned SCE_KERNEL_ERROR_WAIT_TIMEOUT (0x80028005)
[07:54:48.964] |W| [unimplemented_impl]: Unimplemented sceKernelChangeThreadVfpException import called.
[07:54:48.964] |W| [stubbed_impl]: Stubbed sceNetCtlCheckCallback import called. (Stub)
[07:54:48.964] |W| [unimplemented_impl]: Unimplemented sceFiosOverlayThreadSetDisabled02 import called.
[07:54:48.966] |W| [stubbed_impl]: Stubbed sceNpCheckCallback import called. (Stub)
[07:54:49.016] |W| [unimplemented_impl]: Unimplemented sceFiosOverlayGetRecommendedScheduler02 import called.
[07:54:49.021] |I| [export_sceIoOpen]: Opening file: app0:/MediaGXM.psarc
[07:54:49.079] |I| [export_sceIoOpen]: Opening file: app0:/MediaGXM.psarc
[07:54:49.177] |W| [unimplemented_impl]: Unimplemented sceNpScoreInit import called.
[07:54:49.179] |W| [unimplemented_impl]: Unimplemented sceNpScoreCreateTitleCtx import called.
[07:54:49.420] |W| [stubbed_impl]: Stubbed sceNpTrophyCreateHandle import called. (Stubbed handle with 1)
[07:54:49.427] |I| [export_sceIoOpen]: Opening file: app0:/Audio/GermNation.fdp.phyre
[07:54:49.427] |E| [open_file]: Missing file at D:/Emulateurs/Vita3K/mc/ux0/app/PCSB00367/Audio/GermNation.fdp.phyre (target path: app0:/Audio/GermNation.fdp.phyre)
[07:54:49.427] |W| [io_error_impl]: open_file (sceIoOpen) returned 0x80010002
[07:54:49.551] |W| [unimplemented_impl]: Unimplemented sceSysmoduleUnloadModule import called.
[07:54:49.554] |W| [unimplemented_impl]: Unimplemented sceNgsSystemSetFlags import called.
[07:54:49.555] |D| [export_sceNgsVoicePlay]: sceNgsVoicePlay: 1
[07:54:49.556] |W| [unimplemented_impl]: Unimplemented sceNgsVoiceSetParamsBlock import called.
[07:54:49.587] |D| [export_sceNgsVoicePlay]: sceNgsVoicePlay: 1
[07:54:49.710] |I| [export_sceIoOpen]: Opening file: app0://Media/GXM/Audio/GermNation_music.fsb.phyre
[07:54:49.791] |I| [export_sceIoOpen]: Opening file: app0:/Animations/assets.txt
[07:54:49.792] |E| [open_file]: Missing file at D:/Emulateurs/Vita3K/mc/ux0/app/PCSB00367/Animations/assets.txt (target path: app0:/Animations/assets.txt)
[07:54:49.792] |W| [io_error_impl]: open_file (sceIoOpen) returned 0x80010002
[07:54:49.886] |I| [export_sceIoOpen]: Opening file: app0:/Shaders/HUDShader.cgfx.phyre
[07:54:49.887] |E| [open_file]: Missing file at D:/Emulateurs/Vita3K/mc/ux0/app/PCSB00367/Shaders/HUDShader.cgfx.phyre (target path: app0:/Shaders/HUDShader.cgfx.phyre)
[07:54:49.887] |W| [io_error_impl]: open_file (sceIoOpen) returned 0x80010002
[07:54:49.911] |I| [export_sceIoOpen]: Opening file: app0:/Fonts/monospace.fgen.phyre
[07:54:49.911] |E| [open_file]: Missing file at D:/Emulateurs/Vita3K/mc/ux0/app/PCSB00367/Fonts/monospace.fgen.phyre (target path: app0:/Fonts/monospace.fgen.phyre)
[07:54:49.911] |W| [io_error_impl]: open_file (sceIoOpen) returned 0x80010002
[07:54:49.926] |I| [export_sceIoOpen]: Opening file: app0:/Fonts/menufont.fgen.phyre
[07:54:49.927] |E| [open_file]: Missing file at D:/Emulateurs/Vita3K/mc/ux0/app/PCSB00367/Fonts/menufont.fgen.phyre (target path: app0:/Fonts/menufont.fgen.phyre)
[07:54:49.927] |W| [io_error_impl]: open_file (sceIoOpen) returned 0x80010002
[07:54:49.945] |I| [export_sceIoOpen]: Opening file: app0:/Shaders/PhyreText.cgfx.phyre
[07:54:49.945] |E| [open_file]: Missing file at D:/Emulateurs/Vita3K/mc/ux0/app/PCSB00367/Shaders/PhyreText.cgfx.phyre (target path: app0:/Shaders/PhyreText.cgfx.phyre)
[07:54:49.945] |W| [io_error_impl]: open_file (sceIoOpen) returned 0x80010002
[07:54:49.948] |I| [export_sceIoOpen]: Opening file: app0:/HUD/BlackSquare.png.phyre
[07:54:49.948] |E| [open_file]: Missing file at D:/Emulateurs/Vita3K/mc/ux0/app/PCSB00367/HUD/BlackSquare.png.phyre (target path: app0:/HUD/BlackSquare.png.phyre)
[07:54:49.948] |W| [io_error_impl]: open_file (sceIoOpen) returned 0x80010002
[07:54:49.965] |I| [export_sceIoOpen]: Opening file: app0:/HUD/loading_circle.png.phyre
[07:54:49.965] |E| [open_file]: Missing file at D:/Emulateurs/Vita3K/mc/ux0/app/PCSB00367/HUD/loading_circle.png.phyre (target path: app0:/HUD/loading_circle.png.phyre)
[07:54:49.965] |W| [io_error_impl]: open_file (sceIoOpen) returned 0x80010002
[07:54:49.972] |I| [export_sceIoOpen]: Opening file: app0:/Menus/germ_1.png.phyre
[07:54:49.972] |E| [open_file]: Missing file at D:/Emulateurs/Vita3K/mc/ux0/app/PCSB00367/Menus/germ_1.png.phyre (target path: app0:/Menus/germ_1.png.phyre)
[07:54:49.972] |W| [io_error_impl]: open_file (sceIoOpen) returned 0x80010002
[07:54:49.977] |I| [export_sceIoOpen]: Opening file: app0:/Menus/germ_3.png.phyre
[07:54:49.977] |E| [open_file]: Missing file at D:/Emulateurs/Vita3K/mc/ux0/app/PCSB00367/Menus/germ_3.png.phyre (target path: app0:/Menus/germ_3.png.phyre)
[07:54:49.977] |W| [io_error_impl]: open_file (sceIoOpen) returned 0x80010002
[07:54:49.999] |I| [export_sceIoOpen]: Opening file: app0:/Animations/red_face/anim.txt
[07:54:49.999] |E| [open_file]: Missing file at D:/Emulateurs/Vita3K/mc/ux0/app/PCSB00367/Animations/red_face/anim.txt (target path: app0:/Animations/red_face/anim.txt)
[07:54:49.999] |W| [io_error_impl]: open_file (sceIoOpen) returned 0x80010002
[07:54:50.064] |I| [export_sceIoOpen]: Opening file: app0:/Animations/blue_face/anim.txt
[07:54:50.064] |E| [open_file]: Missing file at D:/Emulateurs/Vita3K/mc/ux0/app/PCSB00367/Animations/blue_face/anim.txt (target path: app0:/Animations/blue_face/anim.txt)
[07:54:50.064] |W| [io_error_impl]: open_file (sceIoOpen) returned 0x80010002
[07:54:50.097] |I| [export_sceIoOpen]: Opening file: app0:/Animations/green_face/anim.txt
[07:54:50.097] |E| [open_file]: Missing file at D:/Emulateurs/Vita3K/mc/ux0/app/PCSB00367/Animations/green_face/anim.txt (target path: app0:/Animations/green_face/anim.txt)
[07:54:50.097] |W| [io_error_impl]: open_file (sceIoOpen) returned 0x80010002
[07:54:50.127] |I| [export_sceIoOpen]: Opening file: app0:/Animations/yellow_face/anim.txt
[07:54:50.127] |E| [open_file]: Missing file at D:/Emulateurs/Vita3K/mc/ux0/app/PCSB00367/Animations/yellow_face/anim.txt (target path: app0:/Animations/yellow_face/anim.txt)
[07:54:50.127] |W| [io_error_impl]: open_file (sceIoOpen) returned 0x80010002
[07:54:50.157] |I| [export_sceIoOpen]: Opening file: app0:/Animations/purple_face/anim.txt
[07:54:50.157] |E| [open_file]: Missing file at D:/Emulateurs/Vita3K/mc/ux0/app/PCSB00367/Animations/purple_face/anim.txt (target path: app0:/Animations/purple_face/anim.txt)
[07:54:50.157] |W| [io_error_impl]: open_file (sceIoOpen) returned 0x80010002
[07:54:50.186] |I| [export_sceIoOpen]: Opening file: app0:/Animations/black_face/anim.txt
[07:54:50.187] |E| [open_file]: Missing file at D:/Emulateurs/Vita3K/mc/ux0/app/PCSB00367/Animations/black_face/anim.txt (target path: app0:/Animations/black_face/anim.txt)
[07:54:50.187] |W| [io_error_impl]: open_file (sceIoOpen) returned 0x80010002
[07:54:50.216] |I| [export_sceIoOpen]: Opening file: app0:/Animations/pink_face/anim.txt
[07:54:50.217] |E| [open_file]: Missing file at D:/Emulateurs/Vita3K/mc/ux0/app/PCSB00367/Animations/pink_face/anim.txt (target path: app0:/Animations/pink_face/anim.txt)
[07:54:50.217] |W| [io_error_impl]: open_file (sceIoOpen) returned 0x80010002
[07:54:50.246] |I| [export_sceIoOpen]: Opening file: app0:/Animations/orange_face/anim.txt
[07:54:50.246] |E| [open_file]: Missing file at D:/Emulateurs/Vita3K/mc/ux0/app/PCSB00367/Animations/orange_face/anim.txt (target path: app0:/Animations/orange_face/anim.txt)
[07:54:50.246] |W| [io_error_impl]: open_file (sceIoOpen) returned 0x80010002
[07:54:50.275] |I| [export_sceIoOpen]: Opening file: app0:/Animations/darkblue_face/anim.txt
[07:54:50.276] |E| [open_file]: Missing file at D:/Emulateurs/Vita3K/mc/ux0/app/PCSB00367/Animations/darkblue_face/anim.txt (target path: app0:/Animations/darkblue_face/anim.txt)
[07:54:50.276] |W| [io_error_impl]: open_file (sceIoOpen) returned 0x80010002
[07:54:50.305] |I| [export_sceIoOpen]: Opening file: app0:/Animations/red_body/anim.txt
[07:54:50.305] |E| [open_file]: Missing file at D:/Emulateurs/Vita3K/mc/ux0/app/PCSB00367/Animations/red_body/anim.txt (target path: app0:/Animations/red_body/anim.txt)
[07:54:50.305] |W| [io_error_impl]: open_file (sceIoOpen) returned 0x80010002
[07:54:50.308] |I| [export_sceIoOpen]: Opening file: app0:/Animations/blue_body/anim.txt
[07:54:50.308] |E| [open_file]: Missing file at D:/Emulateurs/Vita3K/mc/ux0/app/PCSB00367/Animations/blue_body/anim.txt (target path: app0:/Animations/blue_body/anim.txt)
[07:54:50.308] |W| [io_error_impl]: open_file (sceIoOpen) returned 0x80010002
[07:54:50.310] |I| [export_sceIoOpen]: Opening file: app0:/Animations/green_body/anim.txt
[07:54:50.310] |E| [open_file]: Missing file at D:/Emulateurs/Vita3K/mc/ux0/app/PCSB00367/Animations/green_body/anim.txt (target path: app0:/Animations/green_body/anim.txt)
[07:54:50.310] |W| [io_error_impl]: open_file (sceIoOpen) returned 0x80010002
[07:54:50.312] |I| [export_sceIoOpen]: Opening file: app0:/Animations/yellow_body/anim.txt
[07:54:50.312] |E| [open_file]: Missing file at D:/Emulateurs/Vita3K/mc/ux0/app/PCSB00367/Animations/yellow_body/anim.txt (target path: app0:/Animations/yellow_body/anim.txt)
[07:54:50.312] |W| [io_error_impl]: open_file (sceIoOpen) returned 0x80010002
[07:54:50.314] |I| [export_sceIoOpen]: Opening file: app0:/Animations/purple_body/anim.txt
[07:54:50.314] |E| [open_file]: Missing file at D:/Emulateurs/Vita3K/mc/ux0/app/PCSB00367/Animations/purple_body/anim.txt (target path: app0:/Animations/purple_body/anim.txt)
[07:54:50.314] |W| [io_error_impl]: open_file (sceIoOpen) returned 0x80010002
[07:54:50.316] |I| [export_sceIoOpen]: Opening file: app0:/Animations/black_body/anim.txt
[07:54:50.316] |E| [open_file]: Missing file at D:/Emulateurs/Vita3K/mc/ux0/app/PCSB00367/Animations/black_body/anim.txt (target path: app0:/Animations/black_body/anim.txt)
[07:54:50.316] |W| [io_error_impl]: open_file (sceIoOpen) returned 0x80010002
[07:54:50.318] |I| [export_sceIoOpen]: Opening file: app0:/Animations/pink_body/anim.txt
[07:54:50.318] |E| [open_file]: Missing file at D:/Emulateurs/Vita3K/mc/ux0/app/PCSB00367/Animations/pink_body/anim.txt (target path: app0:/Animations/pink_body/anim.txt)
[07:54:50.318] |W| [io_error_impl]: open_file (sceIoOpen) returned 0x80010002
[07:54:50.320] |I| [export_sceIoOpen]: Opening file: app0:/Animations/orange_body/anim.txt
[07:54:50.320] |E| [open_file]: Missing file at D:/Emulateurs/Vita3K/mc/ux0/app/PCSB00367/Animations/orange_body/anim.txt (target path: app0:/Animations/orange_body/anim.txt)
[07:54:50.320] |W| [io_error_impl]: open_file (sceIoOpen) returned 0x80010002
[07:54:50.322] |I| [export_sceIoOpen]: Opening file: app0:/Animations/darkblue_body/anim.txt
[07:54:50.322] |E| [open_file]: Missing file at D:/Emulateurs/Vita3K/mc/ux0/app/PCSB00367/Animations/darkblue_body/anim.txt (target path: app0:/Animations/darkblue_body/anim.txt)
[07:54:50.322] |W| [io_error_impl]: open_file (sceIoOpen) returned 0x80010002
[07:54:50.324] |I| [export_sceIoOpen]: Opening file: app0:/Animations/GermSplat/anim.txt
[07:54:50.328] |E| [open_file]: Missing file at D:/Emulateurs/Vita3K/mc/ux0/app/PCSB00367/Animations/GermSplat/anim.txt (target path: app0:/Animations/GermSplat/anim.txt)
[07:54:50.328] |W| [io_error_impl]: open_file (sceIoOpen) returned 0x80010002
[07:54:50.330] |I| [export_sceIoOpen]: Opening file: app0:/Animations/Widgets/GrimeBubblePop/anim.txt
[07:54:50.330] |E| [open_file]: Missing file at D:/Emulateurs/Vita3K/mc/ux0/app/PCSB00367/Animations/Widgets/GrimeBubblePop/anim.txt (target path: app0:/Animations/Widgets/GrimeBubblePop/anim.txt)
[07:54:50.330] |W| [io_error_impl]: open_file (sceIoOpen) returned 0x80010002
[07:54:50.332] |I| [export_sceIoOpen]: Opening file: app0:/Animations/Widgets/Ice/anim.txt
[07:54:50.332] |E| [open_file]: Missing file at D:/Emulateurs/Vita3K/mc/ux0/app/PCSB00367/Animations/Widgets/Ice/anim.txt (target path: app0:/Animations/Widgets/Ice/anim.txt)
[07:54:50.332] |W| [io_error_impl]: open_file (sceIoOpen) returned 0x80010002
[07:54:50.336] |I| [export_sceIoOpen]: Opening file: app0:/Animations/stars/anim.txt
[07:54:50.336] |E| [open_file]: Missing file at D:/Emulateurs/Vita3K/mc/ux0/app/PCSB00367/Animations/stars/anim.txt (target path: app0:/Animations/stars/anim.txt)
[07:54:50.336] |W| [io_error_impl]: open_file (sceIoOpen) returned 0x80010002
[07:54:50.342] |I| [export_sceIoOpen]: Opening file: app0:/Animations/Particles/particle/anim.txt
[07:54:50.342] |E| [open_file]: Missing file at D:/Emulateurs/Vita3K/mc/ux0/app/PCSB00367/Animations/Particles/particle/anim.txt (target path: app0:/Animations/Particles/particle/anim.txt)
[07:54:50.342] |W| [io_error_impl]: open_file (sceIoOpen) returned 0x80010002
[07:54:50.343] |I| [export_sceIoOpen]: Opening file: app0:/Animations/Particles/smoke/anim.txt
[07:54:50.343] |E| [open_file]: Missing file at D:/Emulateurs/Vita3K/mc/ux0/app/PCSB00367/Animations/Particles/smoke/anim.txt (target path: app0:/Animations/Particles/smoke/anim.txt)
[07:54:50.343] |W| [io_error_impl]: open_file (sceIoOpen) returned 0x80010002
[07:54:50.344] |I| [export_sceIoOpen]: Opening file: app0:/Animations/Particles/spark/anim.txt
[07:54:50.344] |E| [open_file]: Missing file at D:/Emulateurs/Vita3K/mc/ux0/app/PCSB00367/Animations/Particles/spark/anim.txt (target path: app0:/Animations/Particles/spark/anim.txt)
[07:54:50.344] |W| [io_error_impl]: open_file (sceIoOpen) returned 0x80010002
[07:54:50.345] |I| [export_sceIoOpen]: Opening file: app0:/Animations/Particles/merge/anim.txt
[07:54:50.345] |E| [open_file]: Missing file at D:/Emulateurs/Vita3K/mc/ux0/app/PCSB00367/Animations/Particles/merge/anim.txt (target path: app0:/Animations/Particles/merge/anim.txt)
[07:54:50.345] |W| [io_error_impl]: open_file (sceIoOpen) returned 0x80010002
[07:54:50.346] |I| [export_sceIoOpen]: Opening file: app0:/Animations/Particles/pop/anim.txt
[07:54:50.346] |E| [open_file]: Missing file at D:/Emulateurs/Vita3K/mc/ux0/app/PCSB00367/Animations/Particles/pop/anim.txt (target path: app0:/Animations/Particles/pop/anim.txt)
[07:54:50.346] |W| [io_error_impl]: open_file (sceIoOpen) returned 0x80010002
[07:54:50.347] |I| [export_sceIoOpen]: Opening file: app0:/Animations/Particles/gummytwinkle/anim.txt
[07:54:50.347] |E| [open_file]: Missing file at D:/Emulateurs/Vita3K/mc/ux0/app/PCSB00367/Animations/Particles/gummytwinkle/anim.txt (target path: app0:/Animations/Particles/gummytwinkle/anim.txt)
[07:54:50.347] |W| [io_error_impl]: open_file (sceIoOpen) returned 0x80010002
[07:54:50.348] |I| [export_sceIoOpen]: Opening file: app0:/Animations/Particles/redspecial/anim.txt
[07:54:50.348] |E| [open_file]: Missing file at D:/Emulateurs/Vita3K/mc/ux0/app/PCSB00367/Animations/Particles/redspecial/anim.txt (target path: app0:/Animations/Particles/redspecial/anim.txt)
[07:54:50.348] |W| [io_error_impl]: open_file (sceIoOpen) returned 0x80010002
[07:54:50.349] |I| [export_sceIoOpen]: Opening file: app0:/Animations/Particles/bluespecial/anim.txt
[07:54:50.349] |E| [open_file]: Missing file at D:/Emulateurs/Vita3K/mc/ux0/app/PCSB00367/Animations/Particles/bluespecial/anim.txt (target path: app0:/Animations/Particles/bluespecial/anim.txt)
[07:54:50.349] |W| [io_error_impl]: open_file (sceIoOpen) returned 0x80010002
[07:54:50.350] |I| [export_sceIoOpen]: Opening file: app0:/Animations/Particles/greenspecial/anim.txt
[07:54:50.350] |E| [open_file]: Missing file at D:/Emulateurs/Vita3K/mc/ux0/app/PCSB00367/Animations/Particles/greenspecial/anim.txt (target path: app0:/Animations/Particles/greenspecial/anim.txt)
[07:54:50.350] |W| [io_error_impl]: open_file (sceIoOpen) returned 0x80010002
[07:54:50.351] |I| [export_sceIoOpen]: Opening file: app0:/Animations/Particles/yellowspecial/anim.txt
[07:54:50.351] |E| [open_file]: Missing file at D:/Emulateurs/Vita3K/mc/ux0/app/PCSB00367/Animations/Particles/yellowspecial/anim.txt (target path: app0:/Animations/Particles/yellowspecial/anim.txt)
[07:54:50.351] |W| [io_error_impl]: open_file (sceIoOpen) returned 0x80010002
[07:54:50.352] |I| [export_sceIoOpen]: Opening file: app0:/Animations/Particles/blackspecial/anim.txt
[07:54:50.352] |E| [open_file]: Missing file at D:/Emulateurs/Vita3K/mc/ux0/app/PCSB00367/Animations/Particles/blackspecial/anim.txt (target path: app0:/Animations/Particles/blackspecial/anim.txt)
[07:54:50.352] |W| [io_error_impl]: open_file (sceIoOpen) returned 0x80010002
[07:54:50.353] |I| [export_sceIoOpen]: Opening file: app0:/Animations/Particles/purplespecial/anim.txt
[07:54:50.353] |E| [open_file]: Missing file at D:/Emulateurs/Vita3K/mc/ux0/app/PCSB00367/Animations/Particles/purplespecial/anim.txt (target path: app0:/Animations/Particles/purplespecial/anim.txt)
[07:54:50.353] |W| [io_error_impl]: open_file (sceIoOpen) returned 0x80010002
[07:54:50.354] |I| [export_sceIoOpen]: Opening file: app0:/Animations/Particles/muzzleflash/anim.txt
[07:54:50.354] |E| [open_file]: Missing file at D:/Emulateurs/Vita3K/mc/ux0/app/PCSB00367/Animations/Particles/muzzleflash/anim.txt (target path: app0:/Animations/Particles/muzzleflash/anim.txt)
[07:54:50.354] |W| [io_error_impl]: open_file (sceIoOpen) returned 0x80010002
[07:54:50.355] |I| [export_sceIoOpen]: Opening file: app0:/Animations/Particles/bombexplosion/anim.txt
[07:54:50.355] |E| [open_file]: Missing file at D:/Emulateurs/Vita3K/mc/ux0/app/PCSB00367/Animations/Particles/bombexplosion/anim.txt (target path: app0:/Animations/Particles/bombexplosion/anim.txt)
[07:54:50.355] |W| [io_error_impl]: open_file (sceIoOpen) returned 0x80010002
[07:54:50.356] |I| [export_sceIoOpen]: Opening file: app0:/Animations/Particles/puff/anim.txt
[07:54:50.359] |E| [open_file]: Missing file at D:/Emulateurs/Vita3K/mc/ux0/app/PCSB00367/Animations/Particles/puff/anim.txt (target path: app0:/Animations/Particles/puff/anim.txt)
[07:54:50.359] |W| [io_error_impl]: open_file (sceIoOpen) returned 0x80010002
[07:54:50.360] |I| [export_sceIoOpen]: Opening file: app0:/Animations/Particles/meterfill/anim.txt
[07:54:50.360] |E| [open_file]: Missing file at D:/Emulateurs/Vita3K/mc/ux0/app/PCSB00367/Animations/Particles/meterfill/anim.txt (target path: app0:/Animations/Particles/meterfill/anim.txt)
[07:54:50.360] |W| [io_error_impl]: open_file (sceIoOpen) returned 0x80010002
[07:54:50.361] |I| [export_sceIoOpen]: Opening file: app0:/Animations/specialred/anim.txt
[07:54:50.361] |E| [open_file]: Missing file at D:/Emulateurs/Vita3K/mc/ux0/app/PCSB00367/Animations/specialred/anim.txt (target path: app0:/Animations/specialred/anim.txt)
[07:54:50.361] |W| [io_error_impl]: open_file (sceIoOpen) returned 0x80010002
[07:54:50.362] |I| [export_sceIoOpen]: Opening file: app0:/Animations/special/anim.txt
[07:54:50.362] |E| [open_file]: Missing file at D:/Emulateurs/Vita3K/mc/ux0/app/PCSB00367/Animations/special/anim.txt (target path: app0:/Animations/special/anim.txt)
[07:54:50.362] |W| [io_error_impl]: open_file (sceIoOpen) returned 0x80010002
[07:54:50.363] |I| [export_sceIoOpen]: Opening file: app0:/Animations/TubeGlowRed/anim.txt
[07:54:50.363] |E| [open_file]: Missing file at D:/Emulateurs/Vita3K/mc/ux0/app/PCSB00367/Animations/TubeGlowRed/anim.txt (target path: app0:/Animations/TubeGlowRed/anim.txt)
[07:54:50.363] |W| [io_error_impl]: open_file (sceIoOpen) returned 0x80010002
[07:54:50.364] |I| [export_sceIoOpen]: Opening file: app0:/Animations/TubeGlow/anim.txt
[07:54:50.364] |E| [open_file]: Missing file at D:/Emulateurs/Vita3K/mc/ux0/app/PCSB00367/Animations/TubeGlow/anim.txt (target path: app0:/Animations/TubeGlow/anim.txt)
[07:54:50.364] |W| [io_error_impl]: open_file (sceIoOpen) returned 0x80010002
[07:54:50.364] |I| [export_sceIoOpen]: Opening file: app0:/Animations/LightGlow/anim.txt
[07:54:50.365] |E| [open_file]: Missing file at D:/Emulateurs/Vita3K/mc/ux0/app/PCSB00367/Animations/LightGlow/anim.txt (target path: app0:/Animations/LightGlow/anim.txt)
[07:54:50.365] |W| [io_error_impl]: open_file (sceIoOpen) returned 0x80010002
[07:54:50.365] |I| [export_sceIoOpen]: Opening file: app0:/Animations/Widgets/Lightning/anim.txt
[07:54:50.365] |E| [open_file]: Missing file at D:/Emulateurs/Vita3K/mc/ux0/app/PCSB00367/Animations/Widgets/Lightning/anim.txt (target path: app0:/Animations/Widgets/Lightning/anim.txt)
[07:54:50.366] |W| [io_error_impl]: open_file (sceIoOpen) returned 0x80010002
[07:54:50.368] |I| [export_sceIoOpen]: Opening file: app0:/Animations/Widgets/Bomb/anim.txt
[07:54:50.368] |E| [open_file]: Missing file at D:/Emulateurs/Vita3K/mc/ux0/app/PCSB00367/Animations/Widgets/Bomb/anim.txt (target path: app0:/Animations/Widgets/Bomb/anim.txt)
[07:54:50.368] |W| [io_error_impl]: open_file (sceIoOpen) returned 0x80010002
[07:54:50.372] |I| [export_sceIoOpen]: Opening file: app0:/Animations/Widgets/Spike/anim.txt
[07:54:50.374] |E| [open_file]: Missing file at D:/Emulateurs/Vita3K/mc/ux0/app/PCSB00367/Animations/Widgets/Spike/anim.txt (target path: app0:/Animations/Widgets/Spike/anim.txt)
[07:54:50.374] |W| [io_error_impl]: open_file (sceIoOpen) returned 0x80010002
[07:54:50.377] |I| [export_sceIoOpen]: Opening file: app0:/Animations/Widgets/Platform/anim.txt
[07:54:50.377] |E| [open_file]: Missing file at D:/Emulateurs/Vita3K/mc/ux0/app/PCSB00367/Animations/Widgets/Platform/anim.txt (target path: app0:/Animations/Widgets/Platform/anim.txt)
[07:54:50.377] |W| [io_error_impl]: open_file (sceIoOpen) returned 0x80010002
[07:54:50.384] |I| [export_sceIoOpen]: Opening file: app0:/Animations/Widgets/RoundPlatform/anim.txt
[07:54:50.384] |E| [open_file]: Missing file at D:/Emulateurs/Vita3K/mc/ux0/app/PCSB00367/Animations/Widgets/RoundPlatform/anim.txt (target path: app0:/Animations/Widgets/RoundPlatform/anim.txt)
[07:54:50.384] |W| [io_error_impl]: open_file (sceIoOpen) returned 0x80010002
[07:54:50.385] |I| [export_sceIoOpen]: Opening file: app0:/Animations/Widgets/Teleporter/anim.txt
[07:54:50.385] |E| [open_file]: Missing file at D:/Emulateurs/Vita3K/mc/ux0/app/PCSB00367/Animations/Widgets/Teleporter/anim.txt (target path: app0:/Animations/Widgets/Teleporter/anim.txt)
[07:54:50.385] |W| [io_error_impl]: open_file (sceIoOpen) returned 0x80010002
[07:54:50.391] |I| [export_sceIoOpen]: Opening file: app0:/Animations/Widgets/Gun/anim.txt
[07:54:50.391] |E| [open_file]: Missing file at D:/Emulateurs/Vita3K/mc/ux0/app/PCSB00367/Animations/Widgets/Gun/anim.txt (target path: app0:/Animations/Widgets/Gun/anim.txt)
[07:54:50.391] |W| [io_error_impl]: open_file (sceIoOpen) returned 0x80010002
[07:54:50.392] |I| [export_sceIoOpen]: Opening file: app0:/Animations/Widgets/Grime/anim.txt
[07:54:50.393] |E| [open_file]: Missing file at D:/Emulateurs/Vita3K/mc/ux0/app/PCSB00367/Animations/Widgets/Grime/anim.txt (target path: app0:/Animations/Widgets/Grime/anim.txt)
[07:54:50.393] |W| [io_error_impl]: open_file (sceIoOpen) returned 0x80010002
[07:54:50.394] |I| [export_sceIoOpen]: Opening file: app0:/Animations/Widgets/Germinator/anim.txt
[07:54:50.394] |E| [open_file]: Missing file at D:/Emulateurs/Vita3K/mc/ux0/app/PCSB00367/Animations/Widgets/Germinator/anim.txt (target path: app0:/Animations/Widgets/Germinator/anim.txt)
[07:54:50.394] |W| [io_error_impl]: open_file (sceIoOpen) returned 0x80010002
[07:54:50.398] |I| [export_sceIoOpen]: Opening file: app0:/Animations/Widgets/SilverStar/anim.txt
[07:54:50.398] |E| [open_file]: Missing file at D:/Emulateurs/Vita3K/mc/ux0/app/PCSB00367/Animations/Widgets/SilverStar/anim.txt (target path: app0:/Animations/Widgets/SilverStar/anim.txt)
[07:54:50.398] |W| [io_error_impl]: open_file (sceIoOpen) returned 0x80010002
[07:54:50.400] |I| [export_sceIoOpen]: Opening file: app0:/Animations/Widgets/GoldStar/anim.txt
[07:54:50.400] |E| [open_file]: Missing file at D:/Emulateurs/Vita3K/mc/ux0/app/PCSB00367/Animations/Widgets/GoldStar/anim.txt (target path: app0:/Animations/Widgets/GoldStar/anim.txt)
[07:54:50.400] |W| [io_error_impl]: open_file (sceIoOpen) returned 0x80010002
[07:54:50.402] |I| [export_sceIoOpen]: Opening file: app0:/Animations/Calibrator/anim.txt
[07:54:50.405] |E| [open_file]: Missing file at D:/Emulateurs/Vita3K/mc/ux0/app/PCSB00367/Animations/Calibrator/anim.txt (target path: app0:/Animations/Calibrator/anim.txt)
[07:54:50.405] |W| [io_error_impl]: open_file (sceIoOpen) returned 0x80010002
[07:54:50.406] |I| [export_sceIoOpen]: Opening file: app0:/Animations/StarIcon/anim.txt
[07:54:50.406] |E| [open_file]: Missing file at D:/Emulateurs/Vita3K/mc/ux0/app/PCSB00367/Animations/StarIcon/anim.txt (target path: app0:/Animations/StarIcon/anim.txt)
[07:54:50.406] |W| [io_error_impl]: open_file (sceIoOpen) returned 0x80010002
[07:54:50.408] |I| [export_sceIoOpen]: Opening file: app0:/Animations/SelectorFrame/anim.txt
[07:54:50.408] |E| [open_file]: Missing file at D:/Emulateurs/Vita3K/mc/ux0/app/PCSB00367/Animations/SelectorFrame/anim.txt (target path: app0:/Animations/SelectorFrame/anim.txt)
[07:54:50.408] |W| [io_error_impl]: open_file (sceIoOpen) returned 0x80010002
[07:54:50.409] |I| [export_sceIoOpen]: Opening file: app0:/Animations/RegionIcon/anim.txt
[07:54:50.409] |E| [open_file]: Missing file at D:/Emulateurs/Vita3K/mc/ux0/app/PCSB00367/Animations/RegionIcon/anim.txt (target path: app0:/Animations/RegionIcon/anim.txt)
[07:54:50.409] |W| [io_error_impl]: open_file (sceIoOpen) returned 0x80010002
[07:54:50.410] |I| [export_sceIoOpen]: Opening file: app0:/Animations/Arrow_D/anim.txt
[07:54:50.410] |E| [open_file]: Missing file at D:/Emulateurs/Vita3K/mc/ux0/app/PCSB00367/Animations/Arrow_D/anim.txt (target path: app0:/Animations/Arrow_D/anim.txt)
[07:54:50.410] |W| [io_error_impl]: open_file (sceIoOpen) returned 0x80010002
[07:54:50.412] |I| [export_sceIoOpen]: Opening file: app0:/Animations/Arrow_LR/anim.txt
[07:54:50.412] |E| [open_file]: Missing file at D:/Emulateurs/Vita3K/mc/ux0/app/PCSB00367/Animations/Arrow_LR/anim.txt (target path: app0:/Animations/Arrow_LR/anim.txt)
[07:54:50.412] |W| [io_error_impl]: open_file (sceIoOpen) returned 0x80010002
[07:54:50.413] |I| [export_sceIoOpen]: Opening file: app0:/Animations/Arrow_U/anim.txt
[07:54:50.413] |E| [open_file]: Missing file at D:/Emulateurs/Vita3K/mc/ux0/app/PCSB00367/Animations/Arrow_U/anim.txt (target path: app0:/Animations/Arrow_U/anim.txt)
[07:54:50.414] |W| [io_error_impl]: open_file (sceIoOpen) returned 0x80010002
[07:54:50.415] |I| [export_sceIoOpen]: Opening file: app0:/Animations/controller_icons/anim.txt
[07:54:50.415] |E| [open_file]: Missing file at D:/Emulateurs/Vita3K/mc/ux0/app/PCSB00367/Animations/controller_icons/anim.txt (target path: app0:/Animations/controller_icons/anim.txt)
[07:54:50.415] |W| [io_error_impl]: open_file (sceIoOpen) returned 0x80010002
[07:54:50.416] |I| [export_sceIoOpen]: Opening file: app0:/Animations/flags/anim.txt
[07:54:50.416] |E| [open_file]: Missing file at D:/Emulateurs/Vita3K/mc/ux0/app/PCSB00367/Animations/flags/anim.txt (target path: app0:/Animations/flags/anim.txt)
[07:54:50.416] |W| [io_error_impl]: open_file (sceIoOpen) returned 0x80010002
[07:54:50.425] |I| [export_sceIoOpen]: Opening file: app0:/forceAnimatorToLoadAnim.txt
[07:54:50.425] |E| [open_file]: Missing file at D:/Emulateurs/Vita3K/mc/ux0/app/PCSB00367/forceAnimatorToLoadAnim.txt (target path: app0:/forceAnimatorToLoadAnim.txt)
[07:54:50.425] |W| [io_error_impl]: open_file (sceIoOpen) returned 0x80010002
[07:54:50.426] |I| [export_sceIoOpen]: Opening file: /forceAnimatorToLoadAnim.txt
[07:54:50.427] |E| [open_file]: Cannot find device for path: /forceAnimatorToLoadAnim.txt
[07:54:50.427] |W| [io_error_impl]: open_file (sceIoOpen) returned 0x80010002
[07:54:50.427] |I| [export_sceIoOpen]: Opening file: app0:/forceAnimatorToLoadAnim.txt
[07:54:50.427] |E| [open_file]: Missing file at D:/Emulateurs/Vita3K/mc/ux0/app/PCSB00367/forceAnimatorToLoadAnim.txt (target path: app0:/forceAnimatorToLoadAnim.txt)
[07:54:50.427] |W| [io_error_impl]: open_file (sceIoOpen) returned 0x80010002
[07:54:50.444] |W| [unimplemented_impl]: Unimplemented sceSystemGestureUpdatePrimitiveTouchRecognizer import called.
[07:54:50.444] |W| [unimplemented_impl]: Unimplemented sceMotionGetState import called.
[07:54:50.446] |W| [unimplemented_impl]: Unimplemented sceSystemGestureUpdateTouchRecognizer import called.
[07:54:50.446] |W| [unimplemented_impl]: Unimplemented sceSystemGestureGetTouchEventsCount import called.
[07:54:50.460] |I| [export_sceIoOpen]: Opening file: app0:/BackgroundsGXM/Creat_logo.png.phyre
[07:54:50.461] |E| [open_file]: Missing file at D:/Emulateurs/Vita3K/mc/ux0/app/PCSB00367/BackgroundsGXM/Creat_logo.png.phyre (target path: app0:/BackgroundsGXM/Creat_logo.png.phyre)
[07:54:50.461] |W| [io_error_impl]: open_file (sceIoOpen) returned 0x80010002
[07:54:50.469] |I| [export_sceIoOpen]: Opening file: app0:/Animations/Arrow_D/arrow_down.png.phyre
[07:54:50.469] |E| [open_file]: Missing file at D:/Emulateurs/Vita3K/mc/ux0/app/PCSB00367/Animations/Arrow_D/arrow_down.png.phyre (target path: app0:/Animations/Arrow_D/arrow_down.png.phyre)
[07:54:50.470] |W| [io_error_impl]: open_file (sceIoOpen) returned 0x80010002
[07:54:50.520] |I| [export_sceIoOpen]: Opening file: app0:/Animations/Arrow_D/arrow_fade.png.phyre
[07:54:50.520] |E| [open_file]: Missing file at D:/Emulateurs/Vita3K/mc/ux0/app/PCSB00367/Animations/Arrow_D/arrow_fade.png.phyre (target path: app0:/Animations/Arrow_D/arrow_fade.png.phyre)
[07:54:50.520] |W| [io_error_impl]: open_file (sceIoOpen) returned 0x80010002
[07:54:50.522] |W| [unimplemented_impl]: Unimplemented sceCommonDialogUpdate import called.
[07:54:50.524] |I| [export_sceIoOpen]: Opening file: app0:/Animations/Arrow_D/arrow_up.png.phyre
[07:54:50.524] |E| [open_file]: Missing file at D:/Emulateurs/Vita3K/mc/ux0/app/PCSB00367/Animations/Arrow_D/arrow_up.png.phyre (target path: app0:/Animations/Arrow_D/arrow_up.png.phyre)
[07:54:50.524] |W| [io_error_impl]: open_file (sceIoOpen) returned 0x80010002
[07:54:50.552] |I| [renderer::gl::load_shader_generic]: Generating frag shader ba1b5b23437b630a78d60bf59dbaf22ac5ffb344df06bd98830224e37f66d164
[07:54:50.555] |D| [shader::create_parameters]: [DEFAULT  + 0] sa0 = (half4) color
[07:54:50.575] |I| [renderer::gl::load_shader_generic]: Generating vert shader 4e1deeb1fbb8a437bfdb2f8cc5897522b5f19feb7a2692849f3e7ec9ec941c48
[07:54:50.578] |D| [shader::create_parameters]: [BUFFER0  + 0] pa0 = (float4) IN_position
[07:54:50.579] |D| [shader::create_parameters]: [DEFAULT  + 0] sa0 = (float1) depth
[07:54:50.606] |I| [renderer::gl::load_shader_generic]: Generating frag shader ff5693e2a618b1d30491b3d4b863159f2545a1b90f32ba7191195306096aab49
[07:54:50.609] |I| [shader::create_fragment_inputs]: Sample symbol stripped, using anonymous name
[07:54:50.618] |I| [renderer::gl::load_shader_generic]: Generating vert shader e777fd392ed4dd175eec7bc01ac3c5b65aadbf6434e1f36062f1b0496533a16b
[07:54:50.620] |I| [shader::create_parameters]: Shader stripped all symbols, trying to use hint attributes
[07:54:50.673] |W| [stubbed_impl]: Stubbed sceDisplayWaitVblankStart import called. (wait for vblank)
[07:54:51.181] |I| [export_sceIoOpen]: Opening file: app0:/Animations/Arrow_LR/arrow_down.png.phyre
[07:54:51.181] |E| [open_file]: Missing file at D:/Emulateurs/Vita3K/mc/ux0/app/PCSB00367/Animations/Arrow_LR/arrow_down.png.phyre (target path: app0:/Animations/Arrow_LR/arrow_down.png.phyre)
[07:54:51.182] |W| [io_error_impl]: open_file (sceIoOpen) returned 0x80010002
[07:54:51.183] |I| [export_sceIoOpen]: Opening file: app0:/Animations/Arrow_LR/arrow_fade.png.phyre
[07:54:51.183] |E| [open_file]: Missing file at D:/Emulateurs/Vita3K/mc/ux0/app/PCSB00367/Animations/Arrow_LR/arrow_fade.png.phyre (target path: app0:/Animations/Arrow_LR/arrow_fade.png.phyre)
[07:54:51.184] |W| [io_error_impl]: open_file (sceIoOpen) returned 0x80010002
[07:54:51.187] |I| [export_sceIoOpen]: Opening file: app0:/Animations/Arrow_LR/arrow_up.png.phyre
[07:54:51.187] |E| [open_file]: Missing file at D:/Emulateurs/Vita3K/mc/ux0/app/PCSB00367/Animations/Arrow_LR/arrow_up.png.phyre (target path: app0:/Animations/Arrow_LR/arrow_up.png.phyre)
[07:54:51.187] |W| [io_error_impl]: open_file (sceIoOpen) returned 0x80010002
[07:54:51.204] |I| [export_sceIoOpen]: Opening file: app0:/Animations/Arrow_U/arrow_down.png.phyre
[07:54:51.204] |E| [open_file]: Missing file at D:/Emulateurs/Vita3K/mc/ux0/app/PCSB00367/Animations/Arrow_U/arrow_down.png.phyre (target path: app0:/Animations/Arrow_U/arrow_down.png.phyre)
[07:54:51.204] |W| [io_error_impl]: open_file (sceIoOpen) returned 0x80010002
[07:54:51.221] |I| [export_sceIoOpen]: Opening file: app0:/Animations/Arrow_U/arrow_fade.png.phyre
[07:54:51.221] |E| [open_file]: Missing file at D:/Emulateurs/Vita3K/mc/ux0/app/PCSB00367/Animations/Arrow_U/arrow_fade.png.phyre (target path: app0:/Animations/Arrow_U/arrow_fade.png.phyre)
[07:54:51.221] |W| [io_error_impl]: open_file (sceIoOpen) returned 0x80010002
[07:54:51.237] |I| [export_sceIoOpen]: Opening file: app0:/Animations/Arrow_U/arrow_up.png.phyre
[07:54:51.237] |E| [open_file]: Missing file at D:/Emulateurs/Vita3K/mc/ux0/app/PCSB00367/Animations/Arrow_U/arrow_up.png.phyre (target path: app0:/Animations/Arrow_U/arrow_up.png.phyre)
[07:54:51.237] |W| [io_error_impl]: open_file (sceIoOpen) returned 0x80010002
[07:54:51.254] |I| [export_sceIoOpen]: Opening file: app0:/Animations/Calibrator/active.png.phyre
[07:54:51.254] |E| [open_file]: Missing file at D:/Emulateurs/Vita3K/mc/ux0/app/PCSB00367/Animations/Calibrator/active.png.phyre (target path: app0:/Animations/Calibrator/active.png.phyre)
[07:54:51.254] |W| [io_error_impl]: open_file (sceIoOpen) returned 0x80010002
[07:54:51.272] |I| [export_sceIoOpen]: Opening file: app0:/Animations/Calibrator/focused.png.phyre
[07:54:51.272] |E| [open_file]: Missing file at D:/Emulateurs/Vita3K/mc/ux0/app/PCSB00367/Animations/Calibrator/focused.png.phyre (target path: app0:/Animations/Calibrator/focused.png.phyre)
[07:54:51.273] |W| [io_error_impl]: open_file (sceIoOpen) returned 0x80010002
[07:54:51.288] |I| [export_sceIoOpen]: Opening file: app0:/Animations/Calibrator/idle.png.phyre
[07:54:51.288] |E| [open_file]: Missing file at D:/Emulateurs/Vita3K/mc/ux0/app/PCSB00367/Animations/Calibrator/idle.png.phyre (target path: app0:/Animations/Calibrator/idle.png.phyre)
[07:54:51.288] |W| [io_error_impl]: open_file (sceIoOpen) returned 0x80010002
[07:54:51.304] |I| [export_sceIoOpen]: Opening file: app0:/Animations/GermSplat/GermSplat.01.png.phyre
[07:54:51.304] |E| [open_file]: Missing file at D:/Emulateurs/Vita3K/mc/ux0/app/PCSB00367/Animations/GermSplat/GermSplat.01.png.phyre (target path: app0:/Animations/GermSplat/GermSplat.01.png.phyre)
[07:54:51.304] |W| [io_error_impl]: open_file (sceIoOpen) returned 0x80010002
[07:54:51.322] |I| [export_sceIoOpen]: Opening file: app0:/Animations/GermSplat/GermSplat.02.png.phyre
[07:54:51.322] |E| [open_file]: Missing file at D:/Emulateurs/Vita3K/mc/ux0/app/PCSB00367/Animations/GermSplat/GermSplat.02.png.phyre (target path: app0:/Animations/GermSplat/GermSplat.02.png.phyre)
[07:54:51.323] |W| [io_error_impl]: open_file (sceIoOpen) returned 0x80010002
[07:54:51.337] |I| [export_sceIoOpen]: Opening file: app0:/Animations/GermSplat/GermSplat.03.png.phyre
[07:54:51.337] |E| [open_file]: Missing file at D:/Emulateurs/Vita3K/mc/ux0/app/PCSB00367/Animations/GermSplat/GermSplat.03.png.phyre (target path: app0:/Animations/GermSplat/GermSplat.03.png.phyre)
[07:54:51.338] |W| [io_error_impl]: open_file (sceIoOpen) returned 0x80010002
[07:54:51.354] |I| [export_sceIoOpen]: Opening file: app0:/Animations/GermSplat/GermSplat.04.png.phyre
[07:54:51.354] |E| [open_file]: Missing file at D:/Emulateurs/Vita3K/mc/ux0/app/PCSB00367/Animations/GermSplat/GermSplat.04.png.phyre (target path: app0:/Animations/GermSplat/GermSplat.04.png.phyre)
[07:54:51.354] |W| [io_error_impl]: open_file (sceIoOpen) returned 0x80010002
[07:54:51.371] |I| [export_sceIoOpen]: Opening file: app0:/Animations/GermSplat/GermSplat.05.png.phyre
[07:54:51.371] |E| [open_file]: Missing file at D:/Emulateurs/Vita3K/mc/ux0/app/PCSB00367/Animations/GermSplat/GermSplat.05.png.phyre (target path: app0:/Animations/GermSplat/GermSplat.05.png.phyre)
[07:54:51.371] |W| [io_error_impl]: open_file (sceIoOpen) returned 0x80010002
[07:54:51.387] |I| [export_sceIoOpen]: Opening file: app0:/Animations/GermSplat/GermSplat.06.png.phyre
[07:54:51.387] |E| [open_file]: Missing file at D:/Emulateurs/Vita3K/mc/ux0/app/PCSB00367/Animations/GermSplat/GermSplat.06.png.phyre (target path: app0:/Animations/GermSplat/GermSplat.06.png.phyre)
[07:54:51.387] |W| [io_error_impl]: open_file (sceIoOpen) returned 0x80010002
[07:54:51.404] |I| [export_sceIoOpen]: Opening file: app0:/Animations/GermSplat/GermSplat.07.png.phyre
[07:54:51.404] |E| [open_file]: Missing file at D:/Emulateurs/Vita3K/mc/ux0/app/PCSB00367/Animations/GermSplat/GermSplat.07.png.phyre (target path: app0:/Animations/GermSplat/GermSplat.07.png.phyre)
[07:54:51.405] |W| [io_error_impl]: open_file (sceIoOpen) returned 0x80010002
[07:54:51.421] |I| [export_sceIoOpen]: Opening file: app0:/Animations/GermSplat/GermSplat.08.png.phyre
[07:54:51.421] |E| [open_file]: Missing file at D:/Emulateurs/Vita3K/mc/ux0/app/PCSB00367/Animations/GermSplat/GermSplat.08.png.phyre (target path: app0:/Animations/GermSplat/GermSplat.08.png.phyre)
[07:54:51.421] |W| [io_error_impl]: open_file (sceIoOpen) returned 0x80010002
[07:54:51.437] |I| [export_sceIoOpen]: Opening file: app0:/Animations/GermSplat/GermSplat.09.png.phyre
[07:54:51.437] |E| [open_file]: Missing file at D:/Emulateurs/Vita3K/mc/ux0/app/PCSB00367/Animations/GermSplat/GermSplat.09.png.phyre (target path: app0:/Animations/GermSplat/GermSplat.09.png.phyre)
[07:54:51.437] |W| [io_error_impl]: open_file (sceIoOpen) returned 0x80010002
[07:54:51.454] |I| [export_sceIoOpen]: Opening file: app0:/Animations/GermSplat/GermSplat.10.png.phyre
[07:54:51.454] |E| [open_file]: Missing file at D:/Emulateurs/Vita3K/mc/ux0/app/PCSB00367/Animations/GermSplat/GermSplat.10.png.phyre (target path: app0:/Animations/GermSplat/GermSplat.10.png.phyre)
[07:54:51.454] |W| [io_error_impl]: open_file (sceIoOpen) returned 0x80010002
[07:54:51.471] |I| [export_sceIoOpen]: Opening file: app0:/Animations/LightGlow/LightGlow.png.phyre
[07:54:51.471] |E| [open_file]: Missing file at D:/Emulateurs/Vita3K/mc/ux0/app/PCSB00367/Animations/LightGlow/LightGlow.png.phyre (target path: app0:/Animations/LightGlow/LightGlow.png.phyre)
[07:54:51.471] |W| [io_error_impl]: open_file (sceIoOpen) returned 0x80010002
[07:54:51.487] |I| [export_sceIoOpen]: Opening file: app0:/Animations/Particles/blackspecial/blackspecial.png.phyre
[07:54:51.487] |E| [open_file]: Missing file at D:/Emulateurs/Vita3K/mc/ux0/app/PCSB00367/Animations/Particles/blackspecial/blackspecial.png.phyre (target path: app0:/Animations/Particles/blackspecial/blackspecial.png.phyre)
[07:54:51.487] |W| [io_error_impl]: open_file (sceIoOpen) returned 0x80010002
[07:54:51.507] |I| [export_sceIoOpen]: Opening file: app0:/Animations/Particles/bluespecial/bluespecial.png.phyre
[07:54:51.508] |E| [open_file]: Missing file at D:/Emulateurs/Vita3K/mc/ux0/app/PCSB00367/Animations/Particles/bluespecial/bluespecial.png.phyre (target path: app0:/Animations/Particles/bluespecial/bluespecial.png.phyre)
[07:54:51.508] |W| [io_error_impl]: open_file (sceIoOpen) returned 0x80010002
[07:54:51.520] |I| [export_sceIoOpen]: Opening file: app0:/Animations/Particles/bombexplosion/bombexplosion.png.phyre
[07:54:51.520] |E| [open_file]: Missing file at D:/Emulateurs/Vita3K/mc/ux0/app/PCSB00367/Animations/Particles/bombexplosion/bombexplosion.png.phyre (target path: app0:/Animations/Particles/bombexplosion/bombexplosion.png.phyre)
[07:54:51.521] |W| [io_error_impl]: open_file (sceIoOpen) returned 0x80010002
[07:54:51.537] |I| [export_sceIoOpen]: Opening file: app0:/Animations/Particles/contagious/contagious.png.phyre
[07:54:51.538] |E| [open_file]: Missing file at D:/Emulateurs/Vita3K/mc/ux0/app/PCSB00367/Animations/Particles/contagious/contagious.png.phyre (target path: app0:/Animations/Particles/contagious/contagious.png.phyre)
[07:54:51.538] |W| [io_error_impl]: open_file (sceIoOpen) returned 0x80010002
[07:54:51.553] |I| [export_sceIoOpen]: Opening file: app0:/Animations/Particles/contagiouspuff/contagiouspuff.png.phyre
[07:54:51.554] |E| [open_file]: Missing file at D:/Emulateurs/Vita3K/mc/ux0/app/PCSB00367/Animations/Particles/contagiouspuff/contagiouspuff.png.phyre (target path: app0:/Animations/Particles/contagiouspuff/contagiouspuff.png.phyre)
[07:54:51.554] |W| [io_error_impl]: open_file (sceIoOpen) returned 0x80010002
[07:54:51.570] |I| [export_sceIoOpen]: Opening file: app0:/Animations/Particles/darkbluespecial/darkbluespecial.png.phyre
[07:54:51.570] |E| [open_file]: Missing file at D:/Emulateurs/Vita3K/mc/ux0/app/PCSB00367/Animations/Particles/darkbluespecial/darkbluespecial.png.phyre (target path: app0:/Animations/Particles/darkbluespecial/darkbluespecial.png.phyre)
[07:54:51.570] |W| [io_error_impl]: open_file (sceIoOpen) returned 0x80010002
[07:54:51.587] |I| [export_sceIoOpen]: Opening file: app0:/Animations/Particles/greenspecial/greenspecial.png.phyre
[07:54:51.588] |E| [open_file]: Missing file at D:/Emulateurs/Vita3K/mc/ux0/app/PCSB00367/Animations/Particles/greenspecial/greenspecial.png.phyre (target path: app0:/Animations/Particles/greenspecial/greenspecial.png.phyre)
[07:54:51.588] |W| [io_error_impl]: open_file (sceIoOpen) returned 0x80010002
[07:54:51.603] |I| [export_sceIoOpen]: Opening file: app0:/Animations/Particles/gummytwinkle/gummytwinkle.png.phyre
[07:54:51.604] |E| [open_file]: Missing file at D:/Emulateurs/Vita3K/mc/ux0/app/PCSB00367/Animations/Particles/gummytwinkle/gummytwinkle.png.phyre (target path: app0:/Animations/Particles/gummytwinkle/gummytwinkle.png.phyre)
[07:54:51.604] |W| [io_error_impl]: open_file (sceIoOpen) returned 0x80010002
[07:54:51.620] |I| [export_sceIoOpen]: Opening file: app0:/Animations/Particles/icepop/icepop.png.phyre
[07:54:51.621] |E| [open_file]: Missing file at D:/Emulateurs/Vita3K/mc/ux0/app/PCSB00367/Animations/Particles/icepop/icepop.png.phyre (target path: app0:/Animations/Particles/icepop/icepop.png.phyre)
[07:54:51.621] |W| [io_error_impl]: open_file (sceIoOpen) returned 0x80010002
[07:54:51.637] |I| [export_sceIoOpen]: Opening file: app0:/Animations/Particles/merge/merge.png.phyre
[07:54:51.637] |E| [open_file]: Missing file at D:/Emulateurs/Vita3K/mc/ux0/app/PCSB00367/Animations/Particles/merge/merge.png.phyre (target path: app0:/Animations/Particles/merge/merge.png.phyre)
[07:54:51.637] |W| [io_error_impl]: open_file (sceIoOpen) returned 0x80010002
[07:54:51.654] |I| [export_sceIoOpen]: Opening file: app0:/Animations/Particles/meterfill/meterfill.png.phyre
[07:54:51.654] |E| [open_file]: Missing file at D:/Emulateurs/Vita3K/mc/ux0/app/PCSB00367/Animations/Particles/meterfill/meterfill.png.phyre (target path: app0:/Animations/Particles/meterfill/meterfill.png.phyre)
[07:54:51.654] |W| [io_error_impl]: open_file (sceIoOpen) returned 0x80010002
[07:54:51.670] |I| [export_sceIoOpen]: Opening file: app0:/Animations/Particles/muzzleflash/muzzleflash.png.phyre
[07:54:51.670] |E| [open_file]: Missing file at D:/Emulateurs/Vita3K/mc/ux0/app/PCSB00367/Animations/Particles/muzzleflash/muzzleflash.png.phyre (target path: app0:/Animations/Particles/muzzleflash/muzzleflash.png.phyre)
[07:54:51.670] |W| [io_error_impl]: open_file (sceIoOpen) returned 0x80010002
[07:54:51.687] |I| [export_sceIoOpen]: Opening file: app0:/Animations/Particles/particle/particle.png.phyre
[07:54:51.687] |E| [open_file]: Missing file at D:/Emulateurs/Vita3K/mc/ux0/app/PCSB00367/Animations/Particles/particle/particle.png.phyre (target path: app0:/Animations/Particles/particle/particle.png.phyre)
[07:54:51.687] |W| [io_error_impl]: open_file (sceIoOpen) returned 0x80010002
[07:54:51.703] |I| [export_sceIoOpen]: Opening file: app0:/Animations/Particles/pinkspecial/pinkspecial.png.phyre
[07:54:51.704] |E| [open_file]: Missing file at D:/Emulateurs/Vita3K/mc/ux0/app/PCSB00367/Animations/Particles/pinkspecial/pinkspecial.png.phyre (target path: app0:/Animations/Particles/pinkspecial/pinkspecial.png.phyre)
[07:54:51.704] |W| [io_error_impl]: open_file (sceIoOpen) returned 0x80010002
[07:54:51.720] |I| [export_sceIoOpen]: Opening file: app0:/Animations/Particles/pop/pop.png.phyre
[07:54:51.720] |E| [open_file]: Missing file at D:/Emulateurs/Vita3K/mc/ux0/app/PCSB00367/Animations/Particles/pop/pop.png.phyre (target path: app0:/Animations/Particles/pop/pop.png.phyre)
[07:54:51.720] |W| [io_error_impl]: open_file (sceIoOpen) returned 0x80010002
[07:54:51.737] |I| [export_sceIoOpen]: Opening file: app0:/Animations/Particles/puff/puff.png.phyre
[07:54:51.737] |E| [open_file]: Missing file at D:/Emulateurs/Vita3K/mc/ux0/app/PCSB00367/Animations/Particles/puff/puff.png.phyre (target path: app0:/Animations/Particles/puff/puff.png.phyre)
[07:54:51.738] |W| [io_error_impl]: open_file (sceIoOpen) returned 0x80010002
[07:54:51.753] |I| [export_sceIoOpen]: Opening file: app0:/Animations/Particles/purplespecial/purplespecial.png.phyre
[07:54:51.754] |E| [open_file]: Missing file at D:/Emulateurs/Vita3K/mc/ux0/app/PCSB00367/Animations/Particles/purplespecial/purplespecial.png.phyre (target path: app0:/Animations/Particles/purplespecial/purplespecial.png.phyre)
[07:54:51.754] |W| [io_error_impl]: open_file (sceIoOpen) returned 0x80010002
[07:54:51.770] |I| [export_sceIoOpen]: Opening file: app0:/Animations/Particles/purplespecialpop/purplespecialpop.png.phyre
[07:54:51.770] |E| [open_file]: Missing file at D:/Emulateurs/Vita3K/mc/ux0/app/PCSB00367/Animations/Particles/purplespecialpop/purplespecialpop.png.phyre (target path: app0:/Animations/Particles/purplespecialpop/purplespecialpop.png.phyre)
[07:54:51.770] |W| [io_error_impl]: open_file (sceIoOpen) returned 0x80010002
[07:54:51.787] |I| [export_sceIoOpen]: Opening file: app0:/Animations/Particles/purplespecialreload/purplespecialreload.png.phyre
[07:54:51.787] |E| [open_file]: Missing file at D:/Emulateurs/Vita3K/mc/ux0/app/PCSB00367/Animations/Particles/purplespecialreload/purplespecialreload.png.phyre (target path: app0:/Animations/Particles/purplespecialreload/purplespecialreload.png.phyre)
[07:54:51.787] |W| [io_error_impl]: open_file (sceIoOpen) returned 0x80010002
[07:54:51.803] |I| [export_sceIoOpen]: Opening file: app0:/Animations/Particles/redspecial/redspecial.png.phyre
[07:54:51.804] |E| [open_file]: Missing file at D:/Emulateurs/Vita3K/mc/ux0/app/PCSB00367/Animations/Particles/redspecial/redspecial.png.phyre (target path: app0:/Animations/Particles/redspecial/redspecial.png.phyre)
[07:54:51.804] |W| [io_error_impl]: open_file (sceIoOpen) returned 0x80010002
[07:54:51.820] |I| [export_sceIoOpen]: Opening file: app0:/Animations/Particles/smoke/smoke.png.phyre
[07:54:51.820] |E| [open_file]: Missing file at D:/Emulateurs/Vita3K/mc/ux0/app/PCSB00367/Animations/Particles/smoke/smoke.png.phyre (target path: app0:/Animations/Particles/smoke/smoke.png.phyre)
[07:54:51.820] |W| [io_error_impl]: open_file (sceIoOpen) returned 0x80010002
[07:54:51.837] |I| [export_sceIoOpen]: Opening file: app0:/Animations/Particles/spark/spark.png.phyre
[07:54:51.838] |E| [open_file]: Missing file at D:/Emulateurs/Vita3K/mc/ux0/app/PCSB00367/Animations/Particles/spark/spark.png.phyre (target path: app0:/Animations/Particles/spark/spark.png.phyre)
[07:54:51.838] |W| [io_error_impl]: open_file (sceIoOpen) returned 0x80010002
[07:54:51.854] |I| [export_sceIoOpen]: Opening file: app0:/Animations/Particles/starcollect/starcollect.png.phyre
[07:54:51.854] |E| [open_file]: Missing file at D:/Emulateurs/Vita3K/mc/ux0/app/PCSB00367/Animations/Particles/starcollect/starcollect.png.phyre (target path: app0:/Animations/Particles/starcollect/starcollect.png.phyre)
[07:54:51.854] |W| [io_error_impl]: open_file (sceIoOpen) returned 0x80010002
[07:54:51.870] |I| [export_sceIoOpen]: Opening file: app0:/Animations/Particles/yellowspecial/yellowspecial.png.phyre
[07:54:51.870] |E| [open_file]: Missing file at D:/Emulateurs/Vita3K/mc/ux0/app/PCSB00367/Animations/Particles/yellowspecial/yellowspecial.png.phyre (target path: app0:/Animations/Particles/yellowspecial/yellowspecial.png.phyre)
[07:54:51.870] |W| [io_error_impl]: open_file (sceIoOpen) returned 0x80010002
[07:54:51.887] |I| [export_sceIoOpen]: Opening file: app0:/Animations/PausePanelButton/PausePanelButton_down.png.phyre
[07:54:51.887] |E| [open_file]: Missing file at D:/Emulateurs/Vita3K/mc/ux0/app/PCSB00367/Animations/PausePanelButton/PausePanelButton_down.png.phyre (target path: app0:/Animations/PausePanelButton/PausePanelButton_down.png.phyre)
[07:54:51.887] |W| [io_error_impl]: open_file (sceIoOpen) returned 0x80010002
[07:54:51.906] |I| [export_sceIoOpen]: Opening file: app0:/Animations/PausePanelButton/PausePanelButton_up.png.phyre
[07:54:51.907] |E| [open_file]: Missing file at D:/Emulateurs/Vita3K/mc/ux0/app/PCSB00367/Animations/PausePanelButton/PausePanelButton_up.png.phyre (target path: app0:/Animations/PausePanelButton/PausePanelButton_up.png.phyre)
[07:54:51.907] |W| [io_error_impl]: open_file (sceIoOpen) returned 0x80010002
[07:54:51.920] |I| [export_sceIoOpen]: Opening file: app0:/Animations/RegionIcon/region_1.png.phyre
[07:54:51.920] |E| [open_file]: Missing file at D:/Emulateurs/Vita3K/mc/ux0/app/PCSB00367/Animations/RegionIcon/region_1.png.phyre (target path: app0:/Animations/RegionIcon/region_1.png.phyre)
[07:54:51.920] |W| [io_error_impl]: open_file (sceIoOpen) returned 0x80010002
[07:54:51.956] |I| [export_sceIoOpen]: Opening file: app0:/Animations/RegionIcon/region_2.png.phyre
[07:54:51.957] |E| [open_file]: Missing file at D:/Emulateurs/Vita3K/mc/ux0/app/PCSB00367/Animations/RegionIcon/region_2.png.phyre (target path: app0:/Animations/RegionIcon/region_2.png.phyre)
[07:54:51.957] |W| [io_error_impl]: open_file (sceIoOpen) returned 0x80010002
[07:54:51.971] |I| [export_sceIoOpen]: Opening file: app0:/Animations/RegionIcon/region_3.png.phyre
[07:54:51.971] |E| [open_file]: Missing file at D:/Emulateurs/Vita3K/mc/ux0/app/PCSB00367/Animations/RegionIcon/region_3.png.phyre (target path: app0:/Animations/RegionIcon/region_3.png.phyre)
[07:54:51.971] |W| [io_error_impl]: open_file (sceIoOpen) returned 0x80010002
[07:54:51.989] |I| [export_sceIoOpen]: Opening file: app0:/Animations/RegionIcon/region_4.png.phyre
[07:54:51.989] |E| [open_file]: Missing file at D:/Emulateurs/Vita3K/mc/ux0/app/PCSB00367/Animations/RegionIcon/region_4.png.phyre (target path: app0:/Animations/RegionIcon/region_4.png.phyre)
[07:54:51.989] |W| [io_error_impl]: open_file (sceIoOpen) returned 0x80010002
[07:54:52.004] |I| [export_sceIoOpen]: Opening file: app0:/Animations/RegionIcon/region_5.png.phyre
[07:54:52.004] |E| [open_file]: Missing file at D:/Emulateurs/Vita3K/mc/ux0/app/PCSB00367/Animations/RegionIcon/region_5.png.phyre (target path: app0:/Animations/RegionIcon/region_5.png.phyre)
[07:54:52.004] |W| [io_error_impl]: open_file (sceIoOpen) returned 0x80010002
[07:54:52.022] |I| [export_sceIoOpen]: Opening file: app0:/Animations/RegionName/backyard.png.phyre
[07:54:52.023] |E| [open_file]: Missing file at D:/Emulateurs/Vita3K/mc/ux0/app/PCSB00367/Animations/RegionName/backyard.png.phyre (target path: app0:/Animations/RegionName/backyard.png.phyre)
[07:54:52.023] |W| [io_error_impl]: open_file (sceIoOpen) returned 0x80010002
[07:54:52.037] |I| [export_sceIoOpen]: Opening file: app0:/Animations/RegionName/bathroom.png.phyre
[07:54:52.037] |E| [open_file]: Missing file at D:/Emulateurs/Vita3K/mc/ux0/app/PCSB00367/Animations/RegionName/bathroom.png.phyre (target path: app0:/Animations/RegionName/bathroom.png.phyre)
[07:54:52.037] |W| [io_error_impl]: open_file (sceIoOpen) returned 0x80010002
[07:54:52.054] |I| [export_sceIoOpen]: Opening file: app0:/Animations/RegionName/kitchen.png.phyre
[07:54:52.054] |E| [open_file]: Missing file at D:/Emulateurs/Vita3K/mc/ux0/app/PCSB00367/Animations/RegionName/kitchen.png.phyre (target path: app0:/Animations/RegionName/kitchen.png.phyre)
[07:54:52.054] |W| [io_error_impl]: open_file (sceIoOpen) returned 0x80010002
[07:54:52.070] |I| [export_sceIoOpen]: Opening file: app0:/Animations/RegionName/nursery.png.phyre
[07:54:52.070] |E| [open_file]: Missing file at D:/Emulateurs/Vita3K/mc/ux0/app/PCSB00367/Animations/RegionName/nursery.png.phyre (target path: app0:/Animations/RegionName/nursery.png.phyre)
[07:54:52.070] |W| [io_error_impl]: open_file (sceIoOpen) returned 0x80010002
[07:54:52.087] |I| [export_sceIoOpen]: Opening file: app0:/Animations/RegionName/office.png.phyre
[07:54:52.087] |E| [open_file]: Missing file at D:/Emulateurs/Vita3K/mc/ux0/app/PCSB00367/Animations/RegionName/office.png.phyre (target path: app0:/Animations/RegionName/office.png.phyre)
[07:54:52.087] |W| [io_error_impl]: open_file (sceIoOpen) returned 0x80010002
[07:54:52.103] |I| [export_sceIoOpen]: Opening file: app0:/Animations/SelectorFrame/frame_small.png.phyre
[07:54:52.104] |E| [open_file]: Missing file at D:/Emulateurs/Vita3K/mc/ux0/app/PCSB00367/Animations/SelectorFrame/frame_small.png.phyre (target path: app0:/Animations/SelectorFrame/frame_small.png.phyre)
[07:54:52.104] |W| [io_error_impl]: open_file (sceIoOpen) returned 0x80010002
[07:54:52.121] |I| [export_sceIoOpen]: Opening file: app0:/Animations/SplatButton/button_down.png.phyre
[07:54:52.122] |E| [open_file]: Missing file at D:/Emulateurs/Vita3K/mc/ux0/app/PCSB00367/Animations/SplatButton/button_down.png.phyre (target path: app0:/Animations/SplatButton/button_down.png.phyre)
[07:54:52.122] |W| [io_error_impl]: open_file (sceIoOpen) returned 0x80010002
[07:54:52.137] |I| [export_sceIoOpen]: Opening file: app0:/Animations/SplatButton/button_up.png.phyre
[07:54:52.137] |E| [open_file]: Missing file at D:/Emulateurs/Vita3K/mc/ux0/app/PCSB00367/Animations/SplatButton/button_up.png.phyre (target path: app0:/Animations/SplatButton/button_up.png.phyre)
[07:54:52.137] |W| [io_error_impl]: open_file (sceIoOpen) returned 0x80010002
[07:54:52.153] |I| [export_sceIoOpen]: Opening file: app0:/Animations/StarIcon/GoldStar.png.phyre
[07:54:52.154] |E| [open_file]: Missing file at D:/Emulateurs/Vita3K/mc/ux0/app/PCSB00367/Animations/StarIcon/GoldStar.png.phyre (target path: app0:/Animations/StarIcon/GoldStar.png.phyre)
[07:54:52.154] |W| [io_error_impl]: open_file (sceIoOpen) returned 0x80010002
[07:54:52.170] |I| [export_sceIoOpen]: Opening file: app0:/Animations/StarIcon/LockIcon.png.phyre
[07:54:52.170] |E| [open_file]: Missing file at D:/Emulateurs/Vita3K/mc/ux0/app/PCSB00367/Animations/StarIcon/LockIcon.png.phyre (target path: app0:/Animations/StarIcon/LockIcon.png.phyre)
[07:54:52.171] |W| [io_error_impl]: open_file (sceIoOpen) returned 0x80010002
[07:54:52.187] |I| [export_sceIoOpen]: Opening file: app0:/Animations/StarIcon/SilverStar.png.phyre
[07:54:52.188] |E| [open_file]: Missing file at D:/Emulateurs/Vita3K/mc/ux0/app/PCSB00367/Animations/StarIcon/SilverStar.png.phyre (target path: app0:/Animations/StarIcon/SilverStar.png.phyre)
[07:54:52.188] |W| [io_error_impl]: open_file (sceIoOpen) returned 0x80010002
[07:54:52.204] |I| [export_sceIoOpen]: Opening file: app0:/Animations/StarIcon/StarOutline.png.phyre
[07:54:52.204] |E| [open_file]: Missing file at D:/Emulateurs/Vita3K/mc/ux0/app/PCSB00367/Animations/StarIcon/StarOutline.png.phyre (target path: app0:/Animations/StarIcon/StarOutline.png.phyre)
[07:54:52.204] |W| [io_error_impl]: open_file (sceIoOpen) returned 0x80010002
[07:54:52.220] |I| [export_sceIoOpen]: Opening file: app0:/Animations/TubeGlow/TubeGlow.png.phyre
[07:54:52.220] |E| [open_file]: Missing file at D:/Emulateurs/Vita3K/mc/ux0/app/PCSB00367/Animations/TubeGlow/TubeGlow.png.phyre (target path: app0:/Animations/TubeGlow/TubeGlow.png.phyre)
[07:54:52.220] |W| [io_error_impl]: open_file (sceIoOpen) returned 0x80010002
[07:54:52.237] |I| [export_sceIoOpen]: Opening file: app0:/Animations/TubeGlowRed/TubeGlowRed.png.phyre
[07:54:52.237] |E| [open_file]: Missing file at D:/Emulateurs/Vita3K/mc/ux0/app/PCSB00367/Animations/TubeGlowRed/TubeGlowRed.png.phyre (target path: app0:/Animations/TubeGlowRed/TubeGlowRed.png.phyre)
[07:54:52.237] |W| [io_error_impl]: open_file (sceIoOpen) returned 0x80010002
[07:54:52.254] |I| [export_sceIoOpen]: Opening file: app0:/Animations/Widgets/Bomb/anim_bomb_0000x0000+0254x0254.png.phyre
[07:54:52.255] |E| [open_file]: Missing file at D:/Emulateurs/Vita3K/mc/ux0/app/PCSB00367/Animations/Widgets/Bomb/anim_bomb_0000x0000+0254x0254.png.phyre (target path: app0:/Animations/Widgets/Bomb/anim_bomb_0000x0000+0254x0254.png.phyre)
[07:54:52.255] |W| [io_error_impl]: open_file (sceIoOpen) returned 0x80010002
[07:54:52.270] |I| [export_sceIoOpen]: Opening file: app0:/Animations/Widgets/Bomb/anim_bomb_0000x0254+0254x0254.png.phyre
[07:54:52.270] |E| [open_file]: Missing file at D:/Emulateurs/Vita3K/mc/ux0/app/PCSB00367/Animations/Widgets/Bomb/anim_bomb_0000x0254+0254x0254.png.phyre (target path: app0:/Animations/Widgets/Bomb/anim_bomb_0000x0254+0254x0254.png.phyre)
[07:54:52.271] |W| [io_error_impl]: open_file (sceIoOpen) returned 0x80010002
[07:54:52.287] |I| [export_sceIoOpen]: Opening file: app0:/Animations/Widgets/Bomb/anim_bomb_0000x0508+0254x0254.png.phyre
[07:54:52.287] |E| [open_file]: Missing file at D:/Emulateurs/Vita3K/mc/ux0/app/PCSB00367/Animations/Widgets/Bomb/anim_bomb_0000x0508+0254x0254.png.phyre (target path: app0:/Animations/Widgets/Bomb/anim_bomb_0000x0508+0254x0254.png.phyre)
[07:54:52.287] |W| [io_error_impl]: open_file (sceIoOpen) returned 0x80010002
[07:54:52.304] |I| [export_sceIoOpen]: Opening file: app0:/Animations/Widgets/Bomb/anim_bomb_0000x0762+0254x0254.png.phyre
[07:54:52.304] |E| [open_file]: Missing file at D:/Emulateurs/Vita3K/mc/ux0/app/PCSB00367/Animations/Widgets/Bomb/anim_bomb_0000x0762+0254x0254.png.phyre (target path: app0:/Animations/Widgets/Bomb/anim_bomb_0000x0762+0254x0254.png.phyre)
[07:54:52.304] |W| [io_error_impl]: open_file (sceIoOpen) returned 0x80010002
[07:54:52.320] |I| [export_sceIoOpen]: Opening file: app0:/Animations/Widgets/Bomb/anim_bomb_0254x0000+0254x0254.png.phyre
[07:54:52.320] |E| [open_file]: Missing file at D:/Emulateurs/Vita3K/mc/ux0/app/PCSB00367/Animations/Widgets/Bomb/anim_bomb_0254x0000+0254x0254.png.phyre (target path: app0:/Animations/Widgets/Bomb/anim_bomb_0254x0000+0254x0254.png.phyre)
[07:54:52.321] |W| [io_error_impl]: open_file (sceIoOpen) returned 0x80010002
[07:54:52.337] |I| [export_sceIoOpen]: Opening file: app0:/Animations/Widgets/Bomb/anim_bomb_0254x0254+0252x0252.png.phyre
[07:54:52.337] |E| [open_file]: Missing file at D:/Emulateurs/Vita3K/mc/ux0/app/PCSB00367/Animations/Widgets/Bomb/anim_bomb_0254x0254+0252x0252.png.phyre (target path: app0:/Animations/Widgets/Bomb/anim_bomb_0254x0254+0252x0252.png.phyre)
[07:54:52.337] |W| [io_error_impl]: open_file (sceIoOpen) returned 0x80010002
[07:54:52.354] |I| [export_sceIoOpen]: Opening file: app0:/Animations/Widgets/Bomb/anim_bomb_0254x0506+0248x0249.png.phyre
[07:54:52.354] |E| [open_file]: Missing file at D:/Emulateurs/Vita3K/mc/ux0/app/PCSB00367/Animations/Widgets/Bomb/anim_bomb_0254x0506+0248x0249.png.phyre (target path: app0:/Animations/Widgets/Bomb/anim_bomb_0254x0506+0248x0249.png.phyre)
[07:54:52.354] |W| [io_error_impl]: open_file (sceIoOpen) returned 0x80010002
[07:54:52.370] |I| [export_sceIoOpen]: Opening file: app0:/Animations/Widgets/Bomb/anim_bomb_0254x0755+0245x0248.png.phyre
[07:54:52.370] |E| [open_file]: Missing file at D:/Emulateurs/Vita3K/mc/ux0/app/PCSB00367/Animations/Widgets/Bomb/anim_bomb_0254x0755+0245x0248.png.phyre (target path: app0:/Animations/Widgets/Bomb/anim_bomb_0254x0755+0245x0248.png.phyre)
[07:54:52.371] |W| [io_error_impl]: open_file (sceIoOpen) returned 0x80010002
[07:54:52.387] |I| [export_sceIoOpen]: Opening file: app0:/Animations/Widgets/Bomb/anim_bomb_0499x0755+0246x0247.png.phyre
[07:54:52.387] |E| [open_file]: Missing file at D:/Emulateurs/Vita3K/mc/ux0/app/PCSB00367/Animations/Widgets/Bomb/anim_bomb_0499x0755+0246x0247.png.phyre (target path: app0:/Animations/Widgets/Bomb/anim_bomb_0499x0755+0246x0247.png.phyre)
[07:54:52.387] |W| [io_error_impl]: open_file (sceIoOpen) returned 0x80010002
[07:54:52.403] |I| [export_sceIoOpen]: Opening file: app0:/Animations/Widgets/Bomb/anim_bomb_0502x0506+0245x0246.png.phyre
[07:54:52.404] |E| [open_file]: Missing file at D:/Emulateurs/Vita3K/mc/ux0/app/PCSB00367/Animations/Widgets/Bomb/anim_bomb_0502x0506+0245x0246.png.phyre (target path: app0:/Animations/Widgets/Bomb/anim_bomb_0502x0506+0245x0246.png.phyre)
[07:54:52.404] |W| [io_error_impl]: open_file (sceIoOpen) returned 0x80010002
[07:54:52.421] |I| [export_sceIoOpen]: Opening file: app0:/Animations/Widgets/Bomb/anim_bomb_0506x0254+0242x0245.png.phyre
[07:54:52.421] |E| [open_file]: Missing file at D:/Emulateurs/Vita3K/mc/ux0/app/PCSB00367/Animations/Widgets/Bomb/anim_bomb_0506x0254+0242x0245.png.phyre (target path: app0:/Animations/Widgets/Bomb/anim_bomb_0506x0254+0242x0245.png.phyre)
[07:54:52.421] |W| [io_error_impl]: open_file (sceIoOpen) returned 0x80010002
[07:54:52.438] |I| [export_sceIoOpen]: Opening file: app0:/Animations/Widgets/Bomb/anim_bomb_0508x0000+0243x0241.png.phyre
[07:54:52.439] |E| [open_file]: Missing file at D:/Emulateurs/Vita3K/mc/ux0/app/PCSB00367/Animations/Widgets/Bomb/anim_bomb_0508x0000+0243x0241.png.phyre (target path: app0:/Animations/Widgets/Bomb/anim_bomb_0508x0000+0243x0241.png.phyre)
[07:54:52.439] |W| [io_error_impl]: open_file (sceIoOpen) returned 0x80010002
[07:54:52.453] |I| [export_sceIoOpen]: Opening file: app0:/Animations/Widgets/Bomb/anim_bomb_0745x0752+0240x0238.png.phyre
[07:54:52.454] |E| [open_file]: Missing file at D:/Emulateurs/Vita3K/mc/ux0/app/PCSB00367/Animations/Widgets/Bomb/anim_bomb_0745x0752+0240x0238.png.phyre (target path: app0:/Animations/Widgets/Bomb/anim_bomb_0745x0752+0240x0238.png.phyre)
[07:54:52.454] |W| [io_error_impl]: open_file (sceIoOpen) returned 0x80010002
[07:54:52.470] |I| [export_sceIoOpen]: Opening file: app0:/Animations/Widgets/Bomb/anim_bomb_0747x0499+0238x0238.png.phyre
[07:54:52.470] |E| [open_file]: Missing file at D:/Emulateurs/Vita3K/mc/ux0/app/PCSB00367/Animations/Widgets/Bomb/anim_bomb_0747x0499+0238x0238.png.phyre (target path: app0:/Animations/Widgets/Bomb/anim_bomb_0747x0499+0238x0238.png.phyre)
[07:54:52.470] |W| [io_error_impl]: open_file (sceIoOpen) returned 0x80010002
[07:54:52.487] |I| [export_sceIoOpen]: Opening file: app0:/Animations/Widgets/Bomb/anim_bomb_0748x0241+0239x0235.png.phyre
[07:54:52.487] |E| [open_file]: Missing file at D:/Emulateurs/Vita3K/mc/ux0/app/PCSB00367/Animations/Widgets/Bomb/anim_bomb_0748x0241+0239x0235.png.phyre (target path: app0:/Animations/Widgets/Bomb/anim_bomb_0748x0241+0239x0235.png.phyre)
[07:54:52.487] |W| [io_error_impl]: open_file (sceIoOpen) returned 0x80010002
[07:54:52.504] |I| [export_sceIoOpen]: Opening file: app0:/Animations/Widgets/Bomb/anim_bomb_0751x0000+0230x0230.png.phyre
[07:54:52.504] |E| [open_file]: Missing file at D:/Emulateurs/Vita3K/mc/ux0/app/PCSB00367/Animations/Widgets/Bomb/anim_bomb_0751x0000+0230x0230.png.phyre (target path: app0:/Animations/Widgets/Bomb/anim_bomb_0751x0000+0230x0230.png.phyre)
[07:54:52.504] |W| [io_error_impl]: open_file (sceIoOpen) returned 0x80010002
[07:54:52.520] |I| [export_sceIoOpen]: Opening file: app0:/Animations/Widgets/Bomb/anim_bomb_0981x0000+0224x0226.png.phyre
[07:54:52.521] |E| [open_file]: Missing file at D:/Emulateurs/Vita3K/mc/ux0/app/PCSB00367/Animations/Widgets/Bomb/anim_bomb_0981x0000+0224x0226.png.phyre (target path: app0:/Animations/Widgets/Bomb/anim_bomb_0981x0000+0224x0226.png.phyre)
[07:54:52.521] |W| [io_error_impl]: open_file (sceIoOpen) returned 0x80010002
[07:54:52.542] |I| [export_sceIoOpen]: Opening file: app0:/Animations/Widgets/Bomb/anim_bomb_0985x0476+0205x0208.png.phyre
[07:54:52.542] |E| [open_file]: Missing file at D:/Emulateurs/Vita3K/mc/ux0/app/PCSB00367/Animations/Widgets/Bomb/anim_bomb_0985x0476+0205x0208.png.phyre (target path: app0:/Animations/Widgets/Bomb/anim_bomb_0985x0476+0205x0208.png.phyre)
[07:54:52.542] |W| [io_error_impl]: open_file (sceIoOpen) returned 0x80010002
[07:54:52.554] |I| [export_sceIoOpen]: Opening file: app0:/Animations/Widgets/Bomb/anim_bomb_0985x0684+0124x0127.png.phyre
[07:54:52.554] |E| [open_file]: Missing file at D:/Emulateurs/Vita3K/mc/ux0/app/PCSB00367/Animations/Widgets/Bomb/anim_bomb_0985x0684+0124x0127.png.phyre (target path: app0:/Animations/Widgets/Bomb/anim_bomb_0985x0684+0124x0127.png.phyre)
[07:54:52.554] |W| [io_error_impl]: open_file (sceIoOpen) returned 0x80010002
[07:54:52.570] |I| [export_sceIoOpen]: Opening file: app0:/Animations/Widgets/Bomb/anim_bomb_0987x0226+0184x0187.png.phyre
[07:54:52.571] |E| [open_file]: Missing file at D:/Emulateurs/Vita3K/mc/ux0/app/PCSB00367/Animations/Widgets/Bomb/anim_bomb_0987x0226+0184x0187.png.phyre (target path: app0:/Animations/Widgets/Bomb/anim_bomb_0987x0226+0184x0187.png.phyre)
[07:54:52.571] |W| [io_error_impl]: open_file (sceIoOpen) returned 0x80010002
[07:54:52.587] |I| [export_sceIoOpen]: Opening file: app0:/Animations/Widgets/Bomb/anim_bomb_1171x0226+0164x0166.png.phyre
[07:54:52.587] |E| [open_file]: Missing file at D:/Emulateurs/Vita3K/mc/ux0/app/PCSB00367/Animations/Widgets/Bomb/anim_bomb_1171x0226+0164x0166.png.phyre (target path: app0:/Animations/Widgets/Bomb/anim_bomb_1171x0226+0164x0166.png.phyre)
[07:54:52.588] |W| [io_error_impl]: open_file (sceIoOpen) returned 0x80010002
[07:54:52.604] |I| [export_sceIoOpen]: Opening file: app0:/Animations/Widgets/Bomb/anim_bomb_1205x0000+0146x0148.png.phyre
[07:54:52.605] |E| [open_file]: Missing file at D:/Emulateurs/Vita3K/mc/ux0/app/PCSB00367/Animations/Widgets/Bomb/anim_bomb_1205x0000+0146x0148.png.phyre (target path: app0:/Animations/Widgets/Bomb/anim_bomb_1205x0000+0146x0148.png.phyre)
[07:54:52.605] |W| [io_error_impl]: open_file (sceIoOpen) returned 0x80010002
[07:54:52.620] |I| [export_sceIoOpen]: Opening file: app0:/Animations/Widgets/Germinator/anim_germ_generic_1_0000x0000+0297x0314.png.phyre
[07:54:52.621] |E| [open_file]: Missing file at D:/Emulateurs/Vita3K/mc/ux0/app/PCSB00367/Animations/Widgets/Germinator/anim_germ_generic_1_0000x0000+0297x0314.png.phyre (target path: app0:/Animations/Widgets/Germinator/anim_germ_generic_1_0000x0000+0297x0314.png.phyre)
[07:54:52.621] |W| [io_error_impl]: open_file (sceIoOpen) returned 0x80010002
[07:54:52.638] |I| [export_sceIoOpen]: Opening file: app0:/Animations/Widgets/Germinator/anim_germ_generic_1_0000x0314+0294x0314.png.phyre
[07:54:52.638] |E| [open_file]: Missing file at D:/Emulateurs/Vita3K/mc/ux0/app/PCSB00367/Animations/Widgets/Germinator/anim_germ_generic_1_0000x0314+0294x0314.png.phyre (target path: app0:/Animations/Widgets/Germinator/anim_germ_generic_1_0000x0314+0294x0314.png.phyre)
[07:54:52.638] |W| [io_error_impl]: open_file (sceIoOpen) returned 0x80010002
[07:54:52.655] |I| [export_sceIoOpen]: Opening file: app0:/Animations/Widgets/Germinator/anim_germ_generic_1_0294x0314+0294x0314.png.phyre
[07:54:52.656] |E| [open_file]: Missing file at D:/Emulateurs/Vita3K/mc/ux0/app/PCSB00367/Animations/Widgets/Germinator/anim_germ_generic_1_0294x0314+0294x0314.png.phyre (target path: app0:/Animations/Widgets/Germinator/anim_germ_generic_1_0294x0314+0294x0314.png.phyre)
[07:54:52.656] |W| [io_error_impl]: open_file (sceIoOpen) returned 0x80010002
[07:54:52.672] |I| [export_sceIoOpen]: Opening file: app0:/Animations/Widgets/Germinator/anim_germ_generic_1_0297x0000+0295x0314.png.phyre
[07:54:52.672] |E| [open_file]: Missing file at D:/Emulateurs/Vita3K/mc/ux0/app/PCSB00367/Animations/Widgets/Germinator/anim_germ_generic_1_0297x0000+0295x0314.png.phyre (target path: app0:/Animations/Widgets/Germinator/anim_germ_generic_1_0297x0000+0295x0314.png.phyre)
[07:54:52.672] |W| [io_error_impl]: open_file (sceIoOpen) returned 0x80010002
[07:54:52.688] |I| [export_sceIoOpen]: Opening file: app0:/Animations/Widgets/Germinator/anim_germ_generic_1_0588x0314+0286x0305.png.phyre
[07:54:52.688] |E| [open_file]: Missing file at D:/Emulateurs/Vita3K/mc/ux0/app/PCSB00367/Animations/Widgets/Germinator/anim_germ_generic_1_0588x0314+0286x0305.png.phyre (target path: app0:/Animations/Widgets/Germinator/anim_germ_generic_1_0588x0314+0286x0305.png.phyre)
[07:54:52.688] |W| [io_error_impl]: open_file (sceIoOpen) returned 0x80010002
[07:54:52.705] |I| [export_sceIoOpen]: Opening file: app0:/Animations/Widgets/Germinator/anim_germ_generic_1_0592x0000+0294x0314.png.phyre
[07:54:52.705] |E| [open_file]: Missing file at D:/Emulateurs/Vita3K/mc/ux0/app/PCSB00367/Animations/Widgets/Germinator/anim_germ_generic_1_0592x0000+0294x0314.png.phyre (target path: app0:/Animations/Widgets/Germinator/anim_germ_generic_1_0592x0000+0294x0314.png.phyre)
[07:54:52.706] |W| [io_error_impl]: open_file (sceIoOpen) returned 0x80010002
[07:54:52.721] |I| [export_sceIoOpen]: Opening file: app0:/Animations/Widgets/Germinator/anim_germ_generic_1_0874x0314+0286x0305.png.phyre
[07:54:52.721] |E| [open_file]: Missing file at D:/Emulateurs/Vita3K/mc/ux0/app/PCSB00367/Animations/Widgets/Germinator/anim_germ_generic_1_0874x0314+0286x0305.png.phyre (target path: app0:/Animations/Widgets/Germinator/anim_germ_generic_1_0874x0314+0286x0305.png.phyre)
[07:54:52.721] |W| [io_error_impl]: open_file (sceIoOpen) returned 0x80010002
[07:54:52.738] |I| [export_sceIoOpen]: Opening file: app0:/Animations/Widgets/Germinator/anim_germ_generic_1_0886x0000+0294x0314.png.phyre
[07:54:52.739] |E| [open_file]: Missing file at D:/Emulateurs/Vita3K/mc/ux0/app/PCSB00367/Animations/Widgets/Germinator/anim_germ_generic_1_0886x0000+0294x0314.png.phyre (target path: app0:/Animations/Widgets/Germinator/anim_germ_generic_1_0886x0000+0294x0314.png.phyre)
[07:54:52.739] |W| [io_error_impl]: open_file (sceIoOpen) returned 0x80010002
[07:54:52.754] |I| [export_sceIoOpen]: Opening file: app0:/Animations/Widgets/Germinator/anim_germ_generic_1_1160x0314+0286x0305.png.phyre
[07:54:52.754] |E| [open_file]: Missing file at D:/Emulateurs/Vita3K/mc/ux0/app/PCSB00367/Animations/Widgets/Germinator/anim_germ_generic_1_1160x0314+0286x0305.png.phyre (target path: app0:/Animations/Widgets/Germinator/anim_germ_generic_1_1160x0314+0286x0305.png.phyre)
[07:54:52.754] |W| [io_error_impl]: open_file (sceIoOpen) returned 0x80010002
[07:54:52.772] |I| [export_sceIoOpen]: Opening file: app0:/Animations/Widgets/Germinator/anim_germ_generic_1_1180x0000+0294x0314.png.phyre
[07:54:52.772] |E| [open_file]: Missing file at D:/Emulateurs/Vita3K/mc/ux0/app/PCSB00367/Animations/Widgets/Germinator/anim_germ_generic_1_1180x0000+0294x0314.png.phyre (target path: app0:/Animations/Widgets/Germinator/anim_germ_generic_1_1180x0000+0294x0314.png.phyre)
[07:54:52.772] |W| [io_error_impl]: open_file (sceIoOpen) returned 0x80010002
[07:54:52.787] |I| [export_sceIoOpen]: Opening file: app0:/Animations/Widgets/Germinator/anim_germ_generic_1_1446x0314+0286x0305.png.phyre
[07:54:52.787] |E| [open_file]: Missing file at D:/Emulateurs/Vita3K/mc/ux0/app/PCSB00367/Animations/Widgets/Germinator/anim_germ_generic_1_1446x0314+0286x0305.png.phyre (target path: app0:/Animations/Widgets/Germinator/anim_germ_generic_1_1446x0314+0286x0305.png.phyre)
[07:54:52.787] |W| [io_error_impl]: open_file (sceIoOpen) returned 0x80010002
[07:54:52.805] |I| [export_sceIoOpen]: Opening file: app0:/Animations/Widgets/Germinator/anim_germ_generic_1_1474x0000+0297x0314.png.phyre
[07:54:52.805] |E| [open_file]: Missing file at D:/Emulateurs/Vita3K/mc/ux0/app/PCSB00367/Animations/Widgets/Germinator/anim_germ_generic_1_1474x0000+0297x0314.png.phyre (target path: app0:/Animations/Widgets/Germinator/anim_germ_generic_1_1474x0000+0297x0314.png.phyre)
[07:54:52.806] |W| [io_error_impl]: open_file (sceIoOpen) returned 0x80010002
[07:54:52.820] |I| [export_sceIoOpen]: Opening file: app0:/Animations/Widgets/Germinator/anim_germ_generic_1_1732x0314+0286x0305.png.phyre
[07:54:52.821] |E| [open_file]: Missing file at D:/Emulateurs/Vita3K/mc/ux0/app/PCSB00367/Animations/Widgets/Germinator/anim_germ_generic_1_1732x0314+0286x0305.png.phyre (target path: app0:/Animations/Widgets/Germinator/anim_germ_generic_1_1732x0314+0286x0305.png.phyre)
[07:54:52.821] |W| [io_error_impl]: open_file (sceIoOpen) returned 0x80010002
[07:54:52.839] |I| [export_sceIoOpen]: Opening file: app0:/Animations/Widgets/GoldStar/anim_star_0000x0000+0219x0213.png.phyre
[07:54:52.840] |E| [open_file]: Missing file at D:/Emulateurs/Vita3K/mc/ux0/app/PCSB00367/Animations/Widgets/GoldStar/anim_star_0000x0000+0219x0213.png.phyre (target path: app0:/Animations/Widgets/GoldStar/anim_star_0000x0000+0219x0213.png.phyre)
[07:54:52.840] |W| [io_error_impl]: open_file (sceIoOpen) returned 0x80010002
[07:54:52.854] |I| [export_sceIoOpen]: Opening file: app0:/Animations/Widgets/GoldStar/anim_star_0000x0213+0190x0184.png.phyre
[07:54:52.855] |E| [open_file]: Missing file at D:/Emulateurs/Vita3K/mc/ux0/app/PCSB00367/Animations/Widgets/GoldStar/anim_star_0000x0213+0190x0184.png.phyre (target path: app0:/Animations/Widgets/GoldStar/anim_star_0000x0213+0190x0184.png.phyre)
[07:54:52.855] |W| [io_error_impl]: open_file (sceIoOpen) returned 0x80010002
[07:54:52.871] |I| [export_sceIoOpen]: Opening file: app0:/Animations/Widgets/GoldStar/anim_star_0000x0397+0165x0164.png.phyre
[07:54:52.871] |E| [open_file]: Missing file at D:/Emulateurs/Vita3K/mc/ux0/app/PCSB00367/Animations/Widgets/GoldStar/anim_star_0000x0397+0165x0164.png.phyre (target path: app0:/Animations/Widgets/GoldStar/anim_star_0000x0397+0165x0164.png.phyre)
[07:54:52.872] |W| [io_error_impl]: open_file (sceIoOpen) returned 0x80010002
[07:54:52.888] |I| [export_sceIoOpen]: Opening file: app0:/Animations/Widgets/GoldStar/anim_star_0000x0561+0162x0162.png.phyre
[07:54:52.888] |E| [open_file]: Missing file at D:/Emulateurs/Vita3K/mc/ux0/app/PCSB00367/Animations/Widgets/GoldStar/anim_star_0000x0561+0162x0162.png.phyre (target path: app0:/Animations/Widgets/GoldStar/anim_star_0000x0561+0162x0162.png.phyre)
[07:54:52.888] |W| [io_error_impl]: open_file (sceIoOpen) returned 0x80010002
[07:54:52.904] |I| [export_sceIoOpen]: Opening file: app0:/Animations/Widgets/GoldStar/anim_star_0162x0561+0162x0162.png.phyre
[07:54:52.904] |E| [open_file]: Missing file at D:/Emulateurs/Vita3K/mc/ux0/app/PCSB00367/Animations/Widgets/GoldStar/anim_star_0162x0561+0162x0162.png.phyre (target path: app0:/Animations/Widgets/GoldStar/anim_star_0162x0561+0162x0162.png.phyre)
[07:54:52.904] |W| [io_error_impl]: open_file (sceIoOpen) returned 0x80010002
[07:54:52.920] |I| [export_sceIoOpen]: Opening file: app0:/Animations/Widgets/GoldStar/anim_star_0165x0397+0162x0162.png.phyre
[07:54:52.921] |E| [open_file]: Missing file at D:/Emulateurs/Vita3K/mc/ux0/app/PCSB00367/Animations/Widgets/GoldStar/anim_star_0165x0397+0162x0162.png.phyre (target path: app0:/Animations/Widgets/GoldStar/anim_star_0165x0397+0162x0162.png.phyre)
[07:54:52.921] |W| [io_error_impl]: open_file (sceIoOpen) returned 0x80010002
[07:54:52.937] |I| [export_sceIoOpen]: Opening file: app0:/Animations/Widgets/GoldStar/anim_star_0190x0213+0170x0182.png.phyre
[07:54:52.938] |E| [open_file]: Missing file at D:/Emulateurs/Vita3K/mc/ux0/app/PCSB00367/Animations/Widgets/GoldStar/anim_star_0190x0213+0170x0182.png.phyre (target path: app0:/Animations/Widgets/GoldStar/anim_star_0190x0213+0170x0182.png.phyre)
[07:54:52.938] |W| [io_error_impl]: open_file (sceIoOpen) returned 0x80010002
[07:54:52.954] |I| [export_sceIoOpen]: Opening file: app0:/Animations/Widgets/GoldStar/anim_star_0219x0000+0176x0201.png.phyre
[07:54:52.954] |E| [open_file]: Missing file at D:/Emulateurs/Vita3K/mc/ux0/app/PCSB00367/Animations/Widgets/GoldStar/anim_star_0219x0000+0176x0201.png.phyre (target path: app0:/Animations/Widgets/GoldStar/anim_star_0219x0000+0176x0201.png.phyre)
[07:54:52.954] |W| [io_error_impl]: open_file (sceIoOpen) returned 0x80010002
[07:54:52.970] |I| [export_sceIoOpen]: Opening file: app0:/Animations/Widgets/GoldStar/anim_star_0324x0561+0162x0162.png.phyre
[07:54:52.971] |E| [open_file]: Missing file at D:/Emulateurs/Vita3K/mc/ux0/app/PCSB00367/Animations/Widgets/GoldStar/anim_star_0324x0561+0162x0162.png.phyre (target path: app0:/Animations/Widgets/GoldStar/anim_star_0324x0561+0162x0162.png.phyre)
[07:54:52.971] |W| [io_error_impl]: open_file (sceIoOpen) returned 0x80010002
[07:54:52.987] |I| [export_sceIoOpen]: Opening file: app0:/Animations/Widgets/GoldStar/anim_star_0327x0397+0162x0162.png.phyre
[07:54:52.987] |E| [open_file]: Missing file at D:/Emulateurs/Vita3K/mc/ux0/app/PCSB00367/Animations/Widgets/GoldStar/anim_star_0327x0397+0162x0162.png.phyre (target path: app0:/Animations/Widgets/GoldStar/anim_star_0327x0397+0162x0162.png.phyre)
[07:54:52.987] |W| [io_error_impl]: open_file (sceIoOpen) returned 0x80010002
[07:54:53.004] |I| [export_sceIoOpen]: Opening file: app0:/Animations/Widgets/GoldStar/anim_star_0360x0213+0168x0175.png.phyre
[07:54:53.004] |E| [open_file]: Missing file at D:/Emulateurs/Vita3K/mc/ux0/app/PCSB00367/Animations/Widgets/GoldStar/anim_star_0360x0213+0168x0175.png.phyre (target path: app0:/Animations/Widgets/GoldStar/anim_star_0360x0213+0168x0175.png.phyre)
[07:54:53.004] |W| [io_error_impl]: open_file (sceIoOpen) returned 0x80010002
[07:54:53.020] |I| [export_sceIoOpen]: Opening file: app0:/Animations/Widgets/GoldStar/anim_star_0395x0000+0198x0194.png.phyre
[07:54:53.021] |E| [open_file]: Missing file at D:/Emulateurs/Vita3K/mc/ux0/app/PCSB00367/Animations/Widgets/GoldStar/anim_star_0395x0000+0198x0194.png.phyre (target path: app0:/Animations/Widgets/GoldStar/anim_star_0395x0000+0198x0194.png.phyre)
[07:54:53.021] |W| [io_error_impl]: open_file (sceIoOpen) returned 0x80010002
[07:54:53.037] |I| [export_sceIoOpen]: Opening file: app0:/Animations/Widgets/GoldStar/anim_star_0489x0397+0162x0162.png.phyre
[07:54:53.037] |E| [open_file]: Missing file at D:/Emulateurs/Vita3K/mc/ux0/app/PCSB00367/Animations/Widgets/GoldStar/anim_star_0489x0397+0162x0162.png.phyre (target path: app0:/Animations/Widgets/GoldStar/anim_star_0489x0397+0162x0162.png.phyre)
[07:54:53.038] |W| [io_error_impl]: open_file (sceIoOpen) returned 0x80010002
[07:54:53.054] |I| [export_sceIoOpen]: Opening file: app0:/Animations/Widgets/GoldStar/anim_star_0528x0213+0177x0173.png.phyre
[07:54:53.054] |E| [open_file]: Missing file at D:/Emulateurs/Vita3K/mc/ux0/app/PCSB00367/Animations/Widgets/GoldStar/anim_star_0528x0213+0177x0173.png.phyre (target path: app0:/Animations/Widgets/GoldStar/anim_star_0528x0213+0177x0173.png.phyre)
[07:54:53.056] |W| [io_error_impl]: open_file (sceIoOpen) returned 0x80010002
[07:54:53.070] |I| [export_sceIoOpen]: Opening file: app0:/Animations/Widgets/GoldStar/anim_star_0593x0000+0174x0194.png.phyre
[07:54:53.071] |E| [open_file]: Missing file at D:/Emulateurs/Vita3K/mc/ux0/app/PCSB00367/Animations/Widgets/GoldStar/anim_star_0593x0000+0174x0194.png.phyre (target path: app0:/Animations/Widgets/GoldStar/anim_star_0593x0000+0174x0194.png.phyre)
[07:54:53.071] |W| [io_error_impl]: open_file (sceIoOpen) returned 0x80010002
[07:54:53.087] |I| [export_sceIoOpen]: Opening file: app0:/Animations/Widgets/GoldStar/anim_star_0651x0397+0162x0162.png.phyre
[07:54:53.087] |E| [open_file]: Missing file at D:/Emulateurs/Vita3K/mc/ux0/app/PCSB00367/Animations/Widgets/GoldStar/anim_star_0651x0397+0162x0162.png.phyre (target path: app0:/Animations/Widgets/GoldStar/anim_star_0651x0397+0162x0162.png.phyre)
[07:54:53.088] |W| [io_error_impl]: open_file (sceIoOpen) returned 0x80010002
[07:54:53.104] |I| [export_sceIoOpen]: Opening file: app0:/Animations/Widgets/GoldStar/anim_star_0705x0213+0165x0169.png.phyre
[07:54:53.104] |E| [open_file]: Missing file at D:/Emulateurs/Vita3K/mc/ux0/app/PCSB00367/Animations/Widgets/GoldStar/anim_star_0705x0213+0165x0169.png.phyre (target path: app0:/Animations/Widgets/GoldStar/anim_star_0705x0213+0165x0169.png.phyre)
[07:54:53.104] |W| [io_error_impl]: open_file (sceIoOpen) returned 0x80010002
[07:54:53.120] |I| [export_sceIoOpen]: Opening file: app0:/Animations/Widgets/GoldStar/anim_star_0767x0000+0172x0188.png.phyre
[07:54:53.121] |E| [open_file]: Missing file at D:/Emulateurs/Vita3K/mc/ux0/app/PCSB00367/Animations/Widgets/GoldStar/anim_star_0767x0000+0172x0188.png.phyre (target path: app0:/Animations/Widgets/GoldStar/anim_star_0767x0000+0172x0188.png.phyre)
[07:54:53.121] |W| [io_error_impl]: open_file (sceIoOpen) returned 0x80010002
[07:54:53.137] |I| [export_sceIoOpen]: Opening file: app0:/Animations/Widgets/GoldStar/anim_star_0813x0397+0162x0162.png.phyre
[07:54:53.137] |E| [open_file]: Missing file at D:/Emulateurs/Vita3K/mc/ux0/app/PCSB00367/Animations/Widgets/GoldStar/anim_star_0813x0397+0162x0162.png.phyre (target path: app0:/Animations/Widgets/GoldStar/anim_star_0813x0397+0162x0162.png.phyre)
[07:54:53.137] |W| [io_error_impl]: open_file (sceIoOpen) returned 0x80010002
[07:54:53.154] |I| [export_sceIoOpen]: Opening file: app0:/Animations/Widgets/Grime/anim_grime_0000x0000+0256x0090.png.phyre
[07:54:53.154] |E| [open_file]: Missing file at D:/Emulateurs/Vita3K/mc/ux0/app/PCSB00367/Animations/Widgets/Grime/anim_grime_0000x0000+0256x0090.png.phyre (target path: app0:/Animations/Widgets/Grime/anim_grime_0000x0000+0256x0090.png.phyre)
[07:54:53.154] |W| [io_error_impl]: open_file (sceIoOpen) returned 0x80010002
[07:54:53.170] |I| [export_sceIoOpen]: Opening file: app0:/Animations/Widgets/Grime/anim_grime_0000x0090+0256x0088.png.phyre
[07:54:53.171] |E| [open_file]: Missing file at D:/Emulateurs/Vita3K/mc/ux0/app/PCSB00367/Animations/Widgets/Grime/anim_grime_0000x0090+0256x0088.png.phyre (target path: app0:/Animations/Widgets/Grime/anim_grime_0000x0090+0256x0088.png.phyre)
[07:54:53.171] |W| [io_error_impl]: open_file (sceIoOpen) returned 0x80010002
[07:54:53.188] |I| [export_sceIoOpen]: Opening file: app0:/Animations/Widgets/Grime/anim_grime_0000x0178+0256x0085.png.phyre
[07:54:53.188] |E| [open_file]: Missing file at D:/Emulateurs/Vita3K/mc/ux0/app/PCSB00367/Animations/Widgets/Grime/anim_grime_0000x0178+0256x0085.png.phyre (target path: app0:/Animations/Widgets/Grime/anim_grime_0000x0178+0256x0085.png.phyre)
[07:54:53.188] |W| [io_error_impl]: open_file (sceIoOpen) returned 0x80010002
[07:54:53.204] |I| [export_sceIoOpen]: Opening file: app0:/Animations/Widgets/Grime/anim_grime_0256x0000+0256x0090.png.phyre
[07:54:53.204] |E| [open_file]: Missing file at D:/Emulateurs/Vita3K/mc/ux0/app/PCSB00367/Animations/Widgets/Grime/anim_grime_0256x0000+0256x0090.png.phyre (target path: app0:/Animations/Widgets/Grime/anim_grime_0256x0000+0256x0090.png.phyre)
[07:54:53.204] |W| [io_error_impl]: open_file (sceIoOpen) returned 0x80010002
[07:54:53.221] |I| [export_sceIoOpen]: Opening file: app0:/Animations/Widgets/Grime/anim_grime_0256x0090+0256x0086.png.phyre
[07:54:53.221] |E| [open_file]: Missing file at D:/Emulateurs/Vita3K/mc/ux0/app/PCSB00367/Animations/Widgets/Grime/anim_grime_0256x0090+0256x0086.png.phyre (target path: app0:/Animations/Widgets/Grime/anim_grime_0256x0090+0256x0086.png.phyre)
[07:54:53.221] |W| [io_error_impl]: open_file (sceIoOpen) returned 0x80010002
[07:54:53.237] |I| [export_sceIoOpen]: Opening file: app0:/Animations/Widgets/Grime/anim_grime_0256x0178+0256x0084.png.phyre
[07:54:53.237] |E| [open_file]: Missing file at D:/Emulateurs/Vita3K/mc/ux0/app/PCSB00367/Animations/Widgets/Grime/anim_grime_0256x0178+0256x0084.png.phyre (target path: app0:/Animations/Widgets/Grime/anim_grime_0256x0178+0256x0084.png.phyre)
[07:54:53.237] |W| [io_error_impl]: open_file (sceIoOpen) returned 0x80010002
[07:54:53.254] |I| [export_sceIoOpen]: Opening file: app0:/Animations/Widgets/Grime/anim_grime_0512x0000+0256x0089.png.phyre
[07:54:53.254] |E| [open_file]: Missing file at D:/Emulateurs/Vita3K/mc/ux0/app/PCSB00367/Animations/Widgets/Grime/anim_grime_0512x0000+0256x0089.png.phyre (target path: app0:/Animations/Widgets/Grime/anim_grime_0512x0000+0256x0089.png.phyre)
[07:54:53.254] |W| [io_error_impl]: open_file (sceIoOpen) returned 0x80010002
[07:54:53.270] |I| [export_sceIoOpen]: Opening file: app0:/Animations/Widgets/Grime/anim_grime_0512x0090+0256x0086.png.phyre
[07:54:53.271] |E| [open_file]: Missing file at D:/Emulateurs/Vita3K/mc/ux0/app/PCSB00367/Animations/Widgets/Grime/anim_grime_0512x0090+0256x0086.png.phyre (target path: app0:/Animations/Widgets/Grime/anim_grime_0512x0090+0256x0086.png.phyre)
[07:54:53.271] |W| [io_error_impl]: open_file (sceIoOpen) returned 0x80010002
[07:54:53.287] |I| [export_sceIoOpen]: Opening file: app0:/Animations/Widgets/Grime/anim_grime_0512x0178+0256x0084.png.phyre
[07:54:53.287] |E| [open_file]: Missing file at D:/Emulateurs/Vita3K/mc/ux0/app/PCSB00367/Animations/Widgets/Grime/anim_grime_0512x0178+0256x0084.png.phyre (target path: app0:/Animations/Widgets/Grime/anim_grime_0512x0178+0256x0084.png.phyre)
[07:54:53.287] |W| [io_error_impl]: open_file (sceIoOpen) returned 0x80010002
[07:54:53.304] |I| [export_sceIoOpen]: Opening file: app0:/Animations/Widgets/Grime/anim_grime_0768x0000+0256x0089.png.phyre
[07:54:53.304] |E| [open_file]: Missing file at D:/Emulateurs/Vita3K/mc/ux0/app/PCSB00367/Animations/Widgets/Grime/anim_grime_0768x0000+0256x0089.png.phyre (target path: app0:/Animations/Widgets/Grime/anim_grime_0768x0000+0256x0089.png.phyre)
[07:54:53.304] |W| [io_error_impl]: open_file (sceIoOpen) returned 0x80010002
[07:54:53.321] |I| [export_sceIoOpen]: