[06:38:26.304] |I| [load_app_impl]: cpu-backend: Dynarmic
[06:38:26.304] |I| [load_app_impl]: CPU Optimisation state: true
[06:38:26.304] |I| [load_app_impl]: at9 audio decoder state: true
[06:38:26.304] |I| [load_app_impl]: ngs experimental state: true
[06:38:26.304] |I| [load_app_impl]: video player state: true
[06:38:26.304] |I| [load_app_impl]: lle-modules: libpgf,libSceXml,libsas,liblocation,libhandwriting,libSceJson
[06:38:26.304] |I| [load_app_impl]: Title: Squares
[06:38:26.304] |I| [load_app_impl]: Serial: PCSB00850
[06:38:26.304] |I| [load_app_impl]: Version: 1.00
[06:38:26.305] |I| [load_app_impl]: Category: gd
[06:38:26.361] |C| [load_self]: Unknown segment type 0x6FFFFF01
[06:38:26.361] |I| [load_self]: Loaded module segment 0 @ [0x00007000 - 0x00058814 / 0x81000000] (size: 0x00051814) of module ux0:app\PCSB00850\sce_module\libc.suprx
[06:38:26.361] |I| [load_self]: Loaded module segment 1 @ [0x00059000 - 0x0005B8A0 / 0x81052000] (size: 0x000028A0) of module ux0:app\PCSB00850\sce_module\libc.suprx
[06:38:26.361] |I| [load_self]: Loading symbols for SELF: ux0:app\PCSB00850\sce_module\libc.suprx
[06:38:26.362] |D| [load_var_exports]: 	NID 0x936C8A78 (SYSLYB) at 0x4E284
[06:38:26.362] |D| [load_var_exports]: 	NID 0x6C2224BA (NID_MODULE_INFO) at 0x4344C
[06:38:26.362] |W| [load_var_imports]: 	NID NOT FOUND 0x93B8AA67 (UNRECOGNISED) at 0x475AC, setting to stub value 0xDEADBEEF
[06:38:26.364] |W| [load_var_imports]: 	NID NOT FOUND 0xDF084DFA (UNRECOGNISED) at 0x49140, setting to stub value 0xDEADBEEF
[06:38:26.365] |I| [pre_load_module]: Pre-load module SceLibc (at "app\PCSB00850\sce_module\libc.suprx") loaded
[06:38:26.369] |C| [load_self]: Unknown segment type 0x6FFFFF01
[06:38:26.369] |I| [load_self]: Loaded module segment 0 @ [0x0005E000 - 0x00077000 / 0x81000000] (size: 0x00019000) of module ux0:app\PCSB00850\sce_module\libface.suprx
[06:38:26.370] |I| [load_self]: Loaded module segment 1 @ [0x00077000 - 0x000770F8 / 0x81019000] (size: 0x000000F8) of module ux0:app\PCSB00850\sce_module\libface.suprx
[06:38:26.370] |I| [load_self]: Loading symbols for SELF: ux0:app\PCSB00850\sce_module\libface.suprx
[06:38:26.371] |D| [load_var_exports]: 	NID 0x6C2224BA (NID_MODULE_INFO) at 0x73DA4
[06:38:26.371] |D| [load_var_exports]: 	NID 0x936C8A78 (SYSLYB) at 0x76784
[06:38:26.371] |I| [pre_load_module]: Pre-load module SceFace (at "app\PCSB00850\sce_module\libface.suprx") loaded
[06:38:26.378] |C| [load_self]: Unknown segment type 0x6FFFFF01
[06:38:26.378] |I| [load_self]: Loaded module segment 0 @ [0x00078000 - 0x000A4CBF / 0x81000000] (size: 0x0002CCBF) of module ux0:app\PCSB00850\sce_module\libfios2.suprx
[06:38:26.382] |I| [load_self]: Loaded module segment 1 @ [0x000A5000 - 0x000AA255 / 0x8102D000] (size: 0x00005255) of module ux0:app\PCSB00850\sce_module\libfios2.suprx
[06:38:26.383] |I| [load_self]: Loading symbols for SELF: ux0:app\PCSB00850\sce_module\libfios2.suprx
[06:38:26.384] |D| [load_var_exports]: 	NID 0x936C8A78 (SYSLYB) at 0xA4BC8
[06:38:26.384] |D| [load_var_exports]: 	NID 0x6C2224BA (NID_MODULE_INFO) at 0x9BF08
[06:38:26.384] |I| [pre_load_module]: Pre-load module SceLibFios2 (at "app\PCSB00850\sce_module\libfios2.suprx") loaded
[06:38:26.432] |C| [load_self]: Unknown segment type 0x6FFFFF01
[06:38:26.433] |I| [load_self]: Loaded module segment 0 @ [0x000AB000 - 0x002B8AF4 / 0x81000000] (size: 0x0020DAF4) of module ux0:app\PCSB00850\sce_module\libsmart.suprx
[06:38:26.434] |I| [load_self]: Loaded module segment 1 @ [0x002B9000 - 0x002BC444 / 0x8120E000] (size: 0x00003444) of module ux0:app\PCSB00850\sce_module\libsmart.suprx
[06:38:26.434] |I| [load_self]: Loading symbols for SELF: ux0:app\PCSB00850\sce_module\libsmart.suprx
[06:38:26.435] |D| [load_var_exports]: 	NID 0x6C2224BA (NID_MODULE_INFO) at 0x156528
[06:38:26.435] |D| [load_var_exports]: 	NID 0x936C8A78 (SYSLYB) at 0x15D90C
[06:38:26.436] |I| [pre_load_module]: Pre-load module SceSmart (at "app\PCSB00850\sce_module\libsmart.suprx") loaded
[06:38:26.441] |C| [load_self]: Unknown segment type 0x6FFFFF01
[06:38:26.441] |I| [load_self]: Loaded module segment 0 @ [0x002BD000 - 0x002D09A4 / 0x81000000] (size: 0x000139A4) of module ux0:app\PCSB00850\sce_module\libult.suprx
[06:38:26.442] |I| [load_self]: Loaded module segment 1 @ [0x002D1000 - 0x002D1814 / 0x81014000] (size: 0x00000814) of module ux0:app\PCSB00850\sce_module\libult.suprx
[06:38:26.442] |I| [load_self]: Loading symbols for SELF: ux0:app\PCSB00850\sce_module\libult.suprx
[06:38:26.443] |D| [load_var_exports]: 	NID 0x936C8A78 (SYSLYB) at 0x2CF2D0
[06:38:26.445] |D| [load_var_exports]: 	NID 0x6C2224BA (NID_MODULE_INFO) at 0x2CC858
[06:38:26.446] |I| [pre_load_module]: Pre-load module SceUlt (at "app\PCSB00850\sce_module\libult.suprx") loaded
[06:38:26.453] |I| [load_self]: Loaded module segment 0 @ [0x002D2000 - 0x00322F04 / 0x81000000] (size: 0x00050F04) of module vs0:sys/external/libSceFt2.suprx
[06:38:26.454] |I| [load_self]: Loaded module segment 1 @ [0x00323000 - 0x003232F4 / 0x81051000] (size: 0x000002F4) of module vs0:sys/external/libSceFt2.suprx
[06:38:26.455] |I| [load_self]: Loading symbols for SELF: vs0:sys/external/libSceFt2.suprx
[06:38:26.455] |D| [load_var_exports]: 	NID 0x936C8A78 (SYSLYB) at 0x30E7DC
[06:38:26.456] |D| [load_var_exports]: 	NID 0x6C2224BA (NID_MODULE_INFO) at 0x30DF10
[06:38:26.456] |I| [pre_load_module]: Pre-load module SceLibft2 (at "sys/external/libSceFt2.suprx") loaded
[06:38:26.459] |I| [load_self]: Loaded module segment 0 @ [0x00324000 - 0x00333F14 / 0x81000000] (size: 0x0000FF14) of module vs0:sys/external/libpvf.suprx
[06:38:26.460] |I| [load_self]: Loaded module segment 1 @ [0x00334000 - 0x00334008 / 0x81010000] (size: 0x00000008) of module vs0:sys/external/libpvf.suprx
[06:38:26.461] |I| [load_self]: Loading symbols for SELF: vs0:sys/external/libpvf.suprx
[06:38:26.462] |D| [load_var_exports]: 	NID 0x936C8A78 (SYSLYB) at 0x332710
[06:38:26.463] |D| [load_var_exports]: 	NID 0x6C2224BA (NID_MODULE_INFO) at 0x332300
[06:38:26.463] |I| [pre_load_module]: Pre-load module SceLibPvf (at "sys/external/libpvf.suprx") loaded
[06:38:27.091] |C| [load_self]: Unknown segment type 0x6FFFFF01
[06:38:27.091] |I| [load_self]: Loaded module segment 0 @ [0x00335000 - 0x01BAE2F0 / 0x81000000] (size: 0x018792F0) of module app0:eboot.bin
[06:38:27.092] |I| [load_self]: Loaded module segment 1 @ [0x01BAF000 - 0x01E874E0 / 0x8287A000] (size: 0x002D84E0) of module app0:eboot.bin
[06:38:27.093] |I| [load_self]: Loading symbols for SELF: app0:eboot.bin
[06:38:27.093] |D| [load_var_exports]: 	NID 0x6C2224BA (NID_MODULE_INFO) at 0x19DE7FC
[06:38:27.094] |D| [load_var_exports]: 	NID 0x70FBA1E7 (SCE_PROC_PARAMS) at 0x1BAF08C
[06:38:27.094] |D| [load_var_exports]: 	NID 0x936C8A78 (SYSLYB) at 0x1AF9994
[06:38:27.095] |W| [load_var_imports]: 	NID NOT FOUND 0x1A5C609 (UNRECOGNISED) at 0x1A074EC, setting to stub value 0xDEADBEEF
[06:38:27.096] |W| [load_var_imports]: 	NID NOT FOUND 0x6EF1E48 (UNRECOGNISED) at 0x1A07214, setting to stub value 0xDEADBEEF
[06:38:27.098] |I| [load_app_impl]: Main executable UnityPlayer_437_Release (eboot.bin) loaded
[06:38:27.108] |D| [run_app]: Running module_start of library: SceLibc at address 0x7871
[06:38:27.128] |I| [run_app]: Module SceLibc (at "ux0:app\PCSB00850\sce_module\libc.suprx") module_start returned 0x0
[06:38:27.132] |D| [run_app]: Running module_start of library: SceFace at address 0x73265
[06:38:27.142] |I| [run_app]: Module SceFace (at "ux0:app\PCSB00850\sce_module\libface.suprx") module_start returned 0x0
[06:38:27.146] |D| [run_app]: Running module_start of library: SceLibFios2 at address 0x78001
[06:38:27.155] |W| [stubbed_impl]: Stubbed sceKernelGetProcessId import called. (pid: 0)
[06:38:27.156] |D| [export_sceFiosOverlayGetList02]: maxIDs: 127
[06:38:27.156] |W| [unimplemented_impl]: Unimplemented sceFiosOverlayGetList02 import called.
[06:38:27.157] |I| [run_app]: Module SceLibFios2 (at "ux0:app\PCSB00850\sce_module\libfios2.suprx") module_start returned 0x0
[06:38:27.161] |D| [run_app]: Running module_start of library: SceSmart at address 0xAB18D
[06:38:27.173] |I| [run_app]: Module SceSmart (at "ux0:app\PCSB00850\sce_module\libsmart.suprx") module_start returned 0x0
[06:38:27.178] |D| [run_app]: Running module_start of library: SceUlt at address 0x2C0769
[06:38:27.186] |W| [unimplemented_impl]: Unimplemented _sceUlobjMgrRegisterLibultProtocolRevision import called.
[06:38:27.187] |I| [run_app]: Module SceUlt (at "ux0:app\PCSB00850\sce_module\libult.suprx") module_start returned 0x0
[06:38:27.198] |W| [unimplemented_impl]: Unimplemented sceKernelRegisterThreadEventHandler import called.
[06:38:27.393] |D| [export_sceSysmoduleLoadModule]: module id: 7
[06:38:27.394] |D| [export_sceSysmoduleLoadModule]: module: libult
[06:38:27.396] |E| [call_import]: Import function for NID 0xD7F0F610 not found (thread name: PCSB00850, thread ID: 10)
[06:38:27.398] |W| [stubbed_impl]: Stubbed sceKernelGetFreeMemorySize import called. (Single pool)
[06:38:27.398] |W| [unimplemented_impl]: Unimplemented sceAppUtilInit import called.
[06:38:27.429] |C| [load_self]: Unknown segment type 0x6FFFFF01
[06:38:27.429] |I| [load_self]: Loaded module segment 0 @ [0x022CD000 - 0x022D38F8 / 0x81000000] (size: 0x000068F8) of module app0:/Media/Modules/pthread.suprx
[06:38:27.430] |I| [load_self]: Loaded module segment 1 @ [0x022D4000 - 0x022D6168 / 0x81007000] (size: 0x00002168) of module app0:/Media/Modules/pthread.suprx
[06:38:27.431] |I| [load_self]: Loading symbols for SELF: app0:/Media/Modules/pthread.suprx
[06:38:27.431] |D| [load_var_exports]: 	NID 0x6C2224BA (NID_MODULE_INFO) at 0x22D2568
[06:38:27.432] |D| [load_var_exports]: 	NID 0x936C8A78 (SYSLYB) at 0x22D38F4
[06:38:27.441] |I| [start_module]: Module PTHREAD_PRX (at "app0:/Media/Modules/pthread.suprx") module_start returned 0x0
[06:38:27.445] |D| [export_sceSysmoduleLoadModule]: module id: 21
[06:38:27.445] |D| [export_sceSysmoduleLoadModule]: module: np_common
[06:38:27.446] |D| [export_sceSysmoduleLoadModule]: module: np_manager
[06:38:27.446] |D| [export_sceSysmoduleLoadModule]: module: np_basic
[06:38:27.447] |D| [export_sceSysmoduleLoadModule]: module id: 18
[06:38:27.447] |D| [export_sceSysmoduleLoadModule]: module: np_basic
[06:38:27.448] |D| [export_sceSysmoduleLoadModule]: module id: 24
[06:38:27.448] |D| [export_sceSysmoduleLoadModule]: module: np_commerce2
[06:38:27.449] |D| [export_sceSysmoduleLoadModule]: module id: 25
[06:38:27.449] |D| [export_sceSysmoduleLoadModule]: module: np_utility
[06:38:27.450] |D| [export_sceSysmoduleLoadModule]: module id: 28
[06:38:27.450] |D| [export_sceSysmoduleLoadModule]: module: np_matching2
[06:38:27.451] |D| [export_sceSysmoduleLoadModule]: module id: 30
[06:38:27.451] |D| [export_sceSysmoduleLoadModule]: module: np_ranking
[06:38:27.452] |D| [export_sceSysmoduleLoadModule]: module id: 36
[06:38:27.452] |D| [export_sceSysmoduleLoadModule]: module: np_activity_sdk
[06:38:27.452] |D| [export_sceSysmoduleLoadModule]: module id: 37
[06:38:27.453] |D| [export_sceSysmoduleLoadModule]: module: np_trophy
[06:38:27.453] |D| [export_sceSysmoduleLoadModule]: module id: 38
[06:38:27.454] |D| [export_sceSysmoduleLoadModule]: module: np_message_padding
[06:38:27.457] |D| [export_sceSysmoduleLoadModule]: module: np_message
[06:38:27.457] |D| [export_sceSysmoduleLoadModule]: module id: 41
[06:38:27.458] |D| [export_sceSysmoduleLoadModule]: module: np_party
[06:38:27.458] |D| [export_sceSysmoduleLoadModule]: module id: 44
[06:38:27.459] |D| [export_sceSysmoduleLoadModule]: module: np_tus
[06:38:27.459] |D| [export_sceSysmoduleLoadModule]: module id: 49
[06:38:27.460] |D| [export_sceSysmoduleLoadModule]: module: np_sns_facebook
[06:38:27.460] |D| [export_sceSysmoduleLoadModule]: module id: 70
[06:38:27.460] |D| [export_sceSysmoduleLoadModule]: module: np_signaling
[06:38:27.461] |D| [export_sceSysmoduleLoadModule]: module id: 83
[06:38:27.462] |D| [export_sceSysmoduleLoadModule]: module: np_webapi
[06:38:27.462] |D| [export_sceSysmoduleLoadModule]: module id: 43
[06:38:27.463] |D| [export_sceSysmoduleLoadModule]: module: libScenNearUtil
[06:38:27.463] |D| [export_sceSysmoduleLoadModule]: module id: 85
[06:38:27.464] |D| [export_sceSysmoduleLoadModule]: module: libSceJson
[06:38:27.464] |I| [load_module]: Loading module ID: 0x55
[06:38:27.466] |C| [load_self]: Unknown segment type 0x6FFFFF01
[06:38:27.467] |I| [load_self]: Loaded module segment 0 @ [0x022D7000 - 0x022DD230 / 0x81000000] (size: 0x00006230) of module sys/external/libSceJson.suprx
[06:38:27.468] |I| [load_self]: Loaded module segment 1 @ [0x022DE000 - 0x022DE049 / 0x81007000] (size: 0x00000049) of module sys/external/libSceJson.suprx
[06:38:27.469] |I| [load_self]: Loading symbols for SELF: sys/external/libSceJson.suprx
[06:38:27.469] |D| [load_var_exports]: 	NID 0x936C8A78 (SYSLYB) at 0x22DD0A8
[06:38:27.470] |D| [load_var_exports]: 	NID 0x6C2224BA (NID_MODULE_INFO) at 0x22DC020
[06:38:27.473] |I| [load_module]: Module SceLibJson (at "sys/external/libSceJson.suprx") loaded
[06:38:27.477] |C| [load_self]: Unknown segment type 0x6FFFFF01
[06:38:27.478] |I| [load_self]: Loaded module segment 0 @ [0x022DF000 - 0x022E4878 / 0x81000000] (size: 0x00005878) of module app0:/Media/Modules/SUPRXManager.suprx
[06:38:27.479] |I| [load_self]: Loaded module segment 1 @ [0x022E5000 - 0x022E5044 / 0x81006000] (size: 0x00000044) of module app0:/Media/Modules/SUPRXManager.suprx
[06:38:27.480] |I| [load_self]: Loading symbols for SELF: app0:/Media/Modules/SUPRXManager.suprx
[06:38:27.480] |D| [load_var_exports]: 	NID 0x6C2224BA (NID_MODULE_INFO) at 0x22E406C
[06:38:27.481] |D| [load_var_exports]: 	NID 0x936C8A78 (SYSLYB) at 0x22E47BC
[06:38:27.496] |I| [start_module]: Module SUPRXManager (at "app0:/Media/Modules/SUPRXManager.suprx") module_start returned 0x0
[06:38:27.501] |D| [export_sceSysmoduleLoadModule]: module id: 1
[06:38:27.501] |D| [export_sceSysmoduleLoadModule]: module: libnet
[06:38:27.501] |D| [export_sceSysmoduleLoadModule]: module: libnetctl
[06:38:27.573] |C| [load_self]: Unknown segment type 0x6FFFFF01
[06:38:27.573] |I| [load_self]: Loaded module segment 0 @ [0x022E6000 - 0x02531094 / 0x81000000] (size: 0x0024B094) of module app0:/Media/Modules/mono-vita.suprx
[06:38:27.574] |I| [load_self]: Loaded module segment 1 @ [0x02532000 - 0x02599C60 / 0x8124C000] (size: 0x00067C60) of module app0:/Media/Modules/mono-vita.suprx
[06:38:27.575] |I| [load_self]: Loading symbols for SELF: app0:/Media/Modules/mono-vita.suprx
[06:38:27.576] |D| [load_var_exports]: 	NID 0x6C2224BA (NID_MODULE_INFO) at 0x2479314
[06:38:27.577] |D| [load_var_exports]: 	NID 0x936C8A78 (SYSLYB) at 0x2513F3C
[06:38:27.587] |I| [start_module]: Module MONO (at "app0:/Media/Modules/mono-vita.suprx") module_start returned 0x0
[06:38:27.657] |W| [unimplemented_impl]: Unimplemented sceKernelChangeThreadVfpException import called.
[06:38:27.657] |W| [unimplemented_impl]: Unimplemented sceFiosOverlayThreadSetDisabled02 import called.
[06:38:27.714] |W| [unimplemented_impl]: Unimplemented sceFiosOverlayGetRecommendedScheduler02 import called.
[06:38:27.719] |I| [export_sceIoOpen]: Opening file: app0:/archive.psarc
[06:38:27.720] |E| [open_file]: Missing file at D:/Emulateurs/Vita3K/mc/ux0/app/PCSB00850/archive.psarc (target path: app0:/archive.psarc)
[06:38:27.721] |W| [io_error_impl]: open_file (sceIoOpen) returned 0x80010002
[06:38:27.740] |I| [export_sceIoOpen]: Opening file: app0:/archive_patch.psarc
[06:38:27.741] |E| [open_file]: Missing file at D:/Emulateurs/Vita3K/mc/ux0/app/PCSB00850/archive_patch.psarc (target path: app0:/archive_patch.psarc)
[06:38:27.741] |W| [io_error_impl]: open_file (sceIoOpen) returned 0x80010002
[06:38:27.799] |E| [open_dir]: Directory does not exist at: D:/Emulateurs/Vita3K/mc/_INVALID/ (target path: /archive/mount/point)
[06:38:27.800] |W| [io_error_impl]: open_dir (_sceIoDopen) returned 0x80010002
[06:38:27.823] |E| [call_import]: Import function for NID 0xE340C23D not found (thread name: Unity_main_thread, thread ID: 71)
[06:38:27.830] |I| [export_sceIoOpen]: Opening file: app0:/mono/etc/mono/config
[06:38:27.830] |E| [open_file]: Missing file at D:/Emulateurs/Vita3K/mc/ux0/app/PCSB00850/mono/etc/mono/config (target path: app0:/mono/etc/mono/config)
[06:38:27.831] |W| [io_error_impl]: open_file (sceIoOpen) returned 0x80010002
[06:38:27.833] |I| [export_sceIoOpen]: Opening file: app0:/.mono/config
[06:38:27.834] |E| [open_file]: Missing file at D:/Emulateurs/Vita3K/mc/ux0/app/PCSB00850/.mono/config (target path: app0:/.mono/config)
[06:38:27.835] |W| [io_error_impl]: open_file (sceIoOpen) returned 0x80010002
[06:38:27.840] |I| [export_sceIoOpen]: Opening file: /proc/cpuinfo
[06:38:27.840] |E| [open_file]: Cannot find device for path: /proc/cpuinfo
[06:38:27.840] |W| [io_error_impl]: open_file (sceIoOpen) returned 0x80010002
[06:38:27.851] |E| [call_import]: Import function for NID 0xE340C237 not found (thread name: Unity_main_thread, thread ID: 71)
[06:38:27.852] |I| [export_sceIoOpen]: Opening file: app0:Media/Managed/mono/config
[06:38:27.852] |E| [open_file]: Missing file at D:/Emulateurs/Vita3K/mc/ux0/app/PCSB00850/Media/Managed/mono/config (target path: app0:Media/Managed/mono/config)
[06:38:27.853] |W| [io_error_impl]: open_file (sceIoOpen) returned 0x80010002
[06:38:27.854] |I| [export_sceIoOpen]: Opening file: app0:/.mono/config
[06:38:27.854] |E| [open_file]: Missing file at D:/Emulateurs/Vita3K/mc/ux0/app/PCSB00850/.mono/config (target path: app0:/.mono/config)
[06:38:27.855] |W| [io_error_impl]: open_file (sceIoOpen) returned 0x80010002
[06:38:27.855] |E| [call_import]: Import function for NID 0xE340C240 not found (thread name: Unity_main_thread, thread ID: 71)
[06:38:27.856] |E| [call_import]: Import function for NID 0xE340C008 not found (thread name: Unity_main_thread, thread ID: 71)
[06:38:27.857] |I| [export_sceIoOpen]: Opening file: /proc/cpuinfo
[06:38:27.858] |E| [open_file]: Cannot find device for path: /proc/cpuinfo
[06:38:27.858] |W| [io_error_impl]: open_file (sceIoOpen) returned 0x80010002
[06:38:27.859] |E| [call_import]: Import function for NID 0xE340C242 not found (thread name: Unity_main_thread, thread ID: 71)
[06:38:27.873] |W| [stubbed_impl]: Stubbed _sceKernelGetThreadInfo import called. (STUB)
[06:38:27.874] |W| [stubbed_impl]: Stubbed sceKernelWaitExceptionForMono import called. (Inifinite wait)
[06:38:27.912] |I| [export_sceIoOpen]: Opening file: app0:/app0/mscorlib.dll
[06:38:27.913] |E| [open_file]: Missing file at D:/Emulateurs/Vita3K/mc/ux0/app/PCSB00850/app0/mscorlib.dll (target path: app0:/app0/mscorlib.dll)
[06:38:27.914] |W| [io_error_impl]: open_file (sceIoOpen) returned 0x80010002
[06:38:27.915] |I| [export_sceIoOpen]: Opening file: app0:/Media/Managed/mscorlib.dll
[06:38:28.000] |I| [export_sceIoOpen]: Opening file: app0:Media/Managed/mono/gac/policy.2.0.mscorlib/0.0.0.0__b77a5c561934e089/policy.2.0.mscorlib.dll
[06:38:28.002] |E| [open_file]: Missing file at D:/Emulateurs/Vita3K/mc/ux0/app/PCSB00850/Media/Managed/mono/gac/policy.2.0.mscorlib/0.0.0.0__b77a5c561934e089/policy.2.0.mscorlib.dll (target path: app0:Media/Managed/mono/gac/policy.2.0.mscorlib/0.0.0.0__b77a5c561934e089/policy.2.0.mscorlib.dll)
[06:38:28.003] |W| [io_error_impl]: open_file (sceIoOpen) returned 0x80010002
[06:38:28.006] |I| [export_sceIoOpen]: Opening file: app0:/app0/mscorlib.dll
[06:38:28.006] |E| [open_file]: Missing file at D:/Emulateurs/Vita3K/mc/ux0/app/PCSB00850/app0/mscorlib.dll (target path: app0:/app0/mscorlib.dll)
[06:38:28.007] |W| [io_error_impl]: open_file (sceIoOpen) returned 0x80010002
[06:38:28.009] |I| [export_sceIoOpen]: Opening file: app0:/Media/Managed/mscorlib.dll.config
[06:38:28.009] |E| [open_file]: Missing file at D:/Emulateurs/Vita3K/mc/ux0/app/PCSB00850/Media/Managed/mscorlib.dll.config (target path: app0:/Media/Managed/mscorlib.dll.config)
[06:38:28.010] |W| [io_error_impl]: open_file (sceIoOpen) returned 0x80010002
[06:38:28.011] |I| [export_sceIoOpen]: Opening file: app0:Media/Managed/mono/assemblies/mscorlib/mscorlib.config
[06:38:28.011] |E| [open_file]: Missing file at D:/Emulateurs/Vita3K/mc/ux0/app/PCSB00850/Media/Managed/mono/assemblies/mscorlib/mscorlib.config (target path: app0:Media/Managed/mono/assemblies/mscorlib/mscorlib.config)
[06:38:28.013] |W| [io_error_impl]: open_file (sceIoOpen) returned 0x80010002
[06:38:28.233] |E| [call_import]: Import function for NID 0xE340C232 not found (thread name: Unity_main_thread, thread ID: 71)
[06:38:28.268] |W| [unimplemented_impl]: Unimplemented sceAppUtilLoadSafeMemory import called.
[06:38:28.378] |D| [export_sceTouchEnableTouchForce]: port: 0, state: 1
[06:38:28.379] |D| [export_sceTouchEnableTouchForce]: port: 1, state: 1
[06:38:28.380] |W| [unimplemented_impl]: Unimplemented sceMotionSetDeadband import called.
[06:38:28.380] |W| [unimplemented_impl]: Unimplemented sceMotionSetTiltCorrection import called.
[06:38:28.380] |W| [unimplemented_impl]: Unimplemented sceMotionSetAngleThreshold import called.
[06:38:28.381] |W| [unimplemented_impl]: Unimplemented sceMotionStartSampling import called.
[06:38:28.494] |I| [export_sceIoOpen]: Opening file: app0:/Media/mainData
[06:38:28.608] |W| [unimplemented_impl]: Unimplemented sceAppMgrAcquireBgmPort import called.
[06:38:28.647] |W| [stubbed_impl]: Stubbed sceGxmMapMemory import called. (always return success)
[06:38:28.651] |W| [stubbed_impl]: Stubbed sceGxmMapFragmentUsseMemory import called. (always return success)
[06:38:28.679] |W| [stubbed_impl]: Stubbed sceGxmMapVertexUsseMemory import called. (always return success)
[06:38:28.705] |W| [stubbed_impl]: Stubbed sceGxmGetRenderTargetMemSize import called. (2MB host mem)
[06:38:28.798] |W| [unimplemented_impl]: Unimplemented sceGxmDepthStencilSurfaceSetForceStoreMode import called.
[06:38:28.798] |W| [unimplemented_impl]: Unimplemented sceGxmDepthStencilSurfaceSetForceLoadMode import called.
[06:38:28.901] |W| [stubbed_impl]: Stubbed sceKernelChangeThreadPriority import called. (STUB)
[06:38:28.915] |E| [call_import]: Import function for NID 0xE340C22C not found (thread name: Unity_main_thread, thread ID: 71)
[06:38:28.975] |W| [stubbed_impl]: Stubbed sceGxmTextureInitCube import called. (Stub InitCube)
[06:38:28.976] |D| [export_sceGxmTextureInitCube]: sceGxmTextureInitCube, Unimplemeted: width: 1, height: 1
[06:38:29.082] |I| [export_sceIoOpen]: Opening file: app0:/Media/Resources/unity default resources
[06:38:29.209] |E| [ObjectStore::erase]: Object not created but erased in storage. type:struct AudiodecState
[06:38:29.210] |W| [unimplemented_impl]: Unimplemented sceSysmoduleUnloadModule import called.
[06:38:29.212] |D| [export_sceSysmoduleLoadModule]: module id: 11
[06:38:29.212] |D| [export_sceSysmoduleLoadModule]: module: libngs
[06:38:29.213] |D| [export_sceNgsSystemSetFlags]: flags: 0
[06:38:29.213] |W| [unimplemented_impl]: Unimplemented sceNgsSystemSetFlags import called.
[06:38:29.215] |D| [export_sceNgsVoicePlay]: sceNgsVoicePlay: 1
[06:38:29.247] |D| [export_sceNgsVoiceSetParamsBlock]: channel: 84, module id: PLAYER, size: 92
[06:38:29.247] |D| [export_sceNgsVoicePlay]: sceNgsVoicePlay: 1
[06:38:29.310] |I| [export_sceIoOpen]: Opening file: app0:/Media/Managed/UnityEngine.dll
[06:38:29.351] |I| [export_sceIoOpen]: Opening file: app0:/Media/Managed/UnityEngine.dll.config
[06:38:29.352] |E| [open_file]: Missing file at D:/Emulateurs/Vita3K/mc/ux0/app/PCSB00850/Media/Managed/UnityEngine.dll.config (target path: app0:/Media/Managed/UnityEngine.dll.config)
[06:38:29.352] |W| [io_error_impl]: open_file (sceIoOpen) returned 0x80010002
[06:38:29.353] |I| [export_sceIoOpen]: Opening file: app0:Media/Managed/mono/assemblies/UnityEngine/UnityEngine.config
[06:38:29.353] |E| [open_file]: Missing file at D:/Emulateurs/Vita3K/mc/ux0/app/PCSB00850/Media/Managed/mono/assemblies/UnityEngine/UnityEngine.config (target path: app0:Media/Managed/mono/assemblies/UnityEngine/UnityEngine.config)
[06:38:29.355] |W| [io_error_impl]: open_file (sceIoOpen) returned 0x80010002
[06:38:29.357] |E| [call_import]: Import function for NID 0xE340C22F not found (thread name: Unity_main_thread, thread ID: 71)
[06:38:29.362] |I| [export_sceIoOpen]: Opening file: app0:Media/Managed/mono/gac/policy.2.0.mscorlib/0.0.0.0__b77a5c561934e089/policy.2.0.mscorlib.dll
[06:38:29.362] |E| [open_file]: Missing file at D:/Emulateurs/Vita3K/mc/ux0/app/PCSB00850/Media/Managed/mono/gac/policy.2.0.mscorlib/0.0.0.0__b77a5c561934e089/policy.2.0.mscorlib.dll (target path: app0:Media/Managed/mono/gac/policy.2.0.mscorlib/0.0.0.0__b77a5c561934e089/policy.2.0.mscorlib.dll)
[06:38:29.363] |W| [io_error_impl]: open_file (sceIoOpen) returned 0x80010002
[06:38:29.368] |E| [call_import]: Import function for NID 0xE340C234 not found (thread name: Unity_main_thread, thread ID: 71)
[06:38:29.477] |W| [stubbed_impl]: Stubbed sceKernelSuspendThreadForVM import called. (STUB)
[06:38:29.479] |W| [stubbed_impl]: Stubbed _sceKernelGetThreadContextForVM import called. (Stub)
[06:38:29.482] |W| [stubbed_impl]: Stubbed sceKernelResumeThreadForVM import called. (STUB)
[06:38:29.491] |E| [call_import]: Import function for NID 0xE340C231 not found (thread name: Unity_main_thread, thread ID: 71)
[06:38:29.491] |I| [export_sceIoOpen]: Opening file: app0:/Media/Managed/Assembly-CSharp-firstpass.dll
[06:38:29.503] |I| [export_sceIoOpen]: Opening file: app0:Media/Managed/mono/gac/policy.3.5.System.Core/0.0.0.0__b77a5c561934e089/policy.3.5.System.Core.dll
[06:38:29.504] |E| [open_file]: Missing file at D:/Emulateurs/Vita3K/mc/ux0/app/PCSB00850/Media/Managed/mono/gac/policy.3.5.System.Core/0.0.0.0__b77a5c561934e089/policy.3.5.System.Core.dll (target path: app0:Media/Managed/mono/gac/policy.3.5.System.Core/0.0.0.0__b77a5c561934e089/policy.3.5.System.Core.dll)
[06:38:29.505] |W| [io_error_impl]: open_file (sceIoOpen) returned 0x80010002
[06:38:29.506] |E| [stat_file]: Cannot find device for path: app0/System.Core.dll
[06:38:29.506] |W| [io_error_impl]: stat_file (_sceIoGetstat) returned 0x80010002
[06:38:29.507] |E| [stat_file]: Cannot find device for path: app0/System.Core.exe
[06:38:29.507] |W| [io_error_impl]: stat_file (_sceIoGetstat) returned 0x80010002
[06:38:29.507] |E| [stat_file]: Cannot find device for path: app0/System.Core/System.Core.dll
[06:38:29.508] |W| [io_error_impl]: stat_file (_sceIoGetstat) returned 0x80010002
[06:38:29.508] |E| [stat_file]: Cannot find device for path: app0/System.Core/System.Core.exe
[06:38:29.508] |W| [io_error_impl]: stat_file (_sceIoGetstat) returned 0x80010002
[06:38:29.509] |E| [stat_file]: Cannot find device for path: Media/Managed/System.Core.dll
[06:38:29.509] |W| [io_error_impl]: stat_file (_sceIoGetstat) returned 0x80010002
[06:38:29.510] |E| [stat_file]: Cannot find device for path: Media/Managed/System.Core.exe
[06:38:29.510] |W| [io_error_impl]: stat_file (_sceIoGetstat) returned 0x80010002
[06:38:29.511] |E| [stat_file]: Cannot find device for path: Media/Managed/System.Core/System.Core.dll
[06:38:29.512] |W| [io_error_impl]: stat_file (_sceIoGetstat) returned 0x80010002
[06:38:29.512] |E| [stat_file]: Cannot find device for path: Media/Managed/System.Core/System.Core.exe
[06:38:29.513] |W| [io_error_impl]: stat_file (_sceIoGetstat) returned 0x80010002
[06:38:29.518] |I| [export_sceIoOpen]: Opening file: app0:Media/Managed/mono/gac/System.Core/3.5.0.0__b77a5c561934e089/System.Core.dll
[06:38:29.519] |E| [open_file]: Missing file at D:/Emulateurs/Vita3K/mc/ux0/app/PCSB00850/Media/Managed/mono/gac/System.Core/3.5.0.0__b77a5c561934e089/System.Core.dll (target path: app0:Media/Managed/mono/gac/System.Core/3.5.0.0__b77a5c561934e089/System.Core.dll)
[06:38:29.519] |W| [io_error_impl]: open_file (sceIoOpen) returned 0x80010002
[06:38:29.520] |I| [export_sceIoOpen]: Opening file: app0:Media/Managed/System.Core.dll
[06:38:29.538] |I| [export_sceIoOpen]: Opening file: app0:Media/Managed/mono/gac/policy.2.0.System/0.0.0.0__b77a5c561934e089/policy.2.0.System.dll
[06:38:29.538] |E| [open_file]: Missing file at D:/Emulateurs/Vita3K/mc/ux0/app/PCSB00850/Media/Managed/mono/gac/policy.2.0.System/0.0.0.0__b77a5c561934e089/policy.2.0.System.dll (target path: app0:Media/Managed/mono/gac/policy.2.0.System/0.0.0.0__b77a5c561934e089/policy.2.0.System.dll)
[06:38:29.539] |W| [io_error_impl]: open_file (sceIoOpen) returned 0x80010002
[06:38:29.539] |E| [stat_file]: Cannot find device for path: app0/System.dll
[06:38:29.540] |W| [io_error_impl]: stat_file (_sceIoGetstat) returned 0x80010002
[06:38:29.540] |E| [stat_file]: Cannot find device for path: app0/System.exe
[06:38:29.541] |W| [io_error_impl]: stat_file (_sceIoGetstat) returned 0x80010002
[06:38:29.541] |E| [stat_file]: Cannot find device for path: app0/System/System.dll
[06:38:29.542] |W| [io_error_impl]: stat_file (_sceIoGetstat) returned 0x80010002
[06:38:29.542] |E| [stat_file]: Cannot find device for path: app0/System/System.exe
[06:38:29.543] |W| [io_error_impl]: stat_file (_sceIoGetstat) returned 0x80010002
[06:38:29.543] |E| [stat_file]: Cannot find device for path: Media/Managed/System.dll
[06:38:29.544] |W| [io_error_impl]: stat_file (_sceIoGetstat) returned 0x80010002
[06:38:29.545] |E| [stat_file]: Cannot find device for path: Media/Managed/System.exe
[06:38:29.548] |W| [io_error_impl]: stat_file (_sceIoGetstat) returned 0x80010002
[06:38:29.551] |E| [stat_file]: Cannot find device for path: Media/Managed/System/System.dll
[06:38:29.552] |W| [io_error_impl]: stat_file (_sceIoGetstat) returned 0x80010002
[06:38:29.552] |E| [stat_file]: Cannot find device for path: Media/Managed/System/System.exe
[06:38:29.553] |W| [io_error_impl]: stat_file (_sceIoGetstat) returned 0x80010002
[06:38:29.553] |I| [export_sceIoOpen]: Opening file: app0:Media/Managed/mono/gac/System/2.0.0.0__b77a5c561934e089/System.dll
[06:38:29.554] |E| [open_file]: Missing file at D:/Emulateurs/Vita3K/mc/ux0/app/PCSB00850/Media/Managed/mono/gac/System/2.0.0.0__b77a5c561934e089/System.dll (target path: app0:Media/Managed/mono/gac/System/2.0.0.0__b77a5c561934e089/System.dll)
[06:38:29.555] |W| [io_error_impl]: open_file (sceIoOpen) returned 0x80010002
[06:38:29.555] |I| [export_sceIoOpen]: Opening file: app0:Media/Managed/System.dll
[06:38:29.599] |I| [export_sceIoOpen]: Opening file: app0:Media/Managed/mono/gac/policy.2.0.Mono.Security/0.0.0.0__0738eb9f132ed756/policy.2.0.Mono.Security.dll
[06:38:29.600] |E| [open_file]: Missing file at D:/Emulateurs/Vita3K/mc/ux0/app/PCSB00850/Media/Managed/mono/gac/policy.2.0.Mono.Security/0.0.0.0__0738eb9f132ed756/policy.2.0.Mono.Security.dll (target path: app0:Media/Managed/mono/gac/policy.2.0.Mono.Security/0.0.0.0__0738eb9f132ed756/policy.2.0.Mono.Security.dll)
[06:38:29.601] |W| [io_error_impl]: open_file (sceIoOpen) returned 0x80010002
[06:38:29.601] |E| [stat_file]: Cannot find device for path: app0/Mono.Security.dll
[06:38:29.602] |W| [io_error_impl]: stat_file (_sceIoGetstat) returned 0x80010002
[06:38:29.602] |E| [stat_file]: Cannot find device for path: app0/Mono.Security.exe
[06:38:29.603] |W| [io_error_impl]: stat_file (_sceIoGetstat) returned 0x80010002
[06:38:29.603] |E| [stat_file]: Cannot find device for path: app0/Mono.Security/Mono.Security.dll
[06:38:29.604] |W| [io_error_impl]: stat_file (_sceIoGetstat) returned 0x80010002
[06:38:29.604] |E| [stat_file]: Cannot find device for path: app0/Mono.Security/Mono.Security.exe
[06:38:29.605] |W| [io_error_impl]: stat_file (_sceIoGetstat) returned 0x80010002
[06:38:29.605] |E| [stat_file]: Cannot find device for path: Media/Managed/Mono.Security.dll
[06:38:29.606] |W| [io_error_impl]: stat_file (_sceIoGetstat) returned 0x80010002
[06:38:29.606] |E| [stat_file]: Cannot find device for path: Media/Managed/Mono.Security.exe
[06:38:29.607] |W| [io_error_impl]: stat_file (_sceIoGetstat) returned 0x80010002
[06:38:29.607] |E| [stat_file]: Cannot find device for path: Media/Managed/Mono.Security/Mono.Security.dll
[06:38:29.608] |W| [io_error_impl]: stat_file (_sceIoGetstat) returned 0x80010002
[06:38:29.611] |E| [stat_file]: Cannot find device for path: Media/Managed/Mono.Security/Mono.Security.exe
[06:38:29.611] |W| [io_error_impl]: stat_file (_sceIoGetstat) returned 0x80010002
[06:38:29.613] |I| [export_sceIoOpen]: Opening file: app0:Media/Managed/mono/gac/Mono.Security/2.0.0.0__0738eb9f132ed756/Mono.Security.dll
[06:38:29.613] |E| [open_file]: Missing file at D:/Emulateurs/Vita3K/mc/ux0/app/PCSB00850/Media/Managed/mono/gac/Mono.Security/2.0.0.0__0738eb9f132ed756/Mono.Security.dll (target path: app0:Media/Managed/mono/gac/Mono.Security/2.0.0.0__0738eb9f132ed756/Mono.Security.dll)
[06:38:29.614] |W| [io_error_impl]: open_file (sceIoOpen) returned 0x80010002
[06:38:29.615] |I| [export_sceIoOpen]: Opening file: app0:Media/Managed/Mono.Security.dll
[06:38:29.631] |I| [export_sceIoOpen]: Opening file: app0:Media/Managed/Mono.Security.dll.config
[06:38:29.631] |E| [open_file]: Missing file at D:/Emulateurs/Vita3K/mc/ux0/app/PCSB00850/Media/Managed/Mono.Security.dll.config (target path: app0:Media/Managed/Mono.Security.dll.config)
[06:38:29.632] |W| [io_error_impl]: open_file (sceIoOpen) returned 0x80010002
[06:38:29.633] |I| [export_sceIoOpen]: Opening file: app0:Media/Managed/mono/assemblies/Mono.Security/Mono.Security.config
[06:38:29.634] |E| [open_file]: Missing file at D:/Emulateurs/Vita3K/mc/ux0/app/PCSB00850/Media/Managed/mono/assemblies/Mono.Security/Mono.Security.config (target path: app0:Media/Managed/mono/assemblies/Mono.Security/Mono.Security.config)
[06:38:29.635] |W| [io_error_impl]: open_file (sceIoOpen) returned 0x80010002
[06:38:29.635] |I| [export_sceIoOpen]: Opening file: app0:Media/Managed/mono/gac/policy.2.0.System.Configuration/0.0.0.0__b03f5f7f11d50a3a/policy.2.0.System.Configuration.dll
[06:38:29.636] |E| [open_file]: Missing file at D:/Emulateurs/Vita3K/mc/ux0/app/PCSB00850/Media/Managed/mono/gac/policy.2.0.System.Configuration/0.0.0.0__b03f5f7f11d50a3a/policy.2.0.System.Configuration.dll (target path: app0:Media/Managed/mono/gac/policy.2.0.System.Configuration/0.0.0.0__b03f5f7f11d50a3a/policy.2.0.System.Configuration.dll)
[06:38:29.637] |W| [io_error_impl]: open_file (sceIoOpen) returned 0x80010002
[06:38:29.637] |E| [stat_file]: Cannot find device for path: app0/System.Configuration.dll
[06:38:29.638] |W| [io_error_impl]: stat_file (_sceIoGetstat) returned 0x80010002
[06:38:29.638] |E| [stat_file]: Cannot find device for path: app0/System.Configuration.exe
[06:38:29.639] |W| [io_error_impl]: stat_file (_sceIoGetstat) returned 0x80010002
[06:38:29.639] |E| [stat_file]: Cannot find device for path: app0/System.Configuration/System.Configuration.dll
[06:38:29.643] |W| [io_error_impl]: stat_file (_sceIoGetstat) returned 0x80010002
[06:38:29.643] |E| [stat_file]: Cannot find device for path: app0/System.Configuration/System.Configuration.exe
[06:38:29.644] |W| [io_error_impl]: stat_file (_sceIoGetstat) returned 0x80010002
[06:38:29.644] |E| [stat_file]: Cannot find device for path: Media/Managed/System.Configuration.dll
[06:38:29.644] |W| [io_error_impl]: stat_file (_sceIoGetstat) returned 0x80010002
[06:38:29.646] |E| [stat_file]: Cannot find device for path: Media/Managed/System.Configuration.exe
[06:38:29.646] |W| [io_error_impl]: stat_file (_sceIoGetstat) returned 0x80010002
[06:38:29.647] |E| [stat_file]: Cannot find device for path: Media/Managed/System.Configuration/System.Configuration.dll
[06:38:29.648] |W| [io_error_impl]: stat_file (_sceIoGetstat) returned 0x80010002
[06:38:29.648] |E| [stat_file]: Cannot find device for path: Media/Managed/System.Configuration/System.Configuration.exe
[06:38:29.649] |W| [io_error_impl]: stat_file (_sceIoGetstat) returned 0x80010002
[06:38:29.650] |I| [export_sceIoOpen]: Opening file: app0:Media/Managed/mono/gac/System.Configuration/2.0.0.0__b03f5f7f11d50a3a/System.Configuration.dll
[06:38:29.650] |E| [open_file]: Missing file at D:/Emulateurs/Vita3K/mc/ux0/app/PCSB00850/Media/Managed/mono/gac/System.Configuration/2.0.0.0__b03f5f7f11d50a3a/System.Configuration.dll (target path: app0:Media/Managed/mono/gac/System.Configuration/2.0.0.0__b03f5f7f11d50a3a/System.Configuration.dll)
[06:38:29.651] |W| [io_error_impl]: open_file (sceIoOpen) returned 0x80010002
[06:38:29.652] |I| [export_sceIoOpen]: Opening file: app0:Media/Managed/System.Configuration.dll
[06:38:29.654] |I| [export_sceIoOpen]: Opening file: app0:Media/Managed/mono/gac/policy.2.0.System.Xml/0.0.0.0__b77a5c561934e089/policy.2.0.System.Xml.dll
[06:38:29.654] |E| [open_file]: Missing file at D:/Emulateurs/Vita3K/mc/ux0/app/PCSB00850/Media/Managed/mono/gac/policy.2.0.System.Xml/0.0.0.0__b77a5c561934e089/policy.2.0.System.Xml.dll (target path: app0:Media/Managed/mono/gac/policy.2.0.System.Xml/0.0.0.0__b77a5c561934e089/policy.2.0.System.Xml.dll)
[06:38:29.655] |W| [io_error_impl]: open_file (sceIoOpen) returned 0x80010002
[06:38:29.656] |E| [stat_file]: Cannot find device for path: app0/System.Xml.dll
[06:38:29.659] |W| [io_error_impl]: stat_file (_sceIoGetstat) returned 0x80010002
[06:38:29.661] |E| [stat_file]: Cannot find device for path: app0/System.Xml.exe
[06:38:29.662] |W| [io_error_impl]: stat_file (_sceIoGetstat) returned 0x80010002
[06:38:29.663] |E| [stat_file]: Cannot find device for path: app0/System.Xml/System.Xml.dll
[06:38:29.663] |W| [io_error_impl]: stat_file (_sceIoGetstat) returned 0x80010002
[06:38:29.664] |E| [stat_file]: Cannot find device for path: app0/System.Xml/System.Xml.exe
[06:38:29.664] |W| [io_error_impl]: stat_file (_sceIoGetstat) returned 0x80010002
[06:38:29.665] |E| [stat_file]: Cannot find device for path: Media/Managed/System.Xml.dll
[06:38:29.665] |W| [io_error_impl]: stat_file (_sceIoGetstat) returned 0x80010002
[06:38:29.666] |E| [stat_file]: Cannot find device for path: Media/Managed/System.Xml.exe
[06:38:29.666] |W| [io_error_impl]: stat_file (_sceIoGetstat) returned 0x80010002
[06:38:29.666] |E| [stat_file]: Cannot find device for path: Media/Managed/System.Xml/System.Xml.dll
[06:38:29.667] |W| [io_error_impl]: stat_file (_sceIoGetstat) returned 0x80010002
[06:38:29.667] |E| [stat_file]: Cannot find device for path: Media/Managed/System.Xml/System.Xml.exe
[06:38:29.668] |W| [io_error_impl]: stat_file (_sceIoGetstat) returned 0x80010002
[06:38:29.669] |I| [export_sceIoOpen]: Opening file: app0:Media/Managed/mono/gac/System.Xml/2.0.0.0__b77a5c561934e089/System.Xml.dll
[06:38:29.670] |E| [open_file]: Missing file at D:/Emulateurs/Vita3K/mc/ux0/app/PCSB00850/Media/Managed/mono/gac/System.Xml/2.0.0.0__b77a5c561934e089/System.Xml.dll (target path: app0:Media/Managed/mono/gac/System.Xml/2.0.0.0__b77a5c561934e089/System.Xml.dll)
[06:38:29.671] |W| [io_error_impl]: open_file (sceIoOpen) returned 0x80010002
[06:38:29.671] |I| [export_sceIoOpen]: Opening file: app0:Media/Managed/System.Xml.dll
[06:38:29.693] |I| [export_sceIoOpen]: Opening file: app0:Media/Managed/System.Xml.dll.config
[06:38:29.694] |E| [open_file]: Missing file at D:/Emulateurs/Vita3K/mc/ux0/app/PCSB00850/Media/Managed/System.Xml.dll.config (target path: app0:Media/Managed/System.Xml.dll.config)
[06:38:29.695] |W| [io_error_impl]: open_file (sceIoOpen) returned 0x80010002
[06:38:29.696] |I| [export_sceIoOpen]: Opening file: app0:Media/Managed/mono/assemblies/System.Xml/System.Xml.config
[06:38:29.696] |E| [open_file]: Missing file at D:/Emulateurs/Vita3K/mc/ux0/app/PCSB00850/Media/Managed/mono/assemblies/System.Xml/System.Xml.config (target path: app0:Media/Managed/mono/assemblies/System.Xml/System.Xml.config)
[06:38:29.697] |W| [io_error_impl]: open_file (sceIoOpen) returned 0x80010002
[06:38:29.698] |I| [export_sceIoOpen]: Opening file: app0:Media/Managed/mono/gac/policy.2.0.System.Security/0.0.0.0__b03f5f7f11d50a3a/policy.2.0.System.Security.dll
[06:38:29.698] |E| [open_file]: Missing file at D:/Emulateurs/Vita3K/mc/ux0/app/PCSB00850/Media/Managed/mono/gac/policy.2.0.System.Security/0.0.0.0__b03f5f7f11d50a3a/policy.2.0.System.Security.dll (target path: app0:Media/Managed/mono/gac/policy.2.0.System.Security/0.0.0.0__b03f5f7f11d50a3a/policy.2.0.System.Security.dll)
[06:38:29.699] |W| [io_error_impl]: open_file (sceIoOpen) returned 0x80010002
[06:38:29.700] |E| [stat_file]: Cannot find device for path: app0/System.Security.dll
[06:38:29.700] |W| [io_error_impl]: stat_file (_sceIoGetstat) returned 0x80010002
[06:38:29.700] |E| [stat_file]: Cannot find device for path: app0/System.Security.exe
[06:38:29.701] |W| [io_error_impl]: stat_file (_sceIoGetstat) returned 0x80010002
[06:38:29.701] |E| [stat_file]: Cannot find device for path: app0/System.Security/System.Security.dll
[06:38:29.702] |W| [io_error_impl]: stat_file (_sceIoGetstat) returned 0x80010002
[06:38:29.702] |E| [stat_file]: Cannot find device for path: app0/System.Security/System.Security.exe
[06:38:29.703] |W| [io_error_impl]: stat_file (_sceIoGetstat) returned 0x80010002
[06:38:29.706] |E| [stat_file]: Cannot find device for path: Media/Managed/System.Security.dll
[06:38:29.706] |W| [io_error_impl]: stat_file (_sceIoGetstat) returned 0x80010002
[06:38:29.707] |E| [stat_file]: Cannot find device for path: Media/Managed/System.Security.exe
[06:38:29.707] |W| [io_error_impl]: stat_file (_sceIoGetstat) returned 0x80010002
[06:38:29.708] |E| [stat_file]: Cannot find device for path: Media/Managed/System.Security/System.Security.dll
[06:38:29.708] |W| [io_error_impl]: stat_file (_sceIoGetstat) returned 0x80010002
[06:38:29.709] |E| [stat_file]: Cannot find device for path: Media/Managed/System.Security/System.Security.exe
[06:38:29.709] |W| [io_error_impl]: stat_file (_sceIoGetstat) returned 0x80010002
[06:38:29.710] |I| [export_sceIoOpen]: Opening file: app0:Media/Managed/mono/gac/System.Security/2.0.0.0__b03f5f7f11d50a3a/System.Security.dll
[06:38:29.710] |E| [open_file]: Missing file at D:/Emulateurs/Vita3K/mc/ux0/app/PCSB00850/Media/Managed/mono/gac/System.Security/2.0.0.0__b03f5f7f11d50a3a/System.Security.dll (target path: app0:Media/Managed/mono/gac/System.Security/2.0.0.0__b03f5f7f11d50a3a/System.Security.dll)
[06:38:29.711] |W| [io_error_impl]: open_file (sceIoOpen) returned 0x80010002
[06:38:29.713] |I| [export_sceIoOpen]: Opening file: app0:Media/Managed/System.Security.dll
[06:38:29.715] |I| [export_sceIoOpen]: Opening file: app0:Media/Managed/System.Security.dll.config
[06:38:29.715] |E| [open_file]: Missing file at D:/Emulateurs/Vita3K/mc/ux0/app/PCSB00850/Media/Managed/System.Security.dll.config (target path: app0:Media/Managed/System.Security.dll.config)
[06:38:29.716] |W| [io_error_impl]: open_file (sceIoOpen) returned 0x80010002
[06:38:29.717] |I| [export_sceIoOpen]: Opening file: app0:Media/Managed/mono/assemblies/System.Security/System.Security.config
[06:38:29.718] |E| [open_file]: Missing file at D:/Emulateurs/Vita3K/mc/ux0/app/PCSB00850/Media/Managed/mono/assemblies/System.Security/System.Security.config (target path: app0:Media/Managed/mono/assemblies/System.Security/System.Security.config)
[06:38:29.718] |W| [io_error_impl]: open_file (sceIoOpen) returned 0x80010002
[06:38:29.719] |I| [export_sceIoOpen]: Opening file: app0:Media/Managed/System.Configuration.dll.config
[06:38:29.722] |E| [open_file]: Missing file at D:/Emulateurs/Vita3K/mc/ux0/app/PCSB00850/Media/Managed/System.Configuration.dll.config (target path: app0:Media/Managed/System.Configuration.dll.config)
[06:38:29.724] |W| [io_error_impl]: open_file (sceIoOpen) returned 0x80010002
[06:38:29.725] |I| [export_sceIoOpen]: Opening file: app0:Media/Managed/mono/assemblies/System.Configuration/System.Configuration.config
[06:38:29.725] |E| [open_file]: Missing file at D:/Emulateurs/Vita3K/mc/ux0/app/PCSB00850/Media/Managed/mono/assemblies/System.Configuration/System.Configuration.config (target path: app0:Media/Managed/mono/assemblies/System.Configuration/System.Configuration.config)
[06:38:29.726] |W| [io_error_impl]: open_file (sceIoOpen) returned 0x80010002
[06:38:29.727] |I| [export_sceIoOpen]: Opening file: app0:Media/Managed/System.dll.config
[06:38:29.727] |E| [open_file]: Missing file at D:/Emulateurs/Vita3K/mc/ux0/app/PCSB00850/Media/Managed/System.dll.config (target path: app0:Media/Managed/System.dll.config)
[06:38:29.728] |W| [io_error_impl]: open_file (sceIoOpen) returned 0x80010002
[06:38:29.729] |I| [export_sceIoOpen]: Opening file: app0:Media/Managed/mono/assemblies/System/System.config
[06:38:29.730] |E| [open_file]: Missing file at D:/Emulateurs/Vita3K/mc/ux0/app/PCSB00850/Media/Managed/mono/assemblies/System/System.config (target path: app0:Media/Managed/mono/assemblies/System/System.config)
[06:38:29.731] |W| [io_error_impl]: open_file (sceIoOpen) returned 0x80010002
[06:38:29.731] |I| [export_sceIoOpen]: Opening file: app0:Media/Managed/mono/gac/policy.2.0.Mono.Posix/0.0.0.0__0738eb9f132ed756/policy.2.0.Mono.Posix.dll
[06:38:29.732] |E| [open_file]: Missing file at D:/Emulateurs/Vita3K/mc/ux0/app/PCSB00850/Media/Managed/mono/gac/policy.2.0.Mono.Posix/0.0.0.0__0738eb9f132ed756/policy.2.0.Mono.Posix.dll (target path: app0:Media/Managed/mono/gac/policy.2.0.Mono.Posix/0.0.0.0__0738eb9f132ed756/policy.2.0.Mono.Posix.dll)
[06:38:29.733] |W| [io_error_impl]: open_file (sceIoOpen) returned 0x80010002
[06:38:29.733] |E| [stat_file]: Cannot find device for path: app0/Mono.Posix.dll
[06:38:29.734] |W| [io_error_impl]: stat_file (_sceIoGetstat) returned 0x80010002
[06:38:29.738] |E| [stat_file]: Cannot find device for path: app0/Mono.Posix.exe
[06:38:29.738] |W| [io_error_impl]: stat_file (_sceIoGetstat) returned 0x80010002
[06:38:29.739] |E| [stat_file]: Cannot find device for path: app0/Mono.Posix/Mono.Posix.dll
[06:38:29.739] |W| [io_error_impl]: stat_file (_sceIoGetstat) returned 0x80010002
[06:38:29.740] |E| [stat_file]: Cannot find device for path: app0/Mono.Posix/Mono.Posix.exe
[06:38:29.740] |W| [io_error_impl]: stat_file (_sceIoGetstat) returned 0x80010002
[06:38:29.741] |E| [stat_file]: Cannot find device for path: Media/Managed/Mono.Posix.dll
[06:38:29.741] |W| [io_error_impl]: stat_file (_sceIoGetstat) returned 0x80010002
[06:38:29.742] |E| [stat_file]: Cannot find device for path: Media/Managed/Mono.Posix.exe
[06:38:29.742] |W| [io_error_impl]: stat_file (_sceIoGetstat) returned 0x80010002
[06:38:29.742] |E| [stat_file]: Cannot find device for path: Media/Managed/Mono.Posix/Mono.Posix.dll
[06:38:29.743] |W| [io_error_impl]: stat_file (_sceIoGetstat) returned 0x80010002
[06:38:29.743] |E| [stat_file]: Cannot find device for path: Media/Managed/Mono.Posix/Mono.Posix.exe
[06:38:29.744] |W| [io_error_impl]: stat_file (_sceIoGetstat) returned 0x80010002
[06:38:29.745] |I| [export_sceIoOpen]: Opening file: app0:Media/Managed/mono/gac/Mono.Posix/2.0.0.0__0738eb9f132ed756/Mono.Posix.dll
[06:38:29.746] |E| [open_file]: Missing file at D:/Emulateurs/Vita3K/mc/ux0/app/PCSB00850/Media/Managed/mono/gac/Mono.Posix/2.0.0.0__0738eb9f132ed756/Mono.Posix.dll (target path: app0:Media/Managed/mono/gac/Mono.Posix/2.0.0.0__0738eb9f132ed756/Mono.Posix.dll)
[06:38:29.747] |W| [io_error_impl]: open_file (sceIoOpen) returned 0x80010002
[06:38:29.748] |I| [export_sceIoOpen]: Opening file: app0:Media/Managed/Mono.Posix.dll
[06:38:29.763] |I| [export_sceIoOpen]: Opening file: app0:Media/Managed/Mono.Posix.dll.config
[06:38:29.763] |E| [open_file]: Missing file at D:/Emulateurs/Vita3K/mc/ux0/app/PCSB00850/Media/Managed/Mono.Posix.dll.config (target path: app0:Media/Managed/Mono.Posix.dll.config)
[06:38:29.764] |W| [io_error_impl]: open_file (sceIoOpen) returned 0x80010002
[06:38:29.764] |I| [export_sceIoOpen]: Opening file: app0:Media/Managed/mono/assemblies/Mono.Posix/Mono.Posix.config
[06:38:29.765] |E| [open_file]: Missing file at D:/Emulateurs/Vita3K/mc/ux0/app/PCSB00850/Media/Managed/mono/assemblies/Mono.Posix/Mono.Posix.config (target path: app0:Media/Managed/mono/assemblies/Mono.Posix/Mono.Posix.config)
[06:38:29.767] |W| [io_error_impl]: open_file (sceIoOpen) returned 0x80010002
[06:38:29.768] |I| [export_sceIoOpen]: Opening file: app0:Media/Managed/System.Core.dll.config
[06:38:29.768] |E| [open_file]: Missing file at D:/Emulateurs/Vita3K/mc/ux0/app/PCSB00850/Media/Managed/System.Core.dll.config (target path: app0:Media/Managed/System.Core.dll.config)
[06:38:29.769] |W| [io_error_impl]: open_file (sceIoOpen) returned 0x80010002
[06:38:29.770] |I| [export_sceIoOpen]: Opening file: app0:Media/Managed/mono/assemblies/System.Core/System.Core.config
[06:38:29.770] |E| [open_file]: Missing file at D:/Emulateurs/Vita3K/mc/ux0/app/PCSB00850/Media/Managed/mono/assemblies/System.Core/System.Core.config (target path: app0:Media/Managed/mono/assemblies/System.Core/System.Core.config)
[06:38:29.771] |W| [io_error_impl]: open_file (sceIoOpen) returned 0x80010002
[06:38:29.771] |I| [export_sceIoOpen]: Opening file: app0:/Media/Managed/Assembly-CSharp-firstpass.dll.config
[06:38:29.772] |E| [open_file]: Missing file at D:/Emulateurs/Vita3K/mc/ux0/app/PCSB00850/Media/Managed/Assembly-CSharp-firstpass.dll.config (target path: app0:/Media/Managed/Assembly-CSharp-firstpass.dll.config)
[06:38:29.773] |W| [io_error_impl]: open_file (sceIoOpen) returned 0x80010002
[06:38:29.773] |I| [export_sceIoOpen]: Opening file: app0:Media/Managed/mono/assemblies/Assembly-CSharp-firstpass/Assembly-CSharp-firstpass.config
[06:38:29.774] |E| [open_file]: Missing file at D:/Emulateurs/Vita3K/mc/ux0/app/PCSB00850/Media/Managed/mono/assemblies/Assembly-CSharp-firstpass/Assembly-CSharp-firstpass.config (target path: app0:Media/Managed/mono/assemblies/Assembly-CSharp-firstpass/Assembly-CSharp-firstpass.config)
[06:38:29.775] |W| [io_error_impl]: open_file (sceIoOpen) returned 0x80010002
[06:38:29.775] |E| [call_import]: Import function for NID 0xE340C22E not found (thread name: Unity_main_thread, thread ID: 71)
[06:38:29.776] |I| [export_sceIoOpen]: Opening file: app0:/Media/Managed/Assembly-CSharp.dll
[06:38:29.800] |E| [stat_file]: Cannot find device for path: app0/SonyNP.dll
[06:38:29.800] |W| [io_error_impl]: stat_file (_sceIoGetstat) returned 0x80010002
[06:38:29.801] |E| [stat_file]: Cannot find device for path: app0/SonyNP.exe
[06:38:29.802] |W| [io_error_impl]: stat_file (_sceIoGetstat) returned 0x80010002
[06:38:29.802] |E| [stat_file]: Cannot find device for path: app0/SonyNP/SonyNP.dll
[06:38:29.803] |W| [io_error_impl]: stat_file (_sceIoGetstat) returned 0x80010002
[06:38:29.803] |E| [stat_file]: Cannot find device for path: app0/SonyNP/SonyNP.exe
[06:38:29.804] |W| [io_error_impl]: stat_file (_sceIoGetstat) returned 0x80010002
[06:38:29.804] |E| [stat_file]: Cannot find device for path: Media/Managed/SonyNP.dll
[06:38:29.805] |W| [io_error_impl]: stat_file (_sceIoGetstat) returned 0x80010002
[06:38:29.805] |E| [stat_file]: Cannot find device for path: Media/Managed/SonyNP.exe
[06:38:29.805] |W| [io_error_impl]: stat_file (_sceIoGetstat) returned 0x80010002
[06:38:29.806] |E| [stat_file]: Cannot find device for path: Media/Managed/SonyNP/SonyNP.dll
[06:38:29.806] |W| [io_error_impl]: stat_file (_sceIoGetstat) returned 0x80010002
[06:38:29.807] |E| [stat_file]: Cannot find device for path: Media/Managed/SonyNP/SonyNP.exe
[06:38:29.807] |W| [io_error_impl]: stat_file (_sceIoGetstat) returned 0x80010002
[06:38:29.808] |I| [export_sceIoOpen]: Opening file: app0:Media/Managed/SonyNP.dll
[06:38:29.810] |I| [export_sceIoOpen]: Opening file: app0:Media/Managed/SonyNP.dll.config
[06:38:29.810] |E| [open_file]: Missing file at D:/Emulateurs/Vita3K/mc/ux0/app/PCSB00850/Media/Managed/SonyNP.dll.config (target path: app0:Media/Managed/SonyNP.dll.config)
[06:38:29.810] |W| [io_error_impl]: open_file (sceIoOpen) returned 0x80010002
[06:38:29.811] |I| [export_sceIoOpen]: Opening file: app0:Media/Managed/mono/assemblies/SonyNP/SonyNP.config
[06:38:29.813] |E| [open_file]: Missing file at D:/Emulateurs/Vita3K/mc/ux0/app/PCSB00850/Media/Managed/mono/assemblies/SonyNP/SonyNP.config (target path: app0:Media/Managed/mono/assemblies/SonyNP/SonyNP.config)
[06:38:29.816] |W| [io_error_impl]: open_file (sceIoOpen) returned 0x80010002
[06:38:29.817] |E| [stat_file]: Cannot find device for path: app0/SonyVitaCommonDialog.dll
[06:38:29.817] |W| [io_error_impl]: stat_file (_sceIoGetstat) returned 0x80010002
[06:38:29.818] |E| [stat_file]: Cannot find device for path: app0/SonyVitaCommonDialog.exe
[06:38:29.818] |W| [io_error_impl]: stat_file (_sceIoGetstat) returned 0x80010002
[06:38:29.819] |E| [stat_file]: Cannot find device for path: app0/SonyVitaCommonDialog/SonyVitaCommonDialog.dll
[06:38:29.819] |W| [io_error_impl]: stat_file (_sceIoGetstat) returned 0x80010002
[06:38:29.820] |E| [stat_file]: Cannot find device for path: app0/SonyVitaCommonDialog/SonyVitaCommonDialog.exe
[06:38:29.820] |W| [io_error_impl]: stat_file (_sceIoGetstat) returned 0x80010002
[06:38:29.820] |E| [stat_file]: Cannot find device for path: Media/Managed/SonyVitaCommonDialog.dll
[06:38:29.821] |W| [io_error_impl]: stat_file (_sceIoGetstat) returned 0x80010002
[06:38:29.821] |E| [stat_file]: Cannot find device for path: Media/Managed/SonyVitaCommonDialog.exe
[06:38:29.822] |W| [io_error_impl]: stat_file (_sceIoGetstat) returned 0x80010002
[06:38:29.822] |E| [stat_file]: Cannot find device for path: Media/Managed/SonyVitaCommonDialog/SonyVitaCommonDialog.dll
[06:38:29.823] |W| [io_error_impl]: stat_file (_sceIoGetstat) returned 0x80010002
[06:38:29.824] |E| [stat_file]: Cannot find device for path: Media/Managed/SonyVitaCommonDialog/SonyVitaCommonDialog.exe
[06:38:29.824] |W| [io_error_impl]: stat_file (_sceIoGetstat) returned 0x80010002
[06:38:29.825] |I| [export_sceIoOpen]: Opening file: app0:Media/Managed/SonyVitaCommonDialog.dll
[06:38:29.827] |I| [export_sceIoOpen]: Opening file: app0:Media/Managed/SonyVitaCommonDialog.dll.config
[06:38:29.827] |E| [open_file]: Missing file at D:/Emulateurs/Vita3K/mc/ux0/app/PCSB00850/Media/Managed/SonyVitaCommonDialog.dll.config (target path: app0:Media/Managed/SonyVitaCommonDialog.dll.config)
[06:38:29.832] |W| [io_error_impl]: open_file (sceIoOpen) returned 0x80010002
[06:38:29.833] |I| [export_sceIoOpen]: Opening file: app0:Media/Managed/mono/assemblies/SonyVitaCommonDialog/SonyVitaCommonDialog.config
[06:38:29.834] |E| [open_file]: Missing file at D:/Emulateurs/Vita3K/mc/ux0/app/PCSB00850/Media/Managed/mono/assemblies/SonyVitaCommonDialog/SonyVitaCommonDialog.config (target path: app0:Media/Managed/mono/assemblies/SonyVitaCommonDialog/SonyVitaCommonDialog.config)
[06:38:29.834] |W| [io_error_impl]: open_file (sceIoOpen) returned 0x80010002
[06:38:29.835] |E| [stat_file]: Cannot find device for path: app0/SonyVitaSavedGames.dll
[06:38:29.835] |W| [io_error_impl]: stat_file (_sceIoGetstat) returned 0x80010002
[06:38:29.836] |E| [stat_file]: Cannot find device for path: app0/SonyVitaSavedGames.exe
[06:38:29.836] |W| [io_error_impl]: stat_file (_sceIoGetstat) returned 0x80010002
[06:38:29.837] |E| [stat_file]: Cannot find device for path: app0/SonyVitaSavedGames/SonyVitaSavedGames.dll
[06:38:29.837] |W| [io_error_impl]: stat_file (_sceIoGetstat) returned 0x80010002
[06:38:29.838] |E| [stat_file]: Cannot find device for path: app0/SonyVitaSavedGames/SonyVitaSavedGames.exe
[06:38:29.838] |W| [io_error_impl]: stat_file (_sceIoGetstat) returned 0x80010002
[06:38:29.838] |E| [stat_file]: Cannot find device for path: Media/Managed/SonyVitaSavedGames.dll
[06:38:29.839] |W| [io_error_impl]: stat_file (_sceIoGetstat) returned 0x80010002
[06:38:29.839] |E| [stat_file]: Cannot find device for path: Media/Managed/SonyVitaSavedGames.exe
[06:38:29.840] |W| [io_error_impl]: stat_file (_sceIoGetstat) returned 0x80010002
[06:38:29.840] |E| [stat_file]: Cannot find device for path: Media/Managed/SonyVitaSavedGames/SonyVitaSavedGames.dll
[06:38:29.841] |W| [io_error_impl]: stat_file (_sceIoGetstat) returned 0x80010002
[06:38:29.841] |E| [stat_file]: Cannot find device for path: Media/Managed/SonyVitaSavedGames/SonyVitaSavedGames.exe
[06:38:29.841] |W| [io_error_impl]: stat_file (_sceIoGetstat) returned 0x80010002
[06:38:29.842] |I| [export_sceIoOpen]: Opening file: app0:Media/Managed/SonyVitaSavedGames.dll
[06:38:29.844] |I| [export_sceIoOpen]: Opening file: app0:Media/Managed/SonyVitaSavedGames.dll.config
[06:38:29.844] |E| [open_file]: Missing file at D:/Emulateurs/Vita3K/mc/ux0/app/PCSB00850/Media/Managed/SonyVitaSavedGames.dll.config (target path: app0:Media/Managed/SonyVitaSavedGames.dll.config)
[06:38:29.849] |W| [io_error_impl]: open_file (sceIoOpen) returned 0x80010002
[06:38:29.850] |I| [export_sceIoOpen]: Opening file: app0:Media/Managed/mono/assemblies/SonyVitaSavedGames/SonyVitaSavedGames.config
[06:38:29.850] |E| [open_file]: Missing file at D:/Emulateurs/Vita3K/mc/ux0/app/PCSB00850/Media/Managed/mono/assemblies/SonyVitaSavedGames/SonyVitaSavedGames.config (target path: app0:Media/Managed/mono/assemblies/SonyVitaSavedGames/SonyVitaSavedGames.config)
[06:38:29.851] |W| [io_error_impl]: open_file (sceIoOpen) returned 0x80010002
[06:38:29.852] |I| [export_sceIoOpen]: Opening file: app0:/Media/Managed/Assembly-CSharp.dll.config
[06:38:29.852] |E| [open_file]: Missing file at D:/Emulateurs/Vita3K/mc/ux0/app/PCSB00850/Media/Managed/Assembly-CSharp.dll.config (target path: app0:/Media/Managed/Assembly-CSharp.dll.config)
[06:38:29.853] |W| [io_error_impl]: open_file (sceIoOpen) returned 0x80010002
[06:38:29.853] |I| [export_sceIoOpen]: Opening file: app0:Media/Managed/mono/assemblies/Assembly-CSharp/Assembly-CSharp.config
[06:38:29.854] |E| [open_file]: Missing file at D:/Emulateurs/Vita3K/mc/ux0/app/PCSB00850/Media/Managed/mono/assemblies/Assembly-CSharp/Assembly-CSharp.config (target path: app0:Media/Managed/mono/assemblies/Assembly-CSharp/Assembly-CSharp.config)
[06:38:29.855] |W| [io_error_impl]: open_file (sceIoOpen) returned 0x80010002
[06:38:29.856] |I| [export_sceIoOpen]: Opening file: app0:/Media/Managed/SonyNP.dll
[06:38:29.857] |I| [export_sceIoOpen]: Opening file: app0:Media/Managed/SonyNP.dll.config
[06:38:29.857] |E| [open_file]: Missing file at D:/Emulateurs/Vita3K/mc/ux0/app/PCSB00850/Media/Managed/SonyNP.dll.config (target path: app0:Media/Managed/SonyNP.dll.config)
[06:38:29.858] |W| [io_error_impl]: open_file (sceIoOpen) returned 0x80010002
[06:38:29.858] |I| [export_sceIoOpen]: Opening file: app0:Media/Managed/mono/assemblies/SonyNP/SonyNP.config
[06:38:29.859] |E| [open_file]: Missing file at D:/Emulateurs/Vita3K/mc/ux0/app/PCSB00850/Media/Managed/mono/assemblies/SonyNP/SonyNP.config (target path: app0:Media/Managed/mono/assemblies/SonyNP/SonyNP.config)
[06:38:29.860] |W| [io_error_impl]: open_file (sceIoOpen) returned 0x80010002
[06:38:29.863] |I| [export_sceIoOpen]: Opening file: app0:/Media/Managed/SonyVitaCommonDialog.dll
[06:38:29.865] |I| [export_sceIoOpen]: Opening file: app0:Media/Managed/SonyVitaCommonDialog.dll.config
[06:38:29.869] |E| [open_file]: Missing file at D:/Emulateurs/Vita3K/mc/ux0/app/PCSB00850/Media/Managed/SonyVitaCommonDialog.dll.config (target path: app0:Media/Managed/SonyVitaCommonDialog.dll.config)
[06:38:29.870] |W| [io_error_impl]: open_file (sceIoOpen) returned 0x80010002
[06:38:29.870] |I| [export_sceIoOpen]: Opening file: app0:Media/Managed/mono/assemblies/SonyVitaCommonDialog/SonyVitaCommonDialog.config
[06:38:29.871] |E| [open_file]: Missing file at D:/Emulateurs/Vita3K/mc/ux0/app/PCSB00850/Media/Managed/mono/assemblies/SonyVitaCommonDialog/SonyVitaCommonDialog.config (target path: app0:Media/Managed/mono/assemblies/SonyVitaCommonDialog/SonyVitaCommonDialog.config)
[06:38:29.872] |W| [io_error_impl]: open_file (sceIoOpen) returned 0x80010002
[06:38:29.872] |I| [export_sceIoOpen]: Opening file: app0:/Media/Managed/SonyVitaSavedGames.dll
[06:38:29.873] |I| [export_sceIoOpen]: Opening file: app0:Media/Managed/SonyVitaSavedGames.dll.config
[06:38:29.873] |E| [open_file]: Missing file at D:/Emulateurs/Vita3K/mc/ux0/app/PCSB00850/Media/Managed/SonyVitaSavedGames.dll.config (target path: app0:Media/Managed/SonyVitaSavedGames.dll.config)
[06:38:29.874] |W| [io_error_impl]: open_file (sceIoOpen) returned 0x80010002
[06:38:29.874] |I| [export_sceIoOpen]: Opening file: app0:Media/Managed/mono/assemblies/SonyVitaSavedGames/SonyVitaSavedGames.config
[06:38:29.875] |E| [open_file]: Missing file at D:/Emulateurs/Vita3K/mc/ux0/app/PCSB00850/Media/Managed/mono/assemblies/SonyVitaSavedGames/SonyVitaSavedGames.config (target path: app0:Media/Managed/mono/assemblies/SonyVitaSavedGames/SonyVitaSavedGames.config)
[06:38:29.876] |W| [io_error_impl]: open_file (sceIoOpen) returned 0x80010002
[06:38:29.883] |E| [call_import]: Import function for NID 0xE340C230 not found (thread name: Unity_main_thread, thread ID: 71)
[06:38:29.900] |E| [call_import]: Import function for NID 0xE340C238 not found (thread name: Unity_main_thread, thread ID: 71)
[06:38:29.921] |E| [call_import]: Import function for NID 0xE340C23C not found (thread name: Unity_main_thread, thread ID: 71)
[06:38:29.993] |E| [call_import]: Import function for NID 0xE340C22D not found (thread name: Unity_main_thread, thread ID: 71)
[06:38:30.160] |E| [logging::ret_error_impl]: sceKernelTryLockLwMutex returned SCE_KERNEL_ERROR_LW_MUTEX_FAILED_TO_OWN (0x80028185)
[06:38:30.197] |I| [export_sceIoOpen]: Opening file: app0:/Media/sharedassets0.assets
[06:38:30.396] |E| [call_import]: Import function for NID 0xE340C23B not found (thread name: 0BB88180 UnityPreload, thread ID: 385)
[06:38:30.400] |E| [call_import]: Import function for NID 0xE340C239 not found (thread name: 0BB88180 UnityPreload, thread ID: 385)
[06:38:30.917] |I| [export_sceIoOpen]: Opening file: app0:Media/Managed/mono/gac/policy.2.0.mscorlib/0.0.0.0__7cec85d7bea7798e/policy.2.0.mscorlib.dll
[06:38:30.918] |E| [open_file]: Missing file at D:/Emulateurs/Vita3K/mc/ux0/app/PCSB00850/Media/Managed/mono/gac/policy.2.0.mscorlib/0.0.0.0__7cec85d7bea7798e/policy.2.0.mscorlib.dll (target path: app0:Media/Managed/mono/gac/policy.2.0.mscorlib/0.0.0.0__7cec85d7bea7798e/policy.2.0.mscorlib.dll)
[06:38:30.919] |W| [io_error_impl]: open_file (sceIoOpen) returned 0x80010002
[06:38:30.923] |E| [stat_file]: Cannot find device for path: app0/mscorlib.dll
[06:38:30.923] |W| [io_error_impl]: stat_file (_sceIoGetstat) returned 0x80010002
[06:38:30.924] |E| [stat_file]: Cannot find device for path: app0/mscorlib.exe
[06:38:30.924] |W| [io_error_impl]: stat_file (_sceIoGetstat) returned 0x80010002
[06:38:30.924] |E| [stat_file]: Cannot find device for path: app0/mscorlib/mscorlib.dll
[06:38:30.925] |W| [io_error_impl]: stat_file (_sceIoGetstat) returned 0x80010002
[06:38:30.925] |E| [stat_file]: Cannot find device for path: app0/mscorlib/mscorlib.exe
[06:38:30.926] |W| [io_error_impl]: stat_file (_sceIoGetstat) returned 0x80010002
[06:38:30.926] |E| [stat_file]: Cannot find device for path: Media/Managed/mscorlib.dll
[06:38:30.926] |W| [io_error_impl]: stat_file (_sceIoGetstat) returned 0x80010002
[06:38:30.927] |E| [stat_file]: Cannot find device for path: Media/Managed/mscorlib.exe
[06:38:30.927] |W| [io_error_impl]: stat_file (_sceIoGetstat) returned 0x80010002
[06:38:30.928] |E| [stat_file]: Cannot find device for path: Media/Managed/mscorlib/mscorlib.dll
[06:38:30.929] |W| [io_error_impl]: stat_file (_sceIoGetstat) returned 0x80010002
[06:38:30.930] |E| [stat_file]: Cannot find device for path: Media/Managed/mscorlib/mscorlib.exe
[06:38:30.930] |W| [io_error_impl]: stat_file (_sceIoGetstat) returned 0x80010002
[06:38:30.937] |E| [stat_file]: Cannot find device for path: app0/mscorlib.dll
[06:38:30.937] |W| [io_error_impl]: stat_file (_sceIoGetstat) returned 0x80010002
[06:38:30.938] |E| [stat_file]: Cannot find device for path: app0/mscorlib.exe
[06:38:30.938] |W| [io_error_impl]: stat_file (_sceIoGetstat) returned 0x80010002
[06:38:30.939] |E| [stat_file]: Cannot find device for path: app0/mscorlib/mscorlib.dll
[06:38:30.942] |W| [io_error_impl]: stat_file (_sceIoGetstat) returned 0x80010002
[06:38:30.943] |E| [stat_file]: Cannot find device for path: app0/mscorlib/mscorlib.exe
[06:38:30.943] |W| [io_error_impl]: stat_file (_sceIoGetstat) returned 0x80010002
[06:38:30.943] |E| [stat_file]: Cannot find device for path: Media/Managed/mscorlib.dll
[06:38:30.944] |W| [io_error_impl]: stat_file (_sceIoGetstat) returned 0x80010002
[06:38:30.945] |E| [stat_file]: Cannot find device for path: Media/Managed/mscorlib.exe
[06:38:30.946] |W| [io_error_impl]: stat_file (_sceIoGetstat) returned 0x80010002
[06:38:30.946] |E| [stat_file]: Cannot find device for path: Media/Managed/mscorlib/mscorlib.dll
[06:38:30.947] |W| [io_error_impl]: stat_file (_sceIoGetstat) returned 0x80010002
[06:38:30.947] |E| [stat_file]: Cannot find device for path: Media/Managed/mscorlib/mscorlib.exe
[06:38:30.948] |W| [io_error_impl]: stat_file (_sceIoGetstat) returned 0x80010002
[06:38:30.949] |I| [export_sceIoOpen]: Opening file: app0:Media/Managed/mono/gac/policy.2.0.System.Core/0.0.0.0__7cec85d7bea7798e/policy.2.0.System.Core.dll
[06:38:30.949] |E| [open_file]: Missing file at D:/Emulateurs/Vita3K/mc/ux0/app/PCSB00850/Media/Managed/mono/gac/policy.2.0.System.Core/0.0.0.0__7cec85d7bea7798e/policy.2.0.System.Core.dll (target path: app0:Media/Managed/mono/gac/policy.2.0.System.Core/0.0.0.0__7cec85d7bea7798e/policy.2.0.System.Core.dll)
[06:38:30.950] |W| [io_error_impl]: open_file (sceIoOpen) returned 0x80010002
[06:38:30.951] |E| [stat_file]: Cannot find device for path: app0/System.Core.dll
[06:38:30.951] |W| [io_error_impl]: stat_file (_sceIoGetstat) returned 0x80010002
[06:38:30.951] |E| [stat_file]: Cannot find device for path: app0/System.Core.exe
[06:38:30.952] |W| [io_error_impl]: stat_file (_sceIoGetstat) returned 0x80010002
[06:38:30.952] |E| [stat_file]: Cannot find device for path: app0/System.Core/System.Core.dll
[06:38:30.953] |W| [io_error_impl]: stat_file (_sceIoGetstat) returned 0x80010002
[06:38:30.953] |E| [stat_file]: Cannot find device for path: app0/System.Core/System.Core.exe
[06:38:30.954] |W| [io_error_impl]: stat_file (_sceIoGetstat) returned 0x80010002
[06:38:30.954] |E| [stat_file]: Cannot find device for path: Media/Managed/System.Core.dll
[06:38:30.955] |W| [io_error_impl]: stat_file (_sceIoGetstat) returned 0x80010002
[06:38:30.959] |E| [stat_file]: Cannot find device for path: Media/Managed/System.Core.exe
[06:38:30.962] |W| [io_error_impl]: stat_file (_sceIoGetstat) returned 0x80010002
[06:38:30.963] |E| [stat_file]: Cannot find device for path: Media/Managed/System.Core/System.Core.dll
[06:38:30.963] |W| [io_error_impl]: stat_file (_sceIoGetstat) returned 0x80010002
[06:38:30.964] |E| [stat_file]: Cannot find device for path: Media/Managed/System.Core/System.Core.exe
[06:38:30.964] |W| [io_error_impl]: stat_file (_sceIoGetstat) returned 0x80010002
[06:38:30.966] |I| [export_sceIoOpen]: Opening file: app0:Media/Managed/mono/gac/System.Core/2.0.5.0__7cec85d7bea7798e/System.Core.dll
[06:38:30.967] |E| [open_file]: Missing file at D:/Emulateurs/Vita3K/mc/ux0/app/PCSB00850/Media/Managed/mono/gac/System.Core/2.0.5.0__7cec85d7bea7798e/System.Core.dll (target path: app0:Media/Managed/mono/gac/System.Core/2.0.5.0__7cec85d7bea7798e/System.Core.dll)
[06:38:30.968] |W| [io_error_impl]: open_file (sceIoOpen) returned 0x80010002
[06:38:30.969] |I| [export_sceIoOpen]: Opening file: app0:/Media/Managed/System.Core.dll
[06:38:31.001] |I| [export_sceIoOpen]: Opening file: app0:Media/Managed/System.Core.dll.config
[06:38:31.001] |E| [open_file]: Missing file at D:/Emulateurs/Vita3K/mc/ux0/app/PCSB00850/Media/Managed/System.Core.dll.config (target path: app0:Media/Managed/System.Core.dll.config)
[06:38:31.002] |W| [io_error_impl]: open_file (sceIoOpen) returned 0x80010002
[06:38:31.003] |I| [export_sceIoOpen]: Opening file: app0:Media/Managed/mono/assemblies/System.Core/System.Core.config
[06:38:31.003] |E| [open_file]: Missing file at D:/Emulateurs/Vita3K/mc/ux0/app/PCSB00850/Media/Managed/mono/assemblies/System.Core/System.Core.config (target path: app0:Media/Managed/mono/assemblies/System.Core/System.Core.config)
[06:38:31.004] |W| [io_error_impl]: open_file (sceIoOpen) returned 0x80010002
[06:38:31.735] |I| [export_sceIoOpen]: Opening file: app0:/Media/resources.assets
[06:38:31.787] |I| [export_sceIoOpen]: Opening file: app0:Media/Managed/mono/gac/policy.2.0.System/0.0.0.0__7cec85d7bea7798e/policy.2.0.System.dll
[06:38:31.788] |E| [open_file]: Missing file at D:/Emulateurs/Vita3K/mc/ux0/app/PCSB00850/Media/Managed/mono/gac/policy.2.0.System/0.0.0.0__7cec85d7bea7798e/policy.2.0.System.dll (target path: app0:Media/Managed/mono/gac/policy.2.0.System/0.0.0.0__7cec85d7bea7798e/policy.2.0.System.dll)
[06:38:31.789] |W| [io_error_impl]: open_file (sceIoOpen) returned 0x80010002
[06:38:31.790] |E| [stat_file]: Cannot find device for path: app0/System.dll
[06:38:31.790] |W| [io_error_impl]: stat_file (_sceIoGetstat) returned 0x80010002
[06:38:31.791] |E| [stat_file]: Cannot find device for path: app0/System.exe
[06:38:31.791] |W| [io_error_impl]: stat_file (_sceIoGetstat) returned 0x80010002
[06:38:31.792] |E| [stat_file]: Cannot find device for path: app0/System/System.dll
[06:38:31.792] |W| [io_error_impl]: stat_file (_sceIoGetstat) returned 0x80010002
[06:38:31.793] |E| [stat_file]: Cannot find device for path: app0/System/System.exe
[06:38:31.793] |W| [io_error_impl]: stat_file (_sceIoGetstat) returned 0x80010002
[06:38:31.794] |E| [stat_file]: Cannot find device for path: Media/Managed/System.dll
[06:38:31.794] |W| [io_error_impl]: stat_file (_sceIoGetstat) returned 0x80010002
[06:38:31.795] |E| [stat_file]: Cannot find device for path: Media/Managed/System.exe
[06:38:31.797] |W| [io_error_impl]: stat_file (_sceIoGetstat) returned 0x80010002
[06:38:31.797] |E| [stat_file]: Cannot find device for path: Media/Managed/System/System.dll
[06:38:31.798] |W| [io_error_impl]: stat_file (_sceIoGetstat) returned 0x80010002
[06:38:31.798] |E| [stat_file]: Cannot find device for path: Media/Managed/System/System.exe
[06:38:31.799] |W| [io_error_impl]: stat_file (_sceIoGetstat) returned 0x80010002
[06:38:31.799] |I| [export_sceIoOpen]: Opening file: app0:Media/Managed/mono/gac/System/2.0.0.0__7cec85d7bea7798e/System.dll
[06:38:31.800] |E| [open_file]: Missing file at D:/Emulateurs/Vita3K/mc/ux0/app/PCSB00850/Media/Managed/mono/gac/System/2.0.0.0__7cec85d7bea7798e/System.dll (target path: app0:Media/Managed/mono/gac/System/2.0.0.0__7cec85d7bea7798e/System.dll)
[06:38:31.801] |W| [io_error_impl]: open_file (sceIoOpen) returned 0x80010002
[06:38:31.801] |I| [export_sceIoOpen]: Opening file: app0:/Media/Managed/System.dll
[06:38:31.808] |I| [export_sceIoOpen]: Opening file: app0:Media/Managed/System.dll.config
[06:38:31.808] |E| [open_file]: Missing file at D:/Emulateurs/Vita3K/mc/ux0/app/PCSB00850/Media/Managed/System.dll.config (target path: app0:Media/Managed/System.dll.config)
[06:38:31.809] |W| [io_error_impl]: open_file (sceIoOpen) returned 0x80010002
[06:38:31.810] |I| [export_sceIoOpen]: Opening file: app0:Media/Managed/mono/assemblies/System/System.config
[06:38:31.810] |E| [open_file]: Missing file at D:/Emulateurs/Vita3K/mc/ux0/app/PCSB00850/Media/Managed/mono/assemblies/System/System.config (target path: app0:Media/Managed/mono/assemblies/System/System.config)
[06:38:31.811] |W| [io_error_impl]: open_file (sceIoOpen) returned 0x80010002
[06:38:32.082] |W| [unimplemented_impl]: Unimplemented sceMotionGetState import called.
[06:38:32.083] |W| [unimplemented_impl]: Unimplemented sceMotionGetMagnetometerState import called.
[06:38:32.159] |I| [export_sceIoOpen]: Opening file: app0:/Media/sharedassets1.assets
[06:38:32.196] |I| [export_sceIoOpen]: Opening file: app0:/Media/level0
[06:38:32.256] |I| [export_sceIoOpen]: Opening file: app0:/Media/sharedassets1.assets.resS
[06:38:32.272] |W| [unimplemented_impl]: Unimplemented sceGxmSetWClampEnable import called.
[06:38:32.272] |W| [unimplemented_impl]: Unimplemented sceGxmSetWClampValue import called.
[06:38:32.286] |I| [float_to_half_init]: AVX+F16C instruction set is supported. Using fast f32 to f16 conversion
[06:38:32.303] |I| [export_sceIoOpen]: Opening file: app0:/Media/sharedassets1.assets.resS
[06:38:32.315] |I| [export_sceIoOpen]: Opening file: app0:/Media/sharedassets1.assets.resS
[06:38:32.321] |I| [export_sceIoOpen]: Opening file: app0:/Media/sharedassets1.assets.resS
[06:38:32.333] |I| [export_sceIoOpen]: Opening file: app0:/Media/sharedassets1.assets.resS
[06:38:32.348] |I| [export_sceIoOpen]: Opening file: app0:/Media/sharedassets1.assets.resS
[06:38:32.361] |W| [unimplemented_impl]: Unimplemented sceCommonDialogUpdate import called.
[06:38:32.378] |I| [renderer::gl::load_shader_generic]: Generating frag shader 9f8f4953a7a8e8cd5f99b798477a08396ab9555daf6275056d51c2a90851643a
[06:38:32.380] |D| [shader::create_parameters]: [DEFAULT  + 0] sa0 = (float1) mask
[06:38:32.382] |I| [renderer::gl::load_shader_generic]: Generating vert shader 3a7349a016eef77eeeca149e3bca528bc9b1f4db659b2df1af0b68d9ae083c2c
[06:38:32.384] |D| [shader::create_parameters]: [DEFAULT  + 0] sa0 = (float4) coords
[06:38:32.387] |I| [renderer::gl::load_shader_generic]: Generating frag shader 4291f996eb5f888561df422b9dabe78fcd152b55c1a7570c1459741b919fedc8
[06:38:32.388] |D| [shader::create_parameters]: [DEFAULT  + 0] sa0 = (half4) color
[06:38:32.391] |I| [renderer::gl::load_shader_generic]: Generating vert shader 6d4b9fd7f374332d8fbef73acd203e3fc3b18704ed409601518c31c9dba2ad6a
[06:38:32.392] |D| [shader::create_parameters]: [BUFFER0  + 0] pa0 = (float4) position
[06:38:32.392] |D| [shader::create_parameters]: [DEFAULT  + 0] sa0 = (float1) depth
[06:38:32.397] |E| [renderer::gl::compile_program]: Fragment info
-------------
0(20) : warning C7050: "pa[0].zw" might be used before being initialized


[06:38:32.398] |D| [renderer::gl::texture::translate_swizzle]: base format: -2030043136, swizzle: 0
[06:38:32.409] |I| [renderer::gl::load_shader_generic]: Generating frag shader a1566e1d385805125ce0c0e37bb4a4b381343302d2977751e32be6d225e8aa6a
[06:38:32.413] |I| [renderer::gl::load_shader_generic]: Generating vert shader 5ea9a7eb44d0e4d5607784d8004691fe36c35d1ce6f00817fd1ebb290e11f78d
[06:38:32.414] |D| [shader::create_parameters]: [BUFFER0  + 0] pa0 = (float4) v_vertex
[06:38:32.414] |D| [shader::create_parameters]: [BUFFER0  + 4] pa4 = (float4) v_texcoord
[06:38:32.416] |D| [shader::create_parameters]: [DEFAULT  + 0] sa0 = (float4) glstate_matrix_mvp[4]
[06:38:32.416] |D| [shader::create_parameters]: [DEFAULT  + 16] sa16 = (float4) _MainTex_ST
[06:38:32.423] |D| [renderer::gl::texture::translate_swizzle]: base format: 201326592, swizzle: 0
[06:38:32.423] |D| [renderer::gl::texture::translate_swizzle]: base format: 201326592, swizzle: 12288
[06:38:32.424] |I| [renderer::gl::load_shader_generic]: Generating frag shader ec1fa677d244641b430deb8fcaf742804c888f1e73c149fa3acf8812f974fb98
[06:38:32.425] |D| [shader::create_fragment_inputs]: Iterator: pa0 = (half4) v_Color0
[06:38:32.428] |I| [renderer::gl::load_shader_generic]: Generating vert shader 462de6683eab699559419421ecb741b6d030d6ab02c8e184ca02988d0a600c0f
[06:38:32.429] |D| [shader::create_parameters]: [BUFFER0  + 0] pa0 = (float4) IN_vertex
[06:38:32.430] |D| [shader::create_parameters]: [BUFFER0  + 4] pa4 = (float4) IN_color
[06:38:32.433] |D| [shader::create_parameters]: [BUFFER0  + 8] pa8 = (float4) IN_texcoord
[06:38:32.434] |D| [shader::create_parameters]: [DEFAULT  + 0] sa0 = (float4) glstate_matrix_mvp[4]
[06:38:32.434] |D| [shader::create_parameters]: [DEFAULT  + 16] sa16 = (half4) _Color
[06:38:32.443] |E| [renderer::gl::compile_program]: Fragment info
-------------
0(18) : warning C7050: "pa[0].zw" might be used before being initialized


[06:38:32.444] |D| [renderer::gl::texture::translate_swizzle]: base format: 201326592, swizzle: 12288
[06:38:32.444] |D| [renderer::gl::texture::translate_swizzle]: base format: 0, swizzle: 12288
[06:38:32.444] |I| [renderer::gl::load_shader_generic]: Generating frag shader e51a773c7ae1fde2f852aea18a844b8f093d0d46e8a55fdef5d9f32017704b3d
[06:38:32.446] |D| [shader::create_fragment_inputs]: Iterator: pa0 = (half4) v_Color0
[06:38:32.452] |I| [renderer::gl::load_shader_generic]: Generating vert shader f98610d18d2298bc1291e656457790ec3311750ec27d9e62217f9352f1ce3a62
[06:38:32.453] |D| [shader::create_parameters]: [BUFFER0  + 0] pa0 = (float4) v_vertex
[06:38:32.453] |D| [shader::create_parameters]: [BUFFER0  + 4] pa4 = (float4) v_color
[06:38:32.454] |D| [shader::create_parameters]: [BUFFER0  + 8] pa8 = (float4) v_texcoord
[06:38:32.454] |D| [shader::create_parameters]: [DEFAULT  + 0] sa0 = (float4) glstate_matrix_mvp[4]
[06:38:32.455] |D| [shader::create_parameters]: [DEFAULT  + 16] sa16 = (float4) _MainTex_ST
[06:38:32.455] |D| [shader::create_parameters]: [DEFAULT  + 20] sa20 = (half4) _Color
[06:38:32.463] |E| [renderer::gl::compile_program]: Fragment info
-------------
0(18) : warning C7050: "pa[0].zw" might be used before being initialized


[06:38:32.468] |W| [stubbed_impl]: Stubbed sceDisplayWaitSetFrameBuf import called. (move after setframebuf)
[06:38:32.475] |D| [renderer::gl::texture::translate_swizzle]: base format: 201326592, swizzle: 12288
[06:38:32.487] |D| [renderer::gl::texture::translate_swizzle]: base format: 201326592, swizzle: 12288
[06:38:32.512] |D| [renderer::gl::texture::translate_swizzle]: base format: 201326592, swizzle: 12288
[06:38:32.528] |D| [renderer::gl::texture::translate_swizzle]: base format: 201326592, swizzle: 12288
[06:38:32.545] |D| [renderer::gl::texture::translate_swizzle]: base format: 201326592, swizzle: 12288
[06:38:32.579] |D| [renderer::gl::texture::translate_swizzle]: base format: 201326592, swizzle: 12288
[06:38:32.595] |D| [renderer::gl::texture::translate_swizzle]: base format: 201326592, swizzle: 12288
[06:38:32.612] |D| [renderer::gl::texture::translate_swizzle]: base format: 201326592, swizzle: 12288
[06:38:32.629] |D| [renderer::gl::texture::translate_swizzle]: base format: 201326592, swizzle: 12288
[06:38:32.662] |D| [renderer::gl::texture::translate_swizzle]: base format: 201326592, swizzle: 12288
[06:38:32.679] |D| [renderer::gl::texture::translate_swizzle]: base format: 201326592, swizzle: 12288
[06:38:32.696] |D| [renderer::gl::texture::translate_swizzle]: base format: 201326592, swizzle: 12288
[06:38:32.834] |D| [renderer::gl::texture::translate_swizzle]: base format: 201326592, swizzle: 12288
[06:38:32.846] |D| [renderer::gl::texture::translate_swizzle]: base format: 201326592, swizzle: 12288
[06:38:32.862] |D| [renderer::gl::texture::translate_swizzle]: base format: 201326592, swizzle: 12288
[06:38:32.945] |D| [renderer::gl::texture::translate_swizzle]: base format: 201326592, swizzle: 12288
[06:38:32.962] |D| [renderer::gl::texture::translate_swizzle]: base format: 201326592, swizzle: 12288
[06:38:32.979] |D| [renderer::gl::texture::translate_swizzle]: base format: 201326592, swizzle: 12288
[06:38:32.979] |D| [renderer::gl::texture::translate_swizzle]: base format: 201326592, swizzle: 12288
[06:38:33.012] |D| [renderer::gl::texture::translate_swizzle]: base format: 201326592, swizzle: 12288
[06:38:33.028] |D| [renderer::gl::texture::translate_swizzle]: base format: 201326592, swizzle: 12288
[06:38:33.045] |D| [renderer::gl::texture::translate_swizzle]: base format: 201326592, swizzle: 12288
[06:38:33.062] |D| [renderer::gl::texture::translate_swizzle]: base format: 201326592, swizzle: 12288
[06:38:33.095] |D| [renderer::gl::texture::translate_swizzle]: base format: 201326592, swizzle: 12288
[06:38:33.112] |D| [renderer::gl::texture::translate_swizzle]: base format: 201326592, swizzle: 12288
[06:38:33.128] |D| [renderer::gl::texture::translate_swizzle]: base format: 201326592, swizzle: 12288
[06:38:33.162] |D| [renderer::gl::texture::translate_swizzle]: base format: 201326592, swizzle: 12288
[06:38:33.178] |D| [renderer::gl::texture::translate_swizzle]: base format: 201326592, swizzle: 12288
[06:38:33.195] |D| [renderer::gl::texture::translate_swizzle]: base format: 201326592, swizzle: 12288
[06:38:33.212] |D| [renderer::gl::texture::translate_swizzle]: base format: 201326592, swizzle: 12288
[06:38:33.245] |D| [renderer::gl::texture::translate_swizzle]: base format: 201326592, swizzle: 12288
[06:38:33.262] |D| [renderer::gl::texture::translate_swizzle]: base format: 201326592, swizzle: 12288
[06:38:33.278] |D| [renderer::gl::texture::translate_swizzle]: base format: 201326592, swizzle: 12288
[06:38:33.312] |D| [renderer::gl::texture::translate_swizzle]: base format: 201326592, swizzle: 12288
[06:38:33.328] |D| [renderer::gl::texture::translate_swizzle]: base format: 201326592, swizzle: 12288
[06:38:33.345] |D| [renderer::gl::texture::translate_swizzle]: base format: 201326592, swizzle: 12288
[06:38:33.445] |D| [renderer::gl::texture::translate_swizzle]: base format: 201326592, swizzle: 12288
[06:38:33.462] |D| [renderer::gl::texture::translate_swizzle]: base format: 201326592, swizzle: 12288
[06:38:33.479] |D| [renderer::gl::texture::translate_swizzle]: base format: 201326592, swizzle: 12288
[06:38:33.779] |D| [renderer::gl::texture::translate_swizzle]: base format: 201326592, swizzle: 12288
[06:38:33.812] |D| [renderer::gl::texture::translate_swizzle]: base format: 201326592, swizzle: 12288
[06:38:33.828] |D| [renderer::gl::texture::translate_swizzle]: base format: 201326592, swizzle: 12288
[06:38:33.845] |D| [renderer::gl::texture::translate_swizzle]: base format: 201326592, swizzle: 12288
[06:38:33.895] |D| [renderer::gl::texture::translate_swizzle]: base format: 201326592, swizzle: 12288
[06:38:33.912] |D| [renderer::gl::texture::translate_swizzle]: base format: 201326592, swizzle: 12288
