[07:19:51.670] |I| [load_app_impl]: cpu-backend: Dynarmic
[07:19:51.670] |I| [load_app_impl]: CPU Optimisation state: true
[07:19:51.670] |I| [load_app_impl]: at9 audio decoder state: false
[07:19:51.671] |I| [load_app_impl]: ngs experimental state: true
[07:19:51.671] |I| [load_app_impl]: video player state: true
[07:19:51.671] |I| [load_app_impl]: lle-modules: libSceJson,liblocation,libSceXml,libpgf,libvoice,librudp,libSceSqlite,libvoiceqos,libsas
[07:19:51.671] |I| [load_app_impl]: Title: SUMIONI:DEMON ARTS
[07:19:51.671] |I| [load_app_impl]: Serial: PCSB00242
[07:19:51.671] |I| [load_app_impl]: Version: 1.00
[07:19:51.671] |I| [load_app_impl]: Category: gd
[07:19:51.723] |C| [load_self]: Unknown segment type 0x6FFFFF01
[07:19:51.723] |I| [load_self]: Loaded module segment 0 @ [0x00007000 - 0x00042F34 / 0x81000000] (size: 0x0003BF34) of module ux0:app\PCSB00242\sce_module\libc.suprx
[07:19:51.723] |I| [load_self]: Loaded module segment 1 @ [0x00043000 - 0x0004533C / 0x8103C000] (size: 0x0000233C) of module ux0:app\PCSB00242\sce_module\libc.suprx
[07:19:51.723] |I| [load_self]: Loading symbols for SELF: ux0:app\PCSB00242\sce_module\libc.suprx
[07:19:51.724] |D| [load_var_exports]: 	NID 0x6C2224BA (NID_MODULE_INFO) at 0x34A70
[07:19:51.724] |W| [load_var_imports]: 	NID NOT FOUND 0xDF084DFA (UNRECOGNISED) at 0x38220, setting to stub value 0xDEADBEEF
[07:19:51.724] |I| [pre_load_module]: Pre-load module SceLibc (at "app\PCSB00242\sce_module\libc.suprx") loaded
[07:19:51.731] |C| [load_self]: Unknown segment type 0x6FFFFF01
[07:19:51.732] |I| [load_self]: Loaded module segment 0 @ [0x00047000 - 0x00067398 / 0x81000000] (size: 0x00020398) of module ux0:app\PCSB00242\sce_module\libfios2.suprx
[07:19:51.732] |I| [load_self]: Loaded module segment 1 @ [0x00068000 - 0x0006D1AC / 0x81021000] (size: 0x000051AC) of module ux0:app\PCSB00242\sce_module\libfios2.suprx
[07:19:51.732] |I| [load_self]: Loading symbols for SELF: ux0:app\PCSB00242\sce_module\libfios2.suprx
[07:19:51.732] |D| [load_var_exports]: 	NID 0x6C2224BA (NID_MODULE_INFO) at 0x6135C
[07:19:51.732] |I| [pre_load_module]: Pre-load module SceLibFios2 (at "app\PCSB00242\sce_module\libfios2.suprx") loaded
[07:19:51.737] |C| [load_self]: Unknown segment type 0x6FFFFF01
[07:19:51.740] |I| [load_self]: Loaded module segment 0 @ [0x0006E000 - 0x0008268C / 0x81000000] (size: 0x0001468C) of module ux0:app\PCSB00242\sce_module\libult.suprx
[07:19:51.740] |I| [load_self]: Loaded module segment 1 @ [0x00083000 - 0x00083810 / 0x81015000] (size: 0x00000810) of module ux0:app\PCSB00242\sce_module\libult.suprx
[07:19:51.740] |I| [load_self]: Loading symbols for SELF: ux0:app\PCSB00242\sce_module\libult.suprx
[07:19:51.740] |D| [load_var_exports]: 	NID 0x6C2224BA (NID_MODULE_INFO) at 0x7F370
[07:19:51.740] |I| [pre_load_module]: Pre-load module SceUlt (at "app\PCSB00242\sce_module\libult.suprx") loaded
[07:19:51.747] |I| [load_self]: Loaded module segment 0 @ [0x00084000 - 0x000D4F04 / 0x81000000] (size: 0x00050F04) of module vs0:sys/external/libSceFt2.suprx
[07:19:51.747] |I| [load_self]: Loaded module segment 1 @ [0x000D5000 - 0x000D52F4 / 0x81051000] (size: 0x000002F4) of module vs0:sys/external/libSceFt2.suprx
[07:19:51.747] |I| [load_self]: Loading symbols for SELF: vs0:sys/external/libSceFt2.suprx
[07:19:51.747] |D| [load_var_exports]: 	NID 0x936C8A78 (SYSLYB) at 0xC07DC
[07:19:51.747] |D| [load_var_exports]: 	NID 0x6C2224BA (NID_MODULE_INFO) at 0xBFF10
[07:19:51.747] |W| [load_var_imports]: 	NID NOT FOUND 0x93B8AA67 (UNRECOGNISED) at 0xD4EE0, setting to stub value 0xDEADBEEF
[07:19:51.748] |I| [pre_load_module]: Pre-load module SceLibft2 (at "sys/external/libSceFt2.suprx") loaded
[07:19:51.749] |I| [load_self]: Loaded module segment 0 @ [0x000D7000 - 0x000E6F14 / 0x81000000] (size: 0x0000FF14) of module vs0:sys/external/libpvf.suprx
[07:19:51.749] |I| [load_self]: Loaded module segment 1 @ [0x000E7000 - 0x000E7008 / 0x81010000] (size: 0x00000008) of module vs0:sys/external/libpvf.suprx
[07:19:51.749] |I| [load_self]: Loading symbols for SELF: vs0:sys/external/libpvf.suprx
[07:19:51.750] |D| [load_var_exports]: 	NID 0x936C8A78 (SYSLYB) at 0xE5710
[07:19:51.750] |D| [load_var_exports]: 	NID 0x6C2224BA (NID_MODULE_INFO) at 0xE5300
[07:19:51.750] |I| [pre_load_module]: Pre-load module SceLibPvf (at "sys/external/libpvf.suprx") loaded
[07:19:51.831] |C| [load_self]: Unknown segment type 0x6FFFFF01
[07:19:51.831] |I| [load_self]: Loaded module segment 0 @ [0x81000000 - 0x812654EC / 0x81000000] (size: 0x002654EC) of module app0:eboot.bin
[07:19:51.831] |I| [load_self]: Loaded module segment 1 @ [0x81266000 - 0x816F4C54 / 0x81266000] (size: 0x0048EC54) of module app0:eboot.bin
[07:19:51.832] |I| [load_self]: Loading symbols for SELF: app0:eboot.bin
[07:19:51.832] |D| [load_var_exports]: 	NID 0x6C2224BA (NID_MODULE_INFO) at 0x81208C34
[07:19:51.832] |D| [load_var_exports]: 	NID 0x70FBA1E7 (SCE_PROC_PARAMS) at 0x812806F4
[07:19:51.832] |I| [load_app_impl]: Main executable sumiPSP2 (eboot.bin) loaded
[07:19:51.839] |D| [run_app]: Running module_start of library: SceLibc at address 0x75E5
[07:19:51.850] |I| [export_sceIoOpen]: Opening file: tty0:
[07:19:51.850] |I| [export_sceIoOpen]: Opening file: tty0:
[07:19:51.850] |I| [export_sceIoOpen]: Opening file: tty1:
[07:19:51.855] |I| [run_app]: Module SceLibc (at "ux0:app\PCSB00242\sce_module\libc.suprx") module_start returned 0x0
[07:19:51.859] |D| [run_app]: Running module_start of library: SceLibFios2 at address 0x47001
[07:19:51.867] |I| [run_app]: Module SceLibFios2 (at "ux0:app\PCSB00242\sce_module\libfios2.suprx") module_start returned 0x0
[07:19:51.871] |D| [run_app]: Running module_start of library: SceUlt at address 0x71D59
[07:19:51.879] |I| [run_app]: Module SceUlt (at "ux0:app\PCSB00242\sce_module\libult.suprx") module_start returned 0x0
[07:19:51.926] |W| [stubbed_impl]: Stubbed sceKernelWaitSemaCB import called. (no CB)
[07:19:53.983] |E| [logging::ret_error_impl]: sceKernelAllocMemBlock returned SCE_KERNEL_ERROR_NO_MEMORY (0x8002710B)
[07:19:53.998] |W| [stubbed_impl]: Stubbed sceGxmMapMemory import called. (always return success)
[07:19:54.000] |W| [stubbed_impl]: Stubbed sceGxmMapFragmentUsseMemory import called. (always return success)
[07:19:54.020] |W| [stubbed_impl]: Stubbed sceGxmGetRenderTargetMemSize import called. (2MB host mem)
[07:19:54.913] |W| [unimplemented_impl]: Unimplemented sceAppUtilInit import called.
[07:19:54.914] |W| [unimplemented_impl]: Unimplemented sceCommonDialogSetConfigParam import called.
[07:19:54.916] |W| [unimplemented_impl]: Unimplemented sceNetCtlInit import called.
[07:19:54.916] |W| [unimplemented_impl]: Unimplemented sceSslInit import called.
[07:19:54.916] |W| [unimplemented_impl]: Unimplemented sceHttpInit import called.
[07:19:54.916] |W| [unimplemented_impl]: Unimplemented sceNpScoreInit import called.
[07:19:54.916] |W| [unimplemented_impl]: Unimplemented sceNpScoreCreateTitleCtx import called.
[07:19:54.916] |W| [unimplemented_impl]: Unimplemented sceNpGetServiceState import called.
[07:19:54.917] |W| [stubbed_impl]: Stubbed sceNpManagerGetContentRatingFlag import called. (Stub)
[07:19:55.150] |W| [stubbed_impl]: Stubbed sceGxmMapVertexUsseMemory import called. (always return success)
[07:19:55.165] |W| [unimplemented_impl]: Unimplemented ksceKernelGetThreadCurrentPriority import called.
[07:19:55.237] |I| [export_sceIoOpen]: Opening file: app0:us/font/FontData.l
[07:19:55.252] |W| [unimplemented_impl]: Unimplemented sceKernelChangeThreadVfpException import called.
[07:19:55.252] |W| [unimplemented_impl]: Unimplemented _sceFiosKernelOverlayThreadSetDisabled import called.
[07:19:55.253] |W| [stubbed_impl]: Stubbed sceKernelWaitLwCondCB import called. (no CB)
[07:19:55.268] |W| [ngs::create_voice_definition]: Missing voice definition for Buss Type 10, using passthrough.
[07:19:55.268] |W| [ngs::create_voice_definition]: Missing voice definition for Buss Type 7, using passthrough.
[07:19:55.268] |W| [ngs::create_voice_definition]: Missing voice definition for Buss Type 1, using passthrough.
[07:19:55.272] |W| [unimplemented_impl]: Unimplemented sceNgsModuleGetPreset import called.
[07:19:55.272] |W| [unimplemented_impl]: Unimplemented sceNgsVoiceBypassModule import called.
[07:19:55.273] |D| [export_sceNgsVoicePlay]: sceNgsVoicePlay: 1
[07:19:55.273] |D| [export_sceNgsVoicePlay]: sceNgsVoicePlay: 1
[07:19:55.273] |D| [export_sceNgsVoicePlay]: sceNgsVoicePlay: 1
[07:19:55.273] |D| [export_sceNgsVoicePlay]: sceNgsVoicePlay: 1
[07:19:55.273] |D| [export_sceNgsVoicePlay]: sceNgsVoicePlay: 1
[07:19:55.292] |W| [unimplemented_impl]: Unimplemented sceKernelCpuGetCpuId import called.
[07:19:55.295] |I| [export_sceIoOpen]: Opening file: app0:common/sound/bgm/BGMFile.stm
[07:19:55.318] |I| [export_sceIoOpen]: Opening file: app0:common/sound/se/vag/stay.nsp
[07:19:55.366] |I| [export_sceIoOpen]: Opening file: app0:common/sound/se/SoundHashTable.bin
[07:19:55.686] |W| [stubbed_impl]: Stubbed sceNpTrophyCreateHandle import called. (Stubbed handle with 1)
[07:19:55.688] |W| [stubbed_impl]: Stubbed sceNpCheckCallback import called. (Stub)
[07:19:55.692] |I| [export_sceIoOpen]: Opening file: app0:common/shader/gxm/TEMeshShader.cgfx.phyre
[07:19:55.764] |I| [export_sceIoOpen]: Opening file: app0:us/gametext/GameText.bin
[07:19:55.794] |I| [export_sceIoOpen]: Opening file: app0:us/ui/texture/gxm/UITexture.dds.phyre
[07:19:55.835] |I| [export_sceIoOpen]: Opening file: app0:us/ui/uv/UIChipUITexture.l
[07:19:55.878] |I| [export_sceIoOpen]: Opening file: app0:us/ui/texture/gxm/fude02.dds.phyre
[07:19:55.901] |I| [export_sceIoOpen]: Opening file: app0:us/ui/texture/gxm/fude00.dds.phyre
[07:19:55.925] |I| [export_sceIoOpen]: Opening file: app0:us/ui/texture/gxm/fude_wh_00.dds.phyre
[07:19:55.946] |I| [export_sceIoOpen]: Opening file: app0:common/shader/gxm/FontShader.cgfx.phyre
[07:19:56.026] |I| [export_sceIoOpen]: Opening file: app0:common/shader/gxm/EffectShader.cgfx.phyre
[07:19:56.097] |I| [export_sceIoOpen]: Opening file: app0:common/shader/gxm/SpriteShader.cgfx.phyre
[07:19:56.168] |I| [export_sceIoOpen]: Opening file: app0:common/shader/gxm/InkShader.cgfx.phyre
[07:19:56.239] |I| [export_sceIoOpen]: Opening file: app0:common/shader/gxm/EffectZDShader.cgfx.phyre
[07:19:56.343] |I| [export_sceIoOpen]: Opening file: app0:common/shader/gxm/FullScreen.cgfx.phyre
[07:19:56.426] |I| [export_sceIoOpen]: Opening file: app0:common/shader/gxm/PrimitiveTextureRender2D.cgfx.phyre
[07:19:56.497] |I| [export_sceIoOpen]: Opening file: app0:us/font/FontTexture.l
[07:19:56.569] |I| [export_sceIoOpen]: Opening file: app0:common/fonticon/gxm/imagefont.tga.phyre
[07:19:56.660] |I| [export_sceIoOpen]: Opening file: app0:common/gallery/gallerydata.l
[07:19:56.731] |I| [export_sceIoOpen]: Opening file: app0:common/stage/list/stagelist.l
[07:19:56.803] |I| [export_sceIoOpen]: Opening file: app0:common/map/list/mapmodellist.l
[07:19:56.875] |I| [export_sceIoOpen]: Opening file: app0:common/motion/MOTION_Param.l
[07:19:56.950] |I| [export_sceIoOpen]: Opening file: app0:common/event/eventdata.l
[07:19:57.070] |I| [export_sceIoOpen]: Opening file: app0:common/motion/pack/motionpack0.wac
[07:19:57.139] |W| [unimplemented_impl]: Unimplemented sceGxmDepthStencilSurfaceSetForceStoreMode import called.
[07:19:57.171] |I| [renderer::gl::load_shader_generic]: Generating frag shader a62d835d5807c398fc6da91dac2fd78e0db17e0c72c1689eaaa2d874acef15c9
[07:19:57.174] |D| [shader::create_parameters]: [DEFAULT  + 0] sa0 = (float4) color
[07:19:57.181] |I| [renderer::gl::load_shader_generic]: Generating vert shader 94e455ead96b5aeeebb1a236e05689c8acfd6892b407c2635a9aece98fd84288
[07:19:57.183] |D| [shader::create_parameters]: [BUFFER0  + 0] pa0 = (float4) IN_position
[07:19:57.184] |D| [shader::create_parameters]: [DEFAULT  + 0] sa0 = (float1) depth
[07:19:57.189] |E| [renderer::gl::compile_program]: Fragment info
-------------
0(21) : warning C7050: "pa[0].zw" might be used before being initialized


[07:19:57.210] |W| [unimplemented_impl]: Unimplemented sceKernelGetSemaInfo import called.
[07:19:57.223] |I| [renderer::gl::load_shader_generic]: Generating frag shader 941dfb2eab1b295b5ecc22efe81da9f53efd642036309fbc746fddf187f5631c
[07:19:57.226] |D| [shader::create_fragment_inputs]: Iterator: pa0 = (float4) v_Color0
[07:19:57.248] |I| [renderer::gl::load_shader_generic]: Generating vert shader c97e0800923f34e6ac254be41f2473632d43eae1d9d20cfcb3a96bfd3c07a36f
[07:19:57.251] |D| [shader::create_parameters]: [BUFFER0  + 0] pa0 = (float4) IN_ScreenVertex
[07:19:57.251] |D| [shader::create_parameters]: [BUFFER0  + 4] pa4 = (float4) IN_Color
[07:19:57.252] |D| [shader::create_parameters]: [BUFFER0  + 8] pa8 = (float4) IN_uv
[07:19:57.252] |D| [shader::create_parameters]: [DEFAULT  + 0] sa0 = (float4) World[4]
[07:19:57.252] |D| [shader::create_parameters]: [DEFAULT  + 16] sa16 = (float4) vColorScaler
[07:19:57.290] |E| [renderer::gl::compile_program]: Vertex info
-----------
0(25) : warning C7050: "internals[0].w" might be used before being initialized


[07:19:57.293] |I| [renderer::gl::load_shader_generic]: Generating frag shader 23def9d5d29a632c58c561b50226c195ee61f00e9f7d0595e3e0fb1f76930564
[07:19:57.295] |D| [shader::create_parameters]: [DEFAULT  + 0] sa0 = (float1) g_MonotoneCoefficient
[07:19:57.304] |I| [renderer::gl::load_shader_generic]: Generating vert shader 1dceae83e30c895690a323ad2c45554032959ace16e2cafafe984c64b72b4d21
[07:19:57.307] |D| [shader::create_parameters]: [BUFFER0  + 0] pa0 = (float4) input_screenVertex
[07:19:57.309] |D| [shader::create_parameters]: [BUFFER0  + 4] pa4 = (float4) input_UV
[07:19:57.330] |E| [renderer::gl::compile_program]: Fragment info
-------------
0(26) : warning C7050: "r[0]" might be used before being initialized
0(25) : warning C7050: "internals[0]" might be used before being initialized
0(25) : warning C7050: "internals[1]" might be used before being initialized


[07:19:57.331] |W| [stubbed_impl]: Stubbed sceDisplayWaitVblankStart import called. (wait for vblank)
[07:19:57.332] |I| [renderer::gl::load_shader_generic]: Generating frag shader 87263cd040c3d4b044c0f7eca1c6c84d2c89a145d0a9b2ee699265b789fd72b4
[07:19:57.334] |D| [shader::create_fragment_inputs]: Iterator: pa0 = (float4) v_Color0
[07:19:57.349] |E| [renderer::gl::compile_program]: Vertex info
-----------
0(25) : warning C7050: "internals[0].w" might be used before being initialized


[07:19:57.350] |I| [renderer::gl::load_shader_generic]: Generating frag shader 93063934e4135c832a16292cdc98b7d59ea369afa5c09bce4fcc4dfa5321ce9a
[07:19:57.352] |D| [shader::create_fragment_inputs]: Iterator: pa0 = (float4) v_Color0
[07:19:57.361] |I| [renderer::gl::load_shader_generic]: Generating vert shader 00e5ce0941848f0dd58dc7ab8a63e6e0ef055cd7addbe60401b24d6f12e4fc2c
[07:19:57.363] |D| [shader::create_parameters]: [BUFFER0  + 0] pa0 = (float4) IN_pos
[07:19:57.363] |D| [shader::create_parameters]: [BUFFER0  + 4] pa4 = (float4) IN_uv
[07:19:57.363] |D| [shader::create_parameters]: [BUFFER0  + 8] pa8 = (float4) IN_Color
[07:19:57.363] |D| [shader::create_parameters]: [DEFAULT  + 0] sa0 = (float4) WorldViewProj[4]
[07:19:57.363] |D| [shader::create_parameters]: [DEFAULT  + 16] sa16 = (float4) UserColor
[07:19:57.384] |E| [renderer::gl::compile_program]: Vertex info
-----------
0(25) : warning C7050: "internals[0].w" might be used before being initialized

Fragment info
-------------
0(19) : warning C7050: "pa[1].zw" might be used before being initialized


[07:19:57.459] |I| [export_sceIoOpen]: Opening file: app0:common/motion/pack/motionpack1.wac
[07:19:57.540] |I| [export_sceIoOpen]: Opening file: app0:common/PhyreTexture/pack/gxm/modeltexturepack0.wac
[07:19:58.325] |I| [export_sceIoOpen]: Opening file: app0:common/character/model/gxm/chr_model_le_shujinko_01.dae.GXM.pepd
[07:19:58.437] |I| [export_sceIoOpen]: Opening file: app0:common/PhyreShader/PhyreSUShader.cgfx#33CD6C91769B260BFB1658B00034DEBA.GXM.phyre
[07:19:58.558] |I| [export_sceIoOpen]: Opening file: app0:common/PhyreShader/PhyreSUShader.cgfx#AFEAD90F23621D5E9E9A386A7610FE37.GXM.phyre
[07:19:58.720] |I| [export_sceIoOpen]: Opening file: app0:common/character/model/gxm/chr_model_le_sumigami_01.dae.GXM.pepd
[07:19:58.809] |I| [export_sceIoOpen]: Opening file: app0:common/character/model/gxm/chr_model_le_sumigami_02.dae.GXM.pepd
[07:19:58.881] |I| [export_sceIoOpen]: Opening file: app0:common/character/model/gxm/chr_model_le_bushi_01.dae.GXM.pepd
[07:19:58.963] |I| [export_sceIoOpen]: Opening file: app0:common/character/model/gxm/chr_model_le_bukan_01.dae.GXM.pepd
[07:19:59.043] |I| [export_sceIoOpen]: Opening file: app0:common/character/model/gxm/chr_model_le_sohei_01.dae.GXM.pepd
[07:19:59.122] |I| [export_sceIoOpen]: Opening file: app0:common/character/model/gxm/chr_model_le_kubaku_01.dae.GXM.pepd
[07:19:59.202] |I| [export_sceIoOpen]: Opening file: app0:common/character/model/gxm/chr_model_le_kubaku_01_bom_01.dae.GXM.pepd
[07:19:59.273] |I| [export_sceIoOpen]: Opening file: app0:common/character/model/gxm/chr_model_le_bakudan_01.dae.GXM.pepd
[07:19:59.345] |I| [export_sceIoOpen]: Opening file: app0:common/character/model/gxm/chr_model_le_gissha_01.dae.GXM.pepd
[07:19:59.423] |I| [export_sceIoOpen]: Opening file: app0:common/character/model/gxm/chr_model_le_butsuzo_at_01.dae.GXM.pepd
[07:19:59.503] |I| [export_sceIoOpen]: Opening file: app0:common/character/model/gxm/chr_model_le_butsuzo_at_01_gt_01.dae.GXM.pepd
[07:19:59.575] |I| [export_sceIoOpen]: Opening file: app0:common/character/model/gxm/chr_model_le_trp_wheel_s_01.dae.GXM.pepd
[07:19:59.647] |I| [export_sceIoOpen]: Opening file: app0:common/character/model/gxm/chr_model_le_trp_spear_01.dae.GXM.pepd
[07:19:59.718] |I| [export_sceIoOpen]: Opening file: app0:common/character/model/gxm/chr_model_le_bukan_02.dae.GXM.pepd
[07:19:59.790] |I| [export_sceIoOpen]: Opening file: app0:common/character/model/gxm/chr_model_le_bushi_03.dae.GXM.pepd
[07:19:59.912] |I| [export_sceIoOpen]: Opening file: app0:us/ui/texture/pack/gxm/uitexturepack0.wac
[07:20:00.110] |I| [export_sceIoOpen]: Opening file: app0:us/ui/texture/pack/gxm/uitexturepack1.wac
[07:20:00.360] |I| [export_sceIoOpen]: Opening file: app0:us/ui/texture/pack/gxm/uitexturepack2.wac
[07:20:00.577] |I| [export_sceIoOpen]: Opening file: app0:us/ui/texture/pack/gxm/uitexturepack3.wac
[07:20:00.693] |I| [export_sceIoOpen]: Opening file: app0:us/effectzd/pack/zdeffectpack0.wac
[07:20:00.805] |I| [export_sceIoOpen]: Opening file: app0:us/effectzd/pack/zdeffectpack1.wac
[07:20:01.026] |W| [stubbed_impl]: Stubbed sceKernelCheckCallback import called. (checkcallback)
[07:20:01.026] |I| [export_sceIoOpen]: Opening file: app0:us/ui/texture/gxm/TGS_Title.dds.phyre
[07:20:01.042] |W| [stubbed_impl]: Stubbed sceDisplayWaitVblankStartCB import called. (wait for vblank)
[07:20:07.146] |E| [discordrpc::update_presence::<lambda_23ff884bf2cdb1bde950cb16a82f908e>::operator ()]: Error updating discord rich presence, err_code: 43
[07:20:07.147] |E| [discordrpc::update_presence::<lambda_23ff884bf2cdb1bde950cb16a82f908e>::operator ()]: Error updating discord rich presence, err_code: 43
