[05:19:38.978] |I| [load_app_impl]: cpu-backend: Dynarmic
[05:19:38.979] |I| [load_app_impl]: CPU Optimisation state: true
[05:19:38.979] |I| [load_app_impl]: at9 audio decoder state: true
[05:19:38.979] |I| [load_app_impl]: ngs experimental state: true
[05:19:38.979] |I| [load_app_impl]: video player state: true
[05:19:38.979] |I| [load_app_impl]: lle-modules: libpgf,libSceXml,libsas,liblocation,libhandwriting,libSceJson,librudp
[05:19:38.979] |I| [load_app_impl]: Title: Rogue Legacy
[05:19:38.980] |I| [load_app_impl]: Serial: PCSB00571
[05:19:38.980] |I| [load_app_impl]: Version: 1.03
[05:19:38.980] |I| [load_app_impl]: Category: gp
[05:19:39.027] |C| [load_self]: Unknown segment type 0x6FFFFF01
[05:19:39.028] |I| [load_self]: Loaded module segment 0 @ [0x00007000 - 0x00056BD4 / 0x81000000] (size: 0x0004FBD4) of module ux0:app\PCSB00571\sce_module\libc.suprx
[05:19:39.028] |I| [load_self]: Loaded module segment 1 @ [0x00057000 - 0x00059688 / 0x81050000] (size: 0x00002688) of module ux0:app\PCSB00571\sce_module\libc.suprx
[05:19:39.028] |I| [load_self]: Loading symbols for SELF: ux0:app\PCSB00571\sce_module\libc.suprx
[05:19:39.029] |D| [load_var_exports]: 	NID 0x936C8A78 (SYSLYB) at 0x4C6C4
[05:19:39.029] |D| [load_var_exports]: 	NID 0x6C2224BA (NID_MODULE_INFO) at 0x42488
[05:19:39.029] |W| [load_var_imports]: 	NID NOT FOUND 0x93B8AA67 (UNRECOGNISED) at 0x464A8, setting to stub value 0xDEADBEEF
[05:19:39.030] |W| [load_var_imports]: 	NID NOT FOUND 0xDF084DFA (UNRECOGNISED) at 0x4802C, setting to stub value 0xDEADBEEF
[05:19:39.030] |I| [pre_load_module]: Pre-load module SceLibc (at "app\PCSB00571\sce_module\libc.suprx") loaded
[05:19:39.040] |C| [load_self]: Unknown segment type 0x6FFFFF01
[05:19:39.040] |I| [load_self]: Loaded module segment 0 @ [0x0005C000 - 0x00074CF4 / 0x81000000] (size: 0x00018CF4) of module ux0:app\PCSB00571\sce_module\libface.suprx
[05:19:39.040] |I| [load_self]: Loaded module segment 1 @ [0x00075000 - 0x000750F8 / 0x81019000] (size: 0x000000F8) of module ux0:app\PCSB00571\sce_module\libface.suprx
[05:19:39.040] |I| [load_self]: Loading symbols for SELF: ux0:app\PCSB00571\sce_module\libface.suprx
[05:19:39.041] |D| [load_var_exports]: 	NID 0x6C2224BA (NID_MODULE_INFO) at 0x71AC0
[05:19:39.041] |D| [load_var_exports]: 	NID 0x936C8A78 (SYSLYB) at 0x74478
[05:19:39.041] |I| [pre_load_module]: Pre-load module SceFace (at "app\PCSB00571\sce_module\libface.suprx") loaded
[05:19:39.052] |C| [load_self]: Unknown segment type 0x6FFFFF01
[05:19:39.052] |I| [load_self]: Loaded module segment 0 @ [0x00076000 - 0x000A0AA8 / 0x81000000] (size: 0x0002AAA8) of module ux0:app\PCSB00571\sce_module\libfios2.suprx
[05:19:39.053] |I| [load_self]: Loaded module segment 1 @ [0x000A1000 - 0x000A623D / 0x8102B000] (size: 0x0000523D) of module ux0:app\PCSB00571\sce_module\libfios2.suprx
[05:19:39.053] |I| [load_self]: Loading symbols for SELF: ux0:app\PCSB00571\sce_module\libfios2.suprx
[05:19:39.053] |D| [load_var_exports]: 	NID 0x936C8A78 (SYSLYB) at 0xA09B0
[05:19:39.053] |D| [load_var_exports]: 	NID 0x6C2224BA (NID_MODULE_INFO) at 0x98138
[05:19:39.053] |I| [pre_load_module]: Pre-load module SceLibFios2 (at "app\PCSB00571\sce_module\libfios2.suprx") loaded
[05:19:39.104] |C| [load_self]: Unknown segment type 0x6FFFFF01
[05:19:39.104] |I| [load_self]: Loaded module segment 0 @ [0x000A7000 - 0x002AC054 / 0x81000000] (size: 0x00205054) of module ux0:app\PCSB00571\sce_module\libsmart.suprx
[05:19:39.105] |I| [load_self]: Loaded module segment 1 @ [0x002AD000 - 0x002B05C4 / 0x81206000] (size: 0x000035C4) of module ux0:app\PCSB00571\sce_module\libsmart.suprx
[05:19:39.105] |I| [load_self]: Loading symbols for SELF: ux0:app\PCSB00571\sce_module\libsmart.suprx
[05:19:39.105] |D| [load_var_exports]: 	NID 0x6C2224BA (NID_MODULE_INFO) at 0x14A6AC
[05:19:39.105] |D| [load_var_exports]: 	NID 0x936C8A78 (SYSLYB) at 0x151308
[05:19:39.106] |I| [pre_load_module]: Pre-load module SceSmart (at "app\PCSB00571\sce_module\libsmart.suprx") loaded
[05:19:39.114] |C| [load_self]: Unknown segment type 0x6FFFFF01
[05:19:39.115] |I| [load_self]: Loaded module segment 0 @ [0x002B1000 - 0x002C49C4 / 0x81000000] (size: 0x000139C4) of module ux0:app\PCSB00571\sce_module\libult.suprx
[05:19:39.115] |I| [load_self]: Loaded module segment 1 @ [0x002C5000 - 0x002C5814 / 0x81014000] (size: 0x00000814) of module ux0:app\PCSB00571\sce_module\libult.suprx
[05:19:39.115] |I| [load_self]: Loading symbols for SELF: ux0:app\PCSB00571\sce_module\libult.suprx
[05:19:39.115] |D| [load_var_exports]: 	NID 0x936C8A78 (SYSLYB) at 0x2C32F0
[05:19:39.115] |D| [load_var_exports]: 	NID 0x6C2224BA (NID_MODULE_INFO) at 0x2C0874
[05:19:39.115] |I| [pre_load_module]: Pre-load module SceUlt (at "app\PCSB00571\sce_module\libult.suprx") loaded
[05:19:39.123] |I| [load_self]: Loaded module segment 0 @ [0x002C6000 - 0x00316F04 / 0x81000000] (size: 0x00050F04) of module vs0:sys/external/libSceFt2.suprx
[05:19:39.123] |I| [load_self]: Loaded module segment 1 @ [0x00317000 - 0x003172F4 / 0x81051000] (size: 0x000002F4) of module vs0:sys/external/libSceFt2.suprx
[05:19:39.123] |I| [load_self]: Loading symbols for SELF: vs0:sys/external/libSceFt2.suprx
[05:19:39.123] |D| [load_var_exports]: 	NID 0x936C8A78 (SYSLYB) at 0x3027DC
[05:19:39.124] |D| [load_var_exports]: 	NID 0x6C2224BA (NID_MODULE_INFO) at 0x301F10
[05:19:39.124] |I| [pre_load_module]: Pre-load module SceLibft2 (at "sys/external/libSceFt2.suprx") loaded
[05:19:39.126] |I| [load_self]: Loaded module segment 0 @ [0x00318000 - 0x00327F14 / 0x81000000] (size: 0x0000FF14) of module vs0:sys/external/libpvf.suprx
[05:19:39.126] |I| [load_self]: Loaded module segment 1 @ [0x00328000 - 0x00328008 / 0x81010000] (size: 0x00000008) of module vs0:sys/external/libpvf.suprx
[05:19:39.127] |I| [load_self]: Loading symbols for SELF: vs0:sys/external/libpvf.suprx
[05:19:39.127] |D| [load_var_exports]: 	NID 0x936C8A78 (SYSLYB) at 0x326710
[05:19:39.127] |D| [load_var_exports]: 	NID 0x6C2224BA (NID_MODULE_INFO) at 0x326300
[05:19:39.127] |I| [pre_load_module]: Pre-load module SceLibPvf (at "sys/external/libpvf.suprx") loaded
[05:19:39.257] |C| [load_self]: Unknown segment type 0x6FFFFF01
[05:19:39.258] |I| [load_self]: Loaded module segment 0 @ [0x00329000 - 0x00862864 / 0x81000000] (size: 0x00539864) of module app0:eboot.bin
[05:19:39.258] |I| [load_self]: Loaded module segment 1 @ [0x00863000 - 0x0086D5F8 / 0x8153A000] (size: 0x0000A5F8) of module app0:eboot.bin
[05:19:39.258] |I| [load_self]: Loading symbols for SELF: app0:eboot.bin
[05:19:39.258] |D| [load_var_exports]: 	NID 0x6C2224BA (NID_MODULE_INFO) at 0x78D35C
[05:19:39.258] |D| [load_var_exports]: 	NID 0x70FBA1E7 (SCE_PROC_PARAMS) at 0x863410
[05:19:39.258] |D| [load_var_exports]: 	NID 0x936C8A78 (SYSLYB) at 0x839FF8
[05:19:39.259] |I| [load_app_impl]: Main executable RogueCastle (eboot.bin) loaded
[05:19:39.268] |D| [run_app]: Running module_start of library: SceLibc at address 0x7805
[05:19:39.318] |I| [run_app]: Module SceLibc (at "ux0:app\PCSB00571\sce_module\libc.suprx") module_start returned 0x0
[05:19:39.322] |D| [run_app]: Running module_start of library: SceFace at address 0x70FC5
[05:19:39.331] |I| [run_app]: Module SceFace (at "ux0:app\PCSB00571\sce_module\libface.suprx") module_start returned 0x0
[05:19:39.335] |D| [run_app]: Running module_start of library: SceLibFios2 at address 0x76001
[05:19:39.343] |W| [stubbed_impl]: Stubbed sceKernelGetProcessId import called. (pid: 0)
[05:19:39.344] |D| [export_sceFiosOverlayGetList02]: maxIDs: 127
[05:19:39.344] |W| [unimplemented_impl]: Unimplemented sceFiosOverlayGetList02 import called.
[05:19:39.344] |I| [run_app]: Module SceLibFios2 (at "ux0:app\PCSB00571\sce_module\libfios2.suprx") module_start returned 0x0
[05:19:39.348] |D| [run_app]: Running module_start of library: SceSmart at address 0xA717D
[05:19:39.358] |I| [run_app]: Module SceSmart (at "ux0:app\PCSB00571\sce_module\libsmart.suprx") module_start returned 0x0
[05:19:39.362] |D| [run_app]: Running module_start of library: SceUlt at address 0x2B4771
[05:19:39.370] |W| [unimplemented_impl]: Unimplemented _sceUlobjMgrRegisterLibultProtocolRevision import called.
[05:19:39.370] |I| [run_app]: Module SceUlt (at "ux0:app\PCSB00571\sce_module\libult.suprx") module_start returned 0x0
[05:19:39.502] |W| [unimplemented_impl]: Unimplemented sceAppUtilInit import called.
[05:19:39.502] |W| [unimplemented_impl]: Unimplemented sceAppMgrAcquireBgmPort import called.
[05:19:39.558] |W| [stubbed_impl]: Stubbed sceGxmMapMemory import called. (always return success)
[05:19:39.559] |W| [stubbed_impl]: Stubbed sceGxmMapVertexUsseMemory import called. (always return success)
[05:19:39.559] |W| [stubbed_impl]: Stubbed sceGxmMapFragmentUsseMemory import called. (always return success)
[05:19:39.588] |I| [export_sceIoOpen]: Opening file: app0:/Content/Shaders/vs_default.gxp
[05:19:39.639] |I| [export_sceIoOpen]: Opening file: app0:/Content/Shaders/fs_default.gxp
[05:19:39.679] |W| [unimplemented_impl]: Unimplemented sceKernelGetThreadCurrentPriority import called.
[05:19:39.713] |W| [stubbed_impl]: Stubbed sceNetCtlInit import called. (Stub)
[05:19:39.713] |W| [stubbed_impl]: Stubbed sceNetCtlInetGetState import called. (state = SCE_NETCTL_STATE_DISCONNECTED)
[05:19:39.714] |W| [unimplemented_impl]: Unimplemented sceHttpInit import called.
[05:19:39.714] |W| [unimplemented_impl]: Unimplemented sceSslInit import called.
[05:19:39.716] |W| [unimplemented_impl]: Unimplemented sceNpBasicInit import called.
[05:19:39.718] |W| [unimplemented_impl]: Unimplemented sceNpBasicRegisterHandler import called.
[05:19:39.754] |E| [logging::ret_error_impl]: sceKernelWaitLwCond returned SCE_KERNEL_ERROR_WAIT_TIMEOUT (0x80028005)
[05:19:39.754] |W| [stubbed_impl]: Stubbed sceNetCtlCheckCallback import called. (Stub)
[05:19:39.755] |W| [stubbed_impl]: Stubbed sceNetCtlInetGetResult import called. (errorCode = SCE_NET_CTL_ERROR_FLIGHT_MODE_ENABLED)
[05:19:39.756] |W| [stubbed_impl]: Stubbed sceNpCheckCallback import called. (Stub)
[05:19:39.757] |W| [unimplemented_impl]: Unimplemented sceNpBasicCheckCallback import called.
[05:19:39.988] |W| [stubbed_impl]: Stubbed sceNpTrophyCreateHandle import called. (Stubbed handle with 1)
[05:19:39.990] |W| [unimplemented_impl]: Unimplemented sceNpTusInit import called.
[05:19:39.996] |W| [unimplemented_impl]: Unimplemented sceNetCtlGetNatInfo import called.
[05:19:39.997] |W| [unimplemented_impl]: Unimplemented sceNpActivityInit import called.
[05:19:40.060] |I| [export_sceIoOpen]: Opening file: app0:/Content/Languages/rl_localization_little.bin
[05:19:40.165] |E| [open_file]: Missing file at D:/Emulateurs/Vita3K/mc/ux0/user/00/savedata/PCSB00571/SlotParam_0.bin (target path: savedata0:/SlotParam_0.bin)
[05:19:40.165] |W| [unimplemented_impl]: Unimplemented sceCommonDialogUpdate import called.
[05:19:40.166] |W| [io_error_impl]: open_file (sceAppUtilSaveDataSlotGetParam) returned 0x80010002
[05:19:40.167] |E| [logging::ret_error_impl]: sceAppUtilSaveDataSlotGetParam returned SCE_APPUTIL_ERROR_SAVEDATA_SLOT_NOT_FOUND (0x80100641)
[05:19:40.167] |W| [stubbed_impl]: Stubbed sceDisplayWaitVblankStart import called. (wait for vblank)
[05:19:40.169] |I| [export_sceIoOpen]: Opening file: savedata0:vfs.bin
[05:19:40.170] |E| [open_file]: Missing file at D:/Emulateurs/Vita3K/mc/ux0/user/00/savedata/PCSB00571/vfs.bin (target path: savedata0:vfs.bin)
[05:19:40.170] |W| [io_error_impl]: open_file (sceIoOpen) returned 0x80010002
[05:19:40.211] |I| [export_sceIoOpen]: Opening file: app0:/Content//Languages/Text_En.bin
[05:19:40.272] |I| [export_sceIoOpen]: Opening file: app0:/Content//Languages/Diary_En.bin
[05:19:40.313] |I| [export_sceIoOpen]: Opening file: app0:/Content/HeroNames.txt
[05:19:40.319] |I| [export_sceIoOpen]: Opening file: app0:/Content/Fonts/Junicode.xnb
[05:19:40.421] |I| [export_sceIoOpen]: Opening file: app0:/Content/HeroineNames.txt
[05:19:40.442] |I| [export_sceIoOpen]: Opening file: app0:/Content/Shaders/vs_SpriteBatch.gxp
[05:19:40.444] |I| [export_sceIoOpen]: Opening file: app0:/Content/Shaders/fs_SpriteBatch.gxp
[05:19:40.497] |W| [unimplemented_impl]: Unimplemented sceKernelCallAbortHandler import called.
[05:19:44.228] |E| [discordrpc::update_presence::<lambda_50ee3771c9ac2f7a4b17591668a7e6b3>::operator ()]: Error updating discord rich presence, err_code: 43
[05:19:44.229] |E| [discordrpc::update_presence::<lambda_50ee3771c9ac2f7a4b17591668a7e6b3>::operator ()]: Error updating discord rich presence, err_code: 43
