[18:39:34.939] |I| [load_app_impl]: cpu-backend: Dynarmic
[18:39:34.939] |I| [load_app_impl]: CPU Optimisation state: true
[18:39:34.940] |I| [load_app_impl]: at9 audio decoder state: true
[18:39:34.940] |I| [load_app_impl]: ngs experimental state: true
[18:39:34.940] |I| [load_app_impl]: video player state: true
[18:39:34.941] |I| [load_app_impl]: lle-modules: libSceJson,liblocation,libSceXml,libpgf,libvoice,librudp,libSceSqlite,libvoiceqos,libsas
[18:39:34.941] |I| [load_app_impl]: Title: LEGO® Le Hobbit™
[18:39:34.942] |I| [load_app_impl]: Serial: PCSB00503
[18:39:34.942] |I| [load_app_impl]: Version: 1.02
[18:39:34.943] |I| [load_app_impl]: Category: gp
[18:39:35.016] |C| [load_self]: Unknown segment type 0x6FFFFF01
[18:39:35.017] |I| [load_self]: Loaded module segment 0 @ [0x00007000 - 0x000543BC / 0x81000000] (size: 0x0004D3BC) of module ux0:app\PCSB00503\sce_module\libc.suprx
[18:39:35.018] |I| [load_self]: Loaded module segment 1 @ [0x00055000 - 0x000576F0 / 0x8104E000] (size: 0x000026F0) of module ux0:app\PCSB00503\sce_module\libc.suprx
[18:39:35.019] |I| [load_self]: Loading symbols for SELF: ux0:app\PCSB00503\sce_module\libc.suprx
[18:39:35.020] |D| [load_var_exports]: 	NID 0x936C8A78 (SYSLYB) at 0x4A164
[18:39:35.020] |D| [load_var_exports]: 	NID 0x6C2224BA (NID_MODULE_INFO) at 0x400FC
[18:39:35.020] |W| [load_var_imports]: 	NID NOT FOUND 0x93B8AA67 (UNRECOGNISED) at 0x440BC, setting to stub value 0xDEADBEEF
[18:39:35.021] |W| [load_var_imports]: 	NID NOT FOUND 0xDF084DFA (UNRECOGNISED) at 0x45B70, setting to stub value 0xDEADBEEF
[18:39:35.022] |I| [pre_load_module]: Pre-load module SceLibc (at "app\PCSB00503\sce_module\libc.suprx") loaded
[18:39:35.036] |C| [load_self]: Unknown segment type 0x6FFFFF01
[18:39:35.036] |I| [load_self]: Loaded module segment 0 @ [0x0005A000 - 0x0008512C / 0x81000000] (size: 0x0002B12C) of module ux0:app\PCSB00503\sce_module\libfios2.suprx
[18:39:35.037] |I| [load_self]: Loaded module segment 1 @ [0x00086000 - 0x0008B23D / 0x8102C000] (size: 0x0000523D) of module ux0:app\PCSB00503\sce_module\libfios2.suprx
[18:39:35.038] |I| [load_self]: Loading symbols for SELF: ux0:app\PCSB00503\sce_module\libfios2.suprx
[18:39:35.039] |D| [load_var_exports]: 	NID 0x936C8A78 (SYSLYB) at 0x85034
[18:39:35.039] |D| [load_var_exports]: 	NID 0x6C2224BA (NID_MODULE_INFO) at 0x7C548
[18:39:35.040] |I| [pre_load_module]: Pre-load module SceLibFios2 (at "app\PCSB00503\sce_module\libfios2.suprx") loaded
[18:39:35.044] |C| [load_self]: Unknown segment type 0x6FFFFF01
[18:39:35.044] |I| [load_self]: Loaded module segment 0 @ [0x0008C000 - 0x0009FA9C / 0x81000000] (size: 0x00013A9C) of module ux0:app\PCSB00503\sce_module\libult.suprx
[18:39:35.045] |I| [load_self]: Loaded module segment 1 @ [0x000A0000 - 0x000A0814 / 0x81014000] (size: 0x00000814) of module ux0:app\PCSB00503\sce_module\libult.suprx
[18:39:35.046] |I| [load_self]: Loading symbols for SELF: ux0:app\PCSB00503\sce_module\libult.suprx
[18:39:35.047] |D| [load_var_exports]: 	NID 0x936C8A78 (SYSLYB) at 0x9E3C8
[18:39:35.047] |D| [load_var_exports]: 	NID 0x6C2224BA (NID_MODULE_INFO) at 0x9B944
[18:39:35.048] |I| [pre_load_module]: Pre-load module SceUlt (at "app\PCSB00503\sce_module\libult.suprx") loaded
[18:39:35.054] |I| [load_self]: Loaded module segment 0 @ [0x000A1000 - 0x000F1F04 / 0x81000000] (size: 0x00050F04) of module vs0:sys/external/libSceFt2.suprx
[18:39:35.055] |I| [load_self]: Loaded module segment 1 @ [0x000F2000 - 0x000F22F4 / 0x81051000] (size: 0x000002F4) of module vs0:sys/external/libSceFt2.suprx
[18:39:35.056] |I| [load_self]: Loading symbols for SELF: vs0:sys/external/libSceFt2.suprx
[18:39:35.056] |D| [load_var_exports]: 	NID 0x936C8A78 (SYSLYB) at 0xDD7DC
[18:39:35.057] |D| [load_var_exports]: 	NID 0x6C2224BA (NID_MODULE_INFO) at 0xDCF10
[18:39:35.057] |I| [pre_load_module]: Pre-load module SceLibft2 (at "sys/external/libSceFt2.suprx") loaded
[18:39:35.061] |I| [load_self]: Loaded module segment 0 @ [0x000F3000 - 0x00102F14 / 0x81000000] (size: 0x0000FF14) of module vs0:sys/external/libpvf.suprx
[18:39:35.062] |I| [load_self]: Loaded module segment 1 @ [0x00103000 - 0x00103008 / 0x81010000] (size: 0x00000008) of module vs0:sys/external/libpvf.suprx
[18:39:35.063] |I| [load_self]: Loading symbols for SELF: vs0:sys/external/libpvf.suprx
[18:39:35.063] |D| [load_var_exports]: 	NID 0x936C8A78 (SYSLYB) at 0x101710
[18:39:35.064] |D| [load_var_exports]: 	NID 0x6C2224BA (NID_MODULE_INFO) at 0x101300
[18:39:35.064] |I| [pre_load_module]: Pre-load module SceLibPvf (at "sys/external/libpvf.suprx") loaded
[18:39:35.169] |C| [load_self]: Unknown segment type 0x6FFFFF01
[18:39:35.170] |I| [load_self]: Loaded module segment 0 @ [0x00104000 - 0x00384D94 / 0x81000000] (size: 0x00280D94) of module app0:eboot.bin
[18:39:35.171] |I| [load_self]: Loaded module segment 1 @ [0x00385000 - 0x00469EF4 / 0x81281000] (size: 0x000E4EF4) of module app0:eboot.bin
[18:39:35.172] |I| [load_self]: Loading symbols for SELF: app0:eboot.bin
[18:39:35.173] |D| [load_var_exports]: 	NID 0x6C2224BA (NID_MODULE_INFO) at 0x32D6B4
[18:39:35.173] |D| [load_var_exports]: 	NID 0x70FBA1E7 (SCE_PROC_PARAMS) at 0x38790C
[18:39:35.174] |I| [load_app_impl]: Main executable LEGO_Hobbit_PSP2_EU (eboot.bin) loaded
[18:39:35.181] |D| [run_app]: Running module_start of library: SceLibc at address 0x7809
[18:39:35.200] |I| [run_app]: Module SceLibc (at "ux0:app\PCSB00503\sce_module\libc.suprx") module_start returned 0x0
[18:39:35.204] |D| [run_app]: Running module_start of library: SceLibFios2 at address 0x5A001
[18:39:35.212] |W| [stubbed_impl]: Stubbed sceKernelGetProcessId import called. (pid: 0)
[18:39:35.212] |D| [export_sceFiosOverlayGetList02]: maxIDs: 255
[18:39:35.214] |W| [unimplemented_impl]: Unimplemented sceFiosOverlayGetList02 import called.
[18:39:35.214] |I| [run_app]: Module SceLibFios2 (at "ux0:app\PCSB00503\sce_module\libfios2.suprx") module_start returned 0x0
[18:39:35.219] |D| [run_app]: Running module_start of library: SceUlt at address 0x8F769
[18:39:35.226] |W| [unimplemented_impl]: Unimplemented _sceUlobjMgrRegisterLibultProtocolRevision import called.
[18:39:35.226] |I| [run_app]: Module SceUlt (at "ux0:app\PCSB00503\sce_module\libult.suprx") module_start returned 0x0
[18:39:35.233] |W| [unimplemented_impl]: Unimplemented sceKernelRegisterThreadEventHandler import called.
[18:39:35.339] |W| [stubbed_impl]: Stubbed sceKernelGetThreadInfo import called. (STUB)
[18:39:35.378] |W| [unimplemented_impl]: Unimplemented sceAppUtilInit import called.
[18:39:35.387] |W| [stubbed_impl]: Stubbed sceGxmMapMemory import called. (always return success)
[18:39:35.388] |W| [stubbed_impl]: Stubbed sceGxmMapFragmentUsseMemory import called. (always return success)
[18:39:35.480] |W| [stubbed_impl]: Stubbed sceGxmMapVertexUsseMemory import called. (always return success)
[18:39:35.483] |W| [stubbed_impl]: Stubbed sceGxmGetRenderTargetMemSize import called. (2MB host mem)
[18:39:35.544] |W| [unimplemented_impl]: Unimplemented sceGxmDepthStencilSurfaceSetForceStoreMode import called.
[18:39:35.545] |W| [unimplemented_impl]: Unimplemented sceGxmDepthStencilSurfaceSetForceLoadMode import called.
[18:39:35.763] |I| [export_sceIoOpen]: Opening file: app0:prebuiltshaders_psp2.fib
[18:39:35.885] |W| [stubbed_impl]: Stubbed sceKernelChangeThreadPriority import called. (STUB)
[18:39:35.886] |W| [unimplemented_impl]: Unimplemented sceKernelCreateCallback import called.
[18:39:35.887] |W| [unimplemented_impl]: Unimplemented sceDisplayRegisterVblankStartCallback import called.
[18:39:35.887] |W| [stubbed_impl]: Stubbed sceKernelCheckCallback import called. (checkcallback)
[18:39:36.594] |W| [unimplemented_impl]: Unimplemented sceNetCtlInit import called.
[18:39:36.594] |W| [unimplemented_impl]: Unimplemented sceSslInit import called.
[18:39:36.596] |W| [unimplemented_impl]: Unimplemented sceHttpInit import called.
[18:39:36.604] |W| [unimplemented_impl]: Unimplemented sceAppMgrAcquireBgmPort import called.
[18:39:36.621] |W| [unimplemented_impl]: Unimplemented sceKernelChangeThreadCpuAffinityMask import called.
[18:39:36.623] |W| [stubbed_impl]: Stubbed sceKernelWaitEventFlagCB import called. (no CB)
[18:39:36.630] |W| [unimplemented_impl]: Unimplemented sceTouchEnableTouchForce import called.
[18:39:36.631] |W| [unimplemented_impl]: Unimplemented sceMotionStartSampling import called.
[18:39:36.633] |I| [load_module]: Loading module ID: 0xD
[18:39:36.636] |I| [load_self]: Loaded module segment 0 @ [0x0C341000 - 0x0C358244 / 0x81000000] (size: 0x00017244) of module sys/external/libsas.suprx
[18:39:36.636] |I| [load_self]: Loaded module segment 1 @ [0x0C359000 - 0x0C359038 / 0x81018000] (size: 0x00000038) of module sys/external/libsas.suprx
[18:39:36.637] |I| [load_self]: Loading symbols for SELF: sys/external/libsas.suprx
[18:39:36.638] |D| [load_var_exports]: 	NID 0x936C8A78 (SYSLYB) at 0xC355004
[18:39:36.638] |D| [load_var_exports]: 	NID 0x6C2224BA (NID_MODULE_INFO) at 0xC354BF0
[18:39:36.639] |I| [load_module]: Module SceSasUser (at "sys/external/libsas.suprx") loaded
[18:39:36.686] |W| [stubbed_impl]: Stubbed sceKernelDelayThreadCB import called. (no CB)
[18:39:36.698] |E| [call_import]: Import function for NID 0xE340CC35 not found (thread name: fnaSound_SASCoreUpdate, thread ID: 123)
[18:39:36.708] |W| [unimplemented_impl]: Unimplemented sceGxmSetFrontLineFillLastPixelEnable import called.
[18:39:36.708] |W| [unimplemented_impl]: Unimplemented sceGxmSetFrontVisibilityTestEnable import called.
[18:39:36.708] |W| [unimplemented_impl]: Unimplemented sceGxmSetFrontVisibilityTestIndex import called.
[18:39:36.709] |W| [unimplemented_impl]: Unimplemented sceGxmSetFrontVisibilityTestOp import called.
[18:39:36.710] |W| [unimplemented_impl]: Unimplemented sceGxmSetBackLineFillLastPixelEnable import called.
[18:39:36.710] |W| [unimplemented_impl]: Unimplemented sceGxmSetBackVisibilityTestEnable import called.
[18:39:36.711] |W| [unimplemented_impl]: Unimplemented sceGxmSetBackVisibilityTestIndex import called.
[18:39:36.711] |W| [unimplemented_impl]: Unimplemented sceGxmSetBackVisibilityTestOp import called.
[18:39:36.743] |I| [renderer::gl::load_shader_generic]: Generating frag shader cfd3b586d93a562c4ffcc2c17bed2c630f69a9dacffff843ed7645527a0cad3c
[18:39:36.745] |D| [shader::create_fragment_inputs]: Iterator: pa0 = (half4) v_Color0
[18:39:36.751] |I| [export_sceIoOpen]: Opening file: app0:patch.fib
[18:39:36.761] |I| [renderer::gl::load_shader_generic]: Generating vert shader cc72a29a69e950ca3f9dae8ddaf4a21badff159bacab83d5979d072f61694dbc
[18:39:36.769] |D| [shader::create_parameters]: [BUFFER0  + 0] pa0 = (float4) VertInPreAnim_Position
[18:39:36.769] |D| [shader::create_parameters]: [BUFFER0  + 4] pa4 = (float4) VertInPreAnim_Colour
[18:39:36.769] |D| [shader::create_parameters]: [DEFAULT  + 16] sa16 = (float4) MaterialColour
[18:39:36.770] |D| [shader::create_parameters]: [DEFAULT  + 0] sa0 = (float4) ViewComposite[4]
[18:39:36.770] |D| [shader::create_parameters]: [DEFAULT  + 20] sa20 = (float4) UserClipPlane
[18:39:36.796] |E| [renderer::gl::compile_program]: Fragment info
-------------
0(15) : warning C7050: "pa[0].zw" might be used before being initialized


[18:39:36.816] |I| [export_sceIoOpen]: Opening file: app0:lego_hobbit_psp2.fib
[18:39:36.829] |I| [export_sceIoOpen]: Opening file: app0:dialogue_eu.fib
[18:39:36.866] |I| [renderer::gl::load_shader_generic]: Generating frag shader d90a55915037812573b36c8c98f1f0796456c9a199c49579f1e5f98d29b965d9
[18:39:36.868] |D| [shader::create_parameters]: [DEFAULT  + 0] sa0 = (float4) RedXForm
[18:39:36.868] |D| [shader::create_parameters]: [DEFAULT  + 4] sa4 = (float4) GreenXForm
[18:39:36.868] |D| [shader::create_parameters]: [DEFAULT  + 8] sa8 = (float4) BlueXForm
[18:39:36.869] |I| [shader::make_frag_finalize_function]: Non zero pa offset: 2 at d90a55915037812573b36c8c98f1f0796456c9a199c49579f1e5f98d29b965d9
[18:39:36.876] |I| [renderer::gl::load_shader_generic]: Generating vert shader d3d5395b6519ef782a0e4c4c90eb125c7c45bfa33f906c3198da8ea37136461d
[18:39:36.877] |D| [shader::create_parameters]: [BUFFER0  + 0] pa0 = (float4) VertInPreAnim_Position
[18:39:36.877] |D| [shader::create_parameters]: [BUFFER0  + 4] pa4 = (float4) VertInPreAnim_TexCoord[0]
[18:39:36.878] |D| [shader::create_parameters]: [BUFFER0  + 8] pa8 = (float4) VertInPreAnim_Colour
[18:39:36.878] |D| [shader::create_parameters]: [DEFAULT  + 16] sa16 = (float4) UVOffset
[18:39:36.878] |D| [shader::create_parameters]: [DEFAULT  + 0] sa0 = (float4) ViewComposite[4]
[18:39:36.879] |D| [shader::create_parameters]: [DEFAULT  + 20] sa20 = (float4) UVScales
[18:39:36.905] |E| [renderer::gl::compile_program]: Fragment info
-------------
0(21) : warning C7050: "pa[0].zw" might be used before being initialized


[18:39:36.908] |W| [stubbed_impl]: Stubbed sceDisplayWaitSetFrameBufMulti import called. (move after setframebuf)
[18:39:36.927] |I| [renderer::gl::load_shader_generic]: Generating frag shader 3ddc0e62c8b009c018f7dfd5519b1fc9e473a6a65f1c9a7481c3f206f3bbaac2
[18:39:36.929] |D| [shader::create_fragment_inputs]: Iterator: pa0 = (half4) v_Color0
[18:39:36.932] |I| [renderer::gl::load_shader_generic]: Generating vert shader 27362914ab7536e3003faa8b0c55265cf81d5c338c7e6e85d034cb398d753d3d
[18:39:36.933] |D| [shader::create_parameters]: [BUFFER0  + 0] pa0 = (float4) VertInPreAnim_Position
[18:39:36.933] |D| [shader::create_parameters]: [BUFFER0  + 4] pa4 = (float4) VertInPreAnim_TexCoord[0]
[18:39:36.934] |D| [shader::create_parameters]: [BUFFER0  + 8] pa8 = (float4) VertInPreAnim_Colour
[18:39:36.934] |D| [shader::create_parameters]: [DEFAULT  + 16] sa16 = (float4) UVOffset
[18:39:36.937] |D| [shader::create_parameters]: [DEFAULT  + 0] sa0 = (float4) ViewComposite[4]
[18:39:36.937] |D| [shader::create_parameters]: [DEFAULT  + 20] sa20 = (float4) UVScales
[18:39:36.953] |E| [renderer::gl::compile_program]: Fragment info
-------------
0(17) : warning C7050: "pa[0].zw" might be used before being initialized


[18:39:36.958] |W| [unimplemented_impl]: Unimplemented sceMotionGetState import called.
[18:39:37.478] |W| [stubbed_impl]: Stubbed sceDisplayWaitSetFrameBuf import called. (move after setframebuf)
[18:39:37.504] |I| [export_sceIoOpen]: Opening file: app0:particles/2d_buttonpress_a_01.bfnprt
[18:39:37.504] |E| [open_file]: Missing file at D:/Emulateurs/Vita3K/mc/ux0/app/PCSB00503/particles/2d_buttonpress_a_01.bfnprt (target path: app0:particles/2d_buttonpress_a_01.bfnprt)
[18:39:37.505] |W| [io_error_impl]: open_file (sceIoOpen) returned 0x80010002
[18:39:37.506] |I| [export_sceIoOpen]: Opening file: app0:particles/2d_buttonpress_a_01.bfnprt
[18:39:37.506] |E| [open_file]: Missing file at D:/Emulateurs/Vita3K/mc/ux0/app/PCSB00503/particles/2d_buttonpress_a_01.bfnprt (target path: app0:particles/2d_buttonpress_a_01.bfnprt)
[18:39:37.506] |W| [io_error_impl]: open_file (sceIoOpen) returned 0x80010002
[18:39:37.543] |I| [renderer::gl::load_shader_generic]: Generating vert shader 962a8d6b348f54a6827a6ebe49c73af8476b1abf8d181e12efaa252d06c876a4
[18:39:37.545] |D| [shader::create_parameters]: [BUFFER0  + 0] pa0 = (float4) VertInPreAnim_Position
[18:39:37.545] |D| [shader::create_parameters]: [BUFFER0  + 4] pa4 = (float4) VertInPreAnim_Colour
[18:39:37.546] |D| [shader::create_parameters]: [DEFAULT  + 0] sa0 = (float4) ViewComposite[4]
[18:39:37.559] |E| [renderer::gl::compile_program]: Fragment info
-------------
0(15) : warning C7050: "pa[0].zw" might be used before being initialized


[18:39:37.946] |I| [export_sceIoOpen]: Opening file: savedata0:savegame.dat
[18:39:38.159] |I| [export_sceIoOpen]: Opening file: savedata0:savegame.dat
[18:39:38.440] |I| [export_sceIoOpen]: Opening file: savedata0:savegame.dat
[18:39:38.673] |I| [export_sceIoOpen]: Opening file: savedata0:savegame.dat
[18:39:38.907] |I| [export_sceIoOpen]: Opening file: savedata0:savegame.dat
[18:39:39.410] |I| [renderer::gl::load_shader_generic]: Generating vert shader 45700d08470766243622ab9a4db2ee386760ffaeee338d0be34dd328a6cdbf38
[18:39:39.412] |D| [shader::create_parameters]: [BUFFER0  + 0] pa0 = (float4) VertInPreAnim_Position
[18:39:39.412] |D| [shader::create_parameters]: [BUFFER0  + 4] pa4 = (float4) VertInPreAnim_TexCoord[0]
[18:39:39.412] |D| [shader::create_parameters]: [BUFFER0  + 8] pa8 = (float4) VertInPreAnim_Colour
[18:39:39.413] |D| [shader::create_parameters]: [DEFAULT  + 16] sa16 = (float4) UVOffset
[18:39:39.413] |D| [shader::create_parameters]: [DEFAULT  + 20] sa20 = (float4) MaterialColour
[18:39:39.414] |D| [shader::create_parameters]: [DEFAULT  + 0] sa0 = (float4) ViewComposite[4]
[18:39:39.414] |D| [shader::create_parameters]: [DEFAULT  + 24] sa24 = (float4) UserClipPlane
[18:39:39.415] |D| [shader::create_parameters]: [DEFAULT  + 28] sa28 = (float4) UVScales
[18:39:39.432] |E| [renderer::gl::compile_program]: Fragment info
-------------
0(17) : warning C7050: "pa[0].zw" might be used before being initialized


[18:40:38.801] |I| [export_sceIoOpen]: Opening file: app0:particles/2d_buttonpress_a_01.bfnprt
[18:40:38.801] |E| [open_file]: Missing file at D:/Emulateurs/Vita3K/mc/ux0/app/PCSB00503/particles/2d_buttonpress_a_01.bfnprt (target path: app0:particles/2d_buttonpress_a_01.bfnprt)
[18:40:38.802] |W| [io_error_impl]: open_file (sceIoOpen) returned 0x80010002
[18:40:38.831] |I| [export_sceIoOpen]: Opening file: app0:particles/2d_buttonpress_a_01.bfnprt
[18:40:38.831] |E| [open_file]: Missing file at D:/Emulateurs/Vita3K/mc/ux0/app/PCSB00503/particles/2d_buttonpress_a_01.bfnprt (target path: app0:particles/2d_buttonpress_a_01.bfnprt)
[18:40:38.832] |W| [io_error_impl]: open_file (sceIoOpen) returned 0x80010002
[18:40:38.874] |I| [export_sceIoOpen]: Opening file: app0:music/quest4erebor_title.at9
[18:40:38.903] |I| [export_sceIoOpen]: Opening file: app0:music/quest4erebor_title.at9
[18:40:51.335] |E| [discordrpc::update_presence::<lambda_23ff884bf2cdb1bde950cb16a82f908e>::operator ()]: Error updating discord rich presence, err_code: 43
[18:40:51.337] |E| [discordrpc::update_presence::<lambda_23ff884bf2cdb1bde950cb16a82f908e>::operator ()]: Error updating discord rich presence, err_code: 43
