[01:54:58.817] |I| [load_app_impl]: cpu-backend: Dynarmic
[01:54:58.817] |I| [load_app_impl]: CPU Optimisation state: true
[01:54:58.817] |I| [load_app_impl]: at9 audio decoder state: true
[01:54:58.818] |I| [load_app_impl]: ngs experimental state: true
[01:54:58.818] |I| [load_app_impl]: video player state: true
[01:54:58.818] |I| [load_app_impl]: lle-modules: libpgf,libSceXml,libsas,liblocation,libhandwriting,libSceJson,librudp
[01:54:58.818] |I| [load_app_impl]: Title: Ragnarok Odyssey ACE
[01:54:58.818] |I| [load_app_impl]: Serial: PCSB00471
[01:54:58.818] |I| [load_app_impl]: Version: 1.11
[01:54:58.818] |I| [load_app_impl]: Category: gp
[01:54:58.892] |C| [load_self]: Unknown segment type 0x6FFFFF01
[01:54:58.893] |I| [load_self]: Loaded module segment 0 @ [0x00007000 - 0x000543BC / 0x81000000] (size: 0x0004D3BC) of module ux0:app\PCSB00471\sce_module\libc.suprx
[01:54:58.893] |I| [load_self]: Loaded module segment 1 @ [0x00055000 - 0x000576F0 / 0x8104E000] (size: 0x000026F0) of module ux0:app\PCSB00471\sce_module\libc.suprx
[01:54:58.893] |I| [load_self]: Loading symbols for SELF: ux0:app\PCSB00471\sce_module\libc.suprx
[01:54:58.893] |D| [load_var_exports]: 	NID 0x936C8A78 (SYSLYB) at 0x4A164
[01:54:58.894] |D| [load_var_exports]: 	NID 0x6C2224BA (NID_MODULE_INFO) at 0x400FC
[01:54:58.894] |W| [load_var_imports]: 	NID NOT FOUND 0x93B8AA67 (UNRECOGNISED) at 0x440BC, setting to stub value 0xDEADBEEF
[01:54:58.894] |W| [load_var_imports]: 	NID NOT FOUND 0xDF084DFA (UNRECOGNISED) at 0x45B70, setting to stub value 0xDEADBEEF
[01:54:58.895] |I| [pre_load_module]: Pre-load module SceLibc (at "app\PCSB00471\sce_module\libc.suprx") loaded
[01:54:58.909] |C| [load_self]: Unknown segment type 0x6FFFFF01
[01:54:58.909] |I| [load_self]: Loaded module segment 0 @ [0x0005A000 - 0x0008512C / 0x81000000] (size: 0x0002B12C) of module ux0:app\PCSB00471\sce_module\libfios2.suprx
[01:54:58.909] |I| [load_self]: Loaded module segment 1 @ [0x00086000 - 0x0008B23D / 0x8102C000] (size: 0x0000523D) of module ux0:app\PCSB00471\sce_module\libfios2.suprx
[01:54:58.909] |I| [load_self]: Loading symbols for SELF: ux0:app\PCSB00471\sce_module\libfios2.suprx
[01:54:58.910] |D| [load_var_exports]: 	NID 0x936C8A78 (SYSLYB) at 0x85034
[01:54:58.910] |D| [load_var_exports]: 	NID 0x6C2224BA (NID_MODULE_INFO) at 0x7C548
[01:54:58.910] |I| [pre_load_module]: Pre-load module SceLibFios2 (at "app\PCSB00471\sce_module\libfios2.suprx") loaded
[01:54:58.957] |C| [load_self]: Unknown segment type 0x6FFFFF01
[01:54:58.958] |I| [load_self]: Loaded module segment 0 @ [0x0008C000 - 0x0009FA9C / 0x81000000] (size: 0x00013A9C) of module ux0:app\PCSB00471\sce_module\libult.suprx
[01:54:58.958] |I| [load_self]: Loaded module segment 1 @ [0x000A0000 - 0x000A0814 / 0x81014000] (size: 0x00000814) of module ux0:app\PCSB00471\sce_module\libult.suprx
[01:54:58.958] |I| [load_self]: Loading symbols for SELF: ux0:app\PCSB00471\sce_module\libult.suprx
[01:54:58.958] |D| [load_var_exports]: 	NID 0x936C8A78 (SYSLYB) at 0x9E3C8
[01:54:58.958] |D| [load_var_exports]: 	NID 0x6C2224BA (NID_MODULE_INFO) at 0x9B944
[01:54:58.958] |I| [pre_load_module]: Pre-load module SceUlt (at "app\PCSB00471\sce_module\libult.suprx") loaded
[01:54:58.966] |I| [load_self]: Loaded module segment 0 @ [0x000A1000 - 0x000F1F04 / 0x81000000] (size: 0x00050F04) of module vs0:sys/external/libSceFt2.suprx
[01:54:58.967] |I| [load_self]: Loaded module segment 1 @ [0x000F2000 - 0x000F22F4 / 0x81051000] (size: 0x000002F4) of module vs0:sys/external/libSceFt2.suprx
[01:54:58.967] |I| [load_self]: Loading symbols for SELF: vs0:sys/external/libSceFt2.suprx
[01:54:58.967] |D| [load_var_exports]: 	NID 0x936C8A78 (SYSLYB) at 0xDD7DC
[01:54:58.968] |D| [load_var_exports]: 	NID 0x6C2224BA (NID_MODULE_INFO) at 0xDCF10
[01:54:58.968] |I| [pre_load_module]: Pre-load module SceLibft2 (at "sys/external/libSceFt2.suprx") loaded
[01:54:58.970] |I| [load_self]: Loaded module segment 0 @ [0x000F3000 - 0x00102F14 / 0x81000000] (size: 0x0000FF14) of module vs0:sys/external/libpvf.suprx
[01:54:58.970] |I| [load_self]: Loaded module segment 1 @ [0x00103000 - 0x00103008 / 0x81010000] (size: 0x00000008) of module vs0:sys/external/libpvf.suprx
[01:54:58.971] |I| [load_self]: Loading symbols for SELF: vs0:sys/external/libpvf.suprx
[01:54:58.971] |D| [load_var_exports]: 	NID 0x936C8A78 (SYSLYB) at 0x101710
[01:54:58.971] |D| [load_var_exports]: 	NID 0x6C2224BA (NID_MODULE_INFO) at 0x101300
[01:54:58.971] |I| [pre_load_module]: Pre-load module SceLibPvf (at "sys/external/libpvf.suprx") loaded
[01:54:59.286] |C| [load_self]: Unknown segment type 0x6FFFFF01
[01:54:59.286] |I| [load_self]: Loaded module segment 0 @ [0x00104000 - 0x00A51960 / 0x81000000] (size: 0x0094D960) of module app0:eboot.bin
[01:54:59.286] |I| [load_self]: Loaded module segment 1 @ [0x00A52000 - 0x00D534A0 / 0x8194E000] (size: 0x003014A0) of module app0:eboot.bin
[01:54:59.287] |I| [load_self]: Loading symbols for SELF: app0:eboot.bin
[01:54:59.287] |D| [load_var_exports]: 	NID 0x6C2224BA (NID_MODULE_INFO) at 0x850648
[01:54:59.287] |D| [load_var_exports]: 	NID 0x70FBA1E7 (SCE_PROC_PARAMS) at 0xA66D00
[01:54:59.288] |I| [load_app_impl]: Main executable rh (eboot.bin) loaded
[01:54:59.297] |D| [run_app]: Running module_start of library: SceLibc at address 0x7809
[01:54:59.316] |I| [run_app]: Module SceLibc (at "ux0:app\PCSB00471\sce_module\libc.suprx") module_start returned 0x0
[01:54:59.321] |D| [run_app]: Running module_start of library: SceLibFios2 at address 0x5A001
[01:54:59.329] |W| [stubbed_impl]: Stubbed sceKernelGetProcessId import called. (pid: 0)
[01:54:59.329] |D| [export_sceFiosOverlayGetList02]: maxIDs: 255
[01:54:59.329] |W| [unimplemented_impl]: Unimplemented sceFiosOverlayGetList02 import called.
[01:54:59.329] |I| [run_app]: Module SceLibFios2 (at "ux0:app\PCSB00471\sce_module\libfios2.suprx") module_start returned 0x0
[01:54:59.333] |D| [run_app]: Running module_start of library: SceUlt at address 0x8F769
[01:54:59.340] |W| [unimplemented_impl]: Unimplemented _sceUlobjMgrRegisterLibultProtocolRevision import called.
[01:54:59.340] |I| [run_app]: Module SceUlt (at "ux0:app\PCSB00471\sce_module\libult.suprx") module_start returned 0x0
[01:54:59.693] |W| [stubbed_impl]: Stubbed sceKernelGetFreeMemorySize import called. (Single pool)
[01:54:59.766] |W| [unimplemented_impl]: Unimplemented sceKernelCreateCallback import called.
[01:54:59.767] |W| [unimplemented_impl]: Unimplemented sceDisplayRegisterVblankStartCallback import called.
[01:54:59.804] |W| [stubbed_impl]: Stubbed sceGxmMapMemory import called. (always return success)
[01:54:59.805] |W| [stubbed_impl]: Stubbed sceGxmMapFragmentUsseMemory import called. (always return success)
[01:54:59.836] |W| [stubbed_impl]: Stubbed sceGxmMapVertexUsseMemory import called. (always return success)
[01:54:59.837] |W| [stubbed_impl]: Stubbed sceGxmGetRenderTargetMemSize import called. (2MB host mem)
[01:55:01.814] |I| [load_module]: Loading module ID: 0xE
[01:55:01.816] |I| [load_self]: Loaded module segment 0 @ [0x14E04000 - 0x14E09CB4 / 0x81000000] (size: 0x00005CB4) of module sys/external/libpgf.suprx
[01:55:01.817] |I| [load_self]: Loaded module segment 1 @ [0x14E0A000 - 0x14E0AFE8 / 0x81006000] (size: 0x00000FE8) of module sys/external/libpgf.suprx
[01:55:01.817] |I| [load_self]: Loading symbols for SELF: sys/external/libpgf.suprx
[01:55:01.817] |D| [load_var_exports]: 	NID 0x936C8A78 (SYSLYB) at 0x14E09A64
[01:55:01.817] |D| [load_var_exports]: 	NID 0x6C2224BA (NID_MODULE_INFO) at 0x14E09810
[01:55:01.817] |I| [load_module]: Module SceLibPgf (at "sys/external/libpgf.suprx") loaded
[01:55:01.826] |I| [export_sceIoOpen]: Opening file: sa0:data/font/pvf/jpn0.pvf
[01:55:01.826] |W| [unimplemented_impl]: Unimplemented sceIoIoctl import called.
[01:55:01.871] |W| [unimplemented_impl]: Unimplemented sceAppUtilInit import called.
[01:55:01.872] |W| [unimplemented_impl]: Unimplemented sceScreenShotDisable import called.
[01:55:01.872] |W| [unimplemented_impl]: Unimplemented sceScreenShotSetOverlayImage import called.
[01:55:01.872] |W| [unimplemented