[06:21:47.293] |I| [load_app_impl]: cpu-backend: Dynarmic
[06:21:47.294] |I| [load_app_impl]: CPU Optimisation state: true
[06:21:47.294] |I| [load_app_impl]: at9 audio decoder state: true
[06:21:47.294] |I| [load_app_impl]: ngs experimental state: true
[06:21:47.294] |I| [load_app_impl]: video player state: true
[06:21:47.294] |I| [load_app_impl]: lle-modules: libpgf,libSceXml,libsas,librudp,liblocation,libhandwriting,libSceJson
[06:21:47.294] |I| [load_app_impl]: Title: The Deer God
[06:21:47.294] |I| [load_app_impl]: Serial: PCSB01070
[06:21:47.294] |I| [load_app_impl]: Version: 1.02
[06:21:47.294] |I| [load_app_impl]: Category: gp
[06:21:47.346] |C| [load_self]: Unknown segment type 0x6FFFFF01
[06:21:47.346] |I| [load_self]: Loaded module segment 0 @ [0x00007000 - 0x000588A4 / 0x81000000] (size: 0x000518A4) of module ux0:app\PCSB01070\sce_module\libc.suprx
[06:21:47.346] |I| [load_self]: Loaded module segment 1 @ [0x00059000 - 0x0005B8A0 / 0x81052000] (size: 0x000028A0) of module ux0:app\PCSB01070\sce_module\libc.suprx
[06:21:47.346] |I| [load_self]: Loading symbols for SELF: ux0:app\PCSB01070\sce_module\libc.suprx
[06:21:47.347] |D| [load_var_exports]: 	NID 0x936C8A78 (SYSLYB) at 0x4E314
[06:21:47.347] |D| [load_var_exports]: 	NID 0x6C2224BA (NID_MODULE_INFO) at 0x434DC
[06:21:47.347] |W| [load_var_imports]: 	NID NOT FOUND 0x93B8AA67 (UNRECOGNISED) at 0x4763C, setting to stub value 0xDEADBEEF
[06:21:47.349] |W| [load_var_imports]: 	NID NOT FOUND 0xDF084DFA (UNRECOGNISED) at 0x491D0, setting to stub value 0xDEADBEEF
[06:21:47.349] |I| [pre_load_module]: Pre-load module SceLibc (at "app\PCSB01070\sce_module\libc.suprx") loaded
[06:21:47.358] |C| [load_self]: Unknown segment type 0x6FFFFF01
[06:21:47.358] |I| [load_self]: Loaded module segment 0 @ [0x0005E000 - 0x00077000 / 0x81000000] (size: 0x00019000) of module ux0:app\PCSB01070\sce_module\libface.suprx
[06:21:47.359] |I| [load_self]: Loaded module segment 1 @ [0x00077000 - 0x000770F8 / 0x81019000] (size: 0x000000F8) of module ux0:app\PCSB01070\sce_module\libface.suprx
[06:21:47.360] |I| [load_self]: Loading symbols for SELF: ux0:app\PCSB01070\sce_module\libface.suprx
[06:21:47.360] |D| [load_var_exports]: 	NID 0x6C2224BA (NID_MODULE_INFO) at 0x73DA4
[06:21:47.361] |D| [load_var_exports]: 	NID 0x936C8A78 (SYSLYB) at 0x76784
[06:21:47.362] |I| [pre_load_module]: Pre-load module SceFace (at "app\PCSB01070\sce_module\libface.suprx") loaded
[06:21:47.368] |C| [load_self]: Unknown segment type 0x6FFFFF01
[06:21:47.368] |I| [load_self]: Loaded module segment 0 @ [0x00078000 - 0x000A4CBF / 0x81000000] (size: 0x0002CCBF) of module ux0:app\PCSB01070\sce_module\libfios2.suprx
[06:21:47.369] |I| [load_self]: Loaded module segment 1 @ [0x000A5000 - 0x000AA255 / 0x8102D000] (size: 0x00005255) of module ux0:app\PCSB01070\sce_module\libfios2.suprx
[06:21:47.369] |I| [load_self]: Loading symbols for SELF: ux0:app\PCSB01070\sce_module\libfios2.suprx
[06:21:47.372] |D| [load_var_exports]: 	NID 0x936C8A78 (SYSLYB) at 0xA4BC8
[06:21:47.373] |D| [load_var_exports]: 	NID 0x6C2224BA (NID_MODULE_INFO) at 0x9BF08
[06:21:47.373] |I| [pre_load_module]: Pre-load module SceLibFios2 (at "app\PCSB01070\sce_module\libfios2.suprx") loaded
[06:21:47.423] |C| [load_self]: Unknown segment type 0x6FFFFF01
[06:21:47.424] |I| [load_self]: Loaded module segment 0 @ [0x000AB000 - 0x002B8AF4 / 0x81000000] (size: 0x0020DAF4) of module ux0:app\PCSB01070\sce_module\libsmart.suprx
[06:21:47.425] |I| [load_self]: Loaded module segment 1 @ [0x002B9000 - 0x002BC444 / 0x8120E000] (size: 0x00003444) of module ux0:app\PCSB01070\sce_module\libsmart.suprx
[06:21:47.426] |I| [load_self]: Loading symbols for SELF: ux0:app\PCSB01070\sce_module\libsmart.suprx
[06:21:47.426] |D| [load_var_exports]: 	NID 0x6C2224BA (NID_MODULE_INFO) at 0x156528
[06:21:47.426] |D| [load_var_exports]: 	NID 0x936C8A78 (SYSLYB) at 0x15D90C
[06:21:47.427] |I| [pre_load_module]: Pre-load module SceSmart (at "app\PCSB01070\sce_module\libsmart.suprx") loaded
[06:21:47.431] |C| [load_self]: Unknown segment type 0x6FFFFF01
[06:21:47.432] |I| [load_self]: Loaded module segment 0 @ [0x002BD000 - 0x002D09BC / 0x81000000] (size: 0x000139BC) of module ux0:app\PCSB01070\sce_module\libult.suprx
[06:21:47.432] |I| [load_self]: Loaded module segment 1 @ [0x002D1000 - 0x002D1814 / 0x81014000] (size: 0x00000814) of module ux0:app\PCSB01070\sce_module\libult.suprx
[06:21:47.433] |I| [load_self]: Loading symbols for SELF: ux0:app\PCSB01070\sce_module\libult.suprx
[06:21:47.436] |D| [load_var_exports]: 	NID 0x936C8A78 (SYSLYB) at 0x2CF2E8
[06:21:47.436] |D| [load_var_exports]: 	NID 0x6C2224BA (NID_MODULE_INFO) at 0x2CC870
[06:21:47.436] |I| [pre_load_module]: Pre-load module SceUlt (at "app\PCSB01070\sce_module\libult.suprx") loaded
[06:21:47.443] |I| [load_self]: Loaded module segment 0 @ [0x002D2000 - 0x00322F04 / 0x81000000] (size: 0x00050F04) of module vs0:sys/external/libSceFt2.suprx
[06:21:47.444] |I| [load_self]: Loaded module segment 1 @ [0x00323000 - 0x003232F4 / 0x81051000] (size: 0x000002F4) of module vs0:sys/external/libSceFt2.suprx
[06:21:47.445] |I| [load_self]: Loading symbols for SELF: vs0:sys/external/libSceFt2.suprx
[06:21:47.445] |D| [load_var_exports]: 	NID 0x936C8A78 (SYSLYB) at 0x30E7DC
[06:21:47.446] |D| [load_var_exports]: 	NID 0x6C2224BA (NID_MODULE_INFO) at 0x30DF10
[06:21:47.446] |I| [pre_load_module]: Pre-load module SceLibft2 (at "sys/external/libSceFt2.suprx") loaded
[06:21:47.449] |I| [load_self]: Loaded module segment 0 @ [0x00324000 - 0x00333F14 / 0x81000000] (size: 0x0000FF14) of module vs0:sys/external/libpvf.suprx
[06:21:47.451] |I| [load_self]: Loaded module segment 1 @ [0x00334000 - 0x00334008 / 0x81010000] (size: 0x00000008) of module vs0:sys/external/libpvf.suprx
[06:21:47.452] |I| [load_self]: Loading symbols for SELF: vs0:sys/external/libpvf.suprx
[06:21:47.453] |D| [load_var_exports]: 	NID 0x936C8A78 (SYSLYB) at 0x332710
[06:21:47.453] |D| [load_var_exports]: 	NID 0x6C2224BA (NID_MODULE_INFO) at 0x332300
[06:21:47.453] |I| [pre_load_module]: Pre-load module SceLibPvf (at "sys/external/libpvf.suprx") loaded
[06:21:47.870] |C| [load_self]: Unknown segment type 0x6FFFFF01
[06:21:47.870] |I| [load_self]: Loaded module segment 0 @ [0x00335000 - 0x013215D0 / 0x81000000] (size: 0x00FEC5D0) of module app0:eboot.bin
[06:21:47.871] |I| [load_self]: Loaded module segment 1 @ [0x01322000 - 0x0147FA10 / 0x81FED000] (size: 0x0015DA10) of module app0:eboot.bin
[06:21:47.872] |I| [load_self]: Loading symbols for SELF: app0:eboot.bin
[06:21:47.872] |D| [load_var_exports]: 	NID 0x6C2224BA (NID_MODULE_INFO) at 0x11168C4
[06:21:47.873] |D| [load_var_exports]: 	NID 0x70FBA1E7 (SCE_PROC_PARAMS) at 0x134BF08
[06:21:47.873] |D| [load_var_exports]: 	NID 0x936C8A78 (SYSLYB) at 0x1273010
[06:21:47.874] |W| [load_var_imports]: 	NID NOT FOUND 0x338B0BD1 (UNRECOGNISED) at 0x1161DB4, setting to stub value 0xDEADBEEF
[06:21:47.875] |W| [load_var_imports]: 	NID NOT FOUND 0x3A451B91 (UNRECOGNISED) at 0x1161DA0, setting to stub value 0xDEADBEEF
[06:21:47.876] |W| [load_var_imports]: 	NID NOT FOUND 0x550DFE23 (UNRECOGNISED) at 0x1161DC8, setting to stub value 0xDEADBEEF
[06:21:47.877] |W| [load_var_imports]: 	NID NOT FOUND 0x56354517 (UNRECOGNISED) at 0x1161D68, setting to stub value 0xDEADBEEF
[06:21:47.878] |W| [load_var_imports]: 	NID NOT FOUND 0x5EF67445 (UNRECOGNISED) at 0x1161E2C, setting to stub value 0xDEADBEEF
[06:21:47.879] |W| [load_var_imports]: 	NID NOT FOUND 0x6ACA1D57 (UNRECOGNISED) at 0x1161DF0, setting to stub value 0xDEADBEEF
[06:21:47.880] |W| [load_var_imports]: 	NID NOT FOUND 0x71A78083 (UNRECOGNISED) at 0x1161D8C, setting to stub value 0xDEADBEEF
[06:21:47.881] |W| [load_var_imports]: 	NID NOT FOUND 0x79F9DB75 (UNRECOGNISED) at 0x1161DDC, setting to stub value 0xDEADBEEF
[06:21:47.882] |W| [load_var_imports]: 	NID NOT FOUND 0xAA0340C3 (UNRECOGNISED) at 0x1161E04, setting to stub value 0xDEADBEEF
[06:21:47.883] |W| [load_var_imports]: 	NID NOT FOUND 0xF9A1DE92 (UNRECOGNISED) at 0x1161E18, setting to stub value 0xDEADBEEF
[06:21:47.885] |I| [load_app_impl]: Main executable UnityPlayer_538_Release (eboot.bin) loaded
[06:21:47.897] |D| [run_app]: Running module_start of library: SceLibc at address 0x7871
[06:21:47.916] |I| [run_app]: Module SceLibc (at "ux0:app\PCSB01070\sce_module\libc.suprx") module_start returned 0x0
[06:21:47.920] |D| [run_app]: Running module_start of library: SceFace at address 0x73265
[06:21:47.929] |I| [run_app]: Module SceFace (at "ux0:app\PCSB01070\sce_module\libface.suprx") module_start returned 0x0
[06:21:47.934] |D| [run_app]: Running module_start of library: SceLibFios2 at address 0x78001
[06:21:47.943] |W| [stubbed_impl]: Stubbed sceKernelGetProcessId import called. (pid: 0)
[06:21:47.943] |D| [export_sceFiosOverlayGetList02]: maxIDs: 127
[06:21:47.943] |W| [unimplemented_impl]: Unimplemented sceFiosOverlayGetList02 import called.
[06:21:47.944] |I| [run_app]: Module SceLibFios2 (at "ux0:app\PCSB01070\sce_module\libfios2.suprx") module_start returned 0x0
[06:21:47.948] |D| [run_app]: Running module_start of library: SceSmart at address 0xAB18D
[06:21:47.960] |I| [run_app]: Module SceSmart (at "ux0:app\PCSB01070\sce_module\libsmart.suprx") module_start returned 0x0
[06:21:47.965] |D| [run_app]: Running module_start of library: SceUlt at address 0x2C0771
[06:21:47.974] |W| [unimplemented_impl]: Unimplemented _sceUlobjMgrRegisterLibultProtocolRevision import called.
[06:21:47.974] |I| [run_app]: Module SceUlt (at "ux0:app\PCSB01070\sce_module\libult.suprx") module_start returned 0x0
[06:21:47.984] |W| [unimplemented_impl]: Unimplemented sceKernelRegisterThreadEventHandler import called.
[06:21:48.427] |W| [stubbed_impl]: Stubbed sceKernelGetFreeMemorySize import called. (Single pool)
[06:21:48.428] |W| [unimplemented_impl]: Unimplemented sceAppUtilInit import called.
[06:21:48.474] |C| [load_self]: Unknown segment type 0x6FFFFF01
[06:21:48.474] |I| [load_self]: Loaded module segment 0 @ [0x018CD000 - 0x018D3C9C / 0x81000000] (size: 0x00006C9C) of module app0:/Media/Modules/pthread.suprx
[06:21:48.476] |I| [load_self]: Loaded module segment 1 @ [0x018D4000 - 0x018D6178 / 0x81007000] (size: 0x00002178) of module app0:/Media/Modules/pthread.suprx
[06:21:48.477] |I| [load_self]: Loading symbols for SELF: app0:/Media/Modules/pthread.suprx
[06:21:48.479] |D| [load_var_exports]: 	NID 0x6C2224BA (NID_MODULE_INFO) at 0x18D27E4
[06:21:48.481] |D| [load_var_exports]: 	NID 0x936C8A78 (SYSLYB) at 0x18D3C98
[06:21:48.490] |I| [start_module]: Module PTHREAD_PRX (at "app0:/Media/Modules/pthread.suprx") module_start returned 0x0
[06:21:48.496] |I| [load_module]: Loading module ID: 0x55
[06:21:48.498] |C| [load_self]: Unknown segment type 0x6FFFFF01
[06:21:48.498] |I| [load_self]: Loaded module segment 0 @ [0x018D7000 - 0x018DD230 / 0x81000000] (size: 0x00006230) of module sys/external/libSceJson.suprx
[06:21:48.499] |I| [load_self]: Loaded module segment 1 @ [0x018DE000 - 0x018DE049 / 0x81007000] (size: 0x00000049) of module sys/external/libSceJson.suprx
[06:21:48.501] |I| [load_self]: Loading symbols for SELF: sys/external/libSceJson.suprx
[06:21:48.502] |D| [load_var_exports]: 	NID 0x936C8A78 (SYSLYB) at 0x18DD0A8
[06:21:48.503] |D| [load_var_exports]: 	NID 0x6C2224BA (NID_MODULE_INFO) at 0x18DC020
[06:21:48.503] |I| [load_module]: Module SceLibJson (at "sys/external/libSceJson.suprx") loaded
[06:21:48.506] |W| [stubbed_impl]: Stubbed _sceKernelGetThreadInfo import called. (STUB)
[06:21:48.519] |W| [stubbed_impl]: Stubbed sceKernelChangeThreadPriority import called. (STUB)
[06:21:48.780] |C| [load_self]: Unknown segment type 0x6FFFFF01
[06:21:48.780] |I| [load_self]: Loaded module segment 0 @ [0x01FE4000 - 0x02A42110 / 0x81000000] (size: 0x00A5E110) of module app0:/Media/Modules/Il2CppAssemblies.suprx
[06:21:48.781] |I| [load_self]: Loaded module segment 1 @ [0x02A43000 - 0x02AE4B08 / 0x81A5F000] (size: 0x000A1B08) of module app0:/Media/Modules/Il2CppAssemblies.suprx
[06:21:48.782] |I| [load_self]: Loading symbols for SELF: app0:/Media/Modules/Il2CppAssemblies.suprx
[06:21:48.782] |D| [load_var_exports]: 	NID 0x6C2224BA (NID_MODULE_INFO) at 0x2869184
[06:21:48.783] |D| [load_var_exports]: 	NID 0x936C8A78 (SYSLYB) at 0x29F5628
[06:21:49.114] |I| [start_module]: Module Il2CppAssemblies (at "app0:/Media/Modules/Il2CppAssemblies.suprx") module_start returned 0x0
[06:21:49.131] |E| [call_import]: Import function for NID 0xE340C27B not found (thread name: 014EE030 Unity_main_thread, thread ID: 73)
[06:21:49.134] |E| [call_import]: Import function for NID 0xE340C18C not found (thread name: 014EE030 Unity_main_thread, thread ID: 73)
[06:21:49.152] |W| [unimplemented_impl]: Unimplemented sceKernelChangeThreadVfpException import called.
[06:21:49.153] |W| [unimplemented_impl]: Unimplemented sceFiosOverlayThreadSetDisabled02 import called.
[06:21:49.208] |W| [unimplemented_impl]: Unimplemented sceFiosOverlayGetRecommendedScheduler02 import called.
[06:21:49.214] |I| [export_sceIoOpen]: Opening file: app0:/archive.psarc
[06:21:49.269] |I| [export_sceIoOpen]: Opening file: app0:/archive.psarc
[06:21:49.303] |I| [export_sceIoOpen]: Opening file: app0:/archive_patch.psarc
[06:21:49.317] |I| [export_sceIoOpen]: Opening file: app0:/archive_patch.psarc
[06:21:49.412] |E| [open_dir]: Directory does not exist at: D:/Emulateurs/Vita3K/mc/ux0/user/00/savedata/PCSB01070/persistentdata/ (target path: savedata0:/persistentdata)
[06:21:49.413] |W| [io_error_impl]: open_dir (_sceIoDopen) returned 0x80010002
[06:21:49.427] |W| [unimplemented_impl]: Unimplemented sceAppUtilLoadSafeMemory import called.
[06:21:49.430] |E| [call_import]: Import function for NID 0xE340C280 not found (thread name: 014EE030 Unity_main_thread, thread ID: 73)
[06:21:49.540] |I| [export_sceIoOpen]: Opening file: app0:/Media/Metadata/global-metadata.dat
[06:21:49.718] |W| [stubbed_impl]: Stubbed _sceKernelWaitSemaCB import called. (NO CB)
[06:21:49.718] |D| [export__sceKernelWaitSemaCB]: count: 1
