[06:10:50.027] |I| [load_app_impl]: cpu-backend: Dynarmic
[06:10:50.027] |I| [load_app_impl]: CPU Optimisation state: true
[06:10:50.027] |I| [load_app_impl]: at9 audio decoder state: true
[06:10:50.028] |I| [load_app_impl]: ngs experimental state: true
[06:10:50.028] |I| [load_app_impl]: video player state: true
[06:10:50.028] |I| [load_app_impl]: lle-modules: libpgf,libSceXml,libsas,liblocation,libhandwriting,libSceJson,librudp
[06:10:50.028] |I| [load_app_impl]: Title: Plantera
[06:10:50.028] |I| [load_app_impl]: Serial: PCSB01119
[06:10:50.028] |I| [load_app_impl]: Version: 1.01
[06:10:50.029] |I| [load_app_impl]: Category: gp
[06:10:50.070] |C| [load_self]: Unknown segment type 0x6FFFFF01
[06:10:50.071] |I| [load_self]: Loaded module segment 0 @ [0x00007000 - 0x000588A4 / 0x81000000] (size: 0x000518A4) of module ux0:app\PCSB01119\sce_module\libc.suprx
[06:10:50.071] |I| [load_self]: Loaded module segment 1 @ [0x00059000 - 0x0005B8A0 / 0x81052000] (size: 0x000028A0) of module ux0:app\PCSB01119\sce_module\libc.suprx
[06:10:50.071] |I| [load_self]: Loading symbols for SELF: ux0:app\PCSB01119\sce_module\libc.suprx
[06:10:50.071] |D| [load_var_exports]: 	NID 0x936C8A78 (SYSLYB) at 0x4E314
[06:10:50.072] |D| [load_var_exports]: 	NID 0x6C2224BA (NID_MODULE_INFO) at 0x434DC
[06:10:50.072] |W| [load_var_imports]: 	NID NOT FOUND 0x93B8AA67 (UNRECOGNISED) at 0x4763C, setting to stub value 0xDEADBEEF
[06:10:50.072] |W| [load_var_imports]: 	NID NOT FOUND 0xDF084DFA (UNRECOGNISED) at 0x491D0, setting to stub value 0xDEADBEEF
[06:10:50.073] |I| [pre_load_module]: Pre-load module SceLibc (at "app\PCSB01119\sce_module\libc.suprx") loaded
[06:10:50.077] |C| [load_self]: Unknown segment type 0x6FFFFF01
[06:10:50.077] |I| [load_self]: Loaded module segment 0 @ [0x0005E000 - 0x00077000 / 0x81000000] (size: 0x00019000) of module ux0:app\PCSB01119\sce_module\libface.suprx
[06:10:50.077] |I| [load_self]: Loaded module segment 1 @ [0x00077000 - 0x000770F8 / 0x81019000] (size: 0x000000F8) of module ux0:app\PCSB01119\sce_module\libface.suprx
[06:10:50.077] |I| [load_self]: Loading symbols for SELF: ux0:app\PCSB01119\sce_module\libface.suprx
[06:10:50.078] |D| [load_var_exports]: 	NID 0x6C2224BA (NID_MODULE_INFO) at 0x73DA4
[06:10:50.078] |D| [load_var_exports]: 	NID 0x936C8A78 (SYSLYB) at 0x76784
[06:10:50.078] |I| [pre_load_module]: Pre-load module SceFace (at "app\PCSB01119\sce_module\libface.suprx") loaded
[06:10:50.095] |C| [load_self]: Unknown segment type 0x6FFFFF01
[06:10:50.095] |I| [load_self]: Loaded module segment 0 @ [0x00078000 - 0x000A4CBF / 0x81000000] (size: 0x0002CCBF) of module ux0:app\PCSB01119\sce_module\libfios2.suprx
[06:10:50.095] |I| [load_self]: Loaded module segment 1 @ [0x000A5000 - 0x000AA255 / 0x8102D000] (size: 0x00005255) of module ux0:app\PCSB01119\sce_module\libfios2.suprx
[06:10:50.095] |I| [load_self]: Loading symbols for SELF: ux0:app\PCSB01119\sce_module\libfios2.suprx
[06:10:50.095] |D| [load_var_exports]: 	NID 0x936C8A78 (SYSLYB) at 0xA4BC8
[06:10:50.096] |D| [load_var_exports]: 	NID 0x6C2224BA (NID_MODULE_INFO) at 0x9BF08
[06:10:50.096] |I| [pre_load_module]: Pre-load module SceLibFios2 (at "app\PCSB01119\sce_module\libfios2.suprx") loaded
[06:10:50.150] |C| [load_self]: Unknown segment type 0x6FFFFF01
[06:10:50.151] |I| [load_self]: Loaded module segment 0 @ [0x000AB000 - 0x002B8AF4 / 0x81000000] (size: 0x0020DAF4) of module ux0:app\PCSB01119\sce_module\libsmart.suprx
[06:10:50.151] |I| [load_self]: Loaded module segment 1 @ [0x002B9000 - 0x002BC444 / 0x8120E000] (size: 0x00003444) of module ux0:app\PCSB01119\sce_module\libsmart.suprx
[06:10:50.151] |I| [load_self]: Loading symbols for SELF: ux0:app\PCSB01119\sce_module\libsmart.suprx
[06:10:50.151] |D| [load_var_exports]: 	NID 0x6C2224BA (NID_MODULE_INFO) at 0x156528
[06:10:50.151] |D| [load_var_exports]: 	NID 0x936C8A78 (SYSLYB) at 0x15D90C
[06:10:50.152] |I| [pre_load_module]: Pre-load module SceSmart (at "app\PCSB01119\sce_module\libsmart.suprx") loaded
[06:10:50.156] |C| [load_self]: Unknown segment type 0x6FFFFF01
[06:10:50.156] |I| [load_self]: Loaded module segment 0 @ [0x002BD000 - 0x002D09BC / 0x81000000] (size: 0x000139BC) of module ux0:app\PCSB01119\sce_module\libult.suprx
[06:10:50.157] |I| [load_self]: Loaded module segment 1 @ [0x002D1000 - 0x002D1814 / 0x81014000] (size: 0x00000814) of module ux0:app\PCSB01119\sce_module\libult.suprx
[06:10:50.157] |I| [load_self]: Loading symbols for SELF: ux0:app\PCSB01119\sce_module\libult.suprx
[06:10:50.157] |D| [load_var_exports]: 	NID 0x936C8A78 (SYSLYB) at 0x2CF2E8
[06:10:50.157] |D| [load_var_exports]: 	NID 0x6C2224BA (NID_MODULE_INFO) at 0x2CC870
[06:10:50.157] |I| [pre_load_module]: Pre-load module SceUlt (at "app\PCSB01119\sce_module\libult.suprx") loaded
[06:10:50.165] |I| [load_self]: Loaded module segment 0 @ [0x002D2000 - 0x00322F04 / 0x81000000] (size: 0x00050F04) of module vs0:sys/external/libSceFt2.suprx
[06:10:50.165] |I| [load_self]: Loaded module segment 1 @ [0x00323000 - 0x003232F4 / 0x81051000] (size: 0x000002F4) of module vs0:sys/external/libSceFt2.suprx
[06:10:50.169] |I| [load_self]: Loading symbols for SELF: vs0:sys/external/libSceFt2.suprx
[06:10:50.169] |D| [load_var_exports]: 	NID 0x936C8A78 (SYSLYB) at 0x30E7DC
[06:10:50.169] |D| [load_var_exports]: 	NID 0x6C2224BA (NID_MODULE_INFO) at 0x30DF10
[06:10:50.169] |I| [pre_load_module]: Pre-load module SceLibft2 (at "sys/external/libSceFt2.suprx") loaded
[06:10:50.172] |I| [load_self]: Loaded module segment 0 @ [0x00324000 - 0x00333F14 / 0x81000000] (size: 0x0000FF14) of module vs0:sys/external/libpvf.suprx
[06:10:50.172] |I| [load_self]: Loaded module segment 1 @ [0x00334000 - 0x00334008 / 0x81010000] (size: 0x00000008) of module vs0:sys/external/libpvf.suprx
[06:10:50.172] |I| [load_self]: Loading symbols for SELF: vs0:sys/external/libpvf.suprx
[06:10:50.172] |D| [load_var_exports]: 	NID 0x936C8A78 (SYSLYB) at 0x332710
[06:10:50.172] |D| [load_var_exports]: 	NID 0x6C2224BA (NID_MODULE_INFO) at 0x332300
[06:10:50.173] |I| [pre_load_module]: Pre-load module SceLibPvf (at "sys/external/libpvf.suprx") loaded
[06:10:50.219] |C| [load_self]: Unknown segment type 0x6FFFFF01
[06:10:50.220] |I| [load_self]: Loaded module segment 0 @ [0x00335000 - 0x004341B4 / 0x81000000] (size: 0x000FF1B4) of module app0:eboot.bin
[06:10:50.220] |I| [load_self]: Loaded module segment 1 @ [0x00435000 - 0x0043BE48 / 0x81100000] (size: 0x00006E48) of module app0:eboot.bin
[06:10:50.220] |I| [load_self]: Loading symbols for SELF: app0:eboot.bin
[06:10:50.220] |D| [load_var_exports]: 	NID 0x6C2224BA (NID_MODULE_INFO) at 0x40AD9C
[06:10:50.220] |D| [load_var_exports]: 	NID 0x70FBA1E7 (SCE_PROC_PARAMS) at 0x43A094
[06:10:50.220] |D| [load_var_exports]: 	NID 0x936C8A78 (SYSLYB) at 0x428FA8
[06:10:50.221] |I| [load_app_impl]: Main executable Plantera (eboot.bin) loaded
[06:10:50.230] |D| [run_app]: Running module_start of library: SceLibc at address 0x7871
[06:10:50.250] |I| [run_app]: Module SceLibc (at "ux0:app\PCSB01119\sce_module\libc.suprx") module_start returned 0x0
[06:10:50.254] |D| [run_app]: Running module_start of library: SceFace at address 0x73265
[06:10:50.264] |I| [run_app]: Module SceFace (at "ux0:app\PCSB01119\sce_module\libface.suprx") module_start returned 0x0
[06:10:50.268] |D| [run_app]: Running module_start of library: SceLibFios2 at address 0x78001
[06:10:50.278] |W| [stubbed_impl]: Stubbed sceKernelGetProcessId import called. (pid: 0)
[06:10:50.278] |D| [export_sceFiosOverlayGetList02]: maxIDs: 127
[06:10:50.278] |W| [unimplemented_impl]: Unimplemented sceFiosOverlayGetList02 import called.
[06:10:50.279] |I| [run_app]: Module SceLibFios2 (at "ux0:app\PCSB01119\sce_module\libfios2.suprx") module_start returned 0x0
[06:10:50.283] |D| [run_app]: Running module_start of library: SceSmart at address 0xAB18D
[06:10:50.294] |I| [run_app]: Module SceSmart (at "ux0:app\PCSB01119\sce_module\libsmart.suprx") module_start returned 0x0
[06:10:50.299] |D| [run_app]: Running module_start of library: SceUlt at address 0x2C0771
[06:10:50.308] |W| [unimplemented_impl]: Unimplemented _sceUlobjMgrRegisterLibultProtocolRevision import called.
[06:10:50.308] |I| [run_app]: Module SceUlt (at "ux0:app\PCSB01119\sce_module\libult.suprx") module_start returned 0x0
[06:10:50.330] |W| [unimplemented_impl]: Unimplemented sceAppUtilInit import called.
[06:10:50.331] |W| [unimplemented_impl]: Unimplemented sceAppUtilSaveDataSlotSearch import called.
[06:10:50.357] |W| [stubbed_impl]: Stubbed sceNetCtlInit import called. (Stub)
[06:10:50.358] |W| [unimplemented_impl]: Unimplemented sceSslInit import called.
[06:10:50.358] |W| [unimplemented_impl]: Unimplemented sceHttpInit import called.
[06:10:50.375] |W| [stubbed_impl]: Stubbed sceGxmMapMemory import called. (always return success)
[06:10:50.379] |W| [stubbed_impl]: Stubbed sceGxmMapFragmentUsseMemory import called. (always return success)
[06:10:50.411] |W| [stubbed_impl]: Stubbed sceGxmMapVertexUsseMemory import called. (always return success)
[06:10:50.415] |I| [export_sceIoOpen]: Opening file: app0:game_data/clear_screen.vert
[06:10:50.444] |E| [call_import]: Import function for NID 0xE340C008 not found (thread name: PCSB01119, thread ID: 10)
[06:10:50.445] |I| [export_sceIoOpen]: Opening file: app0:game_data/clear_screen.frag
[06:10:50.549] |W| [unimplemented_impl]: Unimplemented sceAppMgrAcquireBgmPort import called.
[06:10:50.566] |I| [export_sceIoOpen]: Opening file: app0:game_data/font/anglefont/nokiafc16.png
[06:10:50.619] |I| [export_sceIoOpen]: Opening file: app0:game_data/font/anglefont/nokiafc16.fnt
[06:10:50.812] |W| [stubbed_impl]: Stubbed sceNpTrophyCreateHandle import called. (Stubbed handle with 1)
[06:10:50.813] |E| [logging::ret_error_impl]: sceNpTrophyGetGameInfo returned SCE_NP_TROPHY_ERROR_INVALID_ARGUMENT (0x80551604)
[06:10:50.813] |W| [stubbed_impl]: Stubbed sceNpTrophyDestroyHandle import called. (Stubbed with SCE_OK)
[06:10:50.831] |I| [export_sceIoOpen]: Opening file: savedata0:/slot0/Plaa-pref.dat
[06:10:50.831] |E| [open_file]: Missing file at D:/Emulateurs/Vita3K/mc/ux0/user/00/savedata/PCSB01119/slot0/Plaa-pref.dat (target path: savedata0:/slot0/Plaa-pref.dat)
[06:10:50.832] |W| [io_error_impl]: open_file (sceIoOpen) returned 0x80010002
[06:10:50.839] |E| [remove_file]: File does not exist at path: D:/Emulateurs/Vita3K/mc/ux0/user/00/savedata/PCSB01119/slot0/Plaa-pref.dat (target path: savedata0:/slot0/Plaa-pref.dat)
[06:10:50.840] |E| [remove_file]: Cannot remove file: savedata0:/slot0/Plaa-pref.dat (ux0:/user/00/savedata/PCSB01119/slot0/Plaa-pref.dat)
[06:10:50.840] |W| [io_error_impl]: remove_file (sceAppUtilSaveDataDataRemove) returned 0x80010002
[06:10:50.844] |E| [remove_file]: File does not exist at path: D:/Emulateurs/Vita3K/mc/ux0/user/00/savedata/PCSB01119/slot0/Plaa-pref.dat (target path: savedata0:/slot0/Plaa-pref.dat)
[06:10:50.844] |E| [remove_file]: Cannot remove file: savedata0:/slot0/Plaa-pref.dat (ux0:/user/00/savedata/PCSB01119/slot0/Plaa-pref.dat)
[06:10:50.844] |W| [io_error_impl]: remove_file (sceAppUtilSaveDataDataRemove) returned 0x80010002
[06:10:50.846] |E| [remove_file]: File does not exist at path: D:/Emulateurs/Vita3K/mc/ux0/user/00/savedata/PCSB01119/slot0/Plaa-pref.dat (target path: savedata0:/slot0/Plaa-pref.dat)
[06:10:50.846] |E| [remove_file]: Cannot remove file: savedata0:/slot0/Plaa-pref.dat (ux0:/user/00/savedata/PCSB01119/slot0/Plaa-pref.dat)
[06:10:50.846] |W| [io_error_impl]: remove_file (sceAppUtilSaveDataDataRemove) returned 0x80010002
[06:10:50.847] |E| [remove_file]: File does not exist at path: D:/Emulateurs/Vita3K/mc/ux0/user/00/savedata/PCSB01119/slot0/Plaa-pref.dat (target path: savedata0:/slot0/Plaa-pref.dat)
[06:10:50.848] |E| [remove_file]: Cannot remove file: savedata0:/slot0/Plaa-pref.dat (ux0:/user/00/savedata/PCSB01119/slot0/Plaa-pref.dat)
[06:10:50.848] |W| [io_error_impl]: remove_file (sceAppUtilSaveDataDataRemove) returned 0x80010002
[06:10:50.849] |E| [remove_file]: File does not exist at path: D:/Emulateurs/Vita3K/mc/ux0/user/00/savedata/PCSB01119/slot0/Plaa-pref.dat (target path: savedata0:/slot0/Plaa-pref.dat)
[06:10:50.849] |E| [remove_file]: Cannot remove file: savedata0:/slot0/Plaa-pref.dat (ux0:/user/00/savedata/PCSB01119/slot0/Plaa-pref.dat)
[06:10:50.850] |W| [io_error_impl]: remove_file (sceAppUtilSaveDataDataRemove) returned 0x80010002
[06:10:50.851] |E| [remove_file]: File does not exist at path: D:/Emulateurs/Vita3K/mc/ux0/user/00/savedata/PCSB01119/slot0/Plaa-pref.dat (target path: savedata0:/slot0/Plaa-pref.dat)
[06:10:50.851] |E| [remove_file]: Cannot remove file: savedata0:/slot0/Plaa-pref.dat (ux0:/user/00/savedata/PCSB01119/slot0/Plaa-pref.dat)
[06:10:50.851] |W| [io_error_impl]: remove_file (sceAppUtilSaveDataDataRemove) returned 0x80010002
[06:10:50.852] |I| [export_sceIoOpen]: Opening file: app0:game_data/data/languages.json
[06:10:50.891] |I| [export_sceIoOpen]: Opening file: app0:game_data/atlas/logo.json
[06:10:50.908] |I| [export_sceIoOpen]: Opening file: app0:game_data/atlas/logo.png
[06:10:51.039] |I| [export_sceIoOpen]: Opening file: app0:game_data/assets.json
[06:10:51.072] |I| [export_sceIoOpen]: Opening file: app0:game_data/atlas/atlas1.json
[06:10:51.081] |I| [export_sceIoOpen]: Opening file: app0:game_data/atlas/atlas1.png
[06:10:51.178] |I| [export_sceIoOpen]: Opening file: app0:game_data/atlas/atlas2.json
[06:10:51.180] |I| [export_sceIoOpen]: Opening file: app0:game_data/atlas/atlas2.png
[06:10:51.271] |I| [export_sceIoOpen]: Opening file: app0:game_data/atlas/atlas3.json
[06:10:51.273] |I| [export_sceIoOpen]: Opening file: app0:game_data/atlas/atlas3.png
[06:10:51.361] |I| [export_sceIoOpen]: Opening file: app0:game_data/atlas/atlas4.json
[06:10:51.364] |I| [export_sceIoOpen]: Opening file: app0:game_data/atlas/atlas4.png
[06:10:51.485] |I| [export_sceIoOpen]: Opening file: app0:game_data/painter-colored.vert
[06:10:51.486] |I| [export_sceIoOpen]: Opening file: app0:game_data/painter-colored.frag
[06:10:51.498] |I| [export_sceIoOpen]: Opening file: app0:game_data/painter-image.vert
[06:10:51.498] |I| [export_sceIoOpen]: Opening file: app0:game_data/painter-image.frag
[06:10:51.503] |I| [renderer::gl::load_shader_generic]: Generating frag shader c9cccf8cc9c8293a1be60be18608f0e36437153233cd28fde7ebd53057aa070b
[06:10:51.504] |D| [shader::create_fragment_inputs]: Iterator: pa0 = (float4) v_Color0
[06:10:51.507] |W| [unimplemented_impl]: Unimplemented sceCommonDialogUpdate import called.
[06:10:51.511] |W| [stubbed_impl]: Stubbed sceNpCheckCallback import called. (Stub)
[06:10:51.512] |I| [export_sceIoOpen]: Opening file: app0:game_data/atlas/atlas5.json
[06:10:51.513] |I| [export_sceIoOpen]: Opening file: app0:game_data/atlas/atlas5.png
[06:10:51.520] |I| [renderer::gl::load_shader_generic]: Generating vert shader af2ed0b565e2e0dee4fd6172c07601b04a840c941f770eb0c9d432a03f6fb253
[06:10:51.521] |D| [shader::create_parameters]: [BUFFER0  + 0] pa0 = (float4) aPosition
[06:10:51.521] |D| [shader::create_parameters]: [BUFFER0  + 4] pa4 = (float4) aColor
[06:10:51.544] |W| [stubbed_impl]: Stubbed sceDisplayWaitVblankStart import called. (wait for vblank)
[06:10:51.545] |I| [renderer::gl::load_shader_generic]: Generating frag shader c388a8834b4f6cd055b916b039e0d58e5a49557ca750831ee94a002c27ff742a
[06:10:51.546] |D| [shader::create_fragment_inputs]: Iterator: pa0 = (float4) v_Color0
[06:10:51.549] |I| [renderer::gl::load_shader_generic]: Generating vert shader bea543c016f5e715a6a6101fc287ecd03d2d707000521d5a7ecc610bee6e3625
[06:10:51.550] |D| [shader::create_parameters]: [BUFFER0  + 0] pa0 = (float4) vertexPosition
[06:10:51.550] |D| [shader::create_parameters]: [BUFFER0  + 4] pa4 = (float4) vertexColor
[06:10:51.550] |D| [shader::create_parameters]: [DEFAULT  + 0] sa0 = (float4) projectionMatrix[4]
[06:10:51.560] |D| [renderer::gl::texture::translate_swizzle]: base format: 201326592, swizzle: 0
[06:10:51.561] |I| [renderer::gl::load_shader_generic]: Generating frag shader 83e0829a81d0d5e6a77229b0020be449ab4491e2080cb845103265495ed567df
[06:10:51.561] |D| [shader::create_fragment_inputs]: Iterator: pa0 = (float4) v_Color0
[06:10:51.565] |I| [renderer::gl::load_shader_generic]: Generating vert shader 485047c289c0a8eb5aabb3e23b7132f84a3f85a38d4e0e98013174017e1cc225
[06:10:51.565] |D| [shader::create_parameters]: [BUFFER0  + 0] pa0 = (float4) vertexPosition
[06:10:51.566] |D| [shader::create_parameters]: [BUFFER0  + 4] pa4 = (float4) texPosition
[06:10:51.566] |D| [shader::create_parameters]: [BUFFER0  + 8] pa8 = (float4) vertexColor
[06:10:51.566] |D| [shader::create_parameters]: [DEFAULT  + 0] sa0 = (float4) projectionMatrix[4]
[06:10:51.593] |I| [export_sceIoOpen]: Opening file: app0:game_data/data/physics.json
[06:10:51.595] |I| [export_sceIoOpen]: Opening file: app0:game_data/music/birds_sounds.ogg
[06:10:51.682] |I| [export_sceIoOpen]: Opening file: app0:game_data/music/main_song.ogg
[06:10:51.806] |I| [export_sceIoOpen]: Opening file: app0:game_data/music/sea_sounds.ogg
[06:10:51.873] |I| [export_sceIoOpen]: Opening file: app0:game_data/sounds/buy_new_stuff.ogg
[06:10:51.937] |I| [export_sceIoOpen]: Opening file: app0:game_data/sounds/cancel_buy_stuff.ogg
[06:10:51.950] |I| [export_sceIoOpen]: Opening file: app0:game_data/sounds/cant_buy.ogg
[06:10:51.969] |I| [export_sceIoOpen]: Opening file: app0:game_data/sounds/confirm_trash.ogg
[06:10:51.991] |I| [export_sceIoOpen]: Opening file: app0:game_data/sounds/cow_create_loot.ogg
[06:10:52.056] |I| [export_sceIoOpen]: Opening file: app0:game_data/sounds/fox_growl.ogg
[06:10:52.081] |I| [export_sceIoOpen]: Opening file: app0:game_data/sounds/harvest_manually.ogg
[06:10:52.098] |I| [export_sceIoOpen]: Opening file: app0:game_data/sounds/hen_create_loot.ogg
[06:10:52.135] |I| [export_sceIoOpen]: Opening file: app0:game_data/sounds/level_up.ogg
[06:10:52.300] |I| [export_sceIoOpen]: Opening file: app0:game_data/sounds/magpie_around.ogg
[06:10:52.408] |I| [export_sceIoOpen]: Opening file: app0:game_data/sounds/mole_in.ogg
[06:10:52.432] |I| [export_sceIoOpen]: Opening file: app0:game_data/sounds/mole_out.ogg
[06:10:52.448] |I| [export_sceIoOpen]: Opening file: app0:game_data/sounds/open_menu.ogg
[06:10:52.471] |I| [export_sceIoOpen]: Opening file: app0:game_data/sounds/open_shop.ogg
[06:10:52.503] |I| [export_sceIoOpen]: Opening file: app0:game_data/sounds/pick_up_coin_sound_normal.ogg
[06:10:52.534] |I| [export_sceIoOpen]: Opening file: app0:game_data/sounds/pig_create_loot.ogg
[06:10:52.558] |I| [export_sceIoOpen]: Opening file: app0:game_data/sounds/plant_something.ogg
[06:10:52.573] |I| [export_sceIoOpen]: Opening file: app0:game_data/sounds/punch_enemy.ogg
[06:10:52.597] |I| [export_sceIoOpen]: Opening file: app0:game_data/sounds/rabbit_eat_stuff.ogg
[06:10:52.612] |I| [export_sceIoOpen]: Opening file: app0:game_data/sounds/scared_by_dog.ogg
[06:10:52.635] |I| [export_sceIoOpen]: Opening file: app0:game_data/sounds/select_item_to_delete.ogg
[06:10:52.647] |I| [export_sceIoOpen]: Opening file: app0:game_data/sounds/sheep_create_loot.ogg
[06:10:52.723] |I| [export_sceIoOpen]: Opening file: app0:game_data/sounds/start_buying_switch_or_start_delete.ogg
[06:10:52.735] |I| [export_sceIoOpen]: Opening file: app0:game_data/sounds/switch_tab.ogg
[06:10:52.754] |I| [export_sceIoOpen]: Opening file: app0:game_data/sounds/wolf_growl.ogg
[06:10:52.833] |I| [export_sceIoOpen]: Opening file: app0:game_data/sounds/click_on_menu.ogg
[06:10:52.854] |I| [export_sceIoOpen]: Opening file: app0:game_data/sounds/make_fall.ogg
[06:10:52.870] |I| [export_sceIoOpen]: Opening file: app0:game_data/sounds/pickup_object.ogg
[06:10:52.883] |I| [export_sceIoOpen]: Opening file: app0:game_data/atlas/atlas_psvita.json
[06:10:52.884] |I| [export_sceIoOpen]: Opening file: app0:game_data/atlas/atlas_psvita.png
[06:10:54.607] |E| [discordrpc::update_presence::<lambda_50ee3771c9ac2f7a4b17591668a7e6b3>::operator ()]: Error updating discord rich presence, err_code: 43
[06:10:54.608] |E| [discordrpc::update_presence::<lambda_50ee3771c9ac2f7a4b17591668a7e6b3>::operator ()]: Error updating discord rich presence, err_code: 43
