[23:50:24.746] |I| [load_app_impl]: cpu-backend: Dynarmic
[23:50:24.746] |I| [load_app_impl]: CPU Optimisation state: true
[23:50:24.746] |I| [load_app_impl]: at9 audio decoder state: true
[23:50:24.746] |I| [load_app_impl]: ngs experimental state: true
[23:50:24.746] |I| [load_app_impl]: video player state: true
[23:50:24.746] |I| [load_app_impl]: lle-modules: libpgf,libSceXml,libsas,liblocation,libhandwriting,libSceJson
[23:50:24.746] |I| [load_app_impl]: Title: Himno
[23:50:24.746] |I| [load_app_impl]: Serial: PCSB01391
[23:50:24.747] |I| [load_app_impl]: Version: 1.00
[23:50:24.747] |I| [load_app_impl]: Category: gd
[23:50:24.789] |C| [load_self]: Unknown segment type 0x6FFFFF01
[23:50:24.789] |I| [load_self]: Loaded module segment 0 @ [0x00007000 - 0x0005891C / 0x81000000] (size: 0x0005191C) of module ux0:app\PCSB01391\sce_module\libc.suprx
[23:50:24.789] |I| [load_self]: Loaded module segment 1 @ [0x00059000 - 0x0005B8A0 / 0x81052000] (size: 0x000028A0) of module ux0:app\PCSB01391\sce_module\libc.suprx
[23:50:24.789] |I| [load_self]: Loading symbols for SELF: ux0:app\PCSB01391\sce_module\libc.suprx
[23:50:24.790] |D| [load_var_exports]: 	NID 0x936C8A78 (SYSLYB) at 0x4E38C
[23:50:24.790] |D| [load_var_exports]: 	NID 0x6C2224BA (NID_MODULE_INFO) at 0x43550
[23:50:24.790] |W| [load_var_imports]: 	NID NOT FOUND 0x93B8AA67 (UNRECOGNISED) at 0x476B0, setting to stub value 0xDEADBEEF
[23:50:24.792] |W| [load_var_imports]: 	NID NOT FOUND 0xDF084DFA (UNRECOGNISED) at 0x49244, setting to stub value 0xDEADBEEF
[23:50:24.794] |I| [pre_load_module]: Pre-load module SceLibc (at "app\PCSB01391\sce_module\libc.suprx") loaded
[23:50:24.803] |C| [load_self]: Unknown segment type 0x6FFFFF01
[23:50:24.804] |I| [load_self]: Loaded module segment 0 @ [0x0005E000 - 0x00077000 / 0x81000000] (size: 0x00019000) of module ux0:app\PCSB01391\sce_module\libface.suprx
[23:50:24.804] |I| [load_self]: Loaded module segment 1 @ [0x00077000 - 0x000770F8 / 0x81019000] (size: 0x000000F8) of module ux0:app\PCSB01391\sce_module\libface.suprx
[23:50:24.805] |I| [load_self]: Loading symbols for SELF: ux0:app\PCSB01391\sce_module\libface.suprx
[23:50:24.806] |D| [load_var_exports]: 	NID 0x6C2224BA (NID_MODULE_INFO) at 0x73DA4
[23:50:24.807] |D| [load_var_exports]: 	NID 0x936C8A78 (SYSLYB) at 0x76784
[23:50:24.808] |I| [pre_load_module]: Pre-load module SceFace (at "app\PCSB01391\sce_module\libface.suprx") loaded
[23:50:24.817] |C| [load_self]: Unknown segment type 0x6FFFFF01
[23:50:24.817] |I| [load_self]: Loaded module segment 0 @ [0x00078000 - 0x000A4CBF / 0x81000000] (size: 0x0002CCBF) of module ux0:app\PCSB01391\sce_module\libfios2.suprx
[23:50:24.818] |I| [load_self]: Loaded module segment 1 @ [0x000A5000 - 0x000AA255 / 0x8102D000] (size: 0x00005255) of module ux0:app\PCSB01391\sce_module\libfios2.suprx
[23:50:24.819] |I| [load_self]: Loading symbols for SELF: ux0:app\PCSB01391\sce_module\libfios2.suprx
[23:50:24.820] |D| [load_var_exports]: 	NID 0x936C8A78 (SYSLYB) at 0xA4BC8
[23:50:24.820] |D| [load_var_exports]: 	NID 0x6C2224BA (NID_MODULE_INFO) at 0x9BF08
[23:50:24.820] |I| [pre_load_module]: Pre-load module SceLibFios2 (at "app\PCSB01391\sce_module\libfios2.suprx") loaded
[23:50:24.869] |C| [load_self]: Unknown segment type 0x6FFFFF01
[23:50:24.869] |I| [load_self]: Loaded module segment 0 @ [0x000AB000 - 0x002B8AF4 / 0x81000000] (size: 0x0020DAF4) of module ux0:app\PCSB01391\sce_module\libsmart.suprx
[23:50:24.870] |I| [load_self]: Loaded module segment 1 @ [0x002B9000 - 0x002BC444 / 0x8120E000] (size: 0x00003444) of module ux0:app\PCSB01391\sce_module\libsmart.suprx
[23:50:24.871] |I| [load_self]: Loading symbols for SELF: ux0:app\PCSB01391\sce_module\libsmart.suprx
[23:50:24.874] |D| [load_var_exports]: 	NID 0x6C2224BA (NID_MODULE_INFO) at 0x156528
[23:50:24.874] |D| [load_var_exports]: 	NID 0x936C8A78 (SYSLYB) at 0x15D90C
[23:50:24.875] |I| [pre_load_module]: Pre-load module SceSmart (at "app\PCSB01391\sce_module\libsmart.suprx") loaded
[23:50:24.879] |C| [load_self]: Unknown segment type 0x6FFFFF01
[23:50:24.879] |I| [load_self]: Loaded module segment 0 @ [0x002BD000 - 0x002D09BC / 0x81000000] (size: 0x000139BC) of module ux0:app\PCSB01391\sce_module\libult.suprx
[23:50:24.880] |I| [load_self]: Loaded module segment 1 @ [0x002D1000 - 0x002D1814 / 0x81014000] (size: 0x00000814) of module ux0:app\PCSB01391\sce_module\libult.suprx
[23:50:24.881] |I| [load_self]: Loading symbols for SELF: ux0:app\PCSB01391\sce_module\libult.suprx
[23:50:24.881] |D| [load_var_exports]: 	NID 0x936C8A78 (SYSLYB) at 0x2CF2E8
[23:50:24.882] |D| [load_var_exports]: 	NID 0x6C2224BA (NID_MODULE_INFO) at 0x2CC870
[23:50:24.882] |I| [pre_load_module]: Pre-load module SceUlt (at "app\PCSB01391\sce_module\libult.suprx") loaded
[23:50:24.889] |I| [load_self]: Loaded module segment 0 @ [0x002D2000 - 0x00322F04 / 0x81000000] (size: 0x00050F04) of module vs0:sys/external/libSceFt2.suprx
[23:50:24.890] |I| [load_self]: Loaded module segment 1 @ [0x00323000 - 0x003232F4 / 0x81051000] (size: 0x000002F4) of module vs0:sys/external/libSceFt2.suprx
[23:50:24.891] |I| [load_self]: Loading symbols for SELF: vs0:sys/external/libSceFt2.suprx
[23:50:24.891] |D| [load_var_exports]: 	NID 0x936C8A78 (SYSLYB) at 0x30E7DC
[23:50:24.891] |D| [load_var_exports]: 	NID 0x6C2224BA (NID_MODULE_INFO) at 0x30DF10
[23:50:24.892] |I| [pre_load_module]: Pre-load module SceLibft2 (at "sys/external/libSceFt2.suprx") loaded
[23:50:24.895] |I| [load_self]: Loaded module segment 0 @ [0x00324000 - 0x00333F14 / 0x81000000] (size: 0x0000FF14) of module vs0:sys/external/libpvf.suprx
[23:50:24.895] |I| [load_self]: Loaded module segment 1 @ [0x00334000 - 0x00334008 / 0x81010000] (size: 0x00000008) of module vs0:sys/external/libpvf.suprx
[23:50:24.896] |I| [load_self]: Loading symbols for SELF: vs0:sys/external/libpvf.suprx
[23:50:24.896] |D| [load_var_exports]: 	NID 0x936C8A78 (SYSLYB) at 0x332710
[23:50:24.897] |D| [load_var_exports]: 	NID 0x6C2224BA (NID_MODULE_INFO) at 0x332300
[23:50:24.897] |I| [pre_load_module]: Pre-load module SceLibPvf (at "sys/external/libpvf.suprx") loaded
[23:50:25.369] |C| [load_self]: Unknown segment type 0x6FFFFF01
[23:50:25.370] |I| [load_self]: Loaded module segment 0 @ [0x00335000 - 0x0161E9AC / 0x81000000] (size: 0x012E99AC) of module app0:eboot.bin
[23:50:25.370] |I| [load_self]: Loaded module segment 1 @ [0x0161F000 - 0x0172F064 / 0x822EA000] (size: 0x00110064) of module app0:eboot.bin
[23:50:25.371] |I| [load_self]: Loading symbols for SELF: app0:eboot.bin
[23:50:25.371] |D| [load_var_exports]: 	NID 0x6C2224BA (NID_MODULE_INFO) at 0x13DC324
[23:50:25.372] |D| [load_var_exports]: 	NID 0x70FBA1E7 (SCE_PROC_PARAMS) at 0x1635520
[23:50:25.372] |D| [load_var_exports]: 	NID 0x936C8A78 (SYSLYB) at 0x158A8F8
[23:50:25.373] |W| [load_var_imports]: 	NID NOT FOUND 0x338B0BD1 (UNRECOGNISED) at 0x14493CC, setting to stub value 0xDEADBEEF
[23:50:25.374] |W| [load_var_imports]: 	NID NOT FOUND 0x3A451B91 (UNRECOGNISED) at 0x14493B8, setting to stub value 0xDEADBEEF
[23:50:25.375] |W| [load_var_imports]: 	NID NOT FOUND 0x550DFE23 (UNRECOGNISED) at 0x14493E0, setting to stub value 0xDEADBEEF
[23:50:25.376] |W| [load_var_imports]: 	NID NOT FOUND 0x56354517 (UNRECOGNISED) at 0x1449380, setting to stub value 0xDEADBEEF
[23:50:25.377] |W| [load_var_imports]: 	NID NOT FOUND 0x5EF67445 (UNRECOGNISED) at 0x1449444, setting to stub value 0xDEADBEEF
[23:50:25.378] |W| [load_var_imports]: 	NID NOT FOUND 0x6ACA1D57 (UNRECOGNISED) at 0x1449408, setting to stub value 0xDEADBEEF
[23:50:25.379] |W| [load_var_imports]: 	NID NOT FOUND 0x71A78083 (UNRECOGNISED) at 0x14493A4, setting to stub value 0xDEADBEEF
[23:50:25.380] |W| [load_var_imports]: 	NID NOT FOUND 0x79F9DB75 (UNRECOGNISED) at 0x14493F4, setting to stub value 0xDEADBEEF
[23:50:25.381] |W| [load_var_imports]: 	NID NOT FOUND 0xAA0340C3 (UNRECOGNISED) at 0x144941C, setting to stub value 0xDEADBEEF
[23:50:25.382] |W| [load_var_imports]: 	NID NOT FOUND 0xF9A1DE92 (UNRECOGNISED) at 0x1449430, setting to stub value 0xDEADBEEF
[23:50:25.386] |I| [load_app_impl]: Main executable UnityPlayer_2017428_M (eboot.bin) loaded
[23:50:25.396] |D| [run_app]: Running module_start of library: SceLibc at address 0x7871
[23:50:25.415] |I| [run_app]: Module SceLibc (at "ux0:app\PCSB01391\sce_module\libc.suprx") module_start returned 0x0
[23:50:25.419] |D| [run_app]: Running module_start of library: SceFace at address 0x73265
[23:50:25.428] |I| [run_app]: Module SceFace (at "ux0:app\PCSB01391\sce_module\libface.suprx") module_start returned 0x0
[23:50:25.433] |D| [run_app]: Running module_start of library: SceLibFios2 at address 0x78001
[23:50:25.442] |W| [stubbed_impl]: Stubbed sceKernelGetProcessId import called. (pid: 0)
[23:50:25.442] |D| [export_sceFiosOverlayGetList02]: maxIDs: 127
[23:50:25.442] |W| [unimplemented_impl]: Unimplemented sceFiosOverlayGetList02 import called.
[23:50:25.444] |I| [run_app]: Module SceLibFios2 (at "ux0:app\PCSB01391\sce_module\libfios2.suprx") module_start returned 0x0
[23:50:25.448] |D| [run_app]: Running module_start of library: SceSmart at address 0xAB18D
[23:50:25.459] |I| [run_app]: Module SceSmart (at "ux0:app\PCSB01391\sce_module\libsmart.suprx") module_start returned 0x0
[23:50:25.464] |D| [run_app]: Running module_start of library: SceUlt at address 0x2C0771
[23:50:25.472] |W| [unimplemented_impl]: Unimplemented _sceUlobjMgrRegisterLibultProtocolRevision import called.
[23:50:25.473] |I| [run_app]: Module SceUlt (at "ux0:app\PCSB01391\sce_module\libult.suprx") module_start returned 0x0
[23:50:25.483] |W| [unimplemented_impl]: Unimplemented sceKernelRegisterThreadEventHandler import called.
[23:50:25.483] |D| [export_sceSysmoduleLoadModule]: module id: 1
[23:50:25.483] |D| [export_sceSysmoduleLoadModule]: module: libnet
[23:50:25.484] |D| [export_sceSysmoduleLoadModule]: module: libnetctl
[23:50:25.649] |I| [export_sceIoOpen]: Opening file: app0:/Media/boot.config
[23:50:25.702] |E| [call_import]: Import function for NID 0xE340C008 not found (thread name: PCSB01391, thread ID: 10)
[23:50:25.714] |W| [stubbed_impl]: Stubbed sceKernelGetFreeMemorySize import called. (Single pool)
[23:50:25.715] |W| [unimplemented_impl]: Unimplemented sceAppUtilInit import called.
[23:50:25.719] |C| [load_self]: Unknown segment type 0x6FFFFF01
[23:50:25.719] |I| [load_self]: Loaded module segment 0 @ [0x01B7D000 - 0x01B83C9C / 0x81000000] (size: 0x00006C9C) of module app0:/Media/Modules/pthread.suprx
[23:50:25.720] |I| [load_self]: Loaded module segment 1 @ [0x01B84000 - 0x01B86178 / 0x81007000] (size: 0x00002178) of module app0:/Media/Modules/pthread.suprx
[23:50:25.721] |I| [load_self]: Loading symbols for SELF: app0:/Media/Modules/pthread.suprx
[23:50:25.725] |D| [load_var_exports]: 	NID 0x6C2224BA (NID_MODULE_INFO) at 0x1B827E4
[23:50:25.725] |D| [load_var_exports]: 	NID 0x936C8A78 (SYSLYB) at 0x1B83C98
[23:50:25.735] |I| [start_module]: Module PTHREAD_PRX (at "app0:/Media/Modules/pthread.suprx") module_start returned 0x0
[23:50:25.740] |D| [export_sceSysmoduleLoadModule]: module id: 21
[23:50:25.740] |D| [export_sceSysmoduleLoadModule]: module: np_common
[23:50:25.741] |D| [export_sceSysmoduleLoadModule]: module: np_manager
[23:50:25.741] |D| [export_sceSysmoduleLoadModule]: module: np_basic
[23:50:25.742] |D| [export_sceSysmoduleLoadModule]: module id: 18
[23:50:25.742] |D| [export_sceSysmoduleLoadModule]: module: np_basic
[23:50:25.743] |D| [export_sceSysmoduleLoadModule]: module id: 24
[23:50:25.743] |D| [export_sceSysmoduleLoadModule]: module: np_commerce2
[23:50:25.743] |D| [export_sceSysmoduleLoadModule]: module id: 25
[23:50:25.744] |D| [export_sceSysmoduleLoadModule]: module: np_utility
[23:50:25.744] |D| [export_sceSysmoduleLoadModule]: module id: 28
[23:50:25.745] |D| [export_sceSysmoduleLoadModule]: module: np_matching2
[23:50:25.745] |D| [export_sceSysmoduleLoadModule]: module id: 30
[23:50:25.745] |D| [export_sceSysmoduleLoadModule]: module: np_ranking
[23:50:25.746] |D| [export_sceSysmoduleLoadModule]: module id: 36
[23:50:25.746] |D| [export_sceSysmoduleLoadModule]: module: np_activity_sdk
[23:50:25.747] |D| [export_sceSysmoduleLoadModule]: module id: 37
[23:50:25.747] |D| [export_sceSysmoduleLoadModule]: module: np_trophy
[23:50:25.748] |D| [export_sceSysmoduleLoadModule]: module id: 38
[23:50:25.748] |D| [export_sceSysmoduleLoadModule]: module: np_message_padding
[23:50:25.749] |D| [export_sceSysmoduleLoadModule]: module: np_message
[23:50:25.749] |D| [export_sceSysmoduleLoadModule]: module id: 41
[23:50:25.750] |D| [export_sceSysmoduleLoadModule]: module: np_party
[23:50:25.750] |D| [export_sceSysmoduleLoadModule]: module id: 44
[23:50:25.750] |D| [export_sceSysmoduleLoadModule]: module: np_tus
[23:50:25.751] |D| [export_sceSysmoduleLoadModule]: module id: 49
[23:50:25.751] |D| [export_sceSysmoduleLoadModule]: module: np_sns_facebook
[23:50:25.752] |D| [export_sceSysmoduleLoadModule]: module id: 70
[23:50:25.752] |D| [export_sceSysmoduleLoadModule]: module: np_signaling
[23:50:25.753] |D| [export_sceSysmoduleLoadModule]: module id: 83
[23:50:25.753] |D| [export_sceSysmoduleLoadModule]: module: np_webapi
[23:50:25.756] |D| [export_sceSysmoduleLoadModule]: module id: 43
[23:50:25.758] |D| [export_sceSysmoduleLoadModule]: module: libScenNearUtil
[23:50:25.759] |D| [export_sceSysmoduleLoadModule]: module id: 85
[23:50:25.759] |D| [export_sceSysmoduleLoadModule]: module: libSceJson
[23:50:25.760] |I| [load_module]: Loading module ID: 0x55
[23:50:25.762] |C| [load_self]: Unknown segment type 0x6FFFFF01
[23:50:25.762] |I| [load_self]: Loaded module segment 0 @ [0x01B87000 - 0x01B8D230 / 0x81000000] (size: 0x00006230) of module sys/external/libSceJson.suprx
[23:50:25.763] |I| [load_self]: Loaded module segment 1 @ [0x01B8E000 - 0x01B8E049 / 0x81007000] (size: 0x00000049) of module sys/external/libSceJson.suprx
[23:50:25.764] |I| [load_self]: Loading symbols for SELF: sys/external/libSceJson.suprx
[23:50:25.765] |D| [load_var_exports]: 	NID 0x936C8A78 (SYSLYB) at 0x1B8D0A8
[23:50:25.765] |D| [load_var_exports]: 	NID 0x6C2224BA (NID_MODULE_INFO) at 0x1B8C020
[23:50:25.765] |I| [load_module]: Module SceLibJson (at "sys/external/libSceJson.suprx") loaded
[23:50:25.768] |W| [stubbed_impl]: Stubbed _sceKernelGetThreadInfo import called. (STUB)
[23:50:25.780] |W| [stubbed_impl]: Stubbed sceKernelChangeThreadPriority import called. (STUB)
[23:50:25.780] |D| [export_sceKernelCreateCallback]: Create callbcack: thread id: 10, cb id: 78, name: Wait Thread End
[23:50:25.982] |C| [load_self]: Unknown segment type 0x6FFFFF01
[23:50:25.982] |I| [load_self]: Loaded module segment 0 @ [0x02094000 - 0x0275D060 / 0x81000000] (size: 0x006C9060) of module app0:/Media/Modules/Il2CppAssemblies.suprx
[23:50:25.983] |I| [load_self]: Loaded module segment 1 @ [0x0275E000 - 0x027F69E8 / 0x816CA000] (size: 0x000989E8) of module app0:/Media/Modules/Il2CppAssemblies.suprx
[23:50:25.984] |I| [load_self]: Loading symbols for SELF: app0:/Media/Modules/Il2CppAssemblies.suprx
[23:50:25.984] |D| [load_var_exports]: 	NID 0x6C2224BA (NID_MODULE_INFO) at 0x25EFAB8
[23:50:25.985] |D| [load_var_exports]: 	NID 0x936C8A78 (SYSLYB) at 0x275AC84
[23:50:26.131] |I| [start_module]: Module LIBIL2CPP_PRX (at "app0:/Media/Modules/Il2CppAssemblies.suprx") module_start returned 0x0
[23:50:26.146] |E| [call_import]: Import function for NID 0xE340C256 not found (thread name: 01789A10 Unity_main_thread, thread ID: 77)
[23:50:26.154] |E| [call_import]: Import function for NID 0xE340C1B7 not found (thread name: 01789A10 Unity_main_thread, thread ID: 77)
[23:50:26.180] |W| [unimplemented_impl]: Unimplemented sceKernelChangeThreadVfpException import called.
[23:50:26.181] |W| [unimplemented_impl]: Unimplemented sceFiosOverlayThreadSetDisabled02 import called.
[23:50:26.257] |W| [unimplemented_impl]: Unimplemented sceFiosOverlayGetRecommendedScheduler02 import called.
[23:50:26.264] |I| [export_sceIoOpen]: Opening file: app0:/archive.psarc
[23:50:26.305] |I| [export_sceIoOpen]: Opening file: app0:/archive.psarc
[23:50:26.335] |I| [export_sceIoOpen]: Opening file: app0:/archive_patch.psarc
[23:50:26.336] |E| [open_file]: Missing file at D:/Emulateurs/Vita3K/mc/ux0/app/PCSB01391/archive_patch.psarc (target path: app0:/archive_patch.psarc)
[23:50:26.337] |W| [io_error_impl]: open_file (sceIoOpen) returned 0x80010002
[23:50:26.378] |E| [open_dir]: Directory does not exist at: D:/Emulateurs/Vita3K/mc/ux0/user/00/savedata/PCSB01391/persistentdata/ (target path: savedata0:/persistentdata)
[23:50:26.379] |W| [io_error_impl]: open_dir (_sceIoDopen) returned 0x80010002
[23:50:26.391] |W| [unimplemented_impl]: Unimplemented sceAppUtilLoadSafeMemory import called.
[23:50:26.394] |E| [call_import]: Import function for NID 0xE340C25C not found (thread name: 01789A10 Unity_main_thread, thread ID: 77)
[23:50:26.544] |I| [export_sceIoOpen]: Opening file: app0:/Media/Metadata/global-metadata.dat
[23:50:26.729] |D| [export_sceKernelCreateCallback]: Create callbcack: thread id: 77, cb id: 212, name: cond callback
[23:50:26.748] |D| [export_sceKernelCreateCallback]: Create callbcack: thread id: 211, cb id: 214, name: cond callback
