[01:04:07.319] |I| [load_app_impl]: cpu-backend: Dynarmic
[01:04:07.319] |I| [load_app_impl]: CPU Optimisation state: true
[01:04:07.319] |I| [load_app_impl]: at9 audio decoder state: true
[01:04:07.319] |I| [load_app_impl]: ngs experimental state: true
[01:04:07.319] |I| [load_app_impl]: video player state: true
[01:04:07.320] |I| [load_app_impl]: lle-modules: libpgf,libSceXml,libsas,liblocation,libhandwriting,libSceJson,librudp
[01:04:07.320] |I| [load_app_impl]: Title: KickBeat
[01:04:07.320] |I| [load_app_impl]: Serial: PCSB00126
[01:04:07.320] |I| [load_app_impl]: Version: 1.00
[01:04:07.320] |I| [load_app_impl]: Category: gd
[01:04:07.347] |C| [load_self]: Unknown segment type 0x6FFFFF01
[01:04:07.347] |I| [load_self]: Loaded module segment 0 @ [0x00007000 - 0x000514B0 / 0x81000000] (size: 0x0004A4B0) of module ux0:app\PCSB00126\sce_module\libc.suprx
[01:04:07.347] |I| [load_self]: Loaded module segment 1 @ [0x00052000 - 0x000546F4 / 0x8104B000] (size: 0x000026F4) of module ux0:app\PCSB00126\sce_module\libc.suprx
[01:04:07.347] |I| [load_self]: Loading symbols for SELF: ux0:app\PCSB00126\sce_module\libc.suprx
[01:04:07.348] |D| [load_var_exports]: 	NID 0x6C2224BA (NID_MODULE_INFO) at 0x3DF30
[01:04:07.348] |W| [load_var_imports]: 	NID NOT FOUND 0x93B8AA67 (UNRECOGNISED) at 0x41DF0, setting to stub value 0xDEADBEEF
[01:04:07.349] |W| [load_var_imports]: 	NID NOT FOUND 0xDF084DFA (UNRECOGNISED) at 0x434A4, setting to stub value 0xDEADBEEF
[01:04:07.349] |I| [pre_load_module]: Pre-load module SceLibc (at "app\PCSB00126\sce_module\libc.suprx") loaded
[01:04:07.356] |C| [load_self]: Unknown segment type 0x6FFFFF01
[01:04:07.356] |I| [load_self]: Loaded module segment 0 @ [0x00057000 - 0x0007B22C / 0x81000000] (size: 0x0002422C) of module ux0:app\PCSB00126\sce_module\libfios2.suprx
[01:04:07.356] |I| [load_self]: Loaded module segment 1 @ [0x0007C000 - 0x000811A4 / 0x81025000] (size: 0x000051A4) of module ux0:app\PCSB00126\sce_module\libfios2.suprx
[01:04:07.356] |I| [load_self]: Loading symbols for SELF: ux0:app\PCSB00126\sce_module\libfios2.suprx
[01:04:07.356] |D| [load_var_exports]: 	NID 0x6C2224BA (NID_MODULE_INFO) at 0x73B70
[01:04:07.357] |I| [pre_load_module]: Pre-load module SceLibFios2 (at "app\PCSB00126\sce_module\libfios2.suprx") loaded
[01:04:07.361] |C| [load_self]: Unknown segment type 0x6FFFFF01
[01:04:07.361] |I| [load_self]: Loaded module segment 0 @ [0x00082000 - 0x00096144 / 0x81000000] (size: 0x00014144) of module ux0:app\PCSB00126\sce_module\libult.suprx
[01:04:07.361] |I| [load_self]: Loaded module segment 1 @ [0x00097000 - 0x00097814 / 0x81015000] (size: 0x00000814) of module ux0:app\PCSB00126\sce_module\libult.suprx
[01:04:07.362] |I| [load_self]: Loading symbols for SELF: ux0:app\PCSB00126\sce_module\libult.suprx
[01:04:07.362] |D| [load_var_exports]: 	NID 0x6C2224BA (NID_MODULE_INFO) at 0x921CC
[01:04:07.362] |I| [pre_load_module]: Pre-load module SceUlt (at "app\PCSB00126\sce_module\libult.suprx") loaded
[01:04:07.370] |I| [load_self]: Loaded module segment 0 @ [0x00098000 - 0x000E8F04 / 0x81000000] (size: 0x00050F04) of module vs0:sys/external/libSceFt2.suprx
[01:04:07.370] |I| [load_self]: Loaded module segment 1 @ [0x000E9000 - 0x000E92F4 / 0x81051000] (size: 0x000002F4) of module vs0:sys/external/libSceFt2.suprx
[01:04:07.370] |I| [load_self]: Loading symbols for SELF: vs0:sys/external/libSceFt2.suprx
[01:04:07.371] |D| [load_var_exports]: 	NID 0x936C8A78 (SYSLYB) at 0xD47DC
[01:04:07.371] |D| [load_var_exports]: 	NID 0x6C2224BA (NID_MODULE_INFO) at 0xD3F10
[01:04:07.371] |I| [pre_load_module]: Pre-load module SceLibft2 (at "sys/external/libSceFt2.suprx") loaded
[01:04:07.373] |I| [load_self]: Loaded module segment 0 @ [0x000EA000 - 0x000F9F14 / 0x81000000] (size: 0x0000FF14) of module vs0:sys/external/libpvf.suprx
[01:04:07.374] |I| [load_self]: Loaded module segment 1 @ [0x000FA000 - 0x000FA008 / 0x81010000] (size: 0x00000008) of module vs0:sys/external/libpvf.suprx
[01:04:07.374] |I| [load_self]: Loading symbols for SELF: vs0:sys/external/libpvf.suprx
[01:04:07.374] |D| [load_var_exports]: 	NID 0x936C8A78 (SYSLYB) at 0xF8710
[01:04:07.374] |D| [load_var_exports]: 	NID 0x6C2224BA (NID_MODULE_INFO) at 0xF8300
[01:04:07.374] |I| [pre_load_module]: Pre-load module SceLibPvf (at "sys/external/libpvf.suprx") loaded
[01:04:07.529] |C| [load_self]: Unknown segment type 0x6FFFFF01
[01:04:07.530] |I| [load_self]: Loaded module segment 0 @ [0x81000000 - 0x815F0554 / 0x81000000] (size: 0x005F0554) of module app0:eboot.bin
[01:04:07.530] |I| [load_self]: Loaded module segment 1 @ [0x815F1000 - 0x81BC03C0 / 0x815F1000] (size: 0x005CF3C0) of module app0:eboot.bin
[01:04:07.530] |I| [load_self]: Loading symbols for SELF: app0:eboot.bin
[01:04:07.530] |D| [load_var_exports]: 	NID 0x6C2224BA (NID_MODULE_INFO) at 0x815647AC
[01:04:07.530] |D| [load_var_exports]: 	NID 0x70FBA1E7 (SCE_PROC_PARAMS) at 0x815F108C
[01:04:07.531] |I| [load_app_impl]: Main executable KungFuPSP2_console (eboot.bin) loaded
[01:04:07.539] |D| [run_app]: Running module_start of library: SceLibc at address 0x77F1
[01:04:07.598] |I| [run_app]: Module SceLibc (at "ux0:app\PCSB00126\sce_module\libc.suprx") module_start returned 0x0
[01:04:07.602] |D| [run_app]: Running module_start of library: SceLibFios2 at address 0x57001
[01:04:07.611] |W| [stubbed_impl]: Stubbed sceKernelGetProcessId import called. (pid: 0)
[01:04:07.611] |D| [export_sceFiosOverlayGetList02]: maxIDs: 255
[01:04:07.611] |W| [unimplemented_impl]: Unimplemented sceFiosOverlayGetList02 import called.
[01:04:07.611] |I| [run_app]: Module SceLibFios2 (at "ux0:app\PCSB00126\sce_module\libfios2.suprx") module_start returned 0x0
[01:04:07.615] |D| [run_app]: Running module_start of library: SceUlt at address 0x8584D
[01:04:07.623] |W| [unimplemented_impl]: Unimplemented _sceUlobjMgrRegisterLibultProtocolRevision import called.
[01:04:07.623] |I| [run_app]: Module SceUlt (at "ux0:app\PCSB00126\sce_module\libult.suprx") module_start returned 0x0
[01:04:07.682] |W| [unimplemented_impl]: Unimplemented sceAppUtilInit import called.
[01:04:07.683] |W| [stubbed_impl]: Stubbed __sceAppMgrGetAppState import called. (Set to 0.)
[01:04:07.684] |W| [unimplemented_impl]: Unimplemented sceCommonDialogSetConfigParam import called.
[01:04:07.702] |I| [export_sceIoOpen]: Opening file: app0:data/configs/startup.cfg
[01:04:07.763] |W| [unimplemented_impl]: Unimplemented sceKernelChangeThreadCpuAffinityMask import called.
[01:04:07.803] |W| [stubbed_impl]: Stubbed sceGxmMapMemory import called. (always return success)
[01:04:07.818] |W| [stubbed_impl]: Stubbed sceGxmMapFragmentUsseMemory import called. (always return success)
[01:04:07.848] |W| [stubbed_impl]: Stubbed sceGxmGetRenderTargetMemSize import called. (2MB host mem)
[01:04:07.934] |W| [stubbed_impl]: Stubbed sceGxmMapVertexUsseMemory import called. (always return success)
[01:04:07.941] |D| [export_sceTouchEnableTouchForce]: port: 0, state: 1
[01:04:07.972] |D| [export_sceNgsVoicePlay]: sceNgsVoicePlay: 1
[01:04:08.170] |W| [unimplemented_impl]: Unimplemented sceAppMgrAcquireBgmPort import called.
[01:04:08.180] |W| [stubbed_impl]: Stubbed sceNetCtlInit import called. (Stub)
[01:04:08.181] |W| [unimplemented_impl]: Unimplemented sceSslInit import called.
[01:04:08.181] |W| [unimplemented_impl]: Unimplemented sceHttpInit import called.
[01:04:08.181] |W| [stubbed_impl]: Stubbed sceNpCheckCallback import called. (Stub)
[01:04:08.183] |W| [unimplemented_impl]: Unimplemented sceAudioOutGetAdopt import called.
[01:04:08.191] |W| [unimplemented_impl]: Unimplemented sceCommonDialogUpdate import called.
[01:04:08.192] |I| [export_sceIoOpen]: Opening file: app0:data/configs/globals.cfg
[01:04:08.216] |W| [stubbed_impl]: Stubbed sceDisplayWaitVblankStartMulti import called. (wait for vblank)
[01:04:08.239] |I| [export_sceIoOpen]: Opening file: app0:data/configs/pxmodelviewer.cfg
[01:04:08.241] |I| [export_sceIoOpen]: Opening file: app0:data/configs/Analyzer.cfg
[01:04:08.242] |I| [export_sceIoOpen]: Opening file: app0:data/configs/playerattacks.cfg
[01:04:08.301] |I| [export_sceIoOpen]: Opening file: app0:data/configs/enemyattacks.cfg
[01:04:08.307] |I| [export_sceIoOpen]: Opening file: app0:data/configs/slowmos.cfg
[01:04:08.317] |I| [export_sceIoOpen]: Opening file: app0:data/configs/cameras.cfg
[01:04:08.331] |I| [export_sceIoOpen]: Opening file: app0:data_psp2/configs/messages_fra.cfg
[01:04:08.349] |I| [export_sceIoOpen]: Opening file: app0:data/configs/sounds.cfg
[01:04:08.352] |I| [export_sceIoOpen]: Opening file: app0:data/configs/characters.cfg
[01:04:08.519] |I| [export_sceIoOpen]: Opening file: app0:data_psp2/music/Blue Stahli - Takedown.pxp
[01:04:08.535] |I| [export_sceIoOpen]: Opening file: app0:data_psp2/music/Blue Stahli - Takedown.pxp
[01:04:08.555] |I| [export_sceIoOpen]: Opening file: app0:data_psp2/music/Blue_Stahli-Scrape.pxp
[01:04:08.561] |I| [export_sceIoOpen]: Opening file: app0:data_psp2/music/Blue_Stahli-Scrape.pxp
[01:04:08.574] |I| [export_sceIoOpen]: Opening file: app0:data_psp2/music/Blue_Stahli-Ultranumb.pxp
[01:04:08.582] |I| [export_sceIoOpen]: Opening file: app0:data_psp2/music/Blue_Stahli-Ultranumb.pxp
[01:04:08.592] |I| [export_sceIoOpen]: Opening file: app0:data_psp2/music/Celldweller - I Cant Wait.pxp
[01:04:08.604] |I| [export_sceIoOpen]: Opening file: app0:data_psp2/music/Celldweller - I Cant Wait.pxp
[01:04:08.608] |I| [export_sceIoOpen]: Opening file: app0:data_psp2/music/Celldweller - Switchback.pxp
[01:04:08.620] |I| [export_sceIoOpen]: Opening file: app0:data_psp2/music/Celldweller - Switchback.pxp
[01:04:08.624] |I| [export_sceIoOpen]: Opening file: app0:data_psp2/music/Marilyn Manson - The Beautiful People.pxp
[01:04:08.626] |I| [export_sceIoOpen]: Opening file: app0:data_psp2/music/Marilyn Manson - The Beautiful People.pxp
[01:04:08.649] |I| [export_sceIoOpen]: Opening file: app0:data_psp2/music/Papa Roach - Last Resort.pxp
[01:04:08.651] |I| [export_sceIoOpen]: Opening file: app0:data_psp2/music/Papa Roach - Last Resort.pxp
[01:04:08.663] |I| [export_sceIoOpen]: Opening file: app0:data_psp2/music/Pendulum - Propane Nightmare.pxp
[01:04:08.677] |I| [export_sceIoOpen]: Opening file: app0:data_psp2/music/Pendulum - Propane Nightmare.pxp
[01:04:08.683] |I| [export_sceIoOpen]: Opening file: app0:data_psp2/music/Pendulum ft In Flames - Self Vs Self.pxp
[01:04:08.685] |I| [export_sceIoOpen]: Opening file: app0:data_psp2/music/Pendulum ft In Flames - Self Vs Self.pxp
[01:04:08.694] |I| [export_sceIoOpen]: Opening file: app0:data_psp2/music/POD - Boom.pxp
[01:04:08.707] |I| [export_sceIoOpen]: Opening file: app0:data_psp2/music/POD - Boom.pxp
[01:04:08.717] |I| [export_sceIoOpen]: Opening file: app0:data_psp2/music/Pre-FightHypeSouthpawSwagger-Tug-O-War.pxp
[01:04:08.730] |I| [export_sceIoOpen]: Opening file: app0:data_psp2/music/Pre-FightHypeSouthpawSwagger-Tug-O-War.pxp
[01:04:08.741] |I| [export_sceIoOpen]: Opening file: app0:data_psp2/music/Pre_fight-Its_Goin_Down.pxp
[01:04:08.743] |I| [export_sceIoOpen]: Opening file: app0:data_psp2/music/Pre_fight-Its_Goin_Down.pxp
[01:04:08.754] |I| [export_sceIoOpen]: Opening file: app0:data_psp2/music/Rob Zombie - Scum of the Earth.pxp
[01:04:08.764] |I| [export_sceIoOpen]: Opening file: app0:data_psp2/music/Rob Zombie - Scum of the Earth.pxp
[01:04:08.771] |I| [export_sceIoOpen]: Opening file: app0:data_psp2/music/Shen Yi - War Dance.pxp
[01:04:08.773] |I| [export_sceIoOpen]: Opening file: app0:data_psp2/music/Shen Yi - War Dance.pxp
[01:04:08.786] |I| [export_sceIoOpen]: Opening file: app0:data_psp2/music/SP - Its Showtime.pxp
[01:04:08.788] |I| [export_sceIoOpen]: Opening file: app0:data_psp2/music/SP - Its Showtime.pxp
[01:04:08.798] |I| [export_sceIoOpen]: Opening file: app0:data_psp2/music/Styles_Beyond-Nine_Thou.pxp
[01:04:08.809] |I| [export_sceIoOpen]: Opening file: app0:data_psp2/music/Styles_Beyond-Nine_Thou.pxp
[01:04:08.822] |I| [export_sceIoOpen]: Opening file: app0:data_psp2/music/Tutorial1.pxp
[01:04:08.824] |I| [export_sceIoOpen]: Opening file: app0:data_psp2/music/Tutorial1.pxp
[01:04:08.831] |I| [export_sceIoOpen]: Opening file: app0:data_psp2/music/Tutorial2.pxp
[01:04:08.833] |I| [export_sceIoOpen]: Opening file: app0:data_psp2/music/Tutorial2.pxp
[01:04:08.841] |I| [export_sceIoOpen]: Opening file: app0:data_psp2/music/Tutorial3.pxp
[01:04:08.843] |I| [export_sceIoOpen]: Opening file: app0:data_psp2/music/Tutorial3.pxp
[01:04:08.848] |I| [export_sceIoOpen]: Opening file: app0:data_psp2/music/Voicians-Fighters.pxp
[01:04:08.851] |I| [export_sceIoOpen]: Opening file: app0:data_psp2/music/Voicians-Fighters.pxp
[01:04:08.859] |I| [export_sceIoOpen]: Opening file: app0:data_psp2/music/Voicians-The_Construct.pxp
[01:04:08.869] |I| [export_sceIoOpen]: Opening file: app0:data_psp2/music/Voicians-The_Construct.pxp
[01:04:08.879] |E| [open_dir]: Directory does not exist at: D:/Emulateurs/Vita3K/mc/ux0/app/PCSB00126/dlc_psp2/music/ (target path: app0:dlc_psp2/music)
[01:04:08.879] |W| [io_error_impl]: open_dir (_sceIoDopen) returned 0x80010002
[01:04:08.881] |I| [export_sceIoOpen]: Opening file: app0:data/levels/TU_01_Monastery/level.cfg
[01:04:08.889] |I| [export_sceIoOpen]: Opening file: app0:data/levels/TU_02_Monastery/level.cfg
[01:04:08.893] |I| [export_sceIoOpen]: Opening file: app0:data/levels/TU_03_Monastery/level.cfg
[01:04:08.898] |I| [export_sceIoOpen]: Opening file: app0:data/levels/SP_M_01_Monastery/level.cfg
[01:04:08.899] |I| [export_sceIoOpen]: Opening file: app0:data/levels/SP_M_02_Monastery/level.cfg
[01:04:08.900] |I| [export_sceIoOpen]: Opening file: app0:data/levels/SP_M_03_Monastery_laser/level.cfg
[01:04:08.901] |I| [export_sceIoOpen]: Opening file: app0:data/levels/SP_M_04_Wrestling/level.cfg
[01:04:08.902] |I| [export_sceIoOpen]: Opening file: app0:data/levels/SP_M_05_Wrestling/level.cfg
[01:04:08.903] |I| [export_sceIoOpen]: Opening file: app0:data/levels/SP_M_06_Wrestling/level.cfg
[01:04:08.904] |I| [export_sceIoOpen]: Opening file: app0:data/levels/SP_M_07_Disco/level.cfg
[01:04:08.905] |I| [export_sceIoOpen]: Opening file: app0:data/levels/SP_M_08_Disco/level.cfg
[01:04:08.906] |I| [export_sceIoOpen]: Opening file: app0:data/levels/SP_M_09_Disco/level.cfg
[01:04:08.907] |I| [export_sceIoOpen]: Opening file: app0:data/levels/SP_M_10_Tokyo/level.cfg
[01:04:08.908] |I| [export_sceIoOpen]: Opening file: app0:data/levels/SP_M_11_Tokyo/level.cfg
[01:04:08.909] |I| [export_sceIoOpen]: Opening file: app0:data/levels/SP_M_12_Tokyo_heli/level.cfg
[01:04:08.910] |I| [export_sceIoOpen]: Opening file: app0:data/levels/SP_M_13_Hammam/level.cfg
[01:04:08.911] |I| [export_sceIoOpen]: Opening file: app0:data/levels/SP_M_14_Hammam/level.cfg
[01:04:08.912] |I| [export_sceIoOpen]: Opening file: app0:data/levels/SP_M_15_Hammam/level.cfg
[01:04:08.913] |I| [export_sceIoOpen]: Opening file: app0:data/levels/SP_M_16_Sound/level.cfg
[01:04:08.914] |I| [export_sceIoOpen]: Opening file: app0:data/levels/SP_M_17_Sound/level.cfg
[01:04:08.915] |I| [export_sceIoOpen]: Opening file: app0:data/levels/SP_M_18_Sound_blob/level.cfg
[01:04:08.916] |I| [export_sceIoOpen]: Opening file: app0:data/levels/SP_M_19_outro/level.cfg
[01:04:08.917] |I| [export_sceIoOpen]: Opening file: app0:data/levels/SP_F_01_Monastery/level.cfg
[01:04:08.918] |I| [export_sceIoOpen]: Opening file: app0:data/levels/SP_F_02_Monastery/level.cfg
[01:04:08.919] |I| [export_sceIoOpen]: Opening file: app0:data/levels/SP_F_03_Monastery_laser/level.cfg
[01:04:08.920] |I| [export_sceIoOpen]: Opening file: app0:data/levels/SP_F_04_Wrestling/level.cfg
[01:04:08.921] |I| [export_sceIoOpen]: Opening file: app0:data/levels/SP_F_05_Wrestling/level.cfg
[01:04:08.922] |I| [export_sceIoOpen]: Opening file: app0:data/levels/SP_F_06_Wrestling/level.cfg
[01:04:08.923] |I| [export_sceIoOpen]: Opening file: app0:data/levels/SP_F_07_Disco/level.cfg
[01:04:08.925] |I| [export_sceIoOpen]: Opening file: app0:data/levels/SP_F_08_Disco/level.cfg
[01:04:08.926] |I| [export_sceIoOpen]: Opening file: app0:data/levels/SP_F_09_Disco/level.cfg
[01:04:08.926] |I| [export_sceIoOpen]: Opening file: app0:data/levels/SP_F_10_Tokyo/level.cfg
[01:04:08.928] |I| [export_sceIoOpen]: Opening file: app0:data/levels/SP_F_11_Tokyo/level.cfg
[01:04:08.928] |I| [export_sceIoOpen]: Opening file: app0:data/levels/SP_F_12_Tokyo_heli/level.cfg
[01:04:08.929] |I| [export_sceIoOpen]: Opening file: app0:data/levels/SP_F_13_Hammam/level.cfg
[01:04:08.930] |I| [export_sceIoOpen]: Opening file: app0:data/levels/SP_F_14_Hammam/level.cfg
[01:04:08.931] |I| [export_sceIoOpen]: Opening file: app0:data/levels/SP_F_15_Hammam/level.cfg
[01:04:08.932] |I| [export_sceIoOpen]: Opening file: app0:data/levels/SP_F_16_Sound/level.cfg
[01:04:08.933] |I| [export_sceIoOpen]: Opening file: app0:data/levels/SP_F_17_Sound/level.cfg
[01:04:08.934] |I| [export_sceIoOpen]: Opening file: app0:data/levels/SP_F_18_Sound_blob/level.cfg
[01:04:08.935] |I| [export_sceIoOpen]: Opening file: app0:data/levels/SP_F_19_outro/level.cfg
[01:04:08.936] |I| [export_sceIoOpen]: Opening file: app0:data/levels/FP_Monastery/level.cfg
[01:04:08.937] |I| [export_sceIoOpen]: Opening file: app0:data/levels/FP_Wrestling/level.cfg
[01:04:08.939] |I| [export_sceIoOpen]: Opening file: app0:data/levels/FP_Disco/level.cfg
[01:04:08.941] |I| [export_sceIoOpen]: Opening file: app0:data/levels/FP_Tokyo/level.cfg
[01:04:08.942] |I| [export_sceIoOpen]: Opening file: app0:data/levels/FP_Hammam/level.cfg
[01:04:08.943] |I| [export_sceIoOpen]: Opening file: app0:data/levels/FP_Sound/level.cfg
[01:04:08.944] |I| [export_sceIoOpen]: Opening file: app0:data/levels/Multi_monastery/level.cfg
[01:04:08.945] |I| [export_sceIoOpen]: Opening file: app0:data/levels/Multi_wrestling/level.cfg
[01:04:08.946] |I| [export_sceIoOpen]: Opening file: app0:data/levels/Multi_disco/level.cfg
[01:04:08.947] |I| [export_sceIoOpen]: Opening file: app0:data/levels/Multi_tokyo/level.cfg
[01:04:08.948] |I| [export_sceIoOpen]: Opening file: app0:data/levels/Multi_hammam/level.cfg
[01:04:08.949] |I| [export_sceIoOpen]: Opening file: app0:data/levels/Multi_sound/level.cfg
[01:04:08.965] |I| [export_sceIoOpen]: Opening file: app0:data_psp2/gui/main/loading_icon.gfx
[01:04:09.210] |I| [export_sceIoOpen]: Opening file: app0:data_psp2/gui/ingame/loading_icon.pxm
[01:04:09.291] |I| [export_sceIoOpen]: Opening file: app0:data_psp2/gui/ingame/loading_icon_fake.pxt
[01:04:09.373] |I| [export_sceIoOpen]: Opening file: app0:data_psp2/gui/main/defaultcoverart.pxt
[01:04:09.381] |W| [stubbed_impl]: Stubbed sceNetCtlInetGetState import called. (state = SCE_NETCTL_STATE_DISCONNECTED)
[01:04:09.383] |I| [export_sceIoOpen]: Opening file: app0:data_psp2/text/text_fra.lst
[01:04:09.451] |I| [export_sceIoOpen]: Opening file: app0:data_psp2/movies/splash/splash_screen.gfx
[01:04:09.558] |I| [export_sceIoOpen]: Opening file: app0:data_psp2/movies/splash/splash_screen_eu_I9.dds
[01:04:09.579] |I| [export_sceIoOpen]: Opening file: app0:data_psp2/gui_sfx/failed.at9
[01:04:09.646] |I| [export_sceIoOpen]: Opening file: app0:data_psp2/gui_sfx/gomb_navigalas.at9
[01:04:09.648] |I| [export_sceIoOpen]: Opening file: app0:data_psp2/gui_sfx/gui_select.at9
[01:04:09.649] |I| [export_sceIoOpen]: Opening file: app0:data_psp2/gui_sfx/failed02.at9
[01:04:09.650] |I| [export_sceIoOpen]: Opening file: app0:data_psp2/gui_sfx/slide_left.at9
[01:04:09.650] |I| [export_sceIoOpen]: Opening file: app0:data_psp2/gui_sfx/slide_right.at9
[01:04:09.651] |I| [export_sceIoOpen]: Opening file: app0:data_psp2/gui_sfx/musiclag.at9
[01:04:09.652] |I| [export_sceIoOpen]: Opening file: app0:data_psp2/gui_sfx/gui_select_short.at9
[01:04:09.653] |I| [export_sceIoOpen]: Opening file: app0:data_psp2/movies/splash/splash.at9
[01:04:09.679] |D| [export_sceNgsVoiceResume]: Resume: 1
[01:04:09.679] |D| [export_sceNgsVoiceResume]: Resume: 1
[01:04:09.679] |D| [export_sceNgsVoiceResume]: Resume: 1
[01:04:09.680] |D| [export_sceNgsVoicePlay]: sceNgsVoicePlay: 1
[01:04:09.698] |E| [open_file]: Missing file at D:/Emulateurs/Vita3K/mc/ux0/user/00/savedata/PCSB00126/SlotParam_0.bin (target path: savedata0:/SlotParam_0.bin)
[01:04:09.699] |W| [io_error_impl]: open_file (sceAppUtilSaveDataSlotGetParam) returned 0x80010002
[01:04:09.699] |E| [logging::ret_error_impl]: sceAppUtilSaveDataSlotGetParam returned SCE_APPUTIL_ERROR_SAVEDATA_SLOT_NOT_FOUND (0x80100641)
[01:04:09.702] |W| [unimplemented_impl]: Unimplemented sceGxmSetFrontVisibilityTestEnable import called.
[01:04:09.855] |I| [renderer::gl::load_shader_generic]: Generating frag shader 959e2ee16bc7259db4820bfdfde0fd29a0165eba7073c92e2f90151c28f3ec5f
[01:04:09.858] |D| [shader::create_fragment_inputs]: Iterator: pa0 = (half4) v_Color0
[01:04:09.858] |D| [shader::create_fragment_inputs]: Iterator: pa2 = (half4) v_Color1
[01:04:09.861] |I| [renderer::gl::load_shader_generic]: Generating vert shader 47bd8f869fa55470f96aa4138e862fc421a87395df4babc1832f9b9874e2e5a3
[01:04:09.862] |D| [shader::create_parameters]: [BUFFER0  + 0] pa0 = (float4) acolor
[01:04:09.862] |D| [shader::create_parameters]: [BUFFER0  + 4] pa4 = (float4) afactor
[01:04:09.862] |D| [shader::create_parameters]: [BUFFER0  + 8] pa8 = (float4) pos
[01:04:09.863] |D| [shader::create_parameters]: [DEFAULT  + 0] sa0 = (float4) mvp[2]
[01:04:09.867] |E| [renderer::gl::compile_program]: Fragment info
-------------
0(17) : warning C7050: "pa[0].zw" might be used before being initialized


[01:04:09.932] |D| [renderer::gl::texture::translate_swizzle]: base format: -2030043136, swizzle: 0
[01:04:09.944] |I| [renderer::gl::load_shader_generic]: Generating frag shader 3b8eec10c87077002cd066317e4417a929afac11c32471fe5df6f6932fba879d
[01:04:09.946] |D| [shader::create_fragment_inputs]: Iterator: pa0 = (half4) v_Color0
[01:04:09.946] |D| [shader::create_fragment_inputs]: Iterator: pa4 = (half4) v_TexCoord0
[01:04:09.946] |D| [shader::create_fragment_inputs]: Iterator: pa6 = (half4) v_TexCoord1
[01:04:09.946] |I| [shader::make_frag_finalize_function]: Non zero pa offset: 2 at 3b8eec10c87077002cd066317e4417a929afac11c32471fe5df6f6932fba879d
[01:04:09.949] |I| [renderer::gl::load_shader_generic]: Generating vert shader cc70d06bb7818a0214a26d08369022fc7bf4cd7ffad866e3c25f263099d6e829
[01:04:09.950] |D| [shader::create_parameters]: [BUFFER0  + 0] pa0 = (float4) afactor
[01:04:09.951] |D| [shader::create_parameters]: [BUFFER0  + 4] pa4 = (float4) pos
[01:04:09.951] |D| [shader::create_parameters]: [DEFAULT  + 16] sa16 = (float4) cxadd
[01:04:09.951] |D| [shader::create_parameters]: [DEFAULT  + 20] sa20 = (float4) cxmul
[01:04:09.951] |D| [shader::create_parameters]: [DEFAULT  + 0] sa0 = (float4) mvp[2]
[01:04:09.951] |D| [shader::create_parameters]: [DEFAULT  + 8] sa8 = (float4) texgen[2]
[01:04:09.956] |E| [renderer::gl::compile_program]: Fragment info
-------------
0(20) : warning C7050: "pa[0].zw" might be used before being initialized
0(20) : warning C7050: "pa[1].zw" might be used before being initialized


[01:04:09.958] |D| [renderer::gl::texture::translate_swizzle]: base format: 0, swizzle: 28672
[01:04:09.959] |I| [renderer::gl::load_shader_generic]: Generating frag shader f71c7db7cca01cb7fd35cf18284888eec16084b7a03d739a6e705aaf0ad90643
[01:04:09.960] |D| [shader::create_fragment_inputs]: Iterator: pa0 = (half4) v_Color0
[01:04:09.962] |I| [renderer::gl::load_shader_generic]: Generating vert shader bae4d39d643d97a68e8d87612531b25729fda98ed9509d133010dbeca2c950cc
[01:04:09.962] |D| [shader::create_parameters]: [BUFFER0  + 0] pa0 = (float4) acolor
[01:04:09.962] |D| [shader::create_parameters]: [BUFFER0  + 4] pa4 = (float4) atc
[01:04:09.963] |D| [shader::create_parameters]: [BUFFER0  + 8] pa8 = (float4) pos
[01:04:09.963] |D| [shader::create_parameters]: [BUFFER0  + 12] pa12 = (float4) vbatch
[01:04:09.963] |D| [shader::create_parameters]: [DEFAULT  + 0] sa0 = (float4) vfuniforms[96]
[01:04:09.972] |E| [renderer::gl::compile_program]: Vertex info
-----------
0(25) : warning C7050: "sa[1].yzw" might be used before being initialized
0(25) : warning C7050: "sa[2]" might be used before being initialized
0(27) : warning C7050: "r[0]" might be used before being initialized

Fragment info
-------------
0(18) : warning C7050: "pa[0].zw" might be used before being initialized


[01:04:10.054] |W| [unimplemented_impl]: Unimplemented sceNpBasicInit import called.
[01:04:10.055] |W| [unimplemented_impl]: Unimplemented sceNpBasicRegisterHandler import called.
[01:04:10.055] |W| [unimplemented_impl]: Unimplemented sceNpLookupInit import called.
[01:04:10.056] |W| [unimplemented_impl]: Unimplemented sceNpBasicCheckCallback import called.
[01:04:10.056] |W| [stubbed_impl]: Stubbed sceNetCtlCheckCallback import called. (Stub)
[01:04:10.072] |W| [unimplemented_impl]: Unimplemented sceNpScoreInit import called.
[01:04:10.265] |I| [renderer::gl::load_shader_generic]: Generating frag shader 9151403e4e6dd54dc3c480f9daf39dc58ac4e86fddabe64e556862321460842b
[01:04:10.267] |D| [shader::create_fragment_inputs]: Iterator: pa0 = (half4) v_Color0
[01:04:10.267] |I| [shader::make_frag_finalize_function]: Non zero pa offset: 2 at 9151403e4e6dd54dc3c480f9daf39dc58ac4e86fddabe64e556862321460842b
[01:04:10.269] |I| [renderer::gl::load_shader_generic]: Generating vert shader fd94eec0b10bb142503c4109fcbc1c94c9e8ef20b6dca3565f687d523a077de7
[01:04:10.269] |D| [shader::create_parameters]: [BUFFER0  + 0] pa0 = (float4) afactor
[01:04:10.270] |D| [shader::create_parameters]: [BUFFER0  + 4] pa4 = (float4) pos
[01:04:10.270] |D| [shader::create_parameters]: [DEFAULT  + 0] sa0 = (float4) mvp[2]
[01:04:10.270] |D| [shader::create_parameters]: [DEFAULT  + 8] sa8 = (float4) texgen[2]
[01:04:10.274] |E| [renderer::gl::compile_program]: Fragment info
-------------
0(18) : warning C7050: "pa[0].zw" might be used before being initialized


[01:04:13.602] |I| [float_to_half_init]: AVX+F16C instruction set supported. Use fast f32 to f16 conversion
[01:04:13.649] |I| [renderer::gl::load_shader_generic]: Generating vert shader 197f86ed4774a10e16cddf3fc70b0d212b17f49ebf1c7cfc9117e515fa866d0c
[01:04:13.650] |D| [shader::create_parameters]: [BUFFER0  + 0] pa0 = (float4) acolor
[01:04:13.650] |D| [shader::create_parameters]: [BUFFER0  + 4] pa4 = (float4) atc
[01:04:13.650] |D| [shader::create_parameters]: [BUFFER0  + 8] pa8 = (float4) pos
[01:04:13.651] |D| [shader::create_parameters]: [DEFAULT  + 8] sa8 = (float4) cxadd
[01:04:13.651] |D| [shader::create_parameters]: [DEFAULT  + 12] sa12 = (float4) cxmul
[01:04:13.651] |D| [shader::create_parameters]: [DEFAULT  + 0] sa0 = (float4) mvp[2]
[01:04:13.654] |E| [renderer::gl::compile_program]: Fragment info
-------------
0(18) : warning C7050: "pa[0].zw" might be used before being initialized


[01:04:13.654] |I| [renderer::gl::load_shader_generic]: Generating vert shader 8f2c0b40e47657090ef26b0032b0dc682585ccb277584db5dd5c2aef7f40580f
[01:04:13.655] |D| [shader::create_parameters]: [BUFFER0  + 0] pa0 = (float4) afactor
[01:04:13.655] |D| [shader::create_parameters]: [BUFFER0  + 4] pa4 = (float4) pos
[01:04:13.655] |D| [shader::create_parameters]: [DEFAULT  + 0] sa0 = (float4) vfuniforms[144]
[01:04:13.667] |E| [renderer::gl::compile_program]: Vertex info
-----------
0(25) : warning C7050: "sa[1].yzw" might be used before being initialized
0(25) : warning C7050: "sa[2].yzw" might be used before being initialized
0(27) : warning C7050: "r[0]" might be used before being initialized
0(27) : warning C7050: "r[1]" might be used before being initialized
0(27) : warning C7050: "r[2]" might be used before being initialized
0(26) : warning C7050: "internals[1]" might be used before being initialized

Fragment info
-------------
0(20) : warning C7050: "pa[0].zw" might be used before being initialized
0(20) : warning C7050: "pa[1].zw" might be used before being initialized


[01:04:13.669] |I| [renderer::gl::load_shader_generic]: Generating frag shader 0f05a3abd8a34ad7fa62390e029af6e224a59d699f8d5da1d8cbbf8dcba54aa9
[01:04:13.670] |D| [shader::create_parameters]: [DEFAULT  + 0] sa0 = (half4) cxmul
[01:04:13.672] |I| [renderer::gl::load_shader_generic]: Generating vert shader 31941fff3c73d8c78f6bf35b91a84e59b1302d35fd0e4c9456d143ac7e65c300
[01:04:13.672] |D| [shader::create_parameters]: [BUFFER0  + 0] pa0 = (float4) pos
[01:04:13.673] |D| [shader::create_parameters]: [DEFAULT  + 0] sa0 = (float4) mvp[2]
[01:04:13.676] |E| [renderer::gl::comp