[03:00:18.788] |I| [load_app_impl]: ngs experimental state: true
[03:00:18.789] |I| [load_app_impl]: video player state: true
[03:00:18.789] |I| [load_app_impl]: lle-modules: libsas,libSceJson,liblocation,libSceXml,libpgf,libvoice,librudp,libSceSqlite,libvoiceqos
[03:00:18.789] |I| [load_app_impl]: Title: Stick it to the Man
[03:00:18.789] |I| [load_app_impl]: Serial: PCSB00375
[03:00:18.789] |I| [load_app_impl]: Version: 1.00
[03:00:18.789] |I| [load_app_impl]: Category: gd
[03:00:18.791] |I| [load_self]: Loaded module segment 0 @ [0x0000E000 - 0x0001C8D8 / 0x81000000] (size: 0x0000E8D8) of module os0:us/libkernel.suprx
[03:00:18.791] |I| [load_self]: Loaded module segment 1 @ [0x0001D000 - 0x0001D048 / 0x8100F000] (size: 0x00000048) of module os0:us/libkernel.suprx
[03:00:18.792] |I| [load_self]: Loading symbols for SELF: os0:us/libkernel.suprx
[03:00:18.792] |D| [load_var_exports]: 	NID 0x936C8A78 (SYSLYB) at 0x1AAF0
[03:00:18.792] |D| [load_var_exports]: 	NID 0x6C2224BA (NID_MODULE_INFO) at 0x19250
[03:00:18.793] |D| [load_func_exports]: 	NID 0x120AFC8C (sceKernelUnlockLwMutex2) at 0xE4B1
[03:00:18.793] |D| [load_func_exports]: 	NID 0x244E76D2 (sceKernelDeleteLwMutex) at 0x18AC5
[03:00:18.793] |D| [load_func_exports]: 	NID 0x3148C6B6 (sceKernelLockLwMutexCB) at 0xE38D
[03:00:18.794] |D| [load_func_exports]: 	NID 0x46E7BE7B (sceKernelLockLwMutex) at 0xE391
[03:00:18.794] |D| [load_func_exports]: 	NID 0x4846613D (sceKernelGetLwMutexInfoById) at 0x18ACD
[03:00:18.795] |D| [load_func_exports]: 	NID 0x4C4672BF (sceKernelGetProcessTime) at 0xE7CF
[03:00:18.795] |D| [load_func_exports]: 	NID 0x91FA6614 (sceKernelUnlockLwMutex) at 0xE437
[03:00:18.795] |D| [load_func_exports]: 	NID 0xA6A2C915 (sceKernelTryLockLwMutex) at 0xE3C1
[03:00:18.796] |D| [load_func_exports]: 	NID 0xB110C123 (sceKernelGetProcessTimeWide) at 0xE799
[03:00:18.796] |D| [load_func_exports]: 	NID 0xB84EF718 (_sceKernelCreateLwMutex) at 0x18AB1
[03:00:18.796] |D| [load_func_exports]: 	NID 0xDA6EC8EF (sceKernelCreateLwMutex) at 0xF6ED
[03:00:18.797] |D| [load_func_exports]: 	NID 0xE9F973B1 (sceKernelGetProcessTimeLow) at 0xE771
[03:00:18.797] |D| [load_func_exports]: 	NID 0xF7D8F1FC (sceKernelGetLwMutexInfo) at 0xE4A3
[03:00:18.797] |I| [pre_load_module]: Pre-load module SceLibKernel (at "us/libkernel.suprx") loaded
[03:00:18.799] |I| [load_self]: Loaded module segment 0 @ [0x0001E000 - 0x0002D1D4 / 0x81000000] (size: 0x0000F1D4) of module os0:us/driver_us.suprx
[03:00:18.800] |I| [load_self]: Loaded module segment 1 @ [0x0002E000 - 0x00036F40 / 0x81010000] (size: 0x00008F40) of module os0:us/driver_us.suprx
[03:00:18.800] |I| [load_self]: Loading symbols for SELF: os0:us/driver_us.suprx
[03:00:18.801] |D| [load_var_exports]: 	NID 0x936C8A78 (SYSLYB) at 0x2B6E4
[03:00:18.801] |D| [load_var_exports]: 	NID 0x6C2224BA (NID_MODULE_INFO) at 0x2A410
[03:00:18.801] |I| [pre_load_module]: Pre-load module SceDriverUser (at "us/driver_us.suprx") loaded
[03:00:18.848] |C| [load_self]: Unknown segment type 0x6FFFFF01
[03:00:18.848] |I| [load_self]: Loaded module segment 0 @ [0x00037000 - 0x000843BC / 0x81000000] (size: 0x0004D3BC) of module ux0:app\PCSB00375\sce_module\libc.suprx
[03:00:18.849] |I| [load_self]: Loaded module segment 1 @ [0x00085000 - 0x000876F0 / 0x8104E000] (size: 0x000026F0) of module ux0:app\PCSB00375\sce_module\libc.suprx
[03:00:18.849] |I| [load_self]: Loading symbols for SELF: ux0:app\PCSB00375\sce_module\libc.suprx
[03:00:18.850] |D| [load_var_exports]: 	NID 0x936C8A78 (SYSLYB) at 0x7A164
[03:00:18.851] |D| [load_var_exports]: 	NID 0x6C2224BA (NID_MODULE_INFO) at 0x700FC
[03:00:18.851] |W| [load_var_imports]: 	NID NOT FOUND 0xDF084DFA (UNRECOGNISED) at 0x75B70, setting to stub value 0xDEADBEEF
[03:00:18.852] |I| [pre_load_module]: Pre-load module SceLibc (at "app\PCSB00375\sce_module\libc.suprx") loaded
[03:00:18.866] |C| [load_self]: Unknown segment type 0x6FFFFF01
[03:00:18.866] |I| [load_self]: Loaded module segment 0 @ [0x00089000 - 0x000A0ED8 / 0x81000000] (size: 0x00017ED8) of module ux0:app\PCSB00375\sce_module\libface.suprx
[03:00:18.867] |I| [load_self]: Loaded module segment 1 @ [0x000A1000 - 0x000A10F8 / 0x81018000] (size: 0x000000F8) of module ux0:app\PCSB00375\sce_module\libface.suprx
[03:00:18.867] |I| [load_self]: Loading symbols for SELF: ux0:app\PCSB00375\sce_module\libface.suprx
[03:00:18.868] |D| [load_var_exports]: 	NID 0x6C2224BA (NID_MODULE_INFO) at 0x9DD70
[03:00:18.868] |I| [pre_load_module]: Pre-load module SceFace (at "app\PCSB00375\sce_module\libface.suprx") loaded
[03:00:18.883] |C| [load_self]: Unknown segment type 0x6FFFFF01
[03:00:18.883] |I| [load_self]: Loaded module segment 0 @ [0x000A2000 - 0x000CD12C / 0x81000000] (size: 0x0002B12C) of module ux0:app\PCSB00375\sce_module\libfios2.suprx
[03:00:18.884] |I| [load_self]: Loaded module segment 1 @ [0x000CE000 - 0x000D323D / 0x8102C000] (size: 0x0000523D) of module ux0:app\PCSB00375\sce_module\libfios2.suprx
[03:00:18.885] |I| [load_self]: Loading symbols for SELF: ux0:app\PCSB00375\sce_module\libfios2.suprx
[03:00:18.885] |D| [load_var_exports]: 	NID 0x936C8A78 (SYSLYB) at 0xCD034
[03:00:18.885] |D| [load_var_exports]: 	NID 0x6C2224BA (NID_MODULE_INFO) at 0xC4548
[03:00:18.886] |I| [pre_load_module]: Pre-load module SceLibFios2 (at "app\PCSB00375\sce_module\libfios2.suprx") loaded
[03:00:18.935] |C| [load_self]: Unknown segment type 0x6FFFFF01
[03:00:18.935] |I| [load_self]: Loaded module segment 0 @ [0x000D4000 - 0x002D28CC / 0x81000000] (size: 0x001FE8CC) of module ux0:app\PCSB00375\sce_module\libsmart.suprx
[03:00:18.936] |I| [load_self]: Loaded module segment 1 @ [0x002D3000 - 0x002D66BC / 0x811FF000] (size: 0x000036BC) of module ux0:app\PCSB00375\sce_module\libsmart.suprx
[03:00:18.937] |I| [load_self]: Loading symbols for SELF: ux0:app\PCSB00375\sce_module\libsmart.suprx
[03:00:18.937] |D| [load_var_exports]: 	NID 0x6C2224BA (NID_MODULE_INFO) at 0x173B48
[03:00:18.937] |I| [pre_load_module]: Pre-load module SceSmart (at "app\PCSB00375\sce_module\libsmart.suprx") loaded
[03:00:18.946] |C| [load_self]: Unknown segment type 0x6FFFFF01
[03:00:18.946] |I| [load_self]: Loaded module segment 0 @ [0x002D7000 - 0x002EA84C / 0x81000000] (size: 0x0001384C) of module ux0:app\PCSB00375\sce_module\libult.suprx
[03:00:18.947] |I| [load_self]: Loaded module segment 1 @ [0x002EB000 - 0x002EB814 / 0x81014000] (size: 0x00000814) of module ux0:app\PCSB00375\sce_module\libult.suprx
[03:00:18.948] |I| [load_self]: Loading symbols for SELF: ux0:app\PCSB00375\sce_module\libult.suprx
[03:00:18.948] |D| [load_var_exports]: 	NID 0x936C8A78 (SYSLYB) at 0x2E91A8
[03:00:18.949] |D| [load_var_exports]: 	NID 0x6C2224BA (NID_MODULE_INFO) at 0x2E6738
[03:00:18.949] |I| [pre_load_module]: Pre-load module SceUlt (at "app\PCSB00375\sce_module\libult.suprx") loaded
[03:00:18.955] |I| [load_self]: Loaded module segment 0 @ [0x002EC000 - 0x0033CF04 / 0x81000000] (size: 0x00050F04) of module vs0:sys/external/libSceFt2.suprx
[03:00:18.956] |I| [load_self]: Loaded module segment 1 @ [0x0033D000 - 0x0033D2F4 / 0x81051000] (size: 0x000002F4) of module vs0:sys/external/libSceFt2.suprx
[03:00:18.956] |I| [load_self]: Loading symbols for SELF: vs0:sys/external/libSceFt2.suprx
[03:00:18.958] |D| [load_var_exports]: 	NID 0x936C8A78 (SYSLYB) at 0x3287DC
[03:00:18.958] |D| [load_var_exports]: 	NID 0x6C2224BA (NID_MODULE_INFO) at 0x327F10
[03:00:18.959] |I| [pre_load_module]: Pre-load module SceLibft2 (at "sys/external/libSceFt2.suprx") loaded
[03:00:18.960] |I| [load_self]: Loaded module segment 0 @ [0x0033E000 - 0x0034DF14 / 0x81000000] (size: 0x0000FF14) of module vs0:sys/external/libpvf.suprx
[03:00:18.961] |I| [load_self]: Loaded module segment 1 @ [0x0034E000 - 0x0034E008 / 0x81010000] (size: 0x00000008) of module vs0:sys/external/libpvf.suprx
[03:00:18.962] |I| [load_self]: Loading symbols for SELF: vs0:sys/external/libpvf.suprx
[03:00:18.962] |D| [load_var_exports]: 	NID 0x936C8A78 (SYSLYB) at 0x34C710
[03:00:18.962] |D| [load_var_exports]: 	NID 0x6C2224BA (NID_MODULE_INFO) at 0x34C300
[03:00:18.963] |I| [pre_load_module]: Pre-load module SceLibPvf (at "sys/external/libpvf.suprx") loaded
[03:00:19.289] |C| [load_self]: Unknown segment type 0x6FFFFF01
[03:00:19.289] |I| [load_self]: Loaded module segment 0 @ [0x81000000 - 0x8204DCB0 / 0x81000000] (size: 0x0104DCB0) of module app0:eboot.bin
[03:00:19.290] |I| [load_self]: Loaded module segment 1 @ [0x8204E000 - 0x8216EA80 / 0x8204E000] (size: 0x00120A80) of module app0:eboot.bin
[03:00:19.291] |I| [load_self]: Loading symbols for SELF: app0:eboot.bin
[03:00:19.291] |D| [load_var_exports]: 	NID 0x6C2224BA (NID_MODULE_INFO) at 0x81F0BB70
[03:00:19.292] |D| [load_var_exports]: 	NID 0x70FBA1E7 (SCE_PROC_PARAMS) at 0x8204E08C
[03:00:19.292] |W| [load_var_imports]: 	NID NOT FOUND 0x1A5C609 (UNRECOGNISED) at 0x81F0E29C, setting to stub value 0xDEADBEEF
[03:00:19.293] |W| [load_var_imports]: 	NID NOT FOUND 0x6EF1E48 (UNRECOGNISED) at 0x81F0D1E8, setting to stub value 0xDEADBEEF
[03:00:19.293] |I| [load_app_impl]: Main executable _013_11_08_eu (eboot.bin) loaded
[03:00:19.296] |D| [run_app]: Running module_start of library: SceLibKernel at address 0xF1F9
[03:00:19.298] |W| [unimplemented_impl]: Unimplemented _sceKernelRegisterLibkernelAddresses import called.
[03:00:19.299] |W| [unimplemented_impl]: Unimplemented _sceKernelBacktrace import called.
[03:00:19.299] |I| [run_app]: Module SceLibKernel (at "os0:us/libkernel.suprx") module_start returned 0x0
[03:00:19.299] |D| [run_app]: Running module_start of library: SceDriverUser at address 0x1E3E5
[03:00:19.301] |W| [unimplemented_impl]: Unimplemented sceMotionDevIsReady import called.
[03:00:20.304] |I| [run_app]: Module SceDriverUser (at "os0:us/driver_us.suprx") module_start returned 0x0
[03:00:20.304] |D| [run_app]: Running module_start of library: SceLibc at address 0x37809
[03:00:20.309] |I| [run_app]: Module SceLibc (at "ux0:app\PCSB00375\sce_module\libc.suprx") module_start returned 0x0
[03:00:20.309] |D| [run_app]: Running module_start of library: SceFace at address 0x9D23D
[03:00:20.312] |I| [run_app]: Module SceFace (at "ux0:app\PCSB00375\sce_module\libface.suprx") module_start returned 0x0
[03:00:20.312] |D| [run_app]: Running module_start of library: SceLibFios2 at address 0xA2001
[03:00:20.314] |W| [stubbed_impl]: Stubbed sceKernelGetProcessId import called. (pid: 0)
[03:00:20.315] |W| [unimplemented_impl]: Unimplemented sceFiosKernelOverlayGetList02 import called.
[03:00:20.315] |I| [run_app]: Module SceLibFios2 (at "ux0:app\PCSB00375\sce_module\libfios2.suprx") module_start returned 0x0
[03:00:20.316] |D| [run_app]: Running module_start of library: SceSmart at address 0xD417D
[03:00:20.318] |I| [run_app]: Module SceSmart (at "ux0:app\PCSB00375\sce_module\libsmart.suprx") module_start returned 0x0
[03:00:20.319] |D| [run_app]: Running module_start of library: SceUlt at address 0x2DA661
[03:00:20.321] |W| [unimplemented_impl]: Unimplemented _sceUlobjMgrRegisterLibultProtocolRevision import called.
[03:00:20.322] |I| [run_app]: Module SceUlt (at "ux0:app\PCSB00375\sce_module\libult.suprx") module_start returned 0x0
[03:00:20.323] |W| [unimplemented_impl]: Unimplemented _sceKernelRegisterThreadEventHandler import called.
[03:00:20.353] |E| [call_import]: Import function for NID 0xD7F0F610 not found (thread name: PCSB00375, thread ID: 10)
[03:00:20.353] |W| [stubbed_impl]: Stubbed sceKernelGetFreeMemorySize import called. (Single pool)
[03:00:20.354] |W| [stubbed_impl]: Stubbed sceKernelChangeThreadPriority import called. (STUB)
[03:00:20.354] |W| [unimplemented_impl]: Unimplemented sceKernelChangeThreadCpuAffinityMask import called.
[03:00:20.355] |W| [unimplemented_impl]: Unimplemented sceAppUtilInit import called.
[03:00:20.365] |C| [load_self]: Unknown segment type 0x6FFFFF01
[03:00:20.366] |I| [load_self]: Loaded module segment 0 @ [0x00798000 - 0x0079DCA8 / 0x81000000] (size: 0x00005CA8) of module app0:/Media/Modules/pthread.suprx
[03:00:20.366] |I| [load_self]: Loaded module segment 1 @ [0x00393000 - 0x00395158 / 0x81006000] (size: 0x00002158) of module app0:/Media/Modules/pthread.suprx
[03:00:20.367] |I| [load_self]: Loading symbols for SELF: app0:/Media/Modules/pthread.suprx
[03:00:20.367] |D| [load_var_exports]: 	NID 0x6C2224BA (NID_MODULE_INFO) at 0x79CC48
[03:00:20.370] |I| [export__sceKernelLoadStartModule]: Module PTHREAD_PRX (at "app0:/Media/Modules/pthread.suprx") module_start returned 0x0
[03:00:20.371] |C| [load_self]: Unknown segment type 0x6FFFFF01
[03:00:20.372] |I| [load_self]: Loaded module segment 0 @ [0x0079E000 - 0x007A32F4 / 0x81000000] (size: 0x000052F4) of module app0:/Media/Modules/SUPRXManager.suprx
[03:00:20.372] |I| [load_self]: Loaded module segment 1 @ [0x007A4000 - 0x007A4044 / 0x81006000] (size: 0x00000044) of module app0:/Media/Modules/SUPRXManager.suprx
[03:00:20.373] |I| [load_self]: Loading symbols for SELF: app0:/Media/Modules/SUPRXManager.suprx
[03:00:20.373] |D| [load_var_exports]: 	NID 0x6C2224BA (NID_MODULE_INFO) at 0x7A2D3C
[03:00:20.376] |I| [export__sceKernelLoadStartModule]: Module SUPRXManager (at "app0:/Media/Modules/SUPRXManager.suprx") module_start returned 0x0
[03:00:20.421] |C| [load_self]: Unknown segment type 0x6FFFFF01
[03:00:20.421] |I| [load_self]: Loaded module segment 0 @ [0x009A9000 - 0x00BBA858 / 0x81000000] (size: 0x00211858) of module app0:/Media/Modules/mono-vita.suprx
[03:00:20.422] |I| [load_self]: Loaded module segment 1 @ [0x00BBB000 - 0x00C21B30 / 0x81212000] (size: 0x00066B30) of module app0:/Media/Modules/mono-vita.suprx
[03:00:20.423] |I| [load_self]: Loading symbols for SELF: app0:/Media/Modules/mono-vita.suprx
[03:00:20.423] |D| [load_var_exports]: 	NID 0x6C2224BA (NID_MODULE_INFO) at 0xB0A2B8
[03:00:20.425] |I| [export__sceKernelLoadStartModule]: Module MONO (at "app0:/Media/Modules/mono-vita.suprx") module_start returned 0x0
[03:00:20.426] |E| [call_import]: Import function for NID 0xE340C0A9 not found (thread name: PCSB00375, thread ID: 10)
[03:00:20.428] |I| [export__sceIoOpen]: Opening file: app0:/mono/etc/mono/config
[03:00:20.428] |E| [open_file]: Missing file at D:/Emulateurs/Vita3K/mc/ux0/app/PCSB00375/mono/etc/mono/config (target path: app0:/mono/etc/mono/config)
[03:00:20.429] |W| [io_error_impl]: open_file (_sceIoOpen) returned 0x80010002
[03:00:20.429] |I| [export__sceIoOpen]: Opening file: app0:/.mono/config
[03:00:20.429] |E| [open_file]: Missing file at D:/Emulateurs/Vita3K/mc/ux0/app/PCSB00375/.mono/config (target path: app0:/.mono/config)
[03:00:20.432] |W| [io_error_impl]: open_file (_sceIoOpen) returned 0x80010002
[03:00:20.433] |I| [export__sceIoOpen]: Opening file: /proc/cpuinfo
[03:00:20.433] |E| [open_file]: Cannot find device for path: /proc/cpuinfo
[03:00:20.433] |W| [io_error_impl]: open_file (_sceIoOpen) returned 0x80010002
[03:00:20.438] |E| [call_import]: Import function for NID 0xE340C0A3 not found (thread name: PCSB00375, thread ID: 10)
[03:00:20.439] |I| [export__sceIoOpen]: Opening file: app0:Media/Managed/mono/config
[03:00:20.453] |E| [open_file]: Missing file at D:/Emulateurs/Vita3K/mc/ux0/app/PCSB00375/Media/Managed/mono/config (target path: app0:Media/Managed/mono/config)
[03:00:20.453] |W| [io_error_impl]: open_file (_sceIoOpen) returned 0x80010002
[03:00:20.454] |I| [export__sceIoOpen]: Opening file: app0:/.mono/config
[03:00:20.454] |E| [open_file]: Missing file at D:/Emulateurs/Vita3K/mc/ux0/app/PCSB00375/.mono/config (target path: app0:/.mono/config)
[03:00:20.455] |W| [io_error_impl]: open_file (_sceIoOpen) returned 0x80010002
[03:00:20.455] |E| [call_import]: Import function for NID 0xE340C0AA not found (thread name: PCSB00375, thread ID: 10)
[03:00:20.456] |E| [call_import]: Import function for NID 0xE340C00A not found (thread name: PCSB00375, thread ID: 10)
[03:00:20.456] |I| [export__sceIoOpen]: Opening file: /proc/cpuinfo
[03:00:20.457] |E| [open_file]: Cannot find device for path: /proc/cpuinfo
[03:00:20.457] |W| [io_error_impl]: open_file (_sceIoOpen) returned 0x80010002
[03:00:20.458] |E| [call_import]: Import function for NID 0xE340C0AC not found (thread name: PCSB00375, thread ID: 10)
[03:00:20.466] |I| [export__sceIoOpen]: Opening file: app0:/app0/mscorlib.dll
[03:00:20.466] |E| [open_file]: Missing file at D:/Emulateurs/Vita3K/mc/ux0/app/PCSB00375/app0/mscorlib.dll (target path: app0:/app0/mscorlib.dll)
[03:00:20.467] |W| [io_error_impl]: open_file (_sceIoOpen) returned 0x80010002
[03:00:20.468] |I| [export__sceIoOpen]: Opening file: app0:/Media/Managed/mscorlib.dll
[03:00:20.489] |I| [export__sceIoOpen]: Opening file: app0:Media/Managed/mono/gac/policy.2.0.mscorlib/0.0.0.0__b77a5c561934e089/policy.2.0.mscorlib.dll
[03:00:20.489] |E| [open_file]: Missing file at D:/Emulateurs/Vita3K/mc/ux0/app/PCSB00375/Media/Managed/mono/gac/policy.2.0.mscorlib/0.0.0.0__b77a5c561934e089/policy.2.0.mscorlib.dll (target path: app0:Media/Managed/mono/gac/policy.2.0.mscorlib/0.0.0.0__b77a5c561934e089/policy.2.0.mscorlib.dll)
[03:00:20.490] |W| [io_error_impl]: open_file (_sceIoOpen) returned 0x80010002
[03:00:20.491] |I| [export__sceIoOpen]: Opening file: app0:/app0/mscorlib.dll
[03:00:20.491] |E| [open_file]: Missing file at D:/Emulateurs/Vita3K/mc/ux0/app/PCSB00375/app0/mscorlib.dll (target path: app0:/app0/mscorlib.dll)
[03:00:20.492] |W| [io_error_impl]: open_file (_sceIoOpen) returned 0x80010002
[03:00:20.493] |I| [export__sceIoOpen]: Opening file: app0:/Media/Managed/mscorlib.dll.config
[03:00:20.493] |E| [open_file]: Missing file at D:/Emulateurs/Vita3K/mc/ux0/app/PCSB00375/Media/Managed/mscorlib.dll.config (target path: app0:/Media/Managed/mscorlib.dll.config)
[03:00:20.494] |W| [io_error_impl]: open_file (_sceIoOpen) returned 0x80010002
[03:00:20.494] |I| [export__sceIoOpen]: Opening file: app0:Media/Managed/mono/assemblies/mscorlib/mscorlib.config
[03:00:20.495] |E| [open_file]: Missing file at D:/Emulateurs/Vita3K/mc/ux0/app/PCSB00375/Media/Managed/mono/assemblies/mscorlib/mscorlib.config (target path: app0:Media/Managed/mono/assemblies/mscorlib/mscorlib.config)
[03:00:20.495] |W| [io_error_impl]: open_file (_sceIoOpen) returned 0x80010002
[03:00:20.562] |W| [unimplemented_impl]: Unimplemented _sceKernelGetSemaInfo import called.
[03:00:20.564] |E| [call_import]: Import function for NID 0xE340C09E not found (thread name: PCSB00375, thread ID: 10)
[03:00:20.564] |W| [unimplemented_impl]: Unimplemented sceKernelCallAbortHandler import called.
[03:00:20.564] |W| [unimplemented_impl]: Unimplemented _sceKernelExitProcessForUser import called.
[03:00:20.596] |W| [unimplemented_impl]: Unimplemented sceAppUtilLoadSafeMemory import called.
[03:00:20.597] |I| [export__sceIoOpen]: Opening file: app0:/Media/mainData
[03:00:20.634] |W| [unimplemented_impl]: Unimplemented sceTouchEnableTouchForce import called.
[03:00:20.635] |E| [logging::ret_error_impl]: _sceKernelLockLwMutex returned SCE_KERNEL_ERROR_UNKNOWN_LW_MUTEX_ID (0x80028181)
[03:00:20.667] |I| [export__sceIoOpen]: Opening file: app0:/Media/mainData
[03:00:20.668] |I| [export__sceIoOpen]: Opening file: app0:/Media/mainData.resG
[03:00:20.668] |E| [open_file]: Missing file at D:/Emulateurs/Vita3K/mc/ux0/app/PCSB00375/Media/mainData.resG (target path: app0:/Media/mainData.resG)
[03:00:20.669] |W| [io_error_impl]: open_file (_sceIoOpen) returned 0x80010002
[03:00:20.670] |I| [export__sceIoOpen]: Opening file: app0:/Media/mainData.res
[03:00:20.670] |E| [open_file]: Missing file at D:/Emulateurs/Vita3K/mc/ux0/app/PCSB00375/Media/mainData.res (target path: app0:/Media/mainData.res)
[03:00:20.671] |W| [io_error_impl]: open_file (_sceIoOpen) returned 0x80010002
[03:00:20.672] |I| [export__sceIoOpen]: Opening file: app0:/Media/mainData.resS
[03:00:20.672] |E| [open_file]: Missing file at D:/Emulateurs/Vita3K/mc/ux0/app/PCSB00375/Media/mainData.resS (target path: app0:/Media/mainData.resS)
[03:00:20.673] |W| [io_error_impl]: open_file (_sceIoOpen) returned 0x80010002
[03:00:20.673] |I| [export__sceIoOpen]: Opening file: app0:/Media/mainData
[03:00:20.676] |I| [export__sceIoOpen]: Opening file: app0:/Media/mainData
[03:00:20.725] |W| [stubbed_impl]: Stubbed sceGxmMapMemory import called. (always return success)
[03:00:20.726] |W| [stubbed_impl]: Stubbed sceGxmMapFragmentUsseMemory import called. (always return success)
