[01:21:02.739] |I| [load_app_impl]: cpu-backend: Dynarmic
[01:21:02.739] |I| [load_app_impl]: CPU Optimisation state: true
[01:21:02.740] |I| [load_app_impl]: at9 audio decoder state: true
[01:21:02.740] |I| [load_app_impl]: ngs experimental state: true
[01:21:02.740] |I| [load_app_impl]: video player state: true
[01:21:02.740] |I| [load_app_impl]: lle-modules: libpgf,libSceXml,libsas,liblocation,libhandwriting,libSceJson,librudp
[01:21:02.740] |I| [load_app_impl]: Title: Rocketbirds HBC
[01:21:02.740] |I| [load_app_impl]: Serial: PCSB00255
[01:21:02.740] |I| [load_app_impl]: Version: 1.00
[01:21:02.740] |I| [load_app_impl]: Category: gd
[01:21:02.778] |C| [load_self]: Unknown segment type 0x6FFFFF01
[01:21:02.778] |I| [load_self]: Loaded module segment 0 @ [0x00007000 - 0x000437DC / 0x81000000] (size: 0x0003C7DC) of module ux0:app\PCSB00255\sce_module\libc.suprx
[01:21:02.778] |I| [load_self]: Loaded module segment 1 @ [0x00044000 - 0x00046374 / 0x8103D000] (size: 0x00002374) of module ux0:app\PCSB00255\sce_module\libc.suprx
[01:21:02.778] |I| [load_self]: Loading symbols for SELF: ux0:app\PCSB00255\sce_module\libc.suprx
[01:21:02.779] |D| [load_var_exports]: 	NID 0x6C2224BA (NID_MODULE_INFO) at 0x35220
[01:21:02.779] |W| [load_var_imports]: 	NID NOT FOUND 0xDF084DFA (UNRECOGNISED) at 0x389F0, setting to stub value 0xDEADBEEF
[01:21:02.780] |I| [pre_load_module]: Pre-load module SceLibc (at "app\PCSB00255\sce_module\libc.suprx") loaded
[01:21:02.789] |C| [load_self]: Unknown segment type 0x6FFFFF01
[01:21:02.789] |I| [load_self]: Loaded module segment 0 @ [0x00048000 - 0x000567CC / 0x81000000] (size: 0x0000E7CC) of module ux0:app\PCSB00255\sce_module\libface.suprx
[01:21:02.789] |I| [load_self]: Loaded module segment 1 @ [0x00057000 - 0x0005707C / 0x8100F000] (size: 0x0000007C) of module ux0:app\PCSB00255\sce_module\libface.suprx
[01:21:02.790] |I| [load_self]: Loading symbols for SELF: ux0:app\PCSB00255\sce_module\libface.suprx
[01:21:02.790] |D| [load_var_exports]: 	NID 0x6C2224BA (NID_MODULE_INFO) at 0x54074
[01:21:02.790] |I| [pre_load_module]: Pre-load module libSceFace (at "app\PCSB00255\sce_module\libface.suprx") loaded
[01:21:02.807] |C| [load_self]: Unknown segment type 0x6FFFFF01
[01:21:02.807] |I| [load_self]: Loaded module segment 0 @ [0x00058000 - 0x0007A1B0 / 0x81000000] (size: 0x000221B0) of module ux0:app\PCSB00255\sce_module\libfios2.suprx
[01:21:02.808] |I| [load_self]: Loaded module segment 1 @ [0x0007B000 - 0x000801B8 / 0x81023000] (size: 0x000051B8) of module ux0:app\PCSB00255\sce_module\libfios2.suprx
[01:21:02.808] |I| [load_self]: Loading symbols for SELF: ux0:app\PCSB00255\sce_module\libfios2.suprx
[01:21:02.808] |D| [load_var_exports]: 	NID 0x6C2224BA (NID_MODULE_INFO) at 0x73CB0
[01:21:02.808] |I| [pre_load_module]: Pre-load module SceLibFios2 (at "app\PCSB00255\sce_module\libfios2.suprx") loaded
[01:21:02.838] |C| [load_self]: Unknown segment type 0x6FFFFF01
[01:21:02.838] |I| [load_self]: Loaded module segment 0 @ [0x00081000 - 0x00110B28 / 0x81000000] (size: 0x0008FB28) of module ux0:app\PCSB00255\sce_module\libsmart.suprx
[01:21:02.838] |I| [load_self]: Loaded module segment 1 @ [0x00111000 - 0x001E44DC / 0x81090000] (size: 0x000D34DC) of module ux0:app\PCSB00255\sce_module\libsmart.suprx
[01:21:02.838] |I| [load_self]: Loading symbols for SELF: ux0:app\PCSB00255\sce_module\libsmart.suprx
[01:21:02.839] |D| [load_var_exports]: 	NID 0x6C2224BA (NID_MODULE_INFO) at 0x10AA78
[01:21:02.839] |I| [pre_load_module]: Pre-load module libSceSmart (at "app\PCSB00255\sce_module\libsmart.suprx") loaded
[01:21:02.850] |C| [load_self]: Unknown segment type 0x6FFFFF01
[01:21:02.850] |I| [load_self]: Loaded module segment 0 @ [0x001E5000 - 0x001F906C / 0x81000000] (size: 0x0001406C) of module ux0:app\PCSB00255\sce_module\libult.suprx
[01:21:02.850] |I| [load_self]: Loaded module segment 1 @ [0x001FA000 - 0x001FA814 / 0x81015000] (size: 0x00000814) of module ux0:app\PCSB00255\sce_module\libult.suprx
[01:21:02.850] |I| [load_self]: Loading symbols for SELF: ux0:app\PCSB00255\sce_module\libult.suprx
[01:21:02.850] |D| [load_var_exports]: 	NID 0x6C2224BA (NID_MODULE_INFO) at 0x1F5B68
[01:21:02.851] |I| [pre_load_module]: Pre-load module SceUlt (at "app\PCSB00255\sce_module\libult.suprx") loaded
[01:21:02.859] |I| [load_self]: Loaded module segment 0 @ [0x001FB000 - 0x0024BF04 / 0x81000000] (size: 0x00050F04) of module vs0:sys/external/libSceFt2.suprx
[01:21:02.859] |I| [load_self]: Loaded module segment 1 @ [0x0024C000 - 0x0024C2F4 / 0x81051000] (size: 0x000002F4) of module vs0:sys/external/libSceFt2.suprx
[01:21:02.859] |I| [load_self]: Loading symbols for SELF: vs0:sys/external/libSceFt2.suprx
[01:21:02.859] |D| [load_var_exports]: 	NID 0x936C8A78 (SYSLYB) at 0x2377DC
[01:21:02.859] |D| [load_var_exports]: 	NID 0x6C2224BA (NID_MODULE_INFO) at 0x236F10
[01:21:02.859] |W| [load_var_imports]: 	NID NOT FOUND 0x93B8AA67 (UNRECOGNISED) at 0x24BEE0, setting to stub value 0xDEADBEEF
[01:21:02.860] |I| [pre_load_module]: Pre-load module SceLibft2 (at "sys/external/libSceFt2.suprx") loaded
[01:21:02.862] |I| [load_self]: Loaded module segment 0 @ [0x0024E000 - 0x0025DF14 / 0x81000000] (size: 0x0000FF14) of module vs0:sys/external/libpvf.suprx
[01:21:02.862] |I| [load_self]: Loaded module segment 1 @ [0x0025E000 - 0x0025E008 / 0x81010000] (size: 0x00000008) of module vs0:sys/external/libpvf.suprx
[01:21:02.862] |I| [load_self]: Loading symbols for SELF: vs0:sys/external/libpvf.suprx
[01:21:02.863] |D| [load_var_exports]: 	NID 0x936C8A78 (SYSLYB) at 0x25C710
[01:21:02.863] |D| [load_var_exports]: 	NID 0x6C2224BA (NID_MODULE_INFO) at 0x25C300
[01:21:02.863] |I| [pre_load_module]: Pre-load module SceLibPvf (at "sys/external/libpvf.suprx") loaded
[01:21:02.942] |C| [load_self]: Unknown segment type 0x6FFFFF01
[01:21:02.943] |I| [load_self]: Loaded module segment 0 @ [0x81000000 - 0x81228130 / 0x81000000] (size: 0x00228130) of module app0:eboot.bin
[01:21:02.943] |I| [load_self]: Loaded module segment 1 @ [0x81229000 - 0x852C9290 / 0x81229000] (size: 0x040A0290) of module app0:eboot.bin
[01:21:02.943] |I| [load_self]: Loading symbols for SELF: app0:eboot.bin
[01:21:02.943] |D| [load_var_exports]: 	NID 0x6C2224BA (NID_MODULE_INFO) at 0x811E02E4
[01:21:02.943] |D| [load_var_exports]: 	NID 0x70FBA1E7 (SCE_PROC_PARAMS) at 0x81229350
[01:21:02.943] |I| [load_app_impl]: Main executable BasicPSP2 (eboot.bin) loaded
[01:21:02.951] |D| [run_app]: Running module_start of library: SceLibc at address 0x75E5
[01:21:02.962] |I| [export_sceIoOpen]: Opening file: tty0:
[01:21:02.962] |I| [export_sceIoOpen]: Opening file: tty0:
[01:21:02.962] |I| [export_sceIoOpen]: Opening file: tty1:
[01:21:02.967] |I| [run_app]: Module SceLibc (at "ux0:app\PCSB00255\sce_module\libc.suprx") module_start returned 0x0
[01:21:02.971] |D| [run_app]: Running module_start of library: libSceFace at address 0x53695
[01:21:02.979] |I| [run_app]: Module libSceFace (at "ux0:app\PCSB00255\sce_module\libface.suprx") module_start returned 0x0
[01:21:02.983] |D| [run_app]: Running module_start of library: SceLibFios2 at address 0x58001
[01:21:02.991] |W| [stubbed_impl]: Stubbed sceKernelGetProcessId import called. (pid: 0)
[01:21:02.992] |W| [stubbed_impl]: Stubbed _sceFiosKernelOverlayGetList import called. (Set pActualIDs to 0)
[01:21:02.992] |D| [export__sceFiosKernelOverlayGetList]: pid: 0
[01:21:02.992] |D| [export__sceFiosKernelOverlayGetList]: buffer_size: 0
[01:21:02.992] |D| [export__sceFiosKernelOverlayGetList]: maxIDs: 0
[01:21:02.992] |D| [export__sceFiosKernelOverlayGetList]: pActualIDs: 0
[01:21:02.993] |I| [run_app]: Module SceLibFios2 (at "ux0:app\PCSB00255\sce_module\libfios2.suprx") module_start returned 0x0
[01:21:02.997] |D| [run_app]: Running module_start of library: libSceSmart at address 0x86B35
[01:21:03.008] |I| [run_app]: Module libSceSmart (at "ux0:app\PCSB00255\sce_module\libsmart.suprx") module_start returned 0x0
[01:21:03.011] |D| [run_app]: Running module_start of library: SceUlt at address 0x1E8B71
[01:21:03.019] |I| [run_app]: Module SceUlt (at "ux0:app\PCSB00255\sce_module\libult.suprx") module_start returned 0x0
[01:21:03.076] |W| [unimplemented_impl]: Unimplemented sceAppUtilInit import called.
[01:21:03.177] |W| [stubbed_impl]: Stubbed sceGxmMapMemory import called. (always return success)
[01:21:03.179] |W| [stubbed_impl]: Stubbed sceGxmMapFragmentUsseMemory import called. (always return success)
[01:21:03.205] |W| [stubbed_impl]: Stubbed sceGxmGetRenderTargetMemSize import called. (2MB host mem)
[01:21:03.496] |W| [stubbed_impl]: Stubbed sceGxmMapVertexUsseMemory import called. (always return success)
[01:21:03.534] |W| [unimplemented_impl]: Unimplemented ksceKernelGetThreadCurrentPriority import called.
[01:21:03.534] |W| [unimplemented_impl]: Unimplemented sceKernelGetThreadCpuAffinityMask import called.
[01:21:03.544] |D| [export_sceTouchEnableTouchForce]: port: 0, state: 1
[01:21:03.544] |D| [export_sceTouchEnableTouchForce]: port: 1, state: 1
[01:21:03.544] |W| [unimplemented_impl]: Unimplemented sceSystemGestureInitializePrimitiveTouchRecognizer import called.
[01:21:03.545] |W| [unimplemented_impl]: Unimplemented sceSystemGestureCreateTouchRecognizer import called.
[01:21:03.557] |I| [export_sceIoOpen]: Opening file: app0:Data/System/Version.txt
[01:21:03.600] |E| [open_file]: Missing file at D:/Emulateurs/Vita3K/mc/ux0/app/PCSB00255/Data/System/Version.txt (target path: app0:Data/System/Version.txt)
[01:21:03.600] |W| [io_error_impl]: open_file (sceIoOpen) returned 0x80010002
[01:21:03.606] |I| [export_sceIoOpen]: Opening file: app0:Data/BinDepot.dat.psp2
[01:21:03.633] |E| [call_import]: Import function for NID 0xE340C006 not found (thread name: PCSB00255, thread ID: 10)
[01:21:03.639] |W| [unimplemented_impl]: Unimplemented sceSystemGestureUpdatePrimitiveTouchRecognizer import called.
[01:21:03.641] |W| [unimplemented_impl]: Unimplemented sceSystemGestureUpdateTouchRecognizer import called.
[01:21:03.642] |W| [unimplemented_impl]: Unimplemented sceSystemGestureGetTouchEventsCount import called.
[01:21:03.657] |W| [unimplemented_impl]: Unimplemented sceCommonDialogUpdate import called.
[01:21:03.689] |I| [renderer::gl::load_shader_generic]: Generating frag shader 47bdb8578806f2431a69af494a88e7fa81c2ff56e5ec55daf0e8d76678632e9d
[01:21:03.690] |D| [shader::create_parameters]: [DEFAULT  + 0] sa0 = (half4) color
[01:21:03.693] |I| [renderer::gl::load_shader_generic]: Generating vert shader 14d0a5d56f9ebef86973ee7c81ea72ede84c8f680c8731421ca4d12eead21968
[01:21:03.694] |D| [shader::create_parameters]: [BUFFER0  + 0] pa0 = (float4) IN_position
[01:21:03.694] |D| [shader::create_parameters]: [DEFAULT  + 0] sa0 = (float1) depth
[01:21:03.697] |W| [stubbed_impl]: Stubbed sceDisplayWaitVblankStartMulti import called. (wait for vblank)
[01:22:22.494] |E| [discordrpc::update_presence::<lambda_50ee3771c9ac2f7a4b17591668a7e6b3>::operator ()]: Error updating discord rich presence, err_code: 43
[01:22:22.494] |E| [discordrpc::update_presence::<lambda_50ee3771c9ac2f7a4b17591668a7e6b3>::operator ()]: Error updating discord rich presence, err_code: 43
