[06:32:32.014] |I| [load_app_impl]: cpu-backend: Dynarmic
[06:32:32.014] |I| [load_app_impl]: CPU Optimisation state: true
[06:32:32.015] |I| [load_app_impl]: at9 audio decoder state: true
[06:32:32.015] |I| [load_app_impl]: ngs experimental state: true
[06:32:32.015] |I| [load_app_impl]: video player state: true
[06:32:32.015] |I| [load_app_impl]: lle-modules: libpgf,libSceXml,libsas,liblocation,libhandwriting,libSceJson,librudp
[06:32:32.015] |I| [load_app_impl]: Title: A-men
[06:32:32.015] |I| [load_app_impl]: Serial: PCSB00056
[06:32:32.015] |I| [load_app_impl]: Version: 1.01
[06:32:32.015] |I| [load_app_impl]: Category: gp
[06:32:32.023] |C| [load_self]: Unknown segment type 0x6FFFFF01
[06:32:32.023] |I| [load_self]: Loaded module segment 0 @ [0x00007000 - 0x000437DC / 0x81000000] (size: 0x0003C7DC) of module ux0:app\PCSB00056\sce_module\libc.suprx
[06:32:32.023] |I| [load_self]: Loaded module segment 1 @ [0x00044000 - 0x00046374 / 0x8103D000] (size: 0x00002374) of module ux0:app\PCSB00056\sce_module\libc.suprx
[06:32:32.023] |I| [load_self]: Loading symbols for SELF: ux0:app\PCSB00056\sce_module\libc.suprx
[06:32:32.024] |D| [load_var_exports]: 	NID 0x6C2224BA (NID_MODULE_INFO) at 0x35220
[06:32:32.024] |W| [load_var_imports]: 	NID NOT FOUND 0xDF084DFA (UNRECOGNISED) at 0x389F0, setting to stub value 0xDEADBEEF
[06:32:32.025] |I| [pre_load_module]: Pre-load module SceLibc (at "app\PCSB00056\sce_module\libc.suprx") loaded
[06:32:32.030] |C| [load_self]: Unknown segment type 0x6FFFFF01
[06:32:32.030] |I| [load_self]: Loaded module segment 0 @ [0x00048000 - 0x0006A1B0 / 0x81000000] (size: 0x000221B0) of module ux0:app\PCSB00056\sce_module\libfios2.suprx
[06:32:32.031] |I| [load_self]: Loaded module segment 1 @ [0x0006B000 - 0x000701B8 / 0x81023000] (size: 0x000051B8) of module ux0:app\PCSB00056\sce_module\libfios2.suprx
[06:32:32.032] |I| [load_self]: Loading symbols for SELF: ux0:app\PCSB00056\sce_module\libfios2.suprx
[06:32:32.033] |D| [load_var_exports]: 	NID 0x6C2224BA (NID_MODULE_INFO) at 0x63CB0
[06:32:32.033] |I| [pre_load_module]: Pre-load module SceLibFios2 (at "app\PCSB00056\sce_module\libfios2.suprx") loaded
[06:32:32.037] |C| [load_self]: Unknown segment type 0x6FFFFF01
[06:32:32.037] |I| [load_self]: Loaded module segment 0 @ [0x00071000 - 0x0008506C / 0x81000000] (size: 0x0001406C) of module ux0:app\PCSB00056\sce_module\libult.suprx
[06:32:32.038] |I| [load_self]: Loaded module segment 1 @ [0x00086000 - 0x00086814 / 0x81015000] (size: 0x00000814) of module ux0:app\PCSB00056\sce_module\libult.suprx
[06:32:32.038] |I| [load_self]: Loading symbols for SELF: ux0:app\PCSB00056\sce_module\libult.suprx
[06:32:32.039] |D| [load_var_exports]: 	NID 0x6C2224BA (NID_MODULE_INFO) at 0x81B68
[06:32:32.039] |I| [pre_load_module]: Pre-load module SceUlt (at "app\PCSB00056\sce_module\libult.suprx") loaded
[06:32:32.046] |I| [load_self]: Loaded module segment 0 @ [0x00087000 - 0x000D7F04 / 0x81000000] (size: 0x00050F04) of module vs0:sys/external/libSceFt2.suprx
[06:32:32.047] |I| [load_self]: Loaded module segment 1 @ [0x000D8000 - 0x000D82F4 / 0x81051000] (size: 0x000002F4) of module vs0:sys/external/libSceFt2.suprx
[06:32:32.047] |I| [load_self]: Loading symbols for SELF: vs0:sys/external/libSceFt2.suprx
[06:32:32.048] |D| [load_var_exports]: 	NID 0x936C8A78 (SYSLYB) at 0xC37DC
[06:32:32.048] |D| [load_var_exports]: 	NID 0x6C2224BA (NID_MODULE_INFO) at 0xC2F10
[06:32:32.049] |W| [load_var_imports]: 	NID NOT FOUND 0x93B8AA67 (UNRECOGNISED) at 0xD7EE0, setting to stub value 0xDEADBEEF
[06:32:32.050] |I| [pre_load_module]: Pre-load module SceLibft2 (at "sys/external/libSceFt2.suprx") loaded
[06:32:32.052] |I| [load_self]: Loaded module segment 0 @ [0x000DA000 - 0x000E9F14 / 0x81000000] (size: 0x0000FF14) of module vs0:sys/external/libpvf.suprx
[06:32:32.053] |I| [load_self]: Loaded module segment 1 @ [0x000EA000 - 0x000EA008 / 0x81010000] (size: 0x00000008) of module vs0:sys/external/libpvf.suprx
[06:32:32.053] |I| [load_self]: Loading symbols for SELF: vs0:sys/external/libpvf.suprx
[06:32:32.054] |D| [load_var_exports]: 	NID 0x936C8A78 (SYSLYB) at 0xE8710
[06:32:32.054] |D| [load_var_exports]: 	NID 0x6C2224BA (NID_MODULE_INFO) at 0xE8300
[06:32:32.055] |I| [pre_load_module]: Pre-load module SceLibPvf (at "sys/external/libpvf.suprx") loaded
[06:32:32.122] |C| [load_self]: Unknown segment type 0x6FFFFF01
[06:32:32.122] |I| [load_self]: Loaded module segment 0 @ [0x81000000 - 0x813D6AB0 / 0x81000000] (size: 0x003D6AB0) of module app0:eboot.bin
[06:32:32.123] |I| [load_self]: Loaded module segment 1 @ [0x813D7000 - 0x814276D0 / 0x813D7000] (size: 0x000506D0) of module app0:eboot.bin
[06:32:32.124] |I| [load_self]: Loading symbols for SELF: app0:eboot.bin
[06:32:32.125] |D| [load_var_exports]: 	NID 0x6C2224BA (NID_MODULE_INFO) at 0x8135B9F4
[06:32:32.125] |D| [load_var_exports]: 	NID 0x70FBA1E7 (SCE_PROC_PARAMS) at 0x813D71B4
[06:32:32.126] |I| [load_app_impl]: Main executable core (eboot.bin) loaded
[06:32:32.134] |D| [run_app]: Running module_start of library: SceLibc at address 0x75E5
[06:32:32.168] |I| [export_sceIoOpen]: Opening file: tty0:
[06:32:32.168] |I| [export_sceIoOpen]: Opening file: tty0:
[06:32:32.169] |I| [export_sceIoOpen]: Opening file: tty1:
[06:32:32.174] |I| [run_app]: Module SceLibc (at "ux0:app\PCSB00056\sce_module\libc.suprx") module_start returned 0x0
[06:32:32.178] |D| [run_app]: Running module_start of library: SceLibFios2 at address 0x48001
[06:32:32.186] |W| [stubbed_impl]: Stubbed sceKernelGetProcessId import called. (pid: 0)
[06:32:32.186] |W| [stubbed_impl]: Stubbed _sceFiosKernelOverlayGetList import called. (Set pActualIDs to 0)
[06:32:32.186] |D| [export__sceFiosKernelOverlayGetList]: pid: 0
[06:32:32.187] |D| [export__sceFiosKernelOverlayGetList]: buffer_size: 0
[06:32:32.188] |D| [export__sceFiosKernelOverlayGetList]: maxIDs: 0
[06:32:32.188] |D| [export__sceFiosKernelOverlayGetList]: pActualIDs: 0
[06:32:32.189] |I| [run_app]: Module SceLibFios2 (at "ux0:app\PCSB00056\sce_module\libfios2.suprx") module_start returned 0x0
[06:32:32.193] |D| [run_app]: Running module_start of library: SceUlt at address 0x74B71
[06:32:32.200] |I| [run_app]: Module SceUlt (at "ux0:app\PCSB00056\sce_module\libult.suprx") module_start returned 0x0
[06:32:32.300] |W| [unimplemented_impl]: Unimplemented sceKernelChangeThreadVfpException import called.
[06:32:32.301] |W| [unimplemented_impl]: Unimplemented _sceFiosKernelOverlayThreadSetDisabled import called.
[06:32:32.302] |W| [stubbed_impl]: Stubbed sceKernelWaitLwCondCB import called. (no CB)
[06:32:32.353] |W| [unimplemented_impl]: Unimplemented _sceFiosKernelOverlayGetRecommendedScheduler import called.
[06:32:32.359] |I| [export_sceIoOpen]: Opening file: app0:/game_data.psarc
[06:32:32.381] |I| [export_sceIoOpen]: Opening file: app0:/game_data.psarc
[06:32:32.532] |I| [export_sceIoOpen]: Opening file: app0:/game_data.000.psarc
[06:32:32.533] |I| [export_sceIoOpen]: Opening file: app0:/game_data.000.psarc
[06:32:32.672] |I| [export_sceIoOpen]: Opening file: app0:/game_data.001.psarc
[06:32:32.672] |E| [open_file]: Missing file at D:/Emulateurs/Vita3K/mc/ux0/app/PCSB00056/game_data.001.psarc (target path: app0:/game_data.001.psarc)
[06:32:32.673] |W| [io_error_impl]: open_file (sceIoOpen) returned 0x80010002
[06:32:32.674] |W| [io_error_impl]: tell_file (sceIoPread) returned 0x80010018
[06:32:32.675] |W| [io_error_impl]: close_file (sceIoClose) returned 0x80010018
[06:32:32.678] |W| [unimplemented_impl]: Unimplemented sceSystemGestureInitializePrimitiveTouchRecognizer import called.
[06:32:32.679] |W| [unimplemented_impl]: Unimplemented sceAppUtilInit import called.
[06:32:32.689] |W| [stubbed_impl]: Stubbed sceGxmMapMemory import called. (always return success)
[06:32:32.692] |W| [stubbed_impl]: Stubbed sceGxmMapFragmentUsseMemory import called. (always return success)
[06:32:32.757] |W| [stubbed_impl]: Stubbed sceGxmMapVertexUsseMemory import called. (always return success)
[06:32:32.793] |W| [unimplemented_impl]: Unimplemented sceNgsSystemSetParamErrorCallback import called.
[06:32:32.796] |W| [unimplemented_impl]: Unimplemented sceNgsVoiceSetFinishedCallback import called.
[06:32:32.797] |D| [export_sceNgsVoicePlay]: sceNgsVoicePlay: 1
[06:32:32.811] |W| [unimplemented_impl]: Unimplemented sceMotionStartSampling import called.
[06:32:32.812] |W| [unimplemented_impl]: Unimplemented sceMotionSetTiltCorrection import called.
[06:32:32.827] |W| [stubbed_impl]: Stubbed sceNetCtlInit import called. (Stub)
[06:32:32.828] |W| [stubbed_impl]: Stubbed sceNetCtlInetGetState import called. (state = SCE_NETCTL_STATE_DISCONNECTED)
[06:32:32.828] |W| [unimplemented_impl]: Unimplemented sceHttpInit import called.
[06:32:32.828] |W| [unimplemented_impl]: Unimplemented sceSslInit import called.
[06:32:32.830] |W| [unimplemented_impl]: Unimplemented sceNpBasicInit import called.
[06:32:32.833] |W| [unimplemented_impl]: Unimplemented sceHttpGetMemoryPoolStats import called.
[06:32:32.833] |W| [unimplemented_impl]: Unimplemented sceHttpTerm import called.
[06:32:32.833] |W| [unimplemented_impl]: Unimplemented sceSslGetMemoryPoolStats import called.
[06:32:32.834] |W| [unimplemented_impl]: Unimplemented sceSslTerm import called.
[06:32:32.838] |W| [unimplemented_impl]: Unimplemented sceNpActivityInit import called.
[06:32:32.838] |W| [unimplemented_impl]: Unimplemented sceNpSnsFacebookInit import called.
[06:32:32.866] |E| [logging::ret_error_impl]: sceKernelWaitLwCond returned SCE_KERNEL_ERROR_WAIT_TIMEOUT (0x80028005)
[06:32:32.866] |W| [stubbed_impl]: Stubbed sceNetCtlCheckCallback import called. (Stub)
[06:32:32.867] |W| [stubbed_impl]: Stubbed sceNetCtlInetGetResult import called. (errorCode = SCE_NET_CTL_ERROR_FLIGHT_MODE_ENABLED)
[06:32:32.868] |W| [stubbed_impl]: Stubbed sceNpCheckCallback import called. (Stub)
[06:32:32.873] |W| [stubbed_impl]: Stubbed __sceAppMgrGetAppState import called. (Set to 0.)
