[18:45:24.559] |I| [load_app_impl]: ngs experimental state: true
[18:45:24.560] |I| [load_app_impl]: video player state: true
[18:45:24.560] |I| [load_app_impl]: lle-modules: libsas,libSceJson,liblocation,libatrac,libSceXml,librudp,libpgf,libvoice,libsystemgesture
[18:45:24.560] |I| [load_app_impl]: Title: Halloween Forever
[18:45:24.560] |I| [load_app_impl]: Serial: PCSB01349
[18:45:24.560] |I| [load_app_impl]: Version: 1.00
[18:45:24.560] |I| [load_app_impl]: Category: gd
[18:45:24.627] |C| [load_self]: Unknown segment type 0x6FFFFF01
[18:45:24.628] |I| [load_self]: Loaded module segment 0 @ [0x00004000 - 0x0005591C / 0x81000000] (size: 0x0005191C) of module ux0:app\PCSB01349\sce_module\libc.suprx
[18:45:24.628] |I| [load_self]: Loaded module segment 1 @ [0x00056000 - 0x000588A0 / 0x81052000] (size: 0x000028A0) of module ux0:app\PCSB01349\sce_module\libc.suprx
[18:45:24.628] |I| [load_self]: Loading symbols for SELF: ux0:app\PCSB01349\sce_module\libc.suprx
[18:45:24.629] |D| [load_var_exports]: 	NID 0x936C8A78 (SYSLYB) at 0x4B38C
[18:45:24.629] |D| [load_var_exports]: 	NID 0x6C2224BA (NID_MODULE_INFO) at 0x40550
[18:45:24.629] |W| [load_var_imports]: 	NID NOT FOUND 0x93B8AA67 (UNRECOGNISED) at 0x446B0, setting to stub value 0xDEADBEEF
[18:45:24.629] |W| [load_var_imports]: 	NID NOT FOUND 0xDF084DFA (UNRECOGNISED) at 0x46244, setting to stub value 0xDEADBEEF
[18:45:24.629] |I| [pre_load_module]: Pre-load module SceLibc (at "app\PCSB01349\sce_module\libc.suprx") loaded
[18:45:24.655] |C| [load_self]: Unknown segment type 0x6FFFFF01
[18:45:24.655] |I| [load_self]: Loaded module segment 0 @ [0x0005B000 - 0x00087CBF / 0x81000000] (size: 0x0002CCBF) of module ux0:app\PCSB01349\sce_module\libfios2.suprx
[18:45:24.655] |I| [load_self]: Loaded module segment 1 @ [0x00088000 - 0x0008D255 / 0x8102D000] (size: 0x00005255) of module ux0:app\PCSB01349\sce_module\libfios2.suprx
[18:45:24.655] |I| [load_self]: Loading symbols for SELF: ux0:app\PCSB01349\sce_module\libfios2.suprx
[18:45:24.655] |D| [load_var_exports]: 	NID 0x936C8A78 (SYSLYB) at 0x87BC8
[18:45:24.655] |D| [load_var_exports]: 	NID 0x6C2224BA (NID_MODULE_INFO) at 0x7EF08
[18:45:24.655] |I| [pre_load_module]: Pre-load module SceLibFios2 (at "app\PCSB01349\sce_module\libfios2.suprx") loaded
[18:45:24.667] |C| [load_self]: Unknown segment type 0x6FFFFF01
[18:45:24.667] |I| [load_self]: Loaded module segment 0 @ [0x0008E000 - 0x000A19BC / 0x81000000] (size: 0x000139BC) of module ux0:app\PCSB01349\sce_module\libult.suprx
[18:45:24.667] |I| [load_self]: Loaded module segment 1 @ [0x000A2000 - 0x000A2814 / 0x81014000] (size: 0x00000814) of module ux0:app\PCSB01349\sce_module\libult.suprx
[18:45:24.667] |I| [load_self]: Loading symbols for SELF: ux0:app\PCSB01349\sce_module\libult.suprx
[18:45:24.668] |D| [load_var_exports]: 	NID 0x936C8A78 (SYSLYB) at 0xA02E8
[18:45:24.668] |D| [load_var_exports]: 	NID 0x6C2224BA (NID_MODULE_INFO) at 0x9D870
[18:45:24.668] |I| [pre_load_module]: Pre-load module SceUlt (at "app\PCSB01349\sce_module\libult.suprx") loaded
[18:45:24.674] |I| [load_self]: Loaded module segment 0 @ [0x000A3000 - 0x000F3F04 / 0x81000000] (size: 0x00050F04) of module vs0:sys/external/libSceFt2.suprx
[18:45:24.675] |I| [load_self]: Loaded module segment 1 @ [0x000F4000 - 0x000F42F4 / 0x81051000] (size: 0x000002F4) of module vs0:sys/external/libSceFt2.suprx
[18:45:24.676] |I| [load_self]: Loading symbols for SELF: vs0:sys/external/libSceFt2.suprx
[18:45:24.676] |D| [load_var_exports]: 	NID 0x936C8A78 (SYSLYB) at 0xDF7DC
[18:45:24.676] |D| [load_var_exports]: 	NID 0x6C2224BA (NID_MODULE_INFO) at 0xDEF10
[18:45:24.676] |I| [pre_load_module]: Pre-load module SceLibft2 (at "sys/external/libSceFt2.suprx") loaded
[18:45:24.677] |I| [load_self]: Loaded module segment 0 @ [0x000F5000 - 0x00104F14 / 0x81000000] (size: 0x0000FF14) of module vs0:sys/external/libpvf.suprx
[18:45:24.678] |I| [load_self]: Loaded module segment 1 @ [0x00105000 - 0x00105008 / 0x81010000] (size: 0x00000008) of module vs0:sys/external/libpvf.suprx
[18:45:24.678] |I| [load_self]: Loading symbols for SELF: vs0:sys/external/libpvf.suprx
[18:45:24.678] |D| [load_var_exports]: 	NID 0x936C8A78 (SYSLYB) at 0x103710
[18:45:24.678] |D| [load_var_exports]: 	NID 0x6C2224BA (NID_MODULE_INFO) at 0x103300
[18:45:24.678] |I| [pre_load_module]: Pre-load module SceLibPvf (at "sys/external/libpvf.suprx") loaded
[18:45:24.772] |C| [load_self]: Unknown segment type 0x6FFFFF01
[18:45:24.773] |I| [load_self]: Loaded module segment 0 @ [0x00106000 - 0x0046D840 / 0x81000000] (size: 0x00367840) of module app0:eboot.bin
[18:45:24.773] |I| [load_self]: Loaded module segment 1 @ [0x0046E000 - 0x008DE550 / 0x81368000] (size: 0x00470550) of module app0:eboot.bin
[18:45:24.773] |I| [load_self]: Loading symbols for SELF: app0:eboot.bin
[18:45:24.773] |D| [load_var_exports]: 	NID 0x6C2224BA (NID_MODULE_INFO) at 0x3826C4
[18:45:24.773] |D| [load_var_exports]: 	NID 0x70FBA1E7 (SCE_PROC_PARAMS) at 0x4F6244
[18:45:24.773] |D| [load_var_exports]: 	NID 0x936C8A78 (SYSLYB) at 0x46AA78
[18:45:24.774] |I| [load_app_impl]: Main executable PSVitaRunner (eboot.bin) loaded
[18:45:24.776] |D| [run_app]: Running module_start of library: SceLibc at address 0x4871
[18:45:24.780] |I| [run_app]: Module SceLibc (at "ux0:app\PCSB01349\sce_module\libc.suprx") module_start returned 0x0
[18:45:24.780] |D| [run_app]: Running module_start of library: SceLibFios2 at address 0x5B001
[18:45:24.782] |W| [stubbed_impl]: Stubbed sceKernelGetProcessId import called. (pid: 0)
[18:45:24.782] |D| [export_sceFiosOverlayGetList02]: maxIDs: 127
[18:45:24.782] |W| [unimplemented_impl]: Unimplemented sceFiosOverlayGetList02 import called.
[18:45:24.782] |I| [run_app]: Module SceLibFios2 (at "ux0:app\PCSB01349\sce_module\libfios2.suprx") module_start returned 0x0
[18:45:24.782] |D| [run_app]: Running module_start of library: SceUlt at address 0x91771
[18:45:24.786] |W| [unimplemented_impl]: Unimplemented _sceUlobjMgrRegisterLibultProtocolRevision import called.
[18:45:24.787] |I| [run_app]: Module SceUlt (at "ux0:app\PCSB01349\sce_module\libult.suprx") module_start returned 0x0
[18:45:24.791] |W| [unimplemented_impl]: Unimplemented sceAppUtilInit import called.
[18:45:24.793] |W| [stubbed_impl]: Stubbed sceGxmMapMemory import called. (always return success)
[18:45:24.794] |W| [stubbed_impl]: Stubbed sceGxmMapFragmentUsseMemory import called. (always return success)
[18:45:24.860] |W| [stubbed_impl]: Stubbed sceGxmMapVertexUsseMemory import called. (always return success)
[18:45:24.863] |W| [unimplemented_impl]: Unimplemented sceNetCtlInit import called.
[18:45:24.865] |W| [unimplemented_impl]: Unimplemented sceSslInit import called.
[18:45:24.865] |W| [unimplemented_impl]: Unimplemented sceHttpInit import called.
[18:45:24.866] |W| [stubbed_impl]: Stubbed sceNetCtlInetGetState import called. (state = SCE_NETCTL_STATE_DISCONNECTED)
[18:45:24.873] |W| [stubbed_impl]: Stubbed sceNetCtlCheckCallback import called. (Stub)
[18:45:24.888] |I| [export_sceIoOpen]: Opening file: app0:/games/game.win
[18:45:24.891] |E| [call_import]: Import function for NID 0xE340C006 not found (thread name: PCSB01349, thread ID: 6)
[18:45:24.892] |I| [export_sceIoOpen]: Opening file: savedata0:/app0:/games/options.ini
[18:45:24.892] |I| [export_sceIoOpen]: Opening file: savedata0:/app0:/games/options.ini
[18:45:24.893] |I| [export_sceIoOpen]: Opening file: savedata0:/app0:/games/options.ini
[18:45:24.934] |I| [export_sceIoOpen]: Opening file: app0:/games/game.yydebug
[18:45:24.934] |E| [open_file]: Missing file at D:/Emulateurs/Vita3K/mc/ux0/app/PCSB01349/games/game.yydebug (target path: app0:/games/game.yydebug)
[18:45:24.934] |W| [io_error_impl]: open_file (sceIoOpen) returned 0x80010002
[18:45:24.935] |I| [export_sceIoOpen]: Opening file: app0:/games/game.win
[18:45:25.125] |I| [export_sceIoOpen]: Opening file: savedata0:/hiscore.dat
[18:45:25.125] |E| [open_file]: Missing file at D:/Emulateurs/Vita3K/mc/ux0/user/00/savedata/PCSB01349/hiscore.dat (target path: savedata0:/hiscore.dat)
[18:45:25.125] |W| [io_error_impl]: open_file (sceIoOpen) returned 0x80010002
[18:45:25.130] |I| [export_sceIoOpen]: Opening file: savedata0:/gamecontrollerdb.txt
[18:45:25.130] |E| [open_file]: Missing file at D:/Emulateurs/Vita3K/mc/ux0/user/00/savedata/PCSB01349/gamecontrollerdb.txt (target path: savedata0:/gamecontrollerdb.txt)
[18:45:25.130] |W| [io_error_impl]: open_file (sceIoOpen) returned 0x80010002
[18:45:25.130] |I| [export_sceIoOpen]: Opening file: app0:/games/gamecontrollerdb.txt
[18:45:25.131] |E| [open_file]: Missing file at D:/Emulateurs/Vita3K/mc/ux0/app/PCSB01349/games/gamecontrollerdb.txt (target path: app0:/games/gamecontrollerdb.txt)
[18:45:25.131] |W| [io_error_impl]: open_file (sceIoOpen) returned 0x80010002
[18:45:25.134] |I| [export_sceIoOpen]: Opening file: savedata0:/playerachievementcache.dat
[18:45:25.134] |E| [open_file]: Missing file at D:/Emulateurs/Vita3K/mc/ux0/user/00/savedata/PCSB01349/playerachievementcache.dat (target path: savedata0:/playerachievementcache.dat)
[18:45:25.134] |W| [io_error_impl]: open_file (sceIoOpen) returned 0x80010002
[18:45:25.140] |W| [stubbed_impl]: Stubbed sceKernelGetFreeMemorySize import called. (Single pool)
[18:45:25.141] |W| [unimplemented_impl]: Unimplemented sceGxmTextureValidate import called.
[18:45:25.207] |W| [unimplemented_impl]: Unimplemented sceAppMgrAcquireBgmPort import called.
[18:45:25.258] |I| [export_sceIoOpen]: Opening file: app0:/games/PSNSampleProj.ini
[18:45:25.259] |E| [open_file]: Missing file at D:/Emulateurs/Vita3K/mc/ux0/app/PCSB01349/games/PSNSampleProj.ini (target path: app0:/games/PSNSampleProj.ini)
[18:45:25.259] |W| [io_error_impl]: open_file (sceIoOpen) returned 0x80010002
[18:45:25.259] |I| [export_sceIoOpen]: Opening file: savedata0:/PSNSampleProj.ini
[18:45:25.259] |E| [open_file]: Missing file at D:/Emulateurs/Vita3K/mc/ux0/user/00/savedata/PCSB01349/PSNSampleProj.ini (target path: savedata0:/PSNSampleProj.ini)
[18:45:25.259] |W| [io_error_impl]: open_file (sceIoOpen) returned 0x80010002
[18:45:25.259] |I| [export_sceIoOpen]: Opening file: app0:/games/options.ini
[18:45:25.260] |I| [export_sceIoOpen]: Opening file: savedata0:/options.ini
[18:45:25.260] |E| [open_file]: Missing file at D:/Emulateurs/Vita3K/mc/ux0/user/00/savedata/PCSB01349/options.ini (target path: savedata0:/options.ini)
[18:45:25.260] |W| [io_error_impl]: open_file (sceIoOpen) returned 0x80010002
[18:45:25.260] |I| [export_sceIoOpen]: Opening file: app0:/games/options.ini
[18:45:25.263] |W| [unimplemented_impl]: Unimplemented sceNpBasicInit import called.
[18:45:25.263] |W| [unimplemented_impl]: Unimplemented sceNpLookupInit import called.
[18:45:25.265] |W| [unimplemented_impl]: Unimplemented sceMotionReset import called.
[18:45:25.265] |W| [unimplemented_impl]: Unimplemented sceMotionStartSampling import called.
[18:45:25.266] |W| [stubbed_impl]: Stubbed __sceAppMgrGetAppState import called. (Set to 0.)
[18:45:25.266] |W| [unimplemented_impl]: Unimplemented sceCtrlGetWirelessControllerInfo import called.
[18:45:25.300] |W| [unimplemented_impl]: Unimplemented sceMotionGetState import called.
[18:45:25.836] |W| [unimplemented_impl]: Unimplemented sceCommonDialogUpdate import called.
[18:45:25.839] |W| [stubbed_impl]: Stubbed sceNpTrophyCreateHandle import called. (Stubbed handle with 1)
[18:45:25.840] |W| [stubbed_impl]: Stubbed sceNpTrophyDestroyHandle import called. (Stubbed with SCE_OK)
[18:45:25.841] |I| [export_sceIoOpen]: Opening file: app0:/games/savefile.sav
[18:45:25.841] |E| [open_file]: Missing file at D:/Emulateurs/Vita3K/mc/ux0/app/PCSB01349/games/savefile.sav (target path: app0:/games/savefile.sav)
[18:45:25.841] |W| [io_error_impl]: open_file (sceIoOpen) returned 0x80010002
[18:45:25.848] |I| [renderer::gl::load_shader_generic]: Generating frag shader 1cb20053d85431ef8b8ba077b45fc87b11d886f4d3688411a4e5afe43bda16a9
[18:45:25.849] |D| [shader::create_fragment_inputs]: Iterator: pa0 = (float4) v_Color0
[18:45:25.852] |I| [renderer::gl::load_shader_generic]: Generating vert shader 9622051182914dd8284a5961bd82278b07d06690703753be3f2eca23e23e6e84
[18:45:25.852] |D| [shader::create_parameters]: [BUFFER0  + 0] pa0 = (float4) aPosition
[18:45:25.852] |D| [shader::create_parameters]: [DEFAULT  + 0] sa0 = (float4) color
[18:45:25.860] |I| [renderer::gl::load_shader_generic]: Generating frag shader b48c128b9a63bc410b3209358f74e958a23e099df8a7804177c195d5f93ee651
[18:45:25.860] |D| [shader::create_fragment_inputs]: Iterator: pa0 = (float4) v_Color0
[18:45:25.862] |I| [renderer::gl::load_shader_generic]: Generating vert shader 304d8634f623ef6cc9b9c81e4b052c85833693a182b124ba51877643f1327499
[18:45:25.863] |D| [shader::create_parameters]: [BUFFER0  + 0] pa0 = (float4) input_aPosition
[18:45:25.863] |D| [shader::create_parameters]: [BUFFER0  + 4] pa4 = (float4) input_aColour
[18:45:25.863] |D| [shader::create_parameters]: [BUFFER0  + 8] pa8 = (float4) input_aTexCoord
[18:45:25.863] |D| [shader::create_parameters]: [DEFAULT  + 0] sa0 = (float4) gm_Matrices[20]
[18:45:25.866] |E| [renderer::gl::compile_program]: Vertex info
-----------
0(26) : warning C7050: "internals[0].w" might be used before being initialized


[18:45:25.870] |I| [export_sceIoOpen]: Opening file: savedata0:/savefile.sav
[18:45:25.872] |I| [export_sceIoOpen]: Opening file: savedata0:/savefile.sav
[18:45:25.873] |W| [stubbed_impl]: Stubbed sceDisplayWaitVblankStart import called. (wait for vblank)
