[07:49:38.680] |I| [load_app_impl]: cpu-backend: Dynarmic
[07:49:38.680] |I| [load_app_impl]: CPU Optimisation state: true
[07:49:38.680] |I| [load_app_impl]: at9 audio decoder state: true
[07:49:38.681] |I| [load_app_impl]: ngs experimental state: true
[07:49:38.681] |I| [load_app_impl]: video player state: true
[07:49:38.682] |I| [load_app_impl]: lle-modules: libSceJson,liblocation,libSceXml,libpgf,libvoice,librudp,libSceSqlite,libvoiceqos,libsas
[07:49:38.682] |I| [load_app_impl]: Title: Total Recoil
[07:49:38.683] |I| [load_app_impl]: Serial: PCSB00355
[07:49:38.683] |I| [load_app_impl]: Version: 1.01
[07:49:38.684] |I| [load_app_impl]: Category: gp
[07:49:38.769] |C| [load_self]: Unknown segment type 0x6FFFFF01
[07:49:38.770] |I| [load_self]: Loaded module segment 0 @ [0x00007000 - 0x000514B0 / 0x81000000] (size: 0x0004A4B0) of module ux0:app\PCSB00355\sce_module\libc.suprx
[07:49:38.770] |I| [load_self]: Loaded module segment 1 @ [0x00052000 - 0x000546F4 / 0x8104B000] (size: 0x000026F4) of module ux0:app\PCSB00355\sce_module\libc.suprx
[07:49:38.771] |I| [load_self]: Loading symbols for SELF: ux0:app\PCSB00355\sce_module\libc.suprx
[07:49:38.772] |D| [load_var_exports]: 	NID 0x6C2224BA (NID_MODULE_INFO) at 0x3DF30
[07:49:38.772] |W| [load_var_imports]: 	NID NOT FOUND 0x93B8AA67 (UNRECOGNISED) at 0x41DF0, setting to stub value 0xDEADBEEF
[07:49:38.773] |W| [load_var_imports]: 	NID NOT FOUND 0xDF084DFA (UNRECOGNISED) at 0x434A4, setting to stub value 0xDEADBEEF
[07:49:38.774] |I| [pre_load_module]: Pre-load module SceLibc (at "app\PCSB00355\sce_module\libc.suprx") loaded
[07:49:38.781] |C| [load_self]: Unknown segment type 0x6FFFFF01
[07:49:38.781] |I| [load_self]: Loaded module segment 0 @ [0x00057000 - 0x0007B22C / 0x81000000] (size: 0x0002422C) of module ux0:app\PCSB00355\sce_module\libfios2.suprx
[07:49:38.782] |I| [load_self]: Loaded module segment 1 @ [0x0007C000 - 0x000811A4 / 0x81025000] (size: 0x000051A4) of module ux0:app\PCSB00355\sce_module\libfios2.suprx
[07:49:38.783] |I| [load_self]: Loading symbols for SELF: ux0:app\PCSB00355\sce_module\libfios2.suprx
[07:49:38.786] |D| [load_var_exports]: 	NID 0x6C2224BA (NID_MODULE_INFO) at 0x73B70
[07:49:38.786] |I| [pre_load_module]: Pre-load module SceLibFios2 (at "app\PCSB00355\sce_module\libfios2.suprx") loaded
[07:49:38.805] |C| [load_self]: Unknown segment type 0x6FFFFF01
[07:49:38.805] |I| [load_self]: Loaded module segment 0 @ [0x00082000 - 0x00096144 / 0x81000000] (size: 0x00014144) of module ux0:app\PCSB00355\sce_module\libult.suprx
[07:49:38.806] |I| [load_self]: Loaded module segment 1 @ [0x00097000 - 0x00097814 / 0x81015000] (size: 0x00000814) of module ux0:app\PCSB00355\sce_module\libult.suprx
[07:49:38.807] |I| [load_self]: Loading symbols for SELF: ux0:app\PCSB00355\sce_module\libult.suprx
[07:49:38.807] |D| [load_var_exports]: 	NID 0x6C2224BA (NID_MODULE_INFO) at 0x921CC
[07:49:38.808] |I| [pre_load_module]: Pre-load module SceUlt (at "app\PCSB00355\sce_module\libult.suprx") loaded
[07:49:38.814] |I| [load_self]: Loaded module segment 0 @ [0x00098000 - 0x000E8F04 / 0x81000000] (size: 0x00050F04) of module vs0:sys/external/libSceFt2.suprx
[07:49:38.816] |I| [load_self]: Loaded module segment 1 @ [0x000E9000 - 0x000E92F4 / 0x81051000] (size: 0x000002F4) of module vs0:sys/external/libSceFt2.suprx
[07:49:38.817] |I| [load_self]: Loading symbols for SELF: vs0:sys/external/libSceFt2.suprx
[07:49:38.818] |D| [load_var_exports]: 	NID 0x936C8A78 (SYSLYB) at 0xD47DC
[07:49:38.818] |D| [load_var_exports]: 	NID 0x6C2224BA (NID_MODULE_INFO) at 0xD3F10
[07:49:38.819] |I| [pre_load_module]: Pre-load module SceLibft2 (at "sys/external/libSceFt2.suprx") loaded
[07:49:38.820] |I| [load_self]: Loaded module segment 0 @ [0x000EA000 - 0x000F9F14 / 0x81000000] (size: 0x0000FF14) of module vs0:sys/external/libpvf.suprx
[07:49:38.821] |I| [load_self]: Loaded module segment 1 @ [0x000FA000 - 0x000FA008 / 0x81010000] (size: 0x00000008) of module vs0:sys/external/libpvf.suprx
[07:49:38.821] |I| [load_self]: Loading symbols for SELF: vs0:sys/external/libpvf.suprx
[07:49:38.822] |D| [load_var_exports]: 	NID 0x936C8A78 (SYSLYB) at 0xF8710
[07:49:38.822] |D| [load_var_exports]: 	NID 0x6C2224BA (NID_MODULE_INFO) at 0xF8300
[07:49:38.823] |I| [pre_load_module]: Pre-load module SceLibPvf (at "sys/external/libpvf.suprx") loaded
[07:49:38.876] |C| [load_self]: Unknown segment type 0x6FFFFF01
[07:49:38.876] |I| [load_self]: Loaded module segment 0 @ [0x81000000 - 0x8113DE60 / 0x81000000] (size: 0x0013DE60) of module app0:eboot.bin
[07:49:38.877] |I| [load_self]: Loaded module segment 1 @ [0x8113E000 - 0x8124342C / 0x8113E000] (size: 0x0010542C) of module app0:eboot.bin
[07:49:38.878] |I| [load_self]: Loading symbols for SELF: app0:eboot.bin
[07:49:38.878] |D| [load_var_exports]: 	NID 0x6C2224BA (NID_MODULE_INFO) at 0x811161B8
[07:49:38.879] |D| [load_var_exports]: 	NID 0x70FBA1E7 (SCE_PROC_PARAMS) at 0x8113E898
[07:49:38.879] |I| [load_app_impl]: Main executable Squaddies (eboot.bin) loaded
[07:49:38.887] |D| [run_app]: Running module_start of library: SceLibc at address 0x77F1
[07:49:38.904] |I| [run_app]: Module SceLibc (at "ux0:app\PCSB00355\sce_module\libc.suprx") module_start returned 0x0
[07:49:38.908] |D| [run_app]: Running module_start of library: SceLibFios2 at address 0x57001
[07:49:38.916] |W| [stubbed_impl]: Stubbed sceKernelGetProcessId import called. (pid: 0)
[07:49:38.916] |D| [export_sceFiosOverlayGetList02]: maxIDs: 255
[07:49:38.917] |W| [unimplemented_impl]: Unimplemented sceFiosOverlayGetList02 import called.
[07:49:38.917] |I| [run_app]: Module SceLibFios2 (at "ux0:app\PCSB00355\sce_module\libfios2.suprx") module_start returned 0x0
[07:49:38.921] |D| [run_app]: Running module_start of library: SceUlt at address 0x8584D
[07:49:38.928] |W| [unimplemented_impl]: Unimplemented _sceUlobjMgrRegisterLibultProtocolRevision import called.
[07:49:38.929] |I| [run_app]: Module SceUlt (at "ux0:app\PCSB00355\sce_module\libult.suprx") module_start returned 0x0
[07:49:38.935] |W| [unimplemented_impl]: Unimplemented sceKernelRegisterThreadEventHandler import called.
[07:49:38.936] |W| [unimplemented_impl]: Unimplemented sceAppUtilInit import called.
[07:49:39.273] |W| [unimplemented_impl]: Unimplemented sceCommonDialogSetConfigParam import called.
[07:49:39.282] |W| [stubbed_impl]: Stubbed sceKernelWaitSemaCB import called. (no CB)
[07:49:39.356] |W| [stubbed_impl]: Stubbed sceGxmMapMemory import called. (always return success)
[07:49:39.439] |W| [stubbed_impl]: Stubbed sceGxmMapFragmentUsseMemory import called. (always return success)
[07:49:39.467] |W| [stubbed_impl]: Stubbed sceGxmMapVertexUsseMemory import called. (always return success)
[07:49:39.545] |I| [export_sceIoOpen]: Opening file: app0:global.sar
[07:49:39.545] |E| [open_file]: Missing file at D:/Emulateurs/Vita3K/mc/ux0/app/PCSB00355/global.sar (target path: app0:global.sar)
[07:49:39.546] |W| [io_error_impl]: open_file (sceIoOpen) returned 0x80010002
[07:49:39.568] |W| [unimplemented_impl]: Unimplemented sceMotionStartSampling import called.
[07:49:39.572] |W| [unimplemented_impl]: Unimplemented sceNgsVoiceSetFinishedCallback import called.
[07:49:39.572] |D| [export_sceNgsVoicePlay]: sceNgsVoicePlay: 1
[07:49:39.588] |W| [unimplemented_impl]: Unimplemented sceAudioOutGetAdopt import called.
[07:49:39.801] |W| [stubbed_impl]: Stubbed sceNpTrophyCreateHandle import called. (Stubbed handle with 1)
[07:49:39.802] |W| [unimplemented_impl]: Unimplemented sceNpScoreInit import called.
[07:49:39.802] |W| [unimplemented_impl]: Unimplemented sceNpScoreCreateTitleCtx import called.
[07:49:39.803] |W| [unimplemented_impl]: Unimplemented sceNpBasicInit import called.
[07:49:39.820] |W| [unimplemented_impl]: Unimplemented sceNetCtlInit import called.
[07:49:39.820] |W| [unimplemented_impl]: Unimplemented sceSslInit import called.
[07:49:39.820] |W| [unimplemented_impl]: Unimplemented sceHttpInit import called.
[07:49:39.821] |W| [stubbed_impl]: Stubbed sceNetCtlInetGetState import called. (state = SCE_NETCTL_STATE_DISCONNECTED)
[07:49:39.821] |W| [unimplemented_im