[06:21:04.505] |I| [load_app_impl]: cpu-backend: Dynarmic
[06:21:04.506] |I| [load_app_impl]: CPU Optimisation state: true
[06:21:04.506] |I| [load_app_impl]: at9 audio decoder state: true
[06:21:04.506] |I| [load_app_impl]: ngs experimental state: true
[06:21:04.506] |I| [load_app_impl]: video player state: true
[06:21:04.506] |I| [load_app_impl]: lle-modules: libpgf,libSceXml,libsas,liblocation,libhandwriting,libSceJson,librudp
[06:21:04.506] |I| [load_app_impl]: Title: Fallen Legion: Flames of Rebellion
[06:21:04.507] |I| [load_app_impl]: Serial: PCSB01136
[06:21:04.507] |I| [load_app_impl]: Version: 1.09
[06:21:04.507] |I| [load_app_impl]: Category: gp
[06:21:04.526] |C| [load_self]: Unknown segment type 0x6FFFFF01
[06:21:04.526] |I| [load_self]: Loaded module segment 0 @ [0x00007000 - 0x000588A4 / 0x81000000] (size: 0x000518A4) of module ux0:app\PCSB01136\sce_module\libc.suprx
[06:21:04.526] |I| [load_self]: Loaded module segment 1 @ [0x00059000 - 0x0005B8A0 / 0x81052000] (size: 0x000028A0) of module ux0:app\PCSB01136\sce_module\libc.suprx
[06:21:04.526] |I| [load_self]: Loading symbols for SELF: ux0:app\PCSB01136\sce_module\libc.suprx
[06:21:04.527] |D| [load_var_exports]: 	NID 0x936C8A78 (SYSLYB) at 0x4E314
[06:21:04.529] |D| [load_var_exports]: 	NID 0x6C2224BA (NID_MODULE_INFO) at 0x434DC
[06:21:04.529] |W| [load_var_imports]: 	NID NOT FOUND 0x93B8AA67 (UNRECOGNISED) at 0x4763C, setting to stub value 0xDEADBEEF
[06:21:04.530] |W| [load_var_imports]: 	NID NOT FOUND 0xDF084DFA (UNRECOGNISED) at 0x491D0, setting to stub value 0xDEADBEEF
[06:21:04.531] |I| [pre_load_module]: Pre-load module SceLibc (at "app\PCSB01136\sce_module\libc.suprx") loaded
[06:21:04.538] |C| [load_self]: Unknown segment type 0x6FFFFF01
[06:21:04.538] |I| [load_self]: Loaded module segment 0 @ [0x0005E000 - 0x00077000 / 0x81000000] (size: 0x00019000) of module ux0:app\PCSB01136\sce_module\libface.suprx
[06:21:04.538] |I| [load_self]: Loaded module segment 1 @ [0x00077000 - 0x000770F8 / 0x81019000] (size: 0x000000F8) of module ux0:app\PCSB01136\sce_module\libface.suprx
[06:21:04.539] |I| [load_self]: Loading symbols for SELF: ux0:app\PCSB01136\sce_module\libface.suprx
[06:21:04.539] |D| [load_var_exports]: 	NID 0x6C2224BA (NID_MODULE_INFO) at 0x73DA4
[06:21:04.539] |D| [load_var_exports]: 	NID 0x936C8A78 (SYSLYB) at 0x76784
[06:21:04.539] |I| [pre_load_module]: Pre-load module SceFace (at "app\PCSB01136\sce_module\libface.suprx") loaded
[06:21:04.549] |C| [load_self]: Unknown segment type 0x6FFFFF01
[06:21:04.549] |I| [load_self]: Loaded module segment 0 @ [0x00078000 - 0x000A4CBF / 0x81000000] (size: 0x0002CCBF) of module ux0:app\PCSB01136\sce_module\libfios2.suprx
[06:21:04.549] |I| [load_self]: Loaded module segment 1 @ [0x000A5000 - 0x000AA255 / 0x8102D000] (size: 0x00005255) of module ux0:app\PCSB01136\sce_module\libfios2.suprx
[06:21:04.549] |I| [load_self]: Loading symbols for SELF: ux0:app\PCSB01136\sce_module\libfios2.suprx
[06:21:04.549] |D| [load_var_exports]: 	NID 0x936C8A78 (SYSLYB) at 0xA4BC8
[06:21:04.549] |D| [load_var_exports]: 	NID 0x6C2224BA (NID_MODULE_INFO) at 0x9BF08
[06:21:04.550] |I| [pre_load_module]: Pre-load module SceLibFios2 (at "app\PCSB01136\sce_module\libfios2.suprx") loaded
[06:21:04.600] |C| [load_self]: Unknown segment type 0x6FFFFF01
[06:21:04.601] |I| [load_self]: Loaded module segment 0 @ [0x000AB000 - 0x002B8AF4 / 0x81000000] (size: 0x0020DAF4) of module ux0:app\PCSB01136\sce_module\libsmart.suprx
[06:21:04.601] |I| [load_self]: Loaded module segment 1 @ [0x002B9000 - 0x002BC444 / 0x8120E000] (size: 0x00003444) of module ux0:app\PCSB01136\sce_module\libsmart.suprx
[06:21:04.601] |I| [load_self]: Loading symbols for SELF: ux0:app\PCSB01136\sce_module\libsmart.suprx
[06:21:04.601] |D| [load_var_exports]: 	NID 0x6C2224BA (NID_MODULE_INFO) at 0x156528
[06:21:04.601] |D| [load_var_exports]: 	NID 0x936C8A78 (SYSLYB) at 0x15D90C
[06:21:04.602] |I| [pre_load_module]: Pre-load module SceSmart (at "app\PCSB01136\sce_module\libsmart.suprx") loaded
[06:21:04.606] |C| [load_self]: Unknown segment type 0x6FFFFF01
[06:21:04.606] |I| [load_self]: Loaded module segment 0 @ [0x002BD000 - 0x002D09BC / 0x81000000] (size: 0x000139BC) of module ux0:app\PCSB01136\sce_module\libult.suprx
[06:21:04.606] |I| [load_self]: Loaded module segment 1 @ [0x002D1000 - 0x002D1814 / 0x81014000] (size: 0x00000814) of module ux0:app\PCSB01136\sce_module\libult.suprx
[06:21:04.606] |I| [load_self]: Loading symbols for SELF: ux0:app\PCSB01136\sce_module\libult.suprx
[06:21:04.607] |D| [load_var_exports]: 	NID 0x936C8A78 (SYSLYB) at 0x2CF2E8
[06:21:04.607] |D| [load_var_exports]: 	NID 0x6C2224BA (NID_MODULE_INFO) at 0x2CC870
[06:21:04.607] |I| [pre_load_module]: Pre-load module SceUlt (at "app\PCSB01136\sce_module\libult.suprx") loaded
[06:21:04.614] |I| [load_self]: Loaded module segment 0 @ [0x002D2000 - 0x00322F04 / 0x81000000] (size: 0x00050F04) of module vs0:sys/external/libSceFt2.suprx
[06:21:04.614] |I| [load_self]: Loaded module segment 1 @ [0x00323000 - 0x003232F4 / 0x81051000] (size: 0x000002F4) of module vs0:sys/external/libSceFt2.suprx
[06:21:04.615] |I| [load_self]: Loading symbols for SELF: vs0:sys/external/libSceFt2.suprx
[06:21:04.615] |D| [load_var_exports]: 	NID 0x936C8A78 (SYSLYB) at 0x30E7DC
[06:21:04.615] |D| [load_var_exports]: 	NID 0x6C2224BA (NID_MODULE_INFO) at 0x30DF10
[06:21:04.615] |I| [pre_load_module]: Pre-load module SceLibft2 (at "sys/external/libSceFt2.suprx") loaded
[06:21:04.617] |I| [load_self]: Loaded module segment 0 @ [0x00324000 - 0x00333F14 / 0x81000000] (size: 0x0000FF14) of module vs0:sys/external/libpvf.suprx
[06:21:04.617] |I| [load_self]: Loaded module segment 1 @ [0x00334000 - 0x00334008 / 0x81010000] (size: 0x00000008) of module vs0:sys/external/libpvf.suprx
[06:21:04.618] |I| [load_self]: Loading symbols for SELF: vs0:sys/external/libpvf.suprx
[06:21:04.618] |D| [load_var_exports]: 	NID 0x936C8A78 (SYSLYB) at 0x332710
[06:21:04.618] |D| [load_var_exports]: 	NID 0x6C2224BA (NID_MODULE_INFO) at 0x332300
[06:21:04.618] |I| [pre_load_module]: Pre-load module SceLibPvf (at "sys/external/libpvf.suprx") loaded
[06:21:05.054] |C| [load_self]: Unknown segment type 0x6FFFFF01
[06:21:05.054] |I| [load_self]: Loaded module segment 0 @ [0x00335000 - 0x013215D0 / 0x81000000] (size: 0x00FEC5D0) of module app0:eboot.bin
[06:21:05.054] |I| [load_self]: Loaded module segment 1 @ [0x01322000 - 0x0147FA10 / 0x81FED000] (size: 0x0015DA10) of module app0:eboot.bin
[06:21:05.054] |I| [load_self]: Loading symbols for SELF: app0:eboot.bin
[06:21:05.055] |D| [load_var_exports]: 	NID 0x6C2224BA (NID_MODULE_INFO) at 0x11168C4
[06:21:05.055] |D| [load_var_exports]: 	NID 0x70FBA1E7 (SCE_PROC_PARAMS) at 0x134BF08
[06:21:05.055] |D| [load_var_exports]: 	NID 0x936C8A78 (SYSLYB) at 0x1273010
[06:21:05.055] |W| [load_var_imports]: 	NID NOT FOUND 0x338B0BD1 (UNRECOGNISED) at 0x1161DB4, setting to stub value 0xDEADBEEF
[06:21:05.056] |W| [load_var_imports]: 	NID NOT FOUND 0x3A451B91 (UNRECOGNISED) at 0x1161DA0, setting to stub value 0xDEADBEEF
[06:21:05.056] |W| [load_var_imports]: 	NID NOT FOUND 0x550DFE23 (UNRECOGNISED) at 0x1161DC8, setting to stub value 0xDEADBEEF
[06:21:05.057] |W| [load_var_imports]: 	NID NOT FOUND 0x56354517 (UNRECOGNISED) at 0x1161D68, setting to stub value 0xDEADBEEF
[06:21:05.057] |W| [load_var_imports]: 	NID NOT FOUND 0x5EF67445 (UNRECOGNISED) at 0x1161E2C, setting to stub value 0xDEADBEEF
[06:21:05.058] |W| [load_var_imports]: 	NID NOT FOUND 0x6ACA1D57 (UNRECOGNISED) at 0x1161DF0, setting to stub value 0xDEADBEEF
[06:21:05.059] |W| [load_var_imports]: 	NID NOT FOUND 0x71A78083 (UNRECOGNISED) at 0x1161D8C, setting to stub value 0xDEADBEEF
[06:21:05.059] |W| [load_var_imports]: 	NID NOT FOUND 0x79F9DB75 (UNRECOGNISED) at 0x1161DDC, setting to stub value 0xDEADBEEF
[06:21:05.060] |W| [load_var_imports]: 	NID NOT FOUND 0xAA0340C3 (UNRECOGNISED) at 0x1161E04, setting to stub value 0xDEADBEEF
[06:21:05.060] |W| [load_var_imports]: 	NID NOT FOUND 0xF9A1DE92 (UNRECOGNISED) at 0x1161E18, setting to stub value 0xDEADBEEF
[06:21:05.062] |I| [load_app_impl]: 