[21:42:45.772] |I| [load_app_impl]: ngs experimental state: true
[21:42:45.772] |I| [load_app_impl]: video player state: true
[21:42:45.772] |I| [load_app_impl]: auto-lle: enabled
[21:42:45.772] |I| [load_app_impl]: Title: Shiren The Wanderer: The Tower of Fortune and the Dice of Fate
[21:42:45.773] |I| [load_app_impl]: Serial: PCSB00989
[21:42:45.773] |I| [load_app_impl]: Version: 1.00
[21:42:45.773] |I| [load_app_impl]: Category: gd
[21:42:45.850] |C| [load_self]: Unknown segment type 0x6FFFFF01
[21:42:45.850] |I| [load_self]: Loaded module segment 0 @ [0x00004000 - 0x00053C54 / 0x81000000] (size: 0x0004FC54) of module ux0:app\PCSB00989\sce_module\libc.suprx
[21:42:45.850] |I| [load_self]: Loaded module segment 1 @ [0x00054000 - 0x00056688 / 0x81050000] (size: 0x00002688) of module ux0:app\PCSB00989\sce_module\libc.suprx
[21:42:45.850] |I| [load_self]: Loading symbols for SELF: ux0:app\PCSB00989\sce_module\libc.suprx
[21:42:45.851] |D| [load_var_exports]: 	NID 0x936C8A78 (SYSLYB) at 0x49744
[21:42:45.851] |D| [load_var_exports]: 	NID 0x6C2224BA (NID_MODULE_INFO) at 0x3F4F8
[21:42:45.851] |W| [load_var_imports]: 	NID NOT FOUND 0x93B8AA67 (UNRECOGNISED) at 0x43520, setting to stub value 0xDEADBEEF
[21:42:45.852] |W| [load_var_imports]: 	NID NOT FOUND 0xDF084DFA (UNRECOGNISED) at 0x450A4, setting to stub value 0xDEADBEEF
[21:42:45.852] |I| [pre_load_module]: Pre-load module SceLibc (at "app\PCSB00989\sce_module\libc.suprx") loaded
[21:42:45.857] |C| [load_self]: Unknown segment type 0x6FFFFF01
[21:42:45.857] |I| [load_self]: Loaded module segment 0 @ [0x00059000 - 0x0008433C / 0x81000000] (size: 0x0002B33C) of module ux0:app\PCSB00989\sce_module\libfios2.suprx
[21:42:45.858] |I| [load_self]: Loaded module segment 1 @ [0x00085000 - 0x0008A23D / 0x8102C000] (size: 0x0000523D) of module ux0:app\PCSB00989\sce_module\libfios2.suprx
[21:42:45.858] |I| [load_self]: Loading symbols for SELF: ux0:app\PCSB00989\sce_module\libfios2.suprx
[21:42:45.859] |D| [load_var_exports]: 	NID 0x936C8A78 (SYSLYB) at 0x84244
[21:42:45.859] |D| [load_var_exports]: 	NID 0x6C2224BA (NID_MODULE_INFO) at 0x7B878
[21:42:45.859] |I| [pre_load_module]: Pre-load module SceLibFios2 (at "app\PCSB00989\sce_module\libfios2.suprx") loaded
[21:42:45.862] |C| [load_self]: Unknown segment type 0x6FFFFF01
[21:42:45.862] |I| [load_self]: Loaded module segment 0 @ [0x0008B000 - 0x0009E9A4 / 0x81000000] (size: 0x000139A4) of module ux0:app\PCSB00989\sce_module\libult.suprx
[21:42:45.863] |I| [load_self]: Loaded module segment 1 @ [0x0009F000 - 0x0009F814 / 0x81014000] (size: 0x00000814) of module ux0:app\PCSB00989\sce_module\libult.suprx
[21:42:45.864] |I| [load_self]: Loading symbols for SELF: ux0:app\PCSB00989\sce_module\libult.suprx
[21:42:45.864] |D| [load_var_exports]: 	NID 0x936C8A78 (SYSLYB) at 0x9D2D0
[21:42:45.864] |D| [load_var_exports]: 	NID 0x6C2224BA (NID_MODULE_INFO) at 0x9A858
[21:42:45.865] |I| [pre_load_module]: Pre-load module SceUlt (at "app\PCSB00989\sce_module\libult.suprx") loaded
[21:42:45.871] |I| [load_self]: Loaded module segment 0 @ [0x000A0000 - 0x000F0F04 / 0x81000000] (size: 0x00050F04) of module vs0:sys/external/libSceFt2.suprx
[21:42:45.872] |I| [load_self]: Loaded module segment 1 @ [0x000F1000 - 0x000F12F4 / 0x81051000] (size: 0x000002F4) of module vs0:sys/external/libSceFt2.suprx
[21:42:45.872] |I| [load_self]: Loading symbols for SELF: vs0:sys/external/libSceFt2.suprx
[21:42:45.873] |D| [load_var_exports]: 	NID 0x936C8A78 (SYSLYB) at 0xDC7DC
[21:42:45.873] |D| [load_var_exports]: 	NID 0x6C2224BA (NID_MODULE_INFO) at 0xDBF10
[21:42:45.873] |I| [pre_load_module]: Pre-load module SceLibft2 (at "sys/external/libSceFt2.suprx") loaded
[21:42:45.875] |I| [load_self]: Loaded module segment 0 @ [0x000F2000 - 0x00101F14 / 0x81000000] (size: 0x0000FF14) of module vs0:sys/external/libpvf.suprx
[21:42:45.875] |I| [load_self]: Loaded module segment 1 @ [0x00102000 - 0x00102008 / 0x81010000] (size: 0x00000008) of module vs0:sys/external/libpvf.suprx
[21:42:45.877] |I| [load_self]: Loading symbols for SELF: vs0:sys/external/libpvf.suprx
[21:42:45.877] |D| [load_var_exports]: 	NID 0x936C8A78 (SYSLYB) at 0x100710
[21:42:45.878] |D| [load_var_exports]: 	NID 0x6C2224BA (NID_MODULE_INFO) at 0x100300
[21:42:45.878] |I| [pre_load_module]: Pre-load module SceLibPvf (at "sys/external/libpvf.suprx") loaded
[21:42:45.992] |C| [load_self]: Unknown segment type 0x6FFFFF01
[21:42:45.993] |I| [load_self]: Loaded module segment 0 @ [0x00103000 - 0x004B0050 / 0x81000000] (size: 0x003AD050) of module app0:eboot.bin
[21:42:45.993] |I| [load_self]: Loaded module segment 1 @ [0x004B1000 - 0x0073E590 / 0x813AE000] (size: 0x0028D590) of module app0:eboot.bin
[21:42:45.994] |I| [load_self]: Loading symbols for SELF: app0:eboot.bin
[21:42:45.994] |D| [load_var_exports]: 	NID 0x6C2224BA (NID_MODULE_INFO) at 0x3D3324
[21:42:45.994] |D| [load_var_exports]: 	NID 0x70FBA1E7 (SCE_PROC_PARAMS) at 0x508670
[21:42:45.995] |D| [load_var_exports]: 	NID 0x936C8A78 (SYSLYB) at 0x46C4C8
[21:42:45.995] |I| [load_app_impl]: Main executable project (eboot.bin) loaded
[21:42:45.997] |D| [run_app]: Running module_start of library: SceLibc at address 0x4871
[21:42:46.001] |I| [run_app]: Module SceLibc (at "ux0:app\PCSB00989\sce_module\libc.suprx") module_start returned 0x0
[21:42:46.002] |D| [run_app]: Running module_start of library: SceLibFios2 at address 0x59001
[21:42:46.004] |W| [stubbed_impl]: Stubbed sceKernelGetProcessId import called. (pid: 0)
[21:42:46.004] |D| [export_sceFiosOverlayGetList02]: maxIDs: 127
[21:42:46.004] |W| [unimplemented_impl]: Unimplemented sceFiosOverlayGetList02 import called.
[21:42:46.004] |I| [run_app]: Module SceLibFios2 (at "ux0:app\PCSB00989\sce_module\libfios2.suprx") module_start returned 0x0
[21:42:46.005] |D| [run_app]: Running module_start of library: SceUlt at address 0x8E769
[21:42:46.007] |W| [unimplemented_impl]: Unimplemented _sceUlobjMgrRegisterLibultProtocolRevision import called.
[21:42:46.007] |I| [run_app]: Module SceUlt (at "ux0:app\PCSB00989\sce_module\libult.suprx") module_start returned 0x0
[21:42:46.019] |W| [unimplemented_impl]: Unimplemented sceKernelSetGPO import called.
[21:42:46.019] |W| [stubbed_impl]: Stubbed sceKernelGetThreadInfo import called. (STUB)
[21:42:46.020] |W| [unimplemented_impl]: Unimplemented sceAppUtilInit import called.
[21:42:46.020] |W| [unimplemented_impl]: Unimplemented sceScreenShotDisable import called.
[21:42:46.021] |I| [load_module]: Loading module ID: 0x4
[21:42:46.023] |C| [load_self]: Unknown segment type 0x6FFFFF01
[21:42:46.024] |I| [load_self]: Loaded module segment 0 @ [0x007C4000 - 0x007E1150 / 0x81000000] (size: 0x0001D150) of module sys/external/libhttp.suprx
[21:42:46.024] |I| [load_self]: Loaded module segment 1 @ [0x00780000 - 0x00780640 / 0x8101E000] (size: 0x00000640) of module sys/external/libhttp.suprx
[21:42:46.025] |I| [load_self]: Loading symbols for SELF: sys/external/libhttp.suprx
[21:42:46.025] |D| [load_var_exports]: 	NID 0x936C8A78 (SYSLYB) at 0x7DFE68
[21:42:46.025] |D| [load_var_exports]: 	NID 0x6C2224BA (NID_MODULE_INFO) at 0x7DCCA0
[21:42:46.026] |I| [load_module]: Module SceLibHttp (at "sys/external/libhttp.suprx") loaded
[21:42:46.026] |D| [load_module]: Running module_start of module: SceLibHttp
[21:42:46.028] |I| [load_module]: Module SceLibHttp (at "sys/external/libhttp.suprx") module_start returned 0x0
[21:42:46.037] |I| [load_self]: Loaded module segment 0 @ [0x007E4000 - 0x0084AEA4 / 0x81000000] (size: 0x00066EA4) of module sys/external/libssl.suprx
[21:42:46.037] |I| [load_self]: Loaded module segment 1 @ [0x0084B000 - 0x0084FFA8 / 0x81067000] (size: 0x00004FA8) of module sys/external/libssl.suprx
[21:42:46.038] |I| [load_self]: Loading symbols for SELF: sys/external/libssl.suprx
[21:42:46.038] |D| [load_var_exports]: 	NID 0x936C8A78 (SYSLYB) at 0x8369E0
[21:42:46.038] |D| [load_var_exports]: 	NID 0x6C2224BA (NID_MODULE_INFO) at 0x830CA0
[21:42:46.039] |I| [load_module]: Module SceLibSsl (at "sys/external/libssl.suprx") loaded
[21:42:46.039] |W| [unimplemented_impl]: Unimplemented sceAppMgrSetNetworkDisconnectionWarningDialogState import called.
[21:42:46.040] |W| [unimplemented_impl]: Unimplemented sceNetCtlInit import called.
[21:42:46.041] |W| [unimplemented_impl]: Unimplemented SceLibKernel_9F793F84 import called.
[21:42:46.041] |W| [unimplemented_impl]: Unimplemented sceNpBasicInit import called.
[21:42:46.045] |W| [unimplemented_impl]: Unimplemented sceKernelChangeThreadVfpException import called.
[21:42:46.045] |W| [unimplemented_impl]: Unimplemented sceFiosOverlayThreadSetDisabled02 import called.
[21:42:46.056] |W| [unimplemented_impl]: Unimplemented sceFiosOverlayGetRecommendedScheduler02 import called.
[21:42:46.057] |I| [export_sceIoOpen]: Opening file: app0:/f6veu_data_0.psarc
[21:42:46.138] |I| [export_sceIoOpen]: Opening file: app0:/f6veu_data_0.psarc
[21:42:46.144] |I| [export_sceIoOpen]: Opening file: app0:/f6veu_data_1.psarc
[21:42:46.159] |I| [export_sceIoOpen]: Opening file: app0:/f6veu_data_1.psarc
[21:42:46.312] |I| [export_sceClibPrintf]: FIOS: unexpected failure during deallocation in AtomicToggleBits

[21:42:46.446] |I| [export_sceClibPrintf]: FIOS: unexpected failure during deallocation in AtomicToggleBits

[21:42:46.617] |W| [stubbed_impl]: Stubbed sceGxmMapMemory import called. (always return success)
[21:42:46.618] |W| [stubbed_impl]: Stubbed sceGxmMapFragmentUsseMemory import called. (always return success)
[21:42:46.668] |W| [stubbed_impl]: Stubbed sceGxmMapVertexUsseMemory import called. (always return success)
[21:42:46.674] |W| [unimplemented_impl]: Unimplemented sceMotionStopSampling import called.
[21:42:46.674] |W| [unimplemented_impl]: Unimplemented sceMotionMagnetometerOff import called.
[21:42:46.689] |D| [export_sceNgsVoicePlay]: sceNgsVoicePlay: 1
[21:42:46.691] |W| [unimplemented_impl]: Unimplemented sceScreenShotSetOverlayImage import called.
[21:42:46.692] |W| [unimplemented_impl]: Unimplemented sceScreenShotSetParam import called.
[21:42:47.082] |W| [unimplemented_impl]: Unimplemented sceGxmSetWClampEnable import called.
[21:42:47.082] |W| [unimplemented_impl]: Unimplemented sceGxmSetWBufferEnable import called.
[21:42:47.083] |W| [unimplemented_impl]: Unimplemented sceGxmSetFrontLineFillLastPixelEnable import called.
[21:42:47.083] |W| [unimplemented_impl]: Unimplemented sceGxmSetFrontVisibilityTestEnable import called.
[21:42:47.084] |D| [export_sceGxmSetFragmentTexture]: NULL DATA for frag texture addr 0x1B879710DC4
[21:42:47.084] |E| [logging::ret_error_impl]: sceGxmSetFragmentTexture returned SCE_GXM_ERROR_INVALID_POINTER (0x805B0004)
[21:42:47.085] |W| [unimplemented_impl]: Unimplemented sceGxmPushUserMarker import called.
[21:42:47.085] |W| [unimplemented_impl]: Unimplemented sceGxmPopUserMarker import called.
[21:42:47.086] |W| [unimplemented_impl]: Unimplemented sceCommonDialogUpdate import called.
[21:42:47.086] |W| [unimplemented_impl]: Unimplemented sceAppMgrSetInfobarState import called.
[21:42:47.088] |D| [export_sceGxmSetFragmentTexture]: NULL DATA for frag texture addr 0x1B879710DC4
[21:42:47.115] |I| [renderer::gl::load_shader_generic]: Generating frag shader b7837e2568915777e08bb47f26f82341b055fbd7f8a47abe751a8ea8d8098607
[21:42:47.118] |D| [shader::create_fragment_inputs]: Iterator: pa0 = (half4) v_Color0
[21:42:47.143] |I| [renderer::gl::load_shader_generic]: Generating vert shader cbf13a038f59a9ab24ce206d43efb5751c35e38a0b06500df3c09d660787c644
[21:42:47.144] |D| [shader::create_parameters]: [BUFFER0  + 0] pa0 = (float4) aPosition
[21:42:47.144] |D| [shader::create_parameters]: [BUFFER0  + 4] pa4 = (float4) aTexcoord
[21:42:47.144] |D| [shader::create_parameters]: [DEFAULT  + 0] sa0 = (float4) uColor
[21:42:47.199] |E| [renderer::gl::compile_program]: Fragment info
-------------
0(25) : warning C7050: "sa[1]" might be used before being initialized


[21:42:47.201] |D| [export_sceGxmSetFragmentTexture]: NULL DATA for frag texture addr 0x1B879710DC4
[21:42:47.201] |W| [stubbed_impl]: Stubbed sceDisplayWaitSetFrameBuf import called. (move after setframebuf)
[21:42:47.203] |I| [renderer::gl::load_shader_generic]: Generating frag shader 2d61de9016956bae2451a9e32f4db89ed7b9cd60bc21920961ad820241d8d0ab
[21:42:47.204] |D| [shader::create_parameters]: [DEFAULT  + 0] sa0 = (float4) uTexSize
[21:42:47.205] |D| [shader::create_fragment_inputs]: Iterator: pa0 = (float4) v_Color0
[21:42:47.215] |I| [renderer::gl::load_shader_generic]: Generating vert shader d3d4718f513a207ab2a93b76ae283b3fdc0d4ccf2ad1e4c7b9464b4fe666015d
[21:42:47.216] |D| [shader::create_parameters]: [BUFFER0  + 0] pa0 = (float4) aPosition
[21:42:47.216] |D| [shader::create_parameters]: [BUFFER0  + 4] pa4 = (float4) aTexCoord
[21:42:47.216] |D| [shader::create_parameters]: [BUFFER0  + 8] pa8 = (float4) aColor
[21:42:47.217] |D| [shader::create_parameters]: [DEFAULT  + 0] sa0 = (float4) uTexSize
[21:42:47.251] |D| [export_sceGxmSetFragmentTexture]: NULL DATA for frag texture addr 0x1B879710DC4
[21:42:47.254] |D| [export_sceGxmSetFragmentTexture]: NULL DATA for frag texture addr 0x1B879710DC4
[21:42:47.266] |D| [export_sceGxmSetFragmentTexture]: NULL DATA for frag texture addr 0x1B879710DC4
[21:42:47.283] |D| [export_sceGxmSetFragmentTexture]: NULL DATA for frag texture addr 0x1B879710DC4
[21:42:47.299] |D| [export_sceGxmSetFragmentTexture]: NULL DATA for frag texture addr 0x1B879710DC4
[21:42:47.316] |D| [export_sceGxmSetFragmentTexture]: NULL DATA for frag texture addr 0x1B879710DC4
[21:42:47.333] |D| [export_sceGxmSetFragmentTexture]: NULL DATA for frag texture addr 0x1B879710DC4
[21:42:47.350] |D| [export_sceGxmSetFragmentTexture]: NULL DATA for frag texture addr 0x1B879710DC4
[21:42:47.366] |D| [export_sceGxmSetFragmentTexture]: NULL DATA for frag texture addr 0x1B879710DC4
[21:42:47.383] |D| [export_sceGxmSetFragmentTexture]: NULL DATA for frag texture addr 0x1B879710DC4
[21:42:47.399] |D| [export_sceGxmSetFragmentTexture]: NULL DATA for frag texture addr 0x1B879710DC4
[21:42:47.416] |D| [export_sceGxmSetFragmentTexture]: NULL DATA for frag texture addr 0x1B879710DC4
[21:42:47.433] |D| [export_sceGxmSetFragmentTexture]: NULL DATA for frag texture addr 0x1B879710DC4
[21:42:47.449] |D| [export_sceGxmSetFragmentTexture]: NULL DATA for frag texture addr 0x1B879710DC4
[21:42:47.466] |D| [export_sceGxmSetFragmentTexture]: NULL DATA for frag texture addr 0x1B879710DC4
[21:42:47.483] |D| [export_sceGxmSetFragmentTexture]: NULL DATA for frag texture addr 0x1B879710DC4
[21:42:47.499] |D| [export_sceGxmSetFragmentTexture]: NULL DATA for frag texture addr 0x1B879710DC4
[21:42:47.516] |D| [export_sceGxmSetFragmentTexture]: NULL DATA for frag texture addr 0x1B879710DC4
[21:42:47.533] |D| [export_sceGxmSetFragmentTexture]: NULL DATA for frag texture addr 0x1B879710DC4
[21:42:47.550] |D| [export_sceGxmSetFragmentTexture]: NULL DATA for frag texture addr 0x1B879710DC4
[21:42:47.566] |D| [export_sceGxmSetFragmentTexture]: NULL DATA for frag texture addr 0x1B879710DC4
[21:42:47.583] |D| [export_sceGxmSetFragmentTexture]: NULL DATA for frag texture addr 0x1B879710DC4
[21:42:47.599] |D| [export_sceGxmSetFragmentTexture]: NULL DATA for frag texture addr 0x1B879710DC4
[21:42:47.616] |D| [export_sceGxmSetFragmentTexture]: NULL DATA for frag texture addr 0x1B879710DC4
[21:42:47.633] |D| [export_sceGxmSetFragmentTexture]: NULL DATA for frag texture addr 0x1B879710DC4
[21:42:47.649] |D| [export_sceGxmSetFragmentTexture]: NULL DATA for frag texture addr 0x1B879710DC4
[21:42:47.666] |D| [export_sceGxmSetFragmentTexture]: NULL DATA for frag texture addr 0x1B879710DC4
[21:42:47.683] |D| [export_sceGxmSetFragmentTexture]: NULL DATA for frag texture addr 0x1B879710DC4
[21:42:47.700] |D| [export_sceGxmSetFragmentTexture]: NULL DATA for frag texture addr 0x1B879710DC4
[21:42:47.716] |D| [export_sceGxmSetFragmentTexture]: NULL DATA for frag texture addr 0x1B879710DC4
[21:42:47.733] |D| [export_sceGxmSetFragmentTexture]: NULL DATA for frag texture addr 0x1B879710DC4
[21:42:47.750] |D| [export_sceGxmSetFragmentTexture]: NULL DATA for frag texture addr 0x1B879710DC4
[21:42:47.766] |D| [export_sceGxmSetFragmentTexture]: NULL DATA for frag texture addr 0x1B879710DC4
[21:42:47.783] |D| [export_sceGxmSetFragmentTexture]: NULL DATA for frag texture addr 0x1B879710DC4
[21:42:47.799] |D| [export_sceGxmSetFragmentTexture]: NULL DATA for frag texture addr 0x1B879710DC4
[21:42:47.816] |D| [export_sceGxmSetFragmentTexture]: NULL DATA for frag texture addr 0x1B879710DC4
[21:42:47.833] |D| [export_sceGxmSetFragmentTexture]: NULL DATA for frag texture addr 0x1B879710DC4
[21:42:47.849] |D| [export_sceGxmSetFragmentTexture]: NULL DATA for frag texture addr 0x1B879710DC4
[21:42:47.866] |D| [export_sceGxmSetFragmentTexture]: NULL DATA for frag texture addr 0x1B879710DC4
[21:42:47.883] |D| [export_sceGxmSetFragmentTexture]: NULL DATA for frag texture addr 0x1B879710DC4
[21:42:47.899] |D| [export_sceGxmSetFragmentTexture]: NULL DATA for frag texture addr 0x1B879710DC4
[21:42:47.916] |D| [export_sceGxmSetFragmentTexture]: NULL DATA for frag texture addr 0x1B879710DC4
[21:42:47.933] |D| [export_sceGxmSetFragmentTexture]: NULL DATA for frag texture addr 0x1B879710DC4
[21:42:47.949] |D| [export_sceGxmSetFragmentTexture]: NULL DATA for frag texture addr 0x1B879710DC4
[21:42:47.966] |D| [export_sceGxmSetFragmentTexture]: NULL DATA for frag texture addr 0x1B879710DC4
[21:42:47.983] |D| [export_sceGxmSetFragmentTexture]: NULL DATA for frag texture addr 0x1B879710DC4
[21:42:47.999] |D| [export_sceGxmSetFragmentTexture]: NULL DATA for frag texture addr 0x1B879710DC4
[21:42:48.016] |D| [export_sceGxmSetFragmentTexture]: NULL DATA for frag texture addr 0x1B879710DC4
[21:42:48.033] |D| [export_sceGxmSetFragmentTexture]: NULL DATA for frag texture addr 0x1B879710DC4
[21:42:48.049] |D| [export_sceGxmSetFragmentTexture]: NULL DATA for frag texture addr 0x1B879710DC4
[21:42:48.066] |D| [export_sceGxmSetFragmentTexture]: NULL DATA for frag texture addr 0x1B879710DC4
[21:42:48.083] |D| [export_sceGxmSetFragmentTexture]: NULL DATA for frag texture addr 0x1B879710DC4
[21:42:48.099] |D| [export_sceGxmSetFragmentTexture]: NULL DATA for frag texture addr 0x1B879710DC4
[21:42:48.116] |D| [export_sceGxmSetFragmentTexture]: NULL DATA for frag texture addr 0x1B879710DC4
[21:42:48.133] |D| [export_sceGxmSetFragmentTexture]: NULL DATA for frag texture addr 0x1B879710DC4
[21:42:48.149] |D| [export_sceGxmSetFragmentTexture]: NULL DATA for frag texture addr 0x1B879710DC4
[21:42:48.166] |D| [export_sceGxmSetFragmentTexture]: NULL DATA for frag texture addr 0x1B879710DC4
[21:42:48.183] |D| [export_sceGxmSetFragmentTexture]: NULL DATA for frag texture addr 0x1B879710DC4
[21:42:48.199] |D| [export_sceGxmSetFragmentTexture]: NULL DATA for frag texture addr 0x1B879710DC4
[21:42:48.216] |D| [export_sceGxmSetFragmentTexture]: NULL DATA for frag texture addr 0x1B879710DC4
[21:42:48.233] |D| [export_sceGxmSetFragmentTexture]: NULL DATA for frag texture addr 0x1B879710DC4
[21:42:48.250] |D| [export_sceGxmSetFragmentTexture]: NULL DATA for frag texture addr 0x1B879710DC4
[21:42:48.266] |D| [export_sceGxmSetFragmentTexture]: NULL DATA for frag texture addr 0x1B879710DC4
[21:42:48.283] |D| [export_sceGxmSetFragmentTexture]: NULL DATA for frag texture addr 0x1B879710DC4
[21:42:48.299] |D| [export_sceGxmSetFragmentTexture]: NULL DATA for frag texture addr 0x1B879710DC4
[21:42:48.316] |D| [export_sceGxmSetFragmentTexture]: NULL DATA for frag texture addr 0x1B879710DC4
[21:42:48.333] |D| [export_sceGxmSetFragmentTexture]: NULL DATA for frag texture addr 0x1B879710DC4
[21:42:48.350] |D| [export_sceGxmSetFragmentTexture]: NULL DATA for frag texture addr 0x1B879710DC4
[21:42:48.366] |D| [export_sceGxmSetFragmentTexture]: NULL DATA for frag texture addr 0x1B879710DC4
[21:42:48.383] |D| [export_sceGxmSetFragmentTexture]: NULL DATA for frag texture addr 0x1B879710DC4
[21:42:48.400] |D| [export_sceGxmSetFragmentTexture]: NULL DATA for frag texture addr 0x1B879710DC4
[21:42:48.416] |D| [export_sceGxmSetFragmentTexture]: NULL DATA for frag texture addr 0x1B879710DC4
[21:42:48.432] |D| [export_sceGxmSetFragmentTexture]: NULL DATA for frag texture addr 0x1B879710DC4
[21:42:48.449] |D| [export_sceGxmSetFragmentTexture]: NULL DATA for frag texture addr 0x1B879710DC4
[21:42:48.466] |D| [export_sceGxmSetFragmentTexture]: NULL DATA for frag texture addr 0x1B879710DC4
[21:42:48.483] |D| [export_sceGxmSetFragmentTexture]: NULL DATA for frag texture addr 0x1B879710DC4
[21:42:48.500] |D| [export_sceGxmSetFragmentTexture]: NULL DATA for frag texture addr 0x1B879710DC4
[21:42:48.516] |D| [export_sceGxmSetFragmentTexture]: NULL DATA for frag texture addr 0x1B879710DC4
[21:42:48.533] |D| [export_sceGxmSetFragmentTexture]: NULL DATA for frag texture addr 0x1B879710DC4
[21:42:48.549] |D| [export_sceGxmSetFragmentTexture]: NULL DATA for frag texture addr 0x1B879710DC4
[21:42:48.566] |D| [export_sceGxmSetFragmentTexture]: NULL DATA for frag texture addr 0x1B879710DC4
[21:42:48.583] |D| [export_sceGxmSetFragmentTexture]: NULL DATA for frag texture addr 0x1B879710DC4
[21:42:48.600] |D| [export_sceGxmSetFragmentTexture]: NULL DATA for frag texture addr 0x1B879710DC4
[21:42:48.616] |D| [export_sceGxmSetFragmentTexture]: NULL DATA for frag texture addr 0x1B879710DC4
[21:42:48.633] |D| [export_sceGxmSetFragmentTexture]: NULL DATA for frag texture addr 0x1B879710DC4
[21:42:48.649] |D| [export_sceGxmSetFragmentTexture]: NULL DATA for frag texture addr 0x1B879710DC4
[21:42:48.666] |D| [export_sceGxmSetFragmentTexture]: NULL DATA for frag texture addr 0x1B879710DC4
[21:42:48.683] |D| [export_sceGxmSetFragmentTexture]: NULL DATA for frag texture addr 0x1B879710DC4
[21:42:48.699] |D| [export_sceGxmSetFragmentTexture]: NULL DATA for frag texture addr 0x1B879710DC4
[21:42:48.716] |D| [export_sceGxmSetFragmentTexture]: NULL DATA for frag texture addr 0x1B879710DC4
[21:42:48.733] |D| [export_sceGxmSetFragmentTexture]: NULL DATA for frag texture addr 0x1B879710DC4
[21:42:48.750] |D| [export_sceGxmSetFragmentTexture]: NULL DATA for frag texture addr 0x1B879710DC4
[21:42:48.766] |D| [export_sceGxmSetFragmentTexture]: NULL DATA for frag texture addr 0x1B879710DC4
[21:42:48.782] |D| [export_sceGxmSetFragmentTexture]: NULL DATA for frag texture addr 0x1B879710DC4
[21:42:48.799] |D| [export_sceGxmSetFragmentTexture]: NULL DATA for frag texture addr 0x1B879710DC4
[21:42:48.816] |D| [export_sceGxmSetFragmentTexture]: NULL DATA for frag texture addr 0x1B879710DC4
[21:42:48.833] |D| [export_sceGxmSetFragmentTexture]: NULL DATA for frag texture addr 0x1B879710DC4
[21:42:48.849] |D| [export_sceGxmSetFragmentTexture]: NULL DATA for frag texture addr 0x1B879710DC4
[21:42:48.866] |D| [export_sceGxmSetFragmentTexture]: NULL DATA for frag texture addr 0x1B879710DC4
[21:42:48.882] |D| [export_sceGxmSetFragmentTexture]: NULL DATA for frag texture addr 0x1B879710DC4
[21:42:48.900] |D| [export_sceGxmSetFragmentTexture]: NULL DATA for frag texture addr 0x1B879710DC4
[21:42:48.916] |D| [export_sceGxmSetFragmentTexture]: NULL DATA for frag texture addr 0x1B879710DC4
[21:42:48.933] |D| [export_sceGxmSetFragmentTexture]: NULL DATA for frag texture addr 0x1B879710DC4
[21:42:48.949] |D| [export_sceGxmSetFragmentTexture]: NULL DATA for frag texture addr 0x1B879710DC4
[21:42:48.966] |D| [export_sceGxmSetFragmentTexture]: NULL DATA for frag texture addr 0x1B879710DC4
[21:42:48.983] |D| [export_sceGxmSetFragmentTexture]: NULL DATA for frag texture addr 0x1B879710DC4
[21:42:48.999] |D| [export_sceGxmSetFragmentTexture]: NULL DATA for frag texture addr 0x1B879710DC4
[21:42:49.016] |D| [export_sceGxmSetFragmentTexture]: NULL DATA for frag texture addr 0x1B879710DC4
[21:42:49.033] |D| [export_sceGxmSetFragmentTexture]: NULL DATA for frag texture addr 0x1B879710DC4
[21:42:49.049] |D| [export_sceGxmSetFragmentTexture]: NULL DATA for frag texture addr 0x1B879710DC4
[21:42:49.066] |D| [export_sceGxmSetFragmentTexture]: NULL DATA for frag texture addr 0x1B879710DC4
[21:42:49.082] |D| [export_sceGxmSetFragmentTexture]: NULL DATA for frag texture addr 0x1B879710DC4
[21:42:49.099] |D| [export_sceGxmSetFragmentTexture]: NULL DATA for frag texture addr 0x1B879710DC4
[21:42:49.116] |D| [export_sceGxmSetFragmentTexture]: NULL DATA for frag texture addr 0x1B879710DC4
[21:42:49.133] |D| [export_sceGxmSetFragmentTexture]: NULL DATA for frag texture addr 0x1B879710DC4
[21:42:49.149] |D| [export_sceGxmSetFragmentTexture]: NULL DATA for frag texture addr 0x1B879710DC4
[21:42:49.166] |D| [export_sceGxmSetFragmentTexture]: NULL DATA for frag texture addr 0x1B879710DC4
[21:42:49.183] |D| [export_sceGxmSetFragmentTexture]: NULL DATA for frag texture addr 0x1B879710DC4
[21:42:49.200] |D| [export_sceGxmSetFragmentTexture]: NULL DATA for frag texture addr 0x1B879710DC4
[21:42:49.216] |D| [export_sceGxmSetFragmentTexture]: NULL DATA for frag texture addr 0x1B879710DC4
[21:42:49.233] |D| [export_sceGxmSetFragmentTexture]: NULL DATA for frag texture addr 0x1B879710DC4
[21:42:49.249] |D| [export_sceGxmSetFragmentTexture]: NULL DATA for frag texture addr 0x1B879710DC4
[21:42:49.266] |D| [export_sceGxmSetFragmentTexture]: NULL DATA for frag texture addr 0x1B879710DC4
[21:42:49.283] |D| [export_sceGxmSetFragmentTexture]: NULL DATA for frag texture addr 0x1B879710DC4
[21:42:49.299] |D| [export_sceGxmSetFragmentTexture]: NULL DATA for frag texture addr 0x1B879710DC4
[21:42:49.316] |D| [export_sceGxmSetFragmentTexture]: NULL DATA for frag texture addr 0x1B879710DC4
[21:42:49.333] |D| [export_sceGxmSetFragmentTexture]: NULL DATA for frag texture addr 0x1B879710DC4
[21:42:49.349] |D| [export_sceGxmSetFragmentTexture]: NULL DATA for frag texture addr 0x1B879710DC4
[21:42:49.366] |D| [export_sceGxmSetFragmentTexture]: NULL DATA for frag texture addr 0x1B879710DC4
[21:42:49.383] |D| [export_sceGxmSetFragmentTexture]: NULL DATA for frag texture addr 0x1B879710DC4
[21:42:49.399] |D| [export_sceGxmSetFragmentTexture]: NULL DATA for frag texture addr 0x1B879710DC4
[21:42:49.416] |D| [export_sceGxmSetFragmentTexture]: NULL DATA for frag texture addr 0x1B879710DC4
[21:42:49.433] |D| [export_sceGxmSetFragmentTexture]: NULL DATA for frag texture addr 0x1B879710DC4
[21:42:49.449] |D| [export_sceGxmSetFragmentTexture]: NULL DATA for frag texture addr 0x1B879710DC4
[21:42:49.466] |D| [export_sceGxmSetFragmentTexture]: NULL DATA for frag texture addr 0x1B879710DC4
[21:42:49.483] |D| [export_sceGxmSetFragmentTexture]: NULL DATA for frag texture addr 0x1B879710DC4
[21:42:49.499] |D| [export_sceGxmSetFragmentTexture]: NULL DATA for frag texture addr 0x1B879710DC4
[21:42:49.516] |D| [export_sceGxmSetFragmentTexture]: NULL DATA for frag texture addr 0x1B879710DC4
[21:42:49.533] |D| [export_sceGxmSetFragmentTexture]: NULL DATA for frag texture addr 0x1B879710DC4
[21:42:49.549] |D| [export_sceGxmSetFragmentTexture]: NULL DATA for frag texture addr 0x1B879710DC4
[21:42:49.566] |D| [export_sceGxmSetFragmentTexture]: NULL DATA for frag texture addr 0x1B879710DC4
[21:42:49.583] |D| [export_sceGxmSetFragmentTexture]: NULL DATA for frag texture addr 0x1B879710DC4
[21:42:49.599] |D| [export_sceGxmSetFragmentTexture]: NULL DATA for frag texture addr 0x1B879710DC4
[21:42:49.616] |D| [export_sceGxmSetFragmentTexture]: NULL DATA for frag texture addr 0x1B879710DC4
[21:42:49.633] |D| [export_sceGxmSetFragmentTexture]: NULL DATA for frag texture addr 0x1B879710DC4
[21:42:49.649] |D| [export_sceGxmSetFragmentTexture]: NULL DATA for frag texture addr 0x1B879710DC4
[21:42:49.666] |D| [export_sceGxmSetFragmentTexture]: NULL DATA for frag texture addr 0x1B879710DC4
[21:42:49.683] |D| [export_sceGxmSetFragmentTexture]: NULL DATA for frag texture addr 0x1B879710DC4
[21:42:49.699] |D| [export_sceGxmSetFragmentTexture]: NULL DATA for frag texture addr 0x1B879710DC4
[21:42:49.716] |D| [export_sceGxmSetFragmentTexture]: NULL DATA for frag texture addr 0x1B879710DC4
[21:42:49.733] |D| [export_sceGxmSetFragmentTexture]: NULL DATA for frag texture addr 0x1B879710DC4
[21:42:49.749] |D| [export_sceGxmSetFragmentTexture]: NULL DATA for frag texture addr 0x1B879710DC4
[21:42:49.766] |D| [export_sceGxmSetFragmentTexture]: NULL DATA for frag texture addr 0x1B879710DC4
[21:42:49.783] |D| [export_sceGxmSetFragmentTexture]: NULL DATA for frag texture addr 0x1B879710DC4
[21:42:49.800] |D| [export_sceGxmSetFragmentTexture]: NULL DATA for frag texture addr 0x1B879710DC4
[21:42:49.816] |D| [export_sceGxmSetFragmentTexture]: NULL DATA for frag texture addr 0x1B879710DC4
[21:42:49.833] |D| [export_sceGxmSetFragmentTexture]: NULL DATA for frag texture addr 0x1B879710DC4
[21:42:49.849] |D| [export_sceGxmSetFragmentTexture]: NULL DATA for frag texture addr 0x1B879710DC4
[21:42:49.866] |D| [export_sceGxmSetFragmentTexture]: NULL DATA for frag texture addr 0x1B879710DC4
[21:42:49.883] |D| [export_sceGxmSetFragmentTexture]: NULL DATA for frag texture addr 0x1B879710DC4
[21:42:49.899] |D| [export_sceGxmSetFragmentTexture]: NULL DATA for frag texture addr 0x1B879710DC4
[21:42:49.916] |D| [export_sceGxmSetFragmentTexture]: NULL DATA for frag texture addr 0x1B879710DC4
[21:42:49.933] |D| [export_sceGxmSetFragmentTexture]: NULL DATA for frag texture addr 0x1B879710DC4
[21:42:49.950] |D| [export_sceGxmSetFragmentTexture]: NULL DATA for frag texture addr 0x1B879710DC4
[21:42:49.966] |D| [export_sceGxmSetFragmentTexture]: NULL DATA for frag texture addr 0x1B879710DC4
[21:42:49.982] |D| [export_sceGxmSetFragmentTexture]: NULL DATA for frag texture addr 0x1B879710DC4
[21:42:50.000] |D| [export_sceGxmSetFragmentTexture]: NULL DATA for frag texture addr 0x1B879710DC4
[21:42:50.016] |D| [export_sceGxmSetFragmentTexture]: NULL DATA for frag texture addr 0x1B879710DC4
[21:42:50.033] |D| [export_sceGxmSetFragmentTexture]: NULL DATA for frag texture addr 0x1B879710DC4
[21:42:50.049] |D| [export_sceGxmSetFragmentTexture]: NULL DATA for frag texture addr 0x1B879710DC4
[21:42:50.066] |D| [export_sceGxmSetFragmentTexture]: NULL DATA for frag texture addr 0x1B879710DC4
[21:42:50.083] |D| [export_sceGxmSetFragmentTexture]: NULL DATA for frag texture addr 0x1B879710DC4
[21:42:50.099] |D| [export_sceGxmSetFragmentTexture]: NULL DATA for frag texture addr 0x1B879710DC4
[21:42:50.116] |D| [export_sceGxmSetFragmentTexture]: NULL DATA for frag texture addr 0x1B879710DC4
[21:42:50.133] |D| [export_sceGxmSetFragmentTexture]: NULL DATA for frag texture addr 0x1B879710DC4
[21:42:50.149] |D| [export_sceGxmSetFragmentTexture]: NULL DATA for frag texture addr 0x1B879710DC4
[21:42:50.166] |D| [export_sceGxmSetFragmentTexture]: NULL DATA for frag texture addr 0x1B879710DC4
[21:42:50.182] |D| [export_sceGxmSetFragmentTexture]: NULL DATA for frag texture addr 0x1B879710DC4
[21:42:50.200] |D| [export_sceGxmSetFragmentTexture]: NULL DATA for frag texture addr 0x1B879710DC4
[21:42:50.216] |D| [export_sceGxmSetFragmentTexture]: NULL DATA for frag texture addr 0x1B879710DC4
[21:42:50.233] |D| [export_sceGxmSetFragmentTexture]: NULL DATA for frag texture addr 0x1B879710DC4
[21:42:50.249] |D| [export_sceGxmSetFragmentTexture]: NULL DATA for frag texture addr 0x1B879710DC4
[21:42:50.266] |D| [export_sceGxmSetFragmentTexture]: NULL DATA for frag texture addr 0x1B879710DC4
[21:42:50.286] |D| [export_sceGxmSetFragmentTexture]: NULL DATA for frag texture addr 0x1B879710DC4
[21:42:50.299] |D| [export_sceGxmSetFragmentTexture]: NULL DATA for frag texture addr 0x1B879710DC4
[21:42:50.317] |D| [export_sceGxmSetFragmentTexture]: NULL DATA for frag texture addr 0x1B879710DC4
[21:42:50.333] |D| [export_sceGxmSetFragmentTexture]: NULL DATA for frag texture addr 0x1B879710DC4
[21:42:50.350] |D| [export_sceGxmSetFragmentTexture]: NULL DATA for frag texture addr 0x1B879710DC4
[21:42:50.366] |D| [export_sceGxmSetFragmentTexture]: NULL DATA for frag texture addr 0x1B879710DC4
[21:42:50.383] |D| [export_sceGxmSetFragmentTexture]: NULL DATA for frag texture addr 0x1B879710DC4
[21:42:50.399] |D| [export_sceGxmSetFragmentTexture]: NULL DATA for frag texture addr 0x1B879710DC4
[21:42:50.416] |D| [export_sceGxmSetFragmentTexture]: NULL DATA for frag texture addr 0x1B879710DC4
[21:42:50.433] |D| [export_sceGxmSetFragmentTexture]: NULL DATA for frag texture addr 0x1B879710DC4
[21:42:50.450] |D| [export_sceGxmSetFragmentTexture]: NULL DATA for frag texture addr 0x1B879710DC4
[21:42:50.466] |D| [export_sceGxmSetFragmentTexture]: NULL DATA for frag texture addr 0x1B879710DC4
[21:42:50.483] |D| [export_sceGxmSetFragmentTexture]: NULL DATA for frag texture addr 0x1B879710DC4
[21:42:50.500] |D| [export_sceGxmSetFragmentTexture]: NULL DATA for frag texture addr 0x1B879710DC4
[21:42:50.516] |D| [export_sceGxmSetFragmentTexture]: NULL DATA for frag texture addr 0x1B879710DC4
[21:42:50.533] |D| [export_sceGxmSetFragmentTexture]: NULL DATA for frag texture addr 0x1B879710DC4
[21:42:50.549] |D| [export_sceGxmSetFragmentTexture]: NULL DATA for frag texture addr 0x1B879710DC4
[21:42:50.566] |D| [export_sceGxmSetFragmentTexture]: NULL DATA for frag texture addr 0x1B879710DC4
[21:42:50.583] |D| [export_sceGxmSetFragmentTexture]: NULL DATA for frag texture addr 0x1B879710DC4
[21:42:50.602] |D| [export_sceGxmSetFragmentTexture]: NULL DATA for frag texture addr 0x1B879710DC4
[21:42:50.616] |D| [export_sceGxmSetFragmentTexture]: NULL DATA for frag texture addr 0x1B879710DC4
[21:42:50.633] |D| [export_sceGxmSetFragmentTexture]: NULL DATA for frag texture addr 0x1B879710DC4
[21:42:50.649] |D| [export_sceGxmSetFragmentTexture]: NULL DATA for frag texture addr 0x1B879710DC4
[21:42:50.666] |D| [export_sceGxmSetFragmentTexture]: NULL DATA for frag texture addr 0x1B879710DC4
[21:42:50.683] |D| [export_sceGxmSetFragmentTexture]: NULL DATA for frag texture addr 0x1B879710DC4
[21:42:50.700] |D| [export_sceGxmSetFragmentTexture]: NULL DATA for frag texture addr 0x1B879710DC4
[21:42:50.716] |D| [export_sceGxmSetFragmentTexture]: NULL DATA for frag texture addr 0x1B879710DC4
[21:42:50.733] |D| [export_sceGxmSetFragmentTexture]: NULL DATA for frag texture addr 0x1B879710DC4
[21:42:50.749] |D| [export_sceGxmSetFragmentTexture]: NULL DATA for frag texture addr 0x1B879710DC4
[21:42:50.766] |D| [export_sceGxmSetFragmentTexture]: NULL DATA for frag texture addr 0x1B879710DC4
[21:42:50.783] |D| [export_sceGxmSetFragmentTexture]: NULL DATA for frag texture addr 0x1B879710DC4
[21:42:50.799] |D| [export_sceGxmSetFragmentTexture]: NULL DATA for frag texture addr 0x1B879710DC4
[21:42:50.816] |D| [export_sceGxmSetFragmentTexture]: NULL DATA for frag texture addr 0x1B879710DC4
[21:42:50.833] |D| [export_sceGxmSetFragmentTexture]: NULL DATA for frag texture addr 0x1B879710DC4
[21:42:50.850] |D| [export_sceGxmSetFragmentTexture]: NULL DATA for frag texture addr 0x1B879710DC4
[21:42:50.866] |D| [export_sceGxmSetFragmentTexture]: NULL DATA for frag texture addr 0x1B879710DC4
[21:42:50.883] |D| [export_sceGxmSetFragmentTexture]: NULL DATA for frag texture addr 0x1B879710DC4
[21:42:50.899] |D| [export_sceGxmSetFragmentTexture]: NULL DATA for frag texture addr 0x1B879710DC4
[21:42:50.916] |D| [export_sceGxmSetFragmentTexture]: NULL DATA for frag texture addr 0x1B879710DC4
[21:42:50.933] |D| [export_sceGxmSetFragmentTexture]: NULL DATA for frag texture addr 0x1B879710DC4
[21:42:50.950] |D| [export_sceGxmSetFragmentTexture]: NULL DATA for frag texture addr 0x1B879710DC4
[21:42:50.966] |D| [export_sceGxmSetFragmentTexture]: NULL DATA for frag texture addr 0x1B879710DC4
[21:42:50.983] |D| [export_sceGxmSetFragmentTexture]: NULL DATA for frag texture addr 0x1B879710DC4
[21:42:50.999] |D| [export_sceGxmSetFragmentTexture]: NULL DATA for frag texture addr 0x1B879710DC4
[21:42:51.016] |D| [export_sceGxmSetFragmentTexture]: NULL DATA for frag texture addr 0x1B879710DC4
[21:42:51.032] |D| [export_sceGxmSetFragmentTexture]: NULL DATA for frag texture addr 0x1B879710DC4
[21:42:51.049] |D| [export_sceGxmSetFragmentTexture]: NULL DATA for frag texture addr 0x1B879710DC4
[21:42:51.066] |D| [export_sceGxmSetFragmentTexture]: NULL DATA for frag texture addr 0x1B879710DC4
[21:42:51.082] |D| [export_sceGxmSetFragmentTexture]: NULL DATA for frag texture addr 0x1B879710DC4
[21:42:51.099] |D| [export_sceGxmSetFragmentTexture]: NULL DATA for frag texture addr 0x1B879710DC4
[21:42:51.116] |D| [export_sceGxmSetFragmentTexture]: NULL DATA for frag texture addr 0x1B879710DC4
[21:42:51.133] |D| [export_sceGxmSetFragmentTexture]: NULL DATA for frag texture addr 0x1B879710DC4
[21:42:51.149] |D| [export_sceGxmSetFragmentTexture]: NULL DATA for frag texture addr 0x1B879710DC4
[21:42:51.166] |D| [export_sceGxmSetFragmentTexture]: NULL DATA for frag texture addr 0x1B879710DC4
[21:42:51.183] |D| [export_sceGxmSetFragmentTexture]: NULL DATA for frag texture addr 0x1B879710DC4
[21:42:51.199] |D| [export_sceGxmSetFragmentTexture]: NULL DATA for frag texture addr 0x1B879710DC4
[21:42:51.216] |D| [export_sceGxmSetFragmentTexture]: NULL DATA for frag texture addr 0x1B879710DC4
[21:42:51.233] |D| [export_sceGxmSetFragmentTexture]: NULL DATA for frag texture addr 0x1B879710DC4
[21:42:51.250] |D| [export_sceGxmSetFragmentTexture]: NULL DATA for frag texture addr 0x1B879710DC4
[21:42:51.266] |D| [export_sceGxmSetFragmentTexture]: NULL DATA for frag texture addr 0x1B879710DC4
[21:42:51.283] |D| [export_sceGxmSetFragmentTexture]: NULL DATA for frag texture addr 0x1B879710DC4
[21:42:51.299] |D| [export_sceGxmSetFragmentTexture]: NULL DATA for frag texture addr 0x1B879710DC4
[21:42:51.316] |D| [export_sceGxmSetFragmentTexture]: NULL DATA for frag texture addr 0x1B879710DC4
[21:42:51.333] |D| [export_sceGxmSetFragmentTexture]: NULL DATA for frag texture addr 0x1B879710DC4
[21:42:51.350] |D| [export_sceGxmSetFragmentTexture]: NULL DATA for frag texture addr 0x1B879710DC4
[21:42:51.366] |D| [export_sceGxmSetFragmentTexture]: NULL DATA for frag texture addr 0x1B879710DC4
[21:42:51.383] |D| [export_sceGxmSetFragmentTexture]: NULL DATA for frag texture addr 0x1B879710DC4
[21:42:51.400] |D| [export_sceGxmSetFragmentTexture]: NULL DATA for frag texture addr 0x1B879710DC4
[21:42:51.416] |D| [export_sceGxmSetFragmentTexture]: NULL DATA for frag texture addr 0x1B879710DC4
[21:42:51.433] |D| [export_sceGxmSetFragmentTexture]: NULL DATA for frag texture addr 0x1B879710DC4
[21:42:51.450] |D| [export_sceGxmSetFragmentTexture]: NULL DATA for frag texture addr 0x1B879710DC4
[21:42:51.466] |D| [export_sceGxmSetFragmentTexture]: NULL DATA for frag texture addr 0x1B879710DC4
[21:42:51.483] |D| [export_sceGxmSetFragmentTexture]: NULL DATA for frag texture addr 0x1B879710DC4
[21:42:51.500] |D| [export_sceGxmSetFragmentTexture]: NULL DATA for frag texture addr 0x1B879710DC4
[21:42:51.516] |D| [export_sceGxmSetFragmentTexture]: NULL DATA for frag texture addr 0x1B879710DC4
[21:42:51.533] |D| [export_sceGxmSetFragmentTexture]: NULL DATA for frag texture addr 0x1B879710DC4
[21:42:51.549] |D| [export_sceGxmSetFragmentTexture]: NULL DATA for frag texture addr 0x1B879710DC4
[21:42:51.566] |D| [export_sceGxmSetFragmentTexture]: NULL DATA for frag texture addr 0x1B879710DC4
[21:42:51.582] |D| [export_sceGxmSetFragmentTexture]: NULL DATA for frag texture addr 0x1B879710DC4
[21:42:51.599] |D| [export_sceGxmSetFragmentTexture]: NULL DATA for frag texture addr 0x1B879710DC4
[21:42:51.616] |D| [export_sceGxmSetFragmentTexture]: NULL DATA for frag texture addr 0x1B879710DC4
[21:42:51.633] |D| [export_sceGxmSetFragmentTexture]: NULL DATA for frag texture addr 0x1B879710DC4
[21:42:51.649] |D| [export_sceGxmSetFragmentTexture]: NULL DATA for frag texture addr 0x1B879710DC4
[21:42:51.666] |D| [export_sceGxmSetFragmentTexture]: NULL DATA for frag texture addr 0x1B879710DC4
[21:42:51.682] |D| [export_sceGxmSetFragmentTexture]: NULL DATA for frag texture addr 0x1B879710DC4
[21:42:51.699] |D| [export_sceGxmSetFragmentTexture]: NULL DATA for frag texture addr 0x1B879710DC4
[21:42:51.716] |D| [export_sceGxmSetFragmentTexture]: NULL DATA for frag texture addr 0x1B879710DC4
[21:42:51.733] |D| [export_sceGxmSetFragmentTexture]: NULL DATA for frag texture addr 0x1B879710DC4
[21:42:51.749] |D| [export_sceGxmSetFragmentTexture]: NULL DATA for frag texture addr 0x1B879710DC4
[21:42:51.766] |D| [export_sceGxmSetFragmentTexture]: NULL DATA for frag texture addr 0x1B879710DC4
[21:42:51.782] |D| [export_sceGxmSetFragmentTexture]: NULL DATA for frag texture addr 0x1B879710DC4
[21:42:51.799] |D| [export_sceGxmSetFragmentTexture]: NULL DATA for frag texture addr 0x1B879710DC4
[21:42:51.816] |D| [export_sceGxmSetFragmentTexture]: NULL DATA for frag texture addr 0x1B879710DC4
[21:42:51.833] |D| [export_sceGxmSetFragmentTexture]: NULL DATA for frag texture addr 0x1B879710DC4
[21:42:51.849] |D| [export_sceGxmSetFragmentTexture]: NULL DATA for frag texture addr 0x1B879710DC4
[21:42:51.866] |D| [export_sceGxmSetFragmentTexture]: NULL DATA for frag texture addr 0x1B879710DC4
[21:42:51.883] |D| [export_sceGxmSetFragmentTexture]: NULL DATA for frag texture addr 0x1B879710DC4
[21:42:51.899] |D| [export_sceGxmSetFragmentTexture]: NULL DATA for frag texture addr 0x1B879710DC4
[21:42:51.916] |D| [export_sceGxmSetFragmentTexture]: NULL DATA for frag texture addr 0x1B879710DC4
[21:42:51.933] |D| [export_sceGxmSetFragmentTexture]: NULL DATA for frag texture addr 0x1B879710DC4
[21:42:51.949] |D| [export_sceGxmSetFragmentTexture]: NULL DATA for frag texture addr 0x1B879710DC4
[21:42:51.966] |D| [export_sceGxmSetFragmentTexture]: NULL DATA for frag texture addr 0x1B879710DC4
[21:42:51.983] |D| [export_sceGxmSetFragmentTexture]: NULL DATA for frag texture addr 0x1B879710DC4
[21:42:51.999] |D| [export_sceGxmSetFragmentTexture]: NULL DATA for frag texture addr 0x1B879710DC4
[21:42:52.016] |D| [export_sceGxmSetFragmentTexture]: NULL DATA for frag texture addr 0x1B879710DC4
[21:42:52.033] |D| [export_sceGxmSetFragmentTexture]: NULL DATA for frag texture addr 0x1B879710DC4
[21:42:52.049] |D| [export_sceGxmSetFragmentTexture]: NULL DATA for frag texture addr 0x1B879710DC4
[21:42:52.066] |D| [export_sceGxmSetFragmentTexture]: NULL DATA for frag texture addr 0x1B879710DC4
[21:42:52.083] |D| [export_sceGxmSetFragmentTexture]: NULL DATA for frag texture addr 0x1B879710DC4
[21:42:52.099] |D| [export_sceGxmSetFragmentTexture]: NULL DATA for frag texture addr 0x1B879710DC4
[21:42:52.116] |D| [export_sceGxmSetFragmentTexture]: NULL DATA for frag texture addr 0x1B879710DC4
[21:42:52.133] |D| [export_sceGxmSetFragmentTexture]: NULL DATA for frag texture addr 0x1B879710DC4
[21:42:52.149] |D| [export_sceGxmSetFragmentTexture]: NULL DATA for frag texture addr 0x1B879710DC4
[21:42:52.166] |D| [export_sceGxmSetFragmentTexture]: NULL DATA for frag texture addr 0x1B879710DC4
[21:42:52.183] |D| [export_sceGxmSetFragmentTexture]: NULL DATA for frag texture addr 0x1B879710DC4
[21:42:52.199] |D| [export_sceGxmSetFragmentTexture]: NULL DATA for frag texture addr 0x1B879710DC4
[21:42:52.216] |D| [export_sceGxmSetFragmentTexture]: NULL DATA for frag texture addr 0x1B879710DC4
[21:42:52.233] |D| [export_sceGxmSetFragmentTexture]: NULL DATA for frag texture addr 0x1B879710DC4
[21:42:52.249] |D| [export_sceGxmSetFragmentTexture]: NULL DATA for frag texture addr 0x1B879710DC4
[21:42:52.266] |D| [export_sceGxmSetFragmentTexture]: NULL DATA for frag texture addr 0x1B879710DC4
[21:42:52.283] |D| [export_sceGxmSetFragmentTexture]: NULL DATA for frag texture addr 0x1B879710DC4
[21:42:52.299] |D| [export_sceGxmSetFragmentTexture]: NULL DATA for frag texture addr 0x1B879710DC4
[21:42:52.316] |D| [export_sceGxmSetFragmentTexture]: NULL DATA for frag texture addr 0x1B879710DC4
[21:42:52.333] |D| [export_sceGxmSetFragmentTexture]: NULL DATA for frag texture addr 0x1B879710DC4
[21:42:52.349] |D| [export_sceGxmSetFragmentTexture]: NULL DATA for frag texture addr 0x1B879710DC4
[21:42:52.366] |D| [export_sceGxmSetFragmentTexture]: NULL DATA for frag texture addr 0x1B879710DC4
[21:42:52.383] |D| [export_sceGxmSetFragmentTexture]: NULL DATA for frag texture addr 0x1B879710DC4
[21:42:52.399] |D| [export_sceGxmSetFragmentTexture]: NULL DATA for frag texture addr 0x1B879710DC4
[21:42:52.416] |D| [export_sceGxmSetFragmentTexture]: NULL DATA for frag texture addr 0x1B879710DC4
[21:42:52.433] |D| [export_sceGxmSetFragmentTexture]: NULL DATA for frag texture addr 0x1B879710DC4
[21:42:52.449] |D| [export_sceGxmSetFragmentTexture]: NULL DATA for frag texture addr 0x1B879710DC4
[21:42:52.466] |D| [export_sceGxmSetFragmentTexture]: NULL DATA for frag texture addr 0x1B879710DC4
[21:42:52.483] |D| [export_sceGxmSetFragmentTexture]: NULL DATA for frag texture addr 0x1B879710DC4
[21:42:52.499] |D| [export_sceGxmSetFragmentTexture]: NULL DATA for frag texture addr 0x1B879710DC4
[21:42:52.516] |D| [export_sceGxmSetFragmentTexture]: NULL DATA for frag texture addr 0x1B879710DC4
[21:42:52.533] |D| [export_sceGxmSetFragmentTexture]: NULL DATA for frag texture addr 0x1B879710DC4
[21:42:52.550] |D| [export_sceGxmSetFragmentTexture]: NULL DATA for frag texture addr 0x1B879710DC4
[21:42:52.566] |D| [export_sceGxmSetFragmentTexture]: NULL DATA for frag texture addr 0x1B879710DC4
[21:42:52.583] |D| [export_sceGxmSetFragmentTexture]: NULL DATA for frag texture addr 0x1B879710DC4
[21:42:52.599] |D| [export_sceGxmSetFragmentTexture]: NULL DATA for frag texture addr 0x1B879710DC4
[21:42:52.616] |D| [export_sceGxmSetFragmentTexture]: NULL DATA for frag texture addr 0x1B879710DC4
[21:42:52.633] |D| [export_sceGxmSetFragmentTexture]: NULL DATA for frag texture addr 0x1B879710DC4
[21:42:52.649] |D| [export_sceGxmSetFragmentTexture]: NULL DATA for frag texture addr 0x1B879710DC4
[21:42:52.666] |D| [export_sceGxmSetFragmentTexture]: NULL DATA for frag texture addr 0x1B879710DC4
[21:42:52.683] |D| [export_sceGxmSetFragmentTexture]: NULL DATA for frag texture addr 0x1B879710DC4
[21:42:52.699] |D| [export_sceGxmSetFragmentTexture]: NULL DATA for frag texture addr 0x1B879710DC4
[21:42:52.716] |D| [export_sceGxmSetFragmentTexture]: NULL DATA for frag texture addr 0x1B879710DC4
[21:42:52.733] |D| [export_sceGxmSetFragmentTexture]: NULL DATA for frag texture addr 0x1B879710DC4
[21:42:52.750] |D| [export_sceGxmSetFragmentTexture]: NULL DATA for frag texture addr 0x1B879710DC4
[21:42:52.766] |D| [export_sceGxmSetFragmentTexture]: NULL DATA for frag texture addr 0x1B879710DC4
[21:42:52.783] |D| [export_sceGxmSetFragmentTexture]: NULL DATA for frag texture addr 0x1B879710DC4
[21:42:52.799] |D| [export_sceGxmSetFragmentTexture]: NULL DATA for frag texture addr 0x1B879710DC4
[21:42:52.816] |D| [export_sceGxmSetFragmentTexture]: NULL DATA for frag texture addr 0x1B879710DC4
[21:42:52.833] |D| [export_sceGxmSetFragmentTexture]: NULL DATA for frag texture addr 0x1B879710DC4
[21:42:52.849] |D| [export_sceGxmSetFragmentTexture]: NULL DATA for frag texture addr 0x1B879710DC4
[21:42:52.866] |D| [export_sceGxmSetFragmentTexture]: NULL DATA for frag texture addr 0x1B879710DC4
[21:42:52.883] |D| [export_sceGxmSetFragmentTexture]: NULL DATA for frag texture addr 0x1B879710DC4
[21:42:52.900] |D| [export_sceGxmSetFragmentTexture]: NULL DATA for frag texture addr 0x1B879710DC4
[21:42:52.916] |D| [export_sceGxmSetFragmentTexture]: NULL DATA for frag texture addr 0x1B879710DC4
[21:42:52.933] |D| [export_sceGxmSetFragmentTexture]: NULL DATA for frag texture addr 0x1B879710DC4
[21:42:52.949] |D| [export_sceGxmSetFragmentTexture]: NULL DATA for frag texture addr 0x1B879710DC4
[21:42:52.966] |D| [export_sceGxmSetFragmentTexture]: NULL DATA for frag texture addr 0x1B879710DC4
[21:42:52.983] |D| [export_sceGxmSetFragmentTexture]: NULL DATA for frag texture addr 0x1B879710DC4
[21:42:52.999] |D| [export_sceGxmSetFragmentTexture]: NULL DATA for frag texture addr 0x1B879710DC4
[21:42:53.016] |D| [export_sceGxmSetFragmentTexture]: NULL DATA for frag texture addr 0x1B879710DC4
[21:42:53.033] |D| [export_sceGxmSetFragmentTexture]: NULL DATA for frag texture addr 0x1B879710DC4
[21:42:53.049] |D| [export_sceGxmSetFragmentTexture]: NULL DATA for frag texture addr 0x1B879710DC4
[21:42:53.066] |D| [export_sceGxmSetFragmentTexture]: NULL DATA for frag texture addr 0x1B879710DC4
[21:42:53.083] |D| [export_sceGxmSetFragmentTexture]: NULL DATA for frag texture addr 0x1B879710DC4
[21:42:53.099] |D| [export_sceGxmSetFragmentTexture]: NULL DATA for frag texture addr 0x1B879710DC4
[21:42:53.116] |D| [export_sceGxmSetFragmentTexture]: NULL DATA for frag texture addr 0x1B879710DC4
[21:42:53.133] |D| [export_sceGxmSetFragmentTexture]: NULL DATA for frag texture addr 0x1B879710DC4
[21:42:53.150] |D| [export_sceGxmSetFragmentTexture]: NULL DATA for frag texture addr 0x1B879710DC4
[21:42:53.166] |D| [export_sceGxmSetFragmentTexture]: NULL DATA for frag texture addr 0x1B879710DC4
[21:42:53.183] |D| [export_sceGxmSetFragmentTexture]: NULL DATA for frag texture addr 0x1B879710DC4
[21:42:53.200] |D| [export_sceGxmSetFragmentTexture]: NULL DATA for frag texture addr 0x1B879710DC4
[21:42:53.216] |D| [export_sceGxmSetFragmentTexture]: NULL DATA for frag texture addr 0x1B879710DC4
[21:42:53.233] |D| [export_sceGxmSetFragmentTexture]: NULL DATA for frag texture addr 0x1B879710DC4
[21:42:53.249] |D| [export_sceGxmSetFragmentTexture]: NULL DATA for frag texture addr 0x1B879710DC4
[21:42:53.266] |D| [export_sceGxmSetFragmentTexture]: NULL DATA for frag texture addr 0x1B879710DC4
[21:42:53.283] |D| [export_sceGxmSetFragmentTexture]: NULL DATA for frag texture addr 0x1B879710DC4
[21:42:53.299] |D| [export_sceGxmSetFragmentTexture]: NULL DATA for frag texture addr 0x1B879710DC4
[21:42:53.316] |D| [export_sceGxmSetFragmentTexture]: NULL DATA for frag texture addr 0x1B879710DC4
[21:42:53.333] |D| [export_sceGxmSetFragmentTexture]: NULL DATA for frag texture addr 0x1B879710DC4
[21:42:53.349] |D| [export_sceGxmSetFragmentTexture]: NULL DATA for frag texture addr 0x1B879710DC4
[21:42:53.424] |D| [export_sceGxmSetFragmentTexture]: NULL DATA for frag texture addr 0x1B879710DC4
[21:42:53.428] |D| [export_sceGxmSetFragmentTexture]: NULL DATA for frag texture addr 0x1B879710DC4
[21:42:53.449] |D| [export_sceGxmSetFragmentTexture]: NULL DATA for frag texture addr 0x1B879710DC4
[21:42:53.466] |D| [export_sceGxmSetFragmentTexture]: NULL DATA for frag texture addr 0x1B879710DC4
[21:42:53.482] |D| [export_sceGxmSetFragmentTexture]: NULL DATA for frag texture addr 0x1B879710DC4
[21:42:53.499] |D| [export_sceGxmSetFragmentTexture]: NULL DATA for frag texture addr 0x1B879710DC4
[21:42:53.516] |D| [export_sceGxmSetFragmentTexture]: NULL DATA for frag texture addr 0x1B879710DC4
[21:42:53.532] |D| [export_sceGxmSetFragmentTexture]: NULL DATA for frag texture addr 0x1B879710DC4
[21:42:53.549] |D| [export_sceGxmSetFragmentTexture]: NULL DATA for frag texture addr 0x1B879710DC4
[21:42:53.566] |D| [export_sceGxmSetFragmentTexture]: NULL DATA for frag texture addr 0x1B879710DC4
[21:42:53.583] |D| [export_sceGxmSetFragmentTexture]: NULL DATA for frag texture addr 0x1B879710DC4
[21:42:53.599] |D| [export_sceGxmSetFragmentTexture]: NULL DATA for frag texture addr 0x1B879710DC4
[21:42:53.616] |D| [export_sceGxmSetFragmentTexture]: NULL DATA for frag texture addr 0x1B879710DC4
[21:42:53.633] |D| [export_sceGxmSetFragmentTexture]: NULL DATA for frag texture addr 0x1B879710DC4
[21:42:53.649] |D| [export_sceGxmSetFragmentTexture]: NULL DATA for frag texture addr 0x1B879710DC4
[21:42:53.666] |D| [export_sceGxmSetFragmentTexture]: NULL DATA for frag texture addr 0x1B879710DC4
[21:42:53.671] |W| [unimplemented_impl]: Unimplemented sceScreenShotEnable import called.
[21:42:53.682] |D| [export_sceGxmSetFragmentTexture]: NULL DATA for frag texture addr 0x1B879710DC4
[21:42:53.699] |D| [export_sceGxmSetFragmentTexture]: NULL DATA for frag texture addr 0x1B879710DC4
[21:42:53.699] |I| [renderer::gl::load_shader_generic]: Generating frag shader 8cffaff12faea374572db21e3d7756fb4c7ec76ab8056ece4f82dbbcb1a348a4
[21:42:53.701] |D| [shader::create_parameters]: [DEFAULT  + 0] sa0 = (float4) color
[21:42:53.704] |I| [renderer::gl::load_shader_generic]: Generating vert shader 11628ca9659e4eaa0bf6b780d1be54a8bc400b320aef78ade76acf0d9f89378e
[21:42:53.705] |D| [shader::create_parameters]: [BUFFER0  + 0] pa0 = (float4) aPosition
[21:42:53.715] |E| [renderer::gl::compile_program]: Fragment info
-------------
0(21) : warning C7050: "pa[0].zw" might be used before being initialized


[21:42:53.717] |I| [renderer::gl::load_shader_generic]: Generating frag shader 76677cc07f8571b766e16050838be1d53d10c3e05f2569a7b0680956fae2b8c7
[21:42:53.718] |D| [shader::create_fragment_inputs]: Iterator: pa0 = (half4) v_Color0
[21:42:53.721] |D| [export_sceGxmSetFragmentTexture]: NULL DATA for frag texture addr 0x1B879710DC4
[21:42:53.725] |I| [renderer::gl::load_shader_generic]: Generating vert shader 63ec066c443db74b4633df54d93b4b5566159a0fd268fa0e18c320c3d6752d6d
[21:42:53.727] |D| [shade