[08:26:01.025] |I| [load_app_impl]: cpu-backend: Dynarmic
[08:26:01.025] |I| [load_app_impl]: CPU Optimisation state: true
[08:26:01.025] |I| [load_app_impl]: at9 audio decoder state: true
[08:26:01.026] |I| [load_app_impl]: ngs experimental state: true
[08:26:01.026] |I| [load_app_impl]: video player state: true
[08:26:01.026] |I| [load_app_impl]: lle-modules: libpgf,libSceXml,libsas,librudp,liblocation,libhandwriting,libSceJson
[08:26:01.026] |I| [load_app_impl]: Title: Rugby World Cup 2015
[08:26:01.026] |I| [load_app_impl]: Serial: PCSB00770
[08:26:01.026] |I| [load_app_impl]: Version: 1.02
[08:26:01.026] |I| [load_app_impl]: Category: gp
[08:26:01.083] |C| [load_self]: Unknown segment type 0x6FFFFF01
[08:26:01.083] |I| [load_self]: Loaded module segment 0 @ [0x00007000 - 0x00056C54 / 0x81000000] (size: 0x0004FC54) of module ux0:app\PCSB00770\sce_module\libc.suprx
[08:26:01.083] |I| [load_self]: Loaded module segment 1 @ [0x00057000 - 0x00059688 / 0x81050000] (size: 0x00002688) of module ux0:app\PCSB00770\sce_module\libc.suprx
[08:26:01.083] |I| [load_self]: Loading symbols for SELF: ux0:app\PCSB00770\sce_module\libc.suprx
[08:26:01.084] |D| [load_var_exports]: 	NID 0x936C8A78 (SYSLYB) at 0x4C744
[08:26:01.084] |D| [load_var_exports]: 	NID 0x6C2224BA (NID_MODULE_INFO) at 0x424F8
[08:26:01.084] |W| [load_var_imports]: 	NID NOT FOUND 0x93B8AA67 (UNRECOGNISED) at 0x46520, setting to stub value 0xDEADBEEF
[08:26:01.085] |W| [load_var_imports]: 	NID NOT FOUND 0xDF084DFA (UNRECOGNISED) at 0x480A4, setting to stub value 0xDEADBEEF
[08:26:01.085] |I| [pre_load_module]: Pre-load module SceLibc (at "app\PCSB00770\sce_module\libc.suprx") loaded
[08:26:01.107] |C| [load_self]: Unknown segment type 0x6FFFFF01
[08:26:01.107] |I| [load_self]: Loaded module segment 0 @ [0x0005C000 - 0x00074CF4 / 0x81000000] (size: 0x00018CF4) of module ux0:app\PCSB00770\sce_module\libface.suprx
[08:26:01.107] |I| [load_self]: Loaded module segment 1 @ [0x00075000 - 0x000750F8 / 0x81019000] (size: 0x000000F8) of module ux0:app\PCSB00770\sce_module\libface.suprx
[08:26:01.107] |I| [load_self]: Loading symbols for SELF: ux0:app\PCSB00770\sce_module\libface.suprx
[08:26:01.107] |D| [load_var_exports]: 	NID 0x6C2224BA (NID_MODULE_INFO) at 0x71AC0
[08:26:01.107] |D| [load_var_exports]: 	NID 0x936C8A78 (SYSLYB) at 0x74478
[08:26:01.107] |I| [pre_load_module]: Pre-load module SceFace (at "app\PCSB00770\sce_module\libface.suprx") loaded
[08:26:01.121] |C| [load_self]: Unknown segment type 0x6FFFFF01
[08:26:01.122] |I| [load_self]: Loaded module segment 0 @ [0x00076000 - 0x000A133C / 0x81000000] (size: 0x0002B33C) of module ux0:app\PCSB00770\sce_module\libfios2.suprx
[08:26:01.122] |I| [load_self]: Loaded module segment 1 @ [0x000A2000 - 0x000A723D / 0x8102C000] (size: 0x0000523D) of module ux0:app\PCSB00770\sce_module\libfios2.suprx
[08:26:01.122] |I| [load_self]: Loading symbols for SELF: ux0:app\PCSB00770\sce_module\libfios2.suprx
[08:26:01.122] |D| [load_var_exports]: 	NID 0x936C8A78 (SYSLYB) at 0xA1244
[08:26:01.122] |D| [load_var_exports]: 	NID 0x6C2224BA (NID_MODULE_INFO) at 0x98878
[08:26:01.122] |I| [pre_load_module]: Pre-load module SceLibFios2 (at "app\PCSB00770\sce_module\libfios2.suprx") loaded
[08:26:01.172] |C| [load_self]: Unknown segment type 0x6FFFFF01
[08:26:01.173] |I| [load_self]: Loaded module segment 0 @ [0x000A8000 - 0x002B9AF4 / 0x81000000] (size: 0x00211AF4) of module ux0:app\PCSB00770\sce_module\libsmart.suprx
[08:26:01.173] |I| [load_self]: Loaded module segment 1 @ [0x002BA000 - 0x002BD444 / 0x81212000] (size: 0x00003444) of module ux0:app\PCSB00770\sce_module\libsmart.suprx
[08:26:01.173] |I| [load_self]: Loading symbols for SELF: ux0:app\PCSB00770\sce_module\libsmart.suprx
[08:26:01.173] |D| [load_var_exports]: 	NID 0x6C2224BA (NID_MODULE_INFO) at 0x1576A0
[08:26:01.173] |D| [load_var_exports]: 	NID 0x936C8A78 (SYSLYB) at 0x15E90C
[08:26:01.174] |I| [pre_load_module]: Pre-load module SceSmart (at "app\PCSB00770\sce_module\libsmart.suprx") loaded
[08:26:01.178] |C| [load_self]: Unknown segment type 0x6FFFFF01
[08:26:01.178] |I| [load_self]: Loaded module segment 0 @ [0x002BE000 - 0x002D19A4 / 0x81000000] (size: 0x000139A4) of module ux0:app\PCSB00770\sce_module\libult.suprx
[08:26:01.178] |I| [load_self]: Loaded module segment 1 @ [0x002D2000 - 0x002D2814 / 0x81014000] (size: 0x00000814) of module ux0:app\PCSB00770\sce_module\libult.suprx
[08:26:01.178] |I| [load_self]: Loading symbols for SELF: ux0:app\PCSB00770\sce_module\libult.suprx
[08:26:01.178] |D| [load_var_exports]: 	NID 0x936C8A78 (SYSLYB) at 0x2D02D0
[08:26:01.178] |D| [load_var_exports]: 	NID 0x6C2224BA (NID_MODULE_INFO) at 0x2CD858
[08:26:01.178] |I| [pre_load_module]: Pre-load module SceUlt (at "app\PCSB00770\sce_module\libult.suprx") loaded
[08:26:01.185] |I| [load_self]: Loaded module segment 0 @ [0x002D3000 - 0x00323F04 / 0x81000000] (size: 0x00050F04) of module vs0:sys/external/libSceFt2.suprx
[08:26:01.185] |I| [load_self]: Loaded module segment 1 @ [0x00324000 - 0x003242F4 / 0x81051000] (size: 0x000002F4) of module vs0:sys/external/libSceFt2.suprx
[08:26:01.185] |I| [load_self]: Loading symbols for SELF: vs0:sys/external/libSceFt2.suprx
[08:26:01.185] |D| [load_var_exports]: 	NID 0x936C8A78 (SYSLYB) at 0x30F7DC
[08:26:01.186] |D| [load_var_exports]: 	NID 0x6C2224BA (NID_MODULE_INFO) at 0x30EF10
[08:26:01.186] |I| [pre_load_module]: Pre-load module SceLibft2 (at "sys/external/libSceFt2.suprx") loaded
[08:26:01.188] |I| [load_self]: Loaded module segment 0 @ [0x00325000 - 0x00334F14 / 0x81000000] (size: 0x0000FF14) of module vs0:sys/external/libpvf.suprx
[08:26:01.191] |I| [load_self]: Loaded module segment 1 @ [0x00335000 - 0x00335008 / 0x81010000] (size: 0x00000008) of module vs0:sys/external/libpvf.suprx
[08:26:01.191] |I| [load_self]: Loading symbols for SELF: vs0:sys/external/libpvf.suprx
[08:26:01.191] |D| [load_var_exports]: 	NID 0x936C8A78 (SYSLYB) at 0x333710
[08:26:01.191] |D| [load_var_exports]: 	NID 0x6C2224BA (NID_MODULE_INFO) at 0x333300
[08:26:01.192] |I| [pre_load_module]: Pre-load module SceLibPvf (at "sys/external/libpvf.suprx") loaded
[08:26:01.774] |C| [load_self]: Unknown segment type 0x6FFFFF01
[08:26:01.774] |I| [load_self]: Loaded module segment 0 @ [0x00336000 - 0x01B21664 / 0x81000000] (size: 0x017EB664) of module app0:eboot.bin
[08:26:01.774] |I| [load_self]: Loaded module segment 1 @ [0x01B22000 - 0x01DB7F40 / 0x827EC000] (size: 0x00295F40) of module app0:eboot.bin
[08:26:01.774] |I| [load_self]: Loading symbols for SELF: app0:eboot.bin
[08:26:01.774] |D| [load_var_exports]: 	NID 0x6C2224BA (NID_MODULE_INFO) at 0x1978414
[08:26:01.774] |D| [load_var_exports]: 	NID 0x70FBA1E7 (SCE_PROC_PARAMS) at 0x1B2208C
[08:26:01.774] |D| [load_var_exports]: 	NID 0x936C8A78 (SYSLYB) at 0x1A710F4
[08:26:01.774] |W| [load_var_imports]: 	NID NOT FOUND 0x1A5C609 (UNRECOGNISED) at 0x19A0288, setting to stub value 0xDEADBEEF
[08:26:01.775] |W| [load_var_imports]: 	NID NOT FOUND 0x6EF1E48 (UNRECOGNISED) at 0x199FC20, setting to stub value 0xDEADBEEF
[08:26:01.776] |I| [load_app_impl]: Main executable UnityPlayer_437_Release (eboot.bin) loaded
[08:26:01.785] |D| [run_app]: Running module_start of library: SceLibc at address 0x7871
[08:26:01.853] |I| [run_app]: Module SceLibc (at "ux0:app\PCSB00770\sce_module\libc.suprx") module_start returned 0x0
[08:26:01.857] |D| [run_app]: Running module_start of library: SceFace at address 0x70FC5
[08:26:01.865] |I| [run_app]: Module SceFace (at "ux0:app\PCSB00770\sce_module\libface.suprx") module_start returned 0x0
[08:26:01.869] |D| [run_app]: Running module_start of library: SceLibFios2 at address 0x76001
[08:26:01.876] |W| [stubbed_impl]: Stubbed sceKernelGetProcessId import called. (pid: 0)
[08:26:01.877] |D| [export_sceFiosOverlayGetList02]: maxIDs: 127
[08:26:01.877] |W| [unimplemented_impl]: Unimplemented sceFiosOverlayGetList02 import called.
[08:26:01.877] |I| [run_app]: Module SceLibFios2 (at "ux0:app\PCSB00770\sce_module\libfios2.suprx") module_start returned 0x0
[08:26:01.881] |D| [run_app]: Running module_start of library: SceSmart at address 0xA817D
[08:26:01.890] |I| [run_app]: Module SceSmart (at "ux0:app\PCSB00770\sce_module\libsmart.suprx") module_start returned 0x0
[08:26:01.894] |D| [run_app]: Running module_start of library: SceUlt at address 0x2C1769
[08:26:01.901] |W| [unimplemented_impl]: Unimplemented _sceUlobjMgrRegisterLibultProtocolRevision import called.
[08:26:01.901] |I| [run_app]: Module SceUlt (at "ux0:app\PCSB00770\sce_module\libult.suprx") module_start returned 0x0
[08:26:01.906] |W| [unimplemented_impl]: Unimplemented sceKernelRegisterThreadEventHandler import called.
[08:26:02.079] |E| [call_import]: Import function for NID 0xD7F0F610 not found (thread name: PCSB00770, thread ID: 10)
[08:26:02.081] |W| [stubbed_impl]: Stubbed sceKernelGetFreeMemorySize import called. (Single pool)
[08:26:02.081] |W| [unimplemented_impl]: Unimplemented sceAppUtilInit import called.
[08:26:02.104] |C| [load_self]: Unknown segment type 0x6FFFFF01
[08:26:02.104] |I| [load_self]: Loaded module segment 0 @ [0x0F0FF000 - 0x0F1056A0 / 0x81000000] (size: 0x000066A0) of module app0:/Media/Modules/pthread.suprx
[08:26:02.104] |I| [load_self]: Loaded module segment 1 @ [0x01DFC000 - 0x01DFE168 / 0x81007000] (size: 0x00002168) of module app0:/Media/Modules/pthread.suprx
[08:26:02.104] |I| [load_self]: Loading symbols for SELF: app0:/Media/Modules/pthread.suprx
[08:26:02.105] |D| [load_var_exports]: 	NID 0x6C2224BA (NID_MODULE_INFO) at 0xF104398
[08:26:02.105] |D| [load_var_exports]: 	NID 0x936C8A78 (SYSLYB) at 0xF10569C
[08:26:02.113] |I| [start_module]: Module PTHREAD_PRX (at "app0:/Media/Modules/pthread.suprx") module_start returned 0x0
[08:26:02.119] |C| [load_self]: Unknown segment type 0x6FFFFF01
[08:26:02.119] |I| [load_self]: Loaded module segment 0 @ [0x0F106000 - 0x0F10B6A8 / 0x81000000] (size: 0x000056A8) of module app0:/Media/Modules/SUPRXManager.suprx
[08:26:02.119] |I| [load_self]: Loaded module segment 1 @ [0x0F10C000 - 0x0F10C044 / 0x81006000] (size: 0x00000044) of module app0:/Media/Modules/SUPRXManager.suprx
[08:26:02.120] |I| [load_self]: Loading symbols for SELF: app0:/Media/Modules/SUPRXManager.suprx
[08:26:02.120] |D| [load_var_exports]: 	NID 0x6C2224BA (NID_MODULE_INFO) at 0xF10AF98
[08:26:02.120] |D| [load_var_exports]: 	NID 0x936C8A78 (SYSLYB) at 0xF10B5EC
[08:26:02.131] |I| [start_module]: Module SUPRXManager (at "app0:/Media/Modules/SUPRXManager.suprx") module_start returned 0x0
[08:26:02.163] |C| [load_self]: Unknown segment type 0x6FFFFF01
[08:26:02.163] |I| [load_self]: Loaded module segment 0 @ [0x0F10D000 - 0x0F358A54 / 0x81000000] (size: 0x0024BA54) of module app0:/Media/Modules/mono-vita.suprx
[08:26:02.163] |I| [load_self]: Loaded module segment 1 @ [0x0F359000 - 0x0F3C0C60 / 0x8124C000] (size: 0x00067C60) of module app0:/Media/Modules/mono-vita.suprx
[08:26:02.164] |I| [load_self]: Loading symbols for SELF: app0:/Media/Modules/mono-vita.suprx
[08:26:02.164] |D| [load_var_exports]: 	NID 0x6C2224BA (NID_MODULE_INFO) at 0xF2A0674
[08:26:02.164] |D| [load_var_exports]: 	NID 0x936C8A78 (SYSLYB) at 0xF33B83C
[08:26:02.173] |I| [start_module]: Module MONO (at "app0:/Media/Modules/mono-vita.suprx") module_start returned 0x0
[08:26:02.251] |W| [unimplemented_impl]: Unimplemented sceKernelChangeThreadVfpException import called.
[08:26:02.251] |W| [unimplemented_impl]: Unimplemented sceFiosOverlayThreadSetDisabled02 import called.
[08:26:02.314] |W| [unimplemented_impl]: Unimplemented sceFiosOverlayGetRecommendedScheduler02 import called.
[08:26:02.320] |I| [export_sceIoOpen]: Opening file: app0:/archive.psarc
[08:26:02.365] |I| [export_sceIoOpen]: Opening file: app0:/archive.psarc
[08:26:02.397] |I| [export_sceIoOpen]: Opening file: app0:/archive_patch.psarc
[08:26:02.435] |I| [export_sceIoOpen]: Opening file: app0:/archive_patch.psarc
[08:26:02.509] |E| [call_import]: Import function for NID 0xE340CF1F not found (thread name: Unity_main_thread, thread ID: 65)
[08:26:02.513] |I| [export_sceIoOpen]: Opening file: app0:/mono/etc/mono/config
[08:26:02.513] |E| [open_file]: Missing file at D:/Emulateurs/Vita3K/mc/ux0/app/PCSB00770/mono/etc/mono/config (target path: app0:/mono/etc/mono/config)
[08:26:02.513] |W| [io_error_impl]: open_file (sceIoOpen) returned 0x80010002
[08:26:02.514] |I| [export_sceIoOpen]: Opening file: app0:/.mono/config
[08:26:02.514] |E| [open_file]: Missing file at D:/Emulateurs/Vita3K/mc/ux0/app/PCSB00770/.mono/config (target path: app0:/.mono/config)
[08:26:02.514] |W| [io_error_impl]: open_file (sceIoOpen) returned 0x80010002
[08:26:02.517] |I| [export_sceIoOpen]: Opening file: /proc/cpuinfo
[08:26:02.517] |E| [open_file]: Cannot find device for path: /proc/cpuinfo
[08:26:02.517] |W| [io_error_impl]: open_file (sceIoOpen) returned 0x80010002
[08:26:02.532] |E| [call_import]: Import function for NID 0xE340CF1A not found (thread name: Unity_main_thread, thread ID: 65)
[08:26:02.533] |I| [export_sceIoOpen]: Opening file: app0:Media/Managed/mono/config
[08:26:02.533] |E| [open_file]: Missing file at D:/Emulateurs/Vita3K/mc/ux0/app/PCSB00770/Media/Managed/mono/config (target path: app0:Media/Managed/mono/config)
[08:26:02.533] |W| [io_error_impl]: open_file (sceIoOpen) returned 0x80010002
[08:26:02.533] |I| [export_sceIoOpen]: Opening file: app0:/.mono/config
[08:26:02.533] |E| [open_file]: Missing file at D:/Emulateurs/Vita3K/mc/ux0/app/PCSB00770/.mono/config (target path: app0:/.mono/config)
[08:26:02.533] |W| [io_error_impl]: open_file (sceIoOpen) returned 0x80010002
[08:26:02.534] |E| [call_import]: Import function for NID 0xE340CF23 not found (thread name: Unity_main_thread, thread ID: 65)
[08:26:02.534] |E| [call_import]: Import function for NID 0xE340C007 not found (thread name: Unity_main_thread, thread ID: 65)
[08:26:02.534] |I| [export_sceIoOpen]: Opening file: /proc/cpuinfo
[08:26:02.534] |E| [open_file]: Cannot find device for path: /proc/cpuinfo
[08:26:02.534] |W| [io_error_impl]: open_file (sceIoOpen) returned 0x80010002
[08:26:02.534] |E| [call_import]: Import function for NID 0xE340CF25 not found (thread name: Unity_main_thread, thread ID: 65)
[08:26:02.546] |W| [stubbed_impl]: Stubbed _sceKernelGetThreadInfo import called. (STUB)
[08:26:02.547] |W| [stubbed_impl]: Stubbed sceKernelWaitExceptionForMono import called. (Inifinite wait)
[08:26:02.576] |I| [export_sceIoOpen]: Opening file: app0:/app0/mscorlib.dll
[08:26:02.576] |E| [open_file]: Missing file at D:/Emulateurs/Vita3K/mc/ux0/app/PCSB00770/app0/mscorlib.dll (target path: app0:/app0/mscorlib.dll)
[08:26:02.576] |W| [io_error_impl]: open_file (sceIoOpen) returned 0x80010002
[08:26:02.578] |I| [export_sceIoOpen]: Opening file: app0:/Media/Managed/mscorlib.dll
[08:26:02.651] |I| [export_sceIoOpen]: Opening file: app0:Media/Managed/mono/gac/policy.2.0.mscorlib/0.0.0.0__b77a5c561934e089/policy.2.0.mscorlib.dll
[08:26:02.652] |E| [open_file]: Missing file at D:/Emulateurs/Vita3K/mc/ux0/app/PCSB00770/Media/Managed/mono/gac/policy.2.0.mscorlib/0.0.0.0__b77a5c561934e089/policy.2.0.mscorlib.dll (target path: app0:Media/Managed/mono/gac/policy.2.0.mscorlib/0.0.0.0__b77a5c561934e089/policy.2.0.mscorlib.dll)
[08:26:02.652] |W| [io_error_impl]: open_file (sceIoOpen) returned 0x80010002
[08:26:02.653] |I| [export_sceIoOpen]: Opening file: app0:/app0/mscorlib.dll
[08:26:02.653] |E| [open_file]: Missing file at D:/Emulateurs/Vita3K/mc/ux0/app/PCSB00770/app0/mscorlib.dll (target path: app0:/app0/mscorlib.dll)
[08:26:02.653] |W| [io_error_impl]: open_file (sceIoOpen) returned 0x80010002
[08:26:02.655] |I| [export_sceIoOpen]: Opening file: app0:/Media/Managed/mscorlib.dll.config
[08:26:02.655] |E| [open_file]: Missing file at D:/Emulateurs/Vita3K/mc/ux0/app/PCSB00770/Media/Managed/mscorlib.dll.config (target path: app0:/Media/Managed/mscorlib.dll.config)
[08:26:02.656] |W| [io_error_impl]: open_file (sceIoOpen) returned 0x80010002
[08:26:02.656] |I| [export_sceIoOpen]: Opening file: app0:Media/Managed/mono/assemblies/mscorlib/mscorlib.config
[08:26:02.656] |E| [open_file]: Missing file at D:/Emulateurs/Vita3K/mc/ux0/app/PCSB00770/Media/Managed/mono/assemblies/mscorlib/mscorlib.config (target path: app0:Media/Managed/mono/assemblies/mscorlib/mscorlib.config)
[08:26:02.657] |W| [io_error_impl]: open_file (sceIoOpen) returned 0x80010002
[08:26:02.866] |E| [call_import]: Import function for NID 0xE340CF15 not found (thread name: Unity_main_thread, thread ID: 65)
[08:26:02.890] |W| [unimplemented_impl]: Unimplemented sceAppUtilLoadSafeMemory import called.
[08:26:02.973] |D| [export_sceTouchEnableTouchForce]: port: 0, state: 1
[08:26:02.974] |D| [export_sceTouchEnableTouchForce]: port: 1, state: 1
[08:26:02.974] |W| [unimplemented_impl]: Unimplemented sceMotionSetDeadband import called.
[08:26:02.974] |W| [unimplemented_impl]: Unimplemented sceMotionSetTiltCorrection import called.
[08:26:02.975] |W| [unimplemented_impl]: Unimplemented sceMotionSetAngleThreshold import called.
[08:26:02.975] |W| [unimplemented_impl]: Unimplemented sceMotionStartSampling import called.
[08:26:03.170] |W| [unimplemented_impl]: Unimplemented sceAppMgrAcquireBgmPort import called.
[08:26:03.213] |W| [stubbed_impl]: Stubbed sceGxmMapMemory import called. (always return success)
[08:26:03.217] |W| [stubbed_impl]: Stubbed sceGxmMapFragmentUsseMemory import called. (always return success)
[08:26:03.256] |W| [stubbed_impl]: Stubbed sceGxmMapVertexUsseMemory import called. (always return success)
[08:26:03.264] |W| [stubbed_impl]: Stubbed sceGxmGetRenderTargetMemSize import called. (2MB host mem)
[08:26:03.358] |W| [unimplemented_impl]: Unimplemented sceGxmDepthStencilSurfaceSetForceStoreMode import called.
[08:26:03.359] |W| [unimplemented_impl]: Unimplemented sceGxmDepthStencilSurfaceSetForceLoadMode import called.
[08:26:03.443] |W| [stubbed_impl]: Stubbed sceKernelChangeThreadPriority import called. (STUB)
[08:26:03.452] |E| [call_import]: Import function for NID 0xE340CF0F not found (thread name: Unity_main_thread, thread ID: 65)
[08:26:03.452] |E| [call_import]: Import function for NID 0xE340CF10 not found (thread name: Unity_main_thread, thread ID: 65)
[08:26:03.505] |W| [stubbed_impl]: Stubbed sceGxmTextureInitCube import called. (Stub InitCube)
[08:26:03.505] |D| [export_sceGxmTextureInitCube]: sceGxmTextureInitCube, Unimplemeted: width: 1, height: 1
[08:26:03.713] |E| [ObjectStore::erase]: Object not created but erased in storage. type:struct AudiodecState
[08:26:03.714] |W| [unimplemented_impl]: Unimplemented sceSysmoduleUnloadModule import called.
[08:26:03.717] |W| [unimplemented_impl]: Unimplemented sceNgsSystemSetFlags import called.
[08:26:03.719] |D| [export_sceNgsVoicePlay]: sceNgsVoicePlay: 1
[08:26:03.760] |W| [unimplemented_impl]: Unimplemented sceNgsVoiceSetParamsBlock import called.
[08:26:03.760] |D| [export_sceNgsVoicePlay]: sceNgsVoicePlay: 1
[08:26:03.834] |I| [export_sceIoOpen]: Opening file: app0:/Media/Managed/UnityEngine.dll
[08:26:03.865] |I| [export_sceIoOpen]: Opening file: app0:/Media/Managed/UnityEngine.dll.config
[08:26:03.865] |E| [open_file]: Missing file at D:/Emulateurs/Vita3K/mc/ux0/app/PCSB00770/Media/Managed/UnityEngine.dll.config (target path: app0:/Media/Managed/UnityEngine.dll.config)
[08:26:03.865] |W| [io_error_impl]: open_file (sceIoOpen) returned 0x80010002
[08:26:03.865] |I| [export_sceIoOpen]: Opening file: app0:Media/Managed/mono/assemblies/UnityEngine/UnityEngine.config
[08:26:03.865] |E| [open_file]: Missing file at D:/Emulateurs/Vita3K/mc/ux0/app/PCSB00770/Media/Managed/mono/assemblies/UnityEngine/UnityEngine.config (target path: app0:Media/Managed/mono/assemblies/UnityEngine/UnityEngine.config)
[08:26:03.865] |W| [io_error_impl]: open_file (sceIoOpen) returned 0x80010002
[08:26:03.867] |E| [call_import]: Import function for NID 0xE340CF12 not found (thread name: Unity_main_thread, thread ID: 65)
[08:26:03.871] |I| [export_sceIoOpen]: Opening file: app0:Media/Managed/mono/gac/policy.2.0.mscorlib/0.0.0.0__b77a5c561934e089/policy.2.0.mscorlib.dll
[08:26:03.872] |E| [open_file]: Missing file at D:/Emulateurs/Vita3K/mc/ux0/app/PCSB00770/Media/Managed/mono/gac/policy.2.0.mscorlib/0.0.0.0__b77a5c561934e089/policy.2.0.mscorlib.dll (target path: app0:Media/Managed/mono/gac/policy.2.0.mscorlib/0.0.0.0__b77a5c561934e089/policy.2.0.mscorlib.dll)
[08:26:03.872] |W| [io_error_impl]: open_file (sceIoOpen) returned 0x80010002
[08:26:03.876] |E| [call_import]: Import function for NID 0xE340CF16 not found (thread name: Unity_main_thread, thread ID: 65)
[08:26:03.876] |E| [call_import]: Import function for NID 0xE340CF19 not found (thread name: Unity_main_thread, thread ID: 65)
[08:26:03.962] |W| [stubbed_impl]: Stubbed sceKernelSuspendThreadForVM import called. (STUB)
[08:26:03.963] |W| [stubbed_impl]: Stubbed _sceKernelGetThreadContextForVM import called. (Stub)
[08:26:03.965] |W| [stubbed_impl]: Stubbed sceKernelResumeThreadForVM import called. (STUB)
[08:26:03.974] |E| [call_import]: Import function for NID 0xE340CF13 not found (thread name: Unity_main_thread, thread ID: 65)
[08:26:03.974] |I| [export_sceIoOpen]: Opening file: app0:/Media/Managed/Assembly-CSharp-firstpass.dll
[08:26:03.993] |I| [export_sceIoOpen]: Opening file: app0:/Media/Managed/Assembly-CSharp-firstpass.dll.config
[08:26:03.994] |E| [open_file]: Missing file at D:/Emulateurs/Vita3K/mc/ux0/app/PCSB00770/Media/Managed/Assembly-CSharp-firstpass.dll.config (target path: app0:/Media/Managed/Assembly-CSharp-firstpass.dll.config)
[08:26:03.994] |W| [io_error_impl]: open_file (sceIoOpen) returned 0x80010002
[08:26:03.994] |I| [export_sceIoOpen]: Opening file: app0:Media/Managed/mono/assemblies/Assembly-CSharp-firstpass/Assembly-CSharp-firstpass.config
[08:26:03.994] |E| [open_file]: Missing file at D:/Emulateurs/Vita3K/mc/ux0/app/PCSB00770/Media/Managed/mono/assemblies/Assembly-CSharp-firstpass/Assembly-CSharp-firstpass.config (target path: app0:Media/Managed/mono/assemblies/Assembly-CSharp-firstpass/Assembly-CSharp-firstpass.config)
[08:26:03.994] |W| [io_error_impl]: open_file (sceIoOpen) returned 0x80010002
[08:26:03.994] |E| [call_import]: Import function for NID 0xE340CF11 not found (thread name: Unity_main_thread, thread ID: 65)
[08:26:03.995] |I| [export_sceIoOpen]: Opening file: app0:/Media/Managed/Assembly-CSharp.dll
[08:26:04.052] |I| [export_sceIoOpen]: Opening file: app0:Media/Managed/mono/gac/policy.3.5.System.Core/0.0.0.0__b77a5c561934e089/policy.3.5.System.Core.dll
[08:26:04.053] |E| [open_file]: Missing file at D:/Emulateurs/Vita3K/mc/ux0/app/PCSB00770/Media/Managed/mono/gac/policy.3.5.System.Core/0.0.0.0__b77a5c561934e089/policy.3.5.System.Core.dll (target path: app0:Media/Managed/mono/gac/policy.3.5.System.Core/0.0.0.0__b77a5c561934e089/policy.3.5.System.Core.dll)
[08:26:04.053] |W| [io_error_impl]: open_file (sceIoOpen) returned 0x80010002
[08:26:04.054] |E| [stat_file]: Cannot find device for path: app0/System.Core.dll
[08:26:04.054] |W| [io_error_impl]: stat_file (_sceIoGetstat) returned 0x80010002
[08:26:04.054] |E| [stat_file]: Cannot find device for path: app0/System.Core.exe
[08:26:04.054] |W| [io_error_impl]: stat_file (_sceIoGetstat) returned 0x80010002
[08:26:04.055] |E| [stat_file]: Cannot find device for path: app0/System.Core/System.Core.dll
[08:26:04.055] |W| [io_error_impl]: stat_file (_sceIoGetstat) returned 0x80010002
[08:26:04.055] |E| [stat_file]: Cannot find device for path: app0/System.Core/System.Core.exe
[08:26:04.055] |W| [io_error_impl]: stat_file (_sceIoGetstat) returned 0x80010002
[08:26:04.055] |E| [stat_file]: Cannot find device for path: Media/Managed/System.Core.dll
[08:26:04.056] |W| [io_error_impl]: stat_file (_sceIoGetstat) returned 0x80010002
[08:26:04.056] |E| [stat_file]: Cannot find device for path: Media/Managed/System.Core.exe
[08:26:04.056] |W| [io_error_impl]: stat_file (_sceIoGetstat) returned 0x80010002
[08:26:04.056] |E| [stat_file]: Cannot find device for path: Media/Managed/System.Core/System.Core.dll
[08:26:04.056] |W| [io_error_impl]: stat_file (_sceIoGetstat) returned 0x80010002
[08:26:04.056] |E| [stat_file]: Cannot find device for path: Media/Managed/System.Core/System.Core.exe
[08:26:04.057] |W| [io_error_impl]: stat_file (_sceIoGetstat) returned 0x80010002
[08:26:04.058] |I| [export_sceIoOpen]: Opening file: app0:Media/Managed/mono/gac/System.Core/3.5.0.0__b77a5c561934e089/System.Core.dll
[08:26:04.058] |E| [open_file]: Missing file at D:/Emulateurs/Vita3K/mc/ux0/app/PCSB00770/Media/Managed/mono/gac/System.Core/3.5.0.0__b77a5c561934e089/System.Core.dll (target path: app0:Media/Managed/mono/gac/System.Core/3.5.0.0__b77a5c561934e089/System.Core.dll)
[08:26:04.059] |W| [io_error_impl]: open_file (sceIoOpen) returned 0x80010002
[08:26:04.059] |I| [export_sceIoOpen]: Opening file: app0:Media/Managed/System.Core.dll
[08:26:04.060] |I| [export_sceIoOpen]: Opening file: app0:Media/Managed/System.Core.dll.config
[08:26:04.061] |E| [open_file]: Missing file at D:/Emulateurs/Vita3K/mc/ux0/app/PCSB00770/Media/Managed/System.Core.dll.config (target path: app0:Media/Managed/System.Core.dll.config)
[08:26:04.061] |W| [io_error_impl]: open_file (sceIoOpen) returned 0x80010002
[08:26:04.061] |I| [export_sceIoOpen]: Opening file: app0:Media/Managed/mono/assemblies/System.Core/System.Core.config
[08:26:04.061] |E| [open_file]: Missing file at D:/Emulateurs/Vita3K/mc/ux0/app/PCSB00770/Media/Managed/mono/assemblies/System.Core/System.Core.config (target path: app0:Media/Managed/mono/assemblies/System.Core/System.Core.config)
[08:26:04.061] |W| [io_error_impl]: open_file (sceIoOpen) returned 0x80010002
[08:26:04.062] |I| [export_sceIoOpen]: Opening file: app0:Media/Managed/mono/gac/policy.2.0.System/0.0.0.0__b77a5c561934e089/policy.2.0.System.dll
[08:26:04.062] |E| [open_file]: Missing file at D:/Emulateurs/Vita3K/mc/ux0/app/PCSB00770/Media/Managed/mono/gac/policy.2.0.System/0.0.0.0__b77a5c561934e089/policy.2.0.System.dll (target path: app0:Media/Managed/mono/gac/policy.2.0.System/0.0.0.0__b77a5c561934e089/policy.2.0.System.dll)
[08:26:04.062] |W| [io_error_impl]: open_file (sceIoOpen) returned 0x80010002
[08:26:04.062] |E| [stat_file]: Cannot find device for path: app0/System.dll
[08:26:04.062] |W| [io_error_impl]: stat_file (_sceIoGetstat) returned 0x80010002
[08:26:04.062] |E| [stat_file]: Cannot find device for path: app0/System.exe
[08:26:04.062] |W| [io_error_impl]: stat_file (_sceIoGetstat) returned 0x80010002
[08:26:04.063] |E| [stat_file]: Cannot find device for path: app0/System/System.dll
[08:26:04.063] |W| [io_error_impl]: stat_file (_sceIoGetstat) returned 0x80010002
[08:26:04.063] |E| [stat_file]: Cannot find device for path: app0/System/System.exe
[08:26:04.063] |W| [io_error_impl]: stat_file (_sceIoGetstat) returned 0x80010002
[08:26:04.063] |E| [stat_file]: Cannot find device for path: Media/Managed/System.dll
[08:26:04.063] |W| [io_error_impl]: stat_file (_sceIoGetstat) returned 0x80010002
[08:26:04.063] |E| [stat_file]: Cannot find device for path: Media/Managed/System.exe
[08:26:04.063] |W| [io_error_impl]: stat_file (_sceIoGetstat) returned 0x80010002
[08:26:04.064] |E| [stat_file]: Cannot find device for path: Media/Managed/System/System.dll
[08:26:04.064] |W| [io_error_impl]: stat_file (_sceIoGetstat) returned 0x80010002
[08:26:04.064] |E| [stat_file]: Cannot find device for path: Media/Managed/System/System.exe
[08:26:04.064] |W| [io_error_impl]: stat_file (_sceIoGetstat) returned 0x80010002
[08:26:04.064] |I| [export_sceIoOpen]: Opening file: app0:Media/Managed/mono/gac/System/2.0.0.0__b77a5c561934e089/System.dll
[08:26:04.064] |E| [open_file]: Missing file at D:/Emulateurs/Vita3K/mc/ux0/app/PCSB00770/Media/Managed/mono/gac/System/2.0.0.0__b77a5c561934e089/System.dll (target path: app0:Media/Managed/mono/gac/System/2.0.0.0__b77a5c561934e089/System.dll)
[08:26:04.064] |W| [io_error_impl]: open_file (sceIoOpen) returned 0x80010002
[08:26:04.065] |I| [export_sceIoOpen]: Opening file: app0:Media/Managed/System.dll
[08:26:04.073] |I| [export_sceIoOpen]: Opening file: app0:Media/Managed/mono/gac/policy.2.0.System.Configuration/0.0.0.0__b03f5f7f11d50a3a/policy.2.0.System.Configuration.dll
[08:26:04.076] |E| [open_file]: Missing file at D:/Emulateurs/Vita3K/mc/ux0/app/PCSB00770/Media/Managed/mono/gac/policy.2.0.System.Configuration/0.0.0.0__b03f5f7f11d50a3a/policy.2.0.System.Configuration.dll (target path: app0:Media/Managed/mono/gac/policy.2.0.System.Configuration/0.0.0.0__b03f5f7f11d50a3a/policy.2.0.System.Configuration.dll)
[08:26:04.076] |W| [io_error_impl]: open_file (sceIoOpen) returned 0x80010002
[08:26:04.076] |E| [stat_file]: Cannot find device for path: app0/System.Configuration.dll
[08:26:04.076] |W| [io_error_impl]: stat_file (_sceIoGetstat) returned 0x80010002
[08:26:04.076] |E| [stat_file]: Cannot find device for path: app0/System.Configuration.exe
[08:26:04.077] |W| [io_error_impl]: stat_file (_sceIoGetstat) returned 0x80010002
[08:26:04.077] |E| [stat_file]: Cannot find device for path: app0/System.Configuration/System.Configuration.dll
[08:26:04.077] |W| [io_error_impl]: stat_file (_sceIoGetstat) returned 0x80010002
[08:26:04.077] |E| [stat_file]: Cannot find device for path: app0/System.Configuration/System.Configuration.exe
[08:26:04.077] |W| [io_error_impl]: stat_file (_sceIoGetstat) returned 0x80010002
[08:26:04.077] |E| [stat_file]: Cannot find device for path: Media/Managed/System.Configuration.dll
[08:26:04.077] |W| [io_error_impl]: stat_file (_sceIoGetstat) returned 0x80010002
[08:26:04.078] |E| [stat_file]: Cannot find device for path: Media/Managed/System.Configuration.exe
[08:26:04.078] |W| [io_error_impl]: stat_file (_sceIoGetstat) returned 0x80010002
[08:26:04.078] |E| [stat_file]: Cannot find device for path: Media/Managed/System.Configuration/System.Configuration.dll
[08:26:04.078] |W| [io_error_impl]: stat_file (_sceIoGetstat) returned 0x80010002
[08:26:04.078] |E| [stat_file]: Cannot find device for path: Media/Managed/System.Configuration/System.Configuration.exe
[08:26:04.078] |W| [io_error_impl]: stat_file (_sceIoGetstat) returned 0x80010002
[08:26:04.078] |I| [export_sceIoOpen]: Opening file: app0:Media/Managed/mono/gac/System.Configuration/2.0.0.0__b03f5f7f11d50a3a/System.Configuration.dll
[08:26:04.078] |E| [open_file]: Missing file at D:/Emulateurs/Vita3K/mc/ux0/app/PCSB00770/Media/Managed/mono/gac/System.Configuration/2.0.0.0__b03f5f7f11d50a3a/System.Configuration.dll (target path: app0:Media/Managed/mono/gac/System.Configuration/2.0.0.0__b03f5f7f11d50a3a/System.Configuration.dll)
[08:26:04.079] |W| [io_error_impl]: open_file (sceIoOpen) returned 0x80010002
[08:26:04.079] |I| [export_sceIoOpen]: Opening file: app0:Media/Managed/System.Configuration.dll
[08:26:04.089] |I| [export_sceIoOpen]: Opening file: app0:Media/Managed/mono/gac/policy.2.0.System.Xml/0.0.0.0__b77a5c561934e089/policy.2.0.System.Xml.dll
[08:26:04.092] |E| [open_file]: Missing file at D:/Emulateurs/Vita3K/mc/ux0/app/PCSB00770/Media/Managed/mono/gac/policy.2.0.System.Xml/0.0.0.0__b77a5c561934e089/policy.2.0.System.Xml.dll (target path: app0:Media/Managed/mono/gac/policy.2.0.System.Xml/0.0.0.0__b77a5c561934e089/policy.2.0.System.Xml.dll)
[08:26:04.092] |W| [io_error_impl]: open_file (sceIoOpen) returned 0x80010002
[08:26:04.092] |E| [stat_file]: Cannot find device for path: app0/System.Xml.dll
[08:26:04.092] |W| [io_error_impl]: stat_file (_sceIoGetstat) returned 0x80010002
[08:26:04.092] |E| [stat_file]: Cannot find device for path: app0/System.Xml.exe
[08:26:04.092] |W| [io_error_impl]: stat_file (_sceIoGetstat) returned 0x80010002
[08:26:04.093] |E| [stat_file]: Cannot find device for path: app0/System.Xml/System.Xml.dll
[08:26:04.093] |W| [io_error_impl]: stat_file (_sceIoGetstat) returned 0x80010002
[08:26:04.093] |E| [stat_file]: Cannot find device for path: app0/System.Xml/System.Xml.exe
[08:26:04.093] |W| [io_error_impl]: stat_file (_sceIoGetstat) returned 0x80010002
[08:26:04.093] |E| [stat_file]: Cannot find device for path: Media/Managed/System.Xml.dll
[08:26:04.093] |W| [io_error_impl]: stat_file (_sceIoGetstat) returned 0x80010002
[08:26:04.093] |E| [stat_file]: Cannot find device for path: Media/Managed/System.Xml.exe
[08:26:04.093] |W| [io_error_impl]: stat_file (_sceIoGetstat) returned 0x80010002
[08:26:04.094] |E| [stat_file]: Cannot find device for path: Media/Managed/System.Xml/System.Xml.dll
[08:26:04.094] |W| [io_error_impl]: stat_file (_sceIoGetstat) returned 0x80010002
[08:26:04.094] |E| [stat_file]: Cannot find device for path: Media/Managed/System.Xml/System.Xml.exe
[08:26:04.094] |W| [io_error_impl]: stat_file (_sceIoGetstat) returned 0x80010002
[08:26:04.094] |I| [export_sceIoOpen]: Opening file: app0:Media/Managed/mono/gac/System.Xml/2.0.0.0__b77a5c561934e089/System.Xml.dll
[08:26:04.094] |E| [open_file]: Missing file at D:/Emulateurs/Vita3K/mc/ux0/app/PCSB00770/Media/Managed/mono/gac/System.Xml/2.0.0.0__b77a5c561934e089/System.Xml.dll (target path: app0:Media/Managed/mono/gac/System.Xml/2.0.0.0__b77a5c561934e089/System.Xml.dll)
[08:26:04.095] |W| [io_error_impl]: open_file (sceIoOpen) returned 0x80010002
[08:26:04.095] |I| [export_sceIoOpen]: Opening file: app0:Media/Managed/System.Xml.dll
[08:26:04.110] |I| [export_sceIoOpen]: Opening file: app0:Media/Managed/System.Xml.dll.config
[08:26:04.114] |E| [open_file]: Missing file at D:/Emulateurs/Vita3K/mc/ux0/app/PCSB00770/Media/Managed/System.Xml.dll.config (target path: app0:Media/Managed/System.Xml.dll.config)
[08:26:04.115] |W| [io_error_impl]: open_file (sceIoOpen) returned 0x80010002
[08:26:04.115] |I| [export_sceIoOpen]: Opening file: app0:Media/Managed/mono/assemblies/System.Xml/System.Xml.config
[08:26:04.115] |E| [open_file]: Missing file at D:/Emulateurs/Vita3K/mc/ux0/app/PCSB00770/Media/Managed/mono/assemblies/System.Xml/System.Xml.config (target path: app0:Media/Managed/mono/assemblies/System.Xml/System.Xml.config)
[08:26:04.115] |W| [io_error_impl]: open_file (sceIoOpen) returned 0x80010002
[08:26:04.115] |I| [export_sceIoOpen]: Opening file: app0:Media/Managed/mono/gac/policy.2.0.System.Security/0.0.0.0__b03f5f7f11d50a3a/policy.2.0.System.Security.dll
[08:26:04.115] |E| [open_file]: Missing file at D:/Emulateurs/Vita3K/mc/ux0/app/PCSB00770/Media/Managed/mono/gac/policy.2.0.System.Security/0.0.0.0__b03f5f7f11d50a3a/policy.2.0.System.Security.dll (target path: app0:Media/Managed/mono/gac/policy.2.0.System.Security/0.0.0.0__b03f5f7f11d50a3a/policy.2.0.System.Security.dll)
[08:26:04.116] |W| [io_error_impl]: open_file (sceIoOpen) returned 0x80010002
[08:26:04.116] |E| [stat_file]: Cannot find device for path: app0/System.Security.dll
[08:26:04.116] |W| [io_error_impl]: stat_file (_sceIoGetstat) returned 0x80010002
[08:26:04.116] |E| [stat_file]: Cannot find device for path: app0/System.Security.exe
[08:26:04.116] |W| [io_error_impl]: stat_file (_sceIoGetstat) returned 0x80010002
[08:26:04.116] |E| [stat_file]: Cannot find device for path: app0/System.Security/System.Security.dll
[08:26:04.116] |W| [io_error_impl]: stat_file (_sceIoGetstat) returned 0x80010002
[08:26:04.117] |E| [stat_file]: Cannot find device for path: app0/System.Security/System.Security.exe
[08:26:04.117] |W| [io_error_impl]: stat_file (_sceIoGetstat) returned 0x80010002
[08:26:04.117] |E| [stat_file]: Cannot find device for path: Media/Managed/System.Security.dll
[08:26:04.117] |W| [io_error_impl]: stat_file (_sceIoGetstat) returned 0x80010002
[08:26:04.117] |E| [stat_file]: Cannot find device for path: Media/Managed/System.Security.exe
[08:26:04.117] |W| [io_error_impl]: stat_file (_sceIoGetstat) returned 0x80010002
[08:26:04.117] |E| [stat_file]: Cannot find device for path: Media/Managed/System.Security/System.Security.dll
[08:26:04.117] |W| [io_error_impl]: stat_file (_sceIoGetstat) returned 0x80010002
[08:26:04.118] |E| [stat_file]: Cannot find device for path: Media/Managed/System.Security/System.Security.exe
[08:26:04.118] |W| [io_error_impl]: stat_file (_sceIoGetstat) returned 0x80010002
[08:26:04.118] |I| [export_sceIoOpen]: Opening file: app0:Media/Managed/mono/gac/System.Security/2.0.0.0__b03f5f7f11d50a3a/System.Security.dll
[08:26:04.118] |E| [open_file]: Missing file at D:/Emulateurs/Vita3K/mc/ux0/app/PCSB00770/Media/Managed/mono/gac/System.Security/2.0.0.0__b03f5f7f11d50a3a/System.Security.dll (target path: app0:Media/Managed/mono/gac/System.Security/2.0.0.0__b03f5f7f11d50a3a/System.Security.dll)
[08:26:04.118] |W| [io_error_impl]: open_file (sceIoOpen) returned 0x80010002
[08:26:04.118] |I| [export_sceIoOpen]: Opening file: app0:Media/Managed/System.Security.dll
[08:26:04.120] |I| [export_sceIoOpen]: Opening file: app0:Media/Managed/System.Security.dll.config
[08:26:04.120] |E| [open_file]: Missing file at D:/Emulateurs/Vita3K/mc/ux0/app/PCSB00770/Media/Managed/System.Security.dll.config (target path: app0:Media/Managed/System.Security.dll.config)
[08:26:04.120] |W| [io_error_impl]: open_file (sceIoOpen) returned 0x80010002
[08:26:04.120] |I| [export_sceIoOpen]: Opening file: app0:Media/Managed/mono/assemblies/System.Security/System.Security.config
[08:26:04.121] |E| [open_file]: Missing file at D:/Emulateurs/Vita3K/mc/ux0/app/PCSB00770/Media/Managed/mono/assemblies/System.Security/System.Security.config (target path: app0:Media/Managed/mono/assemblies/System.Security/System.Security.config)
[08:26:04.121] |W| [io_error_impl]: open_file (sceIoOpen) returned 0x80010002
[08:26:04.121] |I| [export_sceIoOpen]: Opening file: app0:Media/Managed/System.Configuration.dll.config
[08:26:04.121] |E| [open_file]: Missing file at D:/Emulateurs/Vita3K/mc/ux0/app/PCSB00770/Media/Managed/System.Configuration.dll.config (target path: app0:Media/Managed/System.Configuration.dll.config)
[08:26:04.121] |W| [io_error_impl]: open_file (sceIoOpen) returned 0x80010002
[08:26:04.121] |I| [export_sceIoOpen]: Opening file: app0:Media/Managed/mono/assemblies/System.Configuration/System.Configuration.config
[08:26:04.121] |E| [open_file]: Missing file at D:/Emulateurs/Vita3K/mc/ux0/app/PCSB00770/Media/Managed/mono/assemblies/System.Configuration/System.Configuration.config (target path: app0:Media/Managed/mono/assemblies/System.Configuration/System.Configuration.config)
[08:26:04.122] |W| [io_error_impl]: open_file (sceIoOpen) returned 0x80010002
[08:26:04.122] |I| [export_sceIoOpen]: Opening file: app0:Media/Managed/System.dll.config
[08:26:04.122] |E| [open_file]: Missing file at D:/Emulateurs/Vita3K/mc/ux0/app/PCSB00770/Media/Managed/System.dll.config (target path: app0:Media/Managed/System.dll.config)
[08:26:04.123] |W| [io_error_impl]: open_file (sceIoOpen) returned 0x80010002
[08:26:04.123] |I| [export_sceIoOpen]: Opening file: app0:Media/Managed/mono/assemblies/System/System.config
[08:26:04.123] |E| [open_file]: Missing file at D:/Emulateurs/Vita3K/mc/ux0/app/PCSB00770/Media/Managed/mono/assemblies/System/System.config (target path: app0:Media/Managed/mono/assemblies/System/System.config)
[08:26:04.123] |W| [io_error_impl]: open_file (sceIoOpen) returned 0x80010002
[08:26:04.123] |E| [stat_file]: Cannot find device for path: app0/SonyNP.dll
[08:26:04.123] |W| [io_error_impl]: stat_file (_sceIoGetstat) returned 0x80010002
[08:26:04.123] |E| [stat_file]: Cannot find device for path: app0/SonyNP.exe
[08:26:04.124] |W| [io_error_impl]: stat_file (_sceIoGetstat) returned 0x80010002
[08:26:04.124] |E| [stat_file]: Cannot find device for path: app0/SonyNP/SonyNP.dll
[08:26:04.124] |W| [io_error_impl]: stat_file (_sceIoGetstat) returned 0x80010002
[08:26:04.124] |E| [stat_file]: Cannot find device for path: app0/SonyNP/SonyNP.exe
[08:26:04.124] |W| [io_error_impl]: stat_file (_sceIoGetstat) returned 0x80010002
[08:26:04.124] |E| [stat_file]: Cannot find device for path: Media/Managed/SonyNP.dll
[08:26:04.124] |W| [io_error_impl]: stat_file (_sceIoGetstat) returned 0x80010002
[08:26:04.124] |E| [stat_file]: Cannot find device for path: Media/Managed/SonyNP.exe
[08:26:04.125] |W| [io_error_impl]: stat_file (_sceIoGetstat) returned 0x80010002
[08:26:04.125] |E| [stat_file]: Cannot find device for path: Media/Managed/SonyNP/SonyNP.dll
[08:26:04.125] |W| [io_error_impl]: stat_file (_sceIoGetstat) returned 0x80010002
[08:26:04.125] |E| [stat_file]: Cannot find device for path: Media/Managed/SonyNP/SonyNP.exe
[08:26:04.125] |W| [io_error_impl]: stat_file (_sceIoGetstat) returned 0x80010002
[08:26:04.125] |I| [export_sceIoOpen]: Opening file: app0:Media/Managed/SonyNP.dll
[08:26:04.126] |I| [export_sceIoOpen]: Opening file: app0:Media/Managed/SonyNP.dll.config
[08:26:04.126] |E| [open_file]: Missing file at D:/Emulateurs/Vita3K/mc/ux0/app/PCSB00770/Media/Managed/SonyNP.dll.config (target path: app0:Media/Managed/SonyNP.dll.config)
[08:26:04.127] |W| [io_error_impl]: open_file (sceIoOpen) returned 0x80010002
[08:26:04.127] |I| [export_sceIoOpen]: Opening file: app0:Media/Managed/mono/assemblies/SonyNP/SonyNP.config
[08:26:04.127] |E| [open_file]: Missing file at D:/Emulateurs/Vita3K/mc/ux0/app/PCSB00770/Media/Managed/mono/assemblies/SonyNP/SonyNP.config (target path: app0:Media/Managed/mono/assemblies/SonyNP/SonyNP.config)
[08:26:04.127] |W| [io_error_impl]: open_file (sceIoOpen) returned 0x80010002
[08:26:04.127] |E| [stat_file]: Cannot find device for path: app0/SonyVitaSavedGames.dll
[08:26:04.127] |W| [io_error_impl]: stat_file (_sceIoGetstat) returned 0x80010002
[08:26:04.127] |E| [stat_file]: Cannot find device for path: app0/SonyVitaSavedGames.exe
[08:26:04.128] |W| [io_error_impl]: stat_file (_sceIoGetstat) returned 0x80010002
[08:26:04.128] |E| [stat_file]: Cannot find device for path: app0/SonyVitaSavedGames/SonyVitaSavedGames.dll
[08:26:04.128] |W| [io_error_impl]: stat_file (_sceIoGetstat) returned 0x80010002
[08:26:04.128] |E| [stat_file]: Cannot find device for path: app0/SonyVitaSavedGames/SonyVitaSavedGames.exe
[08:26:04.128] |W| [io_error_impl]: stat_file (_sceIoGetstat) returned 0x80010002
[08:26:04.128] |E| [stat_file]: Cannot find device for path: Media/Managed/SonyVitaSavedGames.dll
[08:26:04.128] |W| [io_error_impl]: stat_file (_sceIoGetstat) returned 0x80010002
[08:26:04.128] |E| [stat_file]: Cannot find device for path: Media/Managed/SonyVitaSavedGames.exe
[08:26:04.129] |W| [io_error_impl]: stat_file (_sceIoGetstat) returned 0x80010002
[08:26:04.129] |E| [stat_file]: Cannot find device for path: Media/Managed/SonyVitaSavedGames/SonyVitaSavedGames.dll
[08:26:04.129] |W| [io_error_impl]: stat_file (_sceIoGetstat) returned 0x80010002
[08:26:04.129] |E| [stat_file]: Cannot find device for path: Media/Managed/SonyVitaSavedGames/SonyVitaSavedGames.exe
[08:26:04.129] |W| [io_error_impl]: stat_file (_sceIoGetstat) returned 0x80010002
[08:26:04.129] |I| [export_sceIoOpen]: Opening file: app0:Media/Managed/SonyVitaSavedGames.dll
[08:26:04.130] |I| [export_sceIoOpen]: Opening file: app0:Media/Managed/SonyVitaSavedGames.dll.config
[08:26:04.130] |E| [open_file]: Missing file at D:/Emulateurs/Vita3K/mc/ux0/app/PCSB00770/Media/Managed/SonyVitaSavedGames.dll.config (target path: app0:Media/Managed/SonyVitaSavedGames.dll.config)
[08:26:04.130] |W| [io_error_impl]: open_file (sceIoOpen) returned 0x80010002
[08:26:04.131] |I| [export_sceIoOpen]: Opening file: app0:Media/Managed/mono/assemblies/SonyVitaSavedGames/SonyVitaSavedGames.config
[08:26:04.131] |E| [open_file]: Missing file at D:/Emulateurs/Vita3K/mc/ux0/app/PCSB00770/Media/Managed/mono/assemblies/SonyVitaSavedGames/SonyVitaSavedGames.config (target path: app0:Media/Managed/mono/assemblies/SonyVitaSavedGames/SonyVitaSavedGames.config)
[08:26:04.131] |W| [io_error_impl]: open_file (sceIoOpen) returned 0x80010002
[08:26:04.131] |I| [export_sceIoOpen]: Opening file: app0:/Media/Managed/Assembly-CSharp.dll.config
[08:26:04.131] |E| [open_file]: Missing file at D:/Emulateurs/Vita3K/mc/ux0/app/PCSB00770/Media/Managed/Assembly-CSharp.dll.config (target path: app0:/Media/Managed/Assembly-CSharp.dll.config)
[08:26:04.131] |W| [io_error_impl]: open_file (sceIoOpen) returned 0x80010002
[08:26:04.132] |I| [export_sceIoOpen]: Opening file: app0:Media/Managed/mono/assemblies/Assembly-CSharp/Assembly-CSharp.config
[08:26:04.132] |E| [open_file]: Missing file at D:/Emulateurs/Vita3K/mc/ux0/app/PCSB00770/Media/Managed/mono/assemblies/Assembly-CSharp/Assembly-CSharp.config (target path: app0:Media/Managed/mono/assemblies/Assembly-CSharp/Assembly-CSharp.config)
[08:26:04.132] |W| [io_error_impl]: open_file (sceIoOpen) returned 0x80010002
[08:26:04.132] |I| [export_sceIoOpen]: Opening file: app0:/Media/Managed/Assembly-UnityScript-firstpass.dll
[08:26:04.137] |I| [export_sceIoOpen]: Opening file: app0:Media/Managed/mono/gac/policy.2.0.Boo.Lang/0.0.0.0__32c39770e9a21a67/policy.2.0.Boo.Lang.dll
[08:26:04.139] |E| [open_file]: Missing file at D:/Emulateurs/Vita3K/mc/ux0/app/PCSB00770/Media/Managed/mono/gac/policy.2.0.Boo.Lang/0.0.0.0__32c39770e9a21a67/policy.2.0.Boo.Lang.dll (target path: app0:Media/Managed/mono/gac/policy.2.0.Boo.Lang/0.0.0.0__32c39770e9a21a67/policy.2.0.Boo.Lang.dll)
[08:26:04.139] |W| [io_error_impl]: open_file (sceIoOpen) returned 0x80010002
[08:26:04.139] |E| [stat_file]: Cannot find device for path: app0/Boo.Lang.dll
[08:26:04.139] |W| [io_error_impl]: stat_file (_sceIoGetstat) returned 0x80010002
[08:26:04.140] |E| [stat_file]: Cannot find device for path: app0/Boo.Lang.exe
[08:26:04.140] |W| [io_error_impl]: stat_file (_sceIoGetstat) returned 0x80010002
[08:26:04.140] |E| [stat_file]: Cannot find device for path: app0/Boo.Lang/Boo.Lang.dll
[08:26:04.140] |W| [io_error_impl]: stat_file (_sceIoGetstat) returned 0x80010002
[08:26:04.140] |E| [stat_file]: Cannot find device for path: app0/Boo.Lang/Boo.Lang.exe
[08:26:04.140] |W| [io_error_impl]: stat_file (_sceIoGetstat) returned 0x80010002
[08:26:04.141] |E| [stat_file]: Cannot find device for path: Media/Managed/Boo.Lang.dll
[08:26:04.141] |W| [io_error_impl]: stat_file (_sceIoGetstat) returned 0x80010002
[08:26:04.141] |E| [stat_file]: Cannot find device for path: Media/Managed/Boo.Lang.exe
[08:26:04.141] |W| [io_error_impl]: stat_file (_sceIoGetstat) returned 0x80010002
[08:26:04.141] |E| [stat_file]: Cannot find device for path: Media/Managed/Boo.Lang/Boo.Lang.dll
[08:26:04.141] |W| [io_error_impl]: stat_file (_sceIoGetstat) returned 0x80010002
[08:26:04.141] |E| [stat_file]: Cannot find device for path: Media/Managed/Boo.Lang/Boo.Lang.exe
[08:26:04.141] |W| [io_error_impl]: stat_file (_sceIoGetstat) returned 0x80010002
[08:26:04.142] |I| [export_sceIoOpen]: Opening file: app0:Media/Managed/mono/gac/Boo.Lang/2.0.9.5__32c39770e9a21a67/Boo.Lang.dll
[08:26:04.142] |E| [open_file]: Missing file at D:/Emulateurs/Vita3K/mc/ux0/app/PCSB00770/Media/Managed/mono/gac/Boo.Lang/2.0.9.5__32c39770e9a21a67/Boo.Lang.dll (target path: app0:Media/Managed/mono/gac/Boo.Lang/2.0.9.5__32c39770e9a21a67/Boo.Lang.dll)
[08:26:04.142] |W| [io_error_impl]: open_file (sceIoOpen) returned 0x80010002
[08:26:04.142] |I| [export_sceIoOpen]: Opening file: app0:Media/Managed/Boo.Lang.dll
[08:26:04.143] |I| [export_sceIoOpen]: Opening file: app0:Media/Managed/Boo.Lang.dll.config
[08:26:04.143] |E| [open_file]: Missing file at D:/Emulateurs/Vita3K/mc/ux0/app/PCSB00770/Media/Managed/Boo.Lang.dll.config (target path: app0:Media/Managed/Boo.Lang.dll.config)
[08:26:04.143] |W| [io_error_impl]: open_file (sceIoOpen) returned 0x80010002
[08:26:04.143] |I| [export_sceIoOpen]: Opening file: app0:Media/Managed/mono/assemblies/Boo.Lang/Boo.Lang.config
[08:26:04.144] |E| [open_file]: Missing file at D:/Emulateurs/Vita3K/mc/ux0/app/PCSB00770/Media/Managed/mono/assemblies/Boo.Lang/Boo.Lang.config (target path: app0:Media/Managed/mono/assemblies/Boo.Lang/Boo.Lang.config)
[08:26:04.144] |W| [io_error_impl]: open_file (sceIoOpen) returned 0x80010002
[08:26:04.144] |I| [export_sceIoOpen]: Opening file: app0:/Media/Managed/Assembly-UnityScript-firstpass.dll.config
[08:26:04.144] |E| [open_file]: Missing file at D:/Emulateurs/Vita3K/mc/ux0/app/PCSB00770/Media/Managed/Assembly-UnityScript-firstpass.dll.config (target path: app0:/Media/Managed/Assembly-UnityScript-firstpass.dll.config)
[08:26:04.144] |W| [io_error_impl]: open_file (sceIoOpen) returned 0x80010002
[08:26:04.144] |I| [export_sceIoOpen]: Opening file: app0:Media/Managed/mono/assemblies/Assembly-UnityScript-firstpass/Assembly-UnityScript-firstpass.config
[08:26:04.145] |E| [open_file]: Missing file at D:/Emulateurs/Vita3K/mc/ux0/app/PCSB00770/Media/Managed/mono/assemblies/Assembly-UnityScript-firstpass/Assembly-UnityScript-firstpass.config (target path: app0:Media/Managed/mono/assemblies/Assembly-UnityScript-firstpass/Assembly-UnityScript-firstpass.config)
[08:26:04.145] |W| [io_error_impl]: open_file (sceIoOpen) returned 0x80010002
[08:26:04.145] |I| [export_sceIoOpen]: Opening file: app0:/Media/Managed/SonyNP.dll
[08:26:04.146] |I| [export_sceIoOpen]: Opening file: app0:Media/Managed/SonyNP.dll.config
[08:26:04.146] |E| [open_file]: Missing file at D:/Emulateurs/Vita3K/mc/ux0/app/PCSB00770/Media/Managed/SonyNP.dll.config (target path: app0:Media/Managed/SonyNP.dll.config)
[08:26:04.146] |W| [io_error_impl]: open_file (sceIoOpen) returned 0x80010002
[08:26:04.146] |I| [export_sceIoOpen]: Opening file: app0:Media/Managed/mono/assemblies/SonyNP/SonyNP.config
[08:26:04.146] |E| [open_file]: Missing file at D:/Emulateurs/Vita3K/mc/ux0/app/PCSB00770/Media/Managed/mono/assemblies/SonyNP/SonyNP.config (target path: app0:Media/Managed/mono/assemblies/SonyNP/SonyNP.config)
[08:26:04.146] |W| [io_error_impl]: open_file (sceIoOpen) returned 0x80010002
[08:26:04.149] |I| [export_sceIoOpen]: Opening file: app0:/Media/Managed/SonyVitaSavedGames.dll
[08:26:04.150] |I| [export_sceIoOpen]: Opening file: app0:Media/Managed/SonyVitaSavedGames.dll.config
[08:26:04.153] |E| [open_file]: Missing file at D:/Emulateurs/Vita3K/mc/ux0/app/PCSB00770/Media/Managed/SonyVitaSavedGames.dll.config (target path: app0:Media/Managed/SonyVitaSavedGames.dll.config)
[08:26:04.153] |W| [io_error_impl]: open_file (sceIoOpen) returned 0x80010002
[08:26:04.154] |I| [export_sceIoOpen]: Opening file: app0:Media/Managed/mono/assemblies/SonyVitaSavedGames/SonyVitaSavedGames.config
[08:26:04.154] |E| [open_file]: Missing file at D:/Emulateurs/Vita3K/mc/ux0/app/PCSB00770/Media/Managed/mono/assemblies/SonyVitaSavedGames/SonyVitaSavedGames.config (target path: app0:Media/Managed/mono/assemblies/SonyVitaSavedGames/SonyVitaSavedGames.config)
[08:26:04.154] |W| [io_error_impl]: open_file (sceIoOpen) returned 0x80010002
[08:26:04.175] |E| [call_import]: Import function for NID 0xE340CF1B not found (thread name: Unity_main_thread, thread ID: 65)
[08:26:04.179] |E| [call_import]: Import function for NID 0xE340CF17 not found (thread name: Unity_main_thread, thread ID: 65)
[08:26:05.588] |E| [call_import]: Import function for NID 0xE340CF14 not found (thread name: Unity_main_thread, thread ID: 65)
[08:26:05.725] |E| [logging::ret_error_impl]: sceKernelTryLockLwMutex returned SCE_KERNEL_ERROR_LW_MUTEX_FAILED_TO_OWN (0x80028185)
[08:26:05.888] |I| [export_sceIoOpen]: Opening file: app0:Media/Managed/mono/gac/policy.2.0.mscorlib/0.0.0.0__7cec85d7bea7798e/policy.2.0.mscorlib.dll
[08:26:05.889] |E| [open_file]: Missing file at D:/Emulateurs/Vita3K/mc/ux0/app/PCSB00770/Media/Managed/mono/gac/policy.2.0.mscorlib/0.0.0.0__7cec85d7bea7798e/policy.2.0.mscorlib.dll (target path: app0:Media/Managed/mono/gac/policy.2.0.mscorlib/0.0.0.0__7cec85d7bea7798e/policy.2.0.mscorlib.dll)
[08:26:05.890] |W| [io_error_impl]: open_file (sceIoOpen) returned 0x80010002
[08:26:05.892] |E| [stat_file]: Cannot find device for path: app0/mscorlib.dll
[08:26:05.892] |W| [io_error_impl]: stat_file (_sceIoGetstat) returned 0x80010002
[08:26:05.892] |E| [stat_file]: Cannot find device for path: app0/mscorlib.exe
[08:26:05.893] |W| [io_error_impl]: stat_file (_sceIoGetstat) returned 0x80010002
[08:26:05.893] |E| [stat_file]: Cannot find device for path: app0/mscorlib/mscorlib.dll
[08:26:05.893] |W| [io_error_impl]: stat_file (_sceIoGetstat) returned 0x80010002
[08:26:05.893] |E| [stat_file]: Cannot find device for path: app0/mscorlib/mscorlib.exe
[08:26:05.894] |W| [io_error_impl]: stat_file (_sceIoGetstat) returned 0x80010002
[08:26:05.894] |E| [stat_file]: Cannot find device for path: Media/Managed/mscorlib.dll
[08:26:05.894] |W| [io_error_impl]: stat_file (_sceIoGetstat) returned 0x80010002
[08:26:05.894] |E| [stat_file]: Cannot find device for path: Media/Managed/mscorlib.exe
[08:26:05.894] |W| [io_error_impl]: stat_file (_sceIoGetstat) returned 0x80010002
[08:26:05.894] |E| [stat_file]: Cannot find device for path: Media/Managed/mscorlib/mscorlib.dll
[08:26:05.894] |W| [io_error_impl]: stat_file (_sceIoGetstat) returned 0x80010002
[08:26:05.895] |E| [stat_file]: Cannot find device for path: Media/Managed/mscorlib/mscorlib.exe
[08:26:05.895] |W| [io_error_impl]: stat_file (_sceIoGetstat) returned 0x80010002
[08:26:05.944] |I| [export_sceIoOpen]: Opening file: app0:Media/Managed/mono/gac/policy.2.0.System.Core/0.0.0.0__7cec85d7bea7798e/policy.2.0.System.Core.dll
[08:26:05.945] |E| [open_file]: Missing file at D:/Emulateurs/Vita3K/mc/ux0/app/PCSB00770/Media/Managed/mono/gac/policy.2.0.System.Core/0.0.0.0__7cec85d7bea7798e/policy.2.0.System.Core.dll (target path: app0:Media/Managed/mono/gac/policy.2.0.System.Core/0.0.0.0__7cec85d7bea7798e/policy.2.0.System.Core.dll)
[08:26:05.945] |W| [io_error_impl]: open_file (sceIoOpen) returned 0x80010002
[08:26:05.946] |E| [stat_file]: Cannot find device for path: app0/System.Core.dll
[08:26:05.946] |W| [io_error_impl]: stat_file (_sceIoGetstat) returned 0x80010002
[08:26:05.946] |E| [stat_file]: Cannot find device for path: app0/System.Core.exe
[08:26:05.946] |W| [io_error_impl]: stat_file (_sceIoGetstat) returned 0x80010002
[08:26:05.946] |E| [stat_file]: Cannot find device for path: app0/System.Core/System.Core.dll
[08:26:05.946] |W| [io_error_impl]: stat_file (_sceIoGetstat) returned 0x80010002
[08:26:05.946] |E| [stat_file]: Cannot find device for path: app0/System.Core/System.Core.exe
[08:26:05.947] |W| [io_error_impl]: stat_file (_sceIoGetstat) returned 0x80010002
[08:26:05.947] |E| [stat_file]: Cannot find device for path: Media/Managed/System.Core.dll
[08:26:05.947] |W| [io_error_impl]: stat_file (_sceIoGetstat) returned 0x80010002
[08:26:05.947] |E| [stat_file]: Cannot find device for path: Media/Managed/System.Core.exe
[08:26:05.947] |W| [io_error_impl]: stat_file (_sceIoGetstat) returned 0x80010002
[08:26:05.947] |E| [stat_file]: Cannot find device for path: Media/Managed/System.Core/System.Core.dll
[08:26:05.947] |W| [io_error_impl]: stat_file (_sceIoGetstat) returned 0x80010002
[08:26:05.948] |E| [stat_file]: Cannot find device for path: Media/Managed/System.Core/System.Core.exe
[08:26:05.948] |W| [io_error_impl]: stat_file (_sceIoGetstat) returned 0x80010002
[08:26:05.949] |I| [export_sceIoOpen]: Opening file: app0:Media/Managed/mono/gac/System.Core/2.0.5.0__7cec85d7bea7798e/System.Core.dll
[08:26:05.950] |E| [open_file]: Missing file at D:/Emulateurs/Vita3K/mc/ux0/app/PCSB00770/Media/Managed/mono/gac/System.Core/2.0.5.0__7cec85d7bea7798e/System.Core.dll (target path: app0:Media/Managed/mono/gac/System.Core/2.0.5.0__7cec85d7bea7798e/System.Core.dll)
[08:26:05.950] |W| [io_error_impl]: open_file (sceIoOpen) returned 0x80010002
[08:26:05.950] |I| [export_sceIoOpen]: Opening file: app0:/Media/Managed/System.Core.dll
[08:26:05.991] |I| [export_sceIoOpen]: Opening file: app0:Media/Managed/System.Core.dll.config
[08:26:05.991] |E| [open_file]: Missing file at D:/Emulateurs/Vita3K/mc/ux0/app/PCSB00770/Media/Managed/System.Core.dll.config (target path: app0:Media/Managed/System.Core.dll.config)
[08:26:05.992] |W| [io_error_impl]: open_file (sceIoOpen) returned 0x80010002
[08:26:05.992] |I| [export_sceIoOpen]: Opening file: app0:Media/Managed/mono/assemblies/System.Core/System.Core.config
[08:26:05.992] |E| [open_file]: Missing file at D:/Emulateurs/Vita3K/mc/ux0/app/PCSB00770/Media/Managed/mono/assemblies/System.Core/System.Core.config (target path: app0:Media/Managed/mono/assemblies/System.Core/System.Core.config)
[08:26:05.992] |W| [io_error_impl]: open_file (sceIoOpen) returned 0x80010002
[08:26:06.036] |E| [stat_file]: Cannot find device for path: app0/mscorlib.dll
[08:26:06.037] |W| [io_error_impl]: stat_file (_sceIoGetstat) returned 0x80010002
[08:26:06.037] |E| [stat_file]: Cannot find device for path: app0/mscorlib.exe
[08:26:06.037] |W| [io_error_impl]: stat_file (_sceIoGetstat) returned 0x80010002
[08:26:06.037] |E| [stat_file]: Cannot find device for path: app0/mscorlib/mscorlib.dll
[08:26:06.037] |W| [io_error_impl]: stat_file (_sceIoGetstat) returned 0x80010002
[08:26:06.037] |E| [stat_file]: Cannot find device for path: app0/mscorlib/mscorlib.exe
[08:26:06.038] |W| [io_error_impl]: stat_file (_sceIoGetstat) returned 0x80010002
[08:26:06.038] |E| [stat_file]: Cannot find device for path: Media/Managed/mscorlib.dll
[08:26:06.038] |W| [io_error_impl]: stat_file (_sceIoGetstat) returned 0x80010002
[08:26:06.038] |E| [stat_file]: Cannot find device for path: Media/Managed/mscorlib.exe
[08:26:06.038] |W| [io_error_impl]: stat_file (_sceIoGetstat) returned 0x80010002
[08:26:06.038] |E| [stat_file]: Cannot find device for path: Media/Managed/mscorlib/mscorlib.dll
[08:26:06.039] |W| [io_error_impl]: stat_file (_sceIoGetstat) returned 0x80010002
[08:26:06.039] |E| [stat_file]: Cannot find device for path: Media/Managed/mscorlib/mscorlib.exe
[08:26:06.040] |W| [io_error_impl]: stat_file (_sceIoGetstat) returned 0x80010002
[08:26:06.197] |E| [stat_file]: Cannot find device for path: app0/mscorlib.dll
[08:26:06.197] |W| [io_error_impl]: stat_file (_sceIoGetstat) returned 0x80010002
[08:26:06.197] |E| [stat_file]: Cannot find device for path: app0/mscorlib.exe
[08:26:06.197] |W| [io_error_impl]: stat_file (_sceIoGetstat) returned 0x80010002
[08:26:06.197] |E| [stat_file]: Cannot find device for path: app0/mscorlib/mscorlib.dll
[08:26:06.198] |W| [io_error_impl]: stat_file (_sceIoGetstat) returned 0x80010002
[08:26:06.198] |E| [stat_file]: Cannot find device for path: app0/mscorlib/mscorlib.exe
[08:26:06.198] |W| [io_error_impl]: stat_file (_sceIoGetstat) returned 0x80010002
[08:26:06.198] |E| [stat_file]: Cannot find device for path: Media/Managed/mscorlib.dll
[08:26:06.198] |W| [io_error_impl]: stat_file (_sceIoGetstat) returned 0x80010002
[08:26:06.198] |E| [stat_file]: Cannot find device for path: Media/Managed/mscorlib.exe
[08:26:06.198] |W| [io_error_impl]: stat_file (_sceIoGetstat) returned 0x80010002
[08:26:06.198] |E| [stat_file]: Cannot find device for path: Media/Managed/mscorlib/mscorlib.dll
[08:26:06.199] |W| [io_error_impl]: stat_file (_sceIoGetstat) returned 0x80010002
[08:26:06.199] |E| [stat_file]: Cannot find device for path: Media/Managed/mscorlib/mscorlib.exe
[08:26:06.199] |W| [io_error_impl]: stat_file (_sceIoGetstat) returned 0x80010002
[08:26:06.276] |I| [export_sceIoOpen]: Opening file: app0:Media/Managed/mono/gac/policy.2.0.System/0.0.0.0__7cec85d7bea7798e/policy.2.0.System.dll
[08:26:06.277] |E| [open_file]: Missing file at D:/Emulateurs/Vita3K/mc/ux0/app/PCSB00770/Media/Managed/mono/gac/policy.2.0.System/0.0.0.0__7cec85d7bea7798e/policy.2.0.System.dll (target path: app0:Media/Managed/mono/gac/policy.2.0.System/0.0.0.0__7cec85d7bea7798e/policy.2.0.System.dll)
[08:26:06.277] |W| [io_error_impl]: open_file (sceIoOpen) returned 0x80010002
[08:26:06.277] |E| [stat_file]: Cannot find device for path: app0/System.dll
[08:26:06.277] |W| [io_error_impl]: stat_file (_sceIoGetstat) returned 0x80010002
[08:26:06.278] |E| [stat_file]: Cannot find device for path: app0/System.exe
[08:26:06.278] |W| [io_error_impl]: stat_file (_sceIoGetstat) returned 0x80010002
[08:26:06.278] |E| [stat_file]: Cannot find device for path: app0/System/System.dll
[08:26:06.278] |W| [io_error_impl]: stat_file (_sceIoGetstat) returned 0x80010002
[08:26:06.278] |E| [stat_file]: Cannot find device for path: app0/System/System.exe
[08:26:06.278] |W| [io_error_impl]: stat_file (_sceIoGetstat) returned 0x80010002
[08:26:06.278] |E| [stat_file]: Cannot find device for path: Media/Managed/System.dll
[08:26:06.278] |W| [io_error_impl]: stat_file (_sceIoGetstat) returned 0x80010002
[08:26:06.279] |E| [stat_file]: Cannot find device for path: Media/Managed/System.exe
[08:26:06.279] |W| [io_error_impl]: stat_file (_sceIoGetstat) returned 0x80010002
[08:26:06.279] |E| [stat_file]: Cannot find device for path: Media/Managed/System/System.dll
[08:26:06.279] |W| [io_error_impl]: stat_file (_sceIoGetstat) returned 0x80010002
[08:26:06.279] |E| [stat_file]: Cannot find device for path: Media/Managed/System/System.exe
[08:26:06.279] |W| [io_error_impl]: stat_file (_sceIoGetstat) returned 0x80010002
[08:26:06.279] |I| [export_sceIoOpen]: Opening file: app0:Media/Managed/mono/gac/System/2.0.0.0__7cec85d7bea7798e/System.dll
[08:26:06.280] |E| [open_file]: Missing file at D:/Emulateurs/Vita3K/mc/ux0/app/PCSB00770/Media/Managed/mono/gac/System/2.0.0.0__7cec85d7bea7798e/System.dll (target path: app0:Media/Managed/mono/gac/System/2.0.0.0__7cec85d7bea7798e/System.dll)
[08:26:06.280] |W| [io_error_impl]: open_file (sceIoOpen) returned 0x80010002
[08:26:06.280] |I| [export_sceIoOpen]: Opening file: app0:/Media/Managed/System.dll
[08:26:06.285] |I| [export_sceIoOpen]: Opening file: app0:Media/Managed/System.dll.config
[08:26:06.286] |E| [open_file]: Missing file at D:/Emulateurs/Vita3K/mc/ux0/app/PCSB00770/Media/Managed/System.dll.config (target path: app0:Media/Managed/System.dll.config)
[08:26:06.286] |W| [io_error_impl]: open_file (sceIoOpen) returned 0x80010002
[08:26:06.286] |I| [export_sceIoOpen]: Opening file: app0:Media/Managed/mono/assemblies/System/System.config
[08:26:06.286] |E| [open_file]: Missing file at D:/Emulateurs/Vita3K/mc/ux0/app/PCSB00770/Media/Managed/mono/assemblies/System/System.config (target path: app0:Media/Managed/mono/assemblies/System/System.config)
[08:26:06.286] |W| [io_error_impl]: open_file (sceIoOpen) returned 0x80010002
[08:26:06.555] |E| [call_import]: Import function for NID 0xE340CF1E not found (thread name: 045B0A50 UnityPreload, thread ID: 369)
[08:26:08.123] |E| [call_import]: Import function for NID 0xE340CF1C not found (thread name: Unity_main_thread, thread ID: 65)
[08:26:08.376] |I| [export_sceIoOpen]: Opening file: /proc/uptime
[08:26:08.377] |E| [open_file]: Cannot find device for path: /proc/uptime
[08:26:08.377] |W| [io_error_impl]: open_file (sceIoOpen) returned 0x80010002
[08:26:09.277] |I| [export_sceIoOpen]: Opening file: app0:/Media/resources.assets.resS
[08:26:09.344] |I| [export_sceIoOpen]: Opening file: app0:/Media/resources.assets.resS
[08:26:09.366] |I| [export_sceIoOpen]: Opening file: app0:/Media/resources.assets.resS
[08:26:09.397] |I| [export_sceIoOpen]: Opening file: app0:/Media/resources.assets.resS
[08:26:09.408] |I| [export_sceIoOpen]: Opening file: app0:/Media/resources.assets.resS
[08:26:09.812] |C| [load_self]: Unknown segment type 0x6FFFFF01
[08:26:09.813] |I| [load_self]: Loaded module segment 0 @ [0x14CB4000 - 0x14D0D620 / 0x81000000] (size: 0x00059620) of module app0:/Media/Plugins/UnityNpToolkit.suprx
[08:26:09.813] |I| [load_self]: Loaded module segment 1 @ [0x14D0E000 - 0x14D20B94 / 0x8105A000] (size: 0x00012B94) of module app0:/Media/Plugins/UnityNpToolkit.suprx
[08:26:09.814] |I| [load_self]: Loading symbols for SELF: app0:/Media/Plugins/UnityNpToolkit.suprx
[08:26:09.814] |D| [load_var_exports]: 	NID 0x6C2224BA (NID_MODULE_INFO) at 0x14CFF19C
[08:26:09.814] |D| [load_var_exports]: 	NID 0x936C8A78 (SYSLYB) at 0x14D0C38C
[08:26:09.840] |I| [start_module]: Module UnityPluginToolkit (at "app0:/Media/Plugins/UnityNpToolkit.suprx") module_start returned 0x0
[08:26:09.856] |C| [load_self]: Unknown segment type 0x6FFFFF01
[08:26:09.856] |I| [load_self]: Loaded module segment 0 @ [0x14D21000 - 0x14D246F8 / 0x81000000] (size: 0x000036F8) of module app0:/Media/Plugins/UnityNpToolkit.suprx.b.suprx
[08:26:09.856] |I| [load_self]: Loaded module segment 1 @ [0x14D25000 - 0x14D256F0 / 0x81004000] (size: 0x000006F0) of module app0:/Media/Plugins/UnityNpToolkit.suprx.b.suprx
[08:26:09.856] |I| [load_self]: Loading symbols for SELF: app0:/Media/Plugins/UnityNpToolkit.suprx.b.suprx
[08:26:09.856] |D| [load_var_exports]: 	NID 0x6C2224BA (NID_MODULE_INFO) at 0x14D22028
[08:26:09.856] |D| [load_var_exports]: 	NID 0x936C8A78 (SYSLYB) at 0x14D246F4
[08:26:09.881] |I| [start_module]: Module B_UnityNpToolkit (at "app0:/Media/Plugins/UnityNpToolkit.suprx.b.suprx") module_start returned 0x0
[08:26:09.913] |E| [logging::ret_error_impl]: sceNetInit returned SCE_NET_ERROR_EINTERNAL (0x804101CC)
[08:26:09.917] |D| [export_sceNpTrophyCreateContext]: sceNpTrophyCreateContext
[08:26:10.044] |W| [stubbed_impl]: Stubbed sceNpTrophyCreateHandle import called. (Stubbed handle with 1)
[08:26:10.143] |W| [unimplemented_impl]: Unimplemented sceMotionGetState import called.
[08:26:10.143] |W| [unimplemented_impl]: Unimplemented sceMotionGetMagnetometerState import called.
[08:26:10.237] |C| [load_self]: Unknown segment type 0x6FFFFF01
[08:26:10.237] |I| [load_self]: Loaded module segment 0 @ [0x14E28000 - 0x14E2E6E8 / 0x81000000] (size: 0x000066E8) of module app0:/Media/Plugins/SavedGames.suprx
[08:26:10.237] |I| [load_self]: Loaded module segment 1 @ [0x14E2F000 - 0x14E2F220 / 0x81007000] (size: 0x00000220) of module app0:/Media/Plugins/SavedGames.suprx
[08:26:10.237] |I| [load_self]: Loading symbols for SELF: app0:/Media/Plugins/SavedGames.suprx
[08:26:10.238] |D| [load_var_exports]: 	NID 0x6C2224BA (NID_MODULE_INFO) at 0x14E2D4B4
[08:26:10.238] |D| [load_var_exports]: 	NID 0x936C8A78 (SYSLYB) at 0x14E2E694
[08:26:10.261] |I| [start_module]: Module SavedGameList (at "app0:/Media/Plugins/SavedGames.suprx") module_start returned 0x0
[08:26:10.282] |C| [load_self]: Unknown segment type 0x6FFFFF01
[08:26:10.282] |I| [load_self]: Loaded module segment 0 @ [0x14E30000 - 0x14E308F8 / 0x81000000] (size: 0x000008F8) of module app0:/Media/Plugins/SavedGames.suprx.b.suprx
[08:26:10.282] |I| [load_self]: Loaded module segment 1 @ [0x14E31000 - 0x14E310A8 / 0x81001000] (size: 0x000000A8) of module app0:/Media/Plugins/SavedGames.suprx.b.suprx
[08:26:10.282] |I| [load_self]: Loading symbols for SELF: app0:/Media/Plugins/SavedGames.suprx.b.suprx
[08:26:10.282] |D| [load_var_exports]: 	NID 0x6C2224BA (NID_MODULE_INFO) at 0x14E30398
[08:26:10.283] |D| [load_var_exports]: 	NID 0x936C8A78 (SYSLYB) at 0x14E308F4
[08:26:10.302] |I| [start_module]: Module B_SavedGames (at "app0:/Media/Plugins/SavedGames.suprx.b.suprx") module_start returned 0x0
[08:26:10.320] |W| [stubbed_impl]: Stubbed __sceAppMgrGetAppState import called. (Set to 0.)
[08:26:10.384] |W| [unimplemented_impl]: Unimplemented sceGxmSetWClampEnable import called.
[08:26:10.384] |W| [unimplemented_impl]: Unimplemented sceGxmSetWClampValue import called.
[08:26:10.398] |I| [float_to_half_init]: AVX+F16C instruction set is supported. Using fast f32 to f16 conversion
[08:26:10.409] |W| [unimplemented_impl]: Unimplemented sceCommonDialogUpdate import called.
[08:26:10.440] |I| [renderer::gl::load_shader_generic]: Generating frag shader 9f8f4953a7a8e8cd5f99b798477a08396ab9555daf6275056d51c2a90851643a
[08:26:10.442] |D| [shader::create_parameters]: [DEFAULT  + 0] sa0 = (float1) mask
[08:26:10.444] |I| [renderer::gl::load_shader_generic]: Generating vert shader 3a7349a016eef77eeeca149e3bca528bc9b1f4db659b2df1af0b68d9ae083c2c
[08:26:10.445] |D| [shader::create_parameters]: [DEFAULT  + 0] sa0 = (float4) coords
[08:26:10.446] |I| [renderer::gl::load_shader_generic]: Generating frag shader 4291f996eb5f888561df422b9dabe78fcd152b55c1a7570c1459741b919fedc8
[08:26:10.447] |D| [shader::create_parameters]: [DEFAULT  + 0] sa0 = (half4) color
[08:26:10.449] |I| [renderer::gl::load_shader_generic]: Generating vert shader 6d4b9fd7f374332d8fbef73acd203e3fc3b18704ed409601518c31c9dba2ad6a
[08:26:10.450] |D| [shader::create_parameters]: [BUFFER0  + 0] pa0 = (float4) position
[08:26:10.452] |D| [shader::create_parameters]: [DEFAULT  + 0] sa0 = (float1) depth
[08:26:10.454] |E| [renderer::gl::compile_program]: Fragment info
-------------
0(20) : warning C7050: "pa[0].zw" might be used before being initialized


[08:26:10.457] |W| [stubbed_impl]: Stubbed sceDisplayWaitSetFrameBuf import called. (move after setframebuf)
[08:26:11.940] |D| [renderer::gl::texture::translate_swizzle]: base format: -2030043136, swizzle: 0
[08:26:11.947] |I| [renderer::gl::load_shader_generic]: Generating frag shader df9bae663834746d03efcfdf48a15022512396fd6cd77ba1ea6b59d0b9a02ecd
[08:26:11.947] |D| [shader::create_fragment_inputs]: Iterator: pa0 = (half4) v_Color0
[08:26:11.974] |I| [renderer::gl::load_shader_generic]: Generating vert shader 8c2c4a83a7ca932c05f211717e4b2eca7e79f22bae8759ce785a395da730e11f
[08:26:11.975] |D| [shader::create_parameters]: [BUFFER0  + 0] pa0 = (float4) v_vertex
[08:26:11.975] |D| [shader::create_parameters]: [BUFFER0  + 4] pa4 = (float4) v_texcoord
[08:26:11.975] |D| [shader