[18:30:51.063] |I| [load_app_impl]: ngs experimental state: true
[18:30:51.064] |I| [load_app_impl]: video player state: true
[18:30:51.064] |I| [load_app_impl]: lle-modules: libsas,libSceJson,liblocation,libatrac,libSceXml,librudp,libpgf,libvoice,libsystemgesture
[18:30:51.064] |I| [load_app_impl]: Title: Squareboy vs Bullies: Arena Edition
[18:30:51.065] |I| [load_app_impl]: Serial: PCSB01158
[18:30:51.065] |I| [load_app_impl]: Version: 1.00
[18:30:51.065] |I| [load_app_impl]: Category: gd
[18:30:51.121] |C| [load_self]: Unknown segment type 0x6FFFFF01
[18:30:51.121] |I| [load_self]: Loaded module segment 0 @ [0x00004000 - 0x000558A4 / 0x81000000] (size: 0x000518A4) of module ux0:app\PCSB01158\sce_module\libc.suprx
[18:30:51.122] |I| [load_self]: Loaded module segment 1 @ [0x00056000 - 0x000588A0 / 0x81052000] (size: 0x000028A0) of module ux0:app\PCSB01158\sce_module\libc.suprx
[18:30:51.122] |I| [load_self]: Loading symbols for SELF: ux0:app\PCSB01158\sce_module\libc.suprx
[18:30:51.123] |D| [load_var_exports]: 	NID 0x936C8A78 (SYSLYB) at 0x4B314
[18:30:51.123] |D| [load_var_exports]: 	NID 0x6C2224BA (NID_MODULE_INFO) at 0x404DC
[18:30:51.123] |W| [load_var_imports]: 	NID NOT FOUND 0x93B8AA67 (UNRECOGNISED) at 0x4463C, setting to stub value 0xDEADBEEF
[18:30:51.123] |W| [load_var_imports]: 	NID NOT FOUND 0xDF084DFA (UNRECOGNISED) at 0x461D0, setting to stub value 0xDEADBEEF
[18:30:51.124] |I| [pre_load_module]: Pre-load module SceLibc (at "app\PCSB01158\sce_module\libc.suprx") loaded
[18:30:51.137] |C| [load_self]: Unknown segment type 0x6FFFFF01
[18:30:51.137] |I| [load_self]: Loaded module segment 0 @ [0x0005B000 - 0x00074000 / 0x81000000] (size: 0x00019000) of module ux0:app\PCSB01158\sce_module\libface.suprx
[18:30:51.137] |I| [load_self]: Loaded module segment 1 @ [0x00074000 - 0x000740F8 / 0x81019000] (size: 0x000000F8) of module ux0:app\PCSB01158\sce_module\libface.suprx
[18:30:51.138] |I| [load_self]: Loading symbols for SELF: ux0:app\PCSB01158\sce_module\libface.suprx
[18:30:51.138] |D| [load_var_exports]: 	NID 0x6C2224BA (NID_MODULE_INFO) at 0x70DA4
[18:30:51.138] |D| [load_var_exports]: 	NID 0x936C8A78 (SYSLYB) at 0x73784
[18:30:51.138] |I| [pre_load_module]: Pre-load module SceFace (at "app\PCSB01158\sce_module\libface.suprx") loaded
[18:30:51.156] |C| [load_self]: Unknown segment type 0x6FFFFF01
[18:30:51.156] |I| [load_self]: Loaded module segment 0 @ [0x00075000 - 0x000A1CBF / 0x81000000] (size: 0x0002CCBF) of module ux0:app\PCSB01158\sce_module\libfios2.suprx
[18:30:51.156] |I| [load_self]: Loaded module segment 1 @ [0x000A2000 - 0x000A7255 / 0x8102D000] (size: 0x00005255) of module ux0:app\PCSB01158\sce_module\libfios2.suprx
[18:30:51.157] |I| [load_self]: Loading symbols for SELF: ux0:app\PCSB01158\sce_module\libfios2.suprx
[18:30:51.157] |D| [load_var_exports]: 	NID 0x936C8A78 (SYSLYB) at 0xA1BC8
[18:30:51.157] |D| [load_var_exports]: 	NID 0x6C2224BA (NID_MODULE_INFO) at 0x98F08
[18:30:51.157] |I| [pre_load_module]: Pre-load module SceLibFios2 (at "app\PCSB01158\sce_module\libfios2.suprx") loaded
[18:30:51.205] |C| [load_self]: Unknown segment type 0x6FFFFF01
[18:30:51.205] |I| [load_self]: Loaded module segment 0 @ [0x000A8000 - 0x002B5AF4 / 0x81000000] (size: 0x0020DAF4) of module ux0:app\PCSB01158\sce_module\libsmart.suprx
[18:30:51.206] |I| [load_self]: Loaded module segment 1 @ [0x002B6000 - 0x002B9444 / 0x8120E000] (size: 0x00003444) of module ux0:app\PCSB01158\sce_module\libsmart.suprx
[18:30:51.206] |I| [load_self]: Loading symbols for SELF: ux0:app\PCSB01158\sce_module\libsmart.suprx
[18:30:51.206] |D| [load_var_exports]: 	NID 0x6C2224BA (NID_MODULE_INFO) at 0x153528
[18:30:51.206] |D| [load_var_exports]: 	NID 0x936C8A78 (SYSLYB) at 0x15A90C
[18:30:51.207] |I| [pre_load_module]: Pre-load module SceSmart (at "app\PCSB01158\sce_module\libsmart.suprx") loaded
[18:30:51.219] |C| [load_self]: Unknown segment type 0x6FFFFF01
[18:30:51.219] |I| [load_self]: Loaded module segment 0 @ [0x002BA000 - 0x002CD9BC / 0x81000000] (size: 0x000139BC) of module ux0:app\PCSB01158\sce_module\libult.suprx
[18:30:51.220] |I| [load_self]: Loaded module segment 1 @ [0x002CE000 - 0x002CE814 / 0x81014000] (size: 0x00000814) of module ux0:app\PCSB01158\sce_module\libult.suprx
[18:30:51.220] |I| [load_self]: Loading symbols for SELF: ux0:app\PCSB01158\sce_module\libult.suprx
[18:30:51.222] |D| [load_var_exports]: 	NID 0x936C8A78 (SYSLYB) at 0x2CC2E8
[18:30:51.222] |D| [load_var_exports]: 	NID 0x6C2224BA (NID_MODULE_INFO) at 0x2C9870
[18:30:51.222] |I| [pre_load_module]: Pre-load module SceUlt (at "app\PCSB01158\sce_module\libult.suprx") loaded
[18:30:51.229] |I| [load_self]: Loaded module segment 0 @ [0x002CF000 - 0x0031FF04 / 0x81000000] (size: 0x00050F04) of module vs0:sys/external/libSceFt2.suprx
[18:30:51.229] |I| [load_self]: Loaded module segment 1 @ [0x00320000 - 0x003202F4 / 0x81051000] (size: 0x000002F4) of module vs0:sys/external/libSceFt2.suprx
[18:30:51.229] |I| [load_self]: Loading symbols for SELF: vs0:sys/external/libSceFt2.suprx
[18:30:51.230] |D| [load_var_exports]: 	NID 0x936C8A78 (SYSLYB) at 0x30B7DC
[18:30:51.230] |D| [load_var_exports]: 	NID 0x6C2224BA (NID_MODULE_INFO) at 0x30AF10
[18:30:51.230] |I| [pre_load_module]: Pre-load module SceLibft2 (at "sys/external/libSceFt2.suprx") loaded
[18:30:51.232] |I| [load_self]: Loaded module segment 0 @ [0x00321000 - 0x00330F14 / 0x81000000] (size: 0x0000FF14) of module vs0:sys/external/libpvf.suprx
[18:30:51.232] |I| [load_self]: Loaded module segment 1 @ [0x00331000 - 0x00331008 / 0x81010000] (size: 0x00000008) of module vs0:sys/external/libpvf.suprx
[18:30:51.232] |I| [load_self]: Loading symbols for SELF: vs0:sys/external/libpvf.suprx
[18:30:51.232] |D| [load_var_exports]: 	NID 0x936C8A78 (SYSLYB) at 0x32F710
[18:30:51.233] |D| [load_var_exports]: 	NID 0x6C2224BA (NID_MODULE_INFO) at 0x32F300
[18:30:51.233] |I| [pre_load_module]: Pre-load module SceLibPvf (at "sys/external/libpvf.suprx") loaded
[18:30:51.285] |C| [load_self]: Unknown segment type 0x6FFFFF01
[18:30:51.285] |I| [load_self]: Loaded module segment 0 @ [0x00332000 - 0x005093DC / 0x81000000] (size: 0x001D73DC) of module app0:eboot.bin
[18:30:51.285] |I| [load_self]: Loaded module segment 1 @ [0x0050A000 - 0x00514A84 / 0x811D8000] (size: 0x0000AA84) of module app0:eboot.bin
[18:30:51.286] |I| [load_self]: Loading symbols for SELF: app0:eboot.bin
[18:30:51.286] |D| [load_var_exports]: 	NID 0x6C2224BA (NID_MODULE_INFO) at 0x4BE19C
[18:30:51.286] |D| [load_var_exports]: 	NID 0x70FBA1E7 (SCE_PROC_PARAMS) at 0x50B698
[18:30:51.286] |D| [load_var_exports]: 	NID 0x936C8A78 (SYSLYB) at 0x4FD3F0
[18:30:51.287] |I| [load_app_impl]: Main executable Squareboy (eboot.bin) loaded
[18:30:51.289] |D| [run_app]: Running module_start of library: SceLibc at address 0x4871
[18:30:51.293] |I| [run_app]: Module SceLibc (at "ux0:app\PCSB01158\sce_module\libc.suprx") module_start returned 0x0
[18:30:51.293] |D| [run_app]: Running module_start of library: SceFace at address 0x70265
[18:30:51.295] |I| [run_app]: Module SceFace (at "ux0:app\PCSB01158\sce_module\libface.suprx") module_start returned 0x0
[18:30:51.296] |D| [run_app]: Running module_start of library: SceLibFios2 at address 0x75001
[18:30:51.298] |W| [stubbed_impl]: Stubbed sceKernelGetProcessId import called. (pid: 0)
[18:30:51.300] |D| [export_sceFiosOverlayGetList02]: maxIDs: 127
[18:30:51.300] |W| [unimplemented_impl]: Unimplemented sceFiosOverlayGetList02 import called.
[18:30:51.300] |I| [run_app]: Module SceLibFios2 (at "ux0:app\PCSB01158\sce_module\libfios2.suprx") module_start returned 0x0
[18:30:51.301] |D| [run_app]: Running module_start of library: SceSmart at address 0xA818D
[18:30:51.303] |I| [run_app]: Module SceSmart (at "ux0:app\PCSB01158\sce_module\libsmart.suprx") module_start returned 0x0
[18:30:51.304] |D| [run_app]: Running module_start of library: SceUlt at address 0x2BD771
[18:30:51.306] |W| [unimplemented_impl]: Unimplemented _sceUlobjMgrRegisterLibultProtocolRevision import called.
[18:30:51.306] |I| [run_app]: Module SceUlt (at "ux0:app\PCSB01158\sce_module\libult.suprx")