[16:58:34.648] |I| [load_app_impl]: cpu-backend: Dynarmic
[16:58:34.648] |I| [load_app_impl]: CPU Optimisation state: true
[16:58:34.648] |I| [load_app_impl]: at9 audio decoder state: true
[16:58:34.648] |I| [load_app_impl]: ngs experimental state: true
[16:58:34.648] |I| [load_app_impl]: video player state: true
[16:58:34.649] |I| [load_app_impl]: lle-modules: libSceJson,liblocation,libSceXml,libpgf,libvoice,librudp,libSceSqlite,libvoiceqos,libsas
[16:58:34.649] |I| [load_app_impl]: Title: WORLD OF FINAL FANTASY
[16:58:34.649] |I| [load_app_impl]: Serial: PCSB00951
[16:58:34.649] |I| [load_app_impl]: Version: 1.03
[16:58:34.649] |I| [load_app_impl]: Category: gp
[16:58:34.751] |C| [load_self]: Unknown segment type 0x6FFFFF01
[16:58:34.751] |I| [load_self]: Loaded module segment 0 @ [0x00007000 - 0x000588A4 / 0x81000000] (size: 0x000518A4) of module ux0:app\PCSB00951\sce_module\libc.suprx
[16:58:34.752] |I| [load_self]: Loaded module segment 1 @ [0x00059000 - 0x0005B8A0 / 0x81052000] (size: 0x000028A0) of module ux0:app\PCSB00951\sce_module\libc.suprx
[16:58:34.752] |I| [load_self]: Loading symbols for SELF: ux0:app\PCSB00951\sce_module\libc.suprx
[16:58:34.753] |D| [load_var_exports]: 	NID 0x936C8A78 (SYSLYB) at 0x4E314
[16:58:34.753] |D| [load_var_exports]: 	NID 0x6C2224BA (NID_MODULE_INFO) at 0x434DC
[16:58:34.754] |W| [load_var_imports]: 	NID NOT FOUND 0x93B8AA67 (UNRECOGNISED) at 0x4763C, setting to stub value 0xDEADBEEF
[16:58:34.754] |W| [load_var_imports]: 	NID NOT FOUND 0xDF084DFA (UNRECOGNISED) at 0x491D0, setting to stub value 0xDEADBEEF
[16:58:34.755] |I| [pre_load_module]: Pre-load module SceLibc (at "app\PCSB00951\sce_module\libc.suprx") loaded
[16:58:34.758] |C| [load_self]: Unknown segment type 0x6FFFFF01
[16:58:34.758] |I| [load_self]: Loaded module segment 0 @ [0x0005E000 - 0x00077000 / 0x81000000] (size: 0x00019000) of module ux0:app\PCSB00951\sce_module\libface.suprx
[16:58:34.759] |I| [load_self]: Loaded module segment 1 @ [0x00077000 - 0x000770F8 / 0x81019000] (size: 0x000000F8) of module ux0:app\PCSB00951\sce_module\libface.suprx
[16:58:34.760] |I| [load_self]: Loading symbols for SELF: ux0:app\PCSB00951\sce_module\libface.suprx
[16:58:34.760] |D| [load_var_exports]: 	NID 0x6C2224BA (NID_MODULE_INFO) at 0x73DA4
[16:58:34.763] |D| [load_var_exports]: 	NID 0x936C8A78 (SYSLYB) at 0x76784
[16:58:34.764] |I| [pre_load_module]: Pre-load module SceFace (at "app\PCSB00951\sce_module\libface.suprx") loaded
[16:58:34.769] |C| [load_self]: Unknown segment type 0x6FFFFF01
[16:58:34.769] |I| [load_self]: Loaded module segment 0 @ [0x00078000 - 0x000A4CBF / 0x81000000] (size: 0x0002CCBF) of module ux0:app\PCSB00951\sce_module\libfios2.suprx
[16:58:34.770] |I| [load_self]: Loaded module segment 1 @ [0x000A5000 - 0x000AA255 / 0x8102D000] (size: 0x00005255) of module ux0:app\PCSB00951\sce_module\libfios2.suprx
[16:58:34.771] |I| [load_self]: Loading symbols for SELF: ux0:app\PCSB00951\sce_module\libfios2.suprx
[16:58:34.771] |D| [load_var_exports]: 	NID 0x936C8A78 (SYSLYB) at 0xA4BC8
[16:58:34.772] |D| [load_var_exports]: 	NID 0x6C2224BA (NID_MODULE_INFO) at 0x9BF08
[16:58:34.772] |I| [pre_load_module]: Pre-load module SceLibFios2 (at "app\PCSB00951\sce_module\libfios2.suprx") loaded
[16:58:34.826] |C| [load_self]: Unknown segment type 0x6FFFFF01
[16:58:34.826] |I| [load_self]: Loaded module segment 0 @ [0x000AB000 - 0x002B8AF4 / 0x81000000] (size: 0x0020DAF4) of module ux0:app\PCSB00951\sce_module\libsmart.suprx
[16:58:34.827] |I| [load_self]: Loaded module segment 1 @ [0x002B9000 - 0x002BC444 / 0x8120E000] (size: 0x00003444) of module ux0:app\PCSB00951\sce_module\libsmart.suprx
[16:58:34.828] |I| [load_self]: Loading symbols for SELF: ux0:app\PCSB00951\sce_module\libsmart.suprx
[16:58:34.828] |D| [load_var_exports]: 	NID 0x6C2224BA (NID_MODULE_INFO) at 0x156528
[16:58:34.828] |D| [load_var_exports]: 	NID 0x936C8A78 (SYSLYB) at 0x15D90C
[16:58:34.829] |I| [pre_load_module]: Pre-load module SceSmart (at "app\PCSB00951\sce_module\libsmart.suprx") loaded
[16:58:34.839] |C| [load_self]: Unknown segment type 0x6FFFFF01
[16:58:34.840] |I| [load_self]: Loaded module segment 0 @ [0x002BD000 - 0x002D09BC / 0x81000000] (size: 0x000139BC) of module ux0:app\PCSB00951\sce_module\libult.suprx
[16:58:34.840] |I| [load_self]: Loaded module segment 1 @ [0x002D1000 - 0x002D1814 / 0x81014000] (size: 0x00000814) of module ux0:app\PCSB00951\sce_module\libult.suprx
[16:58:34.841] |I| [load_self]: Loading symbols for SELF: ux0:app\PCSB00951\sce_module\libult.suprx
[16:58:34.841] |D| [load_var_exports]: 	NID 0x936C8A78 (SYSLYB) at 0x2CF2E8
[16:58:34.842] |D| [load_var_exports]: 	NID 0x6C2224BA (NID_MODULE_INFO) at 0x2CC870
[16:58:34.842] |I| [pre_load_module]: Pre-load module SceUlt (at "app\PCSB00951\sce_module\libult.suprx") loaded
[16:58:34.849] |I| [load_self]: Loaded module segment 0 @ [0x002D2000 - 0x00322F04 / 0x81000000] (size: 0x00050F04) of module vs0:sys/external/libSceFt2.suprx
[16:58:34.849] |I| [load_self]: Loaded module segment 1 @ [0x00323000 - 0x003232F4 / 0x81051000] (size: 0x000002F4) of module vs0:sys/external/libSceFt2.suprx
[16:58:34.850] |I| [load_self]: Loading symbols for SELF: vs0:sys/external/libSceFt2.suprx
[16:58:34.851] |D| [load_var_exports]: 	NID 0x936C8A78 (SYSLYB) at 0x30E7DC
[16:58:34.851] |D| [load_var_exports]: 	NID 0x6C2224BA (NID_MODULE_INFO) at 0x30DF10
[16:58:34.851] |I| [pre_load_module]: Pre-load module SceLibft2 (at "sys/external/libSceFt2.suprx") loaded
[16:58:34.853] |I| [load_self]: Loaded module segment 0 @ [0x00324000 - 0x00333F14 / 0x81000000] (size: 0x0000FF14) of module vs0:sys/external/libpvf.suprx
[16:58:34.856] |I| [load_self]: Loaded module segment 1 @ [0x00334000 - 0x00334008 / 0x81010000] (size: 0x00000008) of module vs0:sys/external/libpvf.suprx
[16:58:34.857] |I| [load_self]: Loading symbols for SELF: vs0:sys/external/libpvf.suprx
[16:58:34.858] |D| [load_var_exports]: 	NID 0x936C8A78 (SYSLYB) at 0x332710
[16:58:34.858] |D| [load_var_exports]: 	NID 0x6C2224BA (NID_MODULE_INFO) at 0x332300
[16:58:34.858] |I| [pre_load_module]: Pre-load module SceLibPvf (at "sys/external/libpvf.suprx") loaded
[16:58:35.175] |C| [load_self]: Unknown segment type 0x6FFFFF01
[16:58:35.176] |I| [load_self]: Loaded module segment 0 @ [0x00335000 - 0x00D88D34 / 0x81000000] (size: 0x00A53D34) of module app0:eboot.bin
[16:58:35.176] |I| [load_self]: Loaded module segment 1 @ [0x00D89000 - 0x00E91EF8 / 0x81A54000] (size: 0x00108EF8) of module app0:eboot.bin
[16:58:35.177] |I| [load_self]: Loading symbols for SELF: app0:eboot.bin
[16:58:35.178] |D| [load_var_exports]: 	NID 0x6C2224BA (NID_MODULE_INFO) at 0xBE4984
[16:58:35.178] |D| [load_var_exports]: 	NID 0x70FBA1E7 (SCE_PROC_PARAMS) at 0xD98EA4
[16:58:35.178] |D| [load_var_exports]: 	NID 0x936C8A78 (SYSLYB) at 0xD0D054
[16:58:35.180] |I| [load_app_impl]: Main executable mithril_Master_EU (eboot.bin) loaded
[16:58:35.188] |D| [run_app]: Running module_start of library: SceLibc at address 0x7871
[16:58:35.207] |I| [run_app]: Module SceLibc (at "ux0:app\PCSB00951\sce_module\libc.suprx") module_start returned 0x0
[16:58:35.211] |D| [run_app]: Running module_start of library: SceFace at address 0x73265
[16:58:35.220] |I| [run_app]: Module SceFace (at "ux0:app\PCSB00951\sce_module\libface.suprx") module_start returned 0x0
[16:58:35.224] |D| [run_app]: Running module_start of library: SceLibFios2 at address 0x78001
[16:58:35.232] |W| [stubbed_impl]: Stubbed sceKernelGetProcessId import called. (pid: 0)
[16:58:35.232] |D| [export_sceFiosOverlayGetList02]: maxIDs: 127
[16:58:35.232] |W| [unimplemented_impl]: Unimplemented sceFiosOverlayGetList02 import called.
[16:58:35.233] |I| [run_app]: Module SceLibFios2 (at "ux0:app\PCSB00951\sce_module\libfios2.suprx") module_start returned 0x0
[16:58:35.237] |D| [run_app]: Running module_start of library: SceSmart at address 0xAB18D
[16:58:35.247] |I| [run_app]: Module SceSmart (at "ux0:app\PCSB00951\sce_module\libsmart.suprx") module_start returned 0x0
[16:58:35.251] |D| [run_app]: Running module_start of library: SceUlt at address 0x2C0771
[16:58:35.258] |W| [unimplemented_impl]: Unimplemented _sceUlobjMgrRegisterLibultProtocolRevision import called.
[16:58:35.258] |I| [run_app]: Module SceUlt (at "ux0:app\PCSB00951\sce_module\libult.suprx") module_start returned 0x0
[16:58:35.265] |W| [unimplemented_impl]: Unimplemented sceKernelRegisterThreadEventHandler import called.
[16:58:36.141] |W| [unimplemented_impl]: Unimplemented sceAppUtilInit import called.
[16:58:36.309] |W| [stubbed_impl]: Stubbed sceGxmMapMemory import called. (always return success)
[16:58:36.313] |W| [stubbed_impl]: Stubbed sceGxmMapFragmentUsseMemory import called. (always return success)
[16:58:36.332] |W| [stubbed_impl]: Stubbed sceGxmGetRenderTargetMemSize import called. (2MB host mem)
[16:58:36.359] |W| [stubbed_impl]: Stubbed sceGxmMapVertexUsseMemory import called. (always return success)
[16:58:36.389] |E| [logging::ret_error_impl]: sceKernelWaitLwCond returned SCE_KERNEL_ERROR_WAIT_TIMEOUT (0x80028005)
[16:58:36.480] |W| [stubbed_impl]: Stubbed sceGxmTextureInitCube import called. (Stub InitCube)
[16:58:36.481] |D| [export_sceGxmTextureInitCube]: sceGxmTextureInitCube Inimplemeted: width: 1, height: 1
[16:58:36.578] |W| [unimplemented_impl]: Unimplemented sceKernelChangeThreadVfpException import called.
[16:58:36.578] |W| [unimplemented_impl]: Unimplemented sceFiosOverlayThreadSetDisabled02 import called.
[16:58:36.610] |W| [unimplemented_impl]: Unimplemented sceCommonDialogUpdate import called.
