[15:44:43.724] |I| [load_app_impl]: cpu-backend: Dynarmic
[15:44:43.724] |I| [load_app_impl]: CPU Optimisation state: true
[15:44:43.725] |I| [load_app_impl]: at9 audio decoder state: true
[15:44:43.725] |I| [load_app_impl]: ngs experimental state: true
[15:44:43.726] |I| [load_app_impl]: video player state: true
[15:44:43.726] |I| [load_app_impl]: modules mode: Auto & Manual
[15:44:43.727] |I| [load_app_impl]: lle-modules: livearea_util
[15:44:43.727] |I| [load_app_impl]: Title: Sound Shapes™
[15:44:43.728] |I| [load_app_impl]: Serial: PCSF00076
[15:44:43.728] |I| [load_app_impl]: Version: 1.14
[15:44:43.729] |I| [load_app_impl]: Category: gp
[15:44:43.738] |C| [load_self]: Unknown segment type 0x6FFFFF01
[15:44:43.739] |I| [load_self]: Loaded module segment 0 @ [0x00007000 - 0x00056BD4 / 0x81000000] (size: 0x0004FBD4) of module app0:sce_module/libc.suprx
[15:44:43.740] |I| [load_self]: Loaded module segment 1 @ [0x00057000 - 0x00059688 / 0x81050000] (size: 0x00002688) of module app0:sce_module/libc.suprx
[15:44:43.741] |I| [load_self]: Loading symbols for SELF: app0:sce_module/libc.suprx
[15:44:43.742] |D| [load_var_exports]: 	NID 0x936C8A78 (SYSLYB) at 0x4C6C4
[15:44:43.742] |D| [load_var_exports]: 	NID 0x6C2224BA (NID_MODULE_INFO) at 0x42488
[15:44:43.742] |W| [load_var_imports]: 	NID NOT FOUND 0x93B8AA67 (UNRECOGNISED) at 0x464A8, setting to stub value 0xDEADBEEF
[15:44:43.744] |W| [load_var_imports]: 	NID NOT FOUND 0xDF084DFA (UNRECOGNISED) at 0x4802C, setting to stub value 0xDEADBEEF
[15:44:43.745] |I| [pre_load_module]: Pre-load module SceLibc (at "sce_module/libc.suprx") loaded
[15:44:43.750] |C| [load_self]: Unknown segment type 0x6FFFFF01
[15:44:43.750] |I| [load_self]: Loaded module segment 0 @ [0x0005C000 - 0x00086AA8 / 0x81000000] (size: 0x0002AAA8) of module app0:sce_module/libfios2.suprx
[15:44:43.751] |I| [load_self]: Loaded module segment 1 @ [0x00087000 - 0x0008C23D / 0x8102B000] (size: 0x0000523D) of module app0:sce_module/libfios2.suprx
[15:44:43.755] |I| [load_self]: Loading symbols for SELF: app0:sce_module/libfios2.suprx
[15:44:43.755] |D| [load_var_exports]: 	NID 0x936C8A78 (SYSLYB) at 0x869B0
[15:44:43.756] |D| [load_var_exports]: 	NID 0x6C2224BA (NID_MODULE_INFO) at 0x7E138
[15:44:43.756] |I| [pre_load_module]: Pre-load module SceLibFios2 (at "sce_module/libfios2.suprx") loaded
[15:44:43.760] |C| [load_self]: Unknown segment type 0x6FFFFF01
[15:44:43.760] |I| [load_self]: Loaded module segment 0 @ [0x0008D000 - 0x000A09C4 / 0x81000000] (size: 0x000139C4) of module app0:sce_module/libult.suprx
[15:44:43.761] |I| [load_self]: Loaded module segment 1 @ [0x000A1000 - 0x000A1814 / 0x81014000] (size: 0x00000814) of module app0:sce_module/libult.suprx
[15:44:43.762] |I| [load_self]: Loading symbols for SELF: app0:sce_module/libult.suprx
[15:44:43.762] |D| [load_var_exports]: 	NID 0x936C8A78 (SYSLYB) at 0x9F2F0
[15:44:43.763] |D| [load_var_exports]: 	NID 0x6C2224BA (NID_MODULE_INFO) at 0x9C874
[15:44:43.763] |I| [pre_load_module]: Pre-load module SceUlt (at "sce_module/libult.suprx") loaded
[15:44:43.771] |I| [load_self]: Loaded module segment 0 @ [0x000A2000 - 0x000F2F04 / 0x81000000] (size: 0x00050F04) of module vs0:sys/external/libSceFt2.suprx
[15:44:43.771] |I| [load_self]: Loaded module segment 1 @ [0x000F3000 - 0x000F32F4 / 0x81051000] (size: 0x000002F4) of module vs0:sys/external/libSceFt2.suprx
[15:44:43.772] |I| [load_self]: Loading symbols for SELF: vs0:sys/external/libSceFt2.suprx
[15:44:43.773] |D| [load_var_exports]: 	NID 0x936C8A78 (SYSLYB) at 0xDE7DC
[15:44:43.773] |D| [load_var_exports]: 	NID 0x6C2224BA (NID_MODULE_INFO) at 0xDDF10
[15:44:43.774] |I| [pre_load_module]: Pre-load module SceLibft2 (at "sys/external/libSceFt2.suprx") loaded
[15:44:43.777] |I| [load_self]: Loaded module segment 0 @ [0x000F4000 - 0x00103F14 / 0x81000000] (size: 0x0000FF14) of module vs0:sys/external/libpvf.suprx
[15:44:43.777] |I| [load_self]: Loaded module segment 1 @ [0x00104000 - 0x00104008 / 0x81010000] (size: 0x00000008) of module vs0:sys/external/libpvf.suprx
[15:44:43.778] |I| [load_self]: Loading symbols for SELF: vs0:sys/external/libpvf.suprx
[15:44:43.779] |D| [load_var_exports]: 	NID 0x936C8A78 (SYSLYB) at 0x102710
[15:44:43.779] |D| [load_var_exports]: 	NID 0x6C2224BA (NID_MODULE_INFO) at 0x102300
[15:44:43.780] |I| [pre_load_module]: Pre-load module SceLibPvf (at "sys/external/libpvf.suprx") loaded
[15:44:43.852] |C| [load_self]: Unknown segment type 0x6FFFFF01
[15:44:43.852] |I| [load_self]: Loaded module segment 0 @ [0x00105000 - 0x00455F88 / 0x81000000] (size: 0x00350F88) of module app0:eboot.bin
[15:44:43.853] |I| [load_self]: Loaded module segment 1 @ [0x00456000 - 0x005887C4 / 0x81351000] (size: 0x001327C4) of module app0:eboot.bin
[15:44:43.854] |I| [load_self]: Loading symbols for SELF: app0:eboot.bin
[15:44:43.855] |D| [load_var_exports]: 	NID 0x6C2224BA (NID_MODULE_INFO) at 0x3E4278
[15:44:43.855] |D| [load_var_exports]: 	NID 0x70FBA1E7 (SCE_PROC_PARAMS) at 0x45CEF8
[15:44:43.856] |D| [load_var_exports]: 	NID 0x936C8A78 (SYSLYB) at 0x446F78
[15:44:43.856] |I| [load_app_impl]: Main executable eboot (eboot.bin) loaded
[15:44:43.865] |D| [run_app]: Running module_start of library: SceLibc at address 0x7805
[15:44:43.917] |I| [run_app]: Module SceLibc (at "app0:sce_module/libc.suprx") module_start returned 0x0
[15:44:43.922] |D| [run_app]: Running module_start of library: SceLibFios2 at address 0x5C001
[15:44:43.930] |W| [stubbed_impl]: Stubbed sceKernelGetProcessId import called. (pid: 0)
[15:44:43.930] |D| [export_sceFiosOverlayGetList02]: maxIDs: 127
[15:44:43.931] |W| [unimplemented_impl]: Unimplemented sceFiosOverlayGetList02 import called.
[15:44:43.931] |I| [run_app]: Module SceLibFios2 (at "app0:sce_module/libfios2.suprx") module_start returned 0x0
[15:44:43.936] |D| [run_app]: Running module_start of library: SceUlt at address 0x90771
[15:44:43.943] |W| [unimplemented_impl]: Unimplemented _sceUlobjMgrRegisterLibultProtocolRevision import called.
[15:44:43.945] |I| [run_app]: Module SceUlt (at "app0:sce_module/libult.suprx") module_start returned 0x0
[15:44:44.078] |D| [export_sceSysmoduleLoadModule]: module id: 15
[15:44:44.078] |D| [export_sceSysmoduleLoadModule]: module: apputil
[15:44:44.079] |W| [unimplemented_impl]: Unimplemented sceAppUtilInit import called.
[15:44:44.079] |W| [unimplemented_impl]: Unimplemented sceAppMgrAcquireBgmPort import called.
[15:44:44.103] |W| [unimplemented_impl]: Unimplemented sceKernelChangeThreadVfpException import called.
[15:44:44.103] |W| [unimplemented_impl]: Unimplemented sceFiosOverlayThreadSetDisabled02 import called.
[15:44:44.163] |W| [unimplemented_impl]: Unimplemented sceFiosOverlayGetRecommendedScheduler02 import called.
[15:44:44.168] |I| [export_sceIoOpen]: Opening file: app0:/game_data/game_data.psarc
[15:44:44.197] |I| [export_sceIoOpen]: Opening file: app0:/game_data/game_data.psarc
[15:44:44.372] |I| [export_sceIoOpen]: Opening file: app0:/game_data/patch_data001.psarc
[15:44:44.375] |I| [export_sceIoOpen]: Opening file: app0:/game_data/patch_data001.psarc
[15:44:44.504] |E| [stat_file]: Missing file at D:/Emulateurs/Vita3K/mc/ux0/app/PCSF00076/game_data/patch_data002.psarc (target path: app0:/game_data/patch_data002.psarc)
[15:44:44.505] |W| [io_error_impl]: stat_file (_sceIoGetstat) returned 0x80010002
[15:44:44.506] |E| [stat_file]: Missing file at D:/Emulateurs/Vita3K/mc/ux0/app/PCSF00076/game_data/patch_data003.psarc (target path: app0:/game_data/patch_data003.psarc)
[15:44:44.507] |W| [io_error_impl]: stat_file (_sceIoGetstat) returned 0x80010002
[15:44:44.508] |E| [stat_file]: Missing file at D:/Emulateurs/Vita3K/mc/ux0/app/PCSF00076/game_data/patch_data004.psarc (target path: app0:/game_data/patch_data004.psarc)
[15:44:44.508] |W| [io_error_impl]: stat_file (_sceIoGetstat) returned 0x80010002
[15:44:44.537] |D| [export_sceSysmoduleLoadModule]: module id: 7
[15:44:44.537] |D| [export_sceSysmoduleLoadModule]: module: libult
[15:44:44.553] |W| [stubbed_impl]: Stubbed sceGxmMapMemory import called. (always return success)
[15:44:44.598] |W| [stubbed_impl]: Stubbed sceGxmMapFragmentUsseMemory import called. (always return success)
[15:44:44.618] |W| [stubbed_impl]: Stubbed sceGxmGetRenderTargetMemSize import called. (2MB host mem)
[15:44:44.679] |W| [unimplemented_impl]: Unimplemented sceCameraOpen import called.
[15:44:44.680] |W| [unimplemented_impl]: Unimplemented sceCameraClose import called.
[15:44:44.684] |W| [stubbed_impl]: Stubbed sceGxmMapVertexUsseMemory import called. (always return success)
[15:44:44.784] |D| [export_sceSysmoduleLoadModule]: module id: 11
[15:44:44.784] |D| [export_sceSysmoduleLoadModule]: module: libngs
[15:44:44.786] |W| [unimplemented_impl]: Unimplemented sceNgsSystemSetFlags import called.
[15:44:44.786] |D| [ngs::create_voice_definition]: type: 0
[15:44:44.787] |D| [ngs::create_voice_definition]: type: 12
[15:44:44.788] |D| [export_sceNgsVoicePlay]: sceNgsVoicePlay: 1
[15:44:44.822] |D| [export_sceNgsVoicePlay]: sceNgsVoicePlay: 1
[15:44:44.851] |D| [export_sceSysmoduleLoadModule]: module id: 1
[15:44:44.851] |D| [export_sceSysmoduleLoadModule]: module: libnet
[15:44:44.853] |D| [export_sceSysmoduleLoadModule]: module: libnetctl
[15:44:44.853] |D| [export_sceSysmoduleLoadModule]: module id: 2
[15:44:44.854] |D| [export_sceSysmoduleLoadModule]: module: libhttp
[15:44:44.854] |D| [export_sceSysmoduleLoadModule]: module id: 4
[15:44:44.855] |D| [export_sceSysmoduleLoadModule]: module: libhttp
[15:44:44.855] |D| [export_sceSysmoduleLoadModule]: module: libssl
[15:44:44.856] |W| [stubbed_impl]: Stubbed sceNetCtlInit import called. (Stub)
[15:44:44.857] |W| [unimplemented_impl]: Unimplemented sceSslInit import called.
[15:44:44.857] |W| [unimplemented_impl]: Unimplemented sceHttpInit import called.
[15:44:44.872] |W| [unimplemented_impl]: Unimplemented sceHttpsLoadCert import called.
[15:44:44.872] |W| [unimplemented_impl]: Unimplemented sceHttpCreateTemplate import called.
[15:44:44.873] |W| [unimplemented_impl]: Unimplemented sceHttpSetConnectTimeOut import called.
[15:44:44.873] |W| [unimplemented_impl]: Unimplemented sceHttpSetSendTimeOut import called.
[15:44:44.874] |W| [unimplemented_impl]: Unimplemented sceHttpSetRecvTimeOut import called.
[15:44:44.875] |D| [export_sceSysmoduleLoadModule]: module id: 36
[15:44:44.875] |D| [export_sceSysmoduleLoadModule]: module: np_activity_sdk
[15:44:44.875] |W| [unimplemented_impl]: Unimplemented sceNpActivityInit import called.
[15:44:44.983] |D| [export_sceSysmoduleLoadModule]: module id: 21
[15:44:44.983] |D| [export_sceSysmoduleLoadModule]: module: np_common
[15:44:44.984] |D| [export_sceSysmoduleLoadModule]: module: np_manager
[15:44:44.985] |D| [export_sceSysmoduleLoadModule]: module id: 18
[15:44:44.986] |D| [export_sceSysmoduleLoadModule]: module: np_basic
[15:44:44.987] |W| [unimplemented_impl]: Unimplemented sceNpBasicInit import called.
[15:44:44.987] |W| [unimplemented_impl]: Unimplemented sceNpBasicRegisterHandler import called.
[15:44:44.988] |D| [export_sceSysmoduleLoadModule]: module id: 21
[15:44:44.988] |D| [export_sceSysmoduleLoadModule]: module: np_common
[15:44:44.989] |D| [export_sceSysmoduleLoadModule]: module: np_manager
[15:44:44.990] |W| [unimplemented_impl]: Unimplemented sceNpAuthInit import called.
[15:44:44.990] |D| [export_sceSysmoduleLoadModule]: module id: 4
[15:44:44.991] |D| [export_sceSysmoduleLoadModule]: module: libhttp
[15:44:44.991] |D| [export_sceSysmoduleLoadModule]: module: libssl
[15:44:44.992] |D| [export_sceSysmoduleLoadModule]: module id: 24
[15:44:44.992] |D| [export_sceSysmoduleLoadModule]: module: np_commerce2
[15:44:44.993] |W| [unimplemented_impl]: Unimplemented sceNpCommerce2Init import called.
[15:44:44.993] |W| [unimplemented_impl]: Unimplemented sceNpCommerce2CreateCtx import called.
[15:44:44.994] |D| [export_sceSysmoduleLoadModule]: module id: 35
[15:44:44.994] |D| [export_sceSysmoduleLoadModule]: module: livearea_util
[15:44:44.995] |I| [load_module]: Loading module ID: 0x23
[15:44:45.052] |C| [load_self]: Unknown segment type 0x6FFFFF01
[15:44:45.052] |I| [load_self]: Loaded module segment 0 @ [0x14AF2000 - 0x14AF3528 / 0x81000000] (size: 0x00001528) of module sys/external/livearea_util.suprx
[15:44:45.054] |I| [load_self]: Loaded module segment 1 @ [0x14AF4000 - 0x14AF4030 / 0x81002000] (size: 0x00000030) of module sys/external/livearea_util.suprx
[15:44:45.054] |I| [load_self]: Loading symbols for SELF: sys/external/livearea_util.suprx
[15:44:45.055] |D| [load_var_exports]: 	NID 0x936C8A78 (SYSLYB) at 0x14AF3524
[15:44:45.055] |D| [load_var_exports]: 	NID 0x6C2224BA (NID_MODULE_INFO) at 0x14AF2FBC
[15:44:45.056] |I| [load_module]: Module SceLiveAreaUtil (at "sys/external/livearea_util.suprx") loaded
[15:44:45.057] |D| [load_module]: Running module_start of module: SceLiveAreaUtil
[15:44:45.057] |I| [load_module]: Module SceLiveAreaUtil (at "sys/external/livearea_util.suprx") module_start returned 0x0
[15:44:45.058] |D| [export_sceSysmoduleLoadModule]: module id: 37
[15:44:45.058] |D| [export_sceSysmoduleLoadModule]: module: np_trophy
[15:44:45.110] |W| [stubbed_impl]: Stubbed _sceKernelGetThreadInfo import called. (STUB)
[15:44:45.111] |E| [call_import]: Import function for NID 0xD7F0F610 not found (thread name: PCSF00076, thread ID: 8)
[15:44:45.113] |W| [stubbed_impl]: Stubbed _sceKernelWaitSignal import called. (sceKernelWaitSignal)
[15:44:45.114] |W| [stubbed_impl]: Stubbed sceKernelSendSignal import called. (sceKernelSendSignal)
[15:44:45.390] |W| [stubbed_impl]: Stubbed sceDisplayWaitVblankStart import called. (wait for vblank)
[15:44:45.710] |W| [unimplemented_impl]: Unimplemented sceGxmTextureValidate import called.
[15:44:45.743] |I| [export_sceIoOpen]: Opening file: savedata0:/save.json
[15:44:45.758] |I| [export_sceIoOpen]: Opening file: savedata0:/myLevels/toc.json
[15:44:45.759] |I| [export_sceIoOpen]: Opening file: savedata0:/patchfile.json
[15:44:45.795] |I| [export_sceIoOpen]: Opening file: savedata0:/eula.json
[15:44:53.690] |D| [log_import_call]: [LLE] TID: 8   FUNC: 0xEE681E1D sceFiosFHOpenWithModeSync at 0x4247C
[15:44:53.714] |D| [log_import_call]: [LLE] TID: 8   FUNC: 0xA75F3C4A sceFiosFHSeek at 0x4242C
[15:44:53.714] |D| [log_import_call]: [LLE] TID: 8   FUNC: 0xB309E327 sceFiosIsValidHandle at 0x4244C
[15:44:53.715] |D| [log_import_call]: [LLE] TID: 8   FUNC: 0x76945919 sceFiosFHReadSync at 0x4240C
[15:44:53.726] |E| [call_import]: Import function for NID 0xE340C006 not found (thread name: PCSF00076, thread ID: 8)
[15:44:53.727] |D| [log_import_call]: [LLE] TID: 8   FUNC: 0x45182328 sceFiosFHCloseSync at 0x423EC
[15:44:53.774] |D| [export_sceHttpCreateConnectionWithURL]: tmplId: 0, url: https://soundshapes.psvita.online.scea.com, enablekeepalive: 1
[15:44:53.775] |W| [unimplemented_impl]: Unimplemented sceHttpSetCookieEnabled import called.
[15:44:53.776] |W| [unimplemented_impl]: Unimplemented sceHttpAddRequestHeader import called.
[15:44:53.794] |D| [export_sceHttpCreateConnectionWithURL]: tmplId: 0, url: https://s3.amazonaws.com, enablekeepalive: 1
[15:44:53.850] |W| [stubbed_impl]: Stubbed __sceAppMgrGetAppState import called. (Set to 0.)
[15:44:54.509] |W| [stubbed_impl]: Stubbed sceNpCheckCallback import called. (Stub)
[15:44:54.509] |W| [unimplemented_impl]: Unimplemented sceNpBasicCheckCallback import called.
[15:44:54.869] |W| [unimplemented_impl]: Unimplemented sceMotionStopSampling import called.
[15:44:59.403] |I| [renderer::gl::load_shader_generic]: Generating frag shader 29eedceb5c91556beb0c79e9dae4899077770236d67504c0088ba7b2624bc4cd
[15:44:59.416] |E| [renderer::gl::compile_program]: Vertex info
-----------
0(24) : warning C7050: "internals[0].w" might be used before being initialized


[15:45:01.069] |I| [renderer::gl::load_shader_generic]: Generating vert shader c465ec8836b8fc7b4434d8554152e05e23c573014b58fc00fc29cc947aadd27e
[15:45:01.072] |D| [shader::create_parameters]: [BUFFER0  + 0] pa0 = (float4) aPosition
[15:45:01.073] |D| [shader::create_parameters]: [DEFAULT  + 0] sa0 = (float4) aViewWorldProjection[4]
[15:45:01.073] |D| [shader::create_parameters]: [DEFAULT  + 16] sa16 = (float4) aColor
[15:45:01.074] |D| [shader