[17:07:47.565] |I| [load_app_impl]: cpu-backend: Dynarmic
[17:07:47.566] |I| [load_app_impl]: CPU Optimisation state: true
[17:07:47.566] |I| [load_app_impl]: at9 audio decoder state: true
[17:07:47.566] |I| [load_app_impl]: ngs experimental state: true
[17:07:47.566] |I| [load_app_impl]: video player state: true
[17:07:47.566] |I| [load_app_impl]: lle-modules: libpgf,libSceXml,libsas,liblocation,libhandwriting,libSceJson,librudp
[17:07:47.566] |I| [load_app_impl]: Title: LiveTweet pour Playstation®Vita
[17:07:47.566] |I| [load_app_impl]: Serial: PCSF00123
[17:07:47.567] |I| [load_app_impl]: Version: 2.10
[17:07:47.567] |I| [load_app_impl]: Category: gpc
[17:07:47.626] |C| [load_self]: Unknown segment type 0x6FFFFF01
[17:07:47.627] |I| [load_self]: Loaded module segment 0 @ [0x00007000 - 0x000543BC / 0x81000000] (size: 0x0004D3BC) of module ux0:app\PCSF00123\sce_module\libc.suprx
[17:07:47.627] |I| [load_self]: Loaded module segment 1 @ [0x00055000 - 0x000576F0 / 0x8104E000] (size: 0x000026F0) of module ux0:app\PCSF00123\sce_module\libc.suprx
[17:07:47.627] |I| [load_self]: Loading symbols for SELF: ux0:app\PCSF00123\sce_module\libc.suprx
[17:07:47.627] |D| [load_var_exports]: 	NID 0x936C8A78 (SYSLYB) at 0x4A164
[17:07:47.628] |D| [load_var_exports]: 	NID 0x6C2224BA (NID_MODULE_INFO) at 0x400FC
[17:07:47.628] |W| [load_var_imports]: 	NID NOT FOUND 0x93B8AA67 (UNRECOGNISED) at 0x440BC, setting to stub value 0xDEADBEEF
[17:07:47.628] |W| [load_var_imports]: 	NID NOT FOUND 0xDF084DFA (UNRECOGNISED) at 0x45B70, setting to stub value 0xDEADBEEF
[17:07:47.629] |I| [pre_load_module]: Pre-load module SceLibc (at "app\PCSF00123\sce_module\libc.suprx") loaded
[17:07:47.640] |C| [load_self]: Unknown segment type 0x6FFFFF01
[17:07:47.640] |I| [load_self]: Loaded module segment 0 @ [0x0005A000 - 0x0008512C / 0x81000000] (size: 0x0002B12C) of module ux0:app\PCSF00123\sce_module\libfios2.suprx
[17:07:47.640] |I| [load_self]: Loaded module segment 1 @ [0x00086000 - 0x0008B23D / 0x8102C000] (size: 0x0000523D) of module ux0:app\PCSF00123\sce_module\libfios2.suprx
[17:07:47.640] |I| [load_self]: Loading symbols for SELF: ux0:app\PCSF00123\sce_module\libfios2.suprx
[17:07:47.640] |D| [load_var_exports]: 	NID 0x936C8A78 (SYSLYB) at 0x85034
[17:07:47.640] |D| [load_var_exports]: 	NID 0x6C2224BA (NID_MODULE_INFO) at 0x7C548
[17:07:47.640] |I| [pre_load_module]: Pre-load module SceLibFios2 (at "app\PCSF00123\sce_module\libfios2.suprx") loaded
[17:07:47.661] |C| [load_self]: Unknown segment type 0x6FFFFF01
[17:07:47.661] |I| [load_self]: Loaded module segment 0 @ [0x0008C000 - 0x0009F84C / 0x81000000] (size: 0x0001384C) of module ux0:app\PCSF00123\sce_module\libult.suprx
[17:07:47.662] |I| [load_self]: Loaded module segment 1 @ [0x000A0000 - 0x000A0814 / 0x81014000] (size: 0x00000814) of module ux0:app\PCSF00123\sce_module\libult.suprx
[17:07:47.662] |I| [load_self]: Loading symbols for SELF: ux0:app\PCSF00123\sce_module\libult.suprx
[17:07:47.662] |D| [load_var_exports]: 	NID 0x936C8A78 (SYSLYB) at 0x9E1A8
[17:07:47.662] |D| [load_var_exports]: 	NID 0x6C2224BA (NID_MODULE_INFO) at 0x9B738
[17:07:47.662] |I| [pre_load_module]: Pre-load module SceUlt (at "app\PCSF00123\sce_module\libult.suprx") loaded
[17:07:47.669] |I| [load_self]: Loaded module segment 0 @ [0x000A1000 - 0x000F1F04 / 0x81000000] (size: 0x00050F04) of module vs0:sys/external/libSceFt2.suprx
[17:07:47.669] |I| [load_self]: Loaded module segment 1 @ [0x000F2000 - 0x000F22F4 / 0x81051000] (size: 0x000002F4) of module vs0:sys/external/libSceFt2.suprx
[17:07:47.669] |I| [load_self]: Loading symbols for SELF: vs0:sys/external/libSceFt2.suprx
[17:07:47.669] |D| [load_var_exports]: 	NID 0x936C8A78 (SYSLYB) at 0xDD7DC
[17:07:47.669] |D| [load_var_exports]: 	NID 0x6C2224BA (NID_MODULE_INFO) at 0xDCF10
[17:07:47.669] |I| [pre_load_module]: Pre-load module SceLibft2 (at "sys/external/libSceFt2.suprx") loaded
[17:07:47.671] |I| [load_self]: Loaded module segment 0 @ [0x000F3000 - 0x00102F14 / 0x81000000] (size: 0x0000FF14) of module vs0:sys/external/libpvf.suprx
[17:07:47.672] |I| [load_self]: Loaded module segment 1 @ [0x00103000 - 0x00103008 / 0x81010000] (size: 0x00000008) of module vs0:sys/external/libpvf.suprx
[17:07:47.672] |I| [load_self]: Loading symbols for SELF: vs0:sys/external/libpvf.suprx
[17:07:47.672] |D| [load_var_exports]: 	NID 0x936C8A78 (SYSLYB) at 0x101710
[17:07:47.672] |D| [load_var_exports]: 	NID 0x6C2224BA (NID_MODULE_INFO) at 0x101300
[17:07:47.672] |I| [pre_load_module]: Pre-load module SceLibPvf (at "sys/external/libpvf.suprx") loaded
[17:07:47.694] |C| [load_self]: Unknown segment type 0x6FFFFF01
[17:07:47.694] |I| [load_self]: Loaded module segment 0 @ [0x81000000 - 0x81000C54 / 0x81000000] (size: 0x00000C54) of module app0:eboot.bin
[17:07:47.694] |I| [load_self]: Loaded module segment 1 @ [0x81001000 - 0x810010CC / 0x81001000] (size: 0x000000CC) of module app0:eboot.bin
[17:07:47.694] |I| [load_self]: Loading symbols for SELF: app0:eboot.bin
[17:07:47.694] |D| [load_var_exports]: 	NID 0x6C2224BA (NID_MODULE_INFO) at 0x81000684
[17:07:47.694] |D| [load_var_exports]: 	NID 0x70FBA1E7 (SCE_PROC_PARAMS) at 0x81001094
[17:07:47.695] |W| [load_var_imports]: 	NID NOT FOUND 0x882C3D2E (UNRECOGNISED) at 0x8100091C, setting to stub value 0xDEADBEEF
[17:07:47.695] |I| [load_app_impl]: Main executable SceTwitter (eboot.bin) loaded
[17:07:47.705] |D| [run_app]: Running module_start of library: SceLibc at address 0x7809
[17:07:47.723] |I| [run_app]: Module SceLibc (at "ux0:app\PCSF00123\sce_module\libc.suprx") module_start returned 0x0
[17:07:47.727] |D| [run_app]: Running module_start of library: SceLibFios2 at address 0x5A001
[17:07:47.735] |W| [stubbed_impl]: Stubbed sceKernelGetProcessId import called. (pid: 0)
[17:07:47.736] |D| [export_sceFiosOverlayGetList02]: maxIDs: 255
[17:07:47.736] |W| [unimplemented_impl]: Unimplemented sceFiosOverlayGetList02 import called.
[17:07:47.736] |I| [run_app]: Module SceLibFios2 (at "ux0:app\PCSF00123\sce_module\libfios2.suprx") module_start returned 0x0
[17:07:47.740] |D| [run_app]: Running module_start of library: SceUlt at address 0x8F661
[17:07:47.747] |W| [unimplemented_impl]: Unimplemented _sceUlobjMgrRegisterLibultProtocolRevision import called.
[17:07:47.747] |I| [run_app]: Module SceUlt (at "ux0:app\PCSF00123\sce_module\libult.suprx") module_start returned 0x0
[17:07:47.751] |I| [load_module]: Loading module ID: 0xD
[17:07:47.754] |I| [load_self]: Loaded module segment 0 @ [0x0018A000 - 0x001A1244 / 0x81000000] (size: 0x00017244) of module sys/external/libsas.suprx
[17:07:47.755] |I| [load_self]: Loaded module segment 1 @ [0x00147000 - 0x00147038 / 0x81018000] (size: 0x00000038) of module sys/external/libsas.suprx
[17:07:47.755] |I| [load_self]: Loading symbols for SELF: sys/external/libsas.suprx
[17:07:47.755] |D| [load_var_exports]: 	NID 0x936C8A78 (SYSLYB) at 0x19E004
[17:07:47.755] |D| [load_var_exports]: 	NID 0x6C2224BA (NID_MODULE_INFO) at 0x19DBF0
[17:07:47.755] |I| [load_module]: Module SceSasUser (at "sys/external/libsas.suprx") loaded
[17:07:47.784] |C| [load_self]: Unknown segment type 0x6FFFFF01
[17:07:47.784] |I| [load_self]: Loaded module segment 0 @ [0x001A2000 - 0x004118C4 / 0x81000000] (size: 0x0026F8C4) of module app0:module/paflib.suprx
[17:07:47.784] |I| [load_self]: Loaded module segment 1 @ [0x00412000 - 0x00429480 / 0x81270000] (size: 0x00017480) of module app0:module/paflib.suprx
[17:07:47.784] |I| [load_self]: Loading symbols for SELF: app0:module/paflib.suprx
[17:07:47.785] |D| [load_var_exports]: 	NID 0x936C8A78 (SYSLYB) at 0x3CA8A8
[17:07:47.785] |D| [load_var_exports]: 	NID 0x6C2224BA (NID_MODULE_INFO) at 0x3A966C
[17:07:47.949] |I| [export__sceKernelLoadStartModule]: Module ScePafLib (at "app0:module/paflib.suprx") module_start returned 0x0
[17:07:47.956] |E| [call_import]: Import function for NID 0xE340C01D not found (thread name: PCSF00123, thread ID: 8)
[17:07:47.956] |W| [unimplemented_impl]: Unimplemented sceAppUtilInit import called.
[17:07:47.957] |W| [unimplemented_impl]: Unimplemented sceRegMgrUtilityGetInt import called.
[17