[16:59:14.260] |I| [load_app_impl]: cpu-backend: Dynarmic
[16:59:14.261] |I| [load_app_impl]: CPU Optimisation state: true
[16:59:14.261] |I| [load_app_impl]: at9 audio decoder state: true
[16:59:14.262] |I| [load_app_impl]: ngs experimental state: true
[16:59:14.262] |I| [load_app_impl]: video player state: true
[16:59:14.262] |I| [load_app_impl]: lle-modules: libpgf,libSceXml,libsas,liblocation,libhandwriting,libSceJson,librudp
[16:59:14.263] |I| [load_app_impl]: Title: ModNation™ Racers: Road Trip
[16:59:14.263] |I| [load_app_impl]: Serial: PCSF00002
[16:59:14.264] |I| [load_app_impl]: Version: 1.02
[16:59:14.264] |I| [load_app_impl]: Category: gp
[16:59:14.312] |C| [load_self]: Unknown segment type 0x6FFFFF01
[16:59:14.312] |I| [load_self]: Loaded module segment 0 @ [0x00007000 - 0x000431CC / 0x81000000] (size: 0x0003C1CC) of module ux0:app\PCSF00002\sce_module\libc.suprx
[16:59:14.313] |I| [load_self]: Loaded module segment 1 @ [0x00044000 - 0x0004633C / 0x8103D000] (size: 0x0000233C) of module ux0:app\PCSF00002\sce_module\libc.suprx
[16:59:14.314] |I| [load_self]: Loading symbols for SELF: ux0:app\PCSF00002\sce_module\libc.suprx
[16:59:14.315] |D| [load_var_exports]: 	NID 0x6C2224BA (NID_MODULE_INFO) at 0x34CE4
[16:59:14.315] |W| [load_var_imports]: 	NID NOT FOUND 0xDF084DFA (UNRECOGNISED) at 0x3849C, setting to stub value 0xDEADBEEF
[16:59:14.316] |I| [pre_load_module]: Pre-load module SceLibc (at "app\PCSF00002\sce_module\libc.suprx") loaded
[16:59:14.333] |C| [load_self]: Unknown segment type 0x6FFFFF01
[16:59:14.333] |I| [load_self]: Loaded module segment 0 @ [0x00048000 - 0x00069B7C / 0x81000000] (size: 0x00021B7C) of module ux0:app\PCSF00002\sce_module\libfios2.suprx
[16:59:14.334] |I| [load_self]: Loaded module segment 1 @ [0x0006A000 - 0x0006F194 / 0x81022000] (size: 0x00005194) of module ux0:app\PCSF00002\sce_module\libfios2.suprx
[16:59:14.334] |I| [load_self]: Loading symbols for SELF: ux0:app\PCSF00002\sce_module\libfios2.suprx
[16:59:14.335] |D| [load_var_exports]: 	NID 0x6C2224BA (NID_MODULE_INFO) at 0x636CC
[16:59:14.335] |I| [pre_load_module]: Pre-load module SceLibFios2 (at "app\PCSF00002\sce_module\libfios2.suprx") loaded
[16:59:14.350] |C| [load_self]: Unknown segment type 0x6FFFFF01
[16:59:14.351] |I| [load_self]: Loaded module segment 0 @ [0x00070000 - 0x00083B0C / 0x81000000] (size: 0x00013B0C) of module ux0:app\PCSF00002\sce_module\libult.suprx
[16:59:14.351] |I| [load_self]: Loaded module segment 1 @ [0x00084000 - 0x00084810 / 0x81014000] (size: 0x00000810) of module ux0:app\PCSF00002\sce_module\libult.suprx
[16:59:14.352] |I| [load_self]: Loading symbols for SELF: ux0:app\PCSF00002\sce_module\libult.suprx
[16:59:14.353] |D| [load_var_exports]: 	NID 0x6C2224BA (NID_MODULE_INFO) at 0x807F0
[16:59:14.353] |I| [pre_load_module]: Pre-load module SceUlt (at "app\PCSF00002\sce_module\libult.suprx") loaded
[16:59:14.360] |I| [load_self]: Loaded module segment 0 @ [0x00085000 - 0x000D5F04 / 0x81000000] (size: 0x00050F04) of module vs0:sys/external/libSceFt2.suprx
[16:59:14.361] |I| [load_self]: Loaded module segment 1 @ [0x000D6000 - 0x000D62F4 / 0x81051000] (size: 0x000002F4) of module vs0:sys/external/libSceFt2.suprx
[16:59:14.361] |I| [load_self]: Loading symbols for SELF: vs0:sys/external/libSceFt2.suprx
[16:59:14.362] |D| [load_var_exports]: 	NID 0x936C8A78 (SYSLYB) at 0xC17DC
[16:59:14.364] |D| [load_var_exports]: 	NID 0x6C2224BA (NID_MODULE_INFO) at 0xC0F10
[16:59:14.364] |W| [load_var_imports]: 	NID NOT FOUND 0x93B8AA67 (UNRECOGNISED) at 0xD5EE0, setting to stub value 0xDEADBEEF
[16:59:14.365] |I| [pre_load_module]: Pre-load module SceLibft2 (at "sys/external/libSceFt2.suprx") loaded
[16:59:14.368] |I| [load_self]: Loaded module segment 0 @ [0x000D8000 - 0x000E7F14 / 0x81000000] (size: 0x0000FF14) of module vs0:sys/external/libpvf.suprx
[16:59:14.368] |I| [load_self]: Loaded module segment 1 @ [0x000E8000 - 0x000E8008 / 0x81010000] (size: 0x00000008) of module vs0:sys/external/libpvf.suprx
[16:59:14.369] |I| [load_self]: Loading symbols for SELF: vs0:sys/external/libpvf.suprx
[16:59:14.369] |D| [load_var_exports]: 	NID 0x936C8A78 (SYSLYB) at 0xE6710
[16:59:14.370] |D| [load_var_exports]: 	NID 0x6C2224BA (NID_MODULE_INFO) at 0xE6300
[16:59:14.370] |I| [pre_load_module]: Pre-load module SceLibPvf (at "sys/external/libpvf.suprx") loaded
[16:59:14.582] |C| [load_self]: Unknown segment type 0x6FFFFF01
[16:59:14.582] |I| [load_self]: Loaded module segment 0 @ [0x81000000 - 0x81AA7F30 / 0x81000000] (size: 0x00AA7F30) of module app0:eboot.bin
[16:59:14.583] |I| [load_self]: Loaded module segment 1 @ [0x81AA8000 - 0x81D49180 / 0x81AA8000] (size: 0x002A1180) of module app0:eboot.bin
[16:59:14.584] |I| [load_self]: Loading symbols for SELF: app0:eboot.bin
[16:59:14.584] |D| [load_var_exports]: 	NID 0x6C2224BA (NID_MODULE_INFO) at 0x818F4560
[16:59:14.585] |D| [load_var_exports]: 	NID 0x70FBA1E7 (SCE_PROC_PARAMS) at 0x81AB73FC
[16:59:14.585] |I| [load_app_impl]: Main executable TheoryShip (eboot.bin) loaded
[16:59:14.594] |D| [run_app]: Running module_start of library: SceLibc at address 0x75E5
[16:59:14.654] |I| [export_sceIoOpen]: Opening file: tty0:
[16:59:14.654] |I| [export_sceIoOpen]: Opening file: tty0:
[16:59:14.655] |I| [export_sceIoOpen]: Opening file: tty1:
[16:59:14.660] |I| [run_app]: Module SceLibc (at "ux0:app\PCSF00002\sce_module\libc.suprx") module_start returned 0x0
[16:59:14.664] |D| [run_app]: Running module_start of library: SceLibFios2 at address 0x48001
[16:59:14.672] |I| [run_app]: Module SceLibFios2 (at "ux0:app\PCSF00002\sce_module\libfios2.suprx") module_start returned 0x0
[16:59:14.677] |D| [run_app]: Running module_start of library: SceUlt at address 0x73B61
[16:59:14.684] |I| [run_app]: Module SceUlt (at "ux0:app\PCSF00002\sce_module\libult.suprx") module_start returned 0x0
[16:59:15.374] |W| [stubbed_impl]: Stubbed sceGxmMapMemory import called. (always return success)
[16:59:15.415] |W| [stubbed_impl]: Stubbed sceGxmMapVertexUsseMemory import called. (always return success)
[16:59:15.416] |W| [stubbed_impl]: Stubbed sceGxmMapFragmentUsseMemory import called. (always return success)
[16:59:15.467] |W| [unimplemented_impl]: Unimplemented sceGxmDepthStencilSurfaceSetForceLoadMode import called.
[16:59:15.467] |W| [unimplemented_impl]: Unimplemented sceGxmDepthStencilSurfaceSetForceStoreMode import called.
[16:59:15.468] |W| [stubbed_impl]: Stubbed sceGxmGetRenderTargetMemSize import called. (2MB host mem)
[16:59:15.510] |W| [unimplemented_impl]: Unimplemented sceKernelChangeThreadVfpException import called.
[16:59:15.511] |W| [unimplemented_impl]: Unimplemented _sceFiosKernelOverlayThreadSetDisabled import called.
[16:59:15.512] |W| [stubbed_impl]: Stubbed sceKernelWaitLwCondCB import called. (no CB)
[16:59:15.553] |W| [stubbed_impl]: Stubbed sceKernelGetProcessId import called. (pid: 0)
[16:59:15.553] |W| [stubbed_impl]: Stubbed _sceFiosKernelOverlayResolveWithRangeSync import called. (Using strncpy)
[16:59:15.562] |W| [unimplemented_impl]: Unimplemented _sceFiosKernelOverlayGetRecommendedScheduler import called.
[16:59:15.567] |I| [export_sceIoOpen]: Opening file: app0:/Data/dir.psarc
[16:59:15.569] |E| [open_file]: Missing file at D:/Emulateurs/Vita3K/mc/ux0/app/PCSF00002/Data/dir.psarc (target path: app0:/Data/dir.psarc)
[16:59:15.569] |W| [io_error_impl]: open_file (sceIoOpen) returned 0x80010002
[16:59:15.574] |W| [io_error_impl]: tell_file (sceIoPread) returned 0x80010018
[16:59:15.581] |W| [io_error_impl]: close_file (sceIoClose) returned 0x80010018
[16:59:15.589] |I| [export_sceIoOpen]: Opening file: app0:/data/wad_game_all.hdr
[16:59:15.617] |I| [export_sceIoOpen]: Opening file: app0:/data/wad_game_all.dat
[16:59:15.638] |I| [export_sceIoOpen]: Opening file: app0:/data/wad_patch_00.hdr
[16:59:15.663] |I| [export_sceIoOpen]: Opening file: app0:/data/wad_patch_00.dat
[16:59:15.673] |W| [unimplemented_impl]: Unimplemented sceMotionStartSampling import called.
[16:59:15.674] |W| [unimplemented_impl]: Unimplemented sceSystemGestureInitializePrimitiveTouchRecognizer import called.
[16:59:15.674] |W| [unimplemented_impl]: Unimplemented sceSystemGestureCreateTouchRecognizer import called.
[16:59:15.677] |W| [unimplemented_impl]: Unimplemented sceAppUtilInit import called.
[16:59:15.680] |I| [export_sceIoOpen]: Opening file: app0:/__SCEA__
[16:59:15.680] |E| [open_file]: Missing file at D:/Emulateurs/Vita3K/mc/ux0/app/PCSF00002/__SCEA__ (target path: app0:/__SCEA__)
[16:59:15.680] |W| [io_error_impl]: open_file (sceIoOpen) returned 0x80010002
[16:59:15.682] |I| [export_sceIoOpen]: Opening file: app0:/__SCEE__
[16:59:15.694] |I| [export_sceIoOpen]: Opening file: app0:/__SCEE_P00__
[16:59:15.694] |E| [open_file]: Missing file at D:/Emulateurs/Vita3K/mc/ux0/app/PCSF00002/__SCEE_P00__ (target path: app0:/__SCEE_P00__)
[16:59:15.695] |W| [io_error_impl]: open_file (sceIoOpen) returned 0x80010002
[16:59:15.698] |E| [stat_file]: Missing file at D:/Emulateurs/Vita3K/mc/ux0/app/PCSF00002/__SCEJ__ (target path: app0:/__SCEJ__)
[16:59:15.698] |W| [io_error_impl]: stat_file (_sceIoGetstat) returned 0x80010002
[16:59:15.699] |E| [stat_file]: Missing file at D:/Emulateurs/Vita3K/mc/ux0/app/PCSF00002/__SCEH__ (target path: app0:/__SCEH__)
[16:59:15.699] |W| [io_error_impl]: stat_file (_sceIoGetstat) returned 0x80010002
[16:59:15.700] |E| [stat_file]: Missing file at D:/Emulateurs/Vita3K/mc/ux0/app/PCSF00002/__SCEL__ (target path: app0:/__SCEL__)
[16:59:15.701] |W| [io_error_impl]: stat_file (_sceIoGetstat) returned 0x80010002
[16:59:15.702] |W| [unimplemented_impl]: Unimplemented sceAppUtilShutdown import called.
[16:59:15.702] |W| [unimplemented_impl]: Unimplemented sceScreenShotDisable import called.
[16:59:15.703] |W| [unimplemented_impl]: Unimplemented sceScreenShotSetParam import called.
[16:59:15.703] |W| [unimplemented_impl]: Unimplemented sceScreenShotSetOverlayImage import called.
[16:59:15.704] |W| [unimplemented_impl]: Unimplemented sceScreenShotEnable import called.
[16:59:15.704] |W| [unimplemented_impl]: Unimplemented sceSysmoduleUnloadModule import called.
[16:59:15.715] |E| [stat_file]: Missing file at D:/Emulateurs/Vita3K/mc/ux0/app/PCSF00002/HostInfo.xml (target path: app0:/HostInfo.xml)
[16:59:15.715] |W| [io_error_impl]: stat_file (_sceIoGetstat) returned 0x80010002
[16:59:15.718] |E| [stat_file]: Missing file at D:/Emulateurs/Vita3K/mc/ux0/app/PCSF00002/UserOptions.xml (target path: app0:/UserOptions.xml)
[16:59:15.719] |W| [io_error_impl]: stat_file (_sceIoGetstat) returned 0x80010002
[16:59:15.720] |E| [stat_file]: Missing file at D:/Emulateurs/Vita3K/mc/ux0/app/PCSF00002/default.build.xml (target path: app0:/default.build.xml)
[16:59:15.720] |W| [io_error_impl]: stat_file (_sceIoGetstat) returned 0x80010002
[16:59:15.721] |E| [stat_file]: Missing file at D:/Emulateurs/Vita3K/mc/ux0/app/PCSF00002/default.tools.xml (target path: app0:/default.tools.xml)
[16:59:15.722] |W| [io_error_impl]: stat_file (_sceIoGetstat) returned 0x80010002
[16:59:15.723] |E| [stat_file]: Missing file at D:/Emulateurs/Vita3K/mc/ux0/app/PCSF00002/default.local.xml (target path: app0:/default.local.xml)
[16:59:15.723] |W| [io_error_impl]: stat_file (_sceIoGetstat) returned 0x80010002
[16:59:15.724] |E| [stat_file]: Missing file at D:/Emulateurs/Vita3K/mc/ux0/app/PCSF00002/default.run.xml (target path: app0:/default.run.xml)
[16:59:15.724] |W| [io_error_impl]: stat_file (_sceIoGetstat) returned 0x80010002
[16:59:15.725] |E| [stat_file]: Missing file at D:/Emulateurs/Vita3K/mc/ux0/app/PCSF00002/UserOptions.xml (target path: app0:/UserOptions.xml)
[16:59:15.728] |W| [io_error_impl]: stat_file (_sceIoGetstat) returned 0x80010002
[16:59:15.729] |E| [stat_file]: Missing file at D:/Emulateurs/Vita3K/mc/ux0/app/PCSF00002/UserOptions.xml (target path: app0:/UserOptions.xml)
[16:59:15.729] |W| [io_error_impl]: stat_file (_sceIoGetstat) returned 0x80010002
[16:59:15.730] |E| [stat_file]: Missing file at D:/Emulateurs/Vita3K/mc/ux0/app/PCSF00002/UserOptions.xml (target path: app0:/UserOptions.xml)
[16:59:15.731] |W| [io_error_impl]: stat_file (_sceIoGetstat) returned 0x80010002
[16:59:15.731] |E| [stat_file]: Missing file at D:/Emulateurs/Vita3K/mc/ux0/app/PCSF00002/UserOptions.xml (target path: app0:/UserOptions.xml)
[16:59:15.732] |W| [io_error_impl]: stat_file (_sceIoGetstat) returned 0x80010002
[16:59:15.755] |W| [stubbed_impl]: Stubbed sceGxmSetVisibilityBuffer import called. (Set all visible)
[16:59:15.755] |W| [unimplemented_impl]: Unimplemented sceGxmSetFrontVisibilityTestOp import called.
[16:59:15.819] |W| [stubbed_impl]: Stubbed sceDisplayWaitVblankStart import called. (wait for vblank)
[16:59:15.823] |W| [stubbed_impl]: Stubbed sceDisplayWaitSetFrameBuf import called. (move after setframebuf)
[16:59:15.825] |I| [export_sceIoOpen]: Opening file: app0:/data/wad_shaders_all.hdr
[16:59:15.852] |I| [export_sceIoOpen]: Opening file: app0:/data/wad_shaders_all.dat
[16:59:15.928] |W| [ArmDynarmicCallback::MemoryRead]: Invalid read of uint8_t at address: 0x2a41bba7
[16:59:15.928] |W| [ArmDynarmicCallback::MemoryRead]: Invalid read of uint8_t at address: 0x2a41bba7
[16:59:15.929] |W| [ArmDynarmicCallback::MemoryRead]: Invalid read of uint8_t at address: 0x2a41bba7
[16:59:15.929] |W| [ArmDynarmicCallback::MemoryRead]: Invalid read of uint8_t at address: 0x2a41bba7
[16:59:24.124] |W| [ArmDynarmicCallback::MemoryRead]: Invalid read of uint8_t at address: 0x41a2dbc7
[16:59:24.125] |W| [ArmDynarmicCallback::MemoryRead]: Invalid read of uint8_t at address: 0x41a2dbc7
[16:59:26.001] |E| [discordrpc::update_presence::<lambda_50ee3771c9ac2f7a4b17591668a7e6b3>::operator ()]: Error updating discord rich presence, err_code: 43
[16:59:26.003] |E| [discordrpc::update_presence::<lambda_50ee3771c9ac2f7a4b17591668a7e6b3>::operator ()]: Error updating discord rich presence, err_code: 43
[16:59:26.059] |W| [ArmDynarmicCallback::MemoryRead]: Invalid read of uint8_t at address: 0x4967c5c
[16:59:26.059] |W| [ArmDynarmicCallback::MemoryRead]: Invalid read of uint32_t at address: 0x8160a1e0
[16:59:26.060] |W| [ArmDynarmicCallback::MemoryRead]: Invalid read of uint32_t at address: 0x8160a1e0
[16:59:26.060] |W| [ArmDynarmicCallback::MemoryRead]: Invalid read of uint32_t at address: 0x8160a1e4
[16:59:26.061] |W| [ArmDynarmicCallback::MemoryRead]: Invalid read of uint32_t at address: 0x8160a1e4
[16:59:26.061] |W| [ArmDynarmicCallback::MemoryRead]: Invalid read of uint32_t at address: 0x8160a1e8
[16:59:26.062] |W| [ArmDynarmicCallback::MemoryRead]: Invalid read of uint32_t at address: 0x8160a1e8
[16:59:26.062] |W| [ArmDynarmicCallback::MemoryRead]: Invalid read of uint32_t at address: 0x8160a1ec
[16:59:26.062] |W| [ArmDynarmicCallback::MemoryRead]: Invalid read of uint32_t at address: 0x8160a1ec
[16:59:26.063] |W| [ArmDynarmicCallback::MemoryRead]: Invalid read of uint32_t at address: 0x8160a1f0
[16:59:26.064] |W| [ArmDynarmicCallback::MemoryRead]: Invalid read of uint32_t at address: 0x8160a1f0
[16:59:26.064] |W| [ArmDynarmicCallback::MemoryRead]: Invalid read of uint32_t at address: 0x8160a1f4
[16:59:26.065] |W| [ArmDynarmicCallback::MemoryRead]: Invalid read of uint32_t at address: 0x8160a1f4
[16:59:26.065] |W| [ArmDynarmicCallback::MemoryRead]: Invalid read of uint32_t at address: 0x8160a1f8
[16:59:26.066] |W| [ArmDynarmicCallback::MemoryRead]: Invalid read of uint32_t at address: 0x8160a1f8
[16:59:26.066] |W| [ArmDynarmicCallback::MemoryRead]: Invalid read of uint32_t at address: 0x8160a1fc
[16:59:26.067] |W| [ArmDynarmicCallback::MemoryRead]: Invalid read of uint32_t at address: 0x8160a1fc
[16:59:26.067] |W| [ArmDynarmicCallback::MemoryRead]: Invalid read of uint32_t at address: 0x8160a200
[16:59:26.068] |W| [ArmDynarmicCallback::MemoryRead]: Invalid read of uint32_t at address: 0x8160a200
[16:59:26.068] |W| [ArmDynarmicCallback::MemoryRead]: Invalid read of uint32_t at address: 0x8160a204
[16:59:26.069] |W| [ArmDynarmicCallback::MemoryRead]: Invalid read of uint32_t at address: 0x8160a204
[16:59:26.069] |W| [ArmDynarmicCallback::MemoryRead]: Invalid read of uint32_t at address: 0x8160a208
[16:59:26.069] |W| [ArmDynarmicCallback::MemoryRead]: Invalid read of uint32_t at address: 0x8160a208
[16:59:26.070] |W| [ArmD