[01:49:51.134] |I| [load_app_impl]: cpu-backend: Dynarmic
[01:49:51.134] |I| [load_app_impl]: CPU Optimisation state: true
[01:49:51.134] |I| [load_app_impl]: at9 audio decoder state: true
[01:49:51.134] |I| [load_app_impl]: ngs experimental state: true
[01:49:51.134] |I| [load_app_impl]: video player state: true
[01:49:51.135] |I| [load_app_impl]: lle-modules: libSceJson,liblocation,libSceXml,libpgf,libvoice,librudp,libSceSqlite,libvoiceqos,libsas
[01:49:51.135] |I| [load_app_impl]: Title: Doki-Doki Universe™
[01:49:51.135] |I| [load_app_impl]: Serial: PCSF00379
[01:49:51.135] |I| [load_app_impl]: Version: 1.02
[01:49:51.135] |I| [load_app_impl]: Category: gp
[01:49:51.145] |C| [load_self]: Unknown segment type 0x6FFFFF01
[01:49:51.145] |I| [load_self]: Loaded module segment 0 @ [0x00007000 - 0x000543BC / 0x81000000] (size: 0x0004D3BC) of module ux0:app\PCSF00379\sce_module\libc.suprx
[01:49:51.145] |I| [load_self]: Loaded module segment 1 @ [0x00055000 - 0x000576F0 / 0x8104E000] (size: 0x000026F0) of module ux0:app\PCSF00379\sce_module\libc.suprx
[01:49:51.146] |I| [load_self]: Loading symbols for SELF: ux0:app\PCSF00379\sce_module\libc.suprx
[01:49:51.147] |D| [load_var_exports]: 	NID 0x936C8A78 (SYSLYB) at 0x4A164
[01:49:51.147] |D| [load_var_exports]: 	NID 0x6C2224BA (NID_MODULE_INFO) at 0x400FC
[01:49:51.148] |W| [load_var_imports]: 	NID NOT FOUND 0x93B8AA67 (UNRECOGNISED) at 0x440BC, setting to stub value 0xDEADBEEF
[01:49:51.148] |W| [load_var_imports]: 	NID NOT FOUND 0xDF084DFA (UNRECOGNISED) at 0x45B70, setting to stub value 0xDEADBEEF
[01:49:51.149] |I| [pre_load_module]: Pre-load module SceLibc (at "app\PCSF00379\sce_module\libc.suprx") loaded
[01:49:51.152] |C| [load_self]: Unknown segment type 0x6FFFFF01
[01:49:51.152] |I| [load_self]: Loaded module segment 0 @ [0x0005A000 - 0x00071ED8 / 0x81000000] (size: 0x00017ED8) of module ux0:app\PCSF00379\sce_module\libface.suprx
[01:49:51.153] |I| [load_self]: Loaded module segment 1 @ [0x00072000 - 0x000720F8 / 0x81018000] (size: 0x000000F8) of module ux0:app\PCSF00379\sce_module\libface.suprx
[01:49:51.154] |I| [load_self]: Loading symbols for SELF: ux0:app\PCSF00379\sce_module\libface.suprx
[01:49:51.154] |D| [load_var_exports]: 	NID 0x6C2224BA (NID_MODULE_INFO) at 0x6ED70
[01:49:51.154] |I| [pre_load_module]: Pre-load module SceFace (at "app\PCSF00379\sce_module\libface.suprx") loaded
[01:49:51.164] |C| [load_self]: Unknown segment type 0x6FFFFF01
[01:49:51.164] |I| [load_self]: Loaded module segment 0 @ [0x00073000 - 0x0009E12C / 0x81000000] (size: 0x0002B12C) of module ux0:app\PCSF00379\sce_module\libfios2.suprx
[01:49:51.165] |I| [load_self]: Loaded module segment 1 @ [0x0009F000 - 0x000A423D / 0x8102C000] (size: 0x0000523D) of module ux0:app\PCSF00379\sce_module\libfios2.suprx
[01:49:51.166] |I| [load_self]: Loading symbols for SELF: ux0:app\PCSF00379\sce_module\libfios2.suprx
[01:49:51.166] |D| [load_var_exports]: 	NID 0x936C8A78 (SYSLYB) at 0x9E034
[01:49:51.166] |D| [load_var_exports]: 	NID 0x6C2224BA (NID_MODULE_INFO) at 0x95548
[01:49:51.167] |I| [pre_load_module]: Pre-load module SceLibFios2 (at "app\PCSF00379\sce_module\libfios2.suprx") loaded
[01:49:51.211] |C| [load_self]: Unknown segment type 0x6FFFFF01
[01:49:51.211] |I| [load_self]: Loaded module segment 0 @ [0x000A5000 - 0x002A38CC / 0x81000000] (size: 0x001FE8CC) of module ux0:app\PCSF00379\sce_module\libsmart.suprx
[01:49:51.212] |I| [load_self]: Loaded module segment 1 @ [0x002A4000 - 0x002A76BC / 0x811FF000] (size: 0x000036BC) of module ux0:app\PCSF00379\sce_module\libsmart.suprx
[01:49:51.213] |I| [load_self]: Loading symbols for SELF: ux0:app\PCSF00379\sce_module\libsmart.suprx
[01:49:51.213] |D| [load_var_exports]: 	NID 0x6C2224BA (NID_MODULE_INFO) at 0x144B48
[01:49:51.214] |I| [pre_load_module]: Pre-load module SceSmart (at "app\PCSF00379\sce_module\libsmart.suprx") loaded
[01:49:51.217] |C| [load_self]: Unknown segment type 0x6FFFFF01
[01:49:51.217] |I| [load_self]: Loaded module segment 0 @ [0x002A8000 - 0x002BBA9C / 0x81000000] (size: 0x00013A9C) of module ux0:app\PCSF00379\sce_module\libult.suprx
[01:49:51.218] |I| [load_self]: Loaded module segment 1 @ [0x002BC000 - 0x002BC814 / 0x81014000] (size: 0x00000814) of module ux0:app\PCSF00379\sce_module\libult.suprx
[01:49:51.219] |I| [load_self]: Loading symbols for SELF: ux0:app\PCSF00379\sce_module\libult.suprx
[01:49:51.219] |D| [load_var_exports]: 	NID 0x936C8A78 (SYSLYB) at 0x2BA3C8
[01:49:51.219] |D| [load_var_exports]: 	NID 0x6C2224BA (NID_MODULE_INFO) at 0x2B7944
[01:49:51.220] |I| [pre_load_module]: Pre-load module SceUlt (at "app\PCSF00379\sce_module\libult.suprx") loaded
[01:49:51.227] |I| [load_self]: Loaded module segment 0 @ [0x002BD000 - 0x0030DF04 / 0x81000000] (size: 0x00050F04) of module vs0:sys/external/libSceFt2.suprx
[01:49:51.227] |I| [load_self]: Loaded module segment 1 @ [0x0030E000 - 0x0030E2F4 / 0x81051000] (size: 0x000002F4) of module vs0:sys/external/libSceFt2.suprx
[01:49:51.228] |I| [load_self]: Loading symbols for SELF: vs0:sys/external/libSceFt2.suprx
[01:49:51.228] |D| [load_var_exports]: 	NID 0x936C8A78 (SYSLYB) at 0x2F97DC
[01:49:51.229] |D| [load_var_exports]: 	NID 0x6C2224BA (NID_MODULE_INFO) at 0x2F8F10
[01:49:51.229] |I| [pre_load_module]: Pre-load module SceLibft2 (at "sys/external/libSceFt2.suprx") loaded
[01:49:51.231] |I| [load_self]: Loaded module segment 0 @ [0x0030F000 - 0x0031EF14 / 0x81000000] (size: 0x0000FF14) of module vs0:sys/external/libpvf.suprx
[01:49:51.231] |I| [load_self]: Loaded module segment 1 @ [0x0031F000 - 0x0031F008 / 0x81010000] (size: 0x00000008) of module vs0:sys/external/libpvf.suprx
[01:49:51.235] |I| [load_self]: Loading symbols for SELF: vs0:sys/external/libpvf.suprx
[01:49:51.236] |D| [load_var_exports]: 	NID 0x936C8A78 (SYSLYB) at 0x31D710
[01:49:51.237] |D| [load_var_exports]: 	NID 0x6C2224BA (NID_MODULE_INFO) at 0x31D300
[01:49:51.237] |I| [pre_load_module]: Pre-load module SceLibPvf (at "sys/external/libpvf.suprx") loaded
[01:49:51.573] |C| [load_self]: Unknown segment type 0x6FFFFF01
[01:49:51.573] |I| [load_self]: Loaded module segment 0 @ [0x00320000 - 0x00DE7ED0 / 0x81000000] (size: 0x00AC7ED0) of module app0:eboot.bin
[01:49:51.574] |I| [load_self]: Loaded module segment 1 @ [0x00DE8000 - 0x03BD96D4 / 0x81AC8000] (size: 0x02DF16D4) of module app0:eboot.bin
[01:49:51.575] |I| [load_self]: Loading symbols for SELF: app0:eboot.bin
[01:49:51.575] |D| [load_var_exports]: 	NID 0x6C2224BA (NID_MODULE_INFO) at 0xC553BC
[01:49:51.576] |D| [load_var_exports]: 	NID 0x70FBA1E7 (SCE_PROC_PARAMS) at 0xDE8C14
[01:49:51.576] |I| [load_app_impl]: Main executable Doki_PSVita_Release (eboot.bin) loaded
[01:49:51.584] |D| [run_app]: Running module_start of library: SceLibc at address 0x7809
[01:49:51.625] |I| [run_app]: Module SceLibc (at "ux0:app\PCSF00379\sce_module\libc.suprx") module_start returned 0x0
[01:49:51.629] |D| [run_app]: Running module_start of library: SceFace at address 0x6E23D
[01:49:51.638] |I| [run_app]: Module SceFace (at "ux0:app\PCSF00379\sce_module\libface.suprx") module_start returned 0x0
[01:49:51.642] |D| [run_app]: Running module_start of library: SceLibFios2 at address 0x73001
[01:49:51.650] |W| [stubbed_impl]: Stubbed sceKernelGetProcessId import called. (pid: 0)
[01:49:51.650] |D| [export_sceFiosOverlayGetList02]: maxIDs: 255
[01:49:51.650] |W| [unimplemented_impl]: Unimplemented sceFiosOverlayGetList02 import called.
[01:49:51.651] |I| [run_app]: Module SceLibFios2 (at "ux0:app\PCSF00379\sce_module\libfios2.suprx") module_start returned 0x0
[01:49:51.656] |D| [run_app]: Running module_start of library: SceSmart at address 0xA517D
[01:49:51.667] |I| [run_app]: Module SceSmart (at "ux0:app\PCSF00379\sce_module\libsmart.suprx") module_start returned 0x0
[01:49:51.671] |D| [run_app]: Running module_start of library: SceUlt at address 0x2AB769
[01:49:51.679] |W| [unimplemented_impl]: Unimplemented _sceUlobjMgrRegisterLibultProtocolRevision import called.
[01:49:51.679] |I| [run_app]: Module SceUlt (at "ux0:app\PCSF00379\sce_module\libult.suprx") module_start returned 0x0
[01:49:51.684] |W| [unimplemented_impl]: Unimplemented sceKernelRegisterThreadEventHandler import called.
[01:49:51.738] |W| [unimplemented_impl]: Unimplemented sceKernelGetThreadCurrentPriority import called.
[01:49:51.738] |W| [stubbed_impl]: Stubbed sceKernelGetThreadCpuAffinityMask2 import called. (STUB)
[01:49:52.390] |W| [stubbed_impl]: Stubbed sceGxmMapMemory import called. (always return success)
[01:49:52.392] |W| [stubbed_impl]: Stubbed sceGxmMapFragmentUsseMemory import called. (always return success)
[01:49:52.420] |W| [stubbed_impl]: Stubbed sceGxmGetRenderTargetMemSize import called. (2MB host mem)
[01:49:52.490] |W| [unimplemented_impl]: Unimplemented sceGxmDepthStencilSurfaceSetForceStoreMode import called.
[01:49:52.491] |W| [unimplemented_impl]: Unimplemented sceGxmDepthStencilSurfaceSetForceLoadMode import called.
[01:49:52.492] |W| [unimplemented_impl]: Unimplemented sceAppUtilInit import called.
[01:49:52.820] |W| [stubbed_impl]: Stubbed sceGxmMapVertexUsseMemory import called. (always return success)
[01:49:52.858] |W| [unimplemented_impl]: Unimplemented sceTouchEnableTouchForce import called.
[01:49:52.859] |W| [unimplemented_impl]: Unimplemented sceSystemGestureCreateTouchRecognizer import called.
[01:49:52.859] |W| [unimplemented_impl]: Unimplemented sceMotionSetDeadband import called.
[01:49:52.860] |W| [unimplemented_impl]: Unimplemented sceMotionSetTiltCorrection import called.
[01:49:52.860] |W| [unimplemented_impl]: Unimplemented sceMotionReset import called.
[01:49:52.860] |W| [unimplemented_impl]: Unimplemented sceMotionStartSampling import called.
[01:49:52.863] |I| [export_sceIoOpen]: Opening file: app0:gxm_arc2.psarc
[01:49:52.879] |W| [unimplemented_impl]: Unimplemented sceKernelChangeThreadVfpException import called.
[01:49:52.880] |W| [unimplemented_impl]: Unimplemented sceFiosOverlayThreadSetDisabled02 import called.
[01:49:52.939] |W| [unimplemented_impl]: Unimplemented sceFiosOverlayGetRecommendedScheduler02 import called.
[01:49:52.944] |I| [export_sceIoOpen]: Opening file: app0:/gxm_arc.psarc
[01:49:52.981] |I| [export_sceIoOpen]: Opening file: app0:/gxm_arc.psarc
[01:49:53.281] |I| [export_sceIoOpen]: Opening file: app0:/gxm_arc2.psarc
[01:49:53.283] |I| [export_sceIoOpen]: Opening file: app0:/gxm_arc2.psarc
[01:49:53.501] |W| [unimplemented_impl]: Unimplemented sceMotionGetState import called.
[01:49:53.518] |W| [unimplemented_impl]: Unimplemented sceCommonDialogUpdate import called.
[01:49:53.537] |I| [renderer::gl::load_shader_generic]: Generating frag shader e71e7f7a4326188aae90a372ce29943417365962388b322851b6c17bc0f2f3d4
[01:49:53.538] |D| [shader::create_parameters]: [DEFAULT  + 0] sa0 = (half4) color
[01:49:53.541] |I| [renderer::gl::load_shader_generic]: Generating vert shader 47c16c71d2e750a05057e3c6aa9d9af81496af2cdec23cb559e9187023e09963
[01:49:53.542] |D| [shader::create_parameters]: [BUFFER0  + 0] pa0 = (float4) IN_position
[01:49:53.542] |D| [shader::create_parameters]: [DEFAULT  + 0] sa0 = (float1) depth
[01:49:53.549] |W| [stubbed_impl]: Stubbed sceDisplayWaitVblankStart import called. (wait for vblank)
[01:49:53.556] |I| [export_sceIoOpen]: Opening file: app0:/common/scripts/console/boot.lua
[01:49:53.565] |I| [export_sceIoOpen]: Opening file: appcfg.lua
[01:49:53.566] |E| [open_file]: Cannot find device for path: appcfg.lua
[01:49:53.566] |W| [io_error_impl]: open_file (sceIoOpen) returned 0x80010002
[01:49:53.568] |E| [call_import]: Import function for NID 0xE340C007 not found (thread name: PCSF00379, thread ID: 9)
[01:49:53.568] |I| [export_sceIoOpen]: Opening file: /usr/local/share/lua/5.1/appcfg.lua
[01:49:53.569] |E| [open_file]: Cannot find device for path: /usr/local/share/lua/5.1/appcfg.lua
[01:49:53.569] |W| [io_error_impl]: open_file (sceIoOpen) returned 0x80010002
[01:49:53.571] |I| [export_sceIoOpen]: Opening file: /usr/local/share/lua/5.1/appcfg/init.lua
[01:49:53.571] |E| [open_file]: Cannot find device for path: /usr/local/share/lua/5.1/appcfg/init.lua
[01:49:53.572] |W| [io_error_impl]: open_file (sceIoOpen) returned 0x80010002
[01:49:53.573] |I| [export_sceIoOpen]: Opening file: /usr/local/lib/lua/5.1/appcfg.lua
[01:49:53.573] |E| [open_file]: Cannot find device for path: /usr/local/lib/lua/5.1/appcfg.lua
[01:49:53.574] |W| [io_error_impl]: open_file (sceIoOpen) returned 0x80010002
[01:49:53.576] |I| [export_sceIoOpen]: Opening file: /usr/local/lib/lua/5.1/appcfg/init.lua
[01:49:53.577] |E| [open_file]: Cannot find device for path: /usr/local/lib/lua/5.1/appcfg/init.lua
[01:49:53.577] |W| [io_error_impl]: open_file (sceIoOpen) returned 0x80010002
[01:49:53.578] |I| [export_sceIoOpen]: Opening file: app0:/appcfg.lua
[01:49:53.578] |E| [open_file]: Missing file at D:/Emulateurs/Vita3K/mc/ux0/app/PCSF00379/appcfg.lua (target path: app0:/appcfg.lua)
[01:49:53.579] |W| [io_error_impl]: open_file (sceIoOpen) returned 0x80010002
[01:49:53.579] |I| [export_sceIoOpen]: Opening file: app0:/common/scripts/console/appcfg.lua
[01:49:53.581] |I| [export_sceIoOpen]: Opening file: app0:/common/scripts/console/appcfg.lua
[01:49:53.595] |I| [export_sceIoOpen]: Opening file: doki.lua
[01:49:53.595] |E| [open_file]: Cannot find device for path: doki.lua
[01:49:53.596] |W| [io_error_impl]: open_file (sceIoOpen) returned 0x80010002
[01:49:53.596] |I| [export_sceIoOpen]: Opening file: /usr/local/share/lua/5.1/doki.lua
[01:49:53.597] |E| [open_file]: Cannot find device for path: /usr/local/share/lua/5.1/doki.lua
[01:49:53.597] |W| [io_error_impl]: open_file (sceIoOpen) returned 0x80010002
[01:49:53.598] |I| [export_sceIoOpen]: Opening file: /usr/local/share/lua/5.1/doki/init.lua
[01:49:53.598] |E| [open_file]: Cannot find device for path: /usr/local/share/lua/5.1/doki/init.lua
[01:49:53.598] |W| [io_error_impl]: open_file (sceIoOpen) returned 0x80010002
[01:49:53.599] |I| [export_sceIoOpen]: Opening file: /usr/local/lib/lua/5.1/doki.lua
[01:49:53.599] |E| [open_file]: Cannot find device for path: /usr/local/lib/lua/5.1/doki.lua
[01:49:53.600] |W| [io_error_impl]: open_file (sceIoOpen) returned 0x80010002
[01:49:53.600] |I| [export_sceIoOpen]: Opening file: /usr/local/lib/lua/5.1/doki/init.lua
[01:49:53.600] |E| [open_file]: Cannot find device for path: /usr/local/lib/lua/5.1/doki/init.lua
[01:49:53.601] |W| [io_error_impl]: open_file (sceIoOpen) returned 0x80010002
[01:49:53.601] |I| [export_sceIoOpen]: Opening file: app0:/doki.lua
[01:49:53.602] |E| [open_file]: Missing file at D:/Emulateurs/Vita3K/mc/ux0/app/PCSF00379/doki.lua (target path: app0:/doki.lua)
[01:49:53.603] |W| [io_error_impl]: open_file (sceIoOpen) returned 0x80010002
[01:49:53.603] |I| [export_sceIoOpen]: Opening file: app0:/common/scripts/console/doki.lua
[01:49:53.604] |I| [export_sceIoOpen]: Opening file: app0:/common/scripts/console/doki.lua
[01:49:53.605] |I| [export_sceIoOpen]: Opening file: user.lua
[01:49:53.605] |E| [open_file]: Cannot find device for path: user.lua
[01:49:53.605] |W| [io_error_impl]: open_file (sceIoOpen) returned 0x80010002
[01:49:53.608] |I| [export_sceIoOpen]: Opening file: /usr/local/share/lua/5.1/user.lua
[01:49:53.609] |E| [open_file]: Cannot find device for path: /usr/local/share/lua/5.1/user.lua
[01:49:53.609] |W| [io_error_impl]: open_file (sceIoOpen) returned 0x80010002
[01:49:53.610] |I| [export_sceIoOpen]: Opening file: /usr/local/share/lua/5.1/user/init.lua
[01:49:53.610] |E| [open_file]: Cannot find device for path: /usr/local/share/lua/5.1/user/init.lua
[01:49:53.610] |W| [io_error_impl]: open_file (sceIoOpen) returned 0x80010002
[01:49:53.611] |I| [export_sceIoOpen]: Opening file: /usr/local/lib/lua/5.1/user.lua
[01:49:53.611] |E| [open_file]: Cannot find device for path: /usr/local/lib/lua/5.1/user.lua
[01:49:53.612] |W| [io_error_impl]: open_file (sceIoOpen) returned 0x80010002
[01:49:53.612] |I| [export_sceIoOpen]: Opening file: /usr/local/lib/lua/5.1/user/init.lua
[01:49:53.612] |E| [open_file]: Cannot find device for path: /usr/local/lib/lua/5.1/user/init.lua
[01:49:53.613] |W| [io_error_impl]: open_file (sceIoOpen) returned 0x80010002
[01:49:53.613] |I| [export_sceIoOpen]: Opening file: app0:/u