[15:43:18.307] |I| [load_app_impl]: cpu-backend: Dynarmic
[15:43:18.308] |I| [load_app_impl]: CPU Optimisation state: true
[15:43:18.308] |I| [load_app_impl]: at9 audio decoder state: true
[15:43:18.308] |I| [load_app_impl]: ngs experimental state: true
[15:43:18.308] |I| [load_app_impl]: video player state: true
[15:43:18.308] |I| [load_app_impl]: modules mode: Automatic
[15:43:18.308] |I| [load_app_impl]: Title: Table Football
[15:43:18.308] |I| [load_app_impl]: Serial: PCSF00062
[15:43:18.308] |I| [load_app_impl]: Version: 1.01
[15:43:18.308] |I| [load_app_impl]: Category: gp
[15:43:18.344] |C| [load_self]: Unknown segment type 0x6FFFFF01
[15:43:18.344] |I| [load_self]: Loaded module segment 0 @ [0x00007000 - 0x000437DC / 0x81000000] (size: 0x0003C7DC) of module app0:sce_module/libc.suprx
[15:43:18.344] |I| [load_self]: Loaded module segment 1 @ [0x00044000 - 0x00046374 / 0x8103D000] (size: 0x00002374) of module app0:sce_module/libc.suprx
[15:43:18.344] |I| [load_self]: Loading symbols for SELF: app0:sce_module/libc.suprx
[15:43:18.344] |D| [load_var_exports]: 	NID 0x6C2224BA (NID_MODULE_INFO) at 0x35220
[15:43:18.345] |W| [load_var_imports]: 	NID NOT FOUND 0xDF084DFA (UNRECOGNISED) at 0x389F0, setting to stub value 0xDEADBEEF
[15:43:18.345] |I| [pre_load_module]: Pre-load module SceLibc (at "sce_module/libc.suprx") loaded
[15:43:18.363] |C| [load_self]: Unknown segment type 0x6FFFFF01
[15:43:18.363] |I| [load_self]: Loaded module segment 0 @ [0x00048000 - 0x0006A1B0 / 0x81000000] (size: 0x000221B0) of module app0:sce_module/libfios2.suprx
[15:43:18.363] |I| [load_self]: Loaded module segment 1 @ [0x0006B000 - 0x000701B8 / 0x81023000] (size: 0x000051B8) of module app0:sce_module/libfios2.suprx
[15:43:18.363] |I| [load_self]: Loading symbols for SELF: app0:sce_module/libfios2.suprx
[15:43:18.363] |D| [load_var_exports]: 	NID 0x6C2224BA (NID_MODULE_INFO) at 0x63CB0
[15:43:18.363] |I| [pre_load_module]: Pre-load module SceLibFios2 (at "sce_module/libfios2.suprx") loaded
[15:43:18.373] |C| [load_self]: Unknown segment type 0x6FFFFF01
[15:43:18.373] |I| [load_self]: Loaded module segment 0 @ [0x00071000 - 0x0008506C / 0x81000000] (size: 0x0001406C) of module app0:sce_module/libult.suprx
[15:43:18.373] |I| [load_self]: Loaded module segment 1 @ [0x00086000 - 0x00086814 / 0x81015000] (size: 0x00000814) of module app0:sce_module/libult.suprx
[15:43:18.373] |I| [load_self]: Loading symbols for SELF: app0:sce_module/libult.suprx
[15:43:18.373] |D| [load_var_exports]: 	NID 0x6C2224BA (NID_MODULE_INFO) at 0x81B68
[15:43:18.374] |I| [pre_load_module]: Pre-load module SceUlt (at "sce_module/libult.suprx") loaded
[15:43:18.381] |I| [load_self]: Loaded module segment 0 @ [0x00087000 - 0x000D7F04 / 0x81000000] (size: 0x00050F04) of module vs0:sys/external/libSceFt2.suprx
[15:43:18.381] |I| [load_self]: Loaded module segment 1 @ [0x000D8000 - 0x000D82F4 / 0x81051000] (size: 0x000002F4) of module vs0:sys/external/libSceFt2.suprx
[15:43:18.381] |I| [load_self]: Loading symbols for SELF: vs0:sys/external/libSceFt2.suprx
[15:43:18.381] |D| [load_var_exports]: 	NID 0x936C8A78 (SYSLYB) at 0xC37DC
[15:43:18.381] |D| [load_var_exports]: 	NID 0x6C2224BA (NID_MODULE_INFO) at 0xC2F10
[15:43:18.381] |W| [load_var_imports]: 	NID NOT FOUND 0x93B8AA67 (UNRECOGNISED) at 0xD7EE0, setting to stub value 0xDEADBEEF
[15:43:18.382] |I| [pre_load_module]: Pre-load module SceLibft2 (at "sys/external/libSceFt2.suprx") loaded
[15:43:18.384] |I| [load_self]: Loaded module segment 0 @ [0x000DA000 - 0x000E9F14 / 0x81000000] (size: 0x0000FF14) of module vs0:sys/external/libpvf.suprx
[15:43:18.385] |I| [load_self]: Loaded module segment 1 @ [0x000EA000 - 0x000EA008 / 0x81010000] (size: 0x00000008) of module vs0:sys/external/libpvf.suprx
[15:43:18.385] |I| [load_self]: Loading symbols for SELF: vs0:sys/external/libpvf.suprx
[15:43:18.385] |D| [load_var_exports]: 	NID 0x936C8A78 (SYSLYB) at 0xE8710
[15:43:18.385] |D| [load_var_exports]: 	NID 0x6C2224BA (NID_MODULE_INFO) at 0xE8300
[15:43:18.385] |I| [pre_load_module]: Pre-load module SceLibPvf (at "sys/external/libpvf.suprx") loaded
[15:43:18.419] |C| [load_self]: Unknown segment type 0x6FFFFF01
[15:43:18.419] |I| [load_self]: Loaded module segment 0 @ [0x81000000 - 0x8113EBA4 / 0x81000000] (size: 0x0013EBA4) of module app0:eboot.bin
[15:43:18.419] |I| [load_self]: Loaded module segment 1 @ [0x8113F000 - 0x812E4574 / 0x8113F000] (size: 0x001A5574) of module app0:eboot.bin
[15:43:18.419] |I| [load_self]: Loading symbols for SELF: app0:eboot.bin
[15:43:18.420] |D| [load_var_exports]: 	NID 0x6C2224BA (NID_MODULE_INFO) at 0x81107D30
[15:43:18.420] |D| [load_var_exports]: 	NID 0x70FBA1E7 (SCE_PROC_PARAMS) at 0x81141BC8
[15:43:18.420] |I| [load_app_impl]: Main executable flickball (eboot.bin) loaded
[15:43:18.428] |D| [run_app]: Running module_start of library: SceLibc at address 0x75E5
[15:43:18.461] |I| [export_sceIoOpen]: Opening file: tty0:
[15:43:18.461] |I| [export_sceIoOpen]: Opening file: tty0:
[15:43:18.461] |I| [export_sceIoOpen]: Opening file: tty1:
[15:43:18.467] |I| [run_app]: Module SceLibc (at "app0:sce_module/libc.suprx") module_start returned 0x0
[15:43:18.471] |D| [run_app]: Running module_start of library: SceLibFios2 at address 0x48001
[15:43:18.479] |W| [stubbed_impl]: Stubbed sceKernelGetProcessId import called. (pid: 0)
[15:43:18.480] |W| [stubbed_impl]: Stubbed _sceFiosKernelOverlayGetList import called. (Set pActualIDs to 0)
[15:43:18.480] |D| [export__sceFiosKernelOverlayGetList]: pid: 0
[15:43:18.481] |D| [export__sceFiosKernelOverlayGetList]: buffer_size: 0
[15:43:18.481] |D| [export__sceFiosKernelOverlayGetList]: maxIDs: 0
[15:43:18.481] |D| [export__sceFiosKernelOverlayGetList]: pActualIDs: 0
[15:43:18.481] |I| [run_app]: Module SceLibFios2 (at "app0:sce_module/libfios2.suprx") module_start returned 0x0
[15:43:18.485] |D| [run_app]: Running module_start of library: SceUlt at address 0x74B71
[15:43:18.492] |I| [run_app]: Module SceUlt (at "app0:sce_module/libult.suprx") module_start returned 0x0
[15:43:18.570] |W| [stubbed_impl]: Stubbed sceGxmMapMemory import called. (always return success)
[15:43:18.639] |W| [stubbed_impl]: Stubbed sceGxmMapFragmentUsseMemory import called. (always return success)
[15:43:18.649] |W| [stubbed_impl]: Stubbed sceGxmMapVertexUsseMemory import called. (always return success)
[15:43:18.652] |W| [stubbed_impl]: Stubbed sceGxmGetRenderTargetMemSize import called. (2MB host mem)
[15:43:18.707] |W| [unimplemented_impl]: Unimplemented sceAppUtilInit import called.
[15:43:18.708] |I| [export_sceIoOpen]: Opening file: app0:/game_data/language/french.txz
[15:43:18.813] |I| [export_sceIoOpen]: Opening file: app0:/game_data/fonts/centurygothicbold23.fnt
[15:43:18.862] |I| [export_sceIoOpen]: Opening file: app0:/game_data/fonts/centurygothicbold36.fnt
[15:43:18.866] |I| [export_sceIoOpen]: Opening file: app0:/game_data/fonts/kozgopro-medium-80.fnt
[15:43:18.874] |I| [export_sceIoOpen]: Opening file: app0:/game_data/legal/legal_fr.lsb
[15:43:18.908] |I| [export_sceIoOpen]: Opening file: app0:/game_data/unlocks/unlocks.lsb
[15:43:18.937] |I| [export_sceIoOpen]: Opening file: app0:dlc1_key.dat
[15:43:18.955] |I| [export_sceIoOpen]: Opening file: app0:/game_data/flags/south africa.lmg
[15:43:19.004] |I| [export_sceIoOpen]: Opening file: app0:/game_data/flags/germany.lmg
[15:43:19.009] |I| [export_sceIoOpen]: Opening file: app0:/game_data/flags/england.lmg
[15:43:19.010] |I| [export_sceIoOpen]: Opening file: app0:/game_data/flags/argentina.lmg
[15:43:19.012] |I| [export_sceIoOpen]: Opening file: app0:/game_data/flags/australia.lmg
[15:43:19.013] |I| [export_sceIoOpen]: Opening file: app0:/game_data/flags/belgium.lmg
[15:43:19.014] |I| [export_sceIoOpen]: Opening file: app0:/game_data/flags/bosnia-herzegovina.lmg
[15:43:19.015] |I| [export_sceIoOpen]: Opening file: app0:/game_data/flags/brazil.lmg
[15:43:19.015] |I| [export_sceIoOpen]: Opening file: app0:/game_data/flags/cameroon.lmg
[15:43:19.016] |I| [export_sceIoOpen]: Opening file: app0:/game_data/flags/chile.lmg
[15:43:19.017] |I| [export_sceIoOpen]: Opening file: app0:/game_data/flags/colombia.lmg
[15:43:19.018] |I| [export_sceIoOpen]: Opening file: app0:/game_data/flags/south korea.lmg
[15:43:19.019] |I| [export_sceIoOpen]: Opening file: app0:/game_data/flags/croatia.lmg
[15:43:19.020] |I| [export_sceIoOpen]: Opening file: app0:/game_data/flags/ivory coast.lmg
[15:43:19.021] |I| [export_sceIoOpen]: Opening file: app0:/game_data/flags/denmark.lmg
[15:43:19.022] |I| [export_sceIoOpen]: Opening file: app0:/game_data/flags/spain.lmg
[15:43:19.023] |I| [export_sceIoOpen]: Opening file: app0:/game_data/flags/finland.lmg
[15:43:19.024] |I| [export_sceIoOpen]: Opening file: app0:/game_data/flags/france.lmg
[15:43:19.025] |I| [export_sceIoOpen]: Opening file: app0:/game_data/flags/greece.lmg
[15:43:19.026] |I| [export_sceIoOpen]: Opening file: app0:/game_data/flags/hungary.lmg
[15:43:19.026] |I| [export_sceIoOpen]: Opening file: app0:/game_data/flags/northern ireland.lmg
[15:43:19.041] |I| [export_sceIoOpen]: Opening file: app0:/game_data/flags/israel.lmg
[15:43:19.042] |I| [export_sceIoOpen]: Opening file: app0:/game_data/flags/italy.lmg
[15:43:19.042] |I| [export_sceIoOpen]: Opening file: app0:/game_data/flags/jamaica.lmg
[15:43:19.044] |I| [export_sceIoOpen]: Opening file: app0:/game_data/flags/japan.lmg
[15:43:19.044] |I| [export_sceIoOpen]: Opening file: app0:/game_data/flags/mexico.lmg
[15:43:19.045] |I| [export_sceIoOpen]: Opening file: app0:/game_data/flags/montenegro.lmg
[15:43:19.046] |I| [export_sceIoOpen]: Opening file: app0:/game_data/flags/nigeria.lmg
[15:43:19.046] |I| [export_sceIoOpen]: Opening file: app0:/game_data/flags/norway.lmg
[15:43:19.047] |I| [export_sceIoOpen]: Opening file: app0:/game_data/flags/paraguay.lmg
[15:43:19.048] |I| [export_sceIoOpen]: Opening file: app0:/game_data/flags/wales.lmg
[15:43:19.049] |I| [export_sceIoOpen]: Opening file: app0:/game_data/flags/netherlands.lmg
[15:43:19.050] |I| [export_sceIoOpen]: Opening file: app0:/game_data/flags/poland.lmg
[15:43:19.051] |I| [export_sceIoOpen]: Opening file: app0:/game_data/flags/portugal.lmg
[15:43:19.052] |I| [export_sceIoOpen]: Opening file: app0:/game_data/flags/peru.lmg
[15:43:19.053] |I| [export_sceIoOpen]: Opening file: app0:/game_data/flags/romania.lmg
[15:43:19.054] |I| [export_sceIoOpen]: Opening file: app0:/game_data/flags/russia.lmg
[15:43:19.054] |I| [export_sceIoOpen]: Opening file: app0:/game_data/flags/republic of ireland.lmg
[15:43:19.055] |I| [export_sceIoOpen]: Opening file: app0:/game_data/flags/czech republic.lmg
[15:43:19.056] |I| [export_sceIoOpen]: Opening file: app0:/game_data/flags/serbia.lmg
[15:43:19.057] |I| [export_sceIoOpen]: Opening file: app0:/game_data/flags/slovakia.lmg
[15:43:19.077] |I| [export_sceIoOpen]: Opening file: app0:/game_data/flags/slovenia.lmg
[15:43:19.078] |I| [export_sceIoOpen]: Opening file: app0:/game_data/flags/switzerland.lmg
[15:43:19.079] |I| [export_sceIoOpen]: Opening file: app0:/game_data/flags/sweden.lmg
[15:43:19.080] |I| [export_sceIoOpen]: Opening file: app0:/game_data/flags/senegal.lmg
[15:43:19.080] |I| [export_sceIoOpen]: Opening file: app0:/game_data/flags/turkey.lmg
[15:43:19.081] |I| [export_sceIoOpen]: Opening file: app0:/game_data/flags/uruguay.lmg
[15:43:19.083] |I| [export_sceIoOpen]: Opening file: app0:/game_data/flags/scotland.lmg
[15:43:19.085] |I| [export_sceIoOpen]: Opening file: app0:/game_data/flags/egypt.lmg
[15:43:19.085] |I| [export_sceIoOpen]: Opening file: app0:/game_data/flags/usa.lmg
[15:43:19.086] |I| [export_sceIoOpen]: Opening file: app0:/game_data/flags/algeria.lmg
[15:43:19.104] |I| [export_sceIoOpen]: Opening file: app0:/game_data/flags/china.lmg
[15:43:19.106] |I| [export_sceIoOpen]: Opening file: app0:/game_data/flags/costarica.lmg
[15:43:19.107] |I| [export_sceIoOpen]: Opening file: app0:/game_data/flags/ecuador.lmg
[15:43:19.107] |I| [export_sceIoOpen]: Opening file: app0:/game_data/flags/ghana.lmg
[15:43:19.108] |I| [export_sceIoOpen]: Opening file: app0:/game_data/flags/guinea.lmg
[15:43:19.109] |I| [export_sceIoOpen]: Opening file: app0:/game_data/flags/honduras.lmg
[15:43:19.109] |I| [export_sceIoOpen]: Opening file: app0:/game_data/flags/iran.lmg
[15:43:19.111] |I| [export_sceIoOpen]: Opening file: app0:/game_data/flags/libya.lmg
[15:43:19.111] |I| [export_sceIoOpen]: Opening file: app0:/game_data/flags/morocco.lmg
[15:43:19.112] |I| [export_sceIoOpen]: Opening file: app0:/game_data/flags/panama.lmg
[15:43:19.113] |I| [export_sceIoOpen]: Opening file: app0:/game_data/flags/tunisia.lmg
[15:43:19.114] |I| [export_sceIoOpen]: Opening file: app0:/game_data/flags/ukraine.lmg
[15:43:19.116] |I| [export_sceIoOpen]: Opening file: app0:/game_data/flags/venezuela.lmg
[15:43:19.117] |I| [export_sceIoOpen]: Opening file: app0:/game_data/flags/zambia.lmg
[15:43:19.117] |I| [export_sceIoOpen]: Opening file: app0:/game_data/flags/africa_allstars.lmg
[15:43:19.121] |I| [export_sceIoOpen]: Opening file: app0:/game_data/flags/asia_allstars.lmg
[15:43:19.122] |I| [export_sceIoOpen]: Opening file: app0:/game_data/flags/europe_allstars.lmg
[15:43:19.123] |I| [export_sceIoOpen]: Opening file: app0:/game_data/flags/northamerica_allstars.lmg
[15:43:19.126] |I| [export_sceIoOpen]: Opening file: app0:/game_data/flags/southamerica_allstars.lmg
[15:43:19.140] |W| [unimplemented_impl]: Unimplemented sceCameraGetDeviceLocation import called.
[15:43:19.140] |W| [unimplemented_impl]: Unimplemented sceCameraOpen import called.
[15:43:19.140] |W| [unimplemented_impl]: Unimplemented sceCameraStart import called.
[15:43:19.141] |W| [unimplemented_impl]: Unimplemented sceCameraSetAntiFlicker import called.
[15:43:19.149] |W| [unimplemented_impl]: Unimplemented sceCameraIsActive import called.
[15:43:19.150] |W| [unimplemented_impl]: Unimplemented sceCameraRead import called.
[15:43:19.151] |W| [unimplemented_impl]: Unimplemented sceMotionStartSampling import called.
[15:43:19.153] |W| [unimplemented_impl]: Unimplemented sceMotionSetTiltCorrection import called.
[15:43:19.153] |W| [unimplemented_impl]: Unimplemented sceMotionSetDeadband import called.
[15:43:19.153] |W| [unimplemented_impl]: Unimplemented sceMotionMagnetometerOn import called.
[15:43:19.162] |W| [unimplemented_impl]: Unimplemented sceMotionSetAngleThreshold import called.
[15:43:19.162] |W| [unimplemented_impl]: Unimplemented sceMotionSetGyroBiasCorrection import called.
[15:43:19.170] |W| [unimplemented_impl]: Unimplemented sceMotionGetState import called.
[15:43:19.172] |D| [export_sceTouchEnableTouchForce]: port: 0, state: 1
[15:43:19.172] |D| [export_sceTouchDisableTouchForce]: port: 1
[15:43:19.172] |D| [export_sceSysmoduleLoadModule]: module id: 19
[15:43:19.173] |D| [export_sceSysmoduleLoadModule]: module: libsystemgesture
[15:43:19.173] |I| [load_module]: Loading module ID: 0x13
[15:43:19.174] |C| [load_self]: Unknown segment type 0x6FFFFF01
[15:43:19.174] |I| [load_self]: Loaded module segment 0 @ [0x14EA7000 - 0x14EAA08C / 0x81000000] (size: 0x0000308C) of module sys/external/libsystemgesture.suprx
[15:43:19.174] |I| [load_self]: Loaded module segment 1 @ [0x14EAB000 - 0x14EABBF0 / 0x81004000] (size: 0x00000BF0) of module sys/external/libsystemgesture.suprx
[15:43:19.174] |I| [load_self]: Loading symbols for SELF: sys/external/libsystemgesture.suprx
[15:43:19.174] |D| [load_var_exports]: 	NID 0x936C8A78 (SYSLYB) at 0x14EAA074
[15:43:19.174] |D| [load_var_exports]: 	NID 0x6C2224BA (NID_MODULE_INFO) at 0x14EA9BD4
[15:43:19.174] |I| [load_module]: Module SceSystemGesture (at "sys/external/libsystemgesture.suprx") loaded
[15:43:19.174] |D| [load_module]: Running module_start of module: SceSystemGesture
[15:43:19.175] |I| [load_module]: Module SceSystemGesture (at "sys/external/libsystemgesture.suprx") module_start returned 0x0
[15:43:19.175] |D| [log_import_call]: [LLE] TID: 8   FUNC: 0x6078A08B sceSystemGestureInitializePrimitiveTouchRecognizer at 0x81106D24
[15:43:19.175] |W| [unimplemented_impl]: Unimplemented sceTouchGetPixelDensity2 import called.
[15:43:19.177] |D| [export_sceSysmoduleLoadModule]: module id: 1
[15:43:19.179] |D| [export_sceSysmoduleLoadModule]: module: libnet
[15:43:19.179] |D| [export_sceSysmoduleLoadModule]: module: libnetctl
[15:43:19.179] |D| [export_sceSysmoduleLoadModule]: module id: 42
[15:43:19.180] |D| [export_sceSysmoduleLoadModule]: module: adhoc_matching
[15:43:19.195] |I| [export_sceIoOpen]: Opening file: app0:/ball01_diffuse.lmg
[15:43:19.195] |E| [open_file]: Missing file at D:/Emulateurs/Vita3K/mc/ux0/app/PCSF00062/ball01_diffuse.lmg (target path: app0:/ball01_diffuse.lmg)
[15:43:19.195] |W| [io_error_impl]: open_file (sceIoOpen) returned 0x80010002
[15:43:19.195] |I| [export_sceIoOpen]: Opening file: app0:/ball01_diffuse.tga
[15:43:19.195] |E| [open_file]: Missing file at D:/Emulateurs/Vita3K/mc/ux0/app/PCSF00062/ball01_diffuse.tga (target path: app0:/ball01_diffuse.tga)
[15:43:19.196] |W| [io_error_impl]: open_file (sceIoOpen) returned 0x80010002
[15:43:19.196] |I| [export_sceIoOpen]: Opening file: app0:/ball01_diffuse.bmp
[15:43:19.196] |E| [open_file]: Missing file at D:/Emulateurs/Vita3K/mc/ux0/app/PCSF00062/ball01_diffuse.bmp (target path: app0:/ball01_diffuse.bmp)
[15:43:19.196] |W| [io_error_impl]: open_file (sceIoOpen) returned 0x80010002
[15:43:19.196] |I| [export_sceIoOpen]: Opening file: app0:/ball01_diffuse.jpg
[15:43:19.197] |E| [open_file]: Missing file at D:/Emulateurs/Vita3K/mc/ux0/app/PCSF00062/ball01_diffuse.jpg (target path: app0:/ball01_diffuse.jpg)
[15:43:19.197] |W| [io_error_impl]: open_file (sceIoOpen) returned 0x80010002
[15:43:19.197] |I| [export_sceIoOpen]: Opening file: app0:/ball01_diffuse.png
[15:43:19.197] |E| [open_file]: Missing file at D:/Emulateurs/Vita3K/mc/ux0/app/PCSF00062/ball01_diffuse.png (target path: app0:/ball01_diffuse.png)
[15:43:19.198] |W| [io_error_impl]: open_file (sceIoOpen) returned 0x80010002
[15:43:19.198] |I| [export_sceIoOpen]: Opening file: app0:/ball01_diffuse
[15:43:19.198] |E| [open_file]: Missing file at D:/Emulateurs/Vita3K/mc/ux0/app/PCSF00062/ball01_diffuse (target path: app0:/ball01_diffuse)
[15:43:19.198] |W| [io_error_impl]: open_file (sceIoOpen) returned 0x80010002
[15:43:19.198] |I| [export_sceIoOpen]: Opening file: app0:/game_data/models/ball01_diffuse.lmg
[15:43:19.226] |I| [export_sceIoOpen]: Opening file: app0:/game_data/models/ball01_diffuse.lmg
[15:43:19.242] |I| [export_sceIoOpen]: Opening file: app0:/ball02_diffuse.lmg
[15:43:19.242] |E| [open_file]: Missing file at D:/Emulateurs/Vita3K/mc/ux0/app/PCSF00062/ball02_diffuse.lmg (target path: app0:/ball02_diffuse.lmg)
[15:43:19.242] |W| [io_error_impl]: open_file (sceIoOpen) returned 0x80010002
[15:43:19.242] |I| [export_sceIoOpen]: Opening file: app0:/ball02_diffuse.tga
[15:43:19.242] |E| [open_file]: Missing file at D:/Emulateurs/Vita3K/mc/ux0/app/PCSF00062/ball02_diffuse.tga (target path: app0:/ball02_diffuse.tga)
[15:43:19.242] |W| [io_error_impl]: open_file (sceIoOpen) returned 0x80010002
[15:43:19.243] |I| [export_sceIoOpen]: Opening file: app0:/ball02_diffuse.bmp
[15:43:19.243] |E| [open_file]: Missing file at D:/Emulateurs/Vita3K/mc/ux0/app/PCSF00062/ball02_diffuse.bmp (target path: app0:/ball02_diffuse.bmp)
[15:43:19.243] |W| [io_error_impl]: open_file (sceIoOpen) returned 0x80010002
[15:43:19.243] |I| [export_sceIoOpen]: Opening file: app0:/ball02_diffuse.jpg
[15:43:19.243] |E| [open_file]: Missing file at D:/Emulateurs/Vita3K/mc/ux0/app/PCSF00062/ball02_diffuse.jpg (target path: app0:/ball02_diffuse.jpg)
[15:43:19.243] |W| [io_error_impl]: open_file (sceIoOpen) returned 0x80010002
[15:43:19.243] |I| [export_sceIoOpen]: Opening file: app0:/ball02_diffuse.png
[15:43:19.244] |E| [open_file]: Missing file at D:/Emulateurs/Vita3K/mc/ux0/app/PCSF00062/ball02_diffuse.png (target path: app0:/ball02_diffuse.png)
[15:43:19.244] |W| [io_error_impl]: open_file (sceIoOpen) returned 0x80010002
[15:43:19.244] |I| [export_sceIoOpen]: Opening file: app0:/ball02_diffuse
[15:43:19.244] |E| [open_file]: Missing file at D:/Emulateurs/Vita3K/mc/ux0/app/PCSF00062/ball02_diffuse (target path: app0:/ball02_diffuse)
[15:43:19.244] |W| [io_error_impl]: open_file (sceIoOpen) returned 0x80010002
[15:43:19.244] |I| [export_sceIoOpen]: Opening file: app0:/game_data/models/ball02_diffuse.lmg
[15:43:19.245] |I| [export_sceIoOpen]: Opening file: app0:/game_data/models/ball02_diffuse.lmg
[15:43:19.256] |I| [export_sceIoOpen]: Opening file: app0:/ball03_diffuse.lmg
[15:43:19.256] |E| [open_file]: Missing file at D:/Emulateurs/Vita3K/mc/ux0/app/PCSF00062/ball03_diffuse.lmg (target path: app0:/ball03_diffuse.lmg)
[15:43:19.259] |W| [io_error_impl]: open_file (sceIoOpen) returned 0x80010002
[15:43:19.260] |I| [export_sceIoOpen]: Opening file: app0:/ball03_diffuse.tga
[15:43:19.260] |E| [open_file]: Missing file at D:/Emulateurs/Vita3K/mc/ux0/app/PCSF00062/ball03_diffuse.tga (target path: app0:/ball03_diffuse.tga)
[15:43:19.260] |W| [io_error_impl]: open_file (sceIoOpen) returned 0x80010002
[15:43:19.260] |I| [export_sceIoOpen]: Opening file: app0:/ball03_diffuse.bmp
[15:43:19.260] |E| [open_file]: Missing file at D:/Emulateurs/Vita3K/mc/ux0/app/PCSF00062/ball03_diffuse.bmp (target path: app0:/ball03_diffuse.bmp)
[15:43:19.260] |W| [io_error_impl]: open_file (sceIoOpen) returned 0x80010002
[15:43:19.260] |I| [export_sceIoOpen]: Opening file: app0:/ball03_diffuse.jpg
[15:43:19.260] |E| [open_file]: Missing file at D:/Emulateurs/Vita3K/mc/ux0/app/PCSF00062/ball03_diffuse.jpg (target path: app0:/ball03_diffuse.jpg)
[15:43:19.260] |W| [io_error_impl]: open_file (sceIoOpen) returned 0x80010002
[15:43:19.261] |I| [export_sceIoOpen]: Opening file: app0:/ball03_diffuse.png
[15:43:19.261] |E| [open_file]: Missing file at D:/Emulateurs/Vita3K/mc/ux0/app/PCSF00062/ball03_diffuse.png (target path: app0:/ball03_diffuse.png)
[15:43:19.261] |W| [io_error_impl]: open_file (sceIoOpen) returned 0x80010002
[15:43:19.261] |I| [export_sceIoOpen]: Opening file: app0:/ball03_diffuse
[15:43:19.261] |E| [open_file]: Missing file at D:/Emulateurs/Vita3K/mc/ux0/app/PCSF00062/ball03_diffuse (target path: app0:/ball03_diffuse)
[15:43:19.261] |W| [io_error_impl]: open_file (sceIoOpen) returned 0x80010002
[15:43:19.261] |I| [export_sceIoOpen]: Opening file: app0:/game_data/models/ball03_diffuse.lmg
[15:43:19.262] |I| [export_sceIoOpen]: Opening file: app0:/game_data/models/ball03_diffuse.lmg
[15:43:19.263] |I| [export_sceIoOpen]: Opening file: app0:/ball04_diffuse.lmg
[15:43:19.263] |E| [open_file]: Missing file at D:/Emulateurs/Vita3K/mc/ux0/app/PCSF00062/ball04_diffuse.lmg (target path: app0:/ball04_diffuse.lmg)
[15:43:19.263] |W| [io_error_impl]: open_file (sceIoOpen) returned 0x80010002
[15:43:19.263] |I| [export_sceIoOpen]: Opening file: app0:/ball04_diffuse.tga
[15:43:19.264] |E| [open_file]: Missing file at D:/Emulateurs/Vita3K/mc/ux0/app/PCSF00062/ball04_diffuse.tga (target path: app0:/ball04_diffuse.tga)
[15:43:19.264] |W| [io_error_impl]: open_file (sceIoOpen) returned 0x80010002
[15:43:19.264] |I| [export_sceIoOpen]: Opening file: app0:/ball04_diffuse.bmp
[15:43:19.264] |E| [open_file]: Missing file at D:/Emulateurs/Vita3K/mc/ux0/app/PCSF00062/ball04_diffuse.bmp (target path: app0:/ball04_diffuse.bmp)
[15:43:19.264] |W| [io_error_impl]: open_file (sceIoOpen) returned 0x80010002
[15:43:19.264] |I| [export_sceIoOpen]: Opening file: app0:/ball04_diffuse.jpg
[15:43:19.264] |E| [open_file]: Missing file at D:/Emulateurs/Vita3K/mc/ux0/app/PCSF00062/ball04_diffuse.jpg (target path: app0:/ball04_diffuse.jpg)
[15:43:19.264] |W| [io_error_impl]: open_file (sceIoOpen) returned 0x80010002
[15:43:19.264] |I| [export_sceIoOpen]: Opening file: app0:/ball04_diffuse.png
[15:43:19.264] |E| [open_file]: Missing file at D:/Emulateurs/Vita3K/mc/ux0/app/PCSF00062/ball04_diffuse.png (target path: app0:/ball04_diffuse.png)
[15:43:19.264] |W| [io_error_impl]: open_file (sceIoOpen) returned 0x80010002
[15:43:19.264] |I| [export_sceIoOpen]: Opening file: app0:/ball04_diffuse
[15:43:19.265] |E| [open_file]: Missing file at D:/Emulateurs/Vita3K/mc/ux0/app/PCSF00062/ball04_diffuse (target path: app0:/ball04_diffuse)
[15:43:19.265] |W| [io_error_impl]: open_file (sceIoOpen) returned 0x80010002
[15:43:19.265] |I| [export_sceIoOpen]: Opening file: app0:/game_data/models/ball04_diffuse.lmg
[15:43:19.265] |I| [export_sceIoOpen]: Opening file: app0:/game_data/models/ball04_diffuse.lmg
[15:43:19.284] |I| [export_sceIoOpen]: Opening file: app0:/ball05_diffuse.lmg
[15:43:19.284] |E| [open_file]: Missing file at D:/Emulateurs/Vita3K/mc/ux0/app/PCSF00062/ball05_diffuse.lmg (target path: app0:/ball05_diffuse.lmg)
[15:43:19.284] |W| [io_error_impl]: open_file (sceIoOpen) returned 0x80010002
[15:43:19.284] |I| [export_sceIoOpen]: Opening file: app0:/ball05_diffuse.tga
[15:43:19.284] |E| [open_file]: Missing file at D:/Emulateurs/Vita3K/mc/ux0/app/PCSF00062/ball05_diffuse.tga (target path: app0:/ball05_diffuse.tga)
[15:43:19.284] |W| [io_error_impl]: open_file (sceIoOpen) returned 0x80010002
[15:43:19.284] |I| [export_sceIoOpen]: Opening file: app0:/ball05_diffuse.bmp
[15:43:19.285] |E| [open_file]: Missing file at D:/Emulateurs/Vita3K/mc/ux0/app/PCSF00062/ball05_diffuse.bmp (target path: app0:/ball05_diffuse.bmp)
[15:43:19.285] |W| [io_error_impl]: open_file (sceIoOpen) returned 0x80010002
[15:43:19.285] |I| [export_sceIoOpen]: Opening file: app0:/ball05_diffuse.jpg
[15:43:19.285] |E| [open_file]: Missing file at D:/Emulateurs/Vita3K/mc/ux0/app/PCSF00062/ball05_diffuse.jpg (target path: app0:/ball05_diffuse.jpg)
[15:43:19.285] |W| [io_error_impl]: open_file (sceIoOpen) returned 0x80010002
[15:43:19.285] |I| [export_sceIoOpen]: Opening file: app0:/ball05_diffuse.png
[15:43:19.285] |E| [open_file]: Missing file at D:/Emulateurs/Vita3K/mc/ux0/app/PCSF00062/ball05_diffuse.png (target path: app0:/ball05_diffuse.png)
[15:43:19.285] |W| [io_error_impl]: open_file (sceIoOpen) returned 0x80010002
[15:43:19.285] |I| [export_sceIoOpen]: Opening file: app0:/ball05_diffuse
[15:43:19.285] |E| [open_file]: Missing file at D:/Emulateurs/Vita3K/mc/ux0/app/PCSF00062/ball05_diffuse (target path: app0:/ball05_diffuse)
[15:43:19.286] |W| [io_error_impl]: open_file (sceIoOpen) returned 0x80010002
[15:43:19.286] |I| [export_sceIoOpen]: Opening file: app0:/game_data/models/ball05_diffuse.lmg
[15:43:19.286] |I| [export_sceIoOpen]: Opening file: app0:/game_data/models/ball05_diffuse.lmg
[15:43:19.288] |I| [export_sceIoOpen]: Opening file: app0:/ball06_diffuse.lmg
[15:43:19.292] |E| [open_file]: Missing file at D:/Emulateurs/Vita3K/mc/ux0/app/PCSF00062/ball06_diffuse.lmg (target path: app0:/ball06_diffuse.lmg)
[15:43:19.292] |W| [io_error_impl]: open_file (sceIoOpen) returned 0x80010002
[15:43:19.292] |I| [export_sceIoOpen]: Opening file: app0:/ball06_diffuse.tga
[15:43:19.292] |E| [open_file]: Missing file at D:/Emulateurs/Vita3K/mc/ux0/app/PCSF00062/ball06_diffuse.tga (target path: app0:/ball06_diffuse.tga)
[15:43:19.292] |W| [io_error_impl]: open_file (sceIoOpen) returned 0x80010002
[15:43:19.292] |I| [export_sceIoOpen]: Opening file: app0:/ball06_diffuse.bmp
[15:43:19.292] |E| [open_file]: Missing file at D:/Emulateurs/Vita3K/mc/ux0/app/PCSF00062/ball06_diffuse.bmp (target path: app0:/ball06_diffuse.bmp)
[15:43:19.292] |W| [io_error_impl]: open_file (sceIoOpen) returned 0x80010002
[15:43:19.292] |I| [export_sceIoOpen]: Opening file: app0:/ball06_diffuse.jpg
[15:43:19.292] |E| [open_file]: Missing file at D:/Emulateurs/Vita3K/mc/ux0/app/PCSF00062/ball06_diffuse.jpg (target path: app0:/ball06_diffuse.jpg)
[15:43:19.293] |W| [io_error_impl]: open_file (sceIoOpen) returned 0x80010002
[15:43:19.293] |I| [export_sceIoOpen]: Opening file: app0:/ball06_diffuse.png
[15:43:19.293] |E| [open_file]: Missing file at D:/Emulateurs/Vita3K/mc/ux0/app/PCSF00062/ball06_diffuse.png (target path: app0:/ball06_diffuse.png)
[15:43:19.293] |W| [io_error_impl]: open_file (sceIoOpen) returned 0x80010002
[15:43:19.293] |I| [export_sceIoOpen]: Opening file: app0:/ball06_diffuse
[15:43:19.293] |E| [open_file]: Missing file at D:/Emulateurs/Vita3K/mc/ux0/app/PCSF00062/ball06_diffuse (target path: app0:/ball06_diffuse)
[15:43:19.293] |W| [io_error_impl]: open_file (sceIoOpen) returned 0x80010002
[15:43:19.293] |I| [export_sceIoOpen]: Opening file: app0:/game_data/models/ball06_diffuse.lmg
[15:43:19.294] |I| [export_sceIoOpen]: Opening file: app0:/game_data/models/ball06_diffuse.lmg
[15:43:19.305] |D| [export_sceSysmoduleLoadModule]: module id: 13
[15:43:19.307] |D| [export_sceSysmoduleLoadModule]: module: libsas
[15:43:19.308] |I| [load_module]: Loading module ID: 0xD
[15:43:19.310] |I| [load_self]: Loaded module segment 0 @ [0x14ED0000 - 0x14EE7244 / 0x81000000] (size: 0x00017244) of module sys/external/libsas.suprx
[15:43:19.310] |I| [load_self]: Loaded module segment 1 @ [0x14EE8000 - 0x14EE8038 / 0x81018000] (size: 0x00000038) of module sys/external/libsas.suprx
[15:43:19.311] |I| [load_self]: Loading symbols for SELF: sys/external/libsas.suprx
[15:43:19.311] |D| [load_var_exports]: 	NID 0x936C8A78 (SYSLYB) at 0x14EE4004
[15:43:19.311] |D| [load_var_exports]: 	NID 0x6C2224BA (NID_MODULE_INFO) at 0x14EE3BF0
[15:43:19.311] |I| [load_module]: Module SceSasUser (at "sys/external/libsas.suprx") loaded
[15:43:19.311] |D| [log_import_call]: [LLE] TID: 8   FUNC: 0x180C6824 sceSasGetNeededMemorySize at 0x811071D4
[15:43:19.323] |D| [log_import_call]: [LLE] TID: 8   FUNC: 0x820D5F82 sceSasInitWithGrain at 0x81107234
[15:43:19.340] |D| [log_import_call]: [LLE] TID: 8   FUNC: 0xB0444E69 sceSasSetEffect at 0x81107244
[15:43:19.350] |I| [export_sceIoOpen]: Opening file: app0:/game_data/audio/chant_international_loop1-L.vag
[15:43:19.356] |D| [log_import_call]: [LLE] TID: 43  FUNC: 0x7A4672B2 sceSasCore at 0x81107224
[15:43:19.367] |I| [export_sceIoOpen]: Opening file: app0:/game_data/audio/chant_international_loop1-L.vag
[15:43:19.385] |I| [export_sceIoOpen]: Opening file: app0:/game_data/audio/chant_international_loop1-R.vag
[15:43:19.387] |I| [export_sceIoOpen]: Opening file: app0:/game_data/audio/score_goal-L.vag
[15:43:19.387] |I| [export_sceIoOpen]: Opening file: app0:/game_data/audio/score_goal-L.vag
[15:43:19.400] |I| [export_sceIoOpen]: Opening file: app0:/game_data/audio/score_goal-R.vag
[15:43:19.403] |I| [export_sceIoOpen]: Opening file: app0:/game_data/audio/wind_calm_loop-L.vag
[15:43:19.403] |I| [export_sceIoOpen]: Opening file: app0:/game_data/audio/wind_calm_loop-L.vag
[15:43:19.405] |E| [call_import]: Import function for NID 0xE341C4EE not found (thread name: AudioOutput, thread ID: 43)
[15:43:19.420] |I| [export_sceIoOpen]: Opening file: app0:/game_data/audio/wind_calm_loop-R.vag
[15:43:19.423] |I| [export_sceIoOpen]: Opening file: app0:/game_data/audio/rain_loop-L.vag
[15:43:19.423] |I| [export_sceIoOpen]: Opening file: app0:/game_data/audio/rain_loop-L.vag
[15:43:19.442] |I| [export_sceIoOpen]: Opening file: app0:/game_data/audio/rain_loop-R.vag
[15:43:19.444] |I| [export_sceIoOpen]: Opening file: app0:/game_data/audio/score_goal-L.vag
[15:43:19.444] |I| [export_sceIoOpen]: Opening file: app0:/game_data/audio/score_goal-L.vag
[15:43:19.446] |I| [export_sceIoOpen]: Opening file: app0:/game_data/audio/score_goal-R.vag
[15:43:19.447] |I| [export_sceIoOpen]: Opening file: app0:/game_data/audio/boos_loop-L.vag
[15:43:19.458] |I| [export_sceIoOpen]: Opening file: app0:/game_data/audio/boos_loop-L.vag
[15:43:19.470] |I| [export_sceIoOpen]: Opening file: app0:/game_data/audio/boos_loop-R.vag
[15:43:19.472] |I| [export_sceIoOpen]: Opening file: app0:/game_data/audio/chant_international_loop1-L.vag
[15:43:19.473] |I| [export_sceIoOpen]: Opening file: app0:/game_data/audio/chant_international_loop1-L.vag
[15:43:19.474] |I| [export_sceIoOpen]: Opening file: app0:/game_data/audio/chant_international_loop1-R.vag
[15:43:19.475] |I| [export_sceIoOpen]: Opening file: app0:/game_data/audio/chant_international_loop2-L.vag
[15:43:19.475] |I| [export_sceIoOpen]: Opening file: app0:/game_data/audio/chant_international_loop2-L.vag
[15:43:19.477] |I| [export_sceIoOpen]: Opening file: app0:/game_data/audio/chant_international_loop2-R.vag
[15:43:19.479] |I| [export_sceIoOpen]: Opening file: app0:/game_data/audio/chant_international_loop3-L.vag
[15:43:19.479] |I| [export_sceIoOpen]: Opening file: app0:/game_data/audio/chant_international_loop3-L.vag
[15:43:19.481] |I| [export_sceIoOpen]: Opening file: app0:/game_data/audio/chant_international_loop3-R.vag
[15:43:19.483] |I| [export_sceIoOpen]: Opening file: app0:/game_data/audio/chant_international_loop4-L.vag
[15:43:19.483] |I| [export_sceIoOpen]: Opening file: app0:/game_data/audio/chant_international_loop4-L.vag
[15:43:19.499] |I| [export_sceIoOpen]: Opening file: app0:/game_data/audio/chant_international_loop4-R.vag
[15:43:19.501] |I| [export_sceIoOpen]: Opening file: app0:/game_data/audio/chant_international_loop5-L.vag
[15:43:19.502] |I| [export_sceIoOpen]: Opening file: app0:/game_data/audio/chant_international_loop5-L.vag
[15:43:19.503] |I| [export_sceIoOpen]: Opening file: app0:/game_data/audio/chant_international_loop5-R.vag
[15:43:19.505] |I| [export_sceIoOpen]: Opening file: app0:/game_data/audio/chant_international_loop6-L.vag
[15:43:19.506] |I| [export_sceIoOpen]: Opening file: app0:/game_data/audio/chant_international_loop6-L.vag
[15:43:19.507] |I| [export_sceIoOpen]: Opening file: app0:/game_data/audio/chant_international_loop6-R.vag
[15:43:19.509] |I| [export_sceIoOpen]: Opening file: app0:/game_data/audio/chant_international_loop7-L.vag
[15:43:19.510] |I| [export_sceIoOpen]: Opening file: app0:/game_data/audio/chant_international_loop7-L.vag
[15:43:19.512] |I| [export_sceIoOpen]: Opening file: app0:/game_data/audio/chant_international_loop7-R.vag
[15:43:19.515] |I| [export_sceIoOpen]: Opening file: app0:/game_data/audio/chant_international_loop8-L.vag
[15:43:19.515] |I| [export_sceIoOpen]: Opening file: app0:/game_data/audio/chant_international_loop8-L.vag
[15:43:19.517] |I| [export_sceIoOpen]: Opening file: app0:/game_data/audio/chant_international_loop8-R.vag
[15:43:19.519] |I| [export_sceIoOpen]: Opening file: app0:/game_data/audio/chant_loop1-L.vag
[15:43:19.519] |I| [export_sceIoOpen]: Opening file: app0:/game_data/audio/chant_loop1-L.vag
[15:43:19.521] |I| [export_sceIoOpen]: Opening file: app0:/game_data/audio/chant_loop1-R.vag
[15:43:19.523] |I| [export_sceIoOpen]: Opening file: app0:/game_data/audio/chant_loop2-L.vag
[15:43:19.523] |I| [export_sceIoOpen]: Opening file: app0:/game_data/audio/chant_loop2-L.vag
[15:43:19.524] |I| [export_sceIoOpen]: Opening file: app0:/game_data/audio/chant_loop2-R.vag
[15:43:19.527] |I| [export_sceIoOpen]: Opening file: app0:/game_data/audio/chant_loop3-L.vag
[15:43:19.527] |I| [export_sceIoOpen]: Opening file: app0:/game_data/audio/chant_loop3-L.vag
[15:43:19.528] |I| [export_sceIoOpen]: Opening file: app0:/game_data/audio/chant_loop3-R.vag
[15:43:19.529] |I| [export_sceIoOpen]: Opening file: app0:/game_data/audio/chant_loop4-L.vag
[15:43:19.530] |I| [export_sceIoOpen]: Opening file: app0:/game_data/audio/chant_loop4-L.vag
[15:43:19.531] |I| [export_sceIoOpen]: Opening file: app0:/game_data/audio/chant_loop4-R.vag
[15:43:19.532] |I| [export_sceIoOpen]: Opening file: app0:/game_data/audio/chant_loop5-L.vag
[15:43:19.533] |I| [export_sceIoOpen]: Opening file: app0:/game_data/audio/chant_loop5-L.vag
[15:43:19.534] |I| [export_sceIoOpen]: Opening file: app0:/game_data/audio/chant_loop5-R.vag
[15:43:19.536] |I| [export_sceIoOpen]: Opening file: app0:/game_data/audio/chant_loop6-L.vag
[15:43:19.536] |I| [export_sceIoOpen]: Opening file: app0:/game_data/audio/chant_loop6-L.vag
[15:43:19.538] |I| [export_sceIoOpen]: Opening file: app0:/game_data/audio/chant_loop6-R.vag
[15:43:19.539] |I| [export_sceIoOpen]: Opening file: app0:/game_data/audio/crowd_ambiance_calm_loop-L.vag
[15:43:19.540] |I| [export_sceIoOpen]: Opening file: app0:/game_data/audio/crowd_ambiance_calm_loop-L.vag
[15:43:19.546] |I| [export_sceIoOpen]: Opening file: app0:/game_data/audio/crowd_ambiance_calm_loop-R.vag
[15:43:19.564] |I| [export_sceIoOpen]: Opening file: app0:/game_data/audio/crowd_ambiance_excited_loop-L.vag
[15:43:19.564] |I| [export_sceIoOpen]: Opening file: app0:/game_data/audio/crowd_ambiance_excited_loop-L.vag
[15:43:19.567] |I| [export_sceIoOpen]: Opening file: app0:/game_data/audio/crowd_ambiance_excited_loop-R.vag
[15:43:19.569] |I| [export_sceIoOpen]: Opening file: app0:/game_data/audio/crowd_good_pass-L.vag
[15:43:19.569] |I| [export_sceIoOpen]: Opening file: app0:/game_data/audio/crowd_good_pass-L.vag
[15:43:19.571] |I| [export_sceIoOpen]: Opening file: app0:/game_data/audio/crowd_good_pass-R.vag
[15:43:19.574] |I| [export_sceIoOpen]: Opening file: app0:/game_data/audio/near_miss-L.vag
[15:43:19.575] |I| [export_sceIoOpen]: Opening file: app0:/game_data/audio/near_miss-L.vag
[15:43:19.580] |I| [export_sceIoOpen]: Opening file: app0:/game_data/audio/near_miss-R.vag
[15:43:19.590] |I| [export_sceIoOpen]: Opening file: app0:/game_data/audio/near_miss2-L.vag
[15:43:19.590] |I| [export_sceIoOpen]: Opening file: app0:/game_data/audio/near_miss2-L.vag
[15:43:19.592] |I| [export_sceIoOpen]: Opening file: app0:/game_data/audio/near_miss2-R.vag
[15:43:19.594] |I| [export_sceIoOpen]: Opening file: app0:/game_data/audio/score_goal-L.vag
[15:43:19.595] |I| [export_sceIoOpen]: Opening file: app0:/game_data/audio/score_goal-L.vag
[15:43:19.596] |I| [export_sceIoOpen]: Opening file: app0:/game_data/audio/score_goal-R.vag
[15:43:19.598] |I| [export_sceIoOpen]: Opening file: app0:/game_data/audio/horn1_close-L.vag
[15:43:19.598] |I| [export_sceIoOpen]: Opening file: app0:/game_data/audio/horn1_close-L.vag
[15:43:19.604] |I| [export_sceIoOpen]: Opening file: app0:/game_data/audio/horn1_close-R.vag
[15:43:19.607] |I| [export_sceIoOpen]: Opening file: app0:/game_data/audio/horn2_close-L.vag
[15:43:19.608] |I| [export_sceIoOpen]: Opening file: app0:/game_data/audio/horn2_close-L.vag
[15:43:19.609] |I| [export_sceIoOpen]: Opening file: app0:/game_data/audio/horn2_close-R.vag
[15:43:19.610] |I| [export_sceIoOpen]: Opening file: app0:/game_data/audio/horn3_close-L.vag
[15:43:19.611] |I| [export_sceIoOpen]: Opening file: app0:/game_data/audio/horn3_close-L.vag
[15:43:19.612] |I| [export_sceIoOpen]: Opening file: app0:/game_data/audio/horn3_close-R.vag
[15:43:19.614] |I| [export_sceIoOpen]: Opening file: app0:/game_data/audio/horn4_close-L.vag
[15:43:19.615] |I| [export_sceIoOpen]: Opening file: app0:/game_data/audio/horn4_close-L.vag
[15:43:19.616] |I| [export_sceIoOpen]: Opening file: app0:/game_data/audio/horn4_close-R.vag
[15:43:19.618] |I| [export_sceIoOpen]: Opening file: app0:/game_data/audio/horn5_close-L.vag
[15:43:19.619] |I| [export_sceIoOpen]: Opening file: app0:/game_data/audio/horn5_close-L.vag
[15:43:19.620] |I| [export_sceIoOpen]: Opening file: app0:/game_data/audio/horn5_close-R.vag
[15:43:19.623] |I| [export_sceIoOpen]: Opening file: app0:/game_data/audio/horn6_close-L.vag
[15:43:19.623] |I| [export_sceIoOpen]: Opening file: app0:/game_data/audio/horn6_close-L.vag
[15:43:19.625] |I| [export_sceIoOpen]: Opening file: app0:/game_data/audio/horn6_close-R.vag
[15:43:19.626] |I| [export_sceIoOpen]: Opening file: app0:/game_data/audio/horn7_close-L.vag
[15:43:19.627] |I| [export_sceIoOpen]: Opening file: app0:/game_data/audio/horn7_close-L.vag
[15:43:19.628] |I| [export_sceIoOpen]: Opening file: app0:/game_data/audio/horn7_close-R.vag
[15:43:19.629] |I| [export_sceIoOpen]: Opening file: app0:/game_data/audio/horn8_close-L.vag
[15:43:19.629] |I| [export_sceIoOpen]: Opening file: app0:/game_data/audio/horn8_close-L.vag
[15:43:19.631] |I| [export_sceIoOpen]: Opening file: app0:/game_data/audio/horn8_close-R.vag
[15:43:19.632] |I| [export_sceIoOpen]: Opening file: app0:/game_data/audio/horn_test_sound-L.vag
[15:43:19.632] |I| [export_sceIoOpen]: Opening file: app0:/game_data/audio/horn_test_sound-L.vag
[15:43:19.633] |I| [export_sceIoOpen]: Opening file: app0:/game_data/audio/horn_test_sound-R.vag
[15:43:19.635] |I| [export_sceIoOpen]: Opening file: app0:/game_data/audio/catch_ball-L.vag
[15:43:19.637] |E| [open_file]: Missing file at D:/Emulateurs/Vita3K/mc/ux0/app/PCSF00062/game_data/audio/catch_ball-L.vag (target path: app0:/game_data/audio/catch_ball-L.vag)
[15:43:19.637] |W| [io_error_impl]: open_file (sceIoOpen) returned 0x80010002
[15:43:19.637] |I| [export_sceIoOpen]: Opening file: app0:/game_data/audio/catch_ball-R.vag
[15:43:19.637] |E| [open_file]: Missing file at D:/Emulateurs/Vita3K/mc/ux0/app/PCSF00062/game_data/audio/catch_ball-R.vag (target path: app0:/game_data/audio/catch_ball-R.vag)
[15:43:19.637] |W| [io_error_impl]: open_file (sceIoOpen) returned 0x80010002
[15:43:19.637] |I| [export_sceIoOpen]: Opening file: app0:/game_data/audio/catch_ball.vag
[15:43:19.653] |I| [export_sceIoOpen]: Opening file: app0:/game_data/audio/flick1-L.vag
[15:43:19.654] |E| [open_file]: Missing file at D:/Emulateurs/Vita3K/mc/ux0/app/PCSF00062/game_data/audio/flick1-L.vag (target path: app0:/game_data/audio/flick1-L.vag)
[15:43:19.654] |W| [io_error_impl]: open_file (sceIoOpen) returned 0x80010002
[15:43:19.654] |I| [export_sceIoOpen]: Opening file: app0:/game_data/audio/flick1-R.vag
[15:43:19.654] |E| [open_file]: Missing file at D:/Emulateurs/Vita3K/mc/ux0/app/PCSF00062/game_data/audio/flick1-R.vag (target path: app0:/game_data/audio/flick1-R.vag)
[15:43:19.654] |W| [io_error_impl]: open_file (sceIoOpen) returned 0x80010002
[15:43:19.654] |I| [export_sceIoOpen]: Opening file: app0:/game_data/audio/flick1.vag
[15:43:19.655] |I| [export_sceIoOpen]: Opening file: app0:/game_data/audio/flick2-L.vag
[15:43:19.655] |E| [open_file]: Missing file at D:/Emulateurs/Vita3K/mc/ux0/app/PCSF00062/game_data/audio/flick2-L.vag (target path: app0:/game_data/audio/flick2-L.vag)
[15:43:19.655] |W| [io_error_impl]: open_file (sceIoOpen) returned 0x80010002
[15:43:19.656] |I| [export_sceIoOpen]: Opening file: app0:/game_data/audio/flick2-R.vag
[15:43:19.656] |E| [open_file]: Missing file at D:/Emulateurs/Vita3K/mc/ux0/app/PCSF00062/game_data/audio/flick2-R.vag (target path: app0:/game_data/audio/flick2-R.vag)
[15:43:19.656] |W| [io_error_impl]: open_file (sceIoOpen) returned 0x80010002
[15:43:19.656] |I| [export_sceIoOpen]: Opening file: app0:/game_data/audio/flick2.vag
[15:43:19.656] |I| [export_sceIoOpen]: Opening file: app0:/game_data/audio/flick3-L.vag
[15:43:19.657] |E| [open_file]: Missing file at D:/Emulateurs/Vita3K/mc/ux0/app/PCSF00062/game_data/audio/flick3-L.vag (target path: app0:/game_data/audio/flick3-L.vag)
[15:43:19.657] |W| [io_error_impl]: open_file (sceIoOpen) returned 0x80010002
[15:43:19.657] |I| [export_sceIoOpen]: Opening file: app0:/game_data/audio/flick3-R.vag
[15:43:19.657] |E| [open_file]: Missing file at D:/Emulateurs/Vita3K/mc/ux0/app/PCSF00062/game_data/audio/flick3-R.vag (target path: app0:/game_data/audio/flick3-R.vag)
[15:43:19.657] |W| [io_error_impl]: open_file (sceIoOpen) returned 0x80010002
[15:43:19.657] |I| [export_sceIoOpen]: Opening file: app0:/game_data/audio/flick3.vag
[15:43:19.658] |I| [export_sceIoOpen]: Opening file: app0:/game_data/audio/flick4-L.vag
[15:43:19.658] |E| [open_file]: Missing file at D:/Emulateurs/Vita3K/mc/ux0/app/PCSF00062/game_data/audio/flick4-L.vag (target path: app0:/game_data/audio/flick4-L.vag)
[15:43:19.658] |W| [io_error_impl]: open_file (sceIoOpen) returned 0x80010002
[15:43:19.658] |I| [export_sceIoOpen]: Opening file: app0:/game_data/audio/flick4-R.vag
[15:43:19.658] |E| [open_file]: Missing file at D:/Emulateurs/Vita3K/mc/ux0/app/PCSF00062/game_data/audio/flick4-R.vag (target path: app0:/game_data/audio/flick4-R.vag)
[15:43:19.658] |W| [io_error_impl]: open_file (sceIoOpen) returned 0x80010002
[15:43:19.658] |I| [export_sceIoOpen]: Opening file: app0:/game_data/audio/flick4.vag
[15:43:19.659] |I| [export_sceIoOpen]: Opening file: app0:/game_data/audio/flick5-L.vag
[15:43:19.659] |E| [open_file]: Missing file at D:/Emulateurs/Vita3K/mc/ux0/app/PCSF00062/game_data/audio/flick5-L.vag (target path: app0:/game_data/audio/flick5-L.vag)
[15:43:19.659] |W| [io_error_impl]: open_file (sceIoOpen) returned 0x80010002
[15:43:19.659] |I| [export_sceIoOpen]: Opening file: app0:/game_data/audio/flick5-R.vag
[15:43:19.659] |E| [open_file]: Missing file at D:/Emulateurs/Vita3K/mc/ux0/app/PCSF00062/game_data/audio/flick5-R.vag (target path: app0:/game_data/audio/flick5-R.vag)
[15:43:19.659] |W| [io_error_impl]: open_file (sceIoOpen) returned 0x80010002
[15:43:19.660] |I| [export_sceIoOpen]: Opening file: app0:/game_data/audio/flick5.vag
[15:43:19.660] |I| [export_sceIoOpen]: Opening file: app0:/game_data/audio/flick6-L.vag
[15:43:19.660] |E| [open_file]: Missing file at D:/Emulateurs/Vita3K/mc/ux0/app/PCSF00062/game_data/audio/flick6-L.vag (target path: app0:/game_data/audio/flick6-L.vag)
[15:43:19.660] |W| [io_error_impl]: open_file (sceIoOpen) returned 0x80010002
[15:43:19.660] |I| [export_sceIoOpen]: Opening file: app0:/game_data/audio/flick6-R.vag
[15:43:19.661] |E| [open_file]: Missing file at D:/Emulateurs/Vita3K/mc/ux0/app/PCSF00062/game_data/audio/flick6-R.vag (target path: app0:/game_data/audio/flick6-R.vag)
[15:43:19.661] |W| [io_error_impl]: open_file (sceIoOpen) returned 0x80010002
[15:43:19.661] |I| [export_sceIoOpen]: Opening file: app0:/game_data/audio/flick6.vag
[15:43:19.661] |I| [export_sceIoOpen]: Opening file: app0:/game_data/audio/ball_kick_1-L.vag
[15:43:19.661] |E| [open_file]: Missing file at D:/Emulateurs/Vita3K/mc/ux0/app/PCSF00062/game_data/audio/ball_kick_1-L.vag (target path: app0:/game_data/audio/ball_kick_1-L.vag)
[15:43:19.662] |W| [io_error_impl]: open_file (sceIoOpen) returned 0x80010002
[15:43:19.662] |I| [export_sceIoOpen]: Opening file: app0:/game_data/audio/ball_kick_1-R.vag
[15:43:19.662] |E| [open_file]: Missing file at D:/Emulateurs/Vita3K/mc/ux0/app/PCSF00062/game_data/audio/ball_kick_1-R.vag (target path: app0:/game_data/audio/ball_kick_1-R.vag)
[15:43:19.662] |W| [io_error_impl]: open_file (sceIoOpen) returned 0x80010002
[15:43:19.662] |I| [export_sceIoOpen]: Opening file: app0:/game_data/audio/ball_kick_1.vag
[15:43:19.663] |I| [export_sceIoOpen]: Opening file: app0:/game_data/audio/ball_kick_2-L.vag
[15:43:19.663] |E| [open_file]: Missing file at D:/Emulateurs/Vita3K/mc/ux0/app/PCSF00062/game_data/audio/ball_kick_2-L.vag (target path: app0:/game_data/audio/ball_kick_2-L.vag)
[15:43:19.663] |W| [io_error_impl]: open_file (sceIoOpen) returned 0x80010002
[15:43:19.663] |I| [export_sceIoOpen]: Opening file: app0:/game_data/audio/ball_kick_2-R.vag
[15:43:19.663] |E| [open_file]: Missing file at D:/Emulateurs/Vita3K/mc/ux0/app/PCSF00062/game_data/audio/ball_kick_2-R.vag (target path: app0:/game_data/audio/ball_kick_2-R.vag)
[15:43:19.663] |W| [io_error_impl]: open_file (sceIoOpen) returned 0x80010002
[15:43:19.663] |I| [export_sceIoOpen]: Opening file: app0:/game_data/audio/ball_kick_2.vag
[15:43:19.664] |I| [export_sceIoOpen]: Opening file: app0:/game_data/audio/ball_kick_3-L.vag
[15:43:19.664] |E| [open_file]: Missing file at D:/Emulateurs/Vita3K/mc/ux0/app/PCSF00062/game_data/audio/ball_kick_3-L.vag (target path: app0:/game_data/audio/ball_kick_3-L.vag)
[15:43:19.664] |W| [io_error_impl]: open_file (sceIoOpen) returned 0x80010002
[15:43:19.664] |I| [export_sceIoOpen]: Opening file: app0:/game_data/audio/ball_kick_3-R.vag
[15:43:19.664] |E| [open_file]: Missing file at D:/Emulateurs/Vita3K/mc/ux0/app/PCSF00062/game_data/audio/ball_kick_3-R.vag (target path: app0:/game_data/audio/ball_kick_3-R.vag)
[15:43:19.664] |W| [io_error_impl]: open_file (sceIoOpen) returned 0x80010002
[15:43:19.664] |I| [export_sceIoOpen]: Opening file: app0:/game_data/audio/ball_kick_3.vag
[15:43:19.665] |I| [export_sceIoOpen]: Opening file: app0:/game_data/audio/ball_kick_4-L.vag
[15:43:19.665] |E| [open_file]: Missing file at D:/Emulateurs/Vita3K/mc/ux0/app/PCSF00062/game_data/audio/ball_kick_4-L.vag (target path: app0:/game_data/audio/ball_kick_4-L.vag)
[15:43:19.665] |W| [io_error_impl]: open_file (sceIoOpen) returned 0x80010002
[15:43:19.665] |I| [export_sceIoOpen]: Opening file: app0:/game_data/audio/ball_kick_4-R.vag
[15:43:19.665] |E| [open_file]: Missing file at D:/Emulateurs/Vita3K/mc/ux0/app/PCSF00062/game_data/audio/ball_kick_4-R.vag (target path: app0:/game_data/audio/ball_kick_4-R.vag)
[15:43:19.665] |W| [io_error_impl]: open_file (sceIoOpen) returned 0x80010002
[15:43:19.666] |I| [export_sceIoOpen]: Opening file: app0:/game_data/audio/ball_kick_4.vag
[15:43:19.666] |I| [export_sceIoOpen]: Opening file: app0:/game_data/audio/ball_shoot1-L.vag
[15:43:19.666] |E| [open_file]: Missing file at D:/Emulateurs/Vita3K/mc/ux0/app/PCSF00062/game_data/audio/ball_shoot1-L.vag (target path: app0:/game_data/audio/ball_shoot1-L.vag)
[15:43:19.667] |W| [io_error_impl]: open_file (sceIoOpen) returned 0x80010002
[15:43:19.670] |I| [export_sceIoOpen]: Opening file: app0:/game_data/audio/ball_shoot1-R.vag
[15:43:19.670] |E| [open_file]: Missing file at D:/Emulateurs/Vita3K/mc/ux0/app/PCSF00062/game_data/audio/ball_shoot1-R.vag (target path: app0:/game_data/audio/ball_shoot1-R.vag)
[15:43:19.671] |W| [io_error_impl]: open_file (sceIoOpen) returned 0x80010002
[15:43:19.671] |I| [export_sceIoOpen]: Opening file: app0:/game_data/audio/ball_shoot1.vag
[15:43:19.672] |I| [export_sceIoOpen]: Opening file: app0:/game_data/audio/ball_shoot2-L.vag
[15:43:19.672] |E| [open_file]: Missing file at D:/Emulateurs/Vita3K/mc/ux0/app/PCSF00062/game_data/audio/ball_shoot2-L.vag (target path: app0:/game_data/audio/ball_shoot2-L.vag)
[15:43:19.672] |W| [io_error_impl]: open_file (sceIoOpen) returned 0x80010002
[15:43:19.672] |I| [export_sceIoOpen]: Opening file: app0:/game_data/audio/ball_shoot2-R.vag
[15:43:19.672] |E| [open_file]: Missing file at D:/Emulateurs/Vita3K/mc/ux0/app/PCSF00062/game_data/audio/ball_shoot2-R.vag (target path: app0:/game_data/audio/ball_shoot2-R.vag)
[15:43:19.672] |W| [io_error_impl]: open_file (sceIoOpen) returned 0x80010002
[15:43:19.672] |I| [export_sceIoOpen]: Opening file: app0:/game_data/audio/ball_shoot2.vag
[15:43:19.673] |I| [export_sceIoOpen]: Opening file: app0:/game_data/audio/ball_shoot3-L.vag
[15:43:19.673] |E| [open_file]: Missing file at D:/Emulateurs/Vita3K/mc/ux0/app/PCSF00062/game_data/audio/ball_shoot3-L.vag (target path: app0:/game_data/audio/ball_shoot3-L.vag)
[15:43:19.673] |W| [io_error_impl]: open_file (sceIoOpen) returned 0x80010002
[15:43:19.673] |I| [export_sceIoOpen]: Opening file: app0:/game_data/audio/ball_shoot3-R.vag
[15:43:19.673] |E| [open_file]: Missing file at D:/Emulateurs/Vita3K/mc/ux0/app/PCSF00062/game_data/audio/ball_shoot3-R.vag (target path: app0:/game_data/audio/ball_shoot3-R.vag)
[15:43:19.674] |W| [io_error_impl]: open_file (sceIoOpen) returned 0x80010002
[15:43:19.674] |I| [export_sceIoOpen]: Opening file: app0:/game_data/audio/ball_shoot3.vag
[15:43:19.678] |I| [export_sceIoOpen]: Opening file: app0:/game_data/audio/ball_hit_post_1-L.vag
[15:43:19.678] |E| [open_file]: Missing file at D:/Emulateurs/Vita3K/mc/ux0/app/PCSF00062/game_data/audio/ball_hit_post_1-L.vag (target path: app0:/game_data/audio/ball_hit_post_1-L.vag)
[15:43:19.678] |W| [io_error_impl]: open_file (sceIoOpen) returned 0x80010002
[15:43:19.678] |I| [export_sceIoOpen]: Opening file: app0:/game_data/audio/ball_hit_post_1-R.vag
[15:43:19.678] |E| [open_file]: Missing file at D:/Emulateurs/Vita3K/mc/ux0/app/PCSF00062/game_data/audio/ball_hit_post_1-R.vag (target path: app0:/game_data/audio/ball_hit_post_1-R.vag)
[15:43:19.678] |W| [io_error_impl]: open_file (sceIoOpen) returned 0x80010002
[15:43:19.678] |I| [export_sceIoOpen]: Opening file: app0:/game_data/audio/ball_hit_post_1.vag
[15:43:19.679] |I| [export_sceIoOpen]: Opening file: app0:/game_data/audio/ball_hit_post_2-L.vag
[15:43:19.680] |E| [open_file]: Missing file at D:/Emulateurs/Vita3K/mc/ux0/app/PCSF00062/game_data/audio/ball_hit_post_2-L.vag (target path: app0:/game_data/audio/ball_hit_post_2-L.vag)
[15:43:19.680] |W| [io_error_impl]: open_file (sceIoOpen) returned 0x80010002
[15:43:19.680] |I| [export_sceIoOpen]: Opening file: app0:/game_data/audio/ball_hit_post_2-R.vag
[15:43:19.680] |E| [open_file]: Missing file at D:/Emulateurs/Vita3K/mc/ux0/app/PCSF00062/game_data/audio/ball_hit_post_2-R.vag (target path: app0:/game_data/audio/ball_hit_post_2-R.vag)
[15:43:19.680] |W| [io_error_impl]: open_file (sceIoOpen) returned 0x80010002
[15:43:19.680] |I| [export_sceIoOpen]: Opening file: app0:/game_data/audio/ball_hit_post_2.vag
[15:43:19.681] |I| [export_sceIoOpen]: Opening file: app0:/game_data/audio/ball_bounce1-L.vag
[15:43:19.681] |E| [open_file]: Missing file at D:/Emulateurs/Vita3K/mc/ux0/app/PCSF00062/game_data/audio/ball_bounce1-L.vag (target path: app0:/game_data/audio/ball_bounce1-L.vag)
[15:43:19.681] |W| [io_error_impl]: open_file (sceIoOpen) returned 0x80010002
[15:43:19.681] |I| [export_sceIoOpen]: Opening file: app0:/game_data/audio/ball_bounce1-R.vag
[15:43:19.681] |E| [open_file]: Missing file at D:/Emulateurs/Vita3K/mc/ux0/app/PCSF00062/game_data/audio/ball_bounce1-R.vag (target path: app0:/game_data/audio/ball_bounce1-R.vag)
[15:43:19.682] |W| [io_error_impl]: open_file (sceIoOpen) returned 0x80010002
[15:43:19.682] |I| [export_sceIoOpen]: Opening file: app0:/game_data/audio/ball_bounce1.vag
[15:43:19.696] |I| [export_sceIoOpen]: Opening file: app0:/game_data/audio/ball_bounce2-L.vag
[15:43:19.696] |E| [open_file]: Missing file at D:/Emulateurs/Vita3K/mc/ux0/app/PCSF00062/game_data/audio/ball_bounce2-L.vag (target path: app0:/game_data/audio/ball_bounce2-L.vag)
[15:43:19.696] |W| [io_error_impl]: open_file (sceIoOpen) returned 0x80010002
[15:43:19.696] |I| [export_sceIoOpen]: Opening file: app0:/game_data/audio/ball_bounce2-R.vag
[15:43:19.696] |E| [open_file]: Missing file at D:/Emulateurs/Vita3K/mc/ux0/app/PCSF00062/game_data/audio/ball_bounce2-R.vag (target path: app0:/game_data/audio/ball_bounce2-R.vag)
[15:43:19.696] |W| [io_error_impl]: open_file (sceIoOpen) returned 0x80010002
[15:43:19.697] |I| [export_sceIoOpen]: Opening file: app0:/game_data/audio/ball_bounce2.vag
[15:43:19.697] |I| [export_sceIoOpen]: Opening file: app0:/game_data/audio/ball_bounce3-L.vag
[15:43:19.698] |E| [open_file]: Missing file at D:/Emulateurs/Vita3K/mc/ux0/app/PCSF00062/game_data/audio/ball_bounce3-L.vag (target path: app0:/game_data/audio/ball_bounce3-L.vag)
[15:43:19.698] |W| [io_error_impl]: open_file (sceIoOpen) returned 0x80010002
[15:43:19.698] |I| [export_sceIoOpen]: Opening file: app0:/game_data/audio/ball_bounce3-R.vag
[15:43:19.698] |E| [open_file]: Missing file at D:/Emulateurs/Vita3K/mc/ux0/app/PCSF00062/game_data/audio/ball_bounce3-R.vag (target path: app0:/game_data/audio/ball_bounce3-R.vag)
[15:43:19.698] |W| [io_error_impl]: open_file (sceIoOpen) returned 0x80010002
[15:43:19.698] |I| [export_sceIoOpen]: Opening file: app0:/game_data/audio/ball_bounce3.vag
[15:43:19.699] |I| [export_sceIoOpen]: Opening file: app0:/game_data/audio/ball_bounce4-L.vag
[15:43:19.701] |E| [open_file]: Missing file at D:/Emulateurs/Vita3K/mc/ux0/app/PCSF00062/game_data/audio/ball_bounce4-L.vag (target path: app0:/game_data/audio/ball_bounce4-L.vag)
[15:43:19.701] |W| [io_error_impl]: open_file (sceIoOpen) returned 0x80010002
[15:43:19.701] |I| [export_sceIoOpen]: Opening file: app0:/game_data/audio/ball_bounce4-R.vag
[15:43:19.702] |E| [open_file]: Missing file at D:/Emulateurs/Vita3K/mc/ux0/app/PCSF00062/game_data/audio/ball_bounce4-R.vag (target path: app0:/game_data/audio/ball_bounce4-R.vag)
[15:43:19.702] |W| [io_error_impl]: open_file (sceIoOpen) returned 0x80010002
[15:43:19.702] |I| [export_sceIoOpen]: Opening file: app0:/game_data/audio/ball_bounce4.vag
[15:43:19.702] |I| [export_sceIoOpen]: Opening file: app0:/game_data/audio/refs_whistle_1-L.vag
[15:43:19.703] |E| [open_file]: Missing file at D:/Emulateurs/Vita3K/mc/ux0/app/PCSF00062/game_data/audio/refs_whistle_1-L.vag (target path: app0:/game_data/audio/refs_whistle_1-L.vag)
[15:43:19.703] |W| [io_error_impl]: open_file (sceIoOpen) returned 0x80010002
[15:43:19.703] |I| [export_sceIoOpen]: Opening file: app0:/game_data/audio/refs_whistle_1-R.vag
[15:43:19.703] |E| [open_file]: Missing file at D:/Emulateurs/Vita3K/mc/ux0/app/PCSF00062/game_data/audio/refs_whistle_1-R.vag (target path: app0:/game_data/audio/refs_whistle_1-R.vag)
[15:43:19.703] |W| [io_error_impl]: open_file (sceIoOpen) returned 0x80010002
[15:43:19.703] |I| [export_sceIoOpen]: Opening file: app0:/game_data/audio/refs_whistle_1.vag
[15:43:19.705] |I| [export_sceIoOpen]: Opening file: app0:/game_data/audio/refs_whistle_6-L.vag
[15:43:19.705] |E| [open_file]: Missing file at D:/Emulateurs/Vita3K/mc/ux0/app/PCSF00062/game_data/audio/refs_whistle_6-L.vag (target path: app0:/game_data/audio/refs_whistle_6-L.vag)
[15:43:19.705] |W| [io_error_impl]: open_file (sceIoOpen) returned 0x80010002
[15:43:19.705] |I| [export_sceIoOpen]: Opening file: app0:/game_data/audio/refs_whistle_6-R.vag
[15:43:19.705] |E| [open_file]: Missing file at D:/Emulateurs/Vita3K/mc/ux0/app/PCSF00062/game_data/audio/refs_whistle_6-R.vag (target path: app0:/game_data/audio/refs_whistle_6-R.vag)
[15:43:19.705] |W| [io_error_impl]: open_file (sceIoOpen) returned 0x80010002
[15:43:19.705] |I| [export_sceIoOpen]: Opening file: app0:/game_data/audio/refs_whistle_6.vag
[15:43:19.707] |I| [export_sceIoOpen]: Opening file: app0:/game_data/audio/refs_whistle_5-L.vag
[15:43:19.707] |E| [open_file]: Missing file at D:/Emulateurs/Vita3K/mc/ux0/app/PCSF00062/game_data/audio/refs_whistle_5-L.vag (target path: app0:/game_data/audio/refs_whistle_5-L.vag)
[15:43:19.707] |W| [io_error_impl]: open_file (sceIoOpen) returned 0x80010002
[15:43:19.707] |I| [export_sceIoOpen]: Opening file: app0:/game_data/audio/refs_whistle_5-R.vag
[15:43:19.707] |E| [open_file]: Missing file at D:/Emulateurs/Vita3K/mc/ux0/app/PCSF00062/game_data/audio/refs_whistle_5-R.vag (target path: app0:/game_data/audio/refs_whistle_5-R.vag)
[15:43:19.707] |W| [io_error_impl]: open_file (sceIoOpen) returned 0x80010002
[15:43:19.707] |I| [export_sceIoOpen]: Opening file: app0:/game_data/audio/refs_whistle_5.vag
[15:43:19.708] |I| [export_sceIoOpen]: Opening file: app0:/game_data/audio/refs_whistle_3-L.vag
[15:43:19.708] |E| [open_file]: Missing file at D:/Emulateurs/Vita3K/mc/ux0/app/PCSF00062/game_data/audio/refs_whistle_3-L.vag (target path: app0:/game_data/audio/refs_whistle_3-L.vag)
[15:43:19.708] |W| [io_error_impl]: open_file (sceIoOpen) returned 0x80010002
[15:43:19.708] |I| [export_sceIoOpen]: Opening file: app0:/game_data/audio/refs_whistle_3-R.vag
[15:43:19.708] |E| [open_file]: Missing file at D:/Emulateurs/Vita3K/mc/ux0/app/PCSF00062/game_data/audio/refs_whistle_3-R.vag (target path: app0:/game_data/audio/refs_whistle_3-R.vag)
[15:43:19.709] |W| [io_error_impl]: open_file (sceIoOpen) returned 0x80010002
[15:43:19.709] |I| [export_sceIoOpen]: Opening file: app0:/game_data/audio/refs_whistle_3.vag
[15:43:19.710] |I| [export_sceIoOpen]: Opening file: app0:/game_data/audio/refs_whistle_3-L.vag
[15:43:19.710] |E| [open_file]: Missing file at D:/Emulateurs/Vita3K/mc/ux0/app/PCSF00062/game_data/audio/refs_whistle_3-L.vag (target path: app0:/game_data/audio/refs_whistle_3-L.vag)
[15:43:19.710] |W| [io_error_impl]: open_file (sceIoOpen) returned 0x80010002
[15:43:19.710] |I| [export_sceIoOpen]: Opening file: app0:/game_data/audio/refs_whistle_3-R.vag
[15:43:19.710] |E| [open_file]: Missing file at D:/Emulateurs/Vita3K/mc/ux0/app/PCSF00062/game_data/audio/refs_whistle_3-R.vag (target path: app0:/game_data/audio/refs_whistle_3-R.vag)
[15:43:19.710] |W| [io_error_impl]: open_file (sceIoOpen) returned 0x80010002
[15:43:19.710] |I| [export_sceIoOpen]: Opening file: app0:/game_data/audio/refs_whistle_3.vag
[15:43:19.711] |I| [export_sceIoOpen]: Opening file: app0:/game_data/audio/refs_whistle_halftime-L.vag
[15:43:19.711] |E| [open_file]: Missing file at D:/Emulateurs/Vita3K/mc/ux0/app/PCSF00062/game_data/audio/refs_whistle_halftime-L.vag (target path: app0:/game_data/audio/refs_whistle_halftime-L.vag)
[15:43:19.711] |W| [io_error_impl]: open_file (sceIoOpen) returned 0x80010002
[15:43:19.711] |I| [export_sceIoOpen]: Opening file: app0:/game_data/audio/refs_whistle_halftime-R.vag
[15:43:19.711] |E| [open_file]: Missing file at D:/Emulateurs/Vita3K/mc/ux0/app/PCSF00062/game_data/audio/refs_whistle_halftime-R.vag (target path: app0:/game_data/audio/refs_whistle_halftime-R.vag)
[15:43:19.711] |W| [io_error_impl]: open_file (sceIoOpen) returned 0x80010002
[15:43:19.711] |I| [export_sceIoOpen]: Opening file: app0:/game_data/audio/refs_whistle_halftime.vag
[15:43:19.713] |I| [export_sceIoOpen]: Opening file: app0:/game_data/audio/refs_whistle_2-L.vag
[15:43:19.713] |E| [open_file]: Missing file at D:/Emulateurs/Vita3K/mc/ux0/app/PCSF00062/game_data/audio/refs_whistle_2-L.vag (target path: app0:/game_data/audio/refs_whistle_2-L.vag)
[15:43:19.713] |W| [io_error_impl]: open_file (sceIoOpen) returned 0x80010002
[15:43:19.713] |I| [export_sceIoOpen]: Opening file: app0:/game_data/audio/refs_whistle_2-R.vag
[15:43:19.713] |E| [open_file]: Missing file at D:/Emulateurs/Vita3K/mc/ux0/app/PCSF00062/game_data/audio/refs_whistle_2-R.vag (target path: app0:/game_data/audio/refs_whistle_2-R.vag)
[15:43:19.713] |W| [io_error_impl]: open_file (sceIoOpen) returned 0x80010002
[15:43:19.713] |I| [export_sceIoOpen]: Opening file: app0:/game_data/audio/refs_whistle_2.vag
[15:43:19.715] |I| [export_sceIoOpen]: Opening file: app0:/game_data/audio/oof1-L.vag
[15:43:19.719] |E| [open_file]: Missing file at D:/Emulateurs/Vita3K/mc/ux0/app/PCSF00062/game_data/audio/oof1-L.vag (target path: app0:/game_data/audio/oof1-L.vag)
[15:43:19.719] |W| [io_error_impl]: open_file (sceIoOpen) returned 0x80010002
[15:43:19.719] |I| [export_sceIoOpen]: Opening file: app0:/game_data/audio/oof1-R.vag
[15:43:19.719] |E| [open_file]: Missing file at D:/Emulateurs/Vita3K/mc/ux0/app/PCSF00062/game_data/audio/oof1-R.vag (target path: app0:/game_data/audio/oof1-R.vag)
[15:43:19.719] |W| [io_error_impl]: open_file (sceIoOpen) returned 0x80010002
[15:43:19.719] |I| [export_sceIoOpen]: Opening file: app0:/game_data/audio/oof1.vag
[15:43:19.720] |I| [export_sceIoOpen]: Opening file: app0:/game_data/audio/oof2-L.vag
[15:43:19.720] |E| [open_file]: Missing file at D:/Emulateurs/Vita3K/mc/ux0/app/PCSF00062/game_data/audio/oof2-L.vag (target path: app0:/game_data/audio/oof2-L.vag)
[15:43:19.721] |W| [io_error_impl]: open_file (sceIoOpen) returned 0x80010002
[15:43:19.721] |I| [export_sceIoOpen]: Opening file: app0:/game_data/audio/oof2-R.vag
[15:43:19.721] |E| [open_file]: Missing file at D:/Emulateurs/Vita3K/mc/ux0/app/PCSF00062/game_data/audio/oof2-R.vag (target path: app0:/game_data/audio/oof2-R.vag)
[15:43:19.721] |W| [io_error_impl]: open_file (sceIoOpen) returned 0x80010002
[15:43:19.721] |I| [export_sceIoOpen]: Opening file: app0:/game_data/audio/oof2.vag
[15:43:19.722] |I| [export_sceIoOpen]: Opening file: app0:/game_data/audio/oof3-L.vag
[15:43:19.722] |E| [open_file]: Missing file at D:/Emulateurs/Vita3K/mc/ux0/app/PCSF00062/game_data/audio/oof3-L.vag (target path: app0:/game_data/audio/oof3-L.vag)
[15:43:19.722] |W| [io_error_impl]: open_file (sceIoOpen) returned 0x80010002
[15:43:19.722] |I| [export_sceIoOpen]: Opening file: app0:/game_data/audio/oof3-R.vag
[15:43:19.722] |E| [open_file]: Missing file at D:/Emulateurs/Vita3K/mc/ux0/app/PCSF00062/game_data/audio/oof3-R.vag (target path: app0:/game_data/audio/oof3-R.vag)
[15:43:19.722] |W| [io_error_impl]: open_file (sceIoOpen) returned 0x80010002
[15:43:19.722] |I| [export_sceIoOpen]: Opening file: app0:/game_data/audio/oof3.vag
[15:43:19.723] |I| [export_sceIoOpen]: Opening file: app0:/game_data/audio/oof4-L.vag
[15:43:19.723] |E| [open_file]: Missing file at D:/Emulateurs/Vita3K/mc/ux0/app/PCSF00062/game_data/audio/oof4-L.vag (target path: app0:/game_data/audio/oof4-L.vag)
[15:43:19.723] |W| [io_error_impl]: open_file (sceIoOpen) returned 0x80010002
[15:43:19.723] |I| [export_sceIoOpen]: Opening file: app0:/game_data/audio/oof4-R.vag
[15:43:19.724] |E| [open_file]: Missing file at D:/Emulateurs/Vita3K/mc/ux0/app/PCSF00062/game_data/audio/oof4-R.vag (target path: app0:/game_data/audio/oof4-R.vag)
[15:43:19.724] |W| [io_error_impl]: open_file (sceIoOpen) returned 0x80010002
[15:43:19.724] |I| [export_sceIoOpen]: Opening file: app0:/game_data/audio/oof4.vag
[15:43:19.725] |I| [export_sceIoOpen]: Opening file: app0:/game_data/audio/oof5-L.vag
[15:43:19.725] |E| [open_file]: Missing file at D:/Emulateurs/Vita3K/mc/ux0/app/PCSF00062/game_data/audio/oof5-L.vag (target path: app0:/game_data/audio/oof5-L.vag)
[15:43:19.725] |W| [io_error_impl]: open_file (sceIoOpen) returned 0x80010002
[15:43:19.725] |I| [export_sceIoOpen]: Opening file: app0:/game_data/audio/oof5-R.vag
[15:43:19.725] |E| [open_file]: Missing file at D:/Emulateurs/Vita3K/mc/ux0/app/PCSF00062/game_data/audio/oof5-R.vag (target path: app0:/game_data/audio/oof5-R.vag)
[15:43:19.725] |W| [io_error_impl]: open_file (sceIoOpen) returned 0x80010002
[15:43:19.725] |I| [export_sceIoOpen]: Opening file: app0:/game_data/audio/oof5.vag
[15:43:19.726] |I| [export_sceIoOpen]: Opening file: app0:/game_data/audio/oof6-L.vag
[15:43:19.726] |E| [open_file]: Missing file at D:/Emulateurs/Vita3K/mc/ux0/app/PCSF00062/game_data/audio/oof6-L.vag (target path: app0:/game_data/audio/oof6-L.vag)
[15:43:19.726] |W| [io_error_impl]: open_file (sceIoOpen) returned 0x80010002
[15:43:19.726] |I| [export_sceIoOpen]: Opening file: app0:/game_data/audio/oof6-R.vag
[15:43:19.726] |E| [open_file]: Missing file at D:/Emulateurs/Vita3K/mc/ux0/app/PCSF00062/game_data/audio/oof6-R.vag (target path: app0:/game_data/audio/oof6-R.vag)
[15:43:19.726] |W| [io_error_impl]: open_file (sceIoOpen) returned 0x80010002
[15:43:19.727] |I| [export_sceIoOpen]: Opening file: app0:/game_data/audio/oof6.vag
[15:43:19.727] |I| [export_sceIoOpen]: Opening file: app0:/game_data/audio/oof7-L.vag
[15:43:19.727] |E| [open_file]: Missing file at D:/Emulateurs/Vita3K/mc/ux0/app/PCSF00062/game_data/audio/oof7-L.vag (target path: app0:/game_data/audio/oof7-L.vag)
[15:43:19.728] |W| [io_error_impl]: open_file (sceIoOpen) returned 0x80010002
[15:43:19.728] |I| [export_sceIoOpen]: Opening file: app0:/game_data/audio/oof7-R.vag
[15:43:19.728] |E| [open_file]: Missing file at D:/Emulateurs/Vita3K/mc/ux0/app/PCSF00062/game_data/audio/oof7-R.vag (target path: app0:/game_data/audio/oof7-R.vag)
[15:43:19.728] |W| [io_error_impl]: open_file (sceIoOpen) returned 0x80010002
[15:43:19.728] |I| [export_sceIoOpen]: Opening file: app0:/game_data/audio/oof7.vag
[15:43:19.729] |I| [export_sceIoOpen]: Opening file: app0:/game_data/audio/oof8-L.vag
[15:43:19.729] |E| [open_file]: Missing file at D:/Emulateurs/Vita3K/mc/ux0/app/PCSF00062/game_data/audio/oof8-L.vag (target path: app0:/game_data/audio/oof8-L.vag)
[15:43:19.729] |W| [io_error_impl]: open_file (sceIoOpen) returned 0x80010002
[15:43:19.729] |I| [export_sceIoOpen]: Opening file: app0:/game_data/audio/oof8-R.vag
[15:43:19.729] |E| [open_file]: Missing file at D:/Emulateurs/Vita3K/mc/ux0/app/PCSF00062/game_data/audio/oof8-R.vag (target path: app0:/game_data/audio/oof8-R.vag)
[15:43:19.729] |W| [io_error_impl]: open_file (sceIoOpen) returned 0x80010002
[15:43:19.729] |I| [export_sceIoOpen]: Opening file: app0:/game_data/audio/oof8.vag
[15:43:19.730] |I| [export_sceIoOpen]: Opening file: app0:/game_data/audio/oof9-L.vag
[15:43:19.730] |E| [open_file]: Missing file at D:/Emulateurs/Vita3K/mc/ux0/app/PCSF00062/game_data/audio/oof9-L.vag (target path: app0:/game_data/audio/oof9-L.vag)
[15:43:19.730] |W| [io_error_impl]: open_file (sceIoOpen) returned 0x80010002
[15:43:19.730] |I| [export_sceIoOpen]: Opening file: app0:/game_data/audio/oof9-R.vag
[15:43:19.731] |E| [open_file]: Missing file at D:/Emulateurs/Vita3K/mc/ux0/app/PCSF00062/game_data/audio/oof9-R.vag (target path: app0:/game_data/audio/oof9-R.vag)
[15:43:19.731] |W| [io_error_impl]: open_file (sceIoOpen) returned 0x80010002
[15:43:19.735] |I| [export_sceIoOpen]: Opening file: app0:/game_data/audio/oof9.vag
[15:43:19.735] |I| [export_sceIoOpen]: Opening file: app0:/game_data/audio/oof10-L.vag
[15:43:19.736] |E| [open_file]: Missing file at D:/Emulateurs/Vita3K/mc/ux0/app/PCSF00062/game_data/audio/oof10-L.vag (target path: app0:/game_data/audio/oof10-L.vag)
[15:43:19.736] |W| [io_error_impl]: open_file (sceIoOpen) returned 0x80010002
[15:43:19.736] |I| [export_sceIoOpen]: Opening file: app0:/game_data/audio/oof10-R.vag
[15:43:19.736] |E| [open_file]: Missing file at D:/Emulateurs/Vita3K/mc/ux0/app/PCSF00062/game_data/audio/oof10-R.vag (target path: app0:/game_data/audio/oof10-R.vag)
[15:43:19.736] |W| [io_error_impl]: open_file (sceIoOpen) returned 0x80010002
[15:43:19.736] |I| [export_sceIoOpen]: Opening file: app0:/game_data/audio/oof10.vag
[15:43:19.737] |I| [export_sceIoOpen]: Opening file: app0:/game_data/audio/firework_explosion-L.vag
[15:43:19.737] |I| [export_sceIoOpen]: Opening file: app0:/game_data/audio/firework_explosion-L.vag
[15:43:19.738] |I| [export_sceIoOpen]: Opening file: app0:/game_data/audio/firework_explosion-R.vag
[15:43:19.738] |I| [export_sceIoOpen]: Opening file: app0:/game_data/audio/firework_explosion2-L.vag
[15:43:19.739] |I| [export_sceIoOpen]: Opening file: app0:/game_data/audio/firework_explosion2-L.vag
[15:43:19.740] |I| [export_sceIoOpen]: Opening file: app0:/game_data/audio/firework_explosion2-R.vag
[15:43:19.741] |I| [export_sceIoOpen]: Opening file: app0:/game_data/audio/firework_explosion3-L.vag
[15:43:19.741] |I| [export_sceIoOpen]: Opening file: app0:/game_data/audio/firework_explosion3-L.vag
[15:43:19.742] |I| [export_sceIoOpen]: Opening file: app0:/game_data/audio/firework_explosion3-R.vag
[15:43:19.742] |I| [export_sceIoOpen]: Opening file: app0:/game_data/audio/firework_explosion4-L.vag
[15:43:19.743] |I| [export_sceIoOpen]: Opening file: app0:/game_data/audio/firework_explosion4-L.vag
[15:43:19.743] |I| [export_sceIoOpen]: Opening file: app0:/game_data/audio/firework_explosion4-R.vag
[15:43:19.744] |I| [export_sceIoOpen]: Opening file: app0:/game_data/audio/firework_particle-L.vag
[15:43:19.745] |I| [export_sceIoOpen]: Opening file: app0:/game_data/audio/firework_particle-L.vag
[15:43:19.745] |I| [export_sceIoOpen]: Opening file: app0:/game_data/audio/firework_particle-R.vag
[15:43:19.746] |I| [export_sceIoOpen]: Opening file: app0:/game_data/audio/firework_particle2-L.vag
[15:43:19.747] |I| [export_sceIoOpen]: Opening file: app0:/game_data/audio/firework_particle2-L.vag
[15:43:19.751] |I| [export_sceIoOpen]: Opening file: app0:/game_data/audio/firework_particle2-R.vag
[15:43:19.752] |I| [export_sceIoOpen]: Opening file: app0:/game_data/audio/firework_particle3-L.vag
[15:43:19.752] |I| [export_sceIoOpen]: Opening file: app0:/game_data/audio/firework_particle3-L.vag
[15:43:19.753] |I| [export_sceIoOpen]: Opening file: app0:/game_data/audio/firework_particle3-R.vag
[15:43:19.754] |I| [export_sceIoOpen]: Opening file: app0:/game_data/audio/firework_particle4-L.vag
[15:43:19.755] |I| [export_sceIoOpen]: Opening file: app0:/game_data/audio/firework_particle4-L.vag
[15:43:19.755] |I| [export_sceIoOpen]: Opening file: app0:/game_data/audio/firework_particle4-R.vag
[15:43:19.756] |I| [export_sceIoOpen]: Opening file: app0:/game_data/audio/vuvu_1-L.vag
[15:43:19.757] |I| [export_sceIoOpen]: Opening file: app0:/game_data/audio/vuvu_1-L.vag
[15:43:19.758] |I| [export_sceIoOpen]: Opening file: app0:/game_data/audio/vuvu_1-R.vag
[15:43:19.759] |I| [export_sceIoOpen]: Opening file: app0:/game_data/audio/vuvu_2-L.vag
[15:43:19.759] |I| [export_sceIoOpen]: Opening file: app0:/game_data/audio/vuvu_2-L.vag
[15:43:19.761] |I| [export_sceIoOpen]: Opening file: app0:/game_data/audio/vuvu_2-R.vag
[15:43:19.771] |I| [export_sceIoOpen]: Opening file: app0:/game_data/audio/vuvu_3-L.vag
[15:43:19.772] |I| [export_sceIoOpen]: Opening file: app0:/game_data/audio/vuvu_3-L.vag
[15:43:19.774] |I| [export_sceIoOpen]: Opening file: app0:/game_data/audio/vuvu_3-R.vag
[15:43:19.776] |I| [export_sceIoOpen]: Opening file: app0:/game_data/audio/vuvu_4-L.vag
[15:43:19.777] |I| [export_sceIoOpen]: Opening file: app0:/game_data/audio/vuvu_4-L.vag
[15:43:19.778] |I| [export_sceIoOpen]: Opening file: app0:/game_data/audio/vuvu_4-R.vag
[15:43:19.779] |I| [export_sceIoOpen]: Opening file: app0:/game_data/audio/vuvu_5-L.vag
[15:43:19.780] |I| [export_sceIoOpen]: Opening file: app0:/game_data/audio/vuvu_5-L.vag
[15:43:19.782] |I| [export_sceIoOpen]: Opening file: app0:/game_data/audio/vuvu_5-R.vag
[15:43:19.783] |I| [export_sceIoOpen]: Opening file: app0:/game_data/audio/chant_vuvu_loop-L.vag
[15:43:19.783] |I| [export_sceIoOpen]: Opening file: app0:/game_data/audio/chant_vuvu_loop-L.vag
[15:43:19.785] |I| [export_sceIoOpen]: Opening file: app0:/game_data/audio/chant_vuvu_loop-R.vag
[15:43:19.787] |I| [export_sceIoOpen]: Opening file: app0:/game_data/audio/menu_select2-L.vag
[15:43:19.788] |I| [export_sceIoOpen]: Opening file: app0:/game_data/audio/menu_select2-L.vag
[15:43:19.788] |I| [export_sceIoOpen]: Opening file: app0:/game_data/audio/menu_select2-R.vag
[15:43:19.789] |I| [export_sceIoOpen]: Opening file: app0:/game_data/audio/menu_back2-L.vag
[15:43:19.789] |I| [export_sceIoOpen]: Opening file: app0:/game_data/audio/menu_back2-L.vag
[15:43:19.790] |I| [export_sceIoOpen]: Opening file: app0:/game_data/audio/menu_back2-R.vag
[15:43:19.791] |I| [export_sceIoOpen]: Opening file: app0:/game_data/audio/ui_click-L.vag
[15:43:19.791] |E| [open_file]: Missing file at D:/Emulateurs/Vita3K/mc/ux0/app/PCSF00062/game_data/audio/ui_click-L.vag (target path: app0:/game_data/audio/ui_click-L.vag)
[15:43:19.791] |W| [io_error_impl]: open_file (sceIoOpen) returned 0x80010002
[15:43:19.791] |I| [export_sceIoOpen]: Opening file: app0:/game_data/audio/ui_click-R.vag
[15:43:19.791] |E| [open_file]: Missing file at D:/Emulateurs/Vita3K/mc/ux0/app/PCSF00062/game_data/audio/ui_click-R.vag (target path: app0:/game_data/audio/ui_click-R.vag)
[15:43:19.791] |W| [io_error_impl]: open_file (sceIoOpen) returned 0x80010002
[15:43:19.792] |I| [export_sceIoOpen]: Opening file: app0:/game_data/audio/ui_click.vag
[15:43:19.792] |I| [export_sceIoOpen]: Opening file: app0:/game_data/audio/purple_forward_3sec-L.vag
[15:43:19.792] |I| [export_sceIoOpen]: Opening file: app0:/game_data/audio/purple_forward_3sec-L.vag
[15:43:19.793] |I| [export_sceIoOpen]: Opening file: app0:/game_data/audio/purple_forward_3sec-R.vag
[15:43:19.795] |I| [export_sceIoOpen]: Opening file: app0:/game_data/audio/menu_slide_up-L.vag
[15:43:19.798] |I| [export_sceIoOpen]: Opening file: app0:/game_data/audio/menu_slide_up-L.vag
[15:43:19.799] |I| [export_sceIoOpen]: Opening file: app0:/game_data/audio/menu_slide_up-R.vag
[15:43:19.800] |I| [export_sceIoOpen]: Opening file: app0:/game_data/audio/menu_slide_down-L.vag
[15:43:19.801] |I| [export_sceIoOpen]: Opening file: app0:/game_data/audio/menu_slide_down-L.vag
[15:43:19.801] |I| [export_sceIoOpen]: Opening file: app0:/game_data/audio/menu_slide_down-R.vag
[15:43:19.802] |I| [export_sceIoOpen]: Opening file: app0:/game_data/audio/achievement_unlocked-L.vag
[15:43:19.803] |I| [export_sceIoOpen]: Opening file: app0:/game_data/audio/achievement_unlocked-L.vag
[15:43:19.816] |I| [export_sceIoOpen]: Opening file: app0:/game_data/audio/achievement_unlocked-R.vag
[15:43:19.829] |I| [export_sceIoOpen]: Opening file: app0:/game_data/audio/win-L.vag
[15:43:19.830] |I| [export_sceIoOpen]: Opening file: app0:/game_data/audio/win-L.vag
[15:43:19.832] |I| [export_sceIoOpen]: Opening file: app0:/game_data/audio/win-R.vag
[15:43:19.834] |I| [export_sceIoOpen]: Opening file: app0:/game_data/audio/goal_and_replay_loop-L.vag
[15:43:19.834] |I| [export_sceIoOpen]: Opening file: app0:/game_data/audio/goal_and_replay_loop-L.vag
[15:43:19.844] |I| [export_sceIoOpen]: Opening file: app0:/game_data/audio/goal_and_replay_loop-R.vag
[15:43:19.848] |I| [export_sceIoOpen]: Opening file: app0:/game_data/audio/music_menu.ogg
[15:43:19.917] |I| [export_sceIoOpen]: Opening file: app0:/game_data/textures/snow.lmg
[15:43:19.930] |I| [export_sceIoOpen]: Opening file: app0:/game_data/textures/snow.lmg
[15:43:19.931] |I| [export_sceIoOpen]: Opening file: app0:/game_data/textures/splash.lmg
[15:43:19.931] |I| [export_sceIoOpen]: Opening file: app0:/game_data/textures/splash.lmg
[15:43:19.933] |I| [export_sceIoOpen]: Opening file: app0:/game_data/textures/shirt.lmg
[15:43:19.952] |I| [export_sceIoOpen]: Opening file: app0:/game_data/textures/ball_marker.lmg
[15:43:19.986] |I| [export_sceIoOpen]: Opening file: app0:/game_data/menu/menuanimation.lsb
[15:43:20.065] |I| [export_sceIoOpen]: Opening file: app0:/game_data/menu_buttons/menubuttons.lsb
[15:43:20.097] |I| [export_sceIoOpen]: Opening file: app0:/game_data/menu/options.lsb
[15:43:20.115] |I| [export_sceIoOpen]: Opening file: app0:/game_data/menu_hub/menuhub.lsb
[15:43:20.140] |I| [export_sceIoOpen]: Opening file: app0:/game_data/models/male_caucasian_midfielder_centre.mdl
[15:43:20.162] |I| [export_sceIoOpen]: Opening file: app0:/male_caucasian_hair.lmg
[15:43:20.163] |E| [open_file]: Missing file at D:/Emulateurs/Vita3K/mc/ux0/app/PCSF00062/male_caucasian_hair.lmg (target path: app0:/male_caucasian_hair.lmg)
[15:43:20.163] |W| [io_error_impl]: open_file (sceIoOpen) returned 0x80010002
[15:43:20.163] |I| [export_sceIoOpen]: Opening file: app0:/male_caucasian_hair.tga
[15:43:20.163] |E| [open_file]: Missing file at D:/Emulateurs/Vita3K/mc/ux0/app/PCSF00062/male_caucasian_hair.tga (target path: app0:/male_caucasian_hair.tga)
[15:43:20.163] |W| [io_error_impl]: open_file (sceIoOpen) returned 0x80010002
[15:43:20.163] |I| [export_sceIoOpen]: Opening file: app0:/male_caucasian_hair.bmp
[15:43:20.163] |E| [open_file]: Missing file at D:/Emulateurs/Vita3K/mc/ux0/app/PCSF00062/male_caucasian_hair.bmp (target path: app0:/male_caucasian_hair.bmp)
[15:43:20.163] |W| [io_error_impl]: open_file (sceIoOpen) returned 0x80010002
[15:43:20.164] |I| [export_sceIoOpen]: Opening file: app0:/male_caucasian_hair.jpg
[15:43:20.164] |E| [open_file]: Missing file at D:/Emulateurs/Vita3K/mc/ux0/app/PCSF00062/male_caucasian_hair.jpg (target path: app0:/male_caucasian_hair.jpg)
[15:43:20.164] |W| [io_error_impl]: open_file (sceIoOpen) returned 0x80010002
[15:43:20.164] |I| [export_sceIoOpen]: Opening file: app0:/male_caucasian_hair.png
[15:43:20.164] |E| [open_file]: Missing file at D:/Emulateurs/Vita3K/mc/ux0/app/PCSF00062/male_caucasian_hair.png (target path: app0:/male_caucasian_hair.png)
[15:43:20.164] |W| [io_error_impl]: open_file (sceIoOpen) returned 0x80010002
[15:43:20.164] |I| [export_sceIoOpen]: Opening file: app0:/male_caucasian_hair
[15:43:20.164] |E| [open_file]: Missing file at D:/Emulateurs/Vita3K/mc/ux0/app/PCSF00062/male_caucasian_hair (target path: app0:/male_caucasian_hair)
[15:43:20.164] |W| [io_error_impl]: open_file (sceIoOpen) returned 0x80010002
[15:43:20.165] |I| [export_sceIoOpen]: Opening file: app0:/game_data/models/male_caucasian_hair.lmg
[15:43:20.165] |I| [export_sceIoOpen]: Opening file: app0:/game_data/models/male_caucasian_hair.lmg
[15:43:20.168] |I| [export_sceIoOpen]: Opening file: app0:/male_england_away.lmg
[15:43:20.168] |E| [open_file]: Missing file at D:/Emulateurs/Vita3K/mc/ux0/app/PCSF00062/male_england_away.lmg (target path: app0:/male_england_away.lmg)
[15:43:20.168] |W| [io_error_impl]: open_file (sceIoOpen) returned 0x80010002
[15:43:20.168] |I| [export_sceIoOpen]: Opening file: app0:/male_england_away.tga
[15:43:20.168] |E| [open_file]: Missing file at D:/Emulateurs/Vita3K/mc/ux0/app/PCSF00062/male_england_away.tga (target path: app0:/male_england_away.tga)
[15:43:20.168] |W| [io_error_impl]: open_file (sceIoOpen) returned 0x80010002
[15:43:20.168] |I| [export_sceIoOpen]: Opening file: app0:/male_england_away.bmp
[15:43:20.168] |E| [open_file]: Missing file at D:/Emulateurs/Vita3K/mc/ux0/app/PCSF00062/male_england_away.bmp (target path: app0:/male_england_away.bmp)
[15:43:20.168] |W| [io_error_impl]: open_file (sceIoOpen) returned 0x80010002
[15:43:20.169] |I| [export_sceIoOpen]: Opening file: app0:/male_england_away.jpg
[15:43:20.169] |E| [open_file]: Missing file at D:/Emulateurs/Vita3K/mc/ux0/app/PCSF00062/male_england_away.jpg (target path: app0:/male_england_away.jpg)
[15:43:20.169] |W| [io_error_impl]: open_file (sceIoOpen) returned 0x80010002
[15:43:20.169] |I| [export_sceIoOpen]: Opening file: app0:/male_england_away.png
[15:43:20.169] |E| [open_file]: Missing file at D:/Emulateurs/Vita3K/mc/ux0/app/PCSF00062/male_england_away.png (target path: app0:/male_england_away.png)
[15:43:20.169] |W| [io_error_impl]: open_file (sceIoOpen) returned 0x80010002
[15:43:20.169] |I| [export_sceIoOpen]: Opening file: app0:/male_england_away
[15:43:20.169] |E| [open_file]: Missing file at D:/Emulateurs/Vita3K/mc/ux0/app/PCSF00062/male_england_away (target path: app0:/male_england_away)
[15:43:20.169] |W| [io_error_impl]: open_file (sceIoOpen) returned 0x80010002
[15:43:20.170] |I| [export_sceIoOpen]: Opening file: app0:/game_data/models/male_england_away.lmg
[15:43:20.170] |I| [export_sceIoOpen]: Opening file: app0:/game_data/models/male_england_away.lmg
[15:43:20.177] |I| [export_sceIoOpen]: Opening file: app0:/game_data/models/male_caucasian_striker_right.mdl
[15:43:20.180] |I| [export_sceIoOpen]: Opening file: app0:/game_data/models/male_caucasian_striker_left.mdl
[15:43:20.183] |I| [export_sceIoOpen]: Opening file: app0:/game_data/models/tutorial_tick.mdl
[15:43:20.216] |I| [export_sceIoOpen]: Opening file: app0:/tick.lmg
[15:43:20.217] |E| [open_file]: Missing file at D:/Emulateurs/Vita3K/mc/ux0/app/PCSF00062/tick.lmg (target path: app0:/tick.lmg)
[15:43:20.217] |W| [io_error_impl]: open_file (sceIoOpen) returned 0x80010002
[15:43:20.217] |I| [export_sceIoOpen]: Opening file: app0:/tick.tga
[15:43:20.217] |E| [open_file]: Missing file at D:/Emulateurs/Vita3K/mc/ux0/app/PCSF00062/tick.tga (target path: app0:/tick.tga)
[15:43:20.217] |W| [io_error_impl]: open_file (sceIoOpen) returned 0x80010002
[15:43:20.217] |I| [export_sceIoOpen]: Opening file: app0:/tick.bmp
[15:43:20.217] |E| [open_file]: Missing file at D:/Emulateurs/Vita3K/mc/ux0/app/PCSF00062/tick.bmp (target path: app0:/tick.bmp)
[15:43:20.217] |W| [io_error_impl]: open_file (sceIoOpen) returned 0x80010002
[15:43:20.218] |I| [export_sceIoOpen]: Opening file: app0:/tick.jpg
[15:43:20.218] |E| [open_file]: Missing file at D:/Emulateurs/Vita3K/mc/ux0/app/PCSF00062/tick.jpg (target path: app0:/tick.jpg)
[15:43:20.218] |W| [io_error_impl]: open_file (sceIoOpen) returned 0x80010002
[15:43:20.218] |I| [export_sceIoOpen]: Opening file: app0:/tick.png
[15:43:20.218] |E| [open_file]: Missing file at D:/Emulateurs/Vita3K/mc/ux0/app/PCSF00062/tick.png (target path: app0:/tick.png)
[15:43:20.218] |W| [io_error_impl]: open_file (sceIoOpen) returned 0x80010002
[15:43:20.218] |I| [export_sceIoOpen]: Opening file: app0:/tick
[15:43:20.218] |E| [open_file]: Missing file at D:/Emulateurs/Vita3K/mc/ux0/app/PCSF00062/tick (target path: app0:/tick)
[15:43:20.218] |W| [io_error_impl]: open_file (sceIoOpen) returned 0x80010002
[15:43:20.218] |I| [export_sceIoOpen]: Opening file: app0:/game_data/models/tick.lmg
[15:43:20.238] |I| [export_sceIoOpen]: Opening file: app0:/game_data/models/tick.lmg
[15:43:20.258] |I| [export_sceIoOpen]: Opening file: app0:/game_data/models/tutorial_tick_orange.mdl
[15:43:20.259] |I| [export_sceIoOpen]: Opening file: app0:/tick_orange.lmg
[15:43:20.259] |E| [open_file]: Missing file at D:/Emulateurs/Vita3K/mc/ux0/app/PCSF00062/tick_orange.lmg (target path: app0:/tick_orange.lmg)
[15:43:20.259] |W| [io_error_impl]: open_file (sceIoOpen) returned 0x80010002
[15:43:20.259] |I| [export_sceIoOpen]: Opening file: app0:/tick_orange.tga
[15:43:20.259] |E| [open_file]: Missing file at D:/Emulateurs/Vita3K/mc/ux0/app/PCSF00062/tick_orange.tga (target path: app0:/tick_orange.tga)
[15:43:20.259] |W| [io_error_impl]: open_file (sceIoOpen) returned 0x80010002
[15:43:20.259] |I| [export_sceIoOpen]: Opening file: app0:/tick_orange.bmp
[15:43:20.259] |E| [open_file]: Missing file at D:/Emulateurs/Vita3K/mc/ux0/app/PCSF00062/tick_orange.bmp (target path: app0:/tick_orange.bmp)
[15:43:20.259] |W| [io_error_impl]: open_file (sceIoOpen) returned 0x80010002
[15:43:20.260] |I| [export_sceIoOpen]: Opening file: app0:/tick_orange.jpg
[15:43:20.260] |E| [open_file]: Missing file at D:/Emulateurs/Vita3K/mc/ux0/app/PCSF00062/tick_orange.jpg (target path: app0:/tick_orange.jpg)
[15:43:20.260] |W| [io_error_impl]: open_file (sceIoOpen) returned 0x80010002
[15:43:20.260] |I| [export_sceIoOpen]: Opening file: app0:/tick_orange.png
[15:43:20.260] |E| [open_file]: Missing file at D:/Emulateurs/Vita3K/mc/ux0/app/PCSF00062/tick_orange.png (target path: app0:/tick_orange.png)
[15:43:20.260] |W| [io_error_impl]: open_file (sceIoOpen) returned 0x80010002
[15:43:20.260] |I| [export_sceIoOpen]: Opening file: app0:/tick_orange
[15:43:20.260] |E| [open_file]: Missing file at D:/Emulateurs/Vita3K/mc/ux0/app/PCSF00062/tick_orange (target path: app0:/tick_orange)
[15:43:20.260] |W| [io_error_impl]: open_file (sceIoOpen) returned 0x80010002
[15:43:20.261] |I| [export_sceIoOpen]: Opening file: app0:/game_data/models/tick_orange.lmg
[15:43:20.261] |I| [export_sceIoOpen]: Opening file: app0:/game_data/models/tick_orange.lmg
[15:43:20.262] |I| [export_sceIoOpen]: Opening file: app0:/game_data/models/tutorial_cross.mdl
[15:43:20.262] |I| [export_sceIoOpen]: Opening file: app0:/cross.lmg
[15:43:20.263] |E| [open_file]: Missing file at D:/Emulateurs/Vita3K/mc/ux0/app/PCSF00062/cross.lmg (target path: app0:/cross.lmg)
[15:43:20.263] |W| [io_error_impl]: open_file (sceIoOpen) returned 0x80010002
[15:43:20.263] |I| [export_sceIoOpen]: Opening file: app0:/cross.tga
[15:43:20.263] |E| [open_file]: Missing file at D:/Emulateurs/Vita3K/mc/ux0/app/PCSF00062/cross.tga (target path: app0:/cross.tga)
[15:43:20.263] |W| [io_error_impl]: open_file (sceIoOpen) returned 0x80010002
[15:43:20.263] |I| [export_sceIoOpen]: Opening file: app0:/cross.bmp
[15:43:20.263] |E| [open_file]: Missing file at D:/Emulateurs/Vita3K/mc/ux0/app/PCSF00062/cross.bmp (target path: app0:/cross.bmp)
[15:43:20.263] |W| [io_error_impl]: open_file (sceIoOpen) returned 0x80010002
[15:43:20.264] |I| [export_sceIoOpen]: Opening file: app0:/cross.jpg
[15:43:20.264] |E| [open_file]: Missing file at D:/Emulateurs/Vita3K/mc/ux0/app/PCSF00062/cross.jpg (target path: app0:/cross.jpg)
[15:43:20.264] |W| [io_error_impl]: open_file (sceIoOpen) returned 0x80010002
[15:43:20.264] |I| [export_sceIoOpen]: Opening file: app0:/cross.png
[15:43:20.264] |E| [open_file]: Missing file at D:/Emulateurs/Vita3K/mc/ux0/app/PCSF00062/cross.png (target path: app0:/cross.png)
[15:43:20.264] |W| [io_error_impl]: open_file (sceIoOpen) returned 0x80010002
[15:43:20.264] |I| [export_sceIoOpen]: Opening file: app0:/cross
[15:43:20.264] |E| [open_file]: Missing file at D:/Emulateurs/Vita3K/mc/ux0/app/PCSF00062/cross (target path: app0:/cross)
[15:43:20.264] |W| [io_error_impl]: open_file (sceIoOpen) returned 0x80010002
[15:43:20.265] |I| [export_sceIoOpen]: Opening file: app0:/game_data/models/cross.lmg
[15:43:20.265] |I| [export_sceIoOpen]: Opening file: app0:/game_data/models/cross.lmg
[15:43:20.269] |I| [export_sceIoOpen]: Opening file: app0:/game_data/models/arrow_down.mdl
[15:43:20.270] |I| [export_sceIoOpen]: Opening file: app0:/arrow.lmg
[15:43:20.270] |E| [open_file]: Missing file at D:/Emulateurs/Vita3K/mc/ux0/app/PCSF00062/arrow.lmg (target path: app0:/arrow.lmg)
[15:43:20.274] |W| [io_error_impl]: open_file (sceIoOpen) returned 0x80010002
[15:43:20.274] |I| [export_sceIoOpen]: Opening file: app0:/arrow.tga
[15:43:20.274] |E| [open_file]: Missing file at D:/Emulateurs/Vita3K/mc/ux0/app/PCSF00062/arrow.tga (target path: app0:/arrow.tga)
[15:43:20.274] |W| [io_error_impl]: open_file (sceIoOpen) returned 0x80010002
[15:43:20.275] |I| [export_sceIoOpen]: Opening file: app0:/arrow.bmp
[15:43:20.275] |E| [open_file]: Missing file at D:/Emulateurs/Vita3K/mc/ux0/app/PCSF00062/arrow.bmp (target path: app0:/arrow.bmp)
[15:43:20.275] |W| [io_error_impl]: open_file (sceIoOpen) returned 0x80010002
[15:43:20.275] |I| [export_sceIoOpen]: Opening file: app0:/arrow.jpg
[15:43:20.275] |E| [open_file]: Missing file at D:/Emulateurs/Vita3K/mc/ux0/app/PCSF00062/arrow.jpg (target path: app0:/arrow.jpg)
[15:43:20.275] |W| [io_error_impl]: open_file (sceIoOpen) returned 0x80010002
[15:43:20.275] |I| [export_sceIoOpen]: Opening file: app0:/arrow.png
[15:43:20.275] |E| [open_file]: Missing file at D:/Emulateurs/Vita3K/mc/ux0/app/PCSF00062/arrow.png (target path: app0:/arrow.png)
[15:43:20.276] |W| [io_error_impl]: open_file (sceIoOpen) returned 0x80010002
[15:43:20.276] |I| [export_sceIoOpen]: Opening file: app0:/arrow
[15:43:20.276] |E| [open_file]: Missing file at D:/Emulateurs/Vita3K/mc/ux0/app/PCSF00062/arrow (target path: app0:/arrow)
[15:43:20.276] |W| [io_error_impl]: open_file (sceIoOpen) returned 0x80010002
[15:43:20.276] |I| [export_sceIoOpen]: Opening file: app0:/game_data/models/arrow.lmg
[15:43:20.277] |I| [export_sceIoOpen]: Opening file: app0:/game_data/models/arrow.lmg
[15:43:20.278] |I| [export_sceIoOpen]: Opening file: app0:/game_data/models/pitch.mdl
[15:43:20.286] |I| [export_sceIoOpen]: Opening file: app0:/pitch_diffuse.lmg
[15:43:20.291] |E| [open_file]: Missing file at D:/Emulateurs/Vita3K/mc/ux0/app/PCSF00062/pitch_diffuse.lmg (target path: app0:/pitch_diffuse.lmg)
[15:43:20.291] |W| [io_error_impl]: open_file (sceIoOpen) returned 0x80010002
[15:43:20.291] |I| [export_sceIoOpen]: Opening file: app0:/pitch_diffuse.tga
[15:43:20.291] |E| [open_file]: Missing file at D:/Emulateurs/Vita3K/mc/ux0/app/PCSF00062/pitch_diffuse.tga (target path: app0:/pitch_diffuse.tga)
[15:43:20.291] |W| [io_error_impl]: open_file (sceIoOpen) returned 0x80010002
[15:43:20.292] |I| [export_sceIoOpen]: Opening file: app0:/pitch_diffuse.bmp
[15:43:20.292] |E| [open_file]: Missing file at D:/Emulateurs/Vita3K/mc/ux0/app/PCSF00062/pitch_diffuse.bmp (target path: app0:/pitch_diffuse.bmp)
[15:43:20.292] |W| [io_error_impl]: open_file (sceIoOpen) returned 0x80010002
[15:43:20.292] |I| [export_sceIoOpen]: Opening file: app0:/pitch_diffuse.jpg
[15:43:20.292] |E| [open_file]: Missing file at D:/Emulateurs/Vita3K/mc/ux0/app/PCSF00062/pitch_diffuse.jpg (target path: app0:/pitch_diffuse.jpg)
[15:43:20.292] |W| [io_error_impl]: open_file (sceIoOpen) returned 0x80010002
[15:43:20.292] |I| [export_sceIoOpen]: Opening file: app0:/pitch_diffuse.png
[15:43:20.293] |E| [open_file]: Missing file at D:/Emulateurs/Vita3K/mc/ux0/app/PCSF00062/pitch_diffuse.png (target path: app0:/pitch_diffuse.png)
[15:43:20.293] |W| [io_error_impl]: open_file (sceIoOpen) returned 0x80010002
[15:43:20.293] |I| [export_sceIoOpen]: Opening file: app0:/pitch_diffuse
[15:43:20.293] |E| [open_file]: Missing file at D:/Emulateurs/Vita3K/mc/ux0/app/PCSF00062/pitch_diffuse (target path: app0:/pitch_diffuse)
[15:43:20.293] |W| [io_error_impl]: open_file (sceIoOpen) returned 0x80010002
[15:43:20.293] |I| [export_sceIoOpen]: Opening file: app0:/game_data/models/pitch_diffuse.lmg
[15:43:20.294] |I| [export_sceIoOpen]: Opening file: app0:/game_data/models/pitch_diffuse.lmg
[15:43:20.296] |I| [export_sceIoOpen]: Opening file: app0:/net.lmg
[15:43:20.296] |E| [open_file]: Missing file at D:/Emulateurs/Vita3K/mc/ux0/app/PCSF00062/net.lmg (target path: app0:/net.lmg)
[15:43:20.296] |W| [io_error_impl]: open_file (sceIoOpen) returned 0x80010002
[15:43:20.296] |I| [export_sceIoOpen]: Opening file: app0:/net.tga
[15:43:20.296] |E| [open_file]: Missing file at D:/Emulateurs/Vita3K/mc/ux0/app/PCSF00062/net.tga (target path: app0:/net.tga)
[15:43:20.296] |W| [io_error_impl]: open_file (sceIoOpen) returned 0x80010002
[15:43:20.297] |I| [export_sceIoOpen]: Opening file: app0:/net.bmp
[15:43:20.297] |E| [open_file]: Missing file at D:/Emulateurs/Vita3K/mc/ux0/app/PCSF00062/net.bmp (target path: app0:/net.bmp)
[15:43:20.297] |W| [io_error_impl]: open_file (sceIoOpen) returned 0x80010002
[15:43:20.297] |I| [export_sceIoOpen]: Opening file: app0:/net.jpg
[15:43:20.298] |E| [open_file]: Missing file at D:/Emulateurs/Vita3K/mc/ux0/app/PCSF00062/net.jpg (target path: app0:/net.jpg)
[15:43:20.298] |W| [io_error_impl]: open_file (sceIoOpen) returned 0x80010002
[15:43:20.298] |I| [export_sceIoOpen]: Opening file: app0:/net.png
[15:43:20.298] |E| [open_file]: Missing file at D:/Emulateurs/Vita3K/mc/ux0/app/PCSF00062/net.png (target path: app0:/net.png)
[15:43:20.298] |W| [io_error_impl]: open_file (sceIoOpen) returned 0x80010002
[15:43:20.298] |I| [export_sceIoOpen]: Opening file: app0:/net
[15:43:20.299] |E| [open_file]: Missing file at D:/Emulateurs/Vita3K/mc/ux0/app/PCSF00062/net (target path: app0:/net)
[15:43:20.299] |W| [io_error_impl]: open_file (sceIoOpen) returned 0x80010002
[15:43:20.299] |I| [export_sceIoOpen]: Opening file: app0:/game_data/models/net.lmg
[15:43:20.300] |I| [export_sceIoOpen]: Opening file: app0:/game_data/models/net.lmg
[15:43:20.302] |I| [export_sceIoOpen]: Opening file: app0:/male_croatia_home.lmg
[15:43:20.305] |E| [open_file]: Missing file at D:/Emulateurs/Vita3K/mc/ux0/app/PCSF00062/male_croatia_home.lmg (target path: app0:/male_croatia_home.lmg)
[15:43:20.305] |W| [io_error_impl]: open_file (sceIoOpen) returned 0x80010002
[15:43:20.305] |I| [export_sceIoOpen]: Opening file: app0:/male_croatia_home.tga
[15:43:20.305] |E| [open_file]: Missing file at D:/Emulateurs/Vita3K/mc/ux0/app/PCSF00062/male_croatia_home.tga (target path: app0:/male_croatia_home.tga)
[15:43:20.306] |W| [io_error_impl]: open_file (sceIoOpen) returned 0x80010002
[15:43:20.306] |I| [export_sceIoOpen]: Opening file: app0:/male_croatia_home.bmp
[15:43:20.306] |E| [open_file]: Missing file at D:/Emulateurs/Vita3K/mc/ux0/app/PCSF00062/male_croatia_home.bmp (target path: app0:/male_croatia_home.bmp)
[15:43:20.306] |W| [io_error_impl]: open_file (sceIoOpen) returned 0x80010002
[15:43:20.306] |I| [export_sceIoOpen]: Opening file: app0:/male_croatia_home.jpg
[15:43:20.306] |E| [open_file]: Missing file at D:/Emulateurs/Vita3K/mc/ux0/app/PCSF00062/male_croatia_home.jpg (target path: app0:/male_croatia_home.jpg)
[15:43:20.306] |W| [io_error_impl]: open_file (sceIoOpen) returned 0x80010002
[15:43:20.306] |I| [export_sceIoOpen]: Opening file: app0:/male_croatia_home.png
[15:43:20.306] |E| [open_file]: Missing file at D:/Emulateurs/Vita3K/mc/ux0/app/PCSF00062/male_croatia_home.png (target path: app0:/male_croatia_home.png)
[15:43:20.307] |W| [io_error_impl]: open_file (sceIoOpen) returned 0x80010002
[15:43:20.307] |I| [export_sceIoOpen]: Opening file: app0:/male_croatia_home
[15:43:20.307] |E| [open_file]: Missing file at D:/Emulateurs/Vita3K/mc/ux0/app/PCSF00062/male_croatia_home (target path: app0:/male_croatia_home)
[15:43:20.307] |W| [io_error_impl]: open_file (sceIoOpen) returned 0x80010002
[15:43:20.307] |I| [export_sceIoOpen]: Opening file: app0:/game_data/models/male_croatia_home.lmg
[15:43:20.308] |I| [export_sceIoOpen]: Opening file: app0:/game_data/models/male_croatia_home.lmg
[15:43:20.311] |I| [export_sceIoOpen]: Opening file: app0:/male_egypt_away.lmg
[15:43:20.311] |E| [open_file]: Missing file at D:/Emulateurs/Vita3K/mc/ux0/app/PCSF00062/male_egypt_away.lmg (target path: app0:/male_egypt_away.lmg)
[15:43:20.311] |W| [io_error_impl]: open_file (sceIoOpen) returned 0x80010002
[15:43:20.311] |I| [export_sceIoOpen]: Opening file: app0:/male_egypt_away.tga
[15:43:20.311] |E| [open_file]: Missing file at D:/Emulateurs/Vita3K/mc/ux0/app/PCSF00062/male_egypt_away.tga (target path: app0:/male_egypt_away.tga)
[15:43:20.311] |W| [io_error_impl]: open_file (sceIoOpen) returned 0x80010002
[15:43:20.311] |I| [export_sceIoOpen]: Opening file: app0:/male_egypt_away.bmp
[15:43:20.312] |E| [open_file]: Missing file at D:/Emulateurs/Vita3K/mc/ux0/app/PCSF00062/male_egypt_away.bmp (target path: app0:/male_egypt_away.bmp)
[15:43:20.312] |W| [io_error_impl]: open_file (sceIoOpen) returned 0x80010002
[15:43:20.312] |I| [export_sceIoOpen]: Opening file: app0:/male_egypt_away.jpg
[15:43:20.312] |E| [open_file]: Missing file at D:/Emulateurs/Vita3K/mc/ux0/app/PCSF00062/male_egypt_away.jpg (target path: app0:/male_egypt_away.jpg)
[15:43:20.312] |W| [io_error_impl]: open_file (sceIoOpen) returned 0x80010002
[15:43:20.312] |I| [export_sceIoOpen]: Opening file: app0:/male_egypt_away.png
[15:43:20.312] |E| [open_file]: Missing file at D:/Emulateurs/Vita3K/mc/ux0/app/PCSF00062/male_egypt_away.png (target path: app0:/male_egypt_away.png)
[15:43:20.312] |W| [io_error_impl]: open_file (sceIoOpen) returned 0x80010002
[15:43:20.313] |I| [export_sceIoOpen]: Opening file: app0:/male_egypt_away
[15:43:20.313] |E| [open_file]: Missing file at D:/Emulateurs/Vita3K/mc/ux0/app/PCSF00062/male_egypt_away (target path: app0:/male_egypt_away)
[15:43:20.313] |W| [io_error_impl]: open_file (sceIoOpen) returned 0x80010002
[15:43:20.313] |I| [export_sceIoOpen]: Opening file: app0:/game_data/models/male_egypt_away.lmg
[15:43:20.314] |I| [export_sceIoOpen]: Opening file: app0:/game_data/models/male_egypt_away.lmg
[15:43:20.343] |I| [float_to_half_init]: AVX+F16C instruction set is supported. Using fa