[06:34:54.753] |I| [load_app_impl]: cpu-backend: Dynarmic
[06:34:54.754] |I| [load_app_impl]: CPU Optimisation state: true
[06:34:54.754] |I| [load_app_impl]: at9 audio decoder state: true
[06:34:54.754] |I| [load_app_impl]: ngs experimental state: true
[06:34:54.754] |I| [load_app_impl]: video player state: true
[06:34:54.754] |I| [load_app_impl]: lle-modules: libSceJson,liblocation,libSceXml,libpgf,libvoice,librudp,libSceSqlite,libvoiceqos,libsas
[06:34:54.754] |I| [load_app_impl]: Title: The Art of Killzone™ Mercenary
[06:34:54.754] |I| [load_app_impl]: Serial: PCSF00434
[06:34:54.754] |I| [load_app_impl]: Version: 1.00
[06:34:54.755] |I| [load_app_impl]: Category: gd
[06:34:54.836] |C| [load_self]: Unknown segment type 0x6FFFFF01
[06:34:54.837] |I| [load_self]: Loaded module segment 0 @ [0x00007000 - 0x00054A2C / 0x81000000] (size: 0x0004DA2C) of module ux0:app\PCSF00434\sce_module\libc.suprx
[06:34:54.837] |I| [load_self]: Loaded module segment 1 @ [0x00055000 - 0x000576F8 / 0x8104E000] (size: 0x000026F8) of module ux0:app\PCSF00434\sce_module\libc.suprx
[06:34:54.837] |I| [load_self]: Loading symbols for SELF: ux0:app\PCSF00434\sce_module\libc.suprx
[06:34:54.838] |D| [load_var_exports]: 	NID 0x6C2224BA (NID_MODULE_INFO) at 0x40798
[06:34:54.838] |D| [load_var_exports]: 	NID 0x936C8A78 (SYSLYB) at 0x4A7D4
[06:34:54.838] |W| [load_var_imports]: 	NID NOT FOUND 0x93B8AA67 (UNRECOGNISED) at 0x44758, setting to stub value 0xDEADBEEF
[06:34:54.838] |W| [load_var_imports]: 	NID NOT FOUND 0xDF084DFA (UNRECOGNISED) at 0x4621C, setting to stub value 0xDEADBEEF
[06:34:54.838] |I| [pre_load_module]: Pre-load module SceLibc (at "app\PCSF00434\sce_module\libc.suprx") loaded
[06:34:54.860] |C| [load_self]: Unknown segment type 0x6FFFFF01
[06:34:54.860] |I| [load_self]: Loaded module segment 0 @ [0x0005A000 - 0x00070D60 / 0x81000000] (size: 0x00016D60) of module ux0:app\PCSF00434\sce_module\libface.suprx
[06:34:54.860] |I| [load_self]: Loaded module segment 1 @ [0x00071000 - 0x000710F8 / 0x81017000] (size: 0x000000F8) of module ux0:app\PCSF00434\sce_module\libface.suprx
[06:34:54.861] |I| [load_self]: Loading symbols for SELF: ux0:app\PCSF00434\sce_module\libface.suprx
[06:34:54.861] |D| [load_var_exports]: 	NID 0x6C2224BA (NID_MODULE_INFO) at 0x6DDA8
[06:34:54.861] |I| [pre_load_module]: Pre-load module SceFace (at "app\PCSF00434\sce_module\libface.suprx") loaded
[06:34:54.881] |C| [load_self]: Unknown segment type 0x6FFFFF01
[06:34:54.881] |I| [load_self]: Loaded module segment 0 @ [0x00072000 - 0x0009A928 / 0x81000000] (size: 0x00028928) of module ux0:app\PCSF00434\sce_module\libfios2.suprx
[06:34:54.881] |I| [load_self]: Loaded module segment 1 @ [0x0009B000 - 0x000A01FD / 0x81029000] (size: 0x000051FD) of module ux0:app\PCSF00434\sce_module\libfios2.suprx
[06:34:54.881] |I| [load_self]: Loading symbols for SELF: ux0:app\PCSF00434\sce_module\libfios2.suprx
[06:34:54.881] |D| [load_var_exports]: 	NID 0x6C2224BA (NID_MODULE_INFO) at 0x926A8
[06:34:54.881] |D| [load_var_exports]: 	NID 0x936C8A78 (SYSLYB) at 0x9A810
[06:34:54.881] |I| [pre_load_module]: Pre-load module SceLibFios2 (at "app\PCSF00434\sce_module\libfios2.suprx") loaded
[06:34:54.930] |C| [load_self]: Unknown segment type 0x6FFFFF01
[06:34:54.930] |I| [load_self]: Loaded module segment 0 @ [0x000A1000 - 0x00299034 / 0x81000000] (size: 0x001F8034) of module ux0:app\PCSF00434\sce_module\libsmart.suprx
[06:34:54.931] |I| [load_self]: Loaded module segment 1 @ [0x0029A000 - 0x0029D728 / 0x811F9000] (size: 0x00003728) of module ux0:app\PCSF00434\sce_module\libsmart.suprx
[06:34:54.931] |I| [load_self]: Loading symbols for SELF: ux0:app\PCSF00434\sce_module\libsmart.suprx
[06:34:54.931] |D| [load_var_exports]: 	NID 0x6C2224BA (NID_MODULE_INFO) at 0x13A2E8
[06:34:54.931] |I| [pre_load_module]: Pre-load module SceSmart (at "app\PCSF00434\sce_module\libsmart.suprx") loaded
[06:34:54.960] |C| [load_self]: Unknown segment type 0x6FFFFF01
[06:34:54.960] |I| [load_self]: Loaded module segment 0 @ [0x0029E000 - 0x002B2744 / 0x81000000] (size: 0x00014744) of module ux0:app\PCSF00434\sce_module\libult.suprx
[06:34:54.960] |I| [load_self]: Loaded module segment 1 @ [0x002B3000 - 0x002B3814 / 0x81015000] (size: 0x00000814) of module ux0:app\PCSF00434\sce_module\libult.suprx
[06:34:54.960] |I| [load_self]: Loading symbols for SELF: ux0:app\PCSF00434\sce_module\libult.suprx
[06:34:54.961] |D| [load_var_exports]: 	NID 0x6C2224BA (NID_MODULE_INFO) at 0x2AE658
[06:34:54.961] |D| [load_var_exports]: 	NID 0x936C8A78 (SYSLYB) at 0x2B10A0
[06:34:54.961] |I| [pre_load_module]: Pre-load module SceUlt (at "app\PCSF00434\sce_module\libult.suprx") loaded
[06:34:54.967] |I| [load_self]: Loaded module segment 0 @ [0x002B4000 - 0x00304F04 / 0x81000000] (size: 0x00050F04) of module vs0:sys/external/libSceFt2.suprx
[06:34:54.967] |I| [load_self]: Loaded module segment 1 @ [0x00305000 - 0x003052F4 / 0x81051000] (size: 0x000002F4) of module vs0:sys/external/libSceFt2.suprx
[06:34:54.967] |I| [load_self]: Loading symbols for SELF: vs0:sys/external/libSceFt2.suprx
[06:34:54.968] |D| [load_var_exports]: 	NID 0x936C8A78 (SYSLYB) at 0x2F07DC
[06:34:54.968] |D| [load_var_exports]: 	NID 0x6C2224BA (NID_MODULE_INFO) at 0x2EFF10
[06:34:54.968] |I| [pre_load_module]: Pre-load module SceLibft2 (at "sys/external/libSceFt2.suprx") loaded
[06:34:54.970] |I| [load_self]: Loaded module segment 0 @ [0x00306000 - 0x00315F14 / 0x81000000] (size: 0x0000FF14) of module vs0:sys/external/libpvf.suprx
[06:34:54.971] |I| [load_self]: Loaded module segment 1 @ [0x00316000 - 0x00316008 / 0x81010000] (size: 0x00000008) of module vs0:sys/external/libpvf.suprx
[06:34:54.971] |I| [load_self]: Loading symbols for SELF: vs0:sys/external/libpvf.suprx
[06:34:54.971] |D| [load_var_exports]: 	NID 0x936C8A78 (SYSLYB) at 0x314710
[06:34:54.971] |D| [load_var_exports]: 	NID 0x6C2224BA (NID_MODULE_INFO) at 0x314300
[06:34:54.971] |I| [pre_load_module]: Pre-load module SceLibPvf (at "sys/external/libpvf.suprx") loaded
[06:34:54.981] |C| [load_self]: Unknown segment type 0x6FFFFF01
[06:34:54.981] |I| [load_self]: Loaded module segment 0 @ [0x81000000 - 0x810159D4 / 0x81000000] (size: 0x000159D4) of module app0:eboot.bin
[06:34:54.981] |I| [load_self]: Loaded module segment 1 @ [0x81016000 - 0x81016C64 / 0x81016000] (size: 0x00000C64) of module app0:eboot.bin
[06:34:54.981] |I| [load_self]: Loading symbols for SELF: app0:eboot.bin
[06:34:54.981] |D| [load_var_exports]: 	NID 0x6C2224BA (NID_MODULE_INFO) at 0x8100FB8C
[06:34:54.981] |D| [load_var_exports]: 	NID 0x70FBA1E7 (SCE_PROC_PARAMS) at 0x8101695C
[06:34:54.981] |I| [load_app_impl]: Main executable KZVArtBook_Release (eboot.bin) loaded
[06:34:54.989] |D| [run_app]: Running module_start of library: SceLibc at address 0x7809
[06:34:55.014] |I| [run_app]: Module SceLibc (at "ux0:app\PCSF00434\sce_module\libc.suprx") module_start returned 0x0
[06:34:55.018] |D| [run_app]: Running module_start of library: SceFace at address 0x6D335
[06:34:55.026] |I| [run_app]: Module SceFace (at "ux0:app\PCSF00434\sce_module\libface.suprx") module_start returned 0x0
[06:34:55.030] |D| [run_app]: Running module_start of library: SceLibFios2 at address 0x72001
[06:34:55.038] |W| [stubbed_impl]: Stubbed sceKernelGetProcessId import called. (pid: 0)
[06:34:55.038] |D| [export_sceFiosOverlayGetList02]: maxIDs: 255
[06:34:55.038] |W| [unimplemented_impl]: Unimplemented sceFiosOverlayGetList02 import called.
[06:34:55.038] |I| [run_app]: Module SceLibFios2 (at "ux0:app\PCSF00434\sce_module\libfios2.suprx") module_start returned 0x0
[06:34:55.042] |D| [run_app]: Running module_start of library: SceSmart at address 0xA792D
[06:34:55.057] |I| [run_app]: Module SceSmart (at "ux0:app\PCSF00434\sce_module\libsmart.suprx") module_start returned 0x0
[06:34:55.062] |D| [run_app]: Running module_start of library: SceUlt at address 0x2A15ED
[06:34:55.069] |W| [unimplemented_impl]: Unimplemented _sceUlobjMgrRegisterLibultProtocolRevision import called.
[06:34:55.070] |I| [run_app]: Module SceUlt (at "ux0:app\PCSF00434\sce_module\libult.suprx") module_start returned 0x0
[06:34:55.127] |W| [stubbed_impl]: Stubbed sceGxmMapMemory import called. (always return success)
[06:34:55.128] |W| [stubbed_impl]: Stubbed sceGxmMapVertexUsseMemory import called. (always return success)
[06:34:55.129] |W| [stubbed_impl]: Stubbed sceGxmMapFragmentUsseMemory import called. (always return success)
[06:34:55.225] |W| [unimplemented_impl]: Unimplemented sceSystemGestureInitializePrimitiveTouchRecognizer import called.
[06:34:55.226] |W| [unimplemented_impl]: Unimplemented sceSystemGestureCreateTouchRecognizer import called.
[06:34:55.252] |I| [export_sceIoOpen]: Opening file: app0:graphics/images/tap_effect.gxt
[06:34:55.256] |E| [call_import]: Import function for NID 0xE340C007 not found (thread name: PCSF00434, thread ID: 9)
[06:34:55.276] |I| [export_sceIoOpen]: Opening file: app0:graphics/images/tap2_effect.gxt
[06:34:55.287] |I| [export_sceIoOpen]: Opening file: app0:graphics/images/drag_effect.gxt
[06:34:55.342] |I| [export_sceIoOpen]: Opening file: app0:images/Info_Button.gxt
[06:34:55.355] |I| [export_sceIoOpen]: Opening file: app0:images/Close_Button.gxt
[06:34:55.358] |I| [export_sceIoOpen]: Opening file: app0:images/Menu_Button.gxt
[06:34:55.362] |I| [export_sceIoOpen]: Opening file: app0:/gallery.xml
[06:34:55.411] |I| [export_sceIoOpen]: Opening file: app0:images/00_title/00_Art_of_Killzone_Mercenary_Title.gxt
[06:34:55.429] |I| [export_sceIoOpen]: Opening file: app0:images/01_introduction/01_Spoiler_Warning.gxt
[06:34:55.442] |I| [export_sceIoOpen]: Opening file: app0:images/01_introduction/01_1_Contents_Page.gxt
[06:34:55.461] |I| [export_sceIoOpen]: Opening file: app0:images/00_title/00_Instructions.gxt
[06:34:55.474] |I| [export_sceIoOpen]: Opening file: app0:images/01_introduction/01_2_Introduction_1.gxt
[06:34:55.480] |I| [export_sceIoOpen]: Opening file: app0:images/01_introduction/01_2_Introduction_2.gxt
[06:34:55.484] |I| [export_sceIoOpen]: Opening file: app0:images/02_world/02_World_1_00_Chapter-Title.gxt
[06:34:55.513] |I| [export_sceIoOpen]: Opening file: app0:images/02_world/02_World_1_01_Diortem_HOJ_Fly_In.gxt
[06:34:55.517] |I| [export_sceIoOpen]: Opening file: app0:images/02_world/02_World_1_01_Diortem_HOJ_Fly_In_Info.gxt
[06:34:55.537] |I| [export_sceIoOpen]: Opening file: app0:images/02_world/02_World_1_02_Diortem_HOJ_Ext.gxt
[06:34:55.540] |I| [export_sceIoOpen]: Opening file: app0:images/02_world/02_World_1_02_Diortem_HOJ_Ext_Info.gxt
[06:34:55.544] |I| [export_sceIoOpen]: Opening file: app0:images/02_world/02_World_1_03_Diortem_HOJ_Damaged_Floor.gxt
[06:34:55.547] |I| [export_sceIoOpen]: Opening file: app0:images/02_world/02_World_1_03_Diortem_HOJ_Damaged_Floor_Info.gxt
[06:34:55.569] |I| [export_sceIoOpen]: Opening file: app0:images/02_world/02_World_1_04_Diortem_HOJ_Occupied_Courtroom.gxt
[06:34:55.573] |I| [export_sceIoOpen]: Opening file: app0:images/02_world/02_World_1_04_Diortem_HOJ_Occupied_Courtroom_Info.gxt
[06:34:55.576] |I| [export_sceIoOpen]: Opening file: app0:images/02_world/02_World_1_05_Diortem_HOJ_Attirum.gxt
[06:34:55.579] |I| [export_sceIoOpen]: Opening file: app0:images/02_world/02_World_1_05_Diortem_HOJ_Attirum_Info.gxt
[06:34:55.582] |I| [export_sceIoOpen]: Opening file: app0:images/02_world/02_World_1_06_Ruins_of_Diortem_Wideshot.gxt
[06:34:55.599] |I| [export_sceIoOpen]: Opening file: app0:images/02_world/02_World_1_06_Ruins_of_Diortem_Wideshot_Info.gxt
[06:34:55.603] |I| [export_sceIoOpen]: Opening file: app0:images/02_world/02_World_1_07_Ruins_of_Diortem_Commerical_district.gxt
[06:34:55.606] |I| [export_sceIoOpen]: Opening file: app0:images/02_world/02_World_1_07_Ruins_of_Diortem_Commerical_district_Info.gxt
[06:34:55.610] |I| [export_sceIoOpen]: Opening file: app0:images/02_world/02_World_1_08_Ruins_of_Diortem_Hotel_Interior.gxt
[06:34:55.613] |I| [export_sceIoOpen]: Opening file: app0:images/02_world/02_World_1_09_Ruins_of_Diortem_Residential.gxt
[06:34:55.617] |I| [export_sceIoOpen]: Opening file: app0:images/02_world/02_World_1_09_Ruins_of_Diortem_Residential_Info.gxt
[06:34:55.628] |I| [export_sceIoOpen]: Opening file: app0:images/02_world/02_World_1_10_Ruins_of_Diortem_Cruiser_Explosion.gxt
[06:34:55.631] |I| [export_sceIoOpen]: Opening file: app0:images/02_world/02_World_2_00_Chapter_Title.gxt
[06:34:55.635] |I| [export_sceIoOpen]: Opening file: app0:images/02_world/02_World_2_01_Arc_Towers_OpeningShot.gxt
[06:34:55.638] |I| [export_sceIoOpen]: Opening file: app0:images/02_world/02_World_2_01_Arc_Towers_OpeningShot_Info.gxt
[06:34:55.641] |I| [export_sceIoOpen]: Opening file: app0:images/02_world/02_World_2_02_Arc_Towers_Landing_Pad.gxt
[06:34:55.647] |I| [export_sceIoOpen]: Opening file: app0:images/02_world/02_World_2_03_Arc_Towers_Lighting_Gun.gxt
[06:34:55.650] |I| [export_sceIoOpen]: Opening file: app0:images/02_world/02_World_2_04_Arc_Towers_Firing_Platforms.gxt
[06:34:55.654] |I| [export_sceIoOpen]: Opening file: app0:images/02_world/02_World_2_04_Arc_Towers_Firing_Platforms_Info.gxt
[06:34:55.676] |I| [export_sceIoOpen]: Opening file: app0:images/02_world/02_World_2_05_Arc_Towers_Towers_Firing.gxt
[06:34:55.704] |I| [export_sceIoOpen]: Opening file: app0:images/02_world/02_World_2_06_Shantytown_Lower_Levels.gxt
[06:34:55.707] |I| [export_sceIoOpen]: Opening file: app0:images/02_world/02_World_2_06_Shantytown_Lower_Levels_Info.gxt
[06:34:55.710] |I| [export_sceIoOpen]: Opening file: app0:images/02_world/02_World_2_07_Shantytown_Beach.gxt
[06:34:55.714] |I| [export_sceIoOpen]: Opening file: app0:images/02_world/02_World_2_07_Shantytown_Beach_Info.gxt
[06:34:55.717] |I| [export_sceIoOpen]: Opening file: app0:images/02_world/02_World_2_08_Shantytown_Lift_Station.gxt
[06:34:55.720] |I| [export_sceIoOpen]: Opening file: app0:images/02_world/02_World_2_09_Shantytown_Pods.gxt
[06:34:55.724] |I| [export_sceIoOpen]: Opening file: app0:images/02_world/02_World_2_09_Shantytown_Pods_Info.gxt
[06:34:55.727] |I| [export_sceIoOpen]: Opening file: app0:images/02_world/02_World_2_10_Shantytown_Bar.gxt
[06:34:55.752] |I| [export_sceIoOpen]: Opening file: app0:images/02_world/02_World_2_11_Shantytown_Skirmish.gxt
[06:34:55.755] |I| [export_sceIoOpen]: Opening file: app0:images/02_world/02_World_2_12_Embassy_Entrance.gxt
[06:34:55.762] |I| [export_sceIoOpen]: Opening file: app0:images/02_world/02_World_2_12_Embassy_Entrance_Info.gxt
[06:34:55.766] |I| [export_sceIoOpen]: Opening file: app0:images/02_world/02_World_2_13_Embassy_Exterior.gxt
[06:34:55.769] |I| [export_sceIoOpen]: Opening file: app0:images/02_world/02_World_2_14_Embassy_Waiting_Room.gxt
[06:34:55.772] |I| [export_sceIoOpen]: Opening file: app0:images/02_world/02_World_2_14_Embassy_Waiting_Room_Info.gxt
[06:34:55.776] |I| [export_sceIoOpen]: Opening file: app0:images/02_world/02_World_2_15_Embassy_Hallway.gxt
[06:34:55.779] |I| [export_sceIoOpen]: Opening file: app0:images/02_world/02_World_2_15_Embassy_Hallway_Info.gxt
[06:34:55.783] |I| [export_sceIoOpen]: Opening file: app0:images/02_world/02_World_2_16_Embassy_Courtyard.gxt
[06:34:55.786] |I| [export_sceIoOpen]: Opening file: app0:images/02_world/02_World_2_17_Embassy_Docks.gxt
[06:34:55.789] |I| [export_sceIoOpen]: Opening file: app0:images/02_world/02_World_2_17_Embassy_Docks_Info.gxt
[06:34:55.793] |I| [export_sceIoOpen]: Opening file: app0:images/02_world/02_World_2_18_Refinery_Stacks.gxt
[06:34:55.797] |I| [export_sceIoOpen]: Opening file: app0:images/02_world/02_World_2_18_Refinery_Stacks_Info.gxt
[06:34:55.800] |I| [export_sceIoOpen]: Opening file: app0:images/02_world/02_World_2_19_Refinery_Drone_Entrance.gxt
[06:34:55.803] |I| [export_sceIoOpen]: Opening file: app0:images/02_world/02_World_2_19_Refinery_Drone_Entrance_Info.gxt
[06:34:55.807] |I| [export_sceIoOpen]: Opening file: app0:images/02_world/02_World_2_20_Refinery_Plate_dropoff.gxt
[06:34:55.810] |I| [export_sceIoOpen]: Opening file: app0:images/02_world/02_World_2_21_Refinery_Cleaning_Room.gxt
[06:34:55.814] |I| [export_sceIoOpen]: Opening file: app0:images/02_world/02_World_2_21_Refinery_Cleaning_Room_Info.gxt
[06:34:55.818] |I| [export_sceIoOpen]: Opening file: app0:images/02_world/02_World_2_22_Refinery_Refining_Room.gxt
[06:34:55.821] |I| [export_sceIoOpen]: Opening file: app0:images/02_world/02_World_2_23_Refinery_Exterior.gxt
[06:34:55.828] |I| [export_sceIoOpen]: Opening file: app0:images/02_world/02_World_2_23_Refinery_Exterior_Info.gxt
[06:34:55.831] |I| [export_sceIoOpen]: Opening file: app0:images/02_world/02_World_3_00_Chapter_Title.gxt
[06:34:55.835] |I| [export_sceIoOpen]: Opening file: app0:images/02_world/02_World_3_01_Research_Facility_Ship.gxt
[06:34:55.852] |I| [export_sceIoOpen]: Opening file: app0:images/02_world/02_World_3_01_Research_Facility_Ship_Info.gxt
[06:34:55.855] |I| [export_sceIoOpen]: Opening file: app0:images/02_world/02_World_3_02_Research_Facility_Ship_Hull.gxt
[06:34:55.859] |I| [export_sceIoOpen]: Opening file: app0:images/02_world/02_World_3_02_Research_Facility_Ship_Hull_Info.gxt
[06:34:55.863] |I| [export_sceIoOpen]: Opening file: app0:images/02_world/02_World_3_03_Research_Facilty_Lab_Destroyed.gxt
[06:34:55.867] |I| [export_sceIoOpen]: Opening file: app0:images/02_world/02_World_3_04_Research_Facility_Lab_interior.gxt
[06:34:55.874] |I| [export_sceIoOpen]: Opening file: app0:images/02_world/02_World_3_04_Research_Facility_Lab_interior_Info.gxt
[06:34:55.878] |I| [export_sceIoOpen]: Opening file: app0:images/02_world/02_World_3_05_Research_Facility_Ship_Engine.gxt
[06:34:55.881] |I| [export_sceIoOpen]: Opening file: app0:images/02_world/02_World_3_05_Research_Facility_Ship_Engine_Info.gxt
[06:34:55.887] |I| [export_sceIoOpen]: Opening file: app0:images/02_world/02_World_3_06_Research_Facility_Ship_Crashing.gxt
[06:34:55.891] |I| [export_sceIoOpen]: Opening file: app0:images/02_world/02_World_3_06_Research_Facility_Ship_Crashing_Info.gxt
[06:34:55.895] |I| [export_sceIoOpen]: Opening file: app0:images/03_characters/03_Characters_Chapter-Title.gxt
[06:34:55.905] |I| [export_sceIoOpen]: Opening file: app0:images/03_characters/03_Characters_01_Arron_Danner_01.gxt
[06:34:55.915] |I| [export_sceIoOpen]: Opening file: app0:images/03_characters/03_Characters_01_Arron_Danner_01_Info.gxt
[06:34:55.918] |I| [export_sceIoOpen]: Opening file: app0:images/03_characters/03_Characters_02_Arron_Danner_02.gxt
[06:34:55.935] |I| [export_sceIoOpen]: Opening file: app0:images/03_characters/03_Characters_02_Arron_Danner_02_Info.gxt
[06:34:55.939] |I| [export_sceIoOpen]: Opening file: app0:images/03_characters/03_Characters_03_Beniot.gxt
[06:34:55.943] |I| [export_sceIoOpen]: Opening file: app0:images/03_characters/03_Characters_03_Beniot_Info.gxt
[06:34:55.947] |I| [export_sceIoOpen]: Opening file: app0:images/03_characters/03_Characters_04_Damian_Ivanov.gxt
[06:34:55.950] |I| [export_sceIoOpen]: Opening file: app0:images/03_characters/03_Characters_04_Damian_Ivanov_Info.gxt
[06:34:55.953] |I| [export_sceIoOpen]: Opening file: app0:images/03_characters/03_Characters_05_Admiral_Grey.gxt
[06:34:55.957] |I| [export_sceIoOpen]: Opening file: app0:images/03_characters/03_Characters_05_Admiral_Grey_Info.gxt
[06:34:55.961] |I| [export_sceIoOpen]: Opening file: app0:images/03_characters/03_Characters_06_Colonel_Viktor_Kratek_01.gxt
[06:34:55.964] |I| [export_sceIoOpen]: Opening file: app0:images/03_characters/03_Characters_06_Colonel_Viktor_Kratek_01_Info.gxt
[06:34:55.968] |I| [export_sceIoOpen]: Opening file: app0:images/03_characters/03_Characters_07_Colonel_Viktor_Kratek_02.gxt
[06:34:55.971] |I| [export_sceIoOpen]: Opening file: app0:images/03_characters/03_Characters_07_Colonel_Viktor_Kratek_02_Info.gxt
[06:34:55.975] |I| [export_sceIoOpen]: Opening file: app0:images/03_characters/03_Characters_08_Justus_Harkin_01.gxt
[06:34:55.979] |I| [export_sceIoOpen]: Opening file: app0:images/03_characters/03_Characters_08_Justus_Harkin_01_Info.gxt
[06:34:55.983] |I| [export_sceIoOpen]: Opening file: app0:images/03_characters/03_Characters_09_Justus_Harkin_02.gxt
[06:34:55.989] |I| [export_sceIoOpen]: Opening file: app0:images/03_characters/03_Characters_09_Justus_Harkin_02_Info.gxt
[06:34:56.008] |I| [export_sceIoOpen]: Opening file: app0:images/03_characters/03_Characters_10_Ambassador_Harkin_Wife.gxt
[06:34:56.012] |I| [export_sceIoOpen]: Opening file: app0:images/03_characters/03_Characters_12_Helghast_Police_02.gxt
[06:34:56.032] |I| [export_sceIoOpen]: Opening file: app0:images/03_characters/03_Characters_12_Helghast_Police_02_Info.gxt
[06:34:56.043] |I| [export_sceIoOpen]: Opening file: app0:images/03_characters/03_Characters_11_Helghast_Police_01.gxt
[06:34:56.052] |I| [export_sceIoOpen]: Opening file: app0:images/03_characters/03_Characters_13_Helghast_Civillians.gxt
[06:34:56.055] |I| [export_sceIoOpen]: Opening file: app0:images/03_characters/03_Characters_13_Helghast_Civillians_Info.gxt
[06:34:56.069] |I| [export_sceIoOpen]: Opening file: app0:images/03_characters/03_Characters_14_Dr_Mandor_Savic_01.gxt
[06:34:56.090] |I| [export_sceIoOpen]: Opening file: app0:images/03_characters/03_Characters_14_Dr_Mandor_Savic_01_Info.gxt
[06:34:56.110] |I| [export_sceIoOpen]: Opening file: app0:images/03_characters/03_Characters_15_Dr_Mandor_Savic_02.gxt
[06:34:56.114] |I| [export_sceIoOpen]: Opening file: app0:images/03_characters/03_Characters_15_Dr_Mandor_Savic_02_Info.gxt
[06:34:56.121] |I| [export_sceIoOpen]: Opening file: app0:images/03_characters/03_Characters_16_Lab_Scientists.gxt
[06:34:56.142] |I| [export_sceIoOpen]: Opening file: app0:images/03_characters/03_Characters_17_Blackjack.gxt
[06:34:56.164] |I| [export_sceIoOpen]: Opening file: app0:images/03_characters/03_Characters_17_Blackjack_Info.gxt
[06:34:56.167] |I| [export_sceIoOpen]: Opening file: app0:images/04_weapons/04_Weapons_1_00_Chapter-Title.gxt
[06:34:56.181] |I| [export_sceIoOpen]: Opening file: app0:images/04_weapons/04_Weapons_1_01_LS18.gxt
[06:34:56.188] |I| [export_sceIoOpen]: Opening file: app0:images/04_weapons/04_Weapons_1_01_LS18_Info.gxt
[06:34:56.191] |I| [export_sceIoOpen]: Opening file: app0:images/04_weapons/04_Weapons_1_02_M02.gxt
[06:34:56.195] |I| [export_sceIoOpen]: Opening file: app0:images/04_weapons/04_Weapons_1_02_M02_Info.gxt
[06:34:56.199] |I| [export_sceIoOpen]: Opening file: app0:images/04_weapons/04_Weapons_1_03_M38.gxt
[06:34:56.202] |I| [export_sceIoOpen]: Opening file: app0:images/04_weapons/04_Weapons_1_03_M38_Info.gxt
[06:34:56.206] |I| [export_sceIoOpen]: Opening file: app0:images/04_weapons/04_Weapons_1_04_M42.gxt
[06:34:56.210] |I| [export_sceIoOpen]: Opening file: app0:images/04_weapons/04_Weapons_1_04_M42_Info.gxt
[06:34:56.214] |I| [export_sceIoOpen]: Opening file: app0:images/04_weapons/04_Weapons_1_05_STA7.gxt
[06:34:56.217] |I| [export_sceIoOpen]: Opening file: app0:images/04_weapons/04_Weapons_1_05_STA7_Info.gxt
[06:34:56.221] |I| [export_sceIoOpen]: Opening file: app0:images/04_weapons/04_Weapons_1_06_STA12.gxt
[06:34:56.237] |I| [export_sceIoOpen]: Opening file: app0:images/04_weapons/04_Weapons_1_06_STA12_Info.gxt
[06:34:56.240] |I| [export_sceIoOpen]: Opening file: app0:images/04_weapons/04_Weapons_1_07_VC10.gxt
[06:34:56.246] |I| [export_sceIoOpen]: Opening file: app0:images/04_weapons/04_Weapons_1_07_VC10_Info.gxt
[06:34:56.257] |I| [export_sceIoOpen]: Opening file: app0:images/04_weapons/04_Weapons_1_08_VC39.gxt
[06:34:56.269] |I| [export_sceIoOpen]: Opening file: app0:images/04_weapons/04_Weapons_1_08_VC39_Info.gxt
[06:34:56.274] |I| [export_sceIoOpen]: Opening file: app0:images/04_weapons/04_Weapons_2_01_Chapter-Title.gxt
[06:34:56.278] |I| [export_sceIoOpen]: Opening file: app0:images/04_weapons/04_Weapons_2_02_Arm_unit.gxt
[06:34:56.281] |I| [export_sceIoOpen]: Opening file: app0:images/04_weapons/04_Weapons_2_02_Arm_unit_Info.gxt
[06:34:56.284] |I| [export_sceIoOpen]: Opening file: app0:images/04_weapons/04_Weapons_2_03_Mantys_1.gxt
[06:34:56.288] |I| [export_sceIoOpen]: Opening file: app0:images/04_weapons/04_Weapons_2_03_Mantys_1_Info.gxt
[06:34:56.291] |I| [export_sceIoOpen]: Opening file: app0:images/04_weapons/04_Weapons_2_04_Mantys_2.gxt
[06:34:56.294] |I| [export_sceIoOpen]: Opening file: app0:images/04_weapons/04_Weapons_2_05_Vultur.gxt
[06:34:56.298] |I| [export_sceIoOpen]: Opening file: app0:images/04_weapons/04_Weapons_2_05_Vultur_Info.gxt
[06:34:56.301] |I| [export_sceIoOpen]: Opening file: app0:images/04_weapons/04_Weapons_2_06_Porcupine.gxt
[06:34:56.330] |I| [export_sceIoOpen]: Opening file: app0:images/04_weapons/04_Weapons_2_06_Porcupine_Info.gxt
[06:34:56.348] |I| [export_sceIoOpen]: Opening file: app0:images/04_weapons/04_Weapons_2_07_Jamming.gxt
[06:34:56.359] |I| [export_sceIoOpen]: Opening file: app0:images/04_weapons/04_Weapons_2_07_Jamming_Info.gxt
[06:34:56.373] |I| [export_sceIoOpen]: Opening file: app0:images/04_weapons/04_Weapons_2_08_Carapace.gxt
[06:34:56.403] |I| [export_sceIoOpen]: Opening file: app0:images/04_weapons/04_Weapons_2_08_Carapace_Info.gxt
[06:34:56.406] |I| [export_sceIoOpen]: Opening file: app0:images/04_weapons/04_Weapons_2_09_Arc_Missile.gxt
[06:34:56.409] |I| [export_sceIoOpen]: Opening file: app0:images/04_weapons/04_Weapons_2_09_Arc_Missile_Info.gxt
[06:34:56.413] |I| [export_sceIoOpen]: Opening file: app0:images/04_weapons/04_Weapons_2_10_Sky_Fury.gxt
[06:34:56.419] |I| [export_sceIoOpen]: Opening file: app0:images/04_weapons/04_Weapons_2_10_Sky_Fury_Info.gxt
[06:34:56.423] |I| [export_sceIoOpen]: Opening file: app0:images/04_weapons/04_Weapons_2_11_Blackjack's-Shop_1.gxt
[06:34:56.426] |I| [export_sceIoOpen]: Opening file: app0:images/04_weapons/04_Weapons_2_12_Blackjack's_Shop_2.gxt
[06:34:56.433] |I| [export_sceIoOpen]: Opening file: app0:images/04_weapons/04_Weapons_2_12_Blackjack's-Shop_2_Info.gxt
[06:34:56.445] |I| [export_sceIoOpen]: Opening file: app0:images/05_machines/05_Machines_00_Chapter-Title.gxt
[06:34:56.458] |I| [export_sceIoOpen]: Opening file: app0:images/05_machines/05_Machines_01_Stinger.gxt
[06:34:56.465] |I| [export_sceIoOpen]: Opening file: app0:images/05_machines/05_Machines_01_Stinger_Info.gxt
[06:34:56.468] |I| [export_sceIoOpen]: Opening file: app0:images/05_machines/05_Machines_02_Harvester_Drone.gxt
[06:34:56.471] |I| [export_sceIoOpen]: Opening file: app0:images/05_machines/05_Machines_02_Harvester_Drone_Info.gxt
[06:34:56.475] |I| [export_sceIoOpen]: Opening file: app0:images/05_machines/05_Machines_03_Embassy_Boat.gxt
[06:34:56.478] |I| [export_sceIoOpen]: Opening file: app0:images/05_machines/05_Machines_03_Embassy_Boat_Info.gxt
[06:34:56.497] |I| [export_sceIoOpen]: Opening file: app0:images/05_machines/05_Machines_04_Research_Pods.gxt
[06:34:56.501] |I| [export_sceIoOpen]: Opening file: app0:images/05_machines/05_Machines_04_Research_Pods_Info.gxt
[06:34:56.504] |I| [export_sceIoOpen]: Opening file: app0:images/06_miscellany/06_Miscellany_00_Chapter-Title.gxt
[06:34:56.507] |I| [export_sceIoOpen]: Opening file: app0:images/06_miscellany/06_Miscellany_01_Box_Art.gxt
[06:34:56.511] |I| [export_sceIoOpen]: Opening file: app0:images/06_miscellany/06_Miscellany_01_Box_Art_Info.gxt
[06:34:56.514] |I| [export_sceIoOpen]: Opening file: app0:images/06_miscellany/06_Miscellany_03_Valour_Cards.gxt
[06:34:56.524] |I| [export_sceIoOpen]: Opening file: app0:images/06_miscellany/06_Miscellany_03_Valour_Cards_Info.gxt
[06:34:56.528] |I| [export_sceIoOpen]: Opening file: app0:images/06_miscellany/06_Miscellany_04_T-Shirts.gxt
[06:34:56.531] |I| [export_sceIoOpen]: Opening file: app0:images/06_miscellany/06_Miscellany_02_Marketing_Images.gxt
[06:34:56.551] |I| [export_sceIoOpen]: Opening file: app0:images/06_miscellany/06_Miscellany_02_Marketing_Images_Info.gxt
[06:34:56.554] |I| [export_sceIoOpen]: Opening file: app0:images/07_acknowledgements/07_Acknowledgements.gxt
[06:34:56.560] |W| [unimplemented_impl]: Unimplemented sceAudioOutGetAdopt import called.
[06:34:56.577] |W| [unimplemented_impl]: Unimplemented sceKernelChangeThreadVfpException import called.
[06:34:56.578] |W| [unimplemented_impl]: Unimplemented sceFiosOverlayThreadSetDisabled02 import called.
[06:34:56.605] |W| [unimplemented_impl]: Unimplemented sceFiosOverlayGetRecommendedScheduler02 import called.
[06:34:56.608] |I| [export_sceIoOpen]: Opening file: app0:/audio/192_m06_Ambient3_Loop_mk4.at9
[06:34:56.624] |W| [unimplemented_impl]: Unimplemented sceNgsVoiceSetFinishedCallback import called.
[06:34:56.625] |D| [export_sceNgsVoicePlay]: sceNgsVoicePlay: 1
[06:34:56.641] |W| [unimplemented_impl]: Unimplemented sceSystemGestureUpdatePrimitiveTouchRecognizer import called.
[06:34:56.642] |W| [unimplemented_impl]: Unimplemented sceSystemGestureUpdateTouchRecognizer import called.
[06:34:56.642] |W| [unimplemented_impl]: Unimplemented sceSystemGestureGetTouchEventsCount import called.
[06:34:56.674] |I| [renderer::gl::load_shader_generic]: Generating frag shader e9910c6f7e6671935ad38f7bd0e25b3d886ab7ea7984582dc2a32083f7c09120
[06:34:56.676] |D| [shader::create_parameters]: [DEFAULT  + 0] sa0 = (float4) clearColor
[06:34:56.691] |I| [renderer::gl::load_shader_generic]: Generating vert shader 5a1336d1332f06afa2706333e168cce92932d6db047fc0a61b4ae9709cd30607
[06:34:56.692] |D| [shader::create_parameters]: [BUFFER0  + 0] pa0 = (float4) aPosition
[06:34:56.713] |E| [renderer::gl::compile_program]: Fragment info
-------------
0(21) : warning C7050: "pa[0].zw" might be used before being initialized


[06:34:56.735] |I| [renderer::gl::load_shader_generic]: Generating frag shader 4f93dc5a57011473d74ad6fbda6496b29e24b9fc2a35faecedab54a9ca5cb077
[06:34:56.737] |D| [shader::create_fragment_inputs]: Iterator: pa0 = (float4) v_Color0
[06:34:56.740] |I| [renderer::gl::load_shader_generic]: Generating vert shader e547bd8318ca1d49c9cba8f2618bd69c49d74d585fe4a902fa8ac3a6938547d8
[06:34:56.741] |D| [shader::create_parameters]: [BUFFER0  + 0] pa0 = (float4) position
[06:34:56.741] |D| [shader::create_parameters]: [BUFFER0  + 4] pa4 = (float4) uv
[06:34:56.741] |D| [shader::create_parameters]: [DEFAULT  + 0] sa0 = (float1) lcdw
[06:34:56.741] |D| [shader::create_parameters]: [DEFAULT  + 1] sa1 = (float1) lcdh
[06:34:56.741] |D| [shader::create_parameters]: [DEFAULT  + 2] sa2 = (float1) alpha
[06:34:56.741] |D| [shader::create_parameters]: [DEFAULT  + 3] sa3 = (float1) transition
[06:34:56.758] |E| [renderer::gl::compile_program]: Vertex info
-----------
0(24) : warning C7050: "internals[0]" might be used before being initialized

Fragment info
-------------
0(20) : warning C7050: "sa[0]" might be used before being initialized
0(21) : warning C7050: "internals[1].yz" might be used before being initialized


[06:35:00.379] |W| [stubbed_impl]: Stubbed sceDisplayWaitVblankStart import called. (wait for vblank)
[06:35:40.863] |E| [discordrpc::update_presence::<lambda_23ff884bf2cdb1bde950cb16a82f908e>::operator ()]: Error updating discord rich presence, err_code: 43
[06:35:40.864] |E| [discordrpc::update_presence::<lambda_23ff884bf2cdb1bde950cb16a82f908e>::operator ()]: Error updating discord rich presence, err_code: 43
