[16:00:16.681] |I| [load_app_impl]: cpu-backend: Dynarmic
[16:00:16.682] |I| [load_app_impl]: CPU Optimisation state: true
[16:00:16.682] |I| [load_app_impl]: at9 audio decoder state: true
[16:00:16.682] |I| [load_app_impl]: ngs experimental state: true
[16:00:16.682] |I| [load_app_impl]: video player state: true
[16:00:16.682] |I| [load_app_impl]: modules mode: Automatic
[16:00:16.682] |I| [load_app_impl]: Title: Sly 2: Band of Thieves™
[16:00:16.682] |I| [load_app_impl]: Serial: PCSF00270
[16:00:16.682] |I| [load_app_impl]: Version: 1.00
[16:00:16.682] |I| [load_app_impl]: Category: gd
[16:00:16.740] |C| [load_self]: Unknown segment type 0x6FFFFF01
[16:00:16.740] |I| [load_self]: Loaded module segment 0 @ [0x00007000 - 0x000514B0 / 0x81000000] (size: 0x0004A4B0) of module app0:sce_module/libc.suprx
[16:00:16.740] |I| [load_self]: Loaded module segment 1 @ [0x00052000 - 0x000546F4 / 0x8104B000] (size: 0x000026F4) of module app0:sce_module/libc.suprx
[16:00:16.740] |I| [load_self]: Loading symbols for SELF: app0:sce_module/libc.suprx
[16:00:16.741] |D| [load_var_exports]: 	NID 0x6C2224BA (NID_MODULE_INFO) at 0x3DF30
[16:00:16.741] |W| [load_var_imports]: 	NID NOT FOUND 0x93B8AA67 (UNRECOGNISED) at 0x41DF0, setting to stub value 0xDEADBEEF
[16:00:16.741] |W| [load_var_imports]: 	NID NOT FOUND 0xDF084DFA (UNRECOGNISED) at 0x434A4, setting to stub value 0xDEADBEEF
[16:00:16.742] |I| [pre_load_module]: Pre-load module SceLibc (at "sce_module/libc.suprx") loaded
[16:00:16.748] |C| [load_self]: Unknown segment type 0x6FFFFF01
[16:00:16.748] |I| [load_self]: Loaded module segment 0 @ [0x00057000 - 0x0007B22C / 0x81000000] (size: 0x0002422C) of module app0:sce_module/libfios2.suprx
[16:00:16.748] |I| [load_self]: Loaded module segment 1 @ [0x0007C000 - 0x000811A4 / 0x81025000] (size: 0x000051A4) of module app0:sce_module/libfios2.suprx
[16:00:16.748] |I| [load_self]: Loading symbols for SELF: app0:sce_module/libfios2.suprx
[16:00:16.748] |D| [load_var_exports]: 	NID 0x6C2224BA (NID_MODULE_INFO) at 0x73B70
[16:00:16.748] |I| [pre_load_module]: Pre-load module SceLibFios2 (at "sce_module/libfios2.suprx") loaded
[16:00:16.764] |C| [load_self]: Unknown segment type 0x6FFFFF01
[16:00:16.765] |I| [load_self]: Loaded module segment 0 @ [0x00082000 - 0x00096144 / 0x81000000] (size: 0x00014144) of module app0:sce_module/libult.suprx
[16:00:16.765] |I| [load_self]: Loaded module segment 1 @ [0x00097000 - 0x00097814 / 0x81015000] (size: 0x00000814) of module app0:sce_module/libult.suprx
[16:00:16.765] |I| [load_self]: Loading symbols for SELF: app0:sce_module/libult.suprx
[16:00:16.765] |D| [load_var_exports]: 	NID 0x6C2224BA (NID_MODULE_INFO) at 0x921CC
[16:00:16.765] |I| [pre_load_module]: Pre-load module SceUlt (at "sce_module/libult.suprx") loaded
[16:00:16.772] |I| [load_self]: Loaded module segment 0 @ [0x00098000 - 0x000E8F04 / 0x81000000] (size: 0x00050F04) of module vs0:sys/external/libSceFt2.suprx
[16:00:16.772] |I| [load_self]: Loaded module segment 1 @ [0x000E9000 - 0x000E92F4 / 0x81051000] (size: 0x000002F4) of module vs0:sys/external/libSceFt2.suprx
[16:00:16.772] |I| [load_self]: Loading symbols for SELF: vs0:sys/external/libSceFt2.suprx
[16:00:16.772] |D| [load_var_exports]: 	NID 0x936C8A78 (SYSLYB) at 0xD47DC
[16:00:16.772] |D| [load_var_exports]: 	NID 0x6C2224BA (NID_MODULE_INFO) at 0xD3F10
[16:00:16.773] |I| [pre_load_module]: Pre-load module SceLibft2 (at "sys/external/libSceFt2.suprx") loaded
[16:00:16.775] |I| [load_self]: Loaded module segment 0 @ [0x000EA000 - 0x000F9F14 / 0x81000000] (size: 0x0000FF14) of module vs0:sys/external/libpvf.suprx
[16:00:16.775] |I| [load_self]: Loaded module segment 1 @ [0x000FA000 - 0x000FA008 / 0x81010000] (size: 0x00000008) of module vs0:sys/external/libpvf.suprx
[16:00:16.775] |I| [load_self]: Loading symbols for SELF: vs0:sys/external/libpvf.suprx
[16:00:16.775] |D| [load_var_exports]: 	NID 0x936C8A78 (SYSLYB) at 0xF8710
[16:00:16.775] |D| [load_var_exports]: 	NID 0x6C2224BA (NID_MODULE_INFO) at 0xF8300
[16:00:16.775] |I| [pre_load_module]: Pre-load module SceLibPvf (at "sys/external/libpvf.suprx") loaded
[16:00:16.863] |C| [load_self]: Unknown segment type 0x6FFFFF01
[16:00:16.863] |I| [load_self]: Loaded module segment 0 @ [0x81000000 - 0x811CB6A8 / 0x81000000] (size: 0x001CB6A8) of module app0:eboot.bin
[16:00:16.863] |I| [load_self]: Loaded module segment 1 @ [0x811CC000 - 0x8177B2A8 / 0x811CC000] (size: 0x005AF2A8) of module app0:eboot.bin
[16:00:16.863] |I| [load_self]: Loading symbols for SELF: app0:eboot.bin
[16:00:16.863] |D| [load_var_exports]: 	NID 0x6C2224BA (NID_MODULE_INFO) at 0x811928AC
[16:00:16.863] |D| [load_var_exports]: 	NID 0x70FBA1E7 (SCE_PROC_PARAMS) at 0x81229328
[16:00:16.863] |I| [load_app_impl]: Main executable Sly2_PSP2_Disk_Ship (eboot.bin) loaded
[16:00:16.871] |D| [run_app]: Running module_start of library: SceLibc at address 0x77F1
[16:00:16.925] |I| [run_app]: Module SceLibc (at "app0:sce_module/libc.suprx") module_start returned 0x0
[16:00:16.929] |D| [run_app]: Running module_start of library: SceLibFios2 at address 0x57001
[16:00:16.938] |W| [stubbed_impl]: Stubbed sceKernelGetProcessId import called. (pid: 0)
[16:00:16.938] |D| [export_sceFiosOverlayGetList02]: maxIDs: 255
[16:00:16.938] |W| [unimplemented_impl]: Unimplemented sceFiosOverlayGetList02 import called.
[16:00:16.939] |I| [run_app]: Module SceLibFios2 (at "app0:sce_module/libfios2.suprx") module_start returned 0x0
[16:00:16.942] |D| [run_app]: Running module_start of library: SceUlt at address 0x8584D
[16:00:16.949] |W| [unimplemented_impl]: Unimplemented _sceUlobjMgrRegisterLibultProtocolRevision import called.
[16:00:16.950] |I| [run_app]: Module SceUlt (at "app0:sce_module/libult.suprx") module_start returned 0x0
[16:00:17.005] |D| [export_sceSysmoduleLoadModule]: module id: 5
[16:00:17.006] |D| [export_sceSysmoduleLoadModule]: module: libperf
[16:00:17.006] |D| [export_sceSysmoduleLoadModule]: module id: 15
[16:00:17.006] |D| [export_sceSysmoduleLoadModule]: module: apputil
[16:00:17.006] |W| [unimplemented_impl]: Unimplemented sceAppUtilInit import called.
[16:00:17.007] |D| [export_sceSysmoduleLoadModule]: module id: 21
[16:00:17.007] |D| [export_sceSysmoduleLoadModule]: module: np_common
[16:00:17.007] |D| [export_sceSysmoduleLoadModule]: module: np_manager
[16:00:17.051] |W| [unimplemented_impl]: Unimplemented sceKernelChangeThreadVfpException import called.
[16:00:17.051] |W| [unimplemented_impl]: Unimplemented sceFiosOverlayThreadSetDisabled02 import called.
[16:00:17.091] |W| [unimplemented_impl]: Unimplemented sceMotionReset import called.
[16:00:17.092] |W| [unimplemented_impl]: Unimplemented sceMotionStartSampling import called.
[16:00:17.110] |W| [unimplemented_impl]: Unimplemented sceFiosOverlayGetRecommendedScheduler02 import called.
[16:00:17.115] |I| [export_sceIoOpen]: Opening file: app0:/System.psarc
[16:00:17.128] |I| [export_sceIoOpen]: Opening file: app0:/System.psarc
[16:00:17.167] |I| [export_sceIoOpen]: Opening file: app0:/System.psarc
[16:00:17.226] |W| [stubbed_impl]: Stubbed sceGxmMapMemory import called. (always return success)
[16:00:17.246] |W| [stubbed_impl]: Stubbed sceGxmMapFragmentUsseMemory import called. (always return success)
[16:00:17.277] |W| [stubbed_impl]: Stubbed sceGxmGetRenderTargetMemSize import called. (2MB host mem)
[16:00:17.308] |W| [stubbed_impl]: Stubbed sceGxmMapVertexUsseMemory import called. (always return success)
[16:00:17.442] |W| [unimplemented_impl]: Unimplemented sceCommonDialogSetConfigParam import called.
[16:00:17.474] |D| [export_sceSysmoduleLoadModule]: module id: 37
[16:00:17.474] |D| [export_sceSysmoduleLoadModule]: module: np_trophy
[16:00:17.904] |W| [stubbed_impl]: Stubbed sceNpTrophyCreateHandle import called. (Stubbed handle with 1)
[16:00:18.095] |I| [export_sceIoOpen]: Opening file: app0:/Sly2/SLY2.WAL
[16:00:18.135] |I| [export_sceIoOpen]: Opening file: app0:/Sly2/SLY2.WAL
[16:00:18.235] |D| [ngs::create_voice_definition]: type: 15
[16:00:18.235] |D| [ngs::create_voice_definition]: type: 16
[16:00:18.248] |W| [unimplemented_impl]: Uni