[06:17:53.776] |I| [load_app_impl]: cpu-backend: Dynarmic
[06:17:53.777] |I| [load_app_impl]: CPU Optimisation state: true
[06:17:53.777] |I| [load_app_impl]: at9 audio decoder state: true
[06:17:53.778] |I| [load_app_impl]: ngs experimental state: true
[06:17:53.778] |I| [load_app_impl]: video player state: true
[06:17:53.779] |I| [load_app_impl]: lle-modules: libSceJson,liblocation,libSceXml,libpgf,libvoice,librudp,libSceSqlite,libvoiceqos,libsas
[06:17:53.779] |I| [load_app_impl]: Title: Imaginstruments™
[06:17:53.780] |I| [load_app_impl]: Serial: PCSF00210
[06:17:53.780] |I| [load_app_impl]: Version: 1.00
[06:17:53.780] |I| [load_app_impl]: Category: gd
[06:17:54.135] |C| [load_self]: Unknown segment type 0x6FFFFF01
[06:17:54.135] |I| [load_self]: Loaded module segment 0 @ [0x00007000 - 0x00042C2C / 0x81000000] (size: 0x0003BC2C) of module ux0:app\PCSF00210\sce_module\libc.suprx
[06:17:54.136] |I| [load_self]: Loaded module segment 1 @ [0x00043000 - 0x00045380 / 0x8103C000] (size: 0x00002380) of module ux0:app\PCSF00210\sce_module\libc.suprx
[06:17:54.137] |I| [load_self]: Loading symbols for SELF: ux0:app\PCSF00210\sce_module\libc.suprx
[06:17:54.138] |D| [load_var_exports]: 	NID 0x6C2224BA (NID_MODULE_INFO) at 0x34540
[06:17:54.138] |W| [load_var_imports]: 	NID NOT FOUND 0xDF084DFA (UNRECOGNISED) at 0x37D88, setting to stub value 0xDEADBEEF
[06:17:54.139] |I| [pre_load_module]: Pre-load module SceLibc (at "app\PCSF00210\sce_module\libc.suprx") loaded
[06:17:54.144] |C| [load_self]: Unknown segment type 0x6FFFFF01
[06:17:54.144] |I| [load_self]: Loaded module segment 0 @ [0x00047000 - 0x0005C260 / 0x81000000] (size: 0x00015260) of module ux0:app\PCSF00210\sce_module\libface.suprx
[06:17:54.145] |I| [load_self]: Loaded module segment 1 @ [0x0005D000 - 0x0005D144 / 0x81016000] (size: 0x00000144) of module ux0:app\PCSF00210\sce_module\libface.suprx
[06:17:54.146] |I| [load_self]: Loading symbols for SELF: ux0:app\PCSF00210\sce_module\libface.suprx
[06:17:54.146] |D| [load_var_exports]: 	NID 0x6C2224BA (NID_MODULE_INFO) at 0x5989C
[06:17:54.146] |I| [pre_load_module]: Pre-load module libSceFace (at "app\PCSF00210\sce_module\libface.suprx") loaded
[06:17:54.168] |C| [load_self]: Unknown segment type 0x6FFFFF01
[06:17:54.169] |I| [load_self]: Loaded module segment 0 @ [0x0005E000 - 0x0007F370 / 0x81000000] (size: 0x00021370) of module ux0:app\PCSF00210\sce_module\libfios2.suprx
[06:17:54.171] |I| [load_self]: Loaded module segment 1 @ [0x00080000 - 0x000851B8 / 0x81022000] (size: 0x000051B8) of module ux0:app\PCSF00210\sce_module\libfios2.suprx
[06:17:54.171] |I| [load_self]: Loading symbols for SELF: ux0:app\PCSF00210\sce_module\libfios2.suprx
[06:17:54.172] |D| [load_var_exports]: 	NID 0x6C2224BA (NID_MODULE_INFO) at 0x78D38
[06:17:54.172] |I| [pre_load_module]: Pre-load module SceLibFios2 (at "app\PCSF00210\sce_module\libfios2.suprx") loaded
[06:17:54.438] |C| [load_self]: Unknown segment type 0x6FFFFF01
[06:17:54.438] |I| [load_self]: Loaded module segment 0 @ [0x00086000 - 0x00293948 / 0x81000000] (size: 0x0020D948) of module ux0:app\PCSF00210\sce_module\libsmart.suprx
[06:17:54.439] |I| [load_self]: Loaded module segment 1 @ [0x00294000 - 0x003DAAE4 / 0x8120E000] (size: 0x00146AE4) of module ux0:app\PCSF00210\sce_module\libsmart.suprx
[06:17:54.440] |I| [load_self]: Loading symbols for SELF: ux0:app\PCSF00210\sce_module\libsmart.suprx
[06:17:54.440] |D| [load_var_exports]: 	NID 0x6C2224BA (NID_MODULE_INFO) at 0x13325C
[06:17:54.440] |I| [pre_load_module]: Pre-load module libSceSmart (at "app\PCSF00210\sce_module\libsmart.suprx") loaded
[06:17:54.444] |C| [load_self]: Unknown segment type 0x6FFFFF01
[06:17:54.445] |I| [load_self]: Loaded module segment 0 @ [0x003DB000 - 0x003EE474 / 0x81000000] (size: 0x00013474) of module ux0:app\PCSF00210\sce_module\libult.suprx
[06:17:54.445] |I| [load_self]: Loaded module segment 1 @ [0x003EF000 - 0x003EF814 / 0x81014000] (size: 0x00000814) of module ux0:app\PCSF00210\sce_module\libult.suprx
[06:17:54.446] |I| [load_self]: Loading symbols for SELF: ux0:app\PCSF00210\sce_module\libult.suprx
[06:17:54.446] |D| [load_var_exports]: 	NID 0x6C2224BA (NID_MODULE_INFO) at 0x3EA714
[06:17:54.447] |I| [pre_load_module]: Pre-load module SceUlt (at "app\PCSF00210\sce_module\libult.suprx") loaded
[06:17:54.455] |I| [load_self]: Loaded module segment 0 @ [0x003F0000 - 0x00440F04 / 0x81000000] (size: 0x00050F04) of module vs0:sys/external/libSceFt2.suprx
[06:17:54.456] |I| [load_self]: Loaded module segment 1 @ [0x00441000 - 0x004412F4 / 0x81051000] (size: 0x000002F4) of module vs0:sys/external/libSceFt2.suprx
[06:17:54.457] |I| [load_self]: Loading symbols for SELF: vs0:sys/external/libSceFt2.suprx
[06:17:54.457] |D| [load_var_exports]: 	NID 0x936C8A78 (SYSLYB) at 0x42C7DC
[06:17:54.458] |D| [load_var_exports]: 	NID 0x6C2224BA (NID_MODULE_INFO) at 0x42BF10
[06:17:54.458] |W| [load_var_imports]: 	NID NOT FOUND 0x93B8AA67 (UNRECOGNISED) at 0x440EE0, setting to stub value 0xDEADBEEF
[06:17:54.459] |I| [pre_load_module]: Pre-load module SceLibft2 (at "sys/external/libSceFt2.suprx") loaded
[06:17:54.461] |I| [load_self]: Loaded module segment 0 @ [0x00443000 - 0x00452F14 / 0x81000000] (size: 0x0000FF14) of module vs0:sys/external/libpvf.suprx
[06:17:54.461] |I| [load_self]: Loaded module segment 1 @ [0x00453000 - 0x00453008 / 0x81010000] (size: 0x00000008) of module vs0:sys/external/libpvf.suprx
[06:17:54.462] |I| [load_self]: Loading symbols for SELF: vs0:sys/external/libpvf.suprx
[06:17:54.462] |D| [load_var_exports]: 	NID 0x936C8A78 (SYSLYB) at 0x451710
[06:17:54.463] |D| [load_var_exports]: 	NID 0x6C2224BA (NID_MODULE_INFO) at 0x451300
[06:17:54.465] |I| [pre_load_module]: Pre-load module SceLibPvf (at "sys/external/libpvf.suprx") loaded
[06:17:54.545] |C| [load_self]: Unknown segment type 0x6FFFFF01
[06:17:54.545] |I| [load_self]: Loaded module segment 0 @ [0x81000000 - 0x81020F64 / 0x81000000] (size: 0x00020F64) of module app0:eboot.bin
[06:17:54.546] |I| [load_self]: Loaded module segment 1 @ [0x81021000 - 0x81022F24 / 0x81021000] (size: 0x00001F24) of module app0:eboot.bin
[06:17:54.546] |I| [load_self]: Loading symbols for SELF: app0:eboot.bin
[06:17:54.547] |D| [load_var_exports]: 	NID 0x6C2224BA (NID_MODULE_INFO) at 0x81019D44
[06:17:54.547] |D| [load_var_exports]: 	NID 0x70FBA1E7 (SCE_PROC_PARAMS) at 0x81021880
[06:17:54.548] |I| [load_app_impl]: Main executable Imaginstruments (eboot.bin) loaded
[06:17:54.556] |D| [run_app]: Running module_start of library: SceLibc at address 0x75B1
[06:17:54.583] |I| [run_app]: Module SceLibc (at "ux0:app\PCSF00210\sce_module\libc.suprx") module_start returned 0x0
[06:17:54.587] |D| [run_app]: Running module_start of library: libSceFace at address 0x58C55
[06:17:54.595] |I| [run_app]: Module libSceFace (at "ux0:app\PCSF00210\sce_module\libface.suprx") module_start returned 0x0
[06:17:54.599] |D| [run_app]: Running module_start of library: SceLibFios2 at address 0x5E001
[06:17:54.607] |W| [stubbed_impl]: Stubbed sceKernelGetProcessId import called. (pid: 0)
[06:17:54.607] |W| [stubbed_impl]: Stubbed _sceFiosKernelOverlayGetList import called. (Set pActualIDs to 0)
[06:17:54.608] |D| [export__sceFiosKernelOverlayGetList]: pid: 0
[06:17:54.608] |D| [export__sceFiosKernelOverlayGetList]: buffer_size: 0
[06:17:54.608] |D| [export__sceFiosKernelOverlayGetList]: maxIDs: 0
[06:17:54.609] |D| [export__sceFiosKernelOverlayGetList]: pActualIDs: 0
[06:17:54.609] |I| [run_app]: Module SceLibFios2 (at "ux0:app\PCSF00210\sce_module\libfios2.suprx") module_start returned 0x0
[06:17:54.614] |D| [run_app]: Running module_start of library: libSceSmart at address 0x8DAB5
[06:17:54.633] |I| [run_app]: Module libSceSmart (at "ux0:app\PCSF00210\sce_module\libsmart.suprx") module_start returned 0x0
[06:17:54.638] |D| [run_app]: Running module_start of library: SceUlt at address 0x3DE95D
[06:17:54.646] |W| [unimplemented_impl]: Unimplemented _sceUlobjMgrRegisterLibultProtocolRevision import called.
[06:17:54.646] |I| [run_app]: Module SceUlt (at "ux0:app\PCSF00210\sce_module\libult.suprx") module_start returned 0x0
[06:17:54.654] |W| [unimplemented_impl]: Unimplemented sceAppUtilInit import called.
[06:17:54.655] |W| [unimplemented_impl]: Unimplemented sceCommonDialogSetConfigParam import called.
[06:17:54.659] |W| [ngs::create_voice_definition]: Missing voice definition for Buss Type 6, using passthrough.
[06:17:54.662] |D| [export_sceNgsVoicePlay]: sceNgsVoicePlay: 1
[06:17:54.662] |D| [export_sceNgsVoicePlay]: sceNgsVoicePlay: 1
[06:17:54.678] |W| [stubbed_impl]: Stubbed sceGxmMapMemory import called. (always return success)
[06:17:54.680] |W| [stubbed_impl]: Stubbed sceGxmMapFragmentUsseMemory import called. (always return success)
[06:17:54.801] |W| [stubbed_impl]: Stubbed sceDisplayWaitSetFrameBuf import called. (move after setframebuf)
[06:17:54.819] |W| [stubbed_impl]: Stubbed sceGxmMapVertexUsseMemory import called. (always return success)
[06:17:54.831] |W| [unimplemented_impl]: Unimplemented sceScreenShotEnable import called.
[06:17:54.909] |I| [export_sceIoOpen]: Opening file: app0://game_data/LoadingScreen/sce_splash_fr.png
[06:17:55.001] |I| [export_sceIoOpen]: Opening file: app0://game_data/Shared/load_back.png
[06:17:55.061] |I| [export_sceIoOpen]: Opening file: app0://game_data/Shared/load_front.png
[06:17:55.080] |I| [export_sceIoOpen]: Opening file: app0://game_data/Shared/playbg.gxt
[06:17:55.102] |I| [renderer::gl::load_shader_generic]: Generating frag shader 60708fcbcfe922caf9b87735f378aff2736b6661b5198d0f729ee4ad6cb727be
[06:17:55.104] |D| [shader::create_parameters]: [DEFAULT  + 0] sa0 = (float4) color
[06:17:55.121] |I| [renderer::gl::load_shader_generic]: Generating vert shader 9d09248a1750bef1d58ebb6f4b39d1faf2e7eb696ecbc84690b0be8c76a1243f
[06:17:55.122] |D| [shader::create_parameters]: [BUFFER0  + 0] pa0 = (float4) position
[06:17:55.139] |I| [export_sceIoOpen]: Opening file: app0://game_data/Shared/keynotes.png
[06:17:55.146] |E| [renderer::gl::compile_program]: Fragment info
-------------
0(21) : warning C7050: "pa[0].zw" might be used before being initialized


[06:17:55.148] |I| [renderer::gl::load_shader_generic]: Generating frag shader 0ecd26f5a07ff15775ec369b49809d6655f9cd84a82bce0e4470075bd6a4efcd
[06:17:55.149] |D| [shader::create_parameters]: [DEFAULT  + 0] sa0 = (float4) color
[06:17:55.155] |I| [renderer::gl::load_shader_generic]: Generating vert shader f5ed912f97ee4f2cddfa3d0f302289a51ddcb8315c9b2627a0117617b7f5aac9
[06:17:55.156] |D| [shader::create_parameters]: [BUFFER0  + 0] pa0 = (float4) position
[06:17:55.156] |D| [shader::create_parameters]: [BUFFER0  + 4] pa4 = (float4) texcoord
[06:17:55.157] |D| [shader::create_parameters]: [DEFAULT  + 0] sa0 = (float4) view[4]
[06:17:55.176] |E| [renderer::gl::compile_program]: Vertex info
-----------
0(23) : warning C7050: "internals[0].w" might be used before being initialized


[06:17:55.215] |I| [export_sceIoOpen]: Opening file: app0://game_data/Shared/number.png
[06:17:55.226] |E| [stat_file]: Missing file at D:/Emulateurs/Vita3K/mc/ux0/app/PCSF00210//game_data/Shared/transpose_back_fr.png (target path: app0://game_data/Shared/transpose_back_fr.png)
[06:17:55.227] |W| [io_error_impl]: stat_file (_sceIoGetstat) returned 0x80010002
[06:17:55.228] |I| [export_sceIoOpen]: Opening file: app0://game_data/Shared/transpose_back.png
[06:17:55.281] |I| [export_sceIoOpen]: Opening file: app0://game_data/Shared/transpose_tab_fr.png
[06:17:55.300] |E| [stat_file]: Missing file at D:/Emulateurs/Vita3K/mc/ux0/app/PCSF00210//game_data/Shared/transpose_selector_fr.png (target path: app0://game_data/Shared/transpose_selector_fr.png)
[06:17:55.300] |W| [io_error_impl]: stat_file (_sceIoGetstat) returned 0x80010002
[06:17:55.302] |I| [export_sceIoOpen]: Opening file: app0://game_data/Shared/transpose_selector.png
[06:17:55.306] |E| [stat_file]: Missing file at D:/Emulateurs/Vita3K/mc/ux0/app/PCSF00210//game_data/Shared/option_back_fr.png (target path: app0://game_data/Shared/option_back_fr.png)
[06:17:55.307] |W| [io_error_impl]: stat_file (_sceIoGetstat) returned 0x80010002
[06:17:55.308] |I| [export_sceIoOpen]: Opening file: app0://game_data/Shared/option_back.png
[06:17:55.316] |E| [stat_file]: Missing file at D:/Emulateurs/Vita3K/mc/ux0/app/PCSF00210//game_data/Shared/option_select_fr.png (target path: app0://game_data/Shared/option_select_fr.png)
[06:17:55.317] |W| [io_error_impl]: stat_file (_sceIoGetstat) returned 0x80010002
[06:17:55.318] |I| [export_sceIoOpen]: Opening file: app0://game_data/Shared/option_select.png
[06:17:55.327] |E| [stat_file]: Missing file at D:/Emulateurs/Vita3K/mc/ux0/app/PCSF00210//game_data/Shared/save_back_fr.png (target path: app0://game_data/Shared/save_back_fr.png)
[06:17:55.328] |W| [io_error_impl]: stat_file (_sceIoGetstat) returned 0x80010002
[06:17:55.329] |I| [export_sceIoOpen]: Opening file: app0://game_data/Shared/save_back.png
[06:17:55.333] |E| [stat_file]: Missing file at D:/Emulateurs/Vita3K/mc/ux0/app/PCSF00210//game_data/Shared/save_front_fr.png (target path: app0://game_data/Shared/save_front_fr.png)
[06:17:55.334] |W| [io_error_impl]: stat_file (_sceIoGetstat) returned 0x80010002
[06:17:55.334] |I| [export_sceIoOpen]: Opening file: app0://game_data/Shared/save_front.png
[06:17:55.337] |E| [stat_file]: Missing file at D:/Emulateurs/Vita3K/mc/ux0/app/PCSF00210//game_data/Shared/save_center_fr.png (target path: app0://game_data/Shared/save_center_fr.png)
[06:17:55.338] |W| [io_error_impl]: stat_file (_sceIoGetstat) returned 0x80010002
[06:17:55.338] |I| [export_sceIoOpen]: Opening file: app0://game_data/Shared/save_center.png
[06:17:55.342] |I| [export_sceIoOpen]: Opening file: app0://game_data/Shared/save_text_fr.png
[06:17:55.349] |I| [export_sceIoOpen]: Opening file: app0://game_data/Shared/system_text_fr.txt
[06:17:55.374] |E| [stat_file]: Missing file at D:/Emulateurs/Vita3K/mc/ux0/app/PCSF00210//game_data/MainMenu/background_fr.gxt (target path: app0://game_data/MainMenu/background_fr.gxt)
[06:17:55.375] |W| [io_error_impl]: stat_file (_sceIoGetstat) returned 0x80010002
[06:17:55.376] |I| [export_sceIoOpen]: Opening file: app0://game_data/MainMenu/background.gxt
[06:17:55.420] |E| [stat_file]: Missing file at D:/Emulateurs/Vita3K/mc/ux0/app/PCSF00210//game_data/MainMenu/background_flash_fr.png (target path: app0://game_data/MainMenu/background_flash_fr.png)
[06:17:55.423] |W| [io_error_impl]: stat_file (_sceIoGetstat) returned 0x80010002
[06:17:55.424] |I| [export_sceIoOpen]: Opening file: app0://game_data/MainMenu/background_flash.png
[06:17:55.567] |E| [stat_file]: Missing file at D:/Emulateurs/Vita3K/mc/ux0/app/PCSF00210//game_data/MainMenu/copyright_fr.png (target path: app0://game_data/MainMenu/copyright_fr.png)
[06:17:55.568] |W| [io_error_impl]: stat_file (_sceIoGetstat) returned 0x80010002
[06:17:55.569] |I| [export_sceIoOpen]: Opening file: app0://game_data/MainMenu/copyright.png
[06:17:55.582] |E| [stat_file]: Missing file at D:/Emulateurs/Vita3K/mc/ux0/app/PCSF00210//game_data/MainMenu/logo_fr.png (target path: app0://game_data/MainMenu/logo_fr.png)
[06:17:55.583] |W| [io_error_impl]: stat_file (_sceIoGetstat) returned 0x80010002
[06:17:55.583] |I| [export_sceIoOpen]: Opening file: app0://game_data/MainMenu/logo.png
[06:17:55.610] |E| [stat_file]: Missing file at D:/Emulateurs/Vita3K/mc/ux0/app/PCSF00210//game_data/MainMenu/logo_flash_fr.png (target path: app0://game_data/MainMenu/logo_flash_fr.png)
[06:17:55.610] |W| [io_error_impl]: stat_file (_sceIoGetstat) returned 0x80010002
[06:17:55.612] |I| [export_sceIoOpen]: Opening file: app0://game_data/MainMenu/logo_flash.png
[06:17:55.639] |E| [stat_file]: Missing file at D:/Emulateurs/Vita3K/mc/ux0/app/PCSF00210//game_data/MainMenu/circle_01_fr.png (target path: app0://game_data/MainMenu/circle_01_fr.png)
[06:17:55.639] |W| [io_error_impl]: stat_file (_sceIoGetstat) returned 0x80010002
[06:17:55.640] |I| [export_sceIoOpen]: Opening file: app0://game_data/MainMenu/circle_01.png
[06:17:55.688] |E| [stat_file]: Missing file at D:/Emulateurs/Vita3K/mc/ux0/app/PCSF00210//game_data/MainMenu/circle_02_fr.png (target path: app0://game_data/MainMenu/circle_02_fr.png)
[06:17:55.689] |W| [io_error_impl]: stat_file (_sceIoGetstat) returned 0x80010002
[06:17:55.689] |I| [export_sceIoOpen]: Opening file: app0://game_data/MainMenu/circle_02.png
[06:17:55.725] |I| [export_sceIoOpen]: Opening file: app0://game_data/MainMenu/tap_to_play_fr.png
[06:17:55.733] |I| [export_sceIoOpen]: Opening file: app0://game_data/Sound/MenuMusic.vag
[06:17:55.764] |I| [export_sceIoOpen]: Opening file: app0://game_data/Bass/pitch_slider_back.png
[06:17:55.803] |I| [export_sceIoOpen]: Opening file: app0://game_data/Bass/pitch_slider_grip.png
[06:17:55.810] |I| [export_sceIoOpen]: Opening file: app0://game_data/Bass/board.png
[06:17:55.917] |I| [export_sceIoOpen]: Opening file: app0://game_data/Bass/separator.png
[06:17:55.942] |I| [export_sceIoOpen]: Opening file: app0://game_data/Bass/button.png
[06:17:55.955] |I| [export_sceIoOpen]: Opening file: app0://game_data/Bass/sound_animate.png
[06:17:55.969] |I| [export_sceIoOpen]: Opening file: app0://game_data/Bass/fx_button.png
[06:17:55.982] |I| [export_sceIoOpen]: Opening file: app0://game_data/Pattern/bass0_p0.txt
[06:17:55.988] |I| [export_sceIoOpen]: Opening file: app0://game_data/Pattern/bass0_p1.txt
[06:17:55.988] |I| [export_sceIoOpen]: Opening file: app0://game_data/Pattern/bass0_p2.txt
[06:17:55.990] |I| [export_sceIoOpen]: Opening file: app0://game_data/Pattern/bass0_p3.txt
[06:17:55.991] |I| [export_sceIoOpen]: Opening file: app0://game_data/Pattern/bass1_p0.txt
[06:17:55.991] |I| [export_sceIoOpen]: Opening file: app0://game_data/Pattern/bass1_p1.txt
[06:17:55.992] |I| [export_sceIoOpen]: Opening file: app0://game_data/Pattern/bass1_p2.txt
[06:17:55.992] |I| [export_sceIoOpen]: Opening file: app0://game_data/Pattern/bass1_p3.txt
[06:17:55.993] |I| [export_sceIoOpen]: Opening file: app0://game_data/Pattern/bass2_p0.txt
[06:17:55.993] |I| [export_sceIoOpen]: Opening file: app0://game_data/Pattern/bass2_p1.txt
[06:17:55.994] |I| [export_sceIoOpen]: Opening file: app0://game_data/Pattern/bass2_p2.txt
[06:17:55.994] |I| [export_sceIoOpen]: Opening file: app0://game_data/Pattern/bass2_p3.txt
[06:17:55.995] |I| [export_sceIoOpen]: Opening file: app0://game_data/Pattern/bass3_p0.txt
[06:17:55.995] |I| [export_sceIoOpen]: Opening file: app0://game_data/Pattern/bass3_p1.txt
[06:17:55.996] |I| [export_sceIoOpen]: Opening file: app0://game_data/Pattern/bass3_p2.txt
[06:17:55.996] |I| [export_sceIoOpen]: Opening file: app0://game_data/Pattern/bass3_p3.txt
[06:17:55.997] |I| [export_sceIoOpen]: Opening file: app0://game_data/Sound/BassSound_0.vag
[06:17:56.058] |I| [export_sceIoOpen]: Opening file: app0://game_data/Sound/BassSound_1.vag
[06:17:56.085] |I| [export_sceIoOpen]: Opening file: app0://game_data/Sound/BassSound_2.vag
[06:17:56.104] |I| [export_sceIoOpen]: Opening file: app0://game_data/Sound/BassSound_3.vag
[06:17:56.145] |I| [export_sceIoOpen]: Opening file: app0://game_data/Bass/move_particle.png
[06:17:56.159] |I| [export_sceIoOpen]: Opening file: app0://game_data/Drum/Drum_0.png
[06:17:56.346] |I| [export_sceIoOpen]: Opening file: app0://game_data/Drum/Drum_1.png
[06:17:56.352] |I| [export_sceIoOpen]: Opening file: app0://game_data/Drum/Drum_2.png
[06:17:56.370] |I| [export_sceIoOpen]: Opening file: app0://game_data/Drum/Drum_3.png
[06:17:56.371] |I| [export_sceIoOpen]: Opening file: app0://game_data/Drum/Drum_4.png
[06:17:56.391] |I| [export_sceIoOpen]: Opening file: app0://game_data/Drum/Drum_5.png
[06:17:56.395] |I| [export_sceIoOpen]: Opening file: app0://game_data/Drum/Drum_6.png
[06:17:56.407] |I| [export_sceIoOpen]: Opening file: app0://game_data/Drum/Drum_7.png
[06:17:56.415] |I| [export_sceIoOpen]: Opening file: app0://game_data/Drum/Drum_8.png
[06:17:56.418] |I| [export_sceIoOpen]: Opening file: app0://game_data/Drum/Drum_9.png
[06:17:56.421] |I| [export_sceIoOpen]: Opening file: app0://game_data/Drum/Drum_Animate.png
[06:17:56.428] |I| [export_sceIoOpen]: Opening file: app0://game_data/Sound/drumSound_0.vag
[06:17:56.429] |I| [export_sceIoOpen]: Opening file: app0://game_data/Sound/drumSound_1.vag
[06:17:56.430] |I| [export_sceIoOpen]: Opening file: app0://game_data/Sound/drumSound_2.vag
[06:17:56.432] |I| [export_sceIoOpen]: Opening file: app0://game_data/Sound/drumSound_3.vag
[06:17:56.432] |I| [export_sceIoOpen]: Opening file: app0://game_data/Sound/drumSound_4.vag
[06:17:56.433] |I| [export_sceIoOpen]: Opening file: app0://game_data/Sound/drumSound_5.vag
[06:17:56.450] |I| [export_sceIoOpen]: Opening file: app0://game_data/Sound/drumSound_6.vag
[06:17:56.495] |I| [export_sceIoOpen]: Opening file: app0://game_data/Sound/drumSound_7.vag
[06:17:56.498] |I| [export_sceIoOpen]: Opening file: app0://game_data/Sound/drumSound_8.vag
[06:17:56.521] |I| [export_sceIoOpen]: Opening file: app0://game_data/Sound/drumSound_9.vag
[06:17:56.523] |I| [export_sceIoOpen]: Opening file: app0://game_data/Sound/drumSound_10.vag
[06:17:56.524] |I| [export_sceIoOpen]: Opening file: app0://game_data/Sound/drumSound_11.vag
[06:17:56.525] |I| [export_sceIoOpen]: Opening file: app0://game_data/Sound/drumSound_12.vag
[06:17:56.526] |I| [export_sceIoOpen]: Opening file: app0://game_data/Sound/drumSound_13.vag
[06:17:56.526] |I| [export_sceIoOpen]: Opening file: app0://game_data/Sound/drumSound_14.vag
[06:17:56.547] |I| [export_sceIoOpen]: Opening file: app0://game_data/Sound/drumSound_15.vag
[06:17:56.571] |E| [stat_file]: Missing file at D:/Emulateurs/Vita3K/mc/ux0/app/PCSF00210//game_data/Option/Option_0_fr.png (target path: app0://game_data/Option/Option_0_fr.png)
[06:17:56.571] |W| [io_error_impl]: stat_file (_sceIoGetstat) returned 0x80010002
[06:17:56.572] |I| [export_sceIoOpen]: Opening file: app0://game_data/Option/Option_0.png
[06:17:56.787] |E| [stat_file]: Missing file at D:/Emulateurs/Vita3K/mc/ux0/app/PCSF00210//game_data/Option/Option_1_fr.png (target path: app0://game_data/Option/Option_1_fr.png)
[06:17:56.788] |W| [io_error_impl]: stat_file (_sceIoGetstat) returned 0x80010002
[06:17:56.789] |I| [export_sceIoOpen]: Opening file: app0://game_data/Option/Option_1.png
[06:17:56.937] |E| [stat_file]: Missing file at D:/Emulateurs/Vita3K/mc/ux0/app/PCSF00210//game_data/Option/Option_2_fr.png (target path: app0://game_data/Option/Option_2_fr.png)
[06:17:56.939] |W| [io_error_impl]: stat_file (_sceIoGetstat) returned 0x80010002
[06:17:56.940] |I| [export_sceIoOpen]: Opening file: app0://game_data/Option/Option_2.png
[06:17:56.949] |E| [stat_file]: Missing file at D:/Emulateurs/Vita3K/mc/ux0/app/PCSF00210//game_data/Option/Option_3_fr.png (target path: app0://game_data/Option/Option_3_fr.png)
[06:17:56.950] |W| [io_error_impl]: stat_file (_sceIoGetstat) returned 0x80010002
[06:17:56.950] |I| [export_sceIoOpen]: Opening file: app0://game_data/Option/Option_3.png
[06:17:56.958] |I| [export_sceIoOpen]: Opening file: app0://game_data/Option/Option_4_fr.png
[06:17:56.962] |I| [export_sceIoOpen]: Opening file: app0://game_data/Option/Option_5_fr.png
[06:17:56.982] |E| [stat_file]: Missing file at D:/Emulateurs/Vita3K/mc/ux0/app/PCSF00210//game_data/Option/Option_6_fr.png (target path: app0://game_data/Option/Option_6_fr.png)
[06:17:56.983] |W| [io_error_impl]: stat_file (_sceIoGetstat) returned 0x80010002
[06:17:56.983] |I| [export_sceIoOpen]: Opening file: app0://game_data/Option/Option_6.png
[06:17:56.985] |E| [stat_file]: Missing file at D:/Emulateurs/Vita3K/mc/ux0/app/PCSF00210//game_data/Option/Option_7_fr.png (target path: app0://game_data/Option/Option_7_fr.png)
[06:17:56.986] |W| [io_error_impl]: stat_file (_sceIoGetstat) returned 0x80010002
[06:17:56.986] |I| [export_sceIoOpen]: Opening file: app0://game_data/Option/Option_7.png
[06:17:57.004] |E| [stat_file]: Missing file at D:/Emulateurs/Vita3K/mc/ux0/app/PCSF00210//game_data/Option/Option_8_fr.png (target path: app0://game_data/Option/Option_8_fr.png)
[06:17:57.005] |W| [io_error_impl]: stat_file (_sceIoGetstat) returned 0x80010002
[06:17:57.005] |I| [export_sceIoOpen]: Opening file: app0://game_data/Option/Option_8.png
[06:17:57.012] |I| [export_sceIoOpen]: Opening file: app0://game_data/Option/Option_9_fr.png
[06:17:57.035] |E| [stat_file]: Missing file at D:/Emulateurs/Vita3K/mc/ux0/app/PCSF00210//game_data/Option/Option_10_fr.png (target path: app0://game_data/Option/Option_10_fr.png)
[06:17:57.036] |W| [io_error_impl]: stat_file (_sceIoGetstat) returned 0x80010002
[06:17:57.037] |I| [export_sceIoOpen]: Opening file: app0://game_data/Option/Option_10.png
[06:17:57.060] |E| [stat_file]: Missing file at D:/Emulateurs/Vita3K/mc/ux0/app/PCSF00210//game_data/Credits/Credits_0_fr.png (target path: app0://game_data/Credits/Credits_0_fr.png)
[06:17:57.061] |W| [io_error_impl]: stat_file (_sceIoGetstat) returned 0x80010002
[06:17:57.062] |I| [export_sceIoOpen]: Opening file: app0://game_data/Credits/Credits_0.png
[06:17:57.257] |I| [export_sceIoOpen]: Opening file: app0://game_data/Credits/Credits_1_fr.png
[06:17:57.260] |E| [stat_file]: Missing file at D:/Emulateurs/Vita3K/mc/ux0/app/PCSF00210//game_data/Credits/Credits_2_fr.png (target path: app0://game_data/Credits/Credits_2_fr.png)
[06:17:57.260] |W| [io_error_impl]: stat_file (_sceIoGetstat) returned 0x80010002
[06:17:57.261] |I| [export_sceIoOpen]: Opening file: app0://game_data/Credits/Credits_2.png
[06:17:57.287] |E| [stat_file]: Missing file at D:/Emulateurs/Vita3K/mc/ux0/app/PCSF00210//game_data/Credits/Credits_3_fr.png (target path: app0://game_data/Credits/Credits_3_fr.png)
[06:17:57.288] |W| [io_error_impl]: stat_file (_sceIoGetstat) returned 0x80010002
[06:17:57.289] |I| [export_sceIoOpen]: Opening file: app0://game_data/Credits/Credits_3.png
[06:17:57.332] |E| [stat_file]: Missing file at D:/Emulateurs/Vita3K/mc/ux0/app/PCSF00210//game_data/Credits/Credits_4_fr.png (target path: app0://game_data/Credits/Credits_4_fr.png)
[06:17:57.334] |E| [discordrpc::update_presence::<lambda_23ff884bf2cdb1bde950cb16a82f908e>::operator ()]: Error updating discord rich presence, err_code: 43
[06:17:57.334] |W| [io_error_impl]: stat_file (_sceIoGetstat) returned 0x80010002
[06:17:57.335] |E| [discordrpc::update_presence::<lambda_23ff884bf2cdb1bde950cb16a82f908e>::operator ()]: Error updating discord rich presence, err_code: 43
