[17:04:08.490] |I| [load_app_impl]: cpu-backend: Dynarmic
[17:04:08.491] |I| [load_app_impl]: CPU Optimisation state: true
[17:04:08.491] |I| [load_app_impl]: at9 audio decoder state: true
[17:04:08.491] |I| [load_app_impl]: ngs experimental state: true
[17:04:08.491] |I| [load_app_impl]: video player state: true
[17:04:08.491] |I| [load_app_impl]: lle-modules: libpgf,libSceXml,libsas,liblocation,libhandwriting,libSceJson,librudp
[17:04:08.491] |I| [load_app_impl]: Title: Fireworks
[17:04:08.491] |I| [load_app_impl]: Serial: PCSF00035
[17:04:08.491] |I| [load_app_impl]: Version: 1.00
[17:04:08.491] |I| [load_app_impl]: Category: gd
[17:04:08.527] |C| [load_self]: Unknown segment type 0x6FFFFF01
[17:04:08.528] |I| [load_self]: Loaded module segment 0 @ [0x00007000 - 0x000431CC / 0x81000000] (size: 0x0003C1CC) of module ux0:app\PCSF00035\sce_module\libc.suprx
[17:04:08.528] |I| [load_self]: Loaded module segment 1 @ [0x00044000 - 0x0004633C / 0x8103D000] (size: 0x0000233C) of module ux0:app\PCSF00035\sce_module\libc.suprx
[17:04:08.528] |I| [load_self]: Loading symbols for SELF: ux0:app\PCSF00035\sce_module\libc.suprx
[17:04:08.528] |D| [load_var_exports]: 	NID 0x6C2224BA (NID_MODULE_INFO) at 0x34CE4
[17:04:08.528] |W| [load_var_imports]: 	NID NOT FOUND 0xDF084DFA (UNRECOGNISED) at 0x3849C, setting to stub value 0xDEADBEEF
[17:04:08.529] |I| [pre_load_module]: Pre-load module SceLibc (at "app\PCSF00035\sce_module\libc.suprx") loaded
[17:04:08.534] |C| [load_self]: Unknown segment type 0x6FFFFF01
[17:04:08.534] |I| [load_self]: Loaded module segment 0 @ [0x00048000 - 0x00069B7C / 0x81000000] (size: 0x00021B7C) of module ux0:app\PCSF00035\sce_module\libfios2.suprx
[17:04:08.534] |I| [load_self]: Loaded module segment 1 @ [0x0006A000 - 0x0006F194 / 0x81022000] (size: 0x00005194) of module ux0:app\PCSF00035\sce_module\libfios2.suprx
[17:04:08.535] |I| [load_self]: Loading symbols for SELF: ux0:app\PCSF00035\sce_module\libfios2.suprx
[17:04:08.535] |D| [load_var_exports]: 	NID 0x6C2224BA (NID_MODULE_INFO) at 0x636CC
[17:04:08.535] |I| [pre_load_module]: Pre-load module SceLibFios2 (at "app\PCSF00035\sce_module\libfios2.suprx") loaded
[17:04:08.549] |C| [load_self]: Unknown segment type 0x6FFFFF01
[17:04:08.549] |I| [load_self]: Loaded module segment 0 @ [0x00070000 - 0x00083B0C / 0x81000000] (size: 0x00013B0C) of module ux0:app\PCSF00035\sce_module\libult.suprx
[17:04:08.549] |I| [load_self]: Loaded module segment 1 @ [0x00084000 - 0x00084810 / 0x81014000] (size: 0x00000810) of module ux0:app\PCSF00035\sce_module\libult.suprx
[17:04:08.549] |I| [load_self]: Loading symbols for SELF: ux0:app\PCSF00035\sce_module\libult.suprx
[17:04:08.549] |D| [load_var_exports]: 	NID 0x6C2224BA (NID_MODULE_INFO) at 0x807F0
[17:04:08.549] |I| [pre_load_module]: Pre-load module SceUlt (at "app\PCSF00035\sce_module\libult.suprx") loaded
[17:04:08.556] |I| [load_self]: Loaded module segment 0 @ [0x00085000 - 0x000D5F04 / 0x81000000] (size: 0x00050F04) of module vs0:sys/external/libSceFt2.suprx
[17:04:08.556] |I| [load_self]: Loaded module segment 1 @ [0x000D6000 - 0x000D62F4 / 0x81051000] (size: 0x000002F4) of module vs0:sys/external/libSceFt2.suprx
[17:04:08.556] |I| [load_self]: Loading symbols for SELF: vs0:sys/external/libSceFt2.suprx
[17:04:08.556] |D| [load_var_exports]: 	NID 0x936C8A78 (SYSLYB) at 0xC17DC
[17:04:08.557] |D| [load_var_exports]: 	NID 0x6C2224BA (NID_MODULE_INFO) at 0xC0F10
[17:04:08.557] |W| [load_var_imports]: 	NID NOT FOUND 0x93B8AA67 (UNRECOGNISED) at 0xD5EE0, setting to stub value 0xDEADBEEF
[17:04:08.557] |I| [pre_load_module]: Pre-load module SceLibft2 (at "sys/external/libSceFt2.suprx") loaded
[17:04:08.559] |I| [load_self]: Loaded module segment 0 @ [0x000D8000 - 0x000E7F14 / 0x81000000] (size: 0x0000FF14) of module vs0:sys/external/libpvf.suprx
[17:04:08.559] |I| [load_self]: Loaded module segment 1 @ [0x000E8000 - 0x000E8008 / 0x81010000] (size: 0x00000008) of module vs0:sys/external/libpvf.suprx
[17:04:08.560] |I| [load_self]: Loading symbols for SELF: vs0:sys/external/libpvf.su