[14:33:50.577] |I| [load_app_impl]: cpu-backend: Dynarmic
[14:33:50.577] |I| [load_app_impl]: CPU Optimisation state: true
[14:33:50.577] |I| [load_app_impl]: at9 audio decoder state: true
[14:33:50.577] |I| [load_app_impl]: ngs experimental state: true
[14:33:50.577] |I| [load_app_impl]: video player state: true
[14:33:50.577] |I| [load_app_impl]: lle-modules: libSceJson,liblocation,libSceXml,libpgf,libvoice,librudp,libSceSqlite,libvoiceqos,libsas
[14:33:50.577] |I| [load_app_impl]: Title: Kit piratage de Bentley™
[14:33:50.578] |I| [load_app_impl]: Serial: PCSF00251
[14:33:50.578] |I| [load_app_impl]: Version: 1.00
[14:33:50.578] |I| [load_app_impl]: Category: gd
[14:33:50.776] |C| [load_self]: Unknown segment type 0x6FFFFF01
[14:33:50.776] |I| [load_self]: Loaded module segment 0 @ [0x00007000 - 0x00042C2C / 0x81000000] (size: 0x0003BC2C) of module ux0:app\PCSF00251\sce_module\libc.suprx
[14:33:50.776] |I| [load_self]: Loaded module segment 1 @ [0x00043000 - 0x00045380 / 0x8103C000] (size: 0x00002380) of module ux0:app\PCSF00251\sce_module\libc.suprx
[14:33:50.777] |I| [load_self]: Loading symbols for SELF: ux0:app\PCSF00251\sce_module\libc.suprx
[14:33:50.778] |D| [load_var_exports]: 	NID 0x6C2224BA (NID_MODULE_INFO) at 0x34540
[14:33:50.778] |W| [load_var_imports]: 	NID NOT FOUND 0xDF084DFA (UNRECOGNISED) at 0x37D88, setting to stub value 0xDEADBEEF
[14:33:50.779] |I| [pre_load_module]: Pre-load module SceLibc (at "app\PCSF00251\sce_module\libc.suprx") loaded
[14:33:50.796] |C| [load_self]: Unknown segment type 0x6FFFFF01
[14:33:50.797] |I| [load_self]: Loaded module segment 0 @ [0x00047000 - 0x000683BC / 0x81000000] (size: 0x000213BC) of module ux0:app\PCSF00251\sce_module\libfios2.suprx
[14:33:50.797] |I| [load_self]: Loaded module segment 1 @ [0x00069000 - 0x0006E1B8 / 0x81022000] (size: 0x000051B8) of module ux0:app\PCSF00251\sce_module\libfios2.suprx
[14:33:50.798] |I| [load_self]: Loading symbols for SELF: ux0:app\PCSF00251\sce_module\libfios2.suprx
[14:33:50.799] |D| [load_var_exports]: 	NID 0x6C2224BA (NID_MODULE_INFO) at 0x61D84
[14:33:50.799] |I| [pre_load_module]: Pre-load module SceLibFios2 (at "app\PCSF00251\sce_module\libfios2.suprx") loaded
[14:33:50.889] |C| [load_self]: Unknown segment type 0x6FFFFF01
[14:33:50.890] |I| [load_self]: Loaded module segment 0 @ [0x0006F000 - 0x0027C948 / 0x81000000] (size: 0x0020D948) of module ux0:app\PCSF00251\sce_module\libsmart.suprx
[14:33:50.891] |I| [load_self]: Loaded module segment 1 @ [0x0027D000 - 0x003C3AE4 / 0x8120E000] (size: 0x00146AE4) of module ux0:app\PCSF00251\sce_module\libsmart.suprx
[14:33:50.891] |I| [load_self]: Loading symbols for SELF: ux0:app\PCSF00251\sce_module\libsmart.suprx
[14:33:50.892] |D| [load_var_exports]: 	NID 0x6C2224BA (NID_MODULE_INFO) at 0x11C25C
[14:33:50.893] |I| [pre_load_module]: Pre-load module libSceSmart (at "app\PCSF00251\sce_module\libsmart.suprx") loaded
[14:33:50.910] |C| [load_self]: Unknown segment type 0x6FFFFF01
[14:33:50.910] |I| [load_self]: Loaded module segment 0 @ [0x003C4000 - 0x003D7474 / 0x81000000] (size: 0x00013474) of module ux0:app\PCSF00251\sce_module\libult.suprx
[14:33:50.911] |I| [load_self]: Loaded module segment 1 @ [0x003D8000 - 0x003D8814 / 0x81014000] (size: 0x00000814) of module ux0:app\PCSF00251\sce_module\libult.suprx
[14:33:50.912] |I| [load_self]: Loading symbols for SELF: ux0:app\PCSF00251\sce_module\libult.suprx
[14:33:50.913] |D| [load_var_exports]: 	NID 0x6C2224BA (NID_MODULE_INFO) at 0x3D3714
[14:33:50.915] |I| [pre_load_module]: Pre-load module SceUlt (at "app\PCSF00251\sce_module\libult.suprx") loaded
[14:33:50.922] |I| [load_self]: Loaded module segment 0 @ [0x003D9000 - 0x00429F04 / 0x81000000] (size: 0x00050F04) of module vs0:sys/external/libSceFt2.suprx
[14:33:50.922] |I| [load_self]: Loaded module segment 1 @ [0x0042A000 - 0x0042A2F4 / 0x81051000] (size: 0x000002F4) of module vs0:sys/external/libSceFt2.suprx
[14:33:50.923] |I| [load_self]: Loading symbols for SELF: vs0:sys/external/libSceFt2.suprx
[14:33:50.924] |D| [load_var_exports]: 	NID 0x936C8A78 (SYSLYB) at 0x4157DC
[14:33:50.924] |D| [load_var_exports]: 	NID 0x6C2224BA (NID_MODULE_INFO) at 0x414F10
[14:33:50.925] |W| [load_var_imports]: 	NID NOT FOUND 0x93B8AA67 (UNRECOGNISED) at 0x429EE0, setting to stub value 0xDEADBEEF
[14:33:50.926] |I| [pre_load_module]: Pre-load module SceLibft2 (at "sys/external/libSceFt2.suprx") loaded
[14:33:50.928] |I| [load_self]: Loaded module segment 0 @ [0x0042C000 - 0x0043BF14 / 0x81000000] (size: 0x0000FF14) of module vs0:sys/external/libpvf.suprx
[14:33:50.928] |I| [load_self]: Loaded module segment 1 @ [0x0043C000 - 0x0043C008 / 0x81010000] (size: 0x00000008) of module vs0:sys/external/libpvf.suprx
[14:33:50.931] |I| [load_self]: Loading symbols for SELF: vs0:sys/external/libpvf.suprx
[14:33:50.932] |D| [load_var_exports]: 	NID 0x936C8A78 (SYSLYB) at 0x43A710
[14:33:50.932] |D| [load_var_exports]: 	NID 0x6C2224BA (NID_MODULE_INFO) at 0x43A300
[14:33:50.933] |I| [pre_load_module]: Pre-load module SceLibPvf (at "sys/external/libpvf.suprx") loaded
[14:33:51.079] |C| [load_self]: Unknown segment type 0x6FFFFF01
[14:33:51.079] |I| [load_self]: Loaded module segment 0 @ [0x81000000 - 0x81689E6C / 0x81000000] (size: 0x00689E6C) of module app0:eboot.bin
[14:33:51.080] |I| [load_self]: Loaded module segment 1 @ [0x8168A000 - 0x818D7088 / 0x8168A000] (size: 0x0024D088) of module app0:eboot.bin
[14:33:51.081] |I| [load_self]: Loading symbols for SELF: app0:eboot.bin
[14:33:51.081] |D| [load_var_exports]: 	NID 0x6C2224BA (NID_MODULE_INFO) at 0x81584990
[14:33:51.081] |D| [load_var_exports]: 	NID 0x70FBA1E7 (SCE_PROC_PARAMS) at 0x816C0A3C
[14:33:51.082] |I| [load_app_impl]: Main executable Sly4HackPack_Psp2_Disc_Shi (eboot.bin) loaded
[14:33:51.091] |D| [run_app]: Running module_start of library: SceLibc at address 0x75B1
[14:33:51.142] |I| [run_app]: Module SceLibc (at "ux0:app\PCSF00251\sce_module\libc.suprx") module_start returned 0x0
[14:33:51.146] |D| [run_app]: Running module_start of library: SceLibFios2 at address 0x47001
[14:33:51.154] |W| [stubbed_impl]: Stubbed sceKernelGetProcessId import called. (pid: 0)
[14:33:51.154] |W| [stubbed_impl]: Stubbed _sceFiosKernelOverlayGetList import called. (Set pActualIDs to 0)
[14:33:51.154] |D| [export__sceFiosKernelOverlayGetList]: pid: 0
[14:33:51.155] |D| [export__sceFiosKernelOverlayGetList]: buffer_size: 0
[14:33:51.155] |D| [export__sceFiosKernelOverlayGetList]: maxIDs: 0
[14:33:51.155] |D| [export__sceFiosKernelOverlayGetList]: pActualIDs: 0
[14:33:51.156] |I| [run_app]: Module SceLibFios2 (at "ux0:app\PCSF00251\sce_module\libfios2.suprx") module_start returned 0x0
[14:33:51.160] |D| [run_app]: Running module_start of library: libSceSmart at address 0x76AB5
[14:33:51.180] |I| [run_app]: Module libSceSmart (at "ux0:app\PCSF00251\sce_module\libsmart.suprx") module_start returned 0x0
[14:33:51.185] |D| [run_app]: Running module_start of library: SceUlt at address 0x3C795D
[14:33:51.193] |W| [unimplemented_impl]: Unimplemented _sceUlobjMgrRegisterLibultProtocolRevision import called.
[14:33:51.193] |I| [run_app]: Module SceUlt (at "ux0:app\PCSF00251\sce_module\libult.suprx") module_start returned 0x0
[14:33:51.199] |W| [unimplemented_impl]: Unimplemented sceKernelRegisterThreadEventHandler import called.
[14:33:51.428] |W| [unimplemented_impl]: Unimplemented sceAppUtilInit import called.
[14:33:51.461] |W| [unimplemented_impl]: Unimplemented sceKernelChangeThreadVfpException import called.
[14:33:51.462] |W| [unimplemented_impl]: Unimplemented _sceFiosKernelOverlayThreadSetDisabled import called.
[14:33:51.492] |W| [unimplemented_impl]: Unimplemented sceMotionReset import called.
[14:33:51.493] |W| [unimplemented_impl]: Unimplemented sceMotionStartSampling import called.
[14:33:51.511] |W| [unimplemented_impl]: Unimplemented _sceFiosKernelOverlayGetRecommendedScheduler import called.
[14:33:51.515] |I| [export_sceIoOpen]: Opening file: app0:/Sly4HackPack.psarc
[14:33:51.546] |I| [export_sceIoOpen]: Opening file: app0:/Sly4HackPack.psarc
[14:33:51.551] |I| [export_sceIoOpen]: Opening file: app0:/Sly4HackPack.psarc
[14:33:51.581] |I| [export_sceIoOpen]: Opening file: app0:/Sly4HackPack.psarc
[14:33:51.860] |W| [stubbed_impl]: Stubbed sceGxmMapMemory import called. (always return success)
[14:33:51.878] |W| [stubbed_impl]: Stubbed sceGxmMapFragmentUsseMemory import called. (always return success)
[14:33:51.949] |W| [stubbed_impl]: Stubbed sceGxmGetRenderTargetMemSize import called. (2MB host mem)
[14:33:51.975] |W| [stubbed_impl]: Stubbed sceGxmMapVertexUsseMemory import called. (always return success)
[14:33:51.981] |W| [unimplemented_impl]: Unimplemented sceCommonDialogSetConfigParam import called.
[14:33:52.422] |W| [unimplemented_impl]: Unimplemented sceGxmDepthStencilSurfaceSetForceStoreMode import called.
[14:33:52.422] |W| [unimplemented_impl]: Unimplemented sceGxmDepthStencilSurfaceSetForceLoadMode import called.
[14:33:52.452] |I| [renderer::gl::load_shader_generic]: Generating frag shader deb1fd7cb95274e90160a6cad362d4ace5c79f031a9f14bd4eebc34b86497d51
[14:33:52.455] |D| [shader::create_parameters]: [DEFAULT  + 0] sa0 = (float4) gps_vColor
[14:33:52.459] |I| [renderer::gl::load_shader_generic]: Generating vert shader 1f84f04f18a3863877ed76adf6c7264d3eb16a431ee58a5bc84bb3d7b62f162b
[14:33:52.460] |D| [shader::create_parameters]: [BUFFER0  + 0] pa0 = (float4) aPosition
[14:33:52.464] |E| [renderer::gl::compile_program]: Fragment info
-------------
0(19) : warning C7050: "pa[0].zw" might be used before being initialized


[14:33:52.466] |I| [renderer::gl::load_shader_generic]: Generating frag shader cae4a4557d86da6d614a8e4c42b195992a7c0484bdbff92f66ad14b067336a79
[14:33:52.467] |D| [shader::create_fragment_inputs]: Iterator: pa0 = (float4) v_Color0
[14:33:52.472] |I| [renderer::gl::load_shader_generic]: Generating vert shader ff0ffee19b686bf018ee8c0b84e971a155a28ee14eb33b5ddcde4c03fea374a0
[14:33:52.473] |D| [shader::create_parameters]: [BUFFER0  + 0] pa0 = (float4) IN_pos
[14:33:52.473] |D| [shader::create_parameters]: [BUFFER0  + 4] pa4 = (float4) IN_color
[14:33:52.473] |D| [shader::create_parameters]: [BUFFER0  + 8] pa8 = (float4) IN_uv0
[14:33:52.474] |D| [shader::create_parameters]: [DEFAULT  + 0] sa0 = (float4) gModelViewProj[4]
[14:33:52.482] |W| [stubbed_impl]: Stubbed sceDisplayWaitVblankStartMulti import called. (wait for vblank)
[14:33:52.645] |W| [unimplemented_impl]: Unimplemented sceNpBasicInit import called.
[14:33:52.645] |W| [unimplemented_impl]: Unimplemented sceNpScoreInit import called.
[14:33:52.894] |W| [stubbed_impl]: Stubbed sceNpTrophyCreateHandle import called. (Stubbed handle with 1)
[14:33:53.109] |W| [unimplemented_impl]: Unimplemented sceCommonDialogUpdate import called.
[14:33:53.216] |W| [stubbed_impl]: Stubbed sceNetCtlInit import called. (Stub)
[14:33:53.217] |W| [unimplemented_impl]: Unimplemented sceSslInit import called.
[14:33:53.217] |W| [unimplemented_impl]: Unimplemented sceHttpInit import called.
[14:33:53.218] |W| [unimplemented_impl]: Unimplemented sceNpTusInit import called.
[14:33:53.317] |W| [ngs::create_voice_definition]: Missing voice definition for Buss Type 15, using passthrough.
[14:33:53.317] |W| [ngs::create_voice_definition]: Missing voice definition for Buss Type 16, using passthrough.
[14:33:53.326] |W| [unimplemented_impl]: Unimplemented sceNgsSystemSetFlags import called.
[14:33:53.326] |W| [ngs::create_voice_definition]: Missing voice definition for Buss Type 1, using passthrough.
[14:33:53.327] |D| [export_sceNgsVoiceInit]: flags: 7
[14:33:53.327] |W| [unimplemented_impl]: Unimplemented sceNgsVoiceBypassModule import called.
[14:33:53.328] |D| [export_sceNgsVoiceInit]: flags: 7
[14:33:53.329] |W| [ngs::create_voice_definition]: Missing voice definition for Buss Type 10, using passthrough.
[14:33:53.330] |D| [export_sceNgsVoicePlay]: sceNgsVoicePlay: 1
[14:33:53.330] |D| [export_sceNgsVoicePlay]: sceNgsVoicePlay: 1
[14:33:53.330] |D| [export_sceNgsVoicePlay]: sceNgsVoicePlay: 1
[14:33:53.339] |D| [export_sceNgsVoicePlay]: sceNgsVoicePlay: 1
[14:33:53.339] |W| [unimplemented_impl]: Unimplemented sceNgsVoiceSetFinishedCallback import called.
[14:33:53.343] |D| [export_sceNgsVoicePlay]: sceNgsVoicePlay: 1
[14:33:53.344] |D| [export_sceNgsVoicePlay]: sceNgsVoicePlay: 1
[14:33:53.371] |E| [logging::ret_error_impl]: sceKernelWaitLwCond returned SCE_KERNEL_ERROR_WAIT_TIMEOUT (0x80028005)
[14:33:53.583] |I| [export_sceIoOpen]: Opening file: savedata0:data0000.bin
[14:33:59.994] |E| [logging::ret_error_impl]: sceKernelTryLockLwMutex returned SCE_KERNEL_ERROR_LW_MUTEX_FAILED_TO_OWN (0x80028185)
[14:34:00.842] |W| [stubbed_impl]: Stubbed sceNpCheckCallback import called. (Stub)
[14:34:00.842] |W| [stubbed_impl]: Stubbed __sceAppMgrGetAppState import called. (Set to 0.)
[14:34:00.844] |W| [unimplemented_impl]: Unimplemented sceMotionGetState import called.
[14:34:00.847] |W| [unimplemented_impl]: Unimplemented sceNpScoreCreateTitleCtx import called.
[14:34:13.257] |I| [float_to_half_init]: AVX+F16C instruction set supported. Use fast f32 to f16 conversion
[14:34:13.359] |I| [renderer::gl::load_shader_generic]: Generating frag shader baa2c37dc9981ad0abe70dd9aed903e7b31b1867bcd37775a998055b4bf43008
[14:34:13.362] |D| [shader::create_parameters]: [DEFAULT  + 0] sa0 = (half4) gVecFogColor
[14:34:13.362] |D| [shader::create_parameters]: [DEFAULT  + 2] sa2 = (half2) gfBlendAlpha
[14:34:13.363] |D| [shader::create_fragment_inputs]: Iterator: pa0 = (half4) v_Color0
[14:34:13.363] |D| [shader::create_fragment_inputs]: Iterator: pa6 = (half4) v_TexCoord0
[14:34:13.371] |I| [renderer::gl::load_shader_generic]: Generating vert shader 1a12c8d82546e5a66728a9f6bff54be9af04a50feeebfe8279de7338e04afc14
[14:34:13.372] |D| [shader::create_parameters]: [BUFFER0  + 0] pa0 = (float4) IN_pos
[14:34:13.372] |D| [shader::create_parameters]: [BUFFER0  + 4] pa4 = (float4) IN_color
[14:34:13.373] |D| [shader::create_parameters]: [BUFFER0  + 8] pa8 = (float4) IN_uv0
[14:34:13.373] |D| [shader::create_parameters]: [BUFFER0  + 12] pa12 = (float4) IN_normal
[14:34:13.374] |D| [shader::create_parameters]: [DEFAULT  + 48] sa48 = (float4) gVecFogParams
[14:34:13.374] |D| [shader::create_parameters]: [DEFAULT  + 0] sa0 = (float4) gvLightData[6]
[14:34:13.375] |D| [shader::create_parameters]: [DEFAULT  + 24] sa24 = (float4) gModelViewProj[4]
[14:34:13.377] |D| [export_sceNgsVoiceInit]: flags: 0
[14:34:13.379] |D| [shader::create_parameters]: [DEFAULT  + 40] sa40 = (float4) gmUVXForm[2]
[14:34:13.390] |W| [unimplemented_impl]: Unimplemented sceNgsVoiceSetParamsBlock import called.
[14:34:13.395] |D| [export_sceNgsVoicePlay]: sceNgsVoicePlay: 1
[14:34:13.404] |E| [renderer::gl::compile_program]: Vertex info
-----------
0(26) : warning C7050: "internals[0]" might be used before being initialized
0(26) : warning C7050: "internals[1].w" might be used before being initialized
0(26) : warning C7050: "internals[2]" might be used before being initialized

Fragment info
-------------
0(22) : warning C7050: "pa[0].zw" might be used before being initialized
0(22) : warning C7050: "pa[1].xy" might be used before being initialized
0(24) : warning C7050: "internals[1]" might be used before being initialized
0(24) : warning C7050: "internals[2].w" might be used before being initialized


[14:34:13.407] |I| [renderer::gl::load_shader_generic]: Generating vert shader b6d4cdd51ea4d87e50721bc9a8893a7ee8202cfbe242a5650975d1549a1c341b
[14:34:13.411] |D| [shader::create_parameters]: [BUFFER0  + 0] pa0 = (float4) IN_pos
[14:34:13.411] |D| [shader::create_parameters]: [BUFFER0  + 4] pa4 = (float4) IN_color
[14:34:13.412] |D| [shader::create_parameters]: [BUFFER0  + 8] pa8 = (float4) IN_uv0
[14:34:13.412] |D| [shader::create_parameters]: [BUFFER0  + 12] pa12 = (float4) IN_normal
[14:34:13.412] |D| [shader::create_parameters]: [DEFAULT  + 40] sa40 = (float4) gVecFogParams
[14:34:13.413] |D| [shader::create_parameters]: [DEFAULT  + 0] sa0 = (float4) gvLightData[6]
[14:34:13.413] |D| [shader::create_parameters]: [DEFAULT  + 24] sa24 = (float4) gModelViewProj[4]
[14:34:13.435] |E| [renderer::gl::compile_program]: Vertex info
-----------
0(26) : warning C7050: "internals[0]" might be used before being initialized
0(26) : warning C7050: "internals[1].w" might be used before being initialized
0(26) : warning C7050: "internals[2]" might be used before being initialized

Fragment info
-------------
0(22) : warning C7050: "pa[0].zw" might be used before being initialized
0(22) : warning C7050: "pa[1].xy" might be used before being initialized
0(24) : warning C7050: "internals[1]" might be used before being initialized
0(24) : warning C7050: "internals[2].w" might be used before being initialized


[14:34:13.436] |I| [renderer::gl::load_shader_generic]: Generating vert shader 854a2919fa09cf3399c69785917202065fe9a1f2c39ee07d3ab87151f3fd6d52
[14:34:13.438] |D| [shader::create_parameters]: [BUFFER0  + 0] pa0 = (float4) IN_pos
[14:34:13.441] |D| [shader::create_parameters]: [BUFFER0  + 4] pa4 = (float4) IN_color
[14:34:13.441] |D| [shader::create_parameters]: [BUFFER0  + 8] pa8 = (float4) IN_uv0
[14:34:13.441] |D| [shader::create_parameters]: [BUFFER0  + 12] pa12 = (float4) IN_normal
[14:34:13.442] |D| [shader::create_parameters]: [DEFAULT  + 64] sa64 = (float4) gVecFogParams
[14:34:13.442] |D| [shader::create_parameters]: [DEFAULT  + 0] sa0 = (float4) gvLightData[12]
[14:34:13.443] |D| [shader::create_parameters]: [DEFAULT  + 48] sa48 = (float4) gModelViewProj[4]
[14:34:13.478] |E| [renderer::gl::compile_program]: Vertex info
-----------
0(26) : warning C7050: "internals[0]" might be used before being initialized
0(26) : warning C7050: "internals[1].w" might be used before being initialized
0(26) : warning C7050: "internals[2].w" might be used before being initialized
0(27) : warning C7050: "r[0].zw" might be used before being initialized

Fragment info
-------------
0(22) : warning C7050: "pa[0].zw" might be used before being initialized
0(22) : warning C7050: "pa[1].xy" might be used before being initialized
0(24) : warning C7050: "internals[1]" might be used before being initialized
0(24) : warning C7050: "internals[2].w" might be used before being initialized


[14:34:13.481] |I| [renderer::gl::load_shader_generic]: Generating vert shader 5763f3fa8823275b0ef74f737e0cf97fa576603bac24bc443f51a43beee548ca
[14:34:13.482] |D| [shader::create_parameters]: [BUFFER0  + 0] pa0 = (float4) IN_pos
[14:34:13.482] |D| [shader::create_parameters]: [BUFFER0  + 4] pa4 = (float4) IN_color
[14:34:13.482] |D| [shader::create_parameters]: [BUFFER0  + 8] pa8 = (float4) IN_uv0
[14:34:13.483] |D| [shader::create_parameters]: [BUFFER0  + 12] pa12 = (float4) IN_normal
[14:34:13.483] |D| [shader::create_parameters]: [DEFAULT  + 60] sa60 = (float4) gVecFogParams
[14:34:13.487] |D| [shader::create_parameters]: [DEFAULT  + 0] sa0 = (float4) gvLightData[9]
[14:34:13.487] |D| [shader::create_parameters]: [DEFAULT  + 36] sa36 = (float4) gModelViewProj[4]
[14:34:13.488] |D| [shader::create_parameters]: [DEFAULT  + 52] sa52 = (float4) gmUVXForm[2]
[14:34:13.516] |E| [renderer::gl::compile_program]: Vertex info
-----------
0(26) : warning C7050: "internals[0]" might be used before being initialized
0(26) : warning C7050: "internals[1].w" might be used before being initialized
0(26) : warning C7050: "internals[2].w" might be used before being initialized

Fragment info
-------------
0(22) : warning C7050: "pa[0].zw" might be used before being initialized
0(22) : warning C7050: "pa[1].xy" might be used before being initialized
0(24) : warning C7050: "internals[1]" might be used before being initialized
0(24) : warning C7050: "internals[2].w" might be used before being initialized


[14:34:13.523] |I| [renderer::gl::load_shader_generic]: Generating vert shader 237dd9575a05fdf13630249a16f625ba36b837e07ac8da88a58e635a5c99ff83
[14:34:13.525] |D| [shader::create_parameters]: [BUFFER0  + 0] pa0 = (float4) IN_pos
[14:34:13.525] |D| [shader::create_parameters]: [BUFFER0  + 4] pa4 = (float4) IN_color
[14:34:13.526] |D| [shader::create_parameters]: [BUFFER0  + 8] pa8 = (float4) IN_uv0
[14:34:13.526] |D| [shader::create_parameters]: [BUFFER0  + 12] pa12 = (float4) IN_normal
[14:34:13.527] |D| [shader::create_parameters]: [DEFAULT  + 72] sa72 = (float4) gVecFogParams
[14:34:13.527] |D| [shader::create_parameters]: [DEFAULT  + 0] sa0 = (float4) gvLightData[12]
[14:34:13.527] |D| [shader::create_parameters]: [DEFAULT  + 48] sa48 = (float4) gModelViewProj[4]
[14:34:13.528] |D| [shader::create_parameters]: [DEFAULT  + 64] sa64 = (float4) gmUVXForm[2]
[14:34:13.565] |E| [renderer::gl::compile_program]: Vertex info
-----------
0(26) : warning C7050: "internals[0]" might be used before being initialized
0(26) : warning C7050: "internals[1].w" might be used before being initialized
0(26) : warning C7050: "internals[2].w" might be used before being initialized
0(27) : warning C7050: "r[0].zw" might be used before being initialized

Fragment info
-------------
0(22) : warning C7050: "pa[0].zw" might be used before being initialized
0(22) : warning C7050: "pa[1].xy" might be used before being initialized
0(24) : warning C7050: "internals[1]" might be used before being initialized
0(24) : warning C7050: "internals[2].w" might be used before being initialized


[14:34:13.573] |I| [renderer::gl::load_shader_generic]: Generating vert shader 36a77bcee4e05560d2fb1756a095596bd9ac15f8156348decf9dfb0593df715c
[14:34:13.574] |D| [shader::create_parameters]: [BUFFER0  + 0] pa0 = (float4) IN_pos
[14:34:13.574] |D| [shader::create_parameters]: [BUFFER0  + 4] pa4 = (float4) IN_color
[14:34:13.575] |D| [shader::create_parameters]: [BUFFER0  + 8] pa8 = (float4) IN_uv0
[14:34:13.575] |D| [shader::create_parameters]: [BUFFER0  + 12] pa12 = (float4) IN_normal
[14:34:13.576] |D| [shader::create_parameters]: [DEFAULT  + 52] sa52 = (float4) gVecFogParams
[14:34:13.576] |D| [shader::create_parameters]: [DEFAULT  + 0] sa0 = (float4) gvLightData[9]
[14:34:13.576] |D| [shader::create_parameters]: [DEFAULT  + 36] sa36 = (float4) gModelViewProj[4]
[14:34:13.606] |E| [renderer::gl::compile_program]: Vertex info
-----------
0(26) : warning C7050: "internals[0]" might be used before being initialized
0(26) : warning C7050: "internals[1].w" might be used before being initialized
0(26) : warning C7050: "internals[2].w" might be used before being initialized

Fragment info
-------------
0(22) : warning C7050: "pa[0].zw" might be used before being initialized
0(22) : warning C7050: "pa[1].xy" might be used before being initialized
0(24) : warning C7050: "internals[1]" might be used before being initialized
0(24) : warning C7050: "internals[2].w" might be used before being initialized


[14:34:13.632] |I| [renderer::gl::load_shader_generic]: Generating frag shader 19d512960c7e11d17d3381c81b46e1caae025c2284e55d1ce367e4efddb9ee38
[14:34:13.634] |D| [shader::create_parameters]: [DEFAULT  + 0] sa0 = (half4) gVecFogColor
[14:34:13.634] |D| [shader::create_parameters]: [DEFAULT  + 2] sa2 = (float2) gfBlendAlpha
[14:34:13.635] |D| [shader::create_parameters]: [DEFAULT  + 4] sa4 = (float4) gps_vLightMultParams
[14:34:13.635] |D| [shader::create_fragment_inputs]: Iterator: pa0 = (float4) v_Color0
[14:34:13.635] |D| [shader::create_fragment_inputs]: Iterator: pa8 = (float4) v_TexCoord0
[14:34:13.649] |I| [renderer::gl::load_shader_generic]: Generating vert shader d8b86d228bd7bb2f12de73f24c35772c686c9daf1417a005fe464a6c7af9b3a2
[14:34:13.650] |D| [shader::create_parameters]: [BUFFER0  + 0] pa0 = (float4) IN_pos
[14:34:13.650] |D| [shader::create_parameters]: [BUFFER0  + 4] pa4 = (float4) IN_color
[14:34:13.651] |D| [shader::create_parameters]: [BUFFER0  + 8] pa8 = (float4) IN_uv0
[14:34:13.652] |D| [shader::create_parameters]: [BUFFER0  + 12] pa12 = (float4) IN_normal
[14:34:13.652] |D| [shader::create_parameters]: [DEFAULT  + 76] sa76 = (float4) gVecFogParams
[14:34:13.653] |D| [shader::create_parameters]: [DEFAULT  + 40] sa40 = (float4) gvLightData[3]
[14:34:13.653] |D| [shader::create_parameters]: [DEFAULT  + 24] sa24 = (float4) gModelViewProj[4]
[14:34:13.653] |D| [shader::create_parameters]: [DEFAULT  + 68] sa68 = (float4) gmUVXForm[2]
[14:34:13.654] |D| [shader::create_parameters]: [DEFAULT  + 52] sa52 = (float4) gvs_worldMatrix[4]
[14:34:13.658] |D| [shader::create_parameters]: [DEFAULT  + 0] sa0 = (float3) gvs_ambientCube[6]
[14:34:13.658] |D| [shader::create_parameters]: [DEFAULT  + 80] sa80 = (float4) gvs_vLightMultParams
[14:34:13.686] |E| [renderer::gl::compile_program]: Vertex info
-----------
0(28) : warning C7050: "internals[0].w" might be used before being initialized
0(28) : warning C7050: "internals[1]" might be used before being initialized
0(28) : warning C7050: "internals[2].w" might be used before being initialized

Fragment info
-------------
0(24) : warning C7050: "internals[0]" might be used before being initialized
0(24) : warning C7050: "internals[1]" might be used before being initialized


[14:34:13.690] |I| [renderer::gl::load_shader_generic]: Generating vert shader 49aad1376e1a925175dd15f18eff788efc06f5e6275beabcdf02c9a30364b489
[14:34:13.692] |D| [shader::create_parameters]: [BUFFER0  + 0] pa0 = (float4) IN_pos
[14:34:13.692] |D| [shader::create_parameters]: [BUFFER0  + 4] pa4 = (float4) IN_color
[14:34:13.692] |D| [shader::create_parameters]: [BUFFER0  + 8] pa8 = (float4) IN_uv0
[14:34:13.693] |D| [shader::create_parameters]: [BUFFER0  + 12] pa12 = (float4) IN_normal
[14:34:13.693] |D| [shader::create_parameters]: [DEFAULT  + 28] sa28 = (float4) gVecFogParams
[14:34:13.694] |D| [shader::create_parameters]: [DEFAULT  + 16] sa16 = (float4) gvLightData[3]
[14:34:13.694] |D| [shader::create_parameters]: [DEFAULT  + 0] sa0 = (float4) gModelViewProj[4]
[14:34:13.711] |E| [renderer::gl::compile_program]: Vertex info
-----------
0(26) : warning C7050: "internals[0].w" might be used before being initialized
0(26) : warning C7050: "internals[1]" might be used before being initialized

Fragment info
-------------
0(22) : warning C7050: "pa[0].zw" might be used before being initialized
0(22) : warning C7050: "pa[1].xy" might be used before being initialized
0(24) : warning C7050: "internals[1]" might be used before being initialized
0(24) : warning C7050: "internals[2].w" might be used before being initialized


[14:34:13.762] |I| [renderer::gl::load_shader_generic]: Generating frag shader 27fa2ceb5d85366b5545de68d9f19368d349a8e4e20ceb2debe2dc3ce8a5e649
[14:34:13.765] |D| [shader::create_parameters]: [DEFAULT  + 0] sa0 = (half4) gVecFogColor
[14:34:13.765] |D| [shader::create_parameters]: [DEFAULT  + 2] sa2 = (half2) gfBlendAlpha
[14:34:13.765] |D| [shader::create_fragment_inputs]: Iterator: pa0 = (half4) v_Color0
[14:34:13.765] |D| [shader::create_fragment_inputs]: Iterator: pa4 = (half4) v_TexCoord0
[14:34:13.771] |I| [renderer::gl::load_shader_generic]: Generating vert shader 2a09cacd80a985353a74ea91819eac46aad0e8e00c3c40b672cdfb8ff574a6e3
[14:34:13.772] |D| [shader::create_parameters]: [BUFFER0  + 0] pa0 = (float4) IN_pos
[14:34:13.772] |D| [shader::create_parameters]: [BUFFER0  + 4] pa4 = (float4) IN_color
[14:34:13.773] |D| [shader::create_parameters]: [BUFFER0  + 8] pa8 = (float4) IN_uv0
[14:34:13.773] |D| [shader::create_parameters]: [DEFAULT  + 24] sa24 = (float4) gVecFogParams
[14:34:13.774] |D| [shader::create_parameters]: [DEFAULT  + 0] sa0 = (float4) gModelViewProj[4]
[14:34:13.774] |D| [shader::create_parameters]: [DEFAULT  + 16] sa16 = (float4) gmUVXForm[2]
[14:34:13.789] |E| [renderer::gl::compile_program]: Vertex info
-----------
0(25) : warning C7050: "internals[0].w" might be used before being initialized
0(25) : warning C7050: "internals[2].xy" might be used before being initialized

Fragment info
-------------
0(22) : warning C7050: "pa[0].zw" might be used before being initialized
0(22) : warning C7050: "pa[1].zw" might be used before being initialized


[14:34:13.790] |I| [renderer::gl::load_shader_generic]: Generating frag shader 6b7ec7b0c1746ace737019cb54eade0d93b72aaf9fafa2ab49ea91f9d7b0399d
[14:34:13.792] |D| [shader::create_parameters]: [DEFAULT  + 0] sa0 = (half4) gVecFogColor
[14:34:13.792] |D| [shader::create_parameters]: [DEFAULT  + 2] sa2 = (float4) gvParams
[14:34:13.792] |D| [shader::create_parameters]: [DEFAULT  + 6] sa6 = (float3) gfBlendAlpha
[14:34:13.792] |D| [shader::create_fragment_inputs]: Iterator: pa0 = (float4) v_Color0
[14:34:13.793] |D| [shader::create_fragment_inputs]: Iterator: pa8 = (float4) v_TexCoord0
[14:34:13.807] |I| [renderer::gl::load_shader_generic]: Generating vert shader 8f6906f03df5897bec95f14328b4dec49e9e91b310c3e117e6deb3e95b533e4f
[14:34:13.808] |D| [shader::create_parameters]: [BUFFER0  + 0] pa0 = (float4) IN_pos
[14:34:13.808] |D| [shader::create_parameters]: [BUFFER0  + 4] pa4 = (float4) IN_color
[14:34:13.808] |D| [shader::create_parameters]: [BUFFER0  + 8] pa8 = (float4) IN_uv0
[14:34:13.809] |D| [shader::create_parameters]: [BUFFER0  + 12] pa12 = (float4) IN_normal
[14:34:13.812] |D| [shader::create_parameters]: [DEFAULT  + 64] sa64 = (float4) gVecFogParams
[14:34:13.812] |D| [shader::create_parameters]: [DEFAULT  + 0] sa0 = (float4) gvLightData[9]
[14:34:13.813] |D| [shader::create_parameters]: [DEFAULT  + 36] sa36 = (float4) gModelViewProj[4]
[14:34:13.813] |D| [shader::create_parameters]: [DEFAULT  + 52] sa52 = (float3) gmObjToCam[3]
[14:34:13.813] |D| [shader::create_parameters]: [DEFAULT  + 68] sa68 = (float3) gvObjSpcCamPos
[14:34:13.851] |E| [renderer::gl::compile_program]: Vertex info
-----------
0(27) : warning C7050: "internals[0]" might be used before being initialized
0(27) : warning C7050: "internals[1].w" might be used before being initialized
0(27) : warning C7050: "internals[2].w" might be used before being initialized

Fragment info
-------------
0(26) : warning C7050: "internals[0]" might be used before being initialized
0(26) : warning C7050: "internals[1]" might be used before being initialized
0(26) : warning C7050: "internals[2].w" might be used before being initialized


[14:34:14.135] |I| [renderer::gl::load_shader_generic]: Generating vert shader 44aac5d7aeac1527d6fc837178d58009d705b5d99bb704c73445459f0e1cdb4e
[14:34:14.137] |D| [shader::create_parameters]: [BUFFER0  + 0] pa0 = (float4) IN_pos
[14:34:14.138] |D| [shader::create_parameters]: [BUFFER0  + 4] pa4 = (float4) IN_color
[14:34:14.138] |D| [shader::create_parameters]: [BUFFER0  + 8] pa8 = (float4) IN_uv0
[14:34:14.138] |D| [shader::create_parameters]: [BUFFER0  + 12] pa12 = (float4) IN_normal
[14:34:14.139] |D| [shader::create_parameters]: [DEFAULT  + 76] sa76 = (float4) gVecFogParams
[14:34:14.139] |D| [shader::create_parameters]: [DEFAULT  + 0] sa0 = (float4) gvLightData[12]
[14:34:14.140] |D| [shader::create_parameters]: [DEFAULT  + 48] sa48 = (float4) gModelViewProj[4]
[14:34:14.140] |D| [shader::create_parameters]: [DEFAULT  + 64] sa64 = (float3) gmObjToCam[3]
[14:34:14.140] |D| [shader::create_parameters]: [DEFAULT  + 80] sa80 = (float3) gvObjSpcCamPos
[14:34:14.182] |E| [renderer::gl::compile_program]: Vertex info
-----------
0(27) : warning C7050: "internals[0]" might be used before being initialized
0(27) : warning C7050: "internals[1].w" might be used before being initialized
0(27) : warning C7050: "internals[2].w" might be used before being initialized
0(28) : warning C7050: "r[0].zw" might be used before being initialized

Fragment info
-------------
0(26) : warning C7050: "internals[0]" might be used before being initialized
0(26) : warning C7050: "internals[1]" might be used before being initialized
0(26) : warning C7050: "internals[2].w" might be used before being initialized


[14:34:14.280] |I| [renderer::gl::load_shader_generic]: Generating vert shader e3c92d01e645c5bc1a4b1464f97e815a14270af4ba094e76890174a49230b67d
[14:34:14.282] |D| [shader::create_parameters]: [BUFFER0  + 0] pa0 = (float4) IN_pos
[14:34:14.282] |D| [shader::create_parameters]: [BUFFER0  + 4] pa4 = (float4) IN_color
[14:34:14.283] |D| [shader::create_parameters]: [BUFFER0  + 8] pa8 = (float4) IN_uv0
[14:34:14.283] |D| [shader::create_parameters]: [DEFAULT  + 16] sa16 = (float4) gVecFogParams
[14:34:14.283] |D| [shader::create_parameters]: [DEFAULT  + 0] sa0 = (float4) gModelViewProj[4]
[14:34:14.296] |E| [renderer::gl::compile_program]: Vertex info
-----------
0(25) : warning C7050: "internals[0].w" might be used before being initialized
0(25) : warning C7050: "internals[1]" might be used before being initialized

Fragment info
-------------
0(22) : warning C7050: "pa[0].zw" might be used before being initialized
0(22) : warning C7050: "pa[1].zw" might be used before being initialized


[14:34:14.363] |I| [renderer::gl::load_shader_generic]: Generating frag shader 0d660766fdc4bccca783b44840ef451ea9109996f0f758b1bd108a096aad54c2
[14:34:14.366] |D| [shader::create_parameters]: [DEFAULT  + 0] sa0 = (half4) gVecFogColor
[14:34:14.366] |D| [shader::create_parameters]: [DEFAULT  + 2] sa2 = (float4) gvParams
[14:34:14.366] |D| [shader::create_parameters]: [DEFAULT  + 6] sa6 = (float2) gfBlendAlpha
[14:34:14.367] |D| [shader::create_fragment_inputs]: Iterator: pa0 = (float4) v_Color0
[14:34:14.367] |D| [shader::create_fragment_inputs]: Iterator: pa8 = (float4) v_TexCoord0
[14:34:14.376] |I| [renderer::gl::load_shader_generic]: Generating vert shader 684e3d39b9ce0095e3d4a5b7d13d2fc2e2c3974b9ee3816300b96abc79de1562
[14:34:14.378] |D| [shader::create_parameters]: [BUFFER0  + 0] pa0 = (float4) IN_pos
[14:34:14.378] |D| [shader::create_parameters]: [BUFFER0  + 4] pa4 = (float4) IN_color
[14:34:14.378] |D| [shader::create_parameters]: [BUFFER0  + 8] pa8 = (float4) IN_uv0
[14:34:14.378] |D| [shader::create_parameters]: [BUFFER0  + 12] pa12 = (float4) IN_normal
[14:34:14.379] |D| [shader::create_parameters]: [DEFAULT  + 36] sa36 = (float4) gVecFogParams
[14:34:14.379] |D| [shader::create_parameters]: [DEFAULT  + 0] sa0 = (float4) gModelViewProj[4]
[14:34:14.380] |D| [shader::create_parameters]: [DEFAULT  + 16] sa16 = (float4) gmUVXForm[2]
[14:34:14.380] |D| [shader::create_parameters]: [DEFAULT  + 24] sa24 = (float3) gmObjToCam[3]
[14:34:14.381] |D| [shader::create_parameters]: [DEFAULT  + 40] sa40 = (float3) gvObjSpcCamPos
[14:34:14.400] |E| [renderer::gl::compile_program]: Vertex info
-----------
0(27) : warning C7050: "internals[1].w" might be used before being initialized
0(27) : warning C7050: "internals[2]" might be used before being initialized

Fragment info
-------------
0(26) : warning C7050: "internals[0]" might be used before being initialized
0(26) : warning C7050: "internals[1]" might be used before being initialized
0(26) : warning C7050: "internals[2]" might be used before being initialized


[14:34:14.420] |I| [renderer::gl::load_shader_generic]: Generating vert shader 5319fa9be7d9b36c3cd747f81e7e3be3e3c037230922979fabdccd2df517b265
[14:34:14.422] |D| [shader::create_parameters]: [BUFFER0  + 0] pa0 = (float4) IN_pos
[14:34:14.422] |D| [shader::create_parameters]: [BUFFER0  + 4] pa4 = (float4) IN_color
[14:34:14.423] |D| [shader::create_parameters]: [BUFFER0  + 8] pa8 = (float4) IN_uv0
[14:34:14.423] |D| [shader::create_parameters]: [BUFFER0  + 12] pa12 = (float4) IN_normal
[14:34:14.424] |D| [shader::create_parameters]: [BUFFER0  + 16] pa16 = (float4) IN_boneIdx
[14:34:14.424] |D| [shader::create_parameters]: [BUFFER0  + 20] pa20 = (float4) IN_boneWgt
[14:34:14.425] |D| [shader::create_parameters]: [DEFAULT  + 36] sa36 = (float4) gVecFogParams
[14:34:14.425] |D| [shader::create_parameters]: [DEFAULT  + 44] sa44 = (float4) gmBones[192]
[14:34:14.426] |D| [shader::create_parameters]: [DEFAULT  + 0] sa0 = (float4) gModelViewProj[4]
[14:34:14.426] |D| [shader::create_parameters]: [DEFAULT  + 16] sa16 = (float4) gmUVXForm[2]
[14:34:14.427] |D| [shader::create_parameters]: [DEFAULT  + 24] sa24 = (float3) gmObjToCam[3]
[14:34:14.428] |D| [shader::create_parameters]: [DEFAULT  + 40] sa40 = (float3) gvObjSpcCamPos
[14:34:14.488] |E| [renderer::gl::compile_program]: Vertex info
-----------
0(30) : warning C7050: "r[0]" might be used before being initialized
0(30) : warning C7050: "r[1]" might be used before being initialized
0(30) : warning C7050: "r[2]" might be used before being initialized
0(30) : warning C7050: "r[3]" might be used before being initialized
0(29) : warning C7050: "internals[2]" might be used before being initialized

Fragment info
-------------
0(26) : warning C7050: "internals[0]" might be used before being initialized
0(26) : warning C7050: "internals[1]" might be used before being initialized
0(26) : warning C7050: "internals[2]" might be used before being initialized


[14:34:14.497] |I| [renderer::gl::load_shader_generic]: Generating vert shader dfa514e263b5622852ca2a9cb6fee90eae88c8b37f27bd59dc39f6cc490b7ebf
[14:34:14.499] |D| [shader::create_parameters]: [BUFFER0  + 0] pa0 = (float4) IN_pos
[14:34:14.499] |D| [shader::create_parameters]: [BUFFER0  + 4] pa4 = (float4) IN_color
[14:34:14.499] |D| [shader::create_parameters]: [BUFFER0  + 8] pa8 = (float4) IN_uv0
[14:34:14.500] |D| [shader::create_parameters]: [BUFFER0  + 12] pa12 = (float4) IN_normal
[14:34:14.500] |D| [shader::create_parameters]: [DEFAULT  + 52] sa52 = (float4) gVecFogParams
[14:34:14.501] |D| [shader::create_parameters]: [DEFAULT  + 0] sa0 = (float4) gvLightData[6]
[14:34:14.501] |D| [shader::create_parameters]: [DEFAULT  + 24] sa24 = (float4) gModelViewProj[4]
[14:34:14.502] |D| [shader::create_parameters]: [DEFAULT  + 40] sa40 = (float3) gmObjToCam[3]
[14:34:14.502] |D| [shader::create_parameters]: [DEFAULT  + 56] sa56 = (float3) gvObjSpcCamPos
[14:34:14.541] |E| [renderer::gl::compile_program]: Vertex info
-----------
0(27) : warning C7050: "internals[0]" might be used before being initialized
0(27) : warning C7050: "internals[1].w" might be used before being initialized
0(27) : warning C7050: "internals[2].w" might be used before being initialized

Fragment info
-------------
0(26) : warning C7050: "internals[0]" might be used before being initialized
0(26) : warning C7050: "internals[1]" might be used before being initialized
0(26) : warning C7050: "internals[2].w" might be used before being initialized


[14:34:14.574] |I| [renderer::gl::load_shader_generic]: Generating frag shader 663f7e308918c6b86a691e1ec14f2f96502d1d48fd564f45e2432da396435bf2
[14:34:14.577] |D| [shader::create_parameters]: [DEFAULT  + 0] sa0 = (half4) gVecFogColor
[14:34:14.577] |D| [shader::create_parameters]: [DEFAULT  + 2] sa2 = (float4) gvLightData[3]
[14:34:14.577] |D| [shader::create_parameters]: [DEFAULT  + 14] sa14 = (float2) gfBlendAlpha
[14:34:14.578] |D| [shader::create_parameters]: [DEFAULT  + 16] sa16 = (float4) gps_vLightMultParams
[14:34:14.578] |D| [shader::create_fragment_inputs]: Iterator: pa0 = (float4) v_Color0
[14:34:14.579] |D| [shader::create_fragment_inputs]: Iterator: pa8 = (float4) v_TexCoord0
[14:34:14.599] |I| [renderer::gl::load_shader_generic]: Generating vert shader 343e28e1f13cdaacb4675eae32f18c54896429f1bd002c7e2d5585ea3f7048f8
[14:34:14.604] |D| [shader::create_parameters]: [BUFFER0  + 0] pa0 = (float4) IN_pos
[14:34:14.604] |D| [shader::create_parameters]: [BUFFER0  + 4] pa4 = (float4) IN_color
[14:34:14.604] |D| [shader::create_parameters]: [BUFFER0  + 8] pa8 = (float4) IN_uv0
[14:34:14.605] |D| [shader::create_parameters]: [BUFFER0  + 12] pa12 = (float4) IN_normal
[14:34:14.606] |D| [shader::create_parameters]: [DEFAULT  + 64] sa64 = (float4) gVecFogParams
[14:34:14.606] |D| [shader::create_parameters]: [DEFAULT  + 24] sa24 = (float4) gModelViewProj[4]
[14:34:14.607] |D| [shader::create_parameters]: [DEFAULT  + 56] sa56 = (float4) gmUVXForm[2]
[14:34:14.607] |D| [shader::create_parameters]: [DEFAULT  + 40] sa40 = (float4) gvs_worldMatrix[4]
[14:34:14.608] |D| [shader::create_parameters]: [DEFAULT  + 0] sa0 = (float3) gvs_ambientCube[6]
[14:34:14.635] |E| [renderer::gl::compile_program]: Vertex info
-----------
0(26) : warning C7050: "internals[0].w" might be used before being initialized
0(26) : warning C7050: "internals[1]" might be used before being initialized
0(26) : warning C7050: "internals[2].w" might be used before being initialized

Fragment info
-------------
0(24) : warning C7050: "internals[0]" might be used before being initialized
0(24) : warning C7050: "internals[1]" might be used before being initialized
0(24) : warning C7050: "internals[2].w" might be used before being initialized


[14:34:14.637] |I| [renderer::gl::load_shader_generic]: Generating vert shader 52f8030dac5de7cc76ae208220507ccae3f0614dd00d586843e78da4b771d6e8
[14:34:14.638] |D| [shader::create_parameters]: [BUFFER0  + 0] pa0 = (float4) IN_pos
[14:34:14.639] |D| [shader::create_parameters]: [BUFFER0  + 4] pa4 = (float4) IN_color
[14:34:14.639] |D| [shader::create_parameters]: [BUFFER0  + 8] pa8 = (float4) IN_uv0
[14:34:14.640] |D| [shader::create_parameters]: [BUFFER0  + 12] pa12 = (float4) IN_normal
[14:34:14.640] |D| [shader::create_parameters]: [DEFAULT  + 40] sa40 = (float4) gVecFogParams
[14:34:14.641] |D| [shader::create_parameters]: [DEFAULT  + 16] sa16 = (float4) gvLightData[3]
[14:34:14.641] |D| [shader::create_parameters]: [DEFAULT  + 0] sa0 = (float4) gModelViewProj[4]
[14:34:14.642] |D| [shader::create_parameters]: [DEFAULT  + 28] sa28 = (float3) gmObjToCam[3]
[14:34:14.642] |D| [shader::create_parameters]: [DEFAULT  + 44] sa44 = (float3) gvObjSpcCamPos
[14:34:14.673] |E| [renderer::gl::compile_program]: Vertex info
-----------
0(27) : warning C7050: "internals[0]" might be used before being initialized
0(27) : warning C7050: "internals[1].w" might be used before being initialized
0(27) : warning C7050: "internals[2].w" might be used before being initialized

Fragment info
-------------
0(26) : warning C7050: "internals[0]" might be used before being initialized
0(26) : warning C7050: "internals[1]" might be used before being initialized
0(26) : warning C7050: "internals[2].w" might be used before being initialized


[14:34:14.682] |I| [renderer::gl::load_shader_generic]: Generating frag shader a4b4f191c032baeb82f2b92463ec83373d6ab517b9f97754d18d8cc9ca927e3d
[14:34:14.684] |D| [shader::create_parameters]: [DEFAULT  + 0] sa0 = (half4) gVecFogColor
[14:34:14.684] |D| [shader::create_parameters]: [DEFAULT  + 2] sa2 = (float4) gps_params
[14:34:14.685] |D| [shader::create_fragment_inputs]: Iterator: pa0 = (float4) v_Color0
[14:34:14.685] |D| [shader::create_fragment_inputs]: Iterator: pa8 = (float4) v_TexCoord0
[14:34:14.686] |D| [shader::create_fragment_inputs]: Iterator: pa12 = (float4) v_TexCoord1
[14:34:14.701] |I| [renderer::gl::load_shader_generic]: Generating vert shader b2aff40e9117660166b9bbb995d3f20e98a164554abd7c9a59d576245e0a2e16
[14:34:14.703] |D| [shader::create_parameters]: [BUFFER0  + 0] pa0 = (float4) IN_pos
[14:34:14.703] |D| [shader::create_parameters]: [BUFFER0  + 4] pa4 = (float4) IN_color
[14:34:14.704] |D| [shader::create_parameters]: [BUFFER0  + 8] pa8 = (float4) IN_uv0
[14:34:14.704] |D| [shader::create_parameters]: [BUFFER0  + 12] pa12 = (float4) IN_normal
[14:34:14.705] |D| [shader::create_parameters]: [DEFAULT  + 48] sa48 = (float4) gVecFogParams
[14:34:14.706] |D| [shader::create_parameters]: [DEFAULT  + 0] sa0 = (float4) gvLightData[6]
[14:34:14.706] |D| [shader::create_parameters]: [DEFAULT  + 24] sa24 = (float4) gvs_ModelViewProj[4]
[14:34:14.707] |D| [shader::create_parameters]: [DEFAULT  + 40] sa40 = (float4) gvs_mUVXForm[2]
[14:34:14.738] |E| [renderer::gl::compile_program]: Vertex info
-----------
0(27) : warning C7050: "internals[0]" might be used before being initialized
0(27) : warning C7050: "internals[1].w" might be used before being initialized
0(27) : warning C7050: "internals[2]" might be used before being initialized

Fragment info
-------------
0(26) : warning C7050: "internals[1].w" might be used before being initialized
0(26) : warning C7050: "internals[2].w" might be used before being initialized


[14:34:14.744] |I| [renderer::gl::load_shader_generic]: Generating frag shader 31de3b4cddea65ea9a63a1542d2b11acf3f8b6d27567a8d407029817cb2df803
[14:34:14.745] |D| [shader::create_parameters]: [DEFAULT  + 0] sa0 = (half4) gVecFogColor
[14:34:14.745] |D| [shader::create_parameters]: [DEFAULT  + 2] sa2 = (float4) gps_params
[14:34:14.746] |D| [shader::create_fragment_inputs]: Iterator: pa0 = (float4) v_Color0
[14:34:14.746] |D| [shader::create_fragment_inputs]: Iterator: pa8 = (float4) v_TexCoord0
[14:34:14.747] |D| [shader::create_fragment_inputs]: Iterator: pa12 = (float4) v_TexCoord1
[14:34:14.762] |I| [renderer::gl::load_shader_generic]: Generating vert shader 16635c1dd0c98bac17f018fb2939cc4a1479c3ce539d26d2317824be7f8cc712
[14:34:14.764] |D| [shader::create_parameters]: [BUFFER0  + 0] pa0 = (float4) IN_pos
[14:34:14.764] |D| [shader::create_parameters]: [BUFFER0  + 4] pa4 = (float4) IN_color
[14:34:14.764] |D| [shader::create_parameters]: [BUFFER0  + 8] pa8 = (float4) IN_uv0
[14:34:14.765] |D| [shader::create_parameters]: [DEFAULT  + 24] sa24 = (float4) gVecFogParams
[14:34:14.765] |D| [shader::create_parameters]: [DEFAULT  + 0] sa0 = (float4) gvs_ModelViewProj[4]
[14:34:14.766] |D| [shader::create_parameters]: [DEFAULT  + 16] sa16 = (float4) gvs_mUVXForm[2]
[14:34:14.784] |E| [renderer::gl::compile_program]: Vertex info
-----------
0(26) : warning C7050: "internals[1]" might be used before being initialized

Fragment info
-------------
0(26) : warning C7050: "internals[1].w" might be used before being initialized
0(26) : warning C7050: "internals[2].w" might be used before being initialized


[14:34:14.786] |I| [renderer::gl::load_shader_generic]: Generating vert shader 0b68cd5420061f3c23fba78571f1edc25e01ba13678b886583872d2db1ba4fa6
[14:34:14.791] |D| [shader::create_parameters]: [BUFFER0  + 0] pa0 = (float4) IN_pos
[14:34:14.791] |D| [shader::create_parameters]: [BUFFER0  + 4] pa4 = (float4) IN_color
[14:34:14.793] |D| [shader::create_parameters]: [BUFFER0  + 8] pa8 = (float4) IN_uv0
[14:34:14.793] |D| [shader::create_parameters]: [BUFFER0  + 12] pa12 = (float4) IN_normal
[14:34:14.794] |D| [shader::create_parameters]: [DEFAULT  + 60] sa60 = (float4) gVecFogParams
[14:34:14.795] |D| [shader::create_parameters]: [DEFAULT  + 0] sa0 = (float4) gvLightData[9]
[14:34:14.795] |D| [shader::create_parameters]: [DEFAULT  + 36] sa36 = (float4) gvs_ModelViewProj[4]
[14:34:14.796] |D| [shader::create_parameters]: [DEFAULT  + 52] sa52 = (float4) gvs_mUVXForm[2]
[14:34:14.836] |E| [renderer::gl::compile_program]: Vertex info
-----------
0(27) : warning C7050: "internals[0]" might be used before being initialized
0(27) : warning C7050: "internals[1].w" might be used before being initialized
0(27) : warning C7050: "internals[2].w" might be used before being initialized

Fragment info
-------------
0(26) : warning C7050: "internals[1].w" might be used before being initialized
0(26) : warning C7050: "internals[2].w" might be used before being initialized


[14:34:14.847] |I| [renderer::gl::load_shader_generic]: Generating frag shader 75f9fc1f1188f3ee51f7c5e9d63f4d3c32d6c8d5a9d683c3d05d9834f0b94be5
[14:34:14.848] |D| [shader::create_parameters]: [DEFAULT  + 0] sa0 = (half4) gVecFogColor
[14:34:14.848] |D| [shader::create_parameters]: [DEFAULT  + 2] sa2 = (float4) gvParams
[14:34:14.851] |D| [shader::create_parameters]: [DEFAULT  + 6] sa6 = (float3) gfBlendAlpha
[14:34:14.851] |D| [shader::create_fragment_inputs]: Iterator: pa0 = (float4) v_Color0
[14:34:14.852] |D| [shader::create_fragment_inputs]: Iterator: pa8 = (float4) v_TexCoord0
[14:34:14.865] |I| [renderer::gl::load_shader_generic]: Generating vert shader beb7895f5b772f5b804492c4dd61998bae640dff0a400663e1fb87be55b6120a
[14:34:14.868] |D| [shader::create_parameters]: [BUFFER0  + 0] pa0 = (float4) IN_pos
[14:34:14.868] |D| [shader::create_parameters]: [BUFFER0  + 4] pa4 = (float4) IN_color
[14:34:14.868] |D| [shader::create_parameters]: [BUFFER0  + 8] pa8 = (float4) IN_uv0
[14:34:14.869] |D| [shader::create_parameters]: [BUFFER0  + 12] pa12 = (float4) IN_normal
[14:34:14.869] |D| [shader::create_parameters]: [DEFAULT  + 28] sa28 = (float4) gVecFogParams
[14:34:14.870] |D| [shader::create_parameters]: [DEFAULT  + 0] sa0 = (float4) gModelViewProj[4]
[14:34:14.871] |D| [shader::create_parameters]: [DEFAULT  + 16] sa16 = (float3) gmObjToCam[3]
[14:34:14.871] |D| [shader::create_parameters]: [DEFAULT  + 32] sa32 = (float3) gvObjSpcCamPos
[14:34:14.893] |E| [renderer::gl::compile_program]: Vertex info
-----------
0(27) : warning C7050: "internals[1].w" might be used before being initialized
0(27) : warning C7050: "internals[2]" might be used before being initialized

Fragment info
-------------
0(26) : warning C7050: "internals[0]" might be used before being initialized
0(26) : warning C7050: "internals[1]" might be used before being initialized
0(26) : warning C7050: "internals[2].w" might be used before being initialized


[14:34:15.131] |I| [renderer::gl::load_shader_generic]: Generating frag shader f4cf1b6dbb019ff33caf8557e1e1982ed68988d53f53874379ceb333fda9095c
[14:34:15.134] |D| [shader::create_parameters]: [DEFAULT  + 0] sa0 = (half4) gVecFogColor
[14:34:15.134] |D| [shader::create_parameters]: [DEFAULT  + 2] sa2 = (float4) gvParams
[14:34:15.134] |D| [shader::create_parameters]: [DEFAULT  + 6] sa6 = (float2) gfBlendAlpha
[14:34:15.135] |D| [shader::create_fragment_inputs]: Iterator: pa0 = (float4) v_Color0
[14:34:15.135] |D| [shader::create_fragment_inputs]: Iterator: pa8 = (float4) v_TexCoord0
[14:34:15.144] |I| [renderer::gl::load_shader_generic]: Generating vert shader 0b7ae526bca8701b350c962a0d6ed8b85b7cf298b332935e4a8bb3acffc5dffb
[14:34:15.147] |D| [shader::create_parameters]: [BUFFER0  + 0] pa0 = (float4) IN_pos
[14:34:15.147] |D| [shader::create_parameters]: [BUFFER0  + 4] pa4 = (float4) IN_color
[14:34:15.148] |D| [shader::create_parameters]: [BUFFER0  + 8] pa8 = (float4) IN_uv0
[14:34:15.148] |D| [shader::create_parameters]: [BUFFER0  + 12] pa12 = (float4) IN_normal
[14:34:15.148] |D| [shader::create_parameters]: [BUFFER0  + 16] pa16 = (float4) IN_boneIdx
[14:34:15.149] |D| [shader::create_parameters]: [BUFFER0  + 20] pa20 = (float4) IN_boneWgt
[14:34:15.149] |D| [shader::create_parameters]: [DEFAULT  + 48] sa48 = (float4) gVecFogParams
[14:34:15.150] |D| [shader::create_parameters]: [DEFAULT  + 56] sa56 = (float4) gmBones[192]
[14:34:15.150] |D| [shader::create_parameters]: [DEFAULT  + 16] sa16 = (float4) gvLightData[3]
[14:34:15.150] |D| [shader::create_parameters]: [DEFAULT  + 0] sa0 = (float4) gModelViewProj[4]
[14:34:15.151] |D| [shader::create_parameters]: [DEFAULT  + 28] sa28 = (float4) gmUVXForm[2]
[14:34:15.151] |D| [shader::create_parameters]: [DEFAULT  + 36] sa36 = (float3) gmObjToCam[3]
[14:34:15.152] |D| [shader::create_parameters]: [DEFAULT  + 52] sa52 = (float3) gvObjSpcCamPos
[14:34:15.207] |E| [renderer::gl::compile_program]: Vertex info
-----------
0(30) : warning C7050: "r[0]" might be used before being initialized
0(30) : warning C7050: "r[1]" might be used before being initialized
0(30) : warning C7050: "r[2]" might be used before being initialized
0(30) : warning C7050: "r[3]" might be used before being initialized
0(30) : warning C7050: "r[4]" might be used before being initialized
0(29) : warning C7050: "internals[2]" might be used before being initialized

Fragment info
-------------
0(26) : warning C7050: "internals[0]" might be used before being initialized
0(26) : warning C7050: "internals[1]" might be used before being initialized
0(26) : warning C7050: "internals[2]" might be used before being initialized


[14:34:15.298] |I| [renderer::gl::load_shader_generic]: Generating frag shader 8d0c37909cac3665076ec5c781278ceed7455eb323755dc2043a5d3869ec8eda
[14:34:15.301] |D| [shader::create_parameters]: [DEFAULT  + 0] sa0 = (half4) gVecFogColor
[14:34:15.301] |D| [shader::create_parameters]: [DEFAULT  + 2] sa2 = (float2) gfBlendAlpha
[14:34:15.301] |D| [shader::create_fragment_inputs]: Iterator: pa0 = (float4) v_Color0
[14:34:15.301] |D| [shader::create_fragment_inputs]: Iterator: pa8 = (float4) v_TexCoord0
[14:34:15.309] |I| [renderer::gl::load_shader_generic]: Generating vert shader 53d3f877726fbe1529198574bb13de0ec582c6b61e34b0c928c85efb44f8a5e4
[14:34:15.310] |D| [shader::create_parameters]: [BUFFER0  + 0] pa0 = (float4) IN_pos
[14:34:15.310] |D| [shader::create_parameters]: [BUFFER0  + 4] pa4 = (float4) IN_color
[14:34:15.311] |D| [shader::create_parameters]: [BUFFER0  + 8] pa8 = (float4) IN_uv0
[14:34:15.311] |D| [shader::create_parameters]: [DEFAULT  + 16] sa16 = (float4) gVecFogParams
[14:34:15.311] |D| [shader::create_parameters]: [DEFAULT  + 0] sa0 = (float4) gModelViewProj[4]
[14:34:15.324] |E| [renderer::gl::compile_program]: Vertex info
-----------
0(25) : warning C7050: "internals[1]" might be used before being initialized

Fragment info
-------------
0(24) : warning C7050: "internals[1].w" might be used before being initialized
0(24) : warning C7050: "internals[2]" might be used before being initialized


[14:34:15.343] |I| [renderer::gl::load_shader_generic]: Generating frag shader d790352f4f919aa4512a06a2f378328309fb62f24ea4d52c1e66a380e1a25076
[14:34:15.344] |D| [shader::create_parameters]: [DEFAULT  + 0] sa0 = (half4) gVecFogColor
[14:34:15.344] |D| [shader::create_parameters]: [DEFAULT  + 2] sa2 = (float1) gps_fAlphaCull
[14:34:15.346] |D| [shader::create_fragment_inputs]: Iterator: pa0 = (float4) v_Color0
[14:34:15.346] |D| [shader::create_fragment_inputs]: Iterator: pa8 = (float4) v_TexCoord0
[14:34:15.355] |I| [renderer::gl::load_shader_generic]: Generating vert shader 3c7417f8a9509c8daedfafbaa23bc98fe54c9f2d3bbbbddf775a3f9516f28b5c
[14:34:15.357] |D| [shader::create_parameters]: [BUFFER0  + 0] pa0 = (float4) IN_pos
[14:34:15.357] |D| [shader::create_parameters]: [BUFFER0  + 4] pa4 = (float4) IN_color
[14:34:15.357] |D| [shader::create_parameters]: [BUFFER0  + 8] pa8 = (float4) IN_uv0
[14:34:15.358] |D| [shader::create_parameters]: [DEFAULT  + 16] sa16 = (float4) gVecFogParams
[14:34:15.358] |D| [shader::create_parameters]: [DEFAULT  + 0] sa0 = (float4) gvs_ModelViewProj[4]
[14:34:15.358] |D| [shader::create_parameters]: [DEFAULT  + 20] sa20 = (float4) gvs_Color
[14:34:15.359] |D| [shader::create_parameters]: [DEFAULT  + 24] sa24 = (float4) gvs_Pos
[14:34:15.359] |D| [shader::create_parameters]: [DEFAULT  + 28] sa28 = (float4) gvs_Params1
[14:34:15.385] |E| [renderer::gl::compile_program]: Vertex info
-----------
0(25) : warning C7050: "internals[0]" might be used before being initialized
0(25) : warning C7050: "internals[1]" might be used before being initialized
0(25) : warning C7050: "internals[2]" might be used before being initialized

Fragment info
-------------
0(24) : warning C7050: "internals[0]" might be used before being initialized
0(24) : warning C7050: "internals[2].w" might be used before being initialized


[14:34:15.397] |I| [renderer::gl::load_shader_generic]: Generating vert shader a1122d819da85f557e0efa05c4375ecac3a63c6e8b87004974effabece64ad34
[14:34:15.398] |D| [shader::create_parameters]: [BUFFER0  + 0] pa0 = (float4) IN_pos
[14:34:15.398] |D| [shader::create_parameters]: [BUFFER0  + 4] pa4 = (float4) IN_color
[14:34:15.399] |D| [shader::create_parameters]: [BUFFER0  + 8] pa8 = (float4) IN_uv0
[14:34:15.399] |D| [shader::create_parameters]: [BUFFER0  + 12] pa12 = (float4) IN_normal
[14:34:15.400] |D| [shader::create_parameters]: [DEFAULT  + 36] sa36 = (float4) gVecFogParams
[14:34:15.400] |D| [shader::create_parameters]: [DEFAULT  + 16] sa16 = (float4) gvLightData[3]
[14:34:15.401] |D| [shader::create_parameters]: [DEFAULT  + 0] sa0 = (float4) gModelViewProj[4]
[14:34:15.401] |D| [shader::create_parameters]: [DEFAULT  + 28] sa28 = (float4) gmUVXForm[2]
[14:34:15.419] |E| [renderer::gl::compile_program]: Vertex info
-----------
0(26) : warning C7050: "internals[0].w" might be used before being initialized
0(26) : warning C7050: "internals[1]" might be used before being initialized

Fragment info
-------------
0(22) : warning C7050: "pa[0].zw" might be used before being initialized
0(22) : warning C7050: "pa[1].xy" might be used before being initialized
0(24) : warning C7050: "internals[1]" might be used before being initialized
0(24) : warning C7050: "internals[2].w" might be used before being initialized


[14:34:15.428] |I| [renderer::gl::load_shader_generic]: Generating frag shader fbe7dcdd8078ecadba852b7f518cafc988b51487f1588f5eeaaf2261367f9f43
[14:34:15.432] |I| [renderer::gl::load_shader_generic]: Generating vert shader 1be6a00bdaa3422de5dcc2344465099d5001b9ce1e10ddea5d46cd2e116b56bf
[14:34:15.433] |D| [shader::create_parameters]: [BUFFER0  + 0] pa0 = (float4) IN_pos
[14:34:15.433] |D| [shader::create_parameters]: [DEFAULT  + 0] sa0 = (float4) gModelViewProj[4]
[14:34:15.438] |E| [renderer::gl::compile_program]: Fragment info
-------------
0(14) : warning C7050: "pa[0].zw" might be used before being initialized


[14:34:15.442] |I| [renderer::gl::load_shader_generic]: Generating frag shader cd4eece3b7833011ee4d8fa78c34a57ce8f1f16c6d237e7302f1cf820c52d5f3
[14:34:15.443] |D| [shader::create_parameters]: [DEFAULT  + 0] sa0 = (half4) gVecFogColor
[14:34:15.443] |D| [shader::create_parameters]: [DEFAULT  + 2] sa2 = (float4) gvParams
[14:34:15.443] |D| [shader::create_fragment_inputs]: Iterator: pa0 = (float4) v_Color0
[14:34:15.444] |D| [shader::create_fragment_inputs]: Iterator: pa8 = (float4) v_TexCoord0
[14:34:15.451] |I| [renderer::gl::load_shader_generic]: Generating vert shader f49e46c2c254702efbfd97bae3e69beffe349bc1c6388a27c903f8ef026439aa
[14:34:15.452] |D| [shader::create_parameters]: [BUFFER0  + 0] pa0 = (float4) IN_pos
[14:34:15.452] |D| [shader::create_parameters]: [BUFFER0  + 4] pa4 = (float4) IN_color
[14:34:15.452] |D| [shader::create_parameters]: [BUFFER0  + 8] pa8 = (float4) IN_uv0
[14:34:15.453] |D| [shader::create_parameters]: [BUFFER0  + 12] pa12 = (float4) IN_colorInst
[14:34:15.453] |D| [shader::create_parameters]: [BUFFER0  + 16] pa16 = (float4) IN_projMtx0
[14:34:15.457] |D| [shader::create_parameters]: [BUFFER0  + 20] pa20 = (float4) IN_projMtx1
[14:34:15.457] |D| [shader::create_parameters]: [BUFFER0  + 24] pa24 = (float4) IN_projMtx2
[14:34:15.458] |D| [shader::create_parameters]: [BUFFER0  + 28] pa28 = (float4) IN_projMtx3
[14:34:15.458] |D| [shader::create_parameters]: [DEFAULT  + 0] sa0 = (float4) gVecFogParams
[14:34:15.468] |E| [renderer::gl::compile_program]: Fragment info
-------------
0(24) : warning C7050: "internals[0].w" might be used before being initialized
0(24) : warning C7050: "internals[1]" might be used before being initialized
0(24) : warning C7050: "internals[2].w" might be used before being initialized


[14:34:15.470] |I| [renderer::gl::load_shader_generic]: Generating frag shader 9d0351cc188381677d26aa2be377f44ea5b307411edf83779da9999a553786d6
[14:34:15.473] |D| [shader::create_fragment_inputs]: Iterator: pa0 = (float4) v_Color0
[14:34:15.478] |I| [renderer::gl::load_shader_generic]: Generating vert shader 2cec076a44330784d1e16539ef9413e205fdd0db046d3d574f3d844fcdebc20f
[14:34:15.479] |D| [shader::create_parameters]: [BUFFER0  + 0] pa0 = (float4) IN_pos
[14:34:15.479] |D| [shader::create_parameters]: [BUFFER0  + 4] pa4 = (float4) IN_color
[14:34:15.480] |D| [shader::create_parameters]: [BUFFER0  + 8] pa8 = (float4) IN_uv0
[14:34:15.480] |D| [shader::create_parameters]: [DEFAULT  + 0] sa0 = (float4) gModelViewProj[4]
[14:34:16.145] |D| [export_sceNgsVoiceInit]: flags: 0
[14:34:16.147] |D| [export_sceNgsVoiceInit]: flags: 0
[14:34:16.148] |D| [export_sceNgsVoicePlay]: sceNgsVoicePlay: 1
[14:34:16.148] |D| [export_sceNgsVoicePlay]: sceNgsVoicePlay: 1
[14:34:16.224] |D| [export_sceNgsVoiceInit]: flags: 0
[14:34:16.224] |D| [export_sceNgsVoicePlay]: sceNgsVoicePlay: 1
[14:34:16.920] |I| [renderer::gl::load_shader_generic]: Generating vert shader ef4c8cf60d346b584209940080b8be765562aea7c62c5539d6aa7692ee431219
[14:34:16.923] |D| [shader::create_parameters]: [BUFFER0  + 0] pa0 = (float4) IN_pos
[14:34:16.923] |D| [shader::create_parameters]: [BUFFER0  + 4] pa4 = (float4) IN_color
[14:34:16.923] |D| [shader::create_parameters]: [BUFFER0  + 8] pa8 = (float4) IN_uv0
[14:34:16.923] |D| [shader::create_parameters]: [BUFFER0  + 12] pa12 = (float4) IN_normal
[14:34:16.924] |D| [shader::create_parameters]: [BUFFER0  + 16] pa16 = (float4) IN_boneIdx
[14:34:16.924] |D| [shader::create_parameters]: [BUFFER0  + 20] pa20 = (float4) IN_boneWgt
[14:34:16.925] |D| [shader::create_parameters]: [DEFAULT  + 76] sa76 = (float4) gVecFogParams
[14:34:16.925] |D| [shader::create_parameters]: [DEFAULT  + 84] sa84 = (float4) gmBones[192]
[14:34:16.926] |D| [shader::create_parameters]: [DEFAULT  + 40] sa40 = (float4) gvLightData[3]
[14:34:16.926] |D| [shader::create_parameters]: [DEFAULT  + 24] sa24 = (float4) gModelViewProj[4]
[14:34:16.927] |D| [shader::create_parameters]: [DEFAULT  + 68] sa68 = (float4) gmUVXForm[2]
[14:34:16.927] |D| [shader::create_parameters]: [DEFAULT  + 52] sa52 = (float4) gvs_worldMatrix[4]
[14:34:16.928] |D| [shader::create_parameters]: [DEFAULT  + 0] sa0 = (float3) gvs_ambientCube[6]
[14:34:16.928] |D| [shader::create_parameters]: [DEFAULT  + 80] sa80 = (float4) gvs_vLightMultParams
[14:34:16.997] |E| [renderer::gl::compile_program]: Vertex info
-----------
0(31) : warning C7050: "r[0]" might be used before being initialized
0(31) : warning C7050: "r[1]" might be used before being initialized
0(31) : warning C7050: "r[2]" might be used before being initialized
0(31) : warning C7050: "r[3]" might be used before being initialized
0(30) : warning C7050: "internals[2]" might be used before being initialized

Fragment info
-------------
0(24) : warning C7050: "internals[0]" might be used before being initialized
0(24) : warning C7050: "internals[1]" might be used before being initialized


[14:34:17.425] |I| [renderer::gl::load_shader_generic]: Generating frag shader 76aadfb0a00a67e9fabc24f88594e28e596c23f13c2e12a936d977a88d08cbec
[14:34:17.428] |D| [shader::create_parameters]: [DEFAULT  + 36] sa36 = (half4) gVecFogColor
[14:34:17.431] |D| [shader::create_parameters]: [DEFAULT  + 0] sa0 = (float4) gvLightData[6]
[14:34:17.431] |D| [shader::create_parameters]: [DEFAULT  + 38] sa38 = (float4) gvParams
[14:34:17.434] |D| [shader::create_parameters]: [DEFAULT  + 42] sa42 = (float3) gfBlendAlpha
[14:34:17.435] |D| [shader::create_parameters]: [DEFAULT  + 24] sa24 = (float3) gmObjToCam[3]
[14:34:17.436] |D| [shader::create_parameters]: [DEFAULT  + 46] sa46 = (float3) gObjSpcEyePos
[14:34:17.439] |D| [shader::create_fragment_inputs]: Iterator: pa0 = (float4) v_Color0
[14:34:17.441] |D| [shader::create_fragment_inputs]: Iterator: pa8 = (float4) v_TexCoord0
[14:34:17.442] |D| [shader::create_fragment_inputs]: Iterator: pa16 = (float4) v_TexCoord2
[14:34:17.443] |D| [shader::create_fragment_inputs]: Iterator: pa20 = (float4) v_TexCoord3
[14:34:17.443] |D| [shader::create_fragment_inputs]: Iterator: pa24 = (float4) v_TexCoord4
[14:34:17.444] |D| [shader::create_fragment_inputs]: Iterator: pa28 = (float4) v_TexCoord5
[14:34:17.484] |I| [renderer::gl::load_shader_generic]: Generating vert shader a0eaf74cd0ba28d6de4600faaeb379d5c54473d6ffd6cd9f3b9076ac78edfa60
[14:34:17.485] |D| [shader::create_parameters]: [BUFFER0  + 0] pa0 = (float4) IN_pos
[14:34:17.485] |D| [shader::create_parameters]: [BUFFER0  + 4] pa4 = (float4) IN_color
[14:34:17.487] |D| [shader::create_parameters]: [BUFFER0  + 8] pa8 = (float4) IN_uv0
[14:34:17.488] |D| [shader::create_parameters]: [BUFFER0  + 12] pa12 = (float4) IN_normal
[14:34:17.488] |D| [shader::create_parameters]: [BUFFER0  + 16] pa16 = (float4) IN_tangent
[14:34:17.489] |D| [shader::create_parameters]: [BUFFER0  + 20] pa20 = (float4) IN_binormal
[14:34:17.489] |D| [shader::create_parameters]: [DEFAULT  + 16] sa16 = (float4) gVecFogParams
[14:34:17.490] |D| [shader::create_parameters]: [DEFAULT  + 0] sa0 = (float4) gModelViewProj[4]
[14:34:17.505] |E| [renderer::gl::compile_program]: Vertex info
-----------
0(33) : warning C7050: "internals[1]" might be used before being initialized

Fragment info
-------------
0(30) : warning C7050: "internals[0].w" might be used before being initialized
0(30) : warning C7050: "internals[1].w" might be used before being initialized
0(30) : warning C7050: "internals[2].w" might be used before being initialized


[14:34:17.716] |I| [renderer::gl::load_shader_generic]: Generating vert shader a54e4cac5eb48aeaba6fe96ec46273e52b9271256c1b69f3fa6e1ed2a5c9b586
[14:34:17.719] |D| [shader::create_parameters]: [BUFFER0  + 0] pa0 = (float4) IN_pos
[14:34:17.719] |D| [shader::create_parameters]: [BUFFER0  + 4] pa4 = (float4) IN_color
[14:34:17.719] |D| [shader::create_parameters]: [BUFFER0  + 8] pa8 = (float4) IN_uv0
[14:34:17.720] |D| [shader::create_parameters]: [BUFFER0  + 12] pa12 = (float4) IN_normal
[14:34:17.720] |D| [shader::create_parameters]: [DEFAULT  + 72] sa72 = (float4) gVecFogParams
[14:34:17.721] |D| [shader::create_parameters]: [DEFAULT  + 0] sa0 = (float4) gvLightData[12]
[14:34:17.721] |D| [shader::create_parameters]: [DEFAULT  + 48] sa48 = (float4) gvs_ModelViewProj[4]
[14:34:17.721] |D| [shader::create_parameters]: [DEFAULT  + 64] sa64 = (float4) gvs_mUVXForm[2]
[14:34:17.759] |E| [renderer::gl::compile_program]: Vertex info
-----------
0(27) : warning C7050: "internals[0]" might be used before being initialized
0(27) : warning C7050: "internals[1].w" might be used before being initialized
0(27) : warning C7050: "internals[2].w" might be used before being initialized

Fragment info
-------------
0(26) : warning C7050: "internals[1].w" might be used before being initialized
0(26) : warning C7050: "internals[2].w" might be used before being initialized


[14:34:36.695] |I| [renderer::gl::load_shader_generic]: Generating frag shader cf4f127fe6e75b07a50832f8419ad270626e8b9fb2a271d32c3bc5153b974ac5
[14:34:36.697] |D| [shader::create_parameters]: [DEFAULT  + 24] sa24 = (half4) gVecFogColor
[14:34:36.697] |D| [shader::create_parameters]: [DEFAULT  + 0] sa0 = (float4) gvLightData[6]
[14:34:36.698] |D| [shader::create_parameters]: [DEFAULT  + 26] sa26 = (float4) gvParams
[14:34:36.698] |D| [shader::create_parameters]: [DEFAULT  + 30] sa30 = (half2) gfBlendAlpha
[14:34:36.699] |D| [shader::create_fragment_inputs]: Iterator: pa0 = (half4) v_Color0
[14:34:36.699] |D| [shader::create_fragment_inputs]: Iterator: pa6 = (half4) v_TexCoord0
[14:34:36.699] |D| [shader::create_fragment_inputs]: Iterator: pa12 = (float4) v_TexCoord1
[14:34:36.700] |D| [shader::create_fragment_inputs]: Iterator: pa16 = (float4) v_TexCoord2
[14:34:36.700] |D| [shader::create_fragment_inputs]: Iterator: pa20 = (float4) v_TexCoord3
[14:34:36.701] |D| [shader::create_fragment_inputs]: Iterator: pa24 = (float4) v_TexCoord4
[14:34:36.726] |I| [renderer::gl::load_shader_generic]: Generating vert shader 61890ff35c4eb799d99e56574f147964c5468fd5137598fba87b8766bbab473a
[14:34:36.727] |D| [shader::create_parameters]: [BUFFER0  + 0] pa0 = (float4) IN_pos
[14:34:36.727] |D| [shader::create_parameters]: [BUFFER0  + 4] pa4 = (float4) IN_color
[14:34:36.727] |D| [shader::create_parameters]: [BUFFER0  + 8] pa8 = (float4) IN_uv0
[14:34:36.728] |D| [shader::create_parameters]: [BUFFER0  + 12] pa12 = (float4) IN_normal
[14:34:36.728] |D| [shader::create_parameters]: [BUFFER0  + 16] pa16 = (float4) IN_tangent
[14:34:36.728] |D| [shader::create_parameters]: [BUFFER0  + 20] pa20 = (float4) IN_binormal
[14:34:36.729] |D| [shader::create_parameters]: [DEFAULT  + 16] sa16 = (float4) gVecFogParams
[14:34:36.729] |D| [shader::create_parameters]: [DEFAULT  + 0] sa0 = (float4) gModelViewProj[4]
[14:34:36.747] |E| [renderer::gl::compile_program]: Vertex info
-----------
0(32) : warning C7050: "internals[0].w" might be used before being initialized
0(32) : warning C7050: "internals[1]" might be used before being initialized

Fragment info
-------------
0(27) : warning C7050: "pa[0].zw" might be used before being initialized
0(27) : warning C7050: "pa[1].xy" might be used before being initialized
0(29) : warning C7050: "internals[0].w" might be used before being initialized
0(29) : warning C7050: "internals[1].w" might be used before being initialized
0(29) : warning C7050: "internals[2].w" might be used before being initialized


[14:34:39.744] |D| [export_sceNgsVoiceKeyOff]: sceNgsVoiceKeyOff
[14:34:39.744] |D| [export_sceNgsVoiceKeyOff]: sceNgsVoiceKeyOff
[14:34:39.831] |I| [renderer::gl::load_shader_generic]: Generating frag shader c49bb0ef942537f2450d3f79e2b2abb4d8e6fe883a81df357e95c548248b60e8
[14:34:39.833] |D| [shader::create_parameters]: [DEFAULT  + 12] sa12 = (half4) gVecFogColor
[14:34:39.833] |D| [shader::create_parameters]: [DEFAULT  + 0] sa0 = (float4) gvLightData[3]
[14:34:39.834] |D| [shader::create_parameters]: [DEFAULT  + 14] sa14 = (float4) gvParams
[14:34:39.835] |D| [shader::create_parameters]: [DEFAULT  + 18] sa18 = (float2) gfBlendAlpha
[14:34:39.835] |D| [shader::create_fragment_inputs]: Iterator: pa0 = (float4) v_Color0
[14:34:39.836] |D| [shader::create_fragment_inputs]: Iterator: pa8 = (float4) v_TexCoord0
[14:34:39.836] |D| [shader::create_fragment_inputs]: Iterator: pa16 = (float4) v_TexCoord2
[14:34:39.855] |I| [renderer::gl::load_shader_generic]: Generating vert shader 14b9b912f5d97080ba86f2d4616e84d681dd4c23ec5ac06cbd29c1f9a4c78060
[14:34:39.856] |D| [shader::create_parameters]: [BUFFER0  + 0] pa0 = (float4) IN_pos
[14:34:39.859] |D| [shader::create_parameters]: [BUFFER0  + 4] pa4 = (float4) IN_color
[14:34:39.859] |D| [shader::create_parameters]: [BUFFER0  + 8] pa8 = (float4) IN_uv0
[14:34:39.860] |D| [shader::create_parameters]: [BUFFER0  + 12] pa12 = (float4) IN_normal
[14:34:39.860] |D| [shader::create_parameters]: [BUFFER0  + 16] pa16 = (float4) IN_boneIdx
[14:34:39.861] |D| [shader::create_parameters]: [BUFFER0  + 20] pa20 = (float4) IN_boneWgt
[14:34:39.861] |D| [shader::create_parameters]: [DEFAULT  + 36] sa36 = (float4) gVecFogParams
[14:34:39.862] |D| [shader::create_parameters]: [DEFAULT  + 44] sa44 = (float4) gmBones[192]
[14:34:39.862] |D| [shader::create_parameters]: [DEFAULT  + 0] sa0 = (float4) gModelViewProj[4]
[14:34:39.863] |D| [shader::create_parameters]: [DEFAULT  + 16] sa16 = (float4) gmUVXForm[2]
[14:34:39.863] |D| [shader::create_parameters]: [DEFAULT  + 24] sa24 = (float3) gmObjToCam[3]
[14:34:39.864] |D| [shader::create_parameters]: [DEFAULT  + 40] sa40 = (float3) gvObjSpcCamPos
[14:34:39.929] |E| [renderer::gl::compile_program]: Vertex info
-----------
0(32) : warning C7050: "r[0]" might be used before being initialized
0(32) : warning C7050: "r[1]" might be used before being initialized
0(32) : warning C7050: "r[2]" might be used before being initialized
0(32) : warning C7050: "r[3]" might be used before being initialized
0(31) : warning C7050: "internals[2]" might be used before being initialized

Fragment info
-------------
0(27) : warning C7050: "internals[0]" might be used before being initialized
0(27) : warning C7050: "internals[1]" might be used before being initialized
0(27) : warning C7050: "internals[2].w" might be used before being initialized


[14:34:39.936] |I| [renderer::gl::load_shader_generic]: Generating vert shader 9a2dfe96a8076579de7501a3d74e68ac20c42c680bcc5f14bf49bef1faf5a7c2
[14:34:39.937] |D| [shader::create_parameters]: [BUFFER0  + 0] pa0 = (float4) IN_pos
[14:34:39.937] |D| [shader::create_parameters]: [BUFFER0  + 4] pa4 = (float4) IN_color
[14:34:39.937] |D| [shader::create_parameters]: [BUFFER0  + 8] pa8 = (float4) IN_uv0
[14:34:39.938] |D| [shader::create_parameters]: [BUFFER0  + 12] pa12 = (float4) IN_normal
[14:34:39.939] |D| [shader::create_parameters]: [BUFFER0  + 16] pa16 = (float4) IN_boneIdx
[14:34:39.939] |D| [shader::create_parameters]: [BUFFER0  + 20] pa20 = (float4) IN_boneWgt
[14:34:39.943] |D| [shader::create_parameters]: [DEFAULT  + 60] sa60 = (float4) gVecFogParams
[14:34:39.943] |D| [shader::create_parameters]: [DEFAULT  + 68] sa68 = (float4) gmBones[192]
[14:34:39.943] |D| [shader::create_parameters]: [DEFAULT  + 0] sa0 = (float4) gvLightData[6]
[14:34:39.944] |D| [shader::create_parameters]: [DEFAULT  + 24] sa24 = (float4) gModelViewProj[4]
[14:34:39.944] |D| [shader::create_parameters]: [DEFAULT  + 40] sa40 = (float4) gmUVXForm[2]
[14:34:39.945] |D| [shader::create_parameters]: [DEFAULT  + 48] sa48 = (float3) gmObjToCam[3]
[14:34:39.945] |D| [shader::create_parameters]: [DEFAULT  + 64] sa64 = (float3) gvObjSpcCamPos
[14:34:40.017] |E| [renderer::gl::compile_program]: Vertex info
-----------
0(30) : warning C7050: "r[0]" might be used before being initialized
0(30) : warning C7050: "r[1]" might be used before being initialized
0(30) : warning C7050: "r[2]" might be used before being initialized
0(30) : warning C7050: "r[3]" might be used before being initialized
0(30) : warning C7050: "r[4]" might be used before being initialized
0(29) : warning C7050: "internals[2]" might be used before being initialized

Fragment info
-------------
0(26) : warning C7050: "internals[0]" might be used before being initialized
0(26) : warning C7050: "internals[1]" might be used before being initialized
0(26) : warning C7050: "internals[2]" might be used before being initialized


[14:34:40.020] |I| [renderer::gl::load_shader_generic]: Generating frag shader 33c35f3c60528f296f018e291045ff462962268e7f80cecc1a13bdd9e2c5d73a
[14:34:40.021] |D| [shader::create_parameters]: [DEFAULT  + 24] sa24 = (half4) gVecFogColor
[14:34:40.021] |D| [shader::create_parameters]: [DEFAULT  + 0] sa0 = (float4) gvLightData[6]
[14:34:40.022] |D| [shader::create_parameters]: [DEFAULT  + 26] sa26 = (float4) gvParams
[14:34:40.022] |D| [shader::create_parameters]: [DEFAULT  + 30] sa30 = (float2) gfBlendAlpha
[14:34:40.023] |D| [shader::create_fragment_inputs]: Iterator: pa0 = (float4) v_Color0
[14:34:40.023] |D| [shader::create_fragment_inputs]: Iterator: pa8 = (float4) v_TexCoord0
[14:34:40.023] |D| [shader::create_fragment_inputs]: Iterator: pa16 = (float4) v_TexCoord2
[14:34:40.024] |D| [shader::create_fragment_inputs]: Iterator: pa24 = (float4) v_TexCoord3
[14:34:40.024] |D| [shader::create_fragment_inputs]: Iterator: pa28 = (float4) v_TexCoord4
[14:34:40.025] |D| [shader::create_fragment_inputs]: Iterator: pa32 = (float4) v_TexCoord5
[14:34:40.053] |I| [renderer::gl::load_shader_generic]: Generating vert shader ad35cba878771fb8b673a96480dc73f42d61e5dce183b454113d91f93a1fc481
[14:34:40.054] |D| [shader::create_parameters]: [BUFFER0  + 0] pa0 = (float4) IN_pos
[14:34:40.054] |D| [shader::create_parameters]: [BUFFER0  + 4] pa4 = (float4) IN_color
[14:34:40.055] |D| [shader::create_parameters]: [BUFFER0  + 8] pa8 = (float4) IN_uv0
[14:34:40.055] |D| [shader::create_parameters]: [BUFFER0  + 12] pa12 = (float4) IN_normal
[14:34:40.056] |D| [shader::create_parameters]: [BUFFER0  + 16] pa16 = (float4) IN_tangent
[14:34:40.056] |D| [shader::create_parameters]: [BUFFER0  + 20] pa20 = (float4) IN_binormal
[14:34:40.057] |D| [shader::create_parameters]: [BUFFER0  + 24] pa24 = (float4) IN_boneIdx
[14:34:40.057] |D| [shader::create_parameters]: [BUFFER0  + 28] pa28 = (float4) IN_boneWgt
[14:34:40.057] |D| [shader::create_parameters]: [DEFAULT  + 36] sa36 = (float4) gVecFogParams
[14:34:40.060] |D| [shader::create_parameters]: [DEFAULT  + 44] sa44 = (float4) gmBones[192]
[14:34:40.060] |D| [shader::create_parameters]: [DEFAULT  + 0] sa0 = (float4) gModelViewProj[4]
[14:34:40.061] |D| [shader::create_parameters]: [DEFAULT  + 16] sa16 = (float4) gmUVXForm[2]
[14:34:40.061] |D| [shader::create_parameters]: [DEFAULT  + 24] sa24 = (float3) gmObjToCam[3]
[14:34:40.062] |D| [shader::create_parameters]: [DEFAULT  + 40] sa40 = (float3) gvObjSpcCamPos
[14:34:40.113] |E| [renderer::gl::compile_program]: Vertex info
-----------
0(36) : warning C7050: "r[0]" might be used before being initialized
0(36) : warning C7050: "r[1]" might be used before being initialized
0(36) : warning C7050: "r[2]" might be used before being initialized
0(35) : warning C7050: "internals[2]" might be used before being initialized

Fragment info
-------------
0(31) : warning C7050: "internals[0].w" might be used before being initialized
0(31) : warning C7050: "internals[1].w" might be used before being initialized
0(31) : warning C7050: "internals[2]" might be used before being initialized


[14:34:40.128] |I| [renderer::gl::load_shader_generic]: Generating frag shader f521eda559e17f2c6a7986e9c27b3baa4ec41e592399bac0aaca5db54f38ff09
[14:34:40.130] |D| [shader::create_parameters]: [DEFAULT  + 0] sa0 = (float4) gLocalSpcEyeBone
[14:34:40.130] |D| [shader::create_parameters]: [DEFAULT  + 4] sa4 = (float3) gObjSpcEyePos
[14:34:40.131] |D| [shader::create_parameters]: [DEFAULT  + 8] sa8 = (float2) gfBlendAlpha
[14:34:40.131] |D| [shader::create_parameters]: [DEFAULT  + 10] sa10 = (float4) gfEyeParams
[14:34:40.132] |D| [shader::create_fragment_inputs]: Iterator: pa0 = (float4) v_Color0
[14:34:40.132] |D| [shader::create_fragment_inputs]: Iterator: pa4 = (float4) v_TexCoord0
[14:34:40.132] |D| [shader::create_fragment_inputs]: Iterator: pa8 = (float2) v_TexCoord1
[14:34:40.133] |D| [shader::create_fragment_inputs]: Iterator: pa10 = (float2) v_TexCoord2
[14:34:40.133] |D| [shader::create_fragment_inputs]: Iterator: pa12 = (float4) v_TexCoord3
[14:34:40.166] |E| [shader::usse::USSETranslatorVisitor::smp]: Sampler LOD custom mode not implemented!
[14:34:40.175] |E| [shader::usse::USSETranslatorVisitor::smp]: Sampler LOD custom mode not implemented!
[14:34:40.178] |E| [shader::usse::USSETranslatorVisitor::smp]: Sampler LOD custom mode not implemented!
[14:34:40.192] |E| [shader::usse::USSETranslatorVisitor::smp]: Sampler LOD custom mode not implemented!
[14:34:40.209] |I| [renderer::gl::load_shader_generic]: Generating vert shader 6f3ee9376819ced57d6c70667557282686b2560b085ab92e639c7de9e0139305
[14:34:40.210] |D| [shader::create_parameters]: [BUFFER0  + 0] pa0 = (float4) IN_pos
[14:34:40.210] |D| [shader::create_parameters]: [BUFFER0  + 4] pa4 = (float4) IN_color
[14:34:40.211] |D| [shader::create_parameters]: [BUFFER0  + 8] pa8 = (float4) IN_normal
[14:34:40.212] |D| [shader::create_parameters]: [BUFFER0  + 12] pa12 = (float4) IN_boneIdx
[14:34:40.212] |D| [shader::create_parameters]: [BUFFER0  + 16] pa16 = (float4) IN_boneWgt
[14:34:40.214] |D| [shader::create_parameters]: [DEFAULT  + 84] sa84 = (float4) gmBones[192]
[14:34:40.215] |D| [shader::create_parameters]: [DEFAULT  + 0] sa0 = (float4) gModelViewProj[4]
[14:34:40.215] |D| [shader::create_parameters]: [DEFAULT  + 16] sa16 = (float4) gmUVProjMtx[4]
[14:34:40.216] |D| [shader::create_parameters]: [DEFAULT  + 72] sa72 = (float3) gUVProjDir
[14:34:40.216] |D| [shader::create_parameters]: [DEFAULT  + 32] sa32 = (float4) gmUVEyelidProjMtx[4]
[14:34:40.217] |D| [shader::create_parameters]: [DEFAULT  + 76] sa76 = (float4) gfEyelidParams
[14:34:40.217] |D| [shader::create_parameters]: [DEFAULT  + 80] sa80 = (float4) gfEyelidPivots
[14:34:40.218] |D| [shader::create_parameters]: [DEFAULT  + 48] sa48 = (float3) gfEyelidUpperRot[3]
[14:34:40.218] |D| [shader::create_parameters]: [DEFAULT  + 60] sa60 = (float3) gfEyelidLowerRot[3]
[14:34:40.299] |E| [renderer::gl::compile_program]: Vertex info
-----------
0(31) : warning C7050: "r[0]" might be used before being initialized
0(31) : warning C7050: "r[1]" might be used before being initialized
0(31) : warning C7050: "r[2]" might be used before being initialized
0(31) : warning C7050: "r[3]" might be used before being initialized
0(31) : warning C7050: "r[4]" might be used before being initialized
0(30) : warning C7050: "internals[2]" might be used before being initialized

Fragment info
-------------
0(27) : warning C7050: "pa[2].zw" might be used before being initialized
0(29) : warning C7050: "internals[0]" might be used before being initialized
0(29) : warning C7050: "internals[2]" might be used before being initialized
0(30) : warning C7050: "r[0]" might be used before being initialized


[14:34:40.345] |I| [renderer::gl::load_shader_generic]: Generating frag shader 971c10ccb327a67ac0a52968881456b99373cb70d6459bcecc9d1c814862046d
[14:34:40.348] |D| [shader::create_parameters]: [DEFAULT  + 0] sa0 = (float4) gLocalSpcEyeBone
[14:34:40.348] |D| [shader::create_parameters]: [DEFAULT  + 4] sa4 = (float3) gObjSpcEyePos
[14:34:40.348] |D| [shader::create_parameters]: [DEFAULT  + 8] sa8 = (float2) gfBlendAlpha
[14:34:40.349] |D| [shader::create_parameters]: [DEFAULT  + 10] sa10 = (float4) gfEyeParams
[14:34:40.349] |D| [shader::create_fragment_inputs]: Iterator: pa0 = (float4) v_Color0
[14:34:40.350] |D| [shader::create_fragment_inputs]: Iterator: pa4 = (float4) v_TexCoord0
[14:34:40.350] |D| [shader::create_fragment_inputs]: Iterator: pa8 = (float2) v_TexCoord1
[14:34:40.351] |D| [shader::create_fragment_inputs]: Iterator: pa10 = (float2) v_TexCoord2
[14:34:40.352] |D| [shader::create_fragment_inputs]: Iterator: pa12 = (float4) v_TexCoord3
[14:34:40.393] |E| [shader::usse::USSETranslatorVisitor::smp]: Sampler LOD custom mode not implemented!
[14:34:40.403] |E| [shader::usse::USSETranslatorVisitor::smp]: Sampler LOD custom mode not implemented!
[14:34:40.407] |E| [shader::usse::USSETranslatorVisitor::smp]: Sampler LOD custom mode not implemented!
[14:34:40.421] |E| [shader::usse::USSETranslatorVisitor::smp]: Sampler LOD custom mode not implemented!
[14:34:40.437] |I| [renderer::gl::load_shader_generic]: Generating vert shader d199ebadcd5eb9c487a27e67b1d0ac0eb04ed43358c2e064a39bfefef18a9eee
[14:34:40.440] |D| [shader::create_parameters]: [BUFFER0  + 0] pa0 = (float4) IN_pos
[14:34:40.440] |D| [shader::create_parameters]: [BUFFER0  + 4] pa4 = (float4) IN_color
[14:34:40.440] |D| [shader::create_parameters]: [BUFFER0  + 8] pa8 = (float4) IN_normal
[14:34:40.441] |D| [shader::create_parameters]: [BUFFER0  + 12] pa12 = (float4) IN_boneIdx
[14:34:40.441] |D| [shader::create_parameters]: [BUFFER0  + 16] pa16 = (float4) IN_boneWgt
[14:34:40.442] |D| [shader::create_parameters]: [DEFAULT  + 96] sa96 = (float4) gmBones[192]
[14:34:40.442] |D| [shader::create_parameters]: [DEFAULT  + 48] sa48 = (float4) gvLightData[3]
[14:34:40.443] |D| [shader::create_parameters]: [DEFAULT  + 0] sa0 = (float4) gModelViewProj[4]
[14:34:40.443] |D| [shader::create_parameters]: [DEFAULT  + 16] sa16 = (float4) gmUVProjMtx[4]
[14:34:40.444] |D| [shader::create_parameters]: [DEFAULT  + 84] sa84 = (float3) gUVProjDir
[14:34:40.444] |D| [shader::create_parameters]: [DEFAULT  + 32] sa32 = (float4) gmUVEyelidProjMtx[4]
[14:34:40.444] |D| [shader::create_parameters]: [DEFAULT  + 88] sa88 = (float4) gfEyelidParams
[14:34:40.445] |D| [shader::create_parameters]: [DEFAULT  + 92] sa92 = (float4) gfEyelidPivots
[14:34:40.448] |D| [shader::create_parameters]: [DEFAULT  + 60] sa60 = (float3) gfEyelidUpperRot[3]
[14:34:40.448] |D| [shader::create_parameters]: [DEFAULT  + 72] sa72 = (float3) gfEyelidLowerRot[3]
[14:34:40.513] |E| [renderer::gl::compile_program]: Vertex info
-----------
0(31) : warning C7050: "r[0]" might be used before being initialized
0(31) : warning C7050: "r[1]" might be used before being initialized
0(31) : warning C7050: "r[2]" might be used before being initialized
0(31) : warning C7050: "r[3]" might be used before being initialized
0(31) : warning C7050: "r[4]" might be used before being initialized
0(30) : warning C7050: "internals[2]" might be used before being initialized

Fragment info
-------------
0(27) : warning C7050: "pa[2].zw" might be used before being initialized
0(29) : warning C7050: "internals[0]" might be used before being initialized
0(29) : warning C7050: "internals[2]" might be used before being initialized
0(30) : warning C7050: "r[0]" might be used before being initialized


[14:34:40.679] |I| [renderer::gl::load_shader_generic]: Generating vert shader 65daa4fda76fd1c491ab0fb345bd9573f4d7692c20d81fc5a3803240d81cd5fd
[14:34:40.681] |D| [shader::create_parameters]: [BUFFER0  + 0] pa0 = (float4) IN_pos
[14:34:40.681] |D| [shader::create_parameters]: [BUFFER0  + 4] pa4 = (float4) IN_color
[14:34:40.682] |D| [shader::create_parameters]: [BUFFER0  + 8] pa8 = (float4) IN_uv0
[14:34:40.682] |D| [shader::create_parameters]: [BUFFER0  + 12] pa12 = (float4) IN_normal
[14:34:40.683] |D| [shader::create_parameters]: [BUFFER0  + 16] pa16 = (float4) IN_boneIdx
[14:34:40.683] |D| [shader::create_parameters]: [BUFFER0  + 20] pa20 = (float4) IN_boneWgt
[14:34:40.684] |D| [shader::create_parameters]: [DEFAULT  + 72] sa72 = (float4) gVecFogParams
[14:34:40.684] |D| [shader::create_parameters]: [DEFAULT  + 80] sa80 = (float4) gmBones[192]
[14:34:40.684] |D| [shader::create_parameters]: [DEFAULT  + 0] sa0 = (float4) gvLightData[9]
[14:34:40.685] |D| [shader::create_parameters]: [DEFAULT  + 36] sa36 = (float4) gModelViewProj[4]
[14:34:40.685] |D| [shader::create_parameters]: [DEFAULT  + 52] sa52 = (float4) gmUVXForm[2]
[14:34:40.686] |D| [shader::create_parameters]: [DEFAULT  + 60] sa60 = (float3) gmObjToCam[3]
[14:34:40.686] |D| [shader::create_parameters]: [DEFAULT  + 76] sa76 = (float3) gvObjSpcCamPos
[14:34:40.755] |E| [renderer::gl::compile_program]: Vertex info
-----------
0(30) : warning C7050: "r[0]" might be used before being initialized
0(30) : warning C7050: "r[1]" might be used before being initialized
0(30) : warning C7050: "r[2]" might be used before being initialized
0(30) : warning C7050: "r[3]" might be used before being initialized
0(30) : warning C7050: "r[4]" might be used before being initialized
0(29) : warning C7050: "internals[2].w" might be used before being initialized

Fragment info
-------------
0(26) : warning C7050: "internals[0]" might be used before being initialized
0(26) : warning C7050: "internals[1]" might be used before being initialized
0(26) : warning C7050: "internals[2]" might be used before being initialized


[14:34:40.760] |I| [renderer::gl::load_shader_generic]: Generating frag shader 366b642d2e467b392eea1c06fa672090d37b93f91c4a1e731ee6fdddfa68365b
[14:34:40.762] |D| [shader::create_parameters]: [DEFAULT  + 36] sa36 = (half4) gVecFogColor
[14:34:40.762] |D| [shader::create_parameters]: [DEFAULT  + 0] sa0 = (float4) gvLightData[9]
[14:34:40.762] |D| [shader::create_parameters]: [DEFAULT  + 38] sa38 = (float4) gvParams
[14:34:40.763] |D| [shader::create_parameters]: [DEFAULT  + 42] sa42 = (float2) gfBlendAlpha
[14:34:40.763] |D| [shader::create_fragment_inputs]: Iterator: pa0 = (float4) v_Color0
[14:34:40.764] |D| [shader::create_fragment_inputs]: Iterator: pa8 = (float4) v_TexCoord0
[14:34:40.764] |D| [shader::create_fragment_inputs]: Iterator: pa16 = (float4) v_TexCoord2
[14:34:40.764] |D| [shader::create_fragment_inputs]: Iterator: pa24 = (float4) v_TexCoord3
[14:34:40.765] |D| [shader::create_fragment_inputs]: Iterator: pa28 = (float4) v_TexCoord4
[14:34:40.765] |D| [shader::create_fragment_inputs]: Iterator: pa32 = (float4) v_TexCoord5
[14:34:40.804] |E| [renderer::gl::compile_program]: Vertex info
-----------
0(36) : warning C7050: "r[0]" might be used before being initialized
0(36) : warning C7050: "r[1]" might be used before being initialized
0(36) : warning C7050: "r[2]" might be used before being initialized
0(35) : warning C7050: "internals[2]" might be used before being initialized

Fragment info
-------------
0(31) : warning C7050: "internals[0].w" might be used before being initialized
0(31) : warning C7050: "internals[1]" might be used before being initialized
0(31) : warning C7050: "internals[2].w" might be used before being initialized
0(32) : warning C7050: "r[0].zw" might be used before being initialized


[14:34:40.859] |I| [renderer::gl::load_shader_generic]: Generating vert shader 357390656b23ba79994ad67d2a36c6d3b372358cef9fe1f7c6d1d0fe2dec897f
[14:34:40.862] |D| [shader::create_parameters]: [BUFFER0  + 0] pa0 = (float4) IN_pos
[14:34:40.862] |D| [shader::create_parameters]: [BUFFER0  + 4] pa4 = (float4) IN_color
[14:34:40.862] |D| [shader::create_parameters]: [BUFFER0  + 8] pa8 = (float4) IN_uv0
[14:34:40.863] |D| [shader::create_parameters]: [BUFFER0  + 12] pa12 = (float4) IN_normal
[14:34:40.863] |D| [shader::create_parameters]: [BUFFER0  + 16] pa16 = (float4) IN_boneIdx
[14:34:40.863] |D| [shader::create_parameters]: [BUFFER0  + 20] pa20 = (float4) IN_boneWgt
[14:34:40.864] |D| [shader::create_parameters]: [DEFAULT  + 88] sa88 = (float4) gVecFogParams
[14:34:40.864] |D| [shader::create_parameters]: [DEFAULT  + 96] sa96 = (float4) gmBones[192]
[14:34:40.865] |D| [shader::create_parameters]: [DEFAULT  + 0] sa0 = (float4) gvLightData[6]
[14:34:40.865] |D| [shader::create_parameters]: [DEFAULT  + 48] sa48 = (float4) gModelViewProj[4]
[14:34:40.866] |D| [shader::create_parameters]: [DEFAULT  + 80] sa80 = (float4) gmUVXForm[2]
[14:34:40.866] |D| [shader::create_parameters]: [DEFAULT  + 64] sa64 = (float4) gvs_worldMatrix[4]
[14:34:40.866] |D| [shader::create_parameters]: [DEFAULT  + 24] sa24 = (float3) gvs_ambientCube[6]
[14:34:40.867] |D| [shader::create_parameters]: [DEFAULT  + 92] sa92 = (float4) gvs_vLightMultParams
[14:34:40.931] |E| [renderer::gl::compile_program]: Vertex info
-----------
0(31) : warning C7050: "r[0]" might be used before being initialized
0(31) : warning C7050: "r[1]" might be used before being initialized
0(31) : warning C7050: "r[2]" might be used before being initialized
0(31) : warning C7050: "r[3]" might be used before being initialized
0(30) : warning C7050: "internals[2].w" might be used before being initialized

Fragment info
-------------
0(24) : warning C7050: "internals[0]" might be used before being initialized
0(24) : warning C7050: "internals[1]" might be used before being initialized


[14:34:40.952] |I| [renderer::gl::load_shader_generic]: Generating vert shader dc889df26e472f47fb010d643c309bdfcdcbabe17868fc8fab926a531fcb29f9
[14:34:40.953] |D| [shader::create_parameters]: [BUFFER0  + 0] pa0 = (float4) IN_pos
[14:34:40.953] |D| [shader::create_parameters]: [BUFFER0  + 4] pa4 = (float4) IN_color
[14:34:40.954] |D| [shader::create_parameters]: [BUFFER0  + 8] pa8 = (float4) IN_uv0
[14:34:40.954] |D| [shader::create_parameters]: [BUFFER0  + 12] pa12 = (float4) IN_normal
[14:34:40.955] |D| [shader::create_parameters]: [DEFAULT  + 88] sa88 = (float4) gVecFogParams
[14:34:40.955] |D| [shader::create_parameters]: [DEFAULT  + 0] sa0 = (float4) gvLightData[6]
[14:34:40.955] |D| [shader::create_parameters]: [DEFAULT  + 48] sa48 = (float4) gModelViewProj[4]
[14:34:40.957] |D| [shader::create_parameters]: [DEFAULT  + 80] sa80 = (float4) gmUVXForm[2]
[14:34:40.957] |D| [shader::create_parameters]: [DEFAULT  + 64] sa64 = (float4) gvs_worldMatrix[4]
[14:34:40.959] |D| [shader::create_parameters]: [DEFAULT  + 24] sa24 = (float3) gvs_ambientCube[6]
[14:34:40.960] |D| [shader::create_parameters]: [DEFAULT  + 92] sa92 = (float4) gvs_vLightMultParams
[14:34:41.050] |E| [renderer::gl::compile_program]: Vertex info
-----------
0(28) : warning C7050: "internals[0].w" might be used before being initialized
0(28) : warning C7050: "internals[1]" might be used before being initialized
0(28) : warning C7050: "internals[2].w" might be used before being initialized
0(29) : warning C7050: "r[0]" might be used before being initialized

Fragment info
-------------
0(24) : warning C7050: "internals[0]" might be used before being initialized
0(24) : warning C7050: "internals[1]" might be used before being initialized


[14:34:41.127] |D| [export_sceNgsVoiceInit]: flags: 0
[14:34:41.127] |D| [export_sceNgsVoicePlay]: sceNgsVoicePlay: 1
[14:34:41.573] |I| [renderer::gl::load_shader_generic]: Generating vert shader cdf3c129619b68f271b39aa756763e10571ae29219ac76cce8098d4cbfe9e68e
[14:34:41.576] |D| [shader::create_parameters]: [BUFFER0  + 0] pa0 = (float4) IN_pos
[14:34:41.576] |D| [shader::create_parameters]: [BUFFER0  + 4] pa4 = (float4) IN_color
[14:34:41.577] |D| [shader::create_parameters]: [BUFFER0  + 8] pa8 = (float4) IN_uv0
[14:34:41.577] |D| [shader::create_parameters]: [BUFFER0  + 12] pa12 = (float4) IN_normal
[14:34:41.577] |D| [shader::create_parameters]: [BUFFER0  + 16] pa16 = (float4) IN_boneIdx
[14:34:41.578] |D| [shader::create_parameters]: [BUFFER0  + 20] pa20 = (float4) IN_boneWgt
[14:34:41.578] |D| [shader::create_parameters]: [DEFAULT  + 84] sa84 = (float4) gVecFogParams
[14:34:41.579] |D| [shader::create_parameters]: [DEFAULT  + 92] sa92 = (float4) gmBones[192]
[14:34:41.579] |D| [shader::create_parameters]: [DEFAULT  + 0] sa0 = (float4) gvLightData[12]
[14:34:41.580] |D| [shader::create_parameters]: [DEFAULT  + 48] sa48 = (float4) gModelViewProj[4]
[14:34:41.580] |D| [shader::create_parameters]: [DEFAULT  + 64] sa64 = (float4) gmUVXForm[2]
[14:34:41.580] |D| [shader::create_parameters]: [DEFAULT  + 72] sa72 = (float3) gmObjToCam[3]
[14:34:41.581] |D| [shader::create_parameters]: [DEFAULT  + 88] sa88 = (float3) gvObjSpcCamPos
[14:34:41.653] |E| [renderer::gl::compile_program]: Vertex info
-----------
0(30) : warning C7050: "r[0]" might be used before being initialized
0(30) : warning C7050: "r[1]" might be used before being initialized
0(30) : warning C7050: "r[2]" might be used before being initialized
0(30) : warning C7050: "r[3]" might be used before being initialized
0(30) : warning C7050: "r[4]" might be used before being initialized
0(29) : warning C7050: "internals[2].w" might be used before being initialized

Fragment info
-------------
0(26) : warning C7050: "internals[0]" might be used before being initialized
0(26) : warning C7050: "internals[1]" might be used before being initialized
0(26) : warning C7050: "internals[2]" might be used before being initialized


[14:34:41.656] |I| [renderer::gl::load_shader_generic]: Generating frag shader 8e99b19e84105fb255e1a0f86de13d9183624327359604cc67e9b86c8051a07d
[14:34:41.659] |D| [shader::create_parameters]: [DEFAULT  + 48] sa48 = (half4) gVecFogColor
[14:34:41.659] |D| [shader::create_parameters]: [DEFAULT  + 0] sa0 = (float4) gvLightData[12]
[14:34:41.659] |D| [shader::create_parameters]: [DEFAULT  + 50] sa50 = (float4) gvParams
[14:34:41.660] |D| [shader::create_parameters]: [DEFAULT  + 54] sa54 = (float2) gfBlendAlpha
[14:34:41.660] |D| [shader::create_fragment_inputs]: Iterator: pa0 = (float4) v_Color0
[14:34:41.661] |D| [shader::create_fragment_inputs]: Iterator: pa8 = (float4) v_TexCoord0
[14:34:41.661] |D| [shader::create_fragment_inputs]: Iterator: pa16 = (float4) v_TexCoord2
[14:34:41.661] |D| [shader::create_fragment_inputs]: Iterator: pa24 = (float4) v_TexCoord3
[14:34:41.662] |D| [shader::create_fragment_inputs]: Iterator: pa28 = (float4) v_TexCoord4
[14:34:41.662] |D| [shader::create_fragment_inputs]: Iterator: pa32 = (float4) v_TexCoord5
[14:34:41.705] |E| [renderer::gl::compile_program]: Vertex info
-----------
0(36) : warning C7050: "r[0]" might be used before being initialized
0(36) : warning C7050: "r[1]" might be used before being initialized
0(36) : warning C7050: "r[2]" might be used before being initialized
0(35) : warning C7050: "internals[2]" might be used before being initialized

Fragment info
-------------
0(31) : warning C7050: "internals[0].w" might be used before being initialized
0(31) : warning C7050: "internals[1]" might be used before being initialized
0(31) : warning C7050: "internals[2].w" might be used before being initialized


[14:34:43.754] |D| [export_sceNgsVoiceInit]: flags: 0
[14:34:43.754] |D| [export_sceNgsVoicePlay]: sceNgsVoicePlay: 1
[14:34:43.764] |D| [export_sceNgsVoiceInit]: flags: 0
[14:34:43.764] |D| [export_sceNgsVoiceInit]: flags: 0
[14:34:43.764] |D| [export_sceNgsVoicePlay]: sceNgsVoicePlay: 1
[14:34:43.765] |D| [export_sceNgsVoicePlay]: sceNgsVoicePlay: 1
[14:34:45.118] |D| [export_sceNgsVoiceKeyOff]: sceNgsVoiceKeyOff
[14:34:45.454] |D| [export_sceNgsVoiceInit]: flags: 0
[14:34:45.454] |D| [export_sceNgsVoicePlay]: sceNgsVoicePlay: 1
