[06:23:53.306] |I| [load_app_impl]: cpu-backend: Dynarmic
[06:23:53.307] |I| [load_app_impl]: CPU Optimisation state: true
[06:23:53.307] |I| [load_app_impl]: at9 audio decoder state: true
[06:23:53.307] |I| [load_app_impl]: ngs experimental state: true
[06:23:53.307] |I| [load_app_impl]: video player state: true
[06:23:53.307] |I| [load_app_impl]: lle-modules: libSceJson,liblocation,libSceXml,libpgf,libvoice,librudp,libSceSqlite,libvoiceqos,libsas
[06:23:53.307] |I| [load_app_impl]: Title: Sly 1 & 2
[06:23:53.307] |I| [load_app_impl]: Serial: PCSF00338
[06:23:53.307] |I| [load_app_impl]: Version: 1.00
[06:23:53.308] |I| [load_app_impl]: Category: gd
[06:23:53.400] |C| [load_self]: Unknown segment type 0x6FFFFF01
[06:23:53.400] |I| [load_self]: Loaded module segment 0 @ [0x00007000 - 0x000514B0 / 0x81000000] (size: 0x0004A4B0) of module ux0:app\PCSF00338\sce_module\libc.suprx
[06:23:53.400] |I| [load_self]: Loaded module segment 1 @ [0x00052000 - 0x000546F4 / 0x8104B000] (size: 0x000026F4) of module ux0:app\PCSF00338\sce_module\libc.suprx
[06:23:53.400] |I| [load_self]: Loading symbols for SELF: ux0:app\PCSF00338\sce_module\libc.suprx
[06:23:53.401] |D| [load_var_exports]: 	NID 0x6C2224BA (NID_MODULE_INFO) at 0x3DF30
[06:23:53.401] |W| [load_var_imports]: 	NID NOT FOUND 0x93B8AA67 (UNRECOGNISED) at 0x41DF0, setting to stub value 0xDEADBEEF
[06:23:53.401] |W| [load_var_imports]: 	NID NOT FOUND 0xDF084DFA (UNRECOGNISED) at 0x434A4, setting to stub value 0xDEADBEEF
[06:23:53.401] |I| [pre_load_module]: Pre-load module SceLibc (at "app\PCSF00338\sce_module\libc.suprx") loaded
[06:23:53.427] |C| [load_self]: Unknown segment type 0x6FFFFF01
[06:23:53.427] |I| [load_self]: Loaded module segment 0 @ [0x00057000 - 0x0006D01C / 0x81000000] (size: 0x0001601C) of module ux0:app\PCSF00338\sce_module\libface.suprx
[06:23:53.427] |I| [load_self]: Loaded module segment 1 @ [0x0006E000 - 0x0006E14C / 0x81017000] (size: 0x0000014C) of module ux0:app\PCSF00338\sce_module\libface.suprx
[06:23:53.427] |I| [load_self]: Loading symbols for SELF: ux0:app\PCSF00338\sce_module\libface.suprx
[06:23:53.428] |D| [load_var_exports]: 	NID 0x6C2224BA (NID_MODULE_INFO) at 0x6A0C8
[06:23:53.428] |I| [pre_load_module]: Pre-load module SceFace (at "app\PCSF00338\sce_module\libface.suprx") loaded
[06:23:53.433] |C| [load_self]: Unknown segment type 0x6FFFFF01
[06:23:53.433] |I| [load_self]: Loaded module segment 0 @ [0x0006F000 - 0x0009322C / 0x81000000] (size: 0x0002422C) of module ux0:app\PCSF00338\sce_module\libfios2.suprx
[06:23:53.433] |I| [load_self]: Loaded module segment 1 @ [0x00094000 - 0x000991A4 / 0x81025000] (size: 0x000051A4) of module ux0:app\PCSF00338\sce_module\libfios2.suprx
[06:23:53.433] |I| [load_self]: Loading symbols for SELF: ux0:app\PCSF00338\sce_module\libfios2.suprx
[06:23:53.433] |D| [load_var_exports]: 	NID 0x6C2224BA (NID_MODULE_INFO) at 0x8BB70
[06:23:53.434] |I| [pre_load_module]: Pre-load module SceLibFios2 (at "app\PCSF00338\sce_module\libfios2.suprx") loaded
[06:23:53.486] |C| [load_self]: Unknown segment type 0x6FFFFF01
[06:23:53.487] |I| [load_self]: Loaded module segment 0 @ [0x0009A000 - 0x00291E68 / 0x81000000] (size: 0x001F7E68) of module ux0:app\PCSF00338\sce_module\libsmart.suprx
[06:23:53.487] |I| [load_self]: Loaded module segment 1 @ [0x00292000 - 0x00295734 / 0x811F8000] (size: 0x00003734) of module ux0:app\PCSF00338\sce_module\libsmart.suprx
[06:23:53.487] |I| [load_self]: Loading symbols for SELF: ux0:app\PCSF00338\sce_module\libsmart.suprx
[06:23:53.487] |D| [load_var_exports]: 	NID 0x6C2224BA (NID_MODULE_INFO) at 0x13312C
[06:23:53.487] |I| [pre_load_module]: Pre-load module SceSmart (at "app\PCSF00338\sce_module\libsmart.suprx") loaded
[06:23:53.515] |C| [load_self]: Unknown segment type 0x6FFFFF01
[06:23:53.515] |I| [load_self]: Loaded module segment 0 @ [0x00296000 - 0x002AA144 / 0x81000000] (size: 0x00014144) of module ux0:app\PCSF00338\sce_module\libult.suprx
[06:23:53.515] |I| [load_self]: Loaded module segment 1 @ [0x002AB000 - 0x002AB814 / 0x81015000] (size: 0x00000814) of module ux0:app\PCSF00338\sce_module\libult.suprx
[06:23:53.516] |I| [load_self]: Loading symbols for SELF: ux0:app\PCSF00338\sce_module\libult.suprx
[06:23:53.516] |D| [load_var_exports]: 	NID 0x6C2224BA (NID_MODULE_INFO) at 0x2A61CC
[06:23:53.516] |I| [pre_load_module]: Pre-load module SceUlt (at "app\PCSF00338\sce_module\libult.suprx") loaded
[06:23:53.522] |I| [load_self]: Loaded module segment 0 @ [0x002AC000 - 0x002FCF04 / 0x81000000] (size: 0x00050F04) of module vs0:sys/external/libSceFt2.suprx
[06:23:53.522] |I| [load_self]: Loaded module segment 1 @ [0x002FD000 - 0x002FD2F4 / 0x81051000] (size: 0x000002F4) of module vs0:sys/external/libSceFt2.suprx
[06:23:53.523] |I| [load_self]: Loading symbols for SELF: vs0:sys/external/libSceFt2.suprx
[06:23:53.523] |D| [load_var_exports]: 	NID 0x936C8A78 (SYSLYB) at 0x2E87DC
[06:23:53.523] |D| [load_var_exports]: 	NID 0x6C2224BA (NID_MODULE_INFO) at 0x2E7F10
[06:23:53.523] |I| [pre_load_module]: Pre-load module SceLibft2 (at "sys/external/libSceFt2.suprx") loaded
[06:23:53.524] |I| [load_self]: Loaded module segment 0 @ [0x002FE000 - 0x0030DF14 / 0x81000000] (size: 0x0000FF14) of module vs0:sys/external/libpvf.suprx
[06:23:53.525] |I| [load_self]: Loaded module segment 1 @ [0x0030E000 - 0x0030E008 / 0x81010000] (size: 0x00000008) of module vs0:sys/external/libpvf.suprx
[06:23:53.525] |I| [load_self]: Loading symbols for SELF: vs0:sys/external/libpvf.suprx
[06:23:53.525] |D| [load_var_exports]: 	NID 0x936C8A78 (SYSLYB) at 0x30C710
[06:23:53.525] |D| [load_var_exports]: 	NID 0x6C2224BA (NID_MODULE_INFO) at 0x30C300
[06:23:53.525] |I| [pre_load_module]: Pre-load module SceLibPvf (at "sys/external/libpvf.suprx") loaded
[06:23:53.585] |C| [load_self]: Unknown segment type 0x6FFFFF01
[06:23:53.585] |I| [load_self]: Loaded module segment 0 @ [0x81000000 - 0x8108351C / 0x81000000] (size: 0x0008351C) of module app0:eboot.bin
[06:23:53.585] |I| [load_self]: Loaded module segment 1 @ [0x81084000 - 0x81144FB0 / 0x81084000] (size: 0x000C0FB0) of module app0:eboot.bin
[06:23:53.586] |I| [load_self]: Loading symbols for SELF: app0:eboot.bin
[06:23:53.586] |D| [load_var_exports]: 	NID 0x6C2224BA (NID_MODULE_INFO) at 0x810676D4
[06:23:53.586] |D| [load_var_exports]: 	NID 0x70FBA1E7 (SCE_PROC_PARAMS) at 0x81087184
[06:23:53.586] |I| [load_app_impl]: Main executable Launcher_PSP2_Disk_Ship (eboot.bin) loaded
[06:23:53.593] |D| [run_app]: Running module_start of library: SceLibc at address 0x77F1
[06:23:53.647] |I| [run_app]: Module SceLibc (at "ux0:app\PCSF00338\sce_module\libc.suprx") module_start returned 0x0
[06:23:53.651] |D| [run_app]: Running module_start of library: SceFace at address 0x69499
[06:23:53.659] |I| [run_app]: Module SceFace (at "ux0:app\PCSF00338\sce_module\libface.suprx") module_start returned 0x0
[06:23:53.663] |D| [run_app]: Running module_start of library: SceLibFios2 at address 0x6F001
[06:23:53.671] |W| [stubbed_impl]: Stubbed sceKernelGetProcessId import called. (pid: 0)
[06:23:53.671] |D| [export_sceFiosOverlayGetList02]: maxIDs: 255
[06:23:53.671] |W| [unimplemented_impl]: Unimplemented sceFiosOverlayGetList02 import called.
[06:23:53.671] |I| [run_app]: Module SceLibFios2 (at "ux0:app\PCSF00338\sce_module\libfios2.suprx") module_start returned 0x0
[06:23:53.675] |D| [run_app]: Running module_start of library: SceSmart at address 0xA0775
[06:23:53.689] |I| [run_app]: Module SceSmart (at "ux0:app\PCSF00338\sce_module\libsmart.suprx") module_start returned 0x0
[06:23:53.693] |D| [run_app]: Running module_start of library: SceUlt at address 0x29984D
[06:23:53.700] |W| [unimplemented_impl]: Unimplemented _sceUlobjMgrRegisterLibultProtocolRevision import called.
[06:23:53.700] |I| [run_app]: Module SceUlt (at "ux0:app\PCSF00338\sce_module\libult.suprx") module_start returned 0x0
[06:23:53.719] |W| [unimplemented_impl]: Unimplemented sceAppUtilInit import called.
[06:23:53.757] |W| [unimplemented_impl]: Unimplemented sceKernelChangeThreadVfpException import called.
[06:23:53.758] |W| [unimplemented_impl]: Unimplemented sceFiosOverlayThreadSetDisabled02 import called.
[06:23:53.798] |W| [unimplemented_impl]: Unimplemented sceMotionReset import called.
[06:23:53.798] |W| [unimplemented_impl]: Unimplemented sceMotionStartSampling import called.
[06:23:53.820] |W| [unimplemented_impl]: Unimplemented sceFiosOverlayGetRecommendedScheduler02 import called.
[06:23:53.826] |I| [export_sceIoOpen]: Opening file: app0:/System.psarc
[06:23:53.848] |I| [export_sceIoOpen]: Opening file: app0:/System.psarc
[06:23:53.866] |I| [export_sceIoOpen]: Opening file: app0:/System.psarc
[06:23:53.923] |W| [stubbed_impl]: Stubbed sceGxmMapMemory import called. (always return success)
[06:23:53.938] |W| [stubbed_impl]: Stubbed sceGxmMapFragmentUsseMemory import called. (always return success)
[06:23:53.971] |W| [stubbed_impl]: Stubbed sceGxmGetRenderTargetMemSize import called. (2MB host mem)
[06:23:54.012] |W| [stubbed_impl]: Stubbed sceGxmMapVertexUsseMemory import called. (always return success)
[06:23:54.166] |W| [unimplemented_impl]: Unimplemented sceCommonDialogSetConfigParam import called.
[06:23:54.170] |W| [ngs::create_voice_definition]: Missing voice definition for Buss Type 15, using passthrough.
[06:23:54.171] |W| [ngs::create_voice_definition]: Missing voice definition for Buss Type 16, using passthrough.
[06:23:54.182] |W| [unimplemented_impl]: Unimplemented sceNgsSystemSetFlags import called.
[06:23:54.182] |W| [ngs::create_voice_definition]: Missing voice definition for Buss Type 1, using passthrough.
[06:23:54.182] |D| [export_sceNgsVoiceInit]: flags: 7
[06:23:54.182] |W| [unimplemented_impl]: Unimplemented sceNgsVoiceBypassModule import called.
[06:23:54.185] |W| [ngs::create_voice_definition]: Missing voice definition for Buss Type 10, using passthrough.
[06:23:54.186] |D| [export_sceNgsVoicePlay]: sceNgsVoicePlay: 1
[06:23:54.191] |W| [unimplemented_impl]: Unimplemented sceNgsVoiceSetFinishedCallback import called.
[06:23:54.198] |D| [export_sceNgsVoicePlay]: sceNgsVoicePlay: 1
[06:23:54.198] |D| [export_sceNgsVoicePlay]: sceNgsVoicePlay: 1
[06:23:54.254] |W| [unimplemented_impl]: Unimplemented sceMotionGetState import called.
[06:23:54.287] |I| [export_sceIoOpen]: Opening file: app0:/System/Screen_BootupSony_FR.tga
[06:23:54.288] |E| [open_file]: Missing file at D:/Emulateurs/Vita3K/mc/ux0/app/PCSF00338/System/Screen_BootupSony_FR.tga (target path: app0:/System/Screen_BootupSony_FR.tga)
[06:23:54.288] |W| [io_error_impl]: open_file (sceIoOpen) returned 0x80010002
[06:23:54.383] |W| [unimplemented_impl]: Unimplemented sceGxmDepthStencilSurfaceSetForceStoreMode import called.
[06:23:54.383] |W| [unimplemented_impl]: Unimplemented sceGxmDepthStencilSurfaceSetForceLoadMode import called.
[06:23:54.421] |I| [renderer::gl::load_shader_generic]: Generating frag shader 34739cb16e2bf99e8c6153c2d54f9f1852f567ec40979297744edad44a085802
[06:23:54.423] |D| [shader::create_parameters]: [DEFAULT  + 0] sa0 = (float4) gps_vColor
[06:23:54.439] |I| [renderer::gl::load_shader_generic]: Generating vert shader 358b8cc410557fb4ea73b2a8ca932326f15fd48d456a124068f728af68ad030d
[06:23:54.440] |D| [shader::create_parameters]: [BUFFER0  + 0] pa0 = (float4) aPosition
[06:23:54.460] |E| [renderer::gl::compile_program]: Fragment info
-------------
0(21) : warning C7050: "pa[0].zw" might be used before being initialized


[06:23:54.463] |I| [renderer::gl::load_shader_generic]: Generating frag shader 273cf405f232c958f7246bac6ee1e13c26b07f59463efaffc27c4504eaee79a4
[06:23:54.463] |D| [shader::create_fragment_inputs]: Iterator: pa0 = (float4) v_Color0
[06:23:54.466] |I| [renderer::gl::load_shader_generic]: Generating vert shader 23c838138347dd4ad8a5ded7b56612979a4b31a4da9eddc2aec12f36ba4b81fe
[06:23:54.467] |D| [shader::create_parameters]: [BUFFER0  + 0] pa0 = (float4) IN_pos
[06:23:54.467] |D| [shader::create_parameters]: [BUFFER0  + 4] pa4 = (float4) IN_color
[06:23:54.467] |D| [shader::create_parameters]: [BUFFER0  + 8] pa8 = (float4) IN_uv0
[06:23:54.467] |D| [shader::create_parameters]: [DEFAULT  + 0] sa0 = (float4) gModelViewProj[4]
[06:23:54.482] |W| [stubbed_impl]: Stubbed sceDisplayWaitVblankStart import called. (wait for vblank)
[06:24:00.954] |E| [discordrpc::update_presence::<lambda_23ff884bf2cdb1bde950cb16a82f908e>::operator ()]: Error updating discord rich presence, err_code: 43
[06:24:00.955] |E| [discordrpc::update_presence::<lambda_23ff884bf2cdb1bde950cb16a82f908e>::operator ()]: Error updating discord rich presence, err_code: 43
