[09:28:10.881] |I| [load_app_impl]: cpu-backend: Dynarmic
[09:28:10.881] |I| [load_app_impl]: CPU Optimisation state: true
[09:28:10.882] |I| [load_app_impl]: at9 audio decoder state: true
[09:28:10.883] |I| [gui::load_app_icon]: Default icon found for App GXMFUN001, [GXMFUN001] in path GXMFUN001.
[09:28:10.883] |I| [load_app_impl]: ngs experimental state: true
[09:28:10.884] |I| [load_app_impl]: video player state: true
[09:28:10.885] |I| [load_app_impl]: modules mode: Automatic
[09:28:10.885] |I| [load_app_impl]: Title: God of War® Collection
[09:28:10.886] |I| [load_app_impl]: Serial: PCSF00438
[09:28:10.886] |I| [gui::load_app_icon]: Default icon found for App IME000001, [IME000001] in path IME000001.
[09:28:10.886] |I| [load_app_impl]: Version: 1.00
[09:28:10.887] |I| [load_app_impl]: Category: gd
[09:28:10.898] |C| [load_self]: Unknown segment type 0x6FFFFF01
[09:28:10.898] |I| [load_self]: Loaded module segment 0 @ [0x00007000 - 0x000543BC / 0x81000000] (size: 0x0004D3BC) of module app0:sce_module/libc.suprx
[09:28:10.899] |I| [load_self]: Loaded module segment 1 @ [0x00055000 - 0x000576F0 / 0x8104E000] (size: 0x000026F0) of module app0:sce_module/libc.suprx
[09:28:10.900] |I| [load_self]: Loading symbols for SELF: app0:sce_module/libc.suprx
[09:28:10.901] |D| [load_var_exports]: 	NID 0x936C8A78 (SYSLYB) at 0x4A164
[09:28:10.901] |D| [load_var_exports]: 	NID 0x6C2224BA (NID_MODULE_INFO) at 0x400FC
[09:28:10.902] |W| [load_var_imports]: 	NID NOT FOUND 0x93B8AA67 (UNRECOGNISED) at 0x440BC, setting to stub value 0xDEADBEEF
[09:28:10.904] |W| [load_var_imports]: 	NID NOT FOUND 0xDF084DFA (UNRECOGNISED) at 0x45B70, setting to stub value 0xDEADBEEF
[09:28:10.905] |I| [pre_load_module]: Pre-load module SceLibc (at "sce_module/libc.suprx") loaded
[09:28:10.911] |C| [load_self]: Unknown segment type 0x6FFFFF01
[09:28:10.911] |I| [load_self]: Loaded module segment 0 @ [0x0005A000 - 0x0008512C / 0x81000000] (size: 0x0002B12C) of module app0:sce_module/libfios2.suprx
[09:28:10.912] |I| [load_self]: Loaded module segment 1 @ [0x00086000 - 0x0008B23D / 0x8102C000] (size: 0x0000523D) of module app0:sce_module/libfios2.suprx
[09:28:10.913] |I| [load_self]: Loading symbols for SELF: app0:sce_module/libfios2.suprx
[09:28:10.914] |D| [load_var_exports]: 	NID 0x936C8A78 (SYSLYB) at 0x85034
[09:28:10.914] |D| [load_var_exports]: 	NID 0x6C2224BA (NID_MODULE_INFO) at 0x7C548
[09:28:10.915] |I| [pre_load_module]: Pre-load module SceLibFios2 (at "sce_module/libfios2.suprx") loaded
[09:28:10.919] |C| [load_self]: Unknown segment type 0x6FFFFF01
[09:28:10.919] |I| [load_self]: Loaded module segment 0 @ [0x0008C000 - 0x0009FA9C / 0x81000000] (size: 0x00013A9C) of module app0:sce_module/libult.suprx
[09:28:10.920] |I| [load_self]: Loaded module segment 1 @ [0x000A0000 - 0x000A0814 / 0x81014000] (size: 0x00000814) of module app0:sce_module/libult.suprx
[09:28:10.922] |I| [load_self]: Loading symbols for SELF: app0:sce_module/libult.suprx
[09:28:10.922] |D| [load_var_exports]: 	NID 0x936C8A78 (SYSLYB) at 0x9E3C8
[09:28:10.923] |D| [load_var_exports]: 	NID 0x6C2224BA (NID_MODULE_INFO) at 0x9B944
[09:28:10.926] |I| [pre_load_module]: Pre-load module SceUlt (at "sce_module/libult.suprx") loaded
[09:28:10.935] |I| [load_self]: Loaded module segment 0 @ [0x000A1000 - 0x000F1F04 / 0x81000000] (size: 0x00050F04) of module vs0:sys/external/libSceFt2.suprx
[09:28:10.936] |I| [load_self]: Loaded module segment 1 @ [0x000F2000 - 0x000F22F4 / 0x81051000] (size: 0x000002F4) of module vs0:sys/external/libSceFt2.suprx
[09:28:10.937] |I| [load_self]: Loading symbols for SELF: vs0:sys/external/libSceFt2.suprx
[09:28:10.938] |D| [load_var_exports]: 	NID 0x936C8A78 (SYSLYB) at 0xDD7DC
[09:28:10.938] |D| [load_var_exports]: 	NID 0x6C2224BA (NID_MODULE_INFO) at 0xDCF10
[09:28:10.939] |I| [pre_load_module]: Pre-load module SceLibft2 (at "sys/external/libSceFt2.suprx") loaded
[09:28:10.943] |I| [load_self]: Loaded module segment 0 @ [0x000F3000 - 0x00102F14 / 0x81000000] (size: 0x0000FF14) of module vs0:sys/external/libpvf.suprx
[09:28:10.943] |I| [load_self]: Loaded module segment 1 @ [0x00103000 - 0x00103008 / 0x81010000] (size: 0x00000008) of module vs0:sys/external/libpvf.suprx
[09:28:10.944] |I| [load_self]: Loading symbols for SELF: vs0:sys/external/libpvf.suprx
[09:28:10.945] |D| [load_var_exports]: 	NID 0x936C8A78 (SYSLYB) at 0x101710
[09:28:10.945] |D| [load_var_exports]: 	NID 0x6C2224BA (NID_MODULE_INFO) at 0x101300
[09:28:10.946] |I| [pre_load_module]: Pre-load module SceLibPvf (at "sys/external/libpvf.suprx") loaded
[09:28:11.015] |C| [load_self]: Unknown segment type 0x6FFFFF01
[09:28:11.016] |I| [load_self]: Loaded module segment 0 @ [0x00104000 - 0x00318344 / 0x81000000] (size: 0x00214344) of module app0:GOW1.self
[09:28:11.018] |I| [load_self]: Loaded module segment 1 @ [0x00319000 - 0x00770758 / 0x81215000] (size: 0x00457758) of module app0:GOW1.self
[09:28:11.019] |I| [load_self]: Loading symbols for SELF: app0:GOW1.self
[09:28:11.020] |D| [load_var_exports]: 	NID 0x6C2224BA (NID_MODULE_INFO) at 0x2D5C84
[09:28:11.020] |D| [load_var_exports]: 	NID 0x70FBA1E7 (SCE_PROC_PARAMS) at 0x3B60E0
[09:28:11.021] |I| [load_app_impl]: Main executable Internal3_PSP2_Ship_EUROPE (GOW1.self) loaded
[09:28:11.106] |I| [renderer::gl::compile_shader]: frag shader compiled: c3165afc23b8b5471973c1422936ed561cdc4e59d87090138410ec2dc024445b
[09:28:11.109] |I| [renderer::gl::compile_shader]: vert shader compiled: 285c4dea310f731bfdc453ea1a8a5a68b56177f2ca5e1230c709184ff8660e63
[09:28:11.125] |I| [gui::load_app_icon]: Default icon found for App VITACUBE, [VITACUBE] in path VITACUBE.
[09:28:11.126] |I| [gui::load_app_icon]: Default icon found for App VITATESTR, [VitaTester] in path VITATESTR.
[09:28:11.127] |I| [gui::load_app_icon]: Default icon found for App VSDK00010, [Motion example] in path VSDK00010.
[09:28:11.128] |E| [renderer::gl::compile_program]: Fragment info
-------------
0(20) : warning C7050: "pa[0].zw" might be used before being initialized


[09:28:11.129] |I| [renderer::gl::pre_compile_program]: Program Compiled 1/2
[09:28:11.219] |I| [renderer::gl::compile_shader]: frag shader compiled: 5e09a28ffff265c45c85a80f57440d0ebcf665c9bf7438642b16931095ec3be3
[09:28:11.222] |I| [renderer::gl::compile_shader]: vert shader compiled: 576d175258c4a4a3cb082258aa89ce2080b871550324399750bb235a96356882
[09:28:11.230] |I| [renderer::gl::pre_compile_program]: Program Compiled 2/2
[09:28:11.239] |D| [run_app]: Running module_start of library: SceLibc at address 0x7809
[09:28:11.296] |I| [run_app]: Module SceLibc (at "app0:sce_module/libc.suprx") module_start returned 0x0
[09:28:11.301] |D| [run_app]: Running module_start of library: SceLibFios2 at address 0x5A001
[09:28:11.309] |W| [stubbed_impl]: Stubbed sceKernelGetProcessId import called. (pid: 0)
[09:28:11.309] |D| [export_sceFiosOverlayGetList02]: maxIDs: 255
[09:28:11.310] |W| [unimplemented_impl]: Unimplemented sceFiosOverlayGetList02 import called.
[09:28:11.311] |I| [run_app]: Module SceLibFios2 (at "app0:sce_module/libfios2.suprx") module_start returned 0x0
[09:28:11.315] |D| [run_app]: Running module_start of library: SceUlt at address 0x8F769
[09:28:11.323] |W| [unimplemented_impl]: Unimplemented _sceUlobjMgrRegisterLibultProtocolRevision import called.
[09:28:11.323] |I| [run_app]: Module SceUlt (at "app0:sce_module/libult.suprx") module_start returned 0x0
[09:28:11.550] |W| [unimplemented_impl]: Unimplemented sceKernelChangeThreadVfpException import called.
[09:28:11.550] |W| [unimplemented_impl]: Unimplemented sceFiosOverlayThreadSetDisabled02 import called.
[09:28:11.601] |I| [export_sceIoOpen]: Opening file: app0:/exec//gow1_psp2_SCEE.psarc
[09:28:11.622] |W| [unimplemented_impl]: Unimplemented sceFiosOverlayGetRecommendedScheduler02 import called.
[09:28:11.628] |I| [export_sceIoOpen]: Opening file: app0:/exec/gow1_psp2_SCEE.psarc
[09:28:11.686] |I| [export_sceIoOpen]: Opening file: app0:/exec/gow1_psp2_SCEE.psarc
[09:28:11.798] |W| [stubbed_impl]: Stubbed sceGxmMapMemory import called. (always return success)
[09:28:11.824] |W| [stubbed_impl]: Stubbed sceGxmMapFragmentUsseMemory import called. (always return success)
[09:28:11.850] |W| [stubbed_impl]: Stubbed sceGxmMapVertexUsseMemory import called. (always return success)
[09:28:11.858] |W| [unimplemented_impl]: Unimplemented sceAppUtilInit import called.
[09:28:11.866] |W| [stubbed_impl]: Stubbed sceGxmGetRenderTargetMemSize import called. (2MB host mem)
[09:28:11.912] |W| [stubbed_impl]: Stubbed sceNpTrophyCreateHandle import called. (Stubbed handle with 1)
[09:28:12.973] |W| [unimplemented_impl]: Unimplemented sceMotionReset import called.
[09:28:12.974] |W| [unimplemented_impl]: Unimplemented sceMotionStartSampling import called.
[09:28:12.980] |D| [ngs::create_voice_definition]: type: 15
[09:28:12.980] |D| [ngs::create_voice_definition]: type: 16
[09:28:12.990] |W| [unimplemented_impl]: Unimplemented sceNgsSystemSetFlags import called.
[09:28:12.990] |D| [ngs::create_voice_definition]: type: 1
[09:28:12.991] |W| [ngs::create_voice_definition]: Missing voice definition for Buss Type 1, using passthrough.
[09:28:12.992] |D| [export_sceNgsVoiceInit]: flags: 7
[09:28:12.992] |W| [unimplemented_impl]: Unimplemented sceNgsVoiceBypassModule import called.
[09:28:12.992] |D| [ngs::create_voice_definition]: type: 0
[09:28:12.993] |I| [ngs::scream::PlayerVoiceDefinition::new_modules]: Scream player voice definition stubbed
[09:28:12.994] |I| [ngs::scream::PlayerVoiceDefinition::new_modules]: Scream player voice definition stubbed
[09:28:12.994] |I| [ngs::scream::Atrac9VoiceDefinition::new_modules]: Scream Atrac9 voice definition stubbed
[09:28:12.995] |I| [ngs::scream::PlayerVoiceDefinition::new_modules]: Scream player voice definition stubbed
[09:28:12.995] |I| [ngs::scream::PlayerVoiceDefinition::new_modules]: Scream player voice definition stubbed
[09:28:12.996] |I| [ngs::scream::Atrac9VoiceDefinition::new_modules]: Scream Atrac9 voice definition stubbed
[09:28:12.996] |D| [ngs::create_voice_definition]: type: 10
[09:28:12.997] |W| [ngs::create_voice_definition]: Missing voice definition for Buss Type 10, using passthrough.
[09:28:12.998] |D| [export_sceNgsVoiceInit]: flags: 7
[09:28:12.999] |D| [export_sceNgsVoicePlay]: sceNgsVoicePlay: 1
[09:28:13.003] |W| [unimplemented_impl]: Unimplemented sceNgsVoiceSetFinishedCallback import called.
[09:28:13.012] |D| [export_sceNgsVoicePlay]: sceNgsVoicePlay: 1
[09:28:13.012] |D| [export_sceNgsVoicePlay]: sceNgsVoicePlay: 1
[09:28:13.044] |E| [logging::ret_error_impl]: sceKernelTryLockLwMutex returned SCE_KERNEL_ERROR_LW_MUTEX_FAILED_TO_OWN (0x80028185)
[09:28:13.053] |E| [logging::ret_error_impl]: sceKernelWaitLwCond returned SCE_KERNEL_ERROR_WAIT_TIMEOUT (0x80028005)
[09:28:13.934] |I| [renderer::gl::load_shader_generic]: Generating frag shader b6960e57a2fcbcb25b07f7d1d760d38350d0a4bf0f32a159f9f860ed281db203
[09:28:13.937] |D| [shader::create_parameters]: [DEFAULT  + 0] sa0 = (float4) gps_vColor
[09:28:13.941] |E| [stat_file]: Missing file at D:/Emulateurs/Vita3K/mc/ux0/user/00/savedata/PCSF00438/GOW1/DATA00.BIN (target path: savedata0:/GOW1//DATA00.BIN)
[09:28:13.942] |W| [io_error_impl]: stat_file (_sceIoGetstat) returned 0x80010002
[09:28:13.942] |I| [renderer::gl::load_shader_generic]: Generating vert shader d0d8fa7a0fe8916811114e1664122c9a897d1ffa368dac5219ff0886da3afb5d
[09:28:13.943] |E| [stat_file]: Missing file at D:/Emulateurs/Vita3K/mc/ux0/user/00/savedata/PCSF00438/GOW1/DATA01.BIN (target path: savedata0:/GOW1//DATA01.BIN)
[09:28:13.944] |D| [shader::create_parameters]: [BUFFER0  + 0] pa0 = (float4) aPosition
[09:28:13.945] |W| [io_error_impl]: stat_file (_sceIoGetstat) returned 0x80010002
[09:28:13.946] |E| [stat_file]: Missing file at D:/Emulateurs/Vita3K/mc/ux0/user/00/savedata/PCSF00438/GOW1/DATA02.BIN (target path: savedata0:/GOW1//DATA02.BIN)
[09:28:13.948] |W| [io_error_impl]: stat_file (_sceIoGetstat) returned 0x80010002
[09:28:13.949] |E| [stat_file]: Missing file at D:/Emulateurs/Vita3K/mc/ux0/user/00/savedata/PCSF00438/GOW1/DATA03.BIN (target path: savedata0:/GOW1//DATA03.BIN)
[09:28:13.950] |W| [io_error_impl]: stat_file (_sceIoGetstat) returned 0x80010002
[09:28:13.951] |I| [export_sceIoOpen]: Opening file: savedata0:/GOW1//MASTER.BIN
[09:28:13.951] |E| [open_file]: Missing file at D:/Emulateurs/Vita3K/mc/ux0/user/00/savedata/PCSF00438/GOW1/MASTER.BIN (target path: savedata0:/GOW1//MASTER.BIN)
[09:28:13.952] |W| [io_error_impl]: open_file (sceIoOpen) returned 0x80010002
[09:28:13.953] |E| [stat_file]: Missing file at D:/Emulateurs/Vita3K/mc/ux0/user/00/savedata/PCSF00438/GOW1/ICON0.PNG (target path: savedata0:/GOW1//ICON0.PNG)
[09:28:13.954] |W| [io_error_impl]: stat_file (_sceIoGetstat) returned 0x80010002
[09:28:13.958] |E| [renderer::gl::compile_program]: Fragment info
-------------
0(20) : warning C7050: "pa[0].zw" might be used before being initialized


[09:28:13.988] |I| [renderer::gl::load_shader_generic]: Generating frag shader c6d35d0ae00abbb76ab648c9e471dc1b2a0f9637186eab414c0e43919a5f2f86
[09:28:13.991] |D| [shader::create_fragment_inputs]: Iterator: pa0 = (half4) v_TexCoord0
[09:28:13.996] |I| [renderer::gl::load_shader_generic]: Generating vert shader 86c3cd1bcac2b2617cfe0cd486a4c12e52717f103561373c4f5f18872f6c9fe1
[09:28:13.997] |D| [shader::create_parameters]: [BUFFER0  + 0] pa0 = (float4) input_position
[09:28:13.998] |D| [shader::create_parameters]: [BUFFER0  + 4] pa4 = (float4) input_texUV
[09:28:14.020] |E| [renderer::gl::compile_program]: Fragment info
-------------
0(18) : warning C7050: "pa[0].zw" might be used before being initialized


[09:28:14.024] |W| [stubbed_impl]: Stubbed sceDisplayWaitVblankStartMulti import called. (wait for vblank)
[09:28:25.924] |W| [unimplemented_impl]: Unimplemented sceGxmDepthStencilSurfaceSetForceStoreMode import called.
[09:28:25.925] |W| [unimplemented_impl]: Unimplemented sceGxmDepthStencilSurfaceSetForceLoadMode import called.
[09:28:28.184] |E| [logging::ret_error_impl]: sceGxmDrawPrecomputed returned SCE_GXM_ERROR_INVALID_PRECOMPUTED_VERTEX_STATE (0x805B0015)
[09:28:28.264] |E| [stat_file]: Missing file at D:/Emulateurs/Vita3K/mc/ux0/app/PCSF00438/exec/wad/_sound/dvd_streams/psp2/french/tit1e1_2.at9 (target path: app0:/exec/wad/_sound/dvd_streams/psp2/french/tit1e1_2.at9)
[09:28:28.266] |W| [io_error_impl]: stat_file (_sceIoGetstat) returned 0x80010002
[09:28:28.306] |I| [renderer::gl::load_shader_generic]: Generating frag shader fc4b3b936f8f2fd90618e89d86276a8b2bf6ca173bda9a9b2b8a495db7f61ebf
[09:28:28.308] |D| [shader::create_fragment_inputs]: Iterator: pa0 = (half4) v_TexCoord1
[09:28:28.309] |D| [shader::create_fragment_inputs]: Iterator: pa4 = (half2) v_TexCoord2
[09:28:28.318] |I| [renderer::gl::load_shader_generic]: Generating vert shader 9febe82605cd45b42604521e7690b96e418595608409f106a458aa6a18f0c15b
[09:28:28.320] |D| [shader::create_parameters]: [BUFFER0  + 0] pa0 = (float4) input_posAndWeight
[09:28:28.320] |D| [shader::create_parameters]: [BUFFER0  + 4] pa4 = (float4) input_vertexColor
[09:28:28.320] |D| [shader::create_parameters]: [BUFFER0  + 8] pa8 = (float4) input_texUV
[09:28:28.321] |D| [shader::create_parameters]: [BUFFER0  + 12] pa12 = (float4) input_indices
[09:28:28.321] |D| [shader::create_parameters]: [DEFAULT  + 0] sa0 = (float4) g_Projection[4]
[09:28:28.322] |D| [shader::create_parameters]: [DEFAULT  + 24] sa24 = (float4) gps_AlphaTest
[09:28:28.322] |D| [shader::create_parameters]: [DEFAULT  + 28] sa28 = (float4) g_Transforms[64]
[09:28:28.323] |D| [shader::create_parameters]: [DEFAULT  + 16] sa16 = (float3) g_UVTransform[2]
[09:28:28.420] |D| [export_sceNgsVoiceInit]: flags: 0
[09:28:28.431] |D| [export_sceNgsVoicePlay]: sceNgsVoicePlay: 1
[09:28:28.603] |E| [renderer::gl::compile_program]: Vertex info
-----------
0(28) : warning C7050: "r[0]" might be used before being initialized
0(28) : warning C7050: "r[1]" might be used before being initialized
0(28) : warning C7050: "r[2]" might be used before being initialized
0(28) : warning C7050: "r[3]" might be used before being initialized
0(28) : warning C7050: "r[4]" might be used before being initialized
0(28) : warning C7050: "r[5]" might be used before being initialized
0(28) : warning C7050: "r[6]" might be used before being initialized
0(28) : warning C7050: "r[7]" might be used before being initialized

Fragment info
-------------
0(20) : warning C7050: "sa[0]" might be used before being initialized
0(19) : warning C7050: "pa[0].zw" might be used before being initialized
0(19) : warning C7050: "pa[1].yzw" might be used before being initialized


[09:28:28.607] |I| [renderer::gl::load_shader_generic]: Generating frag shader cb6eabb6a14bd5d5d58aa181167176b50a2cbcb2f895a0b679e04c0a7ed469bb
[09:28:28.608] |D| [shader::create_fragment_inputs]: Iterator: pa0 = (half4) v_TexCoord1
[09:28:28.609] |D| [shader::create_fragment_inputs]: Iterator: pa4 = (half2) v_TexCoord2
[09:28:28.619] |I| [renderer::gl::load_shader_generic]: Generating vert shader e2e017b1e2a59adda85ce351afdae99bf2236a6ea70134eb06876d941ef97262
[09:28:28.621] |D| [shader::create_parameters]: [BUFFER0  + 0] pa0 = (float4) input_posAndWeight
[09:28:28.621] |D| [shader::create_parameters]: [BUFFER0  + 4] pa4 = (float4) input_vertexColor
[09:28:28.621] |D| [shader::create_parameters]: [BUFFER0  + 8] pa8 = (float4) input_texUV
[09:28:28.622] |D| [shader::create_parameters]: [BUFFER0  + 12] pa12 = (float4) input_indices
[09:28:28.622] |D| [shader::create_parameters]: [DEFAULT  + 0] sa0 = (float4) g_Projection[4]
[09:28:28.623] |D| [shader::create_parameters]: [DEFAULT  + 24] sa24 = (float4) gps_AlphaTest
[09:28:28.623] |D| [shader::create_parameters]: [DEFAULT  + 28] sa28 = (float4) g_Transforms[64]
[09:28:28.624] |D| [shader::create_parameters]: [DEFAULT  + 16] sa16 = (float3) g_UVTransform[2]
[09:28:28.821] |E| [renderer::gl::compile_program]: Vertex info
-----------
0(28) : warning C7050: "r[0]" might be used before being initialized
0(28) : warning C7050: "r[1]" might be used before being initialized
0(28) : warning C7050: "r[2]" might be used before being initialized
0(28) : warning C7050: "r[3]" might be used before being initialized
0(28) : warning C7050: "r[4]" might be used before being initialized
0(28) : warning C7050: "r[5]" might be used before being initialized
0(28) : warning C7050: "r[6]" might be used before being initialized
0(28) : warning C7050: "r[7]" might be used before being initialized

Fragment info
-------------
0(20) : warning C7050: "sa[0]" might be used before being initialized
0(19) : warning C7050: "pa[0].zw" might be used before being initialized
0(19) : warning C7050: "pa[1].yzw" might be used before being initialized


[09:28:28.829] |I| [renderer::gl::load_shader_generic]: Generating frag shader 47caeaa3506c9149dca31ce1b1b90bef3557026aacf176e44dd901ce721a8db1
[09:28:28.831] |D| [shader::create_fragment_inputs]: Iterator: pa0 = (half4) v_TexCoord1
[09:28:28.837] |I| [renderer::gl::load_shader_generic]: Generating vert shader 0dccde57d2d3350f799a021249fa774ad77452421657997a7141516d3fb79e40
[09:28:28.838] |D| [shader::create_parameters]: [BUFFER0  + 0] pa0 = (float4) input_posAndWeight
[09:28:28.839] |D| [shader::create_parameters]: [BUFFER0  + 4] pa4 = (float4) input_vertexColor
[09:28:28.839] |D| [shader::create_parameters]: [BUFFER0  + 8] pa8 = (float4) input_texUV
[09:28:28.840] |D| [shader::create_parameters]: [BUFFER0  + 12] pa12 = (float4) input_indices
[09:28:28.840] |D| [shader::create_parameters]: [DEFAULT  + 0] sa0 = (float4) g_Projection[4]
[09:28:28.840] |D| [shader::create_parameters]: [DEFAULT  + 24] sa24 = (float4) g_Transforms[64]
[09:28:28.841] |D| [shader::create_parameters]: [DEFAULT  + 16] sa16 = (float3) g_UVTransform[2]
[09:28:29.100] |E| [renderer::gl::compile_program]: Vertex info
-----------
0(27) : warning C7050: "r[0]" might be used before being initialized
0(27) : warning C7050: "r[1]" might be used before being initialized
0(27) : warning C7050: "r[2]" might be used before being initialized
0(27) : warning C7050: "r[3]" might be used before being initialized
0(27) : warning C7050: "r[4]" might be used before being initialized
0(27) : warning C7050: "r[5]" might be used before being initialized
0(27) : warning C7050: "r[6]" might be used before being initialized
0(27) : warning C7050: "r[7]" might be used before being initialized

Fragment info
-------------
0(18) : warning C7050: "pa[0].zw" might be used before being initialized


[09:28:29.107] |I| [renderer::gl::load_shader_generic]: Generating frag shader 75974672e59695e15f4f3b97266eca596984c6220bd233b95cde8e40b5efaa06
[09:28:29.108] |D| [shader::create_fragment_inputs]: Iterator: pa0 = (half4) v_Color0
[09:28:29.109] |D| [shader::create_fragment_inputs]: Iterator: pa2 = (float4) v_TexCoord4
[09:28:29.129] |I| [renderer::gl::load_shader_generic]: Generating vert shader 3f72b9fc7927854ad305fe194f9f839ca19411b7f202e5e2447ddf443b3fe4c9
[09:28:29.131] |D| [shader::create_parameters]: [BUFFER0  + 0] pa0 = (float4) input_position
[09:28:29.131] |D| [shader::create_parameters]: [BUFFER0  + 4] pa4 = (float4) input_color
[09:28:29.131] |D| [shader::create_parameters]: [BUFFER0  + 8] pa8 = (float4) input_texcoord
[09:28:29.132] |D| [shader::create_parameters]: [DEFAULT  + 0] sa0 = (float4) g_ResolveParametersWidth
[09:28:29.133] |D| [shader::create_parameters]: [DEFAULT  + 4] sa4 = (float4) g_ResolveParametersHeight
[09:28:29.133] |D| [shader::create_parameters]: [DEFAULT  + 8] sa8 = (float4) g_FogParameters
[09:28:29.172] |E| [renderer::gl::compile_program]: Fragment info
-------------
0(21) : warning C7050: "sa[0].w" might be used before being initialized
0(21) : warning C7050: "sa[1]" might be used before being initialized
0(20) : warning C7050: "pa[0].zw" might be used before being initialized
0(20) : warning C7050: "pa[1].zw" might be used before being initialized
0(20) : warning C7050: "pa[2].zw" might be used before being initialized
0(22) : warning C7050: "internals[0]" might be used before being initialized


[09:28:29.177] |I| [renderer::gl::load_shader_generic]: Generating frag shader b6389b40fefc975ad90174a9afe3e680d17afbe004681ac3ab651ab152e249e5
[09:28:29.179] |D| [shader::create_fragment_inputs]: Iterator: pa0 = (half4) v_TexCoord2
[09:28:29.185] |I| [renderer::gl::load_shader_generic]: Generating vert shader dbd06d3aadc6cd536c6226f609c8b51ea94c47e5bff3c2ea70c6cbbaef9a8a80
[09:28:29.187] |D| [shader::create_parameters]: [BUFFER0  + 0] pa0 = (float4) input_position
[09:28:29.187] |D| [shader::create_parameters]: [BUFFER0  + 4] pa4 = (float4) input_uv
[09:28:29.187] |D| [shader::create_parameters]: [BUFFER0  + 8] pa8 = (float4) input_color
[09:28:29.188] |D| [shader::create_parameters]: [DEFAULT  + 0] sa0 = (float2) gFogScreenOffset
[09:28:29.211] |E| [renderer::gl::compile_program]: Fragment info
-------------
0(20) : warning C7050: "pa[0].zw" might be used before being initialized
0(20) : warning C7050: "pa[1].zw" might be used before being initialized


[09:28:29.215] |I| [renderer::gl::load_shader_generic]: Generating frag shader d429e7cb83179f0f64b81ec86263d6d290f3d614f225e473b8dc406eee1a6fab
[09:28:29.216] |D| [shader::create_fragment_inputs]: Iterator: pa0 = (half4) v_TexCoord1
[09:28:29.223] |I| [renderer::gl::load_shader_generic]: Generating vert shader c30dc9a7b8f11a25c99ff124ed55b39a8c789b7231f4bd14fe48bebcef854bcb
[09:28:29.224] |D| [shader::create_parameters]: [BUFFER0  + 0] pa0 = (float4) input_position
[09:28:29.225] |D| [shader::create_parameters]: [BUFFER0  + 4] pa4 = (float4) input_texcoord
[09:28:29.225] |D| [shader::create_parameters]: [DEFAULT  + 0] sa0 = (float2) g_UVOffset
[09:28:29.226] |D| [shader::create_parameters]: [DEFAULT  + 2] sa2 = (float4) g_Color
[09:28:29.252] |E| [renderer::gl::compile_program]: Fragment info
-------------
0(18) : warning C7050: "pa[0].zw" might be used before being initialized
0(21) : warning C7050: "r[0].zw" might be used before being initialized


[09:28:29.260] |I| [renderer::gl::load_shader_generic]: Generating frag shader a3292d70362304b988d35f62ac7d51f26befea7bc8778f90fe4fcfbfcfc37066
[09:28:29.261] |D| [shader::create_fragment_inputs]: Iterator: pa0 = (half4) v_TexCoord1
[09:28:29.263] |D| [shader::create_fragment_inputs]: Iterator: pa4 = (half2) v_TexCoord2
[09:28:29.276] |I| [renderer::gl::load_shader_generic]: Generating vert shader 3338c6c3d308b348f4ae616b74862a726329183e37b137b8ce9045f1a4eb75c6
[09:28:29.277] |D| [shader::create_parameters]: [BUFFER0  + 0] pa0 = (float4) input_posAndWeight
[09:28:29.281] |D| [shader::create_parameters]: [BUFFER0  + 4] pa4 = (float4) input_normal
[09:28:29.282] |D| [shader::create_parameters]: [BUFFER0  + 8] pa8 = (float4) input_texUV
[09:28:29.282] |D| [shader::create_parameters]: [BUFFER0  + 12] pa12 = (float4) input_indices
[09:28:29.283] |D| [shader::create_parameters]: [DEFAULT  + 0] sa0 = (float4) g_Projection[4]
[09:28:29.283] |D| [shader::create_parameters]: [DEFAULT  + 40] sa40 = (float4) gps_AlphaTest
[09:28:29.284] |D| [shader::create_parameters]: [DEFAULT  + 56] sa56 = (float4) g_Transforms[64]
[09:28:29.284] |D| [shader::create_parameters]: [DEFAULT  + 16] sa16 = (float3) g_UVTransform[2]
[09:28:29.285] |D| [shader::create_parameters]: [DEFAULT  + 44] sa44 = (float4) g_MaterialColor
[09:28:29.285] |D| [shader::create_parameters]: [DEFAULT  + 48] sa48 = (float4) g_Specular
[09:28:29.286] |D| [shader::create_parameters]: [DEFAULT  + 24] sa24 = (float3) g_LightDir[2]
[09:28:29.287] |D| [shader::create_parameters]: [DEFAULT  + 32] sa32 = (float4) g_LightColor[2]
[09:28:29.287] |D| [shader::create_parameters]: [DEFAULT  + 52] sa52 = (float4) g_Ambient
[09:28:29.588] |E| [renderer::gl::compile_program]: Vertex info
-----------
0(28) : warning C7050: "r[0]" might be used before being initialized
0(28) : warning C7050: "r[1]" might be used before being initialized
0(28) : warning C7050: "r[2]" might be used before being initialized
0(28) : warning C7050: "r[3]" might be used before being initialized
0(28) : warning C7050: "r[4]" might be used before being initialized
0(28) : warning C7050: "r[5]" might be used before being initialized
0(28) : warning C7050: "r[6]" might be used before being initialized
0(28) : warning C7050: "r[7]" might be used before being initialized
0(27) : warning C7050: "internals[0].w" might be used before being initialized
0(27) : warning C7050: "internals[1].w" might be used before being initialized
0(27) : warning C7050: "internals[2].w" might be used before being initialized

Fragment info
-------------
0(20) : warning C7050: "sa[0]" might be used before being initialized
0(19) : warning C7050: "pa[0].zw" might be used before being initialized
0(19) : warning C7050: "pa[1].yzw" might be used before being initialized


[09:28:29.592] |I| [renderer::gl::load_shader_generic]: Generating frag shader 3f73f53c5052a23fd3dae347ac94451fd1fce0d35d127a0a312fb79f10acfec6
[09:28:29.594] |D| [shader::create_fragment_inputs]: Iterator: pa0 = (half4) v_TexCoord1
[09:28:29.601] |I| [renderer::gl::load_shader_generic]: Generating vert shader c1ac16a00be077155db286378f6cb90b9252c18507654055bf70a7fff05080d6
[09:28:29.602] |D| [shader::create_parameters]: [BUFFER0  + 0] pa0 = (float4) input_posAndWeight
[09:28:29.602] |D| [shader::create_parameters]: [BUFFER0  + 4] pa4 = (float4) input_normal
[09:28:29.603] |D| [shader::create_parameters]: [BUFFER0  + 8] pa8 = (float4) input_texUV
[09:28:29.603] |D| [shader::create_parameters]: [BUFFER0  + 12] pa12 = (float4) input_indices
[09:28:29.604] |D| [shader::create_parameters]: [DEFAULT  + 0] sa0 = (float4) g_Projection[4]
[09:28:29.604] |D| [shader::create_parameters]: [DEFAULT  + 52] sa52 = (float4) g_Transforms[64]
[09:28:29.605] |D| [shader::create_parameters]: [DEFAULT  + 16] sa16 = (float3) g_UVTransform[2]
[09:28:29.605] |D| [shader::create_parameters]: [DEFAULT  + 40] sa40 = (float4) g_MaterialColor
[09:28:29.606] |D| [shader::create_parameters]: [DEFAULT  + 44] sa44 = (float4) g_Specular
[09:28:29.606] |D| [shader::create_parameters]: [DEFAULT  + 24] sa24 = (float3) g_LightDir[2]
[09:28:29.607] |D| [shader::create_parameters]: [DEFAULT  + 32] sa32 = (float4) g_LightColor[2]
[09:28:29.607] |D| [shader::create_parameters]: [DEFAULT  + 48] sa48 = (float4) g_Ambient
[09:28:29.907] |E| [renderer::gl::compile_program]: Vertex info
-----------
0(27) : warning C7050: "r[0]" might be used before being initialized
0(27) : warning C7050: "r[1]" might be used before being initialized
0(27) : warning C7050: "r[2]" might be used before being initialized
0(27) : warning C7050: "r[3]" might be used before being initialized
0(27) : warning C7050: "r[4]" might be used before being initialized
0(27) : warning C7050: "r[5]" might be used before being initialized
0(27) : warning C7050: "r[6]" might be used before being initialized
0(27) : warning C7050: "r[7]" might be used before being initialized
0(26) : warning C7050: "internals[0].w" might be used before being initialized
0(26) : warning C7050: "internals[1].w" might be used before being initialized
0(26) : warning C7050: "internals[2].w" might be used before being initialized

Fragment info
-------------
0(18) : warning C7050: "pa[0].zw" might be used before being initialized


[09:28:29.959] |I| [renderer::gl::load_shader_generic]: Generating frag shader 7deca7a74bd9b1637bcb49e58a8c365c455d555d35cba9306d061a834969765c
[09:28:29.961] |D| [shader::create_fragment_inputs]: Iterator: pa0 = (half4) v_TexCoord1
[09:28:29.961] |D| [shader::create_fragment_inputs]: Iterator: pa4 = (half2) v_TexCoord2
[09:28:29.971] |I| [renderer::gl::load_shader_generic]: Generating vert shader 2052b00fd32fe702b62d56cae90a00e9e30742411430b3a583b2503d2ffb90d9
[09:28:29.972] |D| [shader::create_parameters]: [BUFFER0  + 0] pa0 = (float4) input_position
[09:28:29.972] |D| [shader::create_parameters]: [BUFFER0  + 4] pa4 = (float4) input_texUV
[09:28:29.973] |D| [shader::create_parameters]: [DEFAULT  + 0] sa0 = (float4) g_Projection[4]
[09:28:29.974] |D| [shader::create_parameters]: [DEFAULT  + 16] sa16 = (float4) gps_AlphaTest
[09:28:29.974] |D| [shader::create_parameters]: [DEFAULT  + 24] sa24 = (float4) g_Transforms[64]
[09:28:29.977] |D| [shader::create_parameters]: [DEFAULT  + 20] sa20 = (float4) g_MaterialColor
[09:28:30.045] |E| [renderer::gl::compile_program]: Fragment info
-------------
0(20) : warning C7050: "sa[0]" might be used before being initialized
0(19) : warning C7050: "pa[0].zw" might be used before being initialized
0(19) : warning C7050: "pa[1].yzw" might be used before being initialized


[09:28:30.048] |I| [renderer::gl::load_shader_generic]: Generating frag shader fe78cf38f4bbb05c26bf12749cf9f3c7834e9dd1ebe5bc1cf20a386f83976fb8
[09:28:30.049] |D| [shader::create_fragment_inputs]: Iterator: pa0 = (half4) v_TexCoord1
[09:28:30.050] |D| [shader::create_fragment_inputs]: Iterator: pa4 = (half2) v_TexCoord2
[09:28:30.059] |I| [renderer::gl::load_shader_generic]: Generating vert shader b5642e3819eb28d0b745992987cb1cf594bd9ea0013e107d80bc669360833497
[09:28:30.060] |D| [shader::create_parameters]: [BUFFER0  + 0] pa0 = (float4) input_position
[09:28:30.060] |D| [shader::create_parameters]: [BUFFER0  + 4] pa4 = (float4) input_texUV
[09:28:30.061] |D| [shader::create_parameters]: [DEFAULT  + 0] sa0 = (float4) g_Projection[4]
[09:28:30.061] |D| [shader::create_parameters]: [DEFAULT  + 16] sa16 = (float4) gps_AlphaTest
[09:28:30.062] |D| [shader::create_parameters]: [DEFAULT  + 24] sa24 = (float4) g_Transforms[64]
[09:28:30.062] |D| [shader::create_parameters]: [DEFAULT  + 20] sa20 = (float4) g_MaterialColor
[09:28:30.128] |E| [renderer::gl::compile_program]: Fragment info
-------------
0(20) : warning C7050: "sa[0]" might be used before being initialized
0(19) : warning C7050: "pa[0].zw" might be used before being initialized
0(19) : warning C7050: "pa[1].yzw" might be used before being initialized


[09:28:30.134] |I| [renderer::gl::load_shader_generic]: Generating frag shader 71844982c8a5444d944381e9ffeb993012db74b7a3042ac68b3b76a937c63046
[09:28:30.136] |D| [shader::create_fragment_inputs]: Iterator: pa0 = (half4) v_TexCoord1
[09:28:30.136] |D| [shader::create_fragment_inputs]: Iterator: pa4 = (half2) v_TexCoord2
[09:28:30.150] |I| [renderer::gl::load_shader_generic]: Generating vert shader cb7198b9c88bb3937374a5175ef47ea0bf54d2af9526ba4af9036bfe1a823554
[09:28:30.153] |D| [shader::create_parameters]: [BUFFER0  + 0] pa0 = (float4) input_position
[09:28:30.153] |D| [shader::create_parameters]: [BUFFER0  + 4] pa4 = (float4) input_texUV
[09:28:30.154] |D| [shader::create_parameters]: [DEFAULT  + 0] sa0 = (float4) g_Projection[4]
[09:28:30.154] |D| [shader::create_parameters]: [DEFAULT  + 16] sa16 = (float4) gps_AlphaTest
[09:28:30.155] |D| [shader::create_parameters]: [DEFAULT  + 24] sa24 = (float4) g_Transforms[64]
[09:28:30.155] |D| [shader::create_parameters]: [DEFAULT  + 20] sa20 = (float4) g_MaterialColor
[09:28:30.284] |E| [renderer::gl::compile_program]: Fragment info
-------------
0(20) : warning C7050: "sa[0]" might be used before being initialized
0(19) : warning C7050: "pa[0].zw" might be used before being initialized
0(19) : warning C7050: "pa[1].yzw" might be used before being initialized


[09:28:32.906] |D| [export_sceNgsVoiceInit]: flags: 0
[09:28:32.909] |D| [export_sceNgsVoiceInit]: flags: 0
[09:28:32.909] |D| [export_sceNgsVoicePlay]: sceNgsVoicePlay: 1
[09:28:32.910] |D| [export_sceNgsVoicePlay]: sceNgsVoicePlay: 1
[09:28:32.955] |D| [export_sceNgsVoiceInit]: flags: 0
[09:28:32.955] |D| [export_sceNgsVoicePlay]: sceNgsVoicePlay: 1
[09:28:33.295] |D| [export_sceNgsVoiceInit]: flags: 0
[09:28:33.296] |D| [export_sceNgsVoiceInit]: flags: 0
[09:28:33.296] |D| [export_sceNgsVoicePlay]: sceNgsVoicePlay: 1
[09:28:33.297] |D| [export_sceNgsVoicePlay]: sceNgsVoicePlay: 1
[09:28:33.354] |D| [export_sceNgsVoiceInit]: flags: 0
[09:28:33.355] |D| [export_sceNgsVoicePlay]: sceNgsVoicePlay: 1
[09:28:34.294] |D| [export_sceNgsVoiceInit]: flags: 0
[09:28:34.295] |D| [export_sceNgsVoiceInit]: flags: 0
[09:28:34.296] |D| [export_sceNgsVoiceInit]: flags: 0
[09:28:34.297] |D| [export_sceNgsVoicePlay]: sceNgsVoicePlay: 1
[09:28:34.297] |D| [export_sceNgsVoicePlay]: sceNgsVoicePlay: 1
[09:28:34.298] |D| [export_sceNgsVoicePlay]: sceNgsVoicePlay: 1
[09:28:34.365] |D| [export_sceNgsVoiceInit]: flags: 0
[09:28:34.366] |D| [export_sceNgsVoiceInit]: flags: 0
[09:28:34.366] |D| [export_sceNgsVoicePlay]: sceNgsVoicePlay: 1
[09:28:34.367] |D| [export_sceNgsVoicePlay]: sceNgsVoicePlay: 1
[09:28:34.425] |D| [export_sceNgsVoiceInit]: flags: 0
[09:28:34.425] |D| [export_sceNgsVoicePlay]: sceNgsVoicePlay: 1
[09:28:35.495] |D| [export_sceNgsVoiceInit]: flags: 0
[09:28:35.495] |D| [export_sceNgsVoiceInit]: flags: 0
[09:28:35.496] |D| [export_sceNgsVoiceInit]: flags: 0
[09:28:35.497] |D| [export_sceNgsVoicePlay]: sceNgsVoicePlay: 1
[09:28:35.497] |D| [export_sceNgsVoicePlay]: sceNgsVoicePlay: 1
[09:28:35.498] |D| [export_sceNgsVoicePlay]: sceNgsVoicePlay: 1
[09:28:35.545] |D| [export_sceNgsVoiceInit]: flags: 0
[09:28:35.545] |D| [export_sceNgsVoiceInit]: flags: 0
[09:28:35.546] |D| [export_sceNgsVoicePlay]: sceNgsVoicePlay: 1
[09:28:35.547] |D| [export_sceNgsVoicePlay]: sceNgsVoicePlay: 1
[09:28:35.605] |D| [export_sceNgsVoiceInit]: flags: 0
[09:28:35.605] |D| [export_sceNgsVoicePlay]: sceNgsVoicePlay: 1
[09:28:35.711] |D| [export_sceNgsVoiceInit]: flags: 0
[09:28:35.711] |D| [export_sceNgsVoiceInit]: flags: 0
[09:28:35.712] |D| [export_sceNgsVoicePlay]: sceNgsVoicePlay: 1
[09:28:35.712] |D| [export_sceNgsVoicePlay]: sceNgsVoicePlay: 1
[09:28:35.718] |E| [stat_file]: Missing file at D:/Emulateurs/Vita3K/mc/ux0/app/PCSF00438/exec/wad/_sound/dvd_streams/psp2/french/tit1q1_2.at9 (target path: app0:/exec/wad/_sound/dvd_streams/psp2/french/tit1q1_2.at9)
[09:28:35.719] |W| [io_error_impl]: stat_file (_sceIoGetstat) returned 0x80010002
[09:28:35.744] |D| [export_sceNgsVoiceInit]: flags: 0
[09:28:35.745] |D| [export_sceNgsVoicePlay]: sceNgsVoicePlay: 1
[09:28:36.237] |I| [renderer::gl::load_shader_generic]: Generating frag shader ff49dafd4e1690db01db5dc0fd230a2529be64ee876587322fc66495905904dd
[09:28:36.239] |D| [shader::create_fragment_inputs]: Iterator: pa0 = (half4) v_TexCoord1
[09:28:36.245] |I| [renderer::gl::load_shader_generic]: Generating vert shader 138c4899fa0601fe47cf886d7af95564612458b4d6f0894eb40ed2f4d08d6556
[09:28:36.246] |D| [shader::create_parameters]: [BUFFER0  + 0] pa0 = (float4) input_posAndWeight
[09:28:36.247] |D| [shader::create_parameters]: [BUFFER0  + 4] pa4 = (float4) input_vertexColor
[09:28:36.247] |D| [shader::create_parameters]: [BUFFER0  + 8] pa8 = (float4) input_texUV
[09:28:36.248] |D| [shader::create_parameters]: [BUFFER0  + 12] pa12 = (float4) input_indices
[09:28:36.248] |D| [shader::create_parameters]: [DEFAULT  + 0] sa0 = (float4) g_Projection[4]
[09:28:36.249] |D| [shader::create_parameters]: [DEFAULT  + 32] sa32 = (float4) g_Transforms[64]
[09:28:36.250] |D| [shader::create_parameters]: [DEFAULT  + 16] sa16 = (float3) g_UVTransform[2]
[09:28:36.250] |D| [shader::create_parameters]: [DEFAULT  + 24] sa24 = (float4) g_MaterialColor
[09:28:36.251] |D| [shader::create_parameters]: [DEFAULT  + 28] sa28 = (float4) g_Specular
[09:28:36.513] |E| [renderer::gl::compile_program]: Vertex info
-----------
0(27) : warning C7050: "r[0]" might be used before being initialized
0(27) : warning C7050: "r[1]" might be used before being initialized
0(27) : warning C7050: "r[2]" might be used before being initialized
0(27) : warning C7050: "r[3]" might be used before being initialized
0(27) : warning C7050: "r[4]" might be used before being initialized
0(27) : warning C7050: "r[5]" might be used before being initialized
0(27) : warning C7050: "r[6]" might be used before being initialized
0(27) : warning C7050: "r[7]" might be used before being initialized

Fragment info
-------------
0(18) : warning C7050: "pa[0].zw" might be used before being initialized


[09:28:37.975] |D| [export_sceNgsVoiceInit]: flags: 0
[09:28:37.975] |D| [export_sceNgsVoicePlay]: sceNgsVoicePlay: 1
[09:28:38.197] |I| [export_sceIoOpen]: Opening file: app0:/exec///_movies/PSP2/gow1/SCEE/Semo01.bk2
[09:28:38.263] |W| [stubbed_impl]: Stubbed sceKernelChangeThreadPriority import called. (STUB)
[09:28:38.289] |E| [logging::ret_error_impl]: _sceKernelWaitSema returned SCE_KERNEL_ERROR_WAIT_TIMEOUT (0x80028005)
[09:28:38.354] |I| [renderer::gl::load_shader_generic]: Generating frag shader 938cd1902e83f34531ac58f90f420bb4b776aace7dc6e15c5f190601ffcbc2cb
[09:28:38.356] |D| [shader::create_fragment_inputs]: Iterator: pa0 = (half4) v_TexCoord1
[09:28:38.356] |D| [shader::create_fragment_inputs]: Iterator: pa4 = (half2) v_TexCoord2
[09:28:38.366] |I| [renderer::gl::load_shader_generic]: Generating vert shader 33df14559fecd8971ec86ef636de0276ea1b4bd5e0ab81bb096ed7cd15fd0db7
[09:28:38.367] |D| [shader::create_parameters]: [BUFFER0  + 0] pa0 = (float4) input_posAndWeight
[09:28:38.367] |D| [shader::create_parameters]: [BUFFER0  + 4] pa4 = (float4) input_vertexColor
[09:28:38.368] |D| [shader::create_parameters]: [BUFFER0  + 8] pa8 = (float4) input_texUV
[09:28:38.368] |D| [shader::create_parameters]: [BUFFER0  + 12] pa12 = (float4) input_indices
[09:28:38.369] |D| [shader::create_parameters]: [DEFAULT  + 0] sa0 = (float4) g_Projection[4]
[09:28:38.370] |D| [shader::create_parameters]: [DEFAULT  + 24] sa24 = (float4) gps_AlphaTest
[09:28:38.370] |D| [shader::create_parameters]: [DEFAULT  + 36] sa36 = (float4) g_Transforms[64]
[09:28:38.371] |D| [shader::create_parameters]: [DEFAULT  + 16] sa16 = (float3) g_UVTransform[2]
[09:28:38.371] |D| [shader::create_parameters]: [DEFAULT  + 28] sa28 = (float4) g_MaterialColor
[09:28:38.372] |D| [shader::create_parameters]: [DEFAULT  + 32] sa32 = (float4) g_Specular
[09:28:38.649] |E| [renderer::gl::compile_program]: Vertex info
-----------
0(28) : warning C7050: "r[0]" might be used before being initialized
0(28) : warning C7050: "r[1]" might be used before being initialized
0(28) : warning C7050: "r[2]" might be used before being initialized
0(28) : warning C7050: "r[3]" might be used before being initialized
0(28) : warning C7050: "r[4]" might be used before being initialized
0(28) : warning C7050: "r[5]" might be used before being initialized
0(28) : warning C7050: "r[6]" might be used before being initialized
0(28) : warning C7050: "r[7]" might be used before being initialized

Fragment info
-------------
0(20) : warning C7050: "sa[0]" might be used before being initialized
0(19) : warning C7050: "pa[0].zw" might be used before being initialized
0(19) : warning C7050: "pa[1].yzw" might be used before being initialized


[09:28:40.967] |E| [discordrpc::update_presence::<lambda_331f079a0acdd083d9cce7eefa67668c>::operator ()]: Error updating discord rich presence, err_code: 43
[09:28:40.968] |E| [discordrpc::update_presence::<lambda_331f079a0acdd083d9cce7eefa67668c>::operator ()]: Error updating discord rich presence, err_code: 43
