[05:59:24.803] |I| [load_app_impl]: ngs experimental state: true
[05:59:24.803] |I| [load_app_impl]: video player state: true
[05:59:24.803] |I| [load_app_impl]: auto-lle: enabled
[05:59:24.803] |I| [load_app_impl]: Title: Timepiece Ensemble
[05:59:24.804] |I| [load_app_impl]: Serial: PCSG00966
[05:59:24.804] |I| [load_app_impl]: Version: 1.01
[05:59:24.804] |I| [load_app_impl]: Category: gp
[05:59:24.866] |C| [load_self]: Unknown segment type 0x6FFFFF01
[05:59:24.866] |I| [load_self]: Loaded module segment 0 @ [0x00004000 - 0x000558A4 / 0x81000000] (size: 0x000518A4) of module app0:sce_module/libc.suprx
[05:59:24.866] |I| [load_self]: Loaded module segment 1 @ [0x00056000 - 0x000588A0 / 0x81052000] (size: 0x000028A0) of module app0:sce_module/libc.suprx
[05:59:24.866] |I| [load_self]: Loading symbols for SELF: app0:sce_module/libc.suprx
[05:59:24.867] |D| [load_var_exports]: 	NID 0x936C8A78 (SYSLYB) at 0x4B314
[05:59:24.867] |D| [load_var_exports]: 	NID 0x6C2224BA (NID_MODULE_INFO) at 0x404DC
[05:59:24.867] |W| [load_var_imports]: 	NID NOT FOUND 0x93B8AA67 (UNRECOGNISED) at 0x4463C, setting to stub value 0xDEADBEEF
[05:59:24.868] |W| [load_var_imports]: 	NID NOT FOUND 0xDF084DFA (UNRECOGNISED) at 0x461D0, setting to stub value 0xDEADBEEF
[05:59:24.869] |I| [pre_load_module]: Pre-load module SceLibc (at "sce_module/libc.suprx") loaded
[05:59:24.890] |C| [load_self]: Unknown segment type 0x6FFFFF01
[05:59:24.890] |I| [load_self]: Loaded module segment 0 @ [0x0005B000 - 0x00074000 / 0x81000000] (size: 0x00019000) of module app0:sce_module/libface.suprx
[05:59:24.891] |I| [load_self]: Loaded module segment 1 @ [0x00074000 - 0x000740F8 / 0x81019000] (size: 0x000000F8) of module app0:sce_module/libface.suprx
[05:59:24.892] |I| [load_self]: Loading symbols for SELF: app0:sce_module/libface.suprx
[05:59:24.893] |D| [load_var_exports]: 	NID 0x6C2224BA (NID_MODULE_INFO) at 0x70DA4
[05:59:24.893] |D| [load_var_exports]: 	NID 0x936C8A78 (SYSLYB) at 0x73784
[05:59:24.894] |I| [pre_load_module]: Pre-load module SceFace (at "sce_module/libface.suprx") loaded
[05:59:24.923] |C| [load_self]: Unknown segment type 0x6FFFFF01
[05:59:24.923] |I| [load_self]: Loaded module segment 0 @ [0x00075000 - 0x000A1CBF / 0x81000000] (size: 0x0002CCBF) of module app0:sce_module/libfios2.suprx
[05:59:24.924] |I| [load_self]: Loaded module segment 1 @ [0x000A2000 - 0x000A7255 / 0x8102D000] (size: 0x00005255) of module app0:sce_module/libfios2.suprx
[05:59:24.925] |I| [load_self]: Loading symbols for SELF: app0:sce_module/libfios2.suprx
[05:59:24.925] |D| [load_var_exports]: 	NID 0x936C8A78 (SYSLYB) at 0xA1BC8
[05:59:24.926] |D| [load_var_exports]: 	NID 0x6C2224BA (NID_MODULE_INFO) at 0x98F08
[05:59:24.926] |I| [pre_load_module]: Pre-load module SceLibFios2 (at "sce_module/libfios2.suprx") loaded
[05:59:25.009] |C| [load_self]: Unknown segment type 0x6FFFFF01
[05:59:25.009] |I| [load_self]: Loaded module segment 0 @ [0x000A8000 - 0x002B5AF4 / 0x81000000] (size: 0x0020DAF4) of module app0:sce_module/libsmart.suprx
[05:59:25.010] |I| [load_self]: Loaded module segment 1 @ [0x002B6000 - 0x002B9444 / 0x8120E000] (size: 0x00003444) of module app0:sce_module/libsmart.suprx
[05:59:25.011] |I| [load_self]: Loading symbols for SELF: app0:sce_module/libsmart.suprx
[05:59:25.011] |D| [load_var_exports]: 	NID 0x6C2224BA (NID_MODULE_INFO) at 0x153528
[05:59:25.012] |D| [load_var_exports]: 	NID 0x936C8A78 (SYSLYB) at 0x15A90C
[05:59:25.012] |I| [pre_load_module]: Pre-load module SceSmart (at "sce_module/libsmart.suprx") loaded
[05:59:25.038] |C| [load_self]: Unknown segment type 0x6FFFFF01
[05:59:25.038] |I| [load_self]: Loaded module segment 0 @ [0x002BA000 - 0x002CD9BC / 0x81000000] (size: 0x000139BC) of module app0:sce_module/libult.suprx
[05:59:25.039] |I| [load_self]: Loaded module segment 1 @ [0x002CE000 - 0x002CE814 / 0x81014000] (size: 0x00000814) of module app0:sce_module/libult.suprx
[05:59:25.040] |I| [load_self]: Loading symbols for SELF: app0:sce_module/libult.suprx
[05:59:25.040] |D| [load_var_exports]: 	NID 0x936C8A78 (SYSLYB) at 0x2CC2E8
[05:59:25.041] |D| [load_var_exports]: 	NID 0x6C2224BA (NID_MODULE_INFO) at 0x2C9870
[05:59:25.041] |I| [pre_load_module]: Pre-load module SceUlt (at "sce_module/libult.suprx") loaded
[05:59:25.047] |I| [load_self]: Loaded module segment 0 @ [0x002CF000 - 0x0031FF04 / 0x81000000] (size: 0x00050F04) of module vs0:sys/external/libSceFt2.suprx
[05:59:25.048] |I| [load_self]: Loaded module segment 1 @ [0x00320000 - 0x003202F4 / 0x81051000] (size: 0x000002F4) of module vs0:sys/external/libSceFt2.suprx
[05:59:25.048] |I| [load_self]: Loading symbols for SELF: vs0:sys/external/libSceFt2.suprx
[05:59:25.049] |D| [load_var_exports]: 	NID 0x936C8A78 (SYSLYB) at 0x30B7DC
[05:59:25.049] |D| [load_var_exports]: 	NID 0x6C2224BA (NID_MODULE_INFO) at 0x30AF10
[05:59:25.050] |I| [pre_load_module]: Pre-load module SceLibft2 (at "sys/external/libSceFt2.suprx") loaded
[05:59:25.051] |I| [load_self]: Loaded module segment 0 @ [0x00321000 - 0x00330F14 / 0x81000000] (size: 0x0000FF14) of module vs0:sys/external/libpvf.suprx
[05:59:25.052] |I| [load_self]: Loaded module segment 1 @ [0x00331000 - 0x00331008 / 0x81010000] (size: 0x00000008) of module vs0:sys/external/libpvf.suprx
[05:59:25.053] |I| [load_self]: Loading symbols for SELF: vs0:sys/external/libpvf.suprx
[05:59:25.056] |D| [load_var_exports]: 	NID 0x936C8A78 (SYSLYB) at 0x32F710
[05:59:25.056] |D| [load_var_exports]: 	NID 0x6C2224BA (NID_MODULE_INFO) at 0x32F300
[05:59:25.056] |I| [pre_load_module]: Pre-load module SceLibPvf (at "sys/external/libpvf.suprx") loaded
[05:59:25.472] |C| [load_self]: Unknown segment type 0x6FFFFF01
[05:59:25.472] |I| [load_self]: Loaded module segment 0 @ [0x00332000 - 0x0133F9C0 / 0x81000000] (size: 0x0100D9C0) of module app0:eboot.bin
[05:59:25.473] |I| [load_self]: Loaded module segment 1 @ [0x01340000 - 0x0149B3D0 / 0x8200E000] (size: 0x0015B3D0) of module app0:eboot.bin
[05:59:25.474] |I| [load_self]: Loading symbols for SELF: app0:eboot.bin
[05:59:25.474] |D| [load_var_exports]: 	NID 0x6C2224BA (NID_MODULE_INFO) at 0x112E968
[05:59:25.474] |D| [load_var_exports]: 	NID 0x70FBA1E7 (SCE_PROC_PARAMS) at 0x1369EF4
[05:59:25.475] |D| [load_var_exports]: 	NID 0x936C8A78 (SYSLYB) at 0x128CE1C
[05:59:25.475] |W| [load_var_imports]: 	NID NOT FOUND 0x338B0BD1 (UNRECOGNISED) at 0x117A698, setting to stub value 0xDEADBEEF
[05:59:25.476] |W| [load_var_imports]: 	NID NOT FOUND 0x3A451B91 (UNRECOGNISED) at 0x117A684, setting to stub value 0xDEADBEEF
[05:59:25.477] |W| [load_var_imports]: 	NID NOT FOUND 0x550DFE23 (UNRECOGNISED) at 0x117A6AC, setting to stub value 0xDEADBEEF
[05:59:25.477] |W| [load_var_imports]: 	NID NOT FOUND 0x56354517 (UNRECOGNISED) at 0x117A64C, setting to stub value 0xDEADBEEF
[05:59:25.478] |W| [load_var_imports]: 	NID NOT FOUND 0x5EF67445 (UNRECOGNISED) at 0x117A710, setting to stub value 0xDEADBEEF
[05:59:25.479] |W| [load_var_imports]: 	NID NOT FOUND 0x6ACA1D57 (UNRECOGNISED) at 0x117A6D4, setting to stub value 0xDEADBEEF
[05:59:25.480] |W| [load_var_imports]: 	NID NOT FOUND 0x71A78083 (UNRECOGNISED) at 0x117A670, setting to stub value 0xDEADBEEF
[05:59:25.480] |W| [load_var_imports]: 	NID NOT FOUND 0x79F9DB75 (UNRECOGNISED) at 0x117A6C0, setting to stub value 0xDEADBEEF
[05:59:25.481] |W| [load_var_imports]: 	NID NOT FOUND 0xAA0340C3 (UNRECOGNISED) at 0x117A6E8, setting to stub value 0xDEADBEEF
[05:59:25.482] |W| [load_var_imports]: 	NID NOT FOUND 0xF9A1DE92 (UNRECOGNISED) at 0x117A6FC, setting to stub value 0xDEADBEEF
[05:59:25.483] |I| [load_app_impl]: Main executable UnityPlayer_536_Release (eboot.bin) loaded
[05:59:25.487] |D| [run_app]: Running module_start of library: SceLibc at address 0x4871
[05:59:25.491] |I| [run_app]: Module SceLibc (at "app0:sce_module/libc.suprx") module_start returned 0x0
[05:59:25.492] |D| [run_app]: Running module_start of library: SceFace at address 0x70265
[05:59:25.493] |I| [run_app]: Module SceFace (at "app0:sce_module/libface.suprx") module_start returned 0x0
[05:59:25.494] |D| [run_app]: Running module_start of library: SceLibFios2 at address 0x75001
[05:59:25.496] |W| [stubbed_impl]: Stubbed sceKernelGetProcessId import called. (pid: 0)
[05:59:25.496] |W| [unimplemented_impl]: Unimplemented sceFiosOverlayGetList02 import called.
[05:59:25.496] |I| [run_app]: Module SceLibFios2 (at "app0:sce_module/libfios2.suprx") module_start returned 0x0
[05:59:25.497] |D| [run_app]: Running module_start of library: SceSmart at address 0xA818D
[05:59:25.499] |I| [run_app]: Module SceSmart (at "app0:sce_module/libsmart.suprx") module_start returned 0x0
[05:59:25.500] |D| [run_app]: Running module_start of library: SceUlt at address 0x2BD771
[05:59:25.501] |W| [unimplemented_impl]: Unimplemented _sceUlobjMgrRegisterLibultProtocolRevision import called.
[05:59:25.501] |I| [run_app]: Module SceUlt (at "app0:sce_module/libult.suprx") module_start returned 0x0
[05:59:25.504] |W| [unimplemented_impl]: Unimplemented sceKernelRegisterThreadEventHandler import called.
[05:59:25.581] |W| [stubbed_impl]: Stubbed sceKernelGetFreeMemorySize import called. (Single pool)
[05:59:25.581] |W| [unimplemented_impl]: Unimplemented sceAppUtilInit import called.
[05:59:25.623] |C| [load_self]: Unknown segment type 0x6FFFFF01
[05:59:25.624] |I| [load_self]: Loaded module segment 0 @ [0x018EE000 - 0x018F4C9C / 0x81000000] (size: 0x00006C9C) of module app0:/Media/Modules/pthread.suprx
[05:59:25.625] |I| [load_self]: Loaded module segment 1 @ [0x018F5000 - 0x018F7178 / 0x81007000] (size: 0x00002178) of module app0:/Media/Modules/pthread.suprx
[05:59:25.625] |I| [load_self]: Loading symbols for SELF: app0:/Media/Modules/pthread.suprx
[05:59:25.626] |D| [load_var_exports]: 	NID 0x6C2224BA (NID_MODULE_INFO) at 0x18F37E4
[05:59:25.626] |D| [load_var_exports]: 	NID 0x936C8A78 (SYSLYB) at 0x18F4C98
[05:59:25.628] |I| [export__sceKernelLoadStartModule]: Module PTHREAD_PRX (at "app0:/Media/Modules/pthread.suprx") module_start returned 0x0
[05:59:25.629] |I| [load_module]: Loading module ID: 0x55
[05:59:25.630] |C| [load_self]: Unknown segment type 0x6FFFFF01
[05:59:25.631] |I| [load_self]: Loaded module segment 0 @ [0x018F9000 - 0x018FF230 / 0x81000000] (size: 0x00006230) of module sys/external/libSceJson.suprx
[05:59:25.631] |I| [load_self]: Loaded module segment 1 @ [0x014E7000 - 0x014E7049 / 0x81007000] (size: 0x00000049) of module sys/external/libSceJson.suprx
[05:59:25.632] |I| [load_self]: Loading symbols for SELF: sys/external/libSceJson.suprx
[05:59:25.633] |D| [load_var_exports]: 	NID 0x936C8A78 (SYSLYB) at 0x18FF0A8
[05:59:25.633] |D| [load_var_exports]: 	NID 0x6C2224BA (NID_MODULE_INFO) at 0x18FE020
[05:59:25.633] |I| [load_module]: Module SceLibJson (at "sys/external/libSceJson.suprx") loaded
[05:59:25.635] |W| [stubbed_impl]: Stubbed sceKernelGetThreadInfo import called. (STUB)
[05:59:25.639] |W| [stubbed_impl]: Stubbed sceKernelChangeThreadPriority import called. (STUB)
[05:59:25.639] |W| [unimplemented_impl]: Unimplemented sceKernelCreateCallback import called.
[05:59:25.640] |W| [unimplemented_impl]: Unimplemented sceKernelCallAbortHandler import called.
[05:59:25.640] |W| [unimplemented_impl]: Unimplemented sceKernelCallModuleExit import called.
[05:59:25.642] |E| [logging::ret_error_impl]: _sceKernelLockLwMutex returned SCE_KERNEL_ERROR_UNKNOWN_LW_MUTEX_ID (0x80028181)
[05:59:25.642] |E| [logging::ret_error_impl]: sceKernelUnlockLwMutex returned SCE_KERNEL_ERROR_UNKNOWN_LW_MUTEX_ID (0x80028181)
