[00:30:23.256] |I| [load_app_impl]: ngs experimental state: true
[00:30:23.256] |I| [load_app_impl]: video player state: true
[00:30:23.257] |I| [load_app_impl]: lle-modules: libpgf,libsystemgesture,libsas,librudp,libSceJson,libSceXml,liblocation,libscemp4
[00:30:23.257] |I| [load_app_impl]: Title: ガンガンピクシーズ
[00:30:23.257] |I| [load_app_impl]: Serial: PCSG01013
[00:30:23.257] |I| [load_app_impl]: Version: 1.02
[00:30:23.257] |I| [load_app_impl]: Category: gp
[00:30:23.354] |C| [load_self]: Unknown segment type 0x6FFFFF01
[00:30:23.354] |I| [load_self]: Loaded module segment 0 @ [0x00004000 - 0x000558A4 / 0x81000000] (size: 0x000518A4) of module app0:sce_module/libc.suprx
[00:30:23.354] |I| [load_self]: Loaded module segment 1 @ [0x00056000 - 0x000588A0 / 0x81052000] (size: 0x000028A0) of module app0:sce_module/libc.suprx
[00:30:23.354] |I| [load_self]: Loading symbols for SELF: app0:sce_module/libc.suprx
[00:30:23.355] |D| [load_var_exports]: 	NID 0x936C8A78 (SYSLYB) at 0x4B314
[00:30:23.355] |D| [load_var_exports]: 	NID 0x6C2224BA (NID_MODULE_INFO) at 0x404DC
[00:30:23.356] |W| [load_var_imports]: 	NID NOT FOUND 0x93B8AA67 (UNRECOGNISED) at 0x4463C, setting to stub value 0xDEADBEEF
[00:30:23.356] |W| [load_var_imports]: 	NID NOT FOUND 0xDF084DFA (UNRECOGNISED) at 0x461D0, setting to stub value 0xDEADBEEF
[00:30:23.357] |I| [pre_load_module]: Pre-load module SceLibc (at "sce_module/libc.suprx") loaded
[00:30:23.369] |C| [load_self]: Unknown segment type 0x6FFFFF01
[00:30:23.369] |I| [load_self]: Loaded module segment 0 @ [0x0005B000 - 0x00074000 / 0x81000000] (size: 0x00019000) of module app0:sce_module/libface.suprx
[00:30:23.370] |I| [load_self]: Loaded module segment 1 @ [0x00074000 - 0x000740F8 / 0x81019000] (size: 0x000000F8) of module app0:sce_module/libface.suprx
[00:30:23.372] |I| [load_self]: Loading symbols for SELF: app0:sce_module/libface.suprx
[00:30:23.372] |D| [load_var_exports]: 	NID 0x6C2224BA (NID_MODULE_INFO) at 0x70DA4
[00:30:23.373] |D| [load_var_exports]: 	NID 0x936C8A78 (SYSLYB) at 0x73784
[00:30:23.373] |I| [pre_load_module]: Pre-load module SceFace (at "sce_module/libface.suprx") loaded
[00:30:23.384] |C| [load_self]: Unknown segment type 0x6FFFFF01
[00:30:23.384] |I| [load_self]: Loaded module segment 0 @ [0x00075000 - 0x000A1CBF / 0x81000000] (size: 0x0002CCBF) of module app0:sce_module/libfios2.suprx
[00:30:23.385] |I| [load_self]: Loaded module segment 1 @ [0x000A2000 - 0x000A7255 / 0x8102D000] (size: 0x00005255) of module app0:sce_module/libfios2.suprx
[00:30:23.386] |I| [load_self]: Loading symbols for SELF: app0:sce_module/libfios2.suprx
[00:30:23.387] |D| [load_var_exports]: 	NID 0x936C8A78 (SYSLYB) at 0xA1BC8
[00:30:23.387] |D| [load_var_exports]: 	NID 0x6C2224BA (NID_MODULE_INFO) at 0x98F08
[00:30:23.388] |I| [pre_load_module]: Pre-load module SceLibFios2 (at "sce_module/libfios2.suprx") loaded
[00:30:23.436] |C| [load_self]: Unknown segment type 0x6FFFFF01
[00:30:23.436] |I| [load_self]: Loaded module segment 0 @ [0x000A8000 - 0x002B5AF4 / 0x81000000] (size: 0x0020DAF4) of module app0:sce_module/libsmart.suprx
[00:30:23.437] |I| [load_self]: Loaded module segment 1 @ [0x002B6000 - 0x002B9444 / 0x8120E000] (size: 0x00003444) of module app0:sce_module/libsmart.suprx
[00:30:23.438] |I| [load_self]: Loading symbols for SELF: app0:sce_module/libsmart.suprx
[00:30:23.438] |D| [load_var_exports]: 	NID 0x6C2224BA (NID_MODULE_INFO) at 0x153528
[00:30:23.438] |D| [load_var_exports]: 	NID 0x936C8A78 (SYSLYB) at 0x15A90C
[00:30:23.439] |I| [pre_load_module]: Pre-load module SceSmart (at "sce_module/libsmart.suprx") loaded
[00:30:23.454] |C| [load_self]: Unknown segment type 0x6FFFFF01
[00:30:23.454] |I| [load_self]: Loaded module segment 0 @ [0x002BA000 - 0x002CD9BC / 0x81000000] (size: 0x000139BC) of module app0:sce_module/libult.suprx
[00:30:23.455] |I| [load_self]: Loaded module segment 1 @ [0x002CE000 - 0x002CE814 / 0x81014000] (size: 0x00000814) of module app0:sce_module/libult.suprx
[00:30:23.456] |I| [load_self]: Loading symbols for SELF: app0:sce_module/libult.suprx
[00:30:23.456] |D| [load_var_exports]: 	NID 0x936C8A78 (SYSLYB) at 0x2CC2E8
[00:30:23.456] |D| [load_var_exports]: 	NID 0x6C2224BA (NID_MODULE_INFO) at 0x2C9870
[00:30:23.456] |I| [pre_load_module]: Pre-load module SceUlt (at "sce_module/libult.suprx") loaded
[00:30:23.463] |I| [load_self]: Loaded module segment 0 @ [0x002CF000 - 0x0031FF04 / 0x81000000] (size: 0x00050F04) of module vs0:sys/external/libSceFt2.suprx
[00:30:23.463] |I| [load_self]: Loaded module segment 1 @ [0x00320000 - 0x003202F4 / 0x81051000] (size: 0x000002F4) of module vs0:sys/external/libSceFt2.suprx
[00:30:23.465] |I| [load_self]: Loading symbols for SELF: vs0:sys/external/libSceFt2.suprx
[00:30:23.465] |D| [load_var_exports]: 	NID 0x936C8A78 (SYSLYB) at 0x30B7DC
[00:30:23.466] |D| [load_var_exports]: 	NID 0x6C2224BA (NID_MODULE_INFO) at 0x30AF10
[00:30:23.466] |I| [pre_load_module]: Pre-load module SceLibft2 (at "sys/external/libSceFt2.suprx") loaded
[00:30:23.467] |I| [load_self]: Loaded module segment 0 @ [0x00321000 - 0x00330F14 / 0x81000000] (size: 0x0000FF14) of module vs0:sys/external/libpvf.suprx
[00:30:23.468] |I| [load_self]: Loaded module segment 1 @ [0x00331000 - 0x00331008 / 0x81010000] (size: 0x00000008) of module vs0:sys/external/libpvf.suprx
[00:30:23.468] |I| [load_self]: Loading symbols for SELF: vs0:sys/external/libpvf.suprx
[00:30:23.469] |D| [load_var_exports]: 	NID 0x936C8A78 (SYSLYB) at 0x32F710
[00:30:23.469] |D| [load_var_exports]: 	NID 0x6C2224BA (NID_MODULE_INFO) at 0x32F300
[00:30:23.469] |I| [pre_load_module]: Pre-load module SceLibPvf (at "sys/external/libpvf.suprx") loaded
[00:30:23.513] |C| [load_self]: Unknown segment type 0x6FFFFF01
[00:30:23.513] |I| [load_self]: Loaded module segment 0 @ [0x00332000 - 0x004B2F60 / 0x81000000] (size: 0x00180F60) of module app0:eboot.bin
[00:30:23.514] |I| [load_self]: Loaded module segment 1 @ [0x004B3000 - 0x005E5FE8 / 0x81181000] (size: 0x00132FE8) of module app0:eboot.bin
[00:30:23.515] |I| [load_self]: Loading symbols for SELF: app0:eboot.bin
[00:30:23.515] |D| [load_var_exports]: 	NID 0x6C2224BA (NID_MODULE_INFO) at 0x46FEB4
[00:30:23.515] |D| [load_var_exports]: 	NID 0x70FBA1E7 (SCE_PROC_PARAMS) at 0x4BE2B8
[00:30:23.516] |D| [load_var_exports]: 	NID 0x936C8A78 (SYSLYB) at 0x48E780
[00:30:23.516] |I| [load_app_impl]: Main executable eboot (eboot.bin) loaded
[00:30:23.518] |D| [run_app]: Running module_start of library: SceLibc at address 0x4871
[00:30:23.524] |I| [run_app]: Module SceLibc (at "app0:sce_module/libc.suprx") module_start returned 0x0
[00:30:23.524] |D| [run_app]: Running module_start of library: SceFace at address 0x70265
[00:30:23.526] |I| [run_app]: Module SceFace (at "app0:sce_module/libface.suprx") module_start returned 0x0
[00:30:23.527] |D| [run_app]: Running module_start of library: SceLibFios2 at address 0x75001
[00:30:23.529] |W| [stubbed_impl]: Stubbed sceKernelGetProcessId import called. (pid: 0)
[00:30:23.529] |W| [unimplemented_impl]: Unimplemented sceFiosOverlayGetList02 import called.
[00:30:23.530] |I| [run_app]: Module SceLibFios2 (at "app0:sce_module/libfios2.suprx") module_start returned 0x0
[00:30:23.531] |D| [run_app]: Running module_start of library: SceSmart at address 0xA818D
[00:30:23.533] |I| [run_app]: Module SceSmart (at "app0:sce_module/libsmart.suprx") module_start returned 0x0
[00:30:23.534] |D| [run_app]: Running module_start of library: SceUlt at address 0x2BD771
[00:30:23.535] |W| [unimplemented_impl]: Unimplemented _sceUlobjMgrRegisterLibultProtocolRevision import called.
[00:30:23.536] |I| [run_app]: Module SceUlt (at "app0:sce_module/libult.suprx") module_start returned 0x0
[00:30:23.537] |W| [stubbed_impl]: Stubbed sceDisplayWaitVblankStartCB import called. (wait for vblank)
[00:30:23.580] |W| [stubbed_impl]: Stubbed sceKernelLockLwMutexCB import called. (no CB)
[00:30:23.624] |W| [stubbed_impl]: Stubbed sceGxmMapMemory import called. (always return success)
[00:30:23.626] |W| [stubbed_impl]: Stubbed sceGxmMapFragmentUsseMemory import called. (always return success)
[00:30:23.689] |W| [stubbed_impl]: Stubbed sceGxmGetRenderTargetMemSize import called. (2MB host mem)
[00:30:23.863] |W| [stubbed_impl]: Stubbed sceGxmMapVertexUsseMemory import called. (always return success)
[00:30:23.960] |I| [export_sceIoOpen]: Opening file: sa0:data/font/pvf/jpn2.pvf
[00:30:23.986] |I| [export_sceClibPrintf]: LIBPVF>>> FILE: sa0:data/font/pvf/jpn2.pvf

[00:30:23.987] |W| [unimplemented_impl]: Unimplemented sceIoIoctl import called.
[00:30:24.018] |W| [unimplemented_impl]: Unimplemented sceAppUtilInit import called.
[00:30:24.018] |W| [unimplemented_impl]: Unimplemented sceScreenShotDisable import called.
[00:30:24.018] |W| [unimplemented_impl]: Unimplemented sceScreenShotSetOverlayImage import called.
[00:30:24.019] |W| [unimplemented_impl]: Unimplemented sceScreenShotEnable import called.
[00:30:24.019] |W| [unimplemented_impl]: Unimplemented sceSysmoduleUnloadModule import called.
[00:30:24.025] |W| [stubbed_impl]: Stubbed sceKernelWaitEventFlagCB import called. (no CB)
[00:30:24.033] |W| [stubbed_impl]: Stubbed sceKernelDelayThreadCB import called. (no CB)
[00:30:24.036] |I| [export_sceIoOpen]: Opening file: app0:cpk/Arm0101.cpk
[00:30:24.086] |I| [export_sceIoOpen]: Opening file: app0:cpk/Arm0101.cpk
[00:30:24.091] |I| [export_sceIoOpen]: Opening file: app0:cpk/Arm.cpk
[00:30:24.142] |I| [export_sceIoOpen]: Opening file: app0:cpk/Arm.cpk
[00:30:24.204] |W| [ngs::create_voice_definition]: Missing voice definition for Buss Type 7, using passthrough.
[00:30:24.205] |W| [unimplemented_impl]: Unimplemented sceNgsSystemRelease import called.
[00:30:24.207] |D| [export_sceNgsVoicePlay]: sceNgsVoicePlay: 1
[00:30:24.207] |D| [export_sceNgsVoicePlay]: sceNgsVoicePlay: 1
[00:30:24.207] |D| [export_sceNgsVoicePlay]: sceNgsVoicePlay: 1
[00:30:24.208] |D| [export_sceNgsVoicePlay]: sceNgsVoicePlay: 1
[00:30:24.208] |D| [export_sceNgsVoicePlay]: sceNgsVoicePlay: 1
[00:30:24.209] |D| [export_sceNgsVoicePlay]: sceNgsVoicePlay: 1
[00:30:24.210] |D| [export_sceNgsVoicePlay]: sceNgsVoicePlay: 1
[00:30:24.210] |D| [export_sceNgsVoicePlay]: sceNgsVoicePlay: 1
[00:30:24.210] |D| [export_sceNgsVoicePlay]: sceNgsVoicePlay: 1
[00:30:24.214] |W| [unimplemented_impl]: Unimplemented sceAudioOutGetAdopt import called.
[00:30:24.217] |W| [unimplemented_impl]: Unimplemented sceNgsVoiceBypassModule import called.
[00:30:24.224] |E| [log_error_details]: Unicorn error 0x6. Invalid memory read (UC_ERR_READ_UNMAPPED)
[00:30:24.225] |E| [log_error_details]: PC: 0x0038ff0a,   SP: 0x00625d00,   LR: 0x0038899f
[00:30:24.225] |E| [log_error_details]: r0 : 0x00a92ce0   r6 : 0x0000000f
[00:30:24.226] |E| [log_error_details]: r1 : 0xdeadbeef   r7 : 0x00a92ce0
[00:30:24.226] |E| [log_error_details]: r2 : 0xdeadbeef   r8 : 0x00059000
[00:30:24.226] |E| [log_error_details]: r3 : 0x09f19ea0   r9 : 0x00000004
[00:30:24.227] |E| [log_error_details]: r4 : 0x0055e4b0   r10: 0x00059000
[00:30:24.227] |E| [log_error_details]: r5 : 0x00000000   r11: 0x00000000
[00:30:24.227] |E| [log_error_details]: r12: 0x00625bb8
[00:30:24.228] |E| [log_error_details]: Executing: adds r7, r5, #0
[00:30:24.228] |I| [log_stack_frames]: stack information
[00:30:24.228] |E| [run_thread]: Thread PCSG01013 experienced a unicorn error.
