[08:55:54.694] |I| [load_app_impl]: ngs experimental state: true
[08:55:54.695] |I| [load_app_impl]: video player state: true
[08:55:54.695] |I| [load_app_impl]: auto-lle: enabled
[08:55:54.695] |I| [load_app_impl]: Title: @SIMPLE V シリーズ Vol.1 THE どこでもギャル麻雀
[08:55:54.695] |I| [load_app_impl]: Serial: PCSG00332
[08:55:54.695] |I| [load_app_impl]: Version: 1.00
[08:55:54.695] |I| [load_app_impl]: Category: gd
[08:55:54.754] |C| [load_self]: Unknown segment type 0x6FFFFF01
[08:55:54.755] |I| [load_self]: Loaded module segment 0 @ [0x00004000 - 0x000513BC / 0x81000000] (size: 0x0004D3BC) of module app0:sce_module/libc.suprx
[08:55:54.755] |I| [load_self]: Loaded module segment 1 @ [0x00052000 - 0x000546F0 / 0x8104E000] (size: 0x000026F0) of module app0:sce_module/libc.suprx
[08:55:54.755] |I| [load_self]: Loading symbols for SELF: app0:sce_module/libc.suprx
[08:55:54.755] |D| [load_var_exports]: 	NID 0x936C8A78 (SYSLYB) at 0x47164
[08:55:54.755] |D| [load_var_exports]: 	NID 0x6C2224BA (NID_MODULE_INFO) at 0x3D0FC
[08:55:54.755] |W| [load_var_imports]: 	NID NOT FOUND 0x93B8AA67 (UNRECOGNISED) at 0x410BC, setting to stub value 0xDEADBEEF
[08:55:54.756] |W| [load_var_imports]: 	NID NOT FOUND 0xDF084DFA (UNRECOGNISED) at 0x42B70, setting to stub value 0xDEADBEEF
[08:55:54.756] |I| [pre_load_module]: Pre-load module SceLibc (at "sce_module/libc.suprx") loaded
[08:55:54.782] |C| [load_self]: Unknown segment type 0x6FFFFF01
[08:55:54.782] |I| [load_self]: Loaded module segment 0 @ [0x00057000 - 0x0008212C / 0x81000000] (size: 0x0002B12C) of module app0:sce_module/libfios2.suprx
[08:55:54.782] |I| [load_self]: Loaded module segment 1 @ [0x00083000 - 0x0008823D / 0x8102C000] (size: 0x0000523D) of module app0:sce_module/libfios2.suprx
[08:55:54.782] |I| [load_self]: Loading symbols for SELF: app0:sce_module/libfios2.suprx
[08:55:54.782] |D| [load_var_exports]: 	NID 0x936C8A78 (SYSLYB) at 0x82034
[08:55:54.782] |D| [load_var_exports]: 	NID 0x6C2224BA (NID_MODULE_INFO) at 0x79548
[08:55:54.783] |I| [pre_load_module]: Pre-load module SceLibFios2 (at "sce_module/libfios2.suprx") loaded
[08:55:54.803] |C| [load_self]: Unknown segment type 0x6FFFFF01
[08:55:54.804] |I| [load_self]: Loaded module segment 0 @ [0x00089000 - 0x0009CA9C / 0x81000000] (size: 0x00013A9C) of module app0:sce_module/libult.suprx
[08:55:54.804] |I| [load_self]: Loaded module segment 1 @ [0x0009D000 - 0x0009D814 / 0x81014000] (size: 0x00000814) of module app0:sce_module/libult.suprx
[08:55:54.804] |I| [load_self]: Loading symbols for SELF: app0:sce_module/libult.suprx
[08:55:54.804] |D| [load_var_exports]: 	NID 0x936C8A78 (SYSLYB) at 0x9B3C8
[08:55:54.804] |D| [load_var_exports]: 	NID 0x6C2224BA (NID_MODULE_INFO) at 0x98944
[08:55:54.804] |I| [pre_load_module]: Pre-load module SceUlt (at "sce_module/libult.suprx") loaded
[08:55:54.810] |I| [load_self]: Loaded module segment 0 @ [0x0009E000 - 0x000EEF04 / 0x81000000] (size: 0x00050F04) of module vs0:sys/external/libSceFt2.suprx
[08:55:54.810] |I| [load_self]: Loaded module segment 1 @ [0x000EF000 - 0x000EF2F4 / 0x81051000] (size: 0x000002F4) of module vs0:sys/external/libSceFt2.suprx
[08:55:54.810] |I| [load_self]: Loading symbols for SELF: vs0:sys/external/libSceFt2.suprx
[08:55:54.810] |D| [load_var_exports]: 	NID 0x936C8A78 (SYSLYB) at 0xDA7DC
[08:55:54.810] |D| [load_var_exports]: 	NID 0x6C2224BA (NID_MODULE_INFO) at 0xD9F10
[08:55:54.811] |I| [pre_load_module]: Pre-load module SceLibft2 (at "sys/external/libSceFt2.suprx") loaded
[08:55:54.812] |I| [load_self]: Loaded module segment 0 @ [0x000F0000 - 0x000FFF14 / 0x81000000] (size: 0x0000FF14) of module vs0:sys/external/libpvf.suprx
[08:55:54.812] |I| [load_self]: Loaded module segment 1 @ [0x00100000 - 0x00100008 / 0x81010000] (size: 0x00000008) of module vs0:sys/external/libpvf.suprx
[08:55:54.812] |I| [load_self]: Loading symbols for SELF: vs0:sys/external/libpvf.suprx
[08:55:54.812] |D| [load_var_exports]: 	NID 0x936C8A78 (SYSLYB) at 0xFE710
[08:55:54.812] |D| [load_var_exports]: 	NID 0x6C2224BA (NID_MODULE_INFO) at 0xFE300
[08:55:54.812] |I| [pre_load_module]: Pre-load module SceLibPvf (at "sys/external/libpvf.suprx") loaded
[08:55:54.891] |C| [load_self]: Unknown segment type 0x6FFFFF01
[08:55:54.891] |I| [load_self]: Loaded module segment 0 @ [0x00101000 - 0x001E6E98 / 0x81000000] (size: 0x000E5E98) of module app0:eboot.bin
[08:55:54.891] |I| [load_self]: Loaded module segment 1 @ [0x001E7000 - 0x001F3DC0 / 0x810E6000] (size: 0x0000CDC0) of module app0:eboot.bin
[08:55:54.891] |I| [load_self]: Loading symbols for SELF: app0:eboot.bin
[08:55:54.892] |D| [load_var_exports]: 	NID 0x6C2224BA (NID_MODULE_INFO) at 0x1AF744
[08:55:54.892] |D| [load_var_exports]: 	NID 0x70FBA1E7 (SCE_PROC_PARAMS) at 0x1E73E4
[08:55:54.892] |I| [load_app_impl]: Main executable game (eboot.bin) loaded
[08:55:54.894] |D| [run_app]: Running module_start of library: SceLibc at address 0x4809
[08:55:54.898] |I| [run_app]: Module SceLibc (at "app0:sce_module/libc.suprx") module_start returned 0x0
[08:55:54.898] |D| [run_app]: Running module_start of library: SceLibFios2 at address 0x57001
[08:55:54.900] |W| [stubbed_impl]: Stubbed sceKernelGetProcessId import called. (pid: 0)
[08:55:54.900] |W| [unimplemented_impl]: Unimplemented sceFiosOverlayGetList02 import called.
[08:55:54.900] |I| [run_app]: Module SceLibFios2 (at "app0:sce_module/libfios2.suprx") module_start returned 0x0
[08:55:54.900] |D| [run_app]: Running module_start of library: SceUlt at address 0x8C769
[08:55:54.902] |W| [unimplemented_impl]: Unimplemented _sceUlobjMgrRegisterLibultProtocolRevision import called.
[08:55:54.902] |I| [run_app]: Module SceUlt (at "app0:sce_module/libult.suprx") module_start returned 0x0
[08:55:54.905] |W| [unimplemented_impl]: Unimplemented sceAppUtilInit import called.
[08:55:54.905] |I| [load_module]: Loading module ID: 0x13
[08:55:54.905] |C| [load_self]: Unknown segment type 0x6FFFFF01
[08:55:54.905] |I| [load_self]: Loaded module segment 0 @ [0x00249000 - 0x0024C08C / 0x81000000] (size: 0x0000308C) of module sys/external/libsystemgesture.suprx
[08:55:54.905] |I| [load_self]: Loaded module segment 1 @ [0x00235000 - 0x00235BF0 / 0x81004000] (size: 0x00000BF0) of module sys/external/libsystemgesture.suprx
[08:55:54.906] |I| [load_self]: Loading symbols for SELF: sys/external/libsystemgesture.suprx
[08:55:54.906] |D| [load_var_exports]: 	NID 0x936C8A78 (SYSLYB) at 0x24C074
[08:55:54.906] |D| [load_var_exports]: 	NID 0x6C2224BA (NID_MODULE_INFO) at 0x24BBD4
[08:55:54.906] |I| [load_module]: Module SceSystemGesture (at "sys/external/libsystemgesture.suprx") loaded
[08:55:54.906] |D| [load_module]: Running module_start of module: SceSystemGesture
[08:55:54.908] |I| [load_module]: Module SceSystemGesture (at "sys/external/libsystemgesture.suprx") module_start returned 0x0
[08:55:54.910] |I| [load_module]: Loading module ID: 0xD
[08:55:54.912] |I| [load_self]: Loaded module segment 0 @ [0x0024F000 - 0x00266244 / 0x81000000] (size: 0x00017244) of module sys/external/libsas.suprx
[08:55:54.912] |I| [load_self]: Loaded module segment 1 @ [0x0024D000 - 0x0024D038 / 0x81018000] (size: 0x00000038) of module sys/external/libsas.suprx
[08:55:54.912] |I| [load_self]: Loading symbols for SELF: sys/external/libsas.suprx
[08:55:54.912] |D| [load_var_exports]: 	NID 0x936C8A78 (SYSLYB) at 0x263004
[08:55:54.912] |D| [load_var_exports]: 	NID 0x6C2224BA (NID_MODULE_INFO) at 0x262BF0
[08:55:54.912] |I| [load_module]: Module SceSasUser (at "sys/external/libsas.suprx") loaded
[08:55:54.912] |I| [load_module]: Loading module ID: 0x30
[08:55:54.913] |C| [load_self]: Unknown segment type 0x6FFFFF01
[08:55:54.913] |I| [load_self]: Loaded module segment 0 @ [0x00267000 - 0x0026A55C / 0x81000000] (size: 0x0000355C) of module sys/external/libatrac.suprx
[08:55:54.913] |I| [load_self]: Loaded module segment 1 @ [0x0026B000 - 0x0026C038 / 0x81004000] (size: 0x00001038) of module sys/external/libatrac.suprx
[08:55:54.913] |I| [load_self]: Loading symbols for SELF: sys/external/libatrac.suprx
[08:55:54.913] |D| [load_var_exports]: 	NID 0x936C8A78 (SYSLYB) at 0x26A558
[08:55:54.913] |D| [load_var_exports]: 	NID 0x6C2224BA (NID_MODULE_INFO) at 0x269DB4
[08:55:54.914] |I| [load_module]: Module SceAtrac (at "sys/external/libatrac.suprx") loaded
[08:55:54.914] |D| [load_module]: Running module_start of module: SceAtrac
[08:55:54.915] |I| [load_module]: Module SceAtrac (at "sys/external/libatrac.suprx") module_start returned 0x0
[08:55:54.916] |I| [load_module]: Loading module ID: 0x4
[08:55:54.918] |C| [load_self]: Unknown segment type 0x6FFFFF01
[08:55:54.918] |I| [load_self]: Loaded module segment 0 @ [0x0026F000 - 0x0028C150 / 0x81000000] (size: 0x0001D150) of module sys/external/libhttp.suprx
[08:55:54.918] |I| [load_self]: Loaded module segment 1 @ [0x0026D000 - 0x0026D640 / 0x8101E000] (size: 0x00000640) of module sys/external/libhttp.suprx
[08:55:54.918] |I| [load_self]: Loading symbols for SELF: sys/external/libhttp.suprx
[08:55:54.919] |D| [load_var_exports]: 	NID 0x936C8A78 (SYSLYB) at 0x28AE68
[08:55:54.919] |D| [load_var_exports]: 	NID 0x6C2224BA (NID_MODULE_INFO) at 0x287CA0
[08:55:54.919] |I| [load_module]: Module SceLibHttp (at "sys/external/libhttp.suprx") loaded
[08:55:54.919] |D| [load_module]: Running module_start of module: SceLibHttp
[08:55:54.920] |I| [load_module]: Module SceLibHttp (at "sys/external/libhttp.suprx") module_start returned 0x0
[08:55:54.929] |I| [load_self]: Loaded module segment 0 @ [0x0028F000 - 0x002F5EA4 / 0x81000000] (size: 0x00066EA4) of module sys/external/libssl.suprx
[08:55:54.929] |I| [load_self]: Loaded module segment 1 @ [0x002F6000 - 0x002FAFA8 / 0x81067000] (size: 0x00004FA8) of module sys/external/libssl.suprx
[08:55:54.929] |I| [load_self]: Loading symbols for SELF: sys/external/libssl.suprx
[08:55:54.929] |D| [load_var_exports]: 	NID 0x936C8A78 (SYSLYB) at 0x2E19E0
[08:55:54.929] |D| [load_var_exports]: 	NID 0x6C2224BA (NID_MODULE_INFO) at 0x2DBCA0
[08:55:54.929] |I| [load_module]: Module SceLibSsl (at "sys/external/libssl.suprx") loaded
[08:55:55.012] |W| [stubbed_impl]: Stubbed sceGxmMapMemory import called. (always return success)
[08:55:55.013] |W| [stubbed_impl]: Stubbed sceGxmMapFragmentUsseMemory import called. (always return success)
[08:55:55.084] |W| [stubbed_impl]: Stubbed sceGxmMapVertexUsseMemory import called. (always return success)
[08:55:55.114] |W| [export_sceGxmCreateDeferredContext]: toto: sceGxmCreateDeferredContext
[08:55:55.131] |W| [export_sceGxmCreateDeferredContext]: toto: sceGxmCreateDeferredContext
[08:55:55.147] |W| [export_sceGxmCreateDeferredContext]: toto: sceGxmCreateDeferredContext
[08:55:55.164] |W| [export_sceGxmCreateDeferredContext]: toto: sceGxmCreateDeferredContext
[08:55:55.181] |W| [export_sceGxmCreateDeferredContext]: toto: sceGxmCreateDeferredContext
[08:55:55.197] |W| [export_sceGxmCreateDeferredContext]: toto: sceGxmCreateDeferredContext
[08:55:55.214] |W| [export_sceGxmCreateDeferredContext]: toto: sceGxmCreateDeferredContext
[08:55:55.231] |W| [export_sceGxmCreateDeferredContext]: toto: sceGxmCreateDeferredContext
[08:55:55.247] |W| [export_sceGxmCreateDeferredContext]: toto: sceGxmCreateDeferredContext
[08:55:55.264] |W| [export_sceGxmCreateDeferredContext]: toto: sceGxmCreateDeferredContext
[08:55:55.281] |W| [export_sceGxmCreateDeferredContext]: toto: sceGxmCreateDeferredContext
[08:55:55.297] |W| [export_sceGxmCreateDeferredContext]: toto: sceGxmCreateDeferredContext
[08:55:55.314] |W| [export_sceGxmCreateDeferredContext]: toto: sceGxmCreateDeferredContext
[08:55:55.331] |W| [export_sceGxmCreateDeferredContext]: toto: sceGxmCreateDeferredContext
[08:55:55.347] |W| [export_sceGxmCreateDeferredContext]: toto: sceGxmCreateDeferredContext
[08:55:55.364] |W| [export_sceGxmCreateDeferredContext]: toto: sceGxmCreateDeferredContext
[08:55:55.381] |W| [export_sceGxmCreateDeferredContext]: toto: sceGxmCreateDeferredContext
[08:55:55.397] |W| [export_sceGxmCreateDeferredContext]: toto: sceGxmCreateDeferredContext
[08:55:55.414] |W| [export_sceGxmCreateDeferredContext]: toto: sceGxmCreateDeferredContext
[08:55:55.431] |W| [export_sceGxmCreateDeferredContext]: toto: sceGxmCreateDeferredContext
[08:55:55.447] |W| [export_sceGxmCreateDeferredContext]: toto: sceGxmCreateDeferredContext
[08:55:55.464] |W| [export_sceGxmCreateDeferredContext]: toto: sceGxmCreateDeferredContext
[08:55:55.481] |W| [export_sceGxmCreateDeferredContext]: toto: sceGxmCreateDeferredContext
[08:55:55.497] |W| [export_sceGxmCreateDeferredContext]: toto: sceGxmCreateDeferredContext
[08:55:55.514] |W| [export_sceGxmCreateDeferredContext]: toto: sceGxmCreateDeferredContext
[08:55:55.531] |W| [export_sceGxmCreateDeferredContext]: toto: sceGxmCreateDeferredContext
[08:55:55.547] |W| [export_sceGxmCreateDeferredContext]: toto: sceGxmCreateDeferredContext
[08:55:55.564] |W| [export_sceGxmCreateDeferredContext]: toto: sceGxmCreateDeferredContext
[08:55:55.581] |W| [export_sceGxmCreateDeferredContext]: toto: sceGxmCreateDeferredContext
[08:55:55.597] |W| [export_sceGxmCreateDeferredContext]: toto: sceGxmCreateDeferredContext
[08:55:55.614] |W| [export_sceGxmCreateDeferredContext]: toto: sceGxmCreateDeferredContext
[08:55:55.631] |W| [export_sceGxmCreateDeferredContext]: toto: sceGxmCreateDeferredContext
[08:55:55.647] |W| [export_sceGxmCreateDeferredContext]: toto: sceGxmCreateDeferredContext
[08:55:55.664] |W| [export_sceGxmCreateDeferredContext]: toto: sceGxmCreateDeferredContext
[08:55:55.681] |W| [export_sceGxmCreateDeferredContext]: toto: sceGxmCreateDeferredContext
[08:55:55.697] |W| [export_sceGxmCreateDeferredContext]: toto: sceGxmCreateDeferredContext
[08:55:55.714] |W| [export_sceGxmCreateDeferredContext]: toto: sceGxmCreateDeferredContext
[08:55:55.731] |W| [export_sceGxmCreateDeferredContext]: toto: sceGxmCreateDeferredContext
[08:55:55.747] |W| [export_sceGxmCreateDeferredContext]: toto: sceGxmCreateDeferredContext
[08:55:55.764] |W| [export_sceGxmCreateDeferredContext]: toto: sceGxmCreateDeferredContext
[08:55:55.781] |W| [export_sceGxmCreateDeferredContext]: toto: sceGxmCreateDeferredContext
[08:55:55.797] |W| [export_sceGxmCreateDeferredContext]: toto: sceGxmCreateDeferredContext
[08:55:55.814] |W| [export_sceGxmCreateDeferredContext]: toto: sceGxmCreateDeferredContext
[08:55:55.831] |W| [export_sceGxmCreateDeferredContext]: toto: sceGxmCreateDeferredContext
[08:55:55.847] |W| [export_sceGxmCreateDeferredContext]: toto: sceGxmCreateDeferredContext
[08:55:55.864] |W| [export_sceGxmCreateDeferredContext]: toto: sceGxmCreateDeferredContext
[08:55:55.881] |W| [export_sceGxmCreateDeferredContext]: toto: sceGxmCreateDeferredContext
[08:55:55.897] |W| [export_sceGxmCreateDeferredContext]: toto: sceGxmCreateDeferredContext
[08:55:55.914] |W| [export_sceGxmCreateDeferredContext]: toto: sceGxmCreateDeferredContext
[08:55:55.931] |W| [export_sceGxmCreateDeferredContext]: toto: sceGxmCreateDeferredContext
[08:55:55.947] |W| [export_sceGxmCreateDeferredContext]: toto: sceGxmCreateDeferredContext
[08:55:55.964] |W| [export_sceGxmCreateDeferredContext]: toto: sceGxmCreateDeferredContext
[08:55:55.981] |W| [export_sceGxmCreateDeferredContext]: toto: sceGxmCreateDeferredContext
[08:55:55.997] |W| [export_sceGxmCreateDeferredContext]: toto: sceGxmCreateDeferredContext
[08:55:56.014] |W| [export_sceGxmCreateDeferredContext]: toto: sceGxmCreateDeferredContext
[08:55:56.031] |W| [export_sceGxmCreateDeferredContext]: toto: sceGxmCreateDeferredContext
[08:55:56.047] |W| [export_sceGxmCreateDeferredContext]: toto: sceGxmCreateDeferredContext
[08:55:56.064] |W| [export_sceGxmCreateDeferredContext]: toto: sceGxmCreateDeferredContext
[08:55:56.081] |W| [export_sceGxmCreateDeferredContext]: toto: sceGxmCreateDeferredContext
[08:55:56.097] |W| [export_sceGxmCreateDeferredContext]: toto: sceGxmCreateDeferredContext
[08:55:56.114] |W| [export_sceGxmCreateDeferredContext]: toto: sceGxmCreateDeferredContext
[08:55:56.131] |W| [export_sceGxmCreateDeferredContext]: toto: sceGxmCreateDeferredContext
[08:55:56.147] |W| [export_sceGxmCreateDeferredContext]: toto: sceGxmCreateDeferredContext
[08:55:56.164] |W| [export_sceGxmCreateDeferredContext]: toto: sceGxmCreateDeferredContext
[08:55:56.181] |W| [export_sceGxmCreateDeferredContext]: toto: sceGxmCreateDeferredContext
[08:55:56.197] |W| [export_sceGxmCreateDeferredContext]: toto: sceGxmCreateDeferredContext
[08:55:56.214] |W| [export_sceGxmCreateDeferredContext]: toto: sceGxmCreateDeferredContext
[08:55:56.231] |W| [export_sceGxmCreateDeferredContext]: toto: sceGxmCreateDeferredContext
[08:55:56.247] |W| [export_sceGxmCreateDeferredContext]: toto: sceGxmCreateDeferredContext
[08:55:56.264] |W| [export_sceGxmCreateDeferredContext]: toto: sceGxmCreateDeferredContext
[08:55:56.281] |W| [export_sceGxmCreateDeferredContext]: toto: sceGxmCreateDeferredContext
[08:55:56.297] |W| [export_sceGxmCreateDeferredContext]: toto: sceGxmCreateDeferredContext
[08:55:56.314] |W| [export_sceGxmCreateDeferredContext]: toto: sceGxmCreateDeferredContext
[08:55:56.331] |W| [export_sceGxmCreateDeferredContext]: toto: sceGxmCreateDeferredContext
[08:55:56.347] |W| [export_sceGxmCreateDeferredContext]: toto: sceGxmCreateDeferredContext
[08:55:56.364] |W| [export_sceGxmCreateDeferredContext]: toto: sceGxmCreateDeferredContext
[08:55:56.381] |W| [export_sceGxmCreateDeferredContext]: toto: sceGxmCreateDeferredContext
[08:55:56.397] |W| [export_sceGxmCreateDeferredContext]: toto: sceGxmCreateDeferredContext
[08:55:56.414] |W| [export_sceGxmCreateDeferredContext]: toto: sceGxmCreateDeferredContext
[08:55:56.431] |W| [export_sceGxmCreateDeferredContext]: toto: sceGxmCreateDeferredContext
[08:55:56.447] |W| [export_sceGxmCreateDeferredContext]: toto: sceGxmCreateDeferredContext
[08:55:56.464] |W| [export_sceGxmCreateDeferredContext]: toto: sceGxmCreateDeferredContext
[08:55:56.481] |W| [export_sceGxmCreateDeferredContext]: toto: sceGxmCreateDeferredContext
[08:55:56.497] |W| [export_sceGxmCreateDeferredContext]: toto: sceGxmCreateDeferredContext
[08:55:56.514] |W| [export_sceGxmCreateDeferredContext]: toto: sceGxmCreateDeferredContext
[08:55:56.531] |W| [export_sceGxmCreateDeferredContext]: toto: sceGxmCreateDeferredContext
[08:55:56.547] |W| [export_sceGxmCreateDeferredContext]: toto: sceGxmCreateDeferredContext
[08:55:56.564] |W| [export_sceGxmCreateDeferredContext]: toto: sceGxmCreateDeferredContext
[08:55:56.581] |W| [export_sceGxmCreateDeferredContext]: toto: sceGxmCreateDeferredContext
[08:55:56.597] |W| [export_sceGxmCreateDeferredContext]: toto: sceGxmCreateDeferredContext
[08:55:56.614] |W| [export_sceGxmCreateDeferredContext]: toto: sceGxmCreateDeferredContext
[08:55:56.631] |W| [export_sceGxmCreateDeferredContext]: toto: sceGxmCreateDeferredContext
[08:55:56.647] |W| [export_sceGxmCreateDeferredContext]: toto: sceGxmCreateDeferredContext
[08:55:56.664] |W| [export_sceGxmCreateDeferredContext]: toto: sceGxmCreateDeferredContext
[08:55:56.681] |W| [export_sceGxmCreateDeferredContext]: toto: sceGxmCreateDeferredContext
[08:55:56.697] |W| [export_sceGxmCreateDeferredContext]: toto: sceGxmCreateDeferredContext
[08:55:56.714] |W| [export_sceGxmCreateDeferredContext]: toto: sceGxmCreateDeferredContext
[08:55:56.731] |W| [export_sceGxmCreateDeferredContext]: toto: sceGxmCreateDeferredContext
[08:55:56.747] |W| [export_sceGxmCreateDeferredContext]: toto: sceGxmCreateDeferredContext
[08:55:56.764] |W| [export_sceGxmCreateDeferredContext]: toto: sceGxmCreateDeferredContext
[08:55:56.781] |W| [export_sceGxmCreateDeferredContext]: toto: sceGxmCreateDeferredContext
[08:55:56.797] |W| [export_sceGxmCreateDeferredContext]: toto: sceGxmCreateDeferredContext
[08:55:56.814] |W| [export_sceGxmCreateDeferredContext]: toto: sceGxmCreateDeferredContext
[08:55:56.831] |W| [export_sceGxmCreateDeferredContext]: toto: sceGxmCreateDeferredContext
[08:55:56.847] |W| [export_sceGxmCreateDeferredContext]: toto: sceGxmCreateDeferredContext
[08:55:56.864] |W| [export_sceGxmCreateDeferredContext]: toto: sceGxmCreateDeferredContext
[08:55:56.881] |W| [export_sceGxmCreateDeferredContext]: toto: sceGxmCreateDeferredContext
[08:55:56.897] |W| [export_sceGxmCreateDeferredContext]: toto: sceGxmCreateDeferredContext
[08:55:56.914] |W| [export