[05:08:50.477] |I| [load_app_impl]: ngs experimental state: true
[05:08:50.477] |I| [load_app_impl]: video player state: true
[05:08:50.478] |I| [load_app_impl]: auto-lle: enabled
[05:08:50.478] |I| [load_app_impl]: Title: プリンセス☆ストライク！
[05:08:50.478] |I| [load_app_impl]: Serial: PCSG00188
[05:08:50.478] |I| [load_app_impl]: Version: 1.00
[05:08:50.478] |I| [load_app_impl]: Category: gd
[05:08:50.542] |C| [load_self]: Unknown segment type 0x6FFFFF01
[05:08:50.542] |I| [load_self]: Loaded module segment 0 @ [0x00004000 - 0x0004E4B0 / 0x81000000] (size: 0x0004A4B0) of module app0:sce_module/libc.suprx
[05:08:50.542] |I| [load_self]: Loaded module segment 1 @ [0x0004F000 - 0x000516F4 / 0x8104B000] (size: 0x000026F4) of module app0:sce_module/libc.suprx
[05:08:50.542] |I| [load_self]: Loading symbols for SELF: app0:sce_module/libc.suprx
[05:08:50.543] |D| [load_var_exports]: 	NID 0x6C2224BA (NID_MODULE_INFO) at 0x3AF30
[05:08:50.543] |W| [load_var_imports]: 	NID NOT FOUND 0x93B8AA67 (UNRECOGNISED) at 0x3EDF0, setting to stub value 0xDEADBEEF
[05:08:50.543] |W| [load_var_imports]: 	NID NOT FOUND 0xDF084DFA (UNRECOGNISED) at 0x404A4, setting to stub value 0xDEADBEEF
[05:08:50.544] |I| [pre_load_module]: Pre-load module SceLibc (at "sce_module/libc.suprx") loaded
[05:08:50.554] |C| [load_self]: Unknown segment type 0x6FFFFF01
[05:08:50.554] |I| [load_self]: Loaded module segment 0 @ [0x00054000 - 0x0006A01C / 0x81000000] (size: 0x0001601C) of module app0:sce_module/libface.suprx
[05:08:50.555] |I| [load_self]: Loaded module segment 1 @ [0x0006B000 - 0x0006B14C / 0x81017000] (size: 0x0000014C) of module app0:sce_module/libface.suprx
[05:08:50.555] |I| [load_self]: Loading symbols for SELF: app0:sce_module/libface.suprx
[05:08:50.556] |D| [load_var_exports]: 	NID 0x6C2224BA (NID_MODULE_INFO) at 0x670C8
[05:08:50.556] |I| [pre_load_module]: Pre-load module SceFace (at "sce_module/libface.suprx") loaded
[05:08:50.576] |C| [load_self]: Unknown segment type 0x6FFFFF01
[05:08:50.576] |I| [load_self]: Loaded module segment 0 @ [0x0006C000 - 0x0009022C / 0x81000000] (size: 0x0002422C) of module app0:sce_module/libfios2.suprx
[05:08:50.577] |I| [load_self]: Loaded module segment 1 @ [0x00091000 - 0x000961A4 / 0x81025000] (size: 0x000051A4) of module app0:sce_module/libfios2.suprx
[05:08:50.578] |I| [load_self]: Loading symbols for SELF: app0:sce_module/libfios2.suprx
[05:08:50.578] |D| [load_var_exports]: 	NID 0x6C2224BA (NID_MODULE_INFO) at 0x88B70
[05:08:50.579] |I| [pre_load_module]: Pre-load module SceLibFios2 (at "sce_module/libfios2.suprx") loaded
[05:08:50.635] |C| [load_self]: Unknown segment type 0x6FFFFF01
[05:08:50.635] |I| [load_self]: Loaded module segment 0 @ [0x00097000 - 0x0028EE68 / 0x81000000] (size: 0x001F7E68) of module app0:sce_module/libsmart.suprx
[05:08:50.636] |I| [load_self]: Loaded module segment 1 @ [0x0028F000 - 0x00292734 / 0x811F8000] (size: 0x00003734) of module app0:sce_module/libsmart.suprx
[05:08:50.637] |I| [load_self]: Loading symbols for SELF: app0:sce_module/libsmart.suprx
[05:08:50.637] |D| [load_var_exports]: 	NID 0x6C2224BA (NID_MODULE_INFO) at 0x13012C
[05:08:50.638] |I| [pre_load_module]: Pre-load module SceSmart (at "sce_module/libsmart.suprx") loaded
[05:08:50.643] |C| [load_self]: Unknown segment type 0x6FFFFF01
[05:08:50.643] |I| [load_self]: Loaded module segment 0 @ [0x00293000 - 0x002A7144 / 0x81000000] (size: 0x00014144) of module app0:sce_module/libult.suprx
[05:08:50.644] |I| [load_self]: Loaded module segment 1 @ [0x002A8000 - 0x002A8814 / 0x81015000] (size: 0x00000814) of module app0:sce_module/libult.suprx
[05:08:50.644] |I| [load_self]: Loading symbols for SELF: app0:sce_module/libult.suprx
[05:08:50.645] |D| [load_var_exports]: 	NID 0x6C2224BA (NID_MODULE_INFO) at 0x2A31CC
[05:08:50.646] |I| [pre_load_module]: Pre-load module SceUlt (at "sce_module/libult.suprx") loaded
[05:08:50.652] |I| [load_self]: Loaded module segment 0 @ [0x002A9000 - 0x002F9F04 / 0x81000000] (size: 0x00050F04) of module vs0:sys/external/libSceFt2.suprx
[05:08:50.653] |I| [load_self]: Loaded module segment 1 @ [0x002FA000 - 0x002FA2F4 / 0x81051000] (size: 0x000002F4) of module vs0:sys/external/libSceFt2.suprx
[05:08:50.656] |I| [load_self]: Loading symbols for SELF: vs0:sys/external/libSceFt2.suprx
[05:08:50.657] |D| [load_var_exports]: 	NID 0x936C8A78 (SYSLYB) at 0x2E57DC
[05:08:50.657] |D| [load_var_exports]: 	NID 0x6C2224BA (NID_MODULE_INFO) at 0x2E4F10
[05:08:50.658] |I| [pre_load_module]: Pre-load module SceLibft2 (at "sys/external/libSceFt2.suprx") loaded
[05:08:50.659] |I| [load_self]: Loaded module segment 0 @ [0x002FB000 - 0x0030AF14 / 0x81000000] (size: 0x0000FF14) of module vs0:sys/external/libpvf.suprx
[05:08:50.660] |I| [load_self]: Loaded module segment 1 @ [0x0030B000 - 0x0030B008 / 0x81010000] (size: 0x00000008) of module vs0:sys/external/libpvf.suprx
[05:08:50.661] |I| [load_self]: Loading symbols for SELF: vs0:sys/external/libpvf.suprx
[05:08:50.661] |D| [load_var_exports]: 	NID 0x936C8A78 (SYSLYB) at 0x309710
[05:08:50.662] |D| [load_var_exports]: 	NID 0x6C2224BA (NID_MODULE_INFO) at 0x309300
[05:08:50.663] |I| [pre_load_module]: Pre-load module SceLibPvf (at "sys/external/libpvf.suprx") loaded
[05:08:50.686] |C| [load_self]: Unknown segment type 0x6FFFFF01
[05:08:50.687] |I| [load_self]: Loaded module segment 0 @ [0x81000000 - 0x81048B24 / 0x81000000] (size: 0x00048B24) of module app0:eboot.bin
[05:08:50.687] |I| [load_self]: Loaded module segment 1 @ [0x81049000 - 0x8104FE90 / 0x81049000] (size: 0x00006E90) of module app0:eboot.bin
[05:08:50.688] |I| [load_self]: Loading symbols for SELF: app0:eboot.bin
[05:08:50.688] |D| [load_var_exports]: 	NID 0x6C2224BA (NID_MODULE_INFO) at 0x8103B180
[05:08:50.689] |D| [load_var_exports]: 	NID 0x70FBA1E7 (SCE_PROC_PARAMS) at 0x8104978C
[05:08:50.689] |I| [load_app_impl]: Main executable PrincessStrike (eboot.bin) loaded
[05:08:50.691] |D| [run_app]: Running module_start of library: SceLibc at address 0x47F1
[05:08:50.695] |I| [run_app]: Module SceLibc (at "app0:sce_module/libc.suprx") module_start returned 0x0
[05:08:50.696] |D| [run_app]: Running module_start of library: SceFace at address 0x66499
[05:08:50.697] |I| [run_app]: Module SceFace (at "app0:sce_module/libface.suprx") module_start returned 0x0
[05:08:50.698] |D| [run_app]: Running module_start of library: SceLibFios2 at address 0x6C001
[05:08:50.700] |W| [stubbed_impl]: Stubbed sceKernelGetProcessId import called. (pid: 0)
[05:08:50.700] |W| [unimplemented_impl]: Unimplemented sceFiosOverlayGetList02 import called.
[05:08:50.702] |I| [run_app]: Module SceLibFios2 (at "app0:sce_module/libfios2.suprx") module_start returned 0x0
[05:08:50.703] |D| [run_app]: Running module_start of library: SceSmart at address 0x9D775
[05:08:50.706] |I| [run_app]: Module SceSmart (at "app0:sce_module/libsmart.suprx") module_start returned 0x0
[05:08:50.707] |D| [run_app]: Running module_start of library: SceUlt at address 0x29684D
[05:08:50.708] |W| [unimplemented_impl]: Unimplemented _sceUlobjMgrRegisterLibultProtocolRevision import called.
[05:08:50.709] |I| [run_app]: Module SceUlt (at "app0:sce_module/libult.suprx") module_start returned 0x0
[05:08:50.712] |W| [stubbed_impl]: Stubbed sceGxmMapMemory import called. (always return success)
[05:08:50.713] |W| [stubbed_impl]: Stubbed sceGxmMapFragmentUsseMemory import called. (always return success)
[05:08:50.725] |W| [stubbed_impl]: Stubbed sceGxmMapVertexUsseMemory import called. (always return success)
[05:08:50.728] |W| [stubbed_impl]: Stubbed sceDisplayWaitSetFrameBuf import called. (move after setframebuf)
[05:08:50.829] |W| [unimplemented_impl]: Unimplemented sceGxmTransferFill import called.
[05:08:50.830] |W| [unimplemented_impl]: Unimplemented sceGxmTransferFinish import called.
[05:08:50.841] |W| [unimplemented_impl]: Unimplemented sceCommonDialogUpdate import called.
[05:08:50.847] |W| [unimplemented_impl]: Unimplemented sceJpegEncoderGetContextSize import called.
[05:08:50.848] |W| [unimplemented_impl]: Unimplemented sceJpegEncoderInitWithParam import called.
[05:08:50.851] |I| [export_sceIoOpen]: Opening file: sa0:data/font/pvf/jpn0.pvf
[05:08:50.851] |I| [export_sceClibPrintf]: LIBPVF>>> FILE: sa0:data/font/pvf/jpn0.pvf

[05:08:50.852] |W| [unimplemented_impl]: Unimplemented sceIoIoctl import called.
[05:08:50.860] |W| [unimplemented_impl]: Unimplemented sceAppUtilInit import called.
[05:08:50.860] |W| [unimplemented_impl]: Unimplemented sceCommonDialogSetConfigParam import called.
[05:08:50.861] |I| [load_module]: Loading module ID: 0x13
[05:08:50.861] |C| [load_self]: Unknown segment type 0x6FFFFF01
[05:08:50.862] |I| [load_self]: Loaded module segment 0 @ [0x03C15000 - 0x03C1808C / 0x81000000] (size: 0x0000308C) of module sys/external/libsystemgesture.suprx
[05:08:50.862] |I| [load_self]: Loaded module segment 1 @ [0x03C19000 - 0x03C19BF0 / 0x81004000] (size: 0x00000BF0) of module sys/external/libsystemgesture.suprx
[05:08:50.864] |I| [load_self]: Loading symbols for SELF: sys/external/libsystemgesture.suprx
[05:08:50.864] |D| [load_var_exports]: 	NID 0x936C8A78 (SYSLYB) at 0x3C18074
[05:08:50.865] |D| [load_var_exports]: 	NID 0x6C2224BA (NID_MODULE_INFO) at 0x3C17BD4
[05:08:50.865] |I| [load_module]: Module SceSystemGesture (at "sys/external/libsystemgesture.suprx") loaded
[05:08:50.866] |D| [load_module]: Running module_start of module: SceSystemGesture
[05:08:50.868] |I| [load_module]: Module SceSystemGesture (at "sys/external/libsystemgesture.suprx") module_start returned 0x0
[05:08:50.869] |W| [unimplemented_impl]: Unimplemented sceTouchGetPixelDensity2 import called.
[05:08:50.869] |E| [call_import]: Import function for NID 0xE340C3C1 not found (thread name: PCSG00188, thread ID: 8)
[05:08:50.870] |I| [load_module]: Loading module ID: 0x30
[05:08:50.919] |C| [load_self]: Unknown segment type 0x6FFFFF01
[05:08:50.920] |I| [load_self]: Loaded module segment 0 @ [0x03C1C000 - 0x03C1F55C / 0x81000000] (size: 0x0000355C) of module sys/external/libatrac.suprx
[05:08:50.920] |I| [load_self]: Loaded module segment 1 @ [0x03C20000 - 0x03C21038 / 0x81004000] (size: 0x00001038) of module sys/external/libatrac.suprx
[05:08:50.921] |I| [load_self]: Loading symbols for SELF: sys/external/libatrac.suprx
[05:08:50.921] |D| [load_var_exports]: 	NID 0x936C8A78 (SYSLYB) at 0x3C1F558
[05:08:50.922] |D| [load_var_exports]: 	NID 0x6C2224BA (NID_MODULE_INFO) at 0x3C1EDB4
[05:08:50.922] |I| [load_module]: Module SceAtrac (at "sys/external/libatrac.suprx") loaded
[05:08:50.923] |D| [load_module]: Running module_start of module: SceAtrac
[05:08:50.925] |I| [load_module]: Module SceAtrac (at "sys/external/libatrac.suprx") module_start returned 0x0
[05:08:50.927] |W| [stubbed_impl]: Stubbed sceAudiodecInitLibrary import called. (EMPTY)
[05:08:51.103] |W| [stubbed_impl]: Stubbed sceNpTrophyCreateHandle import called. (Stubbed handle with 1)
[05:08:51.130] |I| [renderer::gl::load_shader_generic]: Generating frag shader 268453726ee268515356f4d145b05541aac406077a090828fb25225487148b3b
[05:08:51.132] |D| [shader::create_parameters]: [DEFAULT  + 0] sa0 = (float1) a
[05:08:51.139] |D| [shader::spirv_disasm_print]: SPIR-V Disassembly:
// Module Version 10500
// Generated by (magic number): 1337000
// Id's are bound by 326

                              Capability Shader
                              Capability Float16
             125:             ExtInstImport  "GLSL.std.450"
             153:             ExtInstImport  "GLSL.std.450"
             225:             ExtInstImport  "GLSL.std.450"
                              MemoryModel Logical GLSL450
                              EntryPoint Fragment 4  "main_fs" 103 106 107 137
                              ExecutionMode 4 OriginLowerLeft
               1:             String  "268453726ee268515356f4d145b05541aac406077a090828fb25225487148b3b"
                              SourceExtension  "gxp"
                              Name 4  "main_fs"
                              Name 21  "pa"
                              Name 22  "sa"
                              Name 24  "internals"
                              Name 26  "r"
                              Name 28  "p"
                              Name 30  "idx"
                              Name 31  "outs"
                              Name 33  "i"
                              Name 36  "frag_defaultUniformBuffer"
                              Name 38  "buffer0"
                              MemberName 36(frag_defaultUniformBuffer) 0  "data"
                              Name 60  "memory"
                              Name 97  "tex"
                              Name 103  "v_TexCoord0"
                              Name 106  "f_mask"
                              Name 107  "gl_FragCoord"
                              Name 108  "frag_output_finalize"
                              Name 122  "unpack2xF16"
                              Name 137  "out_color"
                              Name 165  "block_sec_0"
                              Name 182  "block_prim_0"
                              Name 193  "block_prim_8"
                              Name 223  "pack2xF16"
                              Name 241  "block_prim_3"
                              Name 250  "block_prim_7"
                              Name 304  "block_prim_5"
                              Decorate 36(frag_defaultUniformBuffer) Block
                              Decorate 36(frag_defaultUniformBuffer) GLSLShared
                              Decorate 38(buffer0) Binding 16
                              MemberDecorate 36(frag_defaultUniformBuffer) 0 Offset 0
                              Decorate 35 ArrayStride 16
                              Decorate 97(tex) Binding 0
                              Decorate 103(v_TexCoord0) Location 4
                              Decorate 106(f_mask) Binding 1
                              Decorate 107(gl_FragCoord) BuiltIn FragCoord
                              Decorate 137(out_color) Location 0
               2:             TypeVoid
               3:             TypeFunction 2
               6:             TypeFloat 32
               7:             TypeInt 32 1
               8:             TypeBool
               9:             TypeVector 6(float) 4
              10:      7(int) Constant 32
              11:             TypeArray 9(fvec4) 10
              12:      7(int) Constant 3
              13:             TypeArray 9(fvec4) 12
              14:      7(int) Constant 20
              15:             TypeArray 9(fvec4) 14
              16:      7(int) Constant 2
              17:             TypeArray 7(int) 16
              18:      7(int) Constant 4
              19:             TypeArray 8(bool) 18
              20:             TypePointer Private 11
          21(pa):     20(ptr) Variable Private
          22(sa):     20(ptr) Variable Private
              23:             TypePointer Private 13
   24(internals):     23(ptr) Variable Private
              25:             TypePointer Private 15
           26(r):     25(ptr) Variable Private
              27:             TypePointer Private 19
           28(p):     27(ptr) Variable Private
              29:             TypePointer Private 17
         30(idx):     29(ptr) Variable Private
        31(outs):     25(ptr) Variable Private
              32:             TypePointer Function 7(int)
              34:      7(int) Constant 1
              35:             TypeArray 9(fvec4) 34
36(frag_defaultUniformBuffer):             TypeStruct 35
              37:             TypePointer Uniform 36(frag_defaultUniformBuffer)
     38(buffer0):     37(ptr) Variable Uniform
              39:      7(int) Constant 0
              47:             TypePointer Uniform 9(fvec4)
              52:             TypePointer Private 9(fvec4)
              57:      7(int) Constant 5
              58:             TypeArray 6(float) 57
              59:             TypePointer Private 58
      60(memory):     59(ptr) Variable Private
              75:             TypePointer Private 6(float)
              94:             TypeImage 6(float) 2D sampled format:Unknown
              95:             TypeSampledImage 94
              96:             TypePointer UniformConstant 95
         97(tex):     96(ptr) Variable UniformConstant
              98:    6(float) Constant 3212836864
             102:             TypePointer Input 9(fvec4)
103(v_TexCoord0):    102(ptr) Variable Input
             104:             TypeImage 6(float) 2D nonsampled format:Rgba8
             105:             TypePointer UniformConstant 104
     106(f_mask):    105(ptr) Variable UniformConstant
107(gl_FragCoord):    102(ptr) Variable Input
             116:             TypeVector 6(float) 2
             119:             TypeInt 32 0
             120:             TypeFunction 116(fvec2) 6(float)
             136:             TypePointer Output 9(fvec4)
  137(out_color):    136(ptr) Variable Output
             139:             TypeVector 7(int) 4
             141:             TypeVector 7(int) 2
             145:    6(float) Constant 1056964608
             146:    9(fvec4) ConstantComposite 145 145 145 145
             154:    6(float) Constant 0
             155:    6(float) Constant 1065353216
             156:    6(float) Constant 1073741824
             157:  116(fvec2) ConstantComposite 154 154
             158:             TypeVector 6(float) 3
             159:  158(fvec3) ConstantComposite 154 154 154
             160:    9(fvec4) ConstantComposite 154 154 154 154
             184:     8(bool) ConstantTrue
             191:             TypePointer Private 8(bool)
             221:             TypeFunction 6(float) 116(fvec2)
      4(main_fs):           2 Function None 3
               5:             Label
           33(i):     32(ptr) Variable Function
                              Store 33(i) 39
                              Branch 40
              40:             Label
              44:      7(int) Load 33(i)
              45:     8(bool) SLessThan 44 34
                              LoopMerge 42 43 None
                              BranchConditional 45 41 42
              41:               Label
              46:      7(int)   Load 33(i)
              48:     47(ptr)   AccessChain 38(buffer0) 39 46
              49:      7(int)   Load 33(i)
              50:      7(int)   Load 33(i)
              51:      7(int)   IAdd 49 39
              53:     52(ptr)   AccessChain 22(sa) 51
              54:    9(fvec4)   Load 48
                                Store 53 54
              55:      7(int)   Load 33(i)
              56:      7(int)   IAdd 55 34
                                Store 33(i) 56
                                Branch 43
              43:               Label
                                Branch 40
              42:             Label
                              Store 33(i) 39
                              Branch 61
              61:             Label
              65:      7(int) Load 33(i)
              66:     8(bool) SLessThan 65 34
                              LoopMerge 63 64 None
                              BranchConditional 66 62 63
              62:               Label
              67:      7(int)   Load 33(i)
              68:     47(ptr)   AccessChain 38(buffer0) 39 67
              69:      7(int)   Load 33(i)
              70:      7(int)   IMul 18 69
              71:      7(int)   IAdd 70 39
              72:    9(fvec4)   Load 68
              73:    6(float)   VectorExtractDynamic 72 39
              74:      7(int)   IAdd 71 39
              76:     75(ptr)   AccessChain 60(memory) 74
                                Store 76 73
              77:      7(int)   IAdd 70 34
              78:    9(fvec4)   Load 68
              79:    6(float)   VectorExtractDynamic 78 34
              80:      7(int)   IAdd 77 39
              81:     75(ptr)   AccessChain 60(memory) 80
                                Store 81 79
              82:      7(int)   IAdd 70 16
              83:    9(fvec4)   Load 68
              84:    6(float)   VectorExtractDynamic 83 16
              85:      7(int)   IAdd 82 39
              86:     75(ptr)   AccessChain 60(memory) 85
                                Store 86 84
              87:      7(int)   IAdd 70 12
              88:    9(fvec4)   Load 68
              89:    6(float)   VectorExtractDynamic 88 12
              90:      7(int)   IAdd 87 39
              91:     75(ptr)   AccessChain 60(memory) 90
                                Store 91 89
              92:      7(int)   Load 33(i)
              93:      7(int)   IAdd 92 34
                                Store 33(i) 93
                                Branch 64
              64:               Label
                                Branch 61
              63:             Label
              99:     52(ptr) AccessChain 22(sa) 39
             100:    9(fvec4) Load 99
             101:    9(fvec4) VectorInsertDynamic 100 98 16
                              Store 99 101
             161:    9(fvec4) Load 103(v_TexCoord0)
             162:          95 Load 97(tex)
             163:    9(fvec4) ImageSampleImplicitLod 162 161
             164:     52(ptr) AccessChain 21(pa) 39
                              Store 164 163
             181:           2 FunctionCall 165(block_sec_0)
             325:           2 FunctionCall 182(block_prim_0)
                              Return
                              FunctionEnd
108(frag_output_finalize):           2 Function None 3
             109:             Label
             110:     52(ptr) AccessChain 21(pa) 39
             111:     52(ptr) AccessChain 21(pa) 39
             112:    9(fvec4) Load 111
             113:    9(fvec4) Load 110
             114:    6(float) VectorExtractDynamic 113 39
             115:    6(float) VectorExtractDynamic 113 34
             117:  116(fvec2) CompositeConstruct 114 115
             118:    6(float) VectorExtractDynamic 117 39
             128:  116(fvec2) FunctionCall 122(unpack2xF16) 118
             129:    6(float) VectorExtractDynamic 117 34
             130:  116(fvec2) FunctionCall 122(unpack2xF16) 129
             131:    6(float) VectorExtractDynamic 128 39
             132:    6(float) VectorExtractDynamic 128 34
             133:    6(float) VectorExtractDynamic 130 39
             134:    6(float) VectorExtractDynamic 130 34
             135:    9(fvec4) CompositeConstruct 131 132 133 134
                              Store 137(out_color) 135
             138:    9(fvec4) Load 107(gl_FragCoord)
             140:  139(ivec4) ConvertFToS 138
             142:  141(ivec2) VectorShuffle 140 140 0 1
             143:         104 Load 106(f_mask)
             144:    9(fvec4) ImageRead 143 142
             147:     8(bool) FOrdLessThan 144 146
             148:     8(bool) All 147
                              SelectionMerge 150 None
                              BranchConditional 148 149 150
             149:               Label
                                Kill
             150:             Label
                              Return
                              FunctionEnd
122(unpack2xF16):  116(fvec2) Function None 120
             121:    6(float) FunctionParameter
             123:             Label
             124:    119(int) Bitcast 121
             126:  116(fvec2) ExtInst 125(GLSL.std.450) 62(UnpackHalf2x16) 124
                              ReturnValue 126
                              FunctionEnd
165(block_sec_0):           2 Function None 3
             166:             Label
             167:     52(ptr) AccessChain 22(sa) 39
             168:     52(ptr) AccessChain 22(sa) 34
             169:    9(fvec4) Load 168
             170:    9(fvec4) Load 167
             171:    6(float) VectorExtractDynamic 170 16
             172:     52(ptr) AccessChain 22(sa) 39
             173:     52(ptr) AccessChain 22(sa) 39
             174:    9(fvec4) Load 173
             175:    9(fvec4) Load 172
             176:    6(float) VectorExtractDynamic 175 39
             177:    6(float) FMul 171 176
             178:     52(ptr) AccessChain 22(sa) 39
             179:    9(fvec4) Load 178
             180:    9(fvec4) VectorInsertDynamic 179 177 16
                              Store 178 180
                              Return
                              FunctionEnd
182(block_prim_0):           2 Function None 3
             183:             Label
                              Line 1 1 0
             185:     52(ptr) AccessChain 22(sa) 39
             186:     52(ptr) AccessChain 22(sa) 39
             187:    9(fvec4) Load 186
             188:    9(fvec4) Load 185
             189:    6(float) VectorExtractDynamic 188 39
             190:     8(bool) FOrdEqual 189 155
             192:    191(ptr) AccessChain 28(p) 39
                              Store 192 190
                              Line 1 2 0
             239:    191(ptr) AccessChain 28(p) 39
             240:     8(bool) Load 239
                              SelectionMerge 321 None
                              BranchConditional 240 320 323
             320:               Label
             322:           2   FunctionCall 193(block_prim_8)
                                Branch 321
             323:               Label
             324:           2   FunctionCall 241(block_prim_3)
                                Branch 321
             321:             Label
                              Return
                              FunctionEnd
193(block_prim_8):           2 Function None 3
             194:             Label
                              Line 1 8 0
             195:     52(ptr) AccessChain 21(pa) 39
             196:     52(ptr) AccessChain 21(pa) 39
             197:    9(fvec4) Load 196
             198:    9(fvec4) Load 195
             199:     52(ptr) AccessChain 21(pa) 39
             200:     52(ptr) AccessChain 21(pa) 39
             201:    9(fvec4) Load 200
             202:    9(fvec4) Load 199
             203:    6(float) VectorExtractDynamic 202 39
             204:    6(float) VectorExtractDynamic 202 34
             205:  116(fvec2) CompositeConstruct 203 204
             206:     52(ptr) AccessChain 21(pa) 39
             207:     52(ptr) AccessChain 21(pa) 34
             208:    9(fvec4) Load 207
             209:    9(fvec4) Load 206
             210:    6(float) VectorExtractDynamic 209 16
             211:    6(float) VectorExtractDynamic 209 12
             212:  116(fvec2) CompositeConstruct 210 211
             213:    6(float) VectorExtractDynamic 205 39
             214:    6(float) VectorExtractDynamic 205 34
             215:    6(float) VectorExtractDynamic 212 39
             216:    6(float) VectorExtractDynamic 212 34
             217:    9(fvec4) CompositeConstruct 213 214 215 216
             218:    6(float) VectorExtractDynamic 217 39
             219:    6(float) VectorExtractDynamic 217 34
             220:  116(fvec2) CompositeConstruct 218 219
             229:    6(float) FunctionCall 223(pack2xF16) 220
             230:    6(float) VectorExtractDynamic 217 16
             231:    6(float) VectorExtractDynamic 217 12
             232:  116(fvec2) CompositeConstruct 230 231
             233:    6(float) FunctionCall 223(pack2xF16) 232
             234:  116(fvec2) CompositeConstruct 229 233
             235:     52(ptr) AccessChain 21(pa) 39
             236:    9(fvec4) Load 235
             237:    9(fvec4) VectorShuffle 236 234 4 5 2 3
                              Store 235 237
             238:           2 FunctionCall 108(frag_output_finalize)
                              Return
                              FunctionEnd
  223(pack2xF16):    6(float) Function None 221
             222:  116(fvec2) FunctionParameter
             224:             Label
             226:    119(int) ExtInst 225(GLSL.std.450) 58(PackHalf2x16) 222
             227:    6(float) Bitcast 226
                              ReturnValue 227
                              FunctionEnd
241(block_prim_3):           2 Function None 3
             242:             Label
                              Line 1 3 0
             243:     52(ptr) AccessChain 22(sa) 39
             244:     52(ptr) AccessChain 22(sa) 39
             245:    9(fvec4) Load 244
             246:    9(fvec4) Load 243
             247:    6(float) VectorExtractDynamic 246 39
             248:     8(bool) FOrdLessThan 247 154
             249:    191(ptr) AccessChain 28(p) 39
                              Store 249 248
                              Line 1 4 0
             302:    191(ptr) AccessChain 28(p) 39
             303:     8(bool) Load 302
                              SelectionMerge 316 None
                              BranchConditional 303 315 318
             315:               Label
             317:           2   FunctionCall 250(block_prim_7)
                                Branch 316
             318:               Label
             319:           2   FunctionCall 304(block_prim_5)
                                Branch 316
             316:             Label
                              Return
                              FunctionEnd
250(block_prim_7):           2 Function None 3
             251:             Label
                              Line 1 7 0
             252:     52(ptr) AccessChain 22(sa) 39
             253:     52(ptr) AccessChain 22(sa) 34
             254:    9(fvec4) Load 253
             255:    9(fvec4) Load 252
             256:    6(float) VectorExtractDynamic 255 16
             257:     52(ptr) AccessChain 21(pa) 39
             258:     52(ptr) AccessChain 21(pa) 34
             259:    9(fvec4) Load 258
             260:    9(fvec4) Load 257
             261:    6(float) VectorExtractDynamic 260 12
             262:    6(float) FMul 256 261
             263:     52(ptr) AccessChain 21(pa) 39
             264:    9(fvec4) Load 263
             265:    9(fvec4) VectorInsertDynamic 264 262 12
                              Store 263 265
                              Line 1 8 0
             266:     52(ptr) AccessChain 21(pa) 39
             267:     52(ptr) AccessChain 21(pa) 39
             268:    9(fvec4) Load 267
             269:    9(fvec4) Load 266
             270:     52(ptr) AccessChain 21(pa) 39
             271:     52(ptr) AccessChain 21(pa) 39
             272:    9(fvec4) Load 271
             273:    9(fvec4) Load 270
             274:    6(float) VectorExtractDynamic 273 39
             275:    6(float) VectorExtractDynamic 273 34
             276:  116(fvec2) CompositeConstruct 274 275
             277:     52(ptr) AccessChain 21(pa) 39
             278:     52(ptr) AccessChain 21(pa) 34
             279:    9(fvec4) Load 278
             280:    9(fvec4) Load 277
             281:    6(float) VectorExtractDynamic 280 16
             282:    6(float) VectorExtractDynamic 280 12
             283:  116(fvec2) CompositeConstruct 281 282
             284:    6(float) VectorExtractDynamic 276 39
             285:    6(float) VectorExtractDynamic 276 34
             286:    6(float) VectorExtractDynamic 283 39
             287:    6(float) VectorExtractDynamic 283 34
             288:    9(fvec4) CompositeConstruct 284 285 286 287
             289:    6(float) VectorExtractDynamic 288 39
             290:    6(float) VectorExtractDynamic 288 34
             291:  116(fvec2) CompositeConstruct 289 290
             292:    6(float) FunctionCall 223(pack2xF16) 291
             293:    6(float) VectorExtractDynamic 288 16
             294:    6(float) VectorExtractDynamic 288 12
             295:  116(fvec2) CompositeConstruct 293 294
             296:    6(float) FunctionCall 223(pack2xF16) 295
             297:  116(fvec2) CompositeConstruct 292 296
             298:     52(ptr) AccessChain 21(pa) 39
             299:    9(fvec4) Load 298
             300:    9(fvec4) VectorShuffle 299 297 4 5 2 3
                              Store 298 300
             301:           2 FunctionCall 108(frag_output_finalize)
                              Return
                              FunctionEnd
304(block_prim_5):           2 Function None 3
             305:             Label
                              Line 1 5 0
             306:     52(ptr) AccessChain 22(sa) 39
             307:     52(ptr) AccessChain 22(sa) 39
             308:    9(fvec4) Load 307
             309:    9(fvec4) Load 306
             310:    6(float) VectorExtractDynamic 309 39
             311:     52(ptr) AccessChain 21(pa) 39
             312:    9(fvec4) Load 311
             313:    9(fvec4) VectorInsertDynamic 312 310 12
                              Store 311 313
                              Line 1 6 0
             314:           2 FunctionCall 193(block_prim_8)
                              Return
                              FunctionEnd

[05:08:51.142] |I| [export_sceIoOpen]: Opening file: app0:resource\image\sys\sys_marker_first_read.png
[05:08:51.143] |D| [shader::convert_gxp_to_glsl]: Generated GLSL:
#version 420
#extension GL_ARB_fragment_shader_interlock : require
// Shader Name: 268453726ee268515356f4d145b05541aac406077a090828fb25225487148b3b
layout(early_fragment_tests) in;


layout(binding = 16, std140) uniform frag_defaultUniformBuffer
{
    vec4 data[1];
} buffer0;

layout(binding = 0) uniform sampler2D tex;
layout(binding = 1, rgba8) uniform readonly image2D f_mask;

layout(location = 4) in vec4 v_TexCoord0;
layout(location = 0) out vec4 out_color;
vec4 pa[32];
vec4 sa[32];
vec4 internals[3];
vec4 r[20];
bool p[4];
int idx[2];
vec4 outs[20];
float memory[5];

void block_sec_0()
{
    vec4 _180 = sa[0];
    _180.z = sa[0].z * sa[0].x;
    sa[0] = _180;
}

float pack2xF16(vec2 _222)
{
    return uintBitsToFloat(packHalf2x16(_222));
}

vec2 unpack2xF16(float _121)
{
    return unpackHalf2x16(floatBitsToUint(_121));
}

void frag_output_finalize()
{
    vec2 _117 = vec2(pa[0].x, pa[0].y);
    vec2 _128 = unpack2xF16(_117.x);
    vec2 _130 = unpack2xF16(_117.y);
    out_color = vec4(_128.x, _128.y, _130.x, _130.y);
    if (all(lessThan(imageLoad(f_mask, ivec4(gl_FragCoord).xy), vec4(0.5))))
    {
        discard;
    }
}

void block_prim_8()
{
    vec2 _205 = vec2(pa[0].x, pa[0].y);
    vec2 _212 = vec2(pa[0].z, pa[0].w);
    vec4 _217 = vec4(_205.x, _205.y, _212.x, _212.y);
    vec2 _234 = vec2(pack2xF16(vec2(_217.x, _217.y)), pack2xF16(vec2(_217.z, _217.w)));
    pa[0] = vec4(_234.x, _234.y, pa[0].z, pa[0].w);
    frag_output_finalize();
}

void block_prim_7()
{
    vec4 _265 = pa[0];
    _265.w = sa[0].z * pa[0].w;
    pa[0] = _265;
    vec2 _276 = vec2(pa[0].x, pa[0].y);
    vec2 _283 = vec2(pa[0].z, pa[0].w);
    vec4 _288 = vec4(_276.x, _276.y, _283.x, _283.y);
    vec2 _297 = vec2(pack2xF16(vec2(_288.x, _288.y)), pack2xF16(vec2(_288.z, _288.w)));
    pa[0] = vec4(_297.x, _297.y, pa[0].z, pa[0].w);
    frag_output_finalize();
}

void block_prim_5()
{
    vec4 _313 = pa[0];
    _313.w = sa[0].x;
    pa[0] = _313;
    block_prim_8();
}

void block_prim_3()
{
    p[0] = sa[0].x < 0.0;
    if (p[0])
    {
        block_prim_7();
    }
    else
    {
        block_prim_5();
    }
}

void block_prim_0()
{
    p[0] = sa[0].x == 1.0;
    if (p[0])
    {
        block_prim_8();
    }
    else
    {
        block_prim_3();
    }
}

void main()
{
    int i = 0;
    while (i < 1)
    {
        sa[i + 0] = buffer0.data[i];
        i++;
    }
    i = 0;
    while (i < 1)
    {
        int _70 = 4 * i;
        memory[(_70 + 0) + 0] = buffer0.data[i].x;
        memory[(_70 + 1) + 0] = buffer0.data[i].y;
        memory[(_70 + 2) + 0] = buffer0.data[i].z;
        memory[(_70 + 3) + 0] = buffer0.data[i].w;
        i++;
    }
    vec4 _101 = sa[0];
    _101.z = -1.0;
    sa[0] = _101;
    pa[0] = texture(tex, v_TexCoord0.xy);
    block_sec_0();
    block_prim_0();
}


[05:08:51.156] |I| [export_sceIoOpen]: Opening file: app0:resource\image\sys\sys_marker_not_first.png
[05:08:51.157] |I| [renderer::gl::load_shader_generic]: Generating vert shader bdf7785e659032d4fb17af2f91c5fb0034caa07163beabc826331223aa626855
[05:08:51.158] |I| [export_sceIoOpen]: Opening file: app0:resource\image\sys\sys_marker_skip.png
[05:08:51.158] |D| [shader::create_parameters]: [BUFFER0  + 0] pa0 = (float4) aPosition
[05:08:51.159] |D| [shader::create_parameters]: [BUFFER0  + 4] pa4 = (float4) aTexCoord
[05:08:51.161] |D| [shader::spirv_disasm_print]: SPIR-V Disassembly:
// Module Version 10500
// Generated by (magic number): 1337000
// Id's are bound by 146

                              Capability Shader
                              Capability Float16
             104:             ExtInstImport  "GLSL.std.450"
                              MemoryModel Logical GLSL450
                              EntryPoint Vertex 4  "main_vs" 39 40 47 82
               1:             String  "bdf7785e659032d4fb17af2f91c5fb0034caa07163beabc826331223aa626855"
                              SourceExtension  "gxp"
                              Name 4  "main_vs"
                              Name 21  "pa"
                              Name 22  "sa"
                              Name 24  "internals"
                              Name 26  "r"
                              Name 28  "p"
                              Name 30  "idx"
                              Name 31  "outs"
                              Name 33  "i"
                              Name 37  "memory"
                              Name 39  "aPosition"
                              Name 40  "aTexCoord"
                              Name 41  "GxmRenderBufferBlock"
                              MemberName 41(GxmRenderBufferBlock) 0  "viewport_flip"
                              MemberName 41(GxmRenderBufferBlock) 1  "viewport_flag"
                              MemberName 41(GxmRenderBufferBlock) 2  "screen_width"
                              MemberName 41(GxmRenderBufferBlock) 3  "screen_height"
                              Name 43  "renderInfo"
                              Name 44  "vert_output_finalize"
                              Name 47  "v_Position"
                              Name 82  "v_TexCoord0"
                              Name 92  "i"
                              Name 110  "block_prim_0"
                              Decorate 39(aPosition) Location 0
                              Decorate 40(aTexCoord) Location 1
                              Decorate 41(GxmRenderBufferBlock) Block
                              Decorate 41(GxmRenderBufferBlock) GLSLShared
                              MemberDecorate 41(GxmRenderBufferBlock) 0 Offset 0
                              MemberDecorate 41(GxmRenderBufferBlock) 1 Offset 16
                              MemberDecorate 41(GxmRenderBufferBlock) 2 Offset 20
                              MemberDecorate 41(GxmRenderBufferBlock) 3 Offset 24
                              Decorate 43(renderInfo) Binding 15
                              Decorate 47(v_Position) Location 0
                              Decorate 47(v_Position) BuiltIn Position
                              Decorate 82(v_TexCoord0) Location 4
               2:             TypeVoid
               3:             TypeFunction 2
               6:             TypeFloat 32
               7:             TypeInt 32 1
               8:             TypeBool
               9:             TypeVector 6(float) 4
              10:      7(int) Constant 32
              11:             TypeArray 9(fvec4) 10
              12:      7(int) Constant 3
              13:             TypeArray 9(fvec4) 12
              14:      7(int) Constant 20
              15:             TypeArray 9(fvec4) 14
              16:      7(int) Constant 2
              17:             TypeArray 7(int) 16
              18:      7(int) Constant 4
              19:             TypeArray 8(bool) 18
              20:             TypePointer Private 11
          21(pa):     20(ptr) Variable Private
          22(sa):     20(ptr) Variable Private
              23:             TypePointer Private 13
   24(internals):     23(ptr) Variable Private
              25:             TypePointer Private 15
           26(r):     25(ptr) Variable Private
              27:             TypePointer Private 19
           28(p):     27(ptr) Variable Private
              29:             TypePointer Private 17
         30(idx):     29(ptr) Variable Private
        31(outs):     25(ptr) Variable Private
              32:             TypePointer Function 7(int)
              34:      7(int) Constant 1
              35:             TypeArray 6(float) 34
              36:             TypePointer Private 35
      37(memory):     36(ptr) Variable Private
              38:             TypePointer Input 9(fvec4)
   39(aPosition):     38(ptr) Variable Input
   40(aTexCoord):     38(ptr) Variable Input
41(GxmRenderBufferBlock):             TypeStruct 9(fvec4) 6(float) 6(float) 6(float)
              42:             TypePointer Uniform 41(GxmRenderBufferBlock)
  43(renderInfo):     42(ptr) Variable Uniform
              46:             TypePointer Output 9(fvec4)
  47(v_Position):     46(ptr) Variable Output
              48:             TypePointer Private 9(fvec4)
              49:      7(int) Constant 0
              54:    6(float) Constant 1056964608
              55:    6(float) Constant 1065353216
              56:    6(float) Constant 3212836864
              57:    6(float) Constant 1073741824
              58:    6(float) Constant 3221225472
              59:    6(float) Constant 0
              60:             TypePointer Uniform 6(float)
              76:             TypePointer Uniform 9(fvec4)
 82(v_TexCoord0):     46(ptr) Variable Output
              93:    9(fvec4) ConstantComposite 59 59 59 59
             105:             TypeInt 32 0
             106:             TypeVector 6(float) 2
             107:  106(fvec2) ConstantComposite 59 59
             108:             TypeVector 6(float) 3
             109:  108(fvec3) ConstantComposite 59 59 59
             129:  106(fvec2) ConstantComposite 55 55
      4(main_vs):           2 Function None 3
               5:             Label
           33(i):     32(ptr) Variable Function
           92(i):     32(ptr) Variable Function
              88:    9(fvec4) Load 39(aPosition)
              89:     48(ptr) AccessChain 21(pa) 49
                              Store 89 88
              90:    9(fvec4) Load 40(aTexCoord)
              91:     48(ptr) AccessChain 21(pa) 34
                              Store 91 90
                              Store 92(i) 49
                              Branch 94
              94:             Label
              98:      7(int) Load 92(i)
              99:     8(bool) SLessThan 98 14
                              LoopMerge 96 97 None
                              BranchConditional 99 95 96
              95:               Label
             100:      7(int)   Load 92(i)
             101:     48(ptr)   AccessChain 31(outs) 100
                                Store 101 93
             102:      7(int)   Load 92(i)
             103:      7(int)   IAdd 102 34
                                Store 92(i) 103
                                Branch 97
              97:               Label
                                Branch 94
              96:             Label
             145:           2 FunctionCall 110(block_prim_0)
                              Return
                              FunctionEnd
44(vert_output_finalize):           2 Function None 3
              45:             Label
              50:     48(ptr) AccessChain 31(outs) 49
              51:     48(ptr) AccessChain 31(outs) 49
              52:    9(fvec4) Load 51
              53:    9(fvec4) Load 50
              61:     60(ptr) AccessChain 43(renderInfo) 34
              62:     60(ptr) AccessChain 43(renderInfo) 16
              63:     60(ptr) AccessChain 43(renderInfo) 12
              64:    6(float) Load 61
              65:     8(bool) FOrdLessThan 64 54
                              SelectionMerge 67 None
                              BranchConditional 65 66 79
              66:               Label
              68:    6(float)   Load 62
              69:    6(float)   FDiv 57 68
              70:    6(float)   Load 63
              71:    6(float)   FDiv 58 70
              72:    9(fvec4)   CompositeConstruct 69 71 55 55
              73:    9(fvec4)   CompositeConstruct 56 55 59 59
              74:    9(fvec4)   FMul 53 72
              75:    9(fvec4)   FAdd 74 73
              77:     76(ptr)   AccessChain 43(renderInfo) 49
              78:    9(fvec4)   FMul 75 77
                                Store 47(v_Position) 78
                                Branch 67
              79:               Label
              80:     76(ptr)   AccessChain 43(renderInfo) 49
              81:    9(fvec4)   FMul 53 80
                                Store 47(v_Position) 81
                                Branch 67
              67:             Label
              83:     48(ptr) AccessChain 31(outs) 34
              84:     48(ptr) AccessChain 31(outs) 34
              85:    9(fvec4) Load 84
              86:    9(fvec4) Load 83
                              Store 82(v_TexCoord0) 86
                              Return
                              FunctionEnd
110(block_prim_0):           2 Function None 3
             111:             Label
                              Line 1 1 0
             112:     48(ptr) AccessChain 21(pa) 34
             113:     48(ptr) AccessChain 21(pa) 34
             114:    9(fvec4) Load 113
             115:    9(fvec4) Load 112
             116:    6(float) VectorExtractDynamic 115 49
             117:    6(float) VectorExtractDynamic 115 34
             118:  106(fvec2) CompositeConstruct 116 117
             119:     48(ptr) AccessChain 31(outs) 34
             120:    9(fvec4) Load 119
             121:    9(fvec4) VectorShuffle 120 118 4 5 2 3
                              Store 119 121
                              Line 1 2 0
             122:     48(ptr) AccessChain 21(pa) 49
             123:     48(ptr) AccessChain 21(pa) 49
             124:    9(fvec4) Load 123
             125:    9(fvec4) Load 122
             126:    6(float) VectorExtractDynamic 125 49
             127:    6(float) VectorExtractDynamic 125 34
             128:  106(fvec2) CompositeConstruct 126 127
             130:  106(fvec2) FMul 128 129
             131:     48(ptr) AccessChain 31(outs) 49
             132:    9(fvec4) Load 131
             133:    9(fvec4) VectorShuffle 132 130 4 5 2 3
                              Store 131 133
                              Line 1 3 0
             134:     48(ptr) AccessChain 21(pa) 49
             135:     48(ptr) AccessChain 21(pa) 34
             136:    9(fvec4) Load 135
             137:    9(fvec4) Load 134
             138:    6(float) VectorExtractDynamic 137 16
             139:  106(fvec2) CompositeConstruct 138 55
             140:  106(fvec2) FMul 139 129
             141:     48(ptr) AccessChain 31(outs) 49
             142:    9(fvec4) Load 141
             143:    9(fvec4) VectorShuffle 142 140 0 1 4 5
                              Store 141 143
             144:           2 FunctionCall 44(vert_output_finalize)
                              Return
                              FunctionEnd

[05:08:51.164] |D| [shader::convert_gxp_to_glsl]: Generated GLSL:
#version 420
#extension GL_ARB_fragment_shader_interlock : require
// Shader Name: bdf7785e659032d4fb17af2f91c5fb0034caa07163beabc826331223aa626855

layout(binding = 15, std140) uniform GxmRenderBufferBlock
{
    vec4 viewport_flip;
    float viewport_flag;
    float screen_width;
    float screen_height;
} renderInfo;

layout(location = 0) in vec4 aPosition;
layout(location = 1) in vec4 aTexCoord;
layout(location = 4) out vec4 v_TexCoord0;
vec4 pa[32];
vec4 sa[32];
vec4 internals[3];
vec4 r[20];
bool p[4];
int idx[2];
vec4 outs[20];
float memory[1];

void vert_output_finalize()
{
    if (renderInfo.viewport_flag < 0.5)
    {
        gl_Position = ((outs[0] * vec4(2.0 / renderInfo.screen_width, (-2.0) / renderInfo.screen_height, 1.0, 1.0)) + vec4(-1.0, 1.0, 0.0, 0.0)) * renderInfo.viewport_flip;
    }
    else
    {
        gl_Position = outs[0] * renderInfo.viewport_flip;
    }
    v_TexCoord0 = outs[1];
}

void block_prim_0()
{
    vec2 _118 = vec2(pa[1].x, pa[1].y);
    outs[1] = vec4(_118.x, _118.y, outs[1].z, outs[1].w);
    vec2 _130 = vec2(pa[0].x, pa[0].y) * vec2(1.0);
    outs[0] = vec4(_130.x, _130.y, outs[0].z, outs[0].w);
    vec2 _140 = vec2(pa[0].z, 1.0) * vec2(1.0);
    outs[0] = vec4(outs[0].x, outs[0].y, _140.x, _140.y);
    vert_output_finalize();
}

void main()
{
    pa[0] = aPosition;
    pa[1] = aTexCoord;
    int i_1 = 0;
    while (i_1 < 20)
    {
        outs[i_1] = vec4(0.0);
        i_1++;
    }
    block_prim_0();
}


[05:08:51.175] |I| [export_sceIoOpen]: Opening file: app0:resource\image\sys\sys_marker_all_skip.png
[05:08:51.183] |I| [export_sceIoOpen]: Opening file: app0:resource\image\sys\sys_marker_auto.png
[05:08:51.186] |I| [export_sceIoOpen]: Opening file: app0:resource\image\sys\sys_marker_quick_save.png
[05:08:51.221] |I| [export_sceIoOpen]: Opening file: app0:resource\image\sysc\sysc_panel_button_base.png
[05:08:51.231] |I| [export_sceIoOpen]: Opening file: app0:resource\image\sysc\sysc_panel_button_mark.png
[05:08:51.254] |I| [export_sceIoOpen]: Opening file: app0:resource\image\sysc\sysc_button_number.png
[05:08:51.272] |I| [export_sceIoOpen]: Opening file: savedata0:system.dat
[05:08:51.272] |E| [open_file]: Missing file at D:/Emulateurs/Vita3K/mc/ux0/user/00/savedata/PCSG00188/system.dat (target path: savedata0:system.dat)
[05:08:51.273] |W| [io_error_impl]: open_file (sceIoOpen) returned 0x80010002
[05:08:51.276] |I| [export_sceIoOpen]: Opening file: app0:resource\image\sys\sys_title_button_saisho.png
[05:08:51.286] |I| [export_sceIoOpen]: Opening file: app0:resource\image\sys\sys_title_button_tsuduki.png
[05:08:51.295] |I| [export_sceIoOpen]: Opening file: app0:resource\image\sys\sys_title_button_cg.png
[05:08:51.312] |I| [export_sceIoOpen]: Opening file: app0:resource\image\sys\sys_title_button_bgm.png
[05:08:51.328] |I| [export_sceIoOpen]: Opening file: app0:resource\image\sys\sys_title_base.jpg
[05:08:51.363] |I| [export_sceIoOpen]: Opening file: app0:resource\text\00\00_title.txt
[05:08:51.423] |E| [call_import]: Import function for NID 0xE340C007 not found (thread name: PCSG00188, thread ID: 8)
[05:08:51.427] |I| [export_sceIoOpen]: Opening file: app0:resource\image\sys\sys_maker_logo.jpg
