[23:27:22.795] |I| [load_app_impl]: ngs experimental state: true
[23:27:22.796] |I| [load_app_impl]: video player state: true
[23:27:22.796] |I| [load_app_impl]: lle-modules: libpgf,libSceJson,libsystemgesture,libsas,libSceXml,libatrac,libsulpha
[23:27:22.796] |I| [load_app_impl]: Title: クドわふたー Converted Edition
[23:27:22.796] |I| [load_app_impl]: Serial: PCSG00273
[23:27:22.796] |I| [load_app_impl]: Version: 1.00
[23:27:22.796] |I| [load_app_impl]: Category: gd
[23:27:22.857] |C| [load_self]: Unknown segment type 0x6FFFFF01
[23:27:22.858] |I| [load_self]: Loaded module segment 0 @ [0x00004000 - 0x000513BC / 0x81000000] (size: 0x0004D3BC) of module app0:sce_module/libc.suprx
[23:27:22.858] |I| [load_self]: Loaded module segment 1 @ [0x00052000 - 0x000546F0 / 0x8104E000] (size: 0x000026F0) of module app0:sce_module/libc.suprx
[23:27:22.858] |I| [load_self]: Loading symbols for SELF: app0:sce_module/libc.suprx
[23:27:22.858] |D| [load_var_exports]: 	NID 0x936C8A78 (SYSLYB) at 0x47164
[23:27:22.859] |D| [load_var_exports]: 	NID 0x6C2224BA (NID_MODULE_INFO) at 0x3D0FC
[23:27:22.859] |W| [load_var_imports]: 	NID NOT FOUND 0x93B8AA67 (UNRECOGNISED) at 0x410BC, setting to stub value 0xDEADBEEF
[23:27:22.859] |W| [load_var_imports]: 	NID NOT FOUND 0xDF084DFA (UNRECOGNISED) at 0x42B70, setting to stub value 0xDEADBEEF
[23:27:22.859] |I| [pre_load_module]: Pre-load module SceLibc (at "sce_module/libc.suprx") loaded
[23:27:22.865] |C| [load_self]: Unknown segment type 0x6FFFFF01
[23:27:22.865] |I| [load_self]: Loaded module segment 0 @ [0x00057000 - 0x0008212C / 0x81000000] (size: 0x0002B12C) of module app0:sce_module/libfios2.suprx
[23:27:22.865] |I| [load_self]: Loaded module segment 1 @ [0x00083000 - 0x0008823D / 0x8102C000] (size: 0x0000523D) of module app0:sce_module/libfios2.suprx
[23:27:22.865] |I| [load_self]: Loading symbols for SELF: app0:sce_module/libfios2.suprx
[23:27:22.866] |D| [load_var_exports]: 	NID 0x936C8A78 (SYSLYB) at 0x82034
[23:27:22.866] |D| [load_var_exports]: 	NID 0x6C2224BA (NID_MODULE_INFO) at 0x79548
[23:27:22.866] |I| [pre_load_module]: Pre-load module SceLibFios2 (at "sce_module/libfios2.suprx") loaded
[23:27:22.869] |C| [load_self]: Unknown segment type 0x6FFFFF01
[23:27:22.869] |I| [load_self]: Loaded module segment 0 @ [0x00089000 - 0x0009C84C / 0x81000000] (size: 0x0001384C) of module app0:sce_module/libult.suprx
[23:27:22.869] |I| [load_self]: Loaded module segment 1 @ [0x0009D000 - 0x0009D814 / 0x81014000] (size: 0x00000814) of module app0:sce_module/libult.suprx
[23:27:22.869] |I| [load_self]: Loading symbols for SELF: app0:sce_module/libult.suprx
[23:27:22.869] |D| [load_var_exports]: 	NID 0x936C8A78 (SYSLYB) at 0x9B1A8
[23:27:22.869] |D| [load_var_exports]: 	NID 0x6C2224BA (NID_MODULE_INFO) at 0x98738
[23:27:22.869] |I| [pre_load_module]: Pre-load module SceUlt (at "sce_module/libult.suprx") loaded
[23:27:22.876] |I| [load_self]: Loaded module segment 0 @ [0x0009E000 - 0x000EEF04 / 0x81000000] (size: 0x00050F04) of module vs0:sys/external/libSceFt2.suprx
[23:27:22.876] |I| [load_self]: Loaded module segment 1 @ [0x000EF000 - 0x000EF2F4 / 0x81051000] (size: 0x000002F4) of module vs0:sys/external/libSceFt2.suprx
[23:27:22.876] |I| [load_self]: Loading symbols for SELF: vs0:sys/external/libSceFt2.suprx
[23:27:22.876] |D| [load_var_exports]: 	NID 0x936C8A78 (SYSLYB) at 0xDA7DC
[23:27:22.876] |D| [load_var_exports]: 	NID 0x6C2224BA (NID_MODULE_INFO) at 0xD9F10
[23:27:22.876] |I| [pre_load_module]: Pre-load module SceLibft2 (at "sys/external/libSceFt2.suprx") loaded
[23:27:22.878] |I| [load_self]: Loaded module segment 0 @ [0x000F0000 - 0x000FFF14 / 0x81000000] (size: 0x0000FF14) of module vs0:sys/external/libpvf.suprx
[23:27:22.878] |I| [load_self]: Loaded module segment 1 @ [0x00100000 - 0x00100008 / 0x81010000] (size: 0x00000008) of module vs0:sys/external/libpvf.suprx
[23:27:22.879] |I| [load_self]: Loading symbols for SELF: vs0:sys/external/libpvf.suprx
[23:27:22.879] |D| [load_var_exports]: 	NID 0x936C8A78 (SYSLYB) at 0xFE710
[23:27:22.879] |D| [load_var_exports]: 	NID 0x6C2224BA (NID_MODULE_INFO) at 0xFE300
[23:27:22.879] |I| [pre_load_module]: Pre-load module SceLibPvf (at "sys/external/libpvf.suprx") loaded
[23:27:22.910] |C| [load_self]: Unknown segment type 0x6FFFFF01
[23:27:22.911] |I| [load_self]: Loaded module segment 0 @ [0x81000000 - 0x810B7C50 / 0x81000000] (size: 0x000B7C50) of module app0:eboot.bin
[23:27:22.911] |I| [load_self]: Loaded module segment 1 @ [0x810B8000 - 0x810D8EA8 / 0x810B8000] (size: 0x00020EA8) of module app0:eboot.bin
[23:27:22.911] |I| [load_self]: Loading symbols for SELF: app0:eboot.bin
[23:27:22.911] |D| [load_var_exports]: 	NID 0x6C2224BA (NID_MODULE_INFO) at 0x8109F728
[23:27:22.911] |D| [load_var_exports]: 	NID 0x70FBA1E7 (SCE_PROC_PARAMS) at 0x810BB428
[23:27:22.911] |I| [load_app_impl]: Main executable VITA (eboot.bin) loaded
[23:27:22.913] |D| [run_app]: Running module_start of library: SceLibc at address 0x4809
[23:27:22.922] |I| [run_app]: Module SceLibc (at "app0:sce_module/libc.suprx") module_start returned 0x0
[23:27:22.923] |D| [run_app]: Running module_start of library: SceLibFios2 at address 0x57001
[23:27:22.924] |W| [stubbed_impl]: Stubbed sceKernelGetProcessId import called. (pid: 0)
[23:27:22.924] |W| [unimplemented_impl]: Unimplemented sceFiosOverlayGetList02 import called.
[23:27:22.925] |I| [run_app]: Module SceLibFios2 (at "app0:sce_module/libfios2.suprx") module_start returned 0x0
[23:27:22.925] |D| [run_app]: Running module_start of library: SceUlt at address 0x8C661
[23:27:22.927] |W| [unimplemented_impl]: Unimplemented _sceUlobjMgrRegisterLibultProtocolRevision import called.
[23:27:22.927] |I| [run_app]: Module SceUlt (at "app0:sce_module/libult.suprx") module_start returned 0x0
[23:27:22.933] |W| [unimplemented_impl]: Unimplemented sceKernelChangeThreadCpuAffinityMask import called.
[23:27:22.967] |W| [stubbed_impl]: Stubbed sceGxmMapMemory import called. (always return success)
[23:27:22.968] |W| [stubbed_impl]: Stubbed sceGxmMapFragmentUsseMemory import called. (always return success)
[23:27:23.053] |W| [stubbed_impl]: Stubbed sceGxmMapVertexUsseMemory import called. (always return success)
[23:27:23.056] |W| [unimplemented_impl]: Unimplemented sceGxmTextureValidate import called.
[23:27:23.095] |W| [stubbed_impl]: Stubbed sceKernelGetFreeMemorySize import called. (Single pool)
[23:27:23.096] |W| [unimplemented_impl]: Unimplemented sceGxmTransferFinish import called.
[23:27:23.096] |W| [unimplemented_impl]: Unimplemented sceKernelGetGPI import called.
[23:27:23.097] |W| [unimplemented_impl]: Unimplemented sceCommonDialogIsRunning import called.
[23:27:23.114] |I| [renderer::gl::load_shader_generic]: Generating frag shader 7e9eb9ff16119973ba054ae69c3152efa719de2991308b752495615659a8b005
[23:27:23.117] |D| [shader::spirv_disasm_print]: SPIR-V Disassembly:
// Module Version 10500
// Generated by (magic number): 1337000
// Id's are bound by 125

                              Capability Shader
                              Capability Float16
              65:             ExtInstImport  "GLSL.std.450"
              93:             ExtInstImport  "GLSL.std.450"
             110:             ExtInstImport  "GLSL.std.450"
                              MemoryModel Logical GLSL450
                              EntryPoint Fragment 4  "main_fs" 43 45 77
                              ExecutionMode 4 OriginLowerLeft
               1:             String  "7e9eb9ff16119973ba054ae69c3152efa719de2991308b752495615659a8b005"
                              SourceExtension  "gxp"
                              Name 4  "main_fs"
                              Name 23  "pa"
                              Name 24  "sa"
                              Name 26  "internals"
                              Name 28  "r"
                              Name 30  "p"
                              Name 32  "idx"
                              Name 34  "outs"
                              Name 36  "i"
                              Name 40  "memory"
                              Name 43  "f_mask"
                              Name 45  "gl_FragCoord"
                              Name 46  "frag_output_finalize"
                              Name 62  "unpack2xF16"
                              Name 77  "out_color"
                              Name 101  "block_prim_0"
                              Name 108  "pack2xF16"
                              Decorate 43(f_mask) Binding 1
                              Decorate 45(gl_FragCoord) BuiltIn FragCoord
                              Decorate 77(out_color) Location 0
               2:             TypeVoid
               3:             TypeFunction 2
               6:             TypeFloat 32
               7:             TypeInt 32 1
               8:             TypeBool
               9:             TypeVector 6(float) 4
              10:      7(int) Constant 32
              11:             TypeArray 9(fvec4) 10
              12:      7(int) Constant 3
              13:             TypeArray 9(fvec4) 12
              14:      7(int) Constant 20
              15:             TypeArray 9(fvec4) 14
              16:      7(int) Constant 2
              17:             TypeArray 7(int) 16
              18:      7(int) Constant 4
              19:             TypeArray 8(bool) 18
              20:      7(int) Constant 12
              21:             TypeArray 9(fvec4) 20
              22:             TypePointer Private 11
          23(pa):     22(ptr) Variable Private
          24(sa):     22(ptr) Variable Private
              25:             TypePointer Private 13
   26(internals):     25(ptr) Variable Private
              27:             TypePointer Private 15
           28(r):     27(ptr) Variable Private
              29:             TypePointer Private 19
           30(p):     29(ptr) Variable Private
              31:             TypePointer Private 17
         32(idx):     31(ptr) Variable Private
              33:             TypePointer Private 21
        34(outs):     33(ptr) Variable Private
              35:             TypePointer Function 7(int)
              37:      7(int) Constant 1
              38:             TypeArray 6(float) 37
              39:             TypePointer Private 38
      40(memory):     39(ptr) Variable Private
              41:             TypeImage 6(float) 2D nonsampled format:Rgba8
              42:             TypePointer UniformConstant 41
      43(f_mask):     42(ptr) Variable UniformConstant
              44:             TypePointer Input 9(fvec4)
45(gl_FragCoord):     44(ptr) Variable Input
              48:             TypePointer Private 9(fvec4)
              49:      7(int) Constant 0
              56:             TypeVector 6(float) 2
              59:             TypeInt 32 0
              60:             TypeFunction 56(fvec2) 6(float)
              76:             TypePointer Output 9(fvec4)
   77(out_color):     76(ptr) Variable Output
              79:             TypeVector 7(int) 4
              81:             TypeVector 7(int) 2
              85:    6(float) Constant 1056964608
              86:    9(fvec4) ConstantComposite 85 85 85 85
              94:    6(float) Constant 0
              95:    6(float) Constant 1065353216
              96:    6(float) Constant 1073741824
              97:   56(fvec2) ConstantComposite 94 94
              98:             TypeVector 6(float) 3
              99:   98(fvec3) ConstantComposite 94 94 94
             100:    9(fvec4) ConstantComposite 94 94 94 94
             106:             TypeFunction 6(float) 56(fvec2)
      4(main_fs):           2 Function None 3
               5:             Label
           36(i):     35(ptr) Variable Function
             124:           2 FunctionCall 101(block_prim_0)
                              Return
                              FunctionEnd
46(frag_output_finalize):           2 Function None 3
              47:             Label
              50:     48(ptr) AccessChain 23(pa) 49
              51:     48(ptr) AccessChain 23(pa) 49
              52:    9(fvec4) Load 51
              53:    9(fvec4) Load 50
              54:    6(float) VectorExtractDynamic 53 49
              55:    6(float) VectorExtractDynamic 53 37
              57:   56(fvec2) CompositeConstruct 54 55
              58:    6(float) VectorExtractDynamic 57 49
              68:   56(fvec2) FunctionCall 62(unpack2xF16) 58
              69:    6(float) VectorExtractDynamic 57 37
              70:   56(fvec2) FunctionCall 62(unpack2xF16) 69
              71:    6(float) VectorExtractDynamic 68 49
              72:    6(float) VectorExtractDynamic 68 37
              73:    6(float) VectorExtractDynamic 70 49
              74:    6(float) VectorExtractDynamic 70 37
              75:    9(fvec4) CompositeConstruct 71 72 73 74
                              Store 77(out_color) 75
              78:    9(fvec4) Load 45(gl_FragCoord)
              80:   79(ivec4) ConvertFToS 78
              82:   81(ivec2) VectorShuffle 80 80 0 1
              83:          41 Load 43(f_mask)
              84:    9(fvec4) ImageRead 83 82
              87:     8(bool) FOrdLessThan 84 86
              88:     8(bool) All 87
                              SelectionMerge 90 None
                              BranchConditional 88 89 90
              89:               Label
                                Kill
              90:             Label
                              Return
                              FunctionEnd
 62(unpack2xF16):   56(fvec2) Function None 60
              61:    6(float) FunctionParameter
              63:             Label
              64:     59(int) Bitcast 61
              66:   56(fvec2) ExtInst 65(GLSL.std.450) 62(UnpackHalf2x16) 64
                              ReturnValue 66
                              FunctionEnd
101(block_prim_0):           2 Function None 3
             102:             Label
                              Line 1 1 0
             103:    6(float) VectorExtractDynamic 100 49
             104:    6(float) VectorExtractDynamic 100 37
             105:   56(fvec2) CompositeConstruct 103 104
             114:    6(float) FunctionCall 108(pack2xF16) 105
             115:    6(float) VectorExtractDynamic 100 16
             116:    6(float) VectorExtractDynamic 100 12
             117:   56(fvec2) CompositeConstruct 115 116
             118:    6(float) FunctionCall 108(pack2xF16) 117
             119:   56(fvec2) CompositeConstruct 114 118
             120:     48(ptr) AccessChain 23(pa) 49
             121:    9(fvec4) Load 120
             122:    9(fvec4) VectorShuffle 121 119 4 5 2 3
                              Store 120 122
             123:           2 FunctionCall 46(frag_output_finalize)
                              Return
                              FunctionEnd
  108(pack2xF16):    6(float) Function None 106
             107:   56(fvec2) FunctionParameter
             109:             Label
             111:     59(int) ExtInst 110(GLSL.std.450) 58(PackHalf2x16) 107
             112:    6(float) Bitcast 111
                              ReturnValue 112
                              FunctionEnd

[23:27:23.119] |D| [shader::convert_gxp_to_glsl]: Generated GLSL:
#version 420
#extension GL_ARB_fragment_shader_interlock : require
// Shader Name: 7e9eb9ff16119973ba054ae69c3152efa719de2991308b752495615659a8b005
layout(early_fragment_tests) in;


layout(binding = 1, rgba8) uniform readonly image2D f_mask;

layout(location = 0) out vec4 out_color;
vec4 pa[32];
vec4 sa[32];
vec4 internals[3];
vec4 r[20];
bool p[4];
int idx[2];
vec4 outs[12];
float memory[1];

float pack2xF16(vec2 _107)
{
    return uintBitsToFloat(packHalf2x16(_107));
}

vec2 unpack2xF16(float _61)
{
    return unpackHalf2x16(floatBitsToUint(_61));
}

void frag_output_finalize()
{
    vec2 _57 = vec2(pa[0].x, pa[0].y);
    vec2 _68 = unpack2xF16(_57.x);
    vec2 _70 = unpack2xF16(_57.y);
    out_color = vec4(_68.x, _68.y, _70.x, _70.y);
    if (all(lessThan(imageLoad(f_mask, ivec4(gl_FragCoord).xy), vec4(0.5))))
    {
        discard;
    }
}

void block_prim_0()
{
    vec2 _119 = vec2(pack2xF16(vec2(vec4(0.0).x, vec4(0.0).y)), pack2xF16(vec2(vec4(0.0).z, vec4(0.0).w)));
    pa[0] = vec4(_119.x, _119.y, pa[0].z, pa[0].w);
    frag_output_finalize();
}

void main()
{
    block_prim_0();
}


[23:27:23.133] |I| [renderer::gl::load_shader_generic]: Generating vert shader a4b86f2a90751d109bd026df5aa4d374deac5b1c23b76eb8fbbf9314dbd59f68
[23:27:23.133] |D| [shader::create_parameters]: [BUFFER0  + 0] pa0 = (float4) aPosition
[23:27:23.135] |D| [shader::spirv_disasm_print]: SPIR-V Disassembly:
// Module Version 10500
// Generated by (magic number): 1337000
// Id's are bound by 126

                              Capability Shader
                              Capability Float16
              99:             ExtInstImport  "GLSL.std.450"
                              MemoryModel Logical GLSL450
                              EntryPoint Vertex 4  "main_vs" 42 49
               1:             String  "a4b86f2a90751d109bd026df5aa4d374deac5b1c23b76eb8fbbf9314dbd59f68"
                              SourceExtension  "gxp"
                              Name 4  "main_vs"
                              Name 23  "pa"
                              Name 24  "sa"
                              Name 26  "internals"
                              Name 28  "r"
                              Name 30  "p"
                              Name 32  "idx"
                              Name 34  "outs"
                              Name 36  "i"
                              Name 40  "memory"
                              Name 42  "aPosition"
                              Name 43  "GxmRenderBufferBlock"
                              MemberName 43(GxmRenderBufferBlock) 0  "viewport_flip"
                              MemberName 43(GxmRenderBufferBlock) 1  "viewport_flag"
                              MemberName 43(GxmRenderBufferBlock) 2  "screen_width"
                              MemberName 43(GxmRenderBufferBlock) 3  "screen_height"
                              Name 45  "renderInfo"
                              Name 46  "vert_output_finalize"
                              Name 49  "v_Position"
                              Name 87  "i"
                              Name 105  "block_prim_0"
                              Decorate 42(aPosition) Location 0
                              Decorate 43(GxmRenderBufferBlock) Block
                              Decorate 43(GxmRenderBufferBlock) GLSLShared
                              MemberDecorate 43(GxmRenderBufferBlock) 0 Offset 0
                              MemberDecorate 43(GxmRenderBufferBlock) 1 Offset 16
                              MemberDecorate 43(GxmRenderBufferBlock) 2 Offset 20
                              MemberDecorate 43(GxmRenderBufferBlock) 3 Offset 24
                              Decorate 45(renderInfo) Binding 15
                              Decorate 49(v_Position) Location 0
                              Decorate 49(v_Position) BuiltIn Position
               2:             TypeVoid
               3:             TypeFunction 2
               6:             TypeFloat 32
               7:             TypeInt 32 1
               8:             TypeBool
               9:             TypeVector 6(float) 4
              10:      7(int) Constant 32
              11:             TypeArray 9(fvec4) 10
              12:      7(int) Constant 3
              13:             TypeArray 9(fvec4) 12
              14:      7(int) Constant 20
              15:             TypeArray 9(fvec4) 14
              16:      7(int) Constant 2
              17:             TypeArray 7(int) 16
              18:      7(int) Constant 4
              19:             TypeArray 8(bool) 18
              20:      7(int) Constant 12
              21:             TypeArray 9(fvec4) 20
              22:             TypePointer Private 11
          23(pa):     22(ptr) Variable Private
          24(sa):     22(ptr) Variable Private
              25:             TypePointer Private 13
   26(internals):     25(ptr) Variable Private
              27:             TypePointer Private 15
           28(r):     27(ptr) Variable Private
              29:             TypePointer Private 19
           30(p):     29(ptr) Variable Private
              31:             TypePointer Private 17
         32(idx):     31(ptr) Variable Private
              33:             TypePointer Private 21
        34(outs):     33(ptr) Variable Private
              35:             TypePointer Function 7(int)
              37:      7(int) Constant 1
              38:             TypeArray 6(float) 37
              39:             TypePointer Private 38
      40(memory):     39(ptr) Variable Private
              41:             TypePointer Input 9(fvec4)
   42(aPosition):     41(ptr) Variable Input
43(GxmRenderBufferBlock):             TypeStruct 9(fvec4) 6(float) 6(float) 6(float)
              44:             TypePointer Uniform 43(GxmRenderBufferBlock)
  45(renderInfo):     44(ptr) Variable Uniform
              48:             TypePointer Output 9(fvec4)
  49(v_Position):     48(ptr) Variable Output
              50:             TypePointer Private 9(fvec4)
              51:      7(int) Constant 0
              56:    6(float) Constant 1056964608
              57:    6(float) Constant 1065353216
              58:    6(float) Constant 3212836864
              59:    6(float) Constant 1073741824
              60:    6(float) Constant 3221225472
              61:    6(float) Constant 0
              62:             TypePointer Uniform 6(float)
              78:             TypePointer Uniform 9(fvec4)
              88:    9(fvec4) ConstantComposite 61 61 61 61
             100:             TypeInt 32 0
             101:             TypeVector 6(float) 2
             102:  101(fvec2) ConstantComposite 61 61
             103:             TypeVector 6(float) 3
             104:  103(fvec3) ConstantComposite 61 61 61
             114:  101(fvec2) ConstantComposite 57 57
      4(main_vs):           2 Function None 3
               5:             Label
           36(i):     35(ptr) Variable Function
           87(i):     35(ptr) Variable Function
              85:    9(fvec4) Load 42(aPosition)
              86:     50(ptr) AccessChain 23(pa) 51
                              Store 86 85
                              Store 87(i) 51
                              Branch 89
              89:             Label
              93:      7(int) Load 87(i)
              94:     8(bool) SLessThan 93 20
                              LoopMerge 91 92 None
                              BranchConditional 94 90 91
              90:               Label
              95:      7(int)   Load 87(i)
              96:     50(ptr)   AccessChain 34(outs) 95
                                Store 96 88
              97:      7(int)   Load 87(i)
              98:      7(int)   IAdd 97 37
                                Store 87(i) 98
                                Branch 92
              92:               Label
                                Branch 89
              91:             Label
             125:           2 FunctionCall 105(block_prim_0)
                              Return
                              FunctionEnd
46(vert_output_finalize):           2 Function None 3
              47:             Label
              52:     50(ptr) AccessChain 34(outs) 51
              53:     50(ptr) AccessChain 34(outs) 51
              54:    9(fvec4) Load 53
              55:    9(fvec4) Load 52
              63:     62(ptr) AccessChain 45(renderInfo) 37
              64:     62(ptr) AccessChain 45(renderInfo) 16
              65:     62(ptr) AccessChain 45(renderInfo) 12
              66:    6(float) Load 63
              67:     8(bool) FOrdLessThan 66 56
                              SelectionMerge 69 None
                              BranchConditional 67 68 81
              68:               Label
              70:    6(float)   Load 64
              71:    6(float)   FDiv 59 70
              72:    6(float)   Load 65
              73:    6(float)   FDiv 60 72
              74:    9(fvec4)   CompositeConstruct 71 73 57 57
              75:    9(fvec4)   CompositeConstruct 58 57 61 61
              76:    9(fvec4)   FMul 55 74
              77:    9(fvec4)   FAdd 76 75
              79:     78(ptr)   AccessChain 45(renderInfo) 51
              80:    9(fvec4)   FMul 77 79
                                Store 49(v_Position) 80
                                Branch 69
              81:               Label
              82:     78(ptr)   AccessChain 45(renderInfo) 51
              83:    9(fvec4)   FMul 55 82
                                Store 49(v_Position) 83
                                Branch 69
              69:             Label
                              Return
                              FunctionEnd
105(block_prim_0):           2 Function None 3
             106:             Label
                              Line 1 1 0
             107:     50(ptr) AccessChain 23(pa) 51
             108:     50(ptr) AccessChain 23(pa) 51
             109:    9(fvec4) Load 108
             110:    9(fvec4) Load 107
             111:    6(float) VectorExtractDynamic 110 51
             112:    6(float) VectorExtractDynamic 110 37
             113:  101(fvec2) CompositeConstruct 111 112
             115:  101(fvec2) FMul 113 114
             116:     50(ptr) AccessChain 34(outs) 51
             117:    9(fvec4) Load 116
             118:    9(fvec4) VectorShuffle 117 115 4 5 2 3
                              Store 116 118
                              Line 1 2 0
             119:  101(fvec2) CompositeConstruct 57 57
             120:  101(fvec2) FMul 119 114
             121:     50(ptr) AccessChain 34(outs) 51
             122:    9(fvec4) Load 121
             123:    9(fvec4) VectorShuffle 122 120 0 1 4 5
                              Store 121 123
             124:           2 FunctionCall 46(vert_output_finalize)
                              Return
                              FunctionEnd

[23:27:23.137] |D| [shader::convert_gxp_to_glsl]: Generated GLSL:
#version 420
#extension GL_ARB_fragment_shader_interlock : require
// Shader Name: a4b86f2a90751d109bd026df5aa4d374deac5b1c23b76eb8fbbf9314dbd59f68

layout(binding = 15, std140) uniform GxmRenderBufferBlock
{
    vec4 viewport_flip;
    float viewport_flag;
    float screen_width;
    float screen_height;
} renderInfo;

layout(location = 0) in vec4 aPosition;
vec4 pa[32];
vec4 sa[32];
vec4 internals[3];
vec4 r[20];
bool p[4];
int idx[2];
vec4 outs[12];
float memory[1];

void vert_output_finalize()
{
    if (renderInfo.viewport_flag < 0.5)
    {
        gl_Position = ((outs[0] * vec4(2.0 / renderInfo.screen_width, (-2.0) / renderInfo.screen_height, 1.0, 1.0)) + vec4(-1.0, 1.0, 0.0, 0.0)) * renderInfo.viewport_flip;
    }
    else
    {
        gl_Position = outs[0] * renderInfo.viewport_flip;
    }
}

void block_prim_0()
{
    vec2 _115 = vec2(pa[0].x, pa[0].y) * vec2(1.0);
    outs[0] = vec4(_115.x, _115.y, outs[0].z, outs[0].w);
    vec2 _120 = vec2(1.0) * vec2(1.0);
    outs[0] = vec4(outs[0].x, outs[0].y, _120.x, _120.y);
    vert_output_finalize();
}

void main()
{
    pa[0] = aPosition;
    int i_1 = 0;
    while (i_1 < 12)
    {
        outs[i_1] = vec4(0.0);
        i_1++;
    }
    block_prim_0();
}


[23:27:23.154] |E| [renderer::gl::compile_program]: Fragment info
-------------
0(10) : warning C7050: "pa[0].zw" might be used before being initialized


[23:27:23.155] |W| [stubbed_impl]: Stubbed sceDisplayWaitVblankStartCB import called. (wait for vblank)
[23:27:23.155] |W| [stubbed_impl]: Stubbed sceDisplayWaitVblankStart import called. (wait for vblank)
[23:27:23.158] |W| [unimplemented_impl]: Unimplemented sceKernelSetGPO import called.
[23:27:23.166] |W| [unimplemented_impl]: Unimplemented sceKernelGetThreadCurrentPriority import called.
[23:27:23.185] |W| [unimplemented_impl]: Unimplemented sceKernelChangeThreadVfpException import called.
[23:27:23.185] |W| [unimplemented_impl]: Unimplemented sceFiosOverlayThreadSetDisabled02 import called.
[23:27:23.189] |W| [unimplemented_impl]: Unimplemented sceAppUtilInit import called.
[23:27:23.189] |I| [load_module]: Loading module ID: 0x30
[23:27:23.190] |C| [load_self]: Unknown segment type 0x6FFFFF01
[23:27:23.190] |I| [load_self]: Loaded module segment 0 @ [0x0F14F000 - 0x0F15255C / 0x81000000] (size: 0x0000355C) of module sys/external/libatrac.suprx
[23:27:23.190] |I| [load_self]: Loaded module segment 1 @ [0x0F153000 - 0x0F154038 / 0x81004000] (size: 0x00001038) of module sys/external/libatrac.suprx
[23:27:23.190] |I| [load_self]: Loading symbols for SELF: sys/external/libatrac.suprx
[23:27:23.190] |D| [load_var_exports]: 	NID 0x936C8A78 (SYSLYB) at 0xF152558
[23:27:23.190] |D| [load_var_exports]: 	NID 0x6C2224BA (NID_MODULE_INFO) at 0xF151DB4
[23:27:23.191] |I| [load_module]: Module SceAtrac (at "sys/external/libatrac.suprx") loaded
[23:27:23.191] |D| [load_module]: Running module_start of module: SceAtrac
[23:27:23.192] |I| [load_module]: Module SceAtrac (at "sys/external/libatrac.suprx") module_start returned 0x0
[23:27:23.193] |I| [load_module]: Loading module ID: 0xD
[23:27:23.195] |I| [load_self]: Loaded module segment 0 @ [0x0F157000 - 0x0F16E244 / 0x81000000] (size: 0x00017244) of module sys/external/libsas.suprx
[23:27:23.195] |I| [load_self]: Loaded module segment 1 @ [0x0F155000 - 0x0F155038 / 0x81018000] (size: 0x00000038) of module sys/external/libsas.suprx
[23:27:23.195] |I| [load_self]: Loading symbols for SELF: sys/external/libsas.suprx
[23:27:23.195] |D| [load_var_exports]: 	NID 0x936C8A78 (SYSLYB) at 0xF16B004
[23:27:23.195] |D| [load_var_exports]: 	NID 0x6C2224BA (NID_MODULE_INFO) at 0xF16ABF0
[23:27:23.195] |I| [load_module]: Module SceSasUser (at "sys/external/libsas.suprx") loaded
[23:27:23.209] |W| [stubbed_impl]: Stubbed sceAudiodecInitLibrary import called. (EMPTY)
[23:27:23.212] |E| [call_import]: Import function for NID 0xE340CF16 not found (thread name: SASThread, thread ID: 114)
[23:27:23.212] |W| [stubbed_impl]: Stubbed sceKernelDelayThreadCB import called. (no CB)
[23:27:23.213] |E| [call_import]: Import function for NID 0xE340CF15 not found (thread name: PCSG00273, thread ID: 6)
[23:27:23.216] |W| [unimplemented_impl]: Unimplemented sceAudioOutSetVolume import called.
[23:27:23.506] |W| [unimplemented_impl]: Unimplemented sceCommonDialogUpdate import called.
[23:27:23.565] |W| [unimplemented_impl]: Unimplemented sceFiosOverlayGetRecommendedScheduler02 import called.
[23:27:23.581] |I| [export_sceIoOpen]: Opening file: app0:/imgpcm.tbl
[23:27:23.631] |E| [stat_file]: Missing file at D:/Emulateurs/Vita3K/mc/ux0/app/PCSG00273/imgpcm01.pak (target path: app0:/imgpcm01.pak)
[23:27:23.631] |W| [io_error_impl]: stat_file (_sceIoGetstat) returned 0x80010002
[23:27:23.664] |I| [export_sceIoOpen]: Opening file: app0:/imgpcm00.pak
[23:27:23.714] |I| [export_sceIoOpen]: Opening file: app0:/imgcg.tbl
[23:27:23.764] |E| [stat_file]: Missing file at D:/Emulateurs/Vita3K/mc/ux0/app/PCSG00273/imgcg01.pak (target path: app0:/imgcg01.pak)
[23:27:23.764] |W| [io_error_impl]: stat_file (_sceIoGetstat) returned 0x80010002
[23:27:23.797] |I| [export_sceIoOpen]: Opening file: app0:/imgcg00.pak
[23:27:23.847] |I| [export_sceIoOpen]: Opening file: app0:/imgsys.tbl
[23:27:23.897] |E| [stat_file]: Missing file at D:/Emulateurs/Vita3K/mc/ux0/app/PCSG00273/imgsys01.pak (target path: app0:/imgsys01.pak)
[23:27:23.898] |W| [io_error_impl]: stat_file (_sceIoGetstat) returned 0x80010002
[23:27:23.930] |I| [export_sceIoOpen]: Opening file: app0:/imgsys00.pak
[23:27:24.030] |E| [open_file]: Missing file at D:/Emulateurs/Vita3K/mc/ux0/user/00/savedata/PCSG00273/SlotParam_0.bin (target path: savedata0:/SlotParam_0.bin)
[23:27:24.031] |W| [io_error_impl]: open_file (sceAppUtilSaveDataSlotGetParam) returned 0x80010002
[23:27:24.031] |E| [logging::ret_error_impl]: sceAppUtilSaveDataSlotGetParam returned SCE_APPUTIL_ERROR_SAVEDATA_SLOT_NOT_FOUND (0x80100641)
[23:27:24.031] |E| [open_file]: Missing file at D:/Emulateurs/Vita3K/mc/ux0/user/00/savedata/PCSG00273/SlotParam_1.bin (target path: savedata0:/SlotParam_1.bin)
[23:27:24.032] |W| [io_error_impl]: open_file (sceAppUtilSaveDataSlotGetParam) returned 0x80010002
[23:27:24.032] |E| [open_file]: Missing file at D:/Emulateurs/Vita3K/mc/ux0/user/00/savedata/PCSG00273/SlotParam_2.bin (target path: savedata0:/SlotParam_2.bin)
[23:27:24.032] |W| [io_error_impl]: open_file (sceAppUtilSaveDataSlotGetParam) returned 0x80010002
[23:27:24.032] |E| [open_file]: Missing file at D:/Emulateurs/Vita3K/mc/ux0/user/00/savedata/PCSG00273/SlotParam_3.bin (target path: savedata0:/SlotParam_3.bin)
[23:27:24.032] |W| [io_error_impl]: open_file (sceAppUtilSaveDataSlotGetParam) returned 0x80010002
[23:27:24.032] |E| [open_file]: Missing file at D:/Emulateurs/Vita3K/mc/ux0/user/00/savedata/PCSG00273/SlotParam_4.bin (target path: savedata0:/SlotParam_4.bin)
[23:27:24.032] |W| [io_error_impl]: open_file (sceAppUtilSaveDataSlotGetParam) returned 0x80010002
[23:27:24.032] |E| [open_file]: Missing file at D:/Emulateurs/Vita3K/mc/ux0/user/00/savedata/PCSG00273/SlotParam_5.bin (target path: savedata0:/SlotParam_5.bin)
[23:27:24.032] |W| [io_error_impl]: open_file (sceAppUtilSaveDataSlotGetParam) returned 0x80010002
[23:27:24.033] |E| [open_file]: Missing file at D:/Emulateurs/Vita3K/mc/ux0/user/00/savedata/PCSG00273/SlotParam_6.bin (target path: savedata0:/SlotParam_6.bin)
[23:27:24.033] |W| [io_error_impl]: open_file (sceAppUtilSaveDataSlotGetParam) returned 0x80010002
[23:27:24.033] |E| [open_file]: Missing file at D:/Emulateurs/Vita3K/mc/ux0/user/00/savedata/PCSG00273/SlotParam_7.bin (target path: savedata0:/SlotParam_7.bin)
[23:27:24.033] |W| [io_error_impl]: open_file (sceAppUtilSaveDataSlotGetParam) returned 0x80010002
[23:27:24.033] |E| [open_file]: Missing file at D:/Emulateurs/Vita3K/mc/ux0/user/00/savedata/PCSG00273/SlotParam_8.bin (target path: savedata0:/SlotParam_8.bin)
[23:27:24.033] |W| [io_error_impl]: open_file (sceAppUtilSaveDataSlotGetParam) returned 0x80010002
[23:27:24.033] |E| [open_file]: Missing file at D:/Emulateurs/Vita3K/mc/ux0/user/00/savedata/PCSG00273/SlotParam_9.bin (target path: savedata0:/SlotParam_9.bin)
[23:27:24.033] |W| [io_error_impl]: open_file (sceAppUtilSaveDataSlotGetParam) returned 0x80010002
[23:27:24.033] |E| [open_file]: Missing file at D:/Emulateurs/Vita3K/mc/ux0/user/00/savedata/PCSG00273/SlotParam_10.bin (target path: savedata0:/SlotParam_10.bin)
[23:27:24.034] |W| [io_error_impl]: open_file (sceAppUtilSaveDataSlotGetParam) returned 0x80010002
[23:27:24.034] |E| [open_file]: Missing file at D:/Emulateurs/Vita3K/mc/ux0/user/00/savedata/PCSG00273/SlotParam_11.bin (target path: savedata0:/SlotParam_11.bin)
[23:27:24.034] |W| [io_error_impl]: open_file (sceAppUtilSaveDataSlotGetParam) returned 0x80010002
[23:27:24.034] |E| [open_file]: Missing file at D:/Emulateurs/Vita3K/mc/ux0/user/00/savedata/PCSG00273/SlotParam_12.bin (target path: savedata0:/SlotParam_12.bin)
[23:27:24.034] |W| [io_error_impl]: open_file (sceAppUtilSaveDataSlotGetParam) returned 0x80010002
[23:27:24.034] |E| [open_file]: Missing file at D:/Emulateurs/Vita3K/mc/ux0/user/00/savedata/PCSG00273/SlotParam_13.bin (target path: savedata0:/SlotParam_13.bin)
[23:27:24.034] |W| [io_error_impl]: open_file (sceAppUtilSaveDataSlotGetParam) returned 0x80010002
[23:27:24.034] |E| [open_file]: Missing file at D:/Emulateurs/Vita3K/mc/ux0/user/00/savedata/PCSG00273/SlotParam_14.bin (target path: savedata0:/SlotParam_14.bin)
[23:27:24.034] |W| [io_error_impl]: open_file (sceAppUtilSaveDataSlotGetParam) returned 0x80010002
[23:27:24.034] |E| [open_file]: Missing file at D:/Emulateurs/Vita3K/mc/ux0/user/00/savedata/PCSG00273/SlotParam_15.bin (target path: savedata0:/SlotParam_15.bin)
[23:27:24.034] |W| [io_error_impl]: open_file (sceAppUtilSaveDataSlotGetParam) returned 0x80010002
[23:27:24.035] |E| [open_file]: Missing file at D:/Emulateurs/Vita3K/mc/ux0/user/00/savedata/PCSG00273/SlotParam_16.bin (target path: savedata0:/SlotParam_16.bin)
[23:27:24.035] |W| [io_error_impl]: open_file (sceAppUtilSaveDataSlotGetParam) returned 0x80010002
[23:27:24.035] |E| [open_file]: Missing file at D:/Emulateurs/Vita3K/mc/ux0/user/00/savedata/PCSG00273/SlotParam_17.bin (target path: savedata0:/SlotParam_17.bin)
[23:27:24.035] |W| [io_error_impl]: open_file (sceAppUtilSaveDataSlotGetParam) returned 0x80010002
[23:27:24.035] |E| [open_file]: Missing file at D:/Emulateurs/Vita3K/mc/ux0/user/00/savedata/PCSG00273/SlotParam_18.bin (target path: savedata0:/SlotParam_18.bin)
[23:27:24.035] |W| [io_error_impl]: open_file (sceAppUtilSaveDataSlotGetParam) returned 0x80010002
[23:27:24.035] |E| [open_file]: Missing file at D:/Emulateurs/Vita3K/mc/ux0/user/00/savedata/PCSG00273/SlotParam_19.bin (target path: savedata0:/SlotParam_19.bin)
[23:27:24.035] |W| [io_error_impl]: open_file (sceAppUtilSaveDataSlotGetParam) returned 0x80010002
[23:27:24.035] |E| [open_file]: Missing file at D:/Emulateurs/Vita3K/mc/ux0/user/00/savedata/PCSG00273/SlotParam_20.bin (target path: savedata0:/SlotParam_20.bin)
[23:27:24.036] |W| [io_error_impl]: open_file (sceAppUtilSaveDataSlotGetParam) returned 0x80010002
[23:27:24.036] |E| [open_file]: Missing file at D:/Emulateurs/Vita3K/mc/ux0/user/00/savedata/PCSG00273/SlotParam_21.bin (target path: savedata0:/SlotParam_21.bin)
[23:27:24.036] |W| [io_error_impl]: open_file (sceAppUtilSaveDataSlotGetParam) returned 0x80010002
[23:27:24.036] |E| [open_file]: Missing file at D:/Emulateurs/Vita3K/mc/ux0/user/00/savedata/PCSG00273/SlotParam_22.bin (target path: savedata0:/SlotParam_22.bin)
[23:27:24.036] |W| [io_error_impl]: open_file (sceAppUtilSaveDataSlotGetParam) returned 0x80010002
[23:27:24.036] |E| [open_file]: Missing file at D:/Emulateurs/Vita3K/mc/ux0/user/00/savedata/PCSG00273/SlotParam_23.bin (target path: savedata0:/SlotParam_23.bin)
[23:27:24.036] |W| [io_error_impl]: open_file (sceAppUtilSaveDataSlotGetParam) returned 0x80010002
[23:27:24.036] |E| [open_file]: Missing file at D:/Emulateurs/Vita3K/mc/ux0/user/00/savedata/PCSG00273/SlotParam_24.bin (target path: savedata0:/SlotParam_24.bin)
[23:27:24.036] |W| [io_error_impl]: open_file (sceAppUtilSaveDataSlotGetParam) returned 0x80010002
[23:27:24.036] |E| [open_file]: Missing file at D:/Emulateurs/Vita3K/mc/ux0/user/00/savedata/PCSG00273/SlotParam_25.bin (target path: savedata0:/SlotParam_25.bin)
[23:27:24.036] |W| [io_error_impl]: open_file (sceAppUtilSaveDataSlotGetParam) returned 0x80010002
[23:27:24.037] |E| [open_file]: Missing file at D:/Emulateurs/Vita3K/mc/ux0/user/00/savedata/PCSG00273/SlotParam_26.bin (target path: savedata0:/SlotParam_26.bin)
[23:27:24.037] |W| [io_error_impl]: open_file (sceAppUtilSaveDataSlotGetParam) returned 0x80010002
[23:27:24.037] |E| [open_file]: Missing file at D:/Emulateurs/Vita3K/mc/ux0/user/00/savedata/PCSG00273/SlotParam_27.bin (target path: savedata0:/SlotParam_27.bin)
[23:27:24.037] |W| [io_error_impl]: open_file (sceAppUtilSaveDataSlotGetParam) returned 0x80010002
[23:27:24.037] |E| [open_file]: Missing file at D:/Emulateurs/Vita3K/mc/ux0/user/00/savedata/PCSG00273/SlotParam_28.bin (target path: savedata0:/SlotParam_28.bin)
[23:27:24.037] |W| [io_error_impl]: open_file (sceAppUtilSaveDataSlotGetParam) returned 0x80010002
[23:27:24.037] |E| [open_file]: Missing file at D:/Emulateurs/Vita3K/mc/ux0/user/00/savedata/PCSG00273/SlotParam_29.bin (target path: savedata0:/SlotParam_29.bin)
[23:27:24.037] |W| [io_error_impl]: open_file (sceAppUtilSaveDataSlotGetParam) returned 0x80010002
[23:27:24.037] |E| [open_file]: Missing file at D:/Emulateurs/Vita3K/mc/ux0/user/00/savedata/PCSG00273/SlotParam_30.bin (target path: savedata0:/SlotParam_30.bin)
[23:27:24.037] |W| [io_error_impl]: open_file (sceAppUtilSaveDataSlotGetParam) returned 0x80010002
[23:27:24.038] |E| [open_file]: Missing file at D:/Emulateurs/Vita3K/mc/ux0/user/00/savedata/PCSG00273/SlotParam_31.bin (target path: savedata0:/SlotParam_31.bin)
[23:27:24.038] |W| [io_error_impl]: open_file (sceAppUtilSaveDataSlotGetParam) returned 0x80010002
[23:27:24.038] |E| [open_file]: Missing file at D:/Emulateurs/Vita3K/mc/ux0/user/00/savedata/PCSG00273/SlotParam_32.bin (target path: savedata0:/SlotParam_32.bin)
[23:27:24.038] |W| [io_error_impl]: open_file (sceAppUtilSaveDataSlotGetParam) returned 0x80010002
[23:27:24.038] |E| [open_file]: Missing file at D:/Emulateurs/Vita3K/mc/ux0/user/00/savedata/PCSG00273/SlotParam_33.bin (target path: savedata0:/SlotParam_33.bin)
[23:27:24.038] |W| [io_error_impl]: open_file (sceAppUtilSaveDataSlotGetParam) returned 0x80010002
[23:27:24.038] |E| [open_file]: Missing file at D:/Emulateurs/Vita3K/mc/ux0/user/00/savedata/PCSG00273/SlotParam_34.bin (target path: savedata0:/SlotParam_34.bin)
[23:27:24.038] |W| [io_error_impl]: open_file (sceAppUtilSaveDataSlotGetParam) returned 0x80010002
[23:27:24.038] |E| [open_file]: Missing file at D:/Emulateurs/Vita3K/mc/ux0/user/00/savedata/PCSG00273/SlotParam_35.bin (target path: savedata0:/SlotParam_35.bin)
[23:27:24.038] |W| [io_error_impl]: open_file (sceAppUtilSaveDataSlotGetParam) returned 0x80010002
[23:27:24.038] |E| [open_file]: Missing file at D:/Emulateurs/Vita3K/mc/ux0/user/00/savedata/PCSG00273/SlotParam_36.bin (target path: savedata0:/SlotParam_36.bin)
[23:27:24.038] |W| [io_error_impl]: open_file (sceAppUtilSaveDataSlotGetParam) returned 0x80010002
[23:27:24.038] |E| [open_file]: Missing file at D:/Emulateurs/Vita3K/mc/ux0/user/00/savedata/PCSG00273/SlotParam_37.bin (target path: savedata0:/SlotParam_37.bin)
[23:27:24.039] |W| [io_error_impl]: open_file (sceAppUtilSaveDataSlotGetParam) returned 0x80010002
[23:27:24.039] |E| [open_file]: Missing file at D:/Emulateurs/Vita3K/mc/ux0/user/00/savedata/PCSG00273/SlotParam_38.bin (target path: savedata0:/SlotParam_38.bin)
[23:27:24.039] |W| [io_error_impl]: open_file (sceAppUtilSaveDataSlotGetParam) returned 0x80010002
[23:27:24.039] |E| [open_file]: Missing file at D:/Emulateurs/Vita3K/mc/ux0/user/00/savedata/PCSG00273/SlotParam_39.bin (target path: savedata0:/SlotParam_39.bin)
[23:27:24.039] |W| [io_error_impl]: open_file (sceAppUtilSaveDataSlotGetParam) returned 0x80010002
[23:27:24.039] |E| [open_file]: Missing file at D:/Emulateurs/Vita3K/mc/ux0/user/00/savedata/PCSG00273/SlotParam_40.bin (target path: savedata0:/SlotParam_40.bin)
[23:27:24.039] |W| [io_error_impl]: open_file (sceAppUtilSaveDataSlotGetParam) returned 0x80010002
[23:27:24.039] |E| [open_file]: Missing file at D:/Emulateurs/Vita3K/mc/ux0/user/00/savedata/PCSG00273/SlotParam_41.bin (target path: savedata0:/SlotParam_41.bin)
[23:27:24.039] |W| [io_error_impl]: open_file (sceAppUtilSaveDataSlotGetParam) returned 0x80010002
[23:27:24.039] |E| [open_file]: Missing file at D:/Emulateurs/Vita3K/mc/ux0/user/00/savedata/PCSG00273/SlotParam_42.bin (target path: savedata0:/SlotParam_42.bin)
[23:27:24.039] |W| [io_error_impl]: open_file (sceAppUtilSaveDataSlotGetParam) returned 0x80010002
[23:27:24.039] |E| [open_file]: Missing file at D:/Emulateurs/Vita3K/mc/ux0/user/00/savedata/PCSG00273/SlotParam_43.bin (target path: savedata0:/SlotParam_43.bin)
[23:27:24.039] |W| [io_error_impl]: open_file (sceAppUtilSaveDataSlotGetParam) returned 0x80010002
[23:27:24.040] |E| [open_file]: Missing file at D:/Emulateurs/Vita3K/mc/ux0/user/00/savedata/PCSG00273/SlotParam_44.bin (target path: savedata0:/SlotParam_44.bin)
[23:27:24.040] |W| [io_error_impl]: open_file (sceAppUtilSaveDataSlotGetParam) returned 0x80010002
[23:27:24.040] |E| [open_file]: Missing file at D:/Emulateurs/Vita3K/mc/ux0/user/00/savedata/PCSG00273/SlotParam_45.bin (target path: savedata0:/SlotParam_45.bin)
[23:27:24.040] |W| [io_error_impl]: open_file (sceAppUtilSaveDataSlotGetParam) returned 0x80010002
[23:27:24.040] |E| [open_file]: Missing file at D:/Emulateurs/Vita3K/mc/ux0/user/00/savedata/PCSG00273/SlotParam_46.bin (target path: savedata0:/SlotParam_46.bin)
[23:27:24.040] |W| [io_error_impl]: open_file (sceAppUtilSaveDataSlotGetParam) returned 0x80010002
[23:27:24.042] |E| [open_file]: Missing file at D:/Emulateurs/Vita3K/mc/ux0/user/00/savedata/PCSG00273/SlotParam_47.bin (target path: savedata0:/SlotParam_47.bin)
[23:27:24.042] |W| [io_error_impl]: open_file (sceAppUtilSaveDataSlotGetParam) returned 0x80010002
[23:27:24.042] |E| [open_file]: Missing file at D:/Emulateurs/Vita3K/mc/ux0/user/00/savedata/PCSG00273/SlotParam_48.bin (target path: savedata0:/SlotParam_48.bin)
[23:27:24.042] |W| [io_error_impl]: open_file (sceAppUtilSaveDataSlotGetParam) returned 0x80010002
[23:27:24.042] |E| [open_file]: Missing file at D:/Emulateurs/V