[18:14:34.570] |I| [load_app_impl]: ngs experimental state: true
[18:14:34.571] |I| [load_app_impl]: video player state: true
[18:14:34.571] |I| [load_app_impl]: auto-lle: enabled
[18:14:34.571] |I| [load_app_impl]: Title: 祝姫 -祀-
[18:14:34.571] |I| [load_app_impl]: Serial: PCSG01083
[18:14:34.571] |I| [load_app_impl]: Version: 1.00
[18:14:34.571] |I| [load_app_impl]: Category: gd
[18:14:34.628] |C| [load_self]: Unknown segment type 0x6FFFFF01
[18:14:34.628] |I| [load_self]: Loaded module segment 0 @ [0x00004000 - 0x000558A4 / 0x81000000] (size: 0x000518A4) of module app0:sce_module/libc.suprx
[18:14:34.628] |I| [load_self]: Loaded module segment 1 @ [0x00056000 - 0x000588A0 / 0x81052000] (size: 0x000028A0) of module app0:sce_module/libc.suprx
[18:14:34.628] |I| [load_self]: Loading symbols for SELF: app0:sce_module/libc.suprx
[18:14:34.629] |D| [load_var_exports]: 	NID 0x936C8A78 (SYSLYB) at 0x4B314
[18:14:34.629] |D| [load_var_exports]: 	NID 0x6C2224BA (NID_MODULE_INFO) at 0x404DC
[18:14:34.629] |W| [load_var_imports]: 	NID NOT FOUND 0x93B8AA67 (UNRECOGNISED) at 0x4463C, setting to stub value 0xDEADBEEF
[18:14:34.630] |W| [load_var_imports]: 	NID NOT FOUND 0xDF084DFA (UNRECOGNISED) at 0x461D0, setting to stub value 0xDEADBEEF
[18:14:34.630] |I| [pre_load_module]: Pre-load module SceLibc (at "sce_module/libc.suprx") loaded
[18:14:34.642] |C| [load_self]: Unknown segment type 0x6FFFFF01
[18:14:34.643] |I| [load_self]: Loaded module segment 0 @ [0x0005B000 - 0x00074000 / 0x81000000] (size: 0x00019000) of module app0:sce_module/libface.suprx
[18:14:34.644] |I| [load_self]: Loaded module segment 1 @ [0x00074000 - 0x000740F8 / 0x81019000] (size: 0x000000F8) of module app0:sce_module/libface.suprx
[18:14:34.645] |I| [load_self]: Loading symbols for SELF: app0:sce_module/libface.suprx
[18:14:34.645] |D| [load_var_exports]: 	NID 0x6C2224BA (NID_MODULE_INFO) at 0x70DA4
[18:14:34.645] |D| [load_var_exports]: 	NID 0x936C8A78 (SYSLYB) at 0x73784
[18:14:34.646] |I| [pre_load_module]: Pre-load module SceFace (at "sce_module/libface.suprx") loaded
[18:14:34.651] |C| [load_self]: Unknown segment type 0x6FFFFF01
[18:14:34.651] |I| [load_self]: Loaded module segment 0 @ [0x00075000 - 0x000A1CBF / 0x81000000] (size: 0x0002CCBF) of module app0:sce_module/libfios2.suprx
[18:14:34.652] |I| [load_self]: Loaded module segment 1 @ [0x000A2000 - 0x000A7255 / 0x8102D000] (size: 0x00005255) of module app0:sce_module/libfios2.suprx
[18:14:34.653] |I| [load_self]: Loading symbols for SELF: app0:sce_module/libfios2.suprx
[18:14:34.653] |D| [load_var_exports]: 	NID 0x936C8A78 (SYSLYB) at 0xA1BC8
[18:14:34.654] |D| [load_var_exports]: 	NID 0x6C2224BA (NID_MODULE_INFO) at 0x98F08
[18:14:34.654] |I| [pre_load_module]: Pre-load module SceLibFios2 (at "sce_module/libfios2.suprx") loaded
[18:14:34.708] |C| [load_self]: Unknown segment type 0x6FFFFF01
[18:14:34.708] |I| [load_self]: Loaded module segment 0 @ [0x000A8000 - 0x002B5AF4 / 0x81000000] (size: 0x0020DAF4) of module app0:sce_module/libsmart.suprx
[18:14:34.709] |I| [load_self]: Loaded module segment 1 @ [0x002B6000 - 0x002B9444 / 0x8120E000] (size: 0x00003444) of module app0:sce_module/libsmart.suprx
[18:14:34.710] |I| [load_self]: Loading symbols for SELF: app0:sce_module/libsmart.suprx
[18:14:34.710] |D| [load_var_exports]: 	NID 0x6C2224BA (NID_MODULE_INFO) at 0x153528
[18:14:34.710] |D| [load_var_exports]: 	NID 0x936C8A78 (SYSLYB) at 0x15A90C
[18:14:34.711] |I| [pre_load_module]: Pre-load module SceSmart (at "sce_module/libsmart.suprx") loaded
[18:14:34.725] |C| [load_self]: Unknown segment type 0x6FFFFF01
[18:14:34.725] |I| [load_self]: Loaded module segment 0 @ [0x002BA000 - 0x002CD9BC / 0x81000000] (size: 0x000139BC) of module app0:sce_module/libult.suprx
[18:14:34.726] |I| [load_self]: Loaded module segment 1 @ [0x002CE000 - 0x002CE814 / 0x81014000] (size: 0x00000814) of module app0:sce_module/libult.suprx
[18:14:34.727] |I| [load_self]: Loading symbols for SELF: app0:sce_module/libult.suprx
[18:14:34.727] |D| [load_var_exports]: 	NID 0x936C8A78 (SYSLYB) at 0x2CC2E8
[18:14:34.728] |D| [load_var_exports]: 	NID 0x6C2224BA (NID_MODULE_INFO) at 0x2C9870
[18:14:34.728] |I| [pre_load_module]: Pre-load module SceUlt (at "sce_module/libult.suprx") loaded
[18:14:34.734] |I| [load_self]: Loaded module segment 0 @ [0x002CF000 - 0x0031FF04 / 0x81000000] (size: 0x00050F04) of module vs0:sys/external/libSceFt2.suprx
[18:14:34.736] |I| [load_self]: Loaded module segment 1 @ [0x00320000 - 0x003202F4 / 0x81051000] (size: 0x000002F4) of module vs0:sys/external/libSceFt2.suprx
[18:14:34.737] |I| [load_self]: Loading symbols for SELF: vs0:sys/external/libSceFt2.suprx
[18:14:34.737] |D| [load_var_exports]: 	NID 0x936C8A78 (SYSLYB) at 0x30B7DC
[18:14:34.738] |D| [load_var_exports]: 	NID 0x6C2224BA (NID_MODULE_INFO) at 0x30AF10
[18:14:34.738] |I| [pre_load_module]: Pre-load module SceLibft2 (at "sys/external/libSceFt2.suprx") loaded
[18:14:34.740] |I| [load_self]: Loaded module segment 0 @ [0x00321000 - 0x00330F14 / 0x81000000] (size: 0x0000FF14) of module vs0:sys/external/libpvf.suprx
[18:14:34.740] |I| [load_self]: Loaded module segment 1 @ [0x00331000 - 0x00331008 / 0x81010000] (size: 0x00000008) of module vs0:sys/external/libpvf.suprx
[18:14:34.741] |I| [load_self]: Loading symbols for SELF: vs0:sys/external/libpvf.suprx
[18:14:34.741] |D| [load_var_exports]: 	NID 0x936C8A78 (SYSLYB) at 0x32F710
[18:14:34.742] |D| [load_var_exports]: 	NID 0x6C2224BA (NID_MODULE_INFO) at 0x32F300
[18:14:34.742] |I| [pre_load_module]: Pre-load module SceLibPvf (at "sys/external/libpvf.suprx") loaded
[18:14:34.782] |C| [load_self]: Unknown segment type 0x6FFFFF01
[18:14:34.782] |I| [load_self]: Loaded module segment 0 @ [0x00332000 - 0x00456134 / 0x81000000] (size: 0x00124134) of module app0:eboot.bin
[18:14:34.783] |I| [load_self]: Loaded module segment 1 @ [0x00457000 - 0x0155AB98 / 0x81125000] (size: 0x01103B98) of module app0:eboot.bin
[18:14:34.784] |I| [load_self]: Loading symbols for SELF: app0:eboot.bin
[18:14:34.784] |D| [load_var_exports]: 	NID 0x6C2224BA (NID_MODULE_INFO) at 0x425B00
[18:14:34.785] |D| [load_var_exports]: 	NID 0x70FBA1E7 (SCE_PROC_PARAMS) at 0x45C37C
[18:14:34.785] |D| [load_var_exports]: 	NID 0x936C8A78 (SYSLYB) at 0x438FF0
[18:14:34.785] |I| [load_app_impl]: Main executable Tfoaf2_PSVita_Release_Pack (eboot.bin) loaded
[18:14:34.788] |D| [run_app]: Running module_start of library: SceLibc at address 0x4871
[18:14:34.838] |I| [run_app]: Module SceLibc (at "app0:sce_module/libc.suprx") module_start returned 0x0
[18:14:34.839] |D| [run_app]: Running module_start of library: SceFace at address 0x70265
[18:14:34.841] |I| [run_app]: Module SceFace (at "app0:sce_module/libface.suprx") module_start returned 0x0
[18:14:34.841] |D| [run_app]: Running module_start of library: SceLibFios2 at address 0x75001
[18:14:34.843] |W| [stubbed_impl]: Stubbed sceKernelGetProcessId import called. (pid: 0)
[18:14:34.843] |W| [unimplemented_impl]: Unimplemented sceFiosOverlayGetList02 import called.
[18:14:34.844] |I| [run_app]: Module SceLibFios2 (at "app0:sce_module/libfios2.suprx") module_start returned 0x0
[18:14:34.844] |D| [run_app]: Running module_start of library: SceSmart at address 0xA818D
[18:14:34.847] |I| [run_app]: Module SceSmart (at "app0:sce_module/libsmart.suprx") module_start returned 0x0
[18:14:34.847] |D| [run_app]: Running module_start of library: SceUlt at address 0x2BD771
[18:14:34.849] |W| [unimplemented_impl]: Unimplemented _sceUlobjMgrRegisterLibultProtocolRevision import called.
[18:14:34.849] |I| [run_app]: Module SceUlt (at "app0:sce_module/libult.suprx") module_start returned 0x0
[18:14:34.850] |W| [unimplemented_impl]: Unimplemented sceKernelRegisterThreadEventHandler import called.
[18:14:34.864] |W| [unimplemented_impl]: Unimplemented sceKernelCreateCallback import called.
[18:14:34.864] |W| [unimplemented_impl]: Unimplemented sceDisplayRegisterVblankStartCallback import called.
[18:14:34.872] |I| [load_module]: Loading module ID: 0xD
[18:14:34.874] |I| [load_self]: Loaded module segment 0 @ [0x0DEA4000 - 0x0DEBB244 / 0x81000000] (size: 0x00017244) of module sys/external/libsas.suprx
[18:14:34.875] |I| [load_self]: Loaded module segment 1 @ [0x0DEBC000 - 0x0DEBC038 / 0x81018000] (size: 0x00000038) of module sys/external/libsas.suprx
[18:14:34.876] |I| [load_self]: Loading symbols for SELF: sys/external/libsas.suprx
[18:14:34.877] |D| [load_var_exports]: 	NID 0x936C8A78 (SYSLYB) at 0xDEB8004
[18:14:34.877] |D| [load_var_exports]: 	NID 0x6C2224BA (NID_MODULE_INFO) at 0xDEB7BF0
[18:14:34.878] |I| [load_module]: Module SceSasUser (at "sys/external/libsas.suprx") loaded
[18:14:34.878] |I| [load_module]: Loading module ID: 0x30
[18:14:34.879] |C| [load_self]: Unknown segment type 0x6FFFFF01
[18:14:34.879] |I| [load_self]: Loaded module segment 0 @ [0x0DEBD000 - 0x0DEC055C / 0x81000000] (size: 0x0000355C) of module sys/external/libatrac.suprx
[18:14:34.880] |I| [load_self]: Loaded module segment 1 @ [0x0DEC1000 - 0x0DEC2038 / 0x81004000] (size: 0x00001038) of module sys/external/libatrac.suprx
[18:14:34.881] |I| [load_self]: Loading symbols for SELF: sys/external/libatrac.suprx
[18:14:34.882] |D| [load_var_exports]: 	NID 0x936C8A78 (SYSLYB) at 0xDEC0558
[18:14:34.882] |D| [load_var_exports]: 	NID 0x6C2224BA (NID_MODULE_INFO) at 0xDEBFDB4
[18:14:34.883] |I| [load_module]: Module SceAtrac (at "sys/external/libatrac.suprx") loaded
[18:14:34.883] |D| [load_module]: Running module_start of module: SceAtrac
[18:14:34.885] |I| [load_module]: Module SceAtrac (at "sys/external/libatrac.suprx") module_start returned 0x0
[18:14:34.886] |W| [unimplemented_impl]: Unimplemented sceAudioOutSetVolume import called.
[18:14:34.895] |W| [stubbed_impl]: Stubbed sceKernelDelayThreadCB import called. (no CB)
[18:14:34.896] |W| [stubbed_impl]: Stubbed sceAudiodecInitLibrary import called. (EMPTY)
[18:14:34.903] |E| [call_import]: Import function for NID 0xE340CDEB not found (thread name: Prisma snd_output, thread ID: 1089)
[18:14:34.925] |W| [stubbed_impl]: Stubbed sceGxmMapMemory import called. (always return success)
[18:14:34.933] |W| [stubbed_impl]: Stubbed sceGxmMapFragmentUsseMemory import called. (always return success)
[18:14:35.042] |I| [load_module]: Loading module ID: 0x13
[18:14:35.085] |C| [load_self]: Unknown segment type 0x6FFFFF01
[18:14:35.085] |I| [load_self]: Loaded module segment 0 @ [0x157DF000 - 0x157E208C / 0x81000000] (size: 0x0000308C) of module sys/external/libsystemgesture.suprx
[18:14:35.086] |I| [load_self]: Loaded module segment 1 @ [0x157E3000 - 0x157E3BF0 / 0x81004000] (size: 0x00000BF0) of module sys/external/libsystemgesture.suprx
[18:14:35.086] |I| [load_self]: Loading symbols for SELF: sys/external/libsystemgesture.suprx
[18:14:35.087] |D| [load_var_exports]: 	NID 0x936C8A78 (SYSLYB) at 0x157E2074
[18:14:35.088] |D| [load_var_exports]: 	NID 0x6C2224BA (NID_MODULE_INFO) at 0x157E1BD4
[18:14:35.088] |I| [load_module]: Module SceSystemGesture (at "sys/external/libsystemgesture.suprx") loaded
[18:14:35.088] |D| [load_module]: Running module_start of module: SceSystemGesture
[18:14:35.091] |I| [load_module]: Module SceSystemGesture (at "sys/external/libsystemgesture.suprx") module_start returned 0x0
[18:14:35.092] |W| [unimplemented_impl]: Unimplemented sceTouchGetPixelDensity2 import called.
[18:14:35.097] |W| [unimplemented_impl]: Unimplemented sceAppUtilInit import called.
[18:14:35.097] |E| [logging::ret_error_impl]: sceAppUtilSystemParamGetInt returned SCE_APPUTIL_ERROR_PARAMETER (0x80100600)
[18:14:35.410] |W| [stubbed_impl]: Stubbed sceNpTrophyCreateHandle import called. (Stubbed handle with 1)
[18:14:35.413] |W| [unimplemented_impl]: Unimplemented sceAppUtilSaveDataMount import called.
[18:14:35.415] |W| [stubbed_impl]: Stubbed sceGxmProgramParameterIsRegFormat import called. (sceGxmProgramParameterIsRegFormat)
[18:14:35.472] |I| [float_to_half_init]: AVX+F16C instruction set supported. Use fast f32 to f16 conversion
[18:14:35.481] |W| [unimplemented_impl]: Unimplemented sceAppUtilSaveDataSlotSearch import called.
[18:14:35.484] |W| [unimplemented_impl]: Unimplemented sceGxmColorSurfaceSetClip import called.
[18:14:35.486] |W| [unimplemented_impl]: Unimplemented sceCommonDialogUpdate import called.
[18:14:35.487] |E| [call_import]: Import function for NID 0xE341C57D not found (thread name: PCSG01083, thread ID: 8)
[18:14:35.512] |I| [renderer::gl::load_shader_generic]: Generating frag shader 16db6aab4661ac5011a3e3d048b332be08772de5f2398b2038c4b877dc04ad5e
[18:14:35.515] |D| [shader::create_parameters]: [DEFAULT  + 0] sa0 = (half4) ClearColor
[18:14:35.517] |D| [shader::spirv_disasm_print]: SPIR-V Disassembly:
// Module Version 10500
// Generated by (magic number): 1337000
// Id's are bound by 192

                              Capability Shader
                              Capability Float16
             116:             ExtInstImport  "GLSL.std.450"
             144:             ExtInstImport  "GLSL.std.450"
             177:             ExtInstImport  "GLSL.std.450"
                              MemoryModel Logical GLSL450
                              EntryPoint Fragment 4  "main_fs" 96 98 128
                              ExecutionMode 4 OriginLowerLeft
               1:             String  "16db6aab4661ac5011a3e3d048b332be08772de5f2398b2038c4b877dc04ad5e"
                              SourceExtension  "gxp"
                              Name 4  "main_fs"
                              Name 21  "pa"
                              Name 22  "sa"
                              Name 24  "internals"
                              Name 26  "r"
                              Name 28  "p"
                              Name 30  "idx"
                              Name 31  "outs"
                              Name 33  "i"
                              Name 36  "frag_defaultUniformBuffer"
                              Name 38  "buffer0"
                              MemberName 36(frag_defaultUniformBuffer) 0  "data"
                              Name 60  "memory"
                              Name 96  "f_mask"
                              Name 98  "gl_FragCoord"
                              Name 99  "frag_output_finalize"
                              Name 113  "unpack2xF16"
                              Name 128  "out_color"
                              Name 152  "block_prim_0"
                              Name 175  "pack2xF16"
                              Decorate 36(frag_defaultUniformBuffer) Block
                              Decorate 36(frag_defaultUniformBuffer) GLSLShared
                              Decorate 38(buffer0) Binding 16
                              MemberDecorate 36(frag_defaultUniformBuffer) 0 Offset 0
                              Decorate 35 ArrayStride 16
                              Decorate 96(f_mask) Binding 1
                              Decorate 98(gl_FragCoord) BuiltIn FragCoord
                              Decorate 128(out_color) Location 0
               2:             TypeVoid
               3:             TypeFunction 2
               6:             TypeFloat 32
               7:             TypeInt 32 1
               8:             TypeBool
               9:             TypeVector 6(float) 4
              10:      7(int) Constant 32
              11:             TypeArray 9(fvec4) 10
              12:      7(int) Constant 3
              13:             TypeArray 9(fvec4) 12
              14:      7(int) Constant 20
              15:             TypeArray 9(fvec4) 14
              16:      7(int) Constant 2
              17:             TypeArray 7(int) 16
              18:      7(int) Constant 4
              19:             TypeArray 8(bool) 18
              20:             TypePointer Private 11
          21(pa):     20(ptr) Variable Private
          22(sa):     20(ptr) Variable Private
              23:             TypePointer Private 13
   24(internals):     23(ptr) Variable Private
              25:             TypePointer Private 15
           26(r):     25(ptr) Variable Private
              27:             TypePointer Private 19
           28(p):     27(ptr) Variable Private
              29:             TypePointer Private 17
         30(idx):     29(ptr) Variable Private
        31(outs):     25(ptr) Variable Private
              32:             TypePointer Function 7(int)
              34:      7(int) Constant 1
              35:             TypeArray 9(fvec4) 34
36(frag_defaultUniformBuffer):             TypeStruct 35
              37:             TypePointer Uniform 36(frag_defaultUniformBuffer)
     38(buffer0):     37(ptr) Variable Uniform
              39:      7(int) Constant 0
              47:             TypePointer Uniform 9(fvec4)
              52:             TypePointer Private 9(fvec4)
              57:      7(int) Constant 5
              58:             TypeArray 6(float) 57
              59:             TypePointer Private 58
      60(memory):     59(ptr) Variable Private
              75:             TypePointer Private 6(float)
              94:             TypeImage 6(float) 2D nonsampled format:Rgba8
              95:             TypePointer UniformConstant 94
      96(f_mask):     95(ptr) Variable UniformConstant
              97:             TypePointer Input 9(fvec4)
98(gl_FragCoord):     97(ptr) Variable Input
             107:             TypeVector 6(float) 2
             110:             TypeInt 32 0
             111:             TypeFunction 107(fvec2) 6(float)
             127:             TypePointer Output 9(fvec4)
  128(out_color):    127(ptr) Variable Output
             130:             TypeVector 7(int) 4
             132:             TypeVector 7(int) 2
             136:    6(float) Constant 1056964608
             137:    9(fvec4) ConstantComposite 136 136 136 136
             145:    6(float) Constant 0
             146:    6(float) Constant 1065353216
             147:    6(float) Constant 1073741824
             148:  107(fvec2) ConstantComposite 145 145
             149:             TypeVector 6(float) 3
             150:  149(fvec3) ConstantComposite 145 145 145
             151:    9(fvec4) ConstantComposite 145 145 145 145
             173:             TypeFunction 6(float) 107(fvec2)
      4(main_fs):           2 Function None 3
               5:             Label
           33(i):     32(ptr) Variable Function
                              Store 33(i) 39
                              Branch 40
              40:             Label
              44:      7(int) Load 33(i)
              45:     8(bool) SLessThan 44 34
                              LoopMerge 42 43 None
                              BranchConditional 45 41 42
              41:               Label
              46:      7(int)   Load 33(i)
              48:     47(ptr)   AccessChain 38(buffer0) 39 46
              49:      7(int)   Load 33(i)
              50:      7(int)   Load 33(i)
              51:      7(int)   IAdd 49 39
              53:     52(ptr)   AccessChain 22(sa) 51
              54:    9(fvec4)   Load 48
                                Store 53 54
              55:      7(int)   Load 33(i)
              56:      7(int)   IAdd 55 34
                                Store 33(i) 56
                                Branch 43
              43:               Label
                                Branch 40
              42:             Label
                              Store 33(i) 39
                              Branch 61
              61:             Label
              65:      7(int) Load 33(i)
              66:     8(bool) SLessThan 65 34
                              LoopMerge 63 64 None
                              BranchConditional 66 62 63
              62:               Label
              67:      7(int)   Load 33(i)
              68:     47(ptr)   AccessChain 38(buffer0) 39 67
              69:      7(int)   Load 33(i)
              70:      7(int)   IMul 18 69
              71:      7(int)   IAdd 70 39
              72:    9(fvec4)   Load 68
              73:    6(float)   VectorExtractDynamic 72 39
              74:      7(int)   IAdd 71 39
              76:     75(ptr)   AccessChain 60(memory) 74
                                Store 76 73
              77:      7(int)   IAdd 70 34
              78:    9(fvec4)   Load 68
              79:    6(float)   VectorExtractDynamic 78 34
              80:      7(int)   IAdd 77 39
              81:     75(ptr)   AccessChain 60(memory) 80
                                Store 81 79
              82:      7(int)   IAdd 70 16
              83:    9(fvec4)   Load 68
              84:    6(float)   VectorExtractDynamic 83 16
              85:      7(int)   IAdd 82 39
              86:     75(ptr)   AccessChain 60(memory) 85
                                Store 86 84
              87:      7(int)   IAdd 70 12
              88:    9(fvec4)   Load 68
              89:    6(float)   VectorExtractDynamic 88 12
              90:      7(int)   IAdd 87 39
              91:     75(ptr)   AccessChain 60(memory) 90
                                Store 91 89
              92:      7(int)   Load 33(i)
              93:      7(int)   IAdd 92 34
                                Store 33(i) 93
                                Branch 64
              64:               Label
                                Branch 61
              63:             Label
             191:           2 FunctionCall 152(block_prim_0)
                              Return
                              FunctionEnd
99(frag_output_finalize):           2 Function None 3
             100:             Label
             101:     52(ptr) AccessChain 21(pa) 39
             102:     52(ptr) AccessChain 21(pa) 39
             103:    9(fvec4) Load 102
             104:    9(fvec4) Load 101
             105:    6(float) VectorExtractDynamic 104 39
             106:    6(float) VectorExtractDynamic 104 34
             108:  107(fvec2) CompositeConstruct 105 106
             109:    6(float) VectorExtractDynamic 108 39
             119:  107(fvec2) FunctionCall 113(unpack2xF16) 109
             120:    6(float) VectorExtractDynamic 108 34
             121:  107(fvec2) FunctionCall 113(unpack2xF16) 120
             122:    6(float) VectorExtractDynamic 119 39
             123:    6(float) VectorExtractDynamic 119 34
             124:    6(float) VectorExtractDynamic 121 39
             125:    6(float) VectorExtractDynamic 121 34
             126:    9(fvec4) CompositeConstruct 122 123 124 125
                              Store 128(out_color) 126
             129:    9(fvec4) Load 98(gl_FragCoord)
             131:  130(ivec4) ConvertFToS 129
             133:  132(ivec2) VectorShuffle 131 131 0 1
             134:          94 Load 96(f_mask)
             135:    9(fvec4) ImageRead 134 133
             138:     8(bool) FOrdLessThan 135 137
             139:     8(bool) All 138
                              SelectionMerge 141 None
                              BranchConditional 139 140 141
             140:               Label
                                Kill
             141:             Label
                              Return
                              FunctionEnd
113(unpack2xF16):  107(fvec2) Function None 111
             112:    6(float) FunctionParameter
             114:             Label
             115:    110(int) Bitcast 112
             117:  107(fvec2) ExtInst 116(GLSL.std.450) 62(UnpackHalf2x16) 115
                              ReturnValue 117
                              FunctionEnd
152(block_prim_0):           2 Function None 3
             153:             Label
                              Line 1 1 0
             154:     52(ptr) AccessChain 22(sa) 39
             155:     52(ptr) AccessChain 22(sa) 39
             156:    9(fvec4) Load 155
             157:    9(fvec4) Load 154
             158:    6(float) VectorExtractDynamic 157 39
             159:    6(float) VectorExtractDynamic 157 34
             160:  107(fvec2) CompositeConstruct 158 159
             161:    6(float) VectorExtractDynamic 160 39
             162:  107(fvec2) FunctionCall 113(unpack2xF16) 161
             163:    6(float) VectorExtractDynamic 160 34
             164:  107(fvec2) FunctionCall 113(unpack2xF16) 163
             165:    6(float) VectorExtractDynamic 162 39
             166:    6(float) VectorExtractDynamic 162 34
             167:    6(float) VectorExtractDynamic 164 39
             168:    6(float) VectorExtractDynamic 164 34
             169:    9(fvec4) CompositeConstruct 165 166 167 168
             170:    6(float) VectorExtractDynamic 169 39
             171:    6(float) VectorExtractDynamic 169 34
             172:  107(fvec2) CompositeConstruct 170 171
             181:    6(float) FunctionCall 175(pack2xF16) 172
             182:    6(float) VectorExtractDynamic 169 16
             183:    6(float) VectorExtractDynamic 169 12
             184:  107(fvec2) CompositeConstruct 182 183
             185:    6(float) FunctionCall 175(pack2xF16) 184
             186:  107(fvec2) CompositeConstruct 181 185
             187:     52(ptr) AccessChain 21(pa) 39
             188:    9(fvec4) Load 187
             189:    9(fvec4) VectorShuffle 188 186 4 5 2 3
                              Store 187 189
             190:           2 FunctionCall 99(frag_output_finalize)
                              Return
                              FunctionEnd
  175(pack2xF16):    6(float) Function None 173
             174:  107(fvec2) FunctionParameter
             176:             Label
             178:    110(int) ExtInst 177(GLSL.std.450) 58(PackHalf2x16) 174
             179:    6(float) Bitcast 178
                              ReturnValue 179
                              FunctionEnd

[18:14:35.520] |D| [shader::convert_gxp_to_glsl]: Generated GLSL:
#version 420
#extension GL_ARB_fragment_shader_interlock : require
// Shader Name: 16db6aab4661ac5011a3e3d048b332be08772de5f2398b2038c4b877dc04ad5e
layout(early_fragment_tests) in;


layout(binding = 16, std140) uniform frag_defaultUniformBuffer
{
    vec4 data[1];
} buffer0;

layout(binding = 1, rgba8) uniform readonly image2D f_mask;

layout(location = 0) out vec4 out_color;
vec4 pa[32];
vec4 sa[32];
vec4 internals[3];
vec4 r[20];
bool p[4];
int idx[2];
vec4 outs[20];
float memory[5];

vec2 unpack2xF16(float _112)
{
    return unpackHalf2x16(floatBitsToUint(_112));
}

float pack2xF16(vec2 _174)
{
    return uintBitsToFloat(packHalf2x16(_174));
}

void frag_output_finalize()
{
    vec2 _108 = vec2(pa[0].x, pa[0].y);
    vec2 _119 = unpack2xF16(_108.x);
    vec2 _121 = unpack2xF16(_108.y);
    out_color = vec4(_119.x, _119.y, _121.x, _121.y);
    if (all(lessThan(imageLoad(f_mask, ivec4(gl_FragCoord).xy), vec4(0.5))))
    {
        discard;
    }
}

void block_prim_0()
{
    vec2 _160 = vec2(sa[0].x, sa[0].y);
    vec2 _162 = unpack2xF16(_160.x);
    vec2 _164 = unpack2xF16(_160.y);
    vec4 _169 = vec4(_162.x, _162.y, _164.x, _164.y);
    vec2 _186 = vec2(pack2xF16(vec2(_169.x, _169.y)), pack2xF16(vec2(_169.z, _169.w)));
    pa[0] = vec4(_186.x, _186.y, pa[0].z, pa[0].w);
    frag_output_finalize();
}

void main()
{
    int i = 0;
    while (i < 1)
    {
        sa[i + 0] = buffer0.data[i];
        i++;
    }
    i = 0;
    while (i < 1)
    {
        int _70 = 4 * i;
        memory[(_70 + 0) + 0] = buffer0.data[i].x;
        memory[(_70 + 1) + 0] = buffer0.data[i].y;
        memory[(_70 + 2) + 0] = buffer0.data[i].z;
        memory[(_70 + 3) + 0] = buffer0.data[i].w;
        i++;
    }
    block_prim_0();
}


[18:14:35.522] |I| [renderer::gl::load_shader_generic]: Generating vert shader 01af23733e14f13b58141bbf5d7b26404f3d64f99889c5360dc19b0f1a49578b
[18:14:35.523] |D| [shader::create_parameters]: [BUFFER0  + 0] pa0 = (float4) position
[18:14:35.523] |D| [shader::create_parameters]: [DEFAULT  + 0] sa0 = (half4) WorldMtx[4]
[18:14:35.532] |D| [shader::spirv_disasm_print]: SPIR-V Disassembly:
// Module Version 10500
// Generated by (magic number): 1337000
// Id's are bound by 300

                              Capability Shader
                              Capability Float16
             149:             ExtInstImport  "GLSL.std.450"
             167:             ExtInstImport  "GLSL.std.450"
                              MemoryModel Logical GLSL450
                              EntryPoint Vertex 4  "main_vs" 95 102
               1:             String  "01af23733e14f13b58141bbf5d7b26404f3d64f99889c5360dc19b0f1a49578b"
                              SourceExtension  "gxp"
                              Name 4  "main_vs"
                              Name 21  "pa"
                              Name 22  "sa"
                              Name 24  "internals"
                              Name 26  "r"
                              Name 28  "p"
                              Name 30  "idx"
                              Name 31  "outs"
                              Name 33  "i"
                              Name 35  "vert_defaultUniformBuffer"
                              Name 37  "buffer0"
                              MemberName 35(vert_defaultUniformBuffer) 0  "data"
                              Name 60  "memory"
                              Name 95  "position"
                              Name 96  "GxmRenderBufferBlock"
                              MemberName 96(GxmRenderBufferBlock) 0  "viewport_flip"
                              MemberName 96(GxmRenderBufferBlock) 1  "viewport_flag"
                              MemberName 96(GxmRenderBufferBlock) 2  "screen_width"
                              MemberName 96(GxmRenderBufferBlock) 3  "screen_height"
                              Name 98  "renderInfo"
                              Name 99  "vert_output_finalize"
                              Name 102  "v_Position"
                              Name 137  "i"
                              Name 155  "block_sec_0"
                              Name 164  "unpack2xF16"
                              Name 190  "block_prim_0"
                              Decorate 35(vert_defaultUniformBuffer) Block
                              Decorate 35(vert_defaultUniformBuffer) GLSLShared
                              Decorate 37(buffer0) Binding 0
                              MemberDecorate 35(vert_defaultUniformBuffer) 0 Offset 0
                              Decorate 34 ArrayStride 16
                              Decorate 95(position) Location 0
                              Decorate 96(GxmRenderBufferBlock) Block
                              Decorate 96(GxmRenderBufferBlock) GLSLShared
                              MemberDecorate 96(GxmRenderBufferBlock) 0 Offset 0
                              MemberDecorate 96(GxmRenderBufferBlock) 1 Offset 16
                              MemberDecorate 96(GxmRenderBufferBlock) 2 Offset 20
                              MemberDecorate 96(GxmRenderBufferBlock) 3 Offset 24
                              Decorate 98(renderInfo) Binding 15
                              Decorate 102(v_Position) Location 0
                              Decorate 102(v_Position) BuiltIn Position
               2:             TypeVoid
               3:             TypeFunction 2
               6:             TypeFloat 32
               7:             TypeInt 32 1
               8:             TypeBool
               9:             TypeVector 6(float) 4
              10:      7(int) Constant 32
              11:             TypeArray 9(fvec4) 10
              12:      7(int) Constant 3
              13:             TypeArray 9(fvec4) 12
              14:      7(int) Constant 20
              15:             TypeArray 9(fvec4) 14
              16:      7(int) Constant 2
              17:             TypeArray 7(int) 16
              18:      7(int) Constant 4
              19:             TypeArray 8(bool) 18
              20:             TypePointer Private 11
          21(pa):     20(ptr) Variable Private
          22(sa):     20(ptr) Variable Private
              23:             TypePointer Private 13
   24(internals):     23(ptr) Variable Private
              25:             TypePointer Private 15
           26(r):     25(ptr) Variable Private
              27:             TypePointer Private 19
           28(p):     27(ptr) Variable Private
              29:             TypePointer Private 17
         30(idx):     29(ptr) Variable Private
        31(outs):     25(ptr) Variable Private
              32:             TypePointer Function 7(int)
              34:             TypeArray 9(fvec4) 16
35(vert_defaultUniformBuffer):             TypeStruct 34
              36:             TypePointer Uniform 35(vert_defaultUniformBuffer)
     37(buffer0):     36(ptr) Variable Uniform
              38:      7(int) Constant 0
              46:             TypePointer Uniform 9(fvec4)
              51:             TypePointer Private 9(fvec4)
              54:      7(int) Constant 1
              57:      7(int) Constant 9
              58:             TypeArray 6(float) 57
              59:             TypePointer Private 58
      60(memory):     59(ptr) Variable Private
              75:             TypePointer Private 6(float)
              94:             TypePointer Input 9(fvec4)
    95(position):     94(ptr) Variable Input
96(GxmRenderBufferBlock):             TypeStruct 9(fvec4) 6(float) 6(float) 6(float)
              97:             TypePointer Uniform 96(GxmRenderBufferBlock)
  98(renderInfo):     97(ptr) Variable Uniform
             101:             TypePointer Output 9(fvec4)
 102(v_Position):    101(ptr) Variable Output
             107:    6(float) Constant 1056964608
             108:    6(float) Constant 1065353216
             109:    6(float) Constant 3212836864
             110:    6(float) Constant 1073741824
             111:    6(float) Constant 3221225472
             112:    6(float) Constant 0
             113:             TypePointer Uniform 6(float)
             138:    9(fvec4) ConstantComposite 112 112 112 112
             150:             TypeInt 32 0
             151:             TypeVector 6(float) 2
             152:  151(fvec2) ConstantComposite 112 112
             153:             TypeVector 6(float) 3
             154:  153(fvec3) ConstantComposite 112 112 112
             162:             TypeFunction 151(fvec2) 6(float)
      4(main_vs):           2 Function None 3
               5:             Label
           33(i):     32(ptr) Variable Function
          137(i):     32(ptr) Variable Function
                              Store 33(i) 38
                              Branch 39
              39:             Label
              43:      7(int) Load 33(i)
              44:     8(bool) SLessThan 43 16
                              LoopMerge 41 42 None
                              BranchConditional 44 40 41
              40:               Label
              45:      7(int)   Load 33(i)
              47:     46(ptr)   AccessChain 37(buffer0) 38 45
              48:      7(int)   Load 33(i)
              49:      7(int)   Load 33(i)
              50:      7(int)   IAdd 48 38
              52:     51(ptr)   AccessChain 22(sa) 50
              53:    9(fvec4)   Load 47
                                Store 52 53
              55:      7(int)   Load 33(i)
              56:      7(int)   IAdd 55 54
                                Store 33(i) 56
                                Branch 42
              42:               Label
                                Branch 39
              41:             Label
                              Store 33(i) 38
                              Branch 61
              61:             Label
              65:      7(int) Load 33(i)
              66:     8(bool) SLessThan 65 16
                              LoopMerge 63 64 None
                              BranchConditional 66 62 63
              62:               Label
              67:      7(int)   Load 33(i)
              68:     46(ptr)   AccessChain 37(buffer0) 38 67
              69:      7(int)   Load 33(i)
              70:      7(int)   IMul 18 69
              71:      7(int)   IAdd 70 38
              72:    9(fvec4)   Load 68
              73:    6(float)   VectorExtractDynamic 72 38
              74:      7(int)   IAdd 71 38
              76:     75(ptr)   AccessChain 60(memory) 74
                                Store 76 73
              77:      7(int)   IAdd 70 54
              78:    9(fvec4)   Load 68
              79:    6(float)   VectorExtractDynamic 78 54
              80:      7(int)   IAdd 77 38
              81:     75(ptr)   AccessChain 60(memory) 80
                                Store 81 79
              82:      7(int)   IAdd 70 16
              83:    9(fvec4)   Load 68
              84:    6(float)   VectorExtractDynamic 83 16
              85:      7(int)   IAdd 82 38
              86:     75(ptr)   AccessChain 60(memory) 85
                                Store 86 84
              87:      7(int)   IAdd 70 12
              88:    9(fvec4)   Load 68
              89:    6(float)   VectorExtractDynamic 88 12
              90:      7(int)   IAdd 87 38
              91:     75(ptr)   AccessChain 60(memory) 90
                                Store 91 89
              92:      7(int)   Load 33(i)
              93:      7(int)   IAdd 92 54
                                Store 33(i) 93
                                Branch 64
              64:               Label
                                Branch 61
              63:             Label
             135:    9(fvec4) Load 95(position)
             136:     51(ptr) AccessChain 21(pa) 38
                              Store 136 135
                              Store 137(i) 38
                              Branch 139
             139:             Label
             143:      7(int) Load 137(i)
             144:     8(bool) SLessThan 143 14
                              LoopMerge 141 142 None
                              BranchConditional 144 140 141
             140:               Label
             145:      7(int)   Load 137(i)
             146:     51(ptr)   AccessChain 31(outs) 145
                                Store 146 138
             147:      7(int)   Load 137(i)
             148:      7(int)   IAdd 147 54
                                Store 137(i) 148
                                Branch 142
             142:               Label
                                Branch 139
             141:             Label
             189:           2 FunctionCall 155(block_sec_0)
             299:           2 FunctionCall 190(block_prim_0)
                              Return
                              FunctionEnd
99(vert_output_finalize):           2 Function None 3
             100:             Label
             103:     51(ptr) AccessChain 31(outs) 38
             104:     51(ptr) AccessChain 31(outs) 38
             105:    9(fvec4) Load 104
             106:    9(fvec4) Load 103
             114:    113(ptr) AccessChain 98(renderInfo) 54
             115:    113(ptr) AccessChain 98(renderInfo) 16
             116:    113(ptr) AccessChain 98(renderInfo) 12
             117:    6(float) Load 114
             118:     8(bool) FOrdLessThan 117 107
                              SelectionMerge 120 None
                              BranchConditional 118 119 131
             119:               Label
             121:    6(float)   Load 115
             122:    6(float)   FDiv 110 121
             123:    6(float)   Load 116
             124:    6(float)   FDiv 111 123
             125:    9(fvec4)   CompositeConstruct 122 124 108 108
             126:    9(fvec4)   CompositeConstruct 109 108 112 112
             127:    9(fvec4)   FMul 106 125
             128:    9(fvec4)   FAdd 127 126
             129:     46(ptr)   AccessChain 98(renderInfo) 38
             130:    9(fvec4)   FMul 128 129
                                Store 102(v_Position) 130
                                Branch 120
             131:               Label
             132:     46(ptr)   AccessChain 98(renderInfo) 38
             133:    9(fvec4)   FMul 106 132
                                Store 102(v_Position) 133
                                Branch 120
             120:             Label
                              Return
                              FunctionEnd
155(block_sec_0):           2 Function None 3
             156:             Label
             157:     51(ptr) AccessChain 22(sa) 38
             158:     51(ptr) AccessChain 22(sa) 38
             159:    9(fvec4) Load 158
             160:    9(fvec4) Load 157
             161:    6(float) VectorExtractDynamic 160 38
             170:  151(fvec2) FunctionCall 164(unpack2xF16) 161
             171:    6(float) VectorExtractDynamic 170 38
             172:    6(float) VectorExtractDynamic 170 54
             173:  151(fvec2) CompositeConstruct 171 172
             174:     51(ptr) AccessChain 22(sa) 16
             175:    9(fvec4) Load 174
             176:    9(fvec4) VectorShuffle 175 173 4 5 2 3
                              Store 174 176
                              Line 1 1 0
             177:     51(ptr) AccessChain 22(sa) 38
             178:     51(ptr) AccessChain 22(sa) 38
             179:    9(fvec4) Load 178
             180:    9(fvec4) Load 177
             181:    6(float) VectorExtractDynamic 180 54
             182:  151(fvec2) FunctionCall 164(unpack2xF16) 181
             183:    6(float) VectorExtractDynamic 182 38
             184:    6(float) VectorExtractDynamic 182 54
             185:  151(fvec2) CompositeConstruct 183 184
             186:     51(ptr) AccessChain 22(sa) 54
             187:    9(fvec4) Load 186
             188:    9(fvec4) VectorShuffle 187 185 4 5 2 3
                              Store 186 188
                              Return
                              FunctionEnd
164(unpack2xF16):  151(fvec2) Function None 162
             163:    6(float) FunctionParameter
             165:             Label
             166:    150(int) Bitcast 163
             168:  151(fvec2) ExtInst 167(GLSL.std.450) 62(UnpackHalf2x16) 166
                              ReturnValue 168
                              FunctionEnd
190(block_prim_0):           2 Function None 3
             191:             Label
                              Line 1 2 0
             192:     51(ptr) AccessChain 21(pa) 38
             193:     51(ptr) AccessChain 21(pa) 38
             194:    9(fvec4) Load 193
             195:    9(fvec4) Load 192
             196:    6(float) VectorExtractDynamic 195 38
             197:    6(float) VectorExtractDynamic 195 54
             198:  151(fvec2) CompositeConstruct 196 197
             199:     51(ptr) AccessChain 24(internals) 38
             200:    9(fvec4) Load 199
             201:    9(fvec4) VectorShuffle 200 198 4 5 2 3
                              Store 199 201
                              Line 1 3 0
             202:     51(ptr) AccessChain 24(internals) 38
             203:     51(ptr) AccessChain 24(internals) 38
             204:    9(fvec4) Load 203
             205:    9(fvec4) Load 202
             206:    6(float) VectorExtractDynamic 205 54
             207:    6(float) VectorExtractDynamic 205 54
             208:    6(float) VectorExtractDynamic 205 54
             209:    6(float) VectorExtractDynamic 205 54
             210:    9(fvec4) CompositeConstruct 206 207 208 209
             211:     51(ptr) AccessChain 22(sa) 38
             212:     51(ptr) AccessChain 22(sa) 54
             213:    9(fvec4) Load 212
             214:    9(fvec4) Load 211
             215:    6(float) VectorExtractDynamic 214 16
             216:    6(float) VectorExtractDynamic 214 12
             217:  151(fvec2) CompositeConstruct 215 216
             218:    6(float) VectorExtractDynamic 217 38
             219:  151(fvec2) FunctionCall 164(unpack2xF16) 218
             220:    6(float) VectorExtractDynamic 217 54
             221:  151(fvec2) FunctionCall 164(unpack2xF16) 220
             222:    6(float) VectorExtractDynamic 219 38
             223:    6(float) VectorExtractDynamic 219 54
             224:    6(float) VectorExtractDynamic 221 38
             225:    6(float) VectorExtractDynamic 221 54
             226:    9(fvec4) CompositeConstruct 222 223 224 225
             227:     51(ptr) AccessChain 22(sa) 54
             228:     51(ptr) AccessChain 22(sa) 16
             229:    9(fvec4) Load 228
             230:    9(fvec4) Load 227
             231:    6(float) VectorExtractDynamic 230 16
             232:    6(float) VectorExtractDynamic 230 12
             233:  151(fvec2) CompositeConstruct 231 232
             234:    6(float) VectorExtractDynamic 233 38
             235:  151(fvec2) FunctionCall 164(unpack2xF16) 234
             236:    6(float) VectorExtractDynamic 233 54
             237:  151(fvec2) FunctionCall 164(unpack2xF16) 236
             238:    6(float) VectorExtractDynamic 235 38
             239:    6(float) VectorExtractDynamic 235 54
             240:    6(float) VectorExtractDynamic 237 38
             241:    6(float) VectorExtractDynamic 237 54
             242:    9(fvec4) CompositeConstruct 238 239 240 241
             243:    9(fvec4) FMul 210 226
             244:    9(fvec4) FAdd 243 242
             245:     51(ptr) AccessChain 24(internals) 54
                              Store 245 244
                              Line 1 4 0
             246:     51(ptr) AccessChain 24(internals) 38
             247:     51(ptr) AccessChain 24(internals) 38
             248:    9(fvec4) Load 247
             249:    9(fvec4) Load 246
             250:    6(float) VectorExtractDynamic 249 38
             251:    6(float) VectorExtractDynamic 249 38
             252:  151(fvec2) CompositeConstruct 250 251
             253:     51(ptr) AccessChain 22(sa) 16
             254:     51(ptr) AccessChain 22(sa) 16
             255:    9(fvec4) Load 254
             256:    9(fvec4) Load 253
             257:    6(float) VectorExtractDynamic 256 38
             258:    6(float) VectorExtractDynamic 256 54
             259:  151(fvec2) CompositeConstruct 257 258
             260:     51(ptr) AccessChain 24(internals) 54
             261:     51(ptr) AccessChain 24(internals) 54
             262:    9(fvec4) Load 261
             263:    9(fvec4) Load 260
             264:    6(float) VectorExtractDynamic 263 38
             265:    6(float) VectorExtractDynamic 263 54
             266:  151(fvec2) CompositeConstruct 264 265
             267:  151(fvec2) FMul 252 259
             268:  151(fvec2) FAdd 267 266
             269:     51(ptr) AccessChain 31(outs) 38
             270:    9(fvec4) Load 269
             271:    9(fvec4) VectorShuffle 270 268 4 5 2 3
                              Store 269 271
                              Line 1 5 0
             272:     51(ptr) AccessChain 24(internals) 38
             273:     51(ptr) AccessChain 24(internals) 38
             274:    9(fvec4) Load 273
             275:    9(fvec4) Load 272
             276:    6(float) VectorExtractDynamic 275 38
             277:    6(float) VectorExtractDynamic 275 38
             278:  151(fvec2) CompositeConstruct 276 277
             279:     51(ptr) AccessChain 22(sa) 54
             280:     51(ptr) AccessChain 22(sa) 54
             281:    9(fvec4) Load 280
             282:    9(fvec4) Load 279
             283:    6(float) VectorExtractDynamic 282 38
             284:    6(float) VectorExtractDynamic 282 54
             285:  151(fvec2) CompositeConstruct 283 284
             286:     51(ptr) AccessChain 24(internals) 54
             287:     51(ptr) AccessChain 24(internals) 54
             288:    9(fvec4) Load 287
             289:    9(fvec4) Load 286
             290:    6(float) VectorExtractDynamic 289 16
             291:    6(float) VectorExtractDynamic 289 12
             292:  151(fvec2) CompositeConstruct 290 291
             293:  151(fvec2) FMul 278 285
             294:  151(fvec2) FAdd 293 292
             295:     51(ptr) AccessChain 31(outs) 38
             296:    9(fvec4) Load 295
             297:    9(fvec4) VectorShuffle 296 294 0 1 4 5
                              Store 295 297
             298:           2 FunctionCall 99(vert_output_finalize)
                              Return
                              FunctionEnd

[18:14:35.536] |D| [shader::convert_gxp_to_glsl]: Generated GLSL:
#version 420
#extension GL_ARB_fragment_shader_interlock : require
// Shader Name: 01af23733e14f13b58141bbf5d7b26404f3d64f99889c5360dc19b0f1a49578b

layout(binding = 0, std140) uniform vert_defaultUniformBuffer
{
    vec4 data[2];
} buffer0;

layout(binding = 15, std140) uniform GxmRenderBufferBlock
{
    vec4 viewport_flip;
    float viewport_flag;
    float screen_width;
    float screen_height;
} renderInfo;

layout(location = 0) in vec4 position;
vec4 pa[32];
vec4 sa[32];
vec4 internals[3];
vec4 r[20];
bool p[4];
int idx[2];
vec4 outs[20];
float memory[9];

vec2 unpack2xF16(float _163)
{
    return unpackHalf2x16(floatBitsToUint(_163));
}

void block_sec_0()
{
    vec2 _170 = unpack2xF16(sa[0].x);
    vec2 _173 = vec2(_170.x, _170.y);
    sa[2] = vec4(_173.x, _173.y, sa[2].z, sa[2].w);
    vec2 _182 = unpack2xF16(sa[0].y);
    vec2 _185 = vec2(_182.x, _182.y);
    sa[1] = vec4(_185.x, _185.y, sa[1].z, sa[1].w);
}

void vert_output_finalize()
{
    if (renderInfo.viewport_flag < 0.5)
    {
        gl_Position = ((outs[0] * vec4(2.0 / renderInfo.screen_width, (-2.0) / renderInfo.screen_height, 1.0, 1.0)) + vec4(-1.0, 1.0, 0.0, 0.0)) * renderInfo.viewport_flip;
    }
    else
    {
        gl_Position = outs[0] * renderInfo.viewport_flip;
    }
}

void block_prim_0()
{
    vec2 _198 = vec2(pa[0].x, pa[0].y);
    internals[0] = vec4(_198.x, _198.y, internals[0].z, internals[0].w);
    vec2 _217 = vec2(sa[0].z, sa[0].w);
    vec2 _219 = unpack2xF16(_217.x);
    vec2 _221 = unpack2xF16(_217.y);
    vec2 _233 = vec2(sa[1].z, sa[1].w);
    vec2 _235 = unpack2xF16(_233.x);
    vec2 _237 = unpack2xF16(_233.y);
    internals[1] = (vec4(internals[0].y, internals[0].y, internals[0].y, internals[0].y) * vec4(_219.x, _219.y, _221.x, _221.y)) + vec4(_235.x, _235.y, _237.x, _237.y);
    vec2 _268 = (vec2(internals[0].x, internals[0].x) * vec2(sa[2].x, sa[2].y)) + vec2(internals[1].x, internals[1].y);
    outs[0] = vec4(_268.x, _268.y, outs[0].z, outs[0].w);
    vec2 _294 = (vec2(internals[0].x, internals[0].x) * vec2(sa[1].x, sa[1].y)) + vec2(internals[1].z, internals[1].w);
    outs[0] = vec4(outs[0].x, outs[0].y, _294.x, _294.y);
    vert_output_finalize();
}

void main()
{
    int i = 0;
    while (i < 2)
    {
        sa[i + 0] = buffer0.data[i];
        i++;
    }
    i = 0;
    while (i < 2)
    {
        int _70 = 4 * i;
        memory[(_70 + 0) + 0] = buffer0.data[i].x;
        memory[(_70 + 1) + 0] = buffer0.data[i].y;
        memory[(_70 + 2) + 0] = buffer0.data[i].z;
        memory[(_70 + 3) + 0] = buffer0.data[i].w;
        i++;
    }
    pa[0] = position;
    int i_1 = 0;
    while (i_1 < 20)
    {
        outs[i_1] = vec4(0.0);
        i_1++;
    }
    block_sec_0();
    block_prim_0();
}


[18:14:35.538] |E| [renderer::gl::compile_program]: Vertex info
-----------
0(21) : warning C7050: "internals[0].zw" might be used before being initialized

Fragment info
-------------
0(15) : warning C7050: "pa[0].zw" might be used before being initialized


[18:14:35.540] |W| [stubbed_impl]: Stubbed sceDisplayWaitVblankStart import called. (wait for vblank)
[18:14:35.540] |E| [logging::ret_error_impl]: sceSaveDataDialogTerm returned SCE_COMMON_DIALOG_ERROR_NOT_IN_USE (0x80020411)
[18:14:35.692] |E| [logging::ret_error_impl]: sceNpTrophyGetGameInfo returned SCE_NP_TROPHY_ERROR_INVALID_ARGUMENT (0x80551604)
[18:14:35.694] |W| [unimplemented_impl]: Unimplemented __stack_chk_fail import called.
