[19:25:31.500] |I| [load_app_impl]: ngs experimental state: true
[19:25:31.500] |I| [load_app_impl]: video player state: false
[19:25:31.500] |I| [load_app_impl]: lle-modules: libpgf,libSceJson,libsystemgesture,libsas,libSceXml,libatrac
[19:25:31.500] |I| [load_app_impl]: Title: 白衣性恋愛症候群 RE:Therapy
[19:25:31.501] |I| [load_app_impl]: Serial: PCSG01275
[19:25:31.501] |I| [load_app_impl]: Version: 1.00
[19:25:31.501] |I| [load_app_impl]: Category: gd
[19:25:31.584] |C| [load_self]: Unknown segment type 0x6FFFFF01
[19:25:31.584] |I| [load_self]: Loaded module segment 0 @ [0x00004000 - 0x000558A4 / 0x81000000] (size: 0x000518A4) of module app0:sce_module/libc.suprx
[19:25:31.584] |I| [load_self]: Loaded module segment 1 @ [0x00056000 - 0x000588A0 / 0x81052000] (size: 0x000028A0) of module app0:sce_module/libc.suprx
[19:25:31.585] |I| [load_self]: Loading symbols for SELF: app0:sce_module/libc.suprx
[19:25:31.585] |D| [load_var_exports]: 	NID 0x936C8A78 (SYSLYB) at 0x4B314
[19:25:31.585] |D| [load_var_exports]: 	NID 0x6C2224BA (NID_MODULE_INFO) at 0x404DC
[19:25:31.585] |W| [load_var_imports]: 	NID NOT FOUND 0x93B8AA67 (UNRECOGNISED) at 0x4463C, setting to stub value 0xDEADBEEF
[19:25:31.586] |W| [load_var_imports]: 	NID NOT FOUND 0xDF084DFA (UNRECOGNISED) at 0x461D0, setting to stub value 0xDEADBEEF
[19:25:31.587] |I| [pre_load_module]: Pre-load module SceLibc (at "sce_module/libc.suprx") loaded
[19:25:31.600] |C| [load_self]: Unknown segment type 0x6FFFFF01
[19:25:31.601] |I| [load_self]: Loaded module segment 0 @ [0x0005B000 - 0x00074000 / 0x81000000] (size: 0x00019000) of module app0:sce_module/libface.suprx
[19:25:31.601] |I| [load_self]: Loaded module segment 1 @ [0x00074000 - 0x000740F8 / 0x81019000] (size: 0x000000F8) of module app0:sce_module/libface.suprx
[19:25:31.602] |I| [load_self]: Loading symbols for SELF: app0:sce_module/libface.suprx
[19:25:31.602] |D| [load_var_exports]: 	NID 0x6C2224BA (NID_MODULE_INFO) at 0x70DA4
[19:25:31.603] |D| [load_var_exports]: 	NID 0x936C8A78 (SYSLYB) at 0x73784
[19:25:31.603] |I| [pre_load_module]: Pre-load module SceFace (at "sce_module/libface.suprx") loaded
[19:25:31.613] |C| [load_self]: Unknown segment type 0x6FFFFF01
[19:25:31.613] |I| [load_self]: Loaded module segment 0 @ [0x00075000 - 0x000A1CBF / 0x81000000] (size: 0x0002CCBF) of module app0:sce_module/libfios2.suprx
[19:25:31.614] |I| [load_self]: Loaded module segment 1 @ [0x000A2000 - 0x000A7255 / 0x8102D000] (size: 0x00005255) of module app0:sce_module/libfios2.suprx
[19:25:31.615] |I| [load_self]: Loading symbols for SELF: app0:sce_module/libfios2.suprx
[19:25:31.615] |D| [load_var_exports]: 	NID 0x936C8A78 (SYSLYB) at 0xA1BC8
[19:25:31.615] |D| [load_var_exports]: 	NID 0x6C2224BA (NID_MODULE_INFO) at 0x98F08
[19:25:31.616] |I| [pre_load_module]: Pre-load module SceLibFios2 (at "sce_module/libfios2.suprx") loaded
[19:25:31.661] |C| [load_self]: Unknown segment type 0x6FFFFF01
[19:25:31.662] |I| [load_self]: Loaded module segment 0 @ [0x000A8000 - 0x002B5AF4 / 0x81000000] (size: 0x0020DAF4) of module app0:sce_module/libsmart.suprx
[19:25:31.663] |I| [load_self]: Loaded module segment 1 @ [0x002B6000 - 0x002B9444 / 0x8120E000] (size: 0x00003444) of module app0:sce_module/libsmart.suprx
[19:25:31.665] |I| [load_self]: Loading symbols for SELF: app0:sce_module/libsmart.suprx
[19:25:31.665] |D| [load_var_exports]: 	NID 0x6C2224BA (NID_MODULE_INFO) at 0x153528
[19:25:31.665] |D| [load_var_exports]: 	NID 0x936C8A78 (SYSLYB) at 0x15A90C
[19:25:31.666] |I| [pre_load_module]: Pre-load module SceSmart (at "sce_module/libsmart.suprx") loaded
[19:25:31.677] |C| [load_self]: Unknown segment type 0x6FFFFF01
[19:25:31.677] |I| [load_self]: Loaded module segment 0 @ [0x002BA000 - 0x002CD9BC / 0x81000000] (size: 0x000139BC) of module app0:sce_module/libult.suprx
[19:25:31.678] |I| [load_self]: Loaded module segment 1 @ [0x002CE000 - 0x002CE814 / 0x81014000] (size: 0x00000814) of module app0:sce_module/libult.suprx
[19:25:31.679] |I| [load_self]: Loading symbols for SELF: app0:sce_module/libult.suprx
[19:25:31.680] |D| [load_var_exports]: 	NID 0x936C8A78 (SYSLYB) at 0x2CC2E8
[19:25:31.680] |D| [load_var_exports]: 	NID 0x6C2224BA (NID_MODULE_INFO) at 0x2C9870
[19:25:31.681] |I| [pre_load_module]: Pre-load module SceUlt (at "sce_module/libult.suprx") loaded
[19:25:31.687] |I| [load_self]: Loaded module segment 0 @ [0x002CF000 - 0x0031FF04 / 0x81000000] (size: 0x00050F04) of module vs0:sys/external/libSceFt2.suprx
[19:25:31.687] |I| [load_self]: Loaded module segment 1 @ [0x00320000 - 0x003202F4 / 0x81051000] (size: 0x000002F4) of module vs0:sys/external/libSceFt2.suprx
[19:25:31.688] |I| [load_self]: Loading symbols for SELF: vs0:sys/external/libSceFt2.suprx
[19:25:31.688] |D| [load_var_exports]: 	NID 0x936C8A78 (SYSLYB) at 0x30B7DC
[19:25:31.688] |D| [load_var_exports]: 	NID 0x6C2224BA (NID_MODULE_INFO) at 0x30AF10
[19:25:31.689] |I| [pre_load_module]: Pre-load module SceLibft2 (at "sys/external/libSceFt2.suprx") loaded
[19:25:31.690] |I| [load_self]: Loaded module segment 0 @ [0x00321000 - 0x00330F14 / 0x81000000] (size: 0x0000FF14) of module vs0:sys/external/libpvf.suprx
[19:25:31.691] |I| [load_self]: Loaded module segment 1 @ [0x00331000 - 0x00331008 / 0x81010000] (size: 0x00000008) of module vs0:sys/external/libpvf.suprx
[19:25:31.692] |I| [load_self]: Loading symbols for SELF: vs0:sys/external/libpvf.suprx
[19:25:31.692] |D| [load_var_exports]: 	NID 0x936C8A78 (SYSLYB) at 0x32F710
[19:25:31.692] |D| [load_var_exports]: 	NID 0x6C2224BA (NID_MODULE_INFO) at 0x32F300
[19:25:31.693] |I| [pre_load_module]: Pre-load module SceLibPvf (at "sys/external/libpvf.suprx") loaded
[19:25:31.831] |C| [load_self]: Unknown segment type 0x6FFFFF01
[19:25:31.832] |I| [load_self]: Loaded module segment 0 @ [0x00332000 - 0x0037D7C4 / 0x81000000] (size: 0x0004B7C4) of module app0:eboot.bin
[19:25:31.833] |I| [load_self]: Loaded module segment 1 @ [0x0037E000 - 0x00420300 / 0x8104C000] (size: 0x000A2300) of module app0:eboot.bin
[19:25:31.834] |I| [load_self]: Loading symbols for SELF: app0:eboot.bin
[19:25:31.834] |D| [load_var_exports]: 	NID 0x6C2224BA (NID_MODULE_INFO) at 0x36DA68
[19:25:31.835] |D| [load_var_exports]: 	NID 0x70FBA1E7 (SCE_PROC_PARAMS) at 0x37F064
[19:25:31.835] |D| [load_var_exports]: 	NID 0x936C8A78 (SYSLYB) at 0x37D1D0
[19:25:31.836] |I| [load_app_impl]: Main executable KuroNekoScript (eboot.bin) loaded
[19:25:31.838] |D| [run_app]: Running module_start of library: SceLibc at address 0x4871
[19:25:31.852] |I| [run_app]: Module SceLibc (at "app0:sce_module/libc.suprx") module_start returned 0x0
[19:25:31.853] |D| [run_app]: Running module_start of library: SceFace at address 0x70265
[19:25:31.855] |I| [run_app]: Module SceFace (at "app0:sce_module/libface.suprx") module_start returned 0x0
[19:25:31.856] |D| [run_app]: Running module_start of library: SceLibFios2 at address 0x75001
[19:25:31.858] |W| [stubbed_impl]: Stubbed sceKernelGetProcessId import called. (pid: 0)
[19:25:31.858] |W| [unimplemented_impl]: Unimplemented sceFiosOverlayGetList02 import called.
[19:25:31.858] |I| [run_app]: Module SceLibFios2 (at "app0:sce_module/libfios2.suprx") module_start returned 0x0
[19:25:31.859] |D| [run_app]: Running module_start of library: SceSmart at address 0xA818D
[19:25:31.862] |I| [run_app]: Module SceSmart (at "app0:sce_module/libsmart.suprx") module_start returned 0x0
[19:25:31.862] |D| [run_app]: Running module_start of library: SceUlt at address 0x2BD771
[19:25:31.864] |W| [unimplemented_impl]: Unimplemented _sceUlobjMgrRegisterLibultProtocolRevision import called.
[19:25:31.864] |I| [run_app]: Module SceUlt (at "app0:sce_module/libult.suprx") module_start returned 0x0
[19:25:31.870] |W| [unimplemented_impl]: Unimplemented sceTouchEnableTouchForce import called.
[19:25:31.870] |W| [unimplemented_impl]: Unimplemented sceAppUtilInit import called.
[19:25:31.872] |I| [export_sceIoOpen]: Opening file: sa0:data/font/pvf/jpn2.pvf
[19:25:31.873] |I| [export_sceClibPrintf]: LIBPVF>>> FILE: sa0:data/font/pvf/jpn2.pvf

[19:25:31.874] |W| [unimplemented_impl]: Unimplemented sceIoIoctl import called.
[19:25:31.883] |I| [export_sceIoOpen]: Opening file: sa0:data/font/pvf/jpn3.pvf
[19:25:31.908] |I| [export_sceClibPrintf]: LIBPVF>>> FILE: sa0:data/font/pvf/jpn3.pvf

[19:25:31.973] |W| [unimplemented_impl]: Unimplemented sceKernelChangeThreadVfpException import called.
[19:25:31.973] |W| [unimplemented_impl]: Unimplemented sceFiosOverlayThreadSetDisabled02 import called.
[19:25:32.018] |W| [stubbed_impl]: Stubbed sceGxmMapMemory import called. (always return success)
[19:25:32.019] |W| [stubbed_impl]: Stubbed sceGxmMapVertexUsseMemory import called. (always return success)
[19:25:32.019] |W| [stubbed_impl]: Stubbed sceGxmMapFragmentUsseMemory import called. (always return success)
[19:25:32.103] |W| [unimplemented_impl]: Unimplemented sceFiosOverlayGetRecommendedScheduler02 import called.
[19:25:32.105] |I| [export_sceIoOpen]: Opening file: app0:/res.psarc
[19:25:32.134] |I| [export_sceIoOpen]: Opening file: app0:/res.psarc
[19:25:32.221] |I| [export_sceIoOpen]: Opening file: app0:/res_jp.psarc
[19:25:32.258] |I| [export_sceIoOpen]: Opening file: app0:/res_jp.psarc
[19:25:32.263] |W| [unimplemented_impl]: Unimplemented sceAudioOutSetVolume import called.
[19:25:32.594] |W| [unimplemented_impl]: Unimplemented sceCommonDialogUpdate import called.
[19:25:32.612] |I| [renderer::gl::load_shader_generic]: Generating frag shader 2f90ae1420ef205f131e76b1bbed0ddc9e724d8c13b77e3227dfaf5e9a1d75a7
[19:25:32.615] |D| [shader::spirv_disasm_print]: SPIR-V Disassembly:
// Module Version 10500
// Generated by (magic number): 1337000
// Id's are bound by 125

                              Capability Shader
                              Capability Float16
              65:             ExtInstImport  "GLSL.std.450"
              93:             ExtInstImport  "GLSL.std.450"
             110:             ExtInstImport  "GLSL.std.450"
                              MemoryModel Logical GLSL450
                              EntryPoint Fragment 4  "main_fs" 43 45 77
                              ExecutionMode 4 OriginLowerLeft
               1:             String  "2f90ae1420ef205f131e76b1bbed0ddc9e724d8c13b77e3227dfaf5e9a1d75a7"
                              SourceExtension  "gxp"
                              Name 4  "main_fs"
                              Name 23  "pa"
                              Name 24  "sa"
                              Name 26  "internals"
                              Name 28  "r"
                              Name 30  "p"
                              Name 32  "idx"
                              Name 34  "outs"
                              Name 36  "i"
                              Name 40  "memory"
                              Name 43  "f_mask"
                              Name 45  "gl_FragCoord"
                              Name 46  "frag_output_finalize"
                              Name 62  "unpack2xF16"
                              Name 77  "out_color"
                              Name 101  "block_prim_0"
                              Name 108  "pack2xF16"
                              Decorate 43(f_mask) Binding 1
                              Decorate 45(gl_FragCoord) BuiltIn FragCoord
                              Decorate 77(out_color) Location 0
               2:             TypeVoid
               3:             TypeFunction 2
               6:             TypeFloat 32
               7:             TypeInt 32 1
               8:             TypeBool
               9:             TypeVector 6(float) 4
              10:      7(int) Constant 32
              11:             TypeArray 9(fvec4) 10
              12:      7(int) Constant 3
              13:             TypeArray 9(fvec4) 12
              14:      7(int) Constant 20
              15:             TypeArray 9(fvec4) 14
              16:      7(int) Constant 2
              17:             TypeArray 7(int) 16
              18:      7(int) Constant 4
              19:             TypeArray 8(bool) 18
              20:      7(int) Constant 12
              21:             TypeArray 9(fvec4) 20
              22:             TypePointer Private 11
          23(pa):     22(ptr) Variable Private
          24(sa):     22(ptr) Variable Private
              25:             TypePointer Private 13
   26(internals):     25(ptr) Variable Private
              27:             TypePointer Private 15
           28(r):     27(ptr) Variable Private
              29:             TypePointer Private 19
           30(p):     29(ptr) Variable Private
              31:             TypePointer Private 17
         32(idx):     31(ptr) Variable Private
              33:             TypePointer Private 21
        34(outs):     33(ptr) Variable Private
              35:             TypePointer Function 7(int)
              37:      7(int) Constant 1
              38:             TypeArray 6(float) 37
              39:             TypePointer Private 38
      40(memory):     39(ptr) Variable Private
              41:             TypeImage 6(float) 2D nonsampled format:Rgba8
              42:             TypePointer UniformConstant 41
      43(f_mask):     42(ptr) Variable UniformConstant
              44:             TypePointer Input 9(fvec4)
45(gl_FragCoord):     44(ptr) Variable Input
              48:             TypePointer Private 9(fvec4)
              49:      7(int) Constant 0
              56:             TypeVector 6(float) 2
              59:             TypeInt 32 0
              60:             TypeFunction 56(fvec2) 6(float)
              76:             TypePointer Output 9(fvec4)
   77(out_color):     76(ptr) Variable Output
              79:             TypeVector 7(int) 4
              81:             TypeVector 7(int) 2
              85:    6(float) Constant 1056964608
              86:    9(fvec4) ConstantComposite 85 85 85 85
              94:    6(float) Constant 0
              95:    6(float) Constant 1065353216
              96:    6(float) Constant 1073741824
              97:   56(fvec2) ConstantComposite 94 94
              98:             TypeVector 6(float) 3
              99:   98(fvec3) ConstantComposite 94 94 94
             100:    9(fvec4) ConstantComposite 94 94 94 94
             106:             TypeFunction 6(float) 56(fvec2)
      4(main_fs):           2 Function None 3
               5:             Label
           36(i):     35(ptr) Variable Function
             124:           2 FunctionCall 101(block_prim_0)
                              Return
                              FunctionEnd
46(frag_output_finalize):           2 Function None 3
              47:             Label
              50:     48(ptr) AccessChain 23(pa) 49
              51:     48(ptr) AccessChain 23(pa) 49
              52:    9(fvec4) Load 51
              53:    9(fvec4) Load 50
              54:    6(float) VectorExtractDynamic 53 49
              55:    6(float) VectorExtractDynamic 53 37
              57:   56(fvec2) CompositeConstruct 54 55
              58:    6(float) VectorExtractDynamic 57 49
              68:   56(fvec2) FunctionCall 62(unpack2xF16) 58
              69:    6(float) VectorExtractDynamic 57 37
              70:   56(fvec2) FunctionCall 62(unpack2xF16) 69
              71:    6(float) VectorExtractDynamic 68 49
              72:    6(float) VectorExtractDynamic 68 37
              73:    6(float) VectorExtractDynamic 70 49
              74:    6(float) VectorExtractDynamic 70 37
              75:    9(fvec4) CompositeConstruct 71 72 73 74
                              Store 77(out_color) 75
              78:    9(fvec4) Load 45(gl_FragCoord)
              80:   79(ivec4) ConvertFToS 78
              82:   81(ivec2) VectorShuffle 80 80 0 1
              83:          41 Load 43(f_mask)
              84:    9(fvec4) ImageRead 83 82
              87:     8(bool) FOrdLessThan 84 86
              88:     8(bool) All 87
                              SelectionMerge 90 None
                              BranchConditional 88 89 90
              89:               Label
                                Kill
              90:             Label
                              Return
                              FunctionEnd
 62(unpack2xF16):   56(fvec2) Function None 60
              61:    6(float) FunctionParameter
              63:             Label
              64:     59(int) Bitcast 61
              66:   56(fvec2) ExtInst 65(GLSL.std.450) 62(UnpackHalf2x16) 64
                              ReturnValue 66
                              FunctionEnd
101(block_prim_0):           2 Function None 3
             102:             Label
                              Line 1 1 0
             103:    6(float) VectorExtractDynamic 100 49
             104:    6(float) VectorExtractDynamic 100 37
             105:   56(fvec2) CompositeConstruct 103 104
             114:    6(float) FunctionCall 108(pack2xF16) 105
             115:    6(float) VectorExtractDynamic 100 16
             116:    6(float) VectorExtractDynamic 100 12
             117:   56(fvec2) CompositeConstruct 115 116
             118:    6(float) FunctionCall 108(pack2xF16) 117
             119:   56(fvec2) CompositeConstruct 114 118
             120:     48(ptr) AccessChain 23(pa) 49
             121:    9(fvec4) Load 120
             122:    9(fvec4) VectorShuffle 121 119 4 5 2 3
                              Store 120 122
             123:           2 FunctionCall 46(frag_output_finalize)
                              Return
                              FunctionEnd
  108(pack2xF16):    6(float) Function None 106
             107:   56(fvec2) FunctionParameter
             109:             Label
             111:     59(int) ExtInst 110(GLSL.std.450) 58(PackHalf2x16) 107
             112:    6(float) Bitcast 111
                              ReturnValue 112
                              FunctionEnd

[19:25:32.620] |D| [shader::convert_gxp_to_glsl]: Generated GLSL:
#version 420
#extension GL_ARB_fragment_shader_interlock : require
// Shader Name: 2f90ae1420ef205f131e76b1bbed0ddc9e724d8c13b77e3227dfaf5e9a1d75a7
layout(early_fragment_tests) in;


layout(binding = 1, rgba8) uniform readonly image2D f_mask;

layout(location = 0) out vec4 out_color;
vec4 pa[32];
vec4 sa[32];
vec4 internals[3];
vec4 r[20];
bool p[4];
int idx[2];
vec4 outs[12];
float memory[1];

float pack2xF16(vec2 _107)
{
    return uintBitsToFloat(packHalf2x16(_107));
}

vec2 unpack2xF16(float _61)
{
    return unpackHalf2x16(floatBitsToUint(_61));
}

void frag_output_finalize()
{
    vec2 _57 = vec2(pa[0].x, pa[0].y);
    vec2 _68 = unpack2xF16(_57.x);
    vec2 _70 = unpack2xF16(_57.y);
    out_color = vec4(_68.x, _68.y, _70.x, _70.y);
    if (all(lessThan(imageLoad(f_mask, ivec4(gl_FragCoord).xy), vec4(0.5))))
    {
        discard;
    }
}

void block_prim_0()
{
    vec2 _119 = vec2(pack2xF16(vec2(vec4(0.0).x, vec4(0.0).y)), pack2xF16(vec2(vec4(0.0).z, vec4(0.0).w)));
    pa[0] = vec4(_119.x, _119.y, pa[0].z, pa[0].w);
    frag_output_finalize();
}

void main()
{
    block_prim_0();
}


[19:25:32.634] |I| [renderer::gl::load_shader_generic]: Generating vert shader bc13e2e96752ae9f34ddbf42bba42a62005b9c10a1ca45238d61afc92ef04742
[19:25:32.636] |D| [shader::create_parameters]: [BUFFER0  + 0] pa0 = (float4) aPosition
[19:25:32.638] |D| [shader::spirv_disasm_print]: SPIR-V Disassembly:
// Module Version 10500
// Generated by (magic number): 1337000
// Id's are bound by 126

                              Capability Shader
                              Capability Float16
              99:             ExtInstImport  "GLSL.std.450"
                              MemoryModel Logical GLSL450
                              EntryPoint Vertex 4  "main_vs" 42 49
               1:             String  "bc13e2e96752ae9f34ddbf42bba42a62005b9c10a1ca45238d61afc92ef04742"
                              SourceExtension  "gxp"
                              Name 4  "main_vs"
                              Name 23  "pa"
                              Name 24  "sa"
                              Name 26  "internals"
                              Name 28  "r"
                              Name 30  "p"
                              Name 32  "idx"
                              Name 34  "outs"
                              Name 36  "i"
                              Name 40  "memory"
                              Name 42  "aPosition"
                              Name 43  "GxmRenderBufferBlock"
                              MemberName 43(GxmRenderBufferBlock) 0  "viewport_flip"
                              MemberName 43(GxmRenderBufferBlock) 1  "viewport_flag"
                              MemberName 43(GxmRenderBufferBlock) 2  "screen_width"
                              MemberName 43(GxmRenderBufferBlock) 3  "screen_height"
                              Name 45  "renderInfo"
                              Name 46  "vert_output_finalize"
                              Name 49  "v_Position"
                              Name 87  "i"
                              Name 105  "block_prim_0"
                              Decorate 42(aPosition) Location 0
                              Decorate 43(GxmRenderBufferBlock) Block
                              Decorate 43(GxmRenderBufferBlock) GLSLShared
                              MemberDecorate 43(GxmRenderBufferBlock) 0 Offset 0
                              MemberDecorate 43(GxmRenderBufferBlock) 1 Offset 16
                              MemberDecorate 43(GxmRenderBufferBlock) 2 Offset 20
                              MemberDecorate 43(GxmRenderBufferBlock) 3 Offset 24
                              Decorate 45(renderInfo) Binding 15
                              Decorate 49(v_Position) Location 0
                              Decorate 49(v_Position) BuiltIn Position
               2:             TypeVoid
               3:             TypeFunction 2
               6:             TypeFloat 32
               7:             TypeInt 32 1
               8:             TypeBool
               9:             TypeVector 6(float) 4
              10:      7(int) Constant 32
              11:             TypeArray 9(fvec4) 10
              12:      7(int) Constant 3
              13:             TypeArray 9(fvec4) 12
              14:      7(int) Constant 20
              15:             TypeArray 9(fvec4) 14
              16:      7(int) Constant 2
              17:             TypeArray 7(int) 16
              18:      7(int) Constant 4
              19:             TypeArray 8(bool) 18
              20:      7(int) Constant 12
              21:             TypeArray 9(fvec4) 20
              22:             TypePointer Private 11
          23(pa):     22(ptr) Variable Private
          24(sa):     22(ptr) Variable Private
              25:             TypePointer Private 13
   26(internals):     25(ptr) Variable Private
              27:             TypePointer Private 15
           28(r):     27(ptr) Variable Private
              29:             TypePointer Private 19
           30(p):     29(ptr) Variable Private
              31:             TypePointer Private 17
         32(idx):     31(ptr) Variable Private
              33:             TypePointer Private 21
        34(outs):     33(ptr) Variable Private
              35:             TypePointer Function 7(int)
              37:      7(int) Constant 1
              38:             TypeArray 6(float) 37
              39:             TypePointer Private 38
      40(memory):     39(ptr) Variable Private
              41:             TypePointer Input 9(fvec4)
   42(aPosition):     41(ptr) Variable Input
43(GxmRenderBufferBlock):             TypeStruct 9(fvec4) 6(float) 6(float) 6(float)
              44:             TypePointer Uniform 43(GxmRenderBufferBlock)
  45(renderInfo):     44(ptr) Variable Uniform
              48:             TypePointer Output 9(fvec4)
  49(v_Position):     48(ptr) Variable Output
              50:             TypePointer Private 9(fvec4)
              51:      7(int) Constant 0
              56:    6(float) Constant 1056964608
              57:    6(float) Constant 1065353216
              58:    6(float) Constant 3212836864
              59:    6(float) Constant 1073741824
              60:    6(float) Constant 3221225472
              61:    6(float) Constant 0
              62:             TypePointer Uniform 6(float)
              78:             TypePointer Uniform 9(fvec4)
              88:    9(fvec4) ConstantComposite 61 61 61 61
             100:             TypeInt 32 0
             101:             TypeVector 6(float) 2
             102:  101(fvec2) ConstantComposite 61 61
             103:             TypeVector 6(float) 3
             104:  103(fvec3) ConstantComposite 61 61 61
             114:  101(fvec2) ConstantComposite 57 57
      4(main_vs):           2 Function None 3
               5:             Label
           36(i):     35(ptr) Variable Function
           87(i):     35(ptr) Variable Function
              85:    9(fvec4) Load 42(aPosition)
              86:     50(ptr) AccessChain 23(pa) 51
                              Store 86 85
                              Store 87(i) 51
                              Branch 89
              89:             Label
              93:      7(int) Load 87(i)
              94:     8(bool) SLessThan 93 20
                              LoopMerge 91 92 None
                              BranchConditional 94 90 91
              90:               Label
              95:      7(int)   Load 87(i)
              96:     50(ptr)   AccessChain 34(outs) 95
                                Store 96 88
              97:      7(int)   Load 87(i)
              98:      7(int)   IAdd 97 37
                                Store 87(i) 98
                                Branch 92
              92:               Label
                                Branch 89
              91:             Label
             125:           2 FunctionCall 105(block_prim_0)
                              Return
                              FunctionEnd
46(vert_output_finalize):           2 Function None 3
              47:             Label
              52:     50(ptr) AccessChain 34(outs) 51
              53:     50(ptr) AccessChain 34(outs) 51
              54:    9(fvec4) Load 53
              55:    9(fvec4) Load 52
              63:     62(ptr) AccessChain 45(renderInfo) 37
              64:     62(ptr) AccessChain 45(renderInfo) 16
              65:     62(ptr) AccessChain 45(renderInfo) 12
              66:    6(float) Load 63
              67:     8(bool) FOrdLessThan 66 56
                              SelectionMerge 69 None
                              BranchConditional 67 68 81
              68:               Label
              70:    6(float)   Load 64
              71:    6(float)   FDiv 59 70
              72:    6(float)   Load 65
              73:    6(float)   FDiv 60 72
              74:    9(fvec4)   CompositeConstruct 71 73 57 57
              75:    9(fvec4)   CompositeConstruct 58 57 61 61
              76:    9(fvec4)   FMul 55 74
              77:    9(fvec4)   FAdd 76 75
              79:     78(ptr)   AccessChain 45(renderInfo) 51
              80:    9(fvec4)   FMul 77 79
                                Store 49(v_Position) 80
                                Branch 69
              81:               Label
              82:     78(ptr)   AccessChain 45(renderInfo) 51
              83:    9(fvec4)   FMul 55 82
                                Store 49(v_Position) 83
                                Branch 69
              69:             Label
                              Return
                              FunctionEnd
105(block_prim_0):           2 Function None 3
             106:             Label
                              Line 1 1 0
             107:     50(ptr) AccessChain 23(pa) 51
             108:     50(ptr) AccessChain 23(pa) 51
             109:    9(fvec4) Load 108
             110:    9(fvec4) Load 107
             111:    6(float) VectorExtractDynamic 110 51
             112:    6(float) VectorExtractDynamic 110 37
             113:  101(fvec2) CompositeConstruct 111 112
             115:  101(fvec2) FMul 113 114
             116:     50(ptr) AccessChain 34(outs) 51
             117:    9(fvec4) Load 116
             118:    9(fvec4) VectorShuffle 117 115 4 5 2 3
                              Store 116 118
                              Line 1 2 0
             119:  101(fvec2) CompositeConstruct 57 57
             120:  101(fvec2) FMul 119 114
             121:     50(ptr) AccessChain 34(outs) 51
             122:    9(fvec4) Load 121
             123:    9(fvec4) VectorShuffle 122 120 0 1 4 5
                              Store 121 123
             124:           2 FunctionCall 46(vert_output_finalize)
                              Return
                              FunctionEnd

[19:25:32.640] |D| [shader::convert_gxp_to_glsl]: Generated GLSL:
#version 420
#extension GL_ARB_fragment_shader_interlock : require
// Shader Name: bc13e2e96752ae9f34ddbf42bba42a62005b9c10a1ca45238d61afc92ef04742

layout(binding = 15, std140) uniform GxmRenderBufferBlock
{
    vec4 viewport_flip;
    float viewport_flag;
    float screen_width;
    float screen_height;
} renderInfo;

layout(location = 0) in vec4 aPosition;
vec4 pa[32];
vec4 sa[32];
vec4 internals[3];
vec4 r[20];
bool p[4];
int idx[2];
vec4 outs[12];
float memory[1];

void vert_output_finalize()
{
    if (renderInfo.viewport_flag < 0.5)
    {
        gl_Position = ((outs[0] * vec4(2.0 / renderInfo.screen_width, (-2.0) / renderInfo.screen_height, 1.0, 1.0)) + vec4(-1.0, 1.0, 0.0, 0.0)) * renderInfo.viewport_flip;
    }
    else
    {
        gl_Position = outs[0] * renderInfo.viewport_flip;
    }
}

void block_prim_0()
{
    vec2 _115 = vec2(pa[0].x, pa[0].y) * vec2(1.0);
    outs[0] = vec4(_115.x, _115.y, outs[0].z, outs[0].w);
    vec2 _120 = vec2(1.0) * vec2(1.0);
    outs[0] = vec4(outs[0].x, outs[0].y, _120.x, _120.y);
    vert_output_finalize();
}

void main()
{
    pa[0] = aPosition;
    int i_1 = 0;
    while (i_1 < 12)
    {
        outs[i_1] = vec4(0.0);
        i_1++;
    }
    block_prim_0();
}


[19:25:32.660] |E| [renderer::gl::compile_program]: Fragment info
-------------
0(10) : warning C7050: "pa[0].zw" might be used before being initialized


[19:25:32.661] |I| [renderer::gl::load_shader_generic]: Generating frag shader 54a2777f8ab606c86ef8c1a1c1bbdb5edf66a084e5b1c34764408e24f243f089
[19:25:32.663] |D| [shader::create_fragment_inputs]: Iterator: pa0 = (float4) v_Color0
[19:25:32.666] |D| [shader::spirv_disasm_print]: SPIR-V Disassembly:
// Module Version 10500
// Generated by (magic number): 1337000
// Id's are bound by 194

                              Capability Shader
                              Capability Float16
              71:             ExtInstImport  "GLSL.std.450"
             101:             ExtInstImport  "GLSL.std.450"
             179:             ExtInstImport  "GLSL.std.450"
                              MemoryModel Logical GLSL450
                              EntryPoint Fragment 4  "main_fs" 46 47 50 51 83
                              ExecutionMode 4 OriginLowerLeft
               1:             String  "54a2777f8ab606c86ef8c1a1c1bbdb5edf66a084e5b1c34764408e24f243f089"
                              SourceExtension  "gxp"
                              Name 4  "main_fs"
                              Name 23  "pa"
                              Name 24  "sa"
                              Name 26  "internals"
                              Name 28  "r"
                              Name 30  "p"
                              Name 32  "idx"
                              Name 34  "outs"
                              Name 36  "i"
                              Name 40  "memory"
                              Name 44  "testTex"
                              Name 46  "v_Color0"
                              Name 47  "v_TexCoord0"
                              Name 50  "f_mask"
                              Name 51  "gl_FragCoord"
                              Name 52  "frag_output_finalize"
                              Name 68  "unpack2xF16"
                              Name 83  "out_color"
                              Name 113  "block_prim_0"
                              Name 177  "pack2xF16"
                              Decorate 44(testTex) Binding 0
                              Decorate 46(v_Color0) Location 1
                              Decorate 47(v_TexCoord0) Location 4
                              Decorate 50(f_mask) Binding 1
                              Decorate 51(gl_FragCoord) BuiltIn FragCoord
                              Decorate 83(out_color) Location 0
               2:             TypeVoid
               3:             TypeFunction 2
               6:             TypeFloat 32
               7:             TypeInt 32 1
               8:             TypeBool
               9:             TypeVector 6(float) 4
              10:      7(int) Constant 32
              11:             TypeArray 9(fvec4) 10
              12:      7(int) Constant 3
              13:             TypeArray 9(fvec4) 12
              14:      7(int) Constant 20
              15:             TypeArray 9(fvec4) 14
              16:      7(int) Constant 2
              17:             TypeArray 7(int) 16
              18:      7(int) Constant 4
              19:             TypeArray 8(bool) 18
              20:      7(int) Constant 12
              21:             TypeArray 9(fvec4) 20
              22:             TypePointer Private 11
          23(pa):     22(ptr) Variable Private
          24(sa):     22(ptr) Variable Private
              25:             TypePointer Private 13
   26(internals):     25(ptr) Variable Private
              27:             TypePointer Private 15
           28(r):     27(ptr) Variable Private
              29:             TypePointer Private 19
           30(p):     29(ptr) Variable Private
              31:             TypePointer Private 17
         32(idx):     31(ptr) Variable Private
              33:             TypePointer Private 21
        34(outs):     33(ptr) Variable Private
              35:             TypePointer Function 7(int)
              37:      7(int) Constant 1
              38:             TypeArray 6(float) 37
              39:             TypePointer Private 38
      40(memory):     39(ptr) Variable Private
              41:             TypeImage 6(float) 2D sampled format:Unknown
              42:             TypeSampledImage 41
              43:             TypePointer UniformConstant 42
     44(testTex):     43(ptr) Variable UniformConstant
              45:             TypePointer Input 9(fvec4)
    46(v_Color0):     45(ptr) Variable Input
 47(v_TexCoord0):     45(ptr) Variable Input
              48:             TypeImage 6(float) 2D nonsampled format:Rgba8
              49:             TypePointer UniformConstant 48
      50(f_mask):     49(ptr) Variable UniformConstant
51(gl_FragCoord):     45(ptr) Variable Input
              54:             TypePointer Private 9(fvec4)
              55:      7(int) Constant 0
              62:             TypeVector 6(float) 2
              65:             TypeInt 32 0
              66:             TypeFunction 62(fvec2) 6(float)
              82:             TypePointer Output 9(fvec4)
   83(out_color):     82(ptr) Variable Output
              85:             TypeVector 7(int) 4
              87:             TypeVector 7(int) 2
              91:    6(float) Constant 1056964608
              92:    9(fvec4) ConstantComposite 91 91 91 91
             102:    6(float) Constant 0
             103:    6(float) Constant 1065353216
             104:    6(float) Constant 1073741824
             105:   62(fvec2) ConstantComposite 102 102
             106:             TypeVector 6(float) 3
             107:  106(fvec3) ConstantComposite 102 102 102
             108:    9(fvec4) ConstantComposite 102 102 102 102
             175:             TypeFunction 6(float) 62(fvec2)
      4(main_fs):           2 Function None 3
               5:             Label
           36(i):     35(ptr) Variable Function
              99:    9(fvec4) Load 46(v_Color0)
             100:     54(ptr) AccessChain 23(pa) 55
                              Store 100 99
             109:    9(fvec4) Load 47(v_TexCoord0)
             110:          42 Load 44(testTex)
             111:    9(fvec4) ImageSampleImplicitLod 110 109
             112:     54(ptr) AccessChain 23(pa) 37
                              Store 112 111
             193:           2 FunctionCall 113(block_prim_0)
                              Return
                              FunctionEnd
52(frag_output_finalize):           2 Function None 3
              53:             Label
              56:     54(ptr) AccessChain 23(pa) 55
              57:     54(ptr) AccessChain 23(pa) 55
              58:    9(fvec4) Load 57
              59:    9(fvec4) Load 56
              60:    6(float) VectorExtractDynamic 59 55
              61:    6(float) VectorExtractDynamic 59 37
              63:   62(fvec2) CompositeConstruct 60 61
              64:    6(float) VectorExtractDynamic 63 55
              74:   62(fvec2) FunctionCall 68(unpack2xF16) 64
              75:    6(float) VectorExtractDynamic 63 37
              76:   62(fvec2) FunctionCall 68(unpack2xF16) 75
              77:    6(float) VectorExtractDynamic 74 55
              78:    6(float) VectorExtractDynamic 74 37
              79:    6(float) VectorExtractDynamic 76 55
              80:    6(float) VectorExtractDynamic 76 37
              81:    9(fvec4) CompositeConstruct 77 78 79 80
                              Store 83(out_color) 81
              84:    9(fvec4) Load 51(gl_FragCoord)
              86:   85(ivec4) ConvertFToS 84
              88:   87(ivec2) VectorShuffle 86 86 0 1
              89:          48 Load 50(f_mask)
              90:    9(fvec4) ImageRead 89 88
              93:     8(bool) FOrdLessThan 90 92
              94:     8(bool) All 93
                              SelectionMerge 96 None
                              BranchConditional 94 95 96
              95:               Label
                                Kill
              96:             Label
                              Return
                              FunctionEnd
 68(unpack2xF16):   62(fvec2) Function None 66
              67:    6(float) FunctionParameter
              69:             Label
              70:     65(int) Bitcast 67
              72:   62(fvec2) ExtInst 71(GLSL.std.450) 62(UnpackHalf2x16) 70
                              ReturnValue 72
                              FunctionEnd
113(block_prim_0):           2 Function None 3
             114:             Label
                              Line 1 2 0
             115:     54(ptr) AccessChain 23(pa) 55
             116:     54(ptr) AccessChain 23(pa) 55
             117:    9(fvec4) Load 116
             118:    9(fvec4) Load 115
             119:     54(ptr) AccessChain 23(pa) 55
             120:     54(ptr) AccessChain 23(pa) 55
             121:    9(fvec4) Load 120
             122:    9(fvec4) Load 119
             123:    6(float) VectorExtractDynamic 122 55
             124:    6(float) VectorExtractDynamic 122 37
             125:   62(fvec2) CompositeConstruct 123 124
             126:     54(ptr) AccessChain 23(pa) 55
             127:     54(ptr) AccessChain 23(pa) 37
             128:    9(fvec4) Load 127
             129:    9(fvec4) Load 126
             130:    6(float) VectorExtractDynamic 129 16
             131:    6(float) VectorExtractDynamic 129 12
             132:   62(fvec2) CompositeConstruct 130 131
             133:    6(float) VectorExtractDynamic 125 55
             134:    6(float) VectorExtractDynamic 125 37
             135:    6(float) VectorExtractDynamic 132 55
             136:    6(float) VectorExtractDynamic 132 37
             137:    9(fvec4) CompositeConstruct 133 134 135 136
             138:     54(ptr) AccessChain 26(internals) 55
                              Store 138 137
                              Line 1 3 0
             139:     54(ptr) AccessChain 23(pa) 37
             140:     54(ptr) AccessChain 23(pa) 37
             141:    9(fvec4) Load 140
             142:    9(fvec4) Load 139
             143:     54(ptr) AccessChain 23(pa) 37
             144:     54(ptr) AccessChain 23(pa) 37
             145:    9(fvec4) Load 144
             146:    9(fvec4) Load 143
             147:    6(float) VectorExtractDynamic 146 55
             148:    6(float) VectorExtractDynamic 146 37
             149:   62(fvec2) CompositeConstruct 147 148
             150:     54(ptr) AccessChain 23(pa) 37
             151:     54(ptr) AccessChain 23(pa) 16
             152:    9(fvec4) Load 151
             153:    9(fvec4) Load 150
             154:    6(float) VectorExtractDynamic 153 16
             155:    6(float) VectorExtractDynamic 153 12
             156:   62(fvec2) CompositeConstruct 154 155
             157:    6(float) VectorExtractDynamic 149 55
             158:    6(float) VectorExtractDynamic 149 37
             159:    6(float) VectorExtractDynamic 156 55
             160:    6(float) VectorExtractDynamic 156 37
             161:    9(fvec4) CompositeConstruct 157 158 159 160
             162:     54(ptr) AccessChain 26(internals) 37
                              Store 162 161
                              Line 1 4 0
             163:     54(ptr) AccessChain 26(internals) 37
             164:     54(ptr) AccessChain 26(internals) 37
             165:    9(fvec4) Load 164
             166:    9(fvec4) Load 163
             167:     54(ptr) AccessChain 26(internals) 55
             168:     54(ptr) AccessChain 26(internals) 55
             169:    9(fvec4) Load 168
             170:    9(fvec4) Load 167
             171:    9(fvec4) FMul 166 170
             172:    6(float) VectorExtractDynamic 171 55
             173:    6(float) VectorExtractDynamic 171 37
             174:   62(fvec2) CompositeConstruct 172 173
             183:    6(float) FunctionCall 177(pack2xF16) 174
             184:    6(float) VectorExtractDynamic 171 16
             185:    6(float) VectorExtractDynamic 171 12
             186:   62(fvec2) CompositeConstruct 184 185
             187:    6(float) FunctionCall 177(pack2xF16) 186
             188:   62(fvec2) CompositeConstruct 183 187
             189:     54(ptr) AccessChain 23(pa) 55
             190:    9(fvec4) Load 189
             191:    9(fvec4) VectorShuffle 190 188 4 5 2 3
                              Store 189 191
             192:           2 FunctionCall 52(frag_output_finalize)
                              Return
                              FunctionEnd
  177(pack2xF16):    6(float) Function None 175
             176:   62(fvec2) FunctionParameter
             178:             Label
             180:     65(int) ExtInst 179(GLSL.std.450) 58(PackHalf2x16) 176
             181:    6(float) Bitcast 180
                              ReturnValue 181
                              FunctionEnd

[19:25:32.669] |D| [shader::convert_gxp_to_glsl]: Generated GLSL:
#version 420
#extension GL_ARB_fragment_shader_interlock : require
// Shader Name: 54a2777f8ab606c86ef8c1a1c1bbdb5edf66a084e5b1c34764408e24f243f089
layout(early_fragment_tests) in;


layout(binding = 0) uniform sampler2D testTex;
layout(binding = 1, rgba8) uniform readonly image2D f_mask;

layout(location = 1) in vec4 v_Color0;
layout(location = 4) in vec4 v_TexCoord0;
layout(location = 0) out vec4 out_color;
vec4 pa[32];
vec4 sa[32];
vec4 internals[3];
vec4 r[20];
bool p[4];
int idx[2];
vec4 outs[12];
float memory[1];

float pack2xF16(vec2 _176)
{
    return uintBitsToFloat(packHalf2x16(_176));
}

vec2 unpack2xF16(float _67)
{
    return unpackHalf2x16(floatBitsToUint(_67));
}

void frag_output_finalize()
{
    vec2 _63 = vec2(pa[0].x, pa[0].y);
    vec2 _74 = unpack2xF16(_63.x);
    vec2 _76 = unpack2xF16(_63.y);
    out_color = vec4(_74.x, _74.y, _76.x, _76.y);
    if (all(lessThan(imageLoad(f_mask, ivec4(gl_FragCoord).xy), vec4(0.5))))
    {
        discard;
    }
}

void block_prim_0()
{
    vec2 _125 = vec2(pa[0].x, pa[0].y);
    vec2 _132 = vec2(pa[0].z, pa[0].w);
    internals[0] = vec4(_125.x, _125.y, _132.x, _132.y);
    vec2 _149 = vec2(pa[1].x, pa[1].y);
    vec2 _156 = vec2(pa[1].z, pa[1].w);
    internals[1] = vec4(_149.x, _149.y, _156.x, _156.y);
    vec4 _171 = internals[1] * internals[0];
    vec2 _188 = vec2(pack2xF16(vec2(_171.x, _171.y)), pack2xF16(vec2(_171.z, _171.w)));
    pa[0] = vec4(_188.x, _188.y, pa[0].z, pa[0].w);
    frag_output_finalize();
}

void main()
{
    pa[0] = v_Color0;
    pa[1] = texture(testTex, v_TexCoord0.xy);
    block_prim_0();
}


[19:25:32.671] |I| [renderer::gl::load_shader_generic]: Generating vert shader e71553a628b80403e100f70df6c9954b1d4bab4d58d588e0d8057850511b2dfd
[19:25:32.672] |D| [shader::create_parameters]: [BUFFER0  + 0] pa0 = (float4) aPosition
[19:25:32.673] |D| [shader::create_parameters]: [BUFFER0  + 4] pa4 = (float4) aColor
[19:25:32.673] |D| [shader::create_parameters]: [BUFFER0  + 8] pa8 = (float4) aTexCoord
[19:25:32.673] |D| [shader::create_parameters]: [DEFAULT  + 0] sa0 = (float4) wvp[4]
[19:25:32.682] |D| [shader::spirv_disasm_print]: SPIR-V Disassembly:
// Module Version 10500
// Generated by (magic number): 1337000
// Id's are bound by 353

                              Capability Shader
                              Capability Float16
             168:             ExtInstImport  "GLSL.std.450"
                              MemoryModel Logical GLSL450
                              EntryPoint Vertex 4  "main_vs" 98 99 100 107 139 144
               1:             String  "e71553a628b80403e100f70df6c9954b1d4bab4d58d588e0d8057850511b2dfd"
                              SourceExtension  "gxp"
                              Name 4  "main_vs"
                              Name 23  "pa"
                              Name 24  "sa"
                              Name 26  "internals"
                              Name 28  "r"
                              Name 30  "p"
                              Name 32  "idx"
                              Name 34  "outs"
                              Name 36  "i"
                              Name 38  "vert_defaultUniformBuffer"
                              Name 40  "buffer0"
                              MemberName 38(vert_defaultUniformBuffer) 0  "data"
                              Name 63  "memory"
                              Name 98  "aPosition"
                              Name 99  "aColor"
                              Name 100  "aTexCoord"
                              Name 101  "GxmRenderBufferBlock"
                              MemberName 101(GxmRenderBufferBlock) 0  "viewport_flip"
                              MemberName 101(GxmRenderBufferBlock) 1  "viewport_flag"
                              MemberName 101(GxmRenderBufferBlock) 2  "screen_width"
                              MemberName 101(GxmRenderBufferBlock) 3  "screen_height"
                              Name 103  "renderInfo"
                              Name 104  "vert_output_finalize"
                              Name 107  "v_Position"
                              Name 139  "v_Color0"
                              Name 144  "v_TexCoord0"
                              Name 156  "i"
                              Name 174  "block_prim_0"
                              Decorate 38(vert_defaultUniformBuffer) Block
                              Decorate 38(vert_defaultUniformBuffer) GLSLShared
                              Decorate 40(buffer0) Binding 0
                              MemberDecorate 38(vert_defaultUniformBuffer) 0 Offset 0
                              Decorate 37 ArrayStride 16
                              Decorate 98(aPosition) Location 0
                              Decorate 99(aColor) Location 1
                              Decorate 100(aTexCoord) Location 2
                              Decorate 101(GxmRenderBufferBlock) Block
                              Decorate 101(GxmRenderBufferBlock) GLSLShared
                              MemberDecorate 101(GxmRenderBufferBlock) 0 Offset 0
                              MemberDecorate 101(GxmRenderBufferBlock) 1 Offset 16
                              MemberDecorate 101(GxmRenderBufferBlock) 2 Offset 20
                              MemberDecorate 101(GxmRenderBufferBlock) 3 Offset 24
                              Decorate 103(renderInfo) Binding 15
                              Decorate 107(v_Position) Location 0
                              Decorate 107(v_Position) BuiltIn Position
                              Decorate 139(v_Color0) Location 1
                              Decorate 144(v_TexCoord0) Location 4
               2:             TypeVoid
               3:             TypeFunction 2
               6:             TypeFloat 32
               7:             TypeInt 32 1
               8:             TypeBool
               9:             TypeVector 6(float) 4
              10:      7(int) Constant 32
              11:             TypeArray 9(fvec4) 10
              12:      7(int) Constant 3
              13:             TypeArray 9(fvec4) 12
              14:      7(int) Constant 20
              15:             TypeArray 9(fvec4) 14
              16:      7(int) Constant 2
              17:             TypeArray 7(int) 16
              18:      7(int) Constant 4
              19:             TypeArray 8(bool) 18
              20:      7(int) Constant 12
              21:             TypeArray 9(fvec4) 20
              22:             TypePointer Private 11
          23(pa):     22(ptr) Variable Private
          24(sa):     22(ptr) Variable Private
              25:             TypePointer Private 13
   26(internals):     25(ptr) Variable Private
              27:             TypePointer Private 15
           28(r):     27(ptr) Variable Private
              29:             TypePointer Private 19
           30(p):     29(ptr) Variable Private
              31:             TypePointer Private 17
         32(idx):     31(ptr) Variable Private
              33:             TypePointer Private 21
        34(outs):     33(ptr) Variable Private
              35:             TypePointer Function 7(int)
              37:             TypeArray 9(fvec4) 18
38(vert_defaultUniformBuffer):             TypeStruct 37
              39:             TypePointer Uniform 38(vert_defaultUniformBuffer)
     40(buffer0):     39(ptr) Variable Uniform
              41:      7(int) Constant 0
              49:             TypePointer Uniform 9(fvec4)
              54:             TypePointer Private 9(fvec4)
              57:      7(int) Constant 1
              60:      7(int) Constant 17
              61:             TypeArray 6(float) 60
              62:             TypePointer Private 61
      63(memory):     62(ptr) Variable Private
              78:             TypePointer Private 6(float)
              97:             TypePointer Input 9(fvec4)
   98(aPosition):     97(ptr) Variable Input
      99(aColor):     97(ptr) Variable Input
  100(aTexCoord):     97(ptr) Variable Input
101(GxmRenderBufferBlock):             TypeStruct 9(fvec4) 6(float) 6(float) 6(float)
             102:             TypePointer Uniform 101(GxmRenderBufferBlock)
 103(renderInfo):    102(ptr) Variable Uniform
             106:             TypePointer Output 9(fvec4)
 107(v_Position):    106(ptr) Variable Output
             112:    6(float) Constant 1056964608
             113:    6(float) Constant 1065353216
             114:    6(float) Constant 3212836864
             115:    6(float) Constant 1073741824
             116:    6(float) Constant 3221225472
             117:    6(float) Constant 0
             118:             TypePointer Uniform 6(float)
   139(v_Color0):    106(ptr) Variable Output
144(v_TexCoord0):    106(ptr) Variable Output
             157:    9(fvec4) ConstantComposite 117 117 117 117
             169:             TypeInt 32 0
             170:             TypeVector 6(float) 2
             171:  170(fvec2) ConstantComposite 117 117
             172:             TypeVector 6(float) 3
             173:  172(fvec3) ConstantComposite 117 117 117
      4(main_vs):           2 Function None 3
               5:             Label
           36(i):     35(ptr) Variable Function
          156(i):     35(ptr) Variable Function
                              Store 36(i) 41
                              Branch 42
              42:             Label
              46:      7(int) Load 36(i)
              47:     8(bool) SLessThan 46 18
                              LoopMerge 44 45 None
                              BranchConditional 47 43 44
              43:               Label
              48:      7(int)   Load 36(i)
              50:     49(ptr)   AccessChain 40(buffer0) 41 48
              51:      7(int)   Load 36(i)
              52:      7(int)   Load 36(i)
              53:      7(int)   IAdd 51 41
              55:     54(ptr)   AccessChain 24(sa) 53
              56:    9(fvec4)   Load 50
                                Store 55 56
              58:      7(int)   Load 36(i)
              59:      7(int)   IAdd 58 57
                                Store 36(i) 59
                                Branch 45
              45:               Label
                                Branch 42
              44:             Label
                              Store 36(i) 41
                              Branch 64
              64:             Label
              68:      7(int) Load 36(i)
              69:     8(bool) SLessThan 68 18
                              LoopMerge 66 67 None
                              BranchConditional 69 65 66
              65:               Label
              70:      7(int)   Load 36(i)
              71:     49(ptr)   AccessChain 40(buffer0) 41 70
              72:      7(int)   Load 36(i)
              73:      7(int)   IMul 18 72
              74:      7(int)   IAdd 73 41
              75:    9(fvec4)   Load 71
              76:    6(float)   VectorExtractDynamic 75 41
              77:      7(int)   IAdd 74 41
              79:     78(ptr)   AccessChain 63(memory) 77
                                Store 79 76
              80:      7(int)   IAdd 73 57
              81:    9(fvec4)   Load 71
              82:    6(float)   VectorExtractDynamic 81 57
              83:      7(int)   IAdd 80 41
              84:     78(ptr)   AccessChain 63(memory) 83
                                Store 84 82
              85:      7(int)   IAdd 73 16
              86:    9(fvec4)   Load 71
              87:    6(float)   VectorExtractDynamic 86 16
              88:      7(int)   IAdd 85 41
              89:     78(ptr)   AccessChain 63(memory) 88
                                Store 89 87
              90:      7(int)   IAdd 73 12
              91:    9(fvec4)   Load 71
              92:    6(float)   VectorExtractDynamic 91 12
              93:      7(int)   IAdd 90 41
              94:     78(ptr)   AccessChain 63(memory) 93
                                Store 94 92
              95:      7(int)   Load 36(i)
              96:      7(int)   IAdd 95 57
                                Store 36(i) 96
                                Branch 67
              67:               Label
                                Branch 64
              66:             Label
             150:    9(fvec4) Load 98(aPosition)
             151:     54(ptr) AccessChain 23(pa) 41
                              Store 151 150
             152:    9(fvec4) Load 99(aColor)
             153:     54(ptr) AccessChain 23(pa) 57
                              Store 153 152
             154:    9(fvec4) Load 100(aTexCoord)
             155:     54(ptr) AccessChain 23(pa) 16
                              Store 155 154
                              Store 156(i) 41
                              Branch 158
             158:             Label
             162:      7(int) Load 156(i)
             163:     8(bool) SLessThan 162 20
                              LoopMerge 160 161 None
                              BranchConditional 163 159 160
             159:               Label
             164:      7(int)   Load 156(i)
             165:     54(ptr)   AccessChain 34(outs) 164
                                Store 165 157
             166:      7(int)   Load 156(i)
             167:      7(int)   IAdd 166 57
                                Store 156(i) 167
                                Branch 161
             161:               Label
                                Branch 158
             160:             Label
             352:           2 FunctionCall 174(block_prim_0)
                              Return
                              FunctionEnd
104(vert_output_finalize):           2 Function None 3
             105:             Label
             108:     54(ptr) AccessChain 34(outs) 41
             109:     54(ptr) AccessChain 34(outs) 41
             110:    9(fvec4) Load 109
             111:    9(fvec4) Load 108
             119:    118(ptr) AccessChain 103(renderInfo) 57
             120:    118(ptr) AccessChain 103(renderInfo) 16
             121:    118(ptr) AccessChain 103(renderInfo) 12
             122:    6(float) Load 119
             123:     8(bool) FOrdLessThan 122 112
                              SelectionMerge 125 None
                              BranchConditional 123 124 136
             124:               Label
             126:    6(float)   Load 120
             127:    6(float)   FDiv 115 126
             128:    6(float)   Load 121
             129:    6(float)   FDiv 116 128
             130:    9(fvec4)   CompositeConstruct 127 129 113 113
             131:    9(fvec4)   CompositeConstruct 114 113 117 117
             132:    9(fvec4)   FMul 111 130
             133:    9(fvec4)   FAdd 132 131
             134:     49(ptr)   AccessChain 103(renderInfo) 41
             135:    9(fvec4)   FMul 133 134
                                Store 107(v_Position) 135
                                Branch 125
             136:               Label
             137:     49(ptr)   AccessChain 103(renderInfo) 41
             138:    9(fvec4)   FMul 111 137
                                Store 107(v_Position) 138
                                Branch 125
             125:             Label
             140:     54(ptr) AccessChain 34(outs) 57
             141:     54(ptr) AccessChain 34(outs) 57
             142:    9(fvec4) Load 141
             143:    9(fvec4) Load 140
                              Store 139(v_Color0) 143
             145:     54(ptr) AccessChain 34(outs) 16
             146:     54(ptr) AccessChain 34(outs) 16
             147:    9(fvec4) Load 146
             148:    9(fvec4) Load 145
                              Store 144(v_TexCoord0) 148
                              Return
                              FunctionEnd
174(block_prim_0):           2 Function None 3
             175:             Label
                              Line 1 1 0
             176:     54(ptr) AccessChain 23(pa) 57
             177:     54(ptr) AccessChain 23(pa) 57
             178:    9(fvec4) Load 177
             179:    9(fvec4) Load 176
             180:    6(float) VectorExtractDynamic 179 41
             181:    6(float) VectorExtractDynamic 179 57
             182:  170(fvec2) CompositeConstruct 180 181
             183:     54(ptr) AccessChain 34(outs) 57
             184:    9(fvec4) Load 183
             185:    9(fvec4) VectorShuffle 184 182 4 5 2 3
                              Store 183 185
             186:     54(ptr) AccessChain 23(pa) 57
             187:     54(ptr) AccessChain 23(pa) 16
             188:    9(fvec4) Load 187
             189:    9(fvec4) Load 186
             190:    6(float) VectorExtractDynamic 189 16
             191:    6(float) VectorExtractDynamic 189 12
             192:  170(fvec2) CompositeConstruct 190 191
             193:     54(ptr) AccessChain 34(outs) 57
             194:    9(fvec4) Load 193
             195:    9(fvec4) VectorShuffle 194 192 0 1 4 5
                              Store 193 195
             196:     54(ptr) AccessChain 23(pa) 16
             197:     54(ptr) AccessChain 23(pa) 16
             198:    9(fvec4) Load 197
             199:    9(fvec4) Load 196
             200:    6(float) VectorExtractDynamic 199 41
             201:    6(float) VectorExtractDynamic 199 57
             202:  170(fvec2) CompositeConstruct 200 201
             203:     54(ptr) AccessChain 34(outs) 16
             204:    9(fvec4) Load 203
             205:    9(fvec4) VectorShuffle 204 202 4 5 2 3
                              Store 203 205
                              Line 1 2 0
             206:     54(ptr) AccessChain 23(pa) 41
             207:     54(ptr) AccessChain 23(pa) 41
             208:    9(fvec4) Load 207
             209:    9(fvec4) Load 206
             210:    6(float) VectorExtractDynamic 209 41
             211:    6(float) VectorExtractDynamic 209 57
             212:    6(float) VectorExtractDynamic 209 16
             213:  172(fvec3) CompositeConstruct 210 211 212
             214:     54(ptr) AccessChain 23(pa) 41
             215:     54(ptr) AccessChain 23(pa) 41
             216:    9(fvec4) Load 215
             217:    9(fvec4) Load 214
             218:    6(float) VectorExtractDynamic 217 41
             219:    6(float) VectorExtractDynamic 217 57
             220:  170(fvec2) CompositeConstruct 218 219
             221:     54(ptr) AccessChain 23(pa) 41
             222:     54(ptr) AccessChain 23(pa) 57
             223:    9(fvec4) Load 222
             224:    9(fvec4) Load 221
             225:    6(float) VectorExtractDynamic 224 16
             226:    6(float) VectorExtractDynamic 224 12
             227:  170(fvec2) CompositeConstruct 225 226
             228:    6(float) VectorExtractDynamic 220 41
             229:    6(float) VectorExtractDynamic 220 57
             230:    6(float) VectorExtractDynamic 227 41
             231:  172(fvec3) CompositeConstruct 228 229 230
             232:     54(ptr) AccessChain 26(internals) 41
             233:    9(fvec4) Load 232
             234:    9(fvec4) VectorShuffle 233 231 4 5 6 3
                              Store 232 234
                              Line 1 3 0
             235:     54(ptr) AccessChain 24(sa) 12
             236:     54(ptr) AccessChain 24(sa) 12
             237:    9(fvec4) Load 236
             238:    9(fvec4) Load 235
             239:     54(ptr) AccessChain 24(sa) 12
             240:     54(ptr) AccessChain 24(sa) 12
             241:    9(fvec4) Load 240
             242:    9(fvec4) Load 239
             243:    6(float) VectorExtractDynamic 242 41
             244:    6(float) VectorExtractDynamic 242 57
             245:  170(fvec2) CompositeConstruct 243 244
             246:     54(ptr) AccessChain 24(sa) 12
             247:     54(ptr) AccessChain 24(sa) 18
             248:    9(fvec4) Load 247
             249:    9(fvec4) Load 246
             250:    6(float) VectorExtractDynamic 249 16
             251:    6(float) VectorExtractDynamic 249 12
             252:  170(fvec2) CompositeConstruct 250 251
             253:    6(float) VectorExtractDynamic 245 41
             254:    6(float) VectorExtractDynamic 245 57
             255:    6(float) VectorExtractDynamic 252 41
             256:    6(float) VectorExtractDynamic 252 57
             257:    9(fvec4) CompositeConstruct 253 254 255 256
             258:     54(ptr) AccessChain 26(internals) 57
                              Store 258 257
                              Line 1 4 0
             259:     54(ptr) AccessChain 26(internals) 41
             260:     54(ptr) AccessChain 26(internals) 41
             261:    9(fvec4) Load 260
             262:    9(fvec4) Load 259
             263:    6(float) VectorExtractDynamic 262 16
             264:    6(float) VectorExtractDynamic 262 16
             265:    6(float) VectorExtractDynamic 262 16
             266:    6(float) VectorExtractDynamic 262 16
             267:    9(fvec4) CompositeConstruct 263 264 265 266
             268:     54(ptr) AccessChain 24(sa) 16
             269:     54(ptr) AccessChain 24(sa) 16
             270:    9(fvec4) Load 269
             271:    9(fvec4) Load 268
             272:     54(ptr) AccessChain 26(internals) 57
             273:     54(ptr) AccessChain 26(internals) 57
             274:    9(fvec4) Load 273
             275:    9(fvec4) Load 272
             276:    9(fvec4) FMul 267 271
             277:    9(fvec4) FAdd 276 275
             278:     54(ptr) AccessChain 26(internals) 57
                              Store 278 277
                              Line 1 5 0
             279:     54(ptr) AccessChain 26(internals) 41
             280:     54(ptr) AccessChain 26(internals) 41
             281:    9(fvec4) Load 280
             282:    9(fvec4) Load 279
             283:    6(float) VectorExtractDynamic 282 57
             284:    6(float) VectorExtractDynamic 282 57
             285:    6(float) VectorExtractDynamic 282 57
             286:    6(float) VectorExtractDynamic 282 57
             287:    9(fvec4) CompositeConstruct 283 284 285 286
             288:     54(ptr) AccessChain 24(sa) 57
             289:     54(ptr) AccessChain 24(sa) 57
             290:    9(fvec4) Load 289
             291:    9(fvec4) Load 288
             292:     54(ptr) AccessChain 26(internals) 57
             293:     54(ptr) AccessChain 26(internals) 57
             294:    9(fvec4) Load 293
             295:    9(fvec4) Load 292
             296:    9(fvec4) FMul 287 291
             297:    9(fvec4) FAdd 296 295
             298:     54(ptr) AccessChain 26(internals) 57
                              Store 298 297
                              Line 1 6 0
             299:     54(ptr) AccessChain 26(internals) 41
             300:     54(ptr) AccessChain 26(internals) 41
             301:    9(fvec4) Load 300
             302:    9(fvec4) Load 299
             303:    6(float) VectorExtractDynamic 302 41
             304:    6(float) VectorExtractDynamic 302 41
             305:  170(fvec2) CompositeConstruct 303 304
             306:     54(ptr) AccessChain 24(sa) 41
             307:     54(ptr) AccessChain 24(sa) 41
             308:    9(fvec4) Load 307
             309:    9(fvec4) Load 306
             310:    6(float) VectorExtractDynamic 309 41
             311:    6(float) VectorExtractDynamic 309 57
             312:  170(fvec2) CompositeConstruct 310 311
             313:     54(ptr) AccessChain 26(internals) 57
             314:     54(ptr) AccessChain 26(internals) 57
             315:    9(fvec4) Load 314
             316:    9(fvec4) Load 313
             317:    6(float) VectorExtractDynamic 316 41
             318:    6(float) VectorExtractDynamic 316 57
             319:  170(fvec2) CompositeConstruct 317 318
             320:  170(fvec2) FMul 305 312
             321:  170(fvec2) FAdd 320 319
             322:     54(ptr) AccessChain 34(outs) 41
             323:    9(fvec4) Load 322
             324:    9(fvec4) VectorShuffle 323 321 4 5 2 3
                              Store 322 324
                              Line 1 7 0
             325:     54(ptr) AccessChain 26(internals) 41
             326:     54(ptr) AccessChain 26(internals) 41
             327:    9(fvec4) Load 326
             328:    9(fvec4) Load 325
             329:    6(float) VectorExtractDynamic 328 41
             330:    6(float) VectorExtractDynamic 328 41
             331:  170(fvec2) CompositeConstruct 329 330
             332:     54(ptr) AccessChain 24(sa) 41
             333:     54(ptr) AccessChain 24(sa) 57
             334:    9(fvec4) Load 333
             335:    9(fvec4) Load 332
             336:    6(float) VectorExtractDynamic 335 16
             337:    6(float) VectorExtractDynamic 335 12
             338:  170(fvec2) CompositeConstruct 336 337
             339:     54(ptr) AccessChain 26(internals) 57
             340:     54(ptr) AccessChain 26(internals) 57
             341:    9(fvec4) Load 340
             342:    9(fvec4) Load 339
             343:    6(float) VectorExtractDynamic 342 16
             344:    6(float) VectorExtractDynamic 342 12
             345:  170(fvec2) CompositeConstruct 343 344
             346:  170(fvec2) FMul 331 338
             347:  170(fvec2) FAdd 346 345
             348:     54(ptr) AccessChain 34(outs) 41
             349:    9(fvec4) Load 348
             350:    9(fvec4) VectorShuffle 349 347 0 1 4 5
                              Store 348 350
             351:           2 FunctionCall 104(vert_output_finalize)
                              Return
                              FunctionEnd

[19:25:32.687] |D| [shader::convert_gxp_to_glsl]: Generated GLSL:
#version 420
#extension GL_ARB_fragment_shader_interlock : require
// Shader Name: e71553a628b80403e100f70df6c9954b1d4bab4d58d588e0d8057850511b2dfd

layout(binding = 0, std140) uniform vert_defaultUniformBuffer
{
    vec4 data[4];
} buffer0;

layout(binding = 15, std140) uniform GxmRenderBufferBlock
{
    vec4 viewport_flip;
    float viewport_flag;
    float screen_width;
    float screen_height;
} renderInfo;

layout(location = 0) in vec4 aPosition;
layout(location = 1) in vec4 aColor;
layout(location = 2) in vec4 aTexCoord;
layout(location = 1) out vec4 v_Color0;
layout(location = 4) out vec4 v_TexCoord0;
vec4 pa[32];
vec4 sa[32];
vec4 internals[3];
vec4 r[20];
bool p[4];
int idx[2];
vec4 outs[12];
float memory[17];

void vert_output_finalize()
{
    if (renderInfo.viewport_flag < 0.5)
    {
        gl_Position = ((outs[0] * vec4(2.0 / renderInfo.screen_width, (-2.0) / renderInfo.screen_height, 1.0, 1.0)) + vec4(-1.0, 1.0, 0.0, 0.0)) * renderInfo.viewport_flip;
    }
    else
    {
        gl_Position = outs[0] * renderInfo.viewport_flip;
    }
    v_Color0 = outs[1];
    v_TexCoord0 = outs[2];
}

void block_prim_0()
{
    vec2 _182 = vec2(pa[1].x, pa[1].y);
    outs[1] = vec4(_182.x, _182.y, outs[1].z, outs[1].w);
    vec2 _192 = vec2(pa[1].z, pa[1].w);
    outs[1] = vec4(outs[1].x, outs[1].y, _192.x, _192.y);
    vec2 _202 = vec2(pa[2].x, pa[2].y);
    outs[2] = vec4(_202.x, _202.y, outs[2].z, outs[2].w);
    vec2 _220 = vec2(pa[0].x, pa[0].y);
    vec3 _231 = vec3(_220.x, _220.y, vec2(pa[0].z, pa[0].w).x);
    internals[0] = vec4(_231.x, _231.y, _231.z, internals[0].w);
    vec2 _245 = vec2(sa[3].x, sa[3].y);
    vec2 _252 = vec2(sa[3].z, sa[3].w);
    internals[1] = vec4(_245.x, _245.y, _252.x, _252.y);
    internals[1] = (vec4(internals[0].z, internals[0].z, internals[0].z, internals[0].z) * sa[2]) + internals[1];
    internals[1] = (vec4(internals[0].y, internals[0].y, internals[0].y, internals[0].y) * sa[1]) + internals[1];
    vec2 _321 = (vec2(internals[0].x, internals[0].x) * vec2(sa[0].x, sa[0].y)) + vec2(internals[1].x, internals[1].y);
    outs[0] = vec4(_321.x, _321.y, outs[0].z, outs[0].w);
    vec2 _347 = (vec2(internals[0].x, internals[0].x) * vec2(sa[0].z, sa[0].w)) + vec2(internals[1].z, internals[1].w);
    outs[0] = vec4(outs[0].x, outs[0].y, _347.x, _347.y);
    vert_output_finalize();
}

void main()
{
    int i = 0;
    while (i < 4)
    {
        sa[i + 0] = buffer0.data[i];
        i++;
    }
    i = 0;
    while (i < 4)
    {
        int _73 = 4 * i;
        memory[(_73 + 0) + 0] = buffer0.data[i].x;
        memory[(_73 + 1) + 0] = buffer0.data[i].y;
        memory[(_73 + 2) + 0] = buffer0.data[i].z;
        memory[(_73 + 3) + 0] = buffer0.data[i].w;
        i++;
    }
    pa[0] = aPosition;
    pa[1] = aColor;
    pa[2] = aTexCoord;
    int i_1 = 0;
    while (i_1 < 12)
    {
        outs[i_1] = vec4(0.0);
        i_1++;
    }
    block_prim_0();
}


[19:25:32.698] |E| [renderer::gl::compile_program]: Vertex info
-----------
0(25) : warning C7050: "internals[0].w" might be used before being initialized


[19:25:32.700] |W| [unimplemented_impl]: Unimplemented sceAudioOutGetAdopt import called.
[19:25:32.700] |W| [stubbed_impl]: Stubbed sceDisplayWaitSetFrameBufMulti import called. (move after setframebuf)
[19:25:32.701] |E| [logging::ret_error_impl]: sceMsgDialogTerm returned SCE_COMMON_DIALOG_ERROR_NOT_SUPPORTED (0x80020405)
[19:25:32.706] |I| [export_sceIoOpen]: Opening file: savedata0:shirokoijp0000.bin
[19:25:32.711] |W| [stubbed_impl]: Stubbed sceDisplayWaitSetFrameBuf import called. (move after setframebuf)
[19:25:34.712] |W| [unimplemented_impl]: Unimplemented sceNgsVoiceSetFinishedCallback import called.
[19:25:34.828] |W| [Atrac9DecoderState::send]: Error sending Atrac9 packet: 0xBEBBB1B7.
[19:25:35.408] |W| [Atrac9DecoderState::send]: Error sending Atrac9 packet: 0xBEBBB1B7.
[19:25:35.417] |W| [Atrac9DecoderState::send]: Error sending Atrac9 packet: 0xBEBBB1B7.
[19:25:35.448] |W| [Atrac9DecoderState::send]: Error sending Atrac9 packet: 0xBEBBB1B7.
[19:25:35.618] |W| [Atrac9DecoderState::send]: Error sending Atrac9 packet: 0xBEBBB1B7.
[19:25:40.838] |W| [Atrac9DecoderState::send]: Error sending Atrac9 packet: 0xBEBBB1B7.
[19:25:41.008] |W| [Atrac9DecoderState::send]: Error sending Atrac9 packet: 0xBEBBB1B7.
[19:25:41.027] |W| [Atrac9DecoderState::send]: Error sending Atrac9 packet: 0xBEBBB1B7.
[19:25:41.037] |W| [Atrac9DecoderState::send]: Error sending Atrac9 packet: 0xBEBBB1B7.
[19:25:41.068] |W| [Atrac9DecoderState::send]: Error sending Atrac9 packet: 0xBEBBB1B7.
[19:25:41.177] |W| [Atrac9DecoderState::send]: Error sending Atrac9 packet: 0xBEBBB1B7.
[19:25:41.428] |W| [Atrac9DecoderState::send]: Error sending Atrac9 packet: 0xBEBBB1B7.
[19:25:44.657] |I| [export_sceClibPrintf]: FIOS: unexpected failure during deallocation in AtomicToggleBits

[19:25:45.137] |W| [Atrac9DecoderState::send]: Error sending Atrac9 packet: 0xBEBBB1B7.
[19:25:45.158] |W| [Atrac9DecoderState::send]: Error sending Atrac9 packet: 0xBEBBB1B7.
[19:25:45.197] |W| [Atrac9DecoderState::send]: Error sending Atrac9 packet: 0xBEBBB1B7.
[19:25:45.218] |W| [Atrac9DecoderState::send]: Error sending Atrac9 packet: 0xBEBBB1B7.
[19:25:46.158] |W| [Atrac9DecoderState::send]: Error sending Atrac9 packet: 0xBEBBB1B7.
[19:25:47.437] |W| [Atrac9DecoderState::send]: Error sending Atrac9 packet: 0xBEBBB1B7.
[19:25:47.457] |W| [Atrac9DecoderState::send]: Error sending Atrac9 packet: 0xBEBBB1B7.
[19:25:47.467] |W| [Atrac9DecoderState::send]: Error sending Atrac9 packet: 0xBEBBB1B7.
[19:25:47.477] |W| [Atrac9DecoderState::send]: Error sending Atrac9 packet: 0xBEBBB1B7.
[19:25:47.488] |W| [Atrac9DecoderState::send]: Error sending Atrac9 packet: 0xBEBBB1B7.
[19:25:47.507] |W| [Atrac9DecoderState::send]: Error sending Atrac9 packet: 0xBEBBB1B7.
[19:25:47.527] |W| [Atrac9DecoderState::send]: Error sending Atrac9 packet: 0xBEBBB1B7.
[19:25:47.598] |W| [Atrac9DecoderState::send]: Error sending Atrac9 packet: 0xBEBBB1B7.
[19:25:47.618] |W| [Atrac9DecoderState::send]: Error sending Atrac9 packet: 0xBEBBB1B7.
[19:25:47.877] |W| [Atrac9DecoderState::send]: Error sending Atrac9 packet: 0xBEBBB1B7.
[19:25:47.898] |W| [Atrac9DecoderState::send]: Error sending Atrac9 packet: 0xBEBBB1B7.
[19:25:47.917] |W| [Atrac9DecoderState::send]: Error sending Atrac9 packet: 0xBEBBB1B7.
[19:25:47.937] |W| [Atrac9DecoderState::send]: Error sending Atrac9 packet: 0xBEBBB1B7.
[19:25:48.008] |W| [Atrac9DecoderState::send]: Error sending Atrac9 packet: 0xBEBBB1B7.
[19:25:48.029] |W| [Atrac9DecoderState::send]: Error sending Atrac9 packet: 0xBEBBB1B7.
[19:25:48.327] |W| [Atrac9DecoderState::send]: Error sending Atrac9 packet: 0xBEBBB1B7.
[19:25:48.348] |W| [Atrac9DecoderState::send]: Error sending Atrac9 packet: 0xBEBBB1B7.
[19:25:48.367] |W| [Atrac9DecoderState::send]: Error sending Atrac9 packet: 0xBEBBB1B7.
[19:25:48.388] |W| [Atrac9DecoderState::send]: Error sending Atrac9 packet: 0xBEBBB1B7.
[19:25:48.448] |W| [Atrac9DecoderState::send]: Error sending Atrac9 packet: 0xBEBBB1B7.
[19:25:48.468] |W| [Atrac9DecoderState::send]: Error sending Atrac9 packet: 0xBEBBB1B7.
[19:25:52.327] |W| [Atrac9DecoderState::send]: Error sending Atrac9 packet: 0xBEBBB1B7.
[19:25:52.348] |W| [Atrac9DecoderState::send]: Error sending Atrac9 packet: 0xBEBBB1B7.
[19:25:52.367] |W| [Atrac9DecoderState::send]: Error sending Atrac9 packet: 0xBEBBB1B7.
[19:25:52.397] |W| [Atrac9DecoderState::send]: Error sending Atrac9 packet: 0xBEBBB1B7.
[19:25:52.458] |W| [Atrac9DecoderState::send]: Error sending Atrac9 packet: 0xBEBBB1B7.
[19:25:52.478] |W| [Atrac9DecoderState::send]: Error sending Atrac9 packet: 0xBEBBB1B7.
[19:25:52.527] |W| [Atrac9DecoderState::send]: Error sending Atrac9 packet: 0xBEBBB1B7.
[19:25:52.547] |W| [Atrac9DecoderState::send]: Error sending Atrac9 packet: 0xBEBBB1B7.
[19:25:52.567] |W| [Atrac9DecoderState::send]: Error sending Atrac9 packet: 0xBEBBB1B7.
[19:25:52.588] |W| [Atrac9DecoderState::send]: Error sending Atrac9 packet: 0xBEBBB1B7.
[19:25:52.658] |W| [Atrac9DecoderState::send]: Error sending Atrac9 packet: 0xBEBBB1B7.
[19:25:52.667] |W| [Atrac9DecoderState::send]: Error sending Atrac9 packet: 0xBEBBB1B7.
[19:25:53.027] |W| [Atrac9DecoderState::send]: Error sending Atrac9 packet: 0xBEBBB1B7.
[19:25:53.058] |W| [Atrac9DecoderState::send]: Error sending Atrac9 packet: 0xBEBBB1B7.
[19:25:53.077] |W| [Atrac9DecoderState::send]: Error sending Atrac9 packet: 0xBEBBB1B7.
[19:25:53.097] |W| [Atrac9DecoderState::send]: Error sending Atrac9 packet: 0xBEBBB1B7.
[19:25:53.168] |W| [Atrac9DecoderState::send]: Error sending Atrac9 packet: 0xBEBBB1B7.
[19:25:53.188] |W| [Atrac9DecoderState::send]: Error sending Atrac9 packet: 0xBEBBB1B7.
[19:25:53.428] |W| [Atrac9DecoderState::send]: Error sending Atrac9 packet: 0xBEBBB1B7.
[19:25:53.447] |W| [Atrac9DecoderState::send]: Error sending Atrac9 packet: 0xBEBBB1B7.
[19:25:53.467] |W| [Atrac9DecoderState::send]: Error sending Atrac9 packet: 0xBEBBB1B7.
[19:25:53.497] |W| [Atrac9DecoderState::send]: Error sending Atrac9 packet: 0xBEBBB1B7.
[19:25:53.558] |W| [Atrac9DecoderState::send]: Error sending Atrac9 packet: 0xBEBBB1B7.
[19:25:53.578] |W| [Atrac9DecoderState::send]: Error sending Atrac9 packet: 0xBEBBB1B7.
[19:25:53.937] |W| [Atrac9DecoderState::send]: Error sending Atrac9 packet: 0xBEBBB1B7.
[19:25:53.958] |W| [Atrac9DecoderState::send]: Error sending Atrac9 packet: 0xBEBBB1B7.
[19:25:53.977] |W| [Atrac9DecoderState::send]: Error sending Atrac9 packet: 0xBEBBB1B7.
[19:25:53.997] |W| [Atrac9DecoderState::send]: Error sending Atrac9 packet: 0xBEBBB1B7.
[19:25:54.018] |W| [Atrac9DecoderState::send]: Error sending Atrac9 packet: 0xBEBBB1B7.
[19:25:54.047] |W| [Atrac9DecoderState::send]: Error sending Atrac9 packet: 0xBEBBB1B7.
[19:25:54.067] |W| [Atrac9DecoderState::send]: Error sending Atrac9 packet: 0xBEBBB1B7.
[19:25:54.077] |W| [Atrac9DecoderState::send]: Error sending Atrac9 packet: 0xBEBBB1B7.
[19:25:54.097] |W| [Atrac9DecoderState::send]: Error sending Atrac9 packet: 0xBEBBB1B7.
[19:25:54.117] |W| [Atrac9DecoderState::send]: Error sending Atrac9 packet: 0xBEBBB1B7.
[19:25:54.148] |W| [Atrac9DecoderState::send]: Error sending Atrac9 packet: 0xBEBBB1B7.
[19:25:54.167] |W| [Atrac9DecoderState::send]: Error sending Atrac9 packet: 0xBEBBB1B7.
[19:25:54.187] |W| [Atrac9DecoderState::send]: Error sending Atrac9 packet: 0xBEBBB1B7.
[19:25:54.208] |W| [Atrac9DecoderState::send]: Error sending Atrac9 packet: 0xBEBBB1B7.
[19:25:54.227] |W| [Atrac9DecoderState::send]: Error sending Atrac9 packet: 0xBEBBB1B7.
[19:25:54.257] |W| [Atrac9DecoderState::send]: Error sending Atrac9 packet: 0xBEBBB1B7.
[19:25:54.278] |W| [Atrac9DecoderState::send]: Error sending Atrac9 packet: 0xBEBBB1B7.
[19:25:54.297] |W| [Atrac9DecoderState::send]: Error sending Atrac9 packet: 0xBEBBB1B7.
[19:25:54.317] |W| [Atrac9DecoderState::send]: Error sending Atrac9 packet: 0xBEBBB1B7.
[19:25:54.338] |W| [Atrac9DecoderState::send]: Error sending Atrac9 packet: 0xBEBBB1B7.
[19:25:54.367] |W| [Atrac9DecoderState::send]: Error sending Atrac9 packet: 0xBEBBB1B7.
[19:25:54.388] |W| [Atrac9DecoderState::send]: Error sending Atrac9 packet: 0xBEBBB1B7.
[19:25:54.408] |W| [Atrac9DecoderState::send]: Error sending Atrac9 packet: 0xBEBBB1B7.
[19:25:54.417] |W| [Atrac9DecoderState::send]: Error sending Atrac9 packet: 0xBEBBB1B7.
[19:25:54.437] |W| [Atrac9DecoderState::send]: Error sending Atrac9 packet: 0xBEBBB1B7.
[19:25:54.457] |W| [Atrac9DecoderState::send]: Error sending Atrac9 packet: 0xBEBBB1B7.
[19:25:54.488] |W| [Atrac9DecoderState::send]: Error sending Atrac9 packet: 0xBEBBB1B7.
[19:25:54.508] |W| [Atrac9DecoderState::send]: Error sending Atrac9 packet: 0xBEBBB1B7.
[19:25:54.527] |W| [Atrac9DecoderState::send]: Error sending Atrac9 packet: 0xBEBBB1B7.
[19:25:54.548] |W| [Atrac9DecoderState::send]: Error sending Atrac9 packet: 0xBEBBB1B7.
[19:25:54.567] |W| [Atrac9DecoderState::send]: Error sending Atrac9 packet: 0xBEBBB1B7.
[19:25:54.597] |W| [Atrac9DecoderState::send]: Error sending Atrac9 packet: 0xBEBBB1B7.
[19:25:54.618] |W| [Atrac9DecoderState::send]: Error sending Atrac9 packet: 0xBEBBB1B7.
[19:25:54.637] |W| [Atrac9DecoderState::send]: Error sending Atrac9 packet: 0xBEBBB1B7.
[19:25:54.667] |W| [Atrac9DecoderState::send]: Error sending Atrac9 packet: 0xBEBBB1B7.
[19:25:54.698] |W| [Atrac9DecoderState::send]: Error sending Atrac9 packet: 0xBEBBB1B7.
[19:25:54.717] |W| [Atrac9DecoderState::send]: Error sending Atrac9 packet: 0xBEBBB1B7.
[19:25:54.738] |W| [Atrac9DecoderState::send]: Error sending Atrac9 packet: 0xBEBBB1B7.
[19:25:54.757] |W| [Atrac9DecoderState::send]: Error sending Atrac9 packet: 0xBEBBB1B7.
[19:25:54.767] |W| [Atrac9DecoderState::send]: Error sending Atrac9 packet: 0xBEBBB1B7.
[19:25:54.838] |W| [Atrac9DecoderState::send]: Error sending Atrac9 packet: 0xBEBBB1B7.
[19:25:54.858] |W| [Atrac9DecoderState::send]: Error sending Atrac9 packet: 0xBEBBB1B7.
[19:25:55.727] |W| [Atrac9DecoderState::send]: Error sending Atrac9 packet: 0xBEBBB1B7.
[19:25:55.748] |W| [Atrac9DecoderState::send]: Error sending Atrac9 packet: 0xBEBBB1B7.
[19:25:55.767] |W| [Atrac9DecoderState::send]: Error sending Atrac9 packet: 0xBEBBB1B7.
[19:25:55.797] |W| [Atrac9DecoderState::send]: Error sending Atrac9 packet: 0xBEBBB1B7.
[19:25:55.847] |W| [Atrac9DecoderState::send]: Error sending Atrac9 packet: 0xBEBBB1B7.
[19:25:55.867] |W| [Atrac9DecoderState::send]: Error sending Atrac9 packet: 0xBEBBB1B7.
[19:25:56.237] |W| [Atrac9DecoderState::send]: Error sending Atrac9 packet: 0xBEBBB1B7.
[19:25:56.258] |W| [Atrac9DecoderState::send]: Error sending Atrac9 packet: 0xBEBBB1B7.
[19:25:56.277] |W| [Atrac9DecoderState::send]: Error sending Atrac9 packet: 0xBEBBB1B7.
[19:25:56.297] |W| [Atrac9DecoderState::send]: Error sending Atrac9 packet: 0xBEBBB1B7.
[19:25:56.318] |W| [Atrac9DecoderState::send]: Error sending Atrac9 packet: 0xBEBBB1B7.
[19:25:56.357] |W| [Atrac9DecoderState::send]: Error sending Atrac9 packet: 0xBEBBB1B7.
[19:25:56.378] |W| [Atrac9DecoderState::send]: Error sending Atrac9 packet: 0xBEBBB1B7.
[19:25:56.397] |W| [Atrac9DecoderState::send]: Error sending Atrac9 packet: 0xBEBBB1B7.
[19:25:56.417] |W| [Atrac9DecoderState::send]: Error sending Atrac9 packet: 0xBEBBB1B7.
[19:25:56.438] |W| [Atrac9DecoderState::send]: Error sending Atrac9 packet: 0xBEBBB1B7.
[19:25:56.467] |W| [Atrac9DecoderState::send]: Error sending Atrac9 packet: 0xBEBBB1B7.
[19:25:56.487] |W| [Atrac9DecoderState::send]: Error sending Atrac9 packet: 0xBEBBB1B7.
[19:25:56.508] |W| [Atrac9DecoderState::send]: Error sending Atrac9 packet: 0xBEBBB1B7.
[19:25:56.527] |W| [Atrac9DecoderState::send]: Error sending Atrac9 packet: 0xBEBBB1B7.
[19:25:56.537] |W| [Atrac9DecoderState::send]: Error sending Atrac9 packet: 0xBEBBB1B7.
[19:25:56.567] |W| [Atrac9DecoderState::send]: Error sending Atrac9 packet: 0xBEBBB1B7.
[19:25:56.587] |W| [Atrac9DecoderState::send]: Error sending Atrac9 packet: 0xBEBBB1B7.
[19:25:56.607] |W| [Atrac9DecoderState::send]: Error sending Atrac9 packet: 0xBEBBB1B7.
[19:25:56.627] |W| [Atrac9DecoderState::send]: Error sending Atrac9 packet: 0xBEBBB1B7.
[19:25:56.647] |W| [Atrac9DecoderState::send]: Error sending Atrac9 packet: 0xBEBBB1B7.
[19:25:56.677] |W| [Atrac9DecoderState::send]: Error sending Atrac9 packet: 0xBEBBB1B7.
[19:25:56.697] |W| [Atrac9DecoderState::send]: Error sending Atrac9 packet: 0xBEBBB1B7.
[19:25:56.718] |W| [Atrac9DecoderState::send]: Error sending Atrac9 packet: 0xBEBBB1B7.
[19:25:56.737] |W| [Atrac9DecoderState::send]: Error sending Atrac9 packet: 0xBEBBB1B7.
[19:25:56.757] |W| [Atrac9DecoderState::send]: Error sending Atrac9 packet: 0xBEBBB1B7.
[19:25:56.789] |W| [Atrac9DecoderState::send]: Error sending Atrac9 packet: 0xBEBBB1B7.
[19:25:56.807] |W| [Atrac9DecoderState::send]: Error sending Atrac9 packet: 0xBEBBB1B7.
[19:25:56.827] |W| [Atrac9DecoderState::send]: Error sending Atrac9 packet: 0xBEBBB1B7.
[19:25:56.848] |W| [Atrac9DecoderState::send]: Error sending Atrac9 packet: 0xBEBBB1B7.
[19:25:56.867] |W| [Atrac9DecoderState::send]: Error sending Atrac9 packet: 0xBEBBB1B7.
[19:25:56.877] |W| [Atrac9DecoderState::send]: Error sending Atrac9 packet: 0xBEBBB1B7.
[19:25:56.908] |W| [Atrac9DecoderState::send]: Error sending Atrac9 packet: 0xBEBBB1B7.
[19:25:56.928] |W| [Atrac9DecoderState::send]: Error sending Atrac9 packet: 0xBEBBB1B7.
[19:25:56.947] |W| [Atrac9DecoderState::send]: Error sending Atrac9 packet: 0xBEBBB1B7.
[19:25:56.968] |W| [Atrac9DecoderState::send]: Error sending Atrac9 packet: 0xBEBBB1B7.
[19:25:56.987] |W| [Atrac9DecoderState::send]: Error sending Atrac9 packet: 0xBEBBB1B7.
[19:25:57.017] |W| [Atrac9DecoderState::send]: Error sending Atrac9 packet: 0xBEBBB1B7.
[19:25:57.078] |W| [Atrac9DecoderState::send]: Error sending Atrac9 packet: 0xBEBBB1B7.
[19:25:57.097] |W| [Atrac9DecoderState::send]: Error sending Atrac9 packet: 0xBEBBB1B7.
[19:25:57.197] |W| [Atrac9DecoderState::send]: Error sending Atrac9 packet: 0xBEBBB1B7.
[19:25:57.228] |W| [Atrac9DecoderState::send]: Error sending Atrac9 packet: 0xBEBBB1B7.
[19:25:57.237] |W| [Atrac9DecoderState::send]: Error sending Atrac9 packet: 0xBEBBB1B7.
[19:25:57.257] |W| [Atrac9DecoderState::send]: Error sending Atrac9 packet: 0xBEBBB1B7.
[19:25:57.318] |W| [Atrac9DecoderState::send]: Error sending Atrac9 packet: 0xBEBBB1B7.
[19:25:57.348] |W| [Atrac9DecoderState::send]: Error sending Atrac9 packet: 0xBEBBB1B7.
[19:25:57.497] |W| [Atrac9DecoderState::send]: Error sending Atrac9 packet: 0xBEBBB1B7.
[19:25:57.518] |W| [Atrac9DecoderState::send]: Error sending Atrac9 packet: 0xBEBBB1B7.
[19:25:57.537] |W| [Atrac9DecoderState::send]: Error sending Atrac9 packet: 0xBEBBB1B7.
[19:25:57.567] |W| [Atrac9DecoderState::send]: Error sending Atrac9 packet: 0xBEBBB1B7.
[19:25:57.618] |W| [Atrac9DecoderState::send]: Error sending Atrac9 packet: 0xBEBBB1B7.
[19:25:57.638] |W| [Atrac9DecoderState::send]: Error sending Atrac9 packet: 0xBEBBB1B7.
[19:25:57.827] |W| [Atrac9DecoderState::send]: Error sending Atrac9 packet: 0xBEBBB1B7.
[19:25:57.847] |W| [Atrac9DecoderState::send]: Error sending Atrac9 packet: 0xBEBBB1B7.
[19:25:57.868] |W| [Atrac9DecoderState::send]: Error sending Atrac9 packet: 0xBEBBB1B7.
[19:25:57.897] |W| [Atrac9DecoderState::send]: Error sending Atrac9 packet: 0xBEBBB1B7.
[19:25:57.948] |W| [Atrac9DecoderState::send]: Error sending Atrac9 packet: 0xBEBBB1B7.
[19:25:57.967] |W| [Atrac9DecoderState::send]: Error sending Atrac9 packet: 0xBEBBB1B7.
[19:25:58.108] |W| [Atrac9DecoderState::send]: Error sending Atrac9 packet: 0xBEBBB1B7.
[19:25:58.128] |W| [Atrac9DecoderState::send]: Error sending Atrac9 packet: 0xBEBBB1B7.
[19:25:58.147] |W| [Atrac9DecoderState::send]: Error sending Atrac9 packet: 0xBEBBB1B7.
[19:25:58.167] |W| [Atrac9DecoderState::send]: Error sending Atrac9 packet: 0xBEBBB1B7.
[19:25:58.238] |W| [Atrac9DecoderState::send]: Error sending Atrac9 packet: 0xBEBBB1B7.
[19:25:58.257] |W| [Atrac9DecoderState::send]: Error sending Atrac9 packet: 0xBEBBB1B7.
[19:25:59.937] |W| [Atrac9DecoderState::send]: Error sending Atrac9 packet: 0xBEBBB1B7.
[19:25:59.958] |W| [Atrac9DecoderState::send]: Error sending Atrac9 packet: 0xBEBBB1B7.
[19:26:00.007] |W| [Atrac9DecoderState::send]: Error sending Atrac9 packet: 0xBEBBB1B7.
[19:26:00.029] |W| [Atrac9DecoderState::send]: Error sending Atrac9 packet: 0xBEBBB1B7.
[19:26:00.968] |W| [Atrac9DecoderState::send]: Error sending Atrac9 packet: 0xBEBBB1B7.
[19:26:02.237] |W| [Atrac9DecoderState::send]: Error sending Atrac9 packet: 0xBEBBB1B7.
[19:26:02.257] |W| [Atrac9DecoderState::send]: Error sending Atrac9 packet: 0xBEBBB1B7.
[19:26:02.287] |W| [Atrac9DecoderState::send]: Error sending Atrac9 packet: 0xBEBBB1B7.
