[05:39:52.180] |I| [load_app_impl]: ngs experimental state: true
[05:39:52.180] |I| [load_app_impl]: video player state: true
[05:39:52.181] |I| [load_app_impl]: auto-lle: enabled
[05:39:52.181] |I| [load_app_impl]: Title: Hue
[05:39:52.181] |I| [load_app_impl]: Serial: PCSB01048
[05:39:52.181] |I| [load_app_impl]: Version: 1.00
[05:39:52.181] |I| [load_app_impl]: Category: gd
[05:39:52.235] |C| [load_self]: Unknown segment type 0x6FFFFF01
[05:39:52.235] |I| [load_self]: Loaded module segment 0 @ [0x00004000 - 0x000558A4 / 0x81000000] (size: 0x000518A4) of module app0:sce_module/libc.suprx
[05:39:52.235] |I| [load_self]: Loaded module segment 1 @ [0x00056000 - 0x000588A0 / 0x81052000] (size: 0x000028A0) of module app0:sce_module/libc.suprx
[05:39:52.235] |I| [load_self]: Loading symbols for SELF: app0:sce_module/libc.suprx
[05:39:52.236] |D| [load_var_exports]: 	NID 0x936C8A78 (SYSLYB) at 0x4B314
[05:39:52.236] |D| [load_var_exports]: 	NID 0x6C2224BA (NID_MODULE_INFO) at 0x404DC
[05:39:52.236] |W| [load_var_imports]: 	NID NOT FOUND 0x93B8AA67 (UNRECOGNISED) at 0x4463C, setting to stub value 0xDEADBEEF
[05:39:52.236] |W| [load_var_imports]: 	NID NOT FOUND 0xDF084DFA (UNRECOGNISED) at 0x461D0, setting to stub value 0xDEADBEEF
[05:39:52.236] |I| [pre_load_module]: Pre-load module SceLibc (at "sce_module/libc.suprx") loaded
[05:39:52.243] |C| [load_self]: Unknown segment type 0x6FFFFF01
[05:39:52.243] |I| [load_self]: Loaded module segment 0 @ [0x0005B000 - 0x00074000 / 0x81000000] (size: 0x00019000) of module app0:sce_module/libface.suprx
[05:39:52.243] |I| [load_self]: Loaded module segment 1 @ [0x00074000 - 0x000740F8 / 0x81019000] (size: 0x000000F8) of module app0:sce_module/libface.suprx
[05:39:52.243] |I| [load_self]: Loading symbols for SELF: app0:sce_module/libface.suprx
[05:39:52.243] |D| [load_var_exports]: 	NID 0x6C2224BA (NID_MODULE_INFO) at 0x70DA4
[05:39:52.244] |D| [load_var_exports]: 	NID 0x936C8A78 (SYSLYB) at 0x73784
[05:39:52.244] |I| [pre_load_module]: Pre-load module SceFace (at "sce_module/libface.suprx") loaded
[05:39:52.256] |C| [load_self]: Unknown segment type 0x6FFFFF01
[05:39:52.256] |I| [load_self]: Loaded module segment 0 @ [0x00075000 - 0x000A1CBF / 0x81000000] (size: 0x0002CCBF) of module app0:sce_module/libfios2.suprx
[05:39:52.257] |I| [load_self]: Loaded module segment 1 @ [0x000A2000 - 0x000A7255 / 0x8102D000] (size: 0x00005255) of module app0:sce_module/libfios2.suprx
[05:39:52.257] |I| [load_self]: Loading symbols for SELF: app0:sce_module/libfios2.suprx
[05:39:52.257] |D| [load_var_exports]: 	NID 0x936C8A78 (SYSLYB) at 0xA1BC8
[05:39:52.257] |D| [load_var_exports]: 	NID 0x6C2224BA (NID_MODULE_INFO) at 0x98F08
[05:39:52.257] |I| [pre_load_module]: Pre-load module SceLibFios2 (at "sce_module/libfios2.suprx") loaded
[05:39:52.303] |C| [load_self]: Unknown segment type 0x6FFFFF01
[05:39:52.303] |I| [load_self]: Loaded module segment 0 @ [0x000A8000 - 0x002B5AF4 / 0x81000000] (size: 0x0020DAF4) of module app0:sce_module/libsmart.suprx
[05:39:52.304] |I| [load_self]: Loaded module segment 1 @ [0x002B6000 - 0x002B9444 / 0x8120E000] (size: 0x00003444) of module app0:sce_module/libsmart.suprx
[05:39:52.304] |I| [load_self]: Loading symbols for SELF: app0:sce_module/libsmart.suprx
[05:39:52.304] |D| [load_var_exports]: 	NID 0x6C2224BA (NID_MODULE_INFO) at 0x153528
[05:39:52.304] |D| [load_var_exports]: 	NID 0x936C8A78 (SYSLYB) at 0x15A90C
[05:39:52.304] |I| [pre_load_module]: Pre-load module SceSmart (at "sce_module/libsmart.suprx") loaded
[05:39:52.314] |C| [load_self]: Unknown segment type 0x6FFFFF01
[05:39:52.314] |I| [load_self]: Loaded module segment 0 @ [0x002BA000 - 0x002CD9BC / 0x81000000] (size: 0x000139BC) of module app0:sce_module/libult.suprx
[05:39:52.314] |I| [load_self]: Loaded module segment 1 @ [0x002CE000 - 0x002CE814 / 0x81014000] (size: 0x00000814) of module app0:sce_module/libult.suprx
[05:39:52.314] |I| [load_self]: Loading symbols for SELF: app0:sce_module/libult.suprx
[05:39:52.314] |D| [load_var_exports]: 	NID 0x936C8A78 (SYSLYB) at 0x2CC2E8
[05:39:52.314] |D| [load_var_exports]: 	NID 0x6C2224BA (NID_MODULE_INFO) at 0x2C9870
[05:39:52.314] |I| [pre_load_module]: Pre-load module SceUlt (at "sce_module/libult.suprx") loaded
[05:39:52.320] |I| [load_self]: Loaded module segment 0 @ [0x002CF000 - 0x0031FF04 / 0x81000000] (size: 0x00050F04) of module vs0:sys/external/libSceFt2.suprx
[05:39:52.321] |I| [load_self]: Loaded module segment 1 @ [0x00320000 - 0x003202F4 / 0x81051000] (size: 0x000002F4) of module vs0:sys/external/libSceFt2.suprx
[05:39:52.322] |I| [load_self]: Loading symbols for SELF: vs0:sys/external/libSceFt2.suprx
[05:39:52.322] |D| [load_var_exports]: 	NID 0x936C8A78 (SYSLYB) at 0x30B7DC
[05:39:52.322] |D| [load_var_exports]: 	NID 0x6C2224BA (NID_MODULE_INFO) at 0x30AF10
[05:39:52.322] |I| [pre_load_module]: Pre-load module SceLibft2 (at "sys/external/libSceFt2.suprx") loaded
[05:39:52.323] |I| [load_self]: Loaded module segment 0 @ [0x00321000 - 0x00330F14 / 0x81000000] (size: 0x0000FF14) of module vs0:sys/external/libpvf.suprx
[05:39:52.323] |I| [load_self]: Loaded module segment 1 @ [0x00331000 - 0x00331008 / 0x81010000] (size: 0x00000008) of module vs0:sys/external/libpvf.suprx
[05:39:52.324] |I| [load_self]: Loading symbols for SELF: vs0:sys/external/libpvf.suprx
[05:39:52.324] |D| [load_var_exports]: 	NID 0x936C8A78 (SYSLYB) at 0x32F710
[05:39:52.324] |D| [load_var_exports]: 	NID 0x6C2224BA (NID_MODULE_INFO) at 0x32F300
[05:39:52.324] |I| [pre_load_module]: Pre-load module SceLibPvf (at "sys/external/libpvf.suprx") loaded
[05:39:52.716] |C| [load_self]: Unknown segment type 0x6FFFFF01
[05:39:52.716] |I| [load_self]: Loaded module segment 0 @ [0x00332000 - 0x0133C9D0 / 0x81000000] (size: 0x0100A9D0) of module app0:eboot.bin
[05:39:52.716] |I| [load_self]: Loaded module segment 1 @ [0x0133D000 - 0x01498350 / 0x8200B000] (size: 0x0015B350) of module app0:eboot.bin
[05:39:52.716] |I| [load_self]: Loading symbols for SELF: app0:eboot.bin
[05:39:52.717] |D| [load_var_exports]: 	NID 0x6C2224BA (NID_MODULE_INFO) at 0x112BBA8
[05:39:52.717] |D| [load_var_exports]: 	NID 0x70FBA1E7 (SCE_PROC_PARAMS) at 0x1366EC4
[05:39:52.717] |D| [load_var_exports]: 	NID 0x936C8A78 (SYSLYB) at 0x1289D78
[05:39:52.717] |W| [load_var_imports]: 	NID NOT FOUND 0x338B0BD1 (UNRECOGNISED) at 0x11778A8, setting to stub value 0xDEADBEEF
[05:39:52.717] |W| [load_var_imports]: 	NID NOT FOUND 0x3A451B91 (UNRECOGNISED) at 0x1177894, setting to stub value 0xDEADBEEF
[05:39:52.717] |W| [load_var_imports]: 	NID NOT FOUND 0x550DFE23 (UNRECOGNISED) at 0x11778BC, setting to stub value 0xDEADBEEF
[05:39:52.717] |W| [load_var_imports]: 	NID NOT FOUND 0x56354517 (UNRECOGNISED) at 0x117785C, setting to stub value 0xDEADBEEF
[05:39:52.717] |W| [load_var_imports]: 	NID NOT FOUND 0x5EF67445 (UNRECOGNISED) at 0x1177920, setting to stub value 0xDEADBEEF
[05:39:52.717] |W| [load_var_imports]: 	NID NOT FOUND 0x6ACA1D57 (UNRECOGNISED) at 0x11778E4, setting to stub value 0xDEADBEEF
[05:39:52.717] |W| [load_var_imports]: 	NID NOT FOUND 0x71A78083 (UNRECOGNISED) at 0x1177880, setting to stub value 0xDEADBEEF
[05:39:52.718] |W| [load_var_imports]: 	NID NOT FOUND 0x79F9DB75 (UNRECOGNISED) at 0x11778D0, setting to stub value 0xDEADBEEF
[05:39:52.718] |W| [load_var_imports]: 	NID NOT FOUND 0xAA0340C3 (UNRECOGNISED) at 0x11778F8, setting to stub value 0xDEADBEEF
[05:39:52.718] |W| [load_var_imports]: 	NID NOT FOUND 0xF9A1DE92 (UNRECOGNISED) at 0x117790C, setting to stub value 0xDEADBEEF
[05:39:52.718] |I| [load_app_impl]: Main executable UnityPlayer_536_Release (eboot.bin) loaded
[05:39:52.721] |D| [run_app]: Running module_start of library: SceLibc at address 0x4871
[05:39:52.725] |I| [run_app]: Module SceLibc (at "app0:sce_module/libc.suprx") module_start returned 0x0
[05:39:52.726] |D| [run_app]: Running module_start of library: SceFace at address 0x70265
[05:39:52.728] |I| [run_app]: Module SceFace (at "app0:sce_module/libface.suprx") module_start returned 0x0
[05:39:52.728] |D| [run_app]: Running module_start of library: SceLibFios2 at address 0x75001
[0