[06:26:57.203] |I| [load_app_impl]: ngs experimental state: true
[06:26:57.203] |I| [load_app_impl]: video player state: true
[06:26:57.203] |I| [load_app_impl]: auto-lle: enabled
[06:26:57.204] |I| [load_app_impl]: Title: Zeroptian Invasion
[06:26:57.204] |I| [load_app_impl]: Serial: PCSB01328
[06:26:57.204] |I| [load_app_impl]: Version: 1.00
[06:26:57.204] |I| [load_app_impl]: Category: gd
[06:26:57.241] |C| [load_self]: Unknown segment type 0x6FFFFF01
[06:26:57.242] |I| [load_self]: Loaded module segment 0 @ [0x00004000 - 0x0005591C / 0x81000000] (size: 0x0005191C) of module app0:sce_module/libc.suprx
[06:26:57.242] |I| [load_self]: Loaded module segment 1 @ [0x00056000 - 0x000588A0 / 0x81052000] (size: 0x000028A0) of module app0:sce_module/libc.suprx
[06:26:57.242] |I| [load_self]: Loading symbols for SELF: app0:sce_module/libc.suprx
[06:26:57.242] |D| [load_var_exports]: 	NID 0x936C8A78 (SYSLYB) at 0x4B38C
[06:26:57.242] |D| [load_var_exports]: 	NID 0x6C2224BA (NID_MODULE_INFO) at 0x40550
[06:26:57.242] |W| [load_var_imports]: 	NID NOT FOUND 0x93B8AA67 (UNRECOGNISED) at 0x446B0, setting to stub value 0xDEADBEEF
[06:26:57.242] |W| [load_var_imports]: 	NID NOT FOUND 0xDF084DFA (UNRECOGNISED) at 0x46244, setting to stub value 0xDEADBEEF
[06:26:57.243] |I| [pre_load_module]: Pre-load module SceLibc (at "sce_module/libc.suprx") loaded
[06:26:57.262] |C| [load_self]: Unknown segment type 0x6FFFFF01
[06:26:57.262] |I| [load_self]: Loaded module segment 0 @ [0x0005B000 - 0x00087CBF / 0x81000000] (size: 0x0002CCBF) of module app0:sce_module/libfios2.suprx
[06:26:57.262] |I| [load_self]: Loaded module segment 1 @ [0x00088000 - 0x0008D255 / 0x8102D000] (size: 0x00005255) of module app0:sce_module/libfios2.suprx
[06:26:57.262] |I| [load_self]: Loading symbols for SELF: app0:sce_module/libfios2.suprx
[06:26:57.262] |D| [load_var_exports]: 	NID 0x936C8A78 (SYSLYB) at 0x87BC8
[06:26:57.262] |D| [load_var_exports]: 	NID 0x6C2224BA (NID_MODULE_INFO) at 0x7EF08
[06:26:57.262] |I| [pre_load_module]: Pre-load module SceLibFios2 (at "sce_module/libfios2.suprx") loaded
[06:26:57.274] |C| [load_self]: Unknown segment type 0x6FFFFF01
[06:26:57.274] |I| [load_self]: Loaded module segment 0 @ [0x0008E000 - 0x000A19BC / 0x81000000] (size: 0x000139BC) of module app0:sce_module/libult.suprx
[06:26:57.274] |I| [load_self]: Loaded module segment 1 @ [0x000A2000 - 0x000A2814 / 0x81014000] (size: 0x00000814) of module app0:sce_module/libult.suprx
[06:26:57.274] |I| [load_self]: Loading symbols for SELF: app0:sce_module/libult.suprx
[06:26:57.274] |D| [load_var_exports]: 	NID 0x936C8A78 (SYSLYB) at 0xA02E8
[06:26:57.274] |D| [load_var_exports]: 	NID 0x6C2224BA (NID_MODULE_INFO) at 0x9D870
[06:26:57.275] |I| [pre_load_module]: Pre-load module SceUlt (at "sce_module/libult.suprx") loaded
[06:26:57.280] |I| [load_self]: Loaded module segment 0 @ [0x000A3000 - 0x000F3F04 / 0x81000000] (size: 0x00050F04) of module vs0:sys/external/libSceFt2.suprx
[06:26:57.281] |I| [load_self]: Loaded module segment 1 @ [0x000F4000 - 0x000F42F4 / 0x81051000] (size: 0x000002F4) of module vs0:sys/external/libSceFt2.suprx
[06:26:57.281] |I| [load_self]: Loading symbols for SELF: vs0:sys/external/libSceFt2.suprx
[06:26:57.281] |D| [load_var_exports]: 	NID 0x936C8A78 (SYSLYB) at 0xDF7DC
[06:26:57.282] |D| [load_var_exports]: 	NID 0x6C2224BA (NID_MODULE_INFO) at 0xDEF10
[06:26:57.282] |I| [pre_load_module]: Pre-load module SceLibft2 (at "sys/external/libSceFt2.suprx") loaded
[06:26:57.283] |I| [load_self]: Loaded module segment 0 @ [0x000F5000 - 0x00104F14 / 0x81000000] (size: 0x0000FF14) of module vs0:sys/external/libpvf.suprx
[06:26:57.283] |I| [load_self]: Loaded module segment 1 @ [0x00105000 - 0x00105008 / 0x81010000] (size: 0x00000008) of module vs0:sys/external/libpvf.suprx
[06:26:57.283] |I| [load_self]: Loading symbols for SELF: vs0:sys/external/libpvf.suprx
[06:26:57.283] |D| [load_var_exports]: 	NID 0x936C8A78 (SYSLYB) at 0x103710
[06:26:57.283] |D| [load_var_exports]: 	NID 0x6C2224BA (NID_MODULE_INFO) at 0x103300
[06:26:57.283] |I| [pre_load_module]: Pre-load module SceLibPvf (at "sys/external/libpvf.suprx") loaded
[06:26:57.387] |C| [load_self]: Unknown segment type 0x6FFFFF01
[06:26:57.387] |I| [load_self]: Loaded module segment 0 @ [0x00106000 - 0x004F754C / 0x81000000] (size: 0x003F154C) of module app0:eboot.bin
[06:26:57.387] |I| [load_self]: Loaded module segment 1 @ [0x004F8000 - 0x008D82C0 / 0x813F2000] (size: 0x003E02C0) of module app0:eboot.bin
[06:26:57.388] |I| [load_self]: Loading symbols for SELF: app0:eboot.bin
[06:26:57.388] |D| [load_var_exports]: 	NID 0x6C2224BA (NID_MODULE_INFO) at 0x3FF850
[06:26:57.388] |D| [load_var_exports]: 	NID 0x70FBA1E7 (SCE_PROC_PARAMS) at 0x4FE498
[06:26:57.388] |D| [load_var_exports]: 	NID 0x936C8A78 (SYSLYB) at 0x4342D0
[06:26:57.388] |I| [load_app_impl]: Main executable rgpluginsgm_psvita (eboot.bin) loaded
[06:26:57.390] |D| [run_app]: Running module_start of library: SceLibc at address 0x4871
[06:26:57.394] |I| [run_app]: Module SceLibc (at "app0:sce_module/libc.suprx") module_start returned 0x0
[06:26:57.395] |D| [run_app]: Running module_start of library: SceLibFios2 at address 0x5B001
[06:26:57.396] |W| [stubbed_impl]: Stubbed sceKernelGetProcessId import called. (pid: 0)
[06:26:57.396] |W| [unimplemented_impl]: Unimplemented sceFiosOverlayGetList02 import called.
[06:26:57.397] |I| [run_app]: Module SceLibFios2 (at "app0:sce_module/libfios2.suprx") module_start returned 0x0
[06:26:57.397] |D| [run_app]: Running module_start of library: SceUlt at address 0x91771
[06:26:57.399] |W| [unimplemented_impl]: Unimplemented _sceUlobjMgrRegisterLibultProtocolRevision import called.
[06:26:57.399] |I| [run_app]: Module SceUlt (at "app0:sce_module/libult.suprx") module_start returned 0x0
[06:26:57.413] |W| [unimplemented_impl]: Unimplemented sceAppUtilInit import called.
[06:26:57.415] |W| [stubbed_impl]: Stubbed sceGxmMapMemory import called. (always return success)
[06:26:57.416] |W| [stubbed_impl]: Stubbed sceGxmMapFragmentUsseMemory import called. (always return success)
[06:26:57.477] |W| [stubbed_impl]: Stubbed sceGxmMapVertexUsseMemory import called. (always return success)
[06:26:57.480] |I| [load_module]: Loading module ID: 0x4
[06:26:57.483] |C| [load_self]: Unknown segment type 0x6FFFFF01
[06:26:57.483] |I| [load_self]: Loaded module segment 0 @ [0x01708000 - 0x01725150 / 0x81000000] (size: 0x0001D150) of module sys/external/libhttp.suprx
[06:26:57.483] |I| [load_self]: Loaded module segment 1 @ [0x01726000 - 0x01726640 / 0x8101E000] (size: 0x00000640) of module sys/external/libhttp.suprx
[06:26:57.483] |I| [load_self]: Loading symbols for SELF: sys/external/libhttp.suprx
[06:26:57.483] |D| [load_var_exports]: 	NID 0x936C8A78 (SYSLYB) at 0x1723E68
[06:26:57.483] |D| [load_var_exports]: 	NID 0x6C2224BA (NID_MODULE_INFO) at 0x1720CA0
[06:26:57.483] |I| [load_module]: Module SceLibHttp (at "sys/external/libhttp.suprx") loaded
[06:26:57.483] |D| [load_module]: Running module_start of module: SceLibHttp
[06:26:57.485] |I| [load_module]: Module SceLibHttp (at "sys/external/libhttp.suprx") module_start returned 0x0
[06:26:57.493] |I| [load_self]: Loaded module segment 0 @ [0x01729000 - 0x0178FEA4 / 0x81000000] (size: 0x00066EA4) of module sys/external/libssl.suprx
[06:26:57.494] |I| [load_self]: Loaded module segment 1 @ [0x01790000 - 0x01794FA8 / 0x81067000] (size: 0x00004FA8) of module sys/external/libssl.suprx
[06:26:57.494] |I| [load_self]: Loading symbols for SELF: sys/external/libssl.suprx
[06:26:57.494] |D| [load_var_exports]: 	NID 0x936C8A78 (SYSLYB) at 0x177B9E0
[06:26:57.494] |D| [load_var_exports]: 	NID 0x6C2224BA (NID_MODULE_INFO) at 0x1775CA0
[06:26:57.494] |I| [load_module]: Module SceLibSsl (at "sys/external/libssl.suprx") loaded
[06:26:57.495] |W| [unimplemented_impl]: Unimplemented sceNetCtlInit import called.
[06:26:57.497] |E| [call_import]: Import function for NID 0x9F793F84 not found (thread name: PCSB01328, thread ID: 6)
[06:26:57.498] |W| [stubbed_impl]: Stubbed sceNetCtlInetGetState import called. (state = SCE_NETCTL_STATE_DISCONNECTED)
[06:26:57.502] |W| [stubbed_impl]: Stubbed sceNetCtlCheckCallback import called. (Stub)
[06:26:57.521] |I| [export_sceIoOpen]: Opening file: app0:/games/game.win
[06:26:57.523] |E| [call_import]: Import function for NID 0xE340C006 not found (thread name: PCSB01328, thread ID: 6)
[06:26:57.523] |I| [export_sceIoOpen]: Opening file: savedata0:/app0:/games/options.ini
[06:26:57.536] |I| [export_sceIoOpen]: Opening file: savedata0:/app0:/games/options.ini
[06:26:57.536] |I| [export_sceIoOpen]: Opening file: savedata0:/app0:/games/options.ini
[06:26:57.553] |I| [export_sceIoOpen]: Opening file: app0:/games/game.yydebug
[06:26:57.553] |E| [open_file]: Missing file at D:/Emulateurs/Vita3K/mc/ux0/app/PCSB01328/games/game.yydebug (target path: app0:/games/game.yydebug)
[06:26:57.553] |W| [io_error_impl]: open_file (sceIoOpen) returned 0x80010002
[06:26:57.553] |I| [export_sceIoOpen]: Opening file: app0:/games/game.win
[06:26:58.329] |I| [export_sceIoOpen]: Opening file: savedata0:/hiscore.dat
[06:26:58.329] |E| [open_file]: Missing file at D:/Emulateurs/Vita3K/mc/ux0/user/00/savedata/PCSB01328/hiscore.dat (target path: savedata0:/hiscore.dat)
[06:26:58.329] |W| [io_error_impl]: open_file (sceIoOpen) returned 0x80010002
[06:26:58.334] |I| [export_sceIoOpen]: Opening file: savedata0:/gamecontrollerdb.txt
[06:26:58.334] |E| [open_file]: Missing file at D:/Emulateurs/Vita3K/mc/ux0/user/00/savedata/PCSB01328/gamecontrollerdb.txt (target path: savedata0:/gamecontrollerdb.txt)
[06:26:58.335] |W| [io_error_impl]: open_file (sceIoOpen) returned 0x80010002
[06:26:58.335] |I| [export_sceIoOpen]: Opening file: app0:/games/gamecontrollerdb.txt
[06:26:58.335] |E| [open_file]: Missing file at D:/Emulateurs/Vita3K/mc/ux0/app/PCSB01328/games/gamecontrollerdb.txt (target path: app0:/games/gamecontrollerdb.txt)
[06:26:58.335] |W| [io_error_impl]: open_file (sceIoOpen) returned 0x80010002
[06:26:58.338] |I| [export_sceIoOpen]: Opening file: savedata0:/playerachievementcache.dat
[06:26:58.338] |E| [open_file]: Missing file at D:/Emulateurs/Vita3K/mc/ux0/user/00/savedata/PCSB01328/playerachievementcache.dat (target path: savedata0:/playerachievementcache.dat)
[06:26:58.338] |W| [io_error_impl]: open_file (sceIoOpen) returned 0x80010002
[06:26:58.342] |W| [stubbed_impl]: Stubbed sceKernelGetFreeMemorySize import called. (Single pool)
[06:26:58.342] |W| [unimplemented_impl]: Unimplemented sceGxmTextureValidate import called.
[06:26:58.409] |I| [export_sceIoOpen]: Opening file: savedata0:/rgpluginsgm_psvita.suprx
[06:26:58.409] |E| [open_file]: Missing file at D:/Emulateurs/Vita3K/mc/ux0/user/00/savedata/PCSB01328/rgpluginsgm_psvita.suprx (target path: savedata0:/rgpluginsgm_psvita.suprx)
[06:26:58.409] |W| [io_error_impl]: open_file (sceIoOpen) returned 0x80010002
[06:26:58.410] |I| [export_sceIoOpen]: Opening file: app0:/games/rgpluginsgm_psvita.suprx
[06:26:58.411] |C| [load_self]: Unknown segment type 0x6FFFFF01
[06:26:58.411] |I| [load_self]: Loaded module segment 0 @ [0x07787000 - 0x0779BB10 / 0x81000000] (size: 0x00014B10) of module app0:/games/rgpluginsgm_psvita.suprx
[06:26:58.411] |I| [load_self]: Loaded module segment 1 @ [0x0779C000 - 0x0779CCA8 / 0x81015000] (size: 0x00000CA8) of module app0:/games/rgpluginsgm_psvita.suprx
[06:26:58.411] |I| [load_self]: Loading symbols for SELF: app0:/games/rgpluginsgm_psvita.suprx
[06:26:58.411] |D| [load_var_exports]: 	NID 0x6C2224BA (NID_MODULE_INFO) at 0x77979A8
[06:26:58.411] |D| [load_var_exports]: 	NID 0x936C8A78 (SYSLYB) at 0x779B404
[06:26:58.414] |I| [export__sceKernelLoadStartModule]: Module rgpluginsgm_psvita (at "app0:/games/rgpluginsgm_psvita.suprx") module_start returned 0x0
[06:26:58.415] |E| [log_error_details]: Unicorn error 0x6. Invalid memory read (UC_ERR_READ_UNMAPPED)
[06:26:58.415] |E| [log_error_details]: PC: 0x002e4242,   SP: 0x00917460,   LR: 0x002f57db
[06:26:58.415] |E| [log_error_details]: r0 : 0x00a0e4e8   r6 : 0x00000000
[06:26:58.415] |E| [log_error_details]: r1 : 0x00a0fc60   r7 : 0x00000000
[06:26:58.415] |E| [log_error_details]