[15:19:32.595] |I| [load_app_impl]: ngs experimental state: true
[15:19:32.595] |I| [load_app_impl]: video player state: true
[15:19:32.595] |I| [load_app_impl]: auto-lle: enabled
[15:19:32.595] |I| [load_app_impl]: Title: DIGIMON STORY CYBER SLEUTH
[15:19:32.596] |I| [load_app_impl]: Serial: PCSB00861
[15:19:32.596] |I| [load_app_impl]: Version: 1.06
[15:19:32.596] |I| [load_app_impl]: Category: gp
[15:19:32.659] |C| [load_self]: Unknown segment type 0x6FFFFF01
[15:19:32.659] |I| [load_self]: Loaded module segment 0 @ [0x00004000 - 0x000558A4 / 0x81000000] (size: 0x000518A4) of module ux0:app\PCSB00861\sce_module\libc.suprx
[15:19:32.659] |I| [load_self]: Loaded module segment 1 @ [0x00056000 - 0x000588A0 / 0x81052000] (size: 0x000028A0) of module ux0:app\PCSB00861\sce_module\libc.suprx
[15:19:32.660] |I| [load_self]: Loading symbols for SELF: ux0:app\PCSB00861\sce_module\libc.suprx
[15:19:32.660] |D| [load_var_exports]: 	NID 0x936C8A78 (SYSLYB) at 0x4B314
[15:19:32.660] |D| [load_var_exports]: 	NID 0x6C2224BA (NID_MODULE_INFO) at 0x404DC
[15:19:32.660] |W| [load_var_imports]: 	NID NOT FOUND 0x93B8AA67 (UNRECOGNISED) at 0x4463C, setting to stub value 0xDEADBEEF
[15:19:32.660] |W| [load_var_imports]: 	NID NOT FOUND 0xDF084DFA (UNRECOGNISED) at 0x461D0, setting to stub value 0xDEADBEEF
[15:19:32.660] |I| [pre_load_module]: Pre-load module SceLibc (at "app\PCSB00861\sce_module\libc.suprx") loaded
[15:19:32.701] |C| [load_self]: Unknown segment type 0x6FFFFF01
[15:19:32.702] |I| [load_self]: Loaded module segment 0 @ [0x0005B000 - 0x00087CBF / 0x81000000] (size: 0x0002CCBF) of module ux0:app\PCSB00861\sce_module\libfios2.suprx
[15:19:32.704] |I| [load_self]: Loaded module segment 1 @ [0x00088000 - 0x0008D255 / 0x8102D000] (size: 0x00005255) of module ux0:app\PCSB00861\sce_module\libfios2.suprx
[15:19:32.706] |I| [load_self]: Loading symbols for SELF: ux0:app\PCSB00861\sce_module\libfios2.suprx
[15:19:32.708] |D| [load_var_exports]: 	NID 0x936C8A78 (SYSLYB) at 0x87BC8
[15:19:32.709] |D| [load_var_exports]: 	NID 0x6C2224BA (NID_MODULE_INFO) at 0x7EF08
[15:19:32.710] |I| [pre_load_module]: Pre-load module SceLibFios2 (at "app\PCSB00861\sce_module\libfios2.suprx") loaded
[15:19:32.745] |C| [load_self]: Unknown segment type 0x6FFFFF01
[15:19:32.746] |I| [load_self]: Loaded module segment 0 @ [0x0008E000 - 0x000A19A4 / 0x81000000] (size: 0x000139A4) of module ux0:app\PCSB00861\sce_module\libult.suprx
[15:19:32.748] |I| [load_self]: Loaded module segment 1 @ [0x000A2000 - 0x000A2814 / 0x81014000] (size: 0x00000814) of module ux0:app\PCSB00861\sce_module\libult.suprx
[15:19:32.749] |I| [load_self]: Loading symbols for SELF: ux0:app\PCSB00861\sce_module\libult.suprx
[15:19:32.751] |D| [load_var_exports]: 	NID 0x936C8A78 (SYSLYB) at 0xA02D0
[15:19:32.752] |D| [load_var_exports]: 	NID 0x6C2224BA (NID_MODULE_INFO) at 0x9D858
[15:19:32.754] |I| [pre_load_module]: Pre-load module SceUlt (at "app\PCSB00861\sce_module\libult.suprx") loaded
[15:19:32.762] |I| [load_self]: Loaded module segment 0 @ [0x000A3000 - 0x000F3F04 / 0x81000000] (size: 0x00050F04) of module vs0:sys/external/libSceFt2.suprx
[15:19:32.766] |I| [load_self]: Loaded module segment 1 @ [0x000F4000 - 0x000F42F4 / 0x81051000] (size: 0x000002F4) of module vs0:sys/external/libSceFt2.suprx
[15:19:32.769] |I| [load_self]: Loading symbols for SELF: vs0:sys/external/libSceFt2.suprx
[15:19:32.771] |D| [load_var_exports]: 	NID 0x936C8A78 (SYSLYB) at 0xDF7DC
[15:19:32.772] |D| [load_var_exports]: 	NID 0x6C2224BA (NID_MODULE_INFO) at 0xDEF10
[15:19:32.774] |I| [pre_load_module]: Pre-load module SceLibft2 (at "sys/external/libSceFt2.suprx") loaded
[15:19:32.777] |I| [load_self]: Loaded module segment 0 @ [0x000F5000 - 0x00104F14 / 0x81000000] (size: 0x0000FF14) of module vs0:sys/external/libpvf.suprx
[15:19:32.781] |I| [load_self]: Loaded module segment 1 @ [0x00105000 - 0x00105008 / 0x81010000] (size: 0x00000008) of module vs0:sys/external/libpvf.suprx
[15:19:32.784] |I| [load_self]: Loading symbols for SELF: vs0:sys/external/libpvf.suprx
[15:19:32.785] |D| [load_var_exports]: 	NID 0x936C8A78 (SYSLYB) at 0x103710
[15:19:32.785] |D| [load_var_exports]: 	NID 0x6C2224BA (NID_MODULE_INFO) at 0x103300
[15:19:32.786] |I| [pre_load_module]: Pre-load module SceLibPvf (at "sys/external/libpvf.suprx") loaded
[15:19:32.920] |C| [load_self]: Unknown segment type 0x6FFFFF01
[15:19:32.921] |I| [load_self]: Loaded module segment 0 @ [0x00106000 - 0x00594E34 / 0x81000000] (size: 0x0048EE34) of module app0:eboot.bin
[15:19:32.923] |I| [load_self]: Loaded module segment 1 @ [0x00595000 - 0x009180C4 / 0x8148F000] (size: 0x003830C4) of module app0:eboot.bin
[15:19:32.925] |I| [load_self]: Loading symbols for SELF: app0:eboot.bin
[15:19:32.926] |D| [load_var_exports]: 	NID 0x6C2224BA (NID_MODULE_INFO) at 0x4BBF40
[15:19:32.928] |D| [load_var_exports]: 	NID 0x70FBA1E7 (SCE_PROC_PARAMS) at 0x59CCC8
[15:19:32.929] |D| [load_var_exports]: 	NID 0x936C8A78 (SYSLYB) at 0x5220A8
[15:19:32.931] |I| [load_app_impl]: Main executable app_digister (eboot.bin) loaded
[15:19:32.938] |D| [run_app]: Running module_start of library: SceLibc at address 0x4871
[15:19:32.982] |I| [run_app]: Module SceLibc (at "ux0:app\PCSB00861\sce_module\libc.suprx") module_start returned 0x0
[15:19:32.983] |D| [run_app]: Running module_start of library: SceLibFios2 at address 0x5B001
[15:19:32.984] |W| [stubbed_impl]: Stubbed sceKernelGetProcessId import called. (pid: 0)
[15:19:32.985] |D| [export_sceFiosOverlayGetList02]: maxIDs: 127
[15:19:32.985] |W| [unimplemented_impl]: Unimplemented sceFiosOverlayGetList02 import called.
[15:19:32.987] |I| [run_app]: Module SceLibFios2 (at "ux0:app\PCSB00861\sce_module\libfios2.suprx") module_start returned 0x0
[15:19:32.990] |D| [run_app]: Running module_start of library: SceUlt at address 0x91769
[15:19:32.992] |W| [unimplemented_impl]: Unimplemented _sceUlobjMgrRegisterLibultProtocolRevision import called.
[15:19:32.993] |I| [run_app]: Module SceUlt (at "ux0:app\PCSB00861\sce_module\libult.suprx") module_start returned 0x0
[15:19:33.002] |W| [unimplemented_impl]: Unimplemented sceAppUtilInit import called.
[15:19:33.002] |W| [unimplemented_impl]: Unimplemented sceAppMgrAcquireBgmPort import called.
[15:19:33.026] |W| [unimplemented_impl]: Unimplemented sceKernelChangeThreadVfpException import called.
[15:19:33.026] |W| [unimplemented_impl]: Unimplemented sceFiosOverlayThreadSetDisabled02 import called.
[15:19:33.034] |E| [call_import]: Import function for NID 0xD7F0F610 not found (thread name: PCSB00861, thread ID: 6)
[15:19:33.038] |W| [stubbed_impl]: Stubbed sceKernelGetThreadInfo import called. (STUB)
[15:19:33.045] |W| [stubbed_impl]: Stubbed _sceKernelWaitSignal import called. (sceKernelWaitSignal)
[15:19:33.048] |W| [stubbed_impl]: Stubbed sceGxmMapMemory import called. (always return success)
[15:19:33.049] |W| [stubbed_impl]: Stubbed sceGxmMapFragmentUsseMemory import called. (always return success)
[15:19:33.132] |W| [stubbed_impl]: Stubbed sceGxmMapVertexUsseMemory import called. (always return success)
[15:19:33.151] |I| [load_module]: Loading module ID: 0x30
[15:19:33.178] |C| [load_self]: Unknown segment type 0x6FFFFF01
[15:19:33.178] |I| [load_self]: Loaded module segment 0 @ [0x0DF70000 - 0x0DF7355C / 0x81000000] (size: 0x0000355C) of module sys/external/libatrac.suprx
[15:19:33.182] |I| [load_self]: Loaded module segment 1 @ [0x0DF74000 - 0x0DF75038 / 0x81004000] (size: 0x00001038) of module sys/external/libatrac.suprx
[15:19:33.184] |I| [load_self]: Loading symbols for SELF: sys/external/libatrac.suprx
[15:19:33.187] |D| [load_var_exports]: 	NID 0x936C8A78 (SYSLYB) at 0xDF73558
[15:19:33.189] |D| [load_var_exports]: 	NID 0x6C2224BA (NID_MODULE_INFO) at 0xDF72DB4
[15:19:33.190] |I| [load_module]: Module SceAtrac (at "sys/external/libatrac.suprx") loaded
[15:19:33.191] |D| [load_module]: Running module_start of module: SceAtrac
[15:19:33.195] |I| [load_module]: Module SceAtrac (at "sys/external/libatrac.suprx") module_start returned 0x0
[15:19:33.200] |W| [stubbed_impl]: Stubbed sceAudiodecInitLibrary import called. (EMPTY)
[15:19:33.202] |I| [load_module]: Loading module ID: 0x4
[15:19:33.205] |C| [load_self]: Unknown segment type 0x6FFFFF01
[15:19:33.205] |I| [load_self]: Loaded module segment 0 @ [0x0DF78000 - 0x0DF95150 / 0x81000000] (size: 0x0001D150) of module sys/external/libhttp.suprx
[15:19:33.206] |I| [load_self]: Loaded module segment 1 @ [0x0DF76000 - 0x0DF76640 / 0x8101E000] (size: 0x00000640) of module sys/external/libhttp.suprx
[15:19:33.208] |I| [load_self]: Loading symbols for SELF: sys/external/libhttp.suprx
[15:19:33.209] |D| [load_var_exports]: 	NID 0x936C8A78 (SYSLYB) at 0xDF93E68
[15:19:33.214] |D| [load_var_exports]: 	NID 0x6C2224BA (NID_MODULE_INFO) at 0xDF90CA0
[15:19:33.215] |I| [load_module]: Module SceLibHttp (at "sys/external/libhttp.suprx") loaded
[15:19:33.216] |D| [load_module]: Running module_start of module: SceLibHttp
[15:19:33.220] |I| [load_module]: Module SceLibHttp (at "sys/external/libhttp.suprx") module_start returned 0x0
[15:19:33.229] |I| [load_self]: Loaded module segment 0 @ [0x0DF98000 - 0x0DFFEEA4 / 0x81000000] (size: 0x00066EA4) of module sys/external/libssl.suprx
[15:19:33.230] |I| [load_self]: Loaded module segment 1 @ [0x0DFFF000 - 0x0E003FA8 / 0x81067000] (size: 0x00004FA8) of module sys/external/libssl.suprx
[15:19:33.232] |I| [load_self]: Loading symbols for SELF: sys/external/libssl.suprx
[15:19:33.233] |D| [load_var_exports]: 	NID 0x936C8A78 (SYSLYB) at 0xDFEA9E0
[15:19:33.234] |D| [load_var_exports]: 	NID 0x6C2224BA (NID_MODULE_INFO) at 0xDFE4CA0
[15:19:33.237] |I| [load_module]: Module SceLibSsl (at "sys/external/libssl.suprx") loaded
[15:19:33.238] |W| [unimplemented_impl]: Unimplemented sceNetCtlInit import called.
[15:19:33.240] |W| [unimplemented_impl]: Unimplemented SceLibKernel_9F793F84 import called.
[15:19:34.626] |W| [unimplemented_impl]: Unimplemented sceScreenShotSetOverlayImage import called.
[15:19:34.630] |W| [unimplemented_impl]: Unimplemented sceNetCtlAdhocRegisterCallback import called.
[15:19:34.631] |I| [load_module]: Loading module ID: 0x2
[15:19:34.635] |C| [load_self]: Unknown segment type 0x6FFFFF01
[15:19:34.635] |I| [load_self]: Loaded module segment 0 @ [0x0E064000 - 0x0E081150 / 0x81000000] (size: 0x0001D150) of module sys/external/libhttp.suprx
[15:19:34.640] |I| [load_self]: Loaded module segment 1 @ [0x0DF96000 - 0x0DF96640 / 0x8101E000] (size: 0x00000640) of module sys/external/libhttp.suprx
[15:19:34.641] |I| [load_self]: Loading symbols for SELF: sys/external/libhttp.suprx
[15:19:34.643] |D| [load_var_exports]: 	NID 0x936C8A78 (SYSLYB) at 0xE07FE68
[15:19:34.644] |D| [load_var_exports]: 	NID 0x6C2224BA (NID_MODULE_INFO) at 0xE07CCA0
[15:19:34.645] |I| [load_module]: Module SceLibHttp (at "sys/external/libhttp.suprx") loaded
[15:19:34.647] |D| [load_module]: Running module_start of module: SceLibHttp
[15:19:34.650] |I| [load_module]: Module SceLibHttp (at "sys/external/libhttp.suprx") module_start returned 0x0
[15:19:34.655] |E| [logging::ret_error_impl]: sceNetInit returned SCE_NET_ERROR_EINTERNAL (0x804101CC)
[15:19:34.658] |W| [unimplemented_impl]: Unimplemented sceGxmSetFrontFragmentProgramEnable import called.
[15:19:34.659] |W| [stubbed_impl]: Stubbed __sceAppMgrGetAppState import called. (Set to 0.)
[15:19:34.717] |I| [export_sceIoOpen]: Opening file: app0:resources/DSDBP.psp2.mvgl
[15:19:35.112] |I| [export_sceIoOpen]: Opening file: app0:resources/font/FOT-SkipStd-B.otf
[15:19:35.138] |I| [export_sceClibPrintf]: LIBPVF>>> FILE: app0:resources/font/FOT-SkipStd-B.otf

[15:19:35.138] |W| [unimplemented_impl]: Unimplemented sceIoIoctl import called.
[15:19:35.224] |I| [export_sceIoOpen]: Opening file: app0:resources/font/DigiFont.ttf
[15:19:35.236] |I| [export_sceClibPrintf]: LIBPVF>>> FILE: app0:resources/font/DigiFont.ttf

[15:19:35.242] |I| [export_sceIoOpen]: Opening file: app0:resources/font/FOT-SkipStd-B.otf
[15:19:35.242] |I| [export_sceClibPrintf]: LIBPVF>>> FILE: app0:resources/font/FOT-SkipStd-B.otf

[15:19:35.252] |I| [export_sceIoOpen]: Opening file: app0:resources/font/DigiFont.ttf
[15:19:35.253] |I| [export_sceClibPrintf]: LIBPVF>>> FILE: app0:resources/font/DigiFont.ttf

[15:19:35.258] |I| [export_sceIoOpen]: Opening file: app0:resources/font/FOT-SkipStd-B.otf
[15:19:35.261] |I| [export_sceClibPrintf]: LIBPVF>>> FILE: app0:resources/font/FOT-SkipStd-B.otf

[15:19:35.267] |I| [export_sceIoOpen]: Opening file: app0:resources/font/DigiFont.ttf
[15:19:35.268] |I| [export_sceClibPrintf]: LIBPVF>>> FILE: app0:resources/font/DigiFont.ttf

[15:19:35.271] |I| [export_sceIoOpen]: Opening file: app0:resources/font/FOT-SkipStd-B.otf
[15:19:35.272] |I| [export_sceClibPrintf]: LIBPVF>>> FILE: app0:resources/font/FOT-SkipStd-B.otf

[15:19:35.279] |I| [export_sceIoOpen]: Opening file: app0:resources/font/DigiFont.ttf
[15:19:35.279] |I| [export_sceClibPrintf]: LIBPVF>>> FILE: app0:resources/font/DigiFont.ttf

[15:19:35.294] |E| [logging::ret_error_impl]: _sceKernelLockLwMutex returned SCE_KERNEL_ERROR_LW_MUTEX_RECURSIVE (0x80028182)
[15:19:35.420] |W| [stubbed_impl]: Stubbed sceFiberFinalize import called. (TODO CHECKS)
[15:19:35.424] |W| [stubbed_impl]: Stubbed sceKernelSendSignal import called. (sceKernelSendSignal)
[15:19:35.461] |I| [export_sceIoOpen]: Opening file: app0:resources/DSDB.psp2.mvgl
[15:19:35.837] |I| [export_sceIoOpen]: Opening file: app0:resources/DSDBse.psp2.mvgl
[15:19:35.885] |I| [export_sceIoOpen]: Opening file: app0:resources/DSDBPse.psp2.mvgl
[15:19:35.936] |I| [renderer::gl::load_shader_generic]: Generating frag shader f51b3ecee463d107ca325e940c27010edc3dc1e0ab05110c3098c8c0a7dbe8ba
[15:19:35.941] |D| [shader::create_fragment_inputs]: Iterator: pa0 = (float4) v_Color0
[15:19:35.960] |I| [renderer::gl::load_shader_generic]: Generating vert shader dc991f8bb0909a430b4a8323d3dfae8168c05cd5d385dad4764dc1b7fb53df52
[15:19:35.963] |D| [shader::create_parameters]: [BUFFER0  + 0] pa0 = (float4) position
[15:19:35.963] |D| [shader::create_parameters]: [BUFFER0  + 4] pa4 = (float4) color
[15:19:36.003] |W| [unimplemented_impl]: Unimplemented sceCommonDialogUpdate import called.
[15:19:36.019] |I| [renderer::gl::load_shader_generic]: Generating frag shader a2dc87d52b52935657331b022faee41a9a6213c40b958bf61c446eb1921397bc
[15:19:36.021] |D| [shader::create_parameters]: [DEFAULT  + 0] sa0 = (float4) DiffuseColor
[15:19:36.022] |D| [shader::create_fragment_inputs]: Iterator: pa0 = (float4) v_Color0
[15:19:36.032] |I| [renderer::gl::load_shader_generic]: Generating vert shader f56b984e56214e680a63f7c08a08d8b563286916464b91f7800ef1ec5248860d
[15:19:36.033] |D| [shader::create_parameters]: [BUFFER0  + 0] pa0 = (float4) position
[15:19:36.033] |D| [shader::create_parameters]: [BUFFER0  + 4] pa4 = (float4) normal
[15:19:36.040] |D| [shader::create_parameters]: [BUFFER0  + 8] pa8 = (float4) texcoord
[15:19:36.042] |D| [shader::create_parameters]: [BUFFER0  + 12] pa12 = (float4) color
[15:19:36.044] |D| [shader::create_parameters]: [DEFAULT  + 0] sa0 = (float4) ViewProj[4]
[15:19:36.046] |D| [shader::create_parameters]: [DEFAULT  + 16] sa16 = (float4) World[4]
[15:19:36.048] |D| [shader::create_parameters]: [BUFFER0  + 0] sa0 = (float4) MatrixPalette[168]
[15:19:36.265] |E| [renderer::gl::compile_program]: Vertex info
-----------
0(33) : warning C7050: "r[0]" might be used before being initialized
0(33) : warning C7050: "r[1]" might be used before being initialized


[15:19:36.272] |W| [stubbed_impl]: Stubbed sceDisplayWaitSetFrameBuf import called. (move after setframebuf)
[15:19:36.635] |I| [float_to_half_init]: AVX+F16C instruction set supported. Use fast f32 to f16 conversion
[15:19:36.657] |D| [renderer::gl::texture::upload_bound_texture]: Texture Cube used
[15:19:36.686] |I| [renderer::gl::load_shader_generic]: Generating frag shader 90016f0d1a417e415099dc517f0139a70fc3e3791f541d1cc330a17af913f35a
[15:19:36.688] |D| [shader::create_parameters]: [DEFAULT  + 0] sa0 = (half4) DiffuseColor
[15:19:36.694] |I| [renderer::gl::load_shader_generic]: Generating vert shader 37eb3a286289d35b79f8bda90f6286f8ade1c33b5ea72e6eb69155cfe73cc417
[15:19:36.696] |D| [shader::create_parameters]: [BUFFER0  + 0] pa0 = (float4) Position
[15:19:36.697] |D| [shader::create_parameters]: [BUFFER0  + 4] pa4 = (float4) Texcoord0
[15:19:36.698] |D| [shader::create_parameters]: [DEFAULT  + 0] sa0 = (float4) ViewProj[4]
[15:19:36.699] |D| [shader::create_parameters]: [BUFFER0  + 0] sa0 = (float4) MatrixPalette[168]
[15:19:36.748] |E| [renderer::gl::compile_program]: Vertex info
-----------
0(28) : warning C7050: "internals[0].w" might be used before being initialized
0(28) : warning C7050: "internals[1]" might be used before being initialized

Fragment info
-------------
0(17) : warning C7050: "pa[0].zw" might be used before being initialized


[15:19:36.753] |D| [renderer::gl::texture::upload_bound_texture]: Texture Cube used
[15:19:36.783] |D| [renderer::gl::texture::upload_bound_texture]: Texture Cube used
[15:19:53.131] |E| [open_file]: Missing file at D:/Emulateurs/Vita3K/mc/ux0/user/00/savedata/PCSB00861/SlotParam_0.bin (target path: savedata0:/SlotParam_0.bin)
[15:19:53.132] |W| [io_error_impl]: open_file (sceAppUtilSaveDataSlotGetParam) returned 0x80010002
[15:19:53.133] |E| [logging::ret_error_impl]: sceAppUtilSaveDataSlotGetParam returned SCE_APPUTIL_ERROR_SAVEDATA_SLOT_NOT_FOUND (0x80100641)
[15:19:53.151] |I| [renderer::gl::load_shader_generic]: Generating frag shader 15c342e775cb8834e460646c855df88413aab97175adc94192bce22dcff2687e
[15:19:53.152] |D| [shader::create_parameters]: [DEFAULT  + 0] sa0 = (half4) DiffuseColor
[15:19:53.156] |I| [renderer::gl::load_shader_generic]: Generating vert shader be946aa8ccb487cbe062e583d12c853d23ff8c361df91f25c53079cf537fa1f9
[15:19:53.156] |D| [shader::create_parameters]: [BUFFER0  + 0] pa0 = (float4) Position
[15:19:53.157] |D| [shader::create_parameters]: [DEFAULT  + 0] sa0 = (float4) ViewProj[4]
[15:19:53.157] |D| [shader::create_parameters]: [BUFFER0  + 0] sa0 = (float4) MatrixPalette[168]
[15:19:53.192] |E| [renderer::gl::compile_program]: Vertex info
-----------
0(26) : warning C7050: "internals[0].w" might be used before being initialized
0(26) : warning C7050: "internals[1]" might be used before being initialized

Fragment info
-------------
0(15) : warning C7050: "pa[0].zw" might be used before being initialized


[15:19:53.195] |D| [renderer::gl::texture::upload_bound_texture]: Texture Cube used
[15:19:53.203] |E| [open_file]: Missing file at D:/Emulateurs/Vita3K/mc/ux0/user/00/savedata/PCSB00861/SlotParam_1.bin (target path: savedata0:/SlotParam_1.bin)
[15:19:53.204] |W| [io_error_impl]: open_file (sceAppUtilSaveDataSlotGetParam) returned 0x80010002
[15:19:53.271] |E| [open_file]: Missing file at D:/Emulateurs/Vita3K/mc/ux0/user/00/savedata/PCSB00861/SlotParam_2.bin (target path: savedata0:/SlotParam_2.bin)
[15:19:53.273] |W| [io_error_impl]: open_file (sceAppUtilSaveDataSlotGetParam) returned 0x80010002
[15:19:53.708] |D| [renderer::gl::texture::upload_bound_texture]: Texture Cube used
[15:19:53.709] |D| [renderer::gl::texture::upload_bound_texture]: Texture Cube used
[15:19:53.711] |I| [renderer::gl::load_shader_generic]: Generating frag shader 0aa4c528ea4f70769d815a8bce908f2d2deee7cfc305e2cc8b4ce00e86148a7a
[15:19:53.714] |D| [shader::create_parameters]: [DEFAULT  + 0] sa0 = (half4) DiffuseColor
[15:19:53.716] |D| [shader::create_fragment_inputs]: Iterator: pa0 = (half4) v_Color0
[15:19:53.727] |I| [renderer::gl::load_shader_generic]: Generating vert shader 9592e887dfc0bf140f4d3039f09e014a17898582376c8a7ec365ab9a2494f95c
[15:19:53.728] |D| [shader::create_parameters]: [BUFFER0  + 0] pa0 = (float4) Position
[15:19:53.730] |D| [shader::create_parameters]: [BUFFER0  + 4] pa4 = (float4) Color
[15:19:53.735] |D| [shader::create_parameters]: [DEFAULT  + 0] sa0 = (float4) ViewProj[4]
[15:19:53.740] |D| [shader::create_parameters]: [BUFFER0  + 0] sa0 = (float4) MatrixPalette[168]
[15:19:53.780] |I| [export_sceIoOpen]: Opening file: app0:resources/DSDBbgm.psp2.mvgl
[15:19:53.787] |I| [export_sceIoOpen]: Opening file: app0:resources/DSDBbgm.psp2.mvgl
[15:19:53.789] |W| [unimplemented_impl]: Unimplemented sceAudiodecPartlyDecode import c0(16) : warning C7050: "pa[0].zw" might be used before being initialized


[15:19:40.333] |I| [renderer::gl::load_shader_generic]: Generating frag shader 40ca9db4bf6d89c8f52366370116897cf7ca956286ac3dd725bfcaaf5ea6c038
[15:19:40.334] |D| [shader::create_parameters]: [DEFAULT  + 0] sa0 = (half4) DiffuseColor
[15:19:40.334] |D| [shader::create_fragment_inputs]: Iterator: pa0 = (half4) v_Color0
[15:19:40.339] |I| [renderer::gl::load_shader_generic]: Generating vert shader d1b88f693b240565878d236d1419175e6a3101471443631a624f8e6707e95ce4
[15:19:40.340] |D| [shader::create_parameters]: [BUFFER0  + 0] pa0 = (float4) Position
[15:19:40.340] |D| [shader::create_parameters]: [BUFFER0  + 4] pa4 = (float4) Color
[15:19:40.340] |D| [shader::create_parameters]: [DEFAULT  + 0] sa0 = (float4) ViewProj[4]
[15:19:40.340] |D| [shader::create_parameters]: [BUFFER0  + 0] sa0 = (float4) MatrixPalette[168]
[15:19:40.352] |I| [export_sceIoOpen]: Opening file: app0:resources/DSDBbgm.psp2.mvgl
[15:19:40.379] |E| [renderer::gl::compile_program]: Vertex info
-----------
0(28) : warning C7050: "internals[0].w" might be used before being initialized
0(28) : warning C7050: "internals[1]" might be used before being initialized

Fragment info
-------------
0(16) : warning C7050: "pa[0].zw" might be used before being initialized


[15:19:40.380] |I| [export_sceIoOpen]: Opening file: app0:resources/DSDBbgm.psp2.mvgl
[15:19:40.383] |W| [unimplemented_impl]: Unimplemented sceAudiodecPartlyDecode import called.
[15:19:40.388] |D| [renderer::gl::texture::upload_bound_texture]: Texture Cube used
[15:19:40.392] |E| [call_import]: Import function for NID 0xE340CDF7 not found (thread name: SoundThread, thread ID: 152)
[15:19:40.532] |D| [renderer::gl::texture::upload_bound_texture]: Texture Cube used
[15:19:40.561] |I| [renderer::gl::load_shader_generic]: Generating frag shader d3652692298c462c9a6124c9773f35b562e1da8b8744d0d94855690d2fa4e836
[15:19:40.563] |D| [shader::create_parameters]: [DEFAULT  + 0] sa0 = (half4) DiffuseColor
[15:19:40.566] |I| [renderer::gl::load_shader_generic]: Generating vert shader 11e3ec635bffe293b5104fee073663de9487bfd3673dca560ce9bbc1814a82aa
[15:19:40.567] |D| [shader::create_parameters]: [BUFFER0  + 0] pa0 = (float4) Position
[15:19:40.567] |D| [shader::create_parameters]: [BUFFER0  + 4] pa4 = (float4) Texcoord0
[15:19:40.568] |D| [shader::create_parameters]: [DEFAULT  + 0] sa0 = (float4) ViewProj[4]
[15:19:40.569] |D| [shader::create_parameters]: [DEFAULT  + 16] sa16 = (float2) OffsetSet1
[15:19:40.569] |D| [shader::create_parameters]: [BUFFER0  + 0] sa0 = (float4) MatrixPalette[168]
[15:19:40.611] |E| [renderer::gl::compile_program]: Vertex info
-----------
0(28) : warning C7050: "internals[0].w" might be used before being initialized
0(28) : warning C7050: "internals[1]" might be used before being initialized

Fragment info
-------------
0(17) : warning C7050: "pa[0].zw" might be used before being initialized


[15:20:05.236] |E| [discordrpc::update_presence::<lambda_23ff884bf2cdb1bde950cb16a82f908e>::operator ()]: Error updating discord rich presence, err_code: 43
[15:20:05.237] |E| [discordrpc::update_presence::<lambda_23ff884bf2cdb1bde950cb16a82f908e>::operator ()]: Error updating discord rich presence, err_code: 43
