[07:44:24.608] |I| [load_app_impl]: ngs experimental state: true
[07:44:24.608] |I| [load_app_impl]: video player state: false
[07:44:24.608] |I| [load_app_impl]: auto-lle: enabled
[07:44:24.609] |I| [load_app_impl]: Title: Oddworld: Stranger's Wrath HD
[07:44:24.609] |I| [load_app_impl]: Serial: PCSB00180
[07:44:24.609] |I| [load_app_impl]: Version: 1.02
[07:44:24.609] |I| [load_app_impl]: Category: gp
[07:44:24.657] |C| [load_self]: Unknown segment type 0x6FFFFF01
[07:44:24.657] |I| [load_self]: Loaded module segment 0 @ [0x00004000 - 0x0003FC2C / 0x81000000] (size: 0x0003BC2C) of module app0:sce_module/libc.suprx
[07:44:24.657] |I| [load_self]: Loaded module segment 1 @ [0x00040000 - 0x00042380 / 0x8103C000] (size: 0x00002380) of module app0:sce_module/libc.suprx
[07:44:24.658] |I| [load_self]: Loading symbols for SELF: app0:sce_module/libc.suprx
[07:44:24.658] |D| [load_var_exports]: 	NID 0x6C2224BA (NID_MODULE_INFO) at 0x31540
[07:44:24.658] |W| [load_var_imports]: 	NID NOT FOUND 0xDF084DFA (UNRECOGNISED) at 0x34D88, setting to stub value 0xDEADBEEF
[07:44:24.658] |I| [pre_load_module]: Pre-load module SceLibc (at "sce_module/libc.suprx") loaded
[07:44:24.687] |C| [load_self]: Unknown segment type 0x6FFFFF01
[07:44:24.687] |I| [load_self]: Loaded module segment 0 @ [0x00044000 - 0x000653BC / 0x81000000] (size: 0x000213BC) of module app0:sce_module/libfios2.suprx
[07:44:24.688] |I| [load_self]: Loaded module segment 1 @ [0x00066000 - 0x0006B1B8 / 0x81022000] (size: 0x000051B8) of module app0:sce_module/libfios2.suprx
[07:44:24.688] |I| [load_self]: Loading symbols for SELF: app0:sce_module/libfios2.suprx
[07:44:24.688] |D| [load_var_exports]: 	NID 0x6C2224BA (NID_MODULE_INFO) at 0x5ED84
[07:44:24.688] |I| [pre_load_module]: Pre-load module SceLibFios2 (at "sce_module/libfios2.suprx") loaded
[07:44:24.710] |C| [load_self]: Unknown segment type 0x6FFFFF01
[07:44:24.710] |I| [load_self]: Loaded module segment 0 @ [0x0006C000 - 0x0007F474 / 0x81000000] (size: 0x00013474) of module app0:sce_module/libult.suprx
[07:44:24.710] |I| [load_self]: Loaded module segment 1 @ [0x00080000 - 0x00080814 / 0x81014000] (size: 0x00000814) of module app0:sce_module/libult.suprx
[07:44:24.710] |I| [load_self]: Loading symbols for SELF: app0:sce_module/libult.suprx
[07:44:24.710] |D| [load_var_exports]: 	NID 0x6C2224BA (NID_MODULE_INFO) at 0x7B714
[07:44:24.710] |I| [pre_load_module]: Pre-load module SceUlt (at "sce_module/libult.suprx") loaded
[07:44:24.716] |I| [load_self]: Loaded module segment 0 @ [0x00081000 - 0x000D1F04 / 0x81000000] (size: 0x00050F04) of module vs0:sys/external/libSceFt2.suprx
[07:44:24.717] |I| [load_self]: Loaded module segment 1 @ [0x000D2000 - 0x000D22F4 / 0x81051000] (size: 0x000002F4) of module vs0:sys/external/libSceFt2.suprx
[07:44:24.717] |I| [load_self]: Loading symbols for SELF: vs0:sys/external/libSceFt2.suprx
[07:44:24.717] |D| [load_var_exports]: 	NID 0x936C8A78 (SYSLYB) at 0xBD7DC
[07:44:24.717] |D| [load_var_exports]: 	NID 0x6C2224BA (NID_MODULE_INFO) at 0xBCF10
[07:44:24.717] |W| [load_var_imports]: 	NID NOT FOUND 0x93B8AA67 (UNRECOGNISED) at 0xD1EE0, setting to stub value 0xDEADBEEF
[07:44:24.717] |I| [pre_load_module]: Pre-load module SceLibft2 (at "sys/external/libSceFt2.suprx") loaded
[07:44:24.718] |I| [load_self]: Loaded module segment 0 @ [0x000D4000 - 0x000E3F14 / 0x81000000] (size: 0x0000FF14) of module vs0:sys/external/libpvf.suprx
[07:44:24.719] |I| [load_self]: Loaded module segment 1 @ [0x000E4000 - 0x000E4008 / 0x81010000] (size: 0x00000008) of module vs0:sys/external/libpvf.suprx
[07:44:24.719] |I| [load_self]: Loading symbols for SELF: vs0:sys/external/libpvf.suprx
[07:44:24.719] |D| [load_var_exports]: 	NID 0x936C8A78 (SYSLYB) at 0xE2710
[07:44:24.719] |D| [load_var_exports]: 	NID 0x6C2224BA (NID_MODULE_INFO) at 0xE2300
[07:44:24.719] |I| [pre_load_module]: Pre-load module SceLibPvf (at "sys/external/libpvf.suprx") loaded
[07:44:24.845] |C| [load_self]: Unknown segment type 0x6FFFFF01
[07:44:24.845] |I| [load_self]: Loaded module segment 0 @ [0x81000000 - 0x814C8120 / 0x81000000] (size: 0x004C8120) of module app0:eboot.bin
[07:44:24.845] |I| [load_self]: Loaded module segment 1 @ [0x814C9000 - 0x817E6C08 / 0x814C9000] (size: 0x0031DC08) of module app0:eboot.bin
[07:44:24.846] |I| [load_self]: Loading symbols for SELF: app0:eboot.bin
[07:44:24.846] |D| [load_var_exports]: 	NID 0x6C2224BA (NID_MODULE_INFO) at 0x8140D764
[07:44:24.846] |D| [load_var_exports]: 	NID 0x70FBA1E7 (SCE_PROC_PARAMS) at 0x814CDA6C
[07:44:24.846] |I| [load_app_impl]: Main executable Game (eboot.bin) loaded
[07:44:24.848] |D| [run_app]: Running module_start of library: SceLibc at address 0x45B1
[07:44:24.893] |I| [run_app]: Module SceLibc (at "app0:sce_module/libc.suprx") module_start returned 0x0
[07:44:24.894] |D| [run_app]: Running module_start of library: SceLibFios2 at address 0x44001
[07:44:24.896] |W| [stubbed_impl]: Stubbed sceKernelGetProcessId import called. (pid: 0)
[07:44:24.896] |W| [stubbed_impl]: Stubbed _sceFiosKernelOverlayGetList import called. (Set pActualIDs to 0)
[07:44:24.896] |D| [export__sceFiosKernelOverlayGetList]: pid: 0
[07:44:24.896] |D| [export__sceFiosKernelOverlayGetList]: buffer_size: 0
[07:44:24.896] |D| [export__sceFiosKernelOverlayGetList]: maxIDs: 0
[07:44:24.896] |D| [export__sceFiosKernelOverlayGetList]: pActualIDs: 0
[07:44:24.897] |I| [run_app]: Module SceLibFios2 (at "app0:sce_module/libfios2.suprx") module_start returned 0x0
[07:44:24.897] |D| [run_app]: Running module_start of library: SceUlt at address 0x6F95D
[07:44:24.899] |W| [unimplemented_impl]: Unimplemented _sceUlobjMgrRegisterLibultProtocolRevision import called.
[07:44:24.899] |I| [run_app]: Module SceUlt (at "app0:sce_module/libult.suprx") module_start returned 0x0
[07:44:24.952] |I| [load_module]: Loading module ID: 0x13
[07:44:24.953] |C| [load_self]: Unknown segment type 0x6FFFFF01
[07:44:24.953] |I| [load_self]: Loaded module segment 0 @ [0x0B32A000 - 0x0B32D08C / 0x81000000] (size: 0x0000308C) of module sys/external/libsystemgesture.suprx
[07:44:24.953] |I| [load_self]: Loaded module segment 1 @ [0x00126000 - 0x00126BF0 / 0x81004000] (size: 0x00000BF0) of module sys/external/libsystemgesture.suprx
[07:44:24.953] |I| [load_self]: Loading symbols for SELF: sys/external/libsystemgesture.suprx
[07:44:24.953] |D| [load_var_exports]: 	NID 0x936C8A78 (SYSLYB) at 0xB32D074
[07:44:24.953] |D| [load_var_exports]: 	NID 0x6C2224BA (NID_MODULE_INFO) at 0xB32CBD4
[07:44:24.954] |I| [load_module]: Module SceSystemGesture (at "sys/external/libsystemgesture.suprx") loaded
[07:44:24.954] |D| [load_module]: Running module_start of module: SceSystemGesture
[07:44:24.957] |I| [load_module]: Module SceSystemGesture (at "sys/external/libsystemgesture.suprx") module_start returned 0x0
[07:44:24.981] |W| [stubbed_impl]: Stubbed sceGxmMapMemory import called. (always return success)
[07:44:25.003] |W| [stubbed_impl]: Stubbed sceGxmMapVertexUsseMemory import called. (always return success)
[07:44:25.003] |W| [stubbed_impl]: Stubbed sceGxmMapFragmentUsseMemory import called. (always return success)
[07:44:25.011] |W| [unimplemented_impl]: Unimplemented sceTouchGetPixelDensity2 import called.
[07:44:25.012] |E| [call_import]: Import function for NID 0xE340CB32 not found (thread name: PCSB00180, thread ID: 6)
[07:44:25.017] |W| [unimplemented_impl]: Unimplemented sceKernelChangeThreadVfpException import called.
[07:44:25.017] |W| [unimplemented_impl]: Unimplemented _sceFiosKernelOverlayThreadSetDisabled import called.
[07:44:25.032] |W| [unimplemented_impl]: Unimplemented _sceFiosKernelOverlayGetRecommendedScheduler import called.
[07:44:25.033] |I| [export_sceIoOpen]: Opening file: app0:/data/audio.psarc
[07:44:25.054] |I| [export_sceIoOpen]: Opening file: app0:/data/audio.psarc
[07:44:25.065] |I| [export_sceIoOpen]: Opening file: app0:/data/global.psarc
[07:44:25.077] |I| [export_sceIoOpen]: Opening file: app0:/data/global.psarc
[07:44:25.079] |I| [export_sceIoOpen]: Opening file: app0:/data/bundles/region_00.psarc
[07:44:25.105] |I| [export_sceIoOpen]: Opening file: app0:/data/bundles/region_00.psarc
[07:44:25.107] |I| [export_sceIoOpen]: Opening file: app0:/data/bundles/region_01.psarc
[07:44:25.122] |I| [export_sceIoOpen]: Opening file: app0:/data/bundles/region_01.psarc
[07:44:25.125] |I| [export_sceIoOpen]: Opening file: app0:/data/bundles/region_02.psarc
[07:44:25.153] |I| [export_sceIoOpen]: Opening file: app0:/data/bundles/region_02.psarc
[07:44:25.158] |I| [export_sceIoOpen]: Opening file: app0:/data/bundles/region_02a.psarc
[07:44:25.181] |I| [export_sceIoOpen]: Opening file: app0:/data/bundles/region_02a.psarc
[07:44:25.183] |I| [export_sceIoOpen]: Opening file: app0:/data/bundles/region_03.psarc
[07:44:25.197] |I| [export_sceIoOpen]: Opening file: app0:/data/bundles/region_03.psarc
[07:44:25.202] |I| [export_sceIoOpen]: Opening file: app0:/data/bundles/region_04.psarc
[07:44:25.214] |I| [export_sceIoOpen]: Opening file: app0:/data/bundles/region_04.psarc
[07:44:25.217] |I| [export_sceIoOpen]: Opening file: app0:/data/bundles/region_05.psarc
[07:44:25.239] |I| [export_sceIoOpen]: Opening file: app0:/data/bundles/region_05.psarc
[07:44:25.242] |I| [export_sceIoOpen]: Opening file: app0:/data/bundles/region_06.psarc
[07:44:25.248] |I| [export_sceIoOpen]: Opening file: app0:/data/bundles/region_06.psarc
[07:44:25.250] |W| [unimplemented_impl]: Unimplemented sceNpBasicInit import called.
[07:44:25.591] |W| [unimplemented_impl]: Unimplemented sceNpScoreInit import called.
[07:44:25.591] |W| [unimplemented_impl]: Unimplemented sceNpScoreCreateTitleCtx import called.
[07:44:25.592] |W| [unimplemented_impl]: Unimplemented sceAppUtilInit import called.
[07:44:25.592] |I| [export_sceIoOpen]: Opening file: app0:/data/save/icon0.png
[07:44:25.606] |W| [unimplemented_impl]: Unimplemented sceNgsSystemSetFlags import called.
[07:44:25.614] |W| [unimplemented_impl]: Unimplemented sceNgsVoiceSetParamsBlock import called.
[07:44:25.621] |W| [unimplemented_impl]: Unimplemented sceAppUtilSaveDataSlotSearch import called.
[07:44:25.707] |W| [unimplemented_impl]: Unimplemented sceCommonDialogSetConfigParam import called.
[07:44:25.933] |W| [unimplemented_impl]: Unimplemented sceKernelCancelSema import called.
[07:44:25.955] |E| [logging::ret_error_impl]: sceKernelSignalSema returned SCE_KERNEL_ERROR_LW_MUTEX_UNLOCK_UDF (0x80028184)
[07:44:26.035] |W| [ngs::create_voice_definition]: Missing voice definition for Buss Type 10, using passthrough.
[07:44:26.146] |E| [call_import]: Import function for NID 0x5474AF0 not found (thread name: PCSB00180, thread ID: 6)
[07:44:26.149] |W| [unimplemented_impl]: Unimplemented sceGxmSetVisibilityBuffer import called.
[07:44:26.150] |W| [stubbed_impl]: Stubbed sceDisplayWaitVblankStart import called. (wait for vblank)
[07:44:26.150] |E| [call_import]: Import function for NID 0x30E49E4D not found (thread name: avPlayer Controller, thread ID: 250)
[07:44:26.172] |I| [renderer::gl::load_shader_generic]: Generating frag shader d22a9f94490176acd35a6f5220c49b15cfdeadbb123692b4391a0f021f51e5dd
[07:44:26.173] |D| [shader::create_parameters]: [DEFAULT  + 0] sa0 = (float4) clearColor
[07:44:26.175] |D| [shader::spirv_disasm_print]: SPIR-V Disassembly:
// Module Version 10500
// Generated by (magic number): 1337000
// Id's are bound by 230

                              Capability Shader
                              Capability Float16
             116:             ExtInstImport  "GLSL.std.450"
             144:             ExtInstImport  "GLSL.std.450"
             184:             ExtInstImport  "GLSL.std.450"
                              MemoryModel Logical GLSL450
                              EntryPoint Fragment 4  "main_fs" 96 98 128
                              ExecutionMode 4 OriginLowerLeft
               1:             String  "d22a9f94490176acd35a6f5220c49b15cfdeadbb123692b4391a0f021f51e5dd"
                              SourceExtension  "gxp"
                              Name 4  "main_fs"
                              Name 21  "pa"
                              Name 22  "sa"
                              Name 24  "internals"
                              Name 26  "r"
                              Name 28  "p"
                              Name 30  "idx"
                              Name 31  "outs"
                              Name 33  "i"
                              Name 36  "frag_defaultUniformBuffer"
                              Name 38  "buffer0"
                              MemberName 36(frag_defaultUniformBuffer) 0  "data"
                              Name 60  "memory"
                              Name 96  "f_mask"
                              Name 98  "gl_FragCoord"
                              Name 99  "frag_output_finalize"
                              Name 113  "unpack2xF16"
                              Name 128  "out_color"
                              Name 152  "block_sec_0"
                              Name 182  "pack2xF16"
                              Name 198  "block_prim_0"
                              Decorate 36(frag_defaultUniformBuffer) Block
                              Decorate 36(frag_defaultUniformBuffer) GLSLShared
                              Decorate 38(buffer0) Binding 16
                              MemberDecorate 36(frag_defaultUniformBuffer) 0 Offset 0
                              Decorate 35 ArrayStride 16
                              Decorate 96(f_mask) Binding 1
                              Decorate 98(gl_FragCoord) BuiltIn FragCoord
                              Decorate 128(out_color) Location 0
               2:             TypeVoid
               3:             TypeFunction 2
               6:             TypeFloat 32
               7:             TypeInt 32 1
               8:             TypeBool
               9:             TypeVector 6(float) 4
              10:      7(int) Constant 32
              11:             TypeArray 9(fvec4) 10
              12:      7(int) Constant 3
              13:             TypeArray 9(fvec4) 12
              14:      7(int) Constant 20
              15:             TypeArray 9(fvec4) 14
              16:      7(int) Constant 2
              17:             TypeArray 7(int) 16
              18:      7(int) Constant 4
              19:             TypeArray 8(bool) 18
              20:             TypePointer Private 11
          21(pa):     20(ptr) Variable Private
          22(sa):     20(ptr) Variable Private
              23:             TypePointer Private 13
   24(internals):     23(ptr) Variable Private
              25:             TypePointer Private 15
           26(r):     25(ptr) Variable Private
              27:             TypePointer Private 19
           28(p):     27(ptr) Variable Private
              29:             TypePointer Private 17
         30(idx):     29(ptr) Variable Private
        31(outs):     25(ptr) Variable Private
              32:             TypePointer Function 7(int)
              34:      7(int) Constant 1
              35:             TypeArray 9(fvec4) 34
36(frag_defaultUniformBuffer):             TypeStruct 35
              37:             TypePointer Uniform 36(frag_defaultUniformBuffer)
     38(buffer0):     37(ptr) Variable Uniform
              39:      7(int) Constant 0
              47:             TypePointer Uniform 9(fvec4)
              52:             TypePointer Private 9(fvec4)
              57:      7(int) Constant 5
              58:             TypeArray 6(float) 57
              59:             TypePointer Private 58
      60(memory):     59(ptr) Variable Private
              75:             TypePointer Private 6(float)
              94:             TypeImage 6(float) 2D nonsampled format:Rgba8
              95:             TypePointer UniformConstant 94
      96(f_mask):     95(ptr) Variable UniformConstant
              97:             TypePointer Input 9(fvec4)
98(gl_FragCoord):     97(ptr) Variable Input
             107:             TypeVector 6(float) 2
             110:             TypeInt 32 0
             111:             TypeFunction 107(fvec2) 6(float)
             127:             TypePointer Output 9(fvec4)
  128(out_color):    127(ptr) Variable Output
             130:             TypeVector 7(int) 4
             132:             TypeVector 7(int) 2
             136:    6(float) Constant 1056964608
             137:    9(fvec4) ConstantComposite 136 136 136 136
             145:    6(float) Constant 0
             146:    6(float) Constant 1065353216
             147:    6(float) Constant 1073741824
             148:  107(fvec2) ConstantComposite 145 145
             149:             TypeVector 6(float) 3
             150:  149(fvec3) ConstantComposite 145 145 145
             151:    9(fvec4) ConstantComposite 145 145 145 145
             180:             TypeFunction 6(float) 107(fvec2)
      4(main_fs):           2 Function None 3
               5:             Label
           33(i):     32(ptr) Variable Function
                              Store 33(i) 39
                              Branch 40
              40:             Label
              44:      7(int) Load 33(i)
              45:     8(bool) SLessThan 44 34
                              LoopMerge 42 43 None
                              BranchConditional 45 41 42
              41:               Label
              46:      7(int)   Load 33(i)
              48:     47(ptr)   AccessChain 38(buffer0) 39 46
              49:      7(int)   Load 33(i)
              50:      7(int)   Load 33(i)
              51:      7(int)   IAdd 49 39
              53:     52(ptr)   AccessChain 22(sa) 51
              54:    9(fvec4)   Load 48
                                Store 53 54
              55:      7(int)   Load 33(i)
              56:      7(int)   IAdd 55 34
                                Store 33(i) 56
                                Branch 43
              43:               Label
                                Branch 40
              42:             Label
                              Store 33(i) 39
                              Branch 61
              61:             Label
              65:      7(int) Load 33(i)
              66:     8(bool) SLessThan 65 34
                              LoopMerge 63 64 None
                              BranchConditional 66 62 63
              62:               Label
              67:      7(int)   Load 33(i)
              68:     47(ptr)   AccessChain 38(buffer0) 39 67
              69:      7(int)   Load 33(i)
              70:      7(int)   IMul 18 69
              71:      7(int)   IAdd 70 39
              72:    9(fvec4)   Load 68
              73:    6(float)   VectorExtractDynamic 72 39
              74:      7(int)   IAdd 71 39
              76:     75(ptr)   AccessChain 60(memory) 74
                                Store 76 73
              77:      7(int)   IAdd 70 34
              78:    9(fvec4)   Load 68
              79:    6(float)   VectorExtractDynamic 78 34
              80:      7(int)   IAdd 77 39
              81:     75(ptr)   AccessChain 60(memory) 80
                                Store 81 79
              82:      7(int)   IAdd 70 16
              83:    9(fvec4)   Load 68
              84:    6(float)   VectorExtractDynamic 83 16
              85:      7(int)   IAdd 82 39
              86:     75(ptr)   AccessChain 60(memory) 85
                                Store 86 84
              87:      7(int)   IAdd 70 12
              88:    9(fvec4)   Load 68
              89:    6(float)   VectorExtractDynamic 88 12
              90:      7(int)   IAdd 87 39
              91:     75(ptr)   AccessChain 60(memory) 90
                                Store 91 89
              92:      7(int)   Load 33(i)
              93:      7(int)   IAdd 92 34
                                Store 33(i) 93
                                Branch 64
              64:               Label
                                Branch 61
              63:             Label
             197:           2 FunctionCall 152(block_sec_0)
             229:           2 FunctionCall 198(block_prim_0)
                              Return
                              FunctionEnd
99(frag_output_finalize):           2 Function None 3
             100:             Label
             101:     52(ptr) AccessChain 21(pa) 39
             102:     52(ptr) AccessChain 21(pa) 39
             103:    9(fvec4) Load 102
             104:    9(fvec4) Load 101
             105:    6(float) VectorExtractDynamic 104 39
             106:    6(float) VectorExtractDynamic 104 34
             108:  107(fvec2) CompositeConstruct 105 106
             109:    6(float) VectorExtractDynamic 108 39
             119:  107(fvec2) FunctionCall 113(unpack2xF16) 109
             120:    6(float) VectorExtractDynamic 108 34
             121:  107(fvec2) FunctionCall 113(unpack2xF16) 120
             122:    6(float) VectorExtractDynamic 119 39
             123:    6(float) VectorExtractDynamic 119 34
             124:    6(float) VectorExtractDynamic 121 39
             125:    6(float) VectorExtractDynamic 121 34
             126:    9(fvec4) CompositeConstruct 122 123 124 125
                              Store 128(out_color) 126
             129:    9(fvec4) Load 98(gl_FragCoord)
             131:  130(ivec4) ConvertFToS 129
             133:  132(ivec2) VectorShuffle 131 131 0 1
             134:          94 Load 96(f_mask)
             135:    9(fvec4) ImageRead 134 133
             138:     8(bool) FOrdLessThan 135 137
             139:     8(bool) All 138
                              SelectionMerge 141 None
                              BranchConditional 139 140 141
             140:               Label
                                Kill
             141:             Label
                              Return
                              FunctionEnd
113(unpack2xF16):  107(fvec2) Function None 111
             112:    6(float) FunctionParameter
             114:             Label
             115:    110(int) Bitcast 112
             117:  107(fvec2) ExtInst 116(GLSL.std.450) 62(UnpackHalf2x16) 115
                              ReturnValue 117
                              FunctionEnd
152(block_sec_0):           2 Function None 3
             153:             Label
             154:     52(ptr) AccessChain 22(sa) 39
             155:     52(ptr) AccessChain 22(sa) 39
             156:    9(fvec4) Load 155
             157:    9(fvec4) Load 154
             158:     52(ptr) AccessChain 22(sa) 39
             159:     52(ptr) AccessChain 22(sa) 39
             160:    9(fvec4) Load 159
             161:    9(fvec4) Load 158
             162:    6(float) VectorExtractDynamic 161 39
             163:    6(float) VectorExtractDynamic 161 34
             164:  107(fvec2) CompositeConstruct 162 163
             165:     52(ptr) AccessChain 22(sa) 39
             166:     52(ptr) AccessChain 22(sa) 34
             167:    9(fvec4) Load 166
             168:    9(fvec4) Load 165
             169:    6(float) VectorExtractDynamic 168 16
             170:    6(float) VectorExtractDynamic 168 12
             171:  107(fvec2) CompositeConstruct 169 170
             172:    6(float) VectorExtractDynamic 164 39
             173:    6(float) VectorExtractDynamic 164 34
             174:    6(float) VectorExtractDynamic 171 39
             175:    6(float) VectorExtractDynamic 171 34
             176:    9(fvec4) CompositeConstruct 172 173 174 175
             177:    6(float) VectorExtractDynamic 176 39
             178:    6(float) VectorExtractDynamic 176 34
             179:  107(fvec2) CompositeConstruct 177 178
             188:    6(float) FunctionCall 182(pack2xF16) 179
             189:    6(float) VectorExtractDynamic 176 16
             190:    6(float) VectorExtractDynamic 176 12
             191:  107(fvec2) CompositeConstruct 189 190
             192:    6(float) FunctionCall 182(pack2xF16) 191
             193:  107(fvec2) CompositeConstruct 188 192
             194:     52(ptr) AccessChain 22(sa) 39
             195:    9(fvec4) Load 194
             196:    9(fvec4) VectorShuffle 195 193 4 5 2 3
                              Store 194 196
                              Return
                              FunctionEnd
  182(pack2xF16):    6(float) Function None 180
             181:  107(fvec2) FunctionParameter
             183:             Label
             185:    110(int) ExtInst 184(GLSL.std.450) 58(PackHalf2x16) 181
             186:    6(float) Bitcast 185
                              ReturnValue 186
                              FunctionEnd
198(block_prim_0):           2 Function None 3
             199:             Label
                              Line 1 1 0
             200:     52(ptr) AccessChain 22(sa) 39
             201:     52(ptr) AccessChain 22(sa) 39
             202:    9(fvec4) Load 201
             203:    9(fvec4) Load 200
             204:    6(float) VectorExtractDynamic 203 39
             205:    6(float) VectorExtractDynamic 203 34
             206:  107(fvec2) CompositeConstruct 204 205
             207:    6(float) VectorExtractDynamic 206 39
             208:  107(fvec2) FunctionCall 113(unpack2xF16) 207
             209:    6(float) VectorExtractDynamic 206 34
             210:  107(fvec2) FunctionCall 113(unpack2xF16) 209
             211:    6(float) VectorExtractDynamic 208 39
             212:    6(float) VectorExtractDynamic 208 34
             213:    6(float) VectorExtractDynamic 210 39
             214:    6(float) VectorExtractDynamic 210 34
             215:    9(fvec4) CompositeConstruct 211 212 213 214
             216:    6(float) VectorExtractDynamic 215 39
             217:    6(float) VectorExtractDynamic 215 34
             218:  107(fvec2) CompositeConstruct 216 217
             219:    6(float) FunctionCall 182(pack2xF16) 218
             220:    6(float) VectorExtractDynamic 215 16
             221:    6(float) VectorExtractDynamic 215 12
             222:  107(fvec2) CompositeConstruct 220 221
             223:    6(float) FunctionCall 182(pack2xF16) 222
             224:  107(fvec2) CompositeConstruct 219 223
             225:     52(ptr) AccessChain 21(pa) 39
             226:    9(fvec4) Load 225
             227:    9(fvec4) VectorShuffle 226 224 4 5 2 3
                              Store 225 227
             228:           2 FunctionCall 99(frag_output_finalize)
                              Return
                              FunctionEnd

[07:44:26.177] |D| [shader::convert_gxp_to_glsl]: Generated GLSL:
#version 420
#extension GL_ARB_fragment_shader_interlock : require
// Shader Name: d22a9f94490176acd35a6f5220c49b15cfdeadbb123692b4391a0f021f51e5dd
layout(early_fragment_tests) in;


layout(binding = 16, std140) uniform frag_defaultUniformBuffer
{
    vec4 data[1];
} buffer0;

layout(binding = 1, rgba8) uniform readonly image2D f_mask;

layout(location = 0) out vec4 out_color;
vec4 pa[32];
vec4 sa[32];
vec4 internals[3];
vec4 r[20];
bool p[4];
int idx[2];
vec4 outs[20];
float memory[5];

float pack2xF16(vec2 _181)
{
    return uintBitsToFloat(packHalf2x16(_181));
}

void block_sec_0()
{
    vec2 _164 = vec2(sa[0].x, sa[0].y);
    vec2 _171 = vec2(sa[0].z, sa[0].w);
    vec4 _176 = vec4(_164.x, _164.y, _171.x, _171.y);
    vec2 _193 = vec2(pack2xF16(vec2(_176.x, _176.y)), pack2xF16(vec2(_176.z, _176.w)));
    sa[0] = vec4(_193.x, _193.y, sa[0].z, sa[0].w);
}

vec2 unpack2xF16(float _112)
{
    return unpackHalf2x16(floatBitsToUint(_112));
}

void frag_output_finalize()
{
    vec2 _108 = vec2(pa[0].x, pa[0].y);
    vec2 _119 = unpack2xF16(_108.x);
    vec2 _121 = unpack2xF16(_108.y);
    out_color = vec4(_119.x, _119.y, _121.x, _121.y);
    if (all(lessThan(imageLoad(f_mask, ivec4(gl_FragCoord).xy), vec4(0.5))))
    {
        discard;
    }
}

void block_prim_0()
{
    vec2 _206 = vec2(sa[0].x, sa[0].y);
    vec2 _208 = unpack2xF16(_206.x);
    vec2 _210 = unpack2xF16(_206.y);
    vec4 _215 = vec4(_208.x, _208.y, _210.x, _210.y);
    vec2 _224 = vec2(pack2xF16(vec2(_215.x, _215.y)), pack2xF16(vec2(_215.z, _215.w)));
    pa[0] = vec4(_224.x, _224.y, pa[0].z, pa[0].w);
    frag_output_finalize();
}

void main()
{
    int i = 0;
    while (i < 1)
    {
        sa[i + 0] = buffer0.data[i];
        i++;
    }
    i = 0;
    while (i < 1)
    {
        int _70 = 4 * i;
        memory[(_70 + 0) + 0] = buffer0.data[i].x;
        memory[(_70 + 1) + 0] = buffer0.data[i].y;
        memory[(_70 + 2) + 0] = buffer0.data[i].z;
        memory[(_70 + 3) + 0] = buffer0.data[i].w;
        i++;
    }
    block_sec_0();
    block_prim_0();
}


[07:44:26.193] |I| [renderer::gl::load_shader_generic]: Generating vert shader f51ea969eed16920c65bc4e58400f1e6ccec9e156af31c1f8e31fa61b40279ca
[07:44:26.194] |D| [shader::create_parameters]: [BUFFER0  + 0] pa0 = (float4) position
[07:44:26.194] |D| [shader::create_parameters]: [DEFAULT  + 0] sa0 = (float4) clearDepth
[07:44:26.196] |D| [shader::spirv_disasm_print]: SPIR-V Disassembly:
// Module Version 10500
// Generated by (magic number): 1337000
// Id's are bound by 208

                              Capability Shader
                              Capability Float16
             149:             ExtInstImport  "GLSL.std.450"
                              MemoryModel Logical GLSL450
                              EntryPoint Vertex 4  "main_vs" 95 102
               1:             String  "f51ea969eed16920c65bc4e58400f1e6ccec9e156af31c1f8e31fa61b40279ca"
                              SourceExtension  "gxp"
                              Name 4  "main_vs"
                              Name 21  "pa"
                              Name 22  "sa"
                              Name 24  "internals"
                              Name 26  "r"
                              Name 28  "p"
                              Name 30  "idx"
                              Name 31  "outs"
                              Name 33  "i"
                              Name 36  "vert_defaultUniformBuffer"
                              Name 38  "buffer0"
                              MemberName 36(vert_defaultUniformBuffer) 0  "data"
                              Name 60  "memory"
                              Name 95  "position"
                              Name 96  "GxmRenderBufferBlock"
                              MemberName 96(GxmRenderBufferBlock) 0  "viewport_flip"
                              MemberName 96(GxmRenderBufferBlock) 1  "viewport_flag"
                              MemberName 96(GxmRenderBufferBlock) 2  "screen_width"
                              MemberName 96(GxmRenderBufferBlock) 3  "screen_height"
                              Name 98  "renderInfo"
                              Name 99  "vert_output_finalize"
                              Name 102  "v_Position"
                              Name 137  "i"
                              Name 155  "block_prim_0"
                              Decorate 36(vert_defaultUniformBuffer) Block
                              Decorate 36(vert_defaultUniformBuffer) GLSLShared
                              Decorate 38(buffer0) Binding 0
                              MemberDecorate 36(vert_defaultUniformBuffer) 0 Offset 0
                              Decorate 35 ArrayStride 16
                              Decorate 95(position) Location 0
                              Decorate 96(GxmRenderBufferBlock) Block
                              Decorate 96(GxmRenderBufferBlock) GLSLShared
                              MemberDecorate 96(GxmRenderBufferBlock) 0 Offset 0
                              MemberDecorate 96(GxmRenderBufferBlock) 1 Offset 16
                              MemberDecorate 96(GxmRenderBufferBlock) 2 Offset 20
                              MemberDecorate 96(GxmRenderBufferBlock) 3 Offset 24
                              Decorate 98(renderInfo) Binding 15
                              Decorate 102(v_Position) Location 0
                              Decorate 102(v_Position) BuiltIn Position
               2:             TypeVoid
               3:             TypeFunction 2
               6:             TypeFloat 32
               7:             TypeInt 32 1
               8:             TypeBool
               9:             TypeVector 6(float) 4
              10:      7(int) Constant 32
              11:             TypeArray 9(fvec4) 10
              12:      7(int) Constant 3
              13:             TypeArray 9(fvec4) 12
              14:      7(int) Constant 20
              15:             TypeArray 9(fvec4) 14
              16:      7(int) Constant 2
              17:             TypeArray 7(int) 16
              18:      7(int) Constant 4
              19:             TypeArray 8(bool) 18
              20:             TypePointer Private 11
          21(pa):     20(ptr) Variable Private
          22(sa):     20(ptr) Variable Private
              23:             TypePointer Private 13
   24(internals):     23(ptr) Variable Private
              25:             TypePointer Private 15
           26(r):     25(ptr) Variable Private
              27:             TypePointer Private 19
           28(p):     27(ptr) Variable Private
              29:             TypePointer Private 17
         30(idx):     29(ptr) Variable Private
        31(outs):     25(ptr) Variable Private
              32:             TypePointer Function 7(int)
              34:      7(int) Constant 1
              35:             TypeArray 9(fvec4) 34
36(vert_defaultUniformBuffer):             TypeStruct 35
              37:             TypePointer Uniform 36(vert_defaultUniformBuffer)
     38(buffer0):     37(ptr) Variable Uniform
              39:      7(int) Constant 0
              47:             TypePointer Uniform 9(fvec4)
              52:             TypePointer Private 9(fvec4)
              57:      7(int) Constant 5
              58:             TypeArray 6(float) 57
              59:             TypePointer Private 58
      60(memory):     59(ptr) Variable Private
              75:             TypePointer Private 6(float)
              94:             TypePointer Input 9(fvec4)
    95(position):     94(ptr) Variable Input
96(GxmRenderBufferBlock):             TypeStruct 9(fvec4) 6(float) 6(float) 6(float)
              97:             TypePointer Uniform 96(GxmRenderBufferBlock)
  98(renderInfo):     97(ptr) Variable Uniform
             101:             TypePointer Output 9(fvec4)
 102(v_Position):    101(ptr) Variable Output
             107:    6(float) Constant 1056964608
             108:    6(float) Constant 1065353216
             109:    6(float) Constant 3212836864
             110:    6(float) Constant 1073741824
             111:    6(float) Constant 3221225472
             112:    6(float) Constant 0
             113:             TypePointer Uniform 6(float)
             138:    9(fvec4) ConstantComposite 112 112 112 112
             150:             TypeInt 32 0
             151:             TypeVector 6(float) 2
             152:  151(fvec2) ConstantComposite 112 112
             153:             TypeVector 6(float) 3
             154:  153(fvec3) ConstantComposite 112 112 112
             183:    9(fvec4) ConstantComposite 108 108 108 108
      4(main_vs):           2 Function None 3
               5:             Label
           33(i):     32(ptr) Variable Function
          137(i):     32(ptr) Variable Function
                              Store 33(i) 39
                              Branch 40
              40:             Label
              44:      7(int) Load 33(i)
              45:     8(bool) SLessThan 44 34
                              LoopMerge 42 43 None
                              BranchConditional 45 41 42
              41:               Label
              46:      7(int)   Load 33(i)
              48:     47(ptr)   AccessChain 38(buffer0) 39 46
              49:      7(int)   Load 33(i)
              50:      7(int)   Load 33(i)
              51:      7(int)   IAdd 49 39
              53:     52(ptr)   AccessChain 22(sa) 51
              54:    9(fvec4)   Load 48
                                Store 53 54
              55:      7(int)   Load 33(i)
              56:      7(int)   IAdd 55 34
                                Store 33(i) 56
                                Branch 43
              43:               Label
                                Branch 40
              42:             Label
                              Store 33(i) 39
                              Branch 61
              61:             Label
              65:      7(int) Load 33(i)
              66:     8(bool) SLessThan 65 34
                              LoopMerge 63 64 None
                              BranchConditional 66 62 63
              62:               Label
              67:      7(int)   Load 33(i)
              68:     47(ptr)   AccessChain 38(buffer0) 39 67
              69:      7(int)   Load 33(i)
              70:      7(int)   IMul 18 69
              71:      7(int)   IAdd 70 39
              72:    9(fvec4)   Load 68
              73:    6(float)   VectorExtractDynamic 72 39
              74:      7(int)   IAdd 71 39
              76:     75(ptr)   AccessChain 60(memory) 74
                                Store 76 73
              77:      7(int)   IAdd 70 34
              78:    9(fvec4)   Load 68
              79:    6(float)   VectorExtractDynamic 78 34
              80:      7(int)   IAdd 77 39
              81:     75(ptr)   AccessChain 60(memory) 80
                                Store 81 79
              82:      7(int)   IAdd 70 16
              83:    9(fvec4)   Load 68
              84:    6(float)   VectorExtractDynamic 83 16
              85:      7(int)   IAdd 82 39
              86:     75(ptr)   AccessChain 60(memory) 85
                                Store 86 84
              87:      7(int)   IAdd 70 12
              88:    9(fvec4)   Load 68
              89:    6(float)   VectorExtractDynamic 88 12
              90:      7(int)   IAdd 87 39
              91:     75(ptr)   AccessChain 60(memory) 90
                                Store 91 89
              92:      7(int)   Load 33(i)
              93:      7(int)   IAdd 92 34
                                Store 33(i) 93
                                Branch 64
              64:               Label
                                Branch 61
              63:             Label
             135:    9(fvec4) Load 95(position)
             136:     52(ptr) AccessChain 21(pa) 39
                              Store 136 135
                              Store 137(i) 39
                              Branch 139
             139:             Label
             143:      7(int) Load 137(i)
             144:     8(bool) SLessThan 143 14
                              LoopMerge 141 142 None
                              BranchConditional 144 140 141
             140:               Label
             145:      7(int)   Load 137(i)
             146:     52(ptr)   AccessChain 31(outs) 145
                                Store 146 138
             147:      7(int)   Load 137(i)
             148:      7(int)   IAdd 147 34
                                Store 137(i) 148
                                Branch 142
             142:               Label
                                Branch 139
             141:             Label
             207:           2 FunctionCall 155(block_prim_0)
                              Return
                              FunctionEnd
99(vert_output_finalize):           2 Function None 3
             100:             Label
             103:     52(ptr) AccessChain 31(outs) 39
             104:     52(ptr) AccessChain 31(outs) 39
             105:    9(fvec4) Load 104
             106:    9(fvec4) Load 103
             114:    113(ptr) AccessChain 98(renderInfo) 34
             115:    113(ptr) AccessChain 98(renderInfo) 16
             116:    113(ptr) AccessChain 98(renderInfo) 12
             117:    6(float) Load 114
             118:     8(bool) FOrdLessThan 117 107
                              SelectionMerge 120 None
                              BranchConditional 118 119 131
             119:               Label
             121:    6(float)   Load 115
             122:    6(float)   FDiv 110 121
             123:    6(float)   Load 116
             124:    6(float)   FDiv 111 123
             125:    9(fvec4)   CompositeConstruct 122 124 108 108
             126:    9(fvec4)   CompositeConstruct 109 108 112 112
             127:    9(fvec4)   FMul 106 125
             128:    9(fvec4)   FAdd 127 126
             129:     47(ptr)   AccessChain 98(renderInfo) 39
             130:    9(fvec4)   FMul 128 129
                                Store 102(v_Position) 130
                                Branch 120
             131:               Label
             132:     47(ptr)   AccessChain 98(renderInfo) 39
             133:    9(fvec4)   FMul 106 132
                                Store 102(v_Position) 133
                                Branch 120
             120:             Label
                              Return
                              FunctionEnd
155(block_prim_0):           2 Function None 3
             156:             Label
                              Line 1 1 0
             157:     52(ptr) AccessChain 22(sa) 39
             158:     52(ptr) AccessChain 22(sa) 39
             159:    9(fvec4) Load 158
             160:    9(fvec4) Load 157
             161:    6(float) VectorExtractDynamic 160 39
             162:     52(ptr) AccessChain 31(outs) 39
             163:    9(fvec4) Load 162
             164:    9(fvec4) VectorInsertDynamic 163 161 16
                              Store 162 164
                              Line 1 2 0
             165:     52(ptr) AccessChain 21(pa) 39
             166:     52(ptr) AccessChain 21(pa) 39
             167:    9(fvec4) Load 166
             168:    9(fvec4) Load 165
             169:    6(float) VectorExtractDynamic 168 39
             170:    6(float) VectorExtractDynamic 168 34
             171:  151(fvec2) CompositeConstruct 169 170
             172:     52(ptr) AccessChain 31(outs) 39
             173:    9(fvec4) Load 172
             174:    9(fvec4) VectorShuffle 173 171 4 5 2 3
                              Store 172 174
                              Line 1 3 0
             175:     52(ptr) AccessChain 31(outs) 39
             176:     52(ptr) AccessChain 31(outs) 39
             177:    9(fvec4) Load 176
             178:    9(fvec4) Load 175
             179:    6(float) VectorExtractDynamic 178 39
             180:    6(float) VectorExtractDynamic 178 34
             181:    6(float) VectorExtractDynamic 178 16
             182:    9(fvec4) CompositeConstruct 179 180 181 108
             184:    9(fvec4) FMul 182 183
             185:     52(ptr) AccessChain 24(internals) 39
                              Store 185 184
                              Line 1 4 0
             186:     52(ptr) AccessChain 24(internals) 39
             187:     52(ptr) AccessChain 24(internals) 39
             188:    9(fvec4) Load 187
             189:    9(fvec4) Load 186
             190:    6(float) VectorExtractDynamic 189 39
             191:    6(float) VectorExtractDynamic 189 34
             192:  151(fvec2) CompositeConstruct 190 191
             193:     52(ptr) AccessChain 31(outs) 39
             194:    9(fvec4) Load 193
             195:    9(fvec4) VectorShuffle 194 192 4 5 2 3
                              Store 193 195
                              Line 1 5 0
             196:     52(ptr) AccessChain 24(internals) 39
             197:     52(ptr) AccessChain 24(internals) 39
             198:    9(fvec4) Load 197
             199:    9(fvec4) Load 196
             200:    6(float) VectorExtractDynamic 199 16
             201:    6(float) VectorExtractDynamic 199 12
             202:  151(fvec2) CompositeConstruct 200 201
             203:     52(ptr) AccessChain 31(outs) 39
             204:    9(fvec4) Load 203
             205:    9(fvec4) VectorShuffle 204 202 0 1 4 5
                              Store 203 205
             206:           2 FunctionCall 99(vert_output_finalize)
                              Return
                              FunctionEnd

[07:44:26.199] |D| [shader::convert_gxp_to_glsl]: Generated GLSL:
#version 420
#extension GL_ARB_fragment_shader_interlock : require
// Shader Name: f51ea969eed16920c65bc4e58400f1e6ccec9e156af31c1f8e31fa61b40279ca

layout(binding = 0, std140) uniform vert_defaultUniformBuffer
{
    vec4 data[1];
} buffer0;

layout(binding = 15, std140) uniform GxmRenderBufferBlock
{
    vec4 viewport_flip;
    float viewport_flag;
    float screen_width;
    float screen_height;
} renderInfo;

layout(location = 0) in vec4 position;
vec4 pa[32];
vec4 sa[32];
vec4 internals[3];
vec4 r[20];
bool p[4];
int idx[2];
vec4 outs[20];
float memory[5];

void vert_output_finalize()
{
    if (renderInfo.viewport_flag < 0.5)
    {
        gl_Position = ((outs[0] * vec4(2.0 / renderInfo.screen_width, (-2.0) / renderInfo.screen_height, 1.0, 1.0)) + vec4(-1.0, 1.0, 0.0, 0.0)) * renderInfo.viewport_flip;
    }
    else
    {
        gl_Position = outs[0] * renderInfo.viewport_flip;
    }
}

void block_prim_0()
{
    vec4 _164 = outs[0];
    _164.z = sa[0].x;
    outs[0] = _164;
    vec2 _171 = vec2(pa[0].x, pa[0].y);
    outs[0] = vec4(_171.x, _171.y, outs[0].z, outs[0].w);
    internals[0] = vec4(outs[0].x, outs[0].y, outs[0].z, 1.0) * vec4(1.0);
    vec2 _192 = vec2(internals[0].x, internals[0].y);
    outs[0] = vec4(_192.x, _192.y, outs[0].z, outs[0].w);
    vec2 _202 = vec2(internals[0].z, internals[0].w);
    outs[0] = vec4(outs[0].x, outs[0].y, _202.x, _202.y);
    vert_output_finalize();
}

void main()
{
    int i = 0;
    while (i < 1)
    {
        sa[i + 0] = buffer0.data[i];
        i++;
    }
    i = 0;
    while (i < 1)
    {
        int _70 = 4 * i;
        memory[(_70 + 0) + 0] = buffer0.data[i].x;
        memory[(_70 + 1) + 0] = buffer0.data[i].y;
        memory[(_70 + 2) + 0] = buffer0.data[i].z;
        memory[(_70 + 3) + 0] = buffer0.data[i].w;
        i++;
    }
    pa[0] = position;
    int i_1 = 0;
    while (i_1 < 20)
    {
        outs[i_1] = vec4(0.0);
        i_1++;
    }
    block_prim_0();
}


[07:44:26.223] |E| [renderer::gl::compile_program]: Fragment info
-------------
0(15) : warning C7050: "pa[0].zw" might be used before being initialized


[07:44:26.326] |W| [unimplemented_impl]: Unimplemented sceAudioOutReleasePort import called.
[07:44:26.327] |E| [call_import]: Import function for NID 0x920623C8 not found (thread name: PCSB00180, thread ID: 6)
[07:44:26.327] |E| [call_import]: Import function for NID 0x7B4832FE not found (thread name: PCSB00180, thread ID: 6)
[07:44:26.328] |W| [unimplemented_impl]: Unimplemented sceSysmoduleUnloadModule import called.
[07:44:26.328] |W| [unimplemented_impl]: Unimplemented sceKernelCloseMutex import called.
[07:44:26.591] |W| [stubbed_impl]: Stubbed sceNpCheckCallback import called. (Stub)
[07:44:26.608] |W| [unimplemented_impl]: Unimplemented sceCommonDialogUpdate import called.
[07:44:26.623] |I| [renderer::gl::load_shader_generic]: Generating frag shader a16d0346cb865bb141c831c02e3448a20eb8e885913dcc6ebea8b2b33ad8b223
[07:44:26.625] |D| [shader::spirv_disasm_print]: SPIR-V Disassembly:
// Module Version 10500
// Generated by (magic number): 1337000
// Id's are bound by 126

                              Capability Shader
                              Capability Float16
              67:             ExtInstImport  "GLSL.std.450"
              95:             ExtInstImport  "GLSL.std.450"
             111:             ExtInstImport  "GLSL.std.450"
                              MemoryModel Logical GLSL450
                              EntryPoint Fragment 4  "main_fs" 43 46 47 79
                              ExecutionMode 4 OriginLowerLeft
               1:             String  "a16d0346cb865bb141c831c02e3448a20eb8e885913dcc6ebea8b2b33ad8b223"
                              SourceExtension  "gxp"
                              Name 4  "main_fs"
                              Name 21  "pa"
                              Name 22  "sa"
                              Name 24  "internals"
                              Name 26  "r"
                              Name 28  "p"
                              Name 30  "idx"
                              Name 31  "outs"
                              Name 33  "i"
                              Name 37  "memory"
                              Name 41  "u0"
                              Name 43  "v_TexCoord0"
                              Name 46  "f_mask"
                              Name 47  "gl_FragCoord"
                              Name 48  "frag_output_finalize"
                              Name 64  "unpack2xF16"
                              Name 79  "out_color"
                              Name 109  "pack2xF16"
                              Name 122  "block_prim_0"
                              Decorate 41(u0) Binding 0
                              Decorate 43(v_TexCoord0) Location 4
                              Decorate 46(f_mask) Binding 1
                              Decorate 47(gl_FragCoord) BuiltIn FragCoord
                              Decorate 79(out_color) Location 0
               2:             TypeVoid
               3:             TypeFunction 2
               6:             TypeFloat 32
               7:             TypeInt 32 1
               8:             TypeBool
               9:             TypeVector 6(float) 4
              10:      7(int) Constant 32
              11:             TypeArray 9(fvec4) 10
              12:      7(int) Constant 3
              13:             TypeArray 9(fvec4) 12
              14:      7(int) Constant 20
              15:             TypeArray 9(fvec4) 14
              16:      7(int) Constant 2
              17:             TypeArray 7(int) 16
              18:      7(int) Constant 4
              19:             TypeArray 8(bool) 18
              20:             TypePointer Private 11
          21(pa):     20(ptr) Variable Private
          22(sa):     20(ptr) Variable Private
              23:             TypePointer Private 13
   24(internals):     23(ptr) Variable Private
              25:             TypePointer Private 15
           26(r):     25(ptr) Variable Private
              27:             TypePointer Private 19
           28(p):     27(ptr) Variable Private
              29:             TypePointer Private 17
         30(idx):     29(ptr) Variable Private
        31(outs):     25(ptr) Variable Private
              32:             TypePointer Function 7(int)
              34:      7(int) Constant 1
              35:             TypeArray 6(float) 34
              36:             TypePointer Private 35
      37(memory):     36(ptr) Variable Private
              38:             TypeImage 6(float) 2D sampled format:Unknown
              39:             TypeSampledImage 38
              40:             TypePointer UniformConstant 39
          41(u0):     40(ptr) Variable UniformConstant
              42:             TypePointer Input 9(fvec4)
 43(v_TexCoord0):     42(ptr) Variable Input
              44:             TypeImage 6(float) 2D nonsampled format:Rgba8
              45:             TypePointer UniformConstant 44
      46(f_mask):     45(ptr) Variable UniformConstant
47(gl_FragCoord):     42(ptr) Variable Input
              50:             TypePointer Private 9(fvec4)
              51:      7(int) Constant 0
              58:             TypeVector 6(float) 2
              61:             TypeInt 32 0
              62:             TypeFunction 58(fvec2) 6(float)
              78:             TypePointer Output 9(fvec4)
   79(out_color):     78(ptr) Variable Output
              81:             TypeVector 7(int) 4
              83:             TypeVector 7(int) 2
              87:    6(float) Constant 1056964608
              88:    9(fvec4) ConstantComposite 87 87 87 87
              96:    6(float) Constant 0
              97:    6(float) Constant 1065353216
              98:    6(float) Constant 1073741824
              99:   58(fvec2) ConstantComposite 96 96
             100:             TypeVector 6(float) 3
             101:  100(fvec3) ConstantComposite 96 96 96
             102:    9(fvec4) ConstantComposite 96 96 96 96
             107:             TypeFunction 6(float) 58(fvec2)
      4(main_fs):           2 Function None 3
               5:             Label
           33(i):     32(ptr) Variable Function
             103:    9(fvec4) Load 43(v_TexCoord0)
             104:          39 Load 41(u0)
             105:    9(fvec4) ImageSampleImplicitLod 104 103
             106:   58(fvec2) VectorShuffle 105 105 0 1
             115:    6(float) FunctionCall 109(pack2xF16) 106
             116:   58(fvec2) VectorShuffle 105 105 2 3
             117:    6(float) FunctionCall 109(pack2xF16) 116
             118:   58(fvec2) CompositeConstruct 115 117
             119:     50(ptr) AccessChain 21(pa) 51
             120:    9(fvec4) Load 119
             121:    9(fvec4) VectorShuffle 120 118 4 5 2 3
                              Store 119 121
             125:           2 FunctionCall 122(block_prim_0)
                              Return
                              FunctionEnd
48(frag_output_finalize):           2 Function None 3
              49:             Label
              52:     50(ptr) AccessChain 21(pa) 51
              53:     50(ptr) AccessChain 21(pa) 51
              54:    9(fvec4) Load 53
              55:    9(fvec4) Load 52
              56:    6(float) VectorExtractDynamic 55 51
              57:    6(float) VectorExtractDynamic 55 34
              59:   58(fvec2) CompositeConstruct 56 57
              60:    6(float) VectorExtractDynamic 59 51
              70:   58(fvec2) FunctionCall 64(unpack2xF16) 60
              71:    6(float) VectorExtractDynamic 59 34
              72:   58(fvec2) FunctionCall 64(unpack2xF16) 71
              73:    6(float) VectorExtractDynamic 70 51
              74:    6(float) VectorExtractDynamic 70 34
              75:    6(float) VectorExtractDynamic 72 51
              76:    6(float) VectorExtractDynamic 72 34
              77:    9(fvec4) CompositeConstruct 73 74 75 76
                              Store 79(out_color) 77
              80:    9(fvec4) Load 47(gl_FragCoord)
              82:   81(ivec4) ConvertFToS 80
              84:   83(ivec2) VectorShuffle 82 82 0 1
              85:          44 Load 46(f_mask)
              86:    9(fvec4) ImageRead 85 84
              89:     8(bool) FOrdLessThan 86 88
              90:     8(bool) All 89
                              SelectionMerge 92 None
                              BranchConditional 90 91 92
              91:               Label
                                Kill
              92:             Label
                              Return
                              FunctionEnd
 64(unpack2xF16):   58(fvec2) Function None 62
              63:    6(float) FunctionParameter
              65:             Label
              66:     61(int) Bitcast 63
              68:   58(fvec2) ExtInst 67(GLSL.std.450) 62(UnpackHalf2x16) 66
                              ReturnValue 68
                              FunctionEnd
  109(pack2xF16):    6(float) Function None 107
             108:   58(fvec2) FunctionParameter
             110:             Label
             112:     61(int) ExtInst 111(GLSL.std.450) 58(PackHalf2x16) 108
             113:    6(float) Bitcast 112
                              ReturnValue 113
                              FunctionEnd
122(block_prim_0):           2 Function None 3
             123:             Label
             124:           2 FunctionCall 48(frag_output_finalize)
                              Return
                              FunctionEnd

[07:44:26.627] |D| [shader::convert_gxp_to_glsl]: Generated GLSL:
#version 420
#extension GL_ARB_fragment_shader_interlock : require
// Shader Name: a16d0346cb865bb141c831c02e3448a20eb8e885913dcc6ebea8b2b33ad8b223
layout(early_fragment_tests) in;


layout(binding = 0) uniform sampler2D u0;
layout(binding = 1, rgba8) uniform readonly image2D f_mask;

layout(location = 4) in vec4 v_TexCoord0;
layout(location = 0) out vec4 out_color;
vec4 pa[32];
vec4 sa[32];
vec4 internals[3];
vec4 r[20];
bool p[4];
int idx[2];
vec4 outs[20];
float memory[1];

float pack2xF16(vec2 _108)
{
    return uintBitsToFloat(packHalf2x16(_108));
}

vec2 unpack2xF16(float _63)
{
    return unpackHalf2x16(floatBitsToUint(_63));
}

void frag_output_finalize()
{
    vec2 _59 = vec2(pa[0].x, pa[0].y);
    vec2 _70 = unpack2xF16(_59.x);
    vec2 _72 = unpack2xF16(_59.y);
    out_color = vec4(_70.x, _70.y, _72.x, _72.y);
    if (all(lessThan(imageLoad(f_mask, ivec4(gl_FragCoord).xy), vec4(0.5))))
    {
        discard;
    }
}

void block_prim_0()
{
    frag_output_finalize();
}

void main()
{
    vec4 _105 = texture(u0, v_TexCoord0.xy);
    vec2 _118 = vec2(pack2xF16(_105.xy), pack2xF16(_105.zw));
    pa[0] = vec4(_118.x, _118.y, pa[0].z, pa[0].w);
    block_prim_0();
}


[07:44:26.629] |I| [renderer::gl::load_shader_generic]: Generating vert shader 0cf6a0e8bd25b6d2777cf1fc0e0f52acc0f20b11a3eba8ac7d043bd9a4e34d20
[07:44:26.630] |D| [shader::create_parameters]: [BUFFER0  + 0] pa0 = (float4) input_Position
[07:44:26.630] |D| [shader::create_parameters]: [BUFFER0  + 4] pa4 = (float4) input_Color0
[07:44:26.630] |D| [shader::create_parameters]: [BUFFER0  + 8] pa8 = (float4) input_TexCoord0
[07:44:26.630] |D| [shader::create_parameters]: [DEFAULT  + 0] sa0 = (float4) screen_scale
[07:44:26.630] |D| [shader::create_parameters]: [DEFAULT  + 4] sa4 = (float4) screen_offset
[07:44:26.632] |D| [shader::spirv_disasm_print]: SPIR-V Disassembly:
// Module Version 10500
// Generated by (magic number): 1337000
// Id's are bound by 282

                              Capability Shader
                              Capability Float16
             165:             ExtInstImport  "GLSL.std.450"
                              MemoryModel Logical GLSL450
                              EntryPoint Vertex 4  "main_vs" 95 96 97 104 136 141
               1:             String  "0cf6a0e8bd25b6d2777cf1fc0e0f52acc0f20b11a3eba8ac7d043bd9a4e34d20"
                              SourceExtension  "gxp"
                              Name 4  "main_vs"
                              Name 21  "pa"
                              Name 22  "sa"
                              Name 24  "internals"
                              Name 26  "r"
                              Name 28  "p"
                              Name 30  "idx"
                              Name 31  "outs"
                              Name 33  "i"
                              Name 35  "vert_defaultUniformBuffer"
                              Name 37  "buffer0"
                              MemberName 35(vert_defaultUniformBuffer) 0  "data"
                              Name 60  "memory"
                              Name 95  "input_Position"
                              Name 96  "input_Color0"
                              Name 97  "input_TexCoord0"
                              Name 98  "GxmRenderBufferBlock"
                              MemberName 98(GxmRenderBufferBlock) 0  "viewport_flip"
                              MemberName 98(GxmRenderBufferBlock) 1  "viewport_flag"
                              MemberName 98(GxmRenderBufferBlock) 2  "screen_width"
                              MemberName 98(GxmRenderBufferBlock) 3  "screen_height"
                              Name 100  "renderInfo"
                              Name 101  "vert_output_finalize"
                              Name 104  "v_Position"
                              Name 136  "v_Color0"
                              Name 141  "v_TexCoord0"
                              Name 153  "i"
                              Name 171  "block_prim_0"
                              Decorate 35(vert_defaultUniformBuffer) Block
                              Decorate 35(vert_defaultUniformBuffer) GLSLShared
                              Decorate 37(buffer0) Binding 0
                              MemberDecorate 35(vert_defaultUniformBuffer) 0 Offset 0
                              Decorate 34 ArrayStride 16
                              Decorate 95(input_Position) Location 0
                              Decorate 96(input_Color0) Location 1
                              Decorate 97(input_TexCoord0) Location 2
                              Decorate 98(GxmRenderBufferBlock) Block
                              Decorate 98(GxmRenderBufferBlock) GLSLShared
                              MemberDecorate 98(GxmRenderBufferBlock) 0 Offset 0
                              MemberDecorate 98(GxmRenderBufferBlock) 1 Offset 16
                              MemberDecorate 98(GxmRenderBufferBlock) 2 Offset 20
                              MemberDecorate 98(GxmRenderBufferBlock) 3 Offset 24
                              Decorate 100(renderInfo) Binding 15
                              Decorate 104(v_Position) Location 0
                              Decorate 104(v_Position) BuiltIn Position
                              Decorate 136(v_Color0) Location 1
                              Decorate 141(v_TexCoord0) Location 4
               2:             TypeVoid
               3:             TypeFunction 2
               6:             TypeFloat 32
               7:             TypeInt 32 1
               8:             TypeBool
               9:             TypeVector 6(float) 4
              10:      7(int) Constant 32
              11:             TypeArray 9(fvec4) 10
              12:      7(int) Constant 3
              13:             TypeArray 9(fvec4) 12
              14:      7(int) Constant 20
              15:             TypeArray 9(fvec4) 14
              16:      7(int) Constant 2
              17:             TypeArray 7(int) 16
              18:      7(int) Constant 4
              19:             TypeArray 8(bool) 18
              20:             TypePointer Private 11
          21(pa):     20(ptr) Variable Private
          22(sa):     20(ptr) Variable Private
              23:             TypePointer Private 13
   24(internals):     23(ptr) Variable Private
              25:             TypePointer Private 15
           26(r):     25(ptr) Variable Private
              27:             TypePointer Private 19
           28(p):     27(ptr) Variable Private
              29:             TypePointer Private 17
         30(idx):     29(ptr) Variable Private
        31(outs):     25(ptr) Variable Private
              32:             TypePointer Function 7(int)
              34:             TypeArray 9(fvec4) 16
35(vert_defaultUniformBuffer):             TypeStruct 34
              36:             TypePointer Uniform 35(vert_defaultUniformBuffer)
     37(buffer0):     36(ptr) Variable Uniform
              38:      7(int) Constant 0
              46:             TypePointer Uniform 9(fvec4)
              51:             TypePointer Private 9(fvec4)
              54:      7(int) Constant 1
              57:      7(int) Constant 9
              58:             TypeArray 6(float) 57
              59:             TypePointer Private 58
      60(memory):     59(ptr) Variable Private
              75:             TypePointer Private 6(float)
              94:             TypePointer Input 9(fvec4)
95(input_Position):     94(ptr) Variable Input
96(input_Color0):     94(ptr) Variable Input
97(input_TexCoord0):     94(ptr) Variable Input
98(GxmRenderBufferBlock):             TypeStruct 9(fvec4) 6(float) 6(float) 6(float)
              99:             TypePointer Uniform 98(GxmRenderBufferBlock)
 100(renderInfo):     99(ptr) Variable Uniform
             103:             TypePointer Output 9(fvec4)
 104(v_Position):    103(ptr) Variable Output
             109:    6(float) Constant 1056964608
             110:    6(float) Constant 1065353216
             111:    6(float) Constant 3212836864
             112:    6(float) Constant 1073741824
             113:    6(float) Constant 3221225472
             114:    6(float) Constant 0
             115:             TypePointer Uniform 6(float)
   136(v_Color0):    103(ptr) Variable Output
141(v_TexCoord0):    103(ptr) Variable Output
             154:    9(fvec4) ConstantComposite 114 114 114 114
             166:             TypeInt 32 0
             167:             TypeVector 6(float) 2
             168:  167(fvec2) ConstantComposite 114 114
             169:             TypeVector 6(float) 3
             170:  169(fvec3) ConstantComposite 114 114 114
             257:    9(fvec4) ConstantComposite 110 110 110 110
      4(main_vs):           2 Function None 3
               5:             Label
           33(i):     32(ptr) Variable Function
          153(i):     32(ptr) Variable Function
                              Store 33(i) 38
                              Branch 39
              39:             Label
              43:      7(int) Load 33(i)
              44:     8(bool) SLessThan 43 16
                              LoopMerge 41 42 None
                              BranchConditional 44 40 41
              40:               Label
              45:      7(int)   Load 33(i)
              47:     46(ptr)   AccessChain 37(buffer0) 38 45
              48:      7(int)   Load 33(i)
              49:      7(int)   Load 33(i)
              50:      7(int)   IAdd 48 38
              52:     51(ptr)   AccessChain 22(sa) 50
              53:    9(fvec4)   Load 47
                                Store 52 53
              55:      7(int)   Load 33(i)
              56:      7(int)   IAdd 55 54
                                Store 33(i) 56
                                Branch 42
              42:               Label
                                Branch 39
              41:             Label
                              Store 33(i) 38
                              Branch 61
              61:             Label
              65:      7(int) Load 33(i)
              66:     8(bool) SLessThan 65 16
                              LoopMerge 63 64 None
                              BranchConditional 66 62 63
              62:               Label
              67:      7(int)   Load 33(i)
              68:     46(ptr)   AccessChain 37(buffer0) 38 67
              69:      7(int)   Load 33(i)
              70:      7(int)   IMul 18 69
              71:      7(int)   IAdd 70 38
              72:    9(fvec4)   Load 68
              73:    6(float)   VectorExtractDynamic 72 38
              74:      7(int)   IAdd 71 38
              76:     75(ptr)   AccessChain 60(memory) 74
                                Store 76 73
              77:      7(int)   IAdd 70 54
              78:    9(fvec4)   Load 68
              79:    6(float)   VectorExtractDynamic 78 54
              80:      7(int)   IAdd 77 38
              81:     75(ptr)   AccessChain 60(memory) 80
                                Store 81 79
              82:      7(int)   IAdd 70 16
              83:    9(fvec4)   Load 68
              84:    6(float)   VectorExtractDynamic 83 16
              85:      7(int)   IAdd 82 38
              86:     75(ptr)   AccessChain 60(memory) 85
                                Store 86 84
              87:      7(int)   IAdd 70 12
              88:    9(fvec4)   Load 68
              89:    6(float)   VectorExtractDynamic 88 12
              90:      7(int)   IAdd 87 38
              91:     75(ptr)   AccessChain 60(memory) 90
                                Store 91 89
              92:      7(int)   Load 33(i)
              93:      7(int)   IAdd 92 54
                                Store 33(i) 93
                                Branch 64
              64:               Label
                                Branch 61
              63:             Label
             147:    9(fvec4) Load 95(input_Position)
             148:     51(ptr) AccessChain 21(pa) 38
                              Store 148 147
             149:    9(fvec4) Load 96(input_Color0)
             150:     51(ptr) AccessChain 21(pa) 54
                              Store 150 149
             151:    9(fvec4) Load 97(input_TexCoord0)
             152:     51(ptr) AccessChain 21(pa) 16
                              Store 152 151
                              Store 153(i) 38
                              Branch 155
             155:             Label
             159:      7(int) Load 153(i)
             160:     8(bool) SLessThan 159 14
                              LoopMerge 157 158 None
                              BranchConditional 160 156 157
             156:               Label
             161:      7(int)   Load 153(i)
             162:     51(ptr)   AccessChain 31(outs) 161
                                Store 162 154
             163:      7(int)   Load 153(i)
             164:      7(int)   IAdd 163 54
                                Store 153(i) 164
                                Branch 158
             158:               Label
                                Branch 155
             157:             Label
             281:           2 FunctionCall 171(block_prim_0)
                              Return
                              FunctionEnd
101(vert_output_finalize):           2 Function None 3
             102:             Label
             105:     51(ptr) AccessChain 31(outs) 38
             106:     51(ptr) AccessChain 31(outs) 38
             107:    9(fvec4) Load 106
             108:    9(fvec4) Load 105
             116:    115(ptr) AccessChain 100(renderInfo) 54
             117:    115(ptr) AccessChain 100(renderInfo) 16
             118:    115(ptr) AccessChain 100(renderInfo) 12
             119:    6(float) Load 116
             120:     8(bool) FOrdLessThan 119 109
                              SelectionMerge 122 None
                              BranchConditional 120 121 133
             121:               Label
             123:    6(float)   Load 117
             124:    6(float)   FDiv 112 123
             125:    6(float)   Load 118
             126:    6(float)   FDiv 113 125
             127:    9(fvec4)   CompositeConstruct 124 126 110 110
             128:    9(fvec4)   CompositeConstruct 111 110 114 114
             129:    9(fvec4)   FMul 108 127
             130:    9(fvec4)   FAdd 129 128
             131:     46(ptr)   AccessChain 100(renderInfo) 38
             132:    9(fvec4)   FMul 130 131
                                Store 104(v_Position) 132
                                Branch 122
             133:               Label
             134:     46(ptr)   AccessChain 100(renderInfo) 38
             135:    9(fvec4)   FMul 108 134
                                Store 104(v_Position) 135
                                Branch 122
             122:             Label
             137:     51(ptr) AccessChain 31(outs) 54
             138:     51(ptr) AccessChain 31(outs) 54
             139:    9(fvec4) Load 138
             140:    9(fvec4) Load 137
                              Store 136(v_Color0) 140
             142:     51(ptr) AccessChain 31(outs) 16
             143:     51(ptr) AccessChain 31(outs) 16
             144:    9(fvec4) Load 143
             145:    9(fvec4) Load 142
                              Store 141(v_TexCoord0) 145
                              Return
                              FunctionEnd
171(block_prim_0):           2 Function None 3
             172:             Label
                              Line 1 1 0
             173:     51(ptr) AccessChain 21(pa) 54
             174:     51(ptr) AccessChain 21(pa) 54
             175:    9(fvec4) Load 174
             176:    9(fvec4) Load 173
             177:    6(float) VectorExtractDynamic 176 38
             178:    6(float) VectorExtractDynamic 176 54
             179:  167(fvec2) CompositeConstruct 177 178
             180:     51(ptr) AccessChain 31(outs) 54
             181:    9(fvec4) Load 180
             182:    9(fvec4) VectorShuffle 181 179 4 5 2 3
                              Store 180 182
             183:     51(ptr) AccessChain 21(pa) 54
             184:     51(ptr) AccessChain 21(pa) 16
             185:    9(fvec4) Load 184
             186:    9(fvec4) Load 183
             187:    6(float) VectorExtractDynamic 186 16
             188:    6(float) VectorExtractDynamic 186 12
             189:  167(fvec2) CompositeConstruct 187 188
             190:     51(ptr) AccessChain 31(outs) 54
             191:    9(fvec4) Load 190
             192:    9(fvec4) VectorShuffle 191 189 0 1 4 5
                              Store 190 192
             193:     51(ptr) AccessChain 21(pa) 16
             194:     51(ptr) AccessChain 21(pa) 16
             195:    9(fvec4) Load 194
             196:    9(fvec4) Load 193
             197:    6(float) VectorExtractDynamic 196 38
             198:    6(float) VectorExtractDynamic 196 54
             199:  167(fvec2) CompositeConstruct 197 198
             200:     51(ptr) AccessChain 31(outs) 16
             201:    9(fvec4) Load 200
             202:    9(fvec4) VectorShuffle 201 199 4 5 2 3
                              Store 200 202
             203:     51(ptr) AccessChain 21(pa) 16
             204:     51(ptr) AccessChain 21(pa) 12
             205:    9(fvec4) Load 204
             206:    9(fvec4) Load 203
             207:    6(float) VectorExtractDynamic 206 16
             208:    6(float) VectorExtractDynamic 206 12
             209:  167(fvec2) CompositeConstruct 207 208
             210:     51(ptr) AccessChain 31(outs) 16
             211:    9(fvec4) Load 210
             212:    9(fvec4) VectorShuffle 211 209 0 1 4 5
                              Store 210 212
                              Line 1 2 0
             213:     51(ptr) AccessChain 22(sa) 54
             214:     51(ptr) AccessChain 22(sa) 54
             215:    9(fvec4) Load 214
             216:    9(fvec4) Load 213
             217:    6(float) VectorExtractDynamic 216 38
             218:    6(float) VectorExtractDynamic 216 54
             219:  167(fvec2) CompositeConstruct 217 218
             220:     51(ptr) AccessChain 21(pa) 38
             221:     51(ptr) AccessChain 21(pa) 38
             222:    9(fvec4) Load 221
             223:    9(fvec4) Load 220
             224:    6(float) VectorExtractDynamic 223 38
             225:    6(float) VectorExtractDynamic 223 54
             226:  167(fvec2) CompositeConstruct 224 225
             227:  167(fvec2) FAdd 219 226
             228:     51(ptr) AccessChain 21(pa) 38
             229:    9(fvec4) Load 228
             230:    9(fvec4) VectorShuffle 229 227 4 5 2 3
                              Store 228 230
                              Line 1 3 0
             231:     51(ptr) AccessChain 22(sa) 38
             232:     51(ptr) AccessChain 22(sa) 38
             233:    9(fvec4) Load 232
             234:    9(fvec4) Load 231
             235:    6(float) VectorExtractDynamic 234 38
             236:    6(float) VectorExtractDynamic 234 54
             237:  167(fvec2) CompositeConstruct 235 236
             238:     51(ptr) AccessChain 21(pa) 38
             239:     51(ptr) AccessChain 21(pa) 38
             240:    9(fvec4) Load 239
             241:    9(fvec4) Load 238
             242:    6(float) VectorExtractDynamic 241 38
             243:    6(float) VectorExtractDynamic 241 54
             244:  167(fvec2) CompositeConstruct 242 243
             245:  167(fvec2) FMul 237 244
             246:     51(ptr) AccessChain 21(pa) 38
             247:    9(fvec4) Load 246
             248:    9(fvec4) VectorShuffle 247 245 4 5 2 3
                              Store 246 248
                              Line 1 4 0
             249:     51(ptr) AccessChain 21(pa) 38
             250:     51(ptr) AccessChain 21(pa) 38
             251:    9(fvec4) Load 250
             252:    9(fvec4) Load 249
             253:    6(float) VectorExtractDynamic 252 38
             254:    6(float) VectorExtractDynamic 252 54
             255:    6(float) VectorExtractDynamic 252 16
             256:    9(fvec4) CompositeConstruct 253 254 255 110
             258:    9(fvec4) FMul 256 257
             259:     51(ptr) AccessChain 24(internals) 38
                              Store 259 258
                              Line 1 5 0
             260:     51(ptr) AccessChain 24(internals) 38
             261:     51(ptr) AccessChain 24(internals) 38
             262:    9(fvec4) Load 261
             263:    9(fvec4) Load 260
             264:    6(float) VectorExtractDynamic 263 38
             265:    6(float) VectorExtractDynamic 263 54
             266:  167(fvec2) CompositeConstruct 264 265
             267:     51(ptr) AccessChain 31(outs) 38
             268:    9(fvec4) Load 267
             269:    9(fvec4) VectorShuffle 268 266 4 5 2 3
                              Store 267 269
                              Line 1 6 0
             270:     51(ptr) AccessChain 24(internals) 38
             271:     51(ptr) AccessChain 24(internals) 38
             272:    9(fvec4) Load 271
             273:    9(fvec4) Load 270
             274:    6(float) VectorExtractDynamic 273 16
             275:    6(float) VectorExtractDynamic 273 12
             276:  167(fvec2) CompositeConstruct 274 275
             277:     51(ptr) AccessChain 31(outs) 38
             278:    9(fvec4) Load 277
             279:    9(fvec4) VectorShuffle 278 276 0 1 4 5
                              Store 277 279
             280:           2 FunctionCall 101(vert_output_finalize)
                              Return
                              FunctionEnd

[07:44:26.639] |D| [shader::convert_gxp_to_glsl]: Generated GLSL:
#version 420
#extension GL_ARB_fragment_shader_interlock : require
// Shader Name: 0cf6a0e8bd25b6d2777cf1fc0e0f52acc0f20b11a3eba8ac7d043bd9a4e34d20

layout(binding = 0, std140) uniform vert_defaultUniformBuffer
{
    vec4 data[2];
} buffer0;

layout(binding = 15, std140) uniform GxmRenderBufferBlock
{
    vec4 viewport_flip;
    float viewport_flag;
    float screen_width;
    float screen_height;
} renderInfo;

layout(location = 0) in vec4 input_Position;
layout(location = 1) in vec4 input_Color0;
layout(location = 2) in vec4 input_TexCoord0;
layout(location = 1) out vec4 v_Color0;
layout(location = 4) out vec4 v_TexCoord0;
vec4 pa[32];
vec4 sa[32];
vec4 internals[3];
vec4 r[20];
bool p[4];
int idx[2];
vec4 outs[20];
float memory[9];

void vert_output_finalize()
{
    if (renderInfo.viewport_flag < 0.5)
    {
        gl_Position = ((outs[0] * vec4(2.0 / renderInfo.screen_width, (-2.0) / renderInfo.screen_height, 1.0, 1.0)) + vec4(-1.0, 1.0, 0.0, 0.0)) * renderInfo.viewport_flip;
    }
    else
    {
        gl_Position = outs[0] * renderInfo.viewport_flip;
    }
    v_Color0 = outs[1];
    v_TexCoord0 = outs[2];
}

void block_prim_0()
{
    vec2 _179 = vec2(pa[1].x, pa[1].y);
    outs[1] = vec4(_179.x, _179.y, outs[1].z, outs[1].w);
    vec2 _189 = vec2(pa[1].z, pa[1].w);
    outs[1] = vec4(outs[1].x, outs[1].y, _189.x, _189.y);
    vec2 _199 = vec2(pa[2].x, pa[2].y);
    outs[2] = vec4(_199.x, _199.y, outs[2].z, outs[2].w);
    vec2 _209 = vec2(pa[2].z, pa[2].w);
    outs[2] = vec4(outs[2].x, outs[2].y, _209.x, _209.y);
    vec2 _227 = vec2(sa[1].x, sa[1].y) + vec2(pa[0].x, pa[0].y);
    pa[0] = vec4(_227.x, _227.y, pa[0].z, pa[0].w);
    vec2 _245 = vec2(sa[0].x, sa[0].y) * vec2(pa[0].x, pa[0].y);
    pa[0] = vec4(_245.x, _245.y, pa[0].z, pa[0].w);
    internals[0] = vec4(pa[0].x, pa[0].y, pa[0].z, 1.0) * vec4(1.0);
    vec2 _266 = vec2(internals[0].x, internals[0].y);
    outs[0] = vec4(_266.x, _266.y, outs[0].z, outs[0].w);
    vec2 _276 = vec2(internals[0].z, internals[0].w);
    outs[0] = vec4(outs[0].x, outs[0].y, _276.x, _276.y);
    vert_output_finalize();
}

void main()
{
    int i = 0;
    while (i < 2)
    {
        sa[i + 0] = buffer0.data[i];
        i++;
    }
    i = 0;
    while (i < 2)
    {
        int _70 = 4 * i;
        memory[(_70 + 0) + 0] = buffer0.data[i].x;
        memory[(_70 + 1) + 0] = buffer0.data[i].y;
        memory[(_70 + 2) + 0] = buffer0.data[i].z;
        memory[(_70 + 3) + 0] = buffer0.data[i].w;
        i++;
    }
    pa[0] = input_Position;
    pa[1] = input_Color0;
    pa[2] = input_TexCoord0;
    int i_1 = 0;
    while (i_1 < 20)
    {
        outs[i_1] = vec4(0.0);
        i_1++;
    }
    block_prim_0();
}


[07:44:26.650] |E| [renderer::gl::compile_program]: Fragment info
-------------
0(12) : warning C7050: "pa[0].zw" might be used before being initialized


[07:44:26.659] |W| [unimplemented_impl]: Unimplemented sceNpGetServiceState import called.
[07:44:26.661] |I| [load_module]: Loading module ID: 0x3
[07:44:26.661] |E| [log_error_details]: Unicorn error 0x6. Invalid memory read (UC_ERR_READ_UNMAPPED)
[07:44:26.662] |E| [log_error_details]: PC: 0x81245e68,   SP: 0x00124f50,   LR: 0x81117833
[07:44:26.662] |E| [log_error_details]: r0 : 0x00000000   r6 : 0x00000000
[07:44:26.662] |E| [log_error_details]: r1 : 0x00000001   r7 : 0x00000000
[07:44:26.662] |E| [log_error_details]: r2 : 0x00124f48   r8 : 0x00000000
[07:44:26.662] |E| [log_error_details]: r3 : 0x00004000   r9 : 0x00000000
[07:44:26.662] |E| [log_error_details]: r4 : 0x81572d9c   r10: 0x814cd9e4
[07:44:26.662] |E| [log_error_details]: r5 : 0x00000000   r11: 0x00000000
[07:44:26.662] |E| [log_error_details]: r12: 0x00000000
[07:44:26.662] |E| [log_error_details]: Executing: push {r4, lr}
[07:44:26.663] |I| [log_stack_frames]: stack information
[07:44:26.663] |