[05:21:09.663] |I| [load_app_impl]: ngs experimental state: true
[05:21:09.663] |I| [load_app_impl]: video player state: true
[05:21:09.664] |I| [load_app_impl]: auto-lle: enabled
[05:21:09.664] |I| [load_app_impl]: Title: Alone With You
[05:21:09.664] |I| [load_app_impl]: Serial: PCSB00964
[05:21:09.664] |I| [load_app_impl]: Version: 1.03
[05:21:09.664] |I| [load_app_impl]: Category: gp
[05:21:09.706] |C| [load_self]: Unknown segment type 0x6FFFFF01
[05:21:09.707] |I| [load_self]: Loaded module segment 0 @ [0x00004000 - 0x000558A4 / 0x81000000] (size: 0x000518A4) of module app0:sce_module/libc.suprx
[05:21:09.707] |I| [load_self]: Loaded module segment 1 @ [0x00056000 - 0x000588A0 / 0x81052000] (size: 0x000028A0) of module app0:sce_module/libc.suprx
[05:21:09.707] |I| [load_self]: Loading symbols for SELF: app0:sce_module/libc.suprx
[05:21:09.707] |D| [load_var_exports]: 	NID 0x936C8A78 (SYSLYB) at 0x4B314
[05:21:09.708] |D| [load_var_exports]: 	NID 0x6C2224BA (NID_MODULE_INFO) at 0x404DC
[05:21:09.708] |W| [load_var_imports]: 	NID NOT FOUND 0x93B8AA67 (UNRECOGNISED) at 0x4463C, setting to stub value 0xDEADBEEF
[05:21:09.708] |W| [load_var_imports]: 	NID NOT FOUND 0xDF084DFA (UNRECOGNISED) at 0x461D0, setting to stub value 0xDEADBEEF
[05:21:09.708] |I| [pre_load_module]: Pre-load module SceLibc (at "sce_module/libc.suprx") loaded
[05:21:09.715] |C| [load_self]: Unknown segment type 0x6FFFFF01
[05:21:09.715] |I| [load_self]: Loaded module segment 0 @ [0x0005B000 - 0x00087CBF / 0x81000000] (size: 0x0002CCBF) of module app0:sce_module/libfios2.suprx
[05:21:09.716] |I| [load_self]: Loaded module segment 1 @ [0x00088000 - 0x0008D255 / 0x8102D000] (size: 0x00005255) of module app0:sce_module/libfios2.suprx
[05:21:09.716] |I| [load_self]: Loading symbols for SELF: app0:sce_module/libfios2.suprx
[05:21:09.716] |D| [load_var_exports]: 	NID 0x936C8A78 (SYSLYB) at 0x87BC8
[05:21:09.716] |D| [load_var_exports]: 	NID 0x6C2224BA (NID_MODULE_INFO) at 0x7EF08
[05:21:09.716] |I| [pre_load_module]: Pre-load module SceLibFios2 (at "sce_module/libfios2.suprx") loaded
[05:21:09.726] |C| [load_self]: Unknown segment type 0x6FFFFF01
[05:21:09.727] |I| [load_self]: Loaded module segment 0 @ [0x0008E000 - 0x000A19BC / 0x81000000] (size: 0x000139BC) of module app0:sce_module/libult.suprx
[05:21:09.727] |I| [load_self]: Loaded module segment 1 @ [0x000A2000 - 0x000A2814 / 0x81014000] (size: 0x00000814) of module app0:sce_module/libult.suprx
[05:21:09.727] |I| [load_self]: Loading symbols for SELF: app0:sce_module/libult.suprx
[05:21:09.730] |D| [load_var_exports]: 	NID 0x936C8A78 (SYSLYB) at 0xA02E8
[05:21:09.730] |D| [load_var_exports]: 	NID 0x6C2224BA (NID_MODULE_INFO) at 0x9D870
[05:21:09.730] |I| [pre_load_module]: Pre-load module SceUlt (at "sce_module/libult.suprx") loaded
[05:21:09.736] |I| [load_self]: Loaded module segment 0 @ [0x000A3000 - 0x000F3F04 / 0x81000000] (size: 0x00050F04) of module vs0:sys/external/libSceFt2.suprx
[05:21:09.736] |I| [load_self]: Loaded module segment 1 @ [0x000F4000 - 0x000F42F4 / 0x81051000] (size: 0x000002F4) of module vs0:sys/external/libSceFt2.suprx
[05:21:09.737] |I| [load_self]: Loading symbols for SELF: vs0:sys/external/libSceFt2.suprx
[05:21:09.737] |D| [load_var_exports]: 	NID 0x936C8A78 (SYSLYB) at 0xDF7DC
[05:21:09.737] |D| [load_var_exports]: 	NID 0x6C2224BA (NID_MODULE_INFO) at 0xDEF10
[05:21:09.737] |I| [pre_load_module]: Pre-load module SceLibft2 (at "sys/external/libSceFt2.suprx") loaded
[05:21:09.738] |I| [load_self]: Loaded module segment 0 @ [0x000F5000 - 0x00104F14 / 0x81000000] (size: 0x0000FF14) of module vs0:sys/external/libpvf.suprx
[05:21:09.738] |I| [load_self]: Loaded module segment 1 @ [0x00105000 - 0x00105008 / 0x81010000] (size: 0x00000008) of module vs0:sys/external/libpvf.suprx
[05:21:09.738] |I| [load_self]: Loading symbols for SELF: vs0:sys/external/libpvf.suprx
[05:21:09.739] |D| [load_var_exports]: 	NID 0x936C8A78 (SYSLYB) at 0x103710
[05:21:09.739] |D| [load_var_exports]: 	NID 0x6C2224BA (NID_MODULE_INFO) at 0x103300
[05:21:09.739] |I| [pre_load_module]: Pre-load module SceLibPvf (at "sys/external/libpvf.suprx") loaded
[05:21:09.840] |C| [load_self]: Unknown segment type 0x6FFFFF01
[05:21:09.840] |I| [load_self]: Loaded module segment 0 @ [0x00106000 - 0x003FAEE4 / 0x81000000] (size: 0x002F4EE4) of module app0:eboot.bin
[05:21:09.840] |I| [load_self]: Loaded module segment 1 @ [0x003FB000 - 0x00858108 / 0x812F5000] (size: 0x0045D108) of module app0:eboot.bin
[05:21:09.840] |I| [load_self]: Loading symbols for SELF: app0:eboot.bin
[05:21:09.841] |D| [load_var_exports]: 	NID 0x6C2224BA (NID_MODULE_INFO) at 0x31D6D4
[05:21:09.841] |D| [load_var_exports]: 	NID 0x70FBA1E7 (SCE_PROC_PARAMS) at 0x483C60
[05:21:09.841] |D| [load_var_exports]: 	NID 0x936C8A78 (SYSLYB) at 0x3F8598
[05:21:09.841] |I| [load_app_impl]: Main executable PSVitaRunner (eboot.bin) loaded
[05:21:09.843] |D| [run_app]: Running module_start of library: SceLibc at address 0x4871
[05:21:09.847] |I| [run_app]: Module SceLibc (at "app0:sce_module/libc.suprx") module_start returned 0x0
[05:21:09.847] |D| [run_app]: Running module_start of library: SceLibFios2 at address 0x5B001
[05:21:09.849] |W| [stubbed_impl]: Stubbed sceKernelGetProcessId import called. (pid: 0)
[05:21:09.849] |W| [unimplemented_impl]: Unimplemented sceFiosOverlayGetList02 import called.
[05:21:09.849] |I| [run_app]: Module SceLibFios2 (at "app0:sce_module/libfios2.suprx") module_start returned 0x0
[05:21:09.849] |D| [run_app]: Running module_start of library: SceUlt at address 0x91771
[05:21:09.851] |W| [unimplemented_impl]: Unimplemented _sceUlobjMgrRegisterLibultProtocolRevision import called.
[05:21:09.853] |I| [run_app]: Module SceUlt (at "app0:sce_module/libult.suprx") module_start returned 0x0
[05:21:09.858] |W| [unimplemented_impl]: Unimplemented sceAppUtilInit import called.
[05:21:09.860] |W| [stubbed_impl]: Stubbed sceGxmMapMemory import called. (always return success)
[05:21:09.861] |W| [stubbed_impl]: Stubbed sceGxmMapFragmentUsseMemory import called. (always return success)
[05:21:09.938] |W| [stubbed_impl]: Stubbed sceGxmMapVertexUsseMemory import called. (always return success)
[05:21:09.947] |I| [load_module]: Loading module ID: 0x4
[05:21:09.950] |C| [load_self]: Unknown segment type 0x6FFFFF01
[05:21:09.950] |I| [load_self]: Loaded module segment 0 @ [0x01878000 - 0x01895150 / 0x81000000] (size: 0x0001D150) of module sys/external/libhttp.suprx
[05:21:09.950] |I| [load_self]: Loaded module segment 1 @ [0x01896000 - 0x01896640 / 0x8101E000] (size: 0x00000640) of module sys/external/libhttp.suprx
[05:21:09.951] |I| [load_self]: Loading symbols for SELF: sys/external/libhttp.suprx
[05:21:09.951] |D| [load_var_exports]: 	NID 0x936C8A78 (SYSLYB) at 0x1893E68
[05:21:09.951] |D| [load_var_exports]: 	NID 0x6C2224BA (NID_MODULE_INFO) at 0x1890CA0
[05:21:09.951] |I| [load_module]: Module SceLibHttp (at "sys/external/libhttp.suprx") loaded
[05:21:09.951] |D| [load_module]: Running module_start of module: SceLibHttp
[05:21:09.953] |I| [load_module]: Module SceLibHttp (at "sys/external/libhttp.suprx") module_start returned 0x0
[05:21:09.961] |I| [load_self]: Loaded module segment 0 @ [0x01899000 - 0x018FFEA4 / 0x81000000] (size: 0x00066EA4) of module sys/external/libssl.suprx
[05:21:09.961] |I| [load_self]: Loaded module segment 1 @ [0x01900000 - 0x01904FA8 / 0x81067000] (size: 0x00004FA8) of module sys/external/libssl.suprx
[05:21:09.961] |I| [load_self]: Loading symbols for SELF: sys/external/libssl.suprx
[05:21:09.962] |D| [load_var_exports]: 	NID 0x936C8A78 (SYSLYB) at 0x18EB9E0
[05:21:09.962] |D| [load_var_exports]: 	NID 0x6C2224BA (NID_MODULE_INFO) at 0x18E5CA0
[05:21:09.962] |I| [load_module]: Module SceLibSsl (at "sys/external/libssl.suprx") loaded
[05:21:09.962] |W| [unimplemented_impl]: Unimplemented sceNetCtlInit import called.
[05:21:09.965] |E| [call_import]: Import function for NID 0x9F793F84 not found (thread name: PCSB00964, thread ID: 6)
[05:21:09.965] |W| [stubbed_impl]: Stubbed sceNetCtlInetGetState import called. (state = SCE_NETCTL_STATE_DISCONNECTED)
[05