[23:33:26.425] |I| [load_app_impl]: ngs experimental state: true
[23:33:26.425] |I| [load_app_impl]: video player state: true
[23:33:26.426] |I| [load_app_impl]: lle-modules: libsas,libSceJson,liblocation,libatrac,libSceXml,libvoice,librudp,libpgf
[23:33:26.427] |I| [load_app_impl]: Title: StarDrone Extreme
[23:33:26.427] |I| [load_app_impl]: Serial: PCSB00037
[23:33:26.427] |I| [load_app_impl]: Version: 1.01
[23:33:26.428] |I| [load_app_impl]: Category: gp
[23:33:26.477] |C| [load_self]: Unknown segment type 0x6FFFFF01
[23:33:26.477] |I| [load_self]: Loaded module segment 0 @ [0x00004000 - 0x000401CC / 0x81000000] (size: 0x0003C1CC) of module ux0:app\PCSB00037\sce_module\libc.suprx
[23:33:26.478] |I| [load_self]: Loaded module segment 1 @ [0x00041000 - 0x0004333C / 0x8103D000] (size: 0x0000233C) of module ux0:app\PCSB00037\sce_module\libc.suprx
[23:33:26.478] |I| [load_self]: Loading symbols for SELF: ux0:app\PCSB00037\sce_module\libc.suprx
[23:33:26.479] |D| [load_var_exports]: 	NID 0x6C2224BA (NID_MODULE_INFO) at 0x31CE4
[23:33:26.479] |W| [load_var_imports]: 	NID NOT FOUND 0xDF084DFA (UNRECOGNISED) at 0x3549C, setting to stub value 0xDEADBEEF
[23:33:26.480] |I| [pre_load_module]: Pre-load module SceLibc (at "app\PCSB00037\sce_module\libc.suprx") loaded
[23:33:26.497] |C| [load_self]: Unknown segment type 0x6FFFFF01
[23:33:26.497] |I| [load_self]: Loaded module segment 0 @ [0x00045000 - 0x00066B7C / 0x81000000] (size: 0x00021B7C) of module ux0:app\PCSB00037\sce_module\libfios2.suprx
[23:33:26.498] |I| [load_self]: Loaded module segment 1 @ [0x00067000 - 0x0006C194 / 0x81022000] (size: 0x00005194) of module ux0:app\PCSB00037\sce_module\libfios2.suprx
[23:33:26.498] |I| [load_self]: Loading symbols for SELF: ux0:app\PCSB00037\sce_module\libfios2.suprx
[23:33:26.499] |D| [load_var_exports]: 	NID 0x6C2224BA (NID_MODULE_INFO) at 0x606CC
[23:33:26.499] |I| [pre_load_module]: Pre-load module SceLibFios2 (at "app\PCSB00037\sce_module\libfios2.suprx") loaded
[23:33:26.514] |C| [load_self]: Unknown segment type 0x6FFFFF01
[23:33:26.514] |I| [load_self]: Loaded module segment 0 @ [0x0006D000 - 0x00080B0C / 0x81000000] (size: 0x00013B0C) of module ux0:app\PCSB00037\sce_module\libult.suprx
[23:33:26.514] |I| [load_self]: Loaded module segment 1 @ [0x00081000 - 0x00081810 / 0x81014000] (size: 0x00000810) of module ux0:app\PCSB00037\sce_module\libult.suprx
[23:33:26.515] |I| [load_self]: Loading symbols for SELF: ux0:app\PCSB00037\sce_module\libult.suprx
[23:33:26.515] |D| [load_var_exports]: 	NID 0x6C2224BA (NID_MODULE_INFO) at 0x7D7F0
[23:33:26.516] |I| [pre_load_module]: Pre-load module SceUlt (at "app\PCSB00037\sce_module\libult.suprx") loaded
[23:33:26.526] |I| [load_self]: Loaded module segment 0 @ [0x00082000 - 0x000D2F04 / 0x81000000] (size: 0x00050F04) of module vs0:sys/external/libSceFt2.suprx
[23:33:26.527] |I| [load_self]: Loaded module segment 1 @ [0x000D3000 - 0x000D32F4 / 0x81051000] (size: 0x000002F4) of module vs0:sys/external/libSceFt2.suprx
[23:33:26.527] |I| [load_self]: Loading symbols for SELF: vs0:sys/external/libSceFt2.suprx
[23:33:26.528] |D| [load_var_exports]: 	NID 0x936C8A78 (SYSLYB) at 0xBE7DC
[23:33:26.528] |D| [load_var_exports]: 	NID 0x6C2224BA (NID_MODULE_INFO) at 0xBDF10
[23:33:26.529] |W| [load_var_imports]: 	NID NOT FOUND 0x93B8AA67 (UNRECOGNISED) at 0xD2EE0, setting to stub value 0xDEADBEEF
[23:33:26.529] |I| [pre_load_module]: Pre-load module SceLibft2 (at "sys/external/libSceFt2.suprx") loaded
[23:33:26.531] |I| [load_self]: Loaded module segment 0 @ [0x000D5000 - 0x000E4F14 / 0x81000000] (size: 0x0000FF14) of module vs0:sys/external/libpvf.suprx
[23:33:26.531] |I| [load_self]: Loaded module segment 1 @ [0x000E5000 - 0x000E5008 / 0x81010000] (size: 0x00000008) of module vs0:sys/external/libpvf.suprx
[23:33:26.532] |I| [load_self]: Loading symbols for SELF: vs0:sys/external/libpvf.suprx
[23:33:26.532] |D| [load_var_exports]: 	NID 0x936C8A78 (SYSLYB) at 0xE3710
[23:33:26.533] |D| [load_var_exports]: 	NID 0x6C2224BA (NID_MODULE_INFO) at 0xE3300
[23:33:26.533] 