[08:00:02.397] |I| [load_app_impl]: ngs experimental state: true
[08:00:02.397] |I| [load_app_impl]: video player state: true
[08:00:02.397] |I| [load_app_impl]: auto-lle: enabled
[08:00:02.397] |I| [load_app_impl]: Title: Earth Defense Force 2017 Portable
[08:00:02.397] |I| [load_app_impl]: Serial: PCSB00239
[08:00:02.397] |I| [load_app_impl]: Version: 1.00
[08:00:02.398] |I| [load_app_impl]: Category: gd
[08:00:02.447] |C| [load_self]: Unknown segment type 0x6FFFFF01
[08:00:02.447] |I| [load_self]: Loaded module segment 0 @ [0x00004000 - 0x000407DC / 0x81000000] (size: 0x0003C7DC) of module app0:sce_module/libc.suprx
[08:00:02.447] |I| [load_self]: Loaded module segment 1 @ [0x00041000 - 0x00043374 / 0x8103D000] (size: 0x00002374) of module app0:sce_module/libc.suprx
[08:00:02.447] |I| [load_self]: Loading symbols for SELF: app0:sce_module/libc.suprx
[08:00:02.448] |D| [load_var_exports]: 	NID 0x6C2224BA (NID_MODULE_INFO) at 0x32220
[08:00:02.448] |W| [load_var_imports]: 	NID NOT FOUND 0xDF084DFA (UNRECOGNISED) at 0x359F0, setting to stub value 0xDEADBEEF
[08:00:02.448] |I| [pre_load_module]: Pre-load module SceLibc (at "sce_module/libc.suprx") loaded
[08:00:02.453] |C| [load_self]: Unknown segment type 0x6FFFFF01
[08:00:02.453] |I| [load_self]: Loaded module segment 0 @ [0x00045000 - 0x000671B0 / 0x81000000] (size: 0x000221B0) of module app0:sce_module/libfios2.suprx
[08:00:02.453] |I| [load_self]: Loaded module segment 1 @ [0x00068000 - 0x0006D1B8 / 0x81023000] (size: 0x000051B8) of module app0:sce_module/libfios2.suprx
[08:00:02.453] |I| [load_self]: Loading symbols for SELF: app0:sce_module/libfios2.suprx
[08:00:02.453] |D| [load_var_exports]: 	NID 0x6C2224BA (NID_MODULE_INFO) at 0x60CB0
[08:00:02.453] |I| [pre_load_module]: Pre-load module SceLibFios2 (at "sce_module/libfios2.suprx") loaded
[08:00:02.456] |C| [load_self]: Unknown segment type 0x6FFFFF01
[08:00:02.456] |I| [load_self]: Loaded module segment 0 @ [0x0006E000 - 0x0008206C / 0x81000000] (size: 0x0001406C) of module app0:sce_module/libult.suprx
[08:00:02.457] |I| [load_self]: Loaded module segment 1 @ [0x00083000 - 0x00083814 / 0x81015000] (size: 0x00000814) of module app0:sce_module/libult.suprx
[08:00:02.457] |I| [load_self]: Loading symbols for SELF: app0:sce_module/libult.suprx
[08:00:02.457] |D| [load_var_exports]: 	NID 0x6C2224BA (NID_MODULE_INFO) at 0x7EB68
[08:00:02.457] |I| [pre_load_module]: Pre-load module SceUlt (at "sce_module/libult.suprx") loaded
[08:00:02.464] |I| [load_self]: Loaded module segment 0 @ [0x00084000 - 0x000D4F04 / 0x81000000] (size: 0x00050F04) of module vs0:sys/external/libSceFt2.suprx
[08:00:02.464] |I| [load_self]: Loaded module segment 1 @ [0x000D5000 - 0x000D52F4 / 0x81051000] (size: 0x000002F4) of module vs0:sys/external/libSceFt2.suprx
[08:00:02.464] |I| [load_self]: Loading symbols for SELF: vs0:sys/external/libSceFt2.suprx
[08:00:02.464] |D| [load_var_exports]: 	NID 0x936C8A78 (SYSLYB) at 0xC07DC
[08:00:02.464] |D| [load_var_exports]: 	NID 0x6C2224BA (NID_MODULE_INFO) at 0xBFF10
[08:00:02.464] |W| [load_var_imports]: 	NID NOT FOUND 0x93B8AA67 (UNRECOGNISED) at 0xD4EE0, setting to stub value 0xDEADBEEF
[08:00:02.464] |I| [pre_load_module]: Pre-load module SceLibft2 (at "sys/external/libSceFt2.suprx") loaded
[08:00:02.466] |I| [load_self]: Loaded module segment 0 @ [0x000D7000 - 0x000E6F14 / 0x81000000] (size: 0x0000FF14) of module vs0:sys/external/libpvf.suprx
[08:00:02.466] |I| [load_self]: Loaded module segment 1 @ [0x000E7000 - 0x000E7008 / 0x81010000] (size: 0x00000008) of module vs0:sys/external/libpvf.suprx
[08:00:02.466] |I| [load_self]: Loading symbols for SELF: vs0:sys/external/libpvf.suprx
[08:00:02.466] |D| [load_var_exports]: 	NID 0x936C8A78 (SYSLYB) at 0xE5710
[08:00:02.466] |D| [load_var_exports]: 	NID 0x6C2224BA (NID_MODULE_INFO) at 0xE5300
[08:00:02.466] |I| [pre_load_module]: Pre-load module SceLibPvf (at "sys/external/libpvf.suprx") loaded
[08:00:02.547] |C| [load_self]: Unknown segment type 0x6FFFFF01
[08:00:02.548] |I| [load_self]: Loaded module segment 0 @ [0x81000000 - 0x812FBB84 / 0x81000000] (size: 0x002FBB84) of module app0:eboot.bin
[08:00:02.548] |I| [load_self]: Loaded module segment 1 @ [0x812FC000 - 0x817270D8 / 0x812FC000] (size: 0x0042B0D8) of module app0:eboot.bin
[08:00:02.548] |I| [load_self]: Loading symbols for SELF: app0:eboot.bin
[08:00:02.548] |D| [load_var_exports]: 	NID 0x6C2224BA (NID_MODULE_INFO) at 0x8127D89C
[08:00:02.549] |D| [load_var_exports]: 	NID 0x70FBA1E7 (SCE_PROC_PARAMS) at 0x81345A78
[08:00:02.549] |I| [load_app_impl]: Main executable EDF3NGP (eboot.bin) loaded
[08:00:02.551] |D| [run_app]: Running module_start of library: SceLibc at address 0x45E5
[08:00:02.584] |I| [export_sceIoOpen]: Opening file: tty0:
[08:00:02.585] |I| [export_sceIoOpen]: Opening file: tty0:
[08:00:02.585] |I| [export_sceIoOpen]: Opening file: tty1:
[08:00:02.586] |I| [run_app]: Module SceLibc (at "app0:sce_module/libc.suprx") module_start returned 0x0
[08:00:02.587] |D| [run_app]: Running module_start of library: SceLibFios2 at address 0x45001
[08:00:02.589] |W| [stubbed_impl]: Stubbed sceKernelGetProcessId import called. (pid: 0)
[08:00:02.589] |W| [stubbed_impl]: Stubbed _sceFiosKernelOverlayGetList import called. (Set pActualIDs to 0)
[08:00:02.590] |D| [export__sceFiosKernelOverlayGetList]: pid: 0
[08:00:02.590] |D| [export__sceFiosKernelOverlayGetList]: buffer_size: 0
[08:00:02.590] |D| [export__sceFiosKernelOverlayGetList]: maxIDs: 0
[08:00:02.590] |D| [export__sceFiosKernelOverlayGetList]: pActualIDs: 0
[08:00:02.590] |I| [run_app]: Module SceLibFios2 (at "app0:sce_module/libfios2.suprx") module_start returned 0x0
[08:00:02.591] |D| [run_app]: Running module_start of library: SceUlt at address 0x71B71
[08:00:02.593] |I| [run_app]: Module SceUlt (at "app0:sce_module/libult.suprx") module_start returned 0x0
[08:00:02.657] |I| [load_module]: Loading module ID: 0xD
[08:00:02.660] |I| [load_self]: Loaded module segment 0 @ [0x0732D000 - 0x07344244 / 0x81000000] (size: 0x00017244) of module sys/external/libsas.suprx
[08:00:02.660] |I| [load_self]: Loaded module segment 1 @ [0x00129000 - 0x00129038 / 0x81018000] (size: 0x00000038) of module sys/external/libsas.suprx
[08:00:02.660] |I| [load_self]: Loading symbols for SELF: sys/external/libsas.suprx
[08:00:02.660] |D| [load_var_exports]: 	NID 0x936C8A78 (SYSLYB) at 0x7341004
[08:00:02.660] |D| [load_var_exports]: 	NID 0x6C2224BA (NID_MODULE_INFO) at 0x7340BF0
[08:00:02.660] |I| [load_module]: Module SceSasUser (at "sys/external/libsas.suprx") loaded
[08:00:02.660] |I| [load_module]: Loading module ID: 0x4
[08:00:02.664] |C| [load_self]: Unknown segment type 0x6FFFFF01
[08:00:02.664] |I| [load_self]: Loaded module segment 0 @ [0x07345000 - 0x07362150 / 0x81000000] (size: 0x0001D150) of module sys/external/libhttp.suprx
[08:00:02.664] |I| [load_self]: Loaded module segment 1 @ [0x07363000 - 0x07363640 / 0x8101E000] (size: 0x00000640) of module sys/external/libhttp.suprx
[08:00:02.664] |I| [load_self]: Loading symbols for SELF: sys/external/libhttp.suprx
[08:00:02.664] |D| [load_var_exports]: 	NID 0x936C8A78 (SYSLYB) at 0x7360E68
[08:00:02.664] |D| [load_var_exports]: 	NID 0x6C2224BA (NID_MODULE_INFO) at 0x735DCA0
[08:00:02.664] |I| [load_module]: Module SceLibHttp (at "sys/external/libhttp.suprx") loaded
[08:00:02.664] |D| [load_module]: Running module_start of module: SceLibHttp
[08:00:02.667] |I| [load_module]: Module SceLibHttp (at "sys/external/libhttp.suprx") module_start returned 0x0
[08:00:02.679] |I| [load_self]: Loaded module segment 0 @ [0x07366000 - 0x073CCEA4 / 0x81000000] (size: 0x00066EA4) of module sys/external/libssl.suprx
[08:00:02.679] |I| [load_self]: Loaded module segment 1 @ [0x073CD000 - 0x073D1FA8 / 0x81067000] (size: 0x00004FA8) of module sys/external/libssl.suprx
[08:00:02.679] |I| [load_self]: Loading symbols for SELF: sys/external/libssl.suprx
[08:00:02.679] |D| [load_var_exports]: 	NID 0x936C8A78 (SYSLYB) at 0x73B89E0
[08:00:02.679] |D| [load_var_exports]: 	NID 0x6C2224BA (NID_MODULE_INFO) at 0x73B2CA0
[08:00:02.680] |I| [load_module]: Module Sce