[19:17:39.903] |I| [load_app_impl]: ngs experimental state: true
[19:17:39.903] |I| [load_app_impl]: video player state: true
[19:17:39.904] |I| [load_app_impl]: auto-lle: enabled
[19:17:39.904] |I| [load_app_impl]: Title: Futuridium EP Deluxe
[19:17:39.904] |I| [load_app_impl]: Serial: PCSB00528
[19:17:39.904] |I| [load_app_impl]: Version: 1.01
[19:17:39.904] |I| [load_app_impl]: Category: gp
[19:17:39.905] |I| [load_self]: Loaded module segment 0 @ [0x00004000 - 0x000128D8 / 0x81000000] (size: 0x0000E8D8) of module os0:us/libkernel.suprx
[19:17:39.905] |I| [load_self]: Loaded module segment 1 @ [0x00013000 - 0x00013048 / 0x8100F000] (size: 0x00000048) of module os0:us/libkernel.suprx
[19:17:39.905] |I| [load_self]: Loading symbols for SELF: os0:us/libkernel.suprx
[19:17:39.905] |D| [load_var_exports]: 	NID 0x936C8A78 (SYSLYB) at 0x10AF0
[19:17:39.906] |D| [load_var_exports]: 	NID 0x6C2224BA (NID_MODULE_INFO) at 0xF250
[19:17:39.906] |D| [load_func_exports]: 	NID 0x120AFC8C (sceKernelUnlockLwMutex2) at 0x44B1
[19:17:39.906] |D| [load_func_exports]: 	NID 0x244E76D2 (sceKernelDeleteLwMutex) at 0xEAC5
[19:17:39.906] |D| [load_func_exports]: 	NID 0x3148C6B6 (sceKernelLockLwMutexCB) at 0x438D
[19:17:39.906] |D| [load_func_exports]: 	NID 0x46E7BE7B (sceKernelLockLwMutex) at 0x4391
[19:17:39.906] |D| [load_func_exports]: 	NID 0x4846613D (sceKernelGetLwMutexInfoById) at 0xEACD
[19:17:39.906] |D| [load_func_exports]: 	NID 0x4C4672BF (sceKernelGetProcessTime) at 0x47CF
[19:17:39.906] |D| [load_func_exports]: 	NID 0x91FA6614 (sceKernelUnlockLwMutex) at 0x4437
[19:17:39.907] |D| [load_func_exports]: 	NID 0xA6A2C915 (sceKernelTryLockLwMutex) at 0x43C1
[19:17:39.907] |D| [load_func_exports]: 	NID 0xB110C123 (sceKernelGetProcessTimeWide) at 0x4799
[19:17:39.907] |D| [load_func_exports]: 	NID 0xB84EF718 (_sceKernelCreateLwMutex) at 0xEAB1
[19:17:39.907] |D| [load_func_exports]: 	NID 0xDA6EC8EF (sceKernelCreateLwMutex) at 0x56ED
[19:17:39.907] |D| [load_func_exports]: 	NID 0xE9F973B1 (sceKernelGetProcessTimeLow) at 0x4771
[19:17:39.907] |D| [load_func_exports]: 	NID 0xF7D8F1FC (sceKernelGetLwMutexInfo) at 0x44A3
[19:17:39.907] |I| [pre_load_module]: Pre-load module SceLibKernel (at "us/libkernel.suprx") loaded
[19:17:39.908] |I| [load_self]: Loaded module segment 0 @ [0x00014000 - 0x000231D4 / 0x81000000] (size: 0x0000F1D4) of module os0:us/driver_us.suprx
[19:17:39.909] |I| [load_self]: Loaded module segment 1 @ [0x00024000 - 0x0002CF40 / 0x81010000] (size: 0x00008F40) of module os0:us/driver_us.suprx
[19:17:39.909] |I| [load_self]: Loading symbols for SELF: os0:us/driver_us.suprx
[19:17:39.909] |D| [load_var_exports]: 	NID 0x936C8A78 (SYSLYB) at 0x216E4
[19:17:39.909] |D| [load_var_exports]: 	NID 0x6C2224BA (NID_MODULE_INFO) at 0x20410
[19:17:39.909] |I| [pre_load_module]: Pre-load module SceDriverUser (at "us/driver_us.suprx") loaded
[19:17:39.913] |W| [relocate_entry]: Unhandled relocation code 37.
[19:17:39.913] |W| [relocate_entry]: Unhandled relocation code 119.
[19:17:39.913] |W| [relocate_entry]: Unhandled relocation code 37.
[19:17:39.913] |W| [relocate_entry]: Unhandled relocation code 119.
[19:17:39.913] |W| [relocate]: Unknown relocation entry format 15 
[19:17:39.919] |I| [load_self]: Loaded module segment 0 @ [0x00082000 - 0x000D2F04 / 0x81000000] (size: 0x00050F04) of module vs0:sys/external/libSceFt2.suprx
[19:17:39.920] |I| [load_self]: Loaded module segment 1 @ [0x000D3000 - 0x000D32F4 / 0x81051000] (size: 0x000002F4) of module vs0:sys/external/libSceFt2.suprx
[19:17:39.920] |I| [load_self]: Loading symbols for SELF: vs0:sys/external/libSceFt2.suprx
[19:17:39.921] |D| [load_var_exports]: 	NID 0x936C8A78 (SYSLYB) at 0xBE7DC
[19:17:39.921] |D| [load_var_exports]: 	NID 0x6C2224BA (NID_MODULE_INFO) at 0xBDF10
[19:17:39.921] |I| [pre_load_module]: Pre-load module SceLibft2 (at "sys/external/libSceFt2.suprx") loaded
[19:17:39.922] |I| [load_self]: Loaded module segment 0 @ [0x000D4000 - 0x000E3F14 / 0x81000000] (size: 0x0000FF14) of module vs0:sys/external/libpvf.suprx
[19:17:39.922] |I| [load_self]: Loaded module segment 1 @ [0x000E4000 - 0x000E4008 / 0x81010000] (size: 0x00000008) of module vs0:sys/external/libpvf.suprx
[19:17:39.922] |I| [load_self]: Loading symbols for SELF: vs0:sys/external/libpvf.suprx
[19:17:39.922] |D| [load_var_exports]: 	NID 0x936C8A78 (SYSLYB) at 0xE2710
[19:17:39.923] |D| [load_var_exports]: 	NID 0x6C2224BA (NID_MODULE_INFO) at 0xE2300
[19:17:39.923] |I| [pre_load_module]: Pre-load module SceLibPvf (at "sys/external/libpvf.suprx") loaded
[19:17:40.295] |C| [load_self]: Unknown segment type 0x6FFFFF01
[19:17:40.295] |I| [load_self]: Loaded module segment 0 @ [0x000E5000 - 0x010C7810 / 0x81000000] (size: 0x00FE2810) of module app0:eboot.bin
[19:17:40.295] |I| [load_self]: Loaded module segment 1 @ [0x010C8000 - 0x012515F0 / 0x81FE3000] (size: 0x001895F0) of module app0:eboot.bin
[19:17:40.295] |I| [load_self]: Loading symbols for SELF: app0:eboot.bin
[19:17:40.295] |D| [load_var_exports]: 	NID 0x6C2224BA (NID_MODULE_INFO) at 0xF64FFC
[19:17:40.295] |D| [load_var_exports]: 	NID 0x70FBA1E7 (SCE_PROC_PARAMS) at 0x10C808C
[19:17:40.295] |D| [load_var_exports]: 	NID 0x936C8A78 (SYSLYB) at 0x10137C4
[19:17:40.295] |W| [load_var_imports]: 	NID NOT FOUND 0x1A5C609 (UNRECOGNISED) at 0xF8D6D4, setting to stub value 0xDEADBEEF
[19:17:40.296] |W| [load_var_imports]: 	NID NOT FOUND 0x6EF1E48 (UNRECOGNISED) at 0xF8D3EC, setting to stub value 0xDEADBEEF
[19:17:40.296] |W| [load_var_imports]: 	NID NOT FOUND 0x36878958 (UNRECOGNISED) at 0xF8D6C0, setting to stub value 0xDEADBEEF
[19:17:40.296] |W| [load_var_imports]: 	NID NOT FOUND 0x3CE6109D (UNRECOGNISED) at 0xF8D68C, setting to stub value 0xDEADBEEF
[19:17:40.296] |W| [load_var_imports]: 	NID NOT FOUND 0x5D8C1282 (UNRECOGNISED) at 0xF8D400, setting to stub value 0xDEADBEEF
[19:17:40.296] |W| [load_var_imports]: 	NID NOT FOUND 0x66B7406C (UNRECOGNISED) at 0xF8D678, setting to stub value 0xDEADBEEF
[19:17:40.296] |W| [load_var_imports]: 	NID NOT FOUND 0xDDF9BB09 (UNRECOGNISED) at 0xF8D454, setting to stub value 0xDEADBEEF
[19:17:40.297] |I| [load_app_impl]: Main executable UnityPlayer (eboot.bin) loaded
[19:17:40.300] |D| [run_app]: Running module_start of library: SceLibKernel at address 0x51F9
[19:17:40.302] |W| [unimplemented_impl]: Unimplemented _sceKernelRegisterLibkernelAddresses import called.
[19:17:40.302] |W| [unimplemented_impl]: Unimplemented _sceKernelBacktrace import called.
[19:17:40.302] |I| [run_app]: Module SceLibKernel (at "os0:us/libkernel.suprx") module_start returned 0x0
[19:17:40.302] |D| [run_app]: Running module_start of library: SceDriverUser at address 0x143E5
[19:17:40.304] |W| [unimplemented_impl]: Unimplemented sceMotionDevIsReady import called.
[19:17:41.305] |I| [run_app]: Module SceDriverUser (at "os0:us/driver_us.suprx") module_start returned 0x0
[19:17:41.307] |W| [unimplemented_impl]: Unimplemented _sceLdTlsRegisterModuleInfo import called.
[19:17:41.307] |W| [unimplemented_impl]: Unimplemented __aeabi_atexit import called.
[19:17:41.307] |W| [unimplemented_impl]: Unimplemented _ZNSt8ios_base4InitC1Ev import called.
[19:17:41.307] |W| [unimplemented_impl]: Unimplemented _ZNSt6_WinitC1Ev import called.
[19:17:41.307] |W| [unimplemented_impl]: Unimplemented __cxa_guard_acquire import called.
[19:17:41.308] |E| [log_error_details]: Unicorn error 0x7. Invalid memory write (UC_ERR_WRITE_UNMAPPED)
[19:17:41.309] |E| [log_error_details]: PC: 0x00d48920,   SP: 0x01298f08,   LR: 0x002c86ac
[19:17:41.309] |E| [log_error_details]: r0 : 0x00000000   r6 : 0x00000020
[19:17:41.309] |E| [log_error_details]: r1 : 0x00000000   r7 : 0x00000000
[19:17:41.309] |E| [log_error_details]: r2 : 0x00000000   r8 : 0x00000000
[19:17:41.309] |E| [log_error_details]: r3 : 0x00000000   r9 : 0x011811b4
[19:17:41.309] |E| [log_error_details]: r4 : 0x00000000   r10: 0x01181188
[19:17:41.309] |E| [log_error_details]: r5 : 0x00000000   r11: 0x0000002b
[19:17:41.309] |E| [log_error_details]: r12: 0x002c8fa0
[19:17:41.309] |E| [log_error_details]: Executing: str r0, [r8, #4]
[19:17:41.310] |I| [l