[06:15:19.180] |I| [load_app_impl]: ngs experimental state: true
[06:15:19.180] |I| [load_app_impl]: video player state: true
[06:15:19.180] |I| [load_app_impl]: auto-lle: enabled
[06:15:19.180] |I| [load_app_impl]: Title: The Long Reach
[06:15:19.181] |I| [load_app_impl]: Serial: PCSB01180
[06:15:19.181] |I| [load_app_impl]: Version: 1.00
[06:15:19.181] |I| [load_app_impl]: Category: gd
[06:15:19.217] |C| [load_self]: Unknown segment type 0x6FFFFF01
[06:15:19.217] |I| [load_self]: Loaded module segment 0 @ [0x00004000 - 0x0005591C / 0x81000000] (size: 0x0005191C) of module app0:sce_module/libc.suprx
[06:15:19.217] |I| [load_self]: Loaded module segment 1 @ [0x00056000 - 0x000588A0 / 0x81052000] (size: 0x000028A0) of module app0:sce_module/libc.suprx
[06:15:19.217] |I| [load_self]: Loading symbols for SELF: app0:sce_module/libc.suprx
[06:15:19.218] |D| [load_var_exports]: 	NID 0x936C8A78 (SYSLYB) at 0x4B38C
[06:15:19.218] |D| [load_var_exports]: 	NID 0x6C2224BA (NID_MODULE_INFO) at 0x40550
[06:15:19.218] |W| [load_var_imports]: 	NID NOT FOUND 0x93B8AA67 (UNRECOGNISED) at 0x446B0, setting to stub value 0xDEADBEEF
[06:15:19.218] |W| [load_var_imports]: 	NID NOT FOUND 0xDF084DFA (UNRECOGNISED) at 0x46244, setting to stub value 0xDEADBEEF
[06:15:19.218] |I| [pre_load_module]: Pre-load module SceLibc (at "sce_module/libc.suprx") loaded
[06:15:19.225] |C| [load_self]: Unknown segment type 0x6FFFFF01
[06:15:19.225] |I| [load_self]: Loaded module segment 0 @ [0x0005B000 - 0x00074000 / 0x81000000] (size: 0x00019000) of module app0:sce_module/libface.suprx
[06:15:19.225] |I| [load_self]: Loaded module segment 1 @ [0x00074000 - 0x000740F8 / 0x81019000] (size: 0x000000F8) of module app0:sce_module/libface.suprx
[06:15:19.225] |I| [load_self]: Loading symbols for SELF: app0:sce_module/libface.suprx
[06:15:19.225] |D| [load_var_exports]: 	NID 0x6C2224BA (NID_MODULE_INFO) at 0x70DA4
[06:15:19.225] |D| [load_var_exports]: 	NID 0x936C8A78 (SYSLYB) at 0x73784
[06:15:19.225] |I| [pre_load_module]: Pre-load module SceFace (at "sce_module/libface.suprx") loaded
[06:15:19.242] |C| [load_self]: Unknown segment type 0x6FFFFF01
[06:15:19.242] |I| [load_self]: Loaded module segment 0 @ [0x00075000 - 0x000A1CBF / 0x81000000] (size: 0x0002CCBF) of module app0:sce_module/libfios2.suprx
[06:15:19.242] |I| [load_self]: Loaded module segment 1 @ [0x000A2000 - 0x000A7255 / 0x8102D000] (size: 0x00005255) of module app0:sce_module/libfios2.suprx
[06:15:19.242] |I| [load_self]: Loading symbols for SELF: app0:sce_module/libfios2.suprx
[06:15:19.242] |D| [load_var_exports]: 	NID 0x936C8A78 (SYSLYB) at 0xA1BC8
[06:15:19.242] |D| [load_var_exports]: 	NID 0x6C2224BA (NID_MODULE_INFO) at 0x98F08
[06:15:19.242] |I| [pre_load_module]: Pre-load module SceLibFios2 (at "sce_module/libfios2.suprx") loaded
[06:15:19.284] |C| [load_self]: Unknown segment type 0x6FFFFF01
[06:15:19.284] |I| [load_self]: Loaded module segment 0 @ [0x000A8000 - 0x002B5AF4 / 0x81000000] (size: 0x0020DAF4) of module app0:sce_module/libsmart.suprx
[06:15:19.284] |I| [load_self]: Loaded module segment 1 @ [0x002B6000 - 0x002B9444 / 0x8120E000] (size: 0x00003444) of module app0:sce_module/libsmart.suprx
[06:15:19.285] |I| [load_self]: Loading symbols for SELF: app0:sce_module/libsmart.suprx
[06:15:19.285] |D| [load_var_exports]: 	NID 0x6C2224BA (NID_MODULE_INFO) at 0x153528
[06:15:19.285] |D| [load_var_exports]: 	NID 0x936C8A78 (SYSLYB) at 0x15A90C
[06:15:19.285] |I| [pre_load_module]: Pre-load module SceSmart (at "sce_module/libsmart.suprx") loaded
[06:15:19.294] |C| [load_self]: Unknown segment type 0x6FFFFF01
[06:15:19.295] |I| [load_self]: Loaded module segment 0 @ [0x002BA000 - 0x002CD9BC / 0x81000000] (size: 0x000139BC) of module app0:sce_module/libult.suprx
[06:15:19.295] |I| [load_self]: Loaded module segment 1 @ [0x002CE000 - 0x002CE814 / 0x81014000] (size: 0x00000814) of module app0:sce_module/libult.suprx
[06:15:19.295] |I| [load_self]: Loading symbols for SELF: app0:sce_module/libult.suprx
[06:15:19.295] |D| [load_var_exports]: 	NID 0x936C8A78 (SYSLYB) at 0x2CC2E8
[06:15:19.295] |D| [load_var_exports]: 	NID 0x6C2224BA (NID_MODULE_INFO) at 0x2C9870
[06:15:19.295] |I| [pre_load_module]: Pre-load module SceUlt (at "sce_module/libult.suprx") loaded
[06:15:19.301] |I| [load_self]: Loaded module segment 0 @ [0x002CF000 - 0x0031FF04 / 0x81000000] (size: 0x00050F04) of module vs0:sys/external/libSceFt2.suprx
[06:15:19.301] |I| [load_self]: Loaded module segment 1 @ [0x00320000 - 0x003202F4 / 0x81051000] (size: 0x000002F4) of module vs0:sys/external/libSceFt2.suprx
[06:15:19.301] |I| [load_self]: Loading symbols for SELF: vs0:sys/external/libSceFt2.suprx
[06:15:19.301] |D| [load_var_exports]: 	NID 0x936C8A78 (SYSLYB) at 0x30B7DC
[06:15:19.301] |D| [load_var_exports]: 	NID 0x6C2224BA (NID_MODULE_INFO) at 0x30AF10
[06:15:19.301] |I| [pre_load_module]: Pre-load module SceLibft2 (at "sys/external/libSceFt2.suprx") loaded
[06:15:19.303] |I| [load_self]: Loaded module segment 0 @ [0x00321000 - 0x00330F14 / 0x81000000] (size: 0x0000FF14) of module vs0:sys/external/libpvf.suprx
[06:15:19.303] |I| [load_self]: Loaded module segment 1 @ [0x00331000 - 0x00331008 / 0x81010000] (size: 0x00000008) of module vs0:sys/external/libpvf.suprx
[06:15:19.303] |I| [load_self]: Loading symbols for SELF: vs0:sys/external/libpvf.suprx
[06:15:19.303] |D| [load_var_exports]: 	NID 0x936C8A78 (SYSLYB) at 0x32F710
[06:15:19.303] |D| [load_var_exports]: 	NID 0x6C2224BA (NID_MODULE_INFO) at 0x32F300
[06:15:19.303] |I| [pre_load_module]: Pre-load module SceLibPvf (at "sys/external/libpvf.suprx") loaded
[06:15:19.713] |C| [load_self]: Unknown segment type 0x6FFFFF01
[06:15:19.713] |I| [load_self]: Loaded module segment 0 @ [0x00332000 - 0x014F5734 / 0x81000000] (size: 0x011C3734) of module app0:eboot.bin
[06:15:19.713] |I| [load_self]: Loaded module segment 1 @ [0x014F6000 - 0x01604744 / 0x821C4000] (size: 0x0010E744) of module app0:eboot.bin
[06:15:19.713] |I| [load_self]: Loading symbols for SELF: app0:eboot.bin
[06:15:19.713] |D| [load_var_exports]: 	NID 0x6C2224BA (NID_MODULE_INFO) at 0x12CE434
[06:15:19.713] |D| [load_var_exports]: 	NID 0x70FBA1E7 (SCE_PROC_PARAMS) at 0x150E9A8
[06:15:19.714] |D| [load_var_exports]: 	NID 0x936C8A78 (SYSLYB) at 0x1462C14
[06:15:19.714] |W| [load_var_imports]: 	NID NOT FOUND 0x338B0BD1 (UNRECOGNISED) at 0x132BE9C, setting to stub value 0xDEADBEEF
[06:15:19.714] |W| [load_var_imports]: 	NID NOT FOUND 0x3A451B91 (UNRECOGNISED) at 0x132BE88, setting to stub value 0xDEADBEEF
[06:15:19.714] |W| [load_var_imports]: 	NID NOT FOUND 0x550DFE23 (UNRECOGNISED) at 0x132BEB0, setting to stub value 0xDEADBEEF
[06:15:19.714] |W| [load_var_imports]: 	NID NOT FOUND 0x56354517 (UNRECOGNISED) at 0x132BE50, setting to stub value 0xDEADBEEF
[06:15:19.714] |W| [load_var_imports]: 	NID NOT FOUND 0x5EF67445 (UNRECOGNISED) at 0x132BF14, setting to stub value 0xDEADBEEF
[06:15:19.714] |W| [load_var_imports]: 	NID NOT FOUND 0x6ACA1D57 (UNRECOGNISED) at 0x132BED8, setting to stub value 0xDEADBEEF
[06:15:19.714] |W| [load_var_imports]: 	NID NOT FOUND 0x71A78083 (UNRECOGNISED) at 0x132BE74, setting to stub value 0xDEADBEEF
[06:15:19.714] |W| [load_var_imports]: 	NID NOT FOUND 0x79F9DB75 (UNRECOGNISED) at 0x132BEC4, setting to stub value 0xDEADBEEF
[06:15:19.714] |W| [load_var_imports]: 	NID NOT FOUND 0xAA0340C3 (UNRECOGNISED) at 0x132BEEC, setting to stub value 0xDEADBEEF
[06:15:19.715] |W| [load_var_imports]: 	NID NOT FOUND 0xF9A1DE92 (UNRECOGNISED) at 0x132BF00, setting to stub value 0xDEADBEEF
[06:15:19.716] |I| [load_app_impl]: Main executable UnityPlayer_201721_Release (eboot.bin) loaded
[06:15:19.719] |D| [run_app]: Running module_start of library: SceLibc at address 0x4871
[06:15:19.723] |I| [run_app]: Module SceLibc (at "app0:sce_module/libc.suprx") module_start returned 0x0
[06:15:19.724] |D| [run_app]: Running module_start of library: SceFace at address 0x70265
[06:15:19.726] |I| [run_app]: Module SceFace (at "app0:sce_module/libface.suprx") module_start returned 0x0
[06:15:19.729] |D| [run_app]: Running module_start of library: SceLibFios2 at addre