[07:54:34.024] |I| [load_app_impl]: ngs experimental state: true
[07:54:34.025] |I| [load_app_impl]: video player state: true
[07:54:34.025] |I| [load_app_impl]: auto-lle: enabled
[07:54:34.025] |I| [load_app_impl]: Title: Rogue Legacy
[07:54:34.025] |I| [load_app_impl]: Serial: PCSB00571
[07:54:34.025] |I| [load_app_impl]: Version: 1.03
[07:54:34.025] |I| [load_app_impl]: Category: gp
[07:54:34.094] |C| [load_self]: Unknown segment type 0x6FFFFF01
[07:54:34.094] |I| [load_self]: Loaded module segment 0 @ [0x00004000 - 0x00053BD4 / 0x81000000] (size: 0x0004FBD4) of module app0:sce_module/libc.suprx
[07:54:34.095] |I| [load_self]: Loaded module segment 1 @ [0x00054000 - 0x00056688 / 0x81050000] (size: 0x00002688) of module app0:sce_module/libc.suprx
[07:54:34.095] |I| [load_self]: Loading symbols for SELF: app0:sce_module/libc.suprx
[07:54:34.095] |D| [load_var_exports]: 	NID 0x936C8A78 (SYSLYB) at 0x496C4
[07:54:34.095] |D| [load_var_exports]: 	NID 0x6C2224BA (NID_MODULE_INFO) at 0x3F488
[07:54:34.095] |W| [load_var_imports]: 	NID NOT FOUND 0x93B8AA67 (UNRECOGNISED) at 0x434A8, setting to stub value 0xDEADBEEF
[07:54:34.095] |W| [load_var_imports]: 	NID NOT FOUND 0xDF084DFA (UNRECOGNISED) at 0x4502C, setting to stub value 0xDEADBEEF
[07:54:34.096] |I| [pre_load_module]: Pre-load module SceLibc (at "sce_module/libc.suprx") loaded
[07:54:34.102] |C| [load_self]: Unknown segment type 0x6FFFFF01
[07:54:34.102] |I| [load_self]: Loaded module segment 0 @ [0x00059000 - 0x00071CF4 / 0x81000000] (size: 0x00018CF4) of module app0:sce_module/libface.suprx
[07:54:34.102] |I| [load_self]: Loaded module segment 1 @ [0x00072000 - 0x000720F8 / 0x81019000] (size: 0x000000F8) of module app0:sce_module/libface.suprx
[07:54:34.103] |I| [load_self]: Loading symbols for SELF: app0:sce_module/libface.suprx
[07:54:34.103] |D| [load_var_exports]: 	NID 0x6C2224BA (NID_MODULE_INFO) at 0x6EAC0
[07:54:34.103] |D| [load_var_exports]: 	NID 0x936C8A78 (SYSLYB) at 0x71478
[07:54:34.103] |I| [pre_load_module]: Pre-load module SceFace (at "sce_module/libface.suprx") loaded
[07:54:34.114] |C| [load_self]: Unknown segment type 0x6FFFFF01
[07:54:34.114] |I| [load_self]: Loaded module segment 0 @ [0x00073000 - 0x0009DAA8 / 0x81000000] (size: 0x0002AAA8) of module app0:sce_module/libfios2.suprx
[07:54:34.114] |I| [load_self]: Loaded module segment 1 @ [0x0009E000 - 0x000A323D / 0x8102B000] (size: 0x0000523D) of module app0:sce_module/libfios2.suprx
[07:54:34.114] |I| [load_self]: Loading symbols for SELF: app0:sce_module/libfios2.suprx
[07:54:34.115] |D| [load_var_exports]: 	NID 0x936C8A78 (SYSLYB) at 0x9D9B0
[07:54:34.115] |D| [load_var_exports]: 	NID 0x6C2224BA (NID_MODULE_INFO) at 0x95138
[07:54:34.115] |I| [pre_load_module]: Pre-load module SceLibFios2 (at "sce_module/libfios2.suprx") loaded
[07:54:34.162] |C| [load_self]: Unknown segment type 0x6FFFFF01
[07:54:34.162] |I| [load_self]: Loaded module segment 0 @ [0x000A4000 - 0x002A9054 / 0x81000000] (size: 0x00205054) of module app0:sce_module/libsmart.suprx
[07:54:34.162] |I| [load_self]: Loaded module segment 1 @ [0x002AA000 - 0x002AD5C4 / 0x81206000] (size: 0x000035C4) of module app0:sce_module/libsmart.suprx
[07:54:34.162] |I| [load_self]: Loading symbols for SELF: app0:sce_module/libsmart.suprx
[07:54:34.162] |D| [load_var_exports]: 	NID 0x6C2224BA (NID_MODULE_INFO) at 0x1476AC
[07:54:34.163] |D| [load_var_exports]: 	NID 0x936C8A78 (SYSLYB) at 0x14E308
[07:54:34.163] |I| [pre_load_module]: Pre-load module SceSmart (at "sce_module/libsmart.suprx") loaded
[07:54:34.176] |C| [load_self]: Unknown segment type 0x6FFFFF01
[07:54:34.177] |I| [load_self]: Loaded module segment 0 @ [0x002AE000 - 0x002C19C4 / 0x81000000] (size: 0x000139C4) of module app0:sce_module/libult.suprx
[07:54:34.177] |I| [load_self]: Loaded module segment 1 @ [0x002C2000 - 0x002C2814 / 0x81014000] (size: 0x00000814) of module app0:sce_module/libult.suprx
[07:54:34.177] |I| [load_self]: Loading symbols for SELF: app0:sce_module/libult.suprx
[07:54:34.177] |D| [load_var_exports]: 	NID 0x936C8A78 (SYSLYB) at 0x2C02F0
[07:54:34.177] |D| [load_var_exports]: 	NID 0x6C2224BA (NID_MODULE_INFO) at 0x2BD874
[07:54:34.177] |I| [pre_load_module]: Pre-load module SceUlt (at "sce_module/libult.suprx") loaded
[07:54:34.183] |I| [load_self]: Loaded module segment 0 @ [0x002C3000 - 0x00313F04 / 0x81000000] (size: 0x00050F04) of module vs0:sys/external/libSceFt2.suprx
[07:54:34.183] |I| [load_self]: Loaded module segment 1 @ [0x00314000 - 0x003142F4 / 0x81051000] (size: 0x000002F4) of module vs0:sys/external/libSceFt2.suprx
[07:54:34.183] |I| [load_self]: Loading symbols for SELF: vs0:sys/external/libSceFt2.suprx
[07:54:34.184] |D| [load_var_exports]: 	NID 0x936C8A78 (SYSLYB) at 0x2FF7DC
[07:54:34.184] |D| [load_var_exports]: 	NID 0x6C2224BA (NID_MODULE_INFO) at 0x2FEF10
[07:54:34.184] |I| [pre_load_module]: Pre-load module SceLibft2 (at "sys/external/libSceFt2.suprx") loaded
[07:54:34.185] |I| [load_self]: Loaded module segment 0 @ [0x00315000 - 0x00324F14 / 0x81000000] (size: 0x0000FF14) of module vs0:sys/external/libpvf.suprx
[07:54:34.185] |I| [load_self]: Loaded module segment 1 @ [0x00325000 - 0x00325008 / 0x81010000] (size: 0x00000008) of module vs0:sys/external/libpvf.suprx
[07:54:34.185] |I| [load_self]: Loading symbols for SELF: vs0:sys/external/libpvf.suprx
[07:54:34.185] |D| [load_var_exports]: 	NID 0x936C8A78 (SYSLYB) at 0x323710
[07:54:34.185] |D| [load_var_exports]: 	NID 0x6C2224BA (NID_MODULE_INFO) at 0x323300
[07:54:34.186] |I| [pre_load_module]: Pre-load module SceLibPvf (at "sys/external/libpvf.suprx") loaded
[07:54:34.318] |C| [load_self]: Unknown segment type 0x6FFFFF01
[07:54:34.318] |I| [load_self]: Loaded module segment 0 @ [0x00326000 - 0x0085F864 / 0x81000000] (size: 0x00539864) of module app0:eboot.bin
[07:54:34.318] |I| [load_self]: Loaded module segment 1 @ [0x00860000 - 0x0086A5F8 / 0x8153A000] (size: 0x0000A5F8) of module app0:eboot.bin
[07:54:34.319] |I| [load_self]: Loading symbols for SELF: app0:eboot.bin
[07:54:34.319] |D| [load_var_exports]: 	NID 0x6C2224BA (NID_MODULE_INFO) at 0x78A35C
[07:54:34.319] |D| [load_var_exports]: 	NID 0x70FBA1E7 (SCE_PROC_PARAMS) at 0x860410
[07:54:34.319] |D| [load_var_exports]: 	NID 0x936C8A78 (SYSLYB) at 0x836FF8
[07:54:34.319] |I| [load_app_impl]: Main executable RogueCastle (eboot.bin) loaded
[07:54:34.322] |D| [run_app]: Running module_start of library: SceLibc at address 0x4805
[07:54:34.361] |I| [run_app]: Module SceLibc (at "app0:sce_module/libc.suprx") module_start returned 0x0
[07:54:34.362] |D| [run_app]: Running module_start of library: SceFace at address 0x6DFC5
[07:54:34.364] |I| [run_app]: Module SceFace (at "app0:sce_module/libface.suprx") module_start returned 0x0
[07:54:34.365] |D| [run_app]: Running module_start of library: SceLibFios2 at address 0x73001
[07:54:34.366] |W| [stubbed_impl]: Stubbed sceKernelGetProcessId import called. (pid: 0)
[07:54:34.367] |W| [unimplemented_impl]: Unimplemented sceFiosOverlayGetList02 import called.
[07:54:34.367] |I| [run_app]: Module SceLibFios2 (at "app0:sce_module/libfios2.suprx") module_start returned 0x0
[07:54:34.367] |D| [run_app]: Running module_start of library: SceSmart at address 0xA417D
[07:54:34.369] |I| [run_app]: Module SceSmart (at "app0:sce_module/libsmart.suprx") module_start returned 0x0
[07:54:34.370] |D| [run_app]: Running module_start of library: SceUlt at address 0x2B1771
[07:54:34.372] |W| [unimplemented_impl]: Unimplemented _sceUlobjMgrRegisterLibultProtocolRevision import called.
[07:54:34.372] |I| [run_app]: Module SceUlt (at "app0:sce_module/libult.suprx") module_start returned 0x0
[07:54:34.401] |W| [unimplemented_impl]: Unimplemented sceAppUtilInit import called.
[07:54:34.401] |W| [unimplemented_impl]: Unimplemented sceAppMgrAcquireBgmPort import called.
[07:54:34.478] |W| [stubbed_impl]: Stubbed sceGxmMapMemory import called. (always return success)
[07:54:34.478] |W| [stubbed_impl]: Stubbed sceGxmMapVertexUsseMemory import called. (always return success)
[07:54:34.478] |W| [stubbed_impl]: Stubbed sceGxmMapFragmentUsseMemory import called. (always return success)
[07:54:34.490] |I| [export_sceIoOpen]: Opening file: app0:/Content/Shaders/vs_default.gxp
[07:54:34.540] |I| [export_sceIoOpen]: Opening file: app0:/Content/Shaders/fs_default.gxp
[07:54:34.578] |W| [unimplemented_impl]: Unimplemented sceKernelGetThreadCurrentPriority import called.
[07:54:34.587] |W| [unimplemented_impl]: Unimplemented sceNetCtlInit import called.
[07:54:34.587] |W| [stubbed_impl]: Stubbed sceNetCtlInetGetState import called. (state = SCE_NETCTL_STATE_DISCONNECTED)
[07:54:34.587] |I| [load_module]: Loading module ID: 0x4
[07:54:34.590] |C| [load_self]: Unknown segment type 0x6FFFFF01
[07:54:34.590] |I| [load_self]: Loaded module segment 0 @ [0x156CD000 - 0x156EA150 / 0x81000000] (size: 0x0001D150) of module sys/external/libhttp.suprx
[07:54:34.591] |I| [load_self]: Loaded module segment 1 @ [0x156EB000 - 0x156EB640 / 0x8101E000] (size: 0x00000640) of module sys/external/libhttp.suprx
[07:54:34.591] |I| [load_self]: Loading symbols for SELF: sys/external/libhttp.suprx
[07:54:34.591] |D| [load_var_exports]: 	NID 0x936C8A78 (SYSLYB) at 0x156E8E68
[07:54:34.591] |D| [load_var_exports]: 	NID 0x6C2224BA (NID_MODULE_INFO) at 0x156E5CA0
[07:54:34.591] |I| [load_module]: Module SceLibHttp (at "sys/external/libhttp.suprx") loaded
[07:54:34.591] |D| [load_module]: Running module_start of module: SceLibHttp
[07:54:34.593] |I| [load_module]: Module SceLibHttp (at "sys/external/libhttp.suprx") module_start returned 0x0
[07:54:34.601] |I| [load_self]: Loaded module segment 0 @ [0x156EE000 - 0x15754EA4 / 0x81000000] (size: 0x00066EA4) of module sys/external/libssl.suprx
[07:54:34.602] |I| [load_self]: Loaded module segment 1 @ [0x15755000 - 0x15759FA8 / 0x81067000] (size: 0x00004FA8) of module sys/external/libssl.suprx
[07:54:34.602] |I| [load_self]: Loading symbols for SELF: sys/external/libssl.suprx
[07:54:34.602] |D| [load_var_exports]: 	NID 0x936C8A78 (SYSLYB) at 0x157409E0
[07:54:34.602] |D| [load_var_exports]: 	NID 0x6C2224BA (NID_MODULE_INFO) at 0x1573ACA0
[07:54:34.602] |I| [load_module]: Module SceLibSsl (at "sys/external/libssl.suprx") loaded
[07:54:34.602] |E| [call_import]: Import function for NID 0x9F793F84 not found (thread name: Toolkit::NP, thread ID: 54)
[07:54:34.605] |W| [unimplemented_impl]: Unimplemented sceNpBasicInit import called.
[07:54:34.605] |W| [unimplemented_impl]: Unimplemented sceNpBasicRegisterHandler import called.
[07:54:34.639] |E| [logging::ret_error_impl]: sceKernelWaitLwCond returned SCE_KERNEL_ERROR_WAIT_TIMEOUT (0x80028005)
[07:54:34.640] |W| [stubbed_impl]: Stubbed sceNetCtlCheckCallback import called. (Stub)
[07:54:34.641] |W| [stubbed_impl]: Stubbed sceNpCheckCallback import called. (Stub)
[07:54:34.641] |W| [unimplemented_impl]: Unimplemented sceNpBasicCheckCallback import called.
[07:54:34.982] |W| [stubbed_impl]: Stubbed sceNpTrophyCreateHandle import called. (Stubbed handle with 1)
[07:54:34.983] |W| [unimplemented_impl]: Unimplemented sceNpTusInit import called.
[07:54:34.989] |W| [unimplemented_impl]: Unimplemented sceNetCtlGetNatInfo import called.
[07:54:34.990] |W| [unimplemented_impl]: Unimplemented sceNpActivityInit import called.
[07:54:35.001] |I| [export_sceIoOpen]: Opening file: app0:/Content/Languages/rl_localization_little.bin
[07:54:35.073] |W| [unimplemented_impl]: Unimplemented sceCommonDialogUpdate import called.
[07:54:35.074] |W| [stubbed_impl]: Stubbed sceDisplayWaitVblankStart import called. (wait for vblank)
[07:54:35.075] |E| [open_file]: Missing file at D:/Emulateurs/Vita3K/mc/ux0/user/00/savedata/PCSB00571/SlotParam_0.bin (target path: savedata0:/SlotParam_0.bin)
[07:54:35.075] |W| [io_error_impl]: open_file (sceAppUtilSaveDataSlotGetParam) returned 0x80010002
[07:54:35.075] |E| [logging::ret_error_impl]: sceAppUtilSaveDataSlotGetParam returned SCE_APPUTIL_ERROR_SAVEDATA_SLOT_NOT_FOUND (0x80100641)
[07:54:35.076] |I| [export_sceIoOpen]: Opening file: savedata0:vfs.bin
[07:54:35.076] |E| [open_file]: Missing file at D:/Emulateurs/Vita3K/mc/ux0/user/00/savedata/PCSB00571/vfs.bin (targe