[01:32:35.405] |I| [load_app_impl]: ngs experimental state: true
[01:32:35.405] |I| [load_app_impl]: video player state: true
[01:32:35.405] |I| [load_app_impl]: auto-lle: enabled
[01:32:35.405] |I| [load_app_impl]: Title: Toukiden: The Age of Demons
[01:32:35.405] |I| [load_app_impl]: Serial: PCSB00478
[01:32:35.405] |I| [load_app_impl]: Version: 1.02
[01:32:35.405] |I| [load_app_impl]: Category: gp
[01:32:35.463] |C| [load_self]: Unknown segment type 0x6FFFFF01
[01:32:35.463] |I| [load_self]: Loaded module segment 0 @ [0x00004000 - 0x0004E4B0 / 0x81000000] (size: 0x0004A4B0) of module app0:sce_module/libc.suprx
[01:32:35.463] |I| [load_self]: Loaded module segment 1 @ [0x0004F000 - 0x000516F4 / 0x8104B000] (size: 0x000026F4) of module app0:sce_module/libc.suprx
[01:32:35.463] |I| [load_self]: Loading symbols for SELF: app0:sce_module/libc.suprx
[01:32:35.464] |D| [load_var_exports]: 	NID 0x6C2224BA (NID_MODULE_INFO) at 0x3AF30
[01:32:35.464] |W| [load_var_imports]: 	NID NOT FOUND 0x93B8AA67 (UNRECOGNISED) at 0x3EDF0, setting to stub value 0xDEADBEEF
[01:32:35.464] |W| [load_var_imports]: 	NID NOT FOUND 0xDF084DFA (UNRECOGNISED) at 0x404A4, setting to stub value 0xDEADBEEF
[01:32:35.464] |I| [pre_load_module]: Pre-load module SceLibc (at "sce_module/libc.suprx") loaded
[01:32:35.476] |C| [load_self]: Unknown segment type 0x6FFFFF01
[01:32:35.476] |I| [load_self]: Loaded module segment 0 @ [0x00054000 - 0x0007822C / 0x81000000] (size: 0x0002422C) of module app0:sce_module/libfios2.suprx
[01:32:35.476] |I| [load_self]: Loaded module segment 1 @ [0x00079000 - 0x0007E1A4 / 0x81025000] (size: 0x000051A4) of module app0:sce_module/libfios2.suprx
[01:32:35.476] |I| [load_self]: Loading symbols for SELF: app0:sce_module/libfios2.suprx
[01:32:35.476] |D| [load_var_exports]: 	NID 0x6C2224BA (NID_MODULE_INFO) at 0x70B70
[01:32:35.476] |I| [pre_load_module]: Pre-load module SceLibFios2 (at "sce_module/libfios2.suprx") loaded
[01:32:35.485] |C| [load_self]: Unknown segment type 0x6FFFFF01
[01:32:35.485] |I| [load_self]: Loaded module segment 0 @ [0x0007F000 - 0x00093144 / 0x81000000] (size: 0x00014144) of module app0:sce_module/libult.suprx
[01:32:35.485] |I| [load_self]: Loaded module segment 1 @ [0x00094000 - 0x00094814 / 0x81015000] (size: 0x00000814) of module app0:sce_module/libult.suprx
[01:32:35.485] |I| [load_self]: Loading symbols for SELF: app0:sce_module/libult.suprx
[01:32:35.485] |D| [load_var_exports]: 	NID 0x6C2224BA (NID_MODULE_INFO) at 0x8F1CC
[01:32:35.485] |I| [pre_load_module]: Pre-load module SceUlt (at "sce_module/libult.suprx") loaded
[01:32:35.491] |I| [load_self]: Loaded module segment 0 @ [0x00095000 - 0x000E5F04 / 0x81000000] (size: 0x00050F04) of module vs0:sys/external/libSceFt2.suprx
[01:32:35.491] |I| [load_self]: Loaded module segment 1 @ [0x000E6000 - 0x000E62F4 / 0x81051000] (size: 0x000002F4) of module vs0:sys/external/libSceFt2.suprx
[01:32:35.491] |I| [load_self]: Loading symbols for SELF: vs0:sys/external/libSceFt2.suprx
[01:32:35.492] |D| [load_var_exports]: 	NID 0x936C8A78 (SYSLYB) at 0xD17DC
[01:32:35.492] |D| [load_var_exports]: 	NID 0x6C2224BA (NID_MODULE_INFO) at 0xD0F10
[01:32:35.492] |I| [pre_load_module]: Pre-load module SceLibft2 (at "sys/external/libSceFt2.suprx") loaded
[01:32:35.493] |I| [load_self]: Loaded module segment 0 @ [0x000E7000 - 0x000F6F14 / 0x81000000] (size: 0x0000FF14) of module vs0:sys/external/libpvf.suprx
[01:32:35.493] |I| [load_self]: Loaded module segment 1 @ [0x000F7000 - 0x000F7008 / 0x81010000] (size: 0x00000008) of module vs0:sys/external/libpvf.suprx
[01:32:35.493] |I| [load_self]: Loading symbols for SELF: vs0:sys/external/libpvf.suprx
[01:32:35.494] |D| [load_var_exports]: 	NID 0x936C8A78 (SYSLYB) at 0xF5710
[01:32:35.494] |D| [load_var_exports]: 	NID 0x6C2224BA (NID_MODULE_INFO) at 0xF5300
[01:32:35.494] |I| [pre_load_module]: Pre-load module SceLibPvf (at "sys/external/libpvf.suprx") loaded
[01:32:35.575] |C| [load_self]: Unknown segment type 0x6FFFFF01
[01:32:35.575] |I| [load_self]: Loaded module segment 0 @ [0x81000000 - 0x81365040 / 0x81000000] (size: 0x00365040) of module app0:eboot.bin
[01:32:35.575] |I| [load_self]: Loaded module segment 1 @ [0x81366000 - 0x813CE288 / 0x81366000] (size: 0x00068288) of module app0:eboot.bin
[01:32:35.575] |I| [load_self]: Loading symbols for SELF: app0:eboot.bin
[01:32:35.575] |D| [load_var_exports]: 	NID 0x6C2224BA (NID_MODULE_INFO) at 0x81311850
[01:32:35.575] |D| [load_var_exports]: 	NID 0x70FBA1E7 (SCE_PROC_PARAMS) at 0x81368DB4
[01:32:35.575] |I| [load_app_impl]: Main executable HuntVITAEU_rd (eboot.bin) loaded
[01:32:35.578] |D| [run_app]: Running module_start of library: SceLibc at address 0x47F1
[01:32:35.582] |I| [run_app]: Module SceLibc (at "app0:sce_module/libc.suprx") module_start returned 0x0
[01:32:35.582] |D| [run_app]: Running module_start of library: SceLibFios2 at address 0x54001
[01:32:35.584] |W| [stubbed_impl]: Stubbed sceKernelGetProcessId import called. (pid: 0)
[01:32:35.584] |W| [unimplemented_impl]: Unimplemented sceFiosOverlayGetList02 import called.
[01:32:35.584] |I| [run_app]: Module SceLibFios2 (at "app0:sce_module/libfios2.suprx") module_start returned 0x0
[01:32:35.585] |D| [run_app]: Running module_start of library: SceUlt at address 0x8284D
[01:32:35.587] |W| [unimplemented_impl]: Unimplemented _sceUlobjMgrRegisterLibultProtocolRevision import called.
[01:32:35.587] |I| [run_app]: Module SceUlt (at "app0:sce_module/libult.suprx") module_start returned 0x0
[01:32:35.604] |W| [stubbed_impl]: Stubbed sceKernelChangeThreadPriority import called. (STUB)
[01:32:35.604] |I| [load_module]: Loading module ID: 0x13
[01:32:35.605] |C| [load_self]: Unknown segment type 0x6FFFFF01
[01:32:35.605] |I| [load_self]: Loaded module segment 0 @ [0x0017D000 - 0x0018008C / 0x81000000] (size: 0x0000308C) of module sys/external/libsystemgesture.suprx
[01:32:35.605] |I| [load_self]: Loaded module segment 1 @ [0x00139000 - 0x00139BF0 / 0x81004000] (size: 0x00000BF0) of module sys/external/libsystemgesture.suprx
[01:32:35.605] |I| [load_self]: Loading symbols for SELF: sys/external/libsystemgesture.suprx
[01:32:35.605] |D| [load_var_exports]: 	NID 0x936C8A78 (SYSLYB) at 0x180074
[01:32:35.605] |D| [load_var_exports]: 	NID 0x6C2224BA (NID_MODULE_INFO) at 0x17FBD4
[01:32:35.605] |I| [load_module]: Module SceSystemGesture (at "sys/external/libsystemgesture.suprx") loaded
[01:32:35.605] |D| [load_module]: Running module_start of module: SceSystemGesture
[01:32:35.607] |I| [load_module]: Module SceSystemGesture (at "sys/external/libsystemgesture.suprx") module_start returned 0x0
[01:32:35.608] |W| [unimplemented_impl]: Unimplemented sceScreenShotDisable import called.
[01:32:35.608] |W| [unimplemented_impl]: Unimplemented sceScreenShotSetOverlayImage import called.
[01:32:35.608] |W| [unimplemented_impl]: Unimplemented sceScreenShotEnable import called.
[01:32:35.608] |W| [unimplemented_impl]: Unimplemented sceAppUtilInit import called.
[01:32:35.608] |W| [unimplemented_impl]: Unimplemented sceCommonDialogSetConfigParam import called.
[01:32:35.720] |W| [stubbed_impl]: Stubbed sceKernelLockLwMutexCB import called. (no CB)
[01:32:35.729] |W| [stubbed_impl]: Stubbed sceGxmMapVertexUsseMemory import called. (always return success)
[01:32:35.729] |W| [stubbed_impl]: Stubbed sceGxmMapFragmentUsseMemory import called. (always return success)
[01:32:35.730] |W| [stubbed_impl]: Stubbed sceGxmProgramParameterIsRegFormat import called. (sceGxmProgramParameterIsRegFormat)
[01:32:35.731] |W| [stubbed_impl]: Stubbed sceGxmMapMemory import called. (always return success)
[01:32:35.763] |W| [ngs::create_voice_definition]: Missing voice definition for Buss Type 6, using passthrough.
[01:32:35.763] |W| [ngs::create_voice_definition]: Missing voice definition for Buss Type 1, using passthrough.
[01:32:35.763] |W| [ngs::create_voice_definition]: Missing voice definition for Buss Type 10, using passthrough.
[01:32:35.763] |W| [unimplemented_impl]: Unimplemented sceNgsSystemRelease import called.
[01:32:35.764] |W| [stubbed_impl]: Stubbed sceAudiodecInitLibrary import 