[06:26:52.848] |I| [load_app_impl]: ngs experimental state: true
[06:26:52.849] |I| [load_app_impl]: video player state: true
[06:26:52.849] |I| [load_app_impl]: auto-lle: enabled
[06:26:52.849] |I| [load_app_impl]: Title: Iron Snout
[06:26:52.849] |I| [load_app_impl]: Serial: PCSB01327
[06:26:52.849] |I| [load_app_impl]: Version: 1.00
[06:26:52.849] |I| [load_app_impl]: Category: gd
[06:26:52.938] |C| [load_self]: Unknown segment type 0x6FFFFF01
[06:26:52.938] |I| [load_self]: Loaded module segment 0 @ [0x00004000 - 0x0005591C / 0x81000000] (size: 0x0005191C) of module app0:sce_module/libc.suprx
[06:26:52.938] |I| [load_self]: Loaded module segment 1 @ [0x00056000 - 0x000588A0 / 0x81052000] (size: 0x000028A0) of module app0:sce_module/libc.suprx
[06:26:52.938] |I| [load_self]: Loading symbols for SELF: app0:sce_module/libc.suprx
[06:26:52.939] |D| [load_var_exports]: 	NID 0x936C8A78 (SYSLYB) at 0x4B38C
[06:26:52.939] |D| [load_var_exports]: 	NID 0x6C2224BA (NID_MODULE_INFO) at 0x40550
[06:26:52.939] |W| [load_var_imports]: 	NID NOT FOUND 0x93B8AA67 (UNRECOGNISED) at 0x446B0, setting to stub value 0xDEADBEEF
[06:26:52.939] |W| [load_var_imports]: 	NID NOT FOUND 0xDF084DFA (UNRECOGNISED) at 0x46244, setting to stub value 0xDEADBEEF
[06:26:52.939] |I| [pre_load_module]: Pre-load module SceLibc (at "sce_module/libc.suprx") loaded
[06:26:52.944] |C| [load_self]: Unknown segment type 0x6FFFFF01
[06:26:52.944] |I| [load_self]: Loaded module segment 0 @ [0x0005B000 - 0x00087CBF / 0x81000000] (size: 0x0002CCBF) of module app0:sce_module/libfios2.suprx
[06:26:52.944] |I| [load_self]: Loaded module segment 1 @ [0x00088000 - 0x0008D255 / 0x8102D000] (size: 0x00005255) of module app0:sce_module/libfios2.suprx
[06:26:52.944] |I| [load_self]: Loading symbols for SELF: app0:sce_module/libfios2.suprx
[06:26:52.945] |D| [load_var_exports]: 	NID 0x936C8A78 (SYSLYB) at 0x87BC8
[06:26:52.945] |D| [load_var_exports]: 	NID 0x6C2224BA (NID_MODULE_INFO) at 0x7EF08
[06:26:52.945] |I| [pre_load_module]: Pre-load module SceLibFios2 (at "sce_module/libfios2.suprx") loaded
[06:26:52.947] |C| [load_self]: Unknown segment type 0x6FFFFF01
[06:26:52.947] |I| [load_self]: Loaded module segment 0 @ [0x0008E000 - 0x000A19BC / 0x81000000] (size: 0x000139BC) of module app0:sce_module/libult.suprx
[06:26:52.947] |I| [load_self]: Loaded module segment 1 @ [0x000A2000 - 0x000A2814 / 0x81014000] (size: 0x00000814) of module app0:sce_module/libult.suprx
[06:26:52.947] |I| [load_self]: Loading symbols for SELF: app0:sce_module/libult.suprx
[06:26:52.948] |D| [load_var_exports]: 	NID 0x936C8A78 (SYSLYB) at 0xA02E8
[06:26:52.948] |D| [load_var_exports]: 	NID 0x6C2224BA (NID_MODULE_INFO) at 0x9D870
[06:26:52.948] |I| [pre_load_module]: Pre-load module SceUlt (at "sce_module/libult.suprx") loaded
[06:26:52.954] |I| [load_self]: Loaded module segment 0 @ [0x000A3000 - 0x000F3F04 / 0x81000000] (size: 0x00050F04) of module vs0:sys/external/libSceFt2.suprx
[06:26:52.955] |I| [load_self]: Loaded module segment 1 @ [0x000F4000 - 0x000F42F4 / 0x81051000] (size: 0x000002F4) of module vs0:sys/external/libSceFt2.suprx
[06:26:52.955] |I| [load_self]: Loading symbols for SELF: vs0:sys/external/libSceFt2.suprx
[06:26:52.956] |D| [load_var_exports]: 	NID 0x936C8A78 (SYSLYB) at 0xDF7DC
[06:26:52.956] |D| [load_var_exports]: 	NID 0x6C2224BA (NID_MODULE_INFO) at 0xDEF10
[06:26:52.956] |I| [pre_load_module]: Pre-load module SceLibft2 (at "sys/external/libSceFt2.suprx") loaded
[06:26:52.957] |I| [load_self]: Loaded module segment 0 @ [0x000F5000 - 0x00104F14 / 0x81000000] (size: 0x0000FF14) of module vs0:sys/external/libpvf.suprx
[06:26:52.957] |I| [load_self]: Loaded module segment 1 @ [0x00105000 - 0x00105008 / 0x81010000] (size: 0x00000008) of module vs0:sys/external/libpvf.suprx
[06:26:52.957] |I| [load_self]: Loading symbols for SELF: vs0:sys/external/libpvf.suprx
[06:26:52.957] |D| [load_var_exports]: 	NID 0x936C8A78 (SYSLYB) at 0x103710
[06:26:52.957] |D| [load_var_exports]: 	NID 0x6C2224BA (NID_MODULE_INFO) at 0x103300
[06:26:52.958] |I| [pre_load_module]: Pre-load module SceLibPvf (at "sys/external/libpvf.suprx") loaded
[06:26:53.106] |C| [load_self]: Unknown segment type 0x6FFFFF01
[06:26:53.106] |I| [load_self]: Loaded module segment 0 @ [0x00106000 - 0x00738558 / 0x81000000] (size: 0x00632558) of module app0:eboot.bin
[06:26:53.106] |I| [load_self]: Loaded module segment 1 @ [0x00739000 - 0x00B21D30 / 0x81633000] (size: 0x003E8D30) of module app0:eboot.bin
[06:26:53.107] |I| [load_self]: Loading symbols for SELF: app0:eboot.bin
[06:26:53.107] |D| [load_var_exports]: 	NID 0x6C2224BA (NID_MODULE_INFO) at 0x63BD68
[06:26:53.107] |D| [load_var_exports]: 	NID 0x70FBA1E7 (SCE_PROC_PARAMS) at 0x7477C0
[06:26:53.107] |D| [load_var_exports]: 	NID 0x936C8A78 (SYSLYB) at 0x6752B0
[06:26:53.107] |I| [load_app_impl]: Main executable rgpluginsgm_psvita (eboot.bin) loaded
[06:26:53.110] |D| [run_app]: Running module_start of library: SceLibc at address 0x4871
[06:26:53.114] |I| [run_app]: Module SceLibc (at "app0:sce_module/libc.suprx") module_start returned 0x0
[06:26:53.114] |D| [run_app]: Running module_start of library: SceLibFios2 at address 0x5B001
[06:26:53.116] |W| [stubbed_impl]: Stubbed sceKernelGetProcessId import called. (pid: 0)
[06:26:53.116] |W| [unimplemented_impl]: Unimplemented sceFiosOverlayGetList02 import called.
[06:26:53.116] |I| [run_app]: Module SceLibFios2 (at "app0:sce_module/libfios2.suprx") module_start returned 0x0
[06:26:53.116] |D| [run_app]: Running module_start of library: SceUlt at address 0x91771
[06:26:53.118] |W| [unimplemented_impl]: Unimplemented _sceUlobjMgrRegisterLibultProtocolRevision import called.
[06:26:53.118] |I| [run_app]: Module SceUlt (at "app0:sce_module/libult.suprx") module_start returned 0x0
[06:26:53.135] |W| [unimplemented_impl]: Unimplemented sceAppUtilInit import called.
[06:26:53.138] |W| [stubbed_impl]: Stubbed sceGxmMapMemory import called. (always return success)
[06:26:53.139] |W| [stubbed_impl]: Stubbed sceGxmMapFragmentUsseMemory import called. (always return success)
[06:26:53.194] |W| [stubbed_impl]: Stubbed sceGxmMapVertexUsseMemory import called. (always return success)
[06:26:53.196] |I| [load_module]: Loading module ID: 0x4
[06:26:53.199] |C| [load_self]: Unknown segment type 0x6FFFFF01
[06:26:53.199] |I| [load_self]: Loaded module segment 0 @ [0x01951000 - 0x0196E150 / 0x81000000] (size: 0x0001D150) of module sys/external/libhttp.suprx
[06:26:53.199] |I| [load_self]: Loaded module segment 1 @ [0x0196F000 - 0x0196F640 / 0x8101E000] (size: 0x00000640) of module sys/external/libhttp.suprx
[06:26:53.199] |I| [load_self]: Loading symbols for SELF: sys/external/libhttp.suprx
[06:26:53.199] |D| [load_var_exports]: 	NID 0x936C8A78 (SYSLYB) at 0x196CE68
[06:26:53.199] |D| [load_var_exports]: 	NID 0x6C2224BA (NID_MODULE_INFO) at 0x1969CA0
[06:26:53.200] |I| [load_module]: Module SceLibHttp (at "sys/external/libhttp.suprx") loaded
[06:26:53.200] |D| [load_module]: Running module_start of module: SceLibHttp
[06:26:53.201] |I| [load_module]: Module SceLibHttp (at "sys/external/libhttp.suprx") module_start returned 0x0
[06:26:53.210] |I| [load_self]: Loaded module segment 0 @ [0x01972000 - 0x019D8EA4 / 0x81000000] (size: 0x00066EA4) of module sys/external/libssl.suprx
[06:26:53.210] |I| [load_self]: Loaded module segment 1 @ [0x019D9000 - 0x019DDFA8 / 0x81067000] (size: 0x00004FA8) of module sys/external/libssl.suprx
[06:26:53.210] |I| [load_self]: Loading symbols for SELF: sys/external/libssl.suprx
[06:26:53.210] |D| [load_var_exports]: 	NID 0x936C8A78 (SYSLYB) at 0x19C49E0
[06:26:53.210] |D| [load_var_exports]: 	NID 0x6C2224BA (NID_MODULE_INFO) at 0x19BECA0
[06:26:53.210] |I| [load_module]: Module SceLibSsl (at "sys/external/libssl.suprx") loaded
[06:26:53.211] |W| [unimplemented_impl]: Unimplemented sceNetCtlInit import called.
[06:26:53.214] |E| [call_import]: Import function for NID 0x9F793F84 not found (thread name: PCSB01327, thread ID: 6)
[06:26:53.214] |W| [stubbed_impl]: Stubbed sceNetCtlInetGetState import called. (state = SCE_NETCTL_STATE_DISCONNECTED)
[06:26:53.217] |W| [stubbed_impl]: Stubbed sceNetCtlCheckCallback import called. (Stub)
[06:26:53.235] |I| [export_sceIoOpen]: Opening file: app0:/games/game.win
[06:26:53.257] |E| [call_import]: Import function for NID 0xE340C006 not found (thread name: PCSB01327, thread ID: 6)
[06:26:53.257] |I| [export_sceIoOpen]: Opening file: savedata0:/app0:/games/options.ini
[06:26:53.258] |I| [export_sceIoOpen]: Opening file: savedata0:/app0:/games/options.ini
[06:26:53.258] |I| [export_sceIoOpen]: Opening file: savedata0:/app0:/games/options.ini
[06:26:53.282] |I| [export_sceIoOpen]: Opening file: app0:/games/game.yydebug
[06:26:53.282] |E| [open_file]: Missing file at D:/Emulateurs/Vita3K/mc/ux0/app/PCSB01327/games/game.yydebug (target path: app0:/games/game.yydebug)
[06:26:53.282] |W| [io_error_impl]: open_file (sceIoOpen) returned 0x80010002
[06:26:53.283] |I| [export_sceIoOpen]: Opening file: app0:/games/game.win
[06:26:53.388] |I| [export_sceIoOpen]: Opening file: savedata0:/hiscore.dat
[06:26:53.389] |E| [open_file]: Missing file at D:/Emulateurs/Vita3K/mc/ux0/user/00/savedata/PCSB01327/hiscore.dat (target path: savedata0:/hiscore.dat)
[06:26:53.389] |W| [io_error_impl]: open_file (sceIoOpen) returned 0x80010002
[06:26:53.395] |I| [export_sceIoOpen]: Opening file: savedata0:/gamecontrollerdb.txt
[06:26:53.395] |E| [open_file]: Missing file at D:/Emulateurs/Vita3K/mc/ux0/user/00/savedata/PCSB01327/gamecontrollerdb.txt (target path: savedata0:/gamecontrollerdb.txt)
[06:26:53.395] |W| [io_error_impl]: open_file (sceIoOpen) returned 0x80010002
[06:26:53.395] |I| [export_sceIoOpen]: Opening file: app0:/games/gamecontrollerdb.txt
[06:26:53.395] |E| [open_file]: Missing file at D:/Emulateurs/Vita3K/mc/ux0/app/PCSB01327/games/gamecontrollerdb.txt (target path: app0:/games/gamecontrollerdb.txt)
[06:26:53.396] |W| [io_error_impl]: open_file (sceIoOpen) returned 0x80010002
[06:26:53.399] |I| [export_sceIoOpen]: Opening file: savedata0:/playerachievementcache.dat
[06:26:53.399] |E| [open_file]: Missing file at D:/Emulateurs/Vita3K/mc/ux0/user/00/savedata/PCSB01327/playerachievementcache.dat (target path: savedata0:/playerachievementcache.dat)
[06:26:53.399] |W| [io_error_impl]: open_file (sceIoOpen) returned 0x80010002
[06:26:53.403] |W| [stubbed_impl]: Stubbed sceKernelGetFreeMemorySize import called. (Single pool)
[06:26:53.404] |W| [unimplemented_impl]: Unimplemented sceGxmTextureValidate import called.
[06:26:53.513] |I| [export_sceIoOpen]: Opening file: savedata0:/rgpluginsgm_psvita.suprx
[06:26:53.513] |E| [open_file]: Missing file at D:/Emulateurs/Vita3K/mc/ux0/user/00/savedata/PCSB01327/rgpluginsgm_psvita.suprx (target path: savedata0:/rgpluginsgm_psvita.suprx)
[06:26:53.513] |W| [io_error_impl]: open_file (sceIoOpen) returned 0x80010002
[06:26:53.513] |I| [export_sceIoOpen]: Opening file: app0:/games/rgpluginsgm_psvita.suprx
[06:26:53.515] |C| [load_self]: Unknown segment type 0x6FFFFF01
[06:26:53.515] |I| [load_self]: Loaded module segment 0 @ [0x037BE000 - 0x037D2B10 / 0x81000000] (size: 0x00014B10) of module app0:/games/rgpluginsgm_psvita.suprx
[06:26:53.515] |I| [load_self]: Loaded module segment 1 @ [0x037D3000 - 0x037D3CA8 / 0x81015000] (size: 0x00000CA8) of module app0:/games/rgpluginsgm_psvita.suprx
[06:26:53.515] |I| [load_self]: Loading symbols for SELF: app0:/games/rgpluginsgm_psvita.suprx
[06:26:53.515] |D| [load_var_exports]: 	NID 0x6C2224BA (NID_MODULE_INFO) at 0x37CE9A8
[06:26:53.515] |D| [load_var_exports]: 	NID 0x936C8A78 (SYSLYB) at 0x37D2404
[06:26:53.518] |I| [export__sceKernelLoadStartModule]: Module rgpluginsgm_psvita (at "app0:/games/rgpluginsgm_psvita.suprx") module_start returned 0x0
[06:26:53.519] |E| [log_error_details]: Unicorn error 0x6. Invalid memory read (UC_ERR_READ_UNMAPPED)
[06:26:53.519] |E| [log_error_details]: PC: 0x00520d26,   SP: 0x00b60460,   LR: 0x005322bf
[06:26:53.519] |E| [log_error_details]: r0 : 0x00c554d0   r6 : 0x00000000
[06:26:53.519] |E| [log_error_details]: r1 : 0x00c57678   r7 : 0x00000000
[06:26:53.519] |E| [log_error_details]: r2 : 0