[23:54:46.259] |I| [load_app_impl]: ngs experimental state: true
[23:54:46.259] |I| [load_app_impl]: video player state: true
[23:54:46.259] |I| [load_app_impl]: lle-modules: libsas,libSceJson,liblocation,libatrac,libSceXml,libvoice,librudp,libpgf
[23:54:46.259] |I| [load_app_impl]: Title: Ben 10™ Galactic Racing
[23:54:46.260] |I| [load_app_impl]: Serial: PCSB00114
[23:54:46.260] |I| [load_app_impl]: Version: 1.00
[23:54:46.260] |I| [load_app_impl]: Category: gd
[23:54:46.331] |C| [load_self]: Unknown segment type 0x6FFFFF01
[23:54:46.331] |I| [load_self]: Loaded module segment 0 @ [0x00004000 - 0x0003FF34 / 0x81000000] (size: 0x0003BF34) of module ux0:app\PCSB00114\sce_module\libc.suprx
[23:54:46.331] |I| [load_self]: Loaded module segment 1 @ [0x00040000 - 0x0004233C / 0x8103C000] (size: 0x0000233C) of module ux0:app\PCSB00114\sce_module\libc.suprx
[23:54:46.331] |I| [load_self]: Loading symbols for SELF: ux0:app\PCSB00114\sce_module\libc.suprx
[23:54:46.332] |D| [load_var_exports]: 	NID 0x6C2224BA (NID_MODULE_INFO) at 0x31A70
[23:54:46.332] |W| [load_var_imports]: 	NID NOT FOUND 0xDF084DFA (UNRECOGNISED) at 0x35220, setting to stub value 0xDEADBEEF
[23:54:46.332] |I| [pre_load_module]: Pre-load module SceLibc (at "app\PCSB00114\sce_module\libc.suprx") loaded
[23:54:46.337] |C| [load_self]: Unknown segment type 0x6FFFFF01
[23:54:46.337] |I| [load_self]: Loaded module segment 0 @ [0x00044000 - 0x00065E94 / 0x81000000] (size: 0x00021E94) of module ux0:app\PCSB00114\sce_module\libfios2.suprx
[23:54:46.337] |I| [load_self]: Loaded module segment 1 @ [0x00066000 - 0x0006B22C / 0x81022000] (size: 0x0000522C) of module ux0:app\PCSB00114\sce_module\libfios2.suprx
[23:54:46.338] |I| [load_self]: Loading symbols for SELF: ux0:app\PCSB00114\sce_module\libfios2.suprx
[23:54:46.338] |D| [load_var_exports]: 	NID 0x6C2224BA (NID_MODULE_INFO) at 0x5F888
[23:54:46.338] |I| [pre_load_module]: Pre-load module SceLibFios2 (at "app\PCSB00114\sce_module\libfios2.suprx") loaded
[23:54:46.349] |C| [load_self]: Unknown segment type 0x6FFFFF01
[23:54:46.349] |I| [load_self]: Loaded module segment 0 @ [0x0006C000 - 0x000806AC / 0x81000000] (size: 0x000146AC) of module ux0:app\PCSB00114\sce_module\libult.suprx
[23:54:46.349] |I| [load_self]: Loaded module segment 1 @ [0x00081000 - 0x00081810 / 0x81015000] (size: 0x00000810) of module ux0:app\PCSB00114\sce_module\libult.suprx
[23:54:46.349] |I| [load_self]: Loading symbols for SELF: ux0:app\PCSB00114\sce_module\libult.suprx
[23:54:46.349] |D| [load_var_exports]: 	NID 0x6C2224BA (NID_MODULE_INFO) at 0x7D390
[23:54:46.349] |I| [pre_load_module]: Pre-load module SceUlt (at "app\PCSB00114\sce_module\libult.suprx") loaded
[23:54:46.356] |I| [load_self]: Loaded module segment 0 @ [0x00082000 - 0x000D2F04 / 0x81000000] (size: 0x00050F04) of module vs0:sys/external/libSceFt2.suprx
[23:54:46.356] |I| [load_self]: Loaded module segment 1 @ [0x000D3000 - 0x000D32F4 / 0x81051000] (size: 0x000002F4) of module vs0:sys/external/libSceFt2.suprx
[23:54:46.356] |I| [load_self]: Loading symbols for SELF: vs0:sys/external/libSceFt2.suprx
[23:54:46.356] |D| [load_var_exports]: 	NID 0x936C8A78 (SYSLYB) at 0xBE7DC
[23:54:46.356] |D| [load_var_exports]: 	NID 0x6C2224BA (NID_MODULE_INFO) at 0xBDF10
[23:54:46.356] |W| [load_var_imports]: 	NID NOT FOUND 0x93B8AA67 (UNRECOGNISED) at 0xD2EE0, setting to stub value 0xDEADBEEF
[23:54:46.356] |I| [pre_load_module]: Pre-load module SceLibft2 (at "sys/external/libSceFt2.suprx") loaded
[23:54:46.358] |I| [load_self]: Loaded module segment 0 @ [0x000D5000 - 0x000E4F14 / 0x81000000] (size: 0x0000FF14) of module vs0:sys/external/libpvf.suprx
[23:54:46.358] |I| [load_self]: Loaded module segment 1 @ [0x000E5000 - 0x000E5008 / 0x81010000] (size: 0x00000008) of module vs0:sys/external/libpvf.suprx
[23:54:46.358] |I| [load_self]: Loading symbols for SELF: vs0:sys/external/libpvf.suprx
[23:54:46.358] |D| [load_var_exports]: 	NID 0x936C8A78 (SYSLYB) at 0xE3710
[23:54:46.358] |D| [load_var_exports]: 	NID 0x6C2224BA (NID_MODULE_INFO) at 0xE3300
[23:54:46.358] |I| [pre_load_module]: Pre-load module SceLibPvf (at "sys/external/libpvf.suprx") loaded
[23:54:46.462] |C| [load_self]: Unknown segment type 0x6FFFFF01
[23:54:46.462] |I| [load_self]: Loaded module segment 0 @ [0x81000000 - 0x81427F0C / 0x81000000] (size: 0x00427F0C) of module app0:eboot.bin
[23:54:46.462] |I| [load_self]: Loaded module segment 1 @ [0x81428000 - 0x81565148 / 0x81428000] (size: 0x0013D148) of module app0:eboot.bin
[23:54:46.462] |I| [load_self]: Loading symbols for SELF: app0:eboot.bin
[23:54:46.463] |D| [load_var_exports]: 	NID 0x6C2224BA (NID_MODULE_INFO) at 0x813E8604
[23:54:46.463] |D| [load_var_exports]: 	NID 0x70FBA1E7 (SCE_PROC_PARAMS) at 0x8142E2B8
[23:54:46.463] |I| [load_app_impl]: Main executable Game_dvd (eboot.bin) loaded
[23:54:46.465] |D| [run_app]: Running module_start of library: SceLibc at address 0x45E5
[23:54:46.467] |I| [export_sceIoOpen]: Opening file: tty0:
[23:54:46.467] |I| [export_sceIoOpen]: Opening file: tty0:
[23:54:46.467] |I| [export_sceIoOpen]: Opening file: tty1:
[23:54:46.468] |I| [run_app]: Module SceLibc (at "ux0:app\PCSB00114\sce_module\libc.suprx") module_start returned 0x0
[23:54:46.469] |D| [run_app]: Running module_start of library: SceLibFios2 at address 0x44001
[23:54:46.470] |I| [run_app]: Module SceLibFios2 (at "ux0:app\PCSB00114\sce_module\libfios2.suprx") module_start returned 0x0
[23:54:46.471] |D| [run_app]: Running module_start of library: SceUlt at address 0x6FD69
[23:54:46.472] |I| [run_app]: Module SceUlt (at "ux0:app\PCSB00114\sce_module\libult.suprx") module_start returned 0x0
[23:54:46.533] |I| [export_sceIoOpen]: Opening file: app0:Configurations/0000000100000001.cfg
[23:54:46.545] |W| [unimplemented_impl]: Unimplemented sceAppUtilInit import called.
[23:54:46.551] |W| [stubbed_impl]: Stubbed sceGxmMapMemory import called. (always return success)
[23:54:46.551] |W| [stubbed_impl]: Stubbed sceGxmMapVertexUsseMemory import called. (always return success)
[23:54:46.551] |W| [stubbed_impl]: Stubbed sceGxmMapFragmentUsseMemory import called. (always return success)
[23:54:46.556] |W| [stubbed_impl]: Stubbed sceGxmGetRenderTargetMemSize import called. (2MB host mem)
[23:54:46.705] |I| [export_sceIoOpen]: Opening file: app0:RenderConfig/fre/0000000100000001.loc
[23:54:46.706] |I| [export_sceIoOpen]: Opening file: app0:RenderConfig/0000000100000001.rcfg
[23:54:46.749] |W| [stubbed_impl]: Stubbed sceGxmTextureInitCube import called. (Stub InitCube)
[23:54:46.749] |D| [export_sceGxmTextureInitCube]: sceGxmTextureInitCube Inimplemeted: width: 64, height: 64
[23:54:46.751] |D| [export_sceGxmTextureInitCube]: sceGxmTextureInitCube Inimplemeted: width: 256, height: 256
[23:54:46.776] |D| [export_sceGxmTextureInitCube]: sceGxmTextureInitCube Inimplemeted: width: 4, height: 4
[23:54:46.776] |E| [logging::ret_error_impl]: sceGxmTextureSetUAddrModeSafe returned SCE_GXM_ERROR_UNSUPPORTED (0x805B0009)
[23:54:46.776] |E| [logging::ret_error_impl]: sceGxmTextureSetVAddrModeSafe returned SCE_GXM_ERROR_UNSUPPORTED (0x805B0009)
[23:54:46.810] |W| [unimplemented_impl]: Unimplemented sceMotionSetDeadband import called.
[23:54:46.811] |W| [unimplemented_impl]: Unimplemented sceMotionSetTiltCorrection import called.
[23:54:46.811] |W| [unimplemented_impl]: Unimplemented sceMotionSetGyroBiasCorrection import called.
[23:54:46.811] |W| [unimplemented_impl]: Unimplemented sceMotionMagnetometerOff import called.
[23:54:46.811] |W| [unimplemented_impl]: Unimplemented sceMotionReset import called.
[23:54:46.811] |W| [unimplemented_impl]: Unimplemented sceMotionStartSampling import called.
[23:54:46.811] |W| [unimplemented_impl]: Unimplemented sceTouchDisableTouchForce import called.
[23:54:47.672] |W| [unimplemented_impl]: Unimplemented sceCommonDialogSetConfigParam import called.
[23:54:47.682] |D| [export_sceNgsVoiceInit]: flags: 7
[23:54:47.682] |D| [export_sceNgsVoiceInit]: flags: 7
[23:54:47.683] |D| [export_sceNgsVoiceInit]: flags: 7
[23:54:47.683] |D| [export_sceNgsVoiceInit]: flags: 7
[23:54:47.683] |D| [export_sceNgsVoiceInit]: flags: 7
[23:54:47.683] |D| [export_sceNgsVoiceInit]: flags: 7
[23:54:47.683] |D| [export_sceNgsVoiceInit]: flags: 7
[23:54:47.683] |D| [export_sceNgsVoiceInit]: flags: 7
[23:54:47.683] |D| [export_sceNgsVoiceInit]: flags: 7
[23:54:47.683] |D| [export_sceNgsVoiceInit]: flags: 7
[23:54:47.684] |D| [export_sceNgsVoiceInit]: flags: 7
[23:54:47.684] |D| [export_sceNgsVoiceInit]: flags: 7
[23:54:47.684] |D| [export_sceNgsVoiceInit]: flags: 7
[23:54:47.684] |D| [export_sceNgsVoiceInit]: flags: 7
[23:54:47.684] |D| [export_sceNgsVoiceInit]: flags: 7
[23:54:47.684] |D| [export_sceNgsVoiceInit]: flags: 7
[23:54:47.684] |D| [export_sceNgsVoiceInit]: flags: 7
[23:54:47.684] |D| [export_sceNgsVoiceInit]: flags: 7
[23:54:47.684] |D| [export_sceNgsVoiceInit]: flags: 7
[23:54:47.685] |D| [export_sceNgsVoiceInit]: flags: 7
[23:54:47.685] |D| [export_sceNgsVoiceInit]: flags: 7
[23:54:47.685] |D| [export_sceNgsVoiceInit]: flags: 7
[23:54:47.685] |D| [export_sceNgsVoiceInit]: flags: 7
[23:54:47.685] |D| [export_sceNgsVoiceInit]: flags: 7
[23:54:47.685] |D| [export_sceNgsVoiceInit]: flags: 7
[23:54:47.685] |D| [export_sceNgsVoiceInit]: flags: 7
[23:54:47.685] |D| [export_sceNgsVoiceInit]: flags: 7
[23:54:47.685] |D| [export_sceNgsVoiceInit]: flags: 7
[23:54:47.685] |D| [export_sceNgsVoiceInit]: flags: 7
[23:54:47.686] |D| [export_sceNgsVoiceInit]: flags: 7
[23:54:47.686] |D| [export_sceNgsVoiceInit]: flags: 7
[23:54:47.686] |D| [export_sceNgsVoiceInit]: flags: 7
[23:54:47.686] |D| [export_sceNgsVoiceInit]: flags: 7
[23:54:47.693] |D| [export_sceNgsVoiceInit]: flags: 7
[23:54:47.693] |D| [export_sceNgsVoiceInit]: flags: 7
[23:54:47.693] |D| [export_sceNgsVoiceInit]: flags: 7
[23:54:47.693] |D| [export_sceNgsVoiceInit]: flags: 7
[23:54:47.694] |D| [export_sceNgsVoicePlay]: sceNgsVoicePlay: 1
[23:54:47.696] |W| [unimplemented_impl]: Unimplemented sceNetCtlInit import called.
[23:54:47.705] |I| [renderer::gl::load_shader_generic]: Generating frag shader df2d853629b4d33a4a1bcebe51b9aa10a1b0c133f45bf553ce551bc7601ad71c
[23:54:47.706] |D| [shader::create_parameters]: [DEFAULT  + 0] sa0 = (float4) n4_p1
[23:54:47.706] |D| [shader::create_parameters]: [DEFAULT  + 4] sa4 = (float4) veColor
[23:54:47.706] |D| [shader::create_parameters]: [DEFAULT  + 8] sa8 = (float1) veOpacity
[23:54:47.706] |D| [shader::create_fragment_inputs]: Iterator: pa0 = (float4) v_TexCoord0
[23:54:47.724] |W| [unimplemented_impl]: Unimplemented sceMotionGetState import called.
[23:54:47.725] |I| [renderer::gl::load_shader_generic]: Generating vert shader 80dc9a3bbdc4a0c6b4b345ab969d5075a518bc69cd0aa486a8cd1b77941b3dc2
[23:54:47.726] |D| [shader::create_parameters]: [BUFFER0  + 0] pa0 = (float4) color0
[23:54:47.726] |D| [shader::create_parameters]: [BUFFER0  + 4] pa4 = (float4) position
[23:54:47.727] |D| [shader::create_parameters]: [DEFAULT  + 16] sa16 = (float4) veInvFixedPoint
[23:54:47.727] |D| [shader::create_parameters]: [DEFAULT  + 0] sa0 = (float4) veLocalToProjection[4]
[23:54:47.756] |E| [renderer::gl::compile_program]: Vertex info
-----------
0(23) : warning C7050: "internals[0].w" might be used before being initialized


[23:54:47.759] |W| [stubbed_impl]: Stubbed sceDisplayWaitVblankStartMulti import called. (wait for vblank)
[23:54:47.797] |I| [export_sceIoOpen]: Opening file: app0:LoadingScreens/fre/0000000100000001.loc
[23:54:47.807] |I| [export_sceIoOpen]: Opening file: app0:LoadingScreens/0000000100000001.ls
[23:54:47.860] |E| [logging::ret_error_impl]: _sceKernelStartThread returned res (0x80028029)
[23:54:47.905] |D| [renderer::gl::texture::upload_bound_texture]: Texture Cube used
[23:54:47.911] |I| [renderer::gl::load_shader_generic]: Generating frag shader 6e1d2bb2e8b6f918a1bc2bca92b73f017b7d7242e135520dfebba1acc868904b
[23:54:47.911] |D| [shader::create_parameters]: [DEFAULT  + 0] sa0 = (float4) n4_p1
[23:54:47.912] |D| [shader::create_parameters]: [DEFAULT  + 4] sa4 = (float4) veColor
[23:54:47.912] |D| [shader::create_parameters]: [DEFAULT  + 8] sa8 = (float1) veAlphaRef
[23:54:47.912] |D| [shader::create_parameters]: [DEFAULT  + 9] sa9 = (float1) veOpacity
[23:54:47.912] |D| [shader::create_fragment_inputs]: Iterator: pa0 = (float4) v_TexCoord0
[23:54:47.916] |I| [renderer::gl::load_shader_generic]: Generating vert shader 06f6030385ae2366e69b6be18bc9cb4e69d26a4eb814b0247a96cdca57bf6248
[23:54:47.917] |D| [shader::create_parameters]: [BUFFER0  + 0] pa0 = (float4) color0
[23:54:47.917] |D| [shader::create_parameters]: [BUFFER0  + 4] pa4 = (float4) position
[23:54:47.917] |D| [shader::create_parameters]: [BUFFER0  + 8] pa8 = (float4) texcoord0
[23:54:47.917] |D| [shader::create_parameters]: [DEFAULT  + 16] sa16 = (float4) veInvFixedPoint
[23:54:47.917] |D| [shader::create_parameters]: [DEFAULT  + 0] sa0 = (float4) veLocalToProjection[4]
[23:54:47.936] |E| [renderer::gl::compile_program]: Vertex info
-----------
0(25) : warning C7050: "internals[0].w" might be used before being initialized

Fragment info
-------------
0(27) : warning C7050: "r[0]" might be used before being initialized
0(26) : warning C7050: "internals[2].w" might be used before being initialized


[23:54:49.938] |D| [renderer::gl::texture::upload_bound_texture]: Texture Cube used
[23:54:49.938] |I| [renderer::gl::load_shader_generic]: Generating frag shader 232387bc735e608ebe4c12cbb3cb71930f150f72868a750e529508afbd8bb818
[23:54:49.939] |D| [shader::create_parameters]: [DEFAULT  + 0] sa0 = (float4) n4_p1
[23:54:49.939] |D| [shader::create_parameters]: [DEFAULT  + 4] sa4 = (float4) veColor
[23:54:49.939] |D| [shader::create_parameters]: [DEFAULT  + 8] sa8 = (float1) veOpacity
[23:54:49.940] |D| [shader::create_fragment_inputs]: Iterator: pa0 = (float4) v_TexCoord0
[23:54:49.956] |E| [renderer::gl::compile_program]: Vertex info
-----------
0(25) : warning C7050: "internals[0].w" might be used before being initialized


[23:54:50.171] |D| [renderer::gl::texture::upload_bound_texture]: Texture Cube used
[23:54:50.172] |I| [renderer::gl::load_shader_generic]: Generating frag shader d92671beeeb0438e0831db54dc38d1a6dd2cb18233ef2eaee376415dee891613
[23:54:50.173] |D| [shader::create_parameters]: [DEFAULT  + 0] sa0 = (float4) n4_p1
[23:54:50.173] |D| [shader::create_parameters]: [DEFAULT  + 4] sa4 = (float4) veColor
[23:54:50.173] |D| [shader::create_parameters]: [DEFAULT  + 8] sa8 = (float1) veOpacity
[23:54:50.173] |D| [shader::create_fragment_inputs]: Iterator: pa0 = (float4) v_TexCoord0
[23:54:50.177] |I| [renderer::gl::load_shader_generic]: Generating vert shader c923cd61d24b57d9d99c0b433ef79573dd5a70ef4d7e930fc2615065a4e2509f
[23:54:50.178] |D| [shader::create_parameters]: [BUFFER0  + 0] pa0 = (float4) color0
[23:54:50.178] |D| [shader::create_parameters]: [BUFFER0  + 4] pa4 = (float4) position
[23:54:50.178] |D| [shader::create_parameters]: [BUFFER0  + 8] pa8 = (float4) texcoord0
[23:54:50.178] |D| [shader::create_parameters]: [DEFAULT  + 16] sa16 = (float4) veInvFixedPoint
[23:54:50.178] |D| [shader::create_parameters]: [DEFAULT  + 0] sa0 = (float4) veLocalToProjection[4]
[23:54:50.178] |D| [shader::create_parameters]: [DEFAULT  + 20] sa20 = (float1) n11_p1
[23:54:50.179] |D| [shader::create_parameters]: [DEFAULT  + 21] sa21 = (float1) n12_p1
[23:54:50.179] |D| [shader::create_parameters]: [DEFAULT  + 22] sa22 = (float1) n6_p1
[23:54:50.179] |D| [shader::create_parameters]: [DEFAULT  + 23] sa23 = (float1) n7_p1
[23:54:50.179] |D| [shader::create_parameters]: [DEFAULT  + 24] sa24 = (float1) veTimeElapsed
[23:54:50.195] |E| [renderer::gl::compile_program]: Vertex info
-----------
0(25) : warning C7050: "internals[0].w" might be used before being initialized


[23:54:50.195] |D| [renderer::gl::texture::upload_bound_texture]: Texture Cube used
[23:54:50.209] |D| [renderer::gl::texture::upload_bound_texture]: Texture Cube used
[23:54:50.216] |D| [renderer::gl::texture::upload_bound_texture]: Texture Cube used
[23:55:00.989] |E| [discordrpc::update_presence::<lambda_23ff884bf2cdb1bde950cb16a82f908e>::operator ()]: Error updating discord rich presence, err_code: 43
[23:55:00.993] |E| [discordrpc::update_presence::<lambda_23ff884bf2cdb1bde950cb16a82f908e>::operator ()]: Error updating discord rich presence, err_code: 43
