[23:31:33.329] |I| [load_app_impl]: ngs experimental state: true
[23:31:33.329] |I| [load_app_impl]: video player state: true
[23:31:33.329] |I| [load_app_impl]: lle-modules: libsas,libSceJson,liblocation,libatrac,libSceXml,libvoice,librudp,libpgf
[23:31:33.329] |I| [load_app_impl]: Title: Atelier Firis ~The Alchemist and the Mysterious Journey~
[23:31:33.330] |I| [load_app_impl]: Serial: PCSB01087
[23:31:33.330] |I| [load_app_impl]: Version: 1.01
[23:31:33.330] |I| [load_app_impl]: Category: gp
[23:31:33.449] |C| [load_self]: Unknown segment type 0x6FFFFF01
[23:31:33.449] |I| [load_self]: Loaded module segment 0 @ [0x00004000 - 0x000558A4 / 0x81000000] (size: 0x000518A4) of module ux0:app\PCSB01087\sce_module\libc.suprx
[23:31:33.449] |I| [load_self]: Loaded module segment 1 @ [0x00056000 - 0x000588A0 / 0x81052000] (size: 0x000028A0) of module ux0:app\PCSB01087\sce_module\libc.suprx
[23:31:33.449] |I| [load_self]: Loading symbols for SELF: ux0:app\PCSB01087\sce_module\libc.suprx
[23:31:33.450] |D| [load_var_exports]: 	NID 0x936C8A78 (SYSLYB) at 0x4B314
[23:31:33.450] |D| [load_var_exports]: 	NID 0x6C2224BA (NID_MODULE_INFO) at 0x404DC
[23:31:33.450] |W| [load_var_imports]: 	NID NOT FOUND 0x93B8AA67 (UNRECOGNISED) at 0x4463C, setting to stub value 0xDEADBEEF
[23:31:33.450] |W| [load_var_imports]: 	NID NOT FOUND 0xDF084DFA (UNRECOGNISED) at 0x461D0, setting to stub value 0xDEADBEEF
[23:31:33.450] |I| [pre_load_module]: Pre-load module SceLibc (at "app\PCSB01087\sce_module\libc.suprx") loaded
[23:31:33.469] |C| [load_self]: Unknown segment type 0x6FFFFF01
[23:31:33.470] |I| [load_self]: Loaded module segment 0 @ [0x0005B000 - 0x00087CBF / 0x81000000] (size: 0x0002CCBF) of module ux0:app\PCSB01087\sce_module\libfios2.suprx
[23:31:33.470] |I| [load_self]: Loaded module segment 1 @ [0x00088000 - 0x0008D255 / 0x8102D000] (size: 0x00005255) of module ux0:app\PCSB01087\sce_module\libfios2.suprx
[23:31:33.471] |I| [load_self]: Loading symbols for SELF: ux0:app\PCSB01087\sce_module\libfios2.suprx
[23:31:33.471] |D| [load_var_exports]: 	NID 0x936C8A78 (SYSLYB) at 0x87BC8
[23:31:33.472] |D| [load_var_exports]: 	NID 0x6C2224BA (NID_MODULE_INFO) at 0x7EF08
[23:31:33.472] |I| [pre_load_module]: Pre-load module SceLibFios2 (at "app\PCSB01087\sce_module\libfios2.suprx") loaded
[23:31:33.485] |C| [load_self]: Unknown segment type 0x6FFFFF01
[23:31:33.485] |I| [load_self]: Loaded module segment 0 @ [0x0008E000 - 0x000A19BC / 0x81000000] (size: 0x000139BC) of module ux0:app\PCSB01087\sce_module\libult.suprx
[23:31:33.486] |I| [load_self]: Loaded module segment 1 @ [0x000A2000 - 0x000A2814 / 0x81014000] (size: 0x00000814) of module ux0:app\PCSB01087\sce_module\libult.suprx
[23:31:33.487] |I| [load_self]: Loading symbols for SELF: ux0:app\PCSB01087\sce_module\libult.suprx
[23:31:33.487] |D| [load_var_exports]: 	NID 0x936C8A78 (SYSLYB) at 0xA02E8
[23:31:33.487] |D| [load_var_exports]: 	NID 0x6C2224BA (NID_MODULE_INFO) at 0x9D870
[23:31:33.488] |I| [pre_load_module]: Pre-load module SceUlt (at "app\PCSB01087\sce_module\libult.suprx") loaded
[23:31:33.494] |I| [load_self]: Loaded module segment 0 @ [0x000A3000 - 0x000F3F04 / 0x81000000] (size: 0x00050F04) of module vs0:sys/external/libSceFt2.suprx
[23:31:33.495] |I| [load_self]: Loaded module segment 1 @ [0x000F4000 - 0x000F42F4 / 0x81051000] (size: 0x000002F4) of module vs0:sys/external/libSceFt2.suprx
[23:31:33.496] |I| [load_self]: Loading symbols for SELF: vs0:sys/external/libSceFt2.suprx
[23:31:33.496] |D| [load_var_exports]: 	NID 0x936C8A78 (SYSLYB) at 0xDF7DC
[23:31:33.496] |D| [load_var_exports]: 	NID 0x6C2224BA (NID_MODULE_INFO) at 0xDEF10
[23:31:33.497] |I| [pre_load_module]: Pre-load module SceLibft2 (at "sys/external/libSceFt2.suprx") loaded
[23:31:33.498] |I| [load_self]: Loaded module segment 0 @ [0x000F5000 - 0x00104F14 / 0x81000000] (size: 0x0000FF14) of module vs0:sys/external/libpvf.suprx
[23:31:33.499] |I| [load_self]: Loaded module segment 1 @ [0x00105000 - 0x00105008 / 0x81010000] (size: 0x00000008) of module vs0:sys/external/libpvf.suprx
[23:31:33.500] |I| [load_self]: Loading symbols for SELF: vs0:sys/external/libpvf.suprx
[23:31:33.500] |D| [load_var_exports]: 	NID 0x936C8A78 (SYSLYB) at 0x103710
[23:31:33.501] |D| [load_var_exports]: 	NID 0x6C2224BA (NID_MODULE_INFO) at 0x103300
[23:31:33.501] |I| [pre_load_module]: Pre-load module SceLibPvf (at "sys/external/libpvf.suprx") loaded
[23:31:33.727] |C| [load_self]: Unknown segment type 0x6FFFFF01
[23:31:33.727] |I| [load_self]: Loaded module segment 0 @ [0x00106000 - 0x009AF864 / 0x81000000] (size: 0x008A9864) of module app0:eboot.bin
[23:31:33.728] |I| [load_self]: Loaded module segment 1 @ [0x009B0000 - 0x00B97114 / 0x818AA000] (size: 0x001E7114) of module app0:eboot.bin
[23:31:33.729] |I| [load_self]: Loading symbols for SELF: app0:eboot.bin
[23:31:33.730] |D| [load_var_exports]: 	NID 0x6C2224BA (NID_MODULE_INFO) at 0x695540
[23:31:33.730] |D| [load_var_exports]: 	NID 0x70FBA1E7 (SCE_PROC_PARAMS) at 0xA42940
[23:31:33.730] |D| [load_var_exports]: 	NID 0x936C8A78 (SYSLYB) at 0x988468
[23:31:33.731] |I| [load_app_impl]: Main executable A18_PSVita_MasterROM (eboot.bin) loaded
[23:31:33.734] |D| [run_app]: Running module_start of library: SceLibc at address 0x4871
[23:31:33.738] |I| [run_app]: Module SceLibc (at "ux0:app\PCSB01087\sce_module\libc.suprx") module_start returned 0x0
[23:31:33.738] |D| [run_app]: Running module_start of library: SceLibFios2 at address 0x5B001
[23:31:33.740] |W| [stubbed_impl]: Stubbed sceKernelGetProcessId import called. (pid: 0)
[23:31:33.741] |D| [export_sceFiosOverlayGetList02]: maxIDs: 127
[23:31:33.741] |W| [unimplemented_impl]: Unimplemented sceFiosOverlayGetList02 import called.
[23:31:33.742] |I| [run_app]: Module SceLibFios2 (at "ux0:app\PCSB01087\sce_module\libfios2.suprx") module_start returned 0x0
[23:31:33.743] |D| [run_app]: Running module_start of library: SceUlt at address 0x91771
[23:31:33.745] |W| [unimplemented_impl]: Unimplemented _sceUlobjMgrRegisterLibultProtocolRevision import called.
[23:31:33.745] |I| [run_app]: Module SceUlt (at "ux0:app\PCSB01087\sce_module\libult.suprx") module_start returned 0x0
[23:31:33.747] |W| [unimplemented_impl]: Unimplemented sceKernelRegisterThreadEventHandler import called.
[23:31:33.768] |W| [unimplemented_impl]: Unimplemented sceAppUtilInit import called.
[23:31:33.772] |W| [unimplemented_impl]: Unimplemented sceKernelChangeThreadVfpException import called.
[23:31:33.773] |W| [unimplemented_impl]: Unimplemented sceFiosOverlayThreadSetDisabled02 import called.
[23:31:33.783] |W| [stubbed_impl]: Stubbed sceKernelLockLwMutexCB import called. (no CB)
[23:31:33.794] |W| [stubbed_impl]: Stubbed sceGxmMapMemory import called. (always return success)
[23:31:33.858] |W| [stubbed_impl]: Stubbed sceGxmMapVertexUsseMemory import called. (always return success)
[23:31:33.859] |W| [stubbed_impl]: Stubbed sceGxmMapFragmentUsseMemory import called. (always return success)
[23:31:33.860] |W| [stubbed_impl]: Stubbed sceGxmProgramParameterIsRegFormat import called. (sceGxmProgramParameterIsRegFormat)
[23:31:33.992] |W| [stubbed_impl]: Stubbed sceKernelDelayThreadCB import called. (no CB)
[23:31:34.003] |W| [ngs::create_voice_definition]: Missing voice definition for Buss Type 10, using passthrough.
[23:31:34.004] |W| [ngs::create_voice_definition]: Missing voice definition for Buss Type 1, using passthrough.
[23:31:34.005] |W| [ngs::create_voice_definition]: Missing voice definition for Buss Type 6, using passthrough.
[23:31:34.005] |W| [unimplemented_impl]: Unimplemented sceNgsSystemRelease import called.
[23:31:34.007] |W| [unimplemented_impl]: Unimplemented sceNgsVoiceBypassModule import called.
[23:31:34.007] |D| [export_sceNgsVoicePlay]: sceNgsVoicePlay: 1
[23:31:34.008] |D| [export_sceNgsVoicePlay]: sceNgsVoicePlay: 1
[23:31:34.008] |D| [export_sceNgsVoicePlay]: sceNgsVoicePlay: 1
[23:31:34.009] |D| [export_sceNgsVoicePlay]: sceNgsVoicePlay: 1
[23:31:34.009] |D| [export_sceNgsVoicePlay]: sceNgsVoicePlay: 1
[23:31:34.010] |D| [export_sceNgsVoicePlay]: sceNgsVoicePlay: 1
[23:31:34.010] |D| [export_sceNgsVoicePlay]: sceNgsVoicePlay: 1
[23:31:34.010] |D| [export_sceNgsVoicePlay]: sceNgsVoicePlay: 1
[23:31:34.011] |D| [export_sceNgsVoicePatchSetVolumes]: out chanel: 0, (volumes, 0: 0, 1: 0), vols: 2
[23:31:34.013] |W| [unimplemented_impl]: Unimplemented sceAppMgrAcquireBgmPort import called.
