[19:14:01.191] |I| [load_app_impl]: ngs experimental state: true
[19:14:01.191] |I| [load_app_impl]: video player state: true
[19:14:01.191] |I| [load_app_impl]: auto-lle: enabled
[19:14:01.192] |I| [load_app_impl]: Title: Slain
[19:14:01.192] |I| [load_app_impl]: Serial: PCSB01037
[19:14:01.193] |I| [load_app_impl]: Version: 1.01
[19:14:01.193] |I| [load_app_impl]: Category: gp
[19:14:01.195] |I| [load_self]: Loaded module segment 0 @ [0x00004000 - 0x000128D8 / 0x81000000] (size: 0x0000E8D8) of module os0:us/libkernel.suprx
[19:14:01.195] |I| [load_self]: Loaded module segment 1 @ [0x00013000 - 0x00013048 / 0x8100F000] (size: 0x00000048) of module os0:us/libkernel.suprx
[19:14:01.196] |I| [load_self]: Loading symbols for SELF: os0:us/libkernel.suprx
[19:14:01.196] |D| [load_var_exports]: 	NID 0x936C8A78 (SYSLYB) at 0x10AF0
[19:14:01.196] |D| [load_var_exports]: 	NID 0x6C2224BA (NID_MODULE_INFO) at 0xF250
[19:14:01.197] |D| [load_func_exports]: 	NID 0x120AFC8C (sceKernelUnlockLwMutex2) at 0x44B1
[19:14:01.197] |D| [load_func_exports]: 	NID 0x244E76D2 (sceKernelDeleteLwMutex) at 0xEAC5
[19:14:01.198] |D| [load_func_exports]: 	NID 0x3148C6B6 (sceKernelLockLwMutexCB) at 0x438D
[19:14:01.198] |D| [load_func_exports]: 	NID 0x46E7BE7B (sceKernelLockLwMutex) at 0x4391
[19:14:01.199] |D| [load_func_exports]: 	NID 0x4846613D (sceKernelGetLwMutexInfoById) at 0xEACD
[19:14:01.199] |D| [load_func_exports]: 	NID 0x4C4672BF (sceKernelGetProcessTime) at 0x47CF
[19:14:01.200] |D| [load_func_exports]: 	NID 0x91FA6614 (sceKernelUnlockLwMutex) at 0x4437
[19:14:01.200] |D| [load_func_exports]: 	NID 0xA6A2C915 (sceKernelTryLockLwMutex) at 0x43C1
[19:14:01.200] |D| [load_func_exports]: 	NID 0xB110C123 (sceKernelGetProcessTimeWide) at 0x4799
[19:14:01.201] |D| [load_func_exports]: 	NID 0xB84EF718 (_sceKernelCreateLwMutex) at 0xEAB1
[19:14:01.201] |D| [load_func_exports]: 	NID 0xDA6EC8EF (sceKernelCreateLwMutex) at 0x56ED
[19:14:01.201] |D| [load_func_exports]: 	NID 0xE9F973B1 (sceKernelGetProcessTimeLow) at 0x4771
[19:14:01.202] |D| [load_func_exports]: 	NID 0xF7D8F1FC (sceKernelGetLwMutexInfo) at 0x44A3
[19:14:01.202] |I| [pre_load_module]: Pre-load module SceLibKernel (at "us/libkernel.suprx") loaded
[19:14:01.204] |I| [load_self]: Loaded module segment 0 @ [0x00014000 - 0x000231D4 / 0x81000000] (size: 0x0000F1D4) of module os0:us/driver_us.suprx
[19:14:01.204] |I| [load_self]: Loaded module segment 1 @ [0x00024000 - 0x0002CF40 / 0x81010000] (size: 0x00008F40) of module os0:us/driver_us.suprx
[19:14:01.205] |I| [load_self]: Loading symbols for SELF: os0:us/driver_us.suprx
[19:14:01.205] |D| [load_var_exports]: 	NID 0x936C8A78 (SYSLYB) at 0x216E4
[19:14:01.206] |D| [load_var_exports]: 	NID 0x6C2224BA (NID_MODULE_INFO) at 0x20410
[19:14:01.206] |I| [pre_load_module]: Pre-load module SceDriverUser (at "us/driver_us.suprx") loaded
[19:14:01.273] |C| [load_self]: Unknown segment type 0x6FFFFF01
[19:14:01.273] |I| [load_self]: Loaded module segment 0 @ [0x0002D000 - 0x0007E8A4 / 0x81000000] (size: 0x000518A4) of module app0:sce_module/libc.suprx
[19:14:01.275] |I| [load_self]: Loaded module segment 1 @ [0x0007F000 - 0x000818A0 / 0x81052000] (size: 0x000028A0) of module app0:sce_module/libc.suprx
[19:14:01.275] |I| [load_self]: Loading symbols for SELF: app0:sce_module/libc.suprx
[19:14:01.276] |D| [load_var_exports]: 	NID 0x936C8A78 (SYSLYB) at 0x74314
[19:14:01.276] |D| [load_var_exports]: 	NID 0x6C2224BA (NID_MODULE_INFO) at 0x694DC
[19:14:01.277] |W| [load_var_imports]: 	NID NOT FOUND 0xDF084DFA (UNRECOGNISED) at 0x6F1D0, setting to stub value 0xDEADBEEF
[19:14:01.277] |I| [pre_load_module]: Pre-load module SceLibc (at "sce_module/libc.suprx") loaded
[19:14:01.286] |C| [load_self]: Unknown segment type 0x6FFFFF01
[19:14:01.286] |I| [load_self]: Loaded module segment 0 @ [0x00083000 - 0x0009C000 / 0x81000000] (size: 0x00019000) of module app0:sce_module/libface.suprx
[19:14:01.287] |I| [load_self]: Loaded module segment 1 @ [0x0009C000 - 0x0009C0F8 / 0x81019000] (size: 0x000000F8) of module app0:sce_module/libface.suprx
[19:14:01.288] |I| [load_self]: Loading symbols for SELF: app0:sce_module/libface.suprx
[19:14:01.288] |D| [load_var_exports]: 	NID 0x6C2224BA (NID_MODULE_INFO) at 0x98DA4
[19:14:01.288] |D| [load_var_exports]: 	NID 0x936C8A78 (SYSLYB) at 0x9B784
[19:14:01.289] |I| [pre_load_module]: Pre-load module SceFace (at "sce_module/libface.suprx") loaded
[19:14:01.302] |C| [load_self]: Unknown segment type 0x6FFFFF01
[19:14:01.302] |I| [load_self]: Loaded module segment 0 @ [0x0009D000 - 0x000C9CBF / 0x81000000] (size: 0x0002CCBF) of module app0:sce_module/libfios2.suprx
[19:14:01.303] |I| [load_self]: Loaded module segment 1 @ [0x000CA000 - 0x000CF255 / 0x8102D000] (size: 0x00005255) of module app0:sce_module/libfios2.suprx
[19:14:01.303] |I| [load_self]: Loading symbols for SELF: app0:sce_module/libfios2.suprx
[19:14:01.304] |D| [load_var_exports]: 	NID 0x936C8A78 (SYSLYB) at 0xC9BC8
[19:14:01.304] |D| [load_var_exports]: 	NID 0x6C2224BA (NID_MODULE_INFO) at 0xC0F08
[19:14:01.304] |I| [pre_load_module]: Pre-load module SceLibFios2 (at "sce_module/libfios2.suprx") loaded
[19:14:01.355] |C| [load_self]: Unknown segment type 0x6FFFFF01
[19:14:01.355] |I| [load_self]: Loaded module segment 0 @ [0x000D0000 - 0x002DDAF4 / 0x81000000] (size: 0x0020DAF4) of module app0:sce_module/libsmart.suprx
[19:14:01.356] |I| [load_self]: Loaded module segment 1 @ [0x002DE000 - 0x002E1444 / 0x8120E000] (size: 0x00003444) of module app0:sce_module/libsmart.suprx
[19:14:01.357] |I| [load_self]: Loading symbols for SELF: app0:sce_module/libsmart.suprx
[19:14:01.357] |D| [load_var_exports]: 	NID 0x6C2224BA (NID_MODULE_INFO) at 0x17B528
[19:14:01.358] |D| [load_var_exports]: 	NID 0x936C8A78 (SYSLYB) at 0x18290C
[19:14:01.358] |I| [pre_load_module]: Pre-load module SceSmart (at "sce_module/libsmart.suprx") loaded
[19:14:01.365] |C| [load_self]: Unknown segment type 0x6FFFFF01
[19:14:01.365] |I| [load_self]: Loaded module segment 0 @ [0x002E2000 - 0x002F59BC / 0x81000000] (size: 0x000139BC) of module app0:sce_module/libult.suprx
[19:14:01.366] |I| [load_self]: Loaded module segment 1 @ [0x002F6000 - 0x002F6814 / 0x81014000] (size: 0x00000814) of module app0:sce_module/libult.suprx
[19:14:01.368] |I| [load_self]: Loading symbols for SELF: app0:sce_module/libult.suprx
[19:14:01.369] |D| [load_var_exports]: 	NID 0x936C8A78 (SYSLYB) at 0x2F42E8
[19:14:01.369] |D| [load_var_exports]: 	NID 0x6C2224BA (NID_MODULE_INFO) at 0x2F1870
[19:14:01.369] |I| [pre_load_module]: Pre-load module SceUlt (at "sce_module/libult.suprx") loaded
[19:14:01.376] |I| [load_self]: Loaded module segment 0 @ [0x002F7000 - 0x00347F04 / 0x81000000] (size: 0x00050F04) of module vs0:sys/external/libSceFt2.suprx
[19:14:01.376] |I| [load_self]: Loaded module segment 1 @ [0x00348000 - 0x003482F4 / 0x81051000] (size: 0x000002F4) of module vs0:sys/external/libSceFt2.suprx
[19:14:01.377] |I| [load_self]: Loading symbols for SELF: vs0:sys/external/libSceFt2.suprx
[19:14:01.377] |D| [load_var_exports]: 	NID 0x936C8A78 (SYSLYB) at 0x3337DC
[19:14:01.378] |D| [load_var_exports]: 	NID 0x6C2224BA (NID_MODULE_INFO) at 0x332F10
[19:14:01.378] |I| [pre_load_module]: Pre-load module SceLibft2 (at "sys/external/libSceFt2.suprx") loaded
[19:14:01.380] |I| [load_self]: Loaded module segment 0 @ [0x00349000 - 0x00358F14 / 0x81000000] (size: 0x0000FF14) of module vs0:sys/external/libpvf.suprx
[19:14:01.380] |I| [load_self]: Loaded module segment 1 @ [0x00359000 - 0x00359008 / 0x81010000] (size: 0x00000008) of module vs0:sys/external/libpvf.suprx
[19:14:01.381] |I| [load_self]: Loading symbols for SELF: vs0:sys/external/libpvf.suprx
[19:14:01.381] |D| [load_var_exports]: 	NID 0x936C8A78 (SYSLYB) at 0x357710
[19:14:01.382] |D| [load_var_exports]: 	NID 0x6C2224BA (NID_MODULE_INFO) at 0x357300
[19:14:01.385] |I| [pre_load_module]: Pre-load module SceLibPvf (at "sys/external/libpvf.suprx") loaded
[19:14:01.787] |C| [load_self]: Unknown segment type 0x6FFFFF01
[19:14:01.788] |I| [load_self]: Loaded module segment 0 @ [0x0035A000 - 0x01358D90 / 0x81000000] (size: 0x00FFED90) of module app0:eboot.bin
[19:14:01.789] |I| [load_self]: Loaded module segment 1 @ [0x01359000 - 0x014B4150 / 0x81FFF000] (size: 0x0015B150) of module app0:eboot.bin
[19:14:01.789] |I| [load_self]: Loading symbols for SELF: app0:eboot.bin
[19:14:01.790] |D| [load_var_exports]: 	NID 0x6C2224BA (NID_MODULE_INFO) at 0x114B0A0
[19:14:01.790] |D| [load_var_exports]: 	NID 0x70FBA1E7 (SCE_PROC_PARAMS) at 0x1382D44
[19:14:01.790] |D| [load_var_exports]: 	NID 0x936C8A78 (SYSLYB) at 0x12A6020
[19:14:01.791] |W| [load_var_imports]: 	NID NOT FOUND 0x338B0BD1 (UNRECOGNISED) at 0x11973A8, setting to stub value 0xDEADBEEF
[19:14:01.791] |W| [load_var_imports]: 	NID NOT FOUND 0x3A451B91 (UNRECOGNISED) at 0x1197394, setting to stub value 0xDEADBEEF
[19:14:01.792] |W| [load_var_imports]: 	NID NOT FOUND 0x550DFE23 (UNRECOGNISED) at 0x11973BC, setting to stub value 0xDEADBEEF
[19:14:01.793] |W| [load_var_imports]: 	NID NOT FOUND 0x56354517 (UNRECOGNISED) at 0x119735C, setting to stub value 0xDEADBEEF
[19:14:01.794] |W| [load_var_imports]: 	NID NOT FOUND 0x5EF67445 (UNRECOGNISED) at 0x1197420, setting to stub value 0xDEADBEEF
[19:14:01.794] |W| [load_var_imports]: 	NID NOT FOUND 0x6ACA1D57 (UNRECOGNISED) at 0x11973E4, setting to stub value 0xDEADBEEF
[19:14:01.795] |W| [load_var_imports]: 	NID NOT FOUND 0x71A78083 (UNRECOGNISED) at 0x1197380, setting to stub value 0xDEADBEEF
[19:14:01.796] |W| [load_var_imports]: 	NID NOT FOUND 0x79F9DB75 (UNRECOGNISED) at 0x11973D0, setting to stub value 0xDEADBEEF
[19:14:01.797] |W| [load_var_imports]: 	NID NOT FOUND 0xAA0340C3 (UNRECOGNISED) at 0x11973F8, setting to stub value 0xDEADBEEF
[19:14:01.797] |W| [load_var_imports]: 	NID NOT FOUND 0xF9A1DE92 (UNRECOGNISED) at 0x119740C, setting to stub value 0xDEADBEEF
[19:14:01.798] |W| [load_var_imports]: 	NID NOT FOUND 0x6EF1E48 (UNRECOGNISED) at 0x1197434, setting to stub value 0xDEADBEEF
[19:14:01.800] |I| [load_app_impl]: Main executable UnityPlayer_536_Release (eboot.bin) loaded
[19:14:01.803] |D| [run_app]: Running module_start of library: SceLibKernel at address 0x51F9
[19:14:01.806] |W| [unimplemented_impl]: Unimplemented _sceKernelRegisterLibkernelAddresses import called.
[19:14:01.806] |W| [unimplemented_impl]: Unimplemented _sceKernelBacktrace import called.
[19:14:01.806] |I| [run_app]: Module SceLibKernel (at "os0:us/libkernel.suprx") module_start returned 0x0
[19:14:01.807] |D| [run_app]: Running module_start of library: SceDriverUser at address 0x143E5
[19:14:01.809] |W| [unimplemented_impl]: Unimplemented sceMotionDevIsReady import called.
[19:14:02.812] |I| [run_app]: Module SceDriverUser (at "os0:us/driver_us.suprx") module_start returned 0x0
[19:14:02.813] |D| [run_app]: Running module_start of library: SceLibc at address 0x2D871
[19:14:02.817] |I| [run_app]: Module SceLibc (at "app0:sce_module/libc.suprx") module_start returned 0x0
[19:14:02.817] |D| [run_app]: Running module_start of library: SceFace at address 0x98265
[19:14:02.819] |I| [run_app]: Module SceFace (at "app0:sce_module/libface.suprx") module_start returned 0x0
[19:14:02.820] |D| [run_app]: Running module_start of library: SceLibFios2 at address 0x9D001
[19:14:02.821] |W| [stubbed_impl]: Stubbed sceKernelGetProcessId import called. (pid: 0)
[19:14:02.822] |W| [unimplemented_impl]: Unimplemented sceFiosKernelOverlayGetList02 import called.
[19:14:02.822] |I| [run_app]: Module SceLibFios2 (at "app0:sce_module/libfios2.suprx") module_start returned 0x0
[19:14:02.824] |D| [run_app]: Running module_start of library: SceSmart at address 0xD018D
[19:14:02.826] |I| [run_app]: Module SceSmart (at "app0:sce_module/libsmart.suprx") module_start returned 0x0
[19:14:02.827] |D| [run_app]: Running module_start of library: SceUlt at address 0x2E5771
[19:14:02.828] |W| [unimplemented_impl]: Unimplemented _sceUlobjMgrRegisterLibultProtocolRevision import called.
[19:14:02.829] |I| [run_app]: Module SceUlt (at "app0:sce_module/libult.suprx") module_start returned 0x0
[19:14:02.832] |W| [unimplemented_impl]: Unimplemented _sceKernelRegisterThreadEventHandler import called.
[19:14:02.916] |W| [stubbed_impl]: Stubbed sceKernelGetFreeMemorySize import called. (Single pool)
[19:14:02.917] |W| [unimplemented_impl]: Unimplemented sceAppUtilInit import called.
[19:14:02.958] |C| [load_self]: Unknown segment type 0x6FFFFF01
[19:14:02.959] |I| [load_self]: Loaded module segment 0 @ [0x0190B000 - 0x01911C9C / 0x81000000] (size: 0x00006C9C) of module app0:/Media/Modules/pthread.suprx
[19:14:02.959] |I| [load_self]: Loaded module segment 1 @ [0x01912000 - 0x01914178 / 0x81007000] (size: 0x00002178) of module app0:/Media/Modules/pthread.suprx
[19:14:02.960] |I| [load_self]: Loading symbols for SELF: app0:/Media/Modules/pthread.suprx
[19:14:02.960] |D| [load_var_exports]: 	NID 0x6C2224BA (NID_MODULE_INFO) at 0x19107E4
[19:14:02.961] |D| [load_var_exports]: 	NID 0x936C8A78 (SYSLYB) at 0x1911C98
[19:14:02.963] |I| [export__sceKernelLoadStartModule]: Module PTHREAD_PRX (at "app0:/Media/Modules/pthread.suprx") module_start returned 0x0
[19:14:02.995] |C| [load_self]: Unknown segment type 0x6FFFFF01
[19:14:02.996] |I| [load_self]: Loaded module segment 0 @ [0x01916000 - 0x01B6A224 / 0x81000000] (size: 0x00254224) of module app0:/Media/Modules/mono-vita.suprx
[19:14:02.996] |I| [load_self]: Loaded module segment 1 @ [0x01B6B000 - 0x01BD2D70 / 0x81255000] (size: 0x00067D70) of module app0:/Media/Modules/mono-vita.suprx
[19:14:02.997] |I| [load_self]: Loading symbols for SELF: app0:/Media/Modules/mono-vita.suprx
[19:14:02.998] |D| [load_var_exports]: 	NID 0x6C2224BA (NID_MODULE_INFO) at 0x1AAFDDC
[19:14:02.999] |D| [load_var_exports]: 	NID 0x936C8A78 (SYSLYB) at 0x1B4CE14
[19:14:03.002] |I| [export__sceKernelLoadStartModule]: Module MONO (at "app0:/Media/Modules/mono-vita.suprx") module_start returned 0x0
[19:14:03.165] |C| [load_self]: Unknown segment type 0x6FFFFF01
[19:14:03.166] |I| [load_self]: Loaded module segment 0 @ [0x01BD4000 - 0x02EDC8C0 / 0x81000000] (size: 0x013088C0) of module app0:/Media/Modules/MonoAssembliesPSP2.suprx
[19:14:03.167] |I| [load_self]: Loaded module segment 1 @ [0x02EDD000 - 0x0322753C / 0x82309000] (size: 0x0034A53C) of module app0:/Media/Modules/MonoAssembliesPSP2.suprx
[19:14:03.167] |I| [load_self]: Loading symbols for SELF: app0:/Media/Modules/MonoAssembliesPSP2.suprx
[19:14:03.168] |D| [load_var_exports]: 	NID 0x6C2224BA (NID_MODULE_INFO) at 0x2DE3AFC
[19:14:03.168] |D| [load_var_exports]: 	NID 0x936C8A78 (SYSLYB) at 0x2EDC8BC
[19:14:03.172] |I| [export__sceKernelLoadStartModule]: Module MonoAssembliesPSP2 (at "app0:/Media/Modules/MonoAssembliesPSP2.suprx") module_start returned 0x0
[19:14:03.182] |C| [load_self]: Unknown segment type 0x6FFFFF01
[19:14:03.182] |I| [load_self]: Loaded module segment 0 @ [0x03229000 - 0x0322E6E0 / 0x81000000] (size: 0x000056E0) of module app0:/Media/Modules/SUPRXManager.suprx
[19:14:03.182] |I| [load_self]: Loaded module segment 1 @ [0x01501000 - 0x01501044 / 0x81006000] (size: 0x00000044) of module app0:/Media/Modules/SUPRXManager.suprx
[19:14:03.183] |I| [load_self]: Loading symbols for SELF: app0:/Media/Modules/SUPRXManager.suprx
[19:14:03.183] |D| [load_var_exports]: 	NID 0x6C2224BA (NID_MODULE_INFO) at 0x322DFB8
[19:14:03.184] |D| [load_var_exports]: 	NID 0x936C8A78 (SYSLYB) at 0x322E624
[19:14:03.186] |I| [export__sceKernelLoadStartModule]: Module SUPRXManager (at "app0:/Media/Modules/SUPRXManager.suprx") module_start returned 0x0
[19:14:03.187] |I| [load_module]: Loading module ID: 0x55
[19:14:03.188] |C| [load_self]: Unknown segment type 0x6FFFFF01
[19:14:03.188] |I| [load_self]: Loaded module segment 0 @ [0x03231000 - 0x03237230 / 0x81000000] (size: 0x00006230) of module sys/external/libSceJson.suprx
[19:14:03.189] |I| [load_self]: Loaded module segment 1 @ [0x0322F000 - 0x0322F049 / 0x81007000] (size: 0x00000049) of module sys/external/libSceJson.suprx
[19:14:03.190] |I| [load_self]: Loading symbols for SELF: sys/external/libSceJson.suprx
[19:14:03.190] |D| [load_var_exports]: 	NID 0x936C8A78 (SYSLYB) at 0x32370A8
[19:14:03.191] |D| [load_var_exports]: 	NID 0x6C2224BA (NID_MODULE_INFO) at 0x3236020
[19:14:03.191] |I| [load_module]: Module SceLibJson (at "sys/external/libSceJson.suprx") loaded
[19:14:03.228] |W| [unimplemented_impl]: Unimplemented sceKernelChangeThreadVfpException import called.
[19:14:03.228] |W| [unimplemented_impl]: Unimplemented sceFiosKernelOverlayThreadSetDisabled02 import called.
[19:14:03.239] |W| [unimplemented_impl]: Unimplemented sceFiosKernelOverlayGetRecommendedScheduler02 import called.
[19:14:03.240] |I| [export__sceIoOpen]: Opening file: app0:/archive.psarc
[19:14:03.241] |E| [open_file]: Missing file at D:/Emulateurs/Vita3K/mc/ux0/app/PCSB01037/archive.psarc (target path: app0:/archive.psarc)
[19:14:03.242] |W| [io_error_impl]: open_file (_sceIoOpen) returned 0x80010002
[19:14:03.246] |I| [export__sceIoOpen]: Opening file: app0:/archive_patch.psarc
[19:14:03.246] |E| [open_file]: Missing file at D:/Emulateurs/Vita3K/mc/ux0/app/PCSB01037/archive_patch.psarc (target path: app0:/archive_patch.psarc)
[19:14:03.247] |W| [io_error_impl]: open_file (_sceIoOpen) returned 0x80010002
[19:14:03.270] |E| [stat_file]: Cannot find device for path: /sharedassets6.assets
[19:14:03.270] |W| [io_error_impl]: stat_file (_sceIoDread) returned 0x80010002
[19:14:03.270] |W| [io_error_impl]: read_dir (_sceIoDread) returned 0x80010018
[19:14:03.286] |E| [open_dir]: Directory does not exist at: D:/Emulateurs/Vita3K/mc/_INVALID/ (target path: /archive/mount/point)
[19:14:03.287] |W| [io_error_impl]: open_dir (_sceIoDopen) returned 0x80010002
[19:14:03.287] |E| [open_dir]: Directory does not exist at: D:/Emulateurs/Vita3K/mc/ux0/user/00/savedata/PCSB01037/persistentdata/ (target path: savedata0:/persistentdata)
[19:14:03.289] |W| [io_error_impl]: open_dir (_sceIoDopen) returned 0x80010002
[19:14:03.295] |I| [export__sceIoOpen]: Opening file: app0:/mono/etc/mono/config
[19:14:03.296] |E| [open_file]: Missing file at D:/Emulateurs/Vita3K/mc/ux0/app/PCSB01037/mono/etc/mono/config (target path: app0:/mono/etc/mono/config)
[19:14:03.296] |W| [io_error_impl]: open_file (_sceIoOpen) returned 0x80010002
[19:14:03.297] |I| [export__sceIoOpen]: Opening file: app0:/.mono/config
[19:14:03.297] |E| [open_file]: Missing file at D:/Emulateurs/Vita3K/mc/ux0/app/PCSB01037/.mono/config (target path: app0:/.mono/config)
[19:14:03.298] |W| [io_error_impl]: open_file (_sceIoOpen) returned 0x80010002
[19:14:03.302] |I| [export__sceIoOpen]: Opening file: /proc/cpuinfo
[19:14:03.303] |E| [open_file]: Cannot find device for path: /proc/cpuinfo
[19:14:03.303] |W| [io_error_impl]: open_file (_sceIoOpen) returned 0x80010002
[19:14:03.313] |E| [call_import]: Import function for NID 0xE340C19B not found (thread name: Unity_main_thread, thread ID: 82)
[19:14:03.314] |I| [export__sceIoOpen]: Opening file: app0:Media/Managed/mono/config
[19:14:03.314] |E| [open_file]: Missing file at D:/Emulateurs/Vita3K/mc/ux0/app/PCSB01037/Media/Managed/mono/config (target path: app0:Media/Managed/mono/config)
[19:14:03.315] |W| [io_error_impl]: open_file (_sceIoOpen) returned 0x80010002
[19:14:03.316] |I| [export__sceIoOpen]: Opening file: app0:/.mono/config
[19:14:03.316] |E| [open_file]: Missing file at D:/Emulateurs/Vita3K/mc/ux0/app/PCSB01037/.mono/config (target path: app0:/.mono/config)
[19:14:03.317] |W| [io_error_impl]: open_file (_sceIoOpen) returned 0x80010002
[19:14:03.317] |E| [call_import]: Import function for NID 0xE340C1A3 not found (thread name: Unity_main_thread, thread ID: 82)
[19:14:03.318] |E| [call_import]: Import function for NID 0xE340C00A not found (thread name: Unity_main_thread, thread ID: 82)
[19:14:03.321] |I| [export__sceIoOpen]: Opening file: /proc/cpuinfo
[19:14:03.321] |E| [open_file]: Cannot find device for path: /proc/cpuinfo
[19:14:03.322] |W| [io_error_impl]: open_file (_sceIoOpen) returned 0x80010002
[19:14:03.324] |E| [call_import]: Import function for NID 0xE340C1A6 not found (thread name: Unity_main_thread, thread ID: 82)
[19:14:03.327] |W| [stubbed_impl]: Stubbed _sceKernelGetThreadInfo import called. (STUB)
[19:14:03.327] |W| [unimplemented_impl]: Unimplemented _sceKernelWaitException import called.
[19:14:03.328] |W| [unimplemented_impl]: Unimplemented _sceKernelGetThreadContextForVM import called.
[19:14:03.330] |W| [unimplemented_impl]: Unimplemented sceKernelCallAbortHandler import called.
[19:14:03.330] |E| [logging::ret_error_impl]: _sceKernelDeleteLwMutex returned SCE_KERNEL_ERROR_UNKNOWN_LW_MUTEX_ID (0x80028181)
[19:14:03.330] |E| [log_error_details]: Unicorn error 0xA. Invalid instruction (UC_ERR_INSN_INVALID)
[19:14:03.331] |E| [log_error_details]: PC: 0x0009826c,   SP: 0x03a51738,   LR: 0x00005353
[19:14:03.332] |E| [log_error_details]: r0 : 0x00000000   r6 : 0x00013014
[19:14:03.332] |E| [log_error_details]: r1 : 0x03a51740   r7 : 0x000001b8
[19:14:03.333] |E| [log_error_details]: r2 : 0x00000006   r8 : 0x00000000
[19:14:03.333] |E| [log_error_details]: r3 : 0x0009826c   r9 : 0x00000000
[19:14:03.334] |E| [log_error_details]: r4 : 0x00000003   r10: 0x00000000
[19:14:03.334] |E| [log_error_details]: r5 : 0x03a51908   r11: 0x00000000
[19:14:03.334] |I| [export__sceIoOpen]: Opening file: app0:/app0/mscorlib.dll
[19:14:03.336] |E| [log_error_details]: r12: 0x00000000
[19:14:03.337] |E| [open_file]: Missing file at D:/Emulateurs/Vita3K/mc/ux0/app/PCSB01037/app0/mscorlib.dll (target path: app0:/app0/mscorlib.dll)
[19:14:03.337] |E| [log_error_details]: Executing: .byte 0x10, 0xb5
[19:14:03.338] |W| [io_error_impl]: open_file (_sceIoOpen) returned 0x80010002
[19:14:03.338] |I| [log_stack_frames]: stack information
[19:14:03.339] |I| [export__sceIoOpen]: Opening file: app0:/Media/Managed/mscorlib.dll
[19:14:03.339] |E| [run_thread]: Thread ExceptionHandlerThread experienced a unicorn error.
[19:14:03.383] |I| [export__sceIoOpen]: Opening file: app0:Media/Managed/mono/gac/policy.2.0.mscorlib/0.0.0.0__b77a5c561934e089/policy.2.0.mscorlib.dll
[19:14:03.384] |E| [open_file]: Missing file at D:/Emulateurs/Vita3K/mc/ux0/app/PCSB01037/Media/Managed/mono/gac/policy.2.0.mscorlib/0.0.0.0__b77a5c561934e089/policy.2.0.mscorlib.dll (target path: app0:Media/Managed/mono/gac/policy.2.0.mscorlib/0.0.0.0__b77a5c561934e089/policy.2.0.mscorlib.dll)
[19:14:03.385] |W| [io_error_impl]: open_file (_sceIoOpen) returned 0x80010002
[19:14:03.386] |I| [export__sceIoOpen]: Opening file: app0:/app0/mscorlib.dll
[19:14:03.386] |E| [open_file]: Missing file at D:/Emulateurs/Vita3K/mc/ux0/app/PCSB01037/app0/mscorlib.dll (target path: app0:/app0/mscorlib.dll)
[19:14:03.387] |W| [io_error_impl]: open_file (_sceIoOpen) returned 0x80010002
[19:14:03.387] |I| [export__sceIoOpen]: Opening file: app0:/Media/Managed/mscorlib.dll.config
[19:14:03.387] |E| [open_file]: Missing file at D:/Emulateurs/Vita3K/mc/ux0/app/PCSB01037/Media/Managed/mscorlib.dll.config (target path: app0:/Media/Managed/mscorlib.dll.config)
[19:14:03.388] |W| [io_error_impl]: open_file (_sceIoOpen) returned 0x80010002
[19:14:03.389] |I| [export__sceIoOpen]: Opening file: app0:Media/Managed/mono/assemblies/mscorlib/mscorlib.config
[19:14:03.389] |E| [open_file]: Missing file at D:/Emulateurs/Vita3K/mc/ux0/app/PCSB01037/Media/Managed/mono/assemblies/mscorlib/mscorlib.config (target path: app0:Media/Managed/mono/assemblies/mscorlib/mscorlib.config)
[19:14:03.390] |W| [io_error_impl]: open_file (_sceIoOpen) returned 0x80010002
[19:14:03.472] |W| [unimplemented_impl]: Unimplemented _sceKernelGetSemaInfo import called.
[19:14:03.474] |E| [call_import]: Import function for NID 0xE340C195 not found (thread name: Unity_main_thread, thread ID: 82)
[19:14:03.525] |W| [unimplemented_impl]: Unimplemented sceAppUtilLoadSafeMemory import called.
[19:14:03.536] |W| [stubbed_impl]: Stubbed sceKernelChangeThreadPriority import called. (STUB)
[19:14:03.554] |E| [call_import]: Import function for NID 0xE340C190 not found (thread name: Unity_main_thread, thread ID: 82)
[19:14:03.567] |W| [unimplemented_impl]: Unimplemented sceTouchEnableTouchForce import called.
[19:14:03.568] |E| [logging::ret_error_impl]: _sceKernelLockLwMutex returned SCE_KERNEL_ERROR_UNKNOWN_LW_MUTEX_ID (0x80028181)
[19:14:03.614] |E| [stat_file]: Missing file at D:/Emulateurs/Vita3K/mc/ux0/app/PCSB01037/Media/globalgamemanagers.resG (target path: app0:/Media/globalgamemanagers.resG)
[19:14:03.615] |W| [io_error_impl]: stat_file (_sceIoGetstat) returned 0x80010002
[19:14:03.616] |E| [stat_file]: Missing file at D:/Emulateurs/Vita3K/mc/ux0/app/PCSB01037/Media/globalgamemanagers.res (target path: app0:/Media/globalgamemanagers.res)
[19:14:03.617] |W| [io_error_impl]: stat_file (_sceIoGetstat) returned 0x80010002
[19:14:03.617] |E| [stat_file]: Missing file at D:/Emulateurs/Vita3K/mc/ux0/app/PCSB01037/Media/globalgamemanagers.resS (target path: app0:/Media/globalgamemanagers.resS)
[19:14:03.618] |W| [io_error_impl]: stat_file (_sceIoGetstat) returned 0x80010002
[19:14:03.625] |I| [export__sceIoOpen]: Opening file: app0:/Media/globalgamemanagers
[19:14:03.677] |W| [unimplemented_impl]: Unimplemented sceAppMgrAcquireBgmPort import called.
[19:14:03.680] |W| [stubbed_impl]: Stubbed sceGxmMapMemory import called. (always return success)
[19:14:03.710] |W| [stubbed_impl]: Stubbed sceGxmMapFragmentUsseMemory import called. (always return success)
[19:14:03.731] |W| [stubbed_impl]: Stubbed sceGxmMapVertexUsseMemory import called. (always return success)
[19:14:03.736] |W| [stubbed_impl]: Stubbed sceGxmGetRenderTargetMemSize import called. (2MB host mem)
[19:14:03.871] |W| [unimplemented_impl]: Unimplemented sceGxmSetWClampEnable import called.
[19:14:03.871] |W| [unimplemented_impl]: Unimplemented sceGxmSetWClampValue import called.
[19:14:03.889] |D| [export_sceGxmTextureInitCube]: sceGxmTextureInitCube Inimplemeted: width: 1, height: 1
[19:14:03.890] |D| [export_sceGxmTextureInitCube]: sceGxmTextureInitCube Inimplemeted: width: 1, height: 1
[19:14:04.334] |E| [stat_file]: Missing file at D:/Emulateurs/Vita3K/mc/ux0/app/PCSB01037/Media/Resources/unity default resources.resG (target path: app0:/Media/Resources/unity default resources.resG)
[19:14:04.335] |W| [io_error_impl]: stat_file (_sceIoGetstat) returned 0x80010002
[19:14:04.336] |E| [stat_file]: Missing file at D:/Emulateurs/Vita3K/mc/ux0/app/PCSB01037/Media/Resources/unity default resources.res (target path: app0:/Media/Resources/unity default resources.res)
[19:14:04.336] |W| [io_error_impl]: stat_file (_sceIoGetstat) returned 0x80010002
[19:14:04.337] |E| [stat_file]: Missing file at D:/Emulateurs/Vita3K/mc/ux0/app/PCSB01037/Media/Resources/unity default resources.resS (target path: app0:/Media/Resources/unity default resources.resS)
[19:14:04.337] |W| [io_error_impl]: stat_file (_sceIoGetstat) returned 0x80010002
[19:14:04.339] |I| [export__sceIoOpen]: Opening file: app0:/Media/Resources/unity default resources
[19:14:04.409] |W| [stubbed_impl]: Stubbed sceAudiodecTermLibrary import called. (EMPTY)
[19:14:04.410] |W| [unimplemented_impl]: Unimplemented sceSysmoduleUnloadModule import called.
[19:14:04.411] |W| [stubbed_impl]: Stubbed sceAudiodecInitLibrary import called. (EMPTY)
[19:14:04.412] |W| [unimplemented_impl]: Unimplemented sceNgsSystemSetFlags import called.
[19:14:04.422] |W| [unimplemented_impl]: Unimplemented sceNgsVoiceSetParamsBlock import called.
[19:14:04.457] |I| [export__sceIoOpen]: Opening file: app0:/Media/Managed/UnityEngine.dll
[19:14:04.492] |I| [export__sceIoOpen]: Opening file: app0:Media/Managed/mono/gac/policy.2.0.System/0.0.0.0__b77a5c561934e089/policy.2.0.System.dll
[19:14:04.494] |E| [open_file]: Missing file at D:/Emulateurs/Vita3K/mc/ux0/app/PCSB01037/Media/Managed/mono/gac/policy.2.0.System/0.0.0.0__b77a5c561934e089/policy.2.0.System.dll (target path: app0:Media/Managed/mono/gac/policy.2.0.System/0.0.0.0__b77a5c561934e089/policy.2.0.System.dll)
[19:14:04.494] |W| [io_error_impl]: open_file (_sceIoOpen) returned 0x80010002
[19:14:04.495] |E| [stat_file]: Cannot find device for path: app0/System.dll
[19:14:04.495] |W| [io_error_impl]: stat_file (_sceIoGetstat) returned 0x80010002
[19:14:04.495] |E| [stat_file]: Cannot find device for path: app0/System.exe
[19:14:04.496] |W| [io_error_impl]: stat_file (_sceIoGetstat) returned 0x80010002
[19:14:04.496] |E| [stat_file]: Cannot find device for path: app0/System/System.dll
[19:14:04.496] |W| [io_error_impl]: stat_file (_sceIoGetstat) returned 0x80010002
[19:14:04.497] |E| [stat_file]: Cannot find device for path: app0/System/System.exe
[19:14:04.497] |W| [io_error_impl]: stat_file (_sceIoGetstat) returned 0x80010002
[19:14:04.498] |E| [stat_file]: Cannot find device for path: Media/Managed/System.dll
[19:14:04.498] |W| [io_error_impl]: stat_file (_sceIoGetstat) returned 0x80010002
[19:14:04.499] |E| [stat_file]: Cannot find device for path: Media/Managed/System.exe
[19:14:04.499] |W| [io_error_impl]: stat_file (_sceIoGetstat) returned 0x80010002
[19:14:04.500] |E| [stat_file]: Cannot find device for path: Media/Managed/System/System.dll
[19:14:04.500] |W| [io_error_impl]: stat_file (_sceIoGetstat) returned 0x80010002
[19:14:04.500] |E| [stat_file]: Cannot find device for path: Media/Managed/System/System.exe
[19:14:04.501] |W| [io_error_impl]: stat_file (_sceIoGetstat) returned 0x80010002
[19:14:04.501] |I| [export__sceIoOpen]: Opening file: app0:Media/Managed/mono/gac/System/2.0.0.0__b77a5c561934e089/System.dll
[19:14:04.502] |E| [open_file]: Missing file at D:/Emulateurs/Vita3K/mc/ux0/app/PCSB01037/Media/Managed/mono/gac/System/2.0.0.0__b77a5c561934e089/System.dll (target path: app0:Media/Managed/mono/gac/System/2.0.0.0__b77a5c561934e089/System.dll)
[19:14:04.503] |W| [io_error_impl]: open_file (_sceIoOpen) returned 0x80010002
[19:14:04.503] |I| [export__sceIoOpen]: Opening file: app0:Media/Managed/System.dll
[19:14:04.558] |I| [export__sceIoOpen]: Opening file: app0:Media/Managed/mono/gac/policy.2.0.Mono.Security/0.0.0.0__0738eb9f132ed756/policy.2.0.Mono.Security.dll
[19:14:04.559] |E| [open_file]: Missing file at D:/Emulateurs/Vita3K/mc/ux0/app/PCSB01037/Media/Managed/mono/gac/policy.2.0.Mono.Security/0.0.0.0__0738eb9f132ed756/policy.2.0.Mono.Security.dll (target path: app0:Media/Managed/mono/gac/policy.2.0.Mono.Security/0.0.0.0__0738eb9f132ed756/policy.2.0.Mono.Security.dll)
[19:14:04.559] |W| [io_error_impl]: open_file (_sceIoOpen) returned 0x80010002
[19:14:04.560] |E| [stat_file]: Cannot find device for path: app0/Mono.Security.dll
[19:14:04.561] |W| [io_error_impl]: stat_file (_sceIoGetstat) returned 0x80010002
[19:14:04.561] |E| [stat_file]: Cannot find device for path: app0/Mono.Security.exe
[19:14:04.561] |W| [io_error_impl]: stat_file (_sceIoGetstat) returned 0x80010002
[19:14:04.562] |E| [stat_file]: Cannot find device for path: app0/Mono.Security/Mono.Security.dll
[19:14:04.562] |W| [io_error_impl]: stat_file (_sceIoGetstat) returned 0x80010002
[19:14:04.563] |E| [stat_file]: Cannot find device for path: app0/Mono.Security/Mono.Security.exe
[19:14:04.563] |W| [io_error_impl]: stat_file (_sceIoGetstat) returned 0x80010002
[19:14:04.563] |E| [stat_file]: Cannot find device for path: Media/Managed/Mono.Security.dll
[19:14:04.564] |W| [io_error_impl]: stat_file (_sceIoGetstat) returned 0x80010002
[19:14:04.564] |E| [stat_file]: Cannot find device for path: Media/Managed/Mono.Security.exe
[19:14:04.564] |W| [io_error_impl]: stat_file (_sceIoGetstat) returned 0x80010002
[19:14:04.566] |E| [stat_file]: Cannot find device for path: Media/Managed/Mono.Security/Mono.Security.dll
[19:14:04.566] |W| [io_error_impl]: stat_file (_sceIoGetstat) returned 0x80010002
[19:14:04.566] |E| [stat_file]: Cannot find device for path: Media/Managed/Mono.Security/Mono.Security.exe
[19:14:04.567] |W| [io_error_impl]: stat_file (_sceIoGetstat) returned 0x80010002
[19:14:04.567] |I| [export__sceIoOpen]: Opening file: app0:Media/Managed/mono/gac/Mono.Security/2.0.0.0__0738eb9f132ed756/Mono.Security.dll
[19:14:04.568] |E| [open_file]: Missing file at D:/Emulateurs/Vita3K/mc/ux0/app/PCSB01037/Media/Managed/mono/gac/Mono.Security/2.0.0.0__0738eb9f132ed756/Mono.Security.dll (target path: app0:Media/Managed/mono/gac/Mono.Security/2.0.0.0__0738eb9f132ed756/Mono.Security.dll)
[19:14:04.568] |W| [io_error_impl]: open_file (_sceIoOpen) returned 0x80010002
[19:14:04.569] |I| [export__sceIoOpen]: Opening file: app0:Media/Managed/Mono.Security.dll
[19:14:04.580] |I| [export__sceIoOpen]: Opening file: app0:Media/Managed/Mono.Security.dll.config
[19:14:04.580] |E| [open_file]: Missing file at D:/Emulateurs/Vita3K/mc/ux0/app/PCSB01037/Media/Managed/Mono.Security.dll.config (target path: app0:Media/Managed/Mono.Security.dll.config)
[19:14:04.581] |W| [io_error_impl]: open_file (_sceIoOpen) returned 0x80010002
[19:14:04.583] |I| [export__sceIoOpen]: Opening file: app0:Media/Managed/mono/assemblies/Mono.Security/Mono.Security.config
[19:14:04.583] |E| [open_file]: Missing file at D:/Emulateurs/Vita3K/mc/ux0/app/PCSB01037/Media/Managed/mono/assemblies/Mono.Security/Mono.Security.config (target path: app0:Media/Managed/mono/assemblies/Mono.Security/Mono.Security.config)
[19:14:04.584] |W| [io_error_impl]: open_file (_sceIoOpen) returned 0x80010002
[19:14:04.585] |I| [export__sceIoOpen]: Opening file: app0:Media/Managed/mono/gac/policy.2.0.System.Configuration/0.0.0.0__b03f5f7f11d50a3a/policy.2.0.System.Configuration.dll
[19:14:04.585] |E| [open_file]: Missing file at D:/Emulateurs/Vita3K/mc/ux0/app/PCSB01037/Media/Managed/mono/gac/policy.2.0.System.Configuration/0.0.0.0__b03f5f7f11d50a3a/policy.2.0.System.Configuration.dll (target path: app0:Media/Managed/mono/gac/policy.2.0.System.Configuration/0.0.0.0__b03f5f7f11d50a3a/policy.2.0.System.Configuration.dll)
[19:14:04.586] |W| [io_error_impl]: open_file (_sceIoOpen) returned 0x80010002
[19:14:04.586] |E| [stat_file]: Cannot find device for path: app0/System.Configuration.dll
[19:14:04.586] |W| [io_error_impl]: stat_file (_sceIoGetstat) returned 0x80010002
[19:14:04.587] |E| [stat_file]: Cannot find device for path: app0/System.Configuration.exe
[19:14:04.587] |W| [io_error_impl]: stat_file (_sceIoGetstat) returned 0x80010002
[19:14:04.588] |E| [stat_file]: Cannot find device for path: app0/System.Configuration/System.Configuration.dll
[19:14:04.588] |W| [io_error_impl]: stat_file (_sceIoGetstat) returned 0x80010002
[19:14:04.588] |E| [stat_file]: Cannot find device for path: app0/System.Configuration/System.Configuration.exe
[19:14:04.589] |W| [io_error_impl]: stat_file (_sceIoGetstat) returned 0x80010002
[19:14:04.589] |E| [stat_file]: Cannot find device for path: Media/Managed/System.Configuration.dll
[19:14:04.589] |W| [io_error_impl]: stat_file (_sceIoGetstat) returned 0x80010002
[19:14:04.590] |E| [stat_file]: Cannot find device for path: Media/Managed/System.Configuration.exe
[19:14:04.590] |W| [io_error_impl]: stat_file (_sceIoGetstat) returned 0x80010002
[19:14:04.590] |E| [stat_file]: Cannot find device for path: Media/Managed/System.Configuration/System.Configuration.dll
[19:14:04.595] |W| [io_error_impl]: stat_file (_sceIoGetstat) returned 0x80010002
[19:14:04.595] |E| [stat_file]: Cannot find device for path: Media/Managed/System.Configuration/System.Configuration.exe
[19:14:04.596] |W| [io_error_impl]: stat_file (_sceIoGetstat) returned 0x80010002
[19:14:04.596] |I| [export__sceIoOpen]: Opening file: app0:Media/Managed/mono/gac/System.Configuration/2.0.0.0__b03f5f7f11d50a3a/System.Configuration.dll
[19:14:04.597] |E| [open_file]: Missing file at D:/Emulateurs/Vita3K/mc/ux0/app/PCSB01037/Media/Managed/mono/gac/System.Configuration/2.0.0.0__b03f5f7f11d50a3a/System.Configuration.dll (target path: app0:Media/Managed/mono/gac/System.Configuration/2.0.0.0__b03f5f7f11d50a3a/System.Configuration.dll)
[19:14:04.598] |W| [io_error_impl]: open_file (_sceIoOpen) returned 0x80010002
[19:14:04.599] |I| [export__sceIoOpen]: Opening file: app0:Media/Managed/System.Configuration.dll
[19:14:04.609] |I| [export__sceIoOpen]: Opening file: app0:Media/Managed/mono/gac/policy.2.0.System.Xml/0.0.0.0__b77a5c561934e089/policy.2.0.System.Xml.dll
[19:14:04.609] |E| [open_file]: Missing file at D:/Emulateurs/Vita3K/mc/ux0/app/PCSB01037/Media/Managed/mono/gac/policy.2.0.System.Xml/0.0.0.0__b77a5c561934e089/policy.2.0.System.Xml.dll (target path: app0:Media/Managed/mono/gac/policy.2.0.System.Xml/0.0.0.0__b77a5c561934e089/policy.2.0.System.Xml.dll)
[19:14:04.610] |W| [io_error_impl]: open_file (_sceIoOpen) returned 0x80010002
[19:14:04.610] |E| [stat_file]: Cannot find device for path: app0/System.Xml.dll
[19:14:04.611] |W| [io_error_impl]: stat_file (_sceIoGetstat) returned 0x80010002
[19:14:04.611] |E| [stat_file]: Cannot find device for path: app0/System.Xml.exe
[19:14:04.611] |W| [io_error_impl]: stat_file (_sceIoGetstat) returned 0x80010002
[19:14:04.612] |E| [stat_file]: Cannot find device for path: app0/System.Xml/System.Xml.dll
[19:14:04.612] |W| [io_error_impl]: stat_file (_sceIoGetstat) returned 0x80010002
[19:14:04.612] |E| [stat_file]: Cannot find device for path: app0/System.Xml/System.Xml.exe
[19:14:04.613] |W| [io_error_impl]: stat_file (_sceIoGetstat) returned 0x80010002
[19:14:04.613] |E| [stat_file]: Cannot find device for path: Media/Managed/System.Xml.dll
[19:14:04.613] |W| [io_error_impl]: stat_file (_sceIoGetstat) returned 0x80010002
[19:14:04.614] |E| [stat_file]: Cannot find device for path: Media/Managed/System.Xml.exe
[19:14:04.614] |W| [io_error_impl]: stat_file (_sceIoGetstat) returned 0x80010002
[19:14:04.615] |E| [stat_file]: Cannot find device for path: Media/Managed/System.Xml/System.Xml.dll
[19:14:04.615] |W| [io_error_impl]: stat_file (_sceIoGetstat) returned 0x80010002
[19:14:04.616] |E| [stat_file]: Cannot find device for path: Media/Managed/System.Xml/System.Xml.exe
[19:14:04.616] |W| [io_error_impl]: stat_file (_sceIoGetstat) returned 0x80010002
[19:14:04.617] |I| [export__sceIoOpen]: Opening file: app0:Media/Managed/mono/gac/System.Xml/2.0.0.0__b77a5c561934e089/System.Xml.dll
[19:14:04.617] |E| [open_file]: Missing file at D:/Emulateurs/Vita3K/mc/ux0/app/PCSB01037/Media/Managed/mono/gac/System.Xml/2.0.0.0__b77a5c561934e089/System.Xml.dll (target path: app0:Media/Managed/mono/gac/System.Xml/2.0.0.0__b77a5c561934e089/System.Xml.dll)
[19:14:04.618] |W| [io_error_impl]: open_file (_sceIoOpen) returned 0x80010002
[19:14:04.618] |I| [export__sceIoOpen]: Opening file: app0:Media/Managed/System.Xml.dll
[19:14:04.637] |I| [export__sceIoOpen]: Opening file: app0:Media/Managed/System.Xml.dll.config
[19:14:04.637] |E| [open_file]: Missing file at D:/Emulateurs/Vita3K/mc/ux0/app/PCSB01037/Media/Managed/System.Xml.dll.config (target path: app0:Media/Managed/System.Xml.dll.config)
[19:14:04.639] |W| [io_error_impl]: open_file (_sceIoOpen) returned 0x80010002
[19:14:04.639] |I| [export__sceIoOpen]: Opening file: app0:Media/Managed/mono/assemblies/System.Xml/System.Xml.config
[19:14:04.640] |E| [open_file]: Missing file at D:/Emulateurs/Vita3K/mc/ux0/app/PCSB01037/Media/Managed/mono/assemblies/System.Xml/System.Xml.config (target path: app0:Media/Managed/mono/assemblies/System.Xml/System.Xml.config)
[19:14:04.641] |W| [io_error_impl]: open_file (_sceIoOpen) returned 0x80010002
[19:14:04.641] |I| [export__sceIoOpen]: Opening file: app0:Media/Managed/mono/gac/policy.2.0.System.Security/0.0.0.0__b03f5f7f11d50a3a/policy.2.0.System.Security.dll
[19:14:04.642] |E| [open_file]: Missing file at D:/Emulateurs/Vita3K/mc/ux0/app/PCSB01037/Media/Managed/mono/gac/policy.2.0.System.Security/0.0.0.0__b03f5f7f11d50a3a/policy.2.0.System.Security.dll (target path: app0:Media/Managed/mono/gac/policy.2.0.System.Security/0.0.0.0__b03f5f7f11d50a3a/policy.2.0.System.Security.dll)
[19:14:04.642] |W| [io_error_impl]: open_file (_sceIoOpen) returned 0x80010002
[19:14:04.643] |E| [stat_file]: Cannot find device for path: app0/System.Security.dll
[19:14:04.643] |W| [io_error_impl]: stat_file (_sceIoGetstat) returned 0x80010002
[19:14:04.643] |E| [stat_file]: Cannot find device for path: app0/System.Security.exe
[19:14:04.644] |W| [io_error_impl]: stat_file (_sceIoGetstat) returned 0x80010002
[19:14:04.644] |E| [stat_file]: Cannot find device for path: app0/System.Security/System.Security.dll
[19:14:04.645] |W| [io_error_impl]: stat_file (_sceIoGetstat) returned 0x80010002
[19:14:04.645] |E| [stat_file]: Cannot find device for path: app0/System.Security/System.Security.exe
[19:14:04.645] |W| [io_error_impl]: stat_file (_sceIoGetstat) returned 0x80010002
[19:14:04.646] |E| [stat_file]: Cannot find device for path: Media/Managed/System.Security.dll
[19:14:04.646] |W| [io_error_impl]: stat_file (_sceIoGetstat) returned 0x80010002
[19:14:04.646] |E| [stat_file]: Cannot find device for path: Media/Managed/System.Security.exe
[19:14:04.647] |W| [io_error_impl]: stat_file (_sceIoGetstat) returned 0x80010002
[19:14:04.647] |E| [stat_file]: Cannot find device for path: Media/Managed/System.Security/System.Security.dll
[19:14:04.648] |W| [io_error_impl]: stat_file (_sceIoGetstat) returned 0x80010002
[19:14:04.648] |E| [stat_file]: Cannot find device for path: Media/Managed/System.Security/System.Security.exe
[19:14:04.649] |W| [io_error_impl]: stat_file (_sceIoGetstat) returned 0x80010002
[19:14:04.650] |I| [export__sceIoOpen]: Opening file: app0:Media/Managed/mono/gac/System.Security/2.0.0.0__b03f5f7f11d50a3a/System.Security.dll
[19:14:04.650] |E| [open_file]: Missing file at D:/Emulateurs/Vita3K/mc/ux0/app/PCSB01037/Media/Managed/mono/gac/System.Security/2.0.0.0__b03f5f7f11d50a3a/System.Security.dll (target path: app0:Media/Managed/mono/gac/System.Security/2.0.0.0__b03f5f7f11d50a3a/System.Security.dll)
[19:14:04.651] |W| [io_error_impl]: open_file (_sceIoOpen) returned 0x80010002
[19:14:04.651] |I| [export__sceIoOpen]: Opening file: app0:Media/Managed/System.Security.dll
[19:14:04.664] |I| [export__sceIoOpen]: Opening file: app0:Media/Managed/System.Security.dll.config
[19:14:04.665] |E| [open_file]: Missing file at D:/Emulateurs/Vita3K/mc/ux0/app/PCSB01037/Media/Managed/System.Security.dll.config (target path: app0:Media/Managed/System.Security.dll.config)
[19:14:04.666] |W| [io_error_impl]: open_file (_sceIoOpen) returned 0x80010002
[19:14:04.666] |I| [export__sceIoOpen]: Opening file: app0:Media/Managed/mono/assemblies/System.Security/System.Security.config
[19:14:04.667] |E| [open_file]: Missing file at D:/Emulateurs/Vita3K/mc/ux0/app/PCSB01037/Media/Managed/mono/assemblies/System.Security/System.Security.config (target path: app0:Media/Managed/mono/assemblies/System.Security/System.Security.config)
[19:14:04.667] |W| [io_error_impl]: open_file (_sceIoOpen) returned 0x80010002
[19:14:04.668] |I| [export__sceIoOpen]: Opening file: app0:Media/Managed/System.Configuration.dll.config
[19:14:04.668] |E| [open_file]: Missing file at D:/Emulateurs/Vita3K/mc/ux0/app/PCSB01037/Media/Managed/System.Configuration.dll.config (target path: app0:Media/Managed/System.Configuration.dll.config)
[19:14:04.671] |W| [io_error_impl]: open_file (_sceIoOpen) returned 0x80010002
[19:14:04.671] |I| [export__sceIoOpen]: Opening file: app0:Media/Managed/mono/assemblies/System.Configuration/System.Configuration.config
[19:14:04.672] |E| [open_file]: Missing file at D:/Emulateurs/Vita3K/mc/ux0/app/PCSB01037/Media/Managed/mono/assemblies/System.Configuration/System.Configuration.config (target path: app0:Media/Managed/mono/assemblies/System.Configuration/System.Configuration.config)
[19:14:04.673] |W| [io_error_impl]: open_file (_sceIoOpen) returned 0x80010002
[19:14:04.673] |I| [export__sceIoOpen]: Opening file: app0:Media/Managed/System.dll.config
[19:14:04.674] |E| [open_file]: Missing file at D:/Emulateurs/Vita3K/mc/ux0/app/PCSB01037/Media/Managed/System.dll.config (target path: app0:Media/Managed/System.dll.config)
[19:14:04.675] |W| [io_error_impl]: open_file (_sceIoOpen) returned 0x80010002
[19:14:04.675] |I| [export__sceIoOpen]: Opening file: app0:Media/Managed/mono/assemblies/System/System.config
[19:14:04.675] |E| [open_file]: Missing file at D:/Emulateurs/Vita3K/mc/ux0/app/PCSB01037/Media/Managed/mono/assemblies/System/System.config (target path: app0:Media/Managed/mono/assemblies/System/System.config)
[19:14:04.676] |W| [io_error_impl]: open_file (_sceIoOpen) returned 0x80010002
[19:14:04.677] |I| [export__sceIoOpen]: Opening file: app0:Media/Managed/mono/gac/policy.3.5.System.Core/0.0.0.0__b77a5c561934e089/policy.3.5.System.Core.dll
[19:14:04.677] |E| [open_file]: Missing file at D:/Emulateurs/Vita3K/mc/ux0/app/PCSB01037/Media/Managed/mono/gac/policy.3.5.System.Core/0.0.0.0__b77a5c561934e089/policy.3.5.System.Core.dll (target path: app0:Media/Managed/mono/gac/policy.3.5.System.Core/0.0.0.0__b77a5c561934e089/policy.3.5.System.Core.dll)
[19:14:04.678] |W| [io_error_impl]: open_file (_sceIoOpen) returned 0x80010002
[19:14:04.678] |E| [stat_file]: Cannot find device for path: app0/System.Core.dll
[19:14:04.678] |W| [io_error_impl]: stat_file (_sceIoGetstat) returned 0x80010002
[19:14:04.679] |E| [stat_file]: Cannot find device for path: app0/System.Core.exe
[19:14:04.679] |W| [io_error_impl]: stat_file (_sceIoGetstat) returned 0x80010002
[19:14:04.680] |E| [stat_file]: Cannot find device for path: app0/System.Core/System.Core.dll
[19:14:04.680] |W| [io_error_impl]: stat_file (_sceIoGetstat) returned 0x80010002
[19:14:04.680] |E| [stat_file]: Cannot find device for path: app0/System.Core/System.Core.exe
[19:14:04.681] |W| [io_error_impl]: stat_file (_sceIoGetstat) returned 0x80010002
[19:14:04.681] |E| [stat_file]: Cannot find device for path: Media/Managed/System.Core.dll
[19:14:04.682] |W| [io_error_impl]: stat_file (_sceIoGetstat) returned 0x80010002
[19:14:04.683] |E| [stat_file]: Cannot find device for path: Media/Managed/System.Core.exe
[19:14:04.683] |W| [io_error_impl]: stat_file (_sceIoGetstat) returned 0x80010002
[19:14:04.683] |E| [stat_file]: Cannot find device for path: Media/Managed/System.Core/System.Core.dll
[19:14:04.684] |W| [io_error_impl]: stat_file (_sceIoGetstat) returned 0x80010002
[19:14:04.687] |E| [stat_file]: Cannot find device for path: Media/Managed/System.Core/System.Core.exe
[19:14:04.688] |W| [io_error_impl]: stat_file (_sceIoGetstat) returned 0x80010002
[19:14:04.688] |I| [export__sceIoOpen]: Opening file: app0:Media/Managed/mono/gac/System.Core/3.5.0.0__b77a5c561934e089/System.Core.dll
[19:14:04.689] |E| [open_file]: Missing file at D:/Emulateurs/Vita3K/mc/ux0/app/PCSB01037/Media/Managed/mono/gac/System.Core/3.5.0.0__b77a5c561934e089/System.Core.dll (target path: app0:Media/Managed/mono/gac/System.Core/3.5.0.0__b77a5c561934e089/System.Core.dll)
[19:14:04.690] |W| [io_error_impl]: open_file (_sceIoOpen) returned 0x80010002
[19:14:04.690] |I| [export__sceIoOpen]: Opening file: app0:Media/Managed/System.Core.dll
[19:14:04.700] |I| [export__sceIoOpen]: Opening file: app0:Media/Managed/mono/gac/policy.2.0.Mono.Posix/0.0.0.0__0738eb9f132ed756/policy.2.0.Mono.Posix.dll
[19:14:04.702] |E| [open_file]: Missing file at D:/Emulateurs/Vita3K/mc/ux0/app/PCSB01037/Media/Managed/mono/gac/policy.2.0.Mono.Posix/0.0.0.0__0738eb9f132ed756/policy.2.0.Mono.Posix.dll (target path: app0:Media/Managed/mono/gac/policy.2.0.Mono.Posix/0.0.0.0__0738eb9f132ed756/policy.2.0.Mono.Posix.dll)
[19:14:04.702] |W| [io_error_impl]: open_file (_sceIoOpen) returned 0x80010002
[19:14:04.703] |E| [stat_file]: Cannot find device for path: app0/Mono.Posix.dll
[19:14:04.703] |W| [io_error_impl]: stat_file (_sceIoGetstat) returned 0x80010002
[19:14:04.704] |E| [stat_file]: Cannot find device for path: app0/Mono.Posix.exe
[19:14:04.704] |W| [io_error_impl]: stat_file (_sceIoGetstat) returned 0x80010002
[19:14:04.704] |E| [stat_file]: Cannot find device for path: app0/Mono.Posix/Mono.Posix.dll
[19:14:04.705] |W| [io_error_impl]: stat_file (_sceIoGetstat) returned 0x80010002
[19:14:04.705] |E| [stat_file]: Cannot find device for path: app0/Mono.Posix/Mono.Posix.exe
[19:14:04.706] |W| [io_error_impl]: stat_file (_sceIoGetstat) returned 0x80010002
[19:14:04.706] |E| [stat_file]: Cannot find device for path: Media/Managed/Mono.Posix.dll
[19:14:04.706] |W| [io_error_impl]: stat_file (_sceIoGetstat) returned 0x80010002
[19:14:04.707] |E| [stat_file]: Cannot find device for path: Media/Managed/Mono.Posix.exe
[19:14:04.707] |W| [io_error_impl]: stat_file (_sceIoGetstat) returned 0x80010002
[19:14:04.707] |E| [stat_file]: Cannot find device for path: Media/Managed/Mono.Posix/Mono.Posix.dll
[19:14:04.708] |W| [io_error_impl]: stat_file (_sceIoGetstat) returned 0x80010002
[19:14:04.708] |E| [stat_file]: Cannot find device for path: Media/Managed/Mono.Posix/Mono.Posix.exe
[19:14:04.709] |W| [io_error_impl]: stat_file (_sceIoGetstat) returned 0x80010002
[19:14:04.709] |I| [export__sceIoOpen]: Opening file: app0:Media/Managed/mono/gac/Mono.Posix/2.0.0.0__0738eb9f132ed756/Mono.Posix.dll
[19:14:04.710] |E| [open_file]: Missing file at D:/Emulateurs/Vita3K/mc/ux0/app/PCSB01037/Media/Managed/mono/gac/Mono.Posix/2.0.0.0__0738eb9f132ed756/Mono.Posix.dll (target path: app0:Media/Managed/mono/gac/Mono.Posix/2.0.0.0__0738eb9f132ed756/Mono.Posix.dll)
[19:14:04.710] |W| [io_error_impl]: open_file (_sceIoOpen) returned 0x80010002
[19:14:04.711] |I| [export__sceIoOpen]: Opening file: app0:Media/Managed/Mono.Posix.dll
[19:14:04.719] |I| [export__sceIoOpen]: Opening file: app0:Media/Managed/Mono.Posix.dll.config
[19:14:04.719] |E| [open_file]: Missing file at D:/Emulateurs/Vita3K/mc/ux0/app/PCSB01037/Media/Managed/Mono.Posix.dll.config (target path: app0:Media/Managed/Mono.Posix.dll.config)
[19:14:04.720] |W| [io_error_impl]: open_file (_sceIoOpen) returned 0x80010002
[19:14:04.720] |I| [export__sceIoOpen]: Opening file: app0:Media/Managed/mono/assemblies/Mono.Posix/Mono.Posix.config
[19:14:04.721] |E| [open_file]: Missing file at D:/Emulateurs/Vita3K/mc/ux0/app/PCSB01037/Media/Managed/mono/assemblies/Mono.Posix/Mono.Posix.config (target path: app0:Media/Managed/mono/assemblies/Mono.Posix/Mono.Posix.config)
[19:14:04.721] |W| [io_error_impl]: open_file (_sceIoOpen) returned 0x80010002
[19:14:04.722] |I| [export__sceIoOpen]: Opening file: app0:Media/Managed/System.Core.dll.config
[19:14:04.722] |E| [open_file]: Missing file at D:/Emulateurs/Vita3K/mc/ux0/app/PCSB01037/Media/Managed/System.Core.dll.config (target path: app0:Media/Managed/System.Core.dll.config)
[19:14:04.723] |W| [io_error_impl]: open_file (_sceIoOpen) returned 0x80010002
[19:14:04.723] |I| [export__sceIoOpen]: Opening file: app0:Media/Managed/mono/assemblies/System.Core/System.Core.config
[19:14:04.724] |E| [open_file]: Missing file at D:/Emulateurs/Vita3K/mc/ux0/app/PCSB01037/Media/Managed/mono/assemblies/System.Core/System.Core.config (target path: app0:Media/Managed/mono/assemblies/System.Core/System.Core.config)
[19:14:04.724] |W| [io_error_impl]: open_file (_sceIoOpen) returned 0x80010002
[19:14:04.725] |I| [export__sceIoOpen]: Opening file: app0:/Media/Managed/UnityEngine.dll.config
[19:14:04.725] |E| [open_file]: Missing file at D:/Emulateurs/Vita3K/mc/ux0/app/PCSB01037/Media/Managed/UnityEngine.dll.config (target path: app0:/Media/Managed/UnityEngine.dll.config)
[19:14:04.726] |W| [io_error_impl]: open_file (_sceIoOpen) returned 0x80010002
[19:14:04.726] |I| [export__sceIoOpen]: Opening file: app0:Media/Managed/mono/assemblies/UnityEngine/UnityEngine.config
[19:14:04.727] |E| [open_file]: Missing file at D:/Emulateurs/Vita3K/mc/ux0/app/PCSB01037/Media/Managed/mono/assemblies/UnityEngine/UnityEngine.config (target path: app0:Media/Managed/mono/assemblies/UnityEngine/UnityEngine.config)
[19:14:04.727] |W| [io_error_impl]: open_file (_sceIoOpen) returned 0x80010002
[19:14:04.733] |I| [export__sceIoOpen]: Opening file: app0:Media/Managed/mono/gac/policy.2.0.mscorlib/0.0.0.0__b77a5c561934e089/policy.2.0.mscorlib.dll
[19:14:04.734] |E| [open_file]: Missing file at D:/Emulateurs/Vita3K/mc/ux0/app/PCSB01037/Media/Managed/mono/gac/policy.2.0.mscorlib/0.0.0.0__b77a5c561934e089/policy.2.0.mscorlib.dll (target path: app0:Media/Managed/mono/gac/policy.2.0.mscorlib/0.0.0.0__b77a5c561934e089/policy.2.0.mscorlib.dll)
[19:14:04.735] |W| [io_error_impl]: open_file (_sceIoOpen) returned 0x80010002
[19:14:04.829] |W| [unimplemented_impl]: Unimplemented sceKernelSuspendThreadForVM import called.
[19:14:04.830] |W| [unimplemented_impl]: Unimplemented sceKernelResumeThreadForVM import called.
[19:14:04.841] |E| [call_import]: Import function for NID 0xE340C194 not found (thread name: Unity_main_thread, thread ID: 82)
[19:14:04.842] |I| [export__sceIoOpen]: Opening file: app0:/Media/Managed/Assembly-CSharp-firstpass.dll
[19:14:04.875] |I| [export__sceIoOpen]: Opening file: app0:/Media/Managed/Assembly-CSharp-firstpass.dll.config
[19:14:04.875] |E| [open_file]: Missing file at D:/Emulateurs/Vita3K/mc/ux0/app/PCSB01037/Media/Managed/Assembly-CSharp-firstpass.dll.config (target path: app0:/Media/Managed/Assembly-CSharp-firstpass.dll.config)
[19:14:04.876] |W| [io_error_impl]: open_file (_sceIoOpen) returned 0x80010002
[19:14:04.877] |I| [export__sceIoOpen]: Opening file: app0:Media/Managed/mono/assemblies/Assembly-CSharp-firstpass/Assembly-CSharp-firstpass.config
[19:14:04.877] |E| [open_file]: Missing file at D:/Emulateurs/Vita3K/mc/ux0/app/PCSB01037/Media/Managed/mono/assemblies/Assembly-CSharp-firstpass/Assembly-CSharp-firstpass.config (target path: app0:Media/Managed/mono/assemblies/Assembly-CSharp-firstpass/Assembly-CSharp-firstpass.config)
[19:14:04.878] |W| [io_error_impl]: open_file (_sceIoOpen) returned 0x80010002
[19:14:04.878] |E| [call_import]: Import function for NID 0xE340C192 not found (thread name: Unity_main_thread, thread ID: 82)
[19:14:04.879] |I| [export__sceIoOpen]: Opening file: app0:/Media/Managed/Assembly-CSharp.dll
[19:14:04.892] |E| [stat_file]: Cannot find device for path: app0/SonyNP.dll
[19:14:04.892] |W| [io_error_impl]: stat_file (_sceIoGetstat) returned 0x80010002
[19:14:04.893] |E| [stat_file]: Cannot find device for path: app0/SonyNP.exe
[19:14:04.893] |W| [io_error_impl]: stat_file (_sceIoGetstat) returned 0x80010002
[19:14:04.893] |E| [stat_file]: Cannot find device for path: app0/SonyNP/SonyNP.dll
[19:14:04.894] |W| [io_error_impl]: stat_file (_sceIoGetstat) returned 0x80010002
[19:14:04.894] |E| [stat_file]: Cannot find device for path: app0/SonyNP/SonyNP.exe
[19:14:04.895] |W| [io_error_impl]: stat_file (_sceIoGetstat) returned 0x80010002
[19:14:04.895] |E| [stat_file]: Cannot find device for path: Media/Managed/SonyNP.dll
[19:14:04.896] |W| [io_error_impl]: stat_file (_sceIoGetstat) returned 0x80010002
[19:14:04.896] |E| [stat_file]: Cannot find device for path: Media/Managed/SonyNP.exe
[19:14:04.896] |W| [io_error_impl]: stat_file (_sceIoGetstat) returned 0x80010002
[19:14:04.897] |E| [stat_file]: Cannot find device for path: Media/Managed/SonyNP/SonyNP.dll
[19:14:04.897] |W| [io_error_impl]: stat_file (_sceIoGetstat) returned 0x80010002
[19:14:04.898] |E| [stat_file]: Cannot find device for path: Media/Managed/SonyNP/SonyNP.exe
[19:14:04.898] |W| [io_error_impl]: stat_file (_sceIoGetstat) returned 0x80010002
[19:14:04.899] |I| [export__sceIoOpen]: Opening file: app0:Media/Managed/SonyNP.dll
[19:14:04.902] |I| [export__sceIoOpen]: Opening file: app0:Media/Managed/SonyNP.dll.config
[19:14:04.903] |E| [open_file]: Missing file at D:/Emulateurs/Vita3K/mc/ux0/app/PCSB01037/Media/Managed/SonyNP.dll.config (target path: app0:Media/Managed/SonyNP.dll.config)
[19:14:04.904] |W| [io_error_impl]: open_file (_sceIoOpen) returned 0x80010002
[19:14:04.905] |I| [export__sceIoOpen]: Opening file: app0:Media/Managed/mono/assemblies/SonyNP/SonyNP.config
[19:14:04.905] |E| [open_file]: Missing file at D:/Emulateurs/Vita3K/mc/ux0/app/PCSB01037/Media/Managed/mono/assemblies/SonyNP/SonyNP.config (target path: app0:Media/Managed/mono/assemblies/SonyNP/SonyNP.config)
[19:14:04.906] |W| [io_error_impl]: open_file (_sceIoOpen) returned 0x80010002
[19:14:04.907] |E| [stat_file]: Cannot find device for path: app0/UnityEngine.UI.dll
[19:14:04.908] |W| [io_error_impl]: stat_file (_sceIoGetstat) returned 0x80010002
[19:14:04.908] |E| [stat_file]: Cannot find device for path: app0/UnityEngine.UI.exe
[19:14:04.909] |W| [io_error_impl]: stat_file (_sceIoGetstat) returned 0x80010002
[19:14:04.909] |E| [stat_file]: Cannot find device for path: app0/UnityEngine.UI/UnityEngine.UI.dll
[19:14:04.909] |W| [io_error_impl]: stat_file (_sceIoGetstat) returned 0x80010002
[19:14:04.910] |E| [stat_file]: Cannot find device for path: app0/UnityEngine.UI/UnityEngine.UI.exe
[19:14:04.910] |W| [io_error_impl]: stat_file (_sceIoGetstat) returned 0x80010002
[19:14:04.911] |E| [stat_file]: Cannot find device for path: Media/Managed/UnityEngine.UI.dll
[19:14:04.911] |W| [io_error_impl]: stat_file (_sceIoGetstat) returned 0x80010002
[19:14:04.912] |E| [stat_file]: Cannot find device for path: Media/Managed/UnityEngine.UI.exe
[19:14:04.912] |W| [io_error_impl]: stat_file (_sceIoGetstat) returned 0x80010002
[19:14:04.913] |E| [stat_file]: Cannot find device for path: Media/Managed/UnityEngine.UI/UnityEngine.UI.dll
[19:14:04.913] |W| [io_error_impl]: stat_file (_sceIoGetstat) returned 0x80010002
[19:14:04.914] |E| [stat_file]: Cannot find device for path: Media/Managed/UnityEngine.UI/UnityEngine.UI.exe
[19:14:04.914] |W| [io_error_impl]: stat_file (_sceIoGetstat) returned 0x80010002
[19:14:04.916] |I| [export__sceIoOpen]: Opening file: app0:Media/Managed/UnityEngine.UI.dll
[19:14:04.940] |I| [export__sceIoOpen]: Opening file: app0:Media/Managed/UnityEngine.UI.dll.config
[19:14:04.940] |E| [open_file]: Missing file at D:/Emulateurs/Vita3K/mc/ux0/app/PCSB01037/Media/Managed/UnityEngine.UI.dll.config (target path: app0:Media/Managed/UnityEngine.UI.dll.config)
[19:14:04.941] |W| [io_error_impl]: open_file (_sceIoOpen) returned 0x80010002
[19:14:04.942] |I| [export__sceIoOpen]: Opening file: app0:Media/Managed/mono/assemblies/UnityEngine.UI/UnityEngine.UI.config
[19:14:04.942] |E| [open_file]: Missing file at D:/Emulateurs/Vita3K/mc/ux0/app/PCSB01037/Media/Managed/mono/assemblies/UnityEngine.UI/UnityEngine.UI.config (target path: app0:Media/Managed/mono/assemblies/UnityEngine.UI/UnityEngine.UI.config)
[19:14:04.943] |W| [io_error_impl]: open_file (_sceIoOpen) returned 0x80010002
[19:14:04.944] |I| [export__sceIoOpen]: Opening file: app0:/Media/Managed/Assembly-CSharp.dll.config
[19:14:04.944] |E| [open_file]: Missing file at D:/Emulateurs/Vita3K/mc/ux0/app/PCSB01037/Media/Managed/Assembly-CSharp.dll.config (target path: app0:/Media/Managed/Assembly-CSharp.dll.config)
[19:14:04.945] |W| [io_error_impl]: open_file (_sceIoOpen) returned 0x80010002
[19:14:04.946] |I| [export__sceIoOpen]: Opening file: app0:Media/Managed/mono/assemblies/Assembly-CSharp/Assembly-CSharp.config
[19:14:04.947] |E| [open_file]: Missing file at D:/Emulateurs/Vita3K/mc/ux0/app/PCSB01037/Media/Managed/mono/assemblies/Assembly-CSharp/Assembly-CSharp.config (target path: app0:Media/Managed/mono/assemblies/Assembly-CSharp/Assembly-CSharp.config)
[19:14:04.948] |W| [io_error_impl]: open_file (_sceIoOpen) returned 0x80010002
[19:14:04.950] |I| [export__sceIoOpen]: Opening file: app0:/Media/Managed/UnityEngine.UI.dll
[19:14:04.951] |I| [export__sceIoOpen]: Opening file: app0:Media/Managed/UnityEngine.UI.dll.config
[19:14:04.951] |E| [open_file]: Missing file at D:/Emulateurs/Vita3K/mc/ux0/app/PCSB01037/Media/Managed/UnityEngine.UI.dll.config (target path: app0:Media/Managed/UnityEngine.UI.dll.config)
[19:14:04.952] |W| [io_error_impl]: open_file (_sceIoOpen) returned 0x80010002
[19:14:04.952] |I| [export__sceIoOpen]: Opening file: app0:Media/Managed/mono/assemblies/UnityEngine.UI/UnityEngine.UI.config
[19:14:04.954] |E| [open_file]: Missing file at D:/Emulateurs/Vita3K/mc/ux0/app/PCSB01037/Media/Managed/mono/assemblies/UnityEngine.UI/UnityEngine.UI.config (target path: app0:Media/Managed/mono/assemblies/UnityEngine.UI/UnityEngine.UI.config)
[19:14:04.954] |W| [io_error_impl]: open_file (_sceIoOpen) returned 0x80010002
[19:14:04.956] |I| [export__sceIoOpen]: Opening file: app0:/Media/Managed/UnityEngine.Networking.dll
[19:14:04.965] |I| [export__sceIoOpen]: Opening file: app0:/Media/Managed/UnityEngine.Networking.dll.config
[19:14:04.967] |E| [open_file]: Missing file at D:/Emulateurs/Vita3K/mc/ux0/app/PCSB01037/Media/Managed/UnityEngine.Networking.dll.config (target path: app0:/Media/Managed/UnityEngine.Networking.dll.config)
[19:14:04.967] |W| [io_error_impl]: open_file (_sceIoOpen) returned 0x80010002
[19:14:04.968] |I| [export__sceIoOpen]: Opening file: app0:Media/Managed/mono/assemblies/UnityEngine.Networking/UnityEngine.Networking.config
[19:14:04.969] |E| [open_file]: Missing file at D:/Emulateurs/Vita3K/mc/ux0/app/PCSB01037/Media/Managed/mono/assemblies/UnityEngine.Networking/UnityEngine.Networking.config (target path: app0:Media/Managed/mono/assemblies/UnityEngine.Networking/UnityEngine.Networking.config)
[19:14:04.970] |W| [io_error_impl]: open_file (_sceIoOpen) returned 0x80010002
[19:14:04.970] |I| [export__sceIoOpen]: Opening file: app0:/Media/Managed/SonyNP.dll
[19:14:04.971] |I| [export__sceIoOpen]: Opening file: app0:Media/Managed/SonyNP.dll.config
[19:14:04.971] |E| [open_file]: Missing file at D:/Emulateurs/Vita3K/mc/ux0/app/PCSB01037/Media/Managed/SonyNP.dll.config (target path: app0:Media/Managed/SonyNP.dll.config)
[19:14:04.972] |W| [io_error_impl]: open_file (_sceIoOpen) returned 0x80010002
[19:14:04.972] |I| [export__sceIoOpen]: Opening file: app0:Media/Managed/mono/assemblies/SonyNP/SonyNP.config
[19:14:04.973] |E| [open_file]: Missing file at D:/Emulateurs/Vita3K/mc/ux0/app/PCSB01037/Media/Managed/mono/assemblies/SonyNP/SonyNP.config (target path: app0:Media/Managed/mono/assemblies/SonyNP/SonyNP.config)
[19:14:04.974] |W| [io_error_impl]: open_file (_sceIoOpen) returned 0x80010002
[19:14:04.975] |E| [call_import]: Import function for NID 0xE340C193 not found (thread name: Unity_main_thread, thread ID: 82)
[19:14:04.979] |E| [call_import]: Import function for NID 0xE340C197 not found (thread name: Unity_main_thread, thread ID: 82)
[19:14:04.982] |E| [call_import]: Import function for NID 0xE340C19A not found (thread name: Unity_main_thread, thread ID: 82)
[19:14:05.004] |E| [call_import]: Import function for NID 0xE340C1A0 not found (thread name: Unity_main_thread, thread ID: 82)
[19:14:05.076] |E| [call_import]: Import function for NID 0xE340C19C not found (thread name: Unity_main_thread, thread ID: 82)
[19:14:05.183] |E| [stat_file]: Missing file at D:/Emulateurs/Vita3K/mc/ux0/app/PCSB01037/Media/globalgamemanagers.assets.resG (target path: app0:/Media/globalgamemanagers.assets.resG)
[19:14:05.185] |W| [io_error_impl]: stat_file (_sceIoGetstat) returned 0x80010002
[19:14:05.186] |E| [stat_file]: Missing file at D:/Emulateurs/Vita3K/mc/ux0/app/PCSB01037/Media/globalgamemanagers.assets.res (target path: app0:/Media/globalgamemanagers.assets.res)
[19:14:05.186] |W| [io_error_impl]: stat_file (_sceIoGetstat) returned 0x80010002
[19:14:05.187] |E| [stat_file]: Missing file at D:/Emulateurs/Vita3K/mc/ux0/app/PCSB01037/Media/globalgamemanagers.assets.resS (target path: app0:/Media/globalgamemanagers.assets.resS)
[19:14:05.188] |W| [io_error_impl]: stat_file (_sceIoGetstat) returned 0x80010002
[19:14:05.190] |I| [export__sceIoOpen]: Opening file: app0:/Media/globalgamemanagers.assets
[19:14:05.212] |E| [stat_file]: Missing file at D:/Emulateurs/Vita3K/mc/ux0/app/PCSB01037/Media/Resources/unity_builtin_extra.resG (target path: app0:/Media/Resources/unity_builtin_extra.resG)
[19:14:05.213] |W| [io_error_impl]: stat_file (_sceIoGetstat) returned 0x80010002
[19:14:05.214] |E| [stat_file]: Missing file at D:/Emulateurs/Vita3K/mc/ux0/app/PCSB01037/Media/Resources/unity_builtin_extra.res (target path: app0:/Media/Resources/unity_builtin_extra.res)
[19:14:05.214] |W| [io_error_impl]: stat_file (_sceIoGetstat) returned 0x80010002
[19:14:05.216] |E| [stat_file]: Missing file at D:/Emulateurs/Vita3K/mc/ux0/app/PCSB01037/Media/Resources/unity_builtin_extra.resS (target path: app0:/Media/Resources/unity_builtin_extra.resS)
[19:14:05.217] |W| [io_error_impl]: stat_file (_sceIoGetstat) returned 0x80010002
[19:14:05.218] |I| [export__sceIoOpen]: Opening file: app0:/Media/Resources/unity_builtin_extra
[19:14:05.253] |E| [call_import]: Import function for NID 0xE340C19E not found (thread name: Unity_main_thread, thread ID: 82)
[19:14:05.258] |E| [call_import]: Import function for NID 0xE340C19D not found (thread name: Unity_main_thread, thread ID: 82)
[19:14:05.315] |I| [export__sceIoOpen]: Opening file: app0:Media/Managed/mono/gac/policy.3.5.System.Core/0.0.0.0__b77a5c561934e089/policy.3.5.System.Core.dll
[19:14:05.316] |E| [open_file]: Missing file at D:/Emulateurs/Vita3K/mc/ux0/app/PCSB01037/Media/Managed/mono/gac/policy.3.5.System.Core/0.0.0.0__b77a5c561934e089/policy.3.5.System.Core.dll (target path: app0:Media/Managed/mono/gac/policy.3.5.System.Core/0.0.0.0__b77a5c561934e089/policy.3.5.System.Core.dll)
[19:14:05.317] |W| [io_error_impl]: open_file (_sceIoOpen) returned 0x80010002
[19:14:05.325] |I| [export__sceIoOpen]: Opening file: app0:Media/Managed/mono/gac/policy.2.0.System/0.0.0.0__b77a5c561934e089/policy.2.0.System.dll
[19:14:05.326] |E| [open_file]: Missing file at D:/Emulateurs/Vita3K/mc/ux0/app/PCSB01037/Media/Managed/mono/gac/policy.2.0.System/0.0.0.0__b77a5c561934e089/policy.2.0.System.dll (target path: app0:Media/Managed/mono/gac/policy.2.0.System/0.0.0.0__b77a5c561934e089/policy.2.0.System.dll)
[19:14:05.326] |W| [io_error_impl]: open_file (_sceIoOpen) returned 0x80010002
[19:14:05.394] |I| [export__sceIoOpen]: Opening file: app0:Media/Managed/mono/gac/policy.2.0.mscorlib/0.0.0.0__7cec85d7bea7798e/policy.2.0.mscorlib.dll
[19:14:05.395] |E| [open_file]: Missing file at D:/Emulateurs/Vita3K/mc/ux0/app/PCSB01037/Media/Managed/mono/gac/policy.2.0.mscorlib/0.0.0.0__7cec85d7bea7798e/policy.2.0.mscorlib.dll (target path: app0:Media/Managed/mono/gac/policy.2.0.mscorlib/0.0.0.0__7cec85d7bea7798e/policy.2.0.mscorlib.dll)
[19:14:05.396] |W| [io_error_impl]: open_file (_sceIoOpen) returned 0x80010002
[19:14:05.396] |E| [stat_file]: Cannot find device for path: app0/mscorlib.dll
[19:14:05.396] |W| [io_error_impl]: stat_file (_sceIoGetstat) returned 0x80010002
[19:14:05.397] |E| [stat_file]: Cannot find device for path: app0/mscorlib.exe
[19:14:05.397] |W| [io_error_impl]: stat_file (_sceIoGetstat) returned 0x80010002
[19:14:05.398] |E| [stat_file]: Cannot find device for path: app0/mscorlib/mscorlib.dll
[19:14:05.399] |W| [io_error_impl]: stat_file (_sceIoGetstat) returned 0x80010002
[19:14:05.399] |E| [stat_file]: Cannot find device for path: app0/mscorlib/mscorlib.exe
[19:14:05.399] |W| [io_error_impl]: stat_file (_sceIoGetstat) returned 0x80010002
[19:14:05.400] |E| [stat_file]: Cannot find device for path: Media/Managed/mscorlib.dll
[19:14:05.400] |W| [io_error_impl]: stat_file (_sceIoGetstat) returned 0x80010002
[19:14:05.400] |E| [stat_file]: Cannot find device for path: Media/Managed/mscorlib.exe
[19:14:05.401] |W| [io_error_impl]: stat_file (_sceIoGetstat) returned 0x80010002
[19:14:05.401] |E| [stat_file]: Cannot find device for path: Media/Managed/mscorlib/mscorlib.dll
[19:14:05.401] |W| [io_error_impl]: stat_file (_sceIoGetstat) returned 0x80010002
[19:14:05.402] |E| [stat_file]: Cannot find device for path: Media/Managed/mscorlib/mscorlib.exe
[19:14:05.402] |W| [io_error_impl]: stat_file (_sceIoGetstat) returned 0x80010002
[19:14:05.450] |E| [stat_file]: Cannot find device for path: app0/mscorlib.dll
[19:14:05.451] |W| [io_error_impl]: stat_file (_sceIoGetstat) returned 0x80010002
[19:14:05.451] |E| [stat_file]: Cannot find device for path: app0/mscorlib.exe
[19:14:05.451] |W| [io_error_impl]: stat_file (_sceIoGetstat) returned 0x80010002
[19:14:05.452] |E| [stat_file]: Cannot find device for path: app0/mscorlib/mscorlib.dll
[19:14:05.452] |W| [io_error_impl]: stat_file (_sceIoGetstat) returned 0x80010002
[19:14:05.453] |E| [stat_file]: Cannot find device for path: app0/mscorlib/mscorlib.exe
[19:14:05.453] |W| [io_error_impl]: stat_file (_sceIoGetstat) returned 0x80010002
[19:14:05.453] |E| [stat_file]: Cannot find device for path: Media/Managed/mscorlib.dll
[19:14:05.454] |W| [io_error_impl]: stat_file (_sceIoGetstat) returned 0x80010002
[19:14:05.454] |E| [stat_file]: Cannot find device for path: Media/Managed/mscorlib.exe
[19:14:05.454] |W| [io_error_impl]: stat_file (_sceIoGetstat) returned 0x80010002
[19:14:05.455] |E| [stat_file]: Cannot find device for path: Media/Managed/mscorlib/mscorlib.dll
[19:14:05.455] |W| [io_error_impl]: stat_file (_sceIoGetstat) returned 0x80010002
[19:14:05.456] |E| [stat_file]: Cannot find device for path: Media/Managed/mscorlib/mscorlib.exe
[19:14:05.456] |W| [io_error_impl]: stat_file (_sceIoGetstat) returned 0x80010002
[19:14:05.879] |I| [export__sceIoOpen]: Opening file: app0:Media/Managed/mono/gac/policy.2.0.System.Xml/0.0.0.0__7cec85d7bea7798e/policy.2.0.System.Xml.dll
[19:14:05.880] |E| [open_file]: Missing file at D:/Emulateurs/Vita3K/mc/ux0/app/PCSB01037/Media/Managed/mono/gac/policy.2.0.System.Xml/0.0.0.0__7cec85d7bea7798e/policy.2.0.System.Xml.dll (target path: app0:Media/Managed/mono/gac/policy.2.0.System.Xml/0.0.0.0__7cec85d7bea7798e/policy.2.0.System.Xml.dll)
[19:14:05.881] |W| [io_error_impl]: open_file (_sceIoOpen) returned 0x80010002
[19:14:05.882] |E| [stat_file]: Cannot find device for path: app0/System.Xml.dll
[19:14:05.882] |W| [io_error_impl]: stat_file (_sceIoGetstat) returned 0x80010002
[19:14:05.883] |E| [stat_file]: Cannot find device for path: app0/System.Xml.exe
[19:14:05.883] |W| [io_error_impl]: stat_file (_sceIoGetstat) returned 0x80010002
[19:14:05.883] |E| [stat_file]: Cannot find device for path: app0/System.Xml/System.Xml.dll
[19:14:05.884] |W| [io_error_impl]: stat_file (_sceIoGetstat) returned 0x80010002
[19:14:05.884] |E| [stat_file]: Cannot find device for path: app0/System.Xml/System.Xml.exe
[19:14:05.884] |W| [io_error_impl]: stat_file (_sceIoGetstat) returned 0x80010002
[19:14:05.885] |E| [stat_file]: Cannot find device for path: Media/Managed/System.Xml.dll
[19:14:05.885] |W| [io_error_impl]: stat_file (_sceIoGetstat) returned 0x80010002
[19:14:05.886] |E| [stat_file]: Cannot find device for path: Media/Managed/System.Xml.exe
[19:14:05.886] |W| [io_error_impl]: stat_file (_sceIoGetstat) returned 0x80010002
[19:14:05.886] |E| [stat_file]: Cannot find device for path: Media/Managed/System.Xml/System.Xml.dll
[19:14:05.887] |W| [io_error_impl]: stat_file (_sceIoGetstat) returned 0x80010002
[19:14:05.887] |E| [stat_file]: Cannot find device for path: Media/Managed/System.Xml/System.Xml.exe
[19:14:05.887] |W| [io_error_impl]: stat_file (_sceIoGetstat) returned 0x80010002
[19:14:05.888] |I| [export__sceIoOpen]: Opening file: app0:Media/Managed/mono/gac/System.Xml/2.0.0.0__7cec85d7bea7798e/System.Xml.dll
[19:14:05.889] |E| [open_file]: Missing file at D:/Emulateurs/Vita3K/mc/ux0/app/PCSB01037/Media/Managed/mono/gac/System.Xml/2.0.0.0__7cec85d7bea7798e/System.Xml.dll (target path: app0:Media/Managed/mono/gac/System.Xml/2.0.0.0__7cec85d7bea7798e/System.Xml.dll)
[19:14:05.889] |W| [io_error_impl]: open_file (_sceIoOpen) returned 0x80010002
[19:14:05.890] |I| [export__sceIoOpen]: Opening file: app0:/Media/Managed/System.Xml.dll
[19:14:05.901] |I| [export__sceIoOpen]: Opening file: app0:Media/Managed/System.Xml.dll.config
[19:14:05.901] |E| [open_file]: Missing file at D:/Emulateurs/Vita3K/mc/ux0/app/PCSB01037/Media/Managed/System.Xml.dll.config (target path: app0:Media/Managed/System.Xml.dll.config)
[19:14:05.902] |W| [io_error_impl]: open_file (_sceIoOpen) returned 0x80010002
[19:14:05.902] |I| [export__sceIoOpen]: Opening file: app0:Media/Managed/mono/assemblies/System.Xml/System.Xml.config
[19:14:05.902] |E| [open_file]: Missing file at D:/Emulateurs/Vita3K/mc/ux0/app/PCSB01037/Media/Managed/mono/assemblies/System.Xml/System.Xml.config (target path: app0:Media/Managed/mono/assemblies/System.Xml/System.Xml.config)
[19:14:05.903] |W| [io_error_impl]: open_file (_sceIoOpen) returned 0x80010002
[19:14:06.461] |I| [export__sceIoOpen]: Opening file: app0:Media/Managed/mono/gac/policy.2.0.System.Core/0.0.0.0__7cec85d7bea7798e/policy.2.0.System.Core.dll
[19:14:06.462] |E| [open_file]: Missing file at D:/Emulateurs/Vita3K/mc/ux0/app/PCSB01037/Media/Managed/mono/gac/policy.2.0.System.Core/0.0.0.0__7cec85d7bea7798e/policy.2.0.System.Core.dll (target path: app0:Media/Managed/mono/gac/policy.2.0.System.Core/0.0.0.0__7cec85d7bea7798e/policy.2.0.System.Core.dll)
[19:14:06.462] |W| [io_error_impl]: open_file (_sceIoOpen) returned 0x80010002
[19:14:06.463] |E| [stat_file]: Cannot find device for path: app0/System.Core.dll
[19:14:06.463] |W| [io_error_impl]: stat_file (_sceIoGetstat) returned 0x80010002
[19:14:06.464] |E| [stat_file]: Cannot find device for path: app0/System.Core.exe
[19:14:06.464] |W| [io_error_impl]: stat_file (_sceIoGetstat) returned 0x80010002
[19:14:06.464] |E| [stat_file]: Cannot find device for path: app0/System.Core/System.Core.dll
[19:14:06.465] |W| [io_error_impl]: stat_file (_sceIoGetstat) returned 0x80010002
[19:14:06.466] |E| [stat_file]: Cannot find device for path: app0/System.Core/System.Core.exe
[19:14:06.466] |W| [io_error_impl]: stat_file (_sceIoGetstat) returned 0x80010002
[19:14:06.466] |E| [stat_file]: Cannot find device for path: Media/Managed/System.Core.dll
[19:14:06.467] |W| [io_error_impl]: stat_file (_sceIoGetstat) returned 0x80010002
[19:14:06.467] |E| [stat_file]: Cannot find device for path: Media/Managed/System.Core.exe
[19:14:06.467] |W| [io_error_impl]: stat_file (_sceIoGetstat) returned 0x80010002
[19:14:06.468] |E| [stat_file]: Cannot find device for path: Media/Managed/System.Core/System.Core.dll
[19:14:06.469] |W| [io_error_impl]: stat_file (_sceIoGetstat) returned 0x80010002
[19:14:06.469] |E| [stat_file]: Cannot find device for path: Media/Managed/System.Core/System.Core.exe
[19:14:06.469] |W| [io_error_impl]: stat_file (_sceIoGetstat) returned 0x80010002
[19:14:06.470] |I| [export__sceIoOpen]: Opening file: app0:Media/Managed/mono/gac/System.Core/2.0.5.0__7cec85d7bea7798e/System.Core.dll
[19:14:06.470] |E| [open_file]: Missing file at D:/Emulateurs/Vita3K/mc/ux0/app/PCSB01037/Media/Managed/mono/gac/System.Core/2.0.5.0__7cec85d7bea7798e/System.Core.dll (target path: app0:Media/Managed/mono/gac/System.Core/2.0.5.0__7cec85d7bea7798e/System.Core.dll)
[19:14:06.471] |W| [io_error_impl]: open_file (_sceIoOpen) returned 0x80010002
[19:14:06.472] |I| [export__sceIoOpen]: Opening file: app0:/Media/Managed/System.Core.dll
[19:14:06.478] |I| [export__sceIoOpen]: Opening file: app0:Media/Managed/System.Core.dll.config
[19:14:06.478] |E| [open_file]: Missing file at D:/Emulateurs/Vita3K/mc/ux0/app/PCSB01037/Media/Managed/System.Core.dll.config (target path: app0:Media/Managed/System.Core.dll.config)
[19:14:06.479] |W| [io_error_impl]: open_file (_sceIoOpen) returned 0x80010002
[19:14:06.479] |I| [export__sceIoOpen]: Opening file: app0:Media/Managed/mono/assemblies/System.Core/System.Core.config
[19:14:06.479] |E| [open_file]: Missing file at D:/Emulateurs/Vita3K/mc/ux0/app/PCSB01037/Media/Managed/mono/assemblies/System.Core/System.Core.config (target path: app0:Media/Managed/mono/assemblies/System.Core/System.Core.config)
[19:14:06.480] |W| [io_error_impl]: open_file (_sceIoOpen) returned 0x80010002
[19:14:06.970] |E| [stat_file]: Missing file at D:/Emulateurs/Vita3K/mc/ux0/app/PCSB01037/Media/sharedassets0.assets.resG (target path: app0:/Media/sharedassets0.assets.resG)
[19:14:06.971] |W| [io_error_impl]: stat_file (_sceIoGetstat) returned 0x80010002
[19:14:06.973] |E| [stat_file]: Missing file at D:/Emulateurs/Vita3K/mc/ux0/app/PCSB01037/Media/sharedassets0.assets.res (target path: app0:/Media/sharedassets0.assets.res)
[19:14:06.973] |W| [io_error_impl]: stat_file (_sceIoGetstat) returned 0x80010002
[19:14:06.974] |E| [stat_file]: Missing file at D:/Emulateurs/Vita3K/mc/ux0/app/PCSB01037/Media/sharedassets0.assets.resS (target path: app0:/Media/sharedassets0.assets.resS)
[19:14:06.974] |W| [io_error_impl]: stat_file (_sceIoGetstat) returned 0x80010002
[19:14:06.976] |I| [export__sceIoOpen]: Opening file: app0:/Media/sharedassets0.assets
[19:14:07.013] |E| [stat_file]: Missing file at D:/Emulateurs/Vita3K/mc/ux0/app/PCSB01037/Media/level0.resG (target path: app0:/Media/level0.resG)
[19:14:07.014] |W| [io_error_impl]: stat_file (_sceIoGetstat) returned 0x80010002
[19:14:07.015] |E| [stat_file]: Missing file at D:/Emulateurs/Vita3K/mc/ux0/app/PCSB01037/Media/level0.res (target path: app0:/Media/level0.res)
[19:14:07.016] |W| [io_error_impl]: stat_file (_sceIoGetstat) returned 0x80010002
[19:14:07.016] |E| [stat_file]: Missing file at D:/Emulateurs/Vita3K/mc/ux0/app/PCSB01037/Media/level0.resS (target path: app0:/Media/level0.resS)
[19:14:07.017] |W| [io_error_impl]: stat_file (_sceIoGetstat) returned 0x80010002
[19:14:07.020] |I| [export__sceIoOpen]: Opening file: app0:/Media/level0
[19:14:07.039] |E| [logging::ret_error_impl]: sceKerne