[07:55:44.847] |I| [load_app_impl]: ngs experimental state: true
[07:55:44.848] |I| [load_app_impl]: video player state: true
[07:55:44.848] |I| [load_app_impl]: auto-lle: enabled
[07:55:44.848] |I| [load_app_impl]: Title: Alien Breed
[07:55:44.848] |I| [load_app_impl]: Serial: PCSB00231
[07:55:44.848] |I| [load_app_impl]: Version: 1.00
[07:55:44.848] |I| [load_app_impl]: Category: gd
[07:55:44.935] |C| [load_self]: Unknown segment type 0x6FFFFF01
[07:55:44.936] |I| [load_self]: Loaded module segment 0 @ [0x00004000 - 0x000407DC / 0x81000000] (size: 0x0003C7DC) of module app0:sce_module/libc.suprx
[07:55:44.936] |I| [load_self]: Loaded module segment 1 @ [0x00041000 - 0x00043374 / 0x8103D000] (size: 0x00002374) of module app0:sce_module/libc.suprx
[07:55:44.936] |I| [load_self]: Loading symbols for SELF: app0:sce_module/libc.suprx
[07:55:44.937] |D| [load_var_exports]: 	NID 0x6C2224BA (NID_MODULE_INFO) at 0x32220
[07:55:44.937] |W| [load_var_imports]: 	NID NOT FOUND 0xDF084DFA (UNRECOGNISED) at 0x359F0, setting to stub value 0xDEADBEEF
[07:55:44.937] |I| [pre_load_module]: Pre-load module SceLibc (at "sce_module/libc.suprx") loaded
[07:55:44.947] |C| [load_self]: Unknown segment type 0x6FFFFF01
[07:55:44.947] |I| [load_self]: Loaded module segment 0 @ [0x00045000 - 0x000671B0 / 0x81000000] (size: 0x000221B0) of module app0:sce_module/libfios2.suprx
[07:55:44.947] |I| [load_self]: Loaded module segment 1 @ [0x00068000 - 0x0006D1B8 / 0x81023000] (size: 0x000051B8) of module app0:sce_module/libfios2.suprx
[07:55:44.947] |I| [load_self]: Loading symbols for SELF: app0:sce_module/libfios2.suprx
[07:55:44.947] |D| [load_var_exports]: 	NID 0x6C2224BA (NID_MODULE_INFO) at 0x60CB0
[07:55:44.947] |I| [pre_load_module]: Pre-load module SceLibFios2 (at "sce_module/libfios2.suprx") loaded
[07:55:44.956] |C| [load_self]: Unknown segment type 0x6FFFFF01
[07:55:44.957] |I| [load_self]: Loaded module segment 0 @ [0x0006E000 - 0x0008206C / 0x81000000] (size: 0x0001406C) of module app0:sce_module/libult.suprx
[07:55:44.957] |I| [load_self]: Loaded module segment 1 @ [0x00083000 - 0x00083814 / 0x81015000] (size: 0x00000814) of module app0:sce_module/libult.suprx
[07:55:44.957] |I| [load_self]: Loading symbols for SELF: app0:sce_module/libult.suprx
[07:55:44.957] |D| [load_var_exports]: 	NID 0x6C2224BA (NID_MODULE_INFO) at 0x7EB68
[07:55:44.957] |I| [pre_load_module]: Pre-load module SceUlt (at "sce_module/libult.suprx") loaded
[07:55:44.963] |I| [load_self]: Loaded module segment 0 @ [0x00084000 - 0x000D4F04 / 0x81000000] (size: 0x00050F04) of module vs0:sys/external/libSceFt2.suprx
[07:55:44.963] |I| [load_self]: Loaded module segment 1 @ [0x000D5000 - 0x000D52F4 / 0x81051000] (size: 0x000002F4) of module vs0:sys/external/libSceFt2.suprx
[07:55:44.963] |I| [load_self]: Loading symbols for SELF: vs0:sys/external/libSceFt2.suprx
[07:55:44.964] |D| [load_var_exports]: 	NID 0x936C8A78 (SYSLYB) at 0xC07DC
[07:55:44.964] |D| [load_var_exports]: 	NID 0x6C2224BA (NID_MODULE_INFO) at 0xBFF10
[07:55:44.964] |W| [load_var_imports]: 	NID NOT FOUND 0x93B8AA67 (UNRECOGNISED) at 0xD4EE0, setting to stub value 0xDEADBEEF
[07:55:44.964] |I| [pre_load_module]: Pre-load module SceLibft2 (at "sys/external/libSceFt2.suprx") loaded
[07:55:44.965] |I| [load_self]: Loaded module segment 0 @ [0x000D7000 - 0x000E6F14 / 0x81000000] (size: 0x0000FF14) of module vs0:sys/external/libpvf.suprx
[07:55:44.965] |I| [load_self]: Loaded module segment 1 @ [0x000E7000 - 0x000E7008 / 0x81010000] (size: 0x00000008) of module vs0:sys/external/libpvf.suprx
[07:55:44.966] |I| [load_self]: Loading symbols for SELF: vs0:sys/external/libpvf.suprx
[07:55:44.966] |D| [load_var_exports]: 	NID 0x936C8A78 (SYSLYB) at 0xE5710
[07:55:44.966] |D| [load_var_exports]: 	NID 0x6C2224BA (NID_MODULE_INFO) at 0xE5300
[07:55:44.966] |I| [pre_load_module]: Pre-load module SceLibPvf (at "sys/external/libpvf.suprx") loaded
[07:55:45.016] |C| [load_self]: Unknown segment type 0x6FFFFF01
[07:55:45.016] |I| [load_self]: Loaded module segment 0 @ [0x81000000 - 0x811B888C / 0x81000000] (size: 0x001B888C) of module app0:eboot.bin
[07:55:45.016] |I| [load_self]: Loaded module segment 1 @ [0x811B9000 - 0x8122DA80 / 0x811B9000] (size: 0x00074A80) of module app0:eboot.bin
[07:55:45.016] |I| [load_self]: Loading symbols for SELF: app0:eboot.bin
[07:55:45.016] |D| [load_var_exports]: 	NID 0x6C2224BA (NID_MODULE_INFO) at 0x81182050
[07:55:45.016] |D| [load_var_exports]: 	NID 0x70FBA1E7 (SCE_PROC_PARAMS) at 0x811BBA58
[07:55:45.017] |I| [load_app_impl]: Main executable core (eboot.bin) loaded
[07:55:45.019] |D| [run_app]: Running module_start of library: SceLibc at address 0x45E5
[07:55:45.046] |I| [export_sceIoOpen]: Opening file: tty0:
[07:55:45.046] |I| [export_sceIoOpen]: Opening file: tty0:
[07:55:45.046] |I| [export_sceIoOpen]: Opening file: tty1:
[07:55:45.047] |I| [run_app]: Module SceLibc (at "app0:sce_module/libc.suprx") module_start returned 0x0
[07:55:45.048] |D| [run_app]: Running module_start of library: SceLibFios2 at address 0x45001
[07:55:45.050] |W| [stubbed_impl]: Stubbed sceKernelGetProcessId import called. (pid: 0)
[07:55:45.050] |W| [stubbed_impl]: Stubbed _sceFiosKernelOverlayGetList import called. (Set pActualIDs to 0)
[07:55:45.050] |D| [export__sceFiosKernelOverlayGetList]: pid: 0
[07:55:45.050] |D| [export__sceFiosKernelOverlayGetList]: buffer_size: 0
[07:55:45.050] |D| [export__sceFiosKernelOverlayGetList]: maxIDs: 0
[07:55:45.050] |D| [export__sceFiosKernelOverlayGetList]: pActualIDs: 0
[07:55:45.051] |I| [run_app]: Module SceLibFios2 (at "app0:sce_module/libfios2.suprx") module_start returned 0x0
[07:55:45.051] |D| [run_app]: Running module_start of library: SceUlt at address 0x71B71
[07:55:45.053] |I| [run_app]: Module SceUlt (at "app0:sce_module/libult.suprx") module_start returned 0x0
[07:55:45.067] |W| [unimplemented_impl]: Unimplemented sceKernelChangeThreadVfpException import called.
[07:55:45.067] |W| [unimplemented_impl]: Unimplemented _sceFiosKernelOverlayThreadSetDisabled import called.
[07:55:45.068] |W| [stubbed_impl]: Stubbed sceKernelWaitLwCondCB import called. (no CB)
[07:55:45.080] |W| [unimplemented_impl]: Unimplemented _sceFiosKernelOverlayGetRecommendedScheduler import called.
[07:55:45.081] |I| [export_sceIoOpen]: Opening file: app0:/game_data.psarc
[07:55:45.105] |I| [export_sceIoOpen]: Opening file: app0:/game_data.psarc
[07:55:45.129] |I| [export_sceIoOpen]: Opening file: app0:/game_data.000.psarc
[07:55:45.129] |E| [open_file]: Missing file at D:/Emulateurs/Vita3K/mc/ux0/app/PCSB00231/game_data.000.psarc (target path: app0:/game_data.000.psarc)
[07:55:45.129] |W| [io_error_impl]: open_file (sceIoOpen) returned 0x80010002
[07:55:45.130] |W| [io_error_impl]: tell_file (sceIoPread) returned 0x80010018
[07:55:45.131] |W| [io_error_impl]: close_file (sceIoClose) returned 0x80010018
[07:55:45.131] |I| [load_module]: Loading module ID: 0x13
[07:55:45.132] |C| [load_self]: Unknown segment type 0x6FFFFF01
[07:55:45.132] |I| [load_self]: Loaded module segment 0 @ [0x0653F000 - 0x0654208C / 0x81000000] (size: 0x0000308C) of module sys/external/libsystemgesture.suprx
[07:55:45.133] |I| [load_self]: Loaded module segment 1 @ [0x06543000 - 0x06543BF0 / 0x81004000] (size: 0x00000BF0) of module sys/external/libsystemgesture.suprx
[07:55:45.133] |I| [load_self]: Loading symbols for SELF: sys/external/libsystemgesture.suprx
[07:55:45.133] |D| [load_var_exports]: 	NID 0x936C8A78 (SYSLYB) at 0x6542074
[07:55:45.133] |D| [load_var_exports]: 	NID 0x6C2224BA (NID_MODULE_INFO) at 0x6541BD4
[07:55:45.133] |I| [load_module]: Module SceSystemGesture (at "sys/external/libsystemgesture.suprx") loaded
[07:55:45.133] |D| [load_module]: Running module_start of module: SceSystemGesture
[07:55:45.136] |I| [load_module]: Module SceSystemGesture (at "sys/external/libsystemgesture.suprx") module_start returned 0x0
[07:55:45.136] |W| [unimplemented_impl]: Unimplemented sceTouchGetPixelDensity2 import called.
[07:55:45.137] |W| [unimplemented_impl]: Unimplemented sceAppUtilInit import called.
[07:55:45.137] |W| [unimplemented_impl]: Unimplemented sceAppUtilAppParamGetInt import called.
[07:55:45.141] |W| [stubbed_impl]: Stubbed sceGxmMapMemory import called. (always return success)
[07:55:45.144] |W| [stubbed_impl]: Stubbed sceGxmMapFragmentUsseMemory import called. (always return success)
[07:55:45.167] |W| [stubbed_impl]: Stubbed sceGxmMapVertexUsseMemory import called. (always return success)
[07:55:45.184] |W| [unimplemented_impl]: Unimplemented sceNgsSystemSetParamErrorCallback import called.
[07:55:45.185] |W| [unimplemented_impl]: Unimplemented sceNgsVoiceSetFinishedCallback import called.
[07:55:45.186] |W| [unimplemented_impl]: Unimplemented sceAudioOutSetVolume import called.
[07:55:45.186] |W| [unimplemented_impl]: Unimplemented sceAppMgrAcquireBgmPort import called.
[07:55:45.186] |W| [unimplemented_impl]: Unimplemented sceKernelCreateMsgPipe import called.
[07:55:45.189] |W| [unimplemented_impl]: Unimplemented sceKernelReceiveMsgPipe import called.
[07:55:45.189] |E| [log_error_details]: Unicorn error 0x8. Invalid memory fetch (UC_ERR_FETCH_UNMAPPED)
[07:55:45.189] |E| [log_error_details]: PC: 0x00000000,   SP: 0x09d01f78,   LR: 0x810ae2b9
[07:55:45.190] |E| [log_error_details]: r0 : 0x00000000   r6 : 0x00000000
[07:55:45.190] |E| [log_error_details]: r1 : 0xcccccccc   r7 : 0x00000000
[07:55:45.190] |E| [log_error_details]: r2 : 0x00000000   r8 : 0x00000000
[07:55:45.190] |E| [log_error_details]: r3 : 0x00000001   r9 : 0x00000000
[07:55:45.190] |E| [log_error_details]: r4 : 0x001574a0   r10: 0x00000000
[07:55:45.190] |E| [log_error_details]: r5 : 0x00000000   r11: 0x00000000
[07:55:45.191] |E| [log_error_details]: r12: 0x00000000
[07:55:45.191] |C| [log_error_details]: PC IS 0
[07:55:45.191] |I| [log_stack_frames]: stack information
[07:55:45.191] |E| [run_thread]: Thread Message Queue Thread experienced a unicorn error.
[07:55:45.195] |W| [unimplemented_impl]: Unimplemented sceNetCtlInit import called.
[07:55:45.195] |W| [stubbed_impl]: Stubbed sceNetCtlInetGetState import called. (state = SCE_NETCTL_STATE_DISCONNECTED)
[07:55:45.195] |I| [load_module]: Loading module ID: 0x4
[07:55:45.198] |C| [load_self]: Unknown segment type 0x6FFFFF01
[07:55:45.198] |I| [load_self]: Loaded module segment 0 @ [0x09E04000 - 0x09E21150 / 0x81000000] (size: 0x0001D150) of module sys/external/libhttp.suprx
[07:55:45.198] |I| [load_self]: Loaded module segment 1 @ [0x09E22000 - 0x09E22640 / 0x8101E000] (size: 0x00000640) of module sys/external/libhttp.suprx
[07:55:45.198] |I| [load_self]: Loading symbols for SELF: sys/external/libhttp.suprx
[07:55:45.198] |D| [load_var_exports]: 	NID 0x936C8A78 (SYSLYB) at 0x9E1FE68
[07:55:45.198] |D| [load_var_exports]: 	NID 0x6C2224BA (NID_MODULE_INFO) at 0x9E1CCA0
[07:55:45.198] |I| [load_module]: Module SceLibHttp (at "sys/external/libhttp.suprx") loaded
[07:55:45.198] |D| [load_module]: Running module_start of module: SceLibHttp
[07:55:45.201] |I| [load_module]: Module SceLibHttp (at "sys/external/libhttp.suprx") module_start returned 0x0
[07:55:45.212] |I| [load_self]: Loaded module segment 0 @ [0x09E25000 - 0x09E8BEA4 / 0x81000000] (size: 0x00066EA4) of module sys/external/libssl.suprx
[07:55:45.212] |I| [load_self]: Loaded module segment 1 @ [0x09E8C000 - 0x09E90FA8 / 0x81067000] (size: 0x00004FA8) of module sys/external/libssl.suprx
[07:55:45.212] |I| [load_self]: Loading symbols for SELF: sys/external/libssl.suprx
[07:55:45.212] |D| [load_var_exports]: 	NID 0x936C8A78 (SYSLYB) at 0x9E779E0
[07:55:45.212] |D| [load_var_exports]: 	NID 0x6C2224BA (NID_MODULE_INFO) at 0x9E71CA0
[07:55:45.212] |I| [load_module]: Module SceLibSsl (at "sys/external/libssl.suprx") loaded
[07:55:45.213] |E| [call_import]: Import function for NID 0x9F793F84 not found (thread name: Toolkit::NP, thread ID: 86)
[07:55:45.214] |W| [unimplemented_impl]: Unimplemented sceNpBasicInit import called.
[07:55:45.215] |W| [unimplemented_impl]: Unimplemented sceClibMspaceMallocStats import called.
[07:55:45.219] |W| [unimplemented_impl]: Unimplemented sceClibMspaceIsHeapEmpty import called.
[07:55:45.220] |E| [call_import]: Import function for NID 0xE340C9E6 not found (thread name: PCSB00231, thread ID: 6)
[07:55:45.248] |E| [logging::ret_error_impl]: sceKernelWaitLwCond returned SCE_KERNEL_ERROR_WAIT_TIMEOUT (0x80028005)
[07:55:45.249] |W| [stubbed_impl]: Stubbed sceNetCtlCheckCallback import called. (Stub)
[07:55:45.249] |W| [stubbed_impl]: Stubbed sceNpCheckCallback import called. (Stub)
[07:55:45.374] |I| [export_sceIoOpen]: Opening file: /archive/gui/vita/544/gui_mainmenu.xml
[07:55:45.375] |E| [open_file]: Cannot find device for path: /archive/gui/vita/544/gui_mainmenu.xml
[07:55:45.375] |W| [io_error_impl]: open_file (sceIoOpen) returned 0x80010002
[07:55:45.376] |I| [export_sceIoOpen]: Opening file: /archive/gui/vita/default/gui_mainmenu.xml
[07:55:45.377] |E| [open_file]: Cannot find device for path: /archive/gui/vita/default/gui_mainmenu.xml
[07:55:45.377] |W| [io_error_impl]: open_file (sceIoOpen) returned 0x80010002
[07:55:45.377] |I| [export_sceIoOpen]: Opening file: /archive/gui/default/544/gui_mainmenu.xml
[07:55:45.377] |E| [open_file]: Cannot find device for path: /archive/gui/default/544/gui_mainmenu.xml
[07:55:45.377] |W| [io_error_impl]: open_file (sceIoOpen) returned 0x80010002
[07:55:45.378] |I| [export_sceIoOpen]: Opening file: /archive/gui/vita/544/gui_hud.xml
[07:55:45.379] |E| [open_file]: Cannot find device for path: /archive/gui/vita/544/gui_hud.xml
[07:55:45.379] |W| [io_error_impl]: open_file (sceIoOpen) returned 0x80010002
[07:55:45.379] |I| [export_sceIoOpen]: Opening file: /archive/gui/vita/default/gui_hud.xml
[07:55:45.379] |E| [open_file]: Cannot find device for path: /archive/gui/vita/default/gui_hud.xml
[07:55:45.379] |W| [io_error_impl]: open_file (sceIoOpen) returned 0x80010002
[07:55:45.379] |I| [export_sceIoOpen]: Opening file: /archive/gui/default/544/gui_hud.xml
[07:55:45.380] |E| [open_file]: Cannot find device for path: /archive/gui/default/544/gui_hud.xml
[07:55:45.380] |W| [io_error_impl]: open_file (sceIoOpen) returned 0x80010002
[07:55:45.380] |I| [export_sceIoOpen]: Opening file: /archive/gui/vita/544/gui_popups.xml
[07:55:45.380] |E| [open_file]: Cannot find device for path: /archive/gui/vita/544/gui_popups.xml
[07:55:45.381] |W| [io_error_impl]: open_file (sceIoOpen) returned 0x80010002
[07:55:45.381] |I| [export_sceIoOpen]: Opening file: /archive/gui/vita/default/gui_popups.xml
[07:55:45.381] |E| [open_file]: Cannot find device for path: /archive/gui/vita/default/gui_popups.xml
[07:55:45.381] |W| [io_error_impl]: open_file (sceIoOpen) returned 0x80010002
[07:55:45.381] |I| [export_sceIoOpen]: Opening file: /archive/gui/default/544/gui_popups.xml
[07:55:45.381] |E| [open_file]: Cannot find device for path: /archive/gui/default/544/gui_popups.xml
[07:55:45.382] |W| [io_error_impl]: open_file (sceIoOpen) returned 0x80010002
[07:55:45.383] |W| [unimplemented_impl]: Unimplemented sceNpActivityInit import called.
[07:55:45.383] |W| [stubbed_impl]: Stubbed __sceAppMgrGetAppState import called. (Set to 0.)
[07:55:45.383] |W| [unimplemented_impl]: Unimplemented sceKernelTryReceiveMsgPipe import called.
[07:55:45.383] |E| [log_error_details]: Unicorn error 0x8. Invalid memory fetch (UC_ERR_FETCH_UNMAPPED)
[07:55:45.384] |E| [log_error_details]: PC: 0x00000000,   SP: 0x00127f88,   LR: 0x810ae1c7
[07:55:45.384] |E| [log_error_details]: r0 : 0x00000000   r6 : 0x0000000a
[07:55:45.384] |E| [log_error_details]: r1 : 0x00000000   r7 : 0x811bd594
[07:55:45.384] |E| [log_error_details]: r2 : 0x00000000   r8 : 0x00003cb3
[07:55:45.384] |E| [log_error_details]: r3 : 0x00000001   r9 : 0x811bb9d0
[07:55:45.384] |E| [log_error_details]: r4 : 0x001574a0   r10: 0x00000000
[07:55:45.384] |E| [log_error_details]: r5 : 0x00000000   r11: 0x00000000
[07:55:45.384] |E| [log_error_details]: r12: 0x0000ffb7
[07:55:45.384] |C| [log_error_details]: PC IS 0
[07:55:45.384] |I| [log_stack_frames]: stack information
[07:55:45.385] |E| [run_thread]: Thread PCSB00231 experienced a unicorn error.
[07:55:46.120] |I| [export_sceIoOpen]: Opening file: /archive/font/tahom