[17:14:52.826] |I| [load_app_impl]: ngs experimental state: true
[17:14:52.827] |I| [load_app_impl]: video player state: true
[17:14:52.827] |I| [load_app_impl]: lle-modules: libpgf,libSceJson,libsystemgesture,libsas,libSceXml
[17:14:52.827] |I| [load_app_impl]: Title: VALHALLA KNIGHTS 3
[17:14:52.827] |I| [load_app_impl]: Serial: PCSB00432
[17:14:52.827] |I| [load_app_impl]: Version: 01.00
[17:14:52.827] |I| [load_app_impl]: Category: gd
[17:14:52.903] |C| [load_self]: Unknown segment type 0x6FFFFF01
[17:14:52.903] |I| [load_self]: Loaded module segment 0 @ [0x00004000 - 0x00051A2C / 0x81000000] (size: 0x0004DA2C) of module app0:sce_module/libc.suprx
[17:14:52.903] |I| [load_self]: Loaded module segment 1 @ [0x00052000 - 0x000546F8 / 0x8104E000] (size: 0x000026F8) of module app0:sce_module/libc.suprx
[17:14:52.903] |I| [load_self]: Loading symbols for SELF: app0:sce_module/libc.suprx
[17:14:52.903] |D| [load_var_exports]: 	NID 0x6C2224BA (NID_MODULE_INFO) at 0x3D798
[17:14:52.904] |D| [load_var_exports]: 	NID 0x936C8A78 (SYSLYB) at 0x477D4
[17:14:52.904] |W| [load_var_imports]: 	NID NOT FOUND 0x93B8AA67 (UNRECOGNISED) at 0x41758, setting to stub value 0xDEADBEEF
[17:14:52.905] |W| [load_var_imports]: 	NID NOT FOUND 0xDF084DFA (UNRECOGNISED) at 0x4321C, setting to stub value 0xDEADBEEF
[17:14:52.906] |I| [pre_load_module]: Pre-load module SceLibc (at "sce_module/libc.suprx") loaded
[17:14:52.912] |C| [load_self]: Unknown segment type 0x6FFFFF01
[17:14:52.914] |I| [load_self]: Loaded module segment 0 @ [0x00057000 - 0x0007FB8C / 0x81000000] (size: 0x00028B8C) of module app0:sce_module/libfios2.suprx
[17:14:52.915] |I| [load_self]: Loaded module segment 1 @ [0x00080000 - 0x000851FD / 0x81029000] (size: 0x000051FD) of module app0:sce_module/libfios2.suprx
[17:14:52.916] |I| [load_self]: Loading symbols for SELF: app0:sce_module/libfios2.suprx
[17:14:52.917] |D| [load_var_exports]: 	NID 0x6C2224BA (NID_MODULE_INFO) at 0x77884
[17:14:52.918] |D| [load_var_exports]: 	NID 0x936C8A78 (SYSLYB) at 0x7FA74
[17:14:52.918] |I| [pre_load_module]: Pre-load module SceLibFios2 (at "sce_module/libfios2.suprx") loaded
[17:14:52.933] |C| [load_self]: Unknown segment type 0x6FFFFF01
[17:14:52.933] |I| [load_self]: Loaded module segment 0 @ [0x00086000 - 0x0009A744 / 0x81000000] (size: 0x00014744) of module app0:sce_module/libult.suprx
[17:14:52.934] |I| [load_self]: Loaded module segment 1 @ [0x0009B000 - 0x0009B814 / 0x81015000] (size: 0x00000814) of module app0:sce_module/libult.suprx
[17:14:52.935] |I| [load_self]: Loading symbols for SELF: app0:sce_module/libult.suprx
[17:14:52.936] |D| [load_var_exports]: 	NID 0x6C2224BA (NID_MODULE_INFO) at 0x96658
[17:14:52.936] |D| [load_var_exports]: 	NID 0x936C8A78 (SYSLYB) at 0x990A0
[17:14:52.937] |I| [pre_load_module]: Pre-load module SceUlt (at "sce_module/libult.suprx") loaded
[17:14:52.943] |I| [load_self]: Loaded module segment 0 @ [0x0009C000 - 0x000ECF04 / 0x81000000] (size: 0x00050F04) of module vs0:sys/external/libSceFt2.suprx
[17:14:52.945] |I| [load_self]: Loaded module segment 1 @ [0x000ED000 - 0x000ED2F4 / 0x81051000] (size: 0x000002F4) of module vs0:sys/external/libSceFt2.suprx
[17:14:52.946] |I| [load_self]: Loading symbols for SELF: vs0:sys/external/libSceFt2.suprx
[17:14:52.946] |D| [load_var_exports]: 	NID 0x936C8A78 (SYSLYB) at 0xD87DC
[17:14:52.947] |D| [load_var_exports]: 	NID 0x6C2224BA (NID_MODULE_INFO) at 0xD7F10
[17:14:52.947] |I| [pre_load_module]: Pre-load module SceLibft2 (at "sys/external/libSceFt2.suprx") loaded
[17:14:52.949] |I| [load_self]: Loaded module segment 0 @ [0x000EE000 - 0x000FDF14 / 0x81000000] (size: 0x0000FF14) of module vs0:sys/external/libpvf.suprx
[17:14:52.950] |I| [load_self]: Loaded module segment 1 @ [0x000FE000 - 0x000FE008 / 0x81010000] (size: 0x00000008) of module vs0:sys/external/libpvf.suprx
[17:14:52.950] |I| [load_self]: Loading symbols for SELF: vs0:sys/external/libpvf.suprx
[17:14:52.951] |D| [load_var_exports]: 	NID 0x936C8A78 (SYSLYB) at 0xFC710
[17:14:52.951] |D| [load_var_exports]: 	NID 0x6C2224BA (NID_MODULE_INFO) at 0xFC300
[17:14:52.952] |I| [pre_load_module]: Pre-load module SceLibPvf (at "sys/external/libpvf.suprx") loaded
[17:14:53.081] |C| [load_self]: Unknown segment type 0x6FFFFF01
[17:14:53.081] |I| [load_self]: Loaded module segment 0 @ [0x81000000 - 0x81556374 / 0x81000000] (size: 0x00556374) of module app0:eboot.bin
[17:14:53.082] |I| [load_self]: Loaded module segment 1 @ [0x81557000 - 0x8163B790 / 0x81557000] (size: 0x000E4790) of module app0:eboot.bin
[17:14:53.083] |I| [load_self]: Loading symbols for SELF: app0:eboot.bin
[17:14:53.083] |D| [load_var_exports]: 	NID 0x6C2224BA (NID_MODULE_INFO) at 0x813D154C
[17:14:53.083] |D| [load_var_exports]: 	NID 0x70FBA1E7 (SCE_PROC_PARAMS) at 0x81562010
[17:14:53.084] |I| [load_app_impl]: Main executable VK3Vita (eboot.bin) loaded
[17:14:53.087] |D| [run_app]: Running module_start of library: SceLibc at address 0x4809
[17:14:53.090] |I| [run_app]: Module SceLibc (at "app0:sce_module/libc.suprx") module_start returned 0x0
[17:14:53.091] |D| [run_app]: Running module_start of library: SceLibFios2 at address 0x57001
[17:14:53.092] |W| [stubbed_impl]: Stubbed sceKernelGetProcessId import called. (pid: 0)
[17:14:53.093] |W| [unimplemented_impl]: Unimplemented sceFiosOverlayGetList02 import called.
[17:14:53.093] |I| [run_app]: Module SceLibFios2 (at "app0:sce_module/libfios2.suprx") module_start returned 0x0
[17:14:53.094] |D| [run_app]: Running module_start of library: SceUlt at address 0x895ED
[17:14:53.096] |W| [unimplemented_impl]: Unimplemented _sceUlobjMgrRegisterLibultProtocolRevision import called.
[17:14:53.096] |I| [run_app]: Module SceUlt (at "app0:sce_module/libult.suprx") module_start returned 0x0
[17:14:53.097] |W| [unimplemented_impl]: Unimplemented sceKernelRegisterThreadEventHandler import called.
[17:14:53.191] |W| [unimplemented_impl]: Unimplemented sceLocationInit import called.
[17:14:53.271] |W| [stubbed_impl]: Stubbed sceGxmMapMemory import called. (always return success)
[17:14:53.274] |W| [stubbed_impl]: Stubbed sceGxmMapFragmentUsseMemory import called. (always return success)
[17:14:53.292] |W| [stubbed_impl]: Stubbed sceGxmGetRenderTargetMemSize import called. (2MB host mem)
[17:14:53.313] |W| [stubbed_impl]: Stubbed sceGxmMapVertexUsseMemory import called. (always return success)
[17:14:53.333] |E| [logging::ret_error_impl]: sceKernelWaitLwCond returned SCE_KERNEL_ERROR_WAIT_TIMEOUT (0x80028005)
[17:14:53.384] |E| [init_texture_base]: Initialized texture with unsupported texture format: 0xC005000
[17:14:53.395] |W| [unimplemented_impl]: Unimplemented sceKernelChangeThreadVfpException import called.
[17:14:53.395] |W| [unimplemented_impl]: Unimplemented sceFiosOverlayThreadSetDisabled02 import called.
[17:14:53.402] |W| [unimplemented_impl]: Unimplemented sceCommonDialogUpdate import called.
