[00:23:00.268] |I| [load_app_impl]: ngs experimental state: true
[00:23:00.269] |I| [load_app_impl]: video player state: true
[00:23:00.269] |I| [load_app_impl]: lle-modules: libpgf,libSceJson,libsystemgesture,libsas,libSceXml,libatrac
[00:23:00.269] |I| [load_app_impl]: Title: Dungeon Travelers 2: The Royal Library & the Monster Seal
[00:23:00.269] |I| [load_app_impl]: Serial: PCSB00813
[00:23:00.269] |I| [load_app_impl]: Version: 1.00
[00:23:00.269] |I| [load_app_impl]: Category: gd
[00:23:00.340] |C| [load_self]: Unknown segment type 0x6FFFFF01
[00:23:00.340] |I| [load_self]: Loaded module segment 0 @ [0x00004000 - 0x00055814 / 0x81000000] (size: 0x00051814) of module app0:sce_module/libc.suprx
[00:23:00.340] |I| [load_self]: Loaded module segment 1 @ [0x00056000 - 0x000588A0 / 0x81052000] (size: 0x000028A0) of module app0:sce_module/libc.suprx
[00:23:00.340] |I| [load_self]: Loading symbols for SELF: app0:sce_module/libc.suprx
[00:23:00.341] |D| [load_var_exports]: 	NID 0x936C8A78 (SYSLYB) at 0x4B284
[00:23:00.341] |D| [load_var_exports]: 	NID 0x6C2224BA (NID_MODULE_INFO) at 0x4044C
[00:23:00.341] |W| [load_var_imports]: 	NID NOT FOUND 0x93B8AA67 (UNRECOGNISED) at 0x445AC, setting to stub value 0xDEADBEEF
[00:23:00.342] |W| [load_var_imports]: 	NID NOT FOUND 0xDF084DFA (UNRECOGNISED) at 0x46140, setting to stub value 0xDEADBEEF
[00:23:00.343] |I| [pre_load_module]: Pre-load module SceLibc (at "sce_module/libc.suprx") loaded
[00:23:00.350] |C| [load_self]: Unknown segment type 0x6FFFFF01
[00:23:00.351] |I| [load_self]: Loaded module segment 0 @ [0x0005B000 - 0x00074000 / 0x81000000] (size: 0x00019000) of module app0:sce_module/libface.suprx
[00:23:00.352] |I| [load_self]: Loaded module segment 1 @ [0x00074000 - 0x000740F8 / 0x81019000] (size: 0x000000F8) of module app0:sce_module/libface.suprx
[00:23:00.353] |I| [load_self]: Loading symbols for SELF: app0:sce_module/libface.suprx
[00:23:00.353] |D| [load_var_exports]: 	NID 0x6C2224BA (NID_MODULE_INFO) at 0x70DA4
[00:23:00.353] |D| [load_var_exports]: 	NID 0x936C8A78 (SYSLYB) at 0x73784
[00:23:00.354] |I| [pre_load_module]: Pre-load module SceFace (at "sce_module/libface.suprx") loaded
[00:23:00.360] |C| [load_self]: Unknown segment type 0x6FFFFF01
[00:23:00.360] |I| [load_self]: Loaded module segment 0 @ [0x00075000 - 0x000A1CBF / 0x81000000] (size: 0x0002CCBF) of module app0:sce_module/libfios2.suprx
[00:23:00.361] |I| [load_self]: Loaded module segment 1 @ [0x000A2000 - 0x000A7255 / 0x8102D000] (size: 0x00005255) of module app0:sce_module/libfios2.suprx
[00:23:00.361] |I| [load_self]: Loading symbols for SELF: app0:sce_module/libfios2.suprx
[00:23:00.362] |D| [load_var_exports]: 	NID 0x936C8A78 (SYSLYB) at 0xA1BC8
[00:23:00.365] |D| [load_var_exports]: 	NID 0x6C2224BA (NID_MODULE_INFO) at 0x98F08
[00:23:00.366] |I| [pre_load_module]: Pre-load module SceLibFios2 (at "sce_module/libfios2.suprx") loaded
[00:23:00.415] |C| [load_self]: Unknown segment type 0x6FFFFF01
[00:23:00.415] |I| [load_self]: Loaded module segment 0 @ [0x000A8000 - 0x002B5AF4 / 0x81000000] (size: 0x0020DAF4) of module app0:sce_module/libsmart.suprx
[00:23:00.416] |I| [load_self]: Loaded module segment 1 @ [0x002B6000 - 0x002B9444 / 0x8120E000] (size: 0x00003444) of module app0:sce_module/libsmart.suprx
[00:23:00.417] |I| [load_self]: Loading symbols for SELF: app0:sce_module/libsmart.suprx
[00:23:00.417] |D| [load_var_exports]: 	NID 0x6C2224BA (NID_MODULE_INFO) at 0x153528
[00:23:00.418] |D| [load_var_exports]: 	NID 0x936C8A78 (SYSLYB) at 0x15A90C
[00:23:00.418] |I| [pre_load_module]: Pre-load module SceSmart (at "sce_module/libsmart.suprx") loaded
[00:23:00.422] |C| [load_self]: Unknown segment type 0x6FFFFF01
[00:23:00.422] |I| [load_self]: Loaded module segment 0 @ [0x002BA000 - 0x002CD9A4 / 0x81000000] (size: 0x000139A4) of module app0:sce_module/libult.suprx
[00:23:00.423] |I| [load_self]: Loaded module segment 1 @ [0x002CE000 - 0x002CE814 / 0x81014000] (size: 0x00000814) of module app0:sce_module/libult.suprx
[00:23:00.426] |I| [load_self]: Loading symbols for SELF: app0:sce_module/libult.suprx
[00:23:00.426] |D| [load_var_exports]: 	NID 0x936C8A78 (SYSLYB) at 0x2CC2D0
[00:23:00.427] |D| [load_var_exports]: 	NID 0x6C2224BA (NID_MODULE_INFO) at 0x2C9858
[00:23:00.427] |I| [pre_load_module]: Pre-load module SceUlt (at "sce_module/libult.suprx") loaded
[00:23:00.434] |I| [load_self]: Loaded module segment 0 @ [0x002CF000 - 0x0031FF04 / 0x81000000] (size: 0x00050F04) of module vs0:sys/external/libSceFt2.suprx
[00:23:00.435] |I| [load_self]: Loaded module segment 1 @ [0x00320000 - 0x003202F4 / 0x81051000] (size: 0x000002F4) of module vs0:sys/external/libSceFt2.suprx
[00:23:00.436] |I| [load_self]: Loading symbols for SELF: vs0:sys/external/libSceFt2.suprx
[00:23:00.436] |D| [load_var_exports]: 	NID 0x936C8A78 (SYSLYB) at 0x30B7DC
[00:23:00.437] |D| [load_var_exports]: 	NID 0x6C2224BA (NID_MODULE_INFO) at 0x30AF10
[00:23:00.437] |I| [pre_load_module]: Pre-load module SceLibft2 (at "sys/external/libSceFt2.suprx") loaded
[00:23:00.439] |I| [load_self]: Loaded module segment 0 @ [0x00321000 - 0x00330F14 / 0x81000000] (size: 0x0000FF14) of module vs0:sys/external/libpvf.suprx
[00:23:00.441] |I| [load_self]: Loaded module segment 1 @ [0x00331000 - 0x00331008 / 0x81010000] (size: 0x00000008) of module vs0:sys/external/libpvf.suprx
[00:23:00.441] |I| [load_self]: Loading symbols for SELF: vs0:sys/external/libpvf.suprx
[00:23:00.442] |D| [load_var_exports]: 	NID 0x936C8A78 (SYSLYB) at 0x32F710
[00:23:00.442] |D| [load_var_exports]: 	NID 0x6C2224BA (NID_MODULE_INFO) at 0x32F300
[00:23:00.443] |I| [pre_load_module]: Pre-load module SceLibPvf (at "sys/external/libpvf.suprx") loaded
[00:23:00.528] |C| [load_self]: Unknown segment type 0x6FFFFF01
[00:23:00.529] |I| [load_self]: Loaded module segment 0 @ [0x00332000 - 0x00594853 / 0x81000000] (size: 0x00262853) of module app0:eboot.bin
[00:23:00.529] |I| [load_self]: Loaded module segment 1 @ [0x00595000 - 0x0070A3D0 / 0x81263000] (size: 0x001753D0) of module app0:eboot.bin
[00:23:00.530] |I| [load_self]: Loading symbols for SELF: app0:eboot.bin
[00:23:00.531] |D| [load_var_exports]: 	NID 0x6C2224BA (NID_MODULE_INFO) at 0x50E114
[00:23:00.531] |D| [load_var_exports]: 	NID 0x70FBA1E7 (SCE_PROC_PARAMS) at 0x598F74
[00:23:00.532] |D| [load_var_exports]: 	NID 0x936C8A78 (SYSLYB) at 0x57FF64
[00:23:00.532] |I| [load_app_impl]: Main executable VitaMain (eboot.bin) loaded
[00:23:00.535] |D| [run_app]: Running module_start of library: SceLibc at address 0x4871
[00:23:00.590] |I| [run_app]: Module SceLibc (at "app0:sce_module/libc.suprx") module_start returned 0x0
[00:23:00.591] |D| [run_app]: Running module_start of library: SceFace at address 0x70265
[00:23:00.593] |I| [run_app]: Module SceFace (at "app0:sce_module/libface.suprx") module_start returned 0x0
[00:23:00.593] |D| [run_app]: Running module_start of library: SceLibFios2 at address 0x75001
[00:23:00.595] |W| [stubbed_impl]: Stubbed sceKernelGetProcessId import called. (pid: 0)
[00:23:00.595] |W| [unimplemented_impl]: Unimplemented sceFiosOverlayGetList02 import called.
[00:23:00.596] |I| [run_app]: Module SceLibFios2 (at "app0:sce_module/libfios2.suprx") module_start returned 0x0
[00:23:00.597] |D| [run_app]: Running module_start of library: SceSmart at address 0xA818D
[00:23:00.599] |I| [run_app]: Module SceSmart (at "app0:sce_module/libsmart.suprx") module_start returned 0x0
[00:23:00.600] |D| [run_app]: Running module_start of library: SceUlt at address 0x2BD769
[00:23:00.602] |W| [unimplemented_impl]: Unimplemented _sceUlobjMgrRegisterLibultProtocolRevision import called.
[00:23:00.602] |I| [run_app]: Module SceUlt (at "app0:sce_module/libult.suprx") module_start returned 0x0
[00:23:00.607] |I| [load_module]: Loading module ID: 0x30
[00:23:00.607] |C| [load_self]: Unknown segment type 0x6FFFFF01
[00:23:00.607] |I| [load_self]: Loaded module segment 0 @ [0x0E354000 - 0x0E35755C / 0x81000000] (size: 0x0000355C) of module sys/external/libatrac.suprx
[00:23:00.608] |I| [load_self]: Loaded module segment 1 @ [0x0E358000 - 0x0E359038 / 0x81004000] 