[17:05:43.370] |I| [load_app_impl]: ngs experimental state: true
[17:05:43.371] |I| [load_app_impl]: video player state: true
[17:05:43.371] |I| [load_app_impl]: auto-lle: enabled
[17:05:43.371] |I| [load_app_impl]: Title: Zero Escape: Zero Time Dilemma
[17:05:43.371] |I| [load_app_impl]: Serial: PCSB00942
[17:05:43.371] |I| [load_app_impl]: Version: 1.01
[17:05:43.371] |I| [load_app_impl]: Category: gp
[17:05:43.416] |C| [load_self]: Unknown segment type 0x6FFFFF01
[17:05:43.416] |I| [load_self]: Loaded module segment 0 @ [0x00004000 - 0x000558A4 / 0x81000000] (size: 0x000518A4) of module app0:sce_module/libc.suprx
[17:05:43.416] |I| [load_self]: Loaded module segment 1 @ [0x00056000 - 0x000588A0 / 0x81052000] (size: 0x000028A0) of module app0:sce_module/libc.suprx
[17:05:43.416] |I| [load_self]: Loading symbols for SELF: app0:sce_module/libc.suprx
[17:05:43.417] |D| [load_var_exports]: 	NID 0x936C8A78 (SYSLYB) at 0x4B314
[17:05:43.417] |D| [load_var_exports]: 	NID 0x6C2224BA (NID_MODULE_INFO) at 0x404DC
[17:05:43.417] |W| [load_var_imports]: 	NID NOT FOUND 0x93B8AA67 (UNRECOGNISED) at 0x4463C, setting to stub value 0xDEADBEEF
[17:05:43.418] |W| [load_var_imports]: 	NID NOT FOUND 0xDF084DFA (UNRECOGNISED) at 0x461D0, setting to stub value 0xDEADBEEF
[17:05:43.420] |I| [pre_load_module]: Pre-load module SceLibc (at "sce_module/libc.suprx") loaded
[17:05:43.430] |C| [load_self]: Unknown segment type 0x6FFFFF01
[17:05:43.430] |I| [load_self]: Loaded module segment 0 @ [0x0005B000 - 0x00074000 / 0x81000000] (size: 0x00019000) of module app0:sce_module/libface.suprx
[17:05:43.431] |I| [load_self]: Loaded module segment 1 @ [0x00074000 - 0x000740F8 / 0x81019000] (size: 0x000000F8) of module app0:sce_module/libface.suprx
[17:05:43.431] |I| [load_self]: Loading symbols for SELF: app0:sce_module/libface.suprx
[17:05:43.432] |D| [load_var_exports]: 	NID 0x6C2224BA (NID_MODULE_INFO) at 0x70DA4
[17:05:43.432] |D| [load_var_exports]: 	NID 0x936C8A78 (SYSLYB) at 0x73784
[17:05:43.433] |I| [pre_load_module]: Pre-load module SceFace (at "sce_module/libface.suprx") loaded
[17:05:43.441] |C| [load_self]: Unknown segment type 0x6FFFFF01
[17:05:43.441] |I| [load_self]: Loaded module segment 0 @ [0x00075000 - 0x000A1CBF / 0x81000000] (size: 0x0002CCBF) of module app0:sce_module/libfios2.suprx
[17:05:43.442] |I| [load_self]: Loaded module segment 1 @ [0x000A2000 - 0x000A7255 / 0x8102D000] (size: 0x00005255) of module app0:sce_module/libfios2.suprx
[17:05:43.443] |I| [load_self]: Loading symbols for SELF: app0:sce_module/libfios2.suprx
[17:05:43.443] |D| [load_var_exports]: 	NID 0x936C8A78 (SYSLYB) at 0xA1BC8
[17:05:43.444] |D| [load_var_exports]: 	NID 0x6C2224BA (NID_MODULE_INFO) at 0x98F08
[17:05:43.444] |I| [pre_load_module]: Pre-load module SceLibFios2 (at "sce_module/libfios2.suprx") loaded
[17:05:43.498] |C| [load_self]: Unknown segment type 0x6FFFFF01
[17:05:43.498] |I| [load_self]: Loaded module segment 0 @ [0x000A8000 - 0x002B5AF4 / 0x81000000] (size: 0x0020DAF4) of module app0:sce_module/libsmart.suprx
[17:05:43.499] |I| [load_self]: Loaded module segment 1 @ [0x002B6000 - 0x002B9444 / 0x8120E000] (size: 0x00003444) of module app0:sce_module/libsmart.suprx
[17:05:43.500] |I| [load_self]: Loading symbols for SELF: app0:sce_module/libsmart.suprx
[17:05:43.501] |D| [load_var_exports]: 	NID 0x6C2224BA (NID_MODULE_INFO) at 0x153528
[17:05:43.501] |D| [load_var_exports]: 	NID 0x936C8A78 (SYSLYB) at 0x15A90C
[17:05:43.502] |I| [pre_load_module]: Pre-load module SceSmart (at "sce_module/libsmart.suprx") loaded
[17:05:43.514] |C| [load_self]: Unknown segment type 0x6FFFFF01
[17:05:43.514] |I| [load_self]: Loaded module segment 0 @ [0x002BA000 - 0x002CD9BC / 0x81000000] (size: 0x000139BC) of module app0:sce_module/libult.suprx
[17:05:43.515] |I| [load_self]: Loaded module segment 1 @ [0x002CE000 - 0x002CE814 / 0x81014000] (size: 0x00000814) of module app0:sce_module/libult.suprx
[17:05:43.515] |I| [load_self]: Loading symbols for SELF: app0:sce_module/libult.suprx
[17:05:43.516] |D| [load_var_exports]: 	NID 0x936C8A78 (SYSLYB) at 0x2CC2E8
[17:05:43.517] |D| [load_var_exports]: 	NID 0x6C2224BA (NID_MODULE_INFO) at 0x2C9870
[17:05:43.517] |I| [pre_load_module]: Pre-load module SceUlt (at "sce_module/libult.suprx") loaded
[17:05:43.523] |I| [load_self]: Loaded module segment 0 @ [0x002CF000 - 0x0031FF04 / 0x81000000] (size: 0x00050F04) of module vs0:sys/external/libSceFt2.suprx
[17:05:43.524] |I| [load_self]: Loaded module segment 1 @ [0x00320000 - 0x003202F4 / 0x81051000] (size: 0x000002F4) of module vs0:sys/external/libSceFt2.suprx
[17:05:43.525] |I| [load_self]: Loading symbols for SELF: vs0:sys/external/libSceFt2.suprx
[17:05:43.525] |D| [load_var_exports]: 	NID 0x936C8A78 (SYSLYB) at 0x30B7DC
[17:05:43.526] |D| [load_var_exports]: 	NID 0x6C2224BA (NID_MODULE_INFO) at 0x30AF10
[17:05:43.526] |I| [pre_load_module]: Pre-load module SceLibft2 (at "sys/external/libSceFt2.suprx") loaded
[17:05:43.530] |I| [load_self]: Loaded module segment 0 @ [0x00321000 - 0x00330F14 / 0x81000000] (size: 0x0000FF14) of module vs0:sys/external/libpvf.suprx
[17:05:43.530] |I| [load_self]: Loaded module segment 1 @ [0x00331000 - 0x00331008 / 0x81010000] (size: 0x00000008) of module vs0:sys/external/libpvf.suprx
[17:05:43.531] |I| [load_self]: Loading symbols for SELF: vs0:sys/external/libpvf.suprx
[17:05:43.532] |D| [load_var_exports]: 	NID 0x936C8A78 (SYSLYB) at 0x32F710
[17:05:43.532] |D| [load_var_exports]: 	NID 0x6C2224BA (NID_MODULE_INFO) at 0x32F300
[17:05:43.533] |I| [pre_load_module]: Pre-load module SceLibPvf (at "sys/external/libpvf.suprx") loaded
[17:05:43.618] |C| [load_self]: Unknown segment type 0x6FFFFF01
[17:05:43.619] |I| [load_self]: Loaded module segment 0 @ [0x00332000 - 0x006E1DC4 / 0x81000000] (size: 0x003AFDC4) of module app0:eboot.bin
[17:05:43.620] |I| [load_self]: Loaded module segment 1 @ [0x006E2000 - 0x0079B990 / 0x813B0000] (size: 0x000B9990) of module app0:eboot.bin
[17:05:43.621] |I| [load_self]: Loading symbols for SELF: app0:eboot.bin
[17:05:43.621] |D| [load_var_exports]: 	NID 0x6C2224BA (NID_MODULE_INFO) at 0x664BFC
[17:05:43.622] |D| [load_var_exports]: 	NID 0x70FBA1E7 (SCE_PROC_PARAMS) at 0x6E5D1C
[17:05:43.622] |D| [load_var_exports]: 	NID 0x936C8A78 (SYSLYB) at 0x6B9B58
[17:05:43.622] |I| [load_app_impl]: Main executable vita_game (eboot.bin) loaded
[17:05:43.625] |D| [run_app]: Running module_start of library: SceLibc at address 0x4871
[17:05:43.647] |I| [run_app]: Module SceLibc (at "app0:sce_module/libc.suprx") module_start returned 0x0
[17:05:43.648] |D| [run_app]: Running module_start of library: SceFace at address 0x70265
[17:05:43.650] |I| [run_app]: Module SceFace (at "app0:sce_module/libface.suprx") module_start returned 0x0
[17:05:43.650] |D| [run_app]: Running module_start of library: SceLibFios2 at address 0x75001
[17:05:43.653] |W| [stubbed_impl]: Stubbed sceKernelGetProcessId import called. (pid: 0)
[17:05:43.653] |W| [unimplemented_impl]: Unimplemented sceFiosOverlayGetList02 import called.
[17:05:43.654] |I| [run_app]: Module SceLibFios2 (at "app0:sce_module/libfios2.suprx") module_start returned 0x0
[17:05:43.654] |D| [run_app]: Running module_start of library: SceSmart at address 0xA818D
[17:05:43.657] |I| [run_app]: Module SceSmart (at "app0:sce_module/libsmart.suprx") module_start returned 0x0
[17:05:43.657] |D| [run_app]: Running module_start of library: SceUlt at address 0x2BD771
[17:05:43.659] |W| [unimplemented_impl]: Unimplemented _sceUlobjMgrRegisterLibultProtocolRevision import called.
[17:05:43.659] |I| [run_app]: Module SceUlt (at "app0:sce_module/libult.suprx") module_start returned 0x0
[17:05:43.661] |W| [unimplemented_impl]: Unimplemented sceKernelRegisterThreadEventHandler import called.
[17:05:43.686] |E| [call_import]: Import function for NID 0xD7F0F610 not found (thread name: PCSB00942, thread ID: 8)
[17:05:43.712] |W| [stubbed_impl]: Stubbed sceGxmMapMemory import called. (always return success)
[17:05:43.723] |W| [stubbed_impl]: Stubbed sceGxmMapVertexUsseMemory import called. (always return success)
[17:05:43.724] |W| [stubbed_impl]: Stubbed sceGxmMapFragmentUsseMemory import called. (always return success)
[17:05:43.763] |W| [unimplemented_impl]: Unimplemented sceAppUtilInit import called.
[17:05:43.812] |W| [stubbed_impl]: Stubbed sceDisplayWaitSetFrameBuf import called. (move after setframebuf)
[17:05:43.834] |E| [logging::ret_error_impl]: sceGxmColorSurfaceInit returned SCE_GXM_ERROR_INVALID_POINTER (0x805B0004)
