[07:10:46.127] |I| [load_app_impl]: ngs experimental state: true
[07:10:46.127] |I| [load_app_impl]: video player state: true
[07:10:46.127] |I| [load_app_impl]: auto-lle: enabled
[07:10:46.127] |I| [load_app_impl]: Title: AQUA KITTY - Milk Mine Defender DX
[07:10:46.127] |I| [load_app_impl]: Serial: PCSB00661
[07:10:46.127] |I| [load_app_impl]: Version: 1.00
[07:10:46.127] |I| [load_app_impl]: Category: gd
[07:10:46.202] |C| [load_self]: Unknown segment type 0x6FFFFF01
[07:10:46.202] |I| [load_self]: Loaded module segment 0 @ [0x00004000 - 0x00053BD4 / 0x81000000] (size: 0x0004FBD4) of module app0:sce_module/libc.suprx
[07:10:46.202] |I| [load_self]: Loaded module segment 1 @ [0x00054000 - 0x00056688 / 0x81050000] (size: 0x00002688) of module app0:sce_module/libc.suprx
[07:10:46.202] |I| [load_self]: Loading symbols for SELF: app0:sce_module/libc.suprx
[07:10:46.203] |D| [load_var_exports]: 	NID 0x936C8A78 (SYSLYB) at 0x496C4
[07:10:46.203] |D| [load_var_exports]: 	NID 0x6C2224BA (NID_MODULE_INFO) at 0x3F488
[07:10:46.203] |W| [load_var_imports]: 	NID NOT FOUND 0x93B8AA67 (UNRECOGNISED) at 0x434A8, setting to stub value 0xDEADBEEF
[07:10:46.203] |W| [load_var_imports]: 	NID NOT FOUND 0xDF084DFA (UNRECOGNISED) at 0x4502C, setting to stub value 0xDEADBEEF
[07:10:46.203] |I| [pre_load_module]: Pre-load module SceLibc (at "sce_module/libc.suprx") loaded
[07:10:46.210] |C| [load_self]: Unknown segment type 0x6FFFFF01
[07:10:46.210] |I| [load_self]: Loaded module segment 0 @ [0x00059000 - 0x00083AA8 / 0x81000000] (size: 0x0002AAA8) of module app0:sce_module/libfios2.suprx
[07:10:46.210] |I| [load_self]: Loaded module segment 1 @ [0x00084000 - 0x0008923D / 0x8102B000] (size: 0x0000523D) of module app0:sce_module/libfios2.suprx
[07:10:46.211] |I| [load_self]: Loading symbols for SELF: app0:sce_module/libfios2.suprx
[07:10:46.211] |D| [load_var_exports]: 	NID 0x936C8A78 (SYSLYB) at 0x839B0
[07:10:46.211] |D| [load_var_exports]: 	NID 0x6C2224BA (NID_MODULE_INFO) at 0x7B138
[07:10:46.211] |I| [pre_load_module]: Pre-load module SceLibFios2 (at "sce_module/libfios2.suprx") loaded
[07:10:46.220] |C| [load_self]: Unknown segment type 0x6FFFFF01
[07:10:46.220] |I| [load_self]: Loaded module segment 0 @ [0x0008A000 - 0x0009D9C4 / 0x81000000] (size: 0x000139C4) of module app0:sce_module/libult.suprx
[07:10:46.221] |I| [load_self]: Loaded module segment 1 @ [0x0009E000 - 0x0009E814 / 0x81014000] (size: 0x00000814) of module app0:sce_module/libult.suprx
[07:10:46.221] |I| [load_self]: Loading symbols for SELF: app0:sce_module/libult.suprx
[07:10:46.221] |D| [load_var_exports]: 	NID 0x936C8A78 (SYSLYB) at 0x9C2F0
[07:10:46.221] |D| [load_var_exports]: 	NID 0x6C2224BA (NID_MODULE_INFO) at 0x99874
[07:10:46.221] |I| [pre_load_module]: Pre-load module SceUlt (at "sce_module/libult.suprx") loaded
[07:10:46.227] |I| [load_self]: Loaded module segment 0 @ [0x0009F000 - 0x000EFF04 / 0x81000000] (size: 0x00050F04) of module vs0:sys/external/libSceFt2.suprx
[07:10:46.227] |I| [load_self]: Loaded module segment 1 @ [0x000F0000 - 0x000F02F4 / 0x81051000] (size: 0x000002F4) of module vs0:sys/external/libSceFt2.suprx
[07:10:46.227] |I| [load_self]: Loading symbols for SELF: vs0:sys/external/libSceFt2.suprx
[07:10:46.227] |D| [load_var_exports]: 	NID 0x936C8A78 (SYSLYB) at 0xDB7DC
[07:10:46.228] |D| [load_var_exports]: 	NID 0x6C2224BA (NID_MODULE_INFO) at 0xDAF10
[07:10:46.228] |I| [pre_load_module]: Pre-load module SceLibft2 (at "sys/external/libSceFt2.suprx") loaded
[07:10:46.229] |I| [load_self]: Loaded module segment 0 @ [0x000F1000 - 0x00100F14 / 0x81000000] (size: 0x0000FF14) of module vs0:sys/external/libpvf.suprx
[07:10:46.229] |I| [load_self]: Loaded module segment 1 @ [0x00101000 - 0x00101008 / 0x81010000] (size: 0x00000008) of module vs0:sys/external/libpvf.suprx
[07:10:46.229] |I| [load_self]: Loading symbols for SELF: vs0:sys/external/libpvf.suprx
[07:10:46.229] |D| [load_var_exports]: 	NID 0x936C8A78 (SYSLYB) at 0xFF710
[07:10:46.229] |D| [load_var_exports]: 	NID 0x6C2224BA (NID_MODULE_INFO) at 0xFF300
[07:10:46.230] |I| [pre_load_module]: Pre-load module SceLibPvf (at "sys/external/libpvf.suprx") loaded
[07:10:46.278] |C| [load_self]: Unknown segment type 0x6FFFFF01
[07:10:46.279] |I| [load_self]: Loaded module segment 0 @ [0x00102000 - 0x0015CDDC / 0x81000000] (size: 0x0005ADDC) of module app0:eboot.bin
[07:10:46.279] |I| [load_self]: Loaded module segment 1 @ [0x0015D000 - 0x0018483C / 0x8105B000] (size: 0x0002783C) of module app0:eboot.bin
[07:10:46.279] |I| [load_self]: Loading symbols for SELF: app0:eboot.bin
[07:10:46.279] |D| [load_var_exports]: 	NID 0x6C2224BA (NID_MODULE_INFO) at 0x14D814
[07:10:46.279] |D| [load_var_exports]: 	NID 0x70FBA1E7 (SCE_PROC_PARAMS) at 0x15E534
[07:10:46.279] |D| [load_var_exports]: 	NID 0x936C8A78 (SYSLYB) at 0x159D14
[07:10:46.279] |I| [load_app_impl]: Main executable Kitty (eboot.bin) loaded
[07:10:46.281] |D| [run_app]: Running module_start of library: SceLibc at address 0x4805
[07:10:46.314] |I| [run_app]: Module SceLibc (at "app0:sce_module/libc.suprx") module_start returned 0x0
[07:10:46.314] |D| [run_app]: Running module_start of library: SceLibFios2 at address 0x59001
[07:10:46.316] |W| [stubbed_impl]: Stubbed sceKernelGetProcessId import called. (pid: 0)
[07:10:46.316] |W| [unimplemented_impl]: Unimplemented sceFiosOverlayGetList02 import called.
[07:10:46.317] |I| [run_app]: Module SceLibFios2 (at "app0:sce_module/libfios2.suprx") module_start returned 0x0
[07:10:46.317] |D| [run_app]: Running module_start of library: SceUlt at address 0x8D771
[07:10:46.319] |W| [unimplemented_impl]: Unimplemented _sceUlobjMgrRegisterLibultProtocolRevision import called.
[07:10:46.319] |I| [run_app]: Module SceUlt (at "app0:sce_module/libult.suprx") module_start returned 0x0
[07:10:46.340] |W| [stubbed_impl]: Stubbed sceGxmMapMemory import called. (always return success)
[07:10:46.341] |W| [stubbed_impl]: Stubbed sceGxmMapFragmentUsseMemory import called. (always return success)
[07:10:46.356] |W| [stubbed_impl]: Stubbed sceGxmMapVertexUsseMemory import called. (always return success)
[07:10:46.356] |I| [export_sceIoOpen]: Opening file: app0:clear_v.gxp
[07:10:46.357] |E| [call_import]: Import function for NID 0xE340C006 not found (thread name: PCSB00661, thread ID: 6)
[07:10:46.359] |I| [export_sceIoOpen]: Opening file: app0:clear_f.gxp
[07:10:46.361] |I| [export_sceIoOpen]: Opening file: app0:textured_v.gxp
[07:10:46.362] |I| [export_sceIoOpen]: Opening file: app0:textured_f.gxp
[07:10:46.364] |I| [export_sceIoOpen]: Opening file: app0:shockwave_v.gxp
[07:10:46.364] |I| [export_sceIoOpen]: Opening file: app0:shockwave_f.gxp
[07:10:46.452] |I| [load_module]: Loading module ID: 0x4
[07:10:46.455] |C| [load_self]: Unknown segment type 0x6FFFFF01
[07:10:46.456] |I| [load_self]: Loaded module segment 0 @ [0x092BE000 - 0x092DB150 / 0x81000000] (size: 0x0001D150) of module sys/external/libhttp.suprx
[07:10:46.456] |I| [load_self]: Loaded module segment 1 @ [0x092DC000 - 0x092DC640 / 0x8101E000] (size: 0x00000640) of module sys/external/libhttp.suprx
[07:10:46.456] |I| [load_self]: Loading symbols for SELF: sys/external/libhttp.suprx
[07:10:46.456] |D| [load_var_exports]: 	NID 0x936C8A78 (SYSLYB) at 0x92D9E68
[07:10:46.456] |D| [load_var_exports]: 	NID 0x6C2224BA (NID_MODULE_INFO) at 0x92D6CA0
[07:10:46.456] |I| [load_module]: Module SceLibHttp (at "sys/external/libhttp.suprx") loaded
[07:10:46.456] |D| [load_module]: Running module_start of module: SceLibHttp
[07:10:46.458] |I| [load_module]: Module SceLibHttp (at "sys/external/libhttp.suprx") module_start returned 0x0
[07:10:46.467] |I| [load_self]: Loaded module segment 0 @ [0x092DF000 - 0x09345EA4 / 0x81000000] (size: 0x00066EA4) of module sys/external/libssl.suprx
[07:10:46.467] |I| [load_self]: Loaded module segment 1 @ [0x09346000 - 0x0934AFA8 / 0x81067000] (size: 0x00004FA8) of module sys/external/libssl.suprx
[07:10:46.467] |I| [load_self]: Loading symbols for SELF: sys/external/libssl.suprx
[07:10:46.467] |D| [load_var_exports]: 	NID 0x936C8A78 (SYSLYB) at 0x93319E0
[07:10:46.467] |D| [load_var_exports]: 	NID 0x6C2224BA (NID_MODULE_INFO) at 0x932BCA0
[07:10:46.467] |I| [load_module]: Module SceLibSsl (at "sys/external/libssl.suprx") loaded
[07:10:46.468] |W| [unimplemented_impl]: Unimplemented sceNetCtlInit import called.
[07:10:46.469] |E| [call_import]: Import function for NID 0x9F793F84 not found (thread name: PCSB00661, thread ID: 6)
[07:10:46.469] |W| [unimplemented_impl]: Unimplemented sceNpScoreInit import called.
[07:10:46.470] |W| [unimplemented_impl]: Unimplemented sceNpTusInit import called.
[07:10:46.470] |W| [unimplemented_impl]: Unimplemented sceAppUtilInit import called.
[07:10:46.470] |W| [stubbed_impl]: Stubbed sceAudiodecInitLibrary import called. (EMPTY)
[07:10:46.475] |W| [unimplemented_impl]: Unimplemented sceAudioOutGetAdopt import called.
[07:10:46.476] |W| [unimplemented_impl]: Unimplemented sceNetCheckDialogInit import called.
[07:10:46.476] |W| [stubbed_impl]: Stubbed __sceAppMgrGetAppState import called. (Set to 0.)
[07:10:46.476] |W| [stubbed_impl]: Stubbed sceNetCheckDialogGetStatus import called. (SCE_COMMON_DIALOG_STATUS_FINISHED)
[07:10:46.476] |W| [unimplemented_impl]: Unimplemented sceNetCheckDialogGetResult import called.
[07:10:46.476] |W| [unimplemented_impl]: Unimplemented sceNetCheckDialogTerm import called.
[07:10:46.476] |W| [unimplemented_impl]: Unimplemented sceCommonDialogUpdate import called.
[07:10:46.503] |W| [stubbed_impl]: Stubbed sceDisplayWaitVblankStart import called. (wait for vblank)
[07:10:46.504] |I| [renderer::gl::load_shader_generic]: Generating frag shader 7d364284d0ec546b193c5e0f04bc1cd23c39bead7c6dd6193b749d2f7ae26d73
[07:10:46.505] |D| [shader::create_fragment_inputs]: Iterator: pa0 = (float4) v_Color0
[07:10:46.506] |D| [shader::spirv_disasm_print]: SPIR-V Disassembly:
// Module Version 10500
// Generated by (magic number): 1337000
// Id's are bound by 148

                              Capability Shader
                              Capability Float16
              63:             ExtInstImport  "GLSL.std.450"
              93:             ExtInstImport  "GLSL.std.450"
             133:             ExtInstImport  "GLSL.std.450"
                              MemoryModel Logical GLSL450
                              EntryPoint Fragment 4  "main_fs" 39 42 43 75
                              ExecutionMode 4 OriginLowerLeft
               1:             String  "7d364284d0ec546b193c5e0f04bc1cd23c39bead7c6dd6193b749d2f7ae26d73"
                              SourceExtension  "gxp"
                              Name 4  "main_fs"
                              Name 21  "pa"
                              Name 22  "sa"
                              Name 24  "internals"
                              Name 26  "r"
                              Name 28  "p"
                              Name 30  "idx"
                              Name 31  "outs"
                              Name 33  "i"
                              Name 37  "memory"
                              Name 39  "v_Color0"
                              Name 42  "f_mask"
                              Name 43  "gl_FragCoord"
                              Name 44  "frag_output_finalize"
                              Name 60  "unpack2xF16"
                              Name 75  "out_color"
                              Name 101  "block_prim_0"
                              Name 131  "pack2xF16"
                              Decorate 39(v_Color0) Location 1
                              Decorate 42(f_mask) Binding 1
                              Decorate 43(gl_FragCoord) BuiltIn FragCoord
                              Decorate 75(out_color) Location 0
               2:             TypeVoid
               3:             TypeFunction 2
               6:             TypeFloat 32
               7:             TypeInt 32 1
               8:             TypeBool
               9:             TypeVector 6(float) 4
              10:      7(int) Constant 32
              11:             TypeArray 9(fvec4) 10
              12:      7(int) Constant 3
              13:             TypeArray 9(fvec4) 12
              14:      7(int) Constant 20
              15:             TypeArray 9(fvec4) 14
              16:      7(int) Constant 2
              17:             TypeArray 7(int) 16
              18:      7(int) Constant 4
              19:             TypeArray 8(bool) 18
              20:             TypePointer Private 11
          21(pa):     20(ptr) Variable Private
          22(sa):     20(ptr) Variable Private
              23:             TypePointer Private 13
   24(internals):     23(ptr) Variable Private
              25:             TypePointer Private 15
           26(r):     25(ptr) Variable Private
              27:             TypePointer Private 19
           28(p):     27(ptr) Variable Private
              29:             TypePointer Private 17
         30(idx):     29(ptr) Variable Private
        31(outs):     25(ptr) Variable Private
              32:             TypePointer Function 7(int)
              34:      7(int) Constant 1
              35:             TypeArray 6(float) 34
              36:             TypePointer Private 35
      37(memory):     36(ptr) Variable Private
              38:             TypePointer Input 9(fvec4)
    39(v_Color0):     38(ptr) Variable Input
              40:             TypeImage 6(float) 2D nonsampled format:Rgba8
              41:             TypePointer UniformConstant 40
      42(f_mask):     41(ptr) Variable UniformConstant
43(gl_FragCoord):     38(ptr) Variable Input
              46:             TypePointer Private 9(fvec4)
              47:      7(int) Constant 0
              54:             TypeVector 6(float) 2
              57:             TypeInt 32 0
              58:             TypeFunction 54(fvec2) 6(float)
              74:             TypePointer Output 9(fvec4)
   75(out_color):     74(ptr) Variable Output
              77:             TypeVector 7(int) 4
              79:             TypeVector 7(int) 2
              83:    6(float) Constant 1056964608
              84:    9(fvec4) ConstantComposite 83 83 83 83
              94:    6(float) Constant 0
              95:    6(float) Constant 1065353216
              96:    6(float) Constant 1073741824
              97:   54(fvec2) ConstantComposite 94 94
              98:             TypeVector 6(float) 3
              99:   98(fvec3) ConstantComposite 94 94 94
             100:    9(fvec4) ConstantComposite 94 94 94 94
             129:             TypeFunction 6(float) 54(fvec2)
      4(main_fs):           2 Function None 3
               5:             Label
           33(i):     32(ptr) Variable Function
              91:    9(fvec4) Load 39(v_Color0)
              92:     46(ptr) AccessChain 21(pa) 47
                              Store 92 91
             147:           2 FunctionCall 101(block_prim_0)
                              Return
                              FunctionEnd
44(frag_output_finalize):           2 Function None 3
              45:             Label
              48:     46(ptr) AccessChain 21(pa) 47
              49:     46(ptr) AccessChain 21(pa) 47
              50:    9(fvec4) Load 49
              51:    9(fvec4) Load 48
              52:    6(float) VectorExtractDynamic 51 47
              53:    6(float) VectorExtractDynamic 51 34
              55:   54(fvec2) CompositeConstruct 52 53
              56:    6(float) VectorExtractDynamic 55 47
              66:   54(fvec2) FunctionCall 60(unpack2xF16) 56
              67:    6(float) VectorExtractDynamic 55 34
              68:   54(fvec2) FunctionCall 60(unpack2xF16) 67
              69:    6(float) VectorExtractDynamic 66 47
              70:    6(float) VectorExtractDynamic 66 34
              71:    6(float) VectorExtractDynamic 68 47
              72:    6(float) VectorExtractDynamic 68 34
              73:    9(fvec4) CompositeConstruct 69 70 71 72
                              Store 75(out_color) 73
              76:    9(fvec4) Load 43(gl_FragCoord)
              78:   77(ivec4) ConvertFToS 76
              80:   79(ivec2) VectorShuffle 78 78 0 1
              81:          40 Load 42(f_mask)
              82:    9(fvec4) ImageRead 81 80
              85:     8(bool) FOrdLessThan 82 84
              86:     8(bool) All 85
                              SelectionMerge 88 None
                              BranchConditional 86 87 88
              87:               Label
                                Kill
              88:             Label
                              Return
                              FunctionEnd
 60(unpack2xF16):   54(fvec2) Function None 58
              59:    6(float) FunctionParameter
              61:             Label
              62:     57(int) Bitcast 59
              64:   54(fvec2) ExtInst 63(GLSL.std.450) 62(UnpackHalf2x16) 62
                              ReturnValue 64
                              FunctionEnd
101(block_prim_0):           2 Function None 3
             102:             Label
                              Line 1 1 0
             103:     46(ptr) AccessChain 21(pa) 47
             104:     46(ptr) AccessChain 21(pa) 47
             105:    9(fvec4) Load 104
             106:    9(fvec4) Load 103
             107:     46(ptr) AccessChain 21(pa) 47
             108:     46(ptr) AccessChain 21(pa) 47
             109:    9(fvec4) Load 108
             110:    9(fvec4) Load 107
             111:    6(float) VectorExtractDynamic 110 47
             112:    6(float) VectorExtractDynamic 110 34
             113:   54(fvec2) CompositeConstruct 111 112
             114:     46(ptr) AccessChain 21(pa) 47
             115:     46(ptr) AccessChain 21(pa) 34
             116:    9(fvec4) Load 115
             117:    9(fvec4) Load 114
             118:    6(float) VectorExtractDynamic 117 16
             119:    6(float) VectorExtractDynamic 117 12
             120:   54(fvec2) CompositeConstruct 118 119
             121:    6(float) VectorExtractDynamic 113 47
             122:    6(float) VectorExtractDynamic 113 34
             123:    6(float) VectorExtractDynamic 120 47
             124:    6(float) VectorExtractDynamic 120 34
             125:    9(fvec4) CompositeConstruct 121 122 123 124
             126:    6(float) VectorExtractDynamic 125 47
             127:    6(float) VectorExtractDynamic 125 34
             128:   54(fvec2) CompositeConstruct 126 127
             137:    6(float) FunctionCall 131(pack2xF16) 128
             138:    6(float) VectorExtractDynamic 125 16
             139:    6(float) VectorExtractDynamic 125 12
             140:   54(fvec2) CompositeConstruct 138 139
             141:    6(float) FunctionCall 131(pack2xF16) 140
             142:   54(fvec2) CompositeConstruct 137 141
             143:     46(ptr) AccessChain 21(pa) 47
             144:    9(fvec4) Load 143
             145:    9(fvec4) VectorShuffle 144 142 4 5 2 3
                              Store 143 145
             146:           2 FunctionCall 44(frag_output_finalize)
                              Return
                              FunctionEnd
  131(pack2xF16):    6(float) Function None 129
             130:   54(fvec2) FunctionParameter
             132:             Label
             134:     57(int) ExtInst 133(GLSL.std.450) 58(PackHalf2x16) 130
             135:    6(float) Bitcast 134
                              ReturnValue 135
                              FunctionEnd

[07:10:46.508] |D| [shader::convert_gxp_to_glsl]: Generated GLSL:
#version 420
#extension GL_ARB_fragment_shader_interlock : require
// Shader Name: 7d364284d0ec546b193c5e0f04bc1cd23c39bead7c6dd6193b749d2f7ae26d73
layout(early_fragment_tests) in;


layout(binding = 1, rgba8) uniform readonly image2D f_mask;

layout(location = 1) in vec4 v_Color0;
layout(location = 0) out vec4 out_color;
vec4 pa[32];
vec4 sa[32];
vec4 internals[3];
vec4 r[20];
bool p[4];
int idx[2];
vec4 outs[20];
float memory[1];

float pack2xF16(vec2 _130)
{
    return uintBitsToFloat(packHalf2x16(_130));
}

vec2 unpack2xF16(float _59)
{
    return unpackHalf2x16(floatBitsToUint(_59));
}

void frag_output_finalize()
{
    vec2 _55 = vec2(pa[0].x, pa[0].y);
    vec2 _66 = unpack2xF16(_55.x);
    vec2 _68 = unpack2xF16(_55.y);
    out_color = vec4(_66.x, _66.y, _68.x, _68.y);
    if (all(lessThan(imageLoad(f_mask, ivec4(gl_FragCoord).xy), vec4(0.5))))
    {
        discard;
    }
}

void block_prim_0()
{
    vec2 _113 = vec2(pa[0].x, pa[0].y);
    vec2 _120 = vec2(pa[0].z, pa[0].w);
    vec4 _125 = vec4(_113.x, _113.y, _120.x, _120.y);
    vec2 _142 = vec2(pack2xF16(vec2(_125.x, _125.y)), pack2xF16(vec2(_125.z, _125.w)));
    pa[0] = vec4(_142.x, _142.y, pa[0].z, pa[0].w);
    frag_output_finalize();
}

void main()
{
    pa[0] = v_Color0;
    block_prim_0();
}


[07:10:46.509] |I| [renderer::gl::load_shader_generic]: Generating vert shader 05a09037ac43b2c2f6dbd2c59eb0f090d5ff5eb6459e3c52bf8ebe73759af0e4
[07:10:46.510] |D| [shader::create_parameters]: [BUFFER0  + 0] pa0 = (float4) aPosition
[07:10:46.510] |D| [shader::create_parameters]: [BUFFER0  + 4] pa4 = (float4) aColor
[07:10:46.511] |D| [shader::spirv_disasm_print]: SPIR-V Disassembly:
// Module Version 10500
// Generated by (magic number): 1337000
// Id's are bound by 156

                              Capability Shader
                              Capability Float16
             104:             ExtInstImport  "GLSL.std.450"
                              MemoryModel Logical GLSL450
                              EntryPoint Vertex 4  "main_vs" 39 40 47 82
               1:             String  "05a09037ac43b2c2f6dbd2c59eb0f090d5ff5eb6459e3c52bf8ebe73759af0e4"
                              SourceExtension  "gxp"
                              Name 4  "main_vs"
                              Name 21  "pa"
                              Name 22  "sa"
                              Name 24  "internals"
                              Name 26  "r"
                              Name 28  "p"
                              Name 30  "idx"
                              Name 31  "outs"
                              Name 33  "i"
                              Name 37  "memory"
                              Name 39  "aPosition"
                              Name 40  "aColor"
                              Name 41  "GxmRenderBufferBlock"
                              MemberName 41(GxmRenderBufferBlock) 0  "viewport_flip"
                              MemberName 41(GxmRenderBufferBlock) 1  "viewport_flag"
                              MemberName 41(GxmRenderBufferBlock) 2  "screen_width"
                              MemberName 41(GxmRenderBufferBlock) 3  "screen_height"
                              Name 43  "renderInfo"
                              Name 44  "vert_output_finalize"
                              Name 47  "v_Position"
                              Name 82  "v_Color0"
                              Name 92  "i"
                              Name 110  "block_prim_0"
                              Decorate 39(aPosition) Location 0
                              Decorate 40(aColor) Location 1
                              Decorate 41(GxmRenderBufferBlock) Block
                              Decorate 41(GxmRenderBufferBlock) GLSLShared
                              MemberDecorate 41(GxmRenderBufferBlock) 0 Offset 0
                              MemberDecorate 41(GxmRenderBufferBlock) 1 Offset 16
                              MemberDecorate 41(GxmRenderBufferBlock) 2 Offset 20
                              MemberDecorate 41(GxmRenderBufferBlock) 3 Offset 24
                              Decorate 43(renderInfo) Binding 15
                              Decorate 47(v_Position) Location 0
                              Decorate 47(v_Position) BuiltIn Position
                              Decorate 82(v_Color0) Location 1
               2:             TypeVoid
               3:             TypeFunction 2
               6:             TypeFloat 32
               7:             TypeInt 32 1
               8:             TypeBool
               9:             TypeVector 6(float) 4
              10:      7(int) Constant 32
              11:             TypeArray 9(fvec4) 10
              12:      7(int) Constant 3
              13:             TypeArray 9(fvec4) 12
              14:      7(int) Constant 20
              15:             TypeArray 9(fvec4) 14
              16:      7(int) Constant 2
              17:             TypeArray 7(int) 16
              18:      7(int) Constant 4
              19:             TypeArray 8(bool) 18
              20:             TypePointer Private 11
          21(pa):     20(ptr) Variable Private
          22(sa):     20(ptr) Variable Private
              23:             TypePointer Private 13
   24(internals):     23(ptr) Variable Private
              25:             TypePointer Private 15
           26(r):     25(ptr) Variable Private
              27:             TypePointer Private 19
           28(p):     27(ptr) Variable Private
              29:             TypePointer Private 17
         30(idx):     29(ptr) Variable Private
        31(outs):     25(ptr) Variable Private
              32:             TypePointer Function 7(int)
              34:      7(int) Constant 1
              35:             TypeArray 6(float) 34
              36:             TypePointer Private 35
      37(memory):     36(ptr) Variable Private
              38:             TypePointer Input 9(fvec4)
   39(aPosition):     38(ptr) Variable Input
      40(aColor):     38(ptr) Variable Input
41(GxmRenderBufferBlock):             TypeStruct 9(fvec4) 6(float) 6(float) 6(float)
              42:             TypePointer Uniform 41(GxmRenderBufferBlock)
  43(renderInfo):     42(ptr) Variable Uniform
              46:             TypePointer Output 9(fvec4)
  47(v_Position):     46(ptr) Variable Output
              48:             TypePointer Private 9(fvec4)
              49:      7(int) Constant 0
              54:    6(float) Constant 1056964608
              55:    6(float) Constant 1065353216
              56:    6(float) Constant 3212836864
              57:    6(float) Constant 1073741824
              58:    6(float) Constant 3221225472
              59:    6(float) Constant 0
              60:             TypePointer Uniform 6(float)
              76:             TypePointer Uniform 9(fvec4)
    82(v_Color0):     46(ptr) Variable Output
              93:    9(fvec4) ConstantComposite 59 59 59 59
             105:             TypeInt 32 0
             106:             TypeVector 6(float) 2
             107:  106(fvec2) ConstantComposite 59 59
             108:             TypeVector 6(float) 3
             109:  108(fvec3) ConstantComposite 59 59 59
             139:  106(fvec2) ConstantComposite 55 55
      4(main_vs):           2 Function None 3
               5:             Label
           33(i):     32(ptr) Variable Function
           92(i):     32(ptr) Variable Function
              88:    9(fvec4) Load 39(aPosition)
              89:     48(ptr) AccessChain 21(pa) 49
                              Store 89 88
              90:    9(fvec4) Load 40(aColor)
              91:     48(ptr) AccessChain 21(pa) 34
                              Store 91 90
                              Store 92(i) 49
                              Branch 94
              94:             Label
              98:      7(int) Load 92(i)
              99:     8(bool) SLessThan 98 14
                              LoopMerge 96 97 None
                              BranchConditional 99 95 96
              95:               Label
             100:      7(int)   Load 92(i)
             101:     48(ptr)   AccessChain 31(outs) 100
                                Store 101 93
             102:      7(int)   Load 92(i)
             103:      7(int)   IAdd 102 34
                                Store 92(i) 103
                                Branch 97
              97:               Label
                                Branch 94
              96:             Label
             155:           2 FunctionCall 110(block_prim_0)
                              Return
                              FunctionEnd
44(vert_output_finalize):           2 Function None 3
              45:             Label
              50:     48(ptr) AccessChain 31(outs) 49
              51:     48(ptr) AccessChain 31(outs) 49
              52:    9(fvec4) Load 51
              53:    9(fvec4) Load 50
              61:     60(ptr) AccessChain 43(renderInfo) 34
              62:     60(ptr) AccessChain 43(renderInfo) 16
              63:     60(ptr) AccessChain 43(renderInfo) 12
              64:    6(float) Load 61
              65:     8(bool) FOrdLessThan 64 54
                              SelectionMerge 67 None
                              BranchConditional 65 66 79
              66:               Label
              68:    6(float)   Load 62
              69:    6(float)   FDiv 57 68
              70:    6(float)   Load 63
              71:    6(float)   FDiv 58 70
              72:    9(fvec4)   CompositeConstruct 69 71 55 55
              73:    9(fvec4)   CompositeConstruct 56 55 59 59
              74:    9(fvec4)   FMul 53 72
              75:    9(fvec4)   FAdd 74 73
              77:     76(ptr)   AccessChain 43(renderInfo) 49
              78:    9(fvec4)   FMul 75 77
                                Store 47(v_Position) 78
                                Branch 67
              79:               Label
              80:     76(ptr)   AccessChain 43(renderInfo) 49
              81:    9(fvec4)   FMul 53 80
                                Store 47(v_Position) 81
                                Branch 67
              67:             Label
              83:     48(ptr) AccessChain 31(outs) 34
              84:     48(ptr) AccessChain 31(outs) 34
              85:    9(fvec4) Load 84
              86:    9(fvec4) Load 83
                              Store 82(v_Color0) 86
                              Return
                              FunctionEnd
110(block_prim_0):           2 Function None 3
             111:             Label
                              Line 1 1 0
             112:     48(ptr) AccessChain 21(pa) 34
             113:     48(ptr) AccessChain 21(pa) 34
             114:    9(fvec4) Load 113
             115:    9(fvec4) Load 112
             116:    6(float) VectorExtractDynamic 115 49
             117:    6(float) VectorExtractDynamic 115 34
             118:  106(fvec2) CompositeConstruct 116 117
             119:     48(ptr) AccessChain 31(outs) 34
             120:    9(fvec4) Load 119
             121:    9(fvec4) VectorShuffle 120 118 4 5 2 3
                              Store 119 121
             122:     48(ptr) AccessChain 21(pa) 34
             123:     48(ptr) AccessChain 21(pa) 16
             124:    9(fvec4) Load 123
             125:    9(fvec4) Load 122
             126:    6(float) VectorExtractDynamic 125 16
             127:    6(float) VectorExtractDynamic 125 12
             128:  106(fvec2) CompositeConstruct 126 127
             129:     48(ptr) AccessChain 31(outs) 34
             130:    9(fvec4) Load 129
             131:    9(fvec4) VectorShuffle 130 128 0 1 4 5
                              Store 129 131
                              Line 1 2 0
             132:     48(ptr) AccessChain 21(pa) 49
             133:     48(ptr) AccessChain 21(pa) 49
             134:    9(fvec4) Load 133
             135:    9(fvec4) Load 132
             136:    6(float) VectorExtractDynamic 135 49
             137:    6(float) VectorExtractDynamic 135 34
             138:  106(fvec2) CompositeConstruct 136 137
             140:  106(fvec2) FMul 138 139
             141:     48(ptr) AccessChain 31(outs) 49
             142:    9(fvec4) Load 141
             143:    9(fvec4) VectorShuffle 142 140 4 5 2 3
                              Store 141 143
                              Line 1 3 0
             144:     48(ptr) AccessChain 21(pa) 49
             145:     48(ptr) AccessChain 21(pa) 34
             146:    9(fvec4) Load 145
             147:    9(fvec4) Load 144
             148:    6(float) VectorExtractDynamic 147 16
             149:  106(fvec2) CompositeConstruct 148 55
             150:  106(fvec2) FMul 149 139
             151:     48(ptr) AccessChain 31(outs) 49
             152:    9(fvec4) Load 151
             153:    9(fvec4) VectorShuffle 152 150 0 1 4 5
                              Store 151 153
             154:           2 FunctionCall 44(vert_output_finalize)
                              Return
                              FunctionEnd

[07:10:46.513] |D| [shader::convert_gxp_to_glsl]: Generated GLSL:
#version 420
#extension GL_ARB_fragment_shader_interlock : require
// Shader Name: 05a09037ac43b2c2f6dbd2c59eb0f090d5ff5eb6459e3c52bf8ebe73759af0e4

layout(binding = 15, std140) uniform GxmRenderBufferBlock
{
    vec4 viewport_flip;
    float viewport_flag;
    float screen_width;
    float screen_height;
} renderInfo;

layout(location = 0) in vec4 aPosition;
layout(location = 1) in vec4 aColor;
layout(location = 1) out vec4 v_Color0;
vec4 pa[32];
vec4 sa[32];
vec4 internals[3];
vec4 r[20];
bool p[4];
int idx[2];
vec4 outs[20];
float memory[1];

void vert_output_finalize()
{
    if (renderInfo.viewport_flag < 0.5)
    {
        gl_Position = ((outs[0] * vec4(2.0 / renderInfo.screen_width, (-2.0) / renderInfo.screen_height, 1.0, 1.0)) + vec4(-1.0, 1.0, 0.0, 0.0)) * renderInfo.viewport_flip;
    }
    else
    {
        gl_Position = outs[0] * renderInfo.viewport_flip;
    }
    v_Color0 = outs[1];
}

void block_prim_0()
{
    vec2 _118 = vec2(pa[1].x, pa[1].y);
    outs[1] = vec4(_118.x, _118.y, outs[1].z, outs[1].w);
    vec2 _128 = vec2(pa[1].z, pa[1].w);
    outs[1] = vec4(outs[1].x, outs[1].y, _128.x, _128.y);
    vec2 _140 = vec2(pa[0].x, pa[0].y) * vec2(1.0);
    outs[0] = vec4(_140.x, _140.y, outs[0].z, outs[0].w);
    vec2 _150 = vec2(pa[0].z, 1.0) * vec2(1.0);
    outs[0] = vec4(outs[0].x, outs[0].y, _150.x, _150.y);
    vert_output_finalize();
}

void main()
{
    pa[0] = aPosition;
    pa[1] = aColor;
    int i_1 = 0;
    while (i_1 < 20)
    {
        outs[i_1] = vec4(0.0);
        i_1++;
    }
    block_prim_0();
}


[07:10:46.515] |I| [renderer::gl::load_shader_generic]: Generating frag shader e6c3dc1c663f88b8426ac5c5d397b40f7c8f4bd701e43165476a4ce0227ac02c
[07:10:46.516] |D| [shader::create_fragment_inputs]: Iterator: pa0 = (float4) v_Color0
[07:10:46.517] |D| [shader::spirv_disasm_print]: SPIR-V Disassembly:
// Module Version 10500
// Generated by (magic number): 1337000
// Id's are bound by 191

                              Capability Shader
                              Capability Float16
              68:             ExtInstImport  "GLSL.std.450"
              98:             ExtInstImport  "GLSL.std.450"
             176:             ExtInstImport  "GLSL.std.450"
                              MemoryModel Logical GLSL450
                              EntryPoint Fragment 4  "main_fs" 43 44 47 48 80
                              ExecutionMode 4 OriginLowerLeft
               1:             String  "e6c3dc1c663f88b8426ac5c5d397b40f7c8f4bd701e43165476a4ce0227ac02c"
                              SourceExtension  "gxp"
                              Name 4  "main_fs"
                              Name 21  "pa"
                              Name 22  "sa"
                              Name 24  "internals"
                              Name 26  "r"
                              Name 28  "p"
                              Name 30  "idx"
                              Name 31  "outs"
                              Name 33  "i"
                              Name 37  "memory"
                              Name 41  "testTex"
                              Name 43  "v_Color0"
                              Name 44  "v_TexCoord0"
                              Name 47  "f_mask"
                              Name 48  "gl_FragCoord"
                              Name 49  "frag_output_finalize"
                              Name 65  "unpack2xF16"
                              Name 80  "out_color"
                              Name 110  "block_prim_0"
                              Name 174  "pack2xF16"
                              Decorate 41(testTex) Binding 0
                              Decorate 43(v_Color0) Location 1
                              Decorate 44(v_TexCoord0) Location 4
                              Decorate 47(f_mask) Binding 1
                              Decorate 48(gl_FragCoord) BuiltIn FragCoord
                              Decorate 80(out_color) Location 0
               2:             TypeVoid
               3:             TypeFunction 2
               6:             TypeFloat 32
               7:             TypeInt 32 1
               8:             TypeBool
               9:             TypeVector 6(float) 4
              10:      7(int) Constant 32
              11:             TypeArray 9(fvec4) 10
              12:      7(int) Constant 3
              13:             TypeArray 9(fvec4) 12
              14:      7(int) Constant 20
              15:             TypeArray 9(fvec4) 14
              16:      7(int) Constant 2
              17:             TypeArray 7(int) 16
              18:      7(int) Constant 4
              19:             TypeArray 8(bool) 18
              20:             TypePointer Private 11
          21(pa):     20(ptr) Variable Private
          22(sa):     20(ptr) Variable Private
              23:             TypePointer Private 13
   24(internals):     23(ptr) Variable Private
              25:             TypePointer Private 15
           26(r):     25(ptr) Variable Private
              27:             TypePointer Private 19
           28(p):     27(ptr) Variable Private
              29:             TypePointer Private 17
         30(idx):     29(ptr) Variable Private
        31(outs):     25(ptr) Variable Private
              32:             TypePointer Function 7(int)
              34:      7(int) Constant 1
              35:             TypeArray 6(float) 34
              36:             TypePointer Private 35
      37(memory):     36(ptr) Variable Private
              38:             TypeImage 6(float) 2D sampled format:Unknown
              39:             TypeSampledImage 38
              40:             TypePointer UniformConstant 39
     41(testTex):     40(ptr) Variable UniformConstant
              42:             TypePointer Input 9(fvec4)
    43(v_Color0):     42(ptr) Variable Input
 44(v_TexCoord0):     42(ptr) Variable Input
              45:             TypeImage 6(float) 2D nonsampled format:Rgba8
              46:             TypePointer UniformConstant 45
      47(f_mask):     46(ptr) Variable UniformConstant
48(gl_FragCoord):     42(ptr) Variable Input
              51:             TypePointer Private 9(fvec4)
              52:      7(int) Constant 0
              59:             TypeVector 6(float) 2
              62:             TypeInt 32 0
              63:             TypeFunction 59(fvec2) 6(float)
              79:             TypePointer Output 9(fvec4)
   80(out_color):     79(ptr) Variable Output
              82:             TypeVector 7(int) 4
              84:             TypeVector 7(int) 2
              88:    6(float) Constant 1056964608
              89:    9(fvec4) ConstantComposite 88 88 88 88
              99:    6(float) Constant 0
             100:    6(float) Constant 1065353216
             101:    6(float) Constant 1073741824
             102:   59(fvec2) ConstantComposite 99 99
             103:             TypeVector 6(float) 3
             104:  103(fvec3) ConstantComposite 99 99 99
             105:    9(fvec4) ConstantComposite 99 99 99 99
             172:             TypeFunction 6(float) 59(fvec2)
      4(main_fs):           2 Function None 3
               5:             Label
           33(i):     32(ptr) Variable Function
              96:    9(fvec4) Load 43(v_Color0)
              97:     51(ptr) AccessChain 21(pa) 52
                              Store 97 96
             106:    9(fvec4) Load 44(v_TexCoord0)
             107:          39 Load 41(testTex)
             108:    9(fvec4) ImageSampleImplicitLod 107 106
             109:     51(ptr) AccessChain 21(pa) 34
                              Store 109 108
             190:           2 FunctionCall 110(block_prim_0)
                              Return
                              FunctionEnd
49(frag_output_finalize):           2 Function None 3
              50:             Label
              53:     51(ptr) AccessChain 21(pa) 52
              54:     51(ptr) AccessChain 21(pa) 52
              55:    9(fvec4) Load 54
              56:    9(fvec4) Load 53
              57:    6(float) VectorExtractDynamic 56 52
              58:    6(float) VectorExtractDynamic 56 34
              60:   59(fvec2) CompositeConstruct 57 58
              61:    6(float) VectorExtractDynamic 60 52
              71:   59(fvec2) FunctionCall 65(unpack2xF16) 61
              72:    6(float) VectorExtractDynamic 60 34
              73:   59(fvec2) FunctionCall 65(unpack2xF16) 72
              74:    6(float) VectorExtractDynamic 71 52
              75:    6(float) VectorExtractDynamic 71 34
              76:    6(float) VectorExtractDynamic 73 52
              77:    6(float) VectorExtractDynamic 73 34
              78:    9(fvec4) CompositeConstruct 74 75 76 77
                              Store 80(out_color) 78
              81:    9(fvec4) Load 48(gl_FragCoord)
              83:   82(ivec4) ConvertFToS 81
              85:   84(ivec2) VectorShuffle 83 83 0 1
              86:          45 Load 47(f_mask)
              87:    9(fvec4) ImageRead 86 85
              90:     8(bool) FOrdLessThan 87 89
              91:     8(bool) All 90
                              SelectionMerge 93 None
                              BranchConditional 91 92 93
              92:               Label
                                Kill
              93:             Label
                              Return
                              FunctionEnd
 65(unpack2xF16):   59(fvec2) Function None 63
              64:    6(float) FunctionParameter
              66:             Label
              67:     62(int) Bitcast 64
              69:   59(fvec2) ExtInst 68(GLSL.std.450) 62(UnpackHalf2x16) 67
                              ReturnValue 69
                              FunctionEnd
110(block_prim_0):           2 Function None 3
             111:             Label
                              Line 1 2 0
             112:     51(ptr) AccessChain 21(pa) 52
             113:     51(ptr) AccessChain 21(pa) 52
             114:    9(fvec4) Load 113
             115:    9(fvec4) Load 112
             116:     51(ptr) AccessChain 21(pa) 52
             117:     51(ptr) AccessChain 21(pa) 52
             118:    9(fvec4) Load 117
             119:    9(fvec4) Load 116
             120:    6(float) VectorExtractDynamic 119 52
             121:    6(float) VectorExtractDynamic 119 34
             122:   59(fvec2) CompositeConstruct 120 121
             123:     51(ptr) AccessChain 21(pa) 52
             124:     51(ptr) AccessChain 21(pa) 34
             125:    9(fvec4) Load 124
             126:    9(fvec4) Load 123
             127:    6(float) VectorExtractDynamic 126 16
             128:    6(float) VectorExtractDynamic 126 12
             129:   59(fvec2) CompositeConstruct 127 128
             130:    6(float) VectorExtractDynamic 122 52
             131:    6(float) VectorExtractDynamic 122 34
             132:    6(float) VectorExtractDynamic 129 52
             133:    6(float) VectorExtractDynamic 129 34
             134:    9(fvec4) CompositeConstruct 130 131 132 133
             135:     51(ptr) AccessChain 24(internals) 52
                              Store 135 134
                              Line 1 3 0
             136:     51(ptr) AccessChain 21(pa) 34
             137:     51(ptr) AccessChain 21(pa) 34
             138:    9(fvec4) Load 137
             139:    9(fvec4) Load 136
             140:     51(ptr) AccessChain 21(pa) 34
             141:     51(ptr) AccessChain 21(pa) 34
             142:    9(fvec4) Load 141
             143:    9(fvec4) Load 140
             144:    6(float) VectorExtractDynamic 143 52
             145:    6(float) VectorExtractDynamic 143 34
             146:   59(fvec2) CompositeConstruct 144 145
             147:     51(ptr) AccessChain 21(pa) 34
             148:     51(ptr) AccessChain 21(pa) 16
             149:    9(fvec4) Load 148
             150:    9(fvec4) Load 147
             151:    6(float) VectorExtractDynamic 150 16
             152:    6(float) VectorExtractDynamic 150 12
             153:   59(fvec2) CompositeConstruct 151 152
             154:    6(float) VectorExtractDynamic 146 52
             155:    6(float) VectorExtractDynamic 146 34
             156:    6(float) VectorExtractDynamic 153 52
             157:    6(float) VectorExtractDynamic 153 34
             158:    9(fvec4) CompositeConstruct 154 155 156 157
             159:     51(ptr) AccessChain 24(internals) 34
                              Store 159 158
                              Line 1 4 0
             160:     51(ptr) AccessChain 24(internals) 34
             161:     51(ptr) AccessChain 24(internals) 34
             162:    9(fvec4) Load 161
             163:    9(fvec4) Load 160
             164:     51(ptr) AccessChain 24(internals) 52
             165:     51(ptr) AccessChain 24(internals) 52
             166:    9(fvec4) Load 165
             167:    9(fvec4) Load 164
             168:    9(fvec4) FMul 163 167
             169:    6(float) VectorExtractDynamic 168 52
             170:    6(float) VectorExtractDynamic 168 34
             171:   59(fvec2) CompositeConstruct 169 170
             180:    6(float) FunctionCall 174(pack2xF16) 171
             181:    6(float) VectorExtractDynamic 168 16
             182:    6(float) VectorExtractDynamic 168 12
             183:   59(fvec2) CompositeConstruct 181 182
             184:    6(float) FunctionCall 174(pack2xF16) 183
             185:   59(fvec2) CompositeConstruct 180 184
             186:     51(ptr) AccessChain 21(pa) 52
             187:    9(fvec4) Load 186
             188:    9(fvec4) VectorShuffle 187 185 4 5 2 3
                              Store 186 188
             189:           2 FunctionCall 49(frag_output_finalize)
                              Return
                              FunctionEnd
  174(pack2xF16):    6(float) Function None 172
             173:   59(fvec2) FunctionParameter
             175:             Label
             177:     62(int) ExtInst 176(GLSL.std.450) 58(PackHalf2x16) 173
             178:    6(float) Bitcast 177
                              ReturnValue 178
                              FunctionEnd

[07:10:46.522] |D| [shader::convert_gxp_to_glsl]: Generated GLSL:
#version 420
#extension GL_ARB_fragment_shader_interlock : require
// Shader Name: e6c3dc1c663f88b8426ac5c5d397b40f7c8f4bd701e43165476a4ce0227ac02c
layout(early_fragment_tests) in;


layout(binding = 0) uniform sampler2D testTex;
layout(binding = 1, rgba8) uniform readonly image2D f_mask;

layout(location = 1) in vec4 v_Color0;
layout(location = 4) in vec4 v_TexCoord0;
layout(location = 0) out vec4 out_color;
vec4 pa[32];
vec4 sa[32];
vec4 internals[3];
vec4 r[20];
bool p[4];
int idx[2];
vec4 outs[20];
float memory[1];

float pack2xF16(vec2 _173)
{
    return uintBitsToFloat(packHalf2x16(_173));
}

vec2 unpack2xF16(float _64)
{
    return unpackHalf2x16(floatBitsToUint(_64));
}

void frag_output_finalize()
{
    vec2 _60 = vec2(pa[0].x, pa[0].y);
    vec2 _71 = unpack2xF16(_60.x);
    vec2 _73 = unpack2xF16(_60.y);
    out_color = vec4(_71.x, _71.y, _73.x, _73.y);
    if (all(lessThan(imageLoad(f_mask, ivec4(gl_FragCoord).xy), vec4(0.5))))
    {
        discard;
    }
}

void block_prim_0()
{
    vec2 _122 = vec2(pa[0].x, pa[0].y);
    vec2 _129 = vec2(pa[0].z, pa[0].w);
    internals[0] = vec4(_122.x, _122.y, _129.x, _129.y);
    vec2 _146 = vec2(pa[1].x, pa[1].y);
    vec2 _153 = vec2(pa[1].z, pa[1].w);
    internals[1] = vec4(_146.x, _146.y, _153.x, _153.y);
    vec4 _168 = internals[1] * internals[0];
    vec2 _185 = vec2(pack2xF16(vec2(_168.x, _168.y)), pack2xF16(vec2(_168.z, _168.w)));
    pa[0] = vec4(_185.x, _185.y, pa[0].z, pa[0].w);
    frag_output_finalize();
}

void main()
{
    pa[0] = v_Color0;
    pa[1] = texture(testTex, v_TexCoord0.xy);
    block_prim_0();
}


[07:10:46.536] |I| [renderer::gl::load_shader_generic]: Generating vert shader 23a367b18023fc73e9c029858e628eec3cc84dd199bd354d6946489f4c53e620
[07:10:46.537] |D| [shader::create_parameters]: [BUFFER0  + 0] pa0 = (float4) aPosition
[07:10:46.537] |D| [shader::create_parameters]: [BUFFER0  + 4] pa4 = (float4) aColor
[07:10:46.537] |D| [shader::create_parameters]: [BUFFER0  + 8] pa8 = (float4) aTexCoord
[07:10:46.539] |D| [shader::spirv_disasm_print]: SPIR-V Disassembly:
// Module Version 10500
// Generated by (magic number): 1337000
// Id's are bound by 174

                              Capability Shader
                              Capability Float16
             112:             ExtInstImport  "GLSL.std.450"
                              MemoryModel Logical GLSL450
                              EntryPoint Vertex 4  "main_vs" 39 40 41 48 83 88
               1:             String  "23a367b18023fc73e9c029858e628eec3cc84dd199bd354d6946489f4c53e620"
                              SourceExtension  "gxp"
                              Name 4  "main_vs"
                              Name 21  "pa"
                              Name 22  "sa"
                              Name 24  "internals"
                              Name 26  "r"
                              Name 28  "p"
                              Name 30  "idx"
                              Name 31  "outs"
                              Name 33  "i"
                              Name 37  "memory"
                              Name 39  "aPosition"
                              Name 40  "aColor"
                              Name 41  "aTexCoord"
                              Name 42  "GxmRenderBufferBlock"
                              MemberName 42(GxmRenderBufferBlock) 0  "viewport_flip"
                              MemberName 42(GxmRenderBufferBlock) 1  "viewport_flag"
                              MemberName 42(GxmRenderBufferBlock) 2  "screen_width"
                              MemberName 42(GxmRenderBufferBlock) 3  "screen_height"
                              Name 44  "renderInfo"
                              Name 45  "vert_output_finalize"
                              Name 48  "v_Position"
                              Name 83  "v_Color0"
                              Name 88  "v_TexCoord0"
                              Name 100  "i"
                              Name 118  "block_prim_0"
                              Decorate 39(aPosition) Location 0
                              Decorate 40(aColor) Location 1
                              Decorate 41(aTexCoord) Location 2
                              Decorate 42(GxmRenderBufferBlock) Block
                              Decorate 42(GxmRenderBufferBlock) GLSLShared
                              MemberDecorate 42(GxmRenderBufferBlock) 0 Offset 0
                              MemberDecorate 42(GxmRenderBufferBlock) 1 Offset 16
                              MemberDecorate 42(GxmRenderBufferBlock) 2 Offset 20
                              MemberDecorate 42(GxmRenderBufferBlock) 3 Offset 24
                              Decorate 44(renderInfo) Binding 15
                              Decorate 48(v_Position) Location 0
                              Decorate 48(v_Position) BuiltIn Position
                              Decorate 83(v_Color0) Location 1
                              Decorate 88(v_TexCoord0) Location 4
               2:             TypeVoid
               3:             TypeFunction 2
               6:             TypeFloat 32
               7:             TypeInt 32 1
               8:             TypeBool
               9:             TypeVector 6(float) 4
              10:      7(int) Constant 32
              11:             TypeArray 9(fvec4) 10
              12:      7(int) Constant 3
              13:             TypeArray 9(fvec4) 12
              14:      7(int) Constant 20
              15:             TypeArray 9(fvec4) 14
              16:      7(int) Constant 2
              17:             TypeArray 7(int) 16
              18:      7(int) Constant 4
              19:             TypeArray 8(bool) 18
              20:             TypePointer Private 11
          21(pa):     20(ptr) Variable Private
          22(sa):     20(ptr) Variable Private
              23:             TypePointer Private 13
   24(internals):     23(ptr) Variable Private
              25:             TypePointer Private 15
           26(r):     25(ptr) Variable Private
              27:             TypePointer Private 19
           28(p):     27(ptr) Variable Private
              29:             TypePointer Private 17
         30(idx):     29(ptr) Variable Private
        31(outs):     25(ptr) Variable Private
              32:             TypePointer Function 7(int)
              34:      7(int) Constant 1
              35:             TypeArray 6(float) 34
              36:             TypePointer Private 35
      37(memory):     36(ptr) Variable Private
              38:             TypePointer Input 9(fvec4)
   39(aPosition):     38(ptr) Variable Input
      40(aColor):     38(ptr) Variable Input
   41(aTexCoord):     38(ptr) Variable Input
42(GxmRenderBufferBlock):             TypeStruct 9(fvec4) 6(float) 6(float) 6(float)
              43:             TypePointer Uniform 42(GxmRenderBufferBlock)
  44(renderInfo):     43(ptr) Variable Uniform
              47:             TypePointer Output 9(fvec4)
  48(v_Position):     47(ptr) Variable Output
              49:             TypePointer Private 9(fvec4)
              50:      7(int) Constant 0
              55:    6(float) Constant 1056964608
              56:    6(float) Constant 1065353216
              57:    6(float) Constant 3212836864
              58:    6(float) Constant 1073741824
              59:    6(float) Constant 3221225472
              60:    6(float) Constant 0
              61:             TypePointer Uniform 6(float)
              77:             TypePointer Uniform 9(fvec4)
    83(v_Color0):     47(ptr) Variable Output
 88(v_TexCoord0):     47(ptr) Variable Output
             101:    9(fvec4) ConstantComposite 60 60 60 60
             113:             TypeInt 32 0
             114:             TypeVector 6(float) 2
             115:  114(fvec2) ConstantComposite 60 60
             116:             TypeVector 6(float) 3
             117:  116(fvec3) ConstantComposite 60 60 60
             157:  114(fvec2) ConstantComposite 56 56
      4(main_vs):           2 Function None 3
               5:             Label
           33(i):     32(ptr) Variable Function
          100(i):     32(ptr) Variable Function
              94:    9(fvec4) Load 39(aPosition)
              95:     49(ptr) AccessChain 21(pa) 50
                              Store 95 94
              96:    9(fvec4) Load 40(aColor)
              97:     49(ptr) AccessChain 21(pa) 34
                              Store 97 96
              98:    9(fvec4) Load 41(aTexCoord)
              99:     49(ptr) AccessChain 21(pa) 16
                              Store 99 98
                              Store 100(i) 50
                              Branch 102
             102:             Label
             106:      7(int) Load 100(i)
             107:     8(bool) SLessThan 106 14
                              LoopMerge 104 105 None
                              BranchConditional 107 103 104
             103:               Label
             108:      7(int)   Load 100(i)
             109:     49(ptr)   AccessChain 31(outs) 108
                                Store 109 101
             110:      7(int)   Load 100(i)
             111:      7(int)   IAdd 110 34
                                Store 100(i) 111
                                Branch 105
             105:               Label
                                Branch 102
             104:             Label
             173:           2 FunctionCall 118(block_prim_0)
                              Return
                              FunctionEnd
45(vert_output_finalize):           2 Function None 3
              46:             Label
              51:     49(ptr) AccessChain 31(outs) 50
              52:     49(ptr) AccessChain 31(outs) 50
              53:    9(fvec4) Load 52
              54:    9(fvec4) Load 51
              62:     61(ptr) AccessChain 44(renderInfo) 34
              63:     61(ptr) AccessChain 44(renderInfo) 16
              64:     61(ptr) AccessChain 44(renderInfo) 12
              65:    6(float) Load 62
              66:     8(bool) FOrdLessThan 65 55
                              SelectionMerge 68 None
                              BranchConditional 66 67 80
              67:               Label
              69:    6(float)   Load 63
              70:    6(float)   FDiv 58 69
              71:    6(float)   Load 64
              72:    6(float)   FDiv 59 71
              73:    9(fvec4)   CompositeConstruct 70 72 56 56
              74:    9(fvec4)   CompositeConstruct 57 56 60 60
              75:    9(fvec4)   FMul 54 73
              76:    9(fvec4)   FAdd 75 74
              78:     77(ptr)   AccessChain 44(renderInfo) 50
              79:    9(fvec4)   FMul 76 78
                                Store 48(v_Position) 79
                                Branch 68
              80:               Label
              81:     77(ptr)   AccessChain 44(renderInfo) 50
              82:    9(fvec4)   FMul 54 81
                                Store 48(v_Position) 82
                                Branch 68
              68:             Label
              84:     49(ptr) AccessChain 31(outs) 34
              85:     49(ptr) AccessChain 31(outs) 34
              86:    9(fvec4) Load 85
              87:    9(fvec4) Load 84
                              Store 83(v_Color0) 87
              89:     49(ptr) AccessChain 31(outs) 16
              90:     49(ptr) AccessChain 31(outs) 16
              91:    9(fvec4) Load 90
              92:    9(fvec4) Load 89
                              Store 88(v_TexCoord0) 92
                              Return
                              FunctionEnd
118(block_prim_0):           2 Function None 3
             119:             Label
                              Line 1 1 0
             120:     49(ptr) AccessChain 21(pa) 34
             121:     49(ptr) AccessChain 21(pa) 34
             122:    9(fvec4) Load 121
             123:    9(fvec4) Load 120
             124:    6(float) VectorExtractDynamic 123 50
             125:    6(float) VectorExtractDynamic 123 34
             126:  114(fvec2) CompositeConstruct 124 125
             127:     49(ptr) AccessChain 31(outs) 34
             128:    9(fvec4) Load 127
             129:    9(fvec4) VectorShuffle 128 126 4 5 2 3
                              Store 127 129
             130:     49(ptr) AccessChain 21(pa) 34
             131:     49(ptr) AccessChain 21(pa) 16
             132:    9(fvec4) Load 131
             133:    9(fvec4) Load 130
             134:    6(float) VectorExtractDynamic 133 16
             135:    6(float) VectorExtractDynamic 133 12
             136:  114(fvec2) CompositeConstruct 134 135
             137:     49(ptr) AccessChain 31(outs) 34
             138:    9(fvec4) Load 137
             139:    9(fvec4) VectorShuffle 138 136 0 1 4 5
                              Store 137 139
             140:     49(ptr) AccessChain 21(pa) 16
             141:     49(ptr) AccessChain 21(pa) 16
             142:    9(fvec4) Load 141
             143:    9(fvec4) Load 140
             144:    6(float) VectorExtractDynamic 143 50
             145:    6(float) VectorExtractDynamic 143 34
             146:  114(fvec2) CompositeConstruct 144 145
             147:     49(ptr) AccessChain 31(outs) 16
             148:    9(fvec4) Load 147
             149:    9(fvec4) VectorShuffle 148 146 4 5 2 3
                              Store 147 149
                              Line 1 2 0
             150:     49(ptr) AccessChain 21(pa) 50
             151:     49(ptr) AccessChain 21(pa) 50
             152:    9(fvec4) Load 151
             153:    9(fvec4) Load 150
             154:    6(float) VectorExtractDynamic 153 50
             155:    6(float) VectorExtractDynamic 153 34
             156:  114(fvec2) CompositeConstruct 154 155
             158:  114(fvec2) FMul 156 157
             159:     49(ptr) AccessChain 31(outs) 50
             160:    9(fvec4) Load 159
             161:    9(fvec4) VectorShuffle 160 158 4 5 2 3
                              Store 159 161
                              Line 1 3 0
             162:     49(ptr) AccessChain 21(pa) 50
   