[08:12:55.073] |I| [load_app_impl]: ngs experimental state: true
[08:12:55.073] |I| [load_app_impl]: video player state: true
[08:12:55.074] |I| [load_app_impl]: auto-lle: enabled
[08:12:55.074] |I| [load_app_impl]: Title: Sword Art Online -Hollow Fragment-
[08:12:55.074] |I| [load_app_impl]: Serial: PCSB00618
[08:12:55.074] |I| [load_app_impl]: Version: 1.02
[08:12:55.074] |I| [load_app_impl]: Category: gp
[08:12:55.125] |C| [load_self]: Unknown segment type 0x6FFFFF01
[08:12:55.126] |I| [load_self]: Loaded module segment 0 @ [0x00004000 - 0x000513BC / 0x81000000] (size: 0x0004D3BC) of module app0:sce_module/libc.suprx
[08:12:55.126] |I| [load_self]: Loaded module segment 1 @ [0x00052000 - 0x000546F0 / 0x8104E000] (size: 0x000026F0) of module app0:sce_module/libc.suprx
[08:12:55.126] |I| [load_self]: Loading symbols for SELF: app0:sce_module/libc.suprx
[08:12:55.126] |D| [load_var_exports]: 	NID 0x936C8A78 (SYSLYB) at 0x47164
[08:12:55.126] |D| [load_var_exports]: 	NID 0x6C2224BA (NID_MODULE_INFO) at 0x3D0FC
[08:12:55.126] |W| [load_var_imports]: 	NID NOT FOUND 0x93B8AA67 (UNRECOGNISED) at 0x410BC, setting to stub value 0xDEADBEEF
[08:12:55.127] |W| [load_var_imports]: 	NID NOT FOUND 0xDF084DFA (UNRECOGNISED) at 0x42B70, setting to stub value 0xDEADBEEF
[08:12:55.127] |I| [pre_load_module]: Pre-load module SceLibc (at "sce_module/libc.suprx") loaded
[08:12:55.138] |C| [load_self]: Unknown segment type 0x6FFFFF01
[08:12:55.138] |I| [load_self]: Loaded module segment 0 @ [0x00057000 - 0x0008212C / 0x81000000] (size: 0x0002B12C) of module app0:sce_module/libfios2.suprx
[08:12:55.138] |I| [load_self]: Loaded module segment 1 @ [0x00083000 - 0x0008823D / 0x8102C000] (size: 0x0000523D) of module app0:sce_module/libfios2.suprx
[08:12:55.138] |I| [load_self]: Loading symbols for SELF: app0:sce_module/libfios2.suprx
[08:12:55.138] |D| [load_var_exports]: 	NID 0x936C8A78 (SYSLYB) at 0x82034
[08:12:55.138] |D| [load_var_exports]: 	NID 0x6C2224BA (NID_MODULE_INFO) at 0x79548
[08:12:55.138] |I| [pre_load_module]: Pre-load module SceLibFios2 (at "sce_module/libfios2.suprx") loaded
[08:12:55.146] |C| [load_self]: Unknown segment type 0x6FFFFF01
[08:12:55.146] |I| [load_self]: Loaded module segment 0 @ [0x00089000 - 0x0009CA9C / 0x81000000] (size: 0x00013A9C) of module app0:sce_module/libult.suprx
[08:12:55.146] |I| [load_self]: Loaded module segment 1 @ [0x0009D000 - 0x0009D814 / 0x81014000] (size: 0x00000814) of module app0:sce_module/libult.suprx
[08:12:55.146] |I| [load_self]: Loading symbols for SELF: app0:sce_module/libult.suprx
[08:12:55.147] |D| [load_var_exports]: 	NID 0x936C8A78 (SYSLYB) at 0x9B3C8
[08:12:55.147] |D| [load_var_exports]: 	NID 0x6C2224BA (NID_MODULE_INFO) at 0x98944
[08:12:55.147] |I| [pre_load_module]: Pre-load module SceUlt (at "sce_module/libult.suprx") loaded
[08:12:55.154] |I| [load_self]: Loaded module segment 0 @ [0x0009E000 - 0x000EEF04 / 0x81000000] (size: 0x00050F04) of module vs0:sys/external/libSceFt2.suprx
[08:12:55.154] |I| [load_self]: Loaded module segment 1 @ [0x000EF000 - 0x000EF2F4 / 0x81051000] (size: 0x000002F4) of module vs0:sys/external/libSceFt2.suprx
[08:12:55.154] |I| [load_self]: Loading symbols for SELF: vs0:sys/external/libSceFt2.suprx
[08:12:55.155] |D| [load_var_exports]: 	NID 0x936C8A78 (SYSLYB) at 0xDA7DC
[08:12:55.155] |D| [load_var_exports]: 	NID 0x6C2224BA (NID_MODULE_INFO) at 0xD9F10
[08:12:55.155] |I| [pre_load_module]: Pre-load module SceLibft2 (at "sys/external/libSceFt2.suprx") loaded
[08:12:55.156] |I| [load_self]: Loaded module segment 0 @ [0x000F0000 - 0x000FFF14 / 0x81000000] (size: 0x0000FF14) of module vs0:sys/external/libpvf.suprx
[08:12:55.157] |I| [load_self]: Loaded module segment 1 @ [0x00100000 - 0x00100008 / 0x81010000] (size: 0x00000008) of module vs0:sys/external/libpvf.suprx
[08:12:55.157] |I| [load_self]: Loading symbols for SELF: vs0:sys/external/libpvf.suprx
[08:12:55.157] |D| [load_var_exports]: 	NID 0x936C8A78 (SYSLYB) at 0xFE710
[08:12:55.157] |D| [load_var_exports]: 	NID 0x6C2224BA (NID_MODULE_INFO) at 0xFE30