[23:40:06.695] |I| [load_app_impl]: ngs experimental state: true
[23:40:06.695] |I| [load_app_impl]: video player state: true
[23:40:06.695] |I| [load_app_impl]: auto-lle: enabled
[23:40:06.695] |I| [load_app_impl]: Title: A-men 2
[23:40:06.695] |I| [load_app_impl]: Serial: PCSB00222
[23:40:06.695] |I| [load_app_impl]: Version: 1.00
[23:40:06.695] |I| [load_app_impl]: Category: gd
[23:40:06.767] |C| [load_self]: Unknown segment type 0x6FFFFF01
[23:40:06.767] |I| [load_self]: Loaded module segment 0 @ [0x00004000 - 0x00051A2C / 0x81000000] (size: 0x0004DA2C) of module app0:sce_module/libc.suprx
[23:40:06.767] |I| [load_self]: Loaded module segment 1 @ [0x00052000 - 0x000546F8 / 0x8104E000] (size: 0x000026F8) of module app0:sce_module/libc.suprx
[23:40:06.768] |I| [load_self]: Loading symbols for SELF: app0:sce_module/libc.suprx
[23:40:06.768] |D| [load_var_exports]: 	NID 0x6C2224BA (NID_MODULE_INFO) at 0x3D798
[23:40:06.768] |D| [load_var_exports]: 	NID 0x936C8A78 (SYSLYB) at 0x477D4
[23:40:06.768] |W| [load_var_imports]: 	NID NOT FOUND 0x93B8AA67 (UNRECOGNISED) at 0x41758, setting to stub value 0xDEADBEEF
[23:40:06.769] |W| [load_var_imports]: 	NID NOT FOUND 0xDF084DFA (UNRECOGNISED) at 0x4321C, setting to stub value 0xDEADBEEF
[23:40:06.770] |I| [pre_load_module]: Pre-load module SceLibc (at "sce_module/libc.suprx") loaded
[23:40:06.807] |C| [load_self]: Unknown segment type 0x6FFFFF01
[23:40:06.807] |I| [load_self]: Loaded module segment 0 @ [0x00057000 - 0x0007F928 / 0x81000000] (size: 0x00028928) of module app0:sce_module/libfios2.suprx
[23:40:06.808] |I| [load_self]: Loaded module segment 1 @ [0x00080000 - 0x000851FD / 0x81029000] (size: 0x000051FD) of module app0:sce_module/libfios2.suprx
[23:40:06.809] |I| [load_self]: Loading symbols for SELF: app0:sce_module/libfios2.suprx
[23:40:06.809] |D| [load_var_exports]: 	NID 0x6C2224BA (NID_MODULE_INFO) at 0x776A8
[23:40:06.809] |D| [load_var_exports]: 	NID 0x936C8A78 (SYSLYB) at 0x7F810
[23:40:06.810] |I| [pre_load_module]: Pre-load module SceLibFios2 (at "sce_module/libfios2.suprx") loaded
[23:40:06.857] |C| [load_self]: Unknown segment type 0x6FFFFF01
[23:40:06.857] |I| [load_self]: Loaded module segment 0 @ [0x00086000 - 0x0009A744 / 0x81000000] (size: 0x00014744) of module app0:sce_module/libult.suprx
[23:40:06.858] |I| [load_self]: Loaded module segment 1 @ [0x0009B000 - 0x0009B814 / 0x81015000] (size: 0x00000814) of module app0:sce_module/libult.suprx
[23:40:06.859] |I| [load_self]: Loading symbols for SELF: app0:sce_module/libult.suprx
[23:40:06.859] |D| [load_var_exports]: 	NID 0x6C2224BA (NID_MODULE_INFO) at 0x96658
[23:40:06.859] |D| [load_var_exports]: 	NID 0x936C8A78 (SYSLYB) at 0x990A0
[23:40:06.860] |I| [pre_load_module]: Pre-load module SceUlt (at "sce_module/libult.suprx") loaded
[23:40:06.866] |I| [load_self]: Loaded module segment 0 @ [0x0009C000 - 0x000ECF04 / 0x81000000] (size: 0x00050F04) of module vs0:sys/external/libSceFt2.suprx
[23:40:06.866] |I| [load_self]: Loaded module segment 1 @ [0x000ED000 - 0x000ED2F4 / 0x81051000] (size: 0x000002F4) of module vs0:sys/external/libSceFt2.suprx
[23:40:06.867] |I| [load_self]: Loading symbols for SELF: vs0:sys/external/libSceFt2.suprx
[23:40:06.867] |D| [load_var_exports]: 	NID 0x936C8A78 (SYSLYB) at 0xD87DC
[23:40:06.868] |D| [load_var_exports]: 	NID 0x6C2224BA (NID_MODULE_INFO) at 0xD7F10
[23:40:06.868] |I| [pre_load_module]: Pre-load module SceLibft2 (at "sys/external/libSceFt2.suprx") loaded
[23:40:06.870] |I| [load_self]: Loaded module segment 0 @ [0x000EE000 - 0x000FDF14 / 0x81000000] (size: 0x0000FF14) of module vs0:sys/external/libpvf.suprx
[23:40:06.870] |I| [load_self]: Loaded module segment 1 @ [0x000FE000 - 0x000FE008 / 0x81010000] (size: 0x00000008) of module vs0:sys/external/libpvf.suprx
[23:40:06.871] |I| [load_self]: Loading symbols for SELF: vs0:sys/external/libpvf.suprx
[23:40:06.871] |D| [load_var_exports]: 	NID 0x936C8A78 (SYSLYB) at 0xFC710
[23:40:06.871] |D| [load_var_exports]: 	NID 0x6C2224BA (NID_MODULE_INFO) at 0xFC300
[23:40:06.873] |I| [pre_load_module]: Pre-load module SceLibPvf (at "sys/external/libpvf.suprx") loaded
[23:40:06.962] |C| [load_self]: Unknown segment type 0x6FFFFF01
[23:40:06.962] |I| [load_self]: Loaded module segment 0 @ [0x81000000 - 0x813113E8 / 0x81000000] (size: 0x003113E8) of module app0:eboot.bin
[23:40:06.963] |I| [load_self]: Loaded module segment 1 @ [0x81312000 - 0x813628A0 / 0x81312000] (size: 0x000508A0) of module app0:eboot.bin
[23:40:06.963] |I| [load_self]: Loading symbols for SELF: app0:eboot.bin
[23:40:06.964] |D| [load_var_exports]: 	NID 0x6C2224BA (NID_MODULE_INFO) at 0x812AAFB0
[23:40:06.964] |D| [load_var_exports]: 	NID 0x70FBA1E7 (SCE_PROC_PARAMS) at 0x813121A8
[23:40:06.964] |I| [load_app_impl]: Main executable core (eboot.bin) loaded
[23:40:06.966] |D| [run_app]: Running module_start of library: SceLibc at address 0x4809
[23:40:06.993] |I| [run_app]: Module SceLibc (at "app0:sce_module/libc.suprx") module_start returned 0x0
[23:40:06.993] |D| [run_app]: Running module_start of library: SceLibFios2 at address 0x57001
[23:40:06.995] |W| [stubbed_impl]: Stubbed sceKernelGetProcessId import called. (pid: 0)
[23:40:06.995] |W| [unimplemented_impl]: Unimplemented sceFiosOverlayGetList02 import called.
[23:40:06.995] |I| [run_app]: Module SceLibFios2 (at "app0:sce_module/libfios2.suprx") module_start returned 0x0
[23:40:06.996] |D| [run_app]: Running module_start of library: SceUlt at address 0x895ED
[23:40:06.998] |W| [unimplemented_impl]: Unimplemented _sceUlobjMgrRegisterLibultProtocolRevision import called.
[23:40:06.998] |I| [run_app]: Module SceUlt (at "app0:sce_module/libult.suprx") module_start returned 0x0
[23:40:07.018] |W| [unimplemented_impl]: Unimplemented sceKernelChangeThreadVfpException import called.
[23:40:07.018] |W| [unimplemented_impl]: Unimplemented sceFiosOverlayThreadSetDisabled02 import called.
[23:40:07.030] |W| [unimplemented_impl]: Unimplemented sceFiosOverlayGetRecommendedScheduler02 import called.
[23:40:07.031] |I| [export_sceIoOpen]: Opening file: app0:/game_data.psarc
[23:40:07.078] |I| [export_sceIoOpen]: Opening file: app0:/game_data.psarc
[23:40:07.141] |I| [export_sceIoOpen]: Opening file: app0:/game_data.000.psarc
[23:40:07.141] |E| [open_file]: Missing file at D:/Emulateurs/Vita3K/mc/ux0/app/PCSB00222/game_data.000.psarc (target path: app0:/game_data.000.psarc)
[23:40:07.142] |W| [io_error_impl]: open_file (sceIoOpen) returned 0x80010002
[23:40:07.142] |W| [io_error_impl]: tell_file (sceIoPread) returned 0x80010018
[23:40:07.143] |W| [io_error_impl]: close_file (sceIoClose) returned 0x80010018
[23:40:07.143] |I| [load_module]: Loading module ID: 0x13
[23:40:07.144] |C| [load_self]: Unknown segment type 0x6FFFFF01
[23:40:07.144] |I| [load_self]: Loaded module segment 0 @ [0x06556000 - 0x0655908C / 0x81000000] (size: 0x0000308C) of module sys/external/libsystemgesture.suprx
[23:40:07.145] |I| [load_self]: Loaded module segment 1 @ [0x0655A000 - 0x0655ABF0 / 0x81004000] (size: 0x00000BF0) of module sys/external/libsystemgesture.suprx
[23:40:07.145] |I| [load_self]: Loading symbols for SELF: sys/external/libsystemgesture.suprx
[23:40:07.146] |D| [load_var_exports]: 	NID 0x936C8A78 (SYSLYB) at 0x6559074
[23:40:07.146] |D| [load_var_exports]: 	NID 0x6C2224BA (NID_MODULE_INFO) at 0x6558BD4
[23:40:07.146] |I| [load_module]: Module SceSystemGesture (at "sys/external/libsystemgesture.suprx") loaded
[23:40:07.147] |D| [load_module]: Running module_start of module: SceSystemGesture
[23:40:07.149] |I| [load_module]: Module SceSystemGesture (at "sys/external/libsystemgesture.suprx") module_start returned 0x0
[23:40:07.150] |W| [unimplemented_impl]: Unimplemented sceTouchGetPixelDensity2 import called.
[23:40:07.150] |W| [unimplemented_impl]: Unimplemented sceAppUtilInit import called.
[23:40:07.150] |W| [unimplemented_impl]: Unimplemented sceAppUtilAppParamGetInt import called.
[23:40:07.153] |W| [stubbed_impl]: Stubbed sceGxmMapMemory import called. (always return success)
[23:40:07.154] |W| [stubbed_impl]: Stubbed sceGxmMapFragmentUsseMemory import called. (always return success)
[23:40:07.206] |W| [stubbed_impl]: Stubbed sceGxmMapVertexUsseMemory import called. (always return success)
[23:40:07.221] |W| [unimplemented_impl]: Unimplemented sceNgsSystemSetParamErrorCallback import called.
[23:40:07.222] |W| [unimplemented_impl]: Unimplemented sceNgsVoiceSetFinishedCallback import called.
[23:40:07.222] |D| [export_sceAudioOutSetVolume]: port: 1, flag: 3, vol: 32768
[23:40:07.222] |W| [unimplemented_impl]: Unimplemented sceAudioOutSetVolume import called.
[23:40:07.223] |W| [unimplemented_impl]: Unimplemented sceKernelCreateMsgPipe import called.
[23:40:07.225] |W| [unimplemented_impl]: Unimplemented sceKernelReceiveMsgPipe import called.
[23:40:07.225] |E| [log_error_details]: Unicorn error 0x8. Invalid memory fetch (UC_ERR_FETCH_UNMAPPED)
[23:40:07.225] |E| [log_error_details]: PC: 0x00000000,   SP: 0x09d18f78,   LR: 0x81204b3d
[23:40:07.225] |W| [unimplemented_impl]: Unimplemented sceMotionStartSampling import called.
[23:40:07.226] |E| [log_error_details]: r0 : 0x00000000   r6 : 0x00000000
[23:40:07.226] |W| [unimplemented_impl]: Unimplemented sceMotionSetTiltCorrection import called.
[23:40:07.226] |E| [log_error_details]: r1 : 0xcccccccc   r7 : 0x00000000
[23:40:07.227] |E| [log_error_details]: r2 : 0x00000000   r8 : 0x00000000
[23:40:07.227] |E| [log_error_details]: r3 : 0x00000001   r9 : 0x00000000
[23:40:07.228] |E| [log_error_details]: r4 : 0x0020e180   r10: 0x00000000
[23:40:07.228] |E| [log_error_details]: r5 : 0x00000000   r11: 0x00000000
[23:40:07.228] |E| [log_error_details]: r12: 0x00000000
[23:40:07.230] |C| [log_error_details]: PC IS 0
[23:40:07.230] |I| [log_stack_frames]: stack information
[23:40:07.231] |E| [run_thread]: Thread Message Queue Thread experienced a unicorn error.
[23:40:07.232] |W| [unimplemented_impl]: Unimplemented sceNetCtlInit import called.
[23:40:07.232] |W| [stubbed_impl]: Stubbed sceNetCtlInetGetState import called. (state = SCE_NETCTL_STATE_DISCONNECTED)
[23:40:07.232] |I| [load_module]: Loading module ID: 0x4
[23:40:07.236] |C| [load_self]: Unknown segment type 0x6FFFFF01
[23:40:07.236] |I| [load_self]: Loaded module segment 0 @ [0x09E1B000 - 0x09E38150 / 0x81000000] (size: 0x0001D150) of module sys/external/libhttp.suprx
[23:40:07.237] |I| [load_self]: Loaded module segment 1 @ [0x09E39000 - 0x09E39640 / 0x8101E000] (size: 0x00000640) of module sys/external/libhttp.suprx
[23:40:07.237] |I| [load_self]: Loading symbols for SELF: sys/external/libhttp.suprx
[23:40:07.238] |D| [load_var_exports]: 	NID 0x936C8A78 (SYSLYB) at 0x9E36E68
[23:40:07.238] |D| [load_var_exports]: 	NID 0x6C2224BA (NID_MODULE_INFO) at 0x9E33CA0
[23:40:07.238] |I| [load_module]: Module SceLibHttp (at "sys/external/libhttp.suprx") loaded
[23:40:07.239] |D| [load_module]: Running module_start of module: SceLibHttp
[23:40:07.241] |I| [load_module]: Module SceLibHttp (at "sys/external/libhttp.suprx") module_start returned 0x0
[23:40:07.249] |I| [load_self]: Loaded module segment 0 @ [0x09E3C000 - 0x09EA2EA4 / 0x81000000] (size: 0x00066EA4) of module sys/external/libssl.suprx
[23:40:07.250] |I| [load_self]: Loaded module segment 1 @ [0x09EA3000 - 0x09EA7FA8 / 0x81067000] (size: 0x00004FA8) of module sys/external/libssl.suprx
[23:40:07.251] |I| [load_self]: Loading symbols for SELF: sys/external/libssl.suprx
[23:40:07.251] |D| [load_var_exports]: 	NID 0x936C8A78 (SYSLYB) at 0x9E8E9E0
[23:40:07.251] |D| [load_var_exports]: 	NID 0x6C2224BA (NID_MODULE_INFO) at 0x9E88CA0
[23:40:07.252] |I| [load_module]: Module SceLibSsl (at "sys/external/libssl.suprx") loaded
[23:40:07.252] |E| [call_import]: Import function for NID 0x9F793F84 not found (thread name: Toolkit::NP, thread ID: 94)
[23:40:07.255] |W| [unimplemented_impl]: Unimplemented sceNpBasicInit import called.
[23:40:07.255] |W| [unimplemented_impl]: Unimplemented sceNpBasicRegisterHandler import called.
[23:40:07.256] |W| [unimplemented_impl]: Unimplemented sceClibMspaceMallocStats import called.
[23:40:07.257] |W| [unimplemented_impl]: Unimplemented sceClibMspaceIsHeapEmpty import called.
[23:40:07.257] |E| [call_import]: Import function for NID 0xE340C9E2 not found (thread name: PCSB00222, thread ID: 6)
[23:40:07.258] |E| [call_import]: Import function for NID 0xE340C9E8 not found (thread name: PCSB00222, thread ID: 6)
[23:40:07.267] |W| [stubbed_impl]: Stubbed __sceAppMgrGetAppState import called. (Set to 0.)
[23:40:07.267] |W| [unimplemented_impl]: Unimplemented sceKernelTryReceiveMsgPipe import called.
[23:40:07.267] |E| [log_error_details]: Unicorn error 0x8. Invalid memory fetch (UC_ERR_FETCH_UNMAPPED)
[23:40:07.268] |E| [log_error_details]: PC: 0x00000000,   SP: 0x0013ef88,   LR: 0x81204ad7
[23:40:07.268] |E| [log_error_details]: r0 : 0x00000000   r6 : 0x0000000a
[23:40:07.268] |E| [log_error_details]: r1 : 0x00000000   r7 : 0x0020e1c0
[23:40:07.269] |E| [log_error_details]: r2 : 0x00000000   r8 : 0x81312120
[23:40:07.269] |E| [log_error_details]: r3 : 0x00000001   r9 : 0x00000000
[23:40:07.269] |E| [log_error_details]: r4 : 0x0020e180   r10: 0x00003cb3
[23:40:07.270] |E| [log_error_details]: r5 : 0x00000000   r11: 0x00000000
[23:40:07.270] |E| [log_error_details]: r12: 0x0013ef68
[23:40:07.270] |C| [log_error_details]: PC IS 0
[23:40:07.271] |I| [log_stack_frames]: stack information
[23:40:07.271] |E| [run_thread]: Thread PCSB00222 experienced a unicorn error.
[23:40:07.289] |E| [logging::ret_error_impl]: sceKernelWaitLwCond returned SCE_KERNEL_ERROR_WAIT_TIMEOUT (0x80028005)
[23:40:07.290] |W| [stubbed_impl]: Stubbed sceNetCtlCheckCallback import called. (Stub)
[23:40:07.291] |W| [stubbed_impl]: Stubbed sceNpCheckCallback import called. (Stub)
[23:40:07.291] |W| [unimplemented_impl]: Unimplemented sceKernelSendMsgPipe import called.
