[06:47:49.847] |I| [load_app_impl]: ngs experimental state: true
[06:47:49.847] |I| [load_app_impl]: video player state: true
[06:47:49.847] |I| [load_app_impl]: auto-lle: enabled
[06:47:49.848] |I| [load_app_impl]: Title: Vegas Party
[06:47:49.848] |I| [load_app_impl]: Serial: PCSB01133
[06:47:49.848] |I| [load_app_impl]: Version: 1.01
[06:47:49.848] |I| [load_app_impl]: Category: gp
[06:47:49.929] |C| [load_self]: Unknown segment type 0x6FFFFF01
[06:47:49.929] |I| [load_self]: Loaded module segment 0 @ [0x00004000 - 0x000558A4 / 0x81000000] (size: 0x000518A4) of module app0:sce_module/libc.suprx
[06:47:49.929] |I| [load_self]: Loaded module segment 1 @ [0x00056000 - 0x000588A0 / 0x81052000] (size: 0x000028A0) of module app0:sce_module/libc.suprx
[06:47:49.930] |I| [load_self]: Loading symbols for SELF: app0:sce_module/libc.suprx
[06:47:49.930] |D| [load_var_exports]: 	NID 0x936C8A78 (SYSLYB) at 0x4B314
[06:47:49.930] |D| [load_var_exports]: 	NID 0x6C2224BA (NID_MODULE_INFO) at 0x404DC
[06:47:49.930] |W| [load_var_imports]: 	NID NOT FOUND 0x93B8AA67 (UNRECOGNISED) at 0x4463C, setting to stub value 0xDEADBEEF
[06:47:49.930] |W| [load_var_imports]: 	NID NOT FOUND 0xDF084DFA (UNRECOGNISED) at 0x461D0, setting to stub value 0xDEADBEEF
[06:47:49.930] |I| [pre_load_module]: Pre-load module SceLibc (at "sce_module/libc.suprx") loaded
[06:47:49.941] |C| [load_self]: Unknown segment type 0x6FFFFF01
[06:47:49.942] |I| [load_self]: Loaded module segment 0 @ [0x0005B000 - 0x00074000 / 0x81000000] (size: 0x00019000) of module app0:sce_module/libface.suprx
[06:47:49.942] |I| [load_self]: Loaded module segment 1 @ [0x00074000 - 0x000740F8 / 0x81019000] (size: 0x000000F8) of module app0:sce_module/libface.suprx
[06:47:49.942] |I| [load_self]: Loading symbols for SELF: app0:sce_module/libface.suprx
[06:47:49.942] |D| [load_var_exports]: 	NID 0x6C2224BA (NID_MODULE_INFO) at 0x70DA4
[06:47:49.942] |D| [load_var_exports]: 	NID 0x936C8A78 (SYSLYB) at 0x73784
[06:47:49.942] |I| [pre_load_module]: Pre-load module SceFace (at "sce_module/libface.suprx") loaded
[06:47:49.947] |C| [load_self]: Unknown segment type 0x6FFFFF01
[06:47:49.947] |I| [load_self]: Loaded module segment 0 @ [0x00075000 - 0x000A1CBF / 0x81000000] (size: 0x0002CCBF) of module app0:sce_module/libfios2.suprx
[06:47:49.947] |I| [load_self]: Loaded module segment 1 @ [0x000A2000 - 0x000A7255 / 0x8102D000] (size: 0x00005255) of module app0:sce_module/libfios2.suprx
[06:47:49.947] |I| [load_self]: Loading symbols for SELF: app0:sce_module/libfios2.suprx
[06:47:49.947] |D| [load_var_exports]: 	NID 0x936C8A78 (SYSLYB) at 0xA1BC8
[06:47:49.948] |D| [load_var_exports]: 	NID 0x6C2224BA (NID_MODULE_INFO) at 0x98F08
[06:47:49.948] |I| [pre_load_module]: Pre-load module SceLibFios2 (at "sce_module/libfios2.suprx") loaded
[06:47:49.990] |C| [load_self]: Unknown segment type 0x6FFFFF01
[06:47:49.990] |I| [load_self]: Loaded module segment 0 @ [0x000A8000 - 0x002B5AF4 / 0x81000000] (size: 0x0020DAF4) of module app0:sce_module/libsmart.suprx
[06:47:49.990] |I| [load_self]: Loaded module segment 1 @ [0x002B6000 - 0x002B9444 / 0x8120E000] (size: 0x00003444) of module app0:sce_module/libsmart.suprx
[06:47:49.991] |I| [load_self]: Loading symbols for SELF: app0:sce_module/libsmart.suprx
[06:47:49.991] |D| [load_var_exports]: 	NID 0x6C2224BA (NID_MODULE_INFO) at 0x153528
[06:47:49.991] |D| [load_var_exports]: 	NID 0x936C8A78 (SYSLYB) at 0x15A90C
[06:47:49.991] |I| [pre_load_module]: Pre-load module SceSmart (at "sce_module/libsmart.suprx") loaded
[06:47:49.994] |C| [load_self]: Unknown segment type 0x6FFFFF01
[06:47:49.994] |I| [load_self]: Loaded module segment 0 @ [0x002BA000 - 0x002CD9BC / 0x81000000] (size: 0x000139BC) of module app0:sce_module/libult.suprx
[06:47:49.994] |I| [load_self]: Loaded module segment 1 @ [0x002CE000 - 0x002CE814 / 0x81014000] (size: 0x00000814) of module app0:sce_module/libult.suprx
[06:47:49.994] |I| [load_self]: Loading symbols for SELF: app0:sce_module/libult.suprx
[06:47:49.995] |D| [load_var_exports]: 	NID 0x936C8A78 (SYSLYB) at 0x2CC2E8
[06:47:49.995] |D| [load_var_exports]: 	NID 0x6C2224BA (NID_MODULE_INFO) at 0x2C9870
[06:47:49.995] |I| [pre_load_module]: Pre-load module SceUlt (at "sce_module/libult.suprx") loaded
[06:47:50.001] |I| [load_self]: Loaded module segment 0 @ [0x002CF000 - 0x0031FF04 / 0x81000000] (size: 0x00050F04) of module vs0:sys/external/libSceFt2.suprx
[06:47:50.001] |I| [load_self]: Loaded module segment 1 @ [0x00320000 - 0x003202F4 / 0x81051000] (size: 0x000002F4) of module vs0:sys/external/libSceFt2.suprx
[06:47:50.001] |I| [load_self]: Loading symbols for SELF: vs0:sys/external/libSceFt2.suprx
[06:47:50.001] |D| [load_var_exports]: 	NID 0x936C8A78 (SYSLYB) at 0x30B7DC
[06:47:50.001] |D| [load_var_exports]: 	NID 0x6C2224BA (NID_MODULE_INFO) at 0x30AF10
[06:47:50.001] |I| [pre_load_module]: Pre-load module SceLibft2 (at "sys/external/libSceFt2.suprx") loaded
[06:47:50.002] |I| [load_self]: Loaded module segment 0 @ [0x00321000 - 0x00330F14 / 0x81000000] (size: 0x0000FF14) of module vs0:sys/external/libpvf.suprx
[06:47:50.003] |I| [load_self]: Loaded module segment 1 @ [0x00331000 - 0x00331008 / 0x81010000] (size: 0x00000008) of module vs0:sys/external/libpvf.suprx
[06:47:50.003] |I| [load_self]: Loading symbols for SELF: vs0:sys/external/libpvf.suprx
[06:47:50.003] |D| [load_var_exports]: 	NID 0x936C8A78 (SYSLYB) at 0x32F710
[06:47:50.003] |D| [load_var_exports]: 	NID 0x6C2224BA (NID_MODULE_INFO) at 0x32F300
[06:47:50.003] |I| [pre_load_module]: Pre-load module SceLibPvf (at "sys/external/libpvf.suprx") loaded
[06:47:50.066] |C| [load_self]: Unknown segment type 0x6FFFFF01
[06:47:50.066] |I| [load_self]: Loaded module segment 0 @ [0x00332000 - 0x004BC32C / 0x81000000] (size: 0x0018A32C) of module app0:eboot.bin
[06:47:50.066] |I| [load_self]: Loaded module segment 1 @ [0x004BD000 - 0x0062218C / 0x8118B000] (size: 0x0016518C) of module app0:eboot.bin
[06:47:50.066] |I| [load_self]: Loading symbols for SELF: app0:eboot.bin
[06:47:50.066] |D| [load_var_exports]: 	NID 0x6C2224BA (NID_MODULE_INFO) at 0x48E94C
[06:47:50.066] |D| [load_var_exports]: 	NID 0x70FBA1E7 (SCE_PROC_PARAMS) at 0x4C74F4
[06:47:50.066] |D| [load_var_exports]: 	NID 0x936C8A78 (SYSLYB) at 0x4AD344
[06:47:50.067] |I| [load_app_impl]: Main executable Game_psVita (eboot.bin) loaded
[06:47:50.069] |D| [run_app]: Running module_start of library: SceLibc at address 0x4871
[06:47:50.073] |I| [run_app]: Module SceLibc (at "app0:sce_module/libc.suprx") module_start returned 0x0
[06:47:50.073] |D| [run_app]: Running module_start of library: SceFace at address 0x70265
[06:47:50.075] |I| [run_app]: Module SceFace (at "app0:sce_module/libface.suprx") module_start returned 0x0
[06:47:50.077] |D| [run_app]: Running module_start of library: SceLibFios2 at address 0x75001
[06:47:50.079] |W| [stubbed_impl]: Stubbed sceKernelGetProcessId import called. (pid: 0)
[06:47:50.079] |W| [unimplemented_impl]: Unimplemented sceFiosOverlayGetList02 import called.
[06:47:50.079] |I| [run_app]: Module SceLibFios2 (at "app0:sce_module/libfios2.suprx") module_start returned 0x0
[06:47:50.079] |D| [run_app]: Running module_start of library: SceSmart at address 0xA818D
[06:47:50.082] |I| [run_app]: Module SceSmart (at "app0:sce_module/libsmart.suprx") module_start returned 0x0
[06:47:50.082] |D| [run_app]: Running module_start of library: SceUlt at address 0x2BD771
[06:47:50.084] |W| [unimplemented_impl]: Unimplemented _sceUlobjMgrRegisterLibultProtocolRevision import called.
[06:47:50.084] |I| [run_app]: Module SceUlt (at "app0:sce_module/libult.suprx") module_start returned 0x0
[06:47:50.156] |W| [unimplemented_impl]: Unimplemented sceAppUtilInit import called.
[06:47:50.161] |I| [export_sceIoOpen]: Opening file: app0:/Game.pak
[06:47:50.163] |E| [call_import]: Import function for NID 0xE340C007 not found (thread name: PCSB01133, thread ID: 8)
[06:47:50.176] |W| [unimplemented_impl]: Unimplemented sceAppMgrAcquireBgmPort import called.
[06:47:50.177] |D| [export_sceNgsVoicePlay]: sceNgsVoicePlay: 1
[06:47:50.177] |W| [unimplemented_impl]: 