[06:41:13.594] |I| [load_app_impl]: ngs experimental state: true
[06:41:13.594] |I| [load_app_impl]: video player state: true
[06:41:13.594] |I| [load_app_impl]: auto-lle: enabled
[06:41:13.594] |I| [load_app_impl]: Title: Doodle Kingdom
[06:41:13.594] |I| [load_app_impl]: Serial: PCSB00556
[06:41:13.594] |I| [load_app_impl]: Version: 1.00
[06:41:13.594] |I| [load_app_impl]: Category: gd
[06:41:13.646] |C| [load_self]: Unknown segment type 0x6FFFFF01
[06:41:13.646] |I| [load_self]: Loaded module segment 0 @ [0x00004000 - 0x00053C54 / 0x81000000] (size: 0x0004FC54) of module app0:sce_module/libc.suprx
[06:41:13.646] |I| [load_self]: Loaded module segment 1 @ [0x00054000 - 0x00056688 / 0x81050000] (size: 0x00002688) of module app0:sce_module/libc.suprx
[06:41:13.646] |I| [load_self]: Loading symbols for SELF: app0:sce_module/libc.suprx
[06:41:13.647] |D| [load_var_exports]: 	NID 0x936C8A78 (SYSLYB) at 0x49744
[06:41:13.647] |D| [load_var_exports]: 	NID 0x6C2224BA (NID_MODULE_INFO) at 0x3F4F8
[06:41:13.647] |W| [load_var_imports]: 	NID NOT FOUND 0x93B8AA67 (UNRECOGNISED) at 0x43520, setting to stub value 0xDEADBEEF
[06:41:13.647] |W| [load_var_imports]: 	NID NOT FOUND 0xDF084DFA (UNRECOGNISED) at 0x450A4, setting to stub value 0xDEADBEEF
[06:41:13.647] |I| [pre_load_module]: Pre-load module SceLibc (at "sce_module/libc.suprx") loaded
[06:41:13.654] |C| [load_self]: Unknown segment type 0x6FFFFF01
[06:41:13.654] |I| [load_self]: Loaded module segment 0 @ [0x00059000 - 0x0008433C / 0x81000000] (size: 0x0002B33C) of module app0:sce_module/libfios2.suprx
[06:41:13.654] |I| [load_self]: Loaded module segment 1 @ [0x00085000 - 0x0008A23D / 0x8102C000] (size: 0x0000523D) of module app0:sce_module/libfios2.suprx
[06:41:13.654] |I| [load_self]: Loading symbols for SELF: app0:sce_module/libfios2.suprx
[06:41:13.654] |D| [load_var_exports]: 	NID 0x936C8A78 (SYSLYB) at 0x84244
[06:41:13.655] |D| [load_var_exports]: 	NID 0x6C2224BA (NID_MODULE_INFO) at 0x7B878
[06:41:13.655] |I| [pre_load_module]: Pre-load module SceLibFios2 (at "sce_module/libfios2.suprx") loaded
[06:41:13.657] |C| [load_self]: Unknown segment type 0x6FFFFF01
[06:41:13.657] |I| [load_self]: Loaded module segment 0 @ [0x0008B000 - 0x0009E9A4 / 0x81000000] (size: 0x000139A4) of module app0:sce_module/libult.suprx
[06:41:13.657] |I| [load_self]: Loaded module segment 1 @ [0x0009F000 - 0x0009F814 / 0x81014000] (size: 0x00000814) of module app0:sce_module/libult.suprx
[06:41:13.658] |I| [load_self]: Loading symbols for SELF: app0:sce_module/libult.suprx
[06:41:13.658] |D| [load_var_exports]: 	NID 0x936C8A78 (SYSLYB) at 0x9D2D0
[06:41:13.658] |D| [load_var_exports]: 	NID 0x6C2224BA (NID_MODULE_INFO) at 0x9A858
[06:41:13.658] |I| [pre_load_module]: Pre-load module SceUlt (at "sce_module/libult.suprx") loaded
[06:41:13.664] |I| [load_self]: Loaded module segment 0 @ [0x000A0000 - 0x000F0F04 / 0x81000000] (size: 0x00050F04) of module vs0:sys/external/libSceFt2.suprx
[06:41:13.664] |I| [load_self]: Loaded module segment 1 @ [0x000F1000 - 0x000F12F4 / 0x81051000] (size: 0x000002F4) of module vs0:sys/external/libSceFt2.suprx
[06:41:13.664] |I| [load_self]: Loading symbols for SELF: vs0:sys/external/libSceFt2.suprx
[06:41:13.664] |D| [load_var_exports]: 	NID 0x936C8A78 (SYSLYB) at 0xDC7DC
[06:41:13.664] |D| [load_var_exports]: 	NID 0x6C2224BA (NID_MODULE_INFO) at 0xDBF10
[06:41:13.665] |I| [pre_load_module]: Pre-load module SceLibft2 (at "sys/external/libSceFt2.suprx") loaded
[06:41:13.666] |I| [load_self]: Loaded module segment 0 @ [0x000F2000 - 0x00101F14 / 0x81000000] (size: 0x0000FF14) of module vs0:sys/external/libpvf.suprx
[06:41:13.666] |I| [load_self]: Loaded module segment 1 @ [0x00102000 - 0x00102008 / 0x81010000] (size: 0x00000008) of module vs0:sys/external/libpvf.suprx
[06:41:13.666] |I| [load_self]: Loading symbols for SELF: vs0:sys/external/libpvf.suprx
[06:41:13.666] |D| [load_var_exports]: 	NID 0x936C8A78 (SYSLYB) at 0x100710
[06:41:13.666] |D| [load_var_exports]: 	NID 0x6C2224BA (NID_MODULE_INFO) at 0x100300
[06:41:13.666] |I| [pre_load_module]: Pre-load module SceLibPvf (at "sys/external/libpvf.suprx") loaded
[06:41:13.835] |C| [load_self]: Unknown segment type 0x6FFFFF01
[06:41:13.835] |I| [load_self]: Loaded module segment 0 @ [0x00103000 - 0x005D83E4 / 0x81000000] (size: 0x004D53E4) of module app0:eboot.bin
[06:41:13.835] |I| [load_self]: Loaded module segment 1 @ [0x005D9000 - 0x0085B1C8 / 0x814D6000] (size: 0x002821C8) of module app0:eboot.bin
[06:41:13.836] |I| [load_self]: Loading symbols for SELF: app0:eboot.bin
[06:41:13.836] |D| [load_var_exports]: 	NID 0x6C2224BA (NID_MODULE_INFO) at 0x52E05C
[06:41:13.836] |D| [load_var_exports]: 	NID 0x70FBA1E7 (SCE_PROC_PARAMS) at 0x5DCA48
[06:41:13.836] |D| [load_var_exports]: 	NID 0x936C8A78 (SYSLYB) at 0x5A316C
[06:41:13.836] |I| [load_app_impl]: Main executable doodle_kingdom (eboot.bin) loaded
[06:41:13.838] |D| [run_app]: Running module_start of library: SceLibc at address 0x4871
[06:41:13.871] |I| [run_app]: Module SceLibc (at "app0:sce_module/libc.suprx") module_start returned 0x0
[06:41:13.871] |D| [run_app]: Running module_start of library: SceLibFios2 at address 0x59001
[06:41:13.873] |W| [stubbed_impl]: Stubbed sceKernelGetProcessId import called. (pid: 0)
[06:41:13.873] |W| [unimplemented_impl]: Unimplemented sceFiosOverlayGetList02 import called.
[06:41:13.873] |I| [run_app]: Module SceLibFios2 (at "app0:sce_module/libfios2.suprx") module_start returned 0x0
[06:41:13.874] |D| [run_app]: Running module_start of library: SceUlt at address 0x8E769
[06:41:13.875] |W| [unimplemented_impl]: Unimplemented _sceUlobjMgrRegisterLibultProtocolRevision import called.
[06:41:13.875] |I| [run_app]: Module SceUlt (at "app0:sce_module/libult.suprx") module_start returned 0x0
[06:41:13.920] |W| [stubbed_impl]: Stubbed sceKernelGetFreeMemorySize import called. (Single pool)
[06:41:13.922] |W| [stubbed_impl]: Stubbed sceGxmMapMemory import called. (always return success)
[06:41:13.924] |W| [stubbed_impl]: Stubbed sceGxmMapFragmentUsseMemory import called. (always return success)
[06:41:13.960] |W| [stubbed_impl]: Stubbed sceGxmMapVertexUsseMemory import called. (always return success)
[06:41:13.966] |W| [unimplemented_impl]: Unimplemented sceKernelChangeThreadVfpException import called.
[06:41:13.967] |W| [unimplemented_impl]: Unimplemented sceFiosOverlayThreadSetDisabled02 import called.
[06:41:13.976] |W| [stubbed_impl]: Stubbed sceFiosOverlayResolveWithRangeSync02 import called. (Using strncpy)
[06:41:13.978] |W| [unimplemented_impl]: Unimplemented sceFiosOverlayGetRecommendedScheduler02 import called.
[06:41:13.979] |I| [export_sceIoOpen]: Opening file: app0:/data.psarc
[06:41:13.986] |I| [export_sceIoOpen]: Opening file: app0:/data.psarc
[06:41:14.003] |W| [unimplemented_impl]: Unimplemented sceAppUtilInit import called.
[06:41:14.003] |D| [export_sceAudioOutSetVolume]: port: 1, flag: 3, vol: 32768
[06:41:14.003] |W| [unimplemented_impl]: Unimplemented sceAudioOutSetVolume import called.
[06:41:14.603] |I| [load_module]: Loading module ID: 0x4
[06:41:14.606] |C| [load_self]: Unknown segment type 0x6FFFFF01
[06:41:14.606] |I| [load_self]: Loaded module segment 0 @ [0x096DA000 - 0x096F7150 / 0x81000000] (size: 0x0001D150) of module sys/external/libhttp.suprx
[06:41:14.606] |I| [load_self]: Loaded module segment 1 @ [0x096F8000 - 0x096F8640 / 0x8101E000] (size: 0x00000640) of module sys/external/libhttp.suprx
[06:41:14.606] |I| [load_self]: Loading symbols for SELF: sys/external/libhttp.suprx
[06:41:14.606] |D| [load_var_exports]: 	NID 0x936C8A78 (SYSLYB) at 0x96F5E68
[06:41:14.606] |D| [load_var_exports]: 	NID 0x6C2224BA (NID_MODULE_INFO) at 0x96F2CA0
[06:41:14.607] |I| [load_module]: Module SceLibHttp (at "sys/external/libhttp.suprx") loaded
[06:41:14.607] |D| [load_module]: Running module_start of module: SceLibHttp
[06:41:14.609] |I| [load_module]: Module SceLibHttp (at "sys/external/libhttp.suprx") module_start returned 0x0
[06:41:14.617] |I| [load_self]: Loaded module segment 0 @ [0x096FB000 - 0x09761EA4 / 0x81000000] (size: 0x00066EA4) of module sys/external/libssl.suprx
[06:41:14.617] |I| [load_self]: Loaded module segment 1 @ [0x09762000 - 0x09766FA8 / 0x81067000] (size: 0x00004FA8) of module sys/external/libssl.suprx
[06:41:14.617] |I| [load_self]: Loading symbols for SELF: sys/external/libssl.suprx
[06:41:14.617] |D| [load_var_exports]: 	NID 0x936C8A78 (SYSLYB) at 0x974D9E0
[06:41:14.618] |D| [load_var_exports]: 	NID 0x6C2224BA (NID_MODULE_INFO) at 0x9747CA0
[06:41:14.618] |I| [load_module]: Module SceLibSsl (at "sys/external/libssl.suprx") loaded
[06:41:14.618] |W| [unimplemented_impl]: Unimplemented sceNetCtlInit import called.
[06:41:14.619] |E| [call_import]: Import function for NID 0x9F793F84 not found (thread name: PCSB00556, thread ID: 6)
[06:41:14.619] |W| [unimplemented_impl]: Unimplemented sceNpAuthInit import called.
[06:41:14.673] |I| [export_sceIoOpen]: Opening file: savedata0:temp/config.txt
[06:41:14.715] |E| [logging::ret_error_impl]: sceSaveDataDialogTerm returned SCE_COMMON_DIALOG_ERROR_NOT_IN_USE (0x80020411)
[06:41:14.716] |W| [stubbed_impl]: Stubbed sceNpTrophyCreateHandle import called. (Stubbed handle with 1)
[06:41:14.716] |W| [stubbed_impl]: Stubbed sceNpTrophyDestroyHandle import called. (Stubbed with SCE_OK)
[06:41:14.739] |I| [renderer::gl::load_shader_generic]: Generating frag shader 28861c5c11a2c5b12397f75b0ea7aa8725bbee68b405fe8eea539a0cfbbe943f
[06:41:14.742] |D| [shader::spirv_disasm_print]: SPIR-V Disassembly:
// Module Version 10500
// Generated by (magic number): 1337000
// Id's are bound by 137

                              Capability Shader
                              Capability Float16
              66:             ExtInstImport  "GLSL.std.450"
              94:             ExtInstImport  "GLSL.std.450"
             122:             ExtInstImport  "GLSL.std.450"
                              MemoryModel Logical GLSL450
                              EntryPoint Fragment 4  "main_fs" 46 48 78
                              ExecutionMode 4 OriginLowerLeft
               1:             String  "28861c5c11a2c5b12397f75b0ea7aa8725bbee68b405fe8eea539a0cfbbe943f"
                              SourceExtension  "gxp"
                              Name 4  "main_fs"
                              Name 21  "pa"
                              Name 22  "sa"
                              Name 24  "internals"
                              Name 26  "r"
                              Name 28  "p"
                              Name 30  "idx"
                              Name 31  "outs"
                              Name 33  "i"
                              Name 37  "memory"
                              Name 46  "f_mask"
                              Name 48  "gl_FragCoord"
                              Name 49  "frag_output_finalize"
                              Name 63  "unpack2xF16"
                              Name 78  "out_color"
                              Name 102  "block_prim_0"
                              Name 120  "pack2xF16"
                              Decorate 46(f_mask) Binding 1
                              Decorate 48(gl_FragCoord) BuiltIn FragCoord
                              Decorate 78(out_color) Location 0
               2:             TypeVoid
               3:             TypeFunction 2
               6:             TypeFloat 32
               7:             TypeInt 32 1
               8:             TypeBool
               9:             TypeVector 6(float) 4
              10:      7(int) Constant 32
              11:             TypeArray 9(fvec4) 10
              12:      7(int) Constant 3
              13:             TypeArray 9(fvec4) 12
              14:      7(int) Constant 20
              15:             TypeArray 9(fvec4) 14
              16:      7(int) Constant 2
              17:             TypeArray 7(int) 16
              18:      7(int) Constant 4
              19:             TypeArray 8(bool) 18
              20:             TypePointer Private 11
          21(pa):     20(ptr) Variable Private
          22(sa):     20(ptr) Variable Private
              23:             TypePointer Private 13
   24(internals):     23(ptr) Variable Private
              25:             TypePointer Private 15
           26(r):     25(ptr) Variable Private
              27:             TypePointer Private 19
           28(p):     27(ptr) Variable Private
              29:             TypePointer Private 17
         30(idx):     29(ptr) Variable Private
        31(outs):     25(ptr) Variable Private
              32:             TypePointer Function 7(int)
              34:      7(int) Constant 1
              35:             TypeArray 6(float) 34
              36:             TypePointer Private 35
      37(memory):     36(ptr) Variable Private
              38:    6(float) Constant 845558374
              39:             TypePointer Private 9(fvec4)
              40:      7(int) Constant 0
              44:             TypeImage 6(float) 2D nonsampled format:Rgba8
              45:             TypePointer UniformConstant 44
      46(f_mask):     45(ptr) Variable UniformConstant
              47:             TypePointer Input 9(fvec4)
48(gl_FragCoord):     47(ptr) Variable Input
              57:             TypeVector 6(float) 2
              60:             TypeInt 32 0
              61:             TypeFunction 57(fvec2) 6(float)
              77:             TypePointer Output 9(fvec4)
   78(out_color):     77(ptr) Variable Output
              80:             TypeVector 7(int) 4
              82:             TypeVector 7(int) 2
              86:    6(float) Constant 1056964608
              87:    9(fvec4) ConstantComposite 86 86 86 86
              95:    6(float) Constant 0
              96:    6(float) Constant 1065353216
              97:    6(float) Constant 1073741824
              98:   57(fvec2) ConstantComposite 95 95
              99:             TypeVector 6(float) 3
             100:   99(fvec3) ConstantComposite 95 95 95
             101:    9(fvec4) ConstantComposite 95 95 95 95
             118:             TypeFunction 6(float) 57(fvec2)
      4(main_fs):           2 Function None 3
               5:             Label
           33(i):     32(ptr) Variable Function
              41:     39(ptr) AccessChain 22(sa) 40
              42:    9(fvec4) Load 41
              43:    9(fvec4) VectorInsertDynamic 42 38 40
                              Store 41 43
             136:           2 FunctionCall 102(block_prim_0)
                              Return
                              FunctionEnd
49(frag_output_finalize):           2 Function None 3
              50:             Label
              51:     39(ptr) AccessChain 21(pa) 40
              52:     39(ptr) AccessChain 21(pa) 40
              53:    9(fvec4) Load 52
              54:    9(fvec4) Load 51
              55:    6(float) VectorExtractDynamic 54 40
              56:    6(float) VectorExtractDynamic 54 34
              58:   57(fvec2) CompositeConstruct 55 56
              59:    6(float) VectorExtractDynamic 58 40
              69:   57(fvec2) FunctionCall 63(unpack2xF16) 59
              70:    6(float) VectorExtractDynamic 58 34
              71:   57(fvec2) FunctionCall 63(unpack2xF16) 70
              72:    6(float) VectorExtractDynamic 69 40
              73:    6(float) VectorExtractDynamic 69 34
              74:    6(float) VectorExtractDynamic 71 40
              75:    6(float) VectorExtractDynamic 71 34
              76:    9(fvec4) CompositeConstruct 72 73 74 75
                              Store 78(out_color) 76
              79:    9(fvec4) Load 48(gl_FragCoord)
              81:   80(ivec4) ConvertFToS 79
              83:   82(ivec2) VectorShuffle 81 81 0 1
              84:          44 Load 46(f_mask)
              85:    9(fvec4) ImageRead 84 83
              88:     8(bool) FOrdLessThan 85 87
              89:     8(bool) All 88
                              SelectionMerge 91 None
                              BranchConditional 89 90 91
              90:               Label
                                Kill
              91:             Label
                              Return
                              FunctionEnd
 63(unpack2xF16):   57(fvec2) Function None 61
              62:    6(float) FunctionParameter
              64:             Label
              65:     60(int) Bitcast 62
              67:   57(fvec2) ExtInst 66(GLSL.std.450) 62(UnpackHalf2x16) 65
                              ReturnValue 67
                              FunctionEnd
102(block_prim_0):           2 Function None 3
             103:             Label
                              Line 1 1 0
             104:     39(ptr) AccessChain 22(sa) 40
             105:     39(ptr) AccessChain 22(sa) 40
             106:    9(fvec4) Load 105
             107:    9(fvec4) Load 104
             108:    6(float) VectorExtractDynamic 107 40
             109:   57(fvec2) FunctionCall 63(unpack2xF16) 108
             110:    6(float) VectorExtractDynamic 109 40
             111:    6(float) VectorExtractDynamic 109 34
             112:    6(float) VectorExtractDynamic 109 40
             113:    6(float) VectorExtractDynamic 109 34
             114:    9(fvec4) CompositeConstruct 110 111 112 113
             115:    6(float) VectorExtractDynamic 114 40
             116:    6(float) VectorExtractDynamic 114 34
             117:   57(fvec2) CompositeConstruct 115 116
             126:    6(float) FunctionCall 120(pack2xF16) 117
             127:    6(float) VectorExtractDynamic 114 16
             128:    6(float) VectorExtractDynamic 114 12
             129:   57(fvec2) CompositeConstruct 127 128
             130:    6(float) FunctionCall 120(pack2xF16) 129
             131:   57(fvec2) CompositeConstruct 126 130
             132:     39(ptr) AccessChain 21(pa) 40
             133:    9(fvec4) Load 132
             134:    9(fvec4) VectorShuffle 133 131 4 5 2 3
                              Store 132 134
             135:           2 FunctionCall 49(frag_output_finalize)
                              Return
                              FunctionEnd
  120(pack2xF16):    6(float) Function None 118
             119:   57(fvec2) FunctionParameter
             121:             Label
             123:     60(int) ExtInst 122(GLSL.std.450) 58(PackHalf2x16) 119
             124:    6(float) Bitcast 123
                              ReturnValue 124
                              FunctionEnd

[06:41:14.744] |D| [shader::convert_gxp_to_glsl]: Generated GLSL:
#version 420
#extension GL_ARB_fragment_shader_interlock : require
// Shader Name: 28861c5c11a2c5b12397f75b0ea7aa8725bbee68b405fe8eea539a0cfbbe943f
layout(early_fragment_tests) in;


layout(binding = 1, rgba8) uniform readonly image2D f_mask;

layout(location = 0) out vec4 out_color;
vec4 pa[32];
vec4 sa[32];
vec4 internals[3];
vec4 r[20];
bool p[4];
int idx[2];
vec4 outs[20];
float memory[1];

vec2 unpack2xF16(float _62)
{
    return unpackHalf2x16(floatBitsToUint(_62));
}

float pack2xF16(vec2 _119)
{
    return uintBitsToFloat(packHalf2x16(_119));
}

void frag_output_finalize()
{
    vec2 _58 = vec2(pa[0].x, pa[0].y);
    vec2 _69 = unpack2xF16(_58.x);
    vec2 _71 = unpack2xF16(_58.y);
    out_color = vec4(_69.x, _69.y, _71.x, _71.y);
    if (all(lessThan(imageLoad(f_mask, ivec4(gl_FragCoord).xy), vec4(0.5))))
    {
        discard;
    }
}

void block_prim_0()
{
    vec2 _109 = unpack2xF16(sa[0].x);
    vec4 _114 = vec4(_109.x, _109.y, _109.x, _109.y);
    vec2 _131 = vec2(pack2xF16(vec2(_114.x, _114.y)), pack2xF16(vec2(_114.z, _114.w)));
    pa[0] = vec4(_131.x, _131.y, pa[0].z, pa[0].w);
    frag_output_finalize();
}

void main()
{
    vec4 _43 = sa[0];
    _43.x = 1.3399221288068474677857011556625e-08;
    sa[0] = _43;
    block_prim_0();
}


[06:41:14.758] |I| [renderer::gl::load_shader_generic]: Generating vert shader 22245aa1924cf142879f1bc8159f718867f2b69fb6de688146116a92f60f61c9
[06:41:14.759] |D| [shader::create_parameters]: [BUFFER0  + 0] pa0 = (float4) aPosition
[06:41:14.760] |D| [shader::spirv_disasm_print]: SPIR-V Disassembly:
// Module Version 10500
// Generated by (magic number): 1337000
// Id's are bound by 123

                              Capability Shader
                              Capability Float16
              96:             ExtInstImport  "GLSL.std.450"
                              MemoryModel Logical GLSL450
                              EntryPoint Vertex 4  "main_vs" 39 46
               1:             String  "22245aa1924cf142879f1bc8159f718867f2b69fb6de688146116a92f60f61c9"
                              SourceExtension  "gxp"
                              Name 4  "main_vs"
                              Name 21  "pa"
                              Name 22  "sa"
                              Name 24  "internals"
                              Name 26  "r"
                              Name 28  "p"
                              Name 30  "idx"
                              Name 31  "outs"
                              Name 33  "i"
                              Name 37  "memory"
                              Name 39  "aPosition"
                              Name 40  "GxmRenderBufferBlock"
                              MemberName 40(GxmRenderBufferBlock) 0  "viewport_flip"
                              MemberName 40(GxmRenderBufferBlock) 1  "viewport_flag"
                              MemberName 40(GxmRenderBufferBlock) 2  "screen_width"
                              MemberName 40(GxmRenderBufferBlock) 3  "screen_height"
                              Name 42  "renderInfo"
                              Name 43  "vert_output_finalize"
                              Name 46  "v_Position"
                              Name 84  "i"
                              Name 102  "block_prim_0"
                              Decorate 39(aPosition) Location 0
                              Decorate 40(GxmRenderBufferBlock) Block
                              Decorate 40(GxmRenderBufferBlock) GLSLShared
                              MemberDecorate 40(GxmRenderBufferBlock) 0 Offset 0
                              MemberDecorate 40(GxmRenderBufferBlock) 1 Offset 16
                              MemberDecorate 40(GxmRenderBufferBlock) 2 Offset 20
                              MemberDecorate 40(GxmRenderBufferBlock) 3 Offset 24
                              Decorate 42(renderInfo) Binding 15
                              Decorate 46(v_Position) Location 0
                              Decorate 46(v_Position) BuiltIn Position
               2:             TypeVoid
               3:             TypeFunction 2
               6:             TypeFloat 32
               7:             TypeInt 32 1
               8:             TypeBool
               9:             TypeVector 6(float) 4
              10:      7(int) Constant 32
              11:             TypeArray 9(fvec4) 10
              12:      7(int) Constant 3
              13:             TypeArray 9(fvec4) 12
              14:      7(int) Constant 20
              15:             TypeArray 9(fvec4) 14
              16:      7(int) Constant 2
              17:             TypeArray 7(int) 16
              18:      7(int) Constant 4
              19:             TypeArray 8(bool) 18
              20:             TypePointer Private 11
          21(pa):     20(ptr) Variable Private
          22(sa):     20(ptr) Variable Private
              23:             TypePointer Private 13
   24(internals):     23(ptr) Variable Private
              25:             TypePointer Private 15
           26(r):     25(ptr) Variable Private
              27:             TypePointer Private 19
           28(p):     27(ptr) Variable Private
              29:             TypePointer Private 17
         30(idx):     29(ptr) Variable Private
        31(outs):     25(ptr) Variable Private
              32:             TypePointer Function 7(int)
              34:      7(int) Constant 1
              35:             TypeArray 6(float) 34
              36:             TypePointer Private 35
      37(memory):     36(ptr) Variable Private
              38:             TypePointer Input 9(fvec4)
   39(aPosition):     38(ptr) Variable Input
40(GxmRenderBufferBlock):             TypeStruct 9(fvec4) 6(float) 6(float) 6(float)
              41:             TypePointer Uniform 40(GxmRenderBufferBlock)
  42(renderInfo):     41(ptr) Variable Uniform
              45:             TypePointer Output 9(fvec4)
  46(v_Position):     45(ptr) Variable Output
              47:             TypePointer Private 9(fvec4)
              48:      7(int) Constant 0
              53:    6(float) Constant 1056964608
              54:    6(float) Constant 1065353216
              55:    6(float) Constant 3212836864
              56:    6(float) Constant 1073741824
              57:    6(float) Constant 3221225472
              58:    6(float) Constant 0
              59:             TypePointer Uniform 6(float)
              75:             TypePointer Uniform 9(fvec4)
              85:    9(fvec4) ConstantComposite 58 58 58 58
              97:             TypeInt 32 0
              98:             TypeVector 6(float) 2
              99:   98(fvec2) ConstantComposite 58 58
             100:             TypeVector 6(float) 3
             101:  100(fvec3) ConstantComposite 58 58 58
             111:   98(fvec2) ConstantComposite 54 54
      4(main_vs):           2 Function None 3
               5:             Label
           33(i):     32(ptr) Variable Function
           84(i):     32(ptr) Variable Function
              82:    9(fvec4) Load 39(aPosition)
              83:     47(ptr) AccessChain 21(pa) 48
                              Store 83 82
                              Store 84(i) 48
                              Branch 86
              86:             Label
              90:      7(int) Load 84(i)
              91:     8(bool) SLessThan 90 14
                              LoopMerge 88 89 None
                              BranchConditional 91 87 88
              87:               Label
              92:      7(int)   Load 84(i)
              93:     47(ptr)   AccessChain 31(outs) 92
                                Store 93 85
              94:      7(int)   Load 84(i)
              95:      7(int)   IAdd 94 34
                                Store 84(i) 95
                                Branch 89
              89:               Label
                                Branch 86
              88:             Label
             122:           2 FunctionCall 102(block_prim_0)
                              Return
                              FunctionEnd
43(vert_output_finalize):           2 Function None 3
              44:             Label
              49:     47(ptr) AccessChain 31(outs) 48
              50:     47(ptr) AccessChain 31(outs) 48
              51:    9(fvec4) Load 50
              52:    9(fvec4) Load 49
              60:     59(ptr) AccessChain 42(renderInfo) 34
              61:     59(ptr) AccessChain 42(renderInfo) 16
              62:     59(ptr) AccessChain 42(renderInfo) 12
              63:    6(float) Load 60
              64:     8(bool) FOrdLessThan 63 53
                              SelectionMerge 66 None
                              BranchConditional 64 65 78
              65:               Label
              67:    6(float)   Load 61
              68:    6(float)   FDiv 56 67
              69:    6(float)   Load 62
              70:    6(float)   FDiv 57 69
              71:    9(fvec4)   CompositeConstruct 68 70 54 54
              72:    9(fvec4)   CompositeConstruct 55 54 58 58
              73:    9(fvec4)   FMul 52 71
              74:    9(fvec4)   FAdd 73 72
              76:     75(ptr)   AccessChain 42(renderInfo) 48
              77:    9(fvec4)   FMul 74 76
                                Store 46(v_Position) 77
                                Branch 66
              78:               Label
              79:     75(ptr)   AccessChain 42(renderInfo) 48
              80:    9(fvec4)   FMul 52 79
                                Store 46(v_Position) 80
                                Branch 66
              66:             Label
                              Return
                              FunctionEnd
102(block_prim_0):           2 Function None 3
             103:             Label
                              Line 1 1 0
             104:     47(ptr) AccessChain 21(pa) 48
         