[19:44:30.709] |I| [load_app_impl]: ngs experimental state: true
[19:44:30.709] |I| [load_app_impl]: video player state: true
[19:44:30.710] |I| [load_app_impl]: auto-lle: enabled
[19:44:30.710] |I| [load_app_impl]: Title: Energy Cycle
[19:44:30.710] |I| [load_app_impl]: Serial: PCSB00944
[19:44:30.710] |I| [load_app_impl]: Version: 1.00
[19:44:30.710] |I| [load_app_impl]: Category: gd
[19:44:30.711] |I| [load_self]: Loaded module segment 0 @ [0x00004000 - 0x000128D8 / 0x81000000] (size: 0x0000E8D8) of module os0:us/libkernel.suprx
[19:44:30.712] |I| [load_self]: Loaded module segment 1 @ [0x00013000 - 0x00013048 / 0x8100F000] (size: 0x00000048) of module os0:us/libkernel.suprx
[19:44:30.712] |I| [load_self]: Loading symbols for SELF: os0:us/libkernel.suprx
[19:44:30.712] |D| [load_var_exports]: 	NID 0x936C8A78 (SYSLYB) at 0x10AF0
[19:44:30.712] |D| [load_var_exports]: 	NID 0x6C2224BA (NID_MODULE_INFO) at 0xF250
[19:44:30.712] |D| [load_func_exports]: 	NID 0x120AFC8C (sceKernelUnlockLwMutex2) at 0x44B1
[19:44:30.712] |D| [load_func_exports]: 	NID 0x244E76D2 (sceKernelDeleteLwMutex) at 0xEAC5
[19:44:30.712] |D| [load_func_exports]: 	NID 0x3148C6B6 (sceKernelLockLwMutexCB) at 0x438D
[19:44:30.712] |D| [load_func_exports]: 	NID 0x46E7BE7B (sceKernelLockLwMutex) at 0x4391
[19:44:30.712] |D| [load_func_exports]: 	NID 0x4846613D (sceKernelGetLwMutexInfoById) at 0xEACD
[19:44:30.713] |D| [load_func_exports]: 	NID 0x4C4672BF (sceKernelGetProcessTime) at 0x47CF
[19:44:30.713] |D| [load_func_exports]: 	NID 0x91FA6614 (sceKernelUnlockLwMutex) at 0x4437
[19:44:30.713] |D| [load_func_exports]: 	NID 0xA6A2C915 (sceKernelTryLockLwMutex) at 0x43C1
[19:44:30.713] |D| [load_func_exports]: 	NID 0xB110C123 (sceKernelGetProcessTimeWide) at 0x4799
[19:44:30.713] |D| [load_func_exports]: 	NID 0xB84EF718 (_sceKernelCreateLwMutex) at 0xEAB1
[19:44:30.713] |D| [load_func_exports]: 	NID 0xDA6EC8EF (sceKernelCreateLwMutex) at 0x56ED
[19:44:30.713] |D| [load_func_exports]: 	NID 0xE9F973B1 (sceKernelGetProcessTimeLow) at 0x4771
[19:44:30.713] |D| [load_func_exports]: 	NID 0xF7D8F1FC (sceKernelGetLwMutexInfo) at 0x44A3
[19:44:30.713] |I| [pre_load_module]: Pre-load module SceLibKernel (at "us/libkernel.suprx") loaded
[19:44:30.715] |I| [load_self]: Loaded module segment 0 @ [0x00014000 - 0x000231D4 / 0x81000000] (size: 0x0000F1D4) of module os0:us/driver_us.suprx
[19:44:30.715] |I| [load_self]: Loaded module segment 1 @ [0x00024000 - 0x0002CF40 / 0x81010000] (size: 0x00008F40) of module os0:us/driver_us.suprx
[19:44:30.715] |I| [load_self]: Loading symbols for SELF: os0:us/driver_us.suprx
[19:44:30.715] |D| [load_var_exports]: 	NID 0x936C8A78 (SYSLYB) at 0x216E4
[19:44:30.715] |D| [load_var_exports]: 	NID 0x6C2224BA (NID_MODULE_INFO) at 0x20410
[19:44:30.715] |I| [pre_load_module]: Pre-load module SceDriverUser (at "us/driver_us.suprx") loaded
[19:44:30.756] |C| [load_self]: Unknown segment type 0x6FFFFF01
[19:44:30.757] |I| [load_self]: Loaded module segment 0 @ [0x0002D000 - 0x0007E8A4 / 0x81000000] (size: 0x000518A4) of module app0:sce_module/libc.suprx
[19:44:30.757] |I| [load_self]: Loaded module segment 1 @ [0x0007F000 - 0x000818A0 / 0x81052000] (size: 0x000028A0) of module app0:sce_module/libc.suprx
[19:44:30.757] |I| [load_self]: Loading symbols for SELF: app0:sce_module/libc.suprx
[19:44:30.757] |D| [load_var_exports]: 	NID 0x936C8A78 (SYSLYB) at 0x74314
[19:44:30.757] |D| [load_var_exports]: 	NID 0x6C2224BA (NID_MODULE_INFO) at 0x694DC
[19:44:30.758] |W| [load_var_imports]: 	NID NOT FOUND 0xDF084DFA (UNRECOGNISED) at 0x6F1D0, setting to stub value 0xDEADBEEF
[19:44:30.758] |I| [pre_load_module]: Pre-load module SceLibc (at "sce_module/libc.suprx") loaded
[19:44:30.768] |C| [load_self]: Unknown segment type 0x6FFFFF01
[19:44:30.768] |I| [load_self]: Loaded module segment 0 @ [0x00083000 - 0x0009C000 / 0x81000000] (size: 0x00019000) of module app0:sce_module/libface.suprx
[19:44:30.768] |I| [load_self]: Loaded module segment 1 @ [0x0009C000 - 0x0009C0F8 / 0x81019000] (size: 0x000000F8) of module app0:sce_module/libface.suprx
[19:44:30.768] |I| [load_self]: Loading symbols for SELF: app0:sce_module/libface.suprx
[19:44:30.768] |D| [load_var_exports]: 	NID 0x6C2224BA (NID_MODULE_INFO) at 0x98DA4
[19:44:30.769] |D| [load_var_exports]: 	NID 0x936C8A78 (SYSLYB) at 0x9B784
[19:44:30.769] |I| [pre_load_module]: Pre-load module SceFace (at "sce_module/libface.suprx") loaded
[19:44:30.782] |C| [load_self]: Unknown segment type 0x6FFFFF01
[19:44:30.783] |I| [load_self]: Loaded module segment 0 @ [0x0009D000 - 0x000C9CBF / 0x81000000] (size: 0x0002CCBF) of module app0:sce_module/libfios2.suprx
[19:44:30.783] |I| [load_self]: Loaded module segment 1 @ [0x000CA000 - 0x000CF255 / 0x8102D000] (size: 0x00005255) of module app0:sce_module/libfios2.suprx
[19:44:30.783] |I| [load_self]: Loading symbols for SELF: app0:sce_module/libfios2.suprx
[19:44:30.783] |D| [load_var_exports]: 	NID 0x936C8A78 (SYSLYB) at 0xC9BC8
[19:44:30.783] |D| [load_var_exports]: 	NID 0x6C2224BA (NID_MODULE_INFO) at 0xC0F08
[19:44:30.783] |I| [pre_load_module]: Pre-load module SceLibFios2 (at "sce_module/libfios2.suprx") loaded
[19:44:30.841] |C| [load_self]: Unknown segment type 0x6FFFFF01
[19:44:30.841] |I| [load_self]: Loaded module segment 0 @ [0x000D0000 - 0x002DDAF4 / 0x81000000] (size: 0x0020DAF4) of module app0:sce_module/libsmart.suprx
[19:44:30.841] |I| [load_self]: Loaded module segment 1 @ [0x002DE000 - 0x002E1444 / 0x8120E000] (size: 0x00003444) of module app0:sce_module/libsmart.suprx
[19:44:30.842] |I| [load_self]: Loading symbols for SELF: app0:sce_module/libsmart.suprx
[19:44:30.842] |D| [load_var_exports]: 	NID 0x6C2224BA (NID_MODULE_INFO) at 0x17B528
[19:44:30.842] |D| [load_var_exports]: 	NID 0x936C8A78 (SYSLYB) at 0x18290C
[19:44:30.842] |I| [pre_load_module]: Pre-load module SceSmart (at "sce_module/libsmart.suprx") loaded
[19:44:30.846] |C| [load_self]: Unknown segment type 0x6FFFFF01
[19:44:30.846] |I| [load_self]: Loaded module segment 0 @ [0x002E2000 - 0x002F59BC / 0x81000000] (size: 0x000139BC) of module app0:sce_module/libult.suprx
[19:44:30.846] |I| [load_self]: Loaded module segment 1 @ [0x002F6000 - 0x002F6814 / 0x81014000] (size: 0x00000814) of module app0:sce_module/libult.suprx
[19:44:30.846] |I| [load_self]: Loading symbols for SELF: app0:sce_module/libult.suprx
[19:44:30.846] |D| [load_var_exports]: 	NID 0x936C8A78 (SYSLYB) at 0x2F42E8
[19:44:30.846] |D| [load_var_exports]: 	NID 0x6C2224BA (NID_MODULE_INFO) at 0x2F1870
[19:44:30.846] |I| [pre_load_module]: Pre-load module SceUlt (at "sce_module/libult.suprx") loaded
[19:44:30.852] |I| [load_self]: Loaded module segment 0 @ [0x002F7000 - 0x00347F04 / 0x81000000] (size: 0x00050F04) of module vs0:sys/external/libSceFt2.suprx
[19:44:30.853] |I| [load_self]: Loaded module segment 1 @ [0x00348000 - 0x003482F4 / 0x81051000] (size: 0x000002F4) of module vs0:sys/external/libSceFt2.suprx
[19:44:30.853] |I| [load_self]: Loading symbols for SELF: vs0:sys/external/libSceFt2.suprx
[19:44:30.853] |D| [load_var_exports]: 	NID 0x936C8A78 (SYSLYB) at 0x3337DC
[19:44:30.853] |D| [load_var_exports]: 	NID 0x6C2224BA (NID_MODULE_INFO) at 0x332F10
[19:44:30.853] |I| [pre_load_module]: Pre-load module SceLibft2 (at "sys/external/libSceFt2.suprx") loaded
[19:44:30.854] |I| [load_self]: Loaded module segment 0 @ [0x00349000 - 0x00358F14 / 0x81000000] (size: 0x0000FF14) of module vs0:sys/external/libpvf.suprx
[19:44:30.855] |I| [load_self]: Loaded module segment 1 @ [0x00359000 - 0x00359008 / 0x81010000] (size: 0x00000008) of module vs0:sys/external/libpvf.suprx
[19:44:30.855] |I| [load_self]: Loading symbols for SELF: vs0:sys/external/libpvf.suprx
[19:44:30.855] |D| [load_var_exports]: 	NID 0x936C8A78 (SYSLYB) at 0x357710
[19:44:30.855] |D| [load_var_exports]: 	NID 0x6C2224BA (NID_MODULE_INFO) at 0x357300
[19:44:30.855] |I| [pre_load_module]: Pre-load module SceLibPvf (at "sys/external/libpvf.suprx") loaded
[19:44:31.318] |C| [load_self]: Unknown segment type 0x6FFFFF01
[19:44:31.319] |I| [load_self]: Loaded module segment 0 @ [0x0035A000 - 0x01444D44 / 0x81000000] (size: 0x010EAD44) of module app0:eboot.bin
[19:44:31.319] |I| [load_self]: Loaded module segment 1 @ [0x01445000 - 0x0159AED0 / 0x820EB000] (size: 0x00155ED0) of module app0:eboot.bin
[19:44:31.319] |I| [load_self]: Loading symbols for SELF: app0:eboot.bin
[19:44:31.319] |D| [load_var_exports]: 	NID 0x6C2224BA (NID_MODULE_INFO) at 0x122CF98
[19:44:31.319] |D| [load_var_exports]: 	NID 0x70FBA1E7 (SCE_PROC_PARAMS) at 0x14571F0
[19:44:31.319] |D| [load_var_exports]: 	NID 0x936C8A78 (SYSLYB) at 0x139D654
[19:44:31.319] |W| [load_var_imports]: 	NID NOT FOUND 0x338B0BD1 (UNRECOGNISED) at 0x127C998, setting to stub value 0xDEADBEEF
[19:44:31.319] |W| [load_var_imports]: 	NID NOT FOUND 0x3A451B91 (UNRECOGNISED) at 0x127C984, setting to stub value 0xDEADBEEF
[19:44:31.320] |W| [load_var_imports]: 	NID NOT FOUND 0x550DFE23 (UNRECOGNISED) at 0x127C9AC, setting to stub value 0xDEADBEEF
[19:44:31.320] |W| [load_var_imports]: 	NID NOT FOUND 0x56354517 (UNRECOGNISED) at 0x127C94C, setting to stub value 0xDEADBEEF
[19:44:31.320] |W| [load_var_imports]: 	NID NOT FOUND 0x5EF67445 (UNRECOGNISED) at 0x127CA10, setting to stub value 0xDEADBEEF
[19:44:31.320] |W| [load_var_imports]: 	NID NOT FOUND 0x6ACA1D57 (UNRECOGNISED) at 0x127C9D4, setting to stub value 0xDEADBEEF
[19:44:31.320] |W| [load_var_imports]: 	NID NOT FOUND 0x71A78083 (UNRECOGNISED) at 0x127C970, setting to stub value 0xDEADBEEF
[19:44:31.320] |W| [load_var_imports]: 	NID NOT FOUND 0x79F9DB75 (UNRECOGNISED) at 0x127C9C0, setting to stub value 0xDEADBEEF
[19:44:31.320] |W| [load_var_imports]: 	NID NOT FOUND 0xAA0340C3 (UNRECOGNISED) at 0x127C9E8, setting to stub value 0xDEADBEEF
[19:44:31.320] |W| [load_var_imports]: 	NID NOT FOUND 0xF9A1DE92 (UNRECOGNISED) at 0x127C9FC, setting to stub value 0xDEADBEEF
[19:44:31.320] |W| [load_var_imports]: 	NID NOT FOUND 0x6EF1E48 (UNRECOGNISED) at 0x127CA24, setting to stub value 0xDEADBEEF
[19:44:31.321] |I| [load_app_impl]: Main executable UnityPlayer_552_Release (eboot.bin) loaded
[19:44:31.324] |D| [run_app]: Running module_start of library: SceLibKernel at address 0x51F9
[19:44:31.326] |W| [unimplemented_impl]: Unimplemented _sceKernelRegisterLibkernelAddresses import called.
[19:44:31.326] |W| [unimplemented_impl]: Unimplemented _sceKernelBacktrace import called.
[19:44:31.326] |I| [run_app]: Module SceLibKernel (at "os0:us/libkernel.suprx") module_start returned 0x0
[19:44:31.327] |D| [run_app]: Running module_start of library: SceDriverUser at address 0x143E5
[19:44:31.328] |W| [unimplemented_impl]: Unimplemented sceMotionDevIsReady import called.
[19:44:32.331] |I| [run_app]: Module SceDriverUser (at "os0:us/driver_us.suprx") module_start returned 0x0
[19:44:32.332] |D| [run_app]: Running module_start of library: SceLibc at address 0x2D871
[19:44:32.336] |I| [run_app]: Module SceLibc (at "app0:sce_module/libc.suprx") module_start returned 0x0
[19:44:32.336] |D| [run_app]: Running module_start of library: SceFace at address 0x98265
[19:44:32.338] |I| [run_app]: Module SceFace (at "app0:sce_module/libface.suprx") module_start returned 0x0
[19:44:32.339] |D| [run_app]: Running module_start of library: SceLibFios2 at address 0x9D001
[19:44:32.340] |W| [stubbed_impl]: Stubbed sceKernelGetProcessId import called. (pid: 0)
[19:44:32.340] |W| [unimplemented_impl]: Unimplemented sceFiosKernelOverlayGetList02 import called.
[19:44:32.340] |I| [run_app]: Module SceLibFios2 (at "app0:sce_module/libfios2.suprx") module_start returned 0x0
[19:44:32.341] |D| [run_app]: Running module_start of library: SceSmart at address 0xD018D
[19:44:32.343] |I| [run_app]: Module SceSmart (at "app0:sce_module/libsmart.suprx") module_start returned 0x0
[19:44:32.344] |D| [run_app]: Running module_start of library: SceUlt at address 0x2E5771
[19:44:32.345] |W| [unimplemented_impl]: Unimplemented _sceUlobjMgrRegisterLibultProtocolRevision import called.
[19:44:32.345] |I| [run_app]: Module SceUlt (at "app0:sce_module/libult.suprx") module_start returned 0x0
[19:44:32.348] |W| [unimplemented_impl]: Unimplemented _sceKernelRegisterThreadEventHandler import called.
[19:44:32.445] |W| [stubbed_impl]: Stubbed sceKernelGetFreeMemorySize import called. (Single pool)
[19:44:32.445] |W| [unimplemented_impl]: Unimplemented sceAppUtilInit import called.
[19:44:32.500] |C| [load_self]: Unknown segment type 0x6FFFFF01
[19:44:32.500] |I| [load_self]: Loaded module segment 0 @ [0x019F1000 - 0x019F7C9C / 0x81000000] (size: 0x00006C9C) of module app0:/Media/Modules/pthread.suprx
[19:44:32.500] |I| [load_self]: Loaded module segment 1 @ [0x019F8000 - 0x019FA178 / 0x81007000] (size: 0x00002178) of module app0:/Media/Modules/pthread.suprx
[19:44:32.500] |I| [load_self]: Loading symbols for SELF: app0:/Media/Modules/pthread.suprx
[19:44:32.500] |D| [load_var_exports]: 	NID 0x6C2224BA (NID_MODULE_INFO) at 0x19F67E4
[19:44:32.500] |D| [load_var_exports]: 	NID 0x936C8A78 (SYSLYB) at 0x19F7C98
[19:44:32.502] |I| [export__sceKernelLoadStartModule]: Module PTHREAD_PRX (at "app0:/Media/Modules/pthread.suprx") module_start returned 0x0
[19:44:32.543] |C| [load_self]: Unknown segment type 0x6FFFFF01
[19:44:32.543] |I| [load_self]: Loaded module segment 0 @ [0x019FC000 - 0x01C50694 / 0x81000000] (size: 0x00254694) of module app0:/Media/Modules/mono-vita.suprx
[19:44:32.544] |I| [load_self]: Loaded module segment 1 @ [0x01C51000 - 0x01CB8D70 / 0x81255000] (size: 0x00067D70) of module app0:/Media/Modules/mono-vita.suprx
[19:44:32.544] |I| [load_self]: Loading symbols for SELF: app0:/Media/Modules/mono-vita.suprx
[19:44:32.544] |D| [load_var_exports]: 	NID 0x6C2224BA (NID_MODULE_INFO) at 0x1B95F14
[19:44:32.544] |D| [load_var_exports]: 	NID 0x936C8A78 (SYSLYB) at 0x1C33218
[19:44:32.546] |I| [export__sceKernelLoadStartModule]: Module MONO (at "app0:/Media/Modules/mono-vita.suprx") module_start returned 0x0
[19:44:32.736] |C| [load_self]: Unknown segment type 0x6FFFFF01
[19:44:32.736] |I| [load_self]: Loaded module segment 0 @ [0x01CBA000 - 0x03326774 / 0x81000000] (size: 0x0166C774) of module app0:/Media/Modules/MonoAssembliesPSP2.suprx
[19:44:32.736] |I| [load_self]: Loaded module segment 1 @ [0x03327000 - 0x03654BD0 / 0x8266D000] (size: 0x0032DBD0) of module app0:/Media/Modules/MonoAssembliesPSP2.suprx
[19:44:32.736] |I| [load_self]: Loading symbols for SELF: app0:/Media/Modules/MonoAssembliesPSP2.suprx
[19:44:32.736] |D| [load_var_exports]: 	NID 0x6C2224BA (NID_MODULE_INFO) at 0x3238604
[19:44:32.736] |D| [load_var_exports]: 	NID 0x936C8A78 (SYSLYB) at 0x3326770
[19:44:32.739] |I| [export__sceKernelLoadStartModule]: Module MonoAssembliesPSP2 (at "app0:/Media/Modules/MonoAssembliesPSP2.suprx") module_start returned 0x0
[19:44:32.743] |C| [load_self]: Unknown segment type 0x6FFFFF01
[19:44:32.743] |I| [load_self]: Loaded module segment 0 @ [0x03656000 - 0x0365B6E0 / 0x81000000] (size: 0x000056E0) of module app0:/Media/Modules/SUPRXManager.suprx
[19:44:32.743] |I| [load_self]: Loaded module segment 1 @ [0x015E7000 - 0x015E7044 / 0x81006000] (size: 0x00000044) of module app0:/Media/Modules/SUPRXManager.suprx
[19:44:32.743] |I| [load_self]: Loading symbols for SELF: app0:/Media/Modules/SUPRXManager.suprx
[19:44:32.743] |D| [load_var_exports]: 	NID 0x6C2224BA (NID_MODULE_INFO) at 0x365AFB8
[19:44:32.743] |D| [load_var_exports]: 	NID 0x936C8A78 (SYSLYB) at 0x365B624
[19:44:32.746] |I| [export__sceKernelLoadStartModule]: Module SUPRXManager (at "app0:/Media/Modules/SUPRXManager.suprx") module_start returned 0x0
[19:44:32.746] |I| [load_module]: Loading module ID: 0x55
[19:44:32.747] |C| [load_self]: Unknown segment type 0x6FFFFF01
[19:44:32.747] |I| [load_self]: Loaded module segment 0 @ [0x0365E000 - 0x03664230 / 0x81000000] (size: 0x00006230) of module sys/external/libSceJson.suprx
[19:44:32.747] |I| [load_self]: Loaded module segment 1 @ [0x0365C000 - 0x0365C049 / 0x81007000] (size: 0x00000049) of module sys/external/libSceJson.suprx
[19:44:32.747] |I| [load_self]: Loading symbols for SELF: sys/external/libSceJson.suprx
[19:44:32.747] |D| [load_var_exports]: 	NID 0x936C8A78 (SYSLYB) at 0x36640A8
[19:44:32.748] |D| [load_var_exports]: 	NID 0x6C2224BA (NID_MODULE_INFO) at 0x3663020
[19:44:32.748] |I| [load_module]: Module SceLibJson (at "sys/external/libSceJson.suprx") loaded
[19:44:32.788] |W| [unimplemented_impl]: Unimplemented sceKernelChangeThreadVfpException import called.
[19:44:32.788] |W| [unimplemented_impl]: Unimplemented sceFiosKernelOverlayThreadSetDisabled02 import called.
[19:44:32.800] |W| [unimplemented_impl]: Unimplemented sceFiosKernelOverlayGetRecommendedScheduler02 import called.
[19:44:32.801] |I| [export__sceIoOpen]: Opening file: app0:/archive.psarc
[19:44:32.802] |E| [open_file]: Missing file at D:/Emulateurs/Vita3K/mc/ux0/app/PCSB00944/archive.psarc (target path: app0:/archive.psarc)
[19:44:32.802] |W| [io_error_impl]: open_file (_sceIoOpen) returned 0x80010002
[19:44:32.806] |I| [export__sceIoOpen]: Opening file: app0:/archive_patch.psarc
[19:44:32.806] |E| [open_file]: Missing file at D:/Emulateurs/Vita3K/mc/ux0/app/PCSB00944/archive_patch.psarc (target path: app0:/archive_patch.psarc)
[19:44:32.806] |W| [io_error_impl]: open_file (_sceIoOpen) returned 0x80010002
[19:44:32.874] |E| [open_dir]: Directory does not exist at: D:/Emulateurs/Vita3K/mc/_INVALID/ (target path: /archive/mount/point)
[19:44:32.875] |W| [io_error_impl]: open_dir (_sceIoDopen) returned 0x80010002
[19:44:32.876] |E| [open_dir]: Directory does not exist at: D:/Emulateurs/Vita3K/mc/ux0/user/00/savedata/PCSB00944/persistentdata/ (target path: savedata0:/persistentdata)
[19:44:32.876] |W| [io_error_impl]: open_dir (_sceIoDopen) returned 0x80010002
[19:44:32.882] |I| [export__sceIoOpen]: Opening file: app0:/mono/etc/mono/config
[19:44:32.882] |E| [open_file]: Missing file at D:/Emulateurs/Vita3K/mc/ux0/app/PCSB00944/mono/etc/mono/config (target path: app0:/mono/etc/mono/config)
[19:44:32.882] |W| [io_error_impl]: open_file (_sceIoOpen) returned 0x80010002
[19:44:32.882] |I| [export__sceIoOpen]: Opening file: app0:/.mono/config
[19:44:32.882] |E| [open_file]: Missing file at D:/Emulateurs/Vita3K/mc/ux0/app/PCSB00944/.mono/config (target path: app0:/.mono/config)
[19:44:32.882] |W| [io_error_impl]: open_file (_sceIoOpen) returned 0x80010002
[19:44:32.886] |I| [export__sceIoOpen]: Opening file: /proc/cpuinfo
[19:44:32.887] |E| [open_file]: Cannot find device for path: /proc/cpuinfo
[19:44:32.887] |W| [io_error_impl]: open_file (_sceIoOpen) returned 0x80010002
[19:44:32.897] |E| [call_import]: Import function for NID 0xE340C1A9 not found (thread name: Unity_main_thread, thread ID: 86)
[19:44:32.897] |I| [export__sceIoOpen]: Opening file: app0:Media/Managed/mono/config
[19:44:32.898] |E| [open_file]: Missing file at D:/Emulateurs/Vita3K/mc/ux0/app/PCSB00944/Media/Managed/mono/config (target path: app0:Media/Managed/mono/config)
[19:44:32.898] |W| [io_error_impl]: open_file (_sceIoOpen) returned 0x80010002
[19:44:32.898] |I| [export__sceIoOpen]: Opening file: app0:/.mono/config
[19:44:32.898] |E| [open_file]: Missing file at D:/Emulateurs/Vita3K/mc/ux0/app/PCSB00944/.mono/config (target path: app0:/.mono/config)
[19:44:32.898] |W| [io_error_impl]: open_file (_sceIoOpen) returned 0x80010002
[19:44:32.898] |E| [call_import]: Import function for NID 0xE340C1B2 not found (thread name: Unity_main_thread, thread ID: 86)
[19:44:32.899] |E| [call_import]: Import function for NID 0xE340C00A not found (thread name: Unity_main_thread, thread ID: 86)
[19:44:32.903] |I| [export__sceIoOpen]: Opening file: /proc/cpuinfo
[19:44:32.903] |E| [open_file]: Cannot find device for path: /proc/cpuinfo
[19:44:32.903] |W| [io_error_impl]: open_file (_sceIoOpen) returned 0x80010002
[19:44:32.905] |E| [call_import]: Import function for NID 0xE340C1B4 not found (thread name: Unity_main_thread, thread ID: 86)
[19:44:32.909] |W| [stubbed_impl]: Stubbed _sceKernelGetThreadInfo import called. (STUB)
[19:44:32.909] |W| [unimplemented_impl]: Unimplemented _sceKernelWaitException import called.
[19:44:32.910] |W| [unimplemented_impl]: Unimplemented _sceKernelGetThreadContextForVM import called.
[19:44:32.912] |W| [unimplemented_impl]: Unimplemented sceKernelCallAbortHandler import called.
[19:44:32.913] |E| [logging::ret_error_impl]: _sceKernelDeleteLwMutex returned SCE_KERNEL_ERROR_UNKNOWN_LW_MUTEX_ID (0x80028181)
[19:44:32.913] |E| [log_error_details]: Unicorn error 0xA. Invalid instruction (UC_ERR_INSN_INVALID)
[19:44:32.913] |E| [log_error_details]: PC: 0x0009826c,   SP: 0x03f7f728,   LR: 0x00005353
[19:44:32.913] |E| [log_error_details]: r0 : 0x00000000   r6 : 0x00013014
[19:44:32.913] |E| [log_error_details]: r1 : 0x03f7f730   r7 : 0x000001b8
[19:44:32.913] |E| [log_error_details]: r2 : 0x00000006   r8 : 0x00000000
[19:44:32.913] |E| [log_error_details]: r3 : 0x0009826c   r9 : 0x00000000
[19:44:32.914] |E| [log_error_details]: r4 : 0x00000003   r10: 0x00000000
[19:44:32.914] |E| [log_error_details]: r5 : 0x03f7f8f8   r11: 0x00000000
[19:44:32.914] |E| [log_error_details]: r12: 0x00000000
[19:44:32.914] |E| [log_error_details]: Executing: .byte 0x10, 0xb5
[19:44:32.914] |I| [log_stack_frames]: stack information
[19:44:32.914] |E| [run_thread]: Thread ExceptionHandlerThread experienced a unicorn error.
[19:44:32.918] |I| [export__sceIoOpen]: Opening file: app0:/app0/mscorlib.dll
[19:44:32.918] |E| [open_file]: Missing file at D:/Emulateurs/Vita3K/mc/ux0/app/PCSB00944/app0/mscorlib.dll (target path: app0:/app0/mscorlib.dll)
[19:44:32.918] |W| [io_error_impl]: open_file (_sceIoOpen) returned 0x80010002
[19:44:32.919] |I| [export__sceIoOpen]: Opening file: app0:/Media/Managed/mscorlib.dll
[19:44:32.997] |I| [export__sceIoOpen]: Opening file: app0:Media/Managed/mono/gac/policy.2.0.mscorlib/0.0.0.0__b77a5c561934e089/policy.2.0.mscorlib.dll
[19:44:32.998] |E| [open_file]: Missing file at D:/Emulateurs/Vita3K/mc/ux0/app/PCSB00944/Media/Managed/mono/gac/policy.2.0.mscorlib/0.0.0.0__b77a5c561934e089/policy.2.0.mscorlib.dll (target path: app0:Media/Managed/mono/gac/policy.2.0.mscorlib/0.0.0.0__b77a5c561934e089/policy.2.0.mscorlib.dll)
[19:44:32.998] |W| [io_error_impl]: open_file (_sceIoOpen) returned 0x80010002
[19:44:32.998] |I| [export__sceIoOpen]: Opening file: app0:/app0/mscorlib.dll
[19:44:32.999] |E| [open_file]: Missing file at D:/Emulateurs/Vita3K/mc/ux0/app/PCSB00944/app0/mscorlib.dll (target path: app0:/app0/mscorlib.dll)
[19:44:32.999] |W| [io_error_impl]: open_file (_sceIoOpen) returned 0x80010002
[19:44:32.999] |I| [export__sceIoOpen]: Opening file: app0:/Media/Managed/mscorlib.dll.config
[19:44:32.999] |E| [open_file]: Missing file at D:/Emulateurs/Vita3K/mc/ux0/app/PCSB00944/Media/Managed/mscorlib.dll.config (target path: app0:/Media/Managed/mscorlib.dll.config)
[19:44:32.999] |W| [io_error_impl]: open_file (_sceIoOpen) returned 0x80010002
[19:44:33.000] |I| [export__sceIoOpen]: Opening file: app0:Media/Managed/mono/assemblies/mscorlib/mscorlib.config
[19:44:33.000] |E| [open_file]: Missing file at D:/Emulateurs/Vita3K/mc/ux0/app/PCSB00944/Media/Managed/mono/assemblies/mscorlib/mscorlib.config (target path: app0:Media/Managed/mono/assemblies/mscorlib/mscorlib.config)
[19:44:33.000] |W| [io_error_impl]: open_file (_sceIoOpen) returned 0x80010002
[19:44:33.081] |W| [unimplemented_impl]: Unimplemented _sceKernelGetSemaInfo import called.
[19:44:33.082] |E| [call_import]: Import function for NID 0xE340C1A4 not found (thread name: Unity_main_thread, thread ID: 86)
[19:44:33.138] |W| [unimplemented_impl]: Unimplemented sceAppUtilLoadSafeMemory import called.
[19:44:33.146] |W| [stubbed_impl]: Stubbed sceKernelChangeThreadPriority import called. (STUB)
[19:44:33.154] |E| [call_import]: Import function for NID 0xE340C19F not found (thread name: Unity_main_thread, thread ID: 86)
[19:44:33.166] |W| [unimplemented_impl]: Unimplemented sceTouchEnableTouchForce import called.
[19:44:33.166] |E| [logging::ret_error_impl]: _sceKernelLockLwMutex returned SCE_KERNEL_ERROR_UNKNOWN_LW_MUTEX_ID (0x80028181)
[19:44:33.214] |E| [stat_file]: Missing file at D:/Emulateurs/Vita3K/mc/ux0/app/PCSB00944/Media/globalgamemanagers.resG (target path: app0:/Media/globalgamemanagers.resG)
[19:44:33.214] |W| [io_error_impl]: stat_file (_sceIoGetstat) returned 0x80010002
[19:44:33.215] |E| [stat_file]: Missing file at D:/Emulateurs/Vita3K/mc/ux0/app/PCSB00944/Media/globalgamemanagers.res (target path: app0:/Media/globalgamemanagers.res)
[19:44:33.215] |W| [io_error_impl]: stat_file (_sceIoGetstat) returned 0x80010002
[19:44:33.215] |E| [stat_file]: Missing file at D:/Emulateurs/Vita3K/mc/ux0/app/PCSB00944/Media/globalgamemanagers.resS (target path: app0:/Media/globalgamemanagers.resS)
[19:44:33.216] |W| [io_error_impl]: stat_file (_sceIoGetstat) returned 0x80010002
[19:44:33.222] |I| [export__sceIoOpen]: Opening file: app0:/Media/globalgamemanagers
[19:44:33.271] |W| [unimplemented_impl]: Unimplemented sceAppMgrAcquireBgmPort import called.
[19:44:33.276] |W| [stubbed_impl]: Stubbed sceGxmMapMemory import called. (always return success)
[19:44:33.315] |W| [stubbed_impl]: Stubbed sceGxmMapFragmentUsseMemory import called. (always return success)
[19:44:33.348] |W| [stubbed_impl]: Stubbed sceGxmMapVertexUsseMemory import called. (always return success)
[19:44:33.353] |W| [stubbed_impl]: Stubbed sceGxmGetRenderTargetMemSize import called. (2MB host mem)
[19:44:33.487] |W| [unimplemented_impl]: Unimplemented sceGxmSetWClampEnable import called.
[19:44:33.487] |W| [unimplemented_impl]: Unimplemented sceGxmSetWClampValue import called.
[19:44:33.509] |D| [export_sceGxmTextureInitCube]: sceGxmTextureInitCube Inimplemeted: width: 1, height: 1
[19:44:33.510] |D| [export_sceGxmTextureInitCube]: sceGxmTextureInitCube Inimplemeted: width: 1, height: 1
[19:44:33.953] |E| [stat_file]: Missing file at D:/Emulateurs/Vita3K/mc/ux0/app/PCSB00944/Media/Resources/unity default resources.resG (target path: app0:/Media/Resources/unity default resources.resG)
[19:44:33.954] |W| [io_error_impl]: stat_file (_sceIoGetstat) returned 0x80010002
[19:44:33.954] |E| [stat_file]: Missing file at D:/Emulateurs/Vita3K/mc/ux0/app/PCSB00944/Media/Resources/unity default resources.res (target path: app0:/Media/Resources/unity default resources.res)
[19:44:33.954] |W| [io_error_impl]: stat_file (_sceIoGetstat) returned 0x80010002
[19:44:33.954] |E| [stat_file]: Missing file at D:/Emulateurs/Vita3K/mc/ux0/app/PCSB00944/Media/Resources/unity default resources.resS (target path: app0:/Media/Resources/unity default resources.resS)
[19:44:33.954] |W| [io_error_impl]: stat_file (_sceIoGetstat) returned 0x80010002
[19:44:33.955] |I| [export__sceIoOpen]: Opening file: app0:/Media/Resources/unity default resources
[19:44:34.038] |W| [stubbed_impl]: Stubbed sceAudiodecTermLibrary import called. (EMPTY)
[19:44:34.038] |W| [unimplemented_impl]: Unimplemented sceSysmoduleUnloadModule import called.
[19:44:34.039] |W| [stubbed_impl]: Stubbed sceAudiodecInitLibrary import called. (EMPTY)
[19:44:34.040] |W| [unimplemented_impl]: Unimplemented sceNgsSystemSetFlags import called.
[19:44:34.050] |W| [unimplemented_impl]: Unimplemented sceNgsVoiceSetParamsBlock import called.
[19:44:34.088] |I| [export__sceIoOpen]: Opening file: app0:/Media/Managed/UnityEngine.dll
[19:44:34.122] |I| [export__sceIoOpen]: Opening file: app0:Media/Managed/mono/gac/policy.3.5.System.Core/0.0.0.0__b77a5c561934e089/policy.3.5.System.Core.dll
[19:44:34.123] |E| [open_file]: Missing file at D:/Emulateurs/Vita3K/mc/ux0/app/PCSB00944/Media/Managed/mono/gac/policy.3.5.System.Core/0.0.0.0__b77a5c561934e089/policy.3.5.System.Core.dll (target path: app0:Media/Managed/mono/gac/policy.3.5.System.Core/0.0.0.0__b77a5c561934e089/policy.3.5.System.Core.dll)
[19:44:34.123] |W| [io_error_impl]: open_file (_sceIoOpen) returned 0x80010002
[19:44:34.124] |E| [stat_file]: Cannot find device for path: app0/System.Core.dll
[19:44:34.124] |W| [io_error_impl]: stat_file (_sceIoGetstat) returned 0x80010002
[19:44:34.124] |E| [stat_file]: Cannot find device for path: app0/System.Core.exe
[19:44:34.124] |W| [io_error_impl]: stat_file (_sceIoGetstat) returned 0x80010002
[19:44:34.124] |E| [stat_file]: Cannot find device for path: app0/System.Core/System.Core.dll
[19:44:34.124] |W| [io_error_impl]: stat_file (_sceIoGetstat) returned 0x80010002
[19:44:34.124] |E| [stat_file]: Cannot find device for path: app0/System.Core/System.Core.exe
[19:44:34.124] |W| [io_error_impl]: stat_file (_sceIoGetstat) returned 0x80010002
[19:44:34.125] |E| [stat_file]: Cannot find device for path: Media/Managed/System.Core.dll
[19:44:34.125] |W| [io_error_impl]: stat_file (_sceIoGetstat) returned 0x80010002
[19:44:34.125] |E| [stat_file]: Cannot find device for path: Media/Managed/System.Core.exe
[19:44:34.125] |W| [io_error_impl]: stat_file (_sceIoGetstat) returned 0x80010002
[19:44:34.125] |E| [stat_file]: Cannot find device for path: Media/Managed/System.Core/System.Core.dll
[19:44:34.125] |W| [io_error_impl]: stat_file (_sceIoGetstat) returned 0x80010002
[19:44:34.125] |E| [stat_file]: Cannot find device for path: Media/Managed/System.Core/System.Core.exe
[19:44:34.125] |W| [io_error_impl]: stat_file (_sceIoGetstat) returned 0x80010002
[19:44:34.126] |I| [export__sceIoOpen]: Opening file: app0:Media/Managed/mono/gac/System.Core/3.5.0.0__b77a5c561934e089/System.Core.dll
[19:44:34.126] |E| [open_file]: Missing file at D:/Emulateurs/Vita3K/mc/ux0/app/PCSB00944/Media/Managed/mono/gac/System.Core/3.5.0.0__b77a5c561934e089/System.Core.dll (target path: app0:Media/Managed/mono/gac/System.Core/3.5.0.0__b77a5c561934e089/System.Core.dll)
[19:44:34.126] |W| [io_error_impl]: open_file (_sceIoOpen) returned 0x80010002
[19:44:34.126] |I| [export__sceIoOpen]: Opening file: app0:Media/Managed/System.Core.dll
[19:44:34.158] |I| [export__sceIoOpen]: Opening file: app0:Media/Managed/mono/gac/policy.2.0.System/0.0.0.0__b77a5c561934e089/policy.2.0.System.dll
[19:44:34.158] |E| [open_file]: Missing file at D:/Emulateurs/Vita3K/mc/ux0/app/PCSB00944/Media/Managed/mono/gac/policy.2.0.System/0.0.0.0__b77a5c561934e089/policy.2.0.System.dll (target path: app0:Media/Managed/mono/gac/policy.2.0.System/0.0.0.0__b77a5c561934e089/policy.2.0.System.dll)
[19:44:34.159] |W| [io_error_impl]: open_file (_sceIoOpen) returned 0x80010002
[19:44:34.159] |E| [stat_file]: Cannot find device for path: app0/System.dll
[19:44:34.159] |W| [io_error_impl]: stat_file (_sceIoGetstat) returned 0x80010002
[19:44:34.159] |E| [stat_file]: Cannot find device for path: app0/System.exe
[19:44:34.159] |W| [io_error_impl]: stat_file (_sceIoGetstat) returned 0x80010002
[19:44:34.159] |E| [stat_file]: Cannot find device for path: app0/System/System.dll
[19:44:34.159] |W| [io_error_impl]: stat_file (_sceIoGetstat) returned 0x80010002
[19:44:34.159] |E| [stat_file]: Cannot find device for path: app0/System/System.exe
[19:44:34.159] |W| [io_error_impl]: stat_file (_sceIoGetstat) returned 0x80010002
[19:44:34.160] |E| [stat_file]: Cannot find device for path: Media/Managed/System.dll
[19:44:34.160] |W| [io_error_impl]: stat_file (_sceIoGetstat) returned 0x80010002
[19:44:34.160] |E| [stat_file]: Cannot find device for path: Media/Managed/System.exe
[19:44:34.160] |W| [io_error_impl]: stat_file (_sceIoGetstat) returned 0x80010002
[19:44:34.160] |E| [stat_file]: Cannot find device for path: Media/Managed/System/System.dll
[19:44:34.160] |W| [io_error_impl]: stat_file (_sceIoGetstat) returned 0x80010002
[19:44:34.160] |E| [stat_file]: Cannot find device for path: Media/Managed/System/System.exe
[19:44:34.160] |W| [io_error_impl]: stat_file (_sceIoGetstat) returned 0x80010002
[19:44:34.160] |I| [export__sceIoOpen]: Opening file: app0:Media/Managed/mono/gac/System/2.0.0.0__b77a5c561934e089/System.dll
[19:44:34.161] |E| [open_file]: Missing file at D:/Emulateurs/Vita3K/mc/ux0/app/PCSB00944/Media/Managed/mono/gac/System/2.0.0.0__b77a5c561934e089/System.dll (target path: app0:Media/Managed/mono/gac/System/2.0.0.0__b77a5c561934e089/System.dll)
[19:44:34.161] |W| [io_error_impl]: open_file (_sceIoOpen) returned 0x80010002
[19:44:34.161] |I| [export__sceIoOpen]: Opening file: app0:Media/Managed/System.dll
[19:44:34.181] |I| [export__sceIoOpen]: Opening file: app0:Media/Managed/mono/gac/policy.2.0.Mono.Security/0.0.0.0__0738eb9f132ed756/policy.2.0.Mono.Security.dll
[19:44:34.182] |E| [open_file]: Missing file at D:/Emulateurs/Vita3K/mc/ux0/app/PCSB00944/Media/Managed/mono/gac/policy.2.0.Mono.Security/0.0.0.0__0738eb9f132ed756/policy.2.0.Mono.Security.dll (target path: app0:Media/Managed/mono/gac/policy.2.0.Mono.Security/0.0.0.0__0738eb9f132ed756/policy.2.0.Mono.Security.dll)
[19:44:34.182] |W| [io_error_impl]: open_file (_sceIoOpen) returned 0x80010002
[19:44:34.182] |E| [stat_file]: Cannot find device for path: app0/Mono.Security.dll
[19:44:34.182] |W| [io_error_impl]: stat_file (_sceIoGetstat) returned 0x80010002
[19:44:34.182] |E| [stat_file]: Cannot find device for path: app0/Mono.Security.exe
[19:44:34.182] |W| [io_error_impl]: stat_file (_sceIoGetstat) returned 0x80010002
[19:44:34.183] |E| [stat_file]: Cannot find device for path: app0/Mono.Security/Mono.Security.dll
[19:44:34.183] |W| [io_error_impl]: stat_file (_sceIoGetstat) returned 0x80010002
[19:44:34.183] |E| [stat_file]: Cannot find device for path: app0/Mono.Security/Mono.Security.exe
[19:44:34.183] |W| [io_error_impl]: stat_file (_sceIoGetstat) returned 0x80010002
[19:44:34.183] |E| [stat_file]: Cannot find device for path: Media/Managed/Mono.Security.dll
[19:44:34.183] |W| [io_error_impl]: stat_file (_sceIoGetstat) returned 0x80010002
[19:44:34.183] |E| [stat_file]: Cannot find device for path: Media/Managed/Mono.Security.exe
[19:44:34.183] |W| [io_error_impl]: stat_file (_sceIoGetstat) returned 0x80010002
[19:44:34.183] |E| [stat_file]: Cannot find device for path: Media/Managed/Mono.Security/Mono.Security.dll
[19:44:34.184] |W| [io_error_impl]: stat_file (_sceIoGetstat) returned 0x80010002
[19:44:34.184] |E| [stat_file]: Cannot find device for path: Media/Managed/Mono.Security/Mono.Security.exe
[19:44:34.184] |W| [io_error_impl]: stat_file (_sceIoGetstat) returned 0x80010002
[19:44:34.184] |I| [export__sceIoOpen]: Opening file: app0:Media/Managed/mono/gac/Mono.Security/2.0.0.0__0738eb9f132ed756/Mono.Security.dll
[19:44:34.184] |E| [open_file]: Missing file at D:/Emulateurs/Vita3K/mc/ux0/app/PCSB00944/Media/Managed/mono/gac/Mono.Security/2.0.0.0__0738eb9f132ed756/Mono.Security.dll (target path: app0:Media/Managed/mono/gac/Mono.Security/2.0.0.0__0738eb9f132ed756/Mono.Security.dll)
[19:44:34.184] |W| [io_error_impl]: open_file (_sceIoOpen) returned 0x80010002
[19:44:34.184] |I| [export__sceIoOpen]: Opening file: app0:Media/Managed/Mono.Security.dll
[19:44:34.190] |I| [export__sceIoOpen]: Opening file: app0:Media/Managed/Mono.Security.dll.config
[19:44:34.191] |E| [open_file]: Missing file at D:/Emulateurs/Vita3K/mc/ux0/app/PCSB00944/Media/Managed/Mono.Security.dll.config (target path: app0:Media/Managed/Mono.Security.dll.config)
[19:44:34.191] |W| [io_error_impl]: open_file (_sceIoOpen) returned 0x80010002
[19:44:34.191] |I| [export__sceIoOpen]: Opening file: app0:Media/Managed/mono/assemblies/Mono.Security/Mono.Security.config
[19:44:34.191] |E| [open_file]: Missing file at D:/Emulateurs/Vita3K/mc/ux0/app/PCSB00944/Media/Managed/mono/assemblies/Mono.Security/Mono.Security.config (target path: app0:Media/Managed/mono/assemblies/Mono.Security/Mono.Security.config)
[19:44:34.191] |W| [io_error_impl]: open_file (_sceIoOpen) returned 0x80010002
[19:44:34.191] |I| [export__sceIoOpen]: Opening file: app0:Media/Managed/mono/gac/policy.2.0.System.Configuration/0.0.0.0__b03f5f7f11d50a3a/policy.2.0.System.Configuration.dll
[19:44:34.192] |E| [open_file]: Missing file at D:/Emulateurs/Vita3K/mc/ux0/app/PCSB00944/Media/Managed/mono/gac/policy.2.0.System.Configuration/0.0.0.0__b03f5f7f11d50a3a/policy.2.0.System.Configuration.dll (target path: app0:Media/Managed/mono/gac/policy.2.0.System.Configuration/0.0.0.0__b03f5f7f11d50a3a/policy.2.0.System.Configuration.dll)
[19:44:34.192] |W| [io_error_impl]: open_file (_sceIoOpen) returned 0x80010002
[19:44:34.192] |E| [stat_file]: Cannot find device for path: app0/System.Configuration.dll
[19:44:34.192] |W| [io_error_impl]: stat_file (_sceIoGetstat) returned 0x80010002
[19:44:34.192] |E| [stat_file]: Cannot find device for path: app0/System.Configuration.exe
[19:44:34.192] |W| [io_error_impl]: stat_file (_sceIoGetstat) returned 0x80010002
[19:44:34.192] |E| [stat_file]: Cannot find device for path: app0/System.Configuration/System.Configuration.dll
[19:44:34.192] |W| [io_error_impl]: stat_file (_sceIoGetstat) returned 0x80010002
[19:44:34.193] |E| [stat_file]: Cannot find device for path: app0/System.Configuration/System.Configuration.exe
[19:44:34.193] |W| [io_error_impl]: stat_file (_sceIoGetstat) returned 0x80010002
[19:44:34.196] |E| [stat_file]: Cannot find device for path: Media/Managed/System.Configuration.dll
[19:44:34.196] |W| [io_error_impl]: stat_file (_sceIoGetstat) returned 0x80010002
[19:44:34.196] |E| [stat_file]: Cannot find device for path: Media/Managed/System.Configuration.exe
[19:44:34.196] |W| [io_error_impl]: stat_file (_sceIoGetstat) returned 0x80010002
[19:44:34.196] |E| [stat_file]: Cannot find device for path: Media/Managed/System.Configuration/System.Configuration.dll
[19:44:34.196] |W| [io_error_impl]: stat_file (_sceIoGetstat) returned 0x80010002
[19:44:34.197] |E| [stat_file]: Cannot find device for path: Media/Managed/System.Configuration/System.Configuration.exe
[19:44:34.197] |W| [io_error_impl]: stat_file (_sceIoGetstat) returned 0x80010002
[19:44:34.197] |I| [export__sceIoOpen]: Opening file: app0:Media/Managed/mono/gac/System.Configuration/2.0.0.0__b03f5f7f11d50a3a/System.Configuration.dll
[19:44:34.197] |E| [open_file]: Missing file at D:/Emulateurs/Vita3K/mc/ux0/app/PCSB00944/Media/Managed/mono/gac/System.Configuration/2.0.0.0__b03f5f7f11d50a3a/System.Configuration.dll (target path: app0:Media/Managed/mono/gac/System.Configuration/2.0.0.0__b03f5f7f11d50a3a/System.Configuration.dll)
[19:44:34.197] |W| [io_error_impl]: open_file (_sceIoOpen) returned 0x80010002
[19:44:34.197] |I| [export__sceIoOpen]: Opening file: app0:Media/Managed/System.Configuration.dll
[19:44:34.210] |I| [export__sceIoOpen]: Opening file: app0:Media/Managed/mono/gac/policy.2.0.System.Xml/0.0.0.0__b77a5c561934e089/policy.2.0.System.Xml.dll
[19:44:34.211] |E| [open_file]: Missing file at D:/Emulateurs/Vita3K/mc/ux0/app/PCSB00944/Media/Managed/mono/gac/policy.2.0.System.Xml/0.0.0.0__b77a5c561934e089/policy.2.0.System.Xml.dll (target path: app0:Media/Managed/mono/gac/policy.2.0.System.Xml/0.0.0.0__b77a5c561934e089/policy.2.0.System.Xml.dll)
[19:44:34.211] |W| [io_error_impl]: open_file (_sceIoOpen) returned 0x80010002
[19:44:34.211] |E| [stat_file]: Cannot find device for path: app0/System.Xml.dll
[19:44:34.211] |W| [io_error_impl]: stat_file (_sceIoGetstat) returned 0x80010002
[19:44:34.211] |E| [stat_file]: Cannot find device for path: app0/System.Xml.exe
[19:44:34.211] |W| [io_error_impl]: stat_file (_sceIoGetstat) returned 0x80010002
[19:44:34.211] |E| [stat_file]: Cannot find device for path: app0/System.Xml/System.Xml.dll
[19:44:34.211] |W| [io_error_impl]: stat_file (_sceIoGetstat) returned 0x80010002
[19:44:34.212] |E| [stat_file]: Cannot find device for path: app0/System.Xml/System.Xml.exe
[19:44:34.212] |W| [io_error_impl]: stat_file (_sceIoGetstat) returned 0x80010002
[19:44:34.212] |E| [stat_file]: Cannot find device for path: Media/Managed/System.Xml.dll
[19:44:34.212] |W| [io_error_impl]: stat_file (_sceIoGetstat) returned 0x80010002
[19:44:34.212] |E| [stat_file]: Cannot find device for path: Media/Managed/System.Xml.exe
[19:44:34.212] |W| [io_error_impl]: stat_file (_sceIoGetstat) returned 0x80010002
[19:44:34.212] |E| [stat_file]: Cannot find device for path: Media/Managed/System.Xml/System.Xml.dll
[19:44:34.213] |W| [io_error_impl]: stat_file (_sceIoGetstat) returned 0x80010002
[19:44:34.213] |E| [stat_file]: Cannot find device for path: Media/Managed/System.Xml/System.Xml.exe
[19:44:34.213] |W| [io_error_impl]: stat_file (_sceIoGetstat) returned 0x80010002
[19:44:34.213] |I| [export__sceIoOpen]: Opening file: app0:Media/Managed/mono/gac/System.Xml/2.0.0.0__b77a5c561934e089/System.Xml.dll
[19:44:34.213] |E| [open_file]: Missing file at D:/Emulateurs/Vita3K/mc/ux0/app/PCSB00944/Media/Managed/mono/gac/System.Xml/2.0.0.0__b77a5c561934e089/System.Xml.dll (target path: app0:Media/Managed/mono/gac/System.Xml/2.0.0.0__b77a5c561934e089/System.Xml.dll)
[19:44:34.213] |W| [io_error_impl]: open_file (_sceIoOpen) returned 0x80010002
[19:44:34.213] |I| [export__sceIoOpen]: Opening file: app0:Media/Managed/System.Xml.dll
[19:44:34.229] |I| [export__sceIoOpen]: Opening file: app0:Media/Managed/System.Xml.dll.config
[19:44:34.229] |E| [open_file]: Missing file at D:/Emulateurs/Vita3K/mc/ux0/app/PCSB00944/Media/Managed/System.Xml.dll.config (target path: app0:Media/Managed/System.Xml.dll.config)
[19:44:34.229] |W| [io_error_impl]: open_file (_sceIoOpen) returned 0x80010002
[19:44:34.230] |I| [export__sceIoOpen]: Opening file: app0:Media/Managed/mono/assemblies/System.Xml/System.Xml.config
[19:44:34.230] |E| [open_file]: Missing file at D:/Emulateurs/Vita3K/mc/ux0/app/PCSB00944/Media/Managed/mono/assemblies/System.Xml/System.Xml.config (target path: app0:Media/Managed/mono/assemblies/System.Xml/System.Xml.config)
[19:44:34.230] |W| [io_error_impl]: open_file (_sceIoOpen) returned 0x80010002
[19:44:34.230] |I| [export__sceIoOpen]: Opening file: app0:Media/Managed/mono/gac/policy.2.0.System.Security/0.0.0.0__b03f5f7f11d50a3a/policy.2.0.System.Security.dll
[19:44:34.230] |E| [open_file]: Missing file at D:/Emulateurs/Vita3K/mc/ux0/app/PCSB00944/Media/Managed/mono/gac/policy.2.0.System.Security/0.0.0.0__b03f5f7f11d50a3a/policy.2.0.System.Security.dll (target path: app0:Media/Managed/mono/gac/policy.2.0.System.Security/0.0.0.0__b03f5f7f11d50a3a/policy.2.0.System.Security.dll)
[19:44:34.230] |W| [io_error_impl]: open_file (_sceIoOpen) returned 0x80010002
[19:44:34.231] |E| [stat_file]: Cannot find device for path: app0/System.Security.dll
[19:44:34.231] |W| [io_error_impl]: stat_file (_sceIoGetstat) returned 0x80010002
[19:44:34.231] |E| [stat_file]: Cannot find device for path: app0/System.Security.exe
[19:44:34.231] |W| [io_error_impl]: stat_file (_sceIoGetstat) returned 0x80010002
[19:44:34.231] |E| [stat_file]: Cannot find device for path: app0/System.Security/System.Security.dll
[19:44:34.231] |W| [io_error_impl]: stat_file (_sceIoGetstat) returned 0x80010002
[19:44:34.231] |E| [stat_file]: Cannot find device for path: app0/System.Security/System.Security.exe
[19:44:34.231] |W| [io_error_impl]: stat_file (_sceIoGetstat) returned 0x80010002
[19:44:34.231] |E| [stat_file]: Cannot find device for path: Media/Managed/System.Security.dll
[19:44:34.231] |W| [io_error_impl]: stat_file (_sceIoGetstat) returned 0x80010002
[19:44:34.232] |E| [stat_file]: Cannot find device for path: Media/Managed/System.Security.exe
[19:44:34.232] |W| [io_error_impl]: stat_file (_sceIoGetstat) returned 0x80010002
[19:44:34.232] |E| [stat_file]: Cannot find device for path: Media/Managed/System.Security/System.Security.dll
[19:44:34.232] |W| [io_error_impl]: stat_file (_sceIoGetstat) returned 0x80010002
[19:44:34.232] |E| [stat_file]: Cannot find device for path: Media/Managed/System.Security/System.Security.exe
[19:44:34.232] |W| [io_error_impl]: stat_file (_sceIoGetstat) returned 0x80010002
[19:44:34.232] |I| [export__sceIoOpen]: Opening file: app0:Media/Managed/mono/gac/System.Security/2.0.0.0__b03f5f7f11d50a3a/System.Security.dll
[19:44:34.232] |E| [open_file]: Missing file at D:/Emulateurs/Vita3K/mc/ux0/app/PCSB00944/Media/Managed/mono/gac/System.Security/2.0.0.0__b03f5f7f11d50a3a/System.Security.dll (target path: app0:Media/Managed/mono/gac/System.Security/2.0.0.0__b03f5f7f11d50a3a/System.Security.dll)
[19:44:34.233] |W| [io_error_impl]: open_file (_sceIoOpen) returned 0x80010002
[19:44:34.233] |I| [export__sceIoOpen]: Opening file: app0:Media/Managed/System.Security.dll
[19:44:34.235] |I| [export__sceIoOpen]: Opening file: app0:Media/Managed/System.Security.dll.config
[19:44:34.235] |E| [open_file]: Missing file at D:/Emulateurs/Vita3K/mc/ux0/app/PCSB00944/Media/Managed/System.Security.dll.config (target path: app0:Media/Managed/System.Security.dll.config)
[19:44:34.235] |W| [io_error_impl]: open_file (_sceIoOpen) returned 0x80010002
[19:44:34.235] |I| [export__sceIoOpen]: Opening file: app0:Media/Managed/mono/assemblies/System.Security/System.Security.config
[19:44:34.235] |E| [open_file]: Missing file at D:/Emulateurs/Vita3K/mc/ux0/app/PCSB00944/Media/Managed/mono/assemblies/System.Security/System.Security.config (target path: app0:Media/Managed/mono/assemblies/System.Security/System.Security.config)
[19:44:34.235] |W| [io_error_impl]: open_file (_sceIoOpen) returned 0x80010002
[19:44:34.235] |I| [export__sceIoOpen]: Opening file: app0:Media/Managed/System.Configuration.dll.config
[19:44:34.235] |E| [open_file]: Missing file at D:/Emulateurs/Vita3K/mc/ux0/app/PCSB00944/Media/Managed/System.Configuration.dll.config (target path: app0:Media/Managed/System.Configuration.dll.config)
[19:44:34.236] |W| [io_error_impl]: open_file (_sceIoOpen) returned 0x80010002
[19:44:34.236] |I| [export__sceIoOpen]: Opening file: app0:Media/Managed/mono/assemblies/System.Configuration/System.Configuration.config
[19:44:34.236] |E| [open_file]: Missing file at D:/Emulateurs/Vita3K/mc/ux0/app/PCSB00944/Media/Managed/mono/assemblies/System.Configuration/System.Configuration.config (target path: app0:Media/Managed/mono/assemblies/System.Configuration/System.Configuration.config)
[19:44:34.236] |W| [io_error_impl]: open_file (_sceIoOpen) returned 0x80010002
[19:44:34.236] |I| [export__sceIoOpen]: Opening file: app0:Media/Managed/System.dll.config
[19:44:34.236] |E| [open_file]: Missing file at D:/Emulateurs/Vita3K/mc/ux0/app/PCSB00944/Media/Managed/System.dll.config (target path: app0:Media/Managed/System.dll.config)
[19:44:34.236] |W| [io_error_impl]: open_file (_sceIoOpen) returned 0x80010002
[19:44:34.236] |I| [export__sceIoOpen]: Opening file: app0:Media/Managed/mono/assemblies/System/System.config
[19:44:34.237] |E| [open_file]: Missing file at D:/Emulateurs/Vita3K/mc/ux0/app/PCSB00944/Media/Managed/mono/assemblies/System/System.config (target path: app0:Media/Managed/mono/assemblies/System/System.config)
[19:44:34.237] |W| [io_error_impl]: open_file (_sceIoOpen) returned 0x80010002
[19:44:34.237] |I| [export__sceIoOpen]: Opening file: app0:Media/Managed/mono/gac/policy.2.0.Mono.Posix/0.0.0.0__0738eb9f132ed756/policy.2.0.Mono.Posix.dll
[19:44:34.237] |E| [open_file]: Missing file at D:/Emulateurs/Vita3K/mc/ux0/app/PCSB00944/Media/Managed/mono/gac/policy.2.0.Mono.Posix/0.0.0.0__0738eb9f132ed756/policy.2.0.Mono.Posix.dll (target path: app0:Media/Managed/mono/gac/policy.2.0.Mono.Posix/0.0.0.0__0738eb9f132ed756/policy.2.0.Mono.Posix.dll)
[19:44:34.237] |W| [io_error_impl]: open_file (_sceIoOpen) returned 0x80010002
[19:44:34.237] |E| [stat_file]: Cannot find device for path: app0/Mono.Posix.dll
[19:44:34.237] |W| [io_error_impl]: stat_file (_sceIoGetstat) returned 0x80010002
[19:44:34.238] |E| [stat_file]: Cannot find device for path: app0/Mono.Posix.exe
[19:44:34.238] |W| [io_error_impl]: stat_file (_sceIoGetstat) returned 0x80010002
[19:44:34.238] |E| [stat_file]: Cannot find device for path: app0/Mono.Posix/Mono.Posix.dll
[19:44:34.238] |W| [io_error_impl]: stat_file (_sceIoGetstat) returned 0x80010002
[19:44:34.238] |E| [stat_file]: Cannot find device for path: app0/Mono.Posix/Mono.Posix.exe
[19:44:34.238] |W| [io_error_impl]: stat_file (_sceIoGetstat) returned 0x80010002
[19:44:34.238] |E| [stat_file]: Cannot find device for path: Media/Managed/Mono.Posix.dll
[19:44:34.238] |W| [io_error_impl]: stat_file (_sceIoGetstat) returned 0x80010002
[19:44:34.238] |E| [stat_file]: Cannot find device for path: Media/Managed/Mono.Posix.exe
[19:44:34.238] |W| [io_error_impl]: stat_file (_sceIoGetstat) returned 0x80010002
[19:44:34.239] |E| [stat_file]: Cannot find device for path: Media/Managed/Mono.Posix/Mono.Posix.dll
[19:44:34.239] |W| [io_error_impl]: stat_file (_sceIoGetstat) returned 0x80010002
[19:44:34.239] |E| [stat_file]: Cannot find device for path: Media/Managed/Mono.Posix/Mono.Posix.exe
[19:44:34.239] |W| [io_error_impl]: stat_file (_sceIoGetstat) returned 0x80010002
[19:44:34.239] |I| [export__sceIoOpen]: Opening file: app0:Media/Managed/mono/gac/Mono.Posix/2.0.0.0__0738eb9f132ed756/Mono.Posix.dll
[19:44:34.239] |E| [open_file]: Missing file at D:/Emulateurs/Vita3K/mc/ux0/app/PCSB00944/Media/Managed/mono/gac/Mono.Posix/2.0.0.0__0738eb9f132ed756/Mono.Posix.dll (target path: app0:Media/Managed/mono/gac/Mono.Posix/2.0.0.0__0738eb9f132ed756/Mono.Posix.dll)
[19:44:34.243] |W| [io_error_impl]: open_file (_sceIoOpen) returned 0x80010002
[19:44:34.243] |I| [export__sceIoOpen]: Opening file: app0:Media/Managed/Mono.Posix.dll
[19:44:34.254] |I| [export__sceIoOpen]: Opening file: app0:Media/Managed/Mono.Posix.dll.config
[19:44:34.254] |E| [open_file]: Missing file at D:/Emulateurs/Vita3K/mc/ux0/app/PCSB00944/Media/Managed/Mono.Posix.dll.config (target path: app0:Media/Managed/Mono.Posix.dll.config)
[19:44:34.254] |W| [io_error_impl]: open_file (_sceIoOpen) returned 0x80010002
[19:44:34.254] |I| [export__sceIoOpen]: Opening file: app0:Media/Managed/mono/assemblies/Mono.Posix/Mono.Posix.config
[19:44:34.254] |E| [open_file]: Missing file at D:/Emulateurs/Vita3K/mc/ux0/app/PCSB00944/Media/Managed/mono/assemblies/Mono.Posix/Mono.Posix.config (target path: app0:Media/Managed/mono/assemblies/Mono.Posix/Mono.Posix.config)
[19:44:34.255] |W| [io_error_impl]: open_file (_sceIoOpen) returned 0x80010002
[19:44:34.255] |I| [export__sceIoOpen]: Opening file: app0:Media/Managed/System.Core.dll.config
[19:44:34.257] |E| [open_file]: Missing file at D:/Emulateurs/Vita3K/mc/ux0/app/PCSB00944/Media/Managed/System.Core.dll.config (target path: app0:Media/Managed/System.Core.dll.config)
[19:44:34.257] |W| [io_error_impl]: open_file (_sceIoOpen) returned 0x80010002
[19:44:34.257] |I| [export__sceIoOpen]: Opening file: app0:Media/Managed/mono/assemblies/System.Core/System.Core.config
[19:44:34.257] |E| [open_file]: Missing file at D:/Emulateurs/Vita3K/mc/ux0/app/PCSB00944/Media/Managed/mono/assemblies/System.Core/System.Core.config (target path: app0:Media/Managed/mono/assemblies/System.Core/System.Core.config)
[19:44:34.257] |W| [io_error_impl]: open_file (_sceIoOpen) returned 0x80010002
[19:44:34.257] |I| [export__sceIoOpen]: Opening file: app0:/Media/Managed/UnityEngine.dll.config
[19:44:34.258] |E| [open_file]: Missing file at D:/Emulateurs/Vita3K/mc/ux0/app/PCSB00944/Media/Managed/UnityEngine.dll.config (target path: app0:/Media/Managed/UnityEngine.dll.config)
[19:44:34.258] |W| [io_error_impl]: open_file (_sceIoOpen) returned 0x80010002
[19:44:34.258] |I| [export__sceIoOpen]: Opening file: app0:Media/Managed/mono/assemblies/UnityEngine/UnityEngine.config
[19:44:34.258] |E| [open_file]: Missing file at D:/Emulateurs/Vita3K/mc/ux0/app/PCSB00944/Media/Managed/mono/assemblies/UnityEngine/UnityEngine.config (target path: app0:Media/Managed/mono/assemblies/UnityEngine/UnityEngine.config)
[19:44:34.258] |W| [io_error_impl]: open_file (_sceIoOpen) returned 0x80010002
[19:44:34.264] |I| [export__sceIoOpen]: Opening file: app0:Media/Managed/mono/gac/policy.2.0.mscorlib/0.0.0.0__b77a5c561934e089/policy.2.0.mscorlib.dll
[19:44:34.264] |E| [open_file]: Missing file at D:/Emulateurs/Vita3K/mc/ux0/app/PCSB00944/Media/Managed/mono/gac/policy.2.0.mscorlib/0.0.0.0__b77a5c561934e089/policy.2.0.mscorlib.dll (target path: app0:Media/Managed/mono/gac/policy.2.0.mscorlib/0.0.0.0__b77a5c561934e089/policy.2.0.mscorlib.dll)
[19:44:34.264] |W| [io_error_impl]: open_file (_sceIoOpen) returned 0x80010002
[19:44:34.358] |W| [unimplemented_impl]: Unimplemented sceKernelSuspendThreadForVM import called.
[19:44:34.359] |W| [unimplemented_impl]: Unimplemented sceKernelResumeThreadForVM import called.
[19:44:34.371] |E| [call_import]: Import function for NID 0xE340C1A2 not found (thread name: Unity_main_thread, thread ID: 86)
[19:44:34.371] |I| [export__sceIoOpen]: Opening file: app0:/Media/Managed/Assembly-CSharp.dll
[19:44:34.394] |E| [stat_file]: Cannot find device for path: app0/SonyNP.dll
[19:44:34.394] |W| [io_error_impl]: stat_file (_sceIoGetstat) returned 0x80010002
[19:44:34.394] |E| [stat_file]: Cannot find device for path: app0/SonyNP.exe
[19:44:34.394] |W| [io_error_impl]: stat_file (_sceIoGetstat) returned 0x80010002
[19:44:34.396] |E| [stat_file]: Cannot find device for path: app0/SonyNP/SonyNP.dll
[19:44:34.396] |W| [io_error_impl]: stat_file (_sceIoGetstat) returned 0x80010002
[19:44:34.396] |E| [stat_file]: Cannot find device for path: app0/SonyNP/SonyNP.exe
[19:44:34.396] |W| [io_error_impl]: stat_file (_sceIoGetstat) returned 0x80010002
[19:44:34.396] |E| [stat_file]: Cannot find device for path: Media/Managed/SonyNP.dll
[19:44:34.396] |W| [io_error_impl]: stat_file (_sceIoGetstat) returned 0x80010002
[19:44:34.397] |E| [stat_file]: Cannot find device for path: Media/Managed/SonyNP.exe
[19:44:34.397] |W| [io_error_impl]: stat_file (_sceIoGetstat) returned 0x80010002
[19:44:34.397] |E| [stat_file]: Cannot find device for path: Media/Managed/SonyNP/SonyNP.dll
[19:44:34.397] |W| [io_error_impl]: stat_file (_sceIoGetstat) returned 0x80010002
[19:44:34.397] |E| [stat_file]: Cannot find device for path: Media/Managed/SonyNP/SonyNP.exe
[19:44:34.397] |W| [io_error_impl]: stat_file (_sceIoGetstat) returned 0x80010002
[19:44:34.397] |I| [export__sceIoOpen]: Opening file: app0:Media/Managed/SonyNP.dll
[19:44:34.404] |I| [export__sceIoOpen]: Opening file: app0:Media/Managed/SonyNP.dll.config
[19:44:34.405] |E| [open_file]: Missing file at D:/Emulateurs/Vita3K/mc/ux0/app/PCSB00944/Media/Managed/SonyNP.dll.config (target path: app0:Media/Managed/SonyNP.dll.config)
[19:44:34.405] |W| [io_error_impl]: open_file (_sceIoOpen) returned 0x80010002
[19:44:34.405] |I| [export__sceIoOpen]: Opening file: app0:Media/Managed/mono/assemblies/SonyNP/SonyNP.config
[19:44:34.405] |E| [open_file]: Missing file at D:/Emulateurs/Vita3K/mc/ux0/app/PCSB00944/Media/Managed/mono/assemblies/SonyNP/SonyNP.config (target path: app0:Media/Managed/mono/assemblies/SonyNP/SonyNP.config)
[19:44:34.405] |W| [io_error_impl]: open_file (_sceIoOpen) returned 0x80010002
[19:44:34.405] |E| [stat_file]: Cannot find device for path: app0/SonyVitaSavedGames.dll
[19:44:34.406] |W| [io_error_impl]: stat_file (_sceIoGetstat) returned 0x80010002
[19:44:34.406] |E| [stat_file]: Cannot find device for path: app0/SonyVitaSavedGames.exe
[19:44:34.406] |W| [io_error_impl]: stat_file (_sceIoGetstat) returned 0x80010002
[19:44:34.406] |E| [stat_file]: Cannot find device for path: app0/SonyVitaSavedGames/SonyVitaSavedGames.dll
[19:44:34.406] |W| [io_error_impl]: stat_file (_sceIoGetstat) returned 0x80010002
[19:44:34.406] |E| [stat_file]: Cannot find device for path: app0/SonyVitaSavedGames/SonyVitaSavedGames.exe
[19:44:34.406] |W| [io_error_impl]: stat_file (_sceIoGetstat) returned 0x80010002
[19:44:34.406] |E| [stat_file]: Cannot find device for path: Media/Managed/SonyVitaSavedGames.dll
[19:44:34.406] |W| [io_error_impl]: stat_file (_sceIoGetstat) returned 0x80010002
[19:44:34.406] |E| [stat_file]: Cannot find device for path: Media/Managed/SonyVitaSavedGames.exe
[19:44:34.407] |W| [io_error_impl]: stat_file (_sceIoGetstat) returned 0x80010002
[19:44:34.407] |E| [stat_file]: Cannot find device for path: Media/Managed/SonyVitaSavedGames/SonyVitaSavedGames.dll
[19:44:34.407] |W| [io_error_impl]: stat_file (_sceIoGetstat) returned 0x80010002
[19:44:34.407] |E| [stat_file]: Cannot find device for path: Media/Managed/SonyVitaSavedGames/SonyVitaSavedGames.exe
[19:44:34.407] |W| [io_error_impl]: stat_file (_sceIoGetstat) returned 0x80010002
[19:44:34.407] |I| [export__sceIoOpen]: Opening file: app0:Media/Managed/SonyVitaSavedGames.dll
[19:44:34.413] |I| [export__sceIoOpen]: Opening file: app0:Media/Managed/SonyVitaSavedGames.dll.config
[19:44:34.413] |E| [open_file]: Missing file at D:/Emulateurs/Vita3K/mc/ux0/app/PCSB00944/Media/Managed/SonyVitaSavedGames.dll.config (target path: app0:Media/Managed/SonyVitaSavedGames.dll.config)
[19:44:34.413] |W| [io_error_impl]: open_file (_sceIoOpen) returned 0x80010002
[19:44:34.414] |I| [export__sceIoOpen]: Opening file: app0:Media/Managed/mono/assemblies/SonyVitaSavedGames/SonyVitaSavedGames.config
[19:44:34.414] |E| [open_file]: Missing file at D:/Emulateurs/Vita3K/mc/ux0/app/PCSB00944/Media/Managed/mono/assemblies/SonyVitaSavedGames/SonyVitaSavedGames.config (target path: app0:Media/Managed/mono/assemblies/SonyVitaSavedGames/SonyVitaSavedGames.config)
[19:44:34.414] |W| [io_error_impl]: open_file (_sceIoOpen) returned 0x80010002
[19:44:34.414] |E| [stat_file]: Cannot find device for path: app0/UnityEngine.UI.dll
[19:44:34.414] |W| [io_error_impl]: stat_file (_sceIoGetstat) returned 0x80010002
[19:44:34.414] |E| [stat_file]: Cannot find device for path: app0/UnityEngine.UI.exe
[19:44:34.414] |W| [io_error_impl]: stat_file (_sceIoGetstat) returned 0x80010002
[19:44:34.415] |E| [stat_file]: Cannot find device for path: app0/UnityEngine.UI/UnityEngine.UI.dll
[19:44:34.415] |W| [io_error_impl]: stat_file (_sceIoGetstat) returned 0x80010002
[19:44:34.415] |E| [stat_file]: Cannot find device for path: app0/UnityEngine.UI/UnityEngine.UI.exe
[19:44:34.415] |W| [io_error_impl]: stat_file (_sceIoGetstat) returned 0x80010002
[19:44:34.415] |E| [stat_file]: Cannot find device for path: Media/Managed/UnityEngine.UI.dll
[19:44:34.415] |W| [io_error_impl]: stat_file (_sceIoGetstat) returned 0x80010002
[19:44:34.415] |E| [stat_file]: Cannot find device for path: Media/Managed/UnityEngine.UI.exe
[19:44:34.415] |W| [io_error_impl]: stat_file (_sceIoGetstat) returned 0x80010002
[19:44:34.415] |E| [stat_file]: Cannot find device for path: Media/Managed/UnityEngine.UI/UnityEngine.UI.dll
[19:44:34.415] |W| [io_error_impl]: stat_file (_sceIoGetstat) returned 0x80010002
[19:44:34.416] |E| [stat_file]: Cannot find device for path: Media/Managed/UnityEngine.UI/UnityEngine.UI.exe
[19:44:34.416] |W| [io_error_impl]: stat_file (_sceIoGetstat) returned 0x80010002
[19:44:34.416] |I| [export__sceIoOpen]: Opening file: app0:Media/Managed/UnityEngine.UI.dll
[19:44:34.427] |I| [export__sceIoOpen]: Opening file: app0:Media/Managed/UnityEngine.UI.dll.config
[19:44:34.429] |E| [open_file]: Missing file at D:/Emulateurs/Vita3K/mc/ux0/app/PCSB00944/Media/Managed/UnityEngine.UI.dll.config (target path: app0:Media/Managed/UnityEngine.UI.dll.config)
[19:44:34.429] |W| [io_error_impl]: open_file (_sceIoOpen) returned 0x80010002
[19:44:34.429] |I| [export__sceIoOpen]: Opening file: app0:Media/Managed/mono/assemblies/UnityEngine.UI/UnityEngine.UI.config
[19:44:34.429] |E| [open_file]: Missing file at D:/Emulateurs/Vita3K/mc/ux0/app/PCSB00944/Media/Managed/mono/assemblies/UnityEngine.UI/UnityEngine.UI.config (target path: app0:Media/Managed/mono/assemblies/UnityEngine.UI/UnityEngine.UI.config)
[19:44:34.429] |W| [io_error_impl]: open_file (_sceIoOpen) returned 0x80010002
[19:44:34.430] |I| [export__sceIoOpen]: Opening file: app0:/Media/Managed/Assembly-CSharp.dll.config
[19:44:34.430] |E| [open_file]: Missing file at D:/Emulateurs/Vita3K/mc/ux0/app/PCSB00944/Media/Managed/Assembly-CSharp.dll.config (target path: app0:/Media/Managed/Assembly-CSharp.dll.config)
[19:44:34.430] |W| [io_error_impl]: open_file (_sceIoOpen) returned 0x80010002
[19:44:34.430] |I| [export__sceIoOpen]: Opening file: app0:Media/Managed/mono/assemblies/Assembly-CSharp/Assembly-CSharp.config
[19:44:34.430] |E| [open_file]: Missing file at D:/Emulateurs/Vita3K/mc/ux0/app/PCSB00944/Media/Managed/mono/assemblies/Assembly-CSharp/Assembly-CSharp.config (target path: app0:Media/Managed/mono/assemblies/Assembly-CSharp/Assembly-CSharp.config)
[19:44:34.430] |W| [io_error_impl]: open_file (_sceIoOpen) returned 0x80010002
[19:44:34.430] |E| [call_import]: Import function for NID 0xE340C1A0 not found (thread name: Unity_main_thread, thread ID: 86)
[19:44:34.431] |I| [export__sceIoOpen]: Opening file: app0:/Media/Managed/Assembly-UnityScript.dll
[19:44:34.442] |E| [stat_file]: Cannot find device for path: app0/UnityScript.Lang.dll
[19:44:34.444] |W| [io_error_impl]: stat_file (_sceIoGetstat) returned 0x80010002
[19:44:34.444] |E| [stat_file]: Cannot find device for path: app0/UnityScript.Lang.exe
[19:44:34.444] |W| [io_error_impl]: stat_file (_sceIoGetstat) returned 0x80010002
[19:44:34.444] |E| [stat_file]: Cannot find device for path: app0/UnityScript.Lang/UnityScript.Lang.dll
[19:44:34.444] |W| [io_error_impl]: stat_file (_sceIoGetstat) returned 0x80010002
[19:44:34.445] |E| [stat_file]: Cannot find device for path: app0/UnityScript.Lang/UnityScript.Lang.exe
[19:44:34.445] |W| [io_error_impl]: stat_file (_sceIoGetstat) returned 0x80010002
[19:44:34.445] |E| [stat_file]: Cannot find device for path: Media/Managed/UnityScript.Lang.dll
[19:44:34.445] |W| [io_error_impl]: stat_file (_sceIoGetstat) returned 0x80010002
[19:44:34.445] |E| [stat_file]: Cannot find device for path: Media/Managed/UnityScript.Lang.exe
[19:44:34.445] |W| [io_error_impl]: stat_file (_sceIoGetstat) returned 0x80010002
[19:44:34.446] |E| [stat_file]: Cannot find device for path: Media/Managed/UnityScript.Lang/UnityScript.Lang.dll
[19:44:34.446] |W| [io_error_impl]: stat_file (_sceIoGetstat) returned 0x80010002
[19:44:34.446] |E| [stat_file]: Cannot find device for path: Media/Managed/UnityScript.Lang/UnityScript.Lang.exe
[19:44:34.446] |W| [io_error_impl]: stat_file (_sceIoGetstat) returned 0x80010002
[19:44:34.446] |I| [export__sceIoOpen]: Opening file: app0:Media/Managed/UnityScript.Lang.dll
[19:44:34.454] |I| [export__sceIoOpen]: Opening file: app0:Media/Managed/mono/gac/policy.2.0.Boo.Lang/0.0.0.0__32c39770e9a21a67/policy.2.0.Boo.Lang.dll
[19:44:34.454] |E| [open_file]: Missing file at D:/Emulateurs/Vita3K/mc/ux0/app/PCSB00944/Media/Managed/mono/gac/policy.2.0.Boo.Lang/0.0.0.0__32c39770e9a21a67/policy.2.0.Boo.Lang.dll (target path: app0:Media/Managed/mono/gac/policy.2.0.Boo.Lang/0.0.0.0__32c39770e9a21a67/policy.2.0.Boo.Lang.dll)
[19:44:34.454] |W| [io_error_impl]: open_file (_sceIoOpen) returned 0x80010002
[19:44:34.454] |E| [stat_file]: Cannot find device for path: app0/Boo.Lang.dll
[19:44:34.454] |W| [io_error_impl]: stat_file (_sceIoGetstat) returned 0x80010002
[19:44:34.454] |E| [stat_file]: Cannot find device for path: app0/Boo.Lang.exe
[19:44:34.454] |W| [io_error_impl]: stat_file (_sceIoGetstat) returned 0x80010002
[19:44:34.455] |E| [stat_file]: Cannot find device for path: app0/Boo.Lang/Boo.Lang.dll
[19:44:34.455] |W| [io_error_impl]: stat_file (_sceIoGetstat) returned 0x80010002
[19:44:34.455] |E| [stat_file]: Cannot find device for path: app0/Boo.Lang/Boo.Lang.exe
[19:44:34.455] |W| [io_error_impl]: stat_file (_sceIoGetstat) returned 0x80010002
[19:44:34.455] |E| [stat_file]: Cannot find device for path: Media/Managed/Boo.Lang.dll
[19:44:34.455] |W| [io_error_impl]: stat_file (_sceIoGetstat) returned 0x80010002
[19:44:34.455] |E| [stat_file]: Cannot find device for path: Media/Managed/Boo.Lang.exe
[19:44:34.455] |W| [io_error_impl]: stat_file (_sceIoGetstat) returned 0x80010002
[19:44:34.455] |E| [stat_file]: Cannot find device for path: Media/Managed/Boo.Lang/Boo.Lang.dll
[19:44:34.456] |W| [io_error_impl]: stat_file (_sceIoGetstat) returned 0x80010002
[19:44:34.456] |E| [stat_file]: Cannot find device for path: Media/Managed/Boo.Lang/Boo.Lang.exe
[19:44:34.456] |W| [io_error_impl]: stat_file (_sceIoGetstat) returned 0x80010002
[19:44:34.456] |I| [export__sceIoOpen]: Opening file: app0:Media/Managed/mono/gac/Boo.Lang/2.0.9.5__32c39770e9a21a67/Boo.Lang.dll
[19:44:34.456] |E| [open_file]: Missing file at D:/Emulateurs/Vita3K/mc/ux0/app/PCSB00944/Media/Managed/mono/gac/Boo.Lang/2.0.9.5__32c39770e9a21a67/Boo.Lang.dll (target path: app0:Media/Managed/mono/gac/Boo.Lang/2.0.9.5__32c39770e9a21a67/Boo.Lang.dll)
[19:44:34.456] |W| [io_error_impl]: open_file (_sceIoOpen) returned 0x80010002
[19:44:34.460] |I| [export__sceIoOpen]: Opening file: app0:Media/Managed/Boo.Lang.dll
[19:44:34.469] |I| [export__sceIoOpen]: Opening file: app0:Media/Managed/Boo.Lang.dll.config
[19:44:34.469] |E| [open_file]: Missing file at D:/Emulateurs/Vita3K/mc/ux0/app/PCSB00944/Media/Managed/Boo.Lang.dll.config (target path: app0:Media/Managed/Boo.Lang.dll.config)
[19:44:34.470] |W| [io_error_impl]: open_file (_sceIoOpen) returned 0x80010002
[19:44:34.470] |I| [export__sceIoOpen]: Opening file: app0:Media/Managed/mono/assemblies/Boo.Lang/Boo.Lang.config
[19:44:34.470] |E| [open_file]: Missing file at D:/Emulateurs/Vita3K/mc/ux0/app/PCSB00944/Media/Managed/mono/assemblies/Boo.Lang/Boo.Lang.config (target path: app0:Media/Managed/mono/assemblies/Boo.Lang/Boo.Lang.config)
[19:44:34.470] |W| [io_error_impl]: open_file (_sceIoOpen) returned 0x80010002
[19:44:34.470] |I| [export__sceIoOpen]: Opening file: app0:Media/Managed/UnityScript.Lang.dll.config
[19:44:34.470] |E| [open_file]: Missing file at D:/Emulateurs/Vita3K/mc/ux0/app/PCSB00944/Media/Managed/UnityScript.Lang.dll.config (target path: app0:Media/Managed/UnityScript.Lang.dll.config)
[19:44:34.470] |W| [io_error_impl]: open_file (_sceIoOpen) returned 0x80010002
[19:44:34.470] |I| [export__sceIoOpen]: Opening file: app0:Media/Managed/mono/assemblies/UnityScript.Lang/UnityScript.Lang.config
[19:44:34.471] |E| [open_file]: Missing file at D:/Emulateurs/Vita3K/mc/ux0/app/PCSB00944/Media/Managed/mono/assemblies/UnityScript.Lang/UnityScript.Lang.config (target path: app0:Media/Managed/mono/assemblies/UnityScript.Lang/UnityScript.Lang.config)
[19:44:34.471] |W| [io_error_impl]: open_file (_sceIoOpen) returned 0x80010002
[19:44:34.471] |I| [export__sceIoOpen]: Opening file: app0:/Media/Managed/Assembly-UnityScript.dll.config
[19:44:34.471] |E| [open_file]: Missing file at D:/Emulateurs/Vita3K/mc/ux0/app/PCSB00944/Media/Managed/Assembly-UnityScript.dll.config (target path: app0:/Media/Managed/Assembly-UnityScript.dll.config)
[19:44:34.471] |W| [io_error_impl]: open_file (_sceIoOpen) returned 0x80010002
[19:44:34.471] |I| [export__sceIoOpen]: Opening file: app0:Media/Managed/mono/assemblies/Assembly-UnityScript/Assembly-UnityScript.config
[19:44:34.471] |E| [open_file]: Missing file at D:/Emulateurs/Vita3K/mc/ux0/app/PCSB00944/Media/Managed/mono/assemblies/Assembly-UnityScript/Assembly-UnityScript.config (target path: app0:Media/Managed/mono/assemblies/Assembly-UnityScript/Assembly-UnityScript.config)
[19:44:34.471] |W| [io_error_impl]: open_file (_sceIoOpen) returned 0x80010002
[19:44:34.472] |I| [export__sceIoOpen]: Opening file: app0:/Media/Managed/UnityEngine.UI.dll
[19:44:34.473] |I| [export__sceIoOpen]: Opening file: app0:Media/Managed/UnityEngine.UI.dll.config
[19:44:34.475] |E| [open_file]: Missing file at D:/Emulateurs/Vita3K/mc/ux0/app/PCSB00944/Media/Managed/UnityEngine.UI.dll.config (target path: app0:Media/Managed/UnityEngine.UI.dll.config)
[19:44:34.475] |W| [io_error_impl]: open_file (_sceIoOpen) returned 0x80010002
[19:44:34.476] |I| [export__sceIoOpen]: Opening file: app0:Media/Managed/mono/assemblies/UnityEngine.UI/UnityEngine.UI.config
[19:44:34.476] |E| [open_file]: Missing file at D:/Emulateurs/Vita3K/mc/ux0/app/PCSB00944/Media/Managed/mono/assemblies/UnityEngine.UI/UnityEngine.UI.config (target path: app0:Media/Managed/mono/assemblies/UnityEngine.UI/UnityEngine.UI.config)
[19:44:34.476] |W| [io_error_impl]: open_file (_sceIoOpen) returned 0x80010002
[19:44:34.477] |I| [export__sceIoOpen]: Opening file: app0:/Media/Managed/UnityEngine.Networking.dll
[19:44:34.479] |I| [export__sceIoOpen]: Opening file: app0:/Media/Managed/UnityEngine.Networking.dll.config
[19:44:34.479] |E| [open_file]: Missing file at D:/Emulateurs/Vita3K/mc/ux0/app/PCSB00944/Media/Managed/UnityEngine.Networking.dll.config (target path: app0:/Media/Managed/UnityEngine.Networking.dll.config)
[19:44:34.479] |W| [io_error_impl]: open_file (_sceIoOpen) returned 0x80010002
[19:44:34.479] |I| [export__sceIoOpen]: Opening file: app0:Media/Managed/mono/assemblies/UnityEngine.Networking/UnityEngine.Networking.config
[19:44:34.480] |E| [open_file]: Missing file at D:/Emulateurs/Vita3K/mc/ux0/app/PCSB00944/Media/Managed/mono/assemblies/UnityEngine.Networking/UnityEngine.Networking.config (target path: app0:Media/Managed/mono/assemblies/UnityEngine.Networking/UnityEngine.Networking.config)
[19:44:34.480] |W| [io_error_impl]: open_file (_sceIoOpen) returned 0x80010002
[19:44:34.480] |I| [export__sceIoOpen]: Opening file: app0:/Media/Managed/SonyNP.dll
[19:44:34.481] |I| [export__sceIoOpen]: Opening file: app0:Media/Managed/SonyNP.dll.config
[19:44:34.481] |E| [open_file]: Missing file at D:/Emulateurs/Vita3K/mc/ux0/app/PCSB00944/Media/Managed/SonyNP.dll.config (target path: app0:Media/Managed/SonyNP.dll.config)
[19:44:34.481] |W| [io_error_impl]: open_file (_sceIoOpen) returned 0x80010002
[19:44:34.481] |I| [export__sceIoOpen]: Opening file: app0:Media/Managed/mono/assemblies/SonyNP/SonyNP.config
[19:44:34.481] |E| [open_file]: Missing file at D:/Emulateurs/Vita3K/mc/ux0/app/PCSB00944/Media/Managed/mono/assemblies/SonyNP/SonyNP.config (target path: app0:Media/Managed/mono/assemblies/SonyNP/SonyNP.config)
[19:44:34.481] |W| [io_error_impl]: open_file (_sceIoOpen) returned 0x80010002
[19:44:34.482] |I| [export__sceIoOpen]: Opening file: app0:/Media/Managed/SonyVitaSavedGames.dll
[19:44:34.482] |I| [export__sceIoOpen]: Opening file: app0:Media/Managed/SonyVitaSavedGames.dll.config
[19:44:34.482] |E| [open_file]: Missing file at D:/Emulateurs/Vita3K/mc/ux0/app/PCSB00944/Media/Managed/SonyVitaSavedGames.dll.config (target path: app0:Media/Managed/SonyVitaSavedGames.dll.config)
[19:44:34.482] |W| [io_error_impl]: open_file (_sceIoOpen) returned 0x80010002
[19:44:34.482] |I| [export__sceIoOpen]: Opening file: app0:Media/Managed/mono/assemblies/SonyVitaSavedGames/SonyVitaSavedGames.config
[19:44:34.483] |E| [open_file]: Missing file at D:/Emulateurs/Vita3K/mc/ux0/app/PCSB00944/Media/Managed/mono/assemblies/SonyVitaSavedGames/SonyVitaSavedGames.config (target path: app0:Media/Managed/mono/assemblies/SonyVitaSavedGames/SonyVitaSavedGames.config)
[19:44:34.483] |W| [io_error_impl]: open_file (_sceIoOpen) returned 0x80010002
[19:44:34.483] |E| [call_import]: Import function for NID 0xE340C1A1 not found (thread name: Unity_main_thread, thread ID: 86)
[19:44:34.487] |E| [call_import]: Import function for NID 0xE340C1A6 not found (thread name: Unity_main_thread, thread ID: 86)
[19:44:34.487] |E| [call_import]: Import function for NID 0xE340C1A5 not found (thread name: Unity_main_thread, thread ID: 86)
[19:44:34.512] |E| [call_import]: Import function for NID 0xE340C1AA not found (thread name: Unity_main_thread, thread ID: 86)
[19:44:34.578] |E| [call_import]: Import function for NID 0xE340C1A3 not found (thread name: Unity_main_thread, thread ID: 86)
[19:44:34.629] |E| [stat_file]: Missing file at D:/Emulateurs/Vita3K/mc/ux0/app/PCSB00944/Media/globalgamemanagers.assets.resG (target path: app0:/Media/globalgamemanagers.assets.resG)
[19:44:34.630] |W| [io_error_impl]: stat_file (_sceIoGetstat) returned 0x80010002
[19:44:34.631] |E| [stat_file]: Missing file at D:/Emulateurs/Vita3K/mc/ux0/app/PCSB00944/Media/globalgamemanagers.assets.res (target path: app0:/Media/globalgamemanagers.assets.res)
[19:44:34.631] |W| [io_error_impl]: stat_file (_sceIoGetstat) returned 0x80010002
[19:44:34.631] |E| [stat_file]: Missing file at D:/Emulateurs/Vita3K/mc/ux0/app/PCSB00944/Media/globalgamemanagers.assets.resS (target path: app0:/Media/globalgamemanagers.assets.resS)
[19:44:34.631] |W| [io_error_impl]: stat_file (_sceIoGetstat) returned 0x80010002
[19:44:34.634] |I| [export__sceIoOpen]: Opening file: app0:/Media/globalgamemanagers.assets
[19:44:34.670] |E| [stat_file]: Missing file at D:/Emulateurs/Vita3K/mc/ux0/app/PCSB00944/Media/Resources/unity_builtin_extra.resG (target path: app0:/Media/Resources/unity_builtin_extra.resG)
[19:44:34.671] |W| [io_error_impl]: stat_file (_sceIoGetstat) returned 0x80010002
[19:44:34.671] |E| [stat_file]: Missing file at D:/Emulateurs/Vita3K/mc/ux0/app/PCSB00944/Media/Resources/unity_builtin_extra.res (target path: app0:/Media/Resources/unity_builtin_extra.res)
[19:44:34.671] |W| [io_error_impl]: stat_file (_sceIoGetstat) returned 0x80010002
[19:44:34.672] |E| [stat_file]: Missing file at D:/Emulateurs/Vita3K/mc/ux0/app/PCSB00944/Media/Resources/unity_builtin_extra.resS (target path: app0:/Media/Resources/unity_builtin_extra.resS)
[19:44:34.672] |W| [io_error_impl]: stat_file (_sceIoGetstat) returned 0x80010002
[19:44:34.672] |I| [export__sceIoOpen]: Opening file: app0:/Media/Resources/unity_builtin_extra
[19:44:34.754] |E| [call_import]: Import function for NID 0xE340C1A8 not found (thread name: Unity_main_thread, thread ID: 86)
[19:44:34.756] |E| [call_import]: Import function for NID 0xE340C1AD not found (thread name: Unity_main_thread, thread ID: 86)
[19:44:34.766] |E| [call_import]: Import function for NID 0xE340C1AB not found (thread name: Unity_main_thread, thread ID: 86)
[19:44:34.891] |I| [export__sceIoOpen]: Opening file: app0:Media/Managed/mono/gac/policy.3.5.System.Core/0.0.0.0__b77a5c561934e089/policy.3.5.System.Core.dll
[19:44:34.892] |E| [open_file]: Missing file at D:/Emulateurs/Vita3K/mc/ux0/app/PCSB00944/Media/Managed/mono/gac/policy.3.5.System.Core/0.0.0.0__b77a5c561934e089/policy.3.5.System.Core.dll (target path: app0:Media/Managed/mono/gac/policy.3.5.System.Core/0.0.0.0__b77a5c561934e089/policy.3.5.System.Core.dll)
[19:44:34.892] |W| [io_error_impl]: open_file (_sceIoOpen) returned 0x80010002
[19:44:34.896] |I| [export__sceIoOpen]: Opening file: app0:Media/Managed/mono/gac/policy.2.0.System/0.0.0.0__b77a5c561934e089/policy.2.0.System.dll
[19:44:34.896] |E| [open_file]: Missing file at D:/Emulateurs/Vita3K/mc/ux0/app/PCSB00944/Media/Managed/mono/gac/policy.2.0.System/0.0.0.0__b77a5c561934e089/policy.2.0.System.dll (target path: app0:Media/Managed/mono/gac/policy.2.0.System/0.0.0.0__b77a5c561934e089/policy.2.0.System.dll)
[19:44:34.896] |W| [io_error_impl]: open_file (_sceIoOpen) returned 0x80010002
[19:44:35.795] |E| [stat_file]: Missing file at D:/Emulateurs/Vita3K/mc/ux0/app/PCSB00944/Media/sharedassets0.assets.resG (target path: app0:/Media/sharedassets0.assets.resG)
[19:44:35.796] |W| [io_error_impl]: stat_file (_sceIoGetstat) returned 0x80010002
[19:44:35.797] |E| [stat_file]: Missing file at D:/Emulateurs/Vita3K/mc/ux0/app/PCSB00944/Media/sharedassets0.assets.res (target path: app0:/Media/sharedassets0.assets.res)
[19:44:35.797] |W| [io_error_impl]: stat_file (_sceIoGetstat) returned 0x80010002
[19:44:35.799] |I| [export__sceIoOpen]: Opening file: app0:/Media/sharedassets0.assets
[19:44:35.841] |E| [stat_file]: Missing file at D:/Emulateurs/Vita3K/mc/ux0/app/PCSB00944/Media/level0.resG (target path: app0:/Media/level0.resG)
[19:44:35.842] |W| [io_error_impl]: stat_file (_sceIoGetstat) returned 0x80010002
[19:44:35.842] |E| [stat_file]: Missing file at D:/Emulateurs/Vita3K/mc/ux0/app/PCSB00944/Media/level0.res (target path: app0:/Media/level0.res)
[19:44:35.842] |W| [io_error_impl]: stat_file (_sceIoGetstat) returned 0x80010002
[19:44:35.845] |I| [export__sceIoOpen]: Opening file: app0:/Media/level0
[19:44:35.904] |I| [export__sceIoOpen]: Opening file: app0:/Media/sharedassets0.assets.resS
[19:44:35.918] |E| [call_import]: Import function for NID 0xE340C1AE not found (thread name: 0D6697C0 UnityPreload, thread ID: 621)
[19:44:35.961] |E| [logging::ret_error_impl]: sceKernelTryLockLwMutex returned SCE_KERNEL_ERROR_LW_MUTEX_FAILED_TO_OWN (0x80028185)
[19:44:35.979] |I| [export__sceIoOpen]: Opening file: app0:/Media/level0.resS
[19:44:35.987] |D| [export_sceGxmTextureInitCube]: sceGxmTextureInitCube Inimplemeted: width: 128, height: 128
[19:44:36.062] |I| [export__sceIoOpen]: Opening file: app0:Media/Managed/mono/gac/policy.2.0.mscorlib/0.0.0.0__7cec85d7bea7798e/policy.2.0.mscorlib.dll
[19:44:36.063] |E| [open_file]: Missing file at D:/Emulateurs/Vita3K/mc/ux0/app/PCSB00944/Media/Managed/mono/gac/policy.2.0.mscorlib/0.0.0.0__7cec85d7bea7798e/policy.2.0.mscorlib.dll (target path: app0:Media/Managed/mono/gac/policy.2.0.mscorlib/0.0.0.0__7cec85d7bea7798e/policy.2.0.mscorlib.dll)
[19:44:36.063] |W| [io_error_impl]: open_file (_sceIoOpen) returned 0x80010002
[19:44:36.063] |E| [stat_file]: Cannot find device for path: app0/mscorlib.dll
[19:44:36.063] |W| [io_error_impl]: stat_file (_sceIoGetstat) returned 0x80010002
[19:44:36.064] |E| [stat_file]: Cannot find device for path: app0/mscorlib.exe
[19:44:36.064] |W| [io_error_impl]: stat_file (_sceIoGetstat) returned 0x80010002
[19:44:36.064] |E| [stat_file]: Cannot find device for path: app0/mscorlib/mscorlib.dll
[19:44:36.064] |W| [io_error_impl]: stat_file (_sceIoGetstat) returned 0x80010002
[19:44:36.064] |E| [stat_file]: Cannot find device for path: app0/mscorlib/mscorlib.exe
[19:44:36.064] |W| [io_error_impl]: stat_file (_sceIoGetstat) returned 0x80010002
[19:44:36.064] |E| [stat_file]: Cannot find device for path: Media/Managed/mscorlib.dll
[19:44:36.064] |W| [io_error_impl]: stat_file (_sceIoGetstat) returned 0x80010002
[19:44:36.065] |E| [stat_file]: Cannot find device for path: Media/Managed/mscorlib.exe
[19:44:36.065] |W| [io_error_impl]: stat_file (_sceIoGetstat) returned 0x80010002
[19:44:36.065] |E| [stat_file]: Cannot find device for path: Media/Managed/mscorlib/mscorlib.dll
[19:44:36.065] |W| [io_error_impl]: stat_file (_sceIoGetstat) returned 0x80010002
[19:44:36.065] |E| [stat_file]: Cannot find device for path: Media/Managed/mscorlib/mscorlib.exe
[19:44:36.065] |W| [io_error_impl]: stat_file (_sceIoGetstat) returned 0x80010002
[19:44:36.607] |E| [stat_file]: Missing file at D:/Emulateurs/Vita3K/mc/ux0/app/PCSB00944/Media/resources.assets.resG (target path: app0:/Media/resources.assets.resG)
[19:44:36.608] |W| [io_error_impl]: stat_file (_sceIoGetstat) returned 0x80010002
[19:44:36.608] |E| [stat_file]: Missing file at D:/Emulateurs/Vita3K/mc/ux0/app/PCSB00944/Media/resources.assets.res (target path: app0:/Media/resources.assets.res)
[19:44:36.609] |W| [io_error_impl]: stat_file (_sceIoGetstat) returned 0x80010002
[19:44:36.610] |I| [export__sceIoOpen]: Opening file: app0:/Media/resources.assets
[19:44:36.841] |W| [stubbed_impl]: Stubbed __sceAppMgrGetAppState import called. (Set to 0.)
[19:44:36.943] |C| [load_self]: Unknown segment type 0x6FFFFF01
[19:44:36.944] |I| [load_self]: Loaded module segment 0 @ [0x0DF26000 - 0x0DF2CFF0 / 0x81000000] (size: 0x00006FF0) of module app0:/Media/Plugins/SavedGames.suprx
[19:44:36.944] |I| [load_self]: Loaded module segment 1 @ [0x03D68000 - 0x03D687B8 / 0x81007000] (size: 0x000007B8) of module app0:/Media/Plugins/SavedGames.suprx
[19:44:36.944] |I| [load_self]: Loading symbols for SELF: app0:/Media/Plugins/SavedGames.suprx
[19:44:36.944] |D| [load_var_exports]: 	NID 0x6C2224BA (NID_MODULE_INFO) at 0xDF2BA60
[19:44:36.944] |D| [load_var_exports]: 	NID 0x936C8A78 (SYSLYB) at 0xDF2CF9C
[19:44:36.948] |I| [export__sceKernelLoadStartModule]: Module SavedGames (at "app0:/Media/Plugins/SavedGames.suprx") module_start returned 0x0
[19:44:36.951] |C| [load_self]: Unknown segment type 0x6FFFFF01
[19:44:36.951] |I| [load_self]: Loaded module segment 0 @ [0x0DF2D000 - 0x0DF2DA4C / 0x81000000] (size: 0x00000A4C) of module app0:/Media/Plugins/SavedGames.suprx.b.suprx
[19:44:36.951] |I| [load_self]: Loaded module segment 1 @ [0x0DF2F000 - 0x0DF2F0D0 / 0x81001000] (size: 0x000000D0) of module app0:/Media/Plugins/SavedGames.suprx.b.suprx
[19:44:36.951] |I| [load_self]: Loading symbols for SELF: app0:/Media/Plugins/SavedGames.suprx.b.suprx
[19:44:36.952] |D| [load_var_exports]: 	NID 0x6C2224BA (NID_MODULE_INFO) at 0xDF2D408
[19:44:36.952] |D| [load_var_exports]: 	NID 0x936C8A78 (SYSLYB) at 0xDF2DA48
[19:44:36.956] |I| [export__sceKernelLoadStartModule]: Module B_SavedGames (at "app0:/Media/Plugins/SavedGames.suprx.b.suprx") module_start returned 0x0
[19:44:36.983] |E| [call_import]: Import function for NID 0xE340C365 not found (thread name: Unity_main_thread, thread ID: 86)
[19:44:37.067] |C| [load_self]: Unknown segment type 0x6FFFFF01
[19:44:37.067] |I| [load_self]: Loaded module segment 0 @ [0x0DF32000 - 0x0DFA01D0 / 0x81000000] (size: 0x0006E1D0) of module app0:/Media/Plugins/UnityNpToolkit.suprx
[19:44:37.067] |I| [load_self]: Loaded module segment 1 @ [0x0DFA1000 - 0x0E0B14C8 / 0x8106F000] (size: 0x001104C8) of module app0:/Media/Plugins/UnityNpToolkit.suprx
[19:44:37.068] |I| [load_self]: Loading symbols for SELF: app0:/Media/Plugins/UnityNpToolkit.suprx
[19:44:37.068] |D| [load_var_exports]: 	NID 0x6C2224BA (NID_MODULE_INFO) at 0xDF8D34C
[19:44:37.068] |D| [load_var_exports]: 	NID 0x936C8A78 (SYSLYB) at 0xDF9D48C
[19:44:37.075] |I| [export__sceKernelLoadStartModule]: Module UnityNpToolkit (at "app0:/Media/Plugins/Uni