[01:23:55.690] |I| [load_app_impl]: ngs experimental state: true
[01:23:55.690] |I| [load_app_impl]: video player state: true
[01:23:55.690] |I| [load_app_impl]: auto-lle: enabled
[01:23:55.690] |I| [load_app_impl]: Title: Mahjong World Contest
[01:23:55.690] |I| [load_app_impl]: Serial: PCSB00442
[01:23:55.690] |I| [load_app_impl]: Version: 1.00
[01:23:55.690] |I| [load_app_impl]: Category: gd
[01:23:55.766] |C| [load_self]: Unknown segment type 0x6FFFFF01
[01:23:55.766] |I| [load_self]: Loaded module segment 0 @ [0x00004000 - 0x000513BC / 0x81000000] (size: 0x0004D3BC) of module app0:sce_module/libc.suprx
[01:23:55.766] |I| [load_self]: Loaded module segment 1 @ [0x00052000 - 0x000546F0 / 0x8104E000] (size: 0x000026F0) of module app0:sce_module/libc.suprx
[01:23:55.766] |I| [load_self]: Loading symbols for SELF: app0:sce_module/libc.suprx
[01:23:55.767] |D| [load_var_exports]: 	NID 0x936C8A78 (SYSLYB) at 0x47164
[01:23:55.767] |D| [load_var_exports]: 	NID 0x6C2224BA (NID_MODULE_INFO) at 0x3D0FC
[01:23:55.767] |W| [load_var_imports]: 	NID NOT FOUND 0x93B8AA67 (UNRECOGNISED) at 0x410BC, setting to stub value 0xDEADBEEF
[01:23:55.767] |W| [load_var_imports]: 	NID NOT FOUND 0xDF084DFA (UNRECOGNISED) at 0x42B70, setting to stub value 0xDEADBEEF
[01:23:55.767] |I| [pre_load_module]: Pre-load module SceLibc (at "sce_module/libc.suprx") loaded
[01:23:55.793] |C| [load_self]: Unknown segment type 0x6FFFFF01
[01:23:55.793] |I| [load_self]: Loaded module segment 0 @ [0x00057000 - 0x0008212C / 0x81000000] (size: 0x0002B12C) of module app0:sce_module/libfios2.suprx
[01:23:55.794] |I| [load_self]: Loaded module segment 1 @ [0x00083000 - 0x0008823D / 0x8102C000] (size: 0x0000523D) of module app0:sce_module/libfios2.suprx
[01:23:55.794] |I| [load_self]: Loading symbols for SELF: app0:sce_module/libfios2.suprx
[01:23:55.794] |D| [load_var_exports]: 	NID 0x936C8A78 (SYSLYB) at 0x82034
[01:23:55.794] |D| [load_var_exports]: 	NID 0x6C2224BA (NID_MODULE_INFO) at 0x79548
[01:23:55.794] |I| [pre_load_module]: Pre-load module SceLibFios2 (at "sce_module/libfios2.suprx") loaded
[01:23:55.806] |C| [load_self]: Unknown segment type 0x6FFFFF01
[01:23:55.806] |I| [load_self]: Loaded module segment 0 @ [0x00089000 - 0x0009C84C / 0x81000000] (size: 0x0001384C) of module app0:sce_module/libult.suprx
[01:23:55.806] |I| [load_self]: Loaded module segment 1 @ [0x0009D000 - 0x0009D814 / 0x81014000] (size: 0x00000814) of module app0:sce_module/libult.suprx
[01:23:55.806] |I| [load_self]: Loading symbols for SELF: app0:sce_module/libult.suprx
[01:23:55.806] |D| [load_var_exports]: 	NID 0x936C8A78 (SYSLYB) at 0x9B1A8
[01:23:55.806] |D| [load_var_exports]: 	NID 0x6C2224BA (NID_MODULE_INFO) at 0x98738
[01:23:55.807] |I| [pre_load_module]: Pre-load module SceUlt (at "sce_module/libult.suprx") loaded
[01:23:55.813] |I| [load_self]: Loaded module segment 0 @ [0x0009E000 - 0x000EEF04 / 0x81000000] (size: 0x00050F04) of module vs0:sys/external/libSceFt2.suprx
[01:23:55.813] |I| [load_self]: Loaded module segment 1 @ [0x000EF000 - 0x000EF2F4 / 0x81051000] (size: 0x000002F4) of module vs0:sys/external/libSceFt2.suprx
[01:23:55.813] |I| [load_self]: Loading symbols for SELF: vs0:sys/external/libSceFt2.suprx
[01:23:55.813] |D| [load_var_exports]: 	NID 0x936C8A78 (SYSLYB) at 0xDA7DC
[01:23:55.813] |D| [load_var_exports]: 	NID 0x6C2224BA (NID_MODULE_INFO) at 0xD9F10
[01:23:55.813] |I| [pre_load_module]: Pre-load module SceLibft2 (at "sys/external/libSceFt2.suprx") loaded
[01:23:55.815] |I| [load_self]: Loaded module segment 0 @ [0x000F0000 - 0x000FFF14 / 0x81000000] (size: 0x0000FF14) of module vs0:sys/external/libpvf.suprx
[01:23:55.815] |I| [load_self]: Loaded module segment 1 @ [0x00100000 - 0x00100008 / 0x81010000] (size: 0x00000008) of module vs0:sys/external/libpvf.suprx
[01:23:55.815] |I| [load_self]: Loading symbols for SELF: vs0:sys/external/libpvf.suprx
[01:23:55.815] |D| [load_var_exports]: 	NID 0x936C8A78 (SYSLYB) at 0xFE710
[01:23:55.815] |D| [load_var_exports]: 	NID 0x6C2224BA (NID_MODULE_INFO) at 0xFE300
[01:23:55.815] |I| [pre_load_module]: Pre-load module SceLibPvf (at "sys/external/libpvf.suprx") loaded
[01:23:55.843] |C| [load_self]: Unknown segment type 0x6FFFFF01
[01:23:55.843] |I| [load_self]: Loaded module segment 0 @ [0x81000000 - 0x810E06E8 / 0x81000000] (size: 0x000E06E8) of module app0:eboot.bin
[01:23:55.843] |I| [load_self]: Loaded module segment 1 @ [0x810E1000 - 0x810E980C / 0x810E1000] (size: 0x0000880C) of module app0:eboot.bin
[01:23:55.843] |I| [load_self]: Loading symbols for SELF: app0:eboot.bin
[01:23:55.843] |D| [load_var_exports]: 	NID 0x6C2224BA (NID_MODULE_INFO) at 0x810C3C6C
[01:23:55.843] |D| [load_var_exports]: 	NID 0x70FBA1E7 (SCE_PROC_PARAMS) at 0x810E160C
[01:23:55.843] |I| [load_app_impl]: Main executable royal_mahjong_vita (eboot.bin) loaded
[01:23:55.846] |D| [run_app]: Running module_start of library: SceLibc at address 0x4809
[01:23:55.879] |I| [run_app]: Module SceLibc (at "app0:sce_module/libc.suprx") module_start returned 0x0
[01:23:55.880] |D| [run_app]: Running module_start of library: SceLibFios2 at address 0x57001
[01:23:55.881] |W| [stubbed_impl]: Stubbed sceKernelGetProcessId import called. (pid: 0)
[01:23:55.882] |W| [unimplemented_impl]: Unimplemented sceFiosOverlayGetList02 import called.
[01:23:55.882] |I| [run_app]: Module SceLibFios2 (at "app0:sce_module/libfios2.suprx") module_start returned 0x0
[01:23:55.882] |D| [run_app]: Running module_start of library: SceUlt at address 0x8C661
[01:23:55.884] |W| [unimplemented_impl]: Unimplemented _sceUlobjMgrRegisterLibultProtocolRevision import called.
[01:23:55.884] |I| [run_app]: Module SceUlt (at "app0:sce_module/libult.suprx") module_start returned 0x0
[01:23:55.896] |W| [stubbed_impl]: Stubbed sceGxmMapMemory import called. (always return success)
[01:23:55.897] |W| [stubbed_impl]: Stubbed sceGxmMapFragmentUsseMemory import called. (always return success)
[01:23:55.974] |W| [stubbed_impl]: Stubbed sceGxmMapVertexUsseMemory import called. (always return success)
[01:23:55.977] |W| [unimplemented_impl]: Unimplemented sceAppMgrAcquireBgmPort import called.
[01:23:55.977] |W| [unimplemented_impl]: Unimplemented sceAppUtilInit import called.
[01:23:55.978] |W| [unimplemented_impl]: Unimplemented sceAppUtilAppParamGetInt import called.
[01:23:56.019] |I| [export_sceIoOpen]: Opening file: app0:/Resources/XML/config
[01:23:56.021] |I| [export_sceIoOpen]: Opening file: app0:/Resources/XML/config
[01:23:56.076] |E| [open_dir]: Directory does not exist at: D:/Emulateurs/Vita3K/mc/ux0/app/PCSB00442/Resources/data/logos/ (target path: app0:/Resources/data/logos)
[01:23:56.076] |W| [io_error_impl]: open_dir (_sceIoDopen) returned 0x80010002
[01:23:56.256] |I| [export_sceIoOpen]: Opening file: app0:/Resources/XML/config
[01:23:56.262] |I| [export_sceIoOpen]: Opening file: app0:/Resources/data/bkg_splash_spl.png
[01:23:56.306] |I| [export_sceIoOpen]: Opening file: app0:/Resources/data/surfaces/title_screen.png
[01:23:56.399] |I| [export_sceIoOpen]: Opening file: app0:/Resources/data/spl2.png
[01:23:56.417] |I| [export_sceIoOpen]: Opening file: app0:/Resources/data/surfaces
[01:23:56.417] |I| [export_sceIoOpen]: Opening file: app0:/Resources/data/btns/loading.png
[01:23:56.436] |E| [log_error_details]: Unicorn error 0x6. Invalid memory read (UC_ERR_READ_UNMAPPED)
[01:23:56.436] |E| [log_error_details]: PC: 0x810015a2,   SP: 0x00140e00,   LR: 0x81001487
[01:23:56.436] |E| [log_error_details]: r0 : 0x00000000   r6 : 0x00000000
[01:23:56.436] |E| [log_error_details]: r1 : 0x00168970   r7 : 0x00000000
[01:23:56.436] |E| [log_error_details]: r2 : 0x00000000   r8 : 0x00000000
[01:23:56.436] |E| [log_error_details]: r3 : 0x07fdb639   r9 : 0x00000000
[01:23:56.437] |E| [log_error_details]: r4 : 0x00000000   r10: 0x00000000
[01:23:56.437] |E| [log_error_details]: r5 : 0x810e1d64   r11: 0x00000000
[01:23:56.437] |E| [log_error_details]: r12: 0x00000004
[01:23:56.437] |E| [log_error_details]: Executing: push {r4, lr}
[01:23:56.437] |I| [log_stack_frames]: stack information
[01:23:56.438] |E| [run_thread]: Thread PCS