[05:21:14.608] |I| [load_app_impl]: ngs experimental state: true
[05:21:14.609] |I| [load_app_impl]: video player state: true
[05:21:14.609] |I| [load_app_impl]: auto-lle: enabled
[05:21:14.609] |I| [load_app_impl]: Title: GemSmashers 3D
[05:21:14.609] |I| [load_app_impl]: Serial: PCSB00965
[05:21:14.609] |I| [load_app_impl]: Version: 1.01
[05:21:14.609] |I| [load_app_impl]: Category: gp
[05:21:14.660] |C| [load_self]: Unknown segment type 0x6FFFFF01
[05:21:14.660] |I| [load_self]: Loaded module segment 0 @ [0x00004000 - 0x000558A4 / 0x81000000] (size: 0x000518A4) of module app0:sce_module/libc.suprx
[05:21:14.661] |I| [load_self]: Loaded module segment 1 @ [0x00056000 - 0x000588A0 / 0x81052000] (size: 0x000028A0) of module app0:sce_module/libc.suprx
[05:21:14.661] |I| [load_self]: Loading symbols for SELF: app0:sce_module/libc.suprx
[05:21:14.661] |D| [load_var_exports]: 	NID 0x936C8A78 (SYSLYB) at 0x4B314
[05:21:14.661] |D| [load_var_exports]: 	NID 0x6C2224BA (NID_MODULE_INFO) at 0x404DC
[05:21:14.661] |W| [load_var_imports]: 	NID NOT FOUND 0x93B8AA67 (UNRECOGNISED) at 0x4463C, setting to stub value 0xDEADBEEF
[05:21:14.661] |W| [load_var_imports]: 	NID NOT FOUND 0xDF084DFA (UNRECOGNISED) at 0x461D0, setting to stub value 0xDEADBEEF
[05:21:14.662] |I| [pre_load_module]: Pre-load module SceLibc (at "sce_module/libc.suprx") loaded
[05:21:14.670] |C| [load_self]: Unknown segment type 0x6FFFFF01
[05:21:14.670] |I| [load_self]: Loaded module segment 0 @ [0x0005B000 - 0x00074000 / 0x81000000] (size: 0x00019000) of module app0:sce_module/libface.suprx
[05:21:14.670] |I| [load_self]: Loaded module segment 1 @ [0x00074000 - 0x000740F8 / 0x81019000] (size: 0x000000F8) of module app0:sce_module/libface.suprx
[05:21:14.671] |I| [load_self]: Loading symbols for SELF: app0:sce_module/libface.suprx
[05:21:14.671] |D| [load_var_exports]: 	NID 0x6C2224BA (NID_MODULE_INFO) at 0x70DA4
[05:21:14.671] |D| [load_var_exports]: 	NID 0x936C8A78 (SYSLYB) at 0x73784
[05:21:14.671] |I| [pre_load_module]: Pre-load module SceFace (at "sce_module/libface.suprx") loaded
[05:21:14.676] |C| [load_self]: Unknown segment type 0x6FFFFF01
[05:21:14.677] |I| [load_self]: Loaded module segment 0 @ [0x00075000 - 0x000A1CBF / 0x81000000] (size: 0x0002CCBF) of module app0:sce_module/libfios2.suprx
[05:21:14.677] |I| [load_self]: Loaded module segment 1 @ [0x000A2000 - 0x000A7255 / 0x8102D000] (size: 0x00005255) of module app0:sce_module/libfios2.suprx
[05:21:14.677] |I| [load_self]: Loading symbols for SELF: app0:sce_module/libfios2.suprx
[05:21:14.677] |D| [load_var_exports]: 	NID 0x936C8A78 (SYSLYB) at 0xA1BC8
[05:21:14.677] |D| [load_var_exports]: 	NID 0x6C2224BA (NID_MODULE_INFO) at 0x98F08
[05:21:14.677] |I| [pre_load_module]: Pre-load module SceLibFios2 (at "sce_module/libfios2.suprx") loaded
[05:21:14.733] |C| [load_self]: Unknown segment type 0x6FFFFF01
[05:21:14.734] |I| [load_self]: Loaded module segment 0 @ [0x000A8000 - 0x002B5AF4 / 0x81000000] (size: 0x0020DAF4) of module app0:sce_module/libsmart.suprx
[05:21:14.734] |I| [load_self]: Loaded module segment 1 @ [0x002B6000 - 0x002B9444 / 0x8120E000] (size: 0x00003444) of module app0:sce_module/libsmart.suprx
[05:21:14.734] |I| [load_self]: Loading symbols for SELF: app0:sce_module/libsmart.suprx
[05:21:14.734] |D| [load_var_exports]: 	NID 0x6C2224BA (NID_MODULE_INFO) at 0x153528
[05:21:14.734] |D| [load_var_exports]: 	NID 0x936C8A78 (SYSLYB) at 0x15A90C
[05:21:14.734] |I| [pre_load_module]: Pre-load module SceSmart (at "sce_module/libsmart.suprx") loaded
[05:21:14.737] |C| [load_self]: Unknown segment type 0x6FFFFF01
[05:21:14.737] |I| [load_self]: Loaded module segment 0 @ [0x002BA000 - 0x002CD9BC / 0x81000000] (size: 0x000139BC) of module app0:sce_module/libult.suprx
[05:21:14.738] |I| [load_self]: Loaded module segment 1 @ [0x002CE000 - 0x002CE814 / 0x81014000] (size: 0x00000814) of module app0:sce_module/libult.suprx
[05:21:14.738] |I| [load_self]: Loading symbols for SELF: app0:sce_module/libult.suprx
[05:21:14.738] |D| [load_var_exports]: 	NID 0x936C8A78 (SYSLYB) at 0x2CC2E8
[05:21:14.738] |D| [load_var_exports]: 	NID 0x6C2224BA (NID_MODULE_INFO) at 0x2C9870
[05:21:14.738] |I| [pre_load_module]: Pre-load module SceUlt (at "sce_module/libult.suprx") loaded
[05:21:14.744] |I| [load_self]: Loaded module segment 0 @ [0x002CF000 - 0x0031FF04 / 0x81000000] (size: 0x00050F04) of module vs0:sys/external/libSceFt2.suprx
[05:21:14.744] |I| [load_self]: Loaded module segment 1 @ [0x00320000 - 0x003202F4 / 0x81051000] (size: 0x000002F4) of module vs0:sys/external/libSceFt2.suprx
[05:21:14.744] |I| [load_self]: Loading symbols for SELF: vs0:sys/external/libSceFt2.suprx
[05:21:14.744] |D| [load_var_exports]: 	NID 0x936C8A78 (SYSLYB) at 0x30B7DC
[05:21:14.744] |D| [load_var_exports]: 	NID 0x6C2224BA (NID_MODULE_INFO) at 0x30AF10
[05:21:14.745] |I| [pre_load_module]: Pre-load module SceLibft2 (at "sys/external/libSceFt2.suprx") loaded
[05:21:14.746] |I| [load_self]: Loaded module segment 0 @ [0x00321000 - 0x00330F14 / 0x81000000] (size: 0x0000FF14) of module vs0:sys/external/libpvf.suprx
[05:21:14.746] |I| [load_self]: Loaded module segment 1 @ [0x00331000 - 0x00331008 / 0x81010000] (size: 0x00000008) of module vs0:sys/external/libpvf.suprx
[05:21:14.746] |I| [load_self]: Loading symbols for SELF: vs0:sys/external/libpvf.suprx
[05:21:14.746] |D| [load_var_exports]: 	NID 0x936C8A78 (SYSLYB) at 0x32F710
[05:21:14.746] |D| [load_var_exports]: 	NID 0x6C2224BA (NID_MODULE_INFO) at 0x32F300
[05:21:14.746] |I| [pre_load_module]: Pre-load module SceLibPvf (at "sys/external/libpvf.suprx") loaded
[05:21:14.807] |C| [load_self]: Unknown segment type 0x6FFFFF01
[05:21:14.807] |I| [load_self]: Loaded module segment 0 @ [0x00332000 - 0x004EC520 / 0x81000000] (size: 0x001BA520) of module app0:eboot.bin
[05:21:14.807] |I| [load_self]: Loaded module segment 1 @ [0x004ED000 - 0x00647224 / 0x811BB000] (size: 0x0015A224) of module app0:eboot.bin
[05:21:14.807] |I| [load_self]: Loading symbols for SELF: app0:eboot.bin
[05:21:14.807] |D| [load_var_exports]: 	NID 0x6C2224BA (NID_MODULE_INFO) at 0x4B26C8
[05:21:14.808] |D| [load_var_exports]: 	NID 0x70FBA1E7 (SCE_PROC_PARAMS) at 0x5285C4
[05:21:14.808] |D| [load_var_exports]: 	NID 0x936C8A78 (SYSLYB) at 0x4DB368
[05:21:14.808] |I| [load_app_impl]: Main executable Game_psVita (eboot.bin) loaded
[05:21:14.810] |D| [run_app]: Running module_start of library: SceLibc at address 0x4871
[05:21:14.814] |I| [run_app]: Module SceLibc (at "app0:sce_module/libc.suprx") module_start returned 0x0
[05:21:14.815] |D| [run_app]: Running module_start of library: SceFace at address 0x70265
[05:21:14.817] |I| [run_app]: Module SceFace (at "app0:sce_module/libface.suprx") module_start returned 0x0
[05:21:14.817] |D| [run_app]: Running module_start of library: SceLibFios2 at address 0x75001
[05:21:14.819] |W| [stubbed_impl]: Stubbed sceKernelGetProcessId import called. (pid: 0)
[05:21:14.819] |W| [unimplemented_impl]: Unimplemented sceFiosOverlayGetList02 import called.
[05:21:14.819] |I| [run_app]: Module SceLibFios2 (at "app0:sce_module/libfios2.suprx") module_start returned 0x0
[05:21:14.820] |D| [run_app]: Running module_start of library: SceSmart at address 0xA818D
[05:21:14.822] |I| [run_app]: Module SceSmart (at "app0:sce_module/libsmart.suprx") module_start returned 0x0
[05:21:14.823] |D| [run_app]: Running module_start of library: SceUlt at address 0x2BD771
[05:21:14.824] |W| [unimplemented_impl]: Unimplemented _sceUlobjMgrRegisterLibultProtocolRevision import called.
[05:21:14.824] |I| [run_app]: Module SceUlt (at "app0:sce_module/libult.suprx") module_start returned 0x0
[05:21:14.919] |I| [export_sceIoOpen]: Opening file: app0:/Game.pak
[05:21:14.920] |E| [call_import]: Import function for NID 0xE340C007 not found (thread name: PCSB00965, thread ID: 8)
[05:21:14.930] |W| [unimplemented_impl]: Unimplemented sceAppMgrAcquireBgmPort import called.
[05:21:14.931] |D| [export_sceAudioOutSetVolume]: port: 1, flag: 3, vol: 32768
[05:21:14.932] |W| [unimplemented_impl]: Unimplemented sceAudioOutSetVolume import called.
[05:21:14.935] |D