[07:14:38.565] |I| [load_app_impl]: ngs experimental state: true
[07:14:38.566] |I| [load_app_impl]: video player state: true
[07:14:38.566] |I| [load_app_impl]: auto-lle: enabled
[07:14:38.566] |I| [load_app_impl]: Title: Hyperdevotion Noire: Goddess Black Heart
[07:14:38.566] |I| [load_app_impl]: Serial: PCSB00701
[07:14:38.566] |I| [load_app_impl]: Version: 1.00
[07:14:38.566] |I| [load_app_impl]: Category: gd
[07:14:38.641] |C| [load_self]: Unknown segment type 0x6FFFFF01
[07:14:38.641] |I| [load_self]: Loaded module segment 0 @ [0x00004000 - 0x00053C54 / 0x81000000] (size: 0x0004FC54) of module app0:sce_module/libc.suprx
[07:14:38.641] |I| [load_self]: Loaded module segment 1 @ [0x00054000 - 0x00056688 / 0x81050000] (size: 0x00002688) of module app0:sce_module/libc.suprx
[07:14:38.641] |I| [load_self]: Loading symbols for SELF: app0:sce_module/libc.suprx
[07:14:38.642] |D| [load_var_exports]: 	NID 0x936C8A78 (SYSLYB) at 0x49744
[07:14:38.642] |D| [load_var_exports]: 	NID 0x6C2224BA (NID_MODULE_INFO) at 0x3F4F8
[07:14:38.642] |W| [load_var_imports]: 	NID NOT FOUND 0x93B8AA67 (UNRECOGNISED) at 0x43520, setting to stub value 0xDEADBEEF
[07:14:38.642] |W| [load_var_imports]: 	NID NOT FOUND 0xDF084DFA (UNRECOGNISED) at 0x450A4, setting to stub value 0xDEADBEEF
[07:14:38.642] |I| [pre_load_module]: Pre-load module SceLibc (at "sce_module/libc.suprx") loaded
[07:14:38.654] |C| [load_self]: Unknown segment type 0x6FFFFF01
[07:14:38.654] |I| [load_self]: Loaded module segment 0 @ [0x00059000 - 0x00071CF4 / 0x81000000] (size: 0x00018CF4) of module app0:sce_module/libface.suprx
[07:14:38.654] |I| [load_self]: Loaded module segment 1 @ [0x00072000 - 0x000720F8 / 0x81019000] (size: 0x000000F8) of module app0:sce_module/libface.suprx
[07:14:38.654] |I| [load_self]: Loading symbols for SELF: app0:sce_module/libface.suprx
[07:14:38.655] |D| [load_var_exports]: 	NID 0x6C2224BA (NID_MODULE_INFO) at 0x6EAC0
[07:14:38.655] |D| [load_var_exports]: 	NID 0x936C8A78 (SYSLYB) at 0x71478
[07:14:38.655] |I| [pre_load_module]: Pre-load module SceFace (at "sce_module/libface.suprx") loaded
[07:14:38.660] |C| [load_self]: Unknown segment type 0x6FFFFF01
[07:14:38.660] |I| [load_self]: Loaded module segment 0 @ [0x00073000 - 0x0009E33C / 0x81000000] (size: 0x0002B33C) of module app0:sce_module/libfios2.suprx
[07:14:38.660] |I| [load_self]: Loaded module segment 1 @ [0x0009F000 - 0x000A423D / 0x8102C000] (size: 0x0000523D) of module app0:sce_module/libfios2.suprx
[07:14:38.660] |I| [load_self]: Loading symbols for SELF: app0:sce_module/libfios2.suprx
[07:14:38.660] |D| [load_var_exports]: 	NID 0x936C8A78 (SYSLYB) at 0x9E244
[07:14:38.660] |D| [load_var_exports]: 	NID 0x6C2224BA (NID_MODULE_INFO) at 0x95878
[07:14:38.660] |I| [pre_load_module]: Pre-load module SceLibFios2 (at "sce_module/libfios2.suprx") loaded
[07:14:38.709] |C| [load_self]: Unknown segment type 0x6FFFFF01
[07:14:38.710] |I| [load_self]: Loaded module segment 0 @ [0x000A5000 - 0x002B6AF4 / 0x81000000] (size: 0x00211AF4) of module app0:sce_module/libsmart.suprx
[07:14:38.710] |I| [load_self]: Loaded module segment 1 @ [0x002B7000 - 0x002BA444 / 0x81212000] (size: 0x00003444) of module app0:sce_module/libsmart.suprx
[07:14:38.710] |I| [load_self]: Loading symbols for SELF: app0:sce_module/libsmart.suprx
[07:14:38.710] |D| [load_var_exports]: 	NID 0x6C2224BA (NID_MODULE_INFO) at 0x1546A0
[07:14:38.710] |D| [load_var_exports]: 	NID 0x936C8A78 (SYSLYB) at 0x15B90C
[07:14:38.710] |I| [pre_load_module]: Pre-load module SceSmart (at "sce_module/libsmart.suprx") loaded
[07:14:38.713] |C| [load_self]: Unknown segment type 0x6FFFFF01
[07:14:38.714] |I| [load_self]: Loaded module segment 0 @ [0x002BB000 - 0x002CE9A4 / 0x81000000] (size: 0x000139A4) of module app0:sce_module/libult.suprx
[07:14:38.714] |I| [load_self]: Loaded module segment 1 @ [0x002CF000 - 0x002CF814 / 0x81014000] (size: 0x00000814) of module app0:sce_module/libult.suprx
[07:14:38.714] |I| [load_self]: Loading symbols for SELF: app0:sce_module/libult.suprx
[07:14:38.714] |D| [load_var_exports]: 	NID 0x936C8A78 (SYSLYB) at 0x2CD2D0
[07:14:38.714] |D| [load_var_exports]: 	NID 0x6C2224BA (NID_MODULE_INFO) at 0x2CA858
[07:14:38.714] |I| [pre_load_module]: Pre-load module SceUlt (at "sce_module/libult.suprx") loaded
[07:14:38.720] |I| [load_self]: Loaded module segment 0 @ [0x002D0000 - 0x00320F04 / 0x81000000] (size: 0x00050F04) of module vs0:sys/external/libSceFt2.suprx
[07:14:38.720] |I| [load_self]: Loaded module segment 1 @ [0x00321000 - 0x003212F4 / 0x81051000] (size: 0x000002F4) of module vs0:sys/external/libSceFt2.suprx
[07:14:38.720] |I| [load_self]: Loading symbols for SELF: vs0:sys/external/libSceFt2.suprx
[07:14:38.720] |D| [load_var_exports]: 	NID 0x936C8A78 (SYSLYB) at 0x30C7DC
[07:14:38.721] |D| [load_var_exports]: 	NID 0x6C2224BA (NID_MODULE_INFO) at 0x30BF10
[07:14:38.721] |I| [pre_load_module]: Pre-load module SceLibft2 (at "sys/external/libSceFt2.suprx") loaded
[07:14:38.722] |I| [load_self]: Loaded module segment 0 @ [0x00322000 - 0x00331F14 / 0x81000000] (size: 0x0000FF14) of module vs0:sys/external/libpvf.suprx
[07:14:38.722] |I| [load_self]: Loaded module segment 1 @ [0x00332000 - 0x00332008 / 0x81010000] (size: 0x00000008) of module vs0:sys/external/libpvf.suprx
[07:14:38.722] |I| [load_self]: Loading symbols for SELF: vs0:sys/external/libpvf.suprx
[07:14:38.722] |D| [load_var_exports]: 	NID 0x936C8A78 (SYSLYB) at 0x330710
[07:14:38.722] |D| [load_var_exports]: 	NID 0x6C2224BA (NID_MODULE_INFO) at 0x330300
[07:14:38.723] |I| [pre_load_module]: Pre-load module SceLibPvf (at "sys/external/libpvf.suprx") loaded
[07:14:38.830] |C| [load_self]: Unknown segment type 0x6FFFFF01
[07:14:38.831] |I| [load_self]: Loaded module segment 0 @ [0x00333000 - 0x005A6354 / 0x81000000] (size: 0x00273354) of module app0:eboot.bin
[07:14:38.831] |I| [load_self]: Loaded module segment 1 @ [0x005A7000 - 0x0077A4D0 / 0x81274000] (size: 0x001D34D0) of module app0:eboot.bin
[07:14:38.831] |I| [load_self]: Loading symbols for SELF: app0:eboot.bin
[07:14:38.831] |D| [load_var_exports]: 	NID 0x6C2224BA (NID_MODULE_INFO) at 0x4F139C
[07:14:38.831] |D| [load_var_exports]: 	NID 0x70FBA1E7 (SCE_PROC_PARAMS) at 0x5ADA64
[07:14:38.831] |D| [load_var_exports]: 	NID 0x936C8A78 (SYSLYB) at 0x59F8C8
[07:14:38.831] |I| [load_app_impl]: Main executable VitaMain (eboot.bin) loaded
[07:14:38.834] |D| [run_app]: Running module_start of library: SceLibc at address 0x4871
[07:14:38.888] |I| [run_app]: Module SceLibc (at "app0:sce_module/libc.suprx") module_start returned 0x0
[07:14:38.889] |D| [run_app]: Running module_start of library: SceFace at address 0x6DFC5
[07:14:38.891] |I| [run_app]: Module SceFace (at "app0:sce_module/libface.suprx") module_start returned 0x0
[07:14:38.891] |D| [run_app]: Running module_start of library: SceLibFios2 at address 0x73001
[07:14:38.893] |W| [stubbed_impl]: Stubbed sceKernelGetProcessId import called. (pid: 0)
[07:14:38.893] |W| [unimplemented_impl]: Unimplemented sceFiosOverlayGetList02 import called.
[07:14:38.893] |I| [run_app]: Module SceLibFios2 (at "app0:sce_module/libfios2.suprx") module_start returned 0x0
[07:14:38.894] |D| [run_app]: Running module_start of library: SceSmart at address 0xA517D
[07:14:38.896] |I| [run_app]: Module SceSmart (at "app0:sce_module/libsmart.suprx") module_start returned 0x0
[07:14:38.896] |D| [run_app]: Running module_start of library: SceUlt at address 0x2BE769
[07:14:38.898] |W| [unimplemented_impl]: Unimplemented _sceUlobjMgrRegisterLibultProtocolRevision import called.
[07:14:38.898] |I| [run_app]: Module SceUlt (at "app0:sce_module/libult.suprx") module_start returned 0x0
[07:14:38.904] |I| [load_module]: Loading module ID: 0x30
[07:14:38.904] |C| [load_self]: Unknown segment type 0x6FFFFF01
[07:14:38.904] |I| [load_self]: Loaded module segment 0 @ [0x0EBC4000 - 0x0EBC755C / 0x81000000] (size: 0x0000355C) of module sys/external/libatrac.suprx
[07:14:38.904] |I| [load_self]: Loaded module segment 1 @ [0x0EBC8000 - 0x0EBC9038 / 0x81004000] (size: 0x00001038) of module sys/external/libatrac.suprx
[07:14:38.904] 