[07:15:33.295] |I| [load_app_impl]: ngs experimental state: true
[07:15:33.295] |I| [load_app_impl]: video player state: true
[07:15:33.295] |I| [load_app_impl]: auto-lle: enabled
[07:15:33.296] |I| [load_app_impl]: Title: ONE PIECE: PIRATE WARRIORS 3
[07:15:33.296] |I| [load_app_impl]: Serial: PCSB00717
[07:15:33.296] |I| [load_app_impl]: Version: 1.00
[07:15:33.296] |I| [load_app_impl]: Category: gd
[07:15:33.348] |C| [load_self]: Unknown segment type 0x6FFFFF01
[07:15:33.348] |I| [load_self]: Loaded module segment 0 @ [0x00004000 - 0x00053C54 / 0x81000000] (size: 0x0004FC54) of module app0:sce_module/libc.suprx
[07:15:33.348] |I| [load_self]: Loaded module segment 1 @ [0x00054000 - 0x00056688 / 0x81050000] (size: 0x00002688) of module app0:sce_module/libc.suprx
[07:15:33.349] |I| [load_self]: Loading symbols for SELF: app0:sce_module/libc.suprx
[07:15:33.349] |D| [load_var_exports]: 	NID 0x936C8A78 (SYSLYB) at 0x49744
[07:15:33.349] |D| [load_var_exports]: 	NID 0x6C2224BA (NID_MODULE_INFO) at 0x3F4F8
[07:15:33.349] |W| [load_var_imports]: 	NID NOT FOUND 0x93B8AA67 (UNRECOGNISED) at 0x43520, setting to stub value 0xDEADBEEF
[07:15:33.349] |W| [load_var_imports]: 	NID NOT FOUND 0xDF084DFA (UNRECOGNISED) at 0x450A4, setting to stub value 0xDEADBEEF
[07:15:33.349] |I| [pre_load_module]: Pre-load module SceLibc (at "sce_module/libc.suprx") loaded
[07:15:33.361] |C| [load_self]: Unknown segment type 0x6FFFFF01
[07:15:33.361] |I| [load_self]: Loaded module segment 0 @ [0x00059000 - 0x00071CF4 / 0x81000000] (size: 0x00018CF4) of module app0:sce_module/libface.suprx
[07:15:33.362] |I| [load_self]: Loaded module segment 1 @ [0x00072000 - 0x000720F8 / 0x81019000] (size: 0x000000F8) of module app0:sce_module/libface.suprx
[07:15:33.362] |I| [load_self]: Loading symbols for SELF: app0:sce_module/libface.suprx
[07:15:33.362] |D| [load_var_exports]: 	NID 0x6C2224BA (NID_MODULE_INFO) at 0x6EAC0
[07:15:33.362] |D| [load_var_exports]: 	NID 0x936C8A78 (SYSLYB) at 0x71478
[07:15:33.362] |I| [pre_load_module]: Pre-load module SceFace (at "sce_module/libface.suprx") loaded
[07:15:33.371] |C| [load_self]: Unknown segment type 0x6FFFFF01
[07:15:33.371] |I| [load_self]: Loaded module segment 0 @ [0x00073000 - 0x0009E33C / 0x81000000] (size: 0x0002B33C) of module app0:sce_module/libfios2.suprx
[07:15:33.371] |I| [load_self]: Loaded module segment 1 @ [0x0009F000 - 0x000A423D / 0x8102C000] (size: 0x0000523D) of module app0:sce_module/libfios2.suprx
[07:15:33.371] |I| [load_self]: Loading symbols for SELF: app0:sce_module/libfios2.suprx
[07:15:33.371] |D| [load_var_exports]: 	NID 0x936C8A78 (SYSLYB) at 0x9E244
[07:15:33.371] |D| [load_var_exports]: 	NID 0x6C2224BA (NID_MODULE_INFO) at 0x95878
[07:15:33.372] |I| [pre_load_module]: Pre-load module SceLibFios2 (at "sce_module/libfios2.suprx") loaded
[07:15:33.426] |C| [load_self]: Unknown segment type 0x6FFFFF01
[07:15:33.426] |I| [load_self]: Loaded module segment 0 @ [0x000A5000 - 0x002B6AF4 / 0x81000000] (size: 0x00211AF4) of module app0:sce_module/libsmart.suprx
[07:15:33.426] |I| [load_self]: Loaded module segment 1 @ [0x002B7000 - 0x002BA444 / 0x81212000] (size: 0x00003444) of module app0:sce_module/libsmart.suprx
[07:15:33.427] |I| [load_self]: Loading symbols for SELF: app0:sce_module/libsmart.suprx
[07:15:33.427] |D| [load_var_exports]: 	NID 0x6C2224BA (NID_MODULE_INFO) at 0x1546A0
[07:15:33.427] |D| [load_var_exports]: 	NID 0x936C8A78 (SYSLYB) at 0x15B90C
[07:15:33.427] |I| [pre_load_module]: Pre-load module SceSmart (at "sce_module/libsmart.suprx") loaded
[07:15:33.440] |C| [load_self]: Unknown segment type 0x6FFFFF01
[07:15:33.440] |I| [load_self]: Loaded module segment 0 @ [0x002BB000 - 0x002CE9A4 / 0x81000000] (size: 0x000139A4) of module app0:sce_module/libult.suprx
[07:15:33.440] |I| [load_self]: Loaded module segment 1 @ [0x002CF000 - 0x002CF814 / 0x81014000] (size: 0x00000814) of module app0:sce_module/libult.suprx
[07:15:33.440] |I| [load_self]: Loading symbols for SELF: app0:sce_module/libult.suprx
[07:15:33.440] |D| [load_var_exports]: 	NID 0x936C8A78 (SYSLYB) at 0x2CD2D0
[07:15:33.440] |D| [load_var_exports]: 	NID 0x6C2224BA (NID_MODULE_INFO) at 0x2CA858
[07:15:33.440] |I| [pre_load_module]: Pre-load module SceUlt (at "sce_module/libult.suprx") loaded
[07:15:33.447] |I| [load_self]: Loaded module segment 0 @ [0x002D0000 - 0x00320F04 / 0x81000000] (size: 0x00050F04) of module vs0:sys/external/libSceFt2.suprx
[07:15:33.447] |I| [load_self]: Loaded module segment 1 @ [0x00321000 - 0x003212F4 / 0x81051000] (size: 0x000002F4) of module vs0:sys/external/libSceFt2.suprx
[07:15:33.447] |I| [load_self]: Loading symbols for SELF: vs0:sys/external/libSceFt2.suprx
[07:15:33.447] |D| [load_var_exports]: 	NID 0x936C8A78 (SYSLYB) at 0x30C7DC
[07:15:33.447] |D| [load_var_exports]: 	NID 0x6C2224BA (NID_MODULE_INFO) at 0x30BF10
[07:15:33.447] |I| [pre_load_module]: Pre-load module SceLibft2 (at "sys/external/libSceFt2.suprx") loaded
[07:15:33.449] |I| [load_self]: Loaded module segment 0 @ [0x00322000 - 0x00331F14 / 0x81000000] (size: 0x0000FF14) of module vs0:sys/external/libpvf.suprx
[07:15:33.449] |I| [load_self]: Loaded module segment 1 @ [0x00332000 - 0x00332008 / 0x81010000] (size: 0x00000008) of module vs0:sys/external/libpvf.suprx
[07:15:33.449] |I| [load_self]: Loading symbols for SELF: vs0:sys/external/libpvf.suprx
[07:15:33.449] |D| [load_var_exports]: 	NID 0x936C8A78 (SYSLYB) at 0x330710
[07:15:33.449] |D| [load_var_exports]: 	NID 0x6C2224BA (NID_MODULE_INFO) at 0x330300
[07:15:33.449] |I| [pre_load_module]: Pre-load module SceLibPvf (at "sys/external/libpvf.suprx") loaded
[07:15:33.549] |C| [load_self]: Unknown segment type 0x6FFFFF01
[07:15:33.549] |I| [load_self]: Loaded module segment 0 @ [0x00333000 - 0x007CE6AC / 0x81000000] (size: 0x0049B6AC) of module app0:eboot.bin
[07:15:33.550] |I| [load_self]: Loaded module segment 1 @ [0x007CF000 - 0x008362A0 / 0x8149C000] (size: 0x000672A0) of module app0:eboot.bin
[07:15:33.550] |I| [load_self]: Loading symbols for SELF: app0:eboot.bin
[07:15:33.550] |D| [load_var_exports]: 	NID 0x6C2224BA (NID_MODULE_INFO) at 0x75C480
[07:15:33.550] |D| [load_var_exports]: 	NID 0x70FBA1E7 (SCE_PROC_PARAMS) at 0x7D0650
[07:15:33.550] |D| [load_var_exports]: 	NID 0x936C8A78 (SYSLYB) at 0x7A3FCC
[07:15:33.550] |I| [load_app_impl]: Main executable ProjectOP3OS_EU_PSVita_Mas (eboot.bin) loaded
[07:15:33.553] |D| [run_app]: Running module_start of library: SceLibc at address 0x4871
[07:15:33.557] |I| [run_app]: Module SceLibc (at "app0:sce_module/libc.suprx") module_start returned 0x0
[07:15:33.557] |D| [run_app]: Running module_start of library: SceFace at address 0x6DFC5
[07:15:33.559] |I| [run_app]: Module SceFace (at "app0:sce_module/libface.suprx") module_start returned 0x0
[07:15:33.559] |D| [run_app]: Running module_start of library: SceLibFios2 at address 0x73001
[07:15:33.561] |W| [stubbed_impl]: Stubbed sceKernelGetProcessId import called. (pid: 0)
[07:15:33.561] |W| [unimplemented_impl]: Unimplemented sceFiosOverlayGetList02 import called.
[07:15:33.561] |I| [run_app]: Module SceLibFios2 (at "app0:sce_module/libfios2.suprx") module_start returned 0x0
[07:15:33.562] |D| [run_app]: Running module_start of library: SceSmart at address 0xA517D
[07:15:33.564] |I| [run_app]: Module SceSmart (at "app0:sce_module/libsmart.suprx") module_start returned 0x0
[07:15:33.564] |D| [run_app]: Running module_start of library: SceUlt at address 0x2BE769
[07:15:33.566] |W| [unimplemented_impl]: Unimplemented _sceUlobjMgrRegisterLibultProtocolRevision import called.
[07:15:33.566] |I| [run_app]: Module SceUlt (at "app0:sce_module/libult.suprx") module_start returned 0x0
[07:15:33.572] |W| [stubbed_impl]: Stubbed sceKernelChangeThreadPriority import called. (STUB)
[07:15:33.572] |I| [load_module]: Loading module ID: 0x3
[07:15:33.580] |I| [load_self]: Loaded module segment 0 @ [0x008BE000 - 0x00924EA4 / 0x81000000] (size: 0x00066EA4) of module sys/external/libssl.suprx
[07:15:33.580] |I| [load_self]: Loaded module segment 1 @ [0x00925000 - 0x00929FA8 / 0x81067000] (size: 0x00004FA8) of module sys/external/libssl.suprx
[07:15:33.581] |I| [load_self]: Loading symbols for SELF: sys/external/libssl.suprx
[07:15:33.581] |D| [load_var_exports]: 	NID 0x936C8A78 (SYSLYB) at 0x9109E0
[07:15:33.581] |D| [load_var_exports]: 	NID 0x6C2224BA (NID_MODULE_INFO) at 0x90ACA0
[07:15:33.581] |I| [load_module]: Module SceLibSsl (at "sys/external/libssl.suprx") loaded
[07:15:33.581] |W| [unimplemented_impl]: Unimplemented sceAppUtilInit import called.
[07:15:33.581] |W| [unimplemented_impl]: Unimplemented sceScreenShotDisable import called.
[07:15:33.581] |W| [unimplemented_impl]: Unimplemented sceScreenShotSetOverlayImage import called.
[07:15:33.582] |W| [unimplemented_impl]: Unimplemented sceScreenShotEnable import called.
[07:15:33.670] |W| [stubbed_impl]: Stubbed sceKernelLockLwMutexCB import called. (no CB)
[07:15:33.679] |W| [stubbed_impl]: Stubbed sceGxmMapVertexUsseMemory import called. (always return success)
[07:15:33.679] |W| [stubbed_impl]: Stubbed sceGxmMapFragmentUsseMemory import called. (always return success)
[07:15:33.680] |W| [stubbed_impl]: Stubbed sceGxmProgramParameterIsRegFormat import called. (sceGxmProgramParameterIsRegFormat)
[07:15:33.682] |W| [stubbed_impl]: Stubbed sceGxmMapMemory import called. (always return success)
[07:15:33.757] |W| [stubbed_impl]: Stubbed sceKernelGetThreadInfo import called. (STUB)
[07:15:33.761] |E| [call_import]: Import function for NID 0xD7F0F610 not found (thread name: PCSB00717, thread ID: 8)
[07:15:33.762] |W| [stubbed_impl]: Stubbed _sceKernelWaitSignal import called. (sceKernelWaitSignal)
[07:15:33.764] |W| [stubbed_impl]: Stubbed sceGxmGetRenderTargetMemSize import called. (2MB host mem)
[07:15:33.770] |I| [export_sceIoOpen]: Opening file: app0:./LINKDATA_NGP/LINKDATA_EU.A
[07:15:33.813] |I| [export_sceIoOpen]: Opening file: app0:./LINKDATA_NGP/LINKDATA_EU.B
[07:15:33.821] |W| [unimplemented_impl]: Unimplemented sceGxmSetFrontFragmentProgramEnable import called.
[07:15:33.822] |W| [unimplemented_impl]: Unimplemented sceCommonDialogUpdate import called.
[07:15:33.834] |I| [export_sceIoOpen]: Opening file: app0:./LINKDATA_NGP/LINKDATA_EU.C
[07:15:33.851] |I| [renderer::gl::load_shader_generic]: Generating frag shader 1e68705a0e71c7faffb235bfbf9ab4af50c5404e758d4c683dce759253781cf1
[07:15:33.852] |D| [shader::create_fragment_inputs]: Iterator: pa0 = (half4) v_Color0
[07:15:33.853] |D| [shader::spirv_disasm_print]: SPIR-V Disassembly:
// Module Version 10500
// Generated by (magic number): 1337000
// Id's are bound by 124

                              Capability Shader
                              Capability Float16
              63:             ExtInstImport  "GLSL.std.450"
              99:             ExtInstImport  "GLSL.std.450"
             112:             ExtInstImport  "GLSL.std.450"
                              MemoryModel Logical GLSL450
                              EntryPoint Fragment 4  "main_fs" 39 42 43 75
                              ExecutionMode 4 OriginLowerLeft
               1:             String  "1e68705a0e71c7faffb235bfbf9ab4af50c5404e758d4c683dce759253781cf1"
                              SourceExtension  "gxp"
                              Name 4  "main_fs"
                              Name 21  "pa"
                              Name 22  "sa"
                              Name 24  "internals"
                              Name 26  "r"
                              Name 28  "p"
                              Name 30  "idx"
                              Name 31  "outs"
                              Name 33  "i"
                              Name 37  "memory"
                              Name 39  "v_Color0"
                              Name 42  "f_mask"
                              Name 43  "gl_FragCoord"
                              Name 44  "frag_output_finalize"
                              Name 60  "unpack2xF16"
                              Name 75  "out_color"
                              Name 97  "pack2xF16"
                              Name 120  "block_prim_0"
                              Decorate 39(v_Color0) Location 1
                              Decorate 42(f_mask) Binding 1
                              Decorate 43(gl_FragCoord) BuiltIn FragCoord
                              Decorate 75(out_color) Location 0
               2:             TypeVoid
               3:             TypeFunction 2
               6:             TypeFloat 32
               7:             TypeInt 32 1
               8:             TypeBool
               9:             TypeVector 6(float) 4
              10:      7(int) Constant 32
              11:             TypeArray 9(fvec4) 10
              12:      7(int) Constant 3
              13:             TypeArray 9(fvec4) 12
              14:      7(int) Constant 20
              15:             TypeArray 9(fvec4) 14
              16:      7(int) Constant 2
              17:             TypeArray 7(int) 16
              18:      7(int) Constant 4
              19:             TypeArray 8(bool) 18
              20:             TypePointer Private 11
          21(pa):     20(ptr) Variable Private
          22(sa):     20(ptr) Variable Private
              23:             TypePointer Private 13
   24(internals):     23(ptr) Variable Private
              25:             TypePointer Private 15
           26(r):     25(ptr) Variable Private
              27:             TypePointer Private 19
           28(p):     27(ptr) Variable Private
              29:             TypePointer Private 17
         30(idx):     29(ptr) Variable Private
        31(outs):     25(ptr) Variable Private
              32:             TypePointer Function 7(int)
              34:      7(int) Constant 1
              35:             TypeArray 6(float) 34
              36:             TypePointer Private 35
      37(memory):     36(ptr) Variable Private
              38:             TypePointer Input 9(fvec4)
    39(v_Color0):     38(ptr) Variable Input
              40:             TypeImage 6(float) 2D nonsampled format:Rgba8
              41:             TypePointer UniformConstant 40
      42(f_mask):     41(ptr) Variable UniformConstant
43(gl_FragCoord):     38(ptr) Variable Input
              46:             TypePointer Private 9(fvec4)
              47:      7(int) Constant 0
              54:             TypeVector 6(float) 2
              57:             TypeInt 32 0
              58:             TypeFunction 54(fvec2) 6(float)
              74:             TypePointer Output 9(fvec4)
   75(out_color):     74(ptr) Variable Output
              77:             TypeVector 7(int) 4
              79:             TypeVector 7(int) 2
              83:    6(float) Constant 1056964608
              84:    9(fvec4) ConstantComposite 83 83 83 83
              95:             TypeFunction 6(float) 54(fvec2)
             113:    6(float) Constant 0
             114:    6(float) Constant 1065353216
             115:    6(float) Constant 1073741824
             116:   54(fvec2) ConstantComposite 113 113
             117:             TypeVector 6(float) 3
             118:  117(fvec3) ConstantComposite 113 113 113
             119:    9(fvec4) ConstantComposite 113 113 113 113
      4(main_fs):           2 Function None 3
               5:             Label
           33(i):     32(ptr) Variable Function
              91:    9(fvec4) Load 39(v_Color0)
              92:    6(float) VectorExtractDynamic 91 47
              93:    6(float) VectorExtractDynamic 91 34
              94:   54(fvec2) CompositeConstruct 92 93
             103:    6(float) FunctionCall 97(pack2xF16) 94
             104:    6(float) VectorExtractDynamic 91 16
             105:    6(float) VectorExtractDynamic 91 12
             106:   54(fvec2) CompositeConstruct 104 105
             107:    6(float) FunctionCall 97(pack2xF16) 106
             108:   54(fvec2) CompositeConstruct 103 107
             109:     46(ptr) AccessChain 21(pa) 47
             110:    9(fvec4) Load 109
             111:    9(fvec4) VectorShuffle 110 108 4 5 2 3
                              Store 109 111
             123:           2 FunctionCall 120(block_prim_0)
                              Return
                              FunctionEnd
44(frag_output_finalize):           2 Function None 3
              45:             Label
              48:     46(ptr) AccessChain 21(pa) 47
              49:     46(ptr) AccessChain 21(pa) 47
              50:    9(fvec4) Load 49
              51:    9(fvec4) Load 48
              52:    6(float) VectorExtractDynamic 51 47
              53:    6(float) VectorExtractDynamic 51 34
              55:   54(fvec2) CompositeConstruct 52 53
              56:    6(float) VectorExtractDynamic 55 47
              66:   54(fvec2) FunctionCall 60(unpack2xF16) 56
              67:    6(float) VectorExtractDynamic 55 34
              68:   54(fvec2) FunctionCall 60(unpack2xF16) 67
              69:    6(float) VectorExtractDynamic 66 47
              70:    6(float) VectorExtractDynamic 66 34
              71:    6(float) VectorExtractDynamic 68 47
              72:    6(float) VectorExtractDynamic 68 34
              73:    9(fvec4) CompositeConstruct 69 70 71 72
                              Store 75(out_color) 73
              76:    9(fvec4) Load 43(gl_FragCoord)
              78:   77(ivec4) ConvertFToS 76
              80:   79(ivec2) VectorShuffle 78 78 0 1
              81:          40 Load 42(f_mask)
              82:    9(fvec4) ImageRead 81 80
              85:     8(bool) FOrdLessThan 82 84
              86:     8(bool) All 85
                              SelectionMerge 88 None
                              BranchConditional 86 87 88
              87:               Label
                                Kill
              88:             Label
                              Return
                              FunctionEnd
 60(unpack2xF16):   54(fvec2) Function None 58
              59:    6(float) FunctionParameter
              61:             Label
              62:     57(int) Bitcast 59
              64:   54(fvec2) ExtInst 63(GLSL.std.450) 62(UnpackHalf2x16) 62
                              ReturnValue 64
                              FunctionEnd
   97(pack2xF16):    6(float) Function None 95
              96:   54(fvec2) FunctionParameter
              98:             Label
             100:     57(int) ExtInst 99(GLSL.std.450) 58(PackHalf2x16) 96
             101:    6(float) Bitcast 100
                              ReturnValue 101
                              FunctionEnd
120(block_prim_0):           2 Function None 3
             121:             Label
             122:           2 FunctionCall 44(frag_output_finalize)
                              Return
                              FunctionEnd

[07:15:33.856] |D| [shader::convert_gxp_to_glsl]: Generated GLSL:
#version 420
#extension GL_ARB_fragment_shader_interlock : require
// Shader Name: 1e68705a0e71c7faffb235bfbf9ab4af50c5404e758d4c683dce759253781cf1
layout(early_fragment_tests) in;


layout(binding = 1, rgba8) uniform readonly image2D f_mask;

layout(location = 1) in vec4 v_Color0;
layout(location = 0) out vec4 out_color;
vec4 pa[32];
vec4 sa[32];
vec4 internals[3];
vec4 r[20];
bool p[4];
int idx[2];
vec4 outs[20];
float memory[1];

float pack2xF16(vec2 _96)
{
    return uintBitsToFloat(packHalf2x16(_96));
}

vec2 unpack2xF16(float _59)
{
    return unpackHalf2x16(floatBitsToUint(_59));
}

void frag_output_finalize()
{
    vec2 _55 = vec2(pa[0].x, pa[0].y);
    vec2 _66 = unpack2xF16(_55.x);
    vec2 _68 = unpack2xF16(_55.y);
    out_color = vec4(_66.x, _66.y, _68.x, _68.y);
    if (all(lessThan(imageLoad(f_mask, ivec4(gl_FragCoord).xy), vec4(0.5))))
    {
        discard;
    }
}

void block_prim_0()
{
    frag_output_finalize();
}

void main()
{
    vec2 _108 = vec2(pack2xF16(vec2(v_Color0.x, v_Color0.y)), pack2xF16(vec2(v_Color0.z, v_Color0.w)));
    pa[0] = vec4(_108.x, _108.y, pa[0].z, pa[0].w);
    block_prim_0();
}


[07:15:33.861] |I| [export_sceIoOpen]: Opening file: app0:./LINKDATA_NGP/LINKDATA_EU.D
[07:15:33.869] |I| [renderer::gl::load_shader_generic]: Generating vert shader d413042ce081dd0d4544e023e2208c834e7cadb12e265e3b61aeb99550df29bd
[07:15:33.870] |D| [shader::create_parameters]: [BUFFER0  + 0] pa0 = (float2) pos
[07:15:33.870] |D| [shader::create_parameters]: [DEFAULT  + 0] sa0 = (float4) color_depth[2]
[07:15:33.872] |D| [shader::spirv_disasm_print]: SPIR-V Disassembly:
// Module Version 10500
// Generated by (magic number): 1337000
// Id's are bound by 223

                              Capability Shader
                              Capability Float16
             160:             ExtInstImport  "GLSL.std.450"
                              MemoryModel Logical GLSL450
                              EntryPoint Vertex 4  "main_vs" 96 103 135
               1:             String  "d413042ce081dd0d4544e023e2208c834e7cadb12e265e3b61aeb99550df29bd"
                              SourceExtension  "gxp"
                              Name 4  "main_vs"
                              Name 21  "pa"
                              Name 22  "sa"
                              Name 24  "internals"
                              Name 26  "r"
                              Name 28  "p"
                              Name 30  "idx"
                              Name 31  "outs"
                              Name 33  "i"
                              Name 35  "vert_defaultUniformBuffer"
                              Name 37  "buffer0"
                              MemberName 35(vert_defaultUniformBuffer) 0  "data"
                              Name 60  "memory"
                              Name 96  "pos"
                              Name 97  "GxmRenderBufferBlock"
                              MemberName 97(GxmRenderBufferBlock) 0  "viewport_flip"
                              MemberName 97(GxmRenderBufferBlock) 1  "viewport_flag"
                              MemberName 97(GxmRenderBufferBlock) 2  "screen_width"
                              MemberName 97(GxmRenderBufferBlock) 3  "screen_height"
                              Name 99  "renderInfo"
                              Name 100  "vert_output_finalize"
                              Name 103  "v_Position"
                              Name 135  "v_Color0"
                              Name 148  "i"
                              Name 165  "block_sec_0"
                              Name 179  "block_prim_0"
                              Decorate 35(vert_defaultUniformBuffer) Block
                              Decorate 35(vert_defaultUniformBuffer) GLSLShared
                              Decorate 37(buffer0) Binding 0
                              MemberDecorate 35(vert_defaultUniformBuffer) 0 Offset 0
                              Decorate 34 ArrayStride 16
                              Decorate 96(pos) Location 0
                              Decorate 97(GxmRenderBufferBlock) Block
                              Decorate 97(GxmRenderBufferBlock) GLSLShared
                              MemberDecorate 97(GxmRenderBufferBlock) 0 Offset 0
                              MemberDecorate 97(GxmRenderBufferBlock) 1 Offset 16
                              MemberDecorate 97(GxmRenderBufferBlock) 2 Offset 20
                              MemberDecorate 97(GxmRenderBufferBlock) 3 Offset 24
                              Decorate 99(renderInfo) Binding 15
                              Decorate 103(v_Position) Location 0
                              Decorate 103(v_Position) BuiltIn Position
                              Decorate 135(v_Color0) Location 1
               2:             TypeVoid
               3:             TypeFunction 2
               6:             TypeFloat 32
               7:             TypeInt 32 1
               8:             TypeBool
               9:             TypeVector 6(float) 4
              10:      7(int) Constant 32
              11:             TypeArray 9(fvec4) 10
              12:      7(int) Constant 3
              13:             TypeArray 9(fvec4) 12
              14:      7(int) Constant 20
              15:             TypeArray 9(fvec4) 14
              16:      7(int) Constant 2
              17:             TypeArray 7(int) 16
              18:      7(int) Constant 4
              19:             TypeArray 8(bool) 18
              20:             TypePointer Private 11
          21(pa):     20(ptr) Variable Private
          22(sa):     20(ptr) Variable Private
              23:             TypePointer Private 13
   24(internals):     23(ptr) Variable Private
              25:             TypePointer Private 15
           26(r):     25(ptr) Variable Private
              27:             TypePointer Private 19
           28(p):     27(ptr) Variable Private
              29:             TypePointer Private 17
         30(idx):     29(ptr) Variable Private
        31(outs):     25(ptr) Variable Private
              32:             TypePointer Function 7(int)
              34:             TypeArray 9(fvec4) 16
35(vert_defaultUniformBuffer):             TypeStruct 34
              36:             TypePointer Uniform 35(vert_defaultUniformBuffer)
     37(buffer0):     36(ptr) Variable Uniform
              38:      7(int) Constant 0
              46:             TypePointer Uniform 9(fvec4)
              51:             TypePointer Private 9(fvec4)
              54:      7(int) Constant 1
              57:      7(int) Constant 9
              58:             TypeArray 6(float) 57
              59:             TypePointer Private 58
      60(memory):     59(ptr) Variable Private
              75:             TypePointer Private 6(float)
              94:             TypeVector 6(float) 2
              95:             TypePointer Input 94(fvec2)
         96(pos):     95(ptr) Variable Input
97(GxmRenderBufferBlock):             TypeStruct 9(fvec4) 6(float) 6(float) 6(float)
              98:             TypePointer Uniform 97(GxmRenderBufferBlock)
  99(renderInfo):     98(ptr) Variable Uniform
             102:             TypePointer Output 9(fvec4)
 103(v_Position):    102(ptr) Variable Output
             108:    6(float) Constant 1056964608
             109:    6(float) Constant 1065353216
             110:    6(float) Constant 3212836864
             111:    6(float) Constant 1073741824
             112:    6(float) Constant 3221225472
             113:    6(float) Constant 0
             114:             TypePointer Uniform 6(float)
   135(v_Color0):    102(ptr) Variable Output
             149:    9(fvec4) ConstantComposite 113 113 113 113
             161:             TypeInt 32 0
             162:   94(fvec2) ConstantComposite 113 113
             163:             TypeVector 6(float) 3
             164:  163(fvec3) ConstantComposite 113 113 113
             173:   94(fvec2) ConstantComposite 109 109
      4(main_vs):           2 Function None 3
               5:             Label
           33(i):     32(ptr) Variable Function
          148(i):     32(ptr) Variable Function
                              Store 33(i) 38
                              Branch 39
              39:             Label
              43:      7(int) Load 33(i)
              44:     8(bool) SLessThan 43 16
                              LoopMerge 41 42 None
                              BranchConditional 44 40 41
              40:               Label
              45:      7(int)   Load 33(i)
              47:     46(ptr)   AccessChain 37(buffer0) 38 45
              48:      7(int)   Load 33(i)
              49:      7(int)   Load 33(i)
              50:      7(int)   IAdd 48 38
              52:     51(ptr)   AccessChain 22(sa) 50
              53:    9(fvec4)   Load 47
                                Store 52 53
              55:      7(int)   Load 33(i)
              56:      7(int)   IAdd 55 54
                                Store 33(i) 56
                                Branch 42
              42:               Label
                                Branch 39
              41:             Label
                              Store 33(i) 38
                              Branch 61
              61:             Label
              65:      7(int) Load 33(i)
              66:     8(bool) SLessThan 65 16
                              LoopMerge 63 64 None
                              BranchConditional 66 62 63
              62:               Label
              67:      7(int)   Load 33(i)
              68:     46(ptr)   AccessChain 37(buffer0) 38 67
              69:      7(int)   Load 33(i)
              70:      7(int)   IMul 18 69
              71:      7(int)   IAdd 70 38
              72:    9(fvec4)   Load 68
              73:    6(float)   VectorExtractDynamic 72 38
              74:      7(int)   IAdd 71 38
              76:     75(ptr)   AccessChain 60(memory) 74
                                Store 76 73
              77:      7(int)   IAdd 70 54
              78:    9(fvec4)   Load 68
              79:    6(float)   VectorExtractDynamic 78 54
              80:      7(int)   IAdd 77 38
              81:     75(ptr)   AccessChain 60(memory) 80
                                Store 81 79
              82:      7(int)   IAdd 70 16
              83:    9(fvec4)   Load 68
              84:    6(float)   VectorExtractDynamic 83 16
              85:      7(int)   IAdd 82 38
              86:     75(ptr)   AccessChain 60(memory) 85
                                Store 86 84
              87:      7(int)   IAdd 70 12
              88:    9(fvec4)   Load 68
              89:    6(float)   VectorExtractDynamic 88 12
              90:      7(int)   IAdd 87 38
              91:     75(ptr)   AccessChain 60(memory) 90
                                Store 91 89
              92:      7(int)   Load 33(i)
              93:      7(int)   IAdd 92 54
                                Store 33(i) 93
                                Branch 64
              64:               Label
                                Branch 61
              63:             Label
             141:   94(fvec2) Load 96(pos)
             142:    6(float) VectorExtractDynamic 141 38
             143:    6(float) VectorExtractDynamic 141 54
             144:   94(fvec2) CompositeConstruct 142 143
             145:     51(ptr) AccessChain 21(pa) 38
             146:    9(fvec4) Load 145
             147:    9(fvec4) VectorShuffle 146 144 4 5 2 3
                              Store 145 147
                              Store 148(i) 38
                              Branch 150
             150:             Label
             154:      7(int) Load 148(i)
             155:     8(bool) SLessThan 154 14
                              LoopMerge 152 153 None
                              BranchConditional 155 151 152
             151:               Label
             156:      7(int)   Load 148(i)
             157:     51(ptr)   AccessChain 31(outs) 156
                                Store 157 149
             158:      7(int)   Load 148(i)
             159:      7(int)   IAdd 158 54
                                Store 148(i) 159
                                Branch 153
             153:               Label
                                Branch 150
             152:             Label
             178:           2 FunctionCall 165(block_sec_0)
             222:           2 FunctionCall 179(block_prim_0)
                              Return
                              FunctionEnd
100(vert_output_finalize):           2 Function None 3
             101:             Label
             104:     51(ptr) AccessChain 31(outs) 38
             105:     51(ptr) AccessChain 31(outs) 38
             106:    9(fvec4) Load 105
             107:    9(fvec4) Load 104
             115:    114(ptr) AccessChain 99(renderInfo) 54
             116:    114(ptr) AccessChain 99(renderInfo) 16
             117:    114(ptr) AccessChain 99(renderInfo) 12
             118:    6(float) Load 115
             119:     8(bool) FOrdLessThan 118 108
                              SelectionMerge 121 None
                              BranchConditional 119 120 132
             120:               Label
             122:    6(float)   Load 116
             123:    6(float)   FDiv 111 122
             124:    6(float)   Load 117
             125:    6(float)   FDiv 112 124
             126:    9(fvec4)   CompositeConstruct 123 125 109 109
             127:    9(fvec4)   CompositeConstruct 110 109 113 113
             128:    9(fvec4)   FMul 107 126
             129:    9(fvec4)   FAdd 128 127
             130:     46(ptr)   AccessChain 99(renderInfo) 38
             131:    9(fvec4)   FMul 129 130
                                Store 103(v_Position) 131
                                Branch 121
             132:               Label
             133:     46(ptr)   AccessChain 99(renderInfo) 38
             134:    9(fvec4)   FMul 107 133
                                Store 103(v_Position) 134
                                Branch 121
             121:             Label
             136:     51(ptr) AccessChain 31(outs) 54
             137:     51(ptr) AccessChain 31(outs) 54
             138:    9(fvec4) Load 137
             139:    9(fvec4) Load 136
                              Store 135(v_Color0) 139
                              Return
                              FunctionEnd
165(block_sec_0):           2 Function None 3
             166:             Label
             167:     51(ptr) AccessChain 22(sa) 54
             168:     51(ptr) AccessChain 22(sa) 54
             169:    9(fvec4) Load 168
             170:    9(fvec4) Load 167
             171:    6(float) VectorExtractDynamic 170 38
             172:   94(fvec2) CompositeConstruct 171 109
             174:   94(fvec2) FMul 172 173
             175:     51(ptr) AccessChain 22(sa) 54
             176:    9(fvec4) Load 175
             177:    9(fvec4) VectorShuffle 176 174 0 1 4 5
                              Store 175 177
                              Return
                              FunctionEnd
179(block_prim_0):           2 Function None 3
             180:             Label
                              Line 1 1 0
             181:     51(ptr) AccessChain 21(pa) 38
             182:     51(ptr) AccessChain 21(pa) 38
             183:    9(fvec4) Load 182
             184:    9(fvec4) Load 181
             185:    6(float) VectorExtractDynamic 184 38
             186:    6(float) VectorExtractDynamic 184 54
             187:   94(fvec2) CompositeConstruct 185 186
             188:     51(ptr) AccessChain 31(outs) 38
             189:    9(fvec4) Load 188
             190:    9(fvec4) VectorShuffle 189 187 4 5 2 3
                              Store 188 190
                              Line 1 3 0
             191:     51(ptr) AccessChain 22(sa) 38
             192:     51(ptr) AccessChain 22(sa) 38
             193:    9(fvec4) Load 192
             194:    9(fvec4) Load 191
             195:    6(float) VectorExtractDynamic 194 38
             196:    6(float) VectorExtractDynamic 194 54
             197:   94(fvec2) CompositeConstruct 195 196
             198:     51(ptr) AccessChain 31(outs) 54
             199:    9(fvec4) Load 198
             200:    9(fvec4) VectorShuffle 199 197 4 5 2 3
                              Store 198 200
             201:     51(ptr) AccessChain 22(sa) 38
             202:     51(ptr) AccessChain 22(sa) 54
             203:    9(fvec4) Load 202
             204:    9(fvec4) Load 201
             205:    6(float) VectorExtractDynamic 204 16
             206:    6(float) VectorExtractDynamic 204 12
             207:   94(fvec2) CompositeConstruct 205 206
             208:     51(ptr) AccessChain 31(outs) 54
             209:    9(fvec4) Load 208
             210:    9(fvec4) VectorShuffle 209 207 0 1 4 5
                              Store 208 210
             211:     51(ptr) AccessChain 22(sa) 54
             212:     51(ptr) AccessChain 22(sa) 16
             213:    9(fvec4) Load 212
             214:    9(fvec4) Load 211
             215:    6(float) VectorExtractDynamic 214 16
             216:    6(float) VectorExtractDynamic 214 12
             217:   94(fvec2) CompositeConstruct 215 216
             218:     51(ptr) AccessChain 31(outs) 38
             219:    9(fvec4) Load 218
             220:    9(fvec4) VectorShuffle 219 217 0 1 4 5
                              Store 218 220
             221:           2 FunctionCall 100(vert_output_finalize)
                              Return
                              FunctionEnd

[07:15:33.875] |D| [shader::convert_gxp_to_glsl]: Generated GLSL:
#version 420
#extension GL_ARB_fragment_shader_interlock : require
// Shader Name: d413042ce081dd0d4544e023e2208c834e7cadb12e265e3b61aeb99550df29bd

layout(binding = 0, std140) uniform vert_defaultUniformBuffer
{
    vec4 data[2];
} buffer0;

layout(binding = 15, std140) uniform GxmRenderBufferBlock
{
    vec4 viewport_flip;
    float viewport_flag;
    float screen_width;
    float screen_height;
} renderInfo;

layout(location = 0) in vec2 pos;
layout(location = 1) out vec4 v_Color0;
vec4 pa[32];
vec4 sa[32];
vec4 internals[3];
vec4 r[20];
bool p[4];
int idx[2];
vec4 outs[20];
float memory[9];

void block_sec_0()
{
    vec2 _174 = vec2(sa[1].x, 1.0) * vec2(1.0);
    sa[1] = vec4(sa[1].x, sa[1].y, _174.x, _174.y);
}

void vert_output_finalize()
{
    if (renderInfo.viewport_flag < 0.5)
    {
        gl_Position = ((outs[0] * vec4(2.0 / renderInfo.screen_width, (-2.0) / renderInfo.screen_height, 1.0, 1.0)) + vec4(-1.0, 1.0, 0.0, 0.0)) * renderInfo.viewport_flip;
    }
    else
    {
        gl_Position = outs[0] * renderInfo.viewport_flip;
    }
    v_Color0 = outs[1];
}

void block_prim_0()
{
    vec2 _187 = vec2(pa[0].x, pa[0].y);
    outs[0] = vec4(_187.x, _187.y, outs[0].z, outs[0].w);
    vec2 _197 = vec2(sa[0].x, sa[0].y);
    outs[1] = vec4(_197.x, _197.y, outs[1].z, outs[1].w);
    vec2 _207 = vec2(sa[0].z, sa[0].w);
    outs[1] = vec4(outs[1].x, outs[1].y, _207.x, _207.y);
    vec2 _217 = vec2(sa[1].z, sa[1].w);
    outs[0] = vec4(outs[0].x, outs[0].y, _217.x, _217.y);
    vert_output_finalize();
}

void main()
{
    int i = 0;
    while (i < 2)
    {
        sa[i + 0] = buffer0.data[i];
        i++;
    }
    i = 0;
    while (i < 2)
    {
        int _70 = 4 * i;
        memory[(_70 + 0) + 0] = buffer0.data[i].x;
        memory[(_70 + 1) + 0] = buffer0.data[i].y;
        memory[(_70 + 2) + 0] = buffer0.data[i].z;
        memory[(_70 + 3) + 0] = buffer0.data[i].w;
        i++;
    }
    vec2 _144 = vec2(pos.x, pos.y);
    pa[0] = vec4(_144.x, _144.y, pa[0].z, pa[0].w);
    int i_1 = 0;
    while (i_1 < 20)
    {
        outs[i_1] = vec4(0.0);
        i_1++;
    }
    block_sec_0();
    block_prim_0();
}


[07:15:33.894] |E| [renderer::gl::compile_program]: Vertex info
-----------
0(20) : warning C7050: "pa[0].zw" might be used before being initialized

Fragment info
-------------
0(11) : warning C7050: "pa[0].zw" might be used before being initialized


[07:15:33.897] |W| [stubbed_impl]: Stubbed sceDisplayWaitSetFrameBufMultiCB import called. (move after setframebuf)
[07:15:33.899] |W| [stubbed_impl]: Stubbed sceDisplayWaitSetFrameBufCB import called. (move after setframebuf)
[07:15:33.940] |W| [stubbed_impl]: Stubbed sceKernelDelayThreadCB import called. (no CB)
[07:15:34.299] |I| [load_module]: Loading module ID: 0x13
[07:15:34.300] |C| [load_self]: Unknown segment type 0x6FFFFF01
[07:15:34.300] |I| [load_self]: Loaded module segment 0 @ [0x14EAC000 - 0x14EAF08C / 0x81000000] (size: 0x0000308C) of module sys/external/libsystemgesture.suprx
[07:15:34.300] |I| [load_self]: Loaded module segment 1 @ [0x14EB0000 - 0x14EB0BF0 / 0x81004000] (size: 0x00000BF0) of module sys/external/libsystemgesture.suprx
[07:15:34.301] |I| [load_self]: Loading symbols for SELF: sys/external/libsystemgesture.suprx
[07:15:34.301] |D| [load_var_exports]: 	NID 0x936C8A78 (SYSLYB) at 0x14EAF074
[07:15:34.301] |D| [load_var_exports]: 	NID 0x6C2224BA (NID_MODULE_INFO) at 0x14EAEBD4
[07:15:34.301] |I| [load_module]: Module SceSystemGesture (at "sys/external/libsystemgesture.suprx") loaded
[07:15:34.301] |D| [load_module]: Running module_start of module: SceSystemGesture
[07:15:34.302] |I| [load_module]: Module SceSystemGesture (at "sys/external/libsystemgesture.suprx") module_start returned 0x0
[07:15:34.303] |W| [unimplemented_impl]: Unimplemented sceTouchGetPixelDensity2 import called.
[07:15:34.303] |E| [call_import]: Import function for NID 0xE341C4EA not found (thread name: InitializeApp, thread ID: 135)
[07:15:35.209] |W| [ngs::create_voice_definition]: Missing voice definition for Buss Type 6, us