[00:02:04.408] |I| [load_app_impl]: ngs experimental state: true
[00:02:04.408] |I| [load_app_impl]: video player state: true
[00:02:04.408] |I| [load_app_impl]: lle-modules: libsas,libSceJson,liblocation,libatrac,libSceXml,libvoice,librudp,libpgf
[00:02:04.408] |I| [load_app_impl]: Title: Sine Mora
[00:02:04.408] |I| [load_app_impl]: Serial: PCSB00161
[00:02:04.408] |I| [load_app_impl]: Version: 1.00
[00:02:04.408] |I| [load_app_impl]: Category: gd
[00:02:04.515] |C| [load_self]: Unknown segment type 0x6FFFFF01
[00:02:04.515] |I| [load_self]: Loaded module segment 0 @ [0x00004000 - 0x000407DC / 0x81000000] (size: 0x0003C7DC) of module ux0:app\PCSB00161\sce_module\libc.suprx
[00:02:04.515] |I| [load_self]: Loaded module segment 1 @ [0x00041000 - 0x00043374 / 0x8103D000] (size: 0x00002374) of module ux0:app\PCSB00161\sce_module\libc.suprx
[00:02:04.515] |I| [load_self]: Loading symbols for SELF: ux0:app\PCSB00161\sce_module\libc.suprx
[00:02:04.516] |D| [load_var_exports]: 	NID 0x6C2224BA (NID_MODULE_INFO) at 0x32220
[00:02:04.516] |W| [load_var_imports]: 	NID NOT FOUND 0xDF084DFA (UNRECOGNISED) at 0x359F0, setting to stub value 0xDEADBEEF
[00:02:04.516] |I| [pre_load_module]: Pre-load module SceLibc (at "app\PCSB00161\sce_module\libc.suprx") loaded
[00:02:04.528] |C| [load_self]: Unknown segment type 0x6FFFFF01
[00:02:04.528] |I| [load_self]: Loaded module segment 0 @ [0x00045000 - 0x000671B0 / 0x81000000] (size: 0x000221B0) of module ux0:app\PCSB00161\sce_module\libfios2.suprx
[00:02:04.528] |I| [load_self]: Loaded module segment 1 @ [0x00068000 - 0x0006D1B8 / 0x81023000] (size: 0x000051B8) of module ux0:app\PCSB00161\sce_module\libfios2.suprx
[00:02:04.528] |I| [load_self]: Loading symbols for SELF: ux0:app\PCSB00161\sce_module\libfios2.suprx
[00:02:04.528] |D| [load_var_exports]: 	NID 0x6C2224BA (NID_MODULE_INFO) at 0x60CB0
[00:02:04.528] |I| [pre_load_module]: Pre-load module SceLibFios2 (at "app\PCSB00161\sce_module\libfios2.suprx") loaded
[00:02:04.532] |C| [load_self]: Unknown segment type 0x6FFFFF01
[00:02:04.533] |I| [load_self]: Loaded module segment 0 @ [0x0006E000 - 0x0008206C / 0x81000000] (size: 0x0001406C) of module ux0:app\PCSB00161\sce_module\libult.suprx
[00:02:04.533] |I| [load_self]: Loaded module segment 1 @ [0x00083000 - 0x00083814 / 0x81015000] (size: 0x00000814) of module ux0:app\PCSB00161\sce_module\libult.suprx
[00:02:04.533] |I| [load_self]: Loading symbols for SELF: ux0:app\PCSB00161\sce_module\libult.suprx
[00:02:04.533] |D| [load_var_exports]: 	NID 0x6C2224BA (NID_MODULE_INFO) at 0x7EB68
[00:02:04.533] |I| [pre_load_module]: Pre-load module SceUlt (at "app\PCSB00161\sce_module\libult.suprx") loaded
[00:02:04.540] |I| [load_self]: Loaded module segment 0 @ [0x00084000 - 0x000D4F04 / 0x81000000] (size: 0x00050F04) of module vs0:sys/external/libSceFt2.suprx
[00:02:04.540] |I| [load_self]: Loaded module segment 1 @ [0x000D5000 - 0x000D52F4 / 0x81051000] (size: 0x000002F4) of module vs0:sys/external/libSceFt2.suprx
[00:02:04.540] |I| [load_self]: Loading symbols for SELF: vs0:sys/external/libSceFt2.suprx
[00:02:04.540] |D| [load_var_exports]: 	NID 0x936C8A78 (SYSLYB) at 0xC07DC
[00:02:04.540] |D| [load_var_exports]: 	NID 0x6C2224BA (NID_MODULE_INFO) at 0xBFF10
[00:02:04.540] |W| [load_var_imports]: 	NID NOT FOUND 0x93B8AA67 (UNRECOGNISED) at 0xD4EE0, setting to stub value 0xDEADBEEF
[00:02:04.540] |I| [pre_load_module]: Pre-load module SceLibft2 (at "sys/external/libSceFt2.suprx") loaded
[00:02:04.542] |I| [load_self]: Loaded module segment 0 @ [0x000D7000 - 0x000E6F14 / 0x81000000] (size: 0x0000FF14) of module vs0:sys/external/libpvf.suprx
[00:02:04.545] |I| [load_self]: Loaded module segment 1 @ [0x000E7000 - 0x000E7008 / 0x81010000] (size: 0x00000008) of module vs0:sys/external/libpvf.suprx
[00:02:04.545] |I| [load_self]: Loading symbols for SELF: vs0:sys/external/libpvf.suprx
[00:02:04.545] |D| [load_var_exports]: 	NID 0x936C8A78 (SYSLYB) at 0xE5710
[00:02:04.545] |D| [load_var_exports]: 	NID 0x6C2224BA (NID_MODULE_INFO) at 0xE5300
[00:02:04.545] |I| [pre_load_module]: Pre-load module SceLibPvf (at "sys/external/libpvf.suprx") loaded
[00:02:04.647] |C| [load_self]: Unknown segment type 0x6FFFFF01
[00:02:04.647] |I| [load_self]: Loaded module segment 0 @ [0x81000000 - 0x812A95D0 / 0x81000000] (size: 0x002A95D0) of module app0:eboot.bin
[00:02:04.647] |I| [load_self]: Loaded module segment 1 @ [0x812AA000 - 0x8364EF38 / 0x812AA000] (size: 0x023A4F38) of module app0:eboot.bin
[00:02:04.647] |I| [load_self]: Loading symbols for SELF: app0:eboot.bin
[00:02:04.647] |D| [load_var_exports]: 	NID 0x6C2224BA (NID_MODULE_INFO) at 0x81260BE4
[00:02:04.647] |D| [load_var_exports]: 	NID 0x70FBA1E7 (SCE_PROC_PARAMS) at 0x812AA0B4
[00:02:04.647] |I| [load_app_impl]: Main executable SineMora_vita_final (eboot.bin) loaded
[00:02:04.650] |D| [run_app]: Running module_start of library: SceLibc at address 0x45E5
[00:02:04.652] |I| [export_sceIoOpen]: Opening file: tty0:
[00:02:04.652] |I| [export_sceIoOpen]: Opening file: tty0:
[00:02:04.652] |I| [export_sceIoOpen]: Opening file: tty1:
[00:02:04.653] |I| [run_app]: Module SceLibc (at "ux0:app\PCSB00161\sce_module\libc.suprx") module_start returned 0x0
[00:02:04.653] |D| [run_app]: Running module_start of library: SceLibFios2 at address 0x45001
[00:02:04.655] |W| [stubbed_impl]: Stubbed sceKernelGetProcessId import called. (pid: 0)
[00:02:04.655] |W| [stubbed_impl]: Stubbed _sceFiosKernelOverlayGetList import called. (Set pActualIDs to 0)
[00:02:04.655] |D| [export__sceFiosKernelOverlayGetList]: pid: 0
[00:02:04.655] |D| [export__sceFiosKernelOverlayGetList]: buffer_size: 0
[00:02:04.655] |D| [export__sceFiosKernelOverlayGetList]: maxIDs: 0
[00:02:04.655] |D| [export__sceFiosKernelOverlayGetList]: pActualIDs: 0
[00:02:04.655] |I| [run_app]: Module SceLibFios2 (at "ux0:app\PCSB00161\sce_module\libfios2.suprx") module_start returned 0x0
[00:02:04.656] |D| [run_app]: Running module_start of library: SceUlt at address 0x71B71
[00:02:04.657] |I| [run_app]: Module SceUlt (at "ux0:app\PCSB00161\sce_module\libult.suprx") module_start returned 0x0
[00:02:04.700] |I| [load_module]: Loading module ID: 0x14
[00:02:04.701] |C| [load_self]: Unknown segment type 0x6FFFFF01
[00:02:04.701] |I| [load_self]: Loaded module segment 0 @ [0x0013D000 - 0x001403D0 / 0x81000000] (size: 0x000033D0) of module sys/external/liblocation.suprx
[00:02:04.701] |I| [load_self]: Loaded module segment 1 @ [0x00129000 - 0x00129040 / 0x81004000] (size: 0x00000040) of module sys/external/liblocation.suprx
[00:02:04.701] |I| [load_self]: Loading symbols for SELF: sys/external/liblocation.suprx
[00:02:04.701] |D| [load_var_exports]: 	NID 0x936C8A78 (SYSLYB) at 0x1403B8
[00:02:04.701] |D| [load_var_exports]: 	NID 0x6C2224BA (NID_MODULE_INFO) at 0x13F888
[00:02:04.701] |I| [load_module]: Module SceLibLocation (at "sys/external/liblocation.suprx") loaded
[00:02:04.701] |W| [unimplemented_impl]: Unimplemented sceAppUtilInit import called.
[00:02:04.702] |W| [unimplemented_impl]: Unimplemented sceNetCtlInit import called.
[00:02:04.702] |W| [unimplemented_impl]: Unimplemented sceSslInit import called.
[00:02:04.702] |W| [unimplemented_impl]: Unimplemented sceHttpInit import called.
[00:02:04.702] |D| [export_sceAppUtilAppParamGetInt]: param id: 0
[00:02:04.702] |D| [export_sceAppUtilAppParamGetInt]: value: 3
[00:02:04.703] |I| [export_sceIoOpen]: Opening file: app0:memfile.bin
[00:02:04.723] |E| [call_import]: Import function for NID 0xE340C004 not found (thread name: PCSB00161, thread ID: 6)
[00:02:04.763] |W| [stubbed_impl]: Stubbed sceGxmMapMemory import called. (always return success)
[00:02:04.764] |W| [stubbed_impl]: Stubbed sceGxmMapFragmentUsseMemory import called. (always return success)
[00:02:04.816] |W| [stubbed_impl]: Stubbed sceGxmMapVertexUsseMemory import called. (always return success)
[00:02:04.821] |W| [stubbed_impl]: Stubbed sceDisplayWaitSetFrameBuf import called. (move after setframebuf)
[00:02:04.884] |I| [export_sceIoOpen]: Opening file: app0:render.bin
[00:02:05.053] |E| [call_import]: Import function for NID 0xE340C005 not found (thread name: PCSB00161, thread ID: 6)
[00:02:05.059] |W| [stubbed_impl]: Stubbed sceAudiodecInitLibrary import called. (EMPTY)
[00:02:05.059] |W| [unimplemented_impl]: Unimplemented sceNgsSystemSetFlags import called.
[00:02:05.059] |D| [export_sceNgsVoicePlay]: sceNgsVoicePlay: 1
[00:02:05.070] |W| [unimplemented_impl]: Unimplemented sceNgsVoiceSetParamsBlock import called.
[00:02:05.070] |D| [export_sceNgsVoicePlay]: sceNgsVoicePlay: 1
[00:02:05.080] |I| [export_sceIoOpen]: Opening file: app0:common.bin
[00:02:05.400] |I| [export_sceIoOpen]: Opening file: app0:gui_trophyinstall_vita.bin
[00:02:05.668] |W| [stubbed_impl]: Stubbed sceNpTrophyCreateHandle import called. (Stubbed handle with 1)
[00:02:05.668] |W| [unimplemented_impl]: Unimplemented sceCommonDialogSetConfigParam import called.
[00:02:05.676] |W| [unimplemented_impl]: Unimplemented sceCommonDialogUpdate import called.
[00:02:05.695] |D| [renderer::gl::texture::translate_format]: Using X8U24
[00:02:05.695] |W| [renderer::gl::texture::translate_type]: Unhandled base format SCE_GXM_TEXTURE_BASE_FORMAT_X8U24
[00:02:05.695] |D| [renderer::gl::texture::upload_bound_texture]: Using X8U24: 2147483648
[00:02:05.696] |D| [renderer::gl::texture::translate_format]: Using X8U24
[00:02:05.696] |W| [renderer::gl::texture::translate_type]: Unhandled base format SCE_GXM_TEXTURE_BASE_FORMAT_X8U24
[00:02:05.697] |I| [renderer::gl::load_shader_generic]: Generating frag shader 8e356dc5d154a628e758dcabc75aee929c55267b7803605d73f676b4ede09517
[00:02:05.713] |I| [renderer::gl::load_shader_generic]: Generating vert shader 006a612f1d701b5e804d0820414c53ac8901567e5d637d85b6a10551b985803c
[00:02:05.714] |D| [shader::create_parameters]: [BUFFER0  + 0] pa0 = (float4) Position
[00:02:05.714] |D| [shader::create_parameters]: [BUFFER0  + 4] pa4 = (float4) UV
[00:02:05.714] |D| [shader::create_parameters]: [DEFAULT  + 0] sa0 = (float4) fsquad_transform
[00:02:05.739] |E| [renderer::gl::compile_program]: Fragment info
-------------
0(19) : warning C7050: "sa[0]" might be used before being initialized
0(21) : warning C7050: "r[0]" might be used before being initialized


[00:02:05.741] |I| [renderer::gl::load_shader_generic]: Generating frag shader 2aa8cc2633946fcedbc71c7e55b96f560ea1fdd14317738d2b40a98a3067669c
[00:02:05.742] |D| [shader::create_parameters]: [DEFAULT  + 0] sa0 = (float4) sep_clear_color
[00:02:05.746] |I| [renderer::gl::load_shader_generic]: Generating vert shader 20448437778deb643ec75ba550f0178dba7711e2482755dd1ee04cd63dcb4bec
[00:02:05.747] |D| [shader::create_parameters]: [BUFFER0  + 0] pa0 = (float4) Position
[00:02:05.747] |D| [shader::create_parameters]: [BUFFER0  + 4] pa4 = (float4) UV
[00:02:05.747] |D| [shader::create_parameters]: [DEFAULT  + 0] sa0 = (float4) fsquad_transform
[00:02:05.758] |E| [renderer::gl::compile_program]: Fragment info
-------------
0(21) : warning C7050: "pa[0].zw" might be used before being initialized


[00:02:05.758] |I| [renderer::gl::load_shader_generic]: Generating frag shader 16025197672f62b2df4642bbba8f5fa45e04db303e1f8bb758bb818694b38398
[00:02:05.761] |I| [renderer::gl::load_shader_generic]: Generating vert shader 2d69c378b8eeb36628513b612cef19a2286795bc9a4cbf1c3e908b406a0f0882
[00:02:05.762] |D| [shader::create_parameters]: [BUFFER0  + 0] pa0 = (float4) Position
[00:02:05.762] |D| [shader::create_parameters]: [BUFFER0  + 4] pa4 = (float4) UV
[00:02:05.763] |D| [shader::create_parameters]: [DEFAULT  + 0] sa0 = (float4) fsquad_uv_transform
[00:02:05.763] |D| [shader::create_parameters]: [DEFAULT  + 4] sa4 = (float4) fsquad_transform
[00:02:05.773] |E| [renderer::gl::compile_program]: Fragment info
-------------
0(18) : warning C7050: "pa[0].zw" might be used before being initialized


[00:02:05.774] |I| [renderer::gl::load_shader_generic]: Generating frag shader c8ef52ab37503347ab8da68871c3b7d6b7c47467587780f9edeaf7e95b54258a
[00:02:05.774] |D| [shader::create_parameters]: [DEFAULT  + 0] sa0 = (float4) sep_constant_postcolor
[00:02:05.775] |D| [shader::create_parameters]: [DEFAULT  + 4] sa4 = (float4) sep_constant_grayint
[00:02:05.783] |I| [renderer::gl::load_shader_generic]: Generating vert shader 43700217c60a63fcc3e1ffbb923ba2e9b1cc32134da664d20f8db7015b2c6ce2
[00:02:05.786] |D| [shader::create_parameters]: [BUFFER0  + 0] pa0 = (float4) Position
[00:02:05.786] |D| [shader::create_parameters]: [DEFAULT  + 0] sa0 = (float4) fsquad_transform
[00:02:05.850] |D| [renderer::gl::texture::upload_bound_texture]: Texture Cube used
[00:02:05.851] |I| [renderer::gl::load_shader_generic]: Generating frag shader 2bfa44bcf3dadb4f1596d5cd9248cf0aca49f2547a13457259c1fe4f2ccb3fde
[00:02:05.852] |D| [shader::create_fragment_inputs]: Iterator: pa0 = (half4) v_Color0
[00:02:05.855] |I| [renderer::gl::load_shader_generic]: Generating vert shader 083f4f001c7016e7206cca88c0d01a55dd54ab8f1e04bd4ff7bf2c0d52f54ce7
[00:02:05.856] |D| [shader::create_parameters]: [BUFFER0  + 0] pa0 = (float4) inpos
[00:02:05.856] |D| [shader::create_parameters]: [BUFFER0  + 4] pa4 = (float4) color
[00:02:05.856] |D| [shader::create_parameters]: [BUFFER0  + 8] pa8 = (float4) uv
[00:02:05.868] |E| [renderer::gl::compile_program]: Vertex info
-----------
0(19) : warning C7050: "sa[0].xy" might be used before being initialized
0(19) : warning C7050: "sa[1].yzw" might be used before being initialized
0(20) : warning C7050: "internals[0].w" might be used before being initialized

Fragment info
-------------
0(19) : warning C7050: "pa[0].zw" might be used before being initialized


[00:02:05.868] |D| [renderer::gl::texture::upload_bound_texture]: Texture Cube used
[00:02:05.873] |I| [renderer::gl::load_shader_generic]: Generating frag shader cb6a368552262327b43a1b1755cf21080b030b3912911ae33eca504680eb08ed
[00:02:05.874] |D| [shader::create_fragment_inputs]: Iterator: pa0 = (half4) v_Color0
[00:02:05.877] |I| [renderer::gl::load_shader_generic]: Generating vert shader 60a709275096b656964c9c2d1bccc76895f1d32d40c6abc39dd9596cca4e39b1
[00:02:05.878] |D| [shader::create_parameters]: [BUFFER0  + 0] pa0 = (float4) inpos
[00:02:05.878] |D| [shader::create_parameters]: [BUFFER0  + 4] pa4 = (float4) color
[00:02:05.878] |D| [shader::create_parameters]: [BUFFER0  + 8] pa8 = (float4) uv
[00:02:05.892] |E| [renderer::gl::compile_program]: Vertex info
-----------
0(19) : warning C7050: "sa[0].xy" might be used before being initialized
0(19) : warning C7050: "sa[1].yzw" might be used before being initialized
0(20) : warning C7050: "internals[0].w" might be used before being initialized

Fragment info
-------------
0(19) : warning C7050: "pa[0].zw" might be used before being initialized


[00:02:05.894] |W| [unimplemented_impl]: Unimplemented SceLibKernel_9F793F84 import called.
[00:02:05.900] |I| [export_sceIoOpen]: Opening file: app0:french.bin
[00:02:06.053] |I| [export_sceIoOpen]: Opening file: app0:gui_loading_vita.bin
[00:02:06.073] |I| [export_sceIoOpen]: Opening file: app0:gui_loading_logos_vita.bin
[00:02:06.095] |I| [export_sceIoOpen]: Opening file: app0:gui_texttyper.bin
[00:02:06.096] |E| [open_file]: Missing file at D:/Emulateurs/Vita3K/mc/ux0/app/PCSB00161/gui_texttyper.bin (target path: app0:gui_texttyper.bin)
[00:02:06.096] |W| [io_error_impl]: open_file (sceIoOpen) returned 0x80010002
[00:02:06.108] |I| [export_sceIoOpen]: Opening file: app0:sound_mix.bin
[00:02:06.121] |I| [export_sceIoOpen]: Opening file: app0:gui_common_vita.bin
[00:02:06.229] |D| [renderer::gl::texture::upload_bound_texture]: Texture Cube used
[00:02:06.231] |I| [renderer::gl::load_shader_generic]: Generating frag shader e20d5d36824358cd4259c76be3aa1547cbde96b5d26ebbb2c5b4d8fff0f59ff1
[00:02:06.232] |D| [shader::create_fragment_inputs]: Iterator: pa0 = (half4) v_Color0
[00:02:06.235] |I| [renderer::gl::load_shader_generic]: Generating vert shader a180a5a4e7208aa670693325aeac358e568c2ba6fd2024c07d5a934774602653
[00:02:06.236] |D| [shader::create_parameters]: [BUFFER0  + 0] pa0 = (float4) inpos
[00:02:06.236] |D| [shader::create_parameters]: [BUFFER0  + 4] pa4 = (float4) color
[00:02:06.236] |D| [shader::create_parameters]: [BUFFER0  + 8] pa8 = (f