[16:59:40.898] |I| [load_app_impl]: ngs experimental state: true
[16:59:40.898] |I| [load_app_impl]: video player state: true
[16:59:40.898] |I| [load_app_impl]: auto-lle: enabled
[16:59:40.898] |I| [load_app_impl]: Title: Gravity Crash Ultra
[16:59:40.898] |I| [load_app_impl]: Serial: PCSB00525
[16:59:40.898] |I| [load_app_impl]: Version: 1.01
[16:59:40.898] |I| [load_app_impl]: Category: gp
[16:59:40.906] |C| [load_self]: Unknown segment type 0x6FFFFF01
[16:59:40.906] |I| [load_self]: Loaded module segment 0 @ [0x00004000 - 0x000513BC / 0x81000000] (size: 0x0004D3BC) of module app0:sce_module/libc.suprx
[16:59:40.906] |I| [load_self]: Loaded module segment 1 @ [0x00052000 - 0x000546F0 / 0x8104E000] (size: 0x000026F0) of module app0:sce_module/libc.suprx
[16:59:40.906] |I| [load_self]: Loading symbols for SELF: app0:sce_module/libc.suprx
[16:59:40.907] |D| [load_var_exports]: 	NID 0x936C8A78 (SYSLYB) at 0x47164
[16:59:40.907] |D| [load_var_exports]: 	NID 0x6C2224BA (NID_MODULE_INFO) at 0x3D0FC
[16:59:40.907] |W| [load_var_imports]: 	NID NOT FOUND 0x93B8AA67 (UNRECOGNISED) at 0x410BC, setting to stub value 0xDEADBEEF
[16:59:40.907] |W| [load_var_imports]: 	NID NOT FOUND 0xDF084DFA (UNRECOGNISED) at 0x42B70, setting to stub value 0xDEADBEEF
[16:59:40.908] |I| [pre_load_module]: Pre-load module SceLibc (at "sce_module/libc.suprx") loaded
[16:59:40.913] |C| [load_self]: Unknown segment type 0x6FFFFF01
[16:59:40.913] |I| [load_self]: Loaded module segment 0 @ [0x00057000 - 0x0008212C / 0x81000000] (size: 0x0002B12C) of module app0:sce_module/libfios2.suprx
[16:59:40.914] |I| [load_self]: Loaded module segment 1 @ [0x00083000 - 0x0008823D / 0x8102C000] (size: 0x0000523D) of module app0:sce_module/libfios2.suprx
[16:59:40.915] |I| [load_self]: Loading symbols for SELF: app0:sce_module/libfios2.suprx
[16:59:40.915] |D| [load_var_exports]: 	NID 0x936C8A78 (SYSLYB) at 0x82034
[16:59:40.916] |D| [load_var_exports]: 	NID 0x6C2224BA (NID_MODULE_INFO) at 0x79548
[16:59:40.916] |I| [pre_load_module]: Pre-load module SceLibFios2 (at "sce_module/libfios2.suprx") loaded
[16:59:40.919] |C| [load_self]: Unknown segment type 0x6FFFFF01
[16:59:40.919] |I| [load_self]: Loaded module segment 0 @ [0x00089000 - 0x0009CA9C / 0x81000000] (size: 0x00013A9C) of module app0:sce_module/libult.suprx
[16:59:40.923] |I| [load_self]: Loaded module segment 1 @ [0x0009D000 - 0x0009D814 / 0x81014000] (size: 0x00000814) of module app0:sce_module/libult.suprx
[16:59:40.923] |I| [load_self]: Loading symbols for SELF: app0:sce_module/libult.suprx
[16:59:40.924] |D| [load_var_exports]: 	NID 0x936C8A78 (SYSLYB) at 0x9B3C8
[16:59:40.924] |D| [load_var_exports]: 	NID 0x6C2224BA (NID_MODULE_INFO) at 0x98944
[16:59:40.925] |I| [pre_load_module]: Pre-load module SceUlt (at "sce_module/libult.suprx") loaded
[16:59:40.931] |I| [load_self]: Loaded module segment 0 @ [0x0009E000 - 0x000EEF04 / 0x81000000] (size: 0x00050F04) of module vs0:sys/external/libSceFt2.suprx
[16:59:40.931] |I| [load_self]: Loaded module segment 1 @ [0x000EF000 - 0x000EF2F4 / 0x81051000] (size: 0x000002F4) of module vs0:sys/external/libSceFt2.suprx
[16:59:40.932] |I| [load_self]: Loading symbols for SELF: vs0:sys/external/libSceFt2.suprx
[16:59:40.932] |D| [load_var_exports]: 	NID 0x936C8A78 (SYSLYB) at 0xDA7DC
[16:59:40.932] |D| [load_var_exports]: 	NID 0x6C2224BA (NID_MODULE_INFO) at 0xD9F10
[16:59:40.933] |I| [pre_load_module]: Pre-load module SceLibft2 (at "sys/external/libSceFt2.suprx") loaded
[16:59:40.934] |I| [load_self]: Loaded module segment 0 @ [0x000F0000 - 0x000FFF14 / 0x81000000] (size: 0x0000FF14) of module vs0:sys/external/libpvf.suprx
[16:59:40.937] |I| [load_self]: Loaded module segment 1 @ [0x00100000 - 0x00100008 / 0x81010000] (size: 0x00000008) of module vs0:sys/external/libpvf.suprx
[16:59:40.937] |I| [load_self]: Loading symbols for SELF: vs0:sys/external/libpvf.suprx
[16:59:40.938] |D| [load_var_exports]: 	NID 0x936C8A78 (SYSLYB) at 0xFE710
[16:59:40.938] |D| [load_var_exports]: 	NID 0x6C2224BA (NID_MODULE_INFO) at 0xFE300
[16:59:40.938] |I| [pre_load_module]: Pre-load module SceLibPvf (at "sys/external/libpvf.suprx") loaded
[16:59:40.966] |C| [load_self]: Unknown segment type 0x6FFFFF01
[16:59:40.966] |I| [load_self]: Loaded module segment 0 @ [0x00101000 - 0x0021A7BC / 0x81000000] (size: 0x001197BC) of module app0:eboot.bin
[16:59:40.967] |I| [load_self]: Loaded module segment 1 @ [0x0021B000 - 0x0080EA34 / 0x8111A000] (size: 0x005F3A34) of module app0:eboot.bin
[16:59:40.968] |I| [load_self]: Loading symbols for SELF: app0:eboot.bin
[16:59:40.969] |D| [load_var_exports]: 	NID 0x6C2224BA (NID_MODULE_INFO) at 0x204F4C
[16:59:40.969] |D| [load_var_exports]: 	NID 0x70FBA1E7 (SCE_PROC_PARAMS) at 0x22604C
[16:59:40.969] |I| [load_app_impl]: Main executable GravityCrash (eboot.bin) loaded
[16:59:40.972] |D| [run_app]: Running module_start of library: SceLibc at address 0x4809
[16:59:41.017] |I| [run_app]: Module SceLibc (at "app0:sce_module/libc.suprx") module_start returned 0x0
[16:59:41.018] |D| [run_app]: Running module_start of library: SceLibFios2 at address 0x57001
[16:59:41.020] |W| [stubbed_impl]: Stubbed sceKernelGetProcessId import called. (pid: 0)
[16:59:41.020] |W| [unimplemented_impl]: Unimplemented sceFiosOverlayGetList02 import called.
[16:59:41.020] |I| [run_app]: Module SceLibFios2 (at "app0:sce_module/libfios2.suprx") module_start returned 0x0
[16:59:41.021] |D| [run_app]: Running module_start of library: SceUlt at address 0x8C769
[16:59:41.023] |W| [unimplemented_impl]: Unimplemented _sceUlobjMgrRegisterLibultProtocolRevision import called.
[16:59:41.023] |I| [run_app]: Module SceUlt (at "app0:sce_module/libult.suprx") module_start returned 0x0
[16:59:41.027] |I| [load_module]: Loading module ID: 0x3
[16:59:41.036] |I| [load_self]: Loaded module segment 0 @ [0x0BA54000 - 0x0BABAEA4 / 0x81000000] (size: 0x00066EA4) of module sys/external/libssl.suprx
[16:59:41.036] |I| [load_self]: Loaded module segment 1 @ [0x0BABB000 - 0x0BABFFA8 / 0x81067000] (size: 0x00004FA8) of module sys/external/libssl.suprx
[16:59:41.037] |I| [load_self]: Loading symbols for SELF: sys/external/libssl.suprx
[16:59:41.038] |D| [load_var_exports]: 	NID 0x936C8A78 (SYSLYB) at 0xBAA69E0
[16:59:41.038] |D| [load_var_exports]: 	NID 0x6C2224BA (NID_MODULE_INFO) at 0xBAA0CA0
[16:59:41.038] |I| [load_module]: Module SceLibSsl (at "sys/external/libssl.suprx") loaded
[16:59:41.039] |I| [load_module]: Loading module ID: 0x2
[16:59:41.042] |C| [load_self]: Unknown segment type 0x6FFFFF01
[16:59:41.042] |I| [load_self]: Loaded module segment 0 @ [0x0BAC0000 - 0x0BADD150 / 0x81000000] (size: 0x0001D150) of module sys/external/libhttp.suprx
[16:59:41.042] |I| [load_self]: Loaded module segment 1 @ [0x00850000 - 0x00850640 / 0x8101E000] (size: 0x00000640) of module sys/external/libhttp.suprx
[16:59:41.045] |I| [load_self]: Loading symbols for SELF: sys/external/libhttp.suprx
[16:59:41.045] |D| [load_var_exports]: 	NID 0x936C8A78 (SYSLYB) at 0xBADBE68
[16:59:41.046] |D| [load_var_exports]: 	NID 0x6C2224BA (NID_MODULE_INFO) at 0xBAD8CA0
[16:59:41.046] |I| [load_module]: Module SceLibHttp (at "sys/external/libhttp.suprx") loaded
[16:59:41.047] |D| [load_module]: Running module_start of module: SceLibHttp
[16:59:41.049] |I| [load_module]: Module SceLibHttp (at "sys/external/libhttp.suprx") module_start returned 0x0
[16:59:41.050] |I| [load_module]: Loading module ID: 0x13
[16:59:41.051] |C| [load_self]: Unknown segment type 0x6FFFFF01
[16:59:41.051] |I| [load_self]: Loaded module segment 0 @ [0x0BAE0000 - 0x0BAE308C / 0x81000000] (size: 0x0000308C) of module sys/external/libsystemgesture.suprx
[16:59:41.051] |I| [load_self]: Loaded module segment 1 @ [0x0BADE000 - 0x0BADEBF0 / 0x81004000] (size: 0x00000BF0) of module sys/external/libsystemgesture.suprx
[16:59:41.052] |I| [load_self]: Loading symbols for SELF: sys/external/libsystemgesture.suprx
[16:59:41.053] |D| [load_var_exports]: 	NID 0x936C8A78 (SYSLYB) at 0xBAE3074
[16:59:41.053] |D| [load_var_exports]: 	NID 0x6C2224BA (NID_MODULE_INFO) at 0xBAE2BD4
[16:59:41.053] |I| [load_module]: Module SceSystemGesture (at "sys/external/libsystemgesture.suprx") loaded
[16:59:41.054] |D| [load_module]: Running module_start of module: SceSystemGesture
[16:59:41.056] |I| [load_module]: Module SceSystemGesture (at "sys/external/libsystemgesture.suprx") module_start returned 0x0
[16:59:41.062] |W| [unimplemented_impl]: Unimplemented sceKernelChangeThreadVfpException import called.
[16:59:41.062] |W| [unimplemented_impl]: Unimplemented sceFiosOverlayThreadSetDisabled02 import called.
[16:59:41.073] |W| [unimplemented_impl]: Unimplemented sceFiosOverlayGetRecommendedScheduler02 import called.
[16:59:41.075] |I| [export_sceIoOpen]: Opening file: app0:/data/sfx.psarc
[16:59:41.080] |I| [export_sceIoOpen]: Opening file: app0:/data/sfx.psarc
[16:59:41.098] |W| [stubbed_impl]: Stubbed sceGxmMapMemory import called. (always return success)
[16:59:41.116] |W| [stubbed_impl]: Stubbed sceGxmMapFragmentUsseMemory import called. (always return success)
[16:59:41.147] |W| [stubbed_impl]: Stubbed sceGxmMapVertexUsseMemory import called. (always return success)
[16:59:41.148] |W| [unimplemented_impl]: Unimplemented sceTouchGetPixelDensity2 import called.
[16:59:41.148] |E| [call_import]: Import function for NID 0xE340CBAE not found (thread name: PCSB00525, thread ID: 6)
[16:59:41.150] |W| [unimplemented_impl]: Unimplemented sceGxmSetVisibilityBuffer import called.
[16:59:41.154] |D| [export_sceGxmSetFragmentTexture]: NULL DATA for frag texture addr 0x1BBA8B7A020
[16:59:41.154] |E| [logging::ret_error_impl]: sceGxmSetFragmentTexture returned SCE_GXM_ERROR_INVALID_POINTER (0x805B0004)
[16:59:41.157] |D| [export_sceGxmSetFragmentTexture]: NULL DATA for frag texture addr 0x1BBA8B7A030
[16:59:41.182] |D| [export_sceGxmSetFragmentTexture]: NULL DATA for frag texture addr 0x1BBA8B7A070
[16:59:41.182] |D| [export_sceGxmSetFragmentTexture]: NULL DATA for frag texture addr 0x1BBA8B7A080
[16:59:41.216] |W| [unimplemented_impl]: Unimplemented sceAppUtilInit import called.
[16:59:41.220] |I| [export_sceIoOpen]: Opening file: app0:/data/ICON0.PNG
[16:59:41.222] |E| [open_file]: Missing file at D:/Emulateurs/Vita3K/mc/ux0/user/00/savedata/PCSB00525/SlotParam_0.bin (target path: savedata0:/SlotParam_0.bin)
[16:59:41.223] |W| [io_error_impl]: open_file (sceAppUtilSaveDataSlotGetParam) returned 0x80010002
[16:59:41.223] |E| [logging::ret_error_impl]: sceAppUtilSaveDataSlotGetParam returned SCE_APPUTIL_ERROR_SAVEDATA_SLOT_NOT_FOUND (0x80100641)
[16:59:41.224] |W| [unimplemented_impl]: Unimplemented sceNetCtlInit import called.
[16:59:41.225] |E| [call_import]: Import function for NID 0x9F793F84 not found (thread name: PCSB00525, thread ID: 6)
[16:59:41.225] |W| [unimplemented_impl]: Unimplemented sceNpBasicInit import called.
[16:59:41.238] |I| [export_sceIoOpen]: Opening file: app0:/data/language_vita/frlang.uni
[16:59:41.241] |I| [export_sceIoOpen]: Opening file: app0:/data/sfx.bdf
[16:59:41.246] |W| [stubbed_impl]: Stubbed sceAudiodecInitLibrary import called. (EMPTY)
[16:59:41.246] |W| [unimplemented_impl]: Unimplemented sceNgsSystemSetFlags import called.
[16:59:41.247] |D| [export_sceNgsVoicePlay]: sceNgsVoicePlay: 1
[16:59:41.254] |W| [unimplemented_impl]: Unimplemented sceNgsVoiceSetParamsBlock import called.
[16:59:41.254] |D| [export_sceNgsVoicePlay]: sceNgsVoicePlay: 1
[16:59:41.264] |I| [export_sceIoOpen]: Opening file: app0:/data/colours.bdf
[16:59:41.266] |I| [export_sceIoOpen]: Opening file: app0:/data/creditsEU.txt
[16:59:41.270] |I| [export_sceIoOpen]: Opening file: app0:/data/msgchars.raw
[16:59:41.286] |D| [export_sceGxmSetFragmentTexture]: NULL DATA for frag texture addr 0x1BBAB36AF20
[16:59:41.287] |D| [export_sceGxmSetFragmentTexture]: NULL DATA for frag texture addr 0x1BBAB36AF30
[16:59:41.332] |D| [export_sceGxmSetFragmentTexture]: NULL DATA for frag texture addr 0x1BBAB36AF90
[16:59:41.332] |D| [export_sceGxmSetFragmentTexture]: NULL DATA for frag texture addr 0x1BBAB36AFA0
[16:59:41.363] |I| [renderer::gl::load_shader_generic]: Generating frag shader db93589cd9b9611fcbd4b84f113f81951f0378132ec9613ed1a2b0f819aad360
[16:59:41.365] |D| [shader::create_parameters]: [DEFAULT  + 0] sa0 = (float4) clearColor
[16:59:41.367] |D| [shader::spirv_disasm_print]: SPIR-V Disassembly:
// Module Version 10500
// Generated by (magic number): 1337000
// Id's are bound by 199

                              Capability Shader
                              Capability Float16
             116:             ExtInstImport  "GLSL.std.450"
             144:             ExtInstImport  "GLSL.std.450"
             184:             ExtInstImport  "GLSL.std.450"
                              MemoryModel Logical GLSL450
                              EntryPoint Fragment 4  "main_fs" 96 98 128
                              ExecutionMode 4 OriginLowerLeft
               1:             String  "db93589cd9b9611fcbd4b84f113f81951f0378132ec9613ed1a2b0f819aad360"
                              SourceExtension  "gxp"
                              Name 4  "main_fs"
                              Name 21  "pa"
                              Name 22  "sa"
                              Name 24  "internals"
                              Name 26  "r"
                              Name 28  "p"
                              Name 30  "idx"
                              Name 31  "outs"
                              Name 33  "i"
                              Name 36  "frag_defaultUniformBuffer"
                              Name 38  "buffer0"
                              MemberName 36(frag_defaultUniformBuffer) 0  "data"
                              Name 60  "memory"
                              Name 96  "f_mask"
                              Name 98  "gl_FragCoord"
                              Name 99  "frag_output_finalize"
                              Name 113  "unpack2xF16"
                              Name 128  "out_color"
                              Name 152  "block_prim_0"
                              Name 182  "pack2xF16"
                              Decorate 36(frag_defaultUniformBuffer) Block
                              Decorate 36(frag_defaultUniformBuffer) GLSLShared
                              Decorate 38(buffer0) Binding 16
                              MemberDecorate 36(frag_defaultUniformBuffer) 0 Offset 0
                              Decorate 35 ArrayStride 16
                              Decorate 96(f_mask) Binding 1
                              Decorate 98(gl_FragCoord) BuiltIn FragCoord
                              Decorate 128(out_color) Location 0
               2:             TypeVoid
               3:             TypeFunction 2
               6:             TypeFloat 32
               7:             TypeInt 32 1
               8:             TypeBool
               9:             TypeVector 6(float) 4
              10:      7(int) Constant 32
              11:             TypeArray 9(fvec4) 10
              12:      7(int) Constant 3
              13:             TypeArray 9(fvec4) 12
              14:      7(int) Constant 20
              15:             TypeArray 9(fvec4) 14
              16:      7(int) Constant 2
              17:             TypeArray 7(int) 16
              18:      7(int) Constant 4
              19:             TypeArray 8(bool) 18
              20:             TypePointer Private 11
          21(pa):     20(ptr) Variable Private
          22(sa):     20(ptr) Variable Private
              23:             TypePointer Private 13
   24(internals):     23(ptr) Variable Private
              25:             TypePointer Private 15
           26(r):     25(ptr) Variable Private
              27:             TypePointer Private 19
           28(p):     27(ptr) Variable Private
              29:             TypePointer Private 17
         30(idx):     29(ptr) Variable Private
        31(outs):     25(ptr) Variable Private
              32:             TypePointer Function 7(int)
              34:      7(int) Constant 1
              35:             TypeArray 9(fvec4) 34
36(frag_defaultUniformBuffer):             TypeStruct 35
              37:             TypePointer Uniform 36(frag_defaultUniformBuffer)
     38(buffer0):     37(ptr) Variable Uniform
              39:      7(int) Constant 0
              47:             TypePointer Uniform 9(fvec4)
              52:             TypePointer Private 9(fvec4)
              57:      7(int) Constant 5
              58:             TypeArray 6(float) 57
              59:             TypePointer Private 58
      60(memory):     59(ptr) Variable Private
              75:             TypePointer Private 6(float)
              94:             TypeImage 6(float) 2D nonsampled format:Rgba8
              95:             TypePointer UniformConstant 94
      96(f_mask):     95(ptr) Variable UniformConstant
              97:             TypePointer Input 9(fvec4)
98(gl_FragCoord):     97(ptr) Variable Input
             107:             TypeVector 6(float) 2
             110:             TypeInt 32 0
             111:             TypeFunction 107(fvec2) 6(float)
             127:             TypePointer Output 9(fvec4)
  128(out_color):    127(ptr) Variable Output
             130:             TypeVector 7(int) 4
             132:             TypeVector 7(int) 2
             136:    6(float) Constant 1056964608
             137:    9(fvec4) ConstantComposite 136 136 136 136
             145:    6(float) Constant 0
             146:    6(float) Constant 1065353216
             147:    6(float) Constant 1073741824
             148:  107(fvec2) ConstantComposite 145 145
             149:             TypeVector 6(float) 3
             150:  149(fvec3) ConstantComposite 145 145 145
             151:    9(fvec4) ConstantComposite 145 145 145 145
             180:             TypeFunction 6(float) 107(fvec2)
      4(main_fs):           2 Function None 3
               5:             Label
           33(i):     32(ptr) Variable Function
                              Store 33(i) 39
                              Branch 40
              40:             Label
              44:      7(int) Load 33(i)
              45:     8(bool) SLessThan 44 34
                              LoopMerge 42 43 None
                              BranchConditional 45 41 42
              41:               Label
              46:      7(int)   Load 33(i)
              48:     47(ptr)   AccessChain 38(buffer0) 39 46
              49:      7(int)   Load 33(i)
              50:      7(int)   Load 33(i)
              51:      7(int)   IAdd 49 39
              53:     52(ptr)   AccessChain 22(sa) 51
              54:    9(fvec4)   Load 48
                                Store 53 54
              55:      7(int)   Load 33(i)
              56:      7(int)   IAdd 55 34
                                Store 33(i) 56
                                Branch 43
              43:               Label
                                Branch 40
              42:             Label
                              Store 33(i) 39
                              Branch 61
              61:             Label
              65:      7(int) Load 33(i)
              66:     8(bool) SLessThan 65 34
                              LoopMerge 63 64 None
                              BranchConditional 66 62 63
              62:               Label
              67:      7(int)   Load 33(i)
              68:     47(ptr)   AccessChain 38(buffer0) 39 67
              69:      7(int)   Load 33(i)
              70:      7(int)   IMul 18 69
              71:      7(int)   IAdd 70 39
              72:    9(fvec4)   Load 68
              73:    6(float)   VectorExtractDynamic 72 39
              74:      7(int)   IAdd 71 39
              76:     75(ptr)   AccessChain 60(memory) 74
                                Store 76 73
              77:      7(int)   IAdd 70 34
              78:    9(fvec4)   Load 68
              79:    6(float)   VectorExtractDynamic 78 34
              80:      7(int)   IAdd 77 39
              81:     75(ptr)   AccessChain 60(memory) 80
                                Store 81 79
              82:      7(int)   IAdd 70 16
              83:    9(fvec4)   Load 68
              84:    6(float)   VectorExtractDynamic 83 16
              85:      7(int)   IAdd 82 39
              86:     75(ptr)   AccessChain 60(memory) 85
                                Store 86 84
              87:      7(int)   IAdd 70 12
              88:    9(fvec4)   Load 68
              89:    6(float)   VectorExtractDynamic 88 12
              90:      7(int)   IAdd 87 39
              91:     75(ptr)   AccessChain 60(memory) 90
                                Store 91 89
              92:      7(int)   Load 33(i)
              93:      7(int)   IAdd 92 34
                                Store 33(i) 93
                                Branch 64
              64:               Label
                                Branch 61
              63:             Label
             198:           2 FunctionCall 152(block_prim_0)
                              Return
                              FunctionEnd
99(frag_output_finalize):           2 Function None 3
             100:             Label
             101:     52(ptr) AccessChain 21(pa) 39
             102:     52(ptr) AccessChain 21(pa) 39
             103:    9(fvec4) Load 102
             104:    9(fvec4) Load 101
             105:    6(float) VectorExtractDynamic 104 39
             106:    6(float) VectorExtractDynamic 104 34
             108:  107(fvec2) CompositeConstruct 105 106
             109:    6(float) VectorExtractDynamic 108 39
             119:  107(fvec2) FunctionCall 113(unpack2xF16) 109
             120:    6(float) VectorExtractDynamic 108 34
             121:  107(fvec2) FunctionCall 113(unpack2xF16) 120
             122:    6(float) VectorExtractDynamic 119 39
             123:    6(float) VectorExtractDynamic 119 34
             124:    6(float) VectorExtractDynamic 121 39
             125:    6(float) VectorExtractDynamic 121 34
             126:    9(fvec4) CompositeConstruct 122 123 124 125
                              Store 128(out_color) 126
             129:    9(fvec4) Load 98(gl_FragCoord)
             131:  130(ivec4) ConvertFToS 129
             133:  132(ivec2) VectorShuffle 131 131 0 1
             134:          94 Load 96(f_mask)
             135:    9(fvec4) ImageRead 134 133
             138:     8(bool) FOrdLessThan 135 137
             139:     8(bool) All 138
                              SelectionMerge 141 None
                              BranchConditional 139 140 141
             140:               Label
                                Kill
             141:             Label
                              Return
                              FunctionEnd
113(unpack2xF16):  107(fvec2) Function None 111
             112:    6(float) FunctionParameter
             114:             Label
             115:    110(int) Bitcast 112
             117:  107(fvec2) ExtInst 116(GLSL.std.450) 62(UnpackHalf2x16) 115
                              ReturnValue 117
                              FunctionEnd
152(block_prim_0):           2 Function None 3
             153:             Label
                              Line 1 1 0
             154:     52(ptr) AccessChain 22(sa) 39
             155:     52(ptr) AccessChain 22(sa) 39
             156:    9(fvec4) Load 155
             157:    9(fvec4) Load 154
             158:     52(ptr) AccessChain 22(sa) 39
             159:     52(ptr) AccessChain 22(sa) 39
             160:    9(fvec4) Load 159
             161:    9(fvec4) Load 158
             162:    6(float) VectorExtractDynamic 161 39
             163:    6(float) VectorExtractDynamic 161 34
             164:  107(fvec2) CompositeConstruct 162 163
             165:     52(ptr) AccessChain 22(sa) 39
             166:     52(ptr) AccessChain 22(sa) 34
             167:    9(fvec4) Load 166
             168:    9(fvec4) Load 165
             169:    6(float) VectorExtractDynamic 168 16
             170:    6(float) VectorExtractDynamic 168 12
             171:  107(fvec2) CompositeConstruct 169 170
             172:    6(float) VectorExtractDynamic 164 39
             173:    6(float) VectorExtractDynamic 164 34
             174:    6(float) VectorExtractDynamic 171 39
             175:    6(float) VectorExtractDynamic 171 34
             176:    9(fvec4) CompositeConstruct 172 173 174 175
             177:    6(float) VectorExtractDynamic 176 39
             178:    6(float) VectorExtractDynamic 176 34
             179:  107(fvec2) CompositeConstruct 177 178
             188:    6(float) FunctionCall 182(pack2xF16) 179
             189:    6(float) VectorExtractDynamic 176 16
             190:    6(float) VectorExtractDynamic 176 12
             191:  107(fvec2) CompositeConstruct 189 190
             192:    6(float) FunctionCall 182(pack2xF16) 191
             193:  107(fvec2) CompositeConstruct 188 192
             194:     52(ptr) AccessChain 21(pa) 39
             195:    9(fvec4) Load 194
             196:    9(fvec4) VectorShuffle 195 193 4 5 2 3
                              Store 194 196
             197:           2 FunctionCall 99(frag_output_finalize)
                              Return
                              FunctionEnd
  182(pack2xF16):    6(float) Function None 180
             181:  107(fvec2) FunctionParameter
             183:             Label
             185:    110(int) ExtInst 184(GLSL.std.450) 58(PackHalf2x16) 181
             186:    6(float) Bitcast 185
                              ReturnValue 186
                              FunctionEnd

[16:59:41.373] |D| [shader::convert_gxp_to_glsl]: Generated GLSL:
#version 420
#extension GL_ARB_fragment_shader_interlock : require
// Shader Name: db93589cd9b9611fcbd4b84f113f81951f0378132ec9613ed1a2b0f819aad360
layout(early_fragment_tests) in;


layout(binding = 16, std140) uniform frag_defaultUniformBuffer
{
    vec4 data[1];
} buffer0;

layout(binding = 1, rgba8) uniform readonly image2D f_mask;

layout(location = 0) out vec4 out_color;
vec4 pa[32];
vec4 sa[32];
vec4 internals[3];
vec4 r[20];
bool p[4];
int idx[2];
vec4 outs[20];
float memory[5];

float pack2xF16(vec2 _181)
{
    return uintBitsToFloat(packHalf2x16(_181));
}

vec2 unpack2xF16(float _112)
{
    return unpackHalf2x16(floatBitsToUint(_112));
}

void frag_output_finalize()
{
    vec2 _108 = vec2(pa[0].x, pa[0].y);
    vec2 _119 = unpack2xF16(_108.x);
    vec2 _121 = unpack2xF16(_108.y);
    out_color = vec4(_119.x, _119.y, _121.x, _121.y);
    if (all(lessThan(imageLoad(f_mask, ivec4(gl_FragCoord).xy), vec4(0.5))))
    {
        discard;
    }
}

void block_prim_0()
{
    vec2 _164 = vec2(sa[0].x, sa[0].y);
    vec2 _171 = vec2(sa[0].z, sa[0].w);
    vec4 _176 = vec4(_164.x, _164.y, _171.x, _171.y);
    vec2 _193 = vec2(pack2xF16(vec2(_176.x, _176.y)), pack2xF16(vec2(_176.z, _176.w)));
    pa[0] = vec4(_193.x, _193.y, pa[0].z, pa[0].w);
    frag_output_finalize();
}

void main()
{
    int i = 0;
    while (i < 1)
    {
        sa[i + 0] = buffer0.data[i];
        i++;
    }
    i = 0;
    while (i < 1)
    {
        int _70 = 4 * i;
        memory[(_70 + 0) + 0] = buffer0.data[i].x;
        memory[(_70 + 1) + 0] = buffer0.data[i].y;
        memory[(_70 + 2) + 0] = buffer0.data[i].z;
        memory[(_70 + 3) + 0] = buffer0.data[i].w;
        i++;
    }
    block_prim_0();
}


[16:59:41.388] |I| [renderer::gl::load_shader_generic]: Generating vert shader 691969a6c40afb7e4bc0bac0ea31d38952e708ef8c147c97d337cd507926c824
[16:59:41.390] |D| [shader::create_parameters]: [BUFFER0  + 0] pa0 = (float4) position
[16:59:41.390] |D| [shader::create_parameters]: [DEFAULT  + 0] sa0 = (float4) clearDepth
[16:59:41.393] |D| [shader::spirv_disasm_print]: SPIR-V Disassembly:
// Module Version 10500
// Generated by (magic number): 1337000
// Id's are bound by 193

                              Capability Shader
                              Capability Float16
             149:             ExtInstImport  "GLSL.std.450"
                              MemoryModel Logical GLSL450
                              EntryPoint Vertex 4  "main_vs" 95 102
               1:             String  "691969a6c40afb7e4bc0bac0ea31d38952e708ef8c147c97d337cd507926c824"
                              SourceExtension  "gxp"
                              Name 4  "main_vs"
                              Name 21  "pa"
                              Name 22  "sa"
                              Name 24  "internals"
                              Name 26  "r"
                              Name 28  "p"
                              Name 30  "idx"
                              Name 31  "outs"
                              Name 33  "i"
                              Name 36  "vert_defaultUniformBuffer"
                              Name 38  "buffer0"
                              MemberName 36(vert_defaultUniformBuffer) 0  "data"
                              Name 60  "memory"
                              Name 95  "position"
                              Name 96  "GxmRenderBufferBlock"
                              MemberName 96(GxmRenderBufferBlock) 0  "viewport_flip"
                              MemberName 96(GxmRenderBufferBlock) 1  "viewport_flag"
                              MemberName 96(GxmRenderBufferBlock) 2  "screen_width"
                              MemberName 96(GxmRenderBufferBlock) 3  "screen_height"
                              Name 98  "renderInfo"
                              Name 99  "vert_output_finalize"
                              Name 102  "v_Position"
                              Name 137  "i"
                              Name 155  "block_sec_0"
                              Name 169  "block_prim_0"
                              Decorate 36(vert_defaultUniformBuffer) Block
                              Decorate 36(vert_defaultUniformBuffer) GLSLShared
                              Decorate 38(buffer0) Binding 0
                              MemberDecorate 36(vert_defaultUniformBuffer) 0 Offset 0
                              Decorate 35 ArrayStride 16
                              Decorate 95(position) Location 0
                              Decorate 96(GxmRenderBufferBlock) Block
                              Decorate 96(GxmRenderBufferBlock) GLSLShared
                              MemberDecorate 96(GxmRenderBufferBlock) 0 Offset 0
                              MemberDecorate 96(GxmRenderBufferBlock) 1 Offset 16
                              MemberDecorate 96(GxmRenderBufferBlock) 2 Offset 20
                              MemberDecorate 96(GxmRenderBufferBlock) 3 Offset 24
                              Decorate 98(renderInfo) Binding 15
                              Decorate 102(v_Position) Location 0
                              Decorate 102(v_Position) BuiltIn Position
               2:             TypeVoid
               3:             TypeFunction 2
               6:             TypeFloat 32
               7:             TypeInt 32 1
               8:             TypeBool
               9:             TypeVector 6(float) 4
              10:      7(int) Constant 32
              11:             TypeArray 9(fvec4) 10
              12:      7(int) Constant 3
              13:             TypeArray 9(fvec4) 12
              14:      7(int) Constant 20
              15:             TypeArray 9(fvec4) 14
              16:      7(int) Constant 2
              17:             TypeArray 7(int) 16
              18:      7(int) Constant 4
              19:             TypeArray 8(bool) 18
              20:             TypePointer Private 11
          21(pa):     20(ptr) Variable Private
          22(sa):     20(ptr) Variable Private
              23:             TypePointer Private 13
   24(internals):     23(ptr) Variable Private
              25:             TypePointer Private 15
           26(r):     25(ptr) Variable Private
              27:             TypePointer Private 19
           28(p):     27(ptr) Variable Private
              29:             TypePointer Private 17
         30(idx):     29(ptr) Variable Private
        31(outs):     25(ptr) Variable Private
              32:             TypePointer Function 7(int)
              34:      7(int) Constant 1
              35:             TypeArray 9(fvec4) 34
36(vert_defaultUniformBuffer):             TypeStruct 35
              37:             TypePointer Uniform 36(vert_defaultUniformBuffer)
     38(buffer0):     37(ptr) Variable Uniform
              39:      7(int) Constant 0
              47:             TypePointer Uniform 9(fvec4)
              52:             TypePointer Private 9(fvec4)
              57:      7(int) Constant 5
              58:             TypeArray 6(float) 57
              59:             TypePointer Private 58
      60(memory):     59(ptr) Variable Private
              75:             TypePointer Private 6(float)
              94:             TypePointer Input 9(fvec4)
    95(position):     94(ptr) Variable Input
96(GxmRenderBufferBlock):             TypeStruct 9(fvec4) 6(float) 6(float) 6(float)
              97:             TypePointer Uniform 96(GxmRenderBufferBlock)
  98(renderInfo):     97(ptr) Variable Uniform
             101:             TypePointer Output 9(fvec4)
 102(v_Position):    101(ptr) Variable Output
             107:    6(float) Constant 1056964608
             108:    6(float) Constant 1065353216
             109:    6(float) Constant 3212836864
             110:    6(float) Constant 1073741824
             111:    6(float) Constant 3221225472
             112:    6(float) Constant 0
             113:             TypePointer Uniform 6(float)
             138:    9(fvec4) ConstantComposite 112 112 112 112
             150:             TypeInt 32 0
             151:             TypeVector 6(float) 2
             152:  151(fvec2) ConstantComposite 112 112
             153:             TypeVector 6(float) 3
             154:  153(fvec3) ConstantComposite 112 112 112
             163:  151(fvec2) ConstantComposite 108 108
      4(main_vs):           2 Function None 3
               5:             Label
           33(i):     32(ptr) Variable Function
          137(i):     32(ptr) Variable Function
                              Store 33(i) 39
                              Branch 40
              40:             Label
              44:      7(int) Load 33(i)
              45:     8(bool) SLessThan 44 34
                              LoopMerge 42 43 None
                              BranchConditional 45 41 42
              41:               Label
              46:      7(int)   Load 33(i)
              48:     47(ptr)   AccessChain 38(buffer0) 39 46
              49:      7(int)   Load 33(i)
              50:      7(int)   Load 33(i)
              51:      7(int)   IAdd 49 39
              53:     52(ptr)   AccessChain 22(sa) 51
              54:    9(fvec4)   Load 48
                                Store 53 54
              55:      7(int)   Load 33(i)
              56:      7(int)   IAdd 55 34
                                Store 33(i) 56
                                Branch 43
              43:               Label
                                Branch 40
              42:             Label
                              Store 33(i) 39
                              Branch 61
              61:             Label
              65:      7(int) Load 33(i)
              66:     8(bool) SLessThan 65 34
                              LoopMerge 63 64 None
                              BranchConditional 66 62 63
              62:               Label
              67:      7(int)   Load 33(i)
              68:     47(ptr)   AccessChain 38(buffer0) 39 67
              69:      7(int)   Load 33(i)
              70:      7(int)   IMul 18 69
              71:      7(int)   IAdd 70 39
              72:    9(fvec4)   Load 68
              73:    6(float)   VectorExtractDynamic 72 39
              74:      7(int)   IAdd 71 39
              76:     75(ptr)   AccessChain 60(memory) 74
                                Store 76 73
              77:      7(int)   IAdd 70 34
              78:    9(fvec4)   Load 68
              79:    6(float)   VectorExtractDynamic 78 34
              80:      7(int)   IAdd 77 39
              81:     75(ptr)   AccessChain 60(memory) 80
                                Store 81 79
              82:      7(int)   IAdd 70 16
              83:    9(fvec4)   Load 68
              84:    6(float)   VectorExtractDynamic 83 16
              85:      7(int)   IAdd 82 39
              86:     75(ptr)   AccessChain 60(memory) 85
                                Store 86 84
              87:      7(int)   IAdd 70 12
              88:    9(fvec4)   Load 68
              89:    6(float)   VectorExtractDynamic 88 12
              90:      7(int)   IAdd 87 39
              91:     75(ptr)   AccessChain 60(memory) 90
                                Store 91 89
              92:      7(int)   Load 33(i)
              93:      7(int)   IAdd 92 34
                                Store 33(i) 93
                                Branch 64
              64:               Label
                                Branch 61
              63:             Label
             135:    9(fvec4) Load 95(position)
             136:     52(ptr) AccessChain 21(pa) 39
                              Store 136 135
                              Store 137(i) 39
                              Branch 139
             139:             Label
             143:      7(int) Load 137(i)
             144:     8(bool) SLessThan 143 14
                              LoopMerge 141 142 None
                              BranchConditional 144 140 141
             140:               Label
             145:      7(int)   Load 137(i)
             146:     52(ptr)   AccessChain 31(outs) 145
                                Store 146 138
             147:      7(int)   Load 137(i)
             148:      7(int)   IAdd 147 34
                                Store 137(i) 148
                                Branch 142
             142:               Label
                                Branch 139
             141:             Label
             168:           2 FunctionCall 155(block_sec_0)
             192:           2 FunctionCall 169(block_prim_0)
                              Return
                              FunctionEnd
99(vert_output_finalize):           2 Function None 3
             100:             Label
             103:     52(ptr) AccessChain 31(outs) 39
             104:     52(ptr) AccessChain 31(outs) 39
             105:    9(fvec4) Load 104
             106:    9(fvec4) Load 103
             114:    113(ptr) AccessChain 98(renderInfo) 34
             115:    113(ptr) AccessChain 98(renderInfo) 16
             116:    113(ptr) AccessChain 98(renderInfo) 12
             117:    6(float) Load 114
             118:     8(bool) FOrdLessThan 117 107
                              SelectionMerge 120 None
                              BranchConditional 118 119 131
             119:               Label
             121:    6(float)   Load 115
             122:    6(float)   FDiv 110 121
             123:    6(float)   Load 116
             124:    6(float)   FDiv 111 123
             125:    9(fvec4)   CompositeConstruct 122 124 108 108
             126:    9(fvec4)   CompositeConstruct 109 108 112 112
             127:    9(fvec4)   FMul 106 125
             128:    9(fvec4)   FAdd 127 126
             129:     47(ptr)   AccessChain 98(renderInfo) 39
             130:    9(fvec4)   FMul 128 129
                                Store 102(v_Position) 130
                                Branch 120
             131:               Label
             132:     47(ptr)   AccessChain 98(renderInfo) 39
             133:    9(fvec4)   FMul 106 132
                                Store 102(v_Position) 133
                                Branch 120
             120:             Label
                              Return
                              FunctionEnd
155(block_sec_0):           2 Function None 3
             156:             Label
             157:     52(ptr) AccessChain 22(sa) 39
             158:     52(ptr) AccessChain 22(sa) 39
             159:    9(fvec4) Load 158
             160:    9(fvec4) Load 157
             161:    6(float) VectorExtractDynamic 160 39
             162:  151(fvec2) CompositeConstruct 161 108
             164:  151(fvec2) FMul 162 163
             165:     52(ptr) AccessChain 22(sa) 39
             166:    9(fvec4) Load 165
             167:    9(fvec4) VectorShuffle 166 164 0 1 4 5
                              Store 165 167
                              Return
                              FunctionEnd
169(block_prim_0):           2 Function None 3
             170:             Label
                              Line 1 1 0
             171:     52(ptr) AccessChain 21(pa) 39
             172:     52(ptr) AccessChain 21(pa) 39
             173:    9(fvec4) Load 172
             174:    9(fvec4) Load 171
             175:    6(float) VectorExtractDynamic 174 39
             176:    6(float) VectorExtractDynamic 174 34
             177:  151(fvec2) CompositeConstruct 175 176
             178:     52(ptr) AccessChain 31(outs) 39
             179:    9(fvec4) Load 178
             180:    9(fvec4) VectorShuffle 179 177 4 5 2 3
                              Store 178 180
                              Line 1 2 0
             181:     52(ptr) AccessChain 22(sa) 39
             182:     52(ptr) AccessChain 22(sa) 34
             183:    9(fvec4) Load 182
             184:    9(fvec4) Load 181
             185:    6(float) VectorExtractDynamic 184 16
             186:    6(float) VectorExtractDynamic 184 12
             187:  151(fvec2) CompositeConstruct 185 186
             188:     52(ptr) AccessChain 31(outs) 39
             189:    9(fvec4) Load 188
             190:    9(fvec4) VectorShuffle 189 187 0 1 4 5
                              Store 188 190
             191:           2 FunctionCall 99(vert_output_finalize)
                              Return
                              FunctionEnd

[16:59:41.396] |D| [shader::convert_gxp_to_glsl]: Generated GLSL:
#version 420
#extension GL_ARB_fragment_shader_interlock : require
// Shader Name: 691969a6c40afb7e4bc0bac0ea31d38952e708ef8c147c97d337cd507926c824

layout(binding = 0, std140) uniform vert_defaultUniformBuffer
{
    vec4 data[1];
} buffer0;

layout(binding = 15, std140) uniform GxmRenderBufferBlock
{
    vec4 viewport_flip;
    float viewport_flag;
    float screen_width;
    float screen_height;
} renderInfo;

layout(location = 0) in vec4 position;
vec4 pa[32];
vec4 sa[32];
vec4 internals[3];
vec4 r[20];
bool p[4];
int idx[2];
vec4 outs[20];
float memory[5];

void block_sec_0()
{
    vec2 _164 = vec2(sa[0].x, 1.0) * vec2(1.0);
    sa[0] = vec4(sa[0].x, sa[0].y, _164.x, _164.y);
}

void vert_output_finalize()
{
    if (renderInfo.viewport_flag < 0.5)
    {
        gl_Position = ((outs[0] * vec4(2.0 / renderInfo.screen_width, (-2.0) / renderInfo.screen_height, 1.0, 1.0)) + vec4(-1.0, 1.0, 0.0, 0.0)) * renderInfo.viewport_flip;
    }
    else
    {
        gl_Position = outs[0] * renderInfo.viewport_flip;
    }
}

void block_prim_0()
{
    vec2 _177 = vec2(pa[0].x, pa[0].y);
    outs[0] = vec4(_177.x, _177.y, outs[0].z, outs[0].w);
    vec2 _187 = vec2(sa[0].z, sa[0].w);
    outs[0] = vec4(outs[0].x, outs[0].y, _187.x, _187.y);
    vert_output_finalize();
}

void main()
{
    int i = 0;
    while (i < 1)
    {
        sa[i + 0] = buffer0.data[i];
        i++;
    }
    i = 0;
    while (i < 1)
    {
        int _70 = 4 * i;
        memory[(_70 + 0) + 0] = buffer0.data[i].x;
        memory[(_70 + 1) + 0] = buffer0.data[i].y;
        memory[(_70 + 2) + 0] = buffer0.data[i].z;
        memory[(_70 + 3) + 0] = buffer0.data[i].w;
        i++;
    }
    pa[0] = position;
    int i_1 = 0;
    while (i_1 < 20)
    {
        outs[i_1] = vec4(0.0);
        i_1++;
    }
    block_sec_0();
    block_prim_0();
}


[16:59:41.417] |E| [renderer::gl::compile_program]: Fragment info
-------------
0(15) : warning C7050: "pa[0].zw" might be used before being initialized


[16:59:41.421] |D| [export_sceGxmSetFragmentTexture]: NULL DATA for frag texture addr 0x1BBAB36B000
[16:59:41.449] |D| [export_sceGxmSetFragmentTexture]: NULL DATA for frag texture addr 0x1BBAB36B060
[16:59:41.484] |W| [unimplemented_impl]: Unimplemented sceMotionGetState import called.
[16:59:41.485] |W| [stubbed_impl]: Stubbed sceNetCtlCheckCallback import called. (Stub)
[16:59:41.488] |W| [unimplemented_impl]: Unimplemented sceAudioOutGetAdopt import called.
[16:59:41.491] |W| [unimplemented_impl]: Unimplemented sceCommonDialogUpdate import called.
[16:59:41.492] |W| [stubbed_impl]: Stubbed sceDisplayWaitVblankStart import called. (wait for vblank)
[16:59:41.492] |I| [export_sceIoOpen]: Opening file: app0:/data/chars.bdf
[16:59:41.492] |W| [unimplemented_impl]: Unimplemented sceNpGetServiceState import called.
[16:59:41.501] |I| [export_sceIoOpen]: Opening file: app0:/data/Textures/JAW-screen.png
[16:59:41.503] |I| [export_sceIoOpen]: Opening file: app0:/data/Textures/JAW-screen.png
[16:59:41.550] |D| [export_sceGxmSetFragmentTexture]: NULL DATA for frag texture addr 0x1BBAB36B130
[16:59:41.551] |I| [export_sceIoOpen]: Opening file: app0:/data/Textures/GCU-LEGAL.png
[16:59:41.552] |I| [export_sceIoOpen]: Opening file: app0:/data/Textures/GCU-LEGAL.png
[16:59:41.589] |I| [export_sceIoOpen]: Opening file: app0:/data/general.bdf
[16:59:41.617] |D| [export_sceGxmSetFragmentTexture]: NULL DATA for frag texture addr 0x1BBAB36B140
[16:59:41.649] |I| [renderer::gl::load_shader_generic]: Generating frag shader fece3f7f430306bfd80d1c967a7456f4326a16b1746fd9360673c7ec6a768829
[16:59:41.651] |D| [shader::create_fragment_inputs]: Iterator: pa0 = (half4) v_TexCoord1
[16:59:41.653] |D| [shader::spirv_disasm_print]: SPIR-V Disassembly:
// Module Version 10500
// Generated by (magic number): 1337000
// Id's are bound by 185

                              Capability Shader
                              Capability Float16
              68:             ExtInstImport  "GLSL.std.450"
             104:             ExtInstImport  "GLSL.std.450"
             117:             ExtInstImport  "GLSL.std.450"
                              MemoryModel Logical GLSL450
                              EntryPoint Fragment 4  "main_fs" 43 44 47 48 80
                              ExecutionMode 4 OriginLowerLeft
               1:             String  "fece3f7f430306bfd80d1c967a7456f4326a16b1746fd9360673c7ec6a768829"
                              SourceExtension  "gxp"
                              Name 4  "main_fs"
                              Name 21  "pa"
                              Name 22  "sa"
                              Name 24  "internals"
                              Name 26  "r"
                              Name 28  "p"
                              Name 30  "idx"
                              Name 31  "outs"
                              Name 33  "i"
                              Name 37  "memory"
                              Name 41  "u0"
                              Name 43  "v_TexCoord1"
                              Name 44  "v_TexCoord0"
                              Name 47  "f_mask"
                              Name 48  "gl_FragCoord"
                              Name 49  "frag_output_finalize"
                              Name 65  "unpack2xF16"
                              Name 80  "out_color"
                              Name 102  "pack2xF16"
                              Name 136  "block_prim_0"
                              Decorate 41(u0) Binding 0
                              Decorate 43(v_TexCoord1) Location 5
                              Decorate 44(v_TexCoord0) Location 4
                              Decorate 47(f_mask) Binding 1
                              Decorate 48(gl_FragCoord) BuiltIn FragCoord
                              Decorate 80(out_color) Location 0
               2:             TypeVoid
               3:             TypeFunction 2
               6:             TypeFloat 32
               7:             TypeInt 32 1
               8:             TypeBool
               9:             TypeVector 6(float) 4
              10:      7(int) Constant 32
              11:             TypeArray 9(fvec4) 10
              12:      7(int) Constant 3
              13:             TypeArray 9(fvec4) 12
              14:      7(int) Constant 20
              15:             TypeArray 9(fvec4) 14
              16:      7(int) Constant 2
              17:             TypeArray 7(int) 16
              18:      7(int) Constant 4
              19:             TypeArray 8(bool) 18
              20:             TypePointer Private 11
          21(pa):     20(ptr) Variable Private
          22(sa):     20(ptr) Variable Private
              23:             TypePointer Private 13
   24(internals):     23(ptr) Variable Private
              25:             TypePointer Private 15
           26(r):     25(ptr) Variable Private
              27:             TypePointer Private 19
           28(p):     27(ptr) Variable Private
              29:             TypePointer Private 17
         30(idx):     29(ptr) Variable Private
        31(outs):     25(ptr) Variable Private
              32:             TypePointer Function 7(int)
              34:      7(int) Constant 1
              35:             TypeArray 6(float) 34
              36:             TypePointer Private 35
      37(memory):     36(ptr) Variable Private
              38:             TypeImage 6(float) 2D sampled format:Unknown
              39:             TypeSampledImage 38
              40:             TypePointer UniformConstant 39
          41(u0):     40(ptr) Variable UniformConstant
              42:             TypePointer Input 9(fvec4)
 43(v_TexCoord1):     42(ptr) Variable Input
 44(v_TexCoord0):     42(ptr) Variable Input
              45:             TypeImage 6(float) 2D nonsampled format:Rgba8
              46:             TypePointer UniformConstant 45
      47(f_mask):     46(ptr) Variable UniformConstant
48(gl_FragCoord):     42(ptr) Variable Input
              51:             TypePointer Private 9(fvec4)
              52:      7(int) Constant 0
              59:             TypeVector 6(float) 2
              62:             TypeInt 32 0
              63:             TypeFunction 59(fvec2) 6(float)
              79:             TypePointer Output 9(fvec4)
   80(out_color):     79(ptr) Variable Output
              82:             TypeVector 7(int) 4
              84:             TypeVector 7(int) 2
              88:    6(float) Constant 1056964608
              89:    9(fvec4) ConstantComposite 88 88 88 88
             100:             TypeFunction 6(float) 59(fvec2)
             118:    6(float) Constant 0
             119:    6(float) Constant 1065353216
             120:    6(float) Constant 1073741824
             121:   59(fvec2) ConstantComposite 118 118
             122:             TypeVector 6(float) 3
             123:  122(fvec3) ConstantComposite 118 118 118
             124:    9(fvec4) ConstantComposite 118 118 118 118
      4(main_fs):           2 Function None 3
               5:             Label
           33(i):     32(ptr) Variable Function
              96:    9(fvec4) Load 43(v_TexCoord1)
              97:    6(float) VectorExtractDynamic 96 52
              98:    6(float) VectorExtractDynamic 96 34
              99:   59(fvec2) CompositeConstruct 97 98
             108:    6(float) FunctionCall 102(pack2xF16) 99
             109:    6(float) VectorExtractDynamic 96 16
             110:    6(float) VectorExtractDynamic 96 12
             111:   59(fvec2) CompositeConstruct 109 110
             112:    6(float) FunctionCall 102(pack2xF16) 111
             113:   59(fvec2) CompositeConstruct 108 112
             114:     51(ptr) AccessChain 21(pa) 52
             115:    9(fvec4) Load 114
             116:    9(fvec4) VectorShuffle 115 113 4 5 2 3
                              Store 114 116
             125:    9(fvec4) Load 44(v_TexCoord0)
             126:          39 Load 41(u0)
             127:    9(fvec4) ImageSampleImplicitLod 126 125
             128:   59(fvec2) VectorShuffle 127 127 0 1
             129:    6(float) FunctionCall 102(pack2xF16) 128
             130:   59(fvec2) VectorShuffle 127 127 2 3
             131:    6(float) FunctionCall 102(pack2xF16) 130
             132:   59(fvec2) CompositeConstruct 129 131
             133:     51(ptr) AccessChain 21(pa) 52
             134:    9(fvec4) Load 133
             135:    9(fvec4) VectorShuffle 134 132 0 1 4 5
                              Store 133 135
             184:           2 FunctionCall 136(block_prim_0)
                              Return
                              FunctionEnd
49(frag_output_finalize):           2 Function None 3
              50:             Label
              53:     51(ptr) AccessChain 21(pa) 52
              54:     51(ptr) AccessChain 21(pa) 52
              55:    9(fvec4) Load 54
              56:    9(fvec4) Load 53
              57:    6(float) VectorExtractDynamic 56 52
              58:    6(float) VectorExtractDynamic 56 34
              60:   59(fvec2) CompositeConstruct 57 58
              61:    6(float) VectorExtractDynamic 60 52
              71:   59(fvec2) FunctionCall 65(unpack2xF16) 61
              72:    6(float) VectorExtractDynamic 60 34
              73:   59(fvec2) FunctionCall 65(unpack2xF16) 72
              74:    6(float) VectorExtractDynamic 71 52
              75:    6(float) VectorExtractDynamic 71 34
              76:    6(float) VectorExtractDynamic 73 52
              77:    6(float) VectorExtractDynamic 73 34
              78:    9(fvec4) CompositeConstruct 74 75 76 77
                              Store 80(out_color) 78
              81:    9(fvec4) Load 48(gl_FragCoord)
              83:   82(ivec4) ConvertFToS 81
              85:   84(ivec2) VectorShuffle 83 83 0 1
              86:          45 Load 47(f_mask)
              87:    9(fvec4) ImageRead 86 85
              90:     8(bool) FOrdLessThan 87 89
              91:     8(bool) All 90
                              SelectionMerge 93 None
                              BranchConditional 91 92 93
              92:               Label
                                Kill
              93:             Label
                              Return
                              FunctionEnd
 65(unpack2xF16):   59(fvec2) Function None 63
              64:    6(float) FunctionParameter
              66:             Label
              67:     62(int) Bitcast 64
              69:   59(fvec2) ExtInst 68(GLSL.std.450) 62(UnpackHalf2x16) 67
                              ReturnValue 69
                              FunctionEnd
  102(pack2xF16):    6(float) Function None 100
             101:   59(fvec2) FunctionParameter
             103:             Label
             105:     62(int) ExtInst 104(GLSL.std.450) 58(PackHalf2x16) 101
             106:    6(float) Bitcast 105
                              ReturnValue 106
                              FunctionEnd
136(block_prim_0):           2 Function None 3
             137:             Label
                              Line 1 1 0
             138:     51(ptr) AccessChain 21(pa) 52
             139:     51(ptr) AccessChain 21(pa) 52
             140:    9(fvec4) Load 139
             141:    9(fvec4) Load 138
             142:    6(float) VectorExtractDynamic 141 52
             143:    6(float) VectorExtractDynamic 141 34
             144:   59(fvec2) CompositeConstruct 142 143
             145:    6(float) VectorExtractDynamic 144 52
             146:   59(fvec2) FunctionCall 65(unpack2xF16) 145
             147:    6(float) VectorExtractDynamic 144 34
             148:   59(fvec2) FunctionCall 65(unpack2xF16) 147
             149:    6(float) VectorExtractDynamic 146 52
             150:    6(float) VectorExtractDynamic 146 34
             151:    6(float) VectorExtractDynamic 148 52
             152:    6(float) VectorExtractDynamic 148 34
             153:    9(fvec4) CompositeConstruct 149 150 151 152
             154:     51(ptr) AccessChain 21(pa) 52
             155:     51(ptr) AccessChain 21(pa) 34
             156:    9(fvec4) Load 155
             157:    9(fvec4) Load 154
             158:    6(float) VectorExtractDynamic 157 16
             159:    6(float) VectorExtractDynamic 157 12
             160:   59(fvec2) CompositeConstruct 158 159
             161:    6(float) VectorExtractDynamic 160 52
             162:   59(fvec2) FunctionCall 65(unpack2xF16) 161
             163:    6(float) VectorExtractDynamic 160 34
             164:   59(fvec2) FunctionCall 65(unpack2xF16) 163
             165:    6(float) VectorExtractDynamic 162 52
             166:    6(float) VectorExtractDynamic 162 34
             167:    6(float) VectorExtractDynamic 164 52
             168:    6(float) VectorExtractDynamic 164 34
             169:    9(fvec4) CompositeConstruct 165 166 167 168
             170:    9(fvec4) FMul 153 169
             171:    6(float) VectorExtractDynamic 170 52
             172:    6(float) VectorExtractDynamic 170 34
             173:   59(fvec2) CompositeConstruct 171 172
             174:    6(float) FunctionCall 102(pack2xF16) 173
             175:    6(float) VectorExtractDynamic 170 16
             176:    6(float) VectorExtractDynamic 170 12
             177:   59(fvec2) CompositeConstruct 175 176
             178:    6(float) FunctionCall 102(pack2xF16) 177
             179:   59(fvec2) CompositeConstruct 174 178
             180:     51(ptr) AccessChain 21(pa) 52
             181:    9(fvec4) Load 180
             182:    9(fvec4) VectorShuffle 181 179 4 5 2 3
                              Store 180 182
             183:           2 FunctionCall 49(frag_output_finalize)
                              Return
                              FunctionEnd

[16:59:41.655] |D| [shader::convert_gxp_to_glsl]: Generated GLSL:
#version 420
#extension GL_ARB_fragment_shader_interlock : require
// Shader Name: fece3f7f430306bfd80d1c967a7456f4326a16b1746fd9360673c7ec6a768829
layout(early_fragment_tests) in;


layout(binding = 0) uniform sampler2D u0;
layout(binding = 1, rgba8) uniform readonly image2D f_mask;

layout(location = 5) in vec4 v_TexCoord1;
layout(location = 4) in vec4 v_TexCoord0;
layout(location = 0) out vec4 out_color;
vec4 pa[32];
vec4 sa[32];
vec4 internals[3];
vec4 r[20];
bool p[4];
int idx[2];
vec4 outs[20];
float memory[1];

float pack2xF16(vec2 _101)
{
    return uintBitsToFloat(packHalf2x16(_101));
}

vec2 unpack2xF16(float _64)
{
    return unpackHalf2x16(floatBitsToUint(_64));
}

void frag_output_finalize()
{
    vec2 _60 = vec2(pa[0].x, pa[0].y);
    vec2 _71 = unpack2xF16(_60.x);
    vec2 _73 = unpack2xF16(_60.y);
    out_color = vec4(_71.x, _71.y, _73.x, _73.y);
    if (all(lessThan(imageLoad(f_mask, ivec4(gl_FragCoord).xy), vec4(0.5))))
    {
        discard;
    }
}

void block_prim_0()
{
    vec2 _144 = vec2(pa[0].x, pa[0].y);
    vec2 _146 = unpack2xF16(_144.x);
    vec2 _148 = unpack2xF16(_144.y);
    vec2 _160 = vec2(pa[0].z, pa[0].w);
    vec2 _162 = unpack2xF16(_160.x);
    vec2 _164 = unpack2xF16(_160.y);
    vec4 _170 = vec4(_146.x, _146.y, _148.x, _148.y) * vec4(_162.x, _162.y, _164.x, _164.y);
    vec2 _179 = vec2(pack2xF16(vec2(_170.x, _170.y)), pack2xF16(vec2(_170.z, _170.w)));
    pa[0] = vec4(_179.x, _179.y, pa[0].z, pa[0].w);
    frag_output_finalize();
}

void main()
{
    vec2 _113 = vec2(pack2xF16(vec2(v_TexCoord1.x, v_TexCoord1.y)), pack2xF16(vec2(v_TexCoord1.z, v_TexCoord1.w)));
    pa[0] = vec4(_113.x, _113.y, pa[0].z, pa[0].w);
    vec4 _127 = texture(u0, v_TexCoord0.xy);
    vec2 _132 = vec2(pack2xF16(_127.xy), pack2xF16(_127.zw));
    pa[0] = vec4(pa[0].x, pa[0].y, _132.x, _132.y);
    block_prim_0();
}


[16:59:41.658] |I| [renderer::gl::load_shader_generic]: Generating vert shader c4f92fbd9bfca92255a3b5d7e64fb473901530090a2b72c8e57bff9db34750e5
[16:59:41.659] |D| [shader::create_parameters]: [BUFFER0  + 0] pa0 = (float4) iPosition
[16:59:41.659] |D| [shader::create_parameters]: [BUFFER0  + 4] pa4 = (float4) iTexcoord
[16:59:41.659] |D| [shader::create_parameters]: [DEFAULT  + 0] sa0 = (float4) color
[16:59:41.660] |D| [shader::create_parameters]: [DEFAULT  + 4] sa4 = (float4) transform2d
[16:59:41.660] |D| [shader::create_parameters]: [DEFAULT  + 8] sa8 = (float4) depth_range
[16:59:41.669] |D| [shader::spirv_disasm_print]: SPIR-V Disassembly:
// Module Version 10500
// Generated by (magic number): 1337000
// Id's are bound by 286

                              Capability Shader
                              Capability Float16
             162:             ExtInstImport  "GLSL.std.450"
                              MemoryModel Logical GLSL450
                              EntryPoint Vertex 4  "main_vs" 95 96 103 135 140
               1:             String  "c4f92fbd9bfca92255a3b5d7e64fb473901530090a2b72c8e57bff9db34750e5"
                              SourceExtension  "gxp"
                              Name 4  "main_vs"
                              Name 21  "pa"
                              Name 22  "sa"
                              Name 24  "internals"
                              Name 26  "r"
                              Name 28  "p"
                              Name 30  "idx"
                              Name 31  "outs"
                              Name 33  "i"
                              Name 35  "vert_defaultUniformBuffer"
                              Name 37  "buffer0"
                              MemberName 35(vert_defaultUniformBuffer) 0  "data"
                              Name 60  "memory"
                              Name 95  "iPosition"
                              Name 96  "iTexcoord"
                              Name 97  "GxmRenderBufferBlock"
                              MemberName 97(GxmRenderBufferBlock) 0  "viewport_flip"
                              MemberName 97(GxmRenderBufferBlock) 1  "viewport_flag"
                              MemberName 97(GxmRenderBufferBlock) 2  "screen_width"
                              MemberName 97(GxmRenderBufferBlock) 3  "screen_height"
                              Name 99  "renderInfo"
                              Name 100  "vert_output_finalize"
                              Name 103  "v_Position"
                              Name 135  "v_TexCoord0"
                              Name 140  "v_TexCoord1"
                              Name 150  "i"
                              Name 168  "block_prim_0"
                              Decorate 35(vert_defaultUniformBuffer) Block
                              Decorate 35(vert_defaultUniformBuffer) GLSLShared
                              Decorate 37(buffer0) Binding 0
                              MemberDecorate 35(vert_defaultUniformBuffer) 0 Offset 0
                              Decorate 34 ArrayStride 16
                              Decorate 95(iPosition) Location 0
                              Decorate 96(iTexcoord) Location 1
                              Decorate 97(GxmRenderBufferBlock) Block
                              Decorate 97(GxmRenderBufferBlock) GLSLShared
                              MemberDecorate 97(GxmRenderBufferBlock) 0 Offset 0
                              MemberDecorate 97(GxmRenderBufferBlock) 1 Offset 16
                              MemberDecorate 97(GxmRenderBufferBlock) 2 Offset 20
                              MemberDecorate 97(GxmRenderBufferBlock) 3 Offset 24
                              Decorate 99(renderInfo) Binding 15
                              Decorate 103(v_Position) Location 0
                              Decorate 103(v_Position) BuiltIn Position
                              Decorate 135(v_TexCoord0) Location 4
                              Decorate 140(v_TexCoord1) Location 5
               2:             TypeVoid
               3:             TypeFunction 2
               6:             TypeFloat 32
               7:             TypeInt 32 1
               8:             TypeBool
               9:             TypeVector 6(float) 4
              10:      7(int) Constant 32
              11:             TypeArray 9(fvec4) 10
              12:      7(int) Constant 3
              13:             TypeArray 9(fvec4) 12
              14:      7(int) Constant 20
              15:             TypeArray 9(fvec4) 14
              16:      7(int) Constant 2
              17:             TypeArray 7(int) 16
              18:      7(int) Constant 4
              19:             TypeArray 8(bool) 18
              20:             TypePointer Private 11
          21(pa):     20(ptr) Variable Private
          22(sa):     20(ptr) Variable Private
              23:             TypePointer Private 13
   24(internals):     23(ptr) Variable Private
              25:             TypePointer Private 15
           26(r):     25(ptr) Variable Private
              27:             TypePointer Private 19
           28(p):     27(ptr) Variable Private
              29:             TypePointer Private 17
         30(idx):     29(ptr) Variable Private
        31(outs):     25(ptr) Variable Private
              32:             TypePointer Function 7(int)
              34:             TypeArray 9(fvec4) 12
35(vert_defaultUniformBuffer):             TypeStruct 34
              36:             TypePointer Uniform 35(vert_defaultUniformBuffer)
     37(buffer0):     36(ptr) Variable Uniform
              38:      7(int) Constant 0
              46:             TypePointer Uniform 9(fvec4)
              51:             TypePointer Private 9(fvec4)
              54:      7(int) Constant 1
              57:      7(int) Constant 13
              58:             TypeArray 6(float) 57
              59:             TypePointer Private 58
      60(memory):     59(ptr) Variable Private
              75:             TypePointer Private 6(float)
              94:             TypePointer Input 9(fvec4)
   95(iPosition):     94(ptr) Variable Input
   96(iTexcoord):     94(ptr) Variable Input
97(GxmRenderBufferBlock):             TypeStruct 9(fvec4) 6(float) 6(float) 6(float)
              98:             TypePointer Uniform 97(GxmRenderBufferBlock)
  99(renderInfo):     98(ptr) Variable Uniform
             102:             TypePointer Output 9(fvec4)
 103(v_Position):    102(ptr) Variable Output
             108:    6(float) Constant 1056964608
             109:    6(float) Constant 1065353216
             110:    6(float) Constant 3212836864
             111:    6(float) Constant 1073741824
             112:    6(float) Constant 3221225472
             113:    6(float) Constant 0
             114:             TypePointer Uniform 6(float)
135(v_TexCoord0):    102(ptr) Variable Output
140(v_TexCoord1):    102(ptr) Variable Output
             151:    9(fvec4) ConstantComposite 113 113 113 113
             163:             TypeInt 32 0
             164:             TypeVector 6(float) 2
             165:  164(fvec2) ConstantComposite 113 113
             166:             TypeVector 6(float) 3
             167:  166(fvec3) ConstantComposite 113 113 113
             263:  164(fvec2) ConstantComposite 109 109
      4(main_vs):           2 Function None 3
               5:             Label
           33(i):     32(ptr) Variable Function
          150(i):     32(ptr) Variable Function
                              Store 33(i) 38
                              Branch 39
              39:             Label
              43:      7(int) Load 33(i)
              44:     8(bool) SLessThan 43 12
                              LoopMerge 41 42 None
                              BranchConditional 44 40 41
              40:               Label
              45:      7(int)   Load 33(i)
              47:     46(ptr)   AccessChain 37(buffer0) 38 45
              48:      7(int)   Load 33(i)
              49:      7(int)   Load 33(i)
              50:      7(int)   IAdd 48 38
              52:     51(ptr)   AccessChain 22(sa) 50
              53:    9(fvec4)   Load 47
                                Store 52 53
              55:      7(int)   Load 33(i)
              56:      7(int)   IAdd 55 54
                                Store 33(i) 56
                                Branch 42
              42:               Label
                                Branch 39
              41:             Label
                              Store 33(i) 38
                              Branch 61
              61:             Label
              65:      7(int) Load 33(i)
              66:     8(bool) SLessThan 65 12
                              LoopMerge 63 64 None
                              BranchConditional 66 62 63
              62:               Label
              67:      7(int)   Load 33(i)
              68:     46(ptr)   AccessChain 37(buffer0) 38 67
              69:      7(int)   Load 33(i)
              70:      7(int)   IMul 18 69
              71:      7(int)   IAdd 70 38
              72:    9(fvec4)   Load 68
              73:    6(float)   VectorExtractDynamic 72 38
              74:      7(int)   IAdd 71 38
              76:     75(ptr)   AccessChain 60(memory) 74
                                Store 76 73
              77:      7(int)   IAdd 70 54
              78:    9(fvec4)   Load 68
              79:    6(float)   VectorExtractDynamic 78 54
              80:      7(int)   IAdd 77 38
              81:     75(ptr)   AccessChain 60(memory) 80
                                Store 81 79
              82:      7(int)   IAdd 70 16
              83:    9(fvec4)   Load 68
              84:    6(float)   VectorExtractDynamic 83 16
              85:      7(int)   IAdd 82 38
              86:     75(ptr)   AccessChain 60(memory) 85
                                Store 86 84
              87:      7(int)   IAdd 70 12
              88:    9(fvec4)   Load 68
              89:    6(float)   VectorExtractDynamic 88 12
              90:      7(int)   IAdd 87 38
              91:     75(ptr)   AccessChain 60(memory) 90
                                Store 91 89
              92:      7(int)   Load 33(i)
              93:      7(int)   IAdd 92 54
                                Store 33(i) 93
                                Branch 64
              64:               Label
                                Branch 61
              63:             Label
             146:    9(fvec4) Load 95(iPosition)
             147:     51(ptr) AccessChain 21(pa) 38
                              Store 147 146
             148:    9(fvec4) Load 96(iTexcoord)
             149:     51(ptr) AccessChain 21(pa) 54
                              Store 149 148
                              Store 150(i) 38
                              Branch 152
             152:             Label
             156:      7(int) Load 150(i)
             157:     8(bool) SLessThan 156 14
                              LoopMerge 154 155 None
                              BranchConditional 157 153 154
             153:               Label
             158:      7(int)   Load 150(i)
             159:     51(ptr)   AccessChain 31(outs) 158
                                Store 159 151
             160:      7(int)   Load 150(i)
             161:      7(int)   IAdd 160 54
                                Store 150(i) 161
                                Branch 155
             155:               Label
                                Branch 152
             154:             Label
             285:           2 FunctionCall 168(block_prim_0)
                              Return
                              FunctionEnd
100(vert_output_finalize):           2 Function None 3
             101:             Label
             104:     51(ptr) AccessChain 31(outs) 38
             105:     51(ptr) AccessChain 31(outs) 38
             106:    9(fvec4) Load 105
             107:    9(fvec4) Load 104
             115:    114(ptr) AccessChain 99(renderInfo) 54
             116:    114(ptr) AccessChain 99(renderInfo) 16
             117:    114(ptr) AccessChain 99(renderInfo) 12
             118:    6(float) Load 115
             119:     8(bool) FOrdLessThan 118 108
                              SelectionMerge 121 None
                              BranchConditional 119 120 132
             120:               Label
             122:    6(float)   Load 116
             123:    6(float)   FDiv 111 122
             124:    6(float)   Load 117
             125:    6(float)   FDiv 112 124
             126:    9(fvec4)   CompositeConstruct 123 125 109 109
             127:    9(fvec4)   CompositeConstruct 110 109 113 113
             128:    9(fvec4)   FMul 107 126
             129:    9(fvec4)   FAdd 128 127
             130:     46(ptr)   AccessChain 99(renderInfo) 38
             131:    9(fvec4)   FMul 129 130
                                Store 103(v_Position) 131
                                Branch 121
             132:               Label
             133:     46(ptr)   AccessChain 99(renderInfo) 38
             134:    9(fvec4)   FMul 107 133
                                Store 103(v_Position) 134
                                Branch 121
             121:             Label
             136:     51(ptr) AccessChain 31(outs) 54
             137:     51(ptr) AccessChain 31(outs) 54
             138:    9(fvec4) Load 137
             139:    9(fvec4) Load 136
                              Store 135(v_TexCoord0) 139
             141:     51(ptr) AccessChain 31(outs) 16
             142:     51(ptr) AccessChain 31(outs) 16
             143:    9(fvec4) Load 142
             144:    9(fvec4) Load 141
                              Store 140(v_TexCoord1) 144
                              Return
                              FunctionEnd
168(block_prim_0):           2 Function None 3
             169:             Label
                              Line 1 1 0
             170:     51(ptr) AccessChain 21(pa) 54
             171:     51(ptr) AccessChain 21(pa) 54
             172:    9(fvec4) Load 171
             173:    9(fvec4) Load 170
             174:    6(float) VectorExtractDynamic 173 38
             175:    6(float) VectorExtractDynamic 173 54
             176:  164(fvec2) CompositeConstruct 174 175
             177:     51(ptr) AccessChain 31(outs) 54
             178:    9(fvec4) Load 177
             179:    9(fvec4) VectorShuffle 178 176 4 5 2 3
                              Store 177 179
             180:     51(ptr) AccessChain 21(pa) 54
             181:     51(ptr) AccessChain 21(pa) 16
             182:    9(fvec4) Load 181
             183:    9(fvec4) Load 180
             184:    6(float) VectorExtractDynamic 183 16
             185:    6(float) VectorExtractDynamic 183 12
             186:  164(fvec2) CompositeConstruct 184 185
             187:     51(ptr) AccessChain 31(outs) 54
             188:    9(fvec4) Load 187
             189:    9(fvec4) VectorShuffle 188 186 0 1 4 5
                              Store 187 189
                              Line 1 2 0
             190:     51(ptr) AccessChain 22(sa) 38
             191:     51(ptr) AccessChain 22(sa) 38
             192:    9(fvec4) Load 191
             193:    9(fvec4) Load 190
             194:    6(float) VectorExtractDynamic 193 38
             195:    6(float) VectorExtractDynamic 193 54
             196:  164(fvec2) CompositeConstruct 194 195
             197:     51(ptr) AccessChain 31(outs) 16
             198:    9(fvec4) Load 197
             199:    9(fvec4) VectorShuffle 198 196 4 5 2 3
                              Store 197 199
             200:     51(ptr) AccessChain 22(sa) 38
             201:     51(ptr) AccessChain 22(sa) 54
             202:    9(fvec4) Load 201
             203:    9(fvec4) Load 200
             204:    6(float) VectorExtractDynamic 203 16
             205:    6(float) VectorExtractDynamic 203 12
             206:  164(fvec2) CompositeConstruct 204 205
             207:     51(ptr) AccessChain 31(outs) 16
             208:    9(fvec4) Load 207
             209:    9(fvec4) VectorShuffle 208 206 0 1 4 5
                              Store 207 209
                              Line 1 3 0
             210:     51(ptr) AccessChain 21(pa) 38
             211:     51(ptr) AccessChain 21(pa) 38
             212:    9(fvec4) Load 211
             213:    9(fvec4) Load 210
             214:    6(float) VectorExtractDynamic 213 38
             215:    6(float) VectorExtractDynamic 213 54
             216:  164(fvec2) CompositeConstruct 214 215
             217:     51(ptr) AccessChain 22(sa) 54
             218:     51(ptr) AccessChain 22(sa) 54
             219:    9(fvec4) Load 218
             220:    9(fvec4) Load 217
             221:    6(float) VectorExtractDynamic 220 38
             222:    6(float) VectorExtractDynamic 220 54
             223:  164(fvec2) CompositeConstruct 221 222
             224:     51(ptr) AccessChain 22(sa) 54
             225:     51(ptr) AccessChain 22(sa) 16
             226:    9(fvec4) Load 225
             227:    9(fvec4) Load 224
             228:    6(float) VectorExtractDynamic 227 16
             229:    6(float) VectorExtractDynamic 227 12
             230:  164(fvec2) CompositeConstruct 228 229
             231:  164(fvec2) FMul 216 223
             232:  164(fvec2) FAdd 231 230
             233:     51(ptr) AccessChain 21(pa) 38
             234:    9(fvec4) Load 233
             235:    9(fvec4) VectorShuffle 234 232 4 5 2 3
                              Store 233 235
                              Line 1 4 0
             236:     51(ptr) AccessChain 21(pa) 38
             237:     51(ptr) AccessChain 21(pa) 54
             238:    9(fvec4) Load 237
             239:    9(fvec4) Load 236
             240:    6(float) VectorExtractDynamic 239 16
             241:     51(ptr) AccessChain 22(sa) 16
             242:     51(ptr) AccessChain 22(sa) 16
             243:    9(fvec4) Load 242
             244:    9(fvec4) Load 241
             245:    6(float) VectorExtractDynamic 244 38
             246:     51(ptr) AccessChain 22(sa) 16
             247:     51(ptr) AccessChain 22(sa) 16
             248:    9(fvec4) Load 247
             249:    9(fvec4) Load 246
             250:    6(float) VectorExtractDynamic 249 54
             251:    6(float) FMul 240 245
             252:    6(float) FAdd 251 250
             253:     51(ptr) AccessChain 24(internals) 38
             254:    9(fvec4) Load 253
             255:    9(fvec4) VectorInsertDynamic 254 252 38
                              Store 253 255
                              Line 1 5 0
             256:     51(ptr) AccessChain 21(pa) 38
             257:     51(ptr) AccessChain 21(pa) 38
             258:    9(fvec4) Load 257
             259:    9(fvec4) Load 256
             260:    6(float) VectorExtractDynamic 259 38
             261:    6(float) VectorExtractDynamic 259 54
             262:  164(fvec2) CompositeConstruct 260 261
             264:  164(fvec2) FMul 262 263
             265:     51(ptr) AccessChain 31(outs) 38
             266:    9(fvec4) Load 265
             267:    9(fvec4) VectorShuffle 266 264 4 5 2 3
                              Store 265 267
                              Line 1 6 0
             268:     51(ptr) AccessChain 24(internals) 38
             269:     51(ptr) AccessChain 24(internals) 38
             270:    9(fvec4) Load 269
             271:    9(fvec4) Load 268
             272:    6(float) VectorExtractDynamic 271 38
             273:  164(fvec2) CompositeConstruct 272 109
             274:     51(ptr) AccessChain 24(internals) 38
             275:     51(ptr) AccessChain 24(internals) 38
             276:    9(fvec4) Load 275
             277:    9(fvec4) Load 274
             278:  164(fvec2) CompositeConstruct 113 113
             279:  164(fvec2) FMul 273 263
             280:  164(fvec2) FAdd 279 278
             281:     51(ptr) AccessChain 31(outs) 38
             282:    9(fvec4) Load 281
             283:    9(fvec4) VectorShuffle 282 280 0 1 4 5
                              Store 281 283
             284:           2 FunctionCall 100(vert_output_finalize)
                              Return
                              FunctionEnd

[16:59:41.673] |D| [shader::convert_gxp_to_glsl]: Generated GLSL:
#version 420
#extension GL_ARB_fragment_shader_interlock : require
// Shader Name: c4f92fbd9bfca92255a3b5d7e64fb473901530090a2b72c8e57bff9db34750e5

layout(binding = 0, std140) uniform vert_defaultUniformBuffer
{
    vec4 data[3];
} buffer0;

layout(binding = 15, std140) uniform GxmRenderBufferBlock
{
    vec4 viewport_flip;
    float viewport_flag;
    float screen_width;
    float screen_height;
} renderInfo;

layout(location = 0) in vec4 iPosition;
layout(location = 1) in vec4 iTexcoord;
layout(location = 4) out vec4 v_TexCoord0;
layout(location = 5) out vec4 v_TexCoord1;
vec4 pa[32];
vec4 sa[32];
vec4 internals[3];
vec4 r[20];
bool p[4];
int idx[2];
vec4 outs[20];
float memory[13];

void vert_output_finalize()
{
    if (renderInfo.viewport_flag < 0.5)
    {
        gl_Position = ((outs[0] * vec4(2.0 / renderInfo.screen_width, (-2.0) / renderInfo.screen_height, 1.0, 1.0)) + vec4(-1.0, 1.0, 0.0, 0.0)) * renderInfo.viewport_flip;
    }
    else
    {
        gl_Position = outs[0] * renderInfo.viewport_flip;
    }
    v_TexCoord0 = outs[1];
    v_TexCoord1 = outs[2];
}

void block_prim_0()
{
    vec2 _176 = vec2(pa[1].x, pa[1].y);
    outs[1] = vec4(_176.x, _176.y, outs[1].z, outs[1].w);
    vec2 _186 = vec2(pa[1].z, pa[1].w);
    outs[1] = vec4(outs[1].x, outs[1].y, _186.x, _186.y);
    vec2 _196 = vec2(sa[0].x, sa[0].y);
    outs[2] = vec4(_196.x, _196.y, outs[2].z, outs[2].w);
    vec2 _206 = vec2(sa[0].z, sa[0].w);
    outs[2] = vec4(outs[2].x, outs[2].y, _206.x, _206.y);
    vec2 _232 = (vec2(pa[0].x, pa[0].y) * vec2(sa[1].x, sa[1].y)) + vec2(sa[1].z, sa[1].w);
    pa[0] = vec4(_232.x, _232.y, pa[0].z, pa[0].w);
    vec4 _255 = internals[0];
    _255.x = (pa[0].z * sa[2].x) + sa[2].y;
    internals[0] = _255;
    vec2 _264 = vec2(pa[0].x, pa[0].y) * vec2(1.0);
    outs[0] = vec4(_264.x, _264.y, outs[0].z, outs[0].w);
    vec2 _280 = (vec2(internals[0].x, 1.0) * vec2(1.0)) + vec2(0.0);
    outs[0] = vec4(outs[0].x, outs[0].y, _280.x, _280.y);
    vert_output_finalize();
}

void main()
{
    int i = 0;
    while (i < 3)
    {
        sa[i + 0] = buffer0.data[i];
        i++;
    }
    i = 0;
    while (i < 3)
    {
        int _70 = 4 * i;
        memory[(_70 + 0) + 0] = buffer0.data[i].x;
        memory[(_70 + 1) + 0] = buffer0.data[i].y;
        memory[(_70 + 2) + 0] = buffer0.data[i].z;
        memory[(_70 + 3) + 0] = buffer0.data[i].w;
        i++;
    }
    pa[0] = iPosition;
    pa[1] = iTexcoord;
    int i_1 = 0;
    while (i_1 < 20)
    {
        outs[i_1] = vec4(0.0);
        i_1++;
    }
    block_prim_0();
}


[16:59:41.686] |E| [renderer::gl::compile_program]: Vertex info
-----------
0(24) : warning C7050: "internals[0]" might be used before being initialized

Fragment info
-------------
0(13) : warning C7050: "pa[0].zw" might be used before being initialized


[16:59:41.701] |I| [export_sceIoOpen]: Opening file: app0:/data/sprite_meshes.bdf
[16:59:41.723] |I| [export_sceIoOpen]: Opening file: app0:/data/miscitems.bdf
[16:59:41.789] |I| [export_sceIoOpen]: Opening file: app0:/data/turrets.bdf
[16:59:41.881] |I| [export_sceIoOpen]: Opening file: app0:/data/fuelcells.bdf
[16:59:41.904] |I| [export_sceIoOpen]: Opening file: app0:/data/buildings_basic.bdf
[16:59:41.933] |I| [export_sceIoOpen]: Opening file: app0:/data/organics.bdf
[16:59:41.999] |I| [export_sceIoOpen]: Opening file: app0:/data/buildings_industrial.bdf
[16:59:42.037] |I| [export_sceIoOpen]: Opening file: app0:/data/citybuildings.bdf
[16:59:42.078] |I| [export_sceIoOpen]: Opening file: app0:/data/boss_parts.bdf
[16:59:42.130] |I| [export_sceIoOpen]: Opening file: app0:/data/playership.bdf
[16:59:42.152] |I| [export_sceIoOpen]: Opening file: app0:/data/physobj.bdf
[16:59:42.176] |I| [export_sceIoOpen]: Opening file: app0:/data/fonts/BlackWolf.bff
[16:59:42.201] |I| [export_sceIoOpen]: Opening file: app0:/data/fonts/BlackWolf_00.png
[16:59:42.202] |I| [export_sceIoOpen]: Opening file: app0:/data/fonts/BlackWolf_00.png
[16:59:42.227] |I| [export_sceIoOpen]: Opening file: app0:/data/planet1.bdf
[16:59:42.228] |I| [export_sceIoOpen]: Opening file: app0:/data/Textures/vita_buttons.png
[16:59:42.229] |I| [export_sceIoOpen]: Opening file: app0:/data/Textures/vita_buttons.png
[16:59:42.232] |I| [export_sceIoOpen]: Opening file: app0:/data/Textures/boxtex.png
[16:59:42.233] |I| [export_sceIoOpen]: Opening file: app0:/data/Textures/boxtex.png
[16:59:42.239] |I| [export_sceIoOpen]: Opening file: app0:/data/Textures/blackpanel.png
[16:59:42.240] |I| [export_sceIoOpen]: Opening file: app0:/data/Textures/blackpanel.png
[16:59:42.241] |I| [export_sceIoOpen]: Opening file: app0:/data/Textures/vita_gc.png
[16:59:42.242] |I| [export_sceIoOpen]: Opening file: app0:/data/Textures/vita_gc.png
[16:59:42.304] |I| [export_sceIoOpen]: Opening file: app0:/data/Textures/space.png
[16:59:42.305] |I| [export_sceIoOpen]: Opening file: app0:/data/Textures/space.png
[16:59:42.367] |I| [export_sceIoOpen]: Opening file: app0:/data/Textures/sprites.png
[16:59:42.368] |I| [export_sceIoOpen]: Opening file: app0:/data/Textures/sprites.png
[16:59:42.400] |I| [export_sceIoOpen]: Opening file: app0:/data/Textures/particles.png
[16:59:42.401] |I| [export_sceIoOpen]: Opening file: app0:/data/Textures/particles.png
[16:59:42.408] |I| [export_sceIoOpen]: Opening file: app0:/data/Textures/suns.png
[16:59:42.409] |I| [export_sceIoOpen]: Opening file: app0:/data/Textures/suns.png
[16:59:42.427] |I| [export_sceIoOpen]: Opening file: app0:/data/Textures/planet00.png
[16:59:42.428] |I| [export_sceIoOpen]: Opening file: app0:/data/Textures/planet00.png
[16:59:42.435] |I| [export_sceIoOpen]: Opening file: app0:/data/Textures/planet01.png
[16:59:42.435] |I| [export_sceIoOpen]: Opening file: app0:/data/Textures/planet01.png
[16:59:42.441] |I| [export_sceIoOpen]: Opening file: app0:/data/Textures/planet02.png
[16:59:42.442] |I| [export_sceIoOpen]: Opening file: app0:/data/Textures/planet02.png
[16:59:42.449] |I| [export_sceIoOpen]: Opening file: app0:/data/Textures/planet03.png
[16:59:42.449] |I| [export_sceIoOpen]: Opening file: app0:/data/Textures/planet03.png
[16:59:42.456] |I| [export_sceIoOpen]: Opening file: app0:/data/Textures/planet04.png
[16:59:42.457] |I| [export_sceIoOpen]: Opening file: app0:/data/Textures/planet04.png
[16:59:42.463] |I| [export_sceIoOpen]: Opening file: app0:/data/Textures/planet05.png
[16:59:42.465] |I| [export_sceIoOpen]: Opening file: app0:/data/Textures/planet05.png
[16:59:42.470] |I| [export_sceIoOpen]: Opening file: app0:/data/Textures/planet06.png
[16:59:42.471] |I| [export_sceIoOpen]: Opening file: app0:/data/Textures/planet06.png
[16:59:42.478] |I| [export_sceIoOpen]: Opening file: app0:/data/Textures/planet07.png
[16:59:42.479] |I| [export_sceIoOpen]: Opening file: app0:/data/Textures/planet07.png
[16:59:42.485] |I| [export_sceIoOpen]: Opening file: app0:/data/Textures/planet08.png
[16:59:42.486] |I| [export_sceIoOpen]: Opening file: app0:/data/Textures/planet08.png
[16:59:42.493] |I| [export_sceIoOpen]: Opening file: app0:/data/Textures/planet09.png
[16:59:42.494] |I| [export_sceIoOpen]: Opening file: app0:/data/Textures/planet09.png
[16:59:42.499] |I| [export_sceIoOpen]: Opening file: app0:/data/Textures/planet10.png
[16:59:42.500] |I| [export_sceIoOpen]: Opening file: app0:/data/Textures/planet10.png
[16:59:42.506] |I| [export_sceIoOpen]: Opening file: app0:/data/Textures/selectBox.png
[16:59:42.507] |I| [export_sceIoOpen]: Opening file: app0:/data/Textures/selectBox.png
[16:59:42.508] |I| [export_sceIoOpen]: Opening file: app0:/data/Textures/voronoi.png
[16:59:42.509] |I| [export_sceIoOpen]: Opening file: app0:/data/Textures/voronoi.png
[16:59:42.551] |I| [export_sceIoOpen]: Opening file: app0:/data/Textures/VITAPAD.png
[16:59:42.552] |I| [export_sceIoOpen]: Opening file: app0:/data/Textures/VITAPAD.png
[16:59:42.570] |I| [export_sceIoOpen]: Opening file: app0:/data/Textures/lava.png
[16:59:42.570] |I| [export_sceIoOpen]: Opening file: app0:/data/Textures/lava.png
[16:59:42.571] |I| [export_sceIoOpen]: Opening file: app0:/data/Textures/radarBox.png
[16:59:42.572] |I| [export_sceIoOpen]: Opening file: app0:/data/Textures/radarBox.png
[16:59:42.576] |I| [export_sceIoOpen]: Opening file: app0:/data/Textures/hudbox.png
[16:59:42.577] |I| [export_sceIoOpen]: Opening file: app0:/data/Textures/hudbox.png
[16:59:42.586] |I| [export_sceIoOpen]: Opening file: app0:/data/Textures/hudShield.png
[16:59:42.587] |I| [export_sceIoOpen]: Opening file: app0:/data/Textures/hudShield.png
[16:59:42.591] |I| [export_sceIoOpen]: Opening file: app0:/data/Textures/hudFuel.png
[16:59:42.591] |I| [export_sceIoOpen]: Opening file: app0:/data/Textures/hudFuel.png
[16:59:42.595] |I| [export_sceIoOpen]: Opening file: app0:/data/Textures/backtest.png
[16:59:42.596] |I| [export_sceIoOpen]: Opening file: app0:/data/Textures/backtest.png
[16:59:42.653] |I| [export_sceIoOpen]: Opening file: app0:/data/Textures/psnstore.png
[16:59:42.654] |I| [export_sceIoOpen]: Opening file: app0:/data/Textures/psnstore.png
[16:59:42.668] |I| [export_sceIoOpen]: Opening file: app0:/data/MenuGroups.bdf
[16:59:42.669] |I| [export_sceIoOpen]: Opening file: app0:/data/ShapeGroups.bdf
[16:59:42.669] |I| [export_sceIoOpen]: Opening file: app0:/data/particles_vita.bdf
[16:59:42.670] |I| [export_sceIoOpen]: Opening file: app0:/data/peffects_vita.bdf
[16:59:42.670] |I| [export_sceIoOpen]: Opening file: app0:/data/explosions.bdf
[16:59:42.671] |I| [export_sceIoOpen]: Opening file: app0:/data/bullets.bdf
[16:59:42.672] |I| [export_sceIoOpen]: Opening file: app0:/data/objects_vita.bdf
[16:59:42.682] |I| [export_sceIoOpen]: Opening file: app0:/data/globals_vita.bdf
[16:59:42.683] |I| [export_sceIoOpen]: Opening file: app0:/data/levels.bdf
[16:59:42.684] |I| [export_sceIoOpen]: Opening file: app0:/data/backgrounds.bdf
[16:59:42.685] |I| [export_sceIoOpen]: Opening file: app0:/REPLAY.RPL
[16:59:49.709] |D| [export_sceGxmSetFragmentTexture]: NULL DATA for frag texture addr 0x1BBAB3729C0
[16:59:49.711] |D| [export_sceGxmSetFragmentTexture]: NULL DATA for frag texture addr 0x1BBAB3729D0
[16:59:49.711] |D| [export_sceGxmSetFragmentTexture]: NULL DATA for frag texture addr 0x1BBAB3729E0
[16:59:49.711] |D| [export_sceGxmSetFragmentTexture]: NULL DATA for frag texture addr 0x1BBAB3729F0
[16:59:49.711] |D| [export_sceGxmSetFragmentTexture]: NULL DATA for frag texture addr 0x1BBAB372A00
[16:59:49.712] |D| [export_sceGxmSetFragmentTexture]: NULL DATA for frag texture addr 0x1BBAB372A10
[16:59:49.712] |D| [export_sceGxmSetFragmentTexture]: NULL DATA for frag texture addr 0x1BBAB372A20
[16:59:49.712] |D| [export_sceGxmSetFragmentTexture]: NULL DATA for frag texture addr 0x1BBAB372A30
[16:59:49.713] |D| [export_sceGxmSetFragmentTexture]: NULL DATA for frag texture addr 0x1BBAB372A40
[16:59:49.713] |D| [export_sceGxmSetFragmentTexture]: NULL DATA for frag texture addr 0x1BBAB372A50
[16:59:49.714] |D| [export_sceGxmSetFragmentTexture]: NULL DATA for frag texture addr 0x1BBAB372A60
[16:59:49.714] |D| [export_sceGxmSetFragmentTexture]: NULL DATA for frag texture addr 0x1BBAB372A70
[16:59:49.714] |D| [export_sceGxmSetFragmentTexture]: NULL DATA for frag texture addr 0x1BBAB372A80
[16:59:49.715] |D| [export_sceGxmSetFragmentTexture]: NULL DATA for frag texture addr 0x1BBAB372A90
[16:59:49.716] |D| [export_sceGxmSetFragmentTexture]: NULL DATA for frag texture addr 0x1BBAB372AA0
[16:59:49.717] |D| [export_sceGxmSetFragmentTexture]: NULL DATA for frag texture addr 0x1BBAB372AB0
[16:59:49.717] |D| [export_sceGxmSetFragmentTexture]: NULL DATA for frag texture addr 0x1BBAB372AC0
[16:59:49.718] |D| [export_sceGxmSetFragmentTexture]: NULL DATA for frag texture addr 0x1BBAB372AD0
[16:59:49.718] |D| [export_sceGxmSetFragmentTexture]: NULL DATA for frag texture addr 0x1BBAB372AE0
[16:59:49.719] |D| [export_sceGxmSetFragmentTexture]: NULL DATA for frag texture addr 0x1BBAB372AF0
[16:59:49.719] |D| [export_sceGxmSetFragmentTexture]: NULL DATA for frag texture addr 0x1BBAB372B00
[16:59:49.719] |D| [export_sceGxmSetFragmentTexture]: NULL DATA for frag texture addr 0x1BBAB372B10
[16:59:49.720] |D| [export_sceGxmSetFragmentTexture]: NULL DATA for frag texture addr 0x1BBAB372B20
[16:59:49.720] |D| [export_sceGxmSetFragmentTexture]: NULL DATA for frag texture addr 0x1BBAB372B30
[16:59:49.721] |D| [export_sceGxmSetFragmentTexture]: NULL DATA for frag texture addr 0x1BBAB372B40
[16:59:49.721] |D| [export_sceGxmSetFragmentTexture]: NULL DATA for frag texture addr 0x1BBAB372B50
[16:59:49.721] |D| [export_sceGxmSetFragmentTexture]: NULL DATA for frag texture addr 0x1BBAB372B60
[16:59:49.722] |D| [export_sceGxmSetFragmentTexture]: NULL DATA for frag texture addr 0x1BBAB372B70
[16:59:49.722] |D| [export_sceGxmSetFragmentTexture]: NULL DATA for frag texture addr 0x1BBAB372B80
[16:59:49.722] |D| [export_sceGxmSetFragmentTexture]: NULL DATA for frag texture addr 0x1BBAB372B90
[16:59:49.723] |D| [export_sceGxmSetFragmentTexture]: NULL DATA for frag texture addr 0x1BBAB372BA0
[16:59:49.723] |D| [export_sceGxmSetFragmentTexture]: NULL DATA for frag texture addr 0x1BBAB372BB0
