[07:55:33.471] |I| [load_app_impl]: ngs experimental state: true
[07:55:33.471] |I| [load_app_impl]: video player state: true
[07:55:33.471] |I| [load_app_impl]: auto-lle: enabled
[07:55:33.471] |I| [load_app_impl]: Title: Draw Slasher
[07:55:33.471] |I| [load_app_impl]: Serial: PCSB00229
[07:55:33.471] |I| [load_app_impl]: Version: 1.02
[07:55:33.471] |I| [load_app_impl]: Category: gp
[07:55:33.548] |C| [load_self]: Unknown segment type 0x6FFFFF01
[07:55:33.548] |I| [load_self]: Loaded module segment 0 @ [0x00004000 - 0x0003FC2C / 0x81000000] (size: 0x0003BC2C) of module app0:sce_module/libc.suprx
[07:55:33.548] |I| [load_self]: Loaded module segment 1 @ [0x00040000 - 0x00042380 / 0x8103C000] (size: 0x00002380) of module app0:sce_module/libc.suprx
[07:55:33.549] |I| [load_self]: Loading symbols for SELF: app0:sce_module/libc.suprx
[07:55:33.549] |D| [load_var_exports]: 	NID 0x6C2224BA (NID_MODULE_INFO) at 0x31540
[07:55:33.549] |W| [load_var_imports]: 	NID NOT FOUND 0xDF084DFA (UNRECOGNISED) at 0x34D88, setting to stub value 0xDEADBEEF
[07:55:33.549] |I| [pre_load_module]: Pre-load module SceLibc (at "sce_module/libc.suprx") loaded
[07:55:33.554] |C| [load_self]: Unknown segment type 0x6FFFFF01
[07:55:33.554] |I| [load_self]: Loaded module segment 0 @ [0x00044000 - 0x00065370 / 0x81000000] (size: 0x00021370) of module app0:sce_module/libfios2.suprx
[07:55:33.554] |I| [load_self]: Loaded module segment 1 @ [0x00066000 - 0x0006B1B8 / 0x81022000] (size: 0x000051B8) of module app0:sce_module/libfios2.suprx
[07:55:33.554] |I| [load_self]: Loading symbols for SELF: app0:sce_module/libfios2.suprx
[07:55:33.554] |D| [load_var_exports]: 	NID 0x6C2224BA (NID_MODULE_INFO) at 0x5ED38
[07:55:33.554] |I| [pre_load_module]: Pre-load module SceLibFios2 (at "sce_module/libfios2.suprx") loaded
[07:55:33.557] |C| [load_self]: Unknown segment type 0x6FFFFF01
[07:55:33.557] |I| [load_self]: Loaded module segment 0 @ [0x0006C000 - 0x0007F474 / 0x81000000] (size: 0x00013474) of module app0:sce_module/libult.suprx
[07:55:33.558] |I| [load_self]: Loaded module segment 1 @ [0x00080000 - 0x00080814 / 0x81014000] (size: 0x00000814) of module app0:sce_module/libult.suprx
[07:55:33.558] |I| [load_self]: Loading symbols for SELF: app0:sce_module/libult.suprx
[07:55:33.558] |D| [load_var_exports]: 	NID 0x6C2224BA (NID_MODULE_INFO) at 0x7B714
[07:55:33.558] |I| [pre_load_module]: Pre-load module SceUlt (at "sce_module/libult.suprx") loaded
[07:55:33.564] |I| [load_self]: Loaded module segment 0 @ [0x00081000 - 0x000D1F04 / 0x81000000] (size: 0x00050F04) of module vs0:sys/external/libSceFt2.suprx
[07:55:33.564] |I| [load_self]: Loaded module segment 1 @ [0x000D2000 - 0x000D22F4 / 0x81051000] (size: 0x000002F4) of module vs0:sys/external/libSceFt2.suprx
[07:55:33.564] |I| [load_self]: Loading symbols for SELF: vs0:sys/external/libSceFt2.suprx
[07:55:33.564] |D| [load_var_exports]: 	NID 0x936C8A78 (SYSLYB) at 0xBD7DC
[07:55:33.568] |D| [load_var_exports]: 	NID 0x6C2224BA (NID_MODULE_INFO) at 0xBCF10
[07:55:33.568] |W| [load_var_imports]: 	NID NOT FOUND 0x93B8AA67 (UNRECOGNISED) at 0xD1EE0, setting to stub value 0xDEADBEEF
[07:55:33.568] |I| [pre_load_module]: Pre-load module SceLibft2 (at "sys/external/libSceFt2.suprx") loaded
[07:55:33.569] |I| [load_self]: Loaded module segment 0 @ [0x000D4000 - 0x000E3F14 / 0x81000000] (size: 0x0000FF14) of module vs0:sys/external/libpvf.suprx
[07:55:33.570] |I| [load_self]: Loaded module segment 1 @ [0x000E4000 - 0x000E4008 / 0x81010000] (size: 0x00000008) of module vs0:sys/external/libpvf.suprx
[07:55:33.570] |I| [load_self]: Loading symbols for SELF: vs0:sys/external/libpvf.suprx
[07:55:33.570] |D| [load_var_exports]: 	NID 0x936C8A78 (SYSLYB) at 0xE2710
[07:55:33.570] |D| [load_var_exports]: 	NID 0x6C2224BA (NID_MODULE_INFO) at 0xE2300
[07:55:33.570] |I| [pre_load_module]: Pre-load module SceLibPvf (at "sys/external/libpvf.suprx") loaded
[07:55:33.642] |C| [load_self]: Unknown segment type 0x6FFFFF01
[07:55:33.643] |I| [load_self]: Loaded module segment 0 @ [0x81000000 - 0x812EB8EC / 0x81000000] (size: 0x002EB8EC) of module app0:eboot.bin
[07:55:33.643] |I| [load_self]: Loaded module segment 1 @ [0x812EC000 - 0x812FBDD0 / 0x812EC000] (size: 0x0000FDD0) of module app0:eboot.bin
[07:55:33.643] |I| [load_self]: Loading symbols for SELF: app0:eboot.bin
[07:55:33.643] |D| [load_var_exports]: 	NID 0x6C2224BA (NID_MODULE_INFO) at 0x812B38E8
[07:55:33.643] |D| [load_var_exports]: 	NID 0x70FBA1E7 (SCE_PROC_PARAMS) at 0x812F4C50
[07:55:33.643] |I| [load_app_impl]: Main executable DSQuest_PSVita (eboot.bin) loaded
[07:55:33.645] |D| [run_app]: Running module_start of library: SceLibc at address 0x45B1
[07:55:33.649] |I| [run_app]: Module SceLibc (at "app0:sce_module/libc.suprx") module_start returned 0x0
[07:55:33.649] |D| [run_app]: Running module_start of library: SceLibFios2 at address 0x44001
[07:55:33.651] |W| [stubbed_impl]: Stubbed sceKernelGetProcessId import called. (pid: 0)
[07:55:33.651] |W| [stubbed_impl]: Stubbed _sceFiosKernelOverlayGetList import called. (Set pActualIDs to 0)
[07:55:33.651] |D| [export__sceFiosKernelOverlayGetList]: pid: 0
[07:55:33.651] |D| [export__sceFiosKernelOverlayGetList]: buffer_size: 0
[07:55:33.651] |D| [export__sceFiosKernelOverlayGetList]: maxIDs: 0
[07:55:33.651] |D| [export__sceFiosKernelOverlayGetList]: pActualIDs: 0
[07:55:33.651] |I| [run_app]: Module SceLibFios2 (at "app0:sce_module/libfios2.suprx") module_start returned 0x0
[07:55:33.652] |D| [run_app]: Running module_start of library: SceUlt at address 0x6F95D
[07:55:33.653] |W| [unimplemented_impl]: Unimplemented _sceUlobjMgrRegisterLibultProtocolRevision import called.
[07:55:33.654] |I| [run_app]: Module SceUlt (at "app0:sce_module/libult.suprx") module_start returned 0x0
[07:55:33.667] |W| [unimplemented_impl]: Unimplemented sceAppUtilInit import called.
[07:55:33.667] |W| [stubbed_impl]: Stubbed sceAudiodecInitLibrary import called. (EMPTY)
[07:55:33.667] |W| [unimplemented_impl]: Unimplemented sceTouchEnableTouchForce import called.
[07:55:33.671] |W| [unimplemented_impl]: Unimplemented sceKernelChangeThreadVfpException import called.
[07:55:33.671] |W| [unimplemented_impl]: Unimplemented _sceFiosKernelOverlayThreadSetDisabled import called.
[07:55:33.680] |W| [stubbed_impl]: Stubbed sceGxmMapMemory import called. (always return success)
[07:55:33.682] |W| [stubbed_impl]: Stubbed sceGxmMapFragmentUsseMemory import called. (always return success)
[07:55:33.727] |W| [stubbed_impl]: Stubbed sceGxmMapVertexUsseMemory import called. (always return success)
[07:55:33.742] |W| [stubbed_impl]: Stubbed sceGxmGetRenderTargetMemSize import called. (2MB host mem)
[07:55:33.777] |W| [unimplemented_impl]: Unimplemented sceCommonDialogSetConfigParam import called.
[07:55:33.840] |W| [unimplemented_impl]: Unimplemented _sceFiosKernelOverlayGetRecommendedScheduler import called.
[07:55:33.841] |I| [export_sceIoOpen]: Opening file: savedata0:/dsquest.xml
[07:55:33.863] |E| [call_import]: Import function for NID 0xE340C004 not found (thread name: PCSB00229, thread ID: 6)
[07:55:33.913] |I| [export_sceIoOpen]: Opening file: app0:/res/loading_hints.csv
[07:55:33.956] |W| [stubbed_impl]: Stubbed __sceAppMgrGetAppState import called. (Set to 0.)
[07:55:34.004] |I| [export_sceIoOpen]: Opening file: app0:/0/1.mp
[07:55:34.007] |I| [export_sceIoOpen]: Opening file: app0:/0/1.mp
[07:55:34.032] |W| [unimplemented_impl]: Unimplemented sceCommonDialogUpdate import called.
[07:55:34.032] |W| [stubbed_impl]: Stubbed sceDisplayWaitSetFrameBufMulti import called. (move after setframebuf)
[07:55:34.058] |I| [renderer::gl::load_shader_generic]: Generating frag shader efa2698b08fd1d3c71f978ddfebe14f669c9e98e6e6821b2a546b85eaecfabcd
[07:55:34.059] |D| [shader::create_fragment_inputs]: Iterator: pa0 = (float4) v_Color0
[07:55:34.060] |D| [shader::spirv_disasm_print]: SPIR-V Disassembly:
// Module Version 10500
// Generated by (magic number): 1337000
// Id's are bound by 148

                              Capability Shader
                              Capability Float16
              63:             ExtInstImport  "GLSL.std.450"
              93:             ExtInstImport  "GLSL.std.450"
             133:             ExtInstImport  "GLSL.std.450"
                              MemoryModel Logical GLSL450
                              EntryPoint Fragment 4  "main_fs" 39 42 43 75
                              ExecutionMode 4 OriginLowerLeft
               1:             String  "efa2698b08fd1d3c71f978ddfebe14f669c9e98e6e6821b2a546b85eaecfabcd"
                              SourceExtension  "gxp"
                              Name 4  "main_fs"
                              Name 21  "pa"
                              Name 22  "sa"
                              Name 24  "internals"
                              Name 26  "r"
                              Name 28  "p"
                              Name 30  "idx"
                              Name 31  "outs"
                              Name 33  "i"
                              Name 37  "memory"
                              Name 39  "v_Color0"
                              Name 42  "f_mask"
                              Name 43  "gl_FragCoord"
                              Name 44  "frag_output_finalize"
                              Name 60  "unpack2xF16"
                              Name 75  "out_color"
                              Name 101  "block_prim_0"
                              Name 131  "pack2xF16"
                              Decorate 39(v_Color0) Location 1
                              Decorate 42(f_mask) Binding 1
                              Decorate 43(gl_FragCoord) BuiltIn FragCoord
                              Decorate 75(out_color) Location 0
               2:             TypeVoid
               3:             TypeFunction 2
               6:             TypeFloat 32
               7:             TypeInt 32 1
               8:             TypeBool
               9:             TypeVector 6(float) 4
              10:      7(int) Constant 32
              11:             TypeArray 9(fvec4) 10
              12:      7(int) Constant 3
              13:             TypeArray 9(fvec4) 12
              14:      7(int) Constant 20
              15:             TypeArray 9(fvec4) 14
              16:      7(int) Constant 2
              17:             TypeArray 7(int) 16
              18:      7(int) Constant 4
              19:             TypeArray 8(bool) 18
              20:             TypePointer Private 11
          21(pa):     20(ptr) Variable Private
          22(sa):     20(ptr) Variable Private
              23:             TypePointer Private 13
   24(internals):     23(ptr) Variable Private
              25:             TypePointer Private 15
           26(r):     25(ptr) Variable Private
              27:             TypePointer Private 19
           28(p):     27(ptr) Variable Private
              29:             TypePointer Private 17
         30(idx):     29(ptr) Variable Private
        31(outs):     25(ptr) Variable Private
              32:             TypePointer Function 7(int)
              34:      7(int) Constant 1
              35:             TypeArray 6(float) 34
              36:             TypePointer Private 35
      37(memory):     36(ptr) Variable Private
              38:             TypePointer Input 9(fvec4)
    39(v_Color0):     38(ptr) Variable Input
              40:             TypeImage 6(float) 2D nonsampled format:Rgba8
              41:             TypePointer UniformConstant 40
      42(f_mask):     41(ptr) Variable UniformConstant
43(gl_FragCoord):     38(ptr) Variable Input
              46:             TypePointer Private 9(fvec4)
              47:      7(int) Constant 0
              54:             TypeVector 6(float) 2
              57:             TypeInt 32 0
              58:             TypeFunction 54(fvec2) 6(float)
              74:             TypePointer Output 9(fvec4)
   75(out_color):     74(ptr) Variable Output
              77:             TypeVector 7(int) 4
              79:             TypeVector 7(int) 2
              83:    6(float) Constant 1056964608
              84:    9(fvec4) ConstantComposite 83 83 83 83
              94:    6(float) Constant 0
              95:    6(float) Constant 1065353216
              96:    6(float) Constant 1073741824
              97:   54(fvec2) ConstantComposite 94 94
              98:             TypeVector 6(float) 3
              99:   98(fvec3) ConstantComposite 94 94 94
             100:    9(fvec4) ConstantComposite 94 94 94 94
             129:             TypeFunction 6(float) 54(fvec2)
      4(main_fs):           2 Function None 3
               5:             Label
           33(i):     32(ptr) Variable Function
              91:    9(fvec4) Load 39(v_Color0)
              92:     46(ptr) AccessChain 21(pa) 47
                              Store 92 91
             147:           2 FunctionCall 101(block_prim_0)
                              Return
                              FunctionEnd
44(frag_output_finalize):           2 Function None 3
              45:             Label
              48:     46(ptr) AccessChain 21(pa) 47
              49:     46(ptr) AccessChain 21(pa) 47
              50:    9(fvec4) Load 49
              51:    9(fvec4) Load 48
              52:    6(float) VectorExtractDynamic 51 47
              53:    6(float) VectorExtractDynamic 51 34
              55:   54(fvec2) CompositeConstruct 52 53
              56:    6(float) VectorExtractDynamic 55 47
              66:   54(fvec2) FunctionCall 60(unpack2xF16) 56
              67:    6(float) VectorExtractDynamic 55 34
              68:   54(fvec2) FunctionCall 60(unpack2xF16) 67
              69:    6(float) VectorExtractDynamic 66 47
              70:    6(float) VectorExtractDynamic 66 34
              71:    6(float) VectorExtractDynamic 68 47
              72:    6(float) VectorExtractDynamic 68 34
              73:    9(fvec4) CompositeConstruct 69 70 71 72
                              Store 75(out_color) 73
              76:    9(fvec4) Load 43(gl_FragCoord)
              78:   77(ivec4) ConvertFToS 76
              80:   79(ivec2) VectorShuffle 78 78 0 1
              81:          40 Load 42(f_mask)
              82:    9(fvec4) ImageRead 81 80
              85:     8(bool) FOrdLessThan 82 84
              86:     8(bool) All 85
                              SelectionMerge 88 None
                              BranchConditional 86 87 88
              87:               Label
                                Kill
              88:             Label
                              Return
                              FunctionEnd
 60(unpack2xF16):   54(fvec2) Function None 58
              59:    6(float) FunctionParameter
              61:             Label
              62:     57(int) Bitcast 59
              64:   54(fvec2) ExtInst 63(GLSL.std.450) 62(UnpackHalf2x16) 62
                              ReturnValue 64
                              FunctionEnd
101(block_prim_0):           2 Function None 3
             102:             Label
                              Line 1 1 0
             103:     46(ptr) AccessChain 21(pa) 47
             104:     46(ptr) AccessChain 21(pa) 47
             105:    9(fvec4) Load 104
             106:    9(fvec4) Load 103
             107:     46(ptr) AccessChain 21(pa) 47
             108:     46(ptr) AccessChain 21(pa) 47
             109:    9(fvec4) Load 108
             110:    9(fvec4) Load 107
             111:    6(float) VectorExtractDynamic 110 47
             112:    6(float) VectorExtractDynamic 110 34
             113:   54(fvec2) CompositeConstruct 111 112
             114:     46(ptr) AccessChain 21(pa) 47
             115:     46(ptr) AccessChain 21(pa) 34
             116:    9(fvec4) Load 115
             117:    9(fvec4) Load 114
             118:    6(float) VectorExtractDynamic 117 16
             119:    6(float) VectorExtractDynamic 117 12
             120:   54(fvec2) CompositeConstruct 118 119
             121:    6(float) VectorExtractDynamic 113 47
             122:    6(float) VectorExtractDynamic 113 34
             123:    6(float) VectorExtractDynamic 120 47
             124:    6(float) VectorExtractDynamic 120 34
             125:    9(fvec4) CompositeConstruct 121 122 123 124
             126:    6(float) VectorExtractDynamic 125 47
             127:    6(float) VectorExtractDynamic 125 34
             128:   54(fvec2) CompositeConstruct 126 127
             137:    6(float) FunctionCall 131(pack2xF16) 128
             138:    6(float) VectorExtractDynamic 125 16
             139:    6(float) VectorExtractDynamic 125 12
             140:   54(fvec2) CompositeConstruct 138 139
             141:    6(float) FunctionCall 131(pack2xF16) 140
             142:   54(fvec2) CompositeConstruct 137 141
             143:     46(ptr) AccessChain 21(pa) 47
             144:    9(fvec4) Load 143
             145:    9(fvec4) VectorShuffle 144 142 4 5 2 3
                              Store 143 145
             146:           2 FunctionCall 44(frag_output_finalize)
                              Return
                              FunctionEnd
  131(pack2xF16):    6(float) Function None 129
             130:   54(fvec2) FunctionParameter
             132:             Label
             134:     57(int) ExtInst 133(GLSL.std.450) 58(PackHalf2x16) 130
             135:    6(float) Bitcast 134
                              ReturnValue 135
                              FunctionEnd

[07:55:34.065] |D| [shader::convert_gxp_to_glsl]: Generated GLSL:
#version 420
#extension GL_ARB_fragment_shader_interlock : require
// Shader Name: efa2698b08fd1d3c71f978ddfebe14f669c9e98e6e6821b2a546b85eaecfabcd
layout(early_fragment_tests) in;


layout(binding = 1, rgba8) uniform readonly image2D f_mask;

layout(location = 1) in vec4 v_Color0;
layout(location = 0) out vec4 out_color;
vec4 pa[32];
vec4 sa[32];
vec4 internals[3];
vec4 r[20];
bool p[4];
int idx[2];
vec4 outs[20];
float memory[1];

float pack2xF16(vec2 _130)
{
    return uintBitsToFloat(packHalf2x16(_130));
}

vec2 unpack2xF16(float _59)
{
    return unpackHalf2x16(floatBitsToUint(_59));
}

void frag_output_finalize()
{
    vec2 _55 = vec2(pa[0].x, pa[0].y);
    vec2 _66 = unpack2xF16(_55.x);
    vec2 _68 = unpack2xF16(_55.y);
    out_color = vec4(_66.x, _66.y, _68.x, _68.y);
    if (all(lessThan(imageLoad(f_mask, ivec4(gl_FragCoord).xy), vec4(0.5))))
    {
        discard;
    }
}

void block_prim_0()
{
    vec2 _113 = vec2(pa[0].x, pa[0].y);
    vec2 _120 = vec2(pa[0].z, pa[0].w);
    vec4 _125 = vec4(_113.x, _113.y, _120.x, _120.y);
    vec2 _142 = vec2(pack2xF16(vec2(_125.x, _125.y)), pack2xF16(vec2(_125.z, _125.w)));
    pa[0] = vec4(_142.x, _142.y, pa[0].z, pa[0].w);
    frag_output_finalize();
}

void main()
{
    pa[0] = v_Color0;
    block_prim_0();
}


[07:55:34.080] |I| [renderer::gl::load_shader_generic]: Generating vert shader 575ec33c9bed01d9be78759295073130f70b3bd55fb2703e897a3955ba70d117
[07:55:34.080] |D| [shader::create_parameters]: [BUFFER0  + 0] pa0 = (float4) aPosition
[07:55:34.080] |D| [shader::create_parameters]: [BUFFER0  + 4] pa4 = (float4) aColor
[07:55:34.082] |D| [shader::spirv_disasm_print]: SPIR-V Disassembly:
// Module Version 10500
// Generated by (magic number): 1337000
// Id's are bound by 220

                              Capability Shader
                              Capability Float16
             111:             ExtInstImport  "GLSL.std.450"
                              MemoryModel Logical GLSL450
                              EntryPoint Vertex 4  "main_vs" 39 40 57 89
               1:             String  "575ec33c9bed01d9be78759295073130f70b3bd55fb2703e897a3955ba70d117"
                              SourceExtension  "gxp"
                              Name 4  "main_vs"
                              Name 21  "pa"
                              Name 22  "sa"
                              Name 24  "internals"
                              Name 26  "r"
                              Name 28  "p"
                              Name 30  "idx"
                              Name 31  "outs"
                              Name 33  "i"
                              Name 37  "memory"
                              Name 39  "aPosition"
                              Name 40  "aColor"
                              Name 51  "GxmRenderBufferBlock"
                              MemberName 51(GxmRenderBufferBlock) 0  "viewport_flip"
                              MemberName 51(GxmRenderBufferBlock) 1  "viewport_flag"
                              MemberName 51(GxmRenderBufferBlock) 2  "screen_width"
                              MemberName 51(GxmRenderBufferBlock) 3  "screen_height"
                              Name 53  "renderInfo"
                              Name 54  "vert_output_finalize"
                              Name 57  "v_Position"
                              Name 89  "v_Color0"
                              Name 99  "i"
                              Name 116  "block_sec_0"
                              Name 140  "block_prim_0"
                              Decorate 39(aPosition) Location 0
                              Decorate 40(aColor) Location 1
                              Decorate 51(GxmRenderBufferBlock) Block
                              Decorate 51(GxmRenderBufferBlock) GLSLShared
                              MemberDecorate 51(GxmRenderBufferBlock) 0 Offset 0
                              MemberDecorate 51(GxmRenderBufferBlock) 1 Offset 16
                              MemberDecorate 51(GxmRenderBufferBlock) 2 Offset 20
                              MemberDecorate 51(GxmRenderBufferBlock) 3 Offset 24
                              Decorate 53(renderInfo) Binding 15
                              Decorate 57(v_Position) Location 0
                              Decorate 57(v_Position) BuiltIn Position
                              Decorate 89(v_Color0) Location 1
               2:             TypeVoid
               3:             TypeFunction 2
               6:             TypeFloat 32
               7:             TypeInt 32 1
               8:             TypeBool
               9:             TypeVector 6(float) 4
              10:      7(int) Constant 32
              11:             TypeArray 9(fvec4) 10
              12:      7(int) Constant 3
              13:             TypeArray 9(fvec4) 12
              14:      7(int) Constant 20
              15:             TypeArray 9(fvec4) 14
              16:      7(int) Constant 2
              17:             TypeArray 7(int) 16
              18:      7(int) Constant 4
              19:             TypeArray 8(bool) 18
              20:             TypePointer Private 11
          21(pa):     20(ptr) Variable Private
          22(sa):     20(ptr) Variable Private
              23:             TypePointer Private 13
   24(internals):     23(ptr) Variable Private
              25:             TypePointer Private 15
           26(r):     25(ptr) Variable Private
              27:             TypePointer Private 19
           28(p):     27(ptr) Variable Private
              29:             TypePointer Private 17
         30(idx):     29(ptr) Variable Private
        31(outs):     25(ptr) Variable Private
              32:             TypePointer Function 7(int)
              34:      7(int) Constant 1
              35:             TypeArray 6(float) 34
              36:             TypePointer Private 35
      37(memory):     36(ptr) Variable Private
              38:             TypePointer Input 9(fvec4)
   39(aPosition):     38(ptr) Variable Input
      40(aColor):     38(ptr) Variable Input
              41:    6(float) Constant 997257457
              42:    6(float) Constant 990414985
              43:    6(float) Constant 3212836864
              44:             TypeVector 6(float) 3
              45:   44(fvec3) ConstantComposite 41 42 43
              46:             TypePointer Private 9(fvec4)
              47:      7(int) Constant 0
51(GxmRenderBufferBlock):             TypeStruct 9(fvec4) 6(float) 6(float) 6(float)
              52:             TypePointer Uniform 51(GxmRenderBufferBlock)
  53(renderInfo):     52(ptr) Variable Uniform
              56:             TypePointer Output 9(fvec4)
  57(v_Position):     56(ptr) Variable Output
              62:    6(float) Constant 1056964608
              63:    6(float) Constant 1065353216
              64:    6(float) Constant 1073741824
              65:    6(float) Constant 3221225472
              66:    6(float) Constant 0
              67:             TypePointer Uniform 6(float)
              83:             TypePointer Uniform 9(fvec4)
    89(v_Color0):     56(ptr) Variable Output
             100:    9(fvec4) ConstantComposite 66 66 66 66
             112:             TypeInt 32 0
             113:             TypeVector 6(float) 2
             114:  113(fvec2) ConstantComposite 66 66
             115:   44(fvec3) ConstantComposite 66 66 66
             123:             TypeVector 112(int) 1
             125:    112(int) Constant 0
             195:    9(fvec4) ConstantComposite 63 63 63 63
      4(main_vs):           2 Function None 3
               5:             Label
           33(i):     32(ptr) Variable Function
           99(i):     32(ptr) Variable Function
              48:     46(ptr) AccessChain 22(sa) 47
              49:    9(fvec4) Load 48
              50:    9(fvec4) VectorShuffle 49 45 4 5 6 3
                              Store 48 50
              95:    9(fvec4) Load 39(aPosition)
              96:     46(ptr) AccessChain 21(pa) 47
                              Store 96 95
              97:    9(fvec4) Load 40(aColor)
              98:     46(ptr) AccessChain 21(pa) 34
                              Store 98 97
                              Store 99(i) 47
                              Branch 101
             101:             Label
             105:      7(int) Load 99(i)
             106:     8(bool) SLessThan 105 14
                              LoopMerge 103 104 None
                              BranchConditional 106 102 103
             102:               Label
             107:      7(int)   Load 99(i)
             108:     46(ptr)   AccessChain 31(outs) 107
                                Store 108 100
             109:      7(int)   Load 99(i)
             110:      7(int)   IAdd 109 34
                                Store 99(i) 110
                                Branch 104
             104:               Label
                                Branch 101
             103:             Label
             139:           2 FunctionCall 116(block_sec_0)
             219:           2 FunctionCall 140(block_prim_0)
                              Return
                              FunctionEnd
54(vert_output_finalize):           2 Function None 3
              55:             Label
              58:     46(ptr) AccessChain 31(outs) 47
              59:     46(ptr) AccessChain 31(outs) 47
              60:    9(fvec4) Load 59
              61:    9(fvec4) Load 58
              68:     67(ptr) AccessChain 53(renderInfo) 34
              69:     67(ptr) AccessChain 53(renderInfo) 16
              70:     67(ptr) AccessChain 53(renderInfo) 12
              71:    6(float) Load 68
              72:     8(bool) FOrdLessThan 71 62
                              SelectionMerge 74 None
                              BranchConditional 72 73 86
              73:               Label
              75:    6(float)   Load 69
              76:    6(float)   FDiv 64 75
              77:    6(float)   Load 70
              78:    6(float)   FDiv 65 77
              79:    9(fvec4)   CompositeConstruct 76 78 63 63
              80:    9(fvec4)   CompositeConstruct 43 63 66 66
              81:    9(fvec4)   FMul 61 79
              82:    9(fvec4)   FAdd 81 80
              84:     83(ptr)   AccessChain 53(renderInfo) 47
              85:    9(fvec4)   FMul 82 84
                                Store 57(v_Position) 85
                                Branch 74
              86:               Label
              87:     83(ptr)   AccessChain 53(renderInfo) 47
              88:    9(fvec4)   FMul 61 87
                                Store 57(v_Position) 88
                                Branch 74
              74:             Label
              90:     46(ptr) AccessChain 31(outs) 34
              91:     46(ptr) AccessChain 31(outs) 34
              92:    9(fvec4) Load 91
              93:    9(fvec4) Load 90
                              Store 89(v_Color0) 93
                              Return
                              FunctionEnd
116(block_sec_0):           2 Function None 3
             117:             Label
             118:     46(ptr) AccessChain 22(sa) 47
             119:     46(ptr) AccessChain 22(sa) 34
             120:    9(fvec4) Load 119
             121:    9(fvec4) Load 118
             122:    6(float) VectorExtractDynamic 121 34
             124:   123(ivec) Bitcast 122
             126:    112(int) BitwiseOr 124 125
             127:    6(float) Bitcast 126
             128:     46(ptr) AccessChain 22(sa) 34
             129:    9(fvec4) Load 128
             130:    9(fvec4) VectorInsertDynamic 129 127 47
                              Store 128 130
                              Line 1 1 0
             131:     46(ptr) AccessChain 22(sa) 47
             132:     46(ptr) AccessChain 22(sa) 47
             133:    9(fvec4) Load 132
             134:    9(fvec4) Load 131
             135:    6(float) VectorExtractDynamic 134 47
             136:     46(ptr) AccessChain 22(sa) 34
             137:    9(fvec4) Load 136
             138:    9(fvec4) VectorInsertDynamic 137 135 34
                              Store 136 138
                              Return
                              FunctionEnd
140(block_prim_0):           2 Function None 3
             141:             Label
             142:     46(ptr) AccessChain 21(pa) 34
             143:     46(ptr) AccessChain 21(pa) 34
             144:    9(fvec4) Load 143
             145:    9(fvec4) Load 142
             146:    6(float) VectorExtractDynamic 145 47
             147:    6(float) VectorExtractDynamic 145 34
             148:  113(fvec2) CompositeConstruct 146 147
             149:     46(ptr) AccessChain 31(outs) 34
             150:    9(fvec4) Load 149
             151:    9(fvec4) VectorShuffle 150 148 4 5 2 3
                              Store 149 151
             152:     46(ptr) AccessChain 21(pa) 34
             153:     46(ptr) AccessChain 21(pa) 16
             154:    9(fvec4) Load 153
             155:    9(fvec4) Load 152
             156:    6(float) VectorExtractDynamic 155 16
             157:    6(float) VectorExtractDynamic 155 12
             158:  113(fvec2) CompositeConstruct 156 157
             159:     46(ptr) AccessChain 31(outs) 34
             160:    9(fvec4) Load 159
             161:    9(fvec4) VectorShuffle 160 158 0 1 4 5
                              Store 159 161
                              Line 1 2 0
             162:     46(ptr) AccessChain 21(pa) 47
             163:     46(ptr) AccessChain 21(pa) 47
             164:    9(fvec4) Load 163
             165:    9(fvec4) Load 162
             166:    6(float) VectorExtractDynamic 165 47
             167:    6(float) VectorExtractDynamic 165 34
             168:  113(fvec2) CompositeConstruct 166 167
             169:     46(ptr) AccessChain 22(sa) 34
             170:     46(ptr) AccessChain 22(sa) 34
             171:    9(fvec4) Load 170
             172:    9(fvec4) Load 169
             173:    6(float) VectorExtractDynamic 172 47
             174:    6(float) VectorExtractDynamic 172 34
             175:  113(fvec2) CompositeConstruct 173 174
             176:     46(ptr) AccessChain 22(sa) 47
             177:     46(ptr) AccessChain 22(sa) 34
             178:    9(fvec4) Load 177
             179:    9(fvec4) Load 176
             180:    6(float) VectorExtractDynamic 179 16
             181:    6(float) VectorExtractDynamic 179 16
             182:  113(fvec2) CompositeConstruct 180 181
             183:  113(fvec2) FMul 168 175
             184:  113(fvec2) FAdd 183 182
             185:     46(ptr) AccessChain 21(pa) 47
             186:    9(fvec4) Load 185
             187:    9(fvec4) VectorShuffle 186 184 4 5 2 3
                              Store 185 187
                              Line 1 3 0
             188:     46(ptr) AccessChain 21(pa) 47
             189:     46(ptr) AccessChain 21(pa) 47
             190:    9(fvec4) Load 189
             191:    9(fvec4) Load 188
             192:    6(float) VectorExtractDynamic 191 47
             193:    6(float) VectorExtractDynamic 191 34
             194:    9(fvec4) CompositeConstruct 192 193 66 63
             196:    9(fvec4) FMul 194 195
             197:     46(ptr) AccessChain 24(internals) 47
                              Store 197 196
                              Line 1 4 0
             198:     46(ptr) AccessChain 24(internals) 47
             199:     46(ptr) AccessChain 24(internals) 47
             200:    9(fvec4) Load 199
             201:    9(fvec4) Load 198
             202:    6(float) VectorExtractDynamic 201 47
             203:    6(float) VectorExtractDynamic 201 34
             204:  113(fvec2) CompositeConstruct 202 203
             205:     46(ptr) AccessChain 31(outs) 47
             206:    9(fvec4) Load 205
             207:    9(fvec4) VectorShuffle 206 204 4 5 2 3
                              Store 205 207
                              Line 1 5 0
             208:     46(ptr) AccessChain 24(internals) 47
             209:     46(ptr) AccessChain 24(internals) 47
             210:    9(fvec4) Load 209
             211:    9(fvec4) Load 208
             212:    6(float) VectorExtractDynamic 211 16
             213:    6(float) VectorExtractDynamic 211 12
             214:  113(fvec2) CompositeConstruct 212 213
             215:     46(ptr) AccessChain 31(outs) 47
             216:    9(fvec4) Load 215
             217:    9(fvec4) VectorShuffle 216 214 0 1 4 5
                              Store 215 217
             218:           2 FunctionCall 54(vert_output_finalize)
                              Return
                              FunctionEnd

[07:55:34.085] |D| [shader::convert_gxp_to_glsl]: Generated GLSL:
#version 420
#extension GL_ARB_fragment_shader_interlock : require
// Shader Name: 575ec33c9bed01d9be78759295073130f70b3bd55fb2703e897a3955ba70d117

layout(binding = 15, std140) uniform GxmRenderBufferBlock
{
    vec4 viewport_flip;
    float viewport_flag;
    float screen_width;
    float screen_height;
} renderInfo;

layout(location = 0) in vec4 aPosition;
layout(location = 1) in vec4 aColor;
layout(location = 1) out vec4 v_Color0;
vec4 pa[32];
vec4 sa[32];
vec4 internals[3];
vec4 r[20];
bool p[4];
int idx[2];
vec4 outs[20];
float memory[1];

void block_sec_0()
{
    vec4 _130 = sa[1];
    _130.x = uintBitsToFloat(floatBitsToUint(sa[0].y) | 0u);
    sa[1] = _130;
    vec4 _138 = sa[1];
    _138.y = sa[0].x;
    sa[1] = _138;
}

void vert_output_finalize()
{
    if (renderInfo.viewport_flag < 0.5)
    {
        gl_Position = ((outs[0] * vec4(2.0 / renderInfo.screen_width, (-2.0) / renderInfo.screen_height, 1.0, 1.0)) + vec4(-1.0, 1.0, 0.0, 0.0)) * renderInfo.viewport_flip;
    }
    else
    {
        gl_Position = outs[0] * renderInfo.viewport_flip;
    }
    v_Color0 = outs[1];
}

void block_prim_0()
{
    vec2 _148 = vec2(pa[1].x, pa[1].y);
    outs[1] = vec4(_148.x, _148.y, outs[1].z, outs[1].w);
    vec2 _158 = vec2(pa[1].z, pa[1].w);
    outs[1] = vec4(outs[1].x, outs[1].y, _158.x, _158.y);
    vec2 _184 = (vec2(pa[0].x, pa[0].y) * vec2(sa[1].x, sa[1].y)) + vec2(sa[0].z, sa[0].z);
    pa[0] = vec4(_184.x, _184.y, pa[0].z, pa[0].w);
    internals[0] = vec4(pa[0].x, pa[0].y, 0.0, 1.0) * vec4(1.0);
    vec2 _204 = vec2(internals[0].x, internals[0].y);
    outs[0] = vec4(_204.x, _204.y, outs[0].z, outs[0].w);
    vec2 _214 = vec2(internals[0].z, internals[0].w);
    outs[0] = vec4(outs[0].x, outs[0].y, _214.x, _214.y);
    vert_output_finalize();
}

void main()
{
    sa[0] = vec4(vec3(0.00367647060193121433258056640625, 0.00208333344198763370513916015625, -1.0).x, vec3(0.00367647060193121433258056640625, 0.00208333344198763370513916015625, -1.0).y, vec3(0.00367647060193121433258056640625, 0.00208333344198763370513916015625, -1.0).z, sa[0].w);
    pa[0] = aPosition;
    pa[1] = aColor;
    int i_1 = 0;
    while (i_1 < 20)
    {
        outs[i_1] = vec4(0.0);
        i_1++;
    }
    block_sec_0();
    block_prim_0();
}


[07:55:34.106] |E| [renderer::gl::compile_program]: Vertex info
-----------
0(17) : warning C7050: "sa[0].w" might be used before being initialized
0(17) : warning C7050: "sa[1]" might be used before being initialized


[07:55:34.108] |I| [renderer::gl::load_shader_generic]: Generating frag shader 05ddab7825c3408c1521e48887c0dfbb3a4c6204fa8c83b2529289f0ef24dc1c
[07:55:34.110] |D| [shader::create_fragment_inputs]: Iterator: pa0 = (float4) v_Color0
[07:55:34.111] |D| [shader::spirv_disasm_print]: SPIR-V Disassembly:
// Module Version 10500
// Generated by (magic number): 1337000
// Id's are bound by 191

                              Capability Shader
                              Capability Float16
              68:             ExtInstImport  "GLSL.std.450"
              98:             ExtInstImport  "GLSL.std.450"
             176:             ExtInstImport  "GLSL.std.450"
                              MemoryModel Logical GLSL450
                              EntryPoint Fragment 4  "main_fs" 43 44 47 48 80
                              ExecutionMode 4 OriginLowerLeft
               1:             String  "05ddab7825c3408c1521e48887c0dfbb3a4c6204fa8c83b2529289f0ef24dc1c"
                              SourceExtension  "gxp"
                              Name 4  "main_fs"
                              Name 21  "pa"
                              Name 22  "sa"
                              Name 24  "internals"
                              Name 26  "r"
                              Name 28  "p"
                              Name 30  "idx"
                              Name 31  "outs"
                              Name 33  "i"
                              Name 37  "memory"
                              Name 41  "testTex"
                              Name 43  "v_Color0"
                              Name 44  "v_TexCoord0"
                              Name 47  "f_mask"
                              Name 48  "gl_FragCoord"
                              Name 49  "frag_output_finalize"
                              Name 65  "unpack2xF16"
                              Name 80  "out_color"
                              Name 110  "block_prim_0"
                              Name 174  "pack2xF16"
                              Decorate 41(testTex) Binding 0
                              Decorate 43(v_Color0) Location 1
                              Decorate 44(v_TexCoord0) Location 4
                              Decorate 47(f_mask) Binding 1
                              Decorate 48(gl_FragCoord) BuiltIn FragCoord
                              Decorate 80(out_color) Location 0
               2:             TypeVoid
               3:             TypeFunction 2
               6:             TypeFloat 32
               7:             TypeInt 32 1
               8:             TypeBool
               9:             TypeVector 6(float) 4
              10:      7(int) Constant 32
              11:             TypeArray 9(fvec4) 10
              12:      7(int) Constant 3
              13:             TypeArray 9(fvec4) 12
              14:      7(int) Constant 20
              15:             TypeArray 9(fvec4) 14
              16:      7(int) Constant 2
              17:             TypeArray 7(int) 16
              18:      7(int) Constant 4
              19:             TypeArray 8(bool) 18
              20:             TypePointer Private 11
          21(pa):     20(ptr) Variable Private
          22(sa):     20(ptr) Variable Private
              23:             TypePointer Private 13
   24(internals):     23(ptr) Variable Private
              25:             TypePointer Private 15
           26(r):     25(ptr) Variable Private
              27:             TypePointer Private 19
           28(p):     27(ptr) Variable Private
              29:             TypePointer Private 17
         30(idx):     29(ptr) Variable Private
        31(outs):     25(ptr) Variable Private
              32:             TypePointer Function 7(int)
              34:      7(int) Constant 1
              35:             TypeArray 6(float) 34
              36:             TypePointer Private 35
      37(memory):     36(ptr) Variable Private
              38:             TypeImage 6(float) 2D sampled format:Unknown
              39:             TypeSampledImage 38
              40:             TypePointer UniformConstant 39
     41(testTex):     40(ptr) Variable UniformConstant
              42:             TypePointer Input 9(fvec4)
    43(v_Color0):     42(ptr) Variable Input
 44(v_TexCoord0):     42(ptr) Variable Input
              45:             TypeImage 6(float) 2D nonsampled format:Rgba8
              46:             TypePointer UniformConstant 45
      47(f_mask):     46(ptr) Variable UniformConstant
48(gl_FragCoord):     42(ptr) Variable Input
              51:             TypePointer Private 9(fvec4)
              52:      7(int) Constant 0
              59:             TypeVector 6(float) 2
              62:             TypeInt 32 0
              63:             TypeFunction 59(fvec2) 6(float)
              79:             TypePointer Output 9(fvec4)
   80(out_color):     79(ptr) Variable Output
              82:             TypeVector 7(int) 4
              84:             TypeVector 7(int) 2
              88:    6(float) Constant 1056964608
              89:    9(fvec4) ConstantComposite 88 88 88 88
              99:    6(float) Constant 0
             100:    6(float) Constant 1065353216
             101:    6(float) Constant 1073741824
             102:   59(fvec2) ConstantComposite 99 99
             103:             TypeVector 6(float) 3
             104:  103(fvec3) ConstantComposite 99 99 99
             105:    9(fvec4) ConstantComposite 99 99 99 99
             172:             TypeFunction 6(float) 59(fvec2)
      4(main_fs):           2 Function None 3
               5:             Label
           33(i):     32(ptr) Variable Function
              96:    9(fvec4) Load 43(v_Color0)
              97:     51(ptr) AccessChain 21(pa) 52
                              Store 97 96
             106:    9(fvec4) Load 44(v_TexCoord0)
             107:          39 Load 41(testTex)
             108:    9(fvec4) ImageSampleImplicitLod 107 106
             109:     51(ptr) AccessChain 21(pa) 34
                              Store 109 108
             190:           2 FunctionCall 110(block_prim_0)
                              Return
                              FunctionEnd
49(frag_output_finalize):           2 Function None 3
              50:             Label
              53:     51(ptr) AccessChain 21(pa) 52
              54:     51(ptr) AccessChain 21(pa) 52
              55:    9(fvec4) Load 54
              56:    9(fvec4) Load 53
              57:    6(float) VectorExtractDynamic 56 52
              58:    6(float) VectorExtractDynamic 56 34
              60:   59(fvec2) CompositeConstruct 57 58
              61:    6(float) VectorExtractDynamic 60 52
              71:   59(fvec2) FunctionCall 65(unpack2xF16) 61
              72:    6(float) VectorExtractDynamic 60 34
              73:   59(fvec2) FunctionCall 65(unpack2xF16) 72
              74:    6(float) VectorExtractDynamic 71 52
              75:    6(float) VectorExtractDynamic 71 34
              76:    6(float) VectorExtractDynamic 73 52
              77:    6(float) VectorExtractDynamic 73 34
              78:    9(fvec4) CompositeConstruct 74 75 76 77
                              Store 80(out_color) 78
              81:    9(fvec4) Load 48(gl_FragCoord)
              83:   82(ivec4) ConvertFToS 81
              85:   84(ivec2) VectorShuffle 83 83 0 1
              86:          45 Load 47(f_mask)
              87:    9(fvec4) ImageRead 86 85
              90:     8(bool) FOrdLessThan 87 89
              91:     8(bool) All 90
                              SelectionMerge 93 None
                              BranchConditional 91 92 93
              92:               Label
                                Kill
              93:             Label
                              Return
                              FunctionEnd
 65(unpack2xF16):   59(fvec2) Function None 63
              64:    6(float) FunctionParameter
              66:             Label
              67:     62(int) Bitcast 64
              69:   59(fvec2) ExtInst 68(GLSL.std.450) 62(UnpackHalf2x16) 67
                              ReturnValue 69
                              FunctionEnd
110(block_prim_0):           2 Function None 3
             111:             Label
                              Line 1 2 0
             112:     51(ptr) AccessChain 21(pa) 52
             113:     51(ptr) AccessChain 21(pa) 52
             114:    9(fvec4) Load 113
             115:    9(fvec4) Load 112
             116:     51(ptr) AccessChain 21(pa) 52
             117:     51(ptr) AccessChain 21(pa) 52
             118:    9(fvec4) Load 117
             119:    9(fvec4) Load 116
             120:    6(float) VectorExtractDynamic 119 52
             121:    6(float) VectorExtractDynamic 119 34
             122:   59(fvec2) CompositeConstruct 120 121
             123:     51(ptr) AccessChain 21(pa) 52
             124:     51(ptr) AccessChain 21(pa) 34
             125:    9(fvec4) Load 124
             126:    9(fvec4) Load 123
             127:    6(float) VectorExtractDynamic 126 16
             128:    6(float) VectorExtractDynamic 126 12
             129:   59(fvec2) CompositeConstruct 127 128
             130:    6(float) VectorExtractDynamic 122 52
             131:    6(float) VectorExtractDynamic 122 34
             132:    6(float) VectorExtractDynamic 129 52
             133:    6(float) VectorExtractDynamic 129 34
             134:    9(fvec4) CompositeConstruct 130 131 132 133
             135:     51(ptr) AccessChain 24(internals) 52
                              Store 135 134
                              Line 1 3 0
             136:     51(ptr) AccessChain 21(pa) 34
             137:     51(ptr) AccessChain 21(pa) 34
             138:    9(fvec4) Load 137
             139:    9(fvec4) Load 136
             140:     51(ptr) AccessChain 21(pa) 34
             141:     51(ptr) AccessChain 21(pa) 34
             142:    9(fvec4) Load 141
             143:    9(fvec4) Load 140
             144:    6(float) VectorExtractDynamic 143 52
             145:    6(float) VectorExtractDynamic 143 34
             146:   59(fvec2) CompositeConstruct 144 145
             147:     51(ptr) AccessChain 21(pa) 34
             148:     51(ptr) AccessChain 21(pa) 16
             149:    9(fvec4) Load 148
             150:    9(fvec4) Load 147
             151:    6(float) VectorExtractDynamic 150 16
             152:    6(float) VectorExtractDynamic 150 12
             153:   59(fvec2) CompositeConstruct 151 152
             154:    6(float) VectorExtractDynamic 146 52
             155:    6(float) VectorExtractDynamic 146 34
             156:    6(float) VectorExtractDynamic 153 52
             157:    6(float) VectorExtractDynamic 153 34
             158:    9(fvec4) CompositeConstruct 154 155 156 157
             159:     51(ptr) AccessChain 24(internals) 34
                              Store 159 158
                              Line 1 4 0
             160:     51(ptr) AccessChain 24(internals) 34
             161:     51(ptr) AccessChain 24(internals) 34
             162:    9(fvec4) Load 161
             163:    9(fvec4) Load 160
             164:     51(ptr) AccessChain 24(internals) 52
             165:     51(ptr) AccessChain 24(internals) 52
             166:    9(fvec4) Load 165
             167:    9(fvec4) Load 164
             168:    9(fvec4) FMul 163 167
             169:    6(float) VectorExtractDynamic 168 52
             170:    6(float) VectorExtractDynamic 168 34
             171:   59(fvec2) CompositeConstruct 169 170
             180:    6(float) FunctionCall 174(pack2xF16) 171
             181:    6(float) VectorExtractDynamic 168 16
             182:    6(float) VectorExtractDynamic 168 12
             183:   59(fvec2) CompositeConstruct 181 182
             184:    6(float) FunctionCall 174(pack2xF16) 183
             185:   59(fvec2) CompositeConstruct 180 184
             186:     51(ptr) AccessChain 21(pa) 52
             187:    9(fvec4) Load 186
             188:    9(fvec4) VectorShuffle 187 185 4 5 2 3
                              Store 186 188
             189:           2 FunctionCall 49(frag_output_finalize)
                              Return
                              FunctionEnd
  174(pack2xF16):    6(float) Function None 172
             173:   59(fvec2) FunctionParameter
             175:             Label
             177:     62(int) ExtInst 176(GLSL.std.450) 58(PackHalf2x16) 173
             178:    6(float) Bitcast 177
                              ReturnValue 178
                              FunctionEnd

[07:55:34.114] |D| [shader::convert_gxp_to_glsl]: Generated GLSL:
#version 420
#extension GL_ARB_fragment_shader_interlock : require
// Shader Name: 05ddab7825c3408c1521e48887c0dfbb3a4c6204fa8c83b2529289f0ef24dc1c
layout(early_fragment_tests) in;


layout(binding = 0) uniform sampler2D testTex;
layout(binding = 1, rgba8) uniform readonly image2D f_mask;

layout(location = 1) in vec4 v_Color0;
layout(location = 4) in vec4 v_TexCoord0;
layout(location = 0) out vec4 out_color;
vec4 pa[32];
vec4 sa[32];
vec4 internals[3];
vec4 r[20];
bool p[4];
int idx[2];
vec4 outs[20];
float memory[1];

float pack2xF16(vec2 _173)
{
    return uintBitsToFloat(packHalf2x16(_173));
}

vec2 unpack2xF16(float _64)
{
    return unpackHalf2x16(floatBitsToUint(_64));
}

void frag_output_finalize()
{
    vec2 _60 = vec2(pa[0].x, pa[0].y);
    vec2 _71 = unpack2xF16(_60.x);
    vec2 _73 = unpack2xF16(_60.y);
    out_color = vec4(_71.x, _71.y, _73.x, _73.y);
    if (all(lessThan(imageLoad(f_mask, ivec4(gl_FragCoord).xy), vec4(0.5))))
    {
        discard;
    }
}

void block_prim_0()
{
    vec2 _122 = vec2(pa[0].x, pa[0].y);
    vec2 _129 = vec2(pa[0].z, pa[0].w);
    internals[0] = vec4(_122.x, _122.y, _129.x, _129.y);
    vec2 _146 = vec2(pa[1].x, pa[1].y);
    vec2 _153 = vec2(pa[1].z, pa[1].w);
    internals[1] = vec4(_146.x, _146.y, _153.x, _153.y);
    vec4 _168 = internals[1] * internals[0];
    vec2 _185 = vec2(pack2xF16(vec2(_168.x, _168.y)), pack2xF16(vec2(_168.z, _168.w)));
    pa[0] = vec4(_185.x, _185.y, pa[0].z, pa[0].w);
    frag_output_finalize();
}

void main()
{
    pa[0] = v_Color0;
    pa[1] = texture(testTex, v_TexCoord0.xy);
    block_prim_0();
}


[07:55:34.115] |I| [renderer::gl::load_shader_generic]: Generating vert shader 923da3e08f1d34d21f5dab8189f9e989cfa2baa7d5792ce44e3a9b7498fbc7f5
[07:55:34.116] |D| [shader::create_parameters]: [BUFFER0  + 0] pa0 = (float4) aPosition
[07:55:34.116] |D| [shader::create_parameters]: [BUFFER0  + 4] pa4 = (float4) aTexCoord
[07:55:34.116] |D| [shader::create_parameters]: [BUFFER0  + 8] pa8 = (float4) aColor
[07:55:34.116] |D| [shader::create_parameters]: [DEFAULT  + 0] sa0 = (float2) uvScale
[07:55:34.118] |D| [shader::spirv_disasm_print]: SPIR-V Disassembly:
// Module Version 10500
// Generated by (magic number): 1337000
// Id's are bound by 302

                              Capability Shader
                              Capability Float16
             175:             ExtInstImport  "GLSL.std.450"
                              MemoryModel Logical GLSL450
                              EntryPoint Vertex 4  "main_vs" 95 96 97 115 146 151
               1:             String  "923da3e08f1d34d21f5dab8189f9e989cfa2baa7d5792ce44e3a9b7498fbc7f5"
                              SourceExtension  "gxp"
                              Name 4  "main_vs"
                              Name 21  "pa"
                              Name 22  "sa"
                              Name 24  "internals"
                              Name 26  "r"
                              Name 28  "p"
                              Name 30  "idx"
                              Name 31  "outs"
                              Name 33  "i"
                              Name 36  "vert_defaultUniformBuffer"
                              Name 38  "buffer0"
                              MemberName 36(vert_defaultUniformBuffer) 0  "data"
                              Name 60  "memory"
                              Name 95  "aPosition"
                              Name 96  "aTexCoord"
                              Name 97  "aColor"
                              Name 109  "GxmRenderBufferBlock"
                              MemberName 109(GxmRenderBufferBlock) 0  "viewport_flip"
                              MemberName 109(GxmRenderBufferBlock) 1  "viewport_flag"
                              MemberName 109(GxmRenderBufferBlock) 2  "screen_width"
                              MemberName 109(GxmRenderBufferBlock) 3  "screen_height"
                              Name 111  "renderInfo"
                              Name 112  "vert_output_finalize"
                              Name 115  "v_Position"
                              Name 146  "v_Color0"
                              Name 151  "v_TexCoord0"
                              Name 163  "i"
                              Name 180  "block_sec_0"
                              Name 204  "block_prim_0"
                              Decorate 36(vert_defaultUniformBuffer) Block
                              Decorate 36(vert_defaultUniformBuffer) GLSLShared
                              Decorate 38(buffer0) Binding 0
                              MemberDecorate 36(vert_defaultUniformBuffer) 0 Offset 0
                              Decorate 35 ArrayStride 16
                              Decorate 95(aPosition) Location 0
                              Decorate 96(aTexCoord) Location 1
                              Decorate 97(aColor) Location 2
                              Decorate 109(GxmRenderBufferBlock) Block
                              Decorate 109(GxmRenderBufferBlock) GLSLShared
                              MemberDecorate 109(GxmRenderBufferBlock) 0 Offset 0
                              MemberDecorate 109(GxmRenderBufferBlock) 1 Offset 16
                              MemberDecorate 109(GxmRenderBufferBlock) 2 Offset 20
                              MemberDecorate 109(GxmRenderBufferBlock) 3 Offset 24
                              Decorate 111(renderInfo) Binding 15
                              Decorate 115(v_Position) Location 0
                              Decorate 115(v_Position) BuiltIn Position
                              Decorate 146(v_Color0) Location 1
                              Decorate 151(v_TexCoord0) Location 4
               2:             TypeVoid
               3:             TypeFunction 2
               6:             TypeFloat 32
               7:             TypeInt 32 1
               8:             TypeBool
               9:             TypeVector 6(float) 4
              10:      7(int) Constant 32
              11:             TypeArray 9(fvec4) 10
              12:      7(int) Constant 3
              13:             TypeArray 9(fvec4) 12
              14:      7(int) Constant 20
              15:             TypeArray 9(fvec4) 14
              16:      7(int) Constant 2
              17:             TypeArray 7(int) 16
              18:      7(int) Constant 4
              19:             TypeArray 8(bool) 18
              20:             TypePointer Private 11
          21(pa):     20(ptr) Variable Private
          22(sa):     20(ptr) Variable Private
              23:             TypePointer Private 13
   24(internals):     23(ptr) Variable Private
              25:             TypePointer Private 15
           26(r):     25(ptr) Variable Private
              27:             TypePointer Private 19
           28(p):     27(ptr) Variable Private
              29:             TypePointer Private 17
         30(idx):     29(ptr) Variable Private
        31(outs):     25(ptr) Variable Private
              32:             TypePointer Function 7(int)
              34:      7(int) Constant 1
              35:             TypeArray 9(fvec4) 34
36(vert_defaultUniformBuffer):             TypeStruct 35
              37:             TypePointer Uniform 36(vert_defaultUniformBuffer)
     38(buffer0):     37(ptr) Variable Uniform
              39:      7(int) Constant 0
              47:             TypePointer Uniform 9(fvec4)
              52:             TypePointer Private 9(fvec4)
              57:      7(int) Constant 5
              58:             TypeArray 6(float) 57
              59:             TypePointer Private 58
      60(memory):     59(ptr) Variable Private
              75:             TypePointer Private 6(float)
              94:             TypePointer Input 9(fvec4)
   95(aPosition):     94(ptr) Variable Input
   96(aTexCoord):     94(ptr) Variable Input
      97(aColor):     94(ptr) Variable Input
              98:    6(float) Constant 997261312
              99:    6(float) Constant 990412800
             100:    6(float) Constant 3212836864
             101:             TypeVector 6(float) 3
             102:  101(fvec3) ConstantComposite 98 99 100
109(GxmRenderBufferBlock):             TypeStruct 9(fvec4) 6(float) 6(float) 6(float)
             110:             TypePointer Uniform 109(GxmRenderBufferBlock)
 111(renderInfo):    110(ptr) Variable Uniform
             114:             TypePointer Output 9(fvec4)
 115(v_Position):    114(ptr) Variable Output
             120:    6(float) Constant 1056964608
             121:    6(float) Constant 1065353216
             122:    6(float) Constant 1073741824
             123:    6(float) Constant 3221225472
             124:    6(float) Constant 0
             125:             TypePointer Uniform 6(float)
   146(v_Color0):    114(ptr) Variable Output
151(v_TexCoord0):    114(ptr) Variable Output
             164:    9(fvec4) ConstantComposite 124 124 124 124
             176:             TypeInt 32 0
             177:             TypeVector 6(float) 2
             178:  177(fvec2) ConstantComposite 124 124
             179:  101(fvec3) ConstantComposite 124 124 124
             187:             TypeVector 176(int) 1
             189:    176(int) Constant 0
             277:    9(fvec4) ConstantComposite 121 121 121 121
      4(main_vs):           2 Function None 3
               5:             Label
           33(i):     32(ptr) Variable Function
          163(i):     32(ptr) Variable Function
                              Store 33(i) 39
                              Branch 40
              40:             Label
              44:      7(int) Load 33(i)
              45:     8(bool) SLessThan 44 34
                              LoopMerge 42 43 None
                              BranchConditional 45 41 42
              41:               Label
              46:      7(int)   Load 33(i)
              48:     47(ptr)   AccessChain 38(buffer0) 39 46
              49:      7(int)   Load 33(i)
              50:      7(int)   Load 33(i)
              51:      7(int)   IAdd 49 39
              53:     52(ptr)   AccessChain 22(sa) 51
              54:    9(fvec4)   Load 48
                                Store 53 54
              55:      7(int)   Load 33(i)
              56:      7(int)   IAdd 55 34
                                Store 33(i) 56
                                Branch 43
              43:               Label
                                Branch 40
              42:             Label
                              Store 33(i) 39
                              Branch 61
              61:             Label
              65:      7(int) Load 33(i)
              66:     8(bool) SLessThan 65 34
                              LoopMerge 63 64 None
                              BranchConditional 66 62 63
              62:               Label
              67:      7(int)   Load 33(i)
              68:     47(ptr)   AccessChain 38(buffer0) 39 67
              69:      7(int)   Load 33(i)
              70:      7(int)   IMul 18 69
              71:      7(int)   IAdd 70 39
              72:    9(fvec4)   Load 68
              73:    6(float)   VectorExtractDynamic 72 39
              74:      7(int)   IAdd 71 39
              76:     75(ptr)   AccessChain 60(memory) 74
                                Store 76 73
              77:      7(int)   IAdd 70 34
              78:    9(fvec4)   Load 68
              79:    6(float)   VectorExtractDynamic 78 34
              80:      7(int)   IAdd 77 39
              81:     75(ptr)   AccessChain 60(memory) 80
                                Store 81 79
              82:      7(int)   IAdd 70 16
              83:    9(fvec4)   Load 68
              84:    6(float)   VectorExtractDynamic 83 16
              85:      7(int)   IAdd 82 39
              86:     75(ptr)   AccessChain 60(memory) 85
                                Store 86 84
              87:      7(int)   IAdd 70 12
              88:    9(fvec4)   Load 68
              89:    6(float)   VectorExtractDynamic 88 12
              90:      7(int)   IAdd 87 39
              91:     75(ptr)   AccessChain 60(memory) 90
                                Store 91 89
              92:      7(int)   Load 33(i)
              93:      7(int)   IAdd 92 34
                                Store 33(i) 93
                                Branch 64
              64:               Label
                                Branch 61
              63:             Label
             103:     52(ptr) AccessChain 22(sa) 39
             104:    9(fvec4) Load 103
             105:    9(fvec4) VectorShuffle 104 102 0 1 4 5
                              Store 103 105
             106:     52(ptr) AccessChain 22(sa) 34
             107:    9(fvec4) Load 106
             108:    9(fvec4) VectorShuffle 107 102 6 1 2 3
                              Store 106 108
             157:    9(fvec4) Load 95(aPosition)
             158:     52(ptr) AccessChain 21(pa) 39
                              Store 158 157
             159:    9(fvec4) Load 96(aTexCoord)
             160:     52(ptr) AccessChain 21(pa) 34
                              Store 160 159
             161:    9(fvec4) Load 97(aColor)
             162:     52(ptr) AccessChain 21(pa) 16
                              Store 162 161
                              Store 163(i) 39
                              Branch 165
             165:             Label
             169:      7(int) Load 163(i)
             170:     8(bool) SLessThan 169 14
                              LoopMerge 167 168 None
                              BranchConditional 170 166 167
             166:               Label
             171:      7(int)   Load 163(i)
             172:     52(ptr)   AccessChain 31(outs) 171
                                Store 172 164
             173:      7(int)   Load 163(i)
             174:      7(int)   IAdd 173 34
                                Store 163(i) 174
                                Branch 168
             168:               Label
                                Branch 165
             167:             Label
             203:           2 FunctionCall 180(block_sec_0)
             301:           2 FunctionCall 204(block_prim_0)
                              Return
                              FunctionEnd
112(vert_output_finalize):           2 Function None 3
             113:             Label
             116:     52(ptr) AccessChain 31(outs) 39
             117:     52(ptr) AccessChain 31(outs) 39
             118:    9(fvec4) Load 117
             119:    9(fvec4) Load 116
             126:    125(ptr) AccessChain 111(renderInfo) 34
             127:    125(ptr) AccessChain 111(renderInfo) 16
             128:    125(ptr) AccessChain 111(renderInfo) 12
             129:    6(float) Load 126
             130:     8(bool) FOrdLessThan 129 120
                              SelectionMerge 132 None
                              BranchConditional 130 131 143
             131:               Label
             133:    6(float)   Load 127
             134:    6(float)   FDiv 122 133
             135:    6(float)   Load 128
             136:    6(float)   FDiv 123 135
             137:    9(fvec4)   CompositeConstruct 134 136 121 121
             138:    9(fvec4)   CompositeConstruct 100 121 124 124
             139:    9(fvec4)   FMul 119 137
             140:    9(fvec4)   FAdd 139 138
             141:     47(ptr)   AccessChain 111(renderInfo) 39
             142:    9(fvec4)   FMul 140 141
                                Store 115(v_Position) 142
                                Branch 132
             143:               Label
             144:     47(ptr)   AccessChain 111(renderInfo) 39
             145:    9(fvec4)   FMul 119 144
                                Store 115(v_Position) 145
                                Branch 132
             132:             Label
             147:     52(ptr) AccessChain 31(outs) 34
             148:     52(ptr) AccessChain 31(outs) 34
             149:    9(fvec4) Load 148
             150:    9(fvec4) Load 147
                              Store 146(v_Color0) 150
             152:     52(ptr) AccessChain 31(outs) 16
             153:     52(ptr) AccessChain 31(outs) 16
             154:    9(fvec4) Load 153
             155:    9(fvec4) Load 152
                              Store 151(v_TexCoord0) 155
                              Return
                              FunctionEnd
180(block_sec_0):           2 Function None 3
             181:             Label
             182:     52(ptr) AccessChain 22(sa) 39
             183:     52(ptr) AccessChain 22(sa) 34
             184:    9(fvec4) Load 183
             185:    9(fvec4) Load 182
             186:    6(float) VectorExtractDynamic 185 12
             188:   187(ivec) Bitcast 186
             190:    176(int) BitwiseOr 188 189
             191:    6(float) Bitcast 190
             192:     52(ptr) AccessChain 22(sa) 34
             193:    9(fvec4) Load 192
             194:    9(fvec4) VectorInsertDynamic 193 191 16
                              Store 192 194
                              Line 1 1 0
             195:     52(ptr) AccessChain 22(sa) 39
             196:     52(ptr) AccessChain 22(sa) 34
             197:    9(fvec4) Load 196
             198:    9(fvec4) Load 195
             199:    6(float) VectorExtractDynamic 198 16
             200:     52(ptr) AccessChain 22(sa) 34
             201:    9(fvec4) Load 200
             202:    9(fvec4) VectorInsertDynamic 201 199 12
                              Store 200 202
                              Return
                              FunctionEnd
204(block_prim_0):           2 Function None 3
             205:             Label
             206:     52(ptr) AccessChain 21(pa) 16
             207:     52(ptr) AccessChain 21(pa) 16
             208:    9(fvec4) Load 207
             209:    9(fvec4) Load 206
             210:    6(float) VectorExtractDynamic 209 39
             211:    6(float) VectorExtractDynamic 209 34
             212:  177(fvec2) CompositeConstruct 210 211
             213:     52(ptr) AccessChain 31(outs) 34
             214:    9(fvec4) Load 213
             215:    9(fvec4) VectorShuffle 214 212 4 5 2 3
                              Store 213 215
             216:     52(ptr) AccessChain 21(pa) 16
             217:     52(ptr) AccessChain 21(pa) 12
             218:    9(fvec4) Load 217
             219:    9(fvec4) Load 216
             220:    6(float) VectorExtractDynamic 219 16
             221:    6(float) VectorExtractDynamic 219 12
             222:  177(fvec2) CompositeConstruct 220 221
             223:     52(ptr) AccessChain 31(outs) 34
             224:    9(fvec4) Load 223
             225:    9(fvec4) VectorShuffle 224 222 0 1 4 5
                              Store 223 225
                              Line 1 2 0
             226:     52(ptr) AccessChain 22(sa) 39
             227:     52(ptr) AccessChain 22(sa) 39
             228:    9(fvec4) Load 227
             229:    9(fvec4) Load 226
             230:    6(float) VectorExtractDynamic 229 39
             231:    6(float) VectorExtractDynamic 229 34
             232:  177(fvec2) CompositeConstruct 230 231
             233:     52(ptr) AccessChain 21(pa) 34
             234:     52(ptr) AccessChain 21(pa) 34
             235:    9(fvec4) Load 234
             236:    9(fvec4) Load 233
             237:    6(float) VectorExtractDynamic 236 39
             238:    6(float) VectorExtractDynamic 236 34
             239:  177(fvec2) CompositeConstruct 237 238
             240:  177(fvec2) FMul 232 239
             241:     52(ptr) AccessChain 31(outs) 16
             242:    9(fvec4) Load 241
             243:    9(fvec4) VectorShuffle 242 240 4 5 2 3
                              Store 241 243
                              Line 1 3 0
             244:     52(ptr) AccessChain 21(pa) 39
             245:     52(ptr) AccessChain 21(pa) 39
             246:    9(fvec4) Load 245
             247:    9(fvec4) Load 244
             248:    6(float) VectorExtractDynamic 247 39
             249:    6(float) VectorExtractDynamic 247 34
             250:  177(fvec2) CompositeConstruct 248 249
             251:     52(ptr) AccessChain 22(sa) 34
             252:     52(ptr) AccessChain 22(sa) 16
             253:    9(fvec4) Load 252
             254:    9(fvec4) Load 251
             255:    6(float) VectorExtractDynamic 254 16
             256:    6(float) VectorExtractDynamic 254 12
             257:  177(fvec2) CompositeConstruct 255 256
             258:     52(ptr) AccessChain 22(sa) 34
             259:     52(ptr) AccessChain 22(sa) 34
             260:    9(fvec4) Load 259
             261:    9(fvec4) Load 258
             262:    6(float) VectorExtractDynamic 261 39
             263:    6(float) VectorExtractDynamic 261 39
             264:  177(fvec2) CompositeConstruct 262 263
             265:  177(fvec2) FMul 250 257
             266:  177(fvec2) FAdd 265 264
             267:     52(ptr) AccessChain 21(pa) 39
             268:    9(fvec4) Load 267
             269:    9(fvec4) VectorShuffle 268 266 4 5 2 3
                              Store 267 269
                              Line 1 4 0
             270:     52(ptr) AccessChain 21(pa) 39
             271:     52(ptr) AccessChain 21(pa) 39
             272:    9(fvec4) Load 271
             273:    9(fvec4) Load 270
             274:    6(float) VectorExtractDynamic 273 39
             275:    6(float) VectorExtractDynamic 273 34
             276:    9(fvec4) CompositeConstruct 274 275 124 121
             278:    9(fvec4) FMul 276 277
             279:     52(ptr) AccessChain 24(internals) 39
                              Store 279 278
                              Line 1 5 0
             280:     52(ptr) AccessChain 24(internals) 39
             281:     52(ptr) AccessChain 24(internals) 39
             282:    9(fvec4) Load 281
             283:    9(fvec4) Load 280
             284:    6(float) VectorExtractDynamic 283 39
             285:    6(float) VectorExtractDynamic 283 34
             286:  177(fvec2) CompositeConstruct 284 285
             287:     52(ptr) AccessChain 31(outs) 39
             288:    9(fvec4) Load 287
             289:    9(fvec4) VectorShuffle 288 286 4 5 2 3
                              Store 287 289
                              Line 1 6 0
             290:     52(ptr) AccessChain 24(internals) 39
             291:     52(ptr) AccessChain 24(internals) 39
             292:    9(fvec4) Load 291
             293:    9(fvec4) Load 290
             294:    6(float) VectorExtractDynamic 293 16
             295:    6(float) VectorExtractDynamic 293 12
             296:  177(fvec2) CompositeConstruct 294 295
             297:     52(ptr) AccessChain 31(outs) 39
             298:    9(fvec4) Load 297
             299:    9(fvec4) VectorShuffle 298 296 0 1 4 5
                              Store 297 299
             300:           2 FunctionCall 112(vert_output_finalize)
                              Return
                              FunctionEnd

[07:55:34.122] |D| [shader::convert_gxp_to_glsl]: Generated GLSL:
#version 420
#extension GL_ARB_fragment_shader_interlock : require
// Shader Name: 923da3e08f1d34d21f5dab8189f9e989cfa2baa7d5792ce44e3a9b7498fbc7f5

layout(binding = 0, std140) uniform vert_defaultUniformBuffer
{
    vec4 data[1];
} buffer0;

layout(binding = 15, std140) uniform GxmRenderBufferBlock
{
    vec4 viewport_flip;
    float viewport_flag;
    float screen_width;
    float screen_height;
} renderInfo;

layout(location = 0) in vec4 aPosition;
layout(location = 1) in vec4 aTexCoord;
layout(location = 2) in vec4 aColor;
layout(location = 1) out vec4 v_Color0;
layout(location = 4) out vec4 v_TexCoord0;
vec4 pa[32];
vec4 sa[32];
vec4 internals[3];
vec4 r[20];
bool p[4];
int idx[2];
vec4 outs[20];
float memory[5];

void block_sec_0()
{
    vec4 _194 = sa[1];
    _194.z = uintBitsToFloat(floatBitsToUint(sa[0].w) | 0u);
    sa[1] = _194;
    vec4 _202 = sa[1];
    _202.w = sa[0].z;
    sa[1] = _202;
}

void vert_output_finalize()
{
    if (renderInfo.viewport_flag < 0.5)
    {
        gl_Position = ((outs[0] * vec4(2.0 / renderInfo.screen_width, (-2.0) / renderInfo.screen_height, 1.0, 1.0)) + vec4(-1.0, 1.0, 0.0, 0.0)) * renderInfo.viewport_flip;
    }
    else
    {
        gl_Position = outs[0] * renderInfo.viewport_flip;
    }
    v_Color0 = outs[1];
    v_TexCoord0 = outs[2];
}

void block_prim_0()
{
    vec2 _212 = vec2(pa[2].x, pa[2].y);
    outs[1] = vec4(_212.x, _212.y, outs[1].z, outs[1].w);
    vec2 _222 = vec2(pa[2].z, pa[2].w);
    outs[1] = vec4(outs[1].x, outs[1].y, _222.x, _222.y);
    vec2 _240 = vec2(sa[0].x, sa[0].y) * vec2(pa[1].x, pa[1].y);
    outs[2] = vec4(_240.x, _240.y, outs[2].z, outs[2].w);
    vec2 _266 = (vec2(pa[0].x, pa[0].y) * vec2(sa[1].z, sa[1].w)) + vec2(sa[1].x, sa[1].x);
    pa[0] = vec4(_266.x, _266.y, pa[0].z, pa[0].w);
    internals[0] = vec4(pa[0].x, pa[0].y, 0.0, 1.0) * vec4(1.0);
    vec2 _286 = vec2(internals[0].x, internals[0].y);
    outs[0] = vec4(_286.x, _286.y, outs[0].z, outs[0].w);
    vec2 _296 = vec2(internals[0].z, internals[0].w);
    outs[0] = vec4(outs[0].x, outs[0].y, _296.x, _296.y);
    vert_output_finalize();
}

void main()
{
    int i = 0;
    while (i < 1)
    {
        sa[i + 0] = buffer0.data[i];
        i++;
    }
    i = 0;
    while (i < 1)
    {
        int _70 = 4 * i;
        memory[(_70 + 0) + 0] = buffer0.data[i].x;
        memory[(_70 + 1) + 0] = buffer0.data[i].y;
        memory[(_70 + 2) + 0] = buffer0.data[i].z;
        memory[(_70 + 3) + 0] = buffer0.data[i].w;
        i++;
    }
    sa[0] = vec4(sa[0].x, sa[0].y, vec3(0.0036773681640625, 0.00208282470703125, -1.0).x, vec3(0.0036773681640625, 0.00208282470703125, -1.0).y);
    sa[1] = vec4(vec3(0.0036773681640625, 0.00208282470703125, -1.0).z, sa[1].y, sa[1].z, sa[1].w);
    pa[0] = aPosition;
    pa[1] = aTexCoord;
    pa[2] = aColor;
    int i_1 = 0;
    while (i_1 < 20)
    {
        outs[i_1] = vec4(0.0);
        i_1++;
    }
    block_sec_0();
    block_prim_0();
}


[07:55:34.135] |W| [stubbed_impl]: Stubbed sceDisplayWaitVblankStart import called. (wait for vblank)
[07:55:36.685] |I| [export_sceIoOpen]: Opening file: app0:/1/173.mp
[07:55:36.704] |I| [export_sceIoOpen]: Opening file: app0:/1/173.mp
[07:55:36.705] |I| [export_sceIoOpen]: Opening file: app0:/1/173.mp
[07:55:36.707] |I| [export_sceIoOpen]: Opening file: app0:/1/173.mp
[07:55:36.718] |I| [export_sceIoOpen]: Opening file: app0:/1/170.mp
[07:55:36.720] |I| [export_sceIoOpen]: Opening file: app0:/1/170.mp
[07:55:36.795] |W| [unimplemented_impl]: Unimplemented sceAudioOutSetVolume import called.
[07:55:36.799] |E| [call_import]: Import function for NID 0x5474AF0 not found (thread name: factory thread, thread ID: 719)
[07:55:36.804] |E| [call_import]: Import function for NID 0x30E49E4D not found (thread name: avPlayer Controller, thread ID: 744)
[07:55:36.804] |I| [export_sceClibPrintf]: No Valid streams in this File

[07:55:36.804] |I| [export_sceClibPrintf]: Invalid state for Starting File streaming: 2 

[07:55:36.804] |I| [export_sceClibPrintf]: No Valid streams in this File

[07:55:36.810] |W| [unimplemented_impl]: Unimplemented sceNetCtlInit import called.
[07:55:36.810] |W| [stubbed_impl]: Stubbed sceNetCtlInetGetState import called. (state = SCE_NETCTL_STATE_DISCONNECTED)
[07:55:36.810] |I| [load_module]: Loading module ID: 0x4
[07:55:36.813] |C| [load_self]: Unknown segment type 0x6FFFFF01
[07:55:36.813] |I| [load_self]: Loaded module segment 0 @ [0x01FF5000 - 0x02012150 / 0x81000000] (size: 0x0001D150) of module sys/external/libhttp.suprx
[07:55:36.813] |I| [load_self]: Loaded module segment 1 @ [0x02013000 - 0x02013640 / 0x8101E000] (size: 0x00000640) of module sys/external/libhttp.suprx
[07:55:36.813] |I| 