[05:46:11.838] |I| [load_app_impl]: ngs experimental state: true
[05:46:11.838] |I| [load_app_impl]: video player state: true
[05:46:11.838] |I| [load_app_impl]: auto-lle: enabled
[05:46:11.838] |I| [load_app_impl]: Title: Velocity®2X
[05:46:11.838] |I| [load_app_impl]: Serial: PCSB01079
[05:46:11.838] |I| [load_app_impl]: Version: 1.00
[05:46:11.838] |I| [load_app_impl]: Category: gd
[05:46:11.920] |C| [load_self]: Unknown segment type 0x6FFFFF01
[05:46:11.920] |I| [load_self]: Loaded module segment 0 @ [0x00004000 - 0x000558A4 / 0x81000000] (size: 0x000518A4) of module app0:sce_module/libc.suprx
[05:46:11.920] |I| [load_self]: Loaded module segment 1 @ [0x00056000 - 0x000588A0 / 0x81052000] (size: 0x000028A0) of module app0:sce_module/libc.suprx
[05:46:11.920] |I| [load_self]: Loading symbols for SELF: app0:sce_module/libc.suprx
[05:46:11.921] |D| [load_var_exports]: 	NID 0x936C8A78 (SYSLYB) at 0x4B314
[05:46:11.921] |D| [load_var_exports]: 	NID 0x6C2224BA (NID_MODULE_INFO) at 0x404DC
[05:46:11.921] |W| [load_var_imports]: 	NID NOT FOUND 0x93B8AA67 (UNRECOGNISED) at 0x4463C, setting to stub value 0xDEADBEEF
[05:46:11.921] |W| [load_var_imports]: 	NID NOT FOUND 0xDF084DFA (UNRECOGNISED) at 0x461D0, setting to stub value 0xDEADBEEF
[05:46:11.921] |I| [pre_load_module]: Pre-load module SceLibc (at "sce_module/libc.suprx") loaded
[05:46:11.924] |C| [load_self]: Unknown segment type 0x6FFFFF01
[05:46:11.924] |I| [load_self]: Loaded module segment 0 @ [0x0005B000 - 0x00074000 / 0x81000000] (size: 0x00019000) of module app0:sce_module/libface.suprx
[05:46:11.924] |I| [load_self]: Loaded module segment 1 @ [0x00074000 - 0x000740F8 / 0x81019000] (size: 0x000000F8) of module app0:sce_module/libface.suprx
[05:46:11.924] |I| [load_self]: Loading symbols for SELF: app0:sce_module/libface.suprx
[05:46:11.924] |D| [load_var_exports]: 	NID 0x6C2224BA (NID_MODULE_INFO) at 0x70DA4
[05:46:11.924] |D| [load_var_exports]: 	NID 0x936C8A78 (SYSLYB) at 0x73784
[05:46:11.924] |I| [pre_load_module]: Pre-load module SceFace (at "sce_module/libface.suprx") loaded
[05:46:11.930] |C| [load_self]: Unknown segment type 0x6FFFFF01
[05:46:11.930] |I| [load_self]: Loaded module segment 0 @ [0x00075000 - 0x000A1CBF / 0x81000000] (size: 0x0002CCBF) of module app0:sce_module/libfios2.suprx
[05:46:11.931] |I| [load_self]: Loaded module segment 1 @ [0x000A2000 - 0x000A7255 / 0x8102D000] (size: 0x00005255) of module app0:sce_module/libfios2.suprx
[05:46:11.931] |I| [load_self]: Loading symbols for SELF: app0:sce_module/libfios2.suprx
[05:46:11.931] |D| [load_var_exports]: 	NID 0x936C8A78 (SYSLYB) at 0xA1BC8
[05:46:11.931] |D| [load_var_exports]: 	NID 0x6C2224BA (NID_MODULE_INFO) at 0x98F08
[05:46:11.931] |I| [pre_load_module]: Pre-load module SceLibFios2 (at "sce_module/libfios2.suprx") loaded
[05:46:11.970] |C| [load_self]: Unknown segment type 0x6FFFFF01
[05:46:11.970] |I| [load_self]: Loaded module segment 0 @ [0x000A8000 - 0x002B5AF4 / 0x81000000] (size: 0x0020DAF4) of module app0:sce_module/libsmart.suprx
[05:46:11.970] |I| [load_self]: Loaded module segment 1 @ [0x002B6000 - 0x002B9444 / 0x8120E000] (size: 0x00003444) of module app0:sce_module/libsmart.suprx
[05:46:11.971] |I| [load_self]: Loading symbols for SELF: app0:sce_module/libsmart.suprx
[05:46:11.971] |D| [load_var_exports]: 	NID 0x6C2224BA (NID_MODULE_INFO) at 0x153528
[05:46:11.971] |D| [load_var_exports]: 	NID 0x936C8A78 (SYSLYB) at 0x15A90C
[05:46:11.971] |I| [pre_load_module]: Pre-load module SceSmart (at "sce_module/libsmart.suprx") loaded
[05:46:11.974] |C| [load_self]: Unknown segment type 0x6FFFFF01
[05:46:11.974] |I| [load_self]: Loaded module segment 0 @ [0x002BA000 - 0x002CD9BC / 0x81000000] (size: 0x000139BC) of module app0:sce_module/libult.suprx
[05:46:11.974] |I| [load_self]: Loaded module segment 1 @ [0x002CE000 - 0x002CE814 / 0x81014000] (size: 0x00000814) of module app0:sce_module/libult.suprx
[05:46:11.974] |I| [load_self]: Loading symbols for SELF: app0:sce_module/libult.suprx
[05:46:11.974] |D| [load_var_exports]: 	NID 0x936C8A78 (SYSLYB) at 0x2CC2E8
[05:46:11.974] |D| [load_var_exports]: 	NID 0x6C2224BA (NID_MODULE_INFO) at 0x2C9870
[05:46:11.975] |I| [pre_load_module]: Pre-load module SceUlt (at "sce_module/libult.suprx") loaded
[05:46:11.980] |I| [load_self]: Loaded module segment 0 @ [0x002CF000 - 0x0031FF04 / 0x81000000] (size: 0x00050F04) of module vs0:sys/external/libSceFt2.suprx
[05:46:11.981] |I| [load_self]: Loaded module segment 1 @ [0x00320000 - 0x003202F4 / 0x81051000] (size: 0x000002F4) of module vs0:sys/external/libSceFt2.suprx
[05:46:11.981] |I| [load_self]: Loading symbols for SELF: vs0:sys/external/libSceFt2.suprx
[05:46:11.981] |D| [load_var_exports]: 	NID 0x936C8A78 (SYSLYB) at 0x30B7DC
[05:46:11.981] |D| [load_var_exports]: 	NID 0x6C2224BA (NID_MODULE_INFO) at 0x30AF10
[05:46:11.981] |I| [pre_load_module]: Pre-load module SceLibft2 (at "sys/external/libSceFt2.suprx") loaded
[05:46:11.982] |I| [load_self]: Loaded module segment 0 @ [0x00321000 - 0x00330F14 / 0x81000000] (size: 0x0000FF14) of module vs0:sys/external/libpvf.suprx
[05:46:11.983] |I| [load_self]: Loaded module segment 1 @ [0x00331000 - 0x00331008 / 0x81010000] (size: 0x00000008) of module vs0:sys/external/libpvf.suprx
[05:46:11.983] |I| [load_self]: Loading symbols for SELF: vs0:sys/external/libpvf.suprx
[05:46:11.983] |D| [load_var_exports]: 	NID 0x936C8A78 (SYSLYB) at 0x32F710
[05:46:11.983] |D| [load_var_exports]: 	NID 0x6C2224BA (NID_MODULE_INFO) at 0x32F300
[05:46:11.983] |I| [pre_load_module]: Pre-load module SceLibPvf (at "sys/external/libpvf.suprx") loaded
[05:46:12.088] |C| [load_self]: Unknown segment type 0x6FFFFF01
[05:46:12.088] |I| [load_self]: Loaded module segment 0 @ [0x00332000 - 0x00685BE8 / 0x81000000] (size: 0x00353BE8) of module app0:eboot.bin
[05:46:12.088] |I| [load_self]: Loaded module segment 1 @ [0x00686000 - 0x0073CBCC / 0x81354000] (size: 0x000B6BCC) of module app0:eboot.bin
[05:46:12.088] |I| [load_self]: Loading symbols for SELF: app0:eboot.bin
[05:46:12.088] |D| [load_var_exports]: 	NID 0x6C2224BA (NID_MODULE_INFO) at 0x61D0BC
[05:46:12.088] |D| [load_var_exports]: 	NID 0x70FBA1E7 (SCE_PROC_PARAMS) at 0x6B87A4
[05:46:12.088] |D| [load_var_exports]: 	NID 0x936C8A78 (SYSLYB) at 0x66522C
[05:46:12.089] |I| [load_app_impl]: Main executable velocity_PSVita_Final (eboot.bin) loaded
[05:46:12.091] |D| [run_app]: Running module_start of library: SceLibc at address 0x4871
[05:46:12.095] |I| [run_app]: Module SceLibc (at "app0:sce_module/libc.suprx") module_start returned 0x0
[05:46:12.095] |D| [run_app]: Running module_start of library: SceFace at address 0x70265
[05:46:12.097] |I| [run_app]: Module SceFace (at "app0:sce_module/libface.suprx") module_start returned 0x0
[05:46:12.097] |D| [run_app]: Running module_start of library: SceLibFios2 at address 0x75001
[05:46:12.099] |W| [stubbed_impl]: Stubbed sceKernelGetProcessId import called. (pid: 0)
[05:46:12.100] |W| [unimplemented_impl]: Unimplemented sceFiosOverlayGetList02 import called.
[05:46:12.101] |I| [run_app]: Module SceLibFios2 (at "app0:sce_module/libfios2.suprx") module_start returned 0x0
[05:46:12.101] |D| [run_app]: Running module_start of library: SceSmart at address 0xA818D
[05:46:12.103] |I| [run_app]: Module SceSmart (at "app0:sce_module/libsmart.suprx") module_start returned 0x0
[05:46:12.104] |D| [run_app]: Running module_start of library: SceUlt at address 0x2BD771
[05:46:12.105] |W| [unimplemented_impl]: Unimplemented _sceUlobjMgrRegisterLibultProtocolRevision import called.
[05:46:12.105] |I| [run_app]: Module SceUlt (at "app0:sce_module/libult.suprx") module_start returned 0x0
[05:46:12.106] |W| [unimplemented_impl]: Unimplemented sceKernelRegisterThreadEventHandler import called.
[05:46:12.230] |W| [unimplemented_impl]: Unimplemented sceKernelChangeThreadVfpException import called.
[05:46:12.230] |W| [unimplemented_impl]: Unimplemented sceFiosOverlayThreadSetDisabled02 import called.
[05:46:12.235] |W| [unimplemented_impl]: Unimplemented sceAppUtilInit import called.
[05:46:12.238] |W| [unimplemented_impl]: Unimplemented sceFiosOverlayGetRecommendedScheduler02 import called.
[05:46:12.246] |W| [stubbed_impl]: Stubbed sceGxmMapMemory import called. (always return success)
[05:46:12.247] |W| [stubbed_impl]: Stubbed sceGxmMapFragmentUsseMemory import called. (always return success)
[05:46:12.278] |W| [stubbed_impl]: Stubbed sceGxmGetRenderTargetMemSize import called. (2MB host mem)
[05:46:12.322] |W| [stubbed_impl]: Stubbed sceGxmMapVertexUsseMemory import called. (always return success)
[05:46:12.330] |W| [stubbed_impl]: Stubbed sceGxmProgramParameterIsRegFormat import called. (sceGxmProgramParameterIsRegFormat)
[05:46:12.348] |W| [stubbed_impl]: Stubbed sceKernelSetEvent import called. (No UserData)
[05:46:12.348] |W| [unimplemented_impl]: Unimplemented sceKernelWaitEvent import called.
[05:46:12.350] |W| [unimplemented_impl]: Unimplemented sceAudioOutGetAdopt import called.
[05:46:12.352] |W| [ngs::create_voice_definition]: Missing voice definition for Buss Type 7, using passthrough.
[05:46:12.352] |D| [export_sceAudioOutSetVolume]: port: 1, flag: 3, vol: 32768
[05:46:12.352] |W| [unimplemented_impl]: Unimplemented sceAudioOutSetVolume import called.
[05:46:12.598] |I| [load_module]: Loading module ID: 0x2
[05:46:12.601] |C| [load_self]: Unknown segment type 0x6FFFFF01
[05:46:12.602] |I| [load_self]: Loaded module segment 0 @ [0x11C76000 - 0x11C93150 / 0x81000000] (size: 0x0001D150) of module sys/external/libhttp.suprx
[05:46:12.602] |I| [load_self]: Loaded module segment 1 @ [0x11C94000 - 0x11C94640 / 0x8101E000] (size: 0x00000640) of module sys/external/libhttp.suprx
[05:46:12.602] |I| [load_self]: Loading symbols for SELF: sys/external/libhttp.suprx
[05:46:12.602] |D| [load_var_exports]: 	NID 0x936C8A78 (SYSLYB) at 0x11C91E68
[05:46:12.602] |D| [load_var_exports]: 	NID 0x6C2224BA (NID_MODULE_INFO) at 0x11C8ECA0
[05:46:12.602] |I| [load_module]: Module SceLibHttp (at "sys/external/libhttp.suprx") loaded
[05:46:12.602] |D| [load_module]: Running module_start of module: SceLibHttp
[05:46:12.604] |I| [load_module]: Module SceLibHttp (at "sys/external/libhttp.suprx") module_start returned 0x0
[05:46:12.605] |I| [load_module]: Loading module ID: 0x4
[05:46:12.607] |C| [load_self]: Unknown segment type 0x6FFFFF01
[05:46:12.608] |I| [load_self]: Loaded module segment 0 @ [0x11C97000 - 0x11CB4150 / 0x81000000] (size: 0x0001D150) of module sys/external/libhttp.suprx
[05:46:12.608] |I| [load_self]: Loaded module segment 1 @ [0x11C95000 - 0x11C95640 / 0x8101E000] (size: 0x00000640) of module sys/external/libhttp.suprx
[05:46:12.608] |I| [load_self]: Loading symbols for SELF: sys/external/libhttp.suprx
[05:46:12.608] |D| [load_var_exports]: 	NID 0x936C8A78 (SYSLYB) at 0x11CB2E68
[05:46:12.608] |D| [load_var_exports]: 	NID 0x6C2224BA (NID_MODULE_INFO) at 0x11CAFCA0
[05:46:12.608] |I| [load_module]: Module SceLibHttp (at "sys/external/libhttp.suprx") loaded
[05:46:12.608] |D| [load_module]: Running module_start of module: SceLibHttp
[05:46:12.610] |I| [load_module]: Module SceLibHttp (at "sys/external/libhttp.suprx") module_start returned 0x0
[05:46:12.619] |I| [load_self]: Loaded module segment 0 @ [0x11CB7000 - 0x11D1DEA4 / 0x81000000] (size: 0x00066EA4) of module sys/external/libssl.suprx
[05:46:12.619] |I| [load_self]: Loaded module segment 1 @ [0x11D1E000 - 0x11D22FA8 / 0x81067000] (size: 0x00004FA8) of module sys/external/libssl.suprx
[05:46:12.619] |I| [load_self]: Loading symbols for SELF: sys/external/libssl.suprx
[05:46:12.619] |D| [load_var_exports]: 	NID 0x936C8A78 (SYSLYB) at 0x11D099E0
[05:46:12.619] |D| [load_var_exports]: 	NID 0x6C2224BA (NID_MODULE_INFO) at 0x11D03CA0
[05:46:12.619] |I| [load_module]: Module SceLibSsl (at "sys/external/libssl.suprx") loaded
[05:46:12.619] |I| [load_module]: Loading module ID: 0x3
[05:46:12.627] |I| [load_self]: Loaded module segment 0 @ [0x11D23000 - 0x11D89EA4 / 0x81000000] (size: 0x00066EA4) of module sys/external/libssl.suprx
[05:46:12.628] |I| [load_self]: Loaded module segment 1 @ [0x11D8A000 - 0x11D8EFA8 / 0x81067000] (size: 0x00004FA8) of module sys/external/