[23:38:51.792] |I| [load_app_impl]: ngs experimental state: true
[23:38:51.792] |I| [load_app_impl]: video player state: true
[23:38:51.792] |I| [load_app_impl]: lle-modules: libsas,libSceJson,liblocation,libatrac,libSceXml,libvoice,librudp,libpgf
[23:38:51.792] |I| [load_app_impl]: Title: Touch My Katamari
[23:38:51.792] |I| [load_app_impl]: Serial: PCSB00047
[23:38:51.792] |I| [load_app_impl]: Version: 1.01
[23:38:51.792] |I| [load_app_impl]: Category: gp
[23:38:51.836] |C| [load_self]: Unknown segment type 0x6FFFFF01
[23:38:51.836] |I| [load_self]: Loaded module segment 0 @ [0x00004000 - 0x0003FF34 / 0x81000000] (size: 0x0003BF34) of module ux0:app\PCSB00047\sce_module\libc.suprx
[23:38:51.836] |I| [load_self]: Loaded module segment 1 @ [0x00040000 - 0x0004233C / 0x8103C000] (size: 0x0000233C) of module ux0:app\PCSB00047\sce_module\libc.suprx
[23:38:51.836] |I| [load_self]: Loading symbols for SELF: ux0:app\PCSB00047\sce_module\libc.suprx
[23:38:51.837] |D| [load_var_exports]: 	NID 0x6C2224BA (NID_MODULE_INFO) at 0x31A70
[23:38:51.837] |W| [load_var_imports]: 	NID NOT FOUND 0xDF084DFA (UNRECOGNISED) at 0x35220, setting to stub value 0xDEADBEEF
[23:38:51.837] |I| [pre_load_module]: Pre-load module SceLibc (at "app\PCSB00047\sce_module\libc.suprx") loaded
[23:38:51.842] |C| [load_self]: Unknown segment type 0x6FFFFF01
[23:38:51.842] |I| [load_self]: Loaded module segment 0 @ [0x00044000 - 0x00065D98 / 0x81000000] (size: 0x00021D98) of module ux0:app\PCSB00047\sce_module\libfios2.suprx
[23:38:51.842] |I| [load_self]: Loaded module segment 1 @ [0x00066000 - 0x0006B22C / 0x81022000] (size: 0x0000522C) of module ux0:app\PCSB00047\sce_module\libfios2.suprx
[23:38:51.842] |I| [load_self]: Loading symbols for SELF: ux0:app\PCSB00047\sce_module\libfios2.suprx
[23:38:51.842] |D| [load_var_exports]: 	NID 0x6C2224BA (NID_MODULE_INFO) at 0x5F78C
[23:38:51.842] |I| [pre_load_module]: Pre-load module SceLibFios2 (at "app\PCSB00047\sce_module\libfios2.suprx") loaded
[23:38:51.845] |C| [load_self]: Unknown segment type 0x6FFFFF01
[23:38:51.845] |I| [load_self]: Loaded module segment 0 @ [0x0006C000 - 0x000806AC / 0x81000000] (size: 0x000146AC) of module ux0:app\PCSB00047\sce_module\libult.suprx
[23:38:51.846] |I| [load_self]: Loaded module segment 1 @ [0x00081000 - 0x00081810 / 0x81015000] (size: 0x00000810) of module ux0:app\PCSB00047\sce_module\libult.suprx
[23:38:51.846] |I| [load_self]: Loading symbols for SELF: ux0:app\PCSB00047\sce_module\libult.suprx
[23:38:51.846] |D| [load_var_exports]: 	NID 0x6C2224BA (NID_MODULE_INFO) at 0x7D390
[23:38:51.846] |I| [pre_load_module]: Pre-load module SceUlt (at "app\PCSB00047\sce_module\libult.suprx") loaded
[23:38:51.852] |I| [load_self]: Loaded module segment 0 @ [0x00082000 - 0x000D2F04 / 0x81000000] (size: 0x00050F04) of module vs0:sys/external/libSceFt2.suprx
[23:38:51.852] |I| [load_self]: Loaded module segment 1 @ [0x000D3000 - 0x000D32F4 / 0x81051000] (size: 0x000002F4) of module vs0:sys/external/libSceFt2.suprx
[23:38:51.852] |I| [load_self]: Loading symbols for SELF: vs0:sys/external/libSceFt2.suprx
[23:38:51.852] |D| [load_var_exports]: 	NID 0x936C8A78 (SYSLYB) at 0xBE7DC
[23:38:51.852] |D| [load_var_exports]: 	NID 0x6C2224BA (NID_MODULE_INFO) at 0xBDF10
[23:38:51.852] |W| [load_var_imports]: 	NID NOT FOUND 0x93B8AA67 (UNRECOGNISED) at 0xD2EE0, setting to stub value 0xDEADBEEF
[23:38:51.853] |I| [pre_load_module]: Pre-load module SceLibft2 (at "sys/external/libSceFt2.suprx") loaded
[23:38:51.854] |I| [load_self]: Loaded module segment 0 @ [0x000D5000 - 0x000E4F14 / 0x81000000] (size: 0x0000FF14) of module vs0:sys/external/libpvf.suprx
[23:38:51.854] |I| [load_self]: Loaded module segment 1 @ [0x000E5000 - 0x000E5008 / 0x81010000] (size: 0x00000008) of module vs0:sys/external/libpvf.suprx
[23:38:51.854] |I| [load_self]: Loading symbols for SELF: vs0:sys/external/libpvf.suprx
[23:38:51.854] |D| [load_var_exports]: 	NID 0x936C8A78 (SYSLYB) at 0xE3710
[23:38:51.854] |D| [load_var_exports]: 	NID 0x6C2224BA (NID_MODULE_INFO) at 0xE3300
[23:38:51.854] |I| [pre_load_module]: Pre-load module SceLibPvf (at "sys/external/libpvf.suprx") loaded
[23:38:51.910] |C| [load_self]: Unknown segment type 0x6FFFFF01
[23:38:51.910] |I| [load_self]: Loaded module segment 0 @ [0x81000000 - 0x81217C7C / 0x81000000] (size: 0x00217C7C) of module app0:eboot.bin
[23:38:51.910] |I| [load_self]: Loaded module segment 1 @ [0x81218000 - 0x81B2EC04 / 0x81218000] (size: 0x00916C04) of module app0:eboot.bin
[23:38:51.910] |I| [load_self]: Loading symbols for SELF: app0:eboot.bin
[23:38:51.910] |D| [load_var_exports]: 	NID 0x6C2224BA (NID_MODULE_INFO) at 0x811DDAA4
[23:38:51.910] |D| [load_var_exports]: 	NID 0x70FBA1E7 (SCE_PROC_PARAMS) at 0x8121A07C
[23:38:51.910] |I| [load_app_impl]: Main executable KD_NGP (eboot.bin) loaded
[23:38:51.912] |D| [run_app]: Running module_start of library: SceLibc at address 0x45E5
[23:38:51.922] |I| [export_sceIoOpen]: Opening file: tty0:
[23:38:51.922] |I| [export_sceIoOpen]: Opening file: tty0:
[23:38:51.922] |I| [export_sceIoOpen]: Opening file: tty1:
[23:38:51.923] |I| [run_app]: Module SceLibc (at "ux0:app\PCSB00047\sce_module\libc.suprx") module_start returned 0x0
[23:38:51.923] |D| [run_app]: Running module_start of library: SceLibFios2 at address 0x44001
[23:38:51.925] |I| [run_app]: Module SceLibFios2 (at "ux0:app\PCSB00047\sce_module\libfios2.suprx") module_start returned 0x0
[23:38:51.925] |D| [run_app]: Running module_start of library: SceUlt at address 0x6FD69
[23:38:51.927] |I| [run_app]: Module SceUlt (at "ux0:app\PCSB00047\sce_module\libult.suprx") module_start returned 0x0
[23:38:52.017] |W| [stubbed_impl]: Stubbed sceGxmMapMemory import called. (always return success)
[23:38:52.042] |W| [unimplemented_impl]: Unimplemented sceKernelCloseSema import called.
[23:38:52.043] |W| [unimplemented_impl]: Unimplemented sceScreenShotDisable import called.
[23:38:52.044] |W| [stubbed_impl]: Stubbed sceGxmMapFragmentUsseMemory import called. (always return success)
[23:38:52.069] |W| [stubbed_impl]: Stubbed sceGxmMapVertexUsseMemory import called. (always return success)
[23:38:52.069] |W| [unimplemented_impl]: Unimplemented ksceKernelGetThreadCurrentPriority import called.
[23:38:52.076] |E| [logging::ret_error_impl]: sceKernelWaitEventFlag returned SCE_KERNEL_ERROR_WAIT_TIMEOUT (0x80028005)
[23:38:52.142] |W| [unimplemented_impl]: Unimplemented sceTouchEnableTouchForce import called.
[23:38:52.143] |W| [unimplemented_impl]: Unimplemented sceMotionStopSampling import called.
[23:38:52.143] |W| [unimplemented_impl]: Unimplemented sceMotionMagnetometerOff import called.
[23:38:52.167] |W| [stubbed_impl]: Stubbed sceKernelWaitEventFlagCB import called. (no CB)
[23:38:52.167] |W| [unimplemented_impl]: Unimplemented sceNgsSystemSetFlags import called.
[23:38:52.167] |D| [export_sceNgsVoicePlay]: sceNgsVoicePlay: 1
[23:38:52.173] |W| [ngs::create_voice_definition]: Missing voice definition for Buss Type 7, using passthrough.
[23:38:52.173] |D| [export_sceNgsVoicePatchSetVolume]: out chanel: 0, in chanel: 0, vol: 1
[23:38:52.174] |D| [export_sceNgsVoicePatchSetVolume]: out chanel: 1, in chanel: 1, vol: 1
[23:38:52.174] |D| [export_sceNgsVoicePatchSetVolume]: out chanel: 0, in chanel: 0, vol: 1
[23:38:52.174] |D| [export_sceNgsVoicePatchSetVolume]: out chanel: 1, in chanel: 1, vol: 1
[23:38:52.174] |D| [export_sceNgsVoicePlay]: sceNgsVoicePlay: 1
[23:38:52.174] |D| [export_sceNgsVoicePatchSetVolume]: out chanel: 0, in chanel: 0, vol: 1
[23:38:52.174] |D| [export_sceNgsVoicePatchSetVolume]: out chanel: 1, in chanel: 1, vol: 1
[23:38:52.174] |D| [export_sceNgsVoicePatchSetVolume]: out chanel: 0, in chanel: 0, vol: 1
[23:38:52.175] |D| [export_sceNgsVoicePatchSetVolume]: out chanel: 1, in chanel: 1, vol: 1
[23:38:52.185] |W| [unimplemented_impl]: Unimplemented sceNetCtlInit import called.
[23:38:52.185] |W| [unimplemented_impl]: Unimplemented sceNetEpollCreate import called.
[23:38:52.201] |I| [export_sceIoOpen]: Opening file: app0:common/2d_data/text/mono_name.dat
[23:38:52.246] |I| [export_sceIoOpen]: Opening file: app0:common/2d_data/text/common_text.dat
[23:38:52.252] |W| [unimplemented_impl]: Unimplemented sceAppUtilInit import called.
[23:38:52.252] |W| [unimplemented_impl]: Unimplemented sceCommonDialogSetConfigParam import called.
[23:38:52.253] |E| [logging::ret_error_impl]: sceNetInit returned SCE_NET_ERROR_EINTERNAL (0x804101CC)
[23:38:52.253] |W| [unimplemented_impl]: Unimplemented sceSslInit import called.
[23:38:52.253] |W| [unimplemented_impl]: Unimplemented sceHttpInit import called.
[23:38:52.253] |W| [unimplemented_impl]: Unimplemented sceNpActivityInit import called.
[23:38:52.262] |I| [export_sceIoOpen]: Opening file: app0:common/sound_data/se/COMMON.nus3bank
[23:38:52.587] |W| [unimplemented_impl]: Unimplemented sceMotionGetState import called.
[23:38:52.592] |W| [stubbed_impl]: Stubbed sceNpCheckCallback import called. (Stub)
[23:38:52.598] |E| [logging::ret_error_impl]: sceKernelTryLockLwMutex returned SCE_KERNEL_ERROR_LW_MUTEX_FAILED_TO_OWN (0x80028185)
[23:38:52.601] |I| [export_sceIoOpen]: Opening file: app0:kabuto/shader/shader_for_katamari.nsh
[23:38:52.603] |W| [unimplemented_impl]: Unimplemented sceGxmColorSurfaceSetClip import called.
[23:38:52.604] |W| [unimplemented_impl]: Unimplemented sceCommonDialogUpdate import called.
[23:38:52.615] |I| [export_sceIoOpen]: Opening file: app0:common/sound_data/katamari_NGP.nus3conf
[23:38:52.630] |I| [export_sceIoOpen]: Opening file: app0:common/sound_data/katamari_NGP.nus3conf3d
[23:38:52.636] |I| [renderer::gl::load_shader_generic]: Generating frag shader 361ffbc7ec1a2eecb04fe2caa53615267b122f2bdf94778aa62d48835e362e90
[23:38:52.637] |D| [shader::create_fragment_inputs]: Iterator: pa0 = (float4) v_Color0
[23:38:52.639] |I| [renderer::gl::load_shader_generic]: Generating vert shader fccb31b487c60bd3e2ca83727719fdd9051869c569849dbc91c6da5180973e8d
[23:38:52.639] |D| [shader::create_parameters]: [BUFFER0  + 0] pa0 = (float4) position
[23:38:52.639] |D| [shader::create_parameters]: [DEFAULT  + 0] sa0 = (float4) color
[23:38:52.644] |W| [stubbed_impl]: Stubbed sceDisplayWaitVblankStartMulti import called. (wait for vblank)
[23:38:52.695] |D| [export_sceNgsVoicePatchSetVolume]: out chanel: 0, in chanel: 0, vol: 1
[23:38:52.696] |D| [export_sceNgsVoicePatchSetVolume]: out chanel: 1, in chanel: 1, vol: 1
[23:38:52.696] |D| [export_sceNgsVoicePatchSetVolume]: out chanel: 0, in chanel: 0, vol: 1
[23:38:52.696] |D| [export_sceNgsVoicePatchSetVolume]: out chanel: 1, in chanel: 1, vol: 1
[23:38:52.696] |D| [export_sceNgsVoicePlay]: sceNgsVoicePlay: 1
[23:38:52.696] |D| [export_sceNgsVoicePatchSetVolume]: out chanel: 0, in chanel: 0, vol: 1
[23:38:52.696] |D| [export_sceNgsVoicePatchSetVolume]: out chanel: 1, in chanel: 1, vol: 1
[23:38:52.696] |D| [export_sceNgsVoicePatchSetVolume]: out chanel: 0, in chanel: 0, vol: 1
[23:38:52.696] |D| [export_sceNgsVoicePatchSetVolume]: out chanel: 1, in chanel: 1, vol: 1
[23:38:52.697] |W| [ngs::create_voice_definition]: Missing voice definition for Buss Type 6, using passthrough.
[23:38:52.697] |D| [export_sceNgsVoicePlay]: sceNgsVoicePlay: 1
[23:38:52.697] |D| [export_sceNgsVoicePatchSetVolume]: out chanel: 0, in chanel: 0, vol: 1
[23:38:52.697] |D| [export_sceNgsVoicePatchSetVolume]: out chanel: 1, in chanel: 1, vol: 1
[23:38:52.697] |D| [export_sceNgsVoicePatchSetVolume]: out chanel: 0, in chanel: 0, vol: 1
[23:38:52.698] |D| [export_sceNgsVoicePatchSetVolume]: out chanel: 1, in chanel: 1, vol: 1
[23:38:52.698] |D| [export_sceNgsVoicePlay]: sceNgsVoicePlay: 1
[23:38:52.698] |D| [export_sceNgsVoicePatchSetVolume]: out chanel: 0, in chanel: 0, vol: 1
[23:38:52.698] |D| [export_sceNgsVoicePatchSetVolume]: out chanel: 1, in chanel: 1, vol: 1
[23:38:52.698] |D| [export_sceNgsVoicePatchSetVolume]: out chanel: 0, in chanel: 0, vol: 1
[23:38:52.698] |D| [export_sceNgsVoicePatchSetVolume]: out chanel: 1, in chanel: 1, vol: 1
[23:38:52.698] |D| [export_sceNgsVoicePatchSetVolume]: out chanel: 0, in chanel: 0, vol: 1
[23:38:52.698] |D| [export_sceNgsVoicePatchSetVolume]: out chanel: 1, in chanel: 1, vol: 1
[23:38:52.698] |D| [export_sceNgsVoicePatchSetVolume]: out chanel: 0, in chanel: 0, vol: 1
[23:38:52.698] |D| [export_sceNgsVoicePatchSetVolume]: out chanel: 1, in chanel: 1, vol: 1
[23:38:52.699] |D| [export_sceNgsVoicePatchSetVolume]: out chanel: 0, in chanel: 0, vol: 1
[23:38:52.699] |D| [export_sceNgsVoicePatchSetVolume]: out chanel: 1, in chanel: 1, vol: 1
[23:38:52.699] |D| [export_sceNgsVoicePatchSetVolume]: out chanel: 0, in chanel: 0, vol: 1
[23:38:52.699] |D| [export_sceNgsVoicePatchSetVolume]: out chanel: 1, in chanel: 1, vol: 1
[23:38:52.699] |D| [export_sceNgsVoicePlay]: sceNgsVoicePlay: 1
[23:38:52.699] |D| [export_sceNgsVoicePatchSetVolume]: out chanel: 0, in chanel: 0, vol: 1
[23:38:52.699] |D| [export_sceNgsVoicePatchSetVolume]: out chanel: 1, in chanel: 1, vol: 1
[23:38:52.699] |D| [export_sceNgsVoicePatchSetVolume]: out chanel: 0, in chanel: 0, vol: 1
[23:38:52.699] |D| [export_sceNgsVoicePatchSetVolume]: out chanel: 1, in chanel: 1, vol: 1
[23:38:52.700] |D| [export_sceNgsVoicePlay]: sceNgsVoicePlay: 1
[23:38:52.700] |D| [export_sceNgsVoicePatchSetVolume]: out chanel: 0, in chanel: 0, vol: 1
[23:38:52.700] |D| [export_sceNgsVoicePatchSetVolume]: out chanel: 1, in chanel: 1, vol: 1
[23:38:52.700] |D| [export_sceNgsVoicePatchSetVolume]: out chanel: 0, in chanel: 0, vol: 1
[23:38:52.700] |D| [export_sceNgsVoicePatchSetVolume]: out chanel: 1, in chanel: 1, vol: 1
[23:38:52.700] |D| [export_sceNgsVoicePatchSetVolume]: out chanel: 0, in chanel: 0, vol: 1
[23:38:52.700] |D| [export_sceNgsVoicePatchSetVolume]: out chanel: 1, in chanel: 1, vol: 1
[23:38:52.700] |D| [export_sceNgsVoicePatchSetVolume]: out chanel: 0, in chanel: 0, vol: 1
[23:38:52.700] |D| [export_sceNgsVoicePatchSetVolume]: out chanel: 1, in chanel: 1, vol: 1
[23:38:52.700] |D| [export_sceNgsVoicePatchSetVolume]: out chanel: 0, in chanel: 0, vol: 1
[23:38:52.700] |D| [export_sceNgsVoicePatchSetVolume]: out chanel: 1, in chanel: 1, vol: 1
[23:38:52.701] |D| [export_sceNgsVoicePatchSetVolume]: out chanel: 0, in chanel: 0, vol: 1
[23:38:52.701] |D| [export_sceNgsVoicePatchSetVolume]: out chanel: 1, in chanel: 1, vol: 1
[23:38:52.701] |D| [export_sceNgsVoicePlay]: sceNgsVoicePlay: 1
[23:38:52.701] |D| [export_sceNgsVoicePatchSetVolume]: out chanel: 0, in chanel: 0, vol: 1
[23:38:52.701] |D| [export_sceNgsVoicePatchSetVolume]: out chanel: 1, in chanel: 1, vol: 1
[23:38:52.701] |D| [export_sceNgsVoicePatchSetVolume]: out chanel: 0, in chanel: 0, vol: 1
[23:38:52.701] |D| [export_sceNgsVoicePatchSetVolume]: out chanel: 1, in chanel: 1, vol: 1
[23:38:52.701] |D| [export_sceNgsVoicePlay]: sceNgsVoicePlay: 1
[23:38:52.701] |D| [export_sceNgsVoicePatchSetVolume]: out chanel: 0, in chanel: 0, vol: 1
[23:38:52.701] |D| [export_sceNgsVoicePatchSetVolume]: out chanel: 1, in chanel: 1, vol: 1
[23:38:52.701] |D| [export_sceNgsVoicePatchSetVolume]: out chanel: 0, in chanel: 0, vol: 1
[23:38:52.702] |D| [export_sceNgsVoicePatchSetVolume]: out chanel: 1, in chanel: 1, vol: 1
[23:38:52.702] |D| [export_sceNgsVoicePatchSetVolume]: out chanel: 0, in chanel: 0, vol: 1
[23:38:52.702] |D| [export_sceNgsVoicePatchSetVolume]: out chanel: 1, in chanel: 1, vol: 1
[23:38:52.702] |D| [export_sceNgsVoicePatchSetVolume]: out chanel: 0, in chanel: 0, vol: 1
[23:38:52.702] |D| [export_sceNgsVoicePatchSetVolume]: out chanel: 1, in chanel: 1, vol: 1
[23:38:52.702] |D| [export_sceNgsVoicePatchSetVolume]: out chanel: 0, in chanel: 0, vol: 1
[23:38:52.702] |D| [export_sceNgsVoicePatchSetVolume]: out chanel: 1, in chanel: 1, vol: 1
[23:38:52.702] |D| [export_sceNgsVoicePatchSetVolume]: out chanel: 0, in chanel: 0, vol: 1
[23:38:52.703] |D| [export_sceNgsVoicePatchSetVolume]: out chanel: 1, in chanel: 1, vol: 1
[23:38:52.703] |W| [ngs::create_voice_definition]: Missing voice definition for Buss Type 10, using passthrough.
[23:38:52.703] |D| [export_sceNgsVoicePlay]: sceNgsVoicePlay: 1
[23:38:52.703] |D| [export_sceNgsVoicePatchSetVolume]: out chanel: 0, in chanel: 0, vol: 1
[23:38:52.703] |D| [export_sceNgsVoicePatchSetVolume]: out chanel: 1, in chanel: 1, vol: 1
[23:38:52.703] |D| [export_sceNgsVoicePatchSetVolume]: out chanel: 0, in chanel: 0, vol: 1
[23:38:52.703] |D| [export_sceNgsVoicePatchSetVolume]: out chanel: 1, in chanel: 1, vol: 1
[23:38:52.703] |D| [export_sceNgsVoicePlay]: sceNgsVoicePlay: 1
[23:38:52.704] |D| [export_sceNgsVoicePatchSetVolume]: out chanel: 0, in chanel: 0, vol: 0.3162277
[23:38:52.704] |D| [export_sceNgsVoicePatchSetVolume]: out chanel: 1, in chanel: 1, vol: 0.3162277
[23:38:52.704] |D| [export_sceNgsVoicePatchSetVolume]: out chanel: 0, in chanel: 0, vol: 1.0000009e-05
[23:38:52.704] |D| [export_sceNgsVoicePatchSetVolume]: out chanel: 1, in chanel: 1, vol: 1.0000009e-05
[23:38:52.704] |D| [export_sceNgsVoicePatchSetVolume]: out chanel: 0, in chanel: 0, vol: 1.0000009e-05
[23:38:52.704] |D| [export_sceNgsVoicePatchSetVolume]: out chanel: 1, in chanel: 1, vol: 1.0000009e-05
[23:38:52.704] |D| [export_sceNgsVoicePatchSetVolume]: out chanel: 0, in chanel: 0, vol: 1.0000009e-05
[23:38:52.704] |D| [export_sceNgsVoicePatchSetVolume]: out chanel: 1, in chanel: 1, vol: 1.0000009e-05
[23:38:52.704] |D| [export_sceNgsVoicePatchSetVolume]: out chanel: 0, in chanel: 0, vol: 0.3162277
[23:38:52.704] |D| [export_sceNgsVoicePatchSetVolume]: out chanel: 1, in chanel: 1, vol: 0.3162277
[23:38:52.704] |D| [export_sceNgsVoicePatchSetVolume]: out chanel: 0, in chanel: 0, vol: 3.162281e-05
[23:38:52.704] |D| [export_sceNgsVoicePatchSetVolume]: out chanel: 1, in chanel: 1, vol: 3.162281e-05
[23:38:52.705] |D| [export_sceNgsVoicePlay]: sceNgsVoicePlay: 1
[23:38:52.705] |D| [export_sceNgsVoicePatchSetVolume]: out chanel: 0, in chanel: 0, vol: 1
[23:38:52.705] |D| [export_sceNgsVoicePatchSetVolume]: out chanel: 1, in chanel: 1, vol: 1
[23:38:52.705] |D| [export_sceNgsVoicePatchSetVolume]: out chanel: 0, in chanel: 0, vol: 1
[23:38:52.705] |D| [export_sceNgsVoicePatchSetVolume]: out chanel: 1, in chanel: 1, vol: 1
[23:38:52.705] |D| [export_sceNgsVoicePlay]: sceNgsVoicePlay: 1
[23:38:52.705] |D| [export_sceNgsVoicePatchSetVolume]: out chanel: 0, in chanel: 0, vol: 1
[23:38:52.705] |D| [export_sceNgsVoicePatchSetVolume]: out chanel: 1, in chanel: 1, vol: 1
[23:38:52.705] |D| [export_sceNgsVoicePatchSetVolume]: out chanel: 0, in chanel: 0, vol: 1
[23:38:52.705] |D| [export_sceNgsVoicePatchSetVolume]: out chanel: 1, in chanel: 1, vol: 1
[23:38:52.705] |D| [export_sceNgsVoicePatchSetVolume]: out chanel: 0, in chanel: 0, vol: 1
[23:38:52.706] |D| [export_sceNgsVoicePatchSetVolume]: out chanel: 1, in chanel: 1, vol: 1
[23:38:52.706] |D| [export_sceNgsVoicePatchSetVolume]: out chanel: 0, in chanel: 0, vol: 1
[23:38:52.706] |D| [export_sceNgsVoicePatchSetVolume]: out chanel: 1, in chanel: 1, vol: 1
[23:38:52.706] |D| [export_sceNgsVoicePatchSetVolume]: out chanel: 0, in chanel: 0, vol: 1
[23:38:52.706] |D| [export_sceNgsVoicePatchSetVolume]: out chanel: 1, in chanel: 1, vol: 1
[23:38:52.706] |D| [export_sceNgsVoicePatchSetVolume]: out chanel: 0, in chanel: 0, vol: 1
[23:38:52.706] |D| [export_sceNgsVoicePatchSetVolume]: out chanel: 1, in chanel: 1, vol: 1
[23:38:52.706] |W| [ngs::create_voice_definition]: Missing voice definition for Buss Type 3, using passthrough.
[23:38:52.706] |D| [export_sceNgsVoicePlay]: sceNgsVoicePlay: 1
[23:38:52.706] |D| [export_sceNgsVoicePatchSetVolume]: out chanel: 0, in chanel: 0, vol: 1
[23:38:52.706] |D| [export_sceNgsVoicePatchSetVolume]: out chanel: 1, in chanel: 1, vol: 1
[23:38:52.706] |D| [export_sceNgsVoicePatchSetVolume]: out chanel: 0, in chanel: 0, vol: 1
[23:38:52.706] |D| [export_sceNgsVoicePatchSetVolume]: out chanel: 1, in chanel: 1, vol: 1
[23:38:52.707] |D| [export_sceNgsVoicePlay]: sceNgsVoicePlay: 1
[23:38:52.707] |D| [export_sceNgsVoicePatchSetVolume]: out chanel: 0, in chanel: 0, vol: 3.162281e-05
[23:38:52.707] |D| [export_sceNgsVoicePatchSetVolume]: out chanel: 1, in chanel: 1, vol: 3.162281e-05
[23:38:52.707] |D| [export_sceNgsVoicePatchSetVolume]: out chanel: 0, in chanel: 0, vol: 1.0000022e-09
[23:38:52.707] |D| [export_sceNgsVoicePatchSetVolume]: out chanel: 1, in chan