[19:33:38.402] |I| [load_app_impl]: ngs experimental state: true
[19:33:38.403] |I| [load_app_impl]: video player state: true
[19:33:38.403] |I| [load_app_impl]: auto-lle: enabled
[19:33:38.403] |I| [load_app_impl]: Title: Rugby World Cup 2015
[19:33:38.403] |I| [load_app_impl]: Serial: PCSB00770
[19:33:38.403] |I| [load_app_impl]: Version: 1.02
[19:33:38.403] |I| [load_app_impl]: Category: gp
[19:33:38.404] |I| [load_self]: Loaded module segment 0 @ [0x00004000 - 0x000128D8 / 0x81000000] (size: 0x0000E8D8) of module os0:us/libkernel.suprx
[19:33:38.405] |I| [load_self]: Loaded module segment 1 @ [0x00013000 - 0x00013048 / 0x8100F000] (size: 0x00000048) of module os0:us/libkernel.suprx
[19:33:38.405] |I| [load_self]: Loading symbols for SELF: os0:us/libkernel.suprx
[19:33:38.405] |D| [load_var_exports]: 	NID 0x936C8A78 (SYSLYB) at 0x10AF0
[19:33:38.405] |D| [load_var_exports]: 	NID 0x6C2224BA (NID_MODULE_INFO) at 0xF250
[19:33:38.405] |D| [load_func_exports]: 	NID 0x120AFC8C (sceKernelUnlockLwMutex2) at 0x44B1
[19:33:38.405] |D| [load_func_exports]: 	NID 0x244E76D2 (sceKernelDeleteLwMutex) at 0xEAC5
[19:33:38.405] |D| [load_func_exports]: 	NID 0x3148C6B6 (sceKernelLockLwMutexCB) at 0x438D
[19:33:38.405] |D| [load_func_exports]: 	NID 0x46E7BE7B (sceKernelLockLwMutex) at 0x4391
[19:33:38.405] |D| [load_func_exports]: 	NID 0x4846613D (sceKernelGetLwMutexInfoById) at 0xEACD
[19:33:38.405] |D| [load_func_exports]: 	NID 0x4C4672BF (sceKernelGetProcessTime) at 0x47CF
[19:33:38.406] |D| [load_func_exports]: 	NID 0x91FA6614 (sceKernelUnlockLwMutex) at 0x4437
[19:33:38.406] |D| [load_func_exports]: 	NID 0xA6A2C915 (sceKernelTryLockLwMutex) at 0x43C1
[19:33:38.406] |D| [load_func_exports]: 	NID 0xB110C123 (sceKernelGetProcessTimeWide) at 0x4799
[19:33:38.406] |D| [load_func_exports]: 	NID 0xB84EF718 (_sceKernelCreateLwMutex) at 0xEAB1
[19:33:38.406] |D| [load_func_exports]: 	NID 0xDA6EC8EF (sceKernelCreateLwMutex) at 0x56ED
[19:33:38.406] |D| [load_func_exports]: 	NID 0xE9F973B1 (sceKernelGetProcessTimeLow) at 0x4771
[19:33:38.406] |D| [load_func_exports]: 	NID 0xF7D8F1FC (sceKernelGetLwMutexInfo) at 0x44A3
[19:33:38.406] |I| [pre_load_module]: Pre-load module SceLibKernel (at "us/libkernel.suprx") loaded
[19:33:38.408] |I| [load_self]: Loaded module segment 0 @ [0x00014000 - 0x000231D4 / 0x81000000] (size: 0x0000F1D4) of module os0:us/driver_us.suprx
[19:33:38.408] |I| [load_self]: Loaded module segment 1 @ [0x00024000 - 0x0002CF40 / 0x81010000] (size: 0x00008F40) of module os0:us/driver_us.suprx
[19:33:38.408] |I| [load_self]: Loading symbols for SELF: os0:us/driver_us.suprx
[19:33:38.408] |D| [load_var_exports]: 	NID 0x936C8A78 (SYSLYB) at 0x216E4
[19:33:38.408] |D| [load_var_exports]: 	NID 0x6C2224BA (NID_MODULE_INFO) at 0x20410
[19:33:38.408] |I| [pre_load_module]: Pre-load module SceDriverUser (at "us/driver_us.suprx") loaded
[19:33:38.444] |C| [load_self]: Unknown segment type 0x6FFFFF01
[19:33:38.445] |I| [load_self]: Loaded module segment 0 @ [0x0002D000 - 0x0007CC54 / 0x81000000] (size: 0x0004FC54) of module app0:sce_module/libc.suprx
[19:33:38.445] |I| [load_self]: Loaded module segment 1 @ [0x0007D000 - 0x0007F688 / 0x81050000] (size: 0x00002688) of module app0:sce_module/libc.suprx
[19:33:38.445] |I| [load_self]: Loading symbols for SELF: app0:sce_module/libc.suprx
[19:33:38.445] |D| [load_var_exports]: 	NID 0x936C8A78 (SYSLYB) at 0x72744
[19:33:38.446] |D| [load_var_exports]: 	NID 0x6C2224BA (NID_MODULE_INFO) at 0x684F8
[19:33:38.446] |W| [load_var_imports]: 	NID NOT FOUND 0xDF084DFA (UNRECOGNISED) at 0x6E0A4, setting to stub value 0xDEADBEEF
[19:33:38.446] |I| [pre_load_module]: Pre-load module SceLibc (at "sce_module/libc.suprx") loaded
[19:33:38.468] |C| [load_self]: Unknown segment type 0x6FFFFF01
[19:33:38.468] |I| [load_self]: Loaded module segment 0 @ [0x00081000 - 0x00099CF4 / 0x81000000] (size: 0x00018CF4) of module app0:sce_module/libface.suprx
[19:33:38.468] |I| [load_self]: Loaded module segment 1 @ [0x0009A000 - 0x0009A0F8 / 0x81019000] (size: 0x000000F8) of module app0:sce_module/libface.suprx
[19:33:38.468] |I| [load_self]: Loading symbols for SELF: app0:sce_module/libface.suprx
[19:33:38.468] |D| [load_var_exports]: 	NID 0x6C2224BA (NID_MODULE_INFO) at 0x96AC0
[19:33:38.469] |D| [load_var_exports]: 	NID 0x936C8A78 (SYSLYB) at 0x99478
[19:33:38.469] |I| [pre_load_module]: Pre-load module SceFace (at "sce_module/libface.suprx") loaded
[19:33:38.491] |C| [load_self]: Unknown segment type 0x6FFFFF01
[19:33:38.491] |I| [load_self]: Loaded module segment 0 @ [0x0009B000 - 0x000C633C / 0x81000000] (size: 0x0002B33C) of module app0:sce_module/libfios2.suprx
[19:33:38.492] |I| [load_self]: Loaded module segment 1 @ [0x000C7000 - 0x000CC23D / 0x8102C000] (size: 0x0000523D) of module app0:sce_module/libfios2.suprx
[19:33:38.492] |I| [load_self]: Loading symbols for SELF: app0:sce_module/libfios2.suprx
[19:33:38.492] |D| [load_var_exports]: 	NID 0x936C8A78 (SYSLYB) at 0xC6244
[19:33:38.492] |D| [load_var_exports]: 	NID 0x6C2224BA (NID_MODULE_INFO) at 0xBD878
[19:33:38.492] |I| [pre_load_module]: Pre-load module SceLibFios2 (at "sce_module/libfios2.suprx") loaded
[19:33:38.547] |C| [load_self]: Unknown segment type 0x6FFFFF01
[19:33:38.547] |I| [load_self]: Loaded module segment 0 @ [0x000CD000 - 0x002DEAF4 / 0x81000000] (size: 0x00211AF4) of module app0:sce_module/libsmart.suprx
[19:33:38.547] |I| [load_self]: Loaded module segment 1 @ [0x002DF000 - 0x002E2444 / 0x81212000] (size: 0x00003444) of module app0:sce_module/libsmart.suprx
[19:33:38.548] |I| [load_self]: Loading symbols for SELF: app0:sce_module/libsmart.suprx
[19:33:38.548] |D| [load_var_exports]: 	NID 0x6C2224BA (NID_MODULE_INFO) at 0x17C6A0
[19:33:38.548] |D| [load_var_exports]: 	NID 0x936C8A78 (SYSLYB) at 0x18390C
[19:33:38.548] |I| [pre_load_module]: Pre-load module SceSmart (at "sce_module/libsmart.suprx") loaded
[19:33:38.552] |C| [load_self]: Unknown segment type 0x6FFFFF01
[19:33:38.552] |I| [load_self]: Loaded module segment 0 @ [0x002E3000 - 0x002F69A4 / 0x81000000] (size: 0x000139A4) of module app0:sce_module/libult.suprx
[19:33:38.552] |I| [load_self]: Loaded module segment 1 @ [0x002F7000 - 0x002F7814 / 0x81014000] (size: 0x00000814) of module app0:sce_module/libult.suprx
[19:33:38.552] |I| [load_self]: Loading symbols for SELF: app0:sce_module/libult.suprx
[19:33:38.552] |D| [load_var_exports]: 	NID 0x936C8A78 (SYSLYB) at 0x2F52D0
[19:33:38.553] |D| [load_var_exports]: 	NID 0x6C2224BA (NID_MODULE_INFO) at 0x2F2858
[19:33:38.553] |I| [pre_load_module]: Pre-load module SceUlt (at "sce_module/libult.suprx") loaded
[19:33:38.559] |I| [load_self]: Loaded module segment 0 @ [0x002F8000 - 0x00348F04 / 0x81000000] (size: 0x00050F04) of module vs0:sys/external/libSceFt2.suprx
[19:33:38.559] |I| [load_self]: Loaded module segment 1 @ [0x00349000 - 0x003492F4 / 0x81051000] (size: 0x000002F4) of module vs0:sys/external/libSceFt2.suprx
[19:33:38.559] |I| [load_self]: Loading symbols for SELF: vs0:sys/external/libSceFt2.suprx
[19:33:38.559] |D| [load_var_exports]: 	NID 0x936C8A78 (SYSLYB) at 0x3347DC
[19:33:38.559] |D| [load_var_exports]: 	NID 0x6C2224BA (NID_MODULE_INFO) at 0x333F10
[19:33:38.560] |I| [pre_load_module]: Pre-load module SceLibft2 (at "sys/external/libSceFt2.suprx") loaded
[19:33:38.561] |I| [load_self]: Loaded module segment 0 @ [0x0034A000 - 0x00359F14 / 0x81000000] (size: 0x0000FF14) of module vs0:sys/external/libpvf.suprx
[19:33:38.561] |I| [load_self]: Loaded module segment 1 @ [0x0035A000 - 0x0035A008 / 0x81010000] (size: 0x00000008) of module vs0:sys/external/libpvf.suprx
[19:33:38.561] |I| [load_self]: Loading symbols for SELF: vs0:sys/external/libpvf.suprx
[19:33:38.562] |D| [load_var_exports]: 	NID 0x936C8A78 (SYSLYB) at 0x358710
[19:33:38.562] |D| [load_var_exports]: 	NID 0x6C2224BA (NID_MODULE_INFO) at 0x358300
[19:33:38.562] |I| [pre_load_module]: Pre-load module SceLibPvf (at "sys/external/libpvf.suprx") loaded
[19:33:39.846] |C| [load_self]: Unknown segment type 0x6FFFFF01
[19:33:39.846] |I| [load_self]: Loaded module segment 0 @ [0x0035B000 - 0x01B46664 / 0x81000000] (size: 0x017EB664) of module app0:eboot.bin
[19:33:39.846] |I| [load_self]: Loaded module segment 1 @ [0x01B47000 - 0x01DDCF40 / 0x827EC000] (size: 0x00295F40) of module app0:eboot.bin
[19:33:39.846] |I| [load_self]: Loading symbols for SELF: app0:eboot.bin
[19:33:39.846] |D| [load_var_exports]: 	NID 0x6C2224BA (NID_MODULE_INFO) at 0x199D414
[19:33:39.847] |D| [load_var_exports]: 	NID 0x70FBA1E7 (SCE_PROC_PARAMS) at 0x1B4708C
[19:33:39.847] |D| [load_var_exports]: 	NID 0x936C8A78 (SYSLYB) at 0x1A960F4
[19:33:39.847] |W| [load_var_imports]: 	NID NOT FOUND 0x1A5C609 (UNRECOGNISED) at 0x19C5288, setting to stub value 0xDEADBEEF
[19:33:39.847] |W| [load_var_imports]: 	NID NOT FOUND 0x6EF1E48 (UNRECOGNISED) at 0x19C4C20, setting to stub value 0xDEADBEEF
[19:33:39.848] |I| [load_app_impl]: Main executable UnityPlayer_437_Release (eboot.bin) loaded
[19:33:39.851] |D| [run_app]: Running module_start of library: SceLibKernel at address 0x51F9
[19:33:39.853] |W| [unimplemented_impl]: Unimplemented _sceKernelRegisterLibkernelAddresses import called.
[19:33:39.853] |W| [unimplemented_impl]: Unimplemented _sceKernelBacktrace import called.
[19:33:39.853] |I| [run_app]: Module SceLibKernel (at "os0:us/libkernel.suprx") module_start returned 0x0
[19:33:39.854] |D| [run_app]: Running module_start of library: SceDriverUser at address 0x143E5
[19:33:39.855] |W| [unimplemented_impl]: Unimplemented sceMotionDevIsReady import called.
[19:33:40.858] |I| [run_app]: Module SceDriverUser (at "os0:us/driver_us.suprx") module_start returned 0x0
[19:33:40.859] |D| [run_app]: Running module_start of library: SceLibc at address 0x2D871
[19:33:40.914] |I| [run_app]: Module SceLibc (at "app0:sce_module/libc.suprx") module_start returned 0x0
[19:33:40.915] |D| [run_app]: Running module_start of library: SceFace at address 0x95FC5
[19:33:40.917] |I| [run_app]: Module SceFace (at "app0:sce_module/libface.suprx") module_start returned 0x0
[19:33:40.917] |D| [run_app]: Running module_start of library: SceLibFios2 at address 0x9B001
[19:33:40.919] |W| [stubbed_impl]: Stubbed sceKernelGetProcessId import called. (pid: 0)
[19:33:40.919] |W| [unimplemented_impl]: Unimplemented sceFiosKernelOverlayGetList02 import called.
[19:33:40.920] |I| [run_app]: Module SceLibFios2 (at "app0:sce_module/libfios2.suprx") module_start returned 0x0
[19:33:40.920] |D| [run_app]: Running module_start of library: SceSmart at address 0xCD17D
[19:33:40.922] |I| [run_app]: Module SceSmart (at "app0:sce_module/libsmart.suprx") module_start returned 0x0
[19:33:40.923] |D| [run_app]: Running module_start of library: SceUlt at address 0x2E6769
[19:33:40.925] |W| [unimplemented_impl]: Unimplemented _sceUlobjMgrRegisterLibultProtocolRevision import called.
[19:33:40.925] |I| [run_app]: Module SceUlt (at "app0:sce_module/libult.suprx") module_start returned 0x0
[19:33:40.928] |W| [unimplemented_impl]: Unimplemented _sceKernelRegisterThreadEventHandler import called.
[19:33:40.960] |E| [call_import]: Import function for NID 0xD7F0F610 not found (thread name: PCSB00770, thread ID: 10)
[19:33:40.960] |W| [stubbed_impl]: Stubbed sceKernelGetFreeMemorySize import called. (Single pool)
[19:33:40.961] |W| [unimplemented_impl]: Unimplemented sceAppUtilInit import called.
[19:33:40.973] |C| [load_self]: Unknown segment type 0x6FFFFF01
[19:33:40.973] |I| [load_self]: Loaded module segment 0 @ [0x0F129000 - 0x0F12F6A0 / 0x81000000] (size: 0x000066A0) of module app0:/Media/Modules/pthread.suprx
[19:33:40.973] |I| [load_self]: Loaded module segment 1 @ [0x0F130000 - 0x0F132168 / 0x81007000] (size: 0x00002168) of module app0:/Media/Modules/pthread.suprx
[19:33:40.973] |I| [load_self]: Loading symbols for SELF: app0:/Media/Modules/pthread.suprx
[19:33:40.973] |D| [load_var_exports]: 	NID 0x6C2224BA (NID_MODULE_INFO) at 0xF12E398
[19:33:40.973] |D| [load_var_exports]: 	NID 0x936C8A78 (SYSLYB) at 0xF12F69C
[19:33:40.975] |I| [export__sceKernelLoadStartModule]: Module PTHREAD_PRX (at "app0:/Media/Modules/pthread.suprx") module_start returned 0x0
[19:33:40.977] |C| [load_self]: Unknown segment type 0x6FFFFF01
[19:33:40.977] |I| [load_self]: Loaded module segment 0 @ [0x0F134000 - 0x0F1396A8 / 0x81000000] (size: 0x000056A8) of module app0:/Media/Modules/SUPRXManager.suprx
[19:33:40.977] |I| [load_self]: Loaded module segment 1 @ [0x01E20000 - 0x01E20044 / 0x81006000] (size: 0x00000044) of module app0:/Media/Modules/SUPRXManager.suprx
[19:33:40.977] |I| [load_self]: Loading symbols for SELF: app0:/Media/Modules/SUPRXManager.suprx
[19:33:40.977] |D| [load_var_exports]: 	NID 0x6C2224BA (NID_MODULE_INFO) at 0xF138F98
[19:33:40.978] |D| [load_var_exports]: 	NID 0x936C8A78 (SYSLYB) at 0xF1395EC
[19:33:40.980] |I| [export__sceKernelLoadStartModule]: Module SUPRXManager (at "app0:/Media/Modules/SUPRXManager.suprx") module_start returned 0x0
[19:33:41.016] |C| [load_self]: Unknown segment type 0x6FFFFF01
[19:33:41.017] |I| [load_self]: Loaded module segment 0 @ [0x0F13C000 - 0x0F387A54 / 0x81000000] (size: 0x0024BA54) of module app0:/Media/Modules/mono-vita.suprx
[19:33:41.017] |I| [load_self]: Loaded module segment 1 @ [0x0F388000 - 0x0F3EFC60 / 0x8124C000] (size: 0x00067C60) of module app0:/Media/Modules/mono-vita.suprx
[19:33:41.017] |I| [load_self]: Loading symbols for SELF: app0:/Media/Modules/mono-vita.suprx
[19:33:41.017] |D| [load_var_exports]: 	NID 0x6C2224BA (NID_MODULE_INFO) at 0xF2CF674
[19:33:41.017] |D| [load_var_exports]: 	NID 0x936C8A78 (SYSLYB) at 0xF36A83C
[19:33:41.021] |I| [export__sceKernelLoadStartModule]: Module MONO (at "app0:/Media/Modules/mono-vita.suprx") module_start returned 0x0
[19:33:41.039] |W| [unimplemented_impl]: Unimplemented sceKernelChangeThreadVfpException import called.
[19:33:41.039] |W| [unimplemented_impl]: Unimplemented sceFiosKernelOverlayThreadSetDisabled02 import called.
[19:33:41.053] |W| [unimplemented_impl]: Unimplemented sceFiosKernelOverlayGetRecommendedScheduler02 import called.
[19:33:41.054] |I| [export__sceIoOpen]: Opening file: app0:/archive.psarc
[19:33:41.066] |I| [export__sceIoOpen]: Opening file: app0:/archive.psarc
[19:33:41.075] |I| [export__sceIoOpen]: Opening file: app0:/archive_patch.psarc
[19:33:41.119] |I| [export__sceIoOpen]: Opening file: app0:/archive_patch.psarc
[19:33:41.153] |E| [call_import]: Import function for NID 0xE340CF22 not found (thread name: Unity_main_thread, thread ID: 70)
[19:33:41.154] |I| [export__sceIoOpen]: Opening file: app0:/mono/etc/mono/config
[19:33:41.154] |E| [open_file]: Missing file at D:/Emulateurs/Vita3K/mc/ux0/app/PCSB00770/mono/etc/mono/config (target path: app0:/mono/etc/mono/config)
[19:33:41.154] |W| [io_error_impl]: open_file (_sceIoOpen) returned 0x80010002
[19:33:41.155] |I| [export__sceIoOpen]: Opening file: app0:/.mono/config
[19:33:41.155] |E| [open_file]: Missing file at D:/Emulateurs/Vita3K/mc/ux0/app/PCSB00770/.mono/config (target path: app0:/.mono/config)
[19:33:41.155] |W| [io_error_impl]: open_file (_sceIoOpen) returned 0x80010002
[19:33:41.158] |I| [export__sceIoOpen]: Opening file: /proc/cpuinfo
[19:33:41.160] |E| [open_file]: Cannot find device for path: /proc/cpuinfo
[19:33:41.160] |W| [io_error_impl]: open_file (_sceIoOpen) returned 0x80010002
[19:33:41.166] |E| [call_import]: Import function for NID 0xE340CF1D not found (thread name: Unity_main_thread, thread ID: 70)
[19:33:41.167] |I| [export__sceIoOpen]: Opening file: app0:Media/Managed/mono/config
[19:33:41.167] |E| [open_file]: Missing file at D:/Emulateurs/Vita3K/mc/ux0/app/PCSB00770/Media/Managed/mono/config (target path: app0:Media/Managed/mono/config)
[19:33:41.167] |W| [io_error_impl]: open_file (_sceIoOpen) returned 0x80010002
[19:33:41.167] |I| [export__sceIoOpen]: Opening file: app0:/.mono/config
[19:33:41.168] |E| [open_file]: Missing file at D:/Emulateurs/Vita3K/mc/ux0/app/PCSB00770/.mono/config (target path: app0:/.mono/config)
[19:33:41.168] |W| [io_error_impl]: open_file (_sceIoOpen) returned 0x80010002
[19:33:41.168] |E| [call_import]: Import function for NID 0xE340CF25 not found (thread name: Unity_main_thread, thread ID: 70)
[19:33:41.168] |E| [call_import]: Import function for NID 0xE340C00A not found (thread name: Unity_main_thread, thread ID: 70)
[19:33:41.171] |I| [export__sceIoOpen]: Opening file: /proc/cpuinfo
[19:33:41.171] |E| [open_file]: Cannot find device for path: /proc/cpuinfo
[19:33:41.172] |W| [io_error_impl]: open_file (_sceIoOpen) returned 0x80010002
[19:33:41.173] |E| [call_import]: Import function for NID 0xE340CF28 not found (thread name: Unity_main_thread, thread ID: 70)
[19:33:41.177] |W| [stubbed_impl]: Stubbed _sceKernelGetThreadInfo import called. (STUB)
[19:33:41.177] |W| [unimplemented_impl]: Unimplemented _sceKernelWaitException import called.
[19:33:41.178] |W| [unimplemented_impl]: Unimplemented _sceKernelGetThreadContextForVM import called.
[19:33:41.179] |W| [unimplemented_impl]: Unimplemented sceKernelCallAbortHandler import called.
[19:33:41.179] |E| [logging::ret_error_impl]: _sceKernelDeleteLwMutex returned SCE_KERNEL_ERROR_UNKNOWN_LW_MUTEX_ID (0x80028181)
[19:33:41.180] |E| [log_error_details]: Unicorn error 0xA. Invalid instruction (UC_ERR_INSN_INVALID)
[19:33:41.180] |E| [log_error_details]: PC: 0x00095fcc,   SP: 0x0f6065f8,   LR: 0x00005353
[19:33:41.180] |E| [log_error_details]: r0 : 0x00000000   r6 : 0x00013014
[19:33:41.180] |E| [log_error_details]: r1 : 0x0f606600   r7 : 0x000001b8
[19:33:41.180] |E| [log_error_details]: r2 : 0x00000006   r8 : 0x00000000
[19:33:41.180] |E| [log_error_details]: r3 : 0x00095fcc   r9 : 0x00000000
[19:33:41.180] |E| [log_error_details]: r4 : 0x00000003   r10: 0x00000000
[19:33:41.180] |E| [log_error_details]: r5 : 0x0f6067c8   r11: 0x00000000
[19:33:41.180] |E| [log_error_details]: r12: 0x00000000
[19:33:41.180] |E| [log_error_details]: Executing: .byte 0x10, 0xb5
[19:33:41.181] |I| [log_stack_frames]: stack information
[19:33:41.181] |E| [run_thread]: Thread ExceptionHandlerThread experienced a unicorn error.
[19:33:41.183] |I| [export__sceIoOpen]: Opening file: app0:/app0/mscorlib.dll
[19:33:41.183] |E| [open_file]: Missing file at D:/Emulateurs/Vita3K/mc/ux0/app/PCSB00770/app0/mscorlib.dll (target path: app0:/app0/mscorlib.dll)
[19:33:41.183] |W| [io_error_impl]: open_file (_sceIoOpen) returned 0x80010002
[19:33:41.183] |I| [export__sceIoOpen]: Opening file: app0:/Media/Managed/mscorlib.dll
[19:33:41.205] |I| [export__sceIoOpen]: Opening file: app0:Media/Managed/mono/gac/policy.2.0.mscorlib/0.0.0.0__b77a5c561934e089/policy.2.0.mscorlib.dll
[19:33:41.206] |E| [open_file]: Missing file at D:/Emulateurs/Vita3K/mc/ux0/app/PCSB00770/Media/Managed/mono/gac/policy.2.0.mscorlib/0.0.0.0__b77a5c561934e089/policy.2.0.mscorlib.dll (target path: app0:Media/Managed/mono/gac/policy.2.0.mscorlib/0.0.0.0__b77a5c561934e089/policy.2.0.mscorlib.dll)
[19:33:41.206] |W| [io_error_impl]: open_file (_sceIoOpen) returned 0x80010002
[19:33:41.206] |I| [export__sceIoOpen]: Opening file: app0:/app0/mscorlib.dll
[19:33:41.206] |E| [open_file]: Missing file at D:/Emulateurs/Vita3K/mc/ux0/app/PCSB00770/app0/mscorlib.dll (target path: app0:/app0/mscorlib.dll)
[19:33:41.207] |W| [io_error_impl]: open_file (_sceIoOpen) returned 0x80010002
[19:33:41.207] |I| [export__sceIoOpen]: Opening file: app0:/Media/Managed/mscorlib.dll.config
[19:33:41.207] |E| [open_file]: Missing file at D:/Emulateurs/Vita3K/mc/ux0/app/PCSB00770/Media/Managed/mscorlib.dll.config (target path: app0:/Media/Managed/mscorlib.dll.config)
[19:33:41.207] |W| [io_error_impl]: open_file (_sceIoOpen) returned 0x80010002
[19:33:41.207] |I| [export__sceIoOpen]: Opening file: app0:Media/Managed/mono/assemblies/mscorlib/mscorlib.config
[19:33:41.207] |E| [open_file]: Missing file at D:/Emulateurs/Vita3K/mc/ux0/app/PCSB00770/Media/Managed/mono/assemblies/mscorlib/mscorlib.config (target path: app0:Media/Managed/mono/assemblies/mscorlib/mscorlib.config)
[19:33:41.208] |W| [io_error_impl]: open_file (_sceIoOpen) returned 0x80010002
[19:33:41.265] |W| [unimplemented_impl]: Unimplemented _sceKernelGetSemaInfo import called.
[19:33:41.267] |E| [call_import]: Import function for NID 0xE340CF18 not found (thread name: Unity_main_thread, thread ID: 70)
[19:33:41.280] |W| [unimplemented_impl]: Unimplemented sceAppUtilLoadSafeMemory import called.
[19:33:41.299] |W| [unimplemented_impl]: Unimplemented sceTouchEnableTouchForce import called.
[19:33:41.299] |E| [logging::ret_error_impl]: _sceKernelLockLwMutex returned SCE_KERNEL_ERROR_UNKNOWN_LW_MUTEX_ID (0x80028181)
[19:33:41.356] |W| [unimplemented_impl]: Unimplemented sceAppMgrAcquireBgmPort import called.
[19:33:41.385] |W| [stubbed_impl]: Stubbed sceGxmMapMemory import called. (always return success)
[19:33:41.386] |W| [stubbed_impl]: Stubbed sceGxmMapFragmentUsseMemory import called. (always return success)
[19:33:41.410] |W| [stubbed_impl]: Stubbed sceGxmMapVertexUsseMemory import called. (always return success)
[19:33:41.412] |W| [stubbed_impl]: Stubbed sceGxmGetRenderTargetMemSize import called. (2MB host mem)
[19:33:41.524] |W| [stubbed_impl]: Stubbed sceKernelChangeThreadPriority import called. (STUB)
[19:33:41.528] |E| [call_import]: Import function for NID 0xE340CF12 not found (thread name: Unity_main_thread, thread ID: 70)
[19:33:41.541] |D| [export_sceGxmTextureInitCube]: sceGxmTextureInitCube Inimplemeted: width: 1, height: 1
[19:33:41.630] |W| [stubbed_impl]: Stubbed sceAudiodecTermLibrary import called. (EMPTY)
[19:33:41.630] |W| [unimplemented_impl]: Unimplemented sceSysmoduleUnloadModule import called.
[19:33:41.631] |W| [unimplemented_impl]: Unimplemented sceNgsSystemSetFlags import called.
[19:33:41.640] |W| [unimplemented_impl]: Unimplemented sceNgsVoiceSetParamsBlock import called.
[19:33:41.667] |I| [export__sceIoOpen]: Opening file: app0:/Media/Managed/UnityEngine.dll
[19:33:41.696] |I| [export__sceIoOpen]: Opening file: app0:/Media/Managed/UnityEngine.dll.config
[19:33:41.696] |E| [open_file]: Missing file at D:/Emulateurs/Vita3K/mc/ux0/app/PCSB00770/Media/Managed/UnityEngine.dll.config (target path: app0:/Media/Managed/UnityEngine.dll.config)
[19:33:41.696] |W| [io_error_impl]: open_file (_sceIoOpen) returned 0x80010002
[19:33:41.697] |I| [export__sceIoOpen]: Opening file: app0:Media/Managed/mono/assemblies/UnityEngine/UnityEngine.config
[19:33:41.697] |E| [open_file]: Missing file at D:/Emulateurs/Vita3K/mc/ux0/app/PCSB00770/Media/Managed/mono/assemblies/UnityEngine/UnityEngine.config (target path: app0:Media/Managed/mono/assemblies/UnityEngine/UnityEngine.config)
[19:33:41.697] |W| [io_error_impl]: open_file (_sceIoOpen) returned 0x80010002
[19:33:41.699] |E| [call_import]: Import function for NID 0xE340CF15 not found (thread name: Unity_main_thread, thread ID: 70)
[19:33:41.702] |I| [export__sceIoOpen]: Opening file: app0:Media/Managed/mono/gac/policy.2.0.mscorlib/0.0.0.0__b77a5c561934e089/policy.2.0.mscorlib.dll
[19:33:41.702] |E| [open_file]: Missing file at D:/Emulateurs/Vita3K/mc/ux0/app/PCSB00770/Media/Managed/mono/gac/policy.2.0.mscorlib/0.0.0.0__b77a5c561934e089/policy.2.0.mscorlib.dll (target path: app0:Media/Managed/mono/gac/policy.2.0.mscorlib/0.0.0.0__b77a5c561934e089/policy.2.0.mscorlib.dll)
[19:33:41.702] |W| [io_error_impl]: open_file (_sceIoOpen) returned 0x80010002
[19:33:41.708] |E| [call_import]: Import function for NID 0xE340CF19 not found (thread name: Unity_main_thread, thread ID: 70)
[19:33:41.708] |E| [call_import]: Import function for NID 0xE340CF1C not found (thread name: Unity_main_thread, thread ID: 70)
[19:33:41.777] |W| [unimplemented_impl]: Unimplemented sceKernelSuspendThreadForVM import called.
[19:33:41.779] |W| [unimplemented_impl]: Unimplemented sceKernelResumeThreadForVM import called.
[19:33:41.783] |E| [call_import]: Import function for NID 0xE340CF16 not found (thread name: Unity_main_thread, thread ID: 70)
[19:33:41.783] |I| [export__sceIoOpen]: Opening file: app0:/Media/Managed/Assembly-CSharp-firstpass.dll
[19:33:41.803] |I| [export__sceIoOpen]: Opening file: app0:/Media/Managed/Assembly-CSharp-firstpass.dll.config
[19:33:41.803] |E| [open_file]: Missing file at D:/Emulateurs/Vita3K/mc/ux0/app/PCSB00770/Media/Managed/Assembly-CSharp-firstpass.dll.config (target path: app0:/Media/Managed/Assembly-CSharp-firstpass.dll.config)
[19:33:41.803] |W| [io_error_impl]: open_file (_sceIoOpen) returned 0x80010002
[19:33:41.803] |I| [export__sceIoOpen]: Opening file: app0:Media/Managed/mono/assemblies/Assembly-CSharp-firstpass/Assembly-CSharp-firstpass.config
[19:33:41.803] |E| [open_file]: Missing file at D:/Emulateurs/Vita3K/mc/ux0/app/PCSB00770/Media/Managed/mono/assemblies/Assembly-CSharp-firstpass/Assembly-CSharp-firstpass.config (target path: app0:Media/Managed/mono/assemblies/Assembly-CSharp-firstpass/Assembly-CSharp-firstpass.config)
[19:33:41.804] |W| [io_error_impl]: open_file (_sceIoOpen) returned 0x80010002
[19:33:41.804] |E| [call_import]: Import function for NID 0xE340CF14 not found (thread name: Unity_main_thread, thread ID: 70)
[19:33:41.804] |I| [export__sceIoOpen]: Opening file: app0:/Media/Managed/Assembly-CSharp.dll
[19:33:41.878] |I| [export__sceIoOpen]: Opening file: app0:Media/Managed/mono/gac/policy.3.5.System.Core/0.0.0.0__b77a5c561934e089/policy.3.5.System.Core.dll
[19:33:41.879] |E| [open_file]: Missing file at D:/Emulateurs/Vita3K/mc/ux0/app/PCSB00770/Media/Managed/mono/gac/policy.3.5.System.Core/0.0.0.0__b77a5c561934e089/policy.3.5.System.Core.dll (target path: app0:Media/Managed/mono/gac/policy.3.5.System.Core/0.0.0.0__b77a5c561934e089/policy.3.5.System.Core.dll)
[19:33:41.879] |W| [io_error_impl]: open_file (_sceIoOpen) returned 0x80010002
[19:33:41.879] |E| [stat_file]: Cannot find device for path: app0/System.Core.dll
[19:33:41.879] |W| [io_error_impl]: stat_file (_sceIoGetstat) returned 0x80010002
[19:33:41.880] |E| [stat_file]: Cannot find device for path: app0/System.Core.exe
[19:33:41.880] |W| [io_error_impl]: stat_file (_sceIoGetstat) returned 0x80010002
[19:33:41.880] |E| [stat_file]: Cannot find device for path: app0/System.Core/System.Core.dll
[19:33:41.880] |W| [io_error_impl]: stat_file (_sceIoGetstat) returned 0x80010002
[19:33:41.880] |E| [stat_file]: Cannot find device for path: app0/System.Core/System.Core.exe
[19:33:41.880] |W| [io_error_impl]: stat_file (_sceIoGetstat) returned 0x80010002
[19:33:41.880] |E| [stat_file]: Cannot find device for path: Media/Managed/System.Core.dll
[19:33:41.880] |W| [io_error_impl]: stat_file (_sceIoGetstat) returned 0x80010002
[19:33:41.880] |E| [stat_file]: Cannot find device for path: Media/Managed/System.Core.exe
[19:33:41.881] |W| [io_error_impl]: stat_file (_sceIoGetstat) returned 0x80010002
[19:33:41.881] |E| [stat_file]: Cannot find device for path: Media/Managed/System.Core/System.Core.dll
[19:33:41.881] |W| [io_error_impl]: stat_file (_sceIoGetstat) returned 0x80010002
[19:33:41.881] |E| [stat_file]: Cannot find device for path: Media/Managed/System.Core/System.Core.exe
[19:33:41.881] |W| [io_error_impl]: stat_file (_sceIoGetstat) returned 0x80010002
[19:33:41.881] |I| [export__sceIoOpen]: Opening file: app0:Media/Managed/mono/gac/System.Core/3.5.0.0__b77a5c561934e089/System.Core.dll
[19:33:41.882] |E| [open_file]: Missing file at D:/Emulateurs/Vita3K/mc/ux0/app/PCSB00770/Media/Managed/mono/gac/System.Core/3.5.0.0__b77a5c561934e089/System.Core.dll (target path: app0:Media/Managed/mono/gac/System.Core/3.5.0.0__b77a5c561934e089/System.Core.dll)
[19:33:41.882] |W| [io_error_impl]: open_file (_sceIoOpen) returned 0x80010002
[19:33:41.882] |I| [export__sceIoOpen]: Opening file: app0:Media/Managed/System.Core.dll
[19:33:41.884] |I| [export__sceIoOpen]: Opening file: app0:Media/Managed/System.Core.dll.config
[19:33:41.884] |E| [open_file]: Missing file at D:/Emulateurs/Vita3K/mc/ux0/app/PCSB00770/Media/Managed/System.Core.dll.config (target path: app0:Media/Managed/System.Core.dll.config)
[19:33:41.884] |W| [io_error_impl]: open_file (_sceIoOpen) returned 0x80010002
[19:33:41.884] |I| [export__sceIoOpen]: Opening file: app0:Media/Managed/mono/assemblies/System.Core/System.Core.config
[19:33:41.884] |E| [open_file]: Missing file at D:/Emulateurs/Vita3K/mc/ux0/app/PCSB00770/Media/Managed/mono/assemblies/System.Core/System.Core.config (target path: app0:Media/Managed/mono/assemblies/System.Core/System.Core.config)
[19:33:41.885] |W| [io_error_impl]: open_file (_sceIoOpen) returned 0x80010002
[19:33:41.885] |I| [export__sceIoOpen]: Opening file: app0:Media/Managed/mono/gac/policy.2.0.System/0.0.0.0__b77a5c561934e089/policy.2.0.System.dll
[19:33:41.885] |E| [open_file]: Missing file at D:/Emulateurs/Vita3K/mc/ux0/app/PCSB00770/Media/Managed/mono/gac/policy.2.0.System/0.0.0.0__b77a5c561934e089/policy.2.0.System.dll (target path: app0:Media/Managed/mono/gac/policy.2.0.System/0.0.0.0__b77a5c561934e089/policy.2.0.System.dll)
[19:33:41.885] |W| [io_error_impl]: open_file (_sceIoOpen) returned 0x80010002
[19:33:41.885] |E| [stat_file]: Cannot find device for path: app0/System.dll
[19:33:41.885] |W| [io_error_impl]: stat_file (_sceIoGetstat) returned 0x80010002
[19:33:41.885] |E| [stat_file]: Cannot find device for path: app0/System.exe
[19:33:41.885] |W| [io_error_impl]: stat_file (_sceIoGetstat) returned 0x80010002
[19:33:41.886] |E| [stat_file]: Cannot find device for path: app0/System/System.dll
[19:33:41.886] |W| [io_error_impl]: stat_file (_sceIoGetstat) returned 0x80010002
[19:33:41.886] |E| [stat_file]: Cannot find device for path: app0/System/System.exe
[19:33:41.886] |W| [io_error_impl]: stat_file (_sceIoGetstat) returned 0x80010002
[19:33:41.886] |E| [stat_file]: Cannot find device for path: Media/Managed/System.dll
[19:33:41.886] |W| [io_error_impl]: stat_file (_sceIoGetstat) returned 0x80010002
[19:33:41.886] |E| [stat_file]: Cannot find device for path: Media/Managed/System.exe
[19:33:41.886] |W| [io_error_impl]: stat_file (_sceIoGetstat) returned 0x80010002
[19:33:41.886] |E| [stat_file]: Cannot find device for path: Media/Managed/System/System.dll
[19:33:41.886] |W| [io_error_impl]: stat_file (_sceIoGetstat) returned 0x80010002
[19:33:41.887] |E| [stat_file]: Cannot find device for path: Media/Managed/System/System.exe
[19:33:41.887] |W| [io_error_impl]: stat_file (_sceIoGetstat) returned 0x80010002
[19:33:41.887] |I| [export__sceIoOpen]: Opening file: app0:Media/Managed/mono/gac/System/2.0.0.0__b77a5c561934e089/System.dll
[19:33:41.887] |E| [open_file]: Missing file at D:/Emulateurs/Vita3K/mc/ux0/app/PCSB00770/Media/Managed/mono/gac/System/2.0.0.0__b77a5c561934e089/System.dll (target path: app0:Media/Managed/mono/gac/System/2.0.0.0__b77a5c561934e089/System.dll)
[19:33:41.887] |W| [io_error_impl]: open_file (_sceIoOpen) returned 0x80010002
[19:33:41.891] |I| [export__sceIoOpen]: Opening file: app0:Media/Managed/System.dll
[19:33:41.902] |I| [export__sceIoOpen]: Opening file: app0:Media/Managed/mono/gac/policy.2.0.System.Configuration/0.0.0.0__b03f5f7f11d50a3a/policy.2.0.System.Configuration.dll
[19:33:41.902] |E| [open_file]: Missing file at D:/Emulateurs/Vita3K/mc/ux0/app/PCSB00770/Media/Managed/mono/gac/policy.2.0.System.Configuration/0.0.0.0__b03f5f7f11d50a3a/policy.2.0.System.Configuration.dll (target path: app0:Media/Managed/mono/gac/policy.2.0.System.Configuration/0.0.0.0__b03f5f7f11d50a3a/policy.2.0.System.Configuration.dll)
[19:33:41.902] |W| [io_error_impl]: open_file (_sceIoOpen) returned 0x80010002
[19:33:41.902] |E| [stat_file]: Cannot find device for path: app0/System.Configuration.dll
[19:33:41.903] |W| [io_error_impl]: stat_file (_sceIoGetstat) returned 0x80010002
[19:33:41.904] |E| [stat_file]: Cannot find device for path: app0/System.Configuration.exe
[19:33:41.904] |W| [io_error_impl]: stat_file (_sceIoGetstat) returned 0x80010002
[19:33:41.904] |E| [stat_file]: Cannot find device for path: app0/System.Configuration/System.Configuration.dll
[19:33:41.905] |W| [io_error_impl]: stat_file (_sceIoGetstat) returned 0x80010002
[19:33:41.905] |E| [stat_file]: Cannot find device for path: app0/System.Configuration/System.Configuration.exe
[19:33:41.905] |W| [io_error_impl]: stat_file (_sceIoGetstat) returned 0x80010002
[19:33:41.905] |E| [stat_file]: Cannot find device for path: Media/Managed/System.Configuration.dll
[19:33:41.905] |W| [io_error_impl]: stat_file (_sceIoGetstat) returned 0x80010002
[19:33:41.905] |E| [stat_file]: Cannot find device for path: Media/Managed/System.Configuration.exe
[19:33:41.905] |W| [io_error_impl]: stat_file (_sceIoGetstat) returned 0x80010002
[19:33:41.905] |E| [stat_file]: Cannot find device for path: Media/Managed/System.Configuration/System.Configuration.dll
[19:33:41.905] |W| [io_error_impl]: stat_file (_sceIoGetstat) returned 0x80010002
[19:33:41.905] |E| [stat_file]: Cannot find device for path: Media/Managed/System.Configuration/System.Configuration.exe
[19:33:41.906] |W| [io_error_impl]: stat_file (_sceIoGetstat) returned 0x80010002
[19:33:41.906] |I| [export__sceIoOpen]: Opening file: app0:Media/Managed/mono/gac/System.Configuration/2.0.0.0__b03f5f7f11d50a3a/System.Configuration.dll
[19:33:41.906] |E| [open_file]: Missing file at D:/Emulateurs/Vita3K/mc/ux0/app/PCSB00770/Media/Managed/mono/gac/System.Configuration/2.0.0.0__b03f5f7f11d50a3a/System.Configuration.dll (target path: app0:Media/Managed/mono/gac/System.Configuration/2.0.0.0__b03f5f7f11d50a3a/System.Configuration.dll)
[19:33:41.906] |W| [io_error_impl]: open_file (_sceIoOpen) returned 0x80010002
[19:33:41.906] |I| [export__sceIoOpen]: Opening file: app0:Media/Managed/System.Configuration.dll
[19:33:41.917] |I| [export__sceIoOpen]: Opening file: app0:Media/Managed/mono/gac/policy.2.0.System.Xml/0.0.0.0__b77a5c561934e089/policy.2.0.System.Xml.dll
[19:33:41.917] |E| [open_file]: Missing file at D:/Emulateurs/Vita3K/mc/ux0/app/PCSB00770/Media/Managed/mono/gac/policy.2.0.System.Xml/0.0.0.0__b77a5c561934e089/policy.2.0.System.Xml.dll (target path: app0:Media/Managed/mono/gac/policy.2.0.System.Xml/0.0.0.0__b77a5c561934e089/policy.2.0.System.Xml.dll)
[19:33:41.917] |W| [io_error_impl]: open_file (_sceIoOpen) returned 0x80010002
[19:33:41.918] |E| [stat_file]: Cannot find device for path: app0/System.Xml.dll
[19:33:41.918] |W| [io_error_impl]: stat_file (_sceIoGetstat) returned 0x80010002
[19:33:41.918] |E| [stat_file]: Cannot find device for path: app0/System.Xml.exe
[19:33:41.918] |W| [io_error_impl]: stat_file (_sceIoGetstat) returned 0x80010002
[19:33:41.918] |E| [stat_file]: Cannot find device for path: app0/System.Xml/System.Xml.dll
[19:33:41.918] |W| [io_error_impl]: stat_file (_sceIoGetstat) returned 0x80010002
[19:33:41.922] |E| [stat_file]: Cannot find device for path: app0/System.Xml/System.Xml.exe
[19:33:41.922] |W| [io_error_impl]: stat_file (_sceIoGetstat) returned 0x80010002
[19:33:41.922] |E| [stat_file]: Cannot find device for path: Media/Managed/System.Xml.dll
[19:33:41.922] |W| [io_error_impl]: stat_file (_sceIoGetstat) returned 0x80010002
[19:33:41.922] |E| [stat_file]: Cannot find device for path: Media/Managed/System.Xml.exe
[19:33:41.922] |W| [io_error_impl]: stat_file (_sceIoGetstat) returned 0x80010002
[19:33:41.922] |E| [stat_file]: Cannot find device for path: Media/Managed/System.Xml/System.Xml.dll
[19:33:41.922] |W| [io_error_impl]: stat_file (_sceIoGetstat) returned 0x80010002
[19:33:41.923] |E| [stat_file]: Cannot find device for path: Media/Managed/System.Xml/System.Xml.exe
[19:33:41.923] |W| [io_error_impl]: stat_file (_sceIoGetstat) returned 0x80010002
[19:33:41.923] |I| [export__sceIoOpen]: Opening file: app0:Media/Managed/mono/gac/System.Xml/2.0.0.0__b77a5c561934e089/System.Xml.dll
[19:33:41.923] |E| [open_file]: Missing file at D:/Emulateurs/Vita3K/mc/ux0/app/PCSB00770/Media/Managed/mono/gac/System.Xml/2.0.0.0__b77a5c561934e089/System.Xml.dll (target path: app0:Media/Managed/mono/gac/System.Xml/2.0.0.0__b77a5c561934e089/System.Xml.dll)
[19:33:41.923] |W| [io_error_impl]: open_file (_sceIoOpen) returned 0x80010002
[19:33:41.923] |I| [export__sceIoOpen]: Opening file: app0:Media/Managed/System.Xml.dll
[19:33:41.938] |I| [export__sceIoOpen]: Opening file: app0:Media/Managed/System.Xml.dll.config
[19:33:41.938] |E| [open_file]: Missing file at D:/Emulateurs/Vita3K/mc/ux0/app/PCSB00770/Media/Managed/System.Xml.dll.config (target path: app0:Media/Managed/System.Xml.dll.config)
[19:33:41.938] |W| [io_error_impl]: open_file (_sceIoOpen) returned 0x80010002
[19:33:41.939] |I| [export__sceIoOpen]: Opening file: app0:Media/Managed/mono/assemblies/System.Xml/System.Xml.config
[19:33:41.939] |E| [open_file]: Missing file at D:/Emulateurs/Vita3K/mc/ux0/app/PCSB00770/Media/Managed/mono/assemblies/System.Xml/System.Xml.config (target path: app0:Media/Managed/mono/assemblies/System.Xml/System.Xml.config)
[19:33:41.939] |W| [io_error_impl]: open_file (_sceIoOpen) returned 0x80010002
[19:33:41.939] |I| [export__sceIoOpen]: Opening file: app0:Media/Managed/mono/gac/policy.2.0.System.Security/0.0.0.0__b03f5f7f11d50a3a/policy.2.0.System.Security.dll
[19:33:41.939] |E| [open_file]: Missing file at D:/Emulateurs/Vita3K/mc/ux0/app/PCSB00770/Media/Managed/mono/gac/policy.2.0.System.Security/0.0.0.0__b03f5f7f11d50a3a/policy.2.0.System.Security.dll (target path: app0:Media/Managed/mono/gac/policy.2.0.System.Security/0.0.0.0__b03f5f7f11d50a3a/policy.2.0.System.Security.dll)
[19:33:41.939] |W| [io_error_impl]: open_file (_sceIoOpen) returned 0x80010002
[19:33:41.939] |E| [stat_file]: Cannot find device for path: app0/System.Security.dll
[19:33:41.939] |W| [io_error_impl]: stat_file (_sceIoGetstat) returned 0x80010002
[19:33:41.940] |E| [stat_file]: Cannot find device for path: app0/System.Security.exe
[19:33:41.940] |W| [io_error_impl]: stat_file (_sceIoGetstat) returned 0x80010002
[19:33:41.940] |E| [stat_file]: Cannot find device for path: app0/System.Security/System.Security.dll
[19:33:41.940] |W| [io_error_impl]: stat_file (_sceIoGetstat) returned 0x80010002
[19:33:41.940] |E| [stat_file]: Cannot find device for path: app0/System.Security/System.Security.exe
[19:33:41.940] |W| [io_error_impl]: stat_file (_sceIoGetstat) returned 0x80010002
[19:33:41.940] |E| [stat_file]: Cannot find device for path: Media/Managed/System.Security.dll
[19:33:41.940] |W| [io_error_impl]: stat_file (_sceIoGetstat) returned 0x80010002
[19:33:41.940] |E| [stat_file]: Cannot find device for path: Media/Managed/System.Security.exe
[19:33:41.941] |W| [io_error_impl]: stat_file (_sceIoGetstat) returned 0x80010002
[19:33:41.941] |E| [stat_file]: Cannot find device for path: Media/Managed/System.Security/System.Security.dll
[19:33:41.941] |W| [io_error_impl]: stat_file (_sceIoGetstat) returned 0x80010002
[19:33:41.941] |E| [stat_file]: Cannot find device for path: Media/Managed/System.Security/System.Security.exe
[19:33:41.941] |W| [io_error_impl]: stat_file (_sceIoGetstat) returned 0x80010002
[19:33:41.941] |I| [export__sceIoOpen]: Opening file: app0:Media/Managed/mono/gac/System.Security/2.0.0.0__b03f5f7f11d50a3a/System.Security.dll
[19:33:41.941] |E| [open_file]: Missing file at D:/Emulateurs/Vita3K/mc/ux0/app/PCSB00770/Media/Managed/mono/gac/System.Security/2.0.0.0__b03f5f7f11d50a3a/System.Security.dll (target path: app0:Media/Managed/mono/gac/System.Security/2.0.0.0__b03f5f7f11d50a3a/System.Security.dll)
[19:33:41.941] |W| [io_error_impl]: open_file (_sceIoOpen) returned 0x80010002
[19:33:41.942] |I| [export__sceIoOpen]: Opening file: app0:Media/Managed/System.Security.dll
[19:33:41.943] |I| [export__sceIoOpen]: Opening file: app0:Media/Managed/System.Security.dll.config
[19:33:41.943] |E| [open_file]: Missing file at D:/Emulateurs/Vita3K/mc/ux0/app/PCSB00770/Media/Managed/System.Security.dll.config (target path: app0:Media/Managed/System.Security.dll.config)
[19:33:41.943] |W| [io_error_impl]: open_file (_sceIoOpen) returned 0x80010002
[19:33:41.943] |I| [export__sceIoOpen]: Opening file: app0:Media/Managed/mono/assemblies/System.Security/System.Security.config
[19:33:41.943] |E| [open_file]: Missing file at D:/Emulateurs/Vita3K/mc/ux0/app/PCSB00770/Media/Managed/mono/assemblies/System.Security/System.Security.config (target path: app0:Media/Managed/mono/assemblies/System.Security/System.Security.config)
[19:33:41.944] |W| [io_error_impl]: open_file (_sceIoOpen) returned 0x80010002
[19:33:41.944] |I| [export__sceIoOpen]: Opening file: app0:Media/Managed/System.Configuration.dll.config
[19:33:41.944] |E| [open_file]: Missing file at D:/Emulateurs/Vita3K/mc/ux0/app/PCSB00770/Media/Managed/System.Configuration.dll.config (target path: app0:Media/Managed/System.Configuration.dll.config)
[19:33:41.944] |W| [io_error_impl]: open_file (_sceIoOpen) returned 0x80010002
[19:33:41.944] |I| [export__sceIoOpen]: Opening file: app0:Media/Managed/mono/assemblies/System.Configuration/System.Configuration.config
[19:33:41.944] |E| [open_file]: Missing file at D:/Emulateurs/Vita3K/mc/ux0/app/PCSB00770/Media/Managed/mono/assemblies/System.Configuration/System.Configuration.config (target path: app0:Media/Managed/mono/assemblies/System.Configuration/System.Configuration.config)
[19:33:41.945] |W| [io_error_impl]: open_file (_sceIoOpen) returned 0x80010002
[19:33:41.945] |I| [export__sceIoOpen]: Opening file: app0:Media/Managed/System.dll.config
[19:33:41.945] |E| [open_file]: Missing file at D:/Emulateurs/Vita3K/mc/ux0/app/PCSB00770/Media/Managed/System.dll.config (target path: app0:Media/Managed/System.dll.config)
[19:33:41.945] |W| [io_error_impl]: open_file (_sceIoOpen) returned 0x80010002
[19:33:41.945] |I| [export__sceIoOpen]: Opening file: app0:Media/Managed/mono/assemblies/System/System.config
[19:33:41.945] |E| [open_file]: Missing file at D:/Emulateurs/Vita3K/mc/ux0/app/PCSB00770/Media/Managed/mono/assemblies/System/System.config (target path: app0:Media/Managed/mono/assemblies/System/System.config)
[19:33:41.945] |W| [io_error_impl]: open_file (_sceIoOpen) returned 0x80010002
[19:33:41.946] |E| [stat_file]: Cannot find device for path: app0/SonyNP.dll
[19:33:41.946] |W| [io_error_impl]: stat_file (_sceIoGetstat) returned 0x80010002
[19:33:41.946] |E| [stat_file]: Cannot find device for path: app0/SonyNP.exe
[19:33:41.946] |W| [io_error_impl]: stat_file (_sceIoGetstat) returned 0x80010002
[19:33:41.946] |E| [stat_file]: Cannot find device for path: app0/SonyNP/SonyNP.dll
[19:33:41.946] |W| [io_error_impl]: stat_file (_sceIoGetstat) returned 0x80010002
[19:33:41.946] |E| [stat_file]: Cannot find device for path: app0/SonyNP/SonyNP.exe
[19:33:41.946] |W| [io_error_impl]: stat_file (_sceIoGetstat) returned 0x80010002
[19:33:41.946] |E| [stat_file]: Cannot find device for path: Media/Managed/SonyNP.dll
[19:33:41.946] |W| [io_error_impl]: stat_file (_sceIoGetstat) returned 0x80010002
[19:33:41.947] |E| [stat_file]: Cannot find device for path: Media/Managed/SonyNP.exe
[19:33:41.947] |W| [io_error_impl]: stat_file (_sceIoGetstat) returned 0x80010002
[19:33:41.947] |E| [stat_file]: Cannot find device for path: Media/Managed/SonyNP/SonyNP.dll
[19:33:41.947] |W| [io_error_impl]: stat_file (_sceIoGetstat) returned 0x80010002
[19:33:41.947] |E| [stat_file]: Cannot find device for path: Media/Managed/SonyNP/SonyNP.exe
[19:33:41.947] |W| [io_error_impl]: stat_file (_sceIoGetstat) returned 0x80010002
[19:33:41.947] |I| [export__sceIoOpen]: Opening file: app0:Media/Managed/SonyNP.dll
[19:33:41.958] |I| [export__sceIoOpen]: Opening file: app0:Media/Managed/SonyNP.dll.config
[19:33:41.958] |E| [open_file]: Missing file at D:/Emulateurs/Vita3K/mc/ux0/app/PCSB00770/Media/Managed/SonyNP.dll.config (target path: app0:Media/Managed/SonyNP.dll.config)
[19:33:41.959] |W| [io_error_impl]: open_file (_sceIoOpen) returned 0x80010002
[19:33:41.959] |I| [export__sceIoOpen]: Opening file: app0:Media/Managed/mono/assemblies/SonyNP/SonyNP.config
[19:33:41.959] |E| [open_file]: Missing file at D:/Emulateurs/Vita3K/mc/ux0/app/PCSB00770/Media/Managed/mono/assemblies/SonyNP/SonyNP.config (target path: app0:Media/Managed/mono/assemblies/SonyNP/SonyNP.config)
[19:33:41.959] |W| [io_error_impl]: open_file (_sceIoOpen) returned 0x80010002
[19:33:41.959] |E| [stat_file]: Cannot find device for path: app0/SonyVitaSavedGames.dll
[19:33:41.959] |W| [io_error_impl]: stat_file (_sceIoGetstat) returned 0x80010002
[19:33:41.959] |E| [stat_file]: Cannot find device for path: app0/SonyVitaSavedGames.exe
[19:33:41.959] |W| [io_error_impl]: stat_file (_sceIoGetstat) returned 0x80010002
[19:33:41.959] |E| [stat_file]: Cannot find device for path: app0/SonyVitaSavedGames/SonyVitaSavedGames.dll
[19:33:41.960] |W| [io_error_impl]: stat_file (_sceIoGetstat) returned 0x80010002
[19:33:41.960] |E| [stat_file]: Cannot find device for path: app0/SonyVitaSavedGames/SonyVitaSavedGames.exe
[19:33:41.960] |W| [io_error_impl]: stat_file (_sceIoGetstat) returned 0x80010002
[19:33:41.960] |E| [stat_file]: Cannot find device for path: Media/Managed/SonyVitaSavedGames.dll
[19:33:41.960] |W| [io_error_impl]: stat_file (_sceIoGetstat) returned 0x80010002
[19:33:41.960] |E| [stat_file]: Cannot find device for path: Media/Managed/SonyVitaSavedGames.exe
[19:33:41.960] |W| [io_error_impl]: stat_file (_sceIoGetstat) returned 0x80010002
[19:33:41.961] |E| [stat_file]: Cannot find device for path: Media/Managed/SonyVitaSavedGames/SonyVitaSavedGames.dll
[19:33:41.961] |W| [io_error_impl]: stat_file (_sceIoGetstat) returned 0x80010002
[19:33:41.961] |E| [stat_file]: Cannot find device for path: Media/Managed/SonyVitaSavedGames/SonyVitaSavedGames.exe
[19:33:41.961] |W| [io_error_impl]: stat_file (_sceIoGetstat) returned 0x80010002
[19:33:41.961] |I| [export__sceIoOpen]: Opening file: app0:Media/Managed/SonyVitaSavedGames.dll
[19:33:41.962] |I| [export__sceIoOpen]: Opening file: app0:Media/Managed/SonyVitaSavedGames.dll.config
[19:33:41.963] |E| [open_file]: Missing file at D:/Emulateurs/Vita3K/mc/ux0/app/PCSB00770/Media/Managed/SonyVitaSavedGames.dll.config (target path: app0:Media/Managed/SonyVitaSavedGames.dll.config)
[19:33:41.963] |W| [io_error_impl]: open_file (_sceIoOpen) returned 0x80010002
[19:33:41.963] |I| [export__sceIoOpen]: Opening file: app0:Media/Managed/mono/assemblies/SonyVitaSavedGames/SonyVitaSavedGames.config
[19:33:41.963] |E| [open_file]: Missing file at D:/Emulateurs/Vita3K/mc/ux0/app/PCSB00770/Media/Managed/mono/assemblies/SonyVitaSavedGames/SonyVitaSavedGames.config (target path: app0:Media/Managed/mono/assemblies/SonyVitaSavedGames/SonyVitaSavedGames.config)
[19:33:41.963] |W| [io_error_impl]: open_file (_sceIoOpen) returned 0x80010002
[19:33:41.963] |I| [export__sceIoOpen]: Opening file: app0:/Media/Managed/Assembly-CSharp.dll.config
[19:33:41.963] |E| [open_file]: Missing file at D:/Emulateurs/Vita3K/mc/ux0/app/PCSB00770/Media/Managed/Assembly-CSharp.dll.config (target path: app0:/Media/Managed/Assembly-CSharp.dll.config)
[19:33:41.963] |W| [io_error_impl]: open_file (_sceIoOpen) returned 0x80010002
[19:33:41.964] |I| [export__sceIoOpen]: Opening file: app0:Media/Managed/mono/assemblies/Assembly-CSharp/Assembly-CSharp.config
[19:33:41.964] |E| [open_file]: Missing file at D:/Emulateurs/Vita3K/mc/ux0/app/PCSB00770/Media/Managed/mono/assemblies/Assembly-CSharp/Assembly-CSharp.config (target path: app0:Media/Managed/mono/assemblies/Assembly-CSharp/Assembly-CSharp.config)
[19:33:41.964] |W| [io_error_impl]: open_file (_sceIoOpen) returned 0x80010002
[19:33:41.964] |I| [export__sceIoOpen]: Opening file: app0:/Media/Managed/Assembly-UnityScript-firstpass.dll
[19:33:41.982] |I| [export__sceIoOpen]: Opening file: app0:Media/Managed/mono/gac/policy.2.0.Boo.Lang/0.0.0.0__32c39770e9a21a67/policy.2.0.Boo.Lang.dll
[19:33:41.983] |E| [open_file]: Missing file at D:/Emulateurs/Vita3K/mc/ux0/app/PCSB00770/Media/Managed/mono/gac/policy.2.0.Boo.Lang/0.0.0.0__32c39770e9a21a67/policy.2.0.Boo.Lang.dll (target path: app0:Media/Managed/mono/gac/policy.2.0.Boo.Lang/0.0.0.0__32c39770e9a21a67/policy.2.0.Boo.Lang.dll)
[19:33:41.983] |W| [io_error_impl]: open_file (_sceIoOpen) returned 0x80010002
[19:33:41.983] |E| [stat_file]: Cannot find device for path: app0/Boo.Lang.dll
[19:33:41.983] |W| [io_error_impl]: stat_file (_sceIoGetstat) returned 0x80010002
[19:33:41.983] |E| [stat_file]: Cannot find device for path: app0/Boo.Lang.exe
[19:33:41.983] |W| [io_error_impl]: stat_file (_sceIoGetstat) returned 0x80010002
[19:33:41.983] |E| [stat_file]: Cannot find device for path: app0/Boo.Lang/Boo.Lang.dll
[19:33:41.983] |W| [io_error_impl]: stat_file (_sceIoGetstat) returned 0x80010002
[19:33:41.983] |E| [stat_file]: Cannot find device for path: app0/Boo.Lang/Boo.Lang.exe
[19:33:41.984] |W| [io_error_impl]: stat_file (_sceIoGetstat) returned 0x80010002
[19:33:41.984] |E| [stat_file]: Cannot find device for path: Media/Managed/Boo.Lang.dll
[19:33:41.984] |W| [io_error_impl]: stat_file (_sceIoGetstat) returned 0x80010002
[19:33:41.984] |E| [stat_file]: Cannot find device for path: Media/Managed/Boo.Lang.exe
[19:33:41.984] |W| [io_error_impl]: stat_file (_sceIoGetstat) returned 0x80010002
[19:33:41.984] |E| [stat_file]: Cannot find device for path: Media/Managed/Boo.Lang/Boo.Lang.dll
[19:33:41.984] |W| [io_error_impl]: stat_file (_sceIoGetstat) returned 0x80010002
[19:33:41.984] |E| [stat_file]: Cannot find device for path: Media/Managed/Boo.Lang/Boo.Lang.exe
[19:33:41.984] |W| [io_error_impl]: stat_file (_sceIoGetstat) returned 0x80010002
[19:33:41.985] |I| [export__sceIoOpen]: Opening file: app0:Media/Managed/mono/gac/Boo.Lang/2.0.9.5__32c39770e9a21a67/Boo.Lang.dll
[19:33:41.985] |E| [open_file]: Missing file at D:/Emulateurs/Vita3K/mc/ux0/app/PCSB00770/Media/Managed/mono/gac/Boo.Lang/2.0.9.5__32c39770e9a21a67/Boo.Lang.dll (target path: app0:Media/Managed/mono/gac/Boo.Lang/2.0.9.5__32c39770e9a21a67/Boo.Lang.dll)
[19:33:41.985] |W| [io_error_impl]: open_file (_sceIoOpen) returned 0x80010002
[19:33:41.985] |I| [export__sceIoOpen]: Opening file: app0:Media/Managed/Boo.Lang.dll
[19:33:41.986] |I| [export__sceIoOpen]: Opening file: app0:Media/Managed/Boo.Lang.dll.config
[19:33:41.986] |E| [open_file]: Missing file at D:/Emulateurs/Vita3K/mc/ux0/app/PCSB00770/Media/Managed/Boo.Lang.dll.config (target path: app0:Media/Managed/Boo.Lang.dll.config)
[19:33:41.986] |W| [io_error_impl]: open_file (_sceIoOpen) returned 0x80010002
[19:33:41.986] |I| [export__sceIoOpen]: Opening file: app0:Media/Managed/mono/assemblies/Boo.Lang/Boo.Lang.config
[19:33:41.987] |E| [open_file]: Missing file at D:/Emulateurs/Vita3K/mc/ux0/app/PCSB00770/Media/Managed/mono/assemblies/Boo.Lang/Boo.Lang.config (target path: app0:Media/Managed/mono/assemblies/Boo.Lang/Boo.Lang.config)
[19:33:41.987] |W| [io_error_impl]: open_file (_sceIoOpen) returned 0x80010002
[19:33:41.987] |I| [export__sceIoOpen]: Opening file: app0:/Media/Managed/Assembly-UnityScript-firstpass.dll.config
[19:33:41.987] |E| [open_file]: Missing file at D:/Emulateurs/Vita3K/mc/ux0/app/PCSB00770/Media/Managed/Assembly-UnityScript-firstpass.dll.config (target path: app0:/Media/Managed/Assembly-UnityScript-firstpass.dll.config)
[19:33:41.987] |W| [io_error_impl]: open_file (_sceIoOpen) returned 0x80010002
[19:33:41.987] |I| [export__sceIoOpen]: Opening file: app0:Media/Managed/mono/assemblies/Assembly-UnityScript-firstpass/Assembly-UnityScript-firstpass.config
[19:33:41.987] |E| [open_file]: Missing file at D:/Emulateurs/Vita3K/mc/ux0/app/PCSB00770/Media/Managed/mono/assemblies/Assembly-UnityScript-firstpass/Assembly-UnityScript-firstpass.config (target path: app0:Media/Managed/mono/assemblies/Assembly-UnityScript-firstpass/Assembly-UnityScript-firstpass.config)
[19:33:41.987] |W| [io_error_impl]: open_file (_sceIoOpen) returned 0x80010002
[19:33:41.988] |I| [export__sceIoOpen]: Opening file: app0:/Media/Managed/SonyNP.dll
[19:33:41.988] |I| [export__sceIoOpen]: Opening file: app0:Media/Managed/SonyNP.dll.config
[19:33:41.988] |E| [open_file]: Missing file at D:/Emulateurs/Vita3K/mc/ux0/app/PCSB00770/Media/Managed/SonyNP.dll.config (target path: app0:Media/Managed/SonyNP.dll.config)
[19:33:41.988] |W| [io_error_impl]: open_file (_sceIoOpen) returned 0x80010002
[19:33:41.988] |I| [export__sceIoOpen]: Opening file: app0:Media/Managed/mono/assemblies/SonyNP/SonyNP.config
[19:33:41.989] |E| [open_file]: Missing file at D:/Emulateurs/Vita3K/mc/ux0/app/PCSB00770/Media/Managed/mono/assemblies/SonyNP/SonyNP.config (target path: app0:Media/Managed/mono/assemblies/SonyNP/SonyNP.config)
[19:33:41.989] |W| [io_error_impl]: open_file (_sceIoOpen) returned 0x80010002
[19:33:41.989] |I| [export__sceIoOpen]: Opening file: app0:/Media/Managed/SonyVitaSavedGames.dll
[19:33:41.990] |I| [export__sceIoOpen]: Opening file: app0:Media/Managed/SonyVitaSavedGames.dll.config
[19:33:41.990] |E| [open_file]: Missing file at D:/Emulateurs/Vita3K/mc/ux0/app/PCSB00770/Media/Managed/SonyVitaSavedGames.dll.config (target path: app0:Media/Managed/SonyVitaSavedGames.dll.config)
[19:33:41.990] |W| [io_error_impl]: open_file (_sceIoOpen) returned 0x80010002
[19:33:41.990] |I| [export__sceIoOpen]: Opening file: app0:Media/Managed/mono/assemblies/SonyVitaSavedGames/SonyVitaSavedGames.config
[19:33:41.990] |E| [open_file]: Missing file at D:/Emulateurs/Vita3K/mc/ux0/app/PCSB00770/Media/Managed/mono/assemblies/SonyVitaSavedGames/SonyVitaSavedGames.config (target path: app0:Media/Managed/mono/assemblies/SonyVitaSavedGames/SonyVitaSavedGames.config)
[19:33:41.990] |W| [io_error_impl]: open_file (_sceIoOpen) returned 0x80010002
[19:33:42.016] |E| [call_import]: Import function for NID 0xE340CF1E not found (thread name: Unity_main_thread, thread ID: 70)
[19:33:43.426] |E| [call_import]: Import function for NID 0xE340CF17 not found (thread name: Unity_main_thread, thread ID: 70)
[19:33:43.479] |E| [logging::ret_error_impl]: sceKernelTryLockLwMutex returned SCE_KERNEL_ERROR_LW_MUTEX_FAILED_TO_OWN (0x80028185)
[19:33:43.525] |I| [export__sceIoOpen]: Opening file: app0:Media/Managed/mono/gac/policy.2.0.mscorlib/0.0.0.0__7cec85d7bea7798e/policy.2.0.mscorlib.dll
[19:33:43.526] |E| [open_file]: Missing file at D:/Emulateurs/Vita3K/mc/ux0/app/PCSB00770/Media/Managed/mono/gac/policy.2.0.mscorlib/0.0.0.0__7cec85d7bea7798e/policy.2.0.mscorlib.dll (target path: app0:Media/Managed/mono/gac/policy.2.0.mscorlib/0.0.0.0__7cec85d7bea7798e/policy.2.0.mscorlib.dll)
[19:33:43.526] |W| [io_error_impl]: open_file (_sceIoOpen) returned 0x80010002
[19:33:43.527] |E| [stat_file]: Cannot find device for path: app0/mscorlib.dll
[19:33:43.527] |W| [io_error_impl]: stat_file (_sceIoGetstat) returned 0x80010002
[19:33:43.527] |E| [stat_file]: Cannot find device for path: app0/mscorlib.exe
[19:33:43.527] |W| [io_error_impl]: stat_file (_sceIoGetstat) returned 0x80010002
[19:33:43.528] |E| [stat_file]: Cannot find device for path: app0/mscorlib/mscorlib.dll
[19:33:43.528] |W| [io_error_impl]: stat_file (_sceIoGetstat) returned 0x80010002
[19:33:43.528] |E| [stat_file]: Cannot find device for path: app0/mscorlib/mscorlib.exe
[19:33:43.528] |W| [io_error_impl]: stat_file (_sceIoGetstat) returned 0x80010002
[19:33:43.528] |E| [stat_file]: Cannot find device for path: Media/Managed/mscorlib.dll
[19:33:43.528] |W| [io_error_impl]: stat_file (_sceIoGetstat) returned 0x80010002
[19:33:43.528] |E| [stat_file]: Cannot find device for path: Media/Managed/mscorlib.exe
[19:33:43.529] |W| [io_error_impl]: stat_file (_sceIoGetstat) returned 0x80010002
[19:33:43.529] |E| [stat_file]: Cannot find device for path: Media/Managed/mscorlib/mscorlib.dll
[19:33:43.529] |W| [io_error_impl]: stat_file (_sceIoGetstat) returned 0x80010002
[19:33:43.529] |E| [stat_file]: Cannot find device for path: Media/Managed/mscorlib/mscorlib.exe
[19:33:43.529] |W| [io_error_impl]: stat_file (_sceIoGetstat) returned 0x80010002
[19:33:43.591] |I| [export__sceIoOpen]: Opening file: app0:Media/Managed/mono/gac/policy.2.0.System.Core/0.0.0.0__7cec85d7bea7798e/policy.2.0.System.Core.dll
[19:33:43.592] |E| [open_file]: Missing file at D:/Emulateurs/Vita3K/mc/ux0/app/PCSB00770/Media/Managed/mono/gac/policy.2.0.System.Core/0.0.0.0__7cec85d7bea7798e/policy.2.0.System.Core.dll (target path: app0:Media/Managed/mono/gac/policy.2.0.System.Core/0.0.0.0__7cec85d7bea7798e/policy.2.0.System.Core.dll)
[19:33:43.592] |W| [io_error_impl]: open_file (_sceIoOpen) returned 0x80010002
[19:33:43.593] |E| [stat_file]: Cannot find device for path: app0/System.Core.dll
[19:33:43.593] |W| [io_error_impl]: stat_file (_sceIoGetstat) returned 0x80010002
[19:33:43.593] |E| [stat_file]: Cannot find device for path: app0/System.Core.exe
[19:33:43.593] |W| [io_error_impl]: stat_file (_sceIoGetstat) returned 0x80010002
[19:33:43.593] |E| [stat_file]: Cannot find device for path: app0/System.Core/System.Core.dll
[19:33:43.593] |W| [io_error_impl]: stat_file (_sceIoGetstat) returned 0x80010002
[19:33:43.594] |E| [stat_file]: Cannot find device for path: app0/System.Core/System.Core.exe
[19:33:43.594] |W| [io_error_impl]: stat_file (_sceIoGetstat) returned 0x80010002
[19:33:43.594] |E| [stat_file]: Cannot find device for path: Media/Managed/System.Core.dll
[19:33:43.594] |W| [io_error_impl]: stat_file (_sceIoGetstat) returned 0x80010002
[19:33:43.595] |E| [stat_file]: Cannot find device for path: Media/Managed/System.Core.exe
[19:33:43.595] |W| [io_error_impl]: stat_file (_sceIoGetstat) returned 0x80010002
[19:33:43.595] |E| [stat_file]: Cannot find device for path: Media/Managed/System.Core/System.Core.dll
[19:33:43.595] |W| [io_error_impl]: stat_file (_sceIoGetstat) returned 0x80010002
[19:33:43.595] |E| [stat_file]: Cannot find device for path: Media/Managed/System.Core/System.Core.exe
[19:33:43.595] |W| [io_error_impl]: stat_file (_sceIoGetstat) returned 0x80010002
[19:33:43.596] |I| [export__sceIoOpen]: Opening file: app0:Media/Managed/mono/gac/System.Core/2.0.5.0__7cec85d7bea7798e/System.Core.dll
[19:33:43.596] |E| [open_file]: Missing file at D:/Emulateurs/Vita3K/mc/ux0/app/PCSB00770/Media/Managed/mono/gac/System.Core/2.0.5.0__7cec85d7bea7798e/System.Core.dll (target path: app0:Media/Managed/mono/gac/System.Core/2.0.5.0__7cec85d7bea7798e/System.Core.dll)
[19:33:43.596] |W| [io_error_impl]: open_file (_sceIoOpen) returned 0x80010002
[19:33:43.596] |I| [export__sceIoOpen]: Opening file: app0:/Media/Managed/System.Core.dll
[19:33:43.609] |I| [export__sceIoOpen]: Opening file: app0:Media/Managed/System.Core.dll.config
[19:33:43.613] |E| [open_file]: Missing file at D:/Emulateurs/Vita3K/mc/ux0/app/PCSB00770/Media/Managed/System.Core.dll.config (target path: app0:Media/Managed/System.Core.dll.config)
[19:33:43.613] |W| [io_error_impl]: open_file (_sceIoOpen) returned 0x80010002
[19:33:43.613] |I| [export__sceIoOpen]: Opening file: app0:Media/Managed/mono/assemblies/System.Core/System.Core.config
[19:33:43.613] |E| [open_file]: Missing file at D:/Emulateurs/Vita3K/mc/ux0/app/PCSB00770/Media/Managed/mono/assemblies/System.Core/System.Core.config (target path: app0:Media/Managed/mono/assemblies/System.Core/System.Core.config)
[19:33:43.613] |W| [io_error_impl]: open_file (_sceIoOpen) returned 0x80010002
[19:33:43.675] |E| [stat_file]: Cannot find device for path: app0/mscorlib.dll
[19:33:43.675] |W| [io_error_impl]: stat_file (_sceIoGetstat) returned 0x80010002
[19:33:43.675] |E| [stat_file]: Cannot find device for path: app0/mscorlib.exe
[19:33:43.675] |W| [io_error_impl]: stat_file (_sceIoGetstat) returned 0x80010002
[19:33:43.676] |E| [stat_file]: Cannot find device for path: app0/mscorlib/mscorlib.dll
[19:33:43.676] |W| [io_error_impl]: stat_file (_sceIoGetstat) returned 0x80010002
[19:33:43.676] |E| [stat_file]: Cannot find device for path: app0/mscorlib/mscorlib.exe
[19:33:43.676] |W| [io_error_impl]: stat_file (_sceIoGetstat) returned 0x80010002
[19:33:43.676] |E| [stat_file]: Cannot find device for path: Media/Managed/mscorlib.dll
[19:33:43.676] |W| [io_error_impl]: stat_file (_sceIoGetstat) returned 0x80010002
[19:33:43.676] |E| [stat_file]: Cannot find device for path: Media/Managed/mscorlib.exe
[19:33:43.676] |W| [io_error_impl]: stat_file (_sceIoGetstat) returned 0x80010002
[19:33:43.677] |E| [stat_file]: Cannot find device for path: Media/Managed/mscorlib/mscorlib.dll
[19:33:43.677] |W| [io_error_impl]: stat_file (_sceIoGetstat) returned 0x80010002
[19:33:43.677] |E| [stat_file]: Cannot find device for path: Media/Managed/mscorlib/mscorlib.exe
[19:33:43.677] |W| [io_error_impl]: stat_file (_sceIoGetstat) returned 0x80010002
[19:33:43.868] |E| [stat_file]: Cannot find device for path: app0/mscorlib.dll
[19:33:43.868] |W| [io_error_impl]: stat_file (_sceIoGetstat) returned 0x80010002
[19:33:43.868] |E| [stat_file]: Cannot find device for path: app0/mscorlib.exe
[19:33:43.868] |W| [io_error_impl]: stat_file (_sceIoGetstat) returned 0x80010002
[19:33:43.868] |E| [stat_file]: Cannot find device for path: app0/mscorlib/mscorlib.dll
[19:33:43.868] |W| [io_error_impl]: stat_file (_sceIoGetstat) returned 0x80010002
[19:33:43.868] |E| [stat_file]: Cannot find device for path: app0/mscorlib/mscorlib.exe
[19:33:43.869] |W| [io_error_impl]: stat_file (_sceIoGetstat) returned 0x80010002
[19:33:43.869] |E| [stat_file]: Cannot find device for path: Media/Managed/mscorlib.dll
[19:33:43.869] |W| [io_error_impl]: stat_file (_sceIoGetstat) returned 0x80010002
[19:33:43.869] |E| [stat_file]: Cannot find device for path: Media/Managed/mscorlib.exe
[19:33:43.869] |W| [io_error_impl]: stat_file (_sceIoGetstat) returned 0x80010002
[19:33:43.869] |E| [stat_file]: Cannot find device for path: Media/Managed/mscorlib/mscorlib.dll
[19:33:43.869] |W| [io_error_impl]: stat_file (_sceIoGetstat) returned 0x80010002
[19:33:43.869] |E| [stat_file]: Cannot find device for path: Media/Managed/mscorlib/mscorlib.exe
[19:33:43.869] |W| [io_error_impl]: stat_file (_sceIoGetstat) returned 0x80010002
[19:33:43.967] |I| [export__sceIoOpen]: Opening file: app0:Media/Managed/mono/gac/policy.2.0.System/0.0.0.0__7cec85d7bea7798e/policy.2.0.System.dll
[19:33:43.967] |E| [open_file]: Missing file at D:/Emulateurs/Vita3K/mc/ux0/app/PCSB00770/Media/Managed/mono/gac/policy.2.0.System/0.0.0.0__7cec85d7bea7798e/policy.2.0.System.dll (target path: app0:Media/Managed/mono/gac/policy.2.0.System/0.0.0.0__7cec85d7bea7798e/policy.2.0.System.dll)
[19:33:43.968] |W| [io_error_impl]: open_file (_sceIoOpen) returned 0x80010002
[19:33:43.968] |E| [stat_file]: Cannot find device for path: app0/System.dll
[19:33:43.968] |W| [io_error_impl]: stat_file (_sceIoGetstat) returned 0x80010002
[19:33:43.968] |E| [stat_file]: Cannot find device for path: app0/System.exe
[19:33:43.968] |W| [io_error_impl]: stat_file (_sceIoGetstat) returned 0x80010002
[19:33:43.968] |E| [stat_file]: Cannot find device for path: app0/System/System.dll
[19:33:43.969] |W| [io_error_impl]: stat_file (_sceIoGetstat) returned 0x80010002
[19:33:43.969] |E| [stat_file]: Cannot find device for path: app0/System/System.exe
[19:33:43.969] |W| [io_error_impl]: stat_file (_sceIoGetstat) returned 0x80010002
[19:33:43.969] |E| [stat_file]: Cannot find device for path: Media/Managed/System.dll
[19:33:43.969] |W| [io_error_impl]: stat_file (_sceIoGetstat) returned 0x80010002
[19:33:43.969] |E| [stat_file]: Cannot find device for path: Media/Managed/System.exe
[19:33:43.969] |W| [io_error_impl]: stat_file (_sceIoGetstat) returned 0x80010002
[19:33:43.969] |E| [stat_file]: Cannot find device for path: Media/Managed/System/System.dll
[19:33:43.969] |W| [io_error_impl]: stat_file (_sceIoGetstat) returned 0x80010002
[19:33:43.969] |E| [stat_file]: Cannot find device for path: Media/Managed/System/System.exe
[19:33:43.970] |W| [io_error_impl]: stat_file (_sceIoGetstat) returned 0x80010002
[19:33:43.970] |I| [export__sceIoOpen]: Opening file: app0:Media/Managed/mono/gac/System/2.0.0.0__7cec85d7bea7798e/System.dll
[19:33:43.970] |E| [open_file]: Missing file at D:/Emulateurs/Vita3K/mc/ux0/app/PCSB00770/Media/Managed/mono/gac/System/2.0.0.0__7cec85d7bea7798e/System.dll (target path: app0:Media/Managed/mono/gac/System/2.0.0.0__7cec85d7bea7798e/System.dll)
[19:33:43.970] |W| [io_error_impl]: open_file (_sceIoOpen) returned 0x80010002
[19:33:43.971] |I| [export__sceIoOpen]: Opening file: app0:/Media/Managed/System.dll
[19:33:43.980] |I| [export__sceIoOpen]: Opening file: app0:Media/Managed/System.dll.config
[19:33:43.980] |E| [open_file]: Missing file at D:/Emulateurs/Vita3K/mc/ux0/app/PCSB00770/Media/Managed/System.dll.config (target path: app0:Media/Managed/System.dll.config)
[19:33:43.980] |W| [io_error_impl]: open_file (_sceIoOpen) returned 0x80010002
[19:33:43.980] |I| [export__sceIoOpen]: Opening file: app0:Media/Managed/mono/assemblies/System/System.config
[19:33:43.981] |E| [open_file]: Missing file at D:/Emulateurs/Vita3K/mc/ux0/app/PCSB00770/Media/Managed/mono/assemblies/System/System.config (target path: app0:Media/Managed/mono/assemblies/System/System.config)
[19:33:43.981] |W| [io_error_impl]: open_file (_sceIoOpen) returned 0x80010002
[19:33:44.242] |E| [call_import]: Import function for NID 0xE340CF20 not found (thread name: 045D6460 UnityPreload, thread ID: 402)