[19:43:38.773] |I| [load_app_impl]: ngs experimental state: true
[19:43:38.773] |I| [load_app_impl]: video player state: true
[19:43:38.773] |I| [load_app_impl]: auto-lle: enabled
[19:43:38.773] |I| [load_app_impl]: Title: Stranded: A Mars Adventure
[19:43:38.773] |I| [load_app_impl]: Serial: PCSB00933
[19:43:38.773] |I| [load_app_impl]: Version: 1.03
[19:43:38.773] |I| [load_app_impl]: Category: gp
[19:43:38.804] |I| [load_self]: Loaded module segment 0 @ [0x00004000 - 0x000128D8 / 0x81000000] (size: 0x0000E8D8) of module os0:us/libkernel.suprx
[19:43:38.804] |I| [load_self]: Loaded module segment 1 @ [0x00013000 - 0x00013048 / 0x8100F000] (size: 0x00000048) of module os0:us/libkernel.suprx
[19:43:38.804] |I| [load_self]: Loading symbols for SELF: os0:us/libkernel.suprx
[19:43:38.804] |D| [load_var_exports]: 	NID 0x936C8A78 (SYSLYB) at 0x10AF0
[19:43:38.805] |D| [load_var_exports]: 	NID 0x6C2224BA (NID_MODULE_INFO) at 0xF250
[19:43:38.805] |D| [load_func_exports]: 	NID 0x120AFC8C (sceKernelUnlockLwMutex2) at 0x44B1
[19:43:38.805] |D| [load_func_exports]: 	NID 0x244E76D2 (sceKernelDeleteLwMutex) at 0xEAC5
[19:43:38.805] |D| [load_func_exports]: 	NID 0x3148C6B6 (sceKernelLockLwMutexCB) at 0x438D
[19:43:38.805] |D| [load_func_exports]: 	NID 0x46E7BE7B (sceKernelLockLwMutex) at 0x4391
[19:43:38.805] |D| [load_func_exports]: 	NID 0x4846613D (sceKernelGetLwMutexInfoById) at 0xEACD
[19:43:38.805] |D| [load_func_exports]: 	NID 0x4C4672BF (sceKernelGetProcessTime) at 0x47CF
[19:43:38.805] |D| [load_func_exports]: 	NID 0x91FA6614 (sceKernelUnlockLwMutex) at 0x4437
[19:43:38.805] |D| [load_func_exports]: 	NID 0xA6A2C915 (sceKernelTryLockLwMutex) at 0x43C1
[19:43:38.805] |D| [load_func_exports]: 	NID 0xB110C123 (sceKernelGetProcessTimeWide) at 0x4799
[19:43:38.805] |D| [load_func_exports]: 	NID 0xB84EF718 (_sceKernelCreateLwMutex) at 0xEAB1
[19:43:38.806] |D| [load_func_exports]: 	NID 0xDA6EC8EF (sceKernelCreateLwMutex) at 0x56ED
[19:43:38.806] |D| [load_func_exports]: 	NID 0xE9F973B1 (sceKernelGetProcessTimeLow) at 0x4771
[19:43:38.806] |D| [load_func_exports]: 	NID 0xF7D8F1FC (sceKernelGetLwMutexInfo) at 0x44A3
[19:43:38.806] |I| [pre_load_module]: Pre-load module SceLibKernel (at "us/libkernel.suprx") loaded
[19:43:38.810] |I| [load_self]: Loaded module segment 0 @ [0x00014000 - 0x000231D4 / 0x81000000] (size: 0x0000F1D4) of module os0:us/driver_us.suprx
[19:43:38.810] |I| [load_self]: Loaded module segment 1 @ [0x00024000 - 0x0002CF40 / 0x81010000] (size: 0x00008F40) of module os0:us/driver_us.suprx
[19:43:38.810] |I| [load_self]: Loading symbols for SELF: os0:us/driver_us.suprx
[19:43:38.810] |D| [load_var_exports]: 	NID 0x936C8A78 (SYSLYB) at 0x216E4
[19:43:38.810] |D| [load_var_exports]: 	NID 0x6C2224BA (NID_MODULE_INFO) at 0x20410
[19:43:38.810] |I| [pre_load_module]: Pre-load module SceDriverUser (at "us/driver_us.suprx") loaded
[19:43:38.842] |C| [load_self]: Unknown segment type 0x6FFFFF01
[19:43:38.842] |I| [load_self]: Loaded module segment 0 @ [0x0002D000 - 0x0007E8A4 / 0x81000000] (size: 0x000518A4) of module app0:sce_module/libc.suprx
[19:43:38.842] |I| [load_self]: Loaded module segment 1 @ [0x0007F000 - 0x000818A0 / 0x81052000] (size: 0x000028A0) of module app0:sce_module/libc.suprx
[19:43:38.843] |I| [load_self]: Loading symbols for SELF: app0:sce_module/libc.suprx
[19:43:38.843] |D| [load_var_exports]: 	NID 0x936C8A78 (SYSLYB) at 0x74314
[19:43:38.843] |D| [load_var_exports]: 	NID 0x6C2224BA (NID_MODULE_INFO) at 0x694DC
[19:43:38.843] |W| [load_var_imports]: 	NID NOT FOUND 0xDF084DFA (UNRECOGNISED) at 0x6F1D0, setting to stub value 0xDEADBEEF
[19:43:38.843] |I| [pre_load_module]: Pre-load module SceLibc (at "sce_module/libc.suprx") loaded
[19:43:38.856] |C| [load_self]: Unknown segment type 0x6FFFFF01
[19:43:38.856] |I| [load_self]: Loaded module segment 0 @ [0x00083000 - 0x0009C000 / 0x81000000] (size: 0x00019000) of module app0:sce_module/libface.suprx
[19:43:38.856] |I| [load_self]: Loaded module segment 1 @ [0x0009C000 - 0x0009C0F8 / 0x81019000] (size: 0x000000F8) of module app0:sce_module/libface.suprx
[19:43:38.856] |I| [load_self]: Loading symbols for SELF: app0:sce_module/libface.suprx
[19:43:38.856] |D| [load_var_exports]: 	NID 0x6C2224BA (NID_MODULE_INFO) at 0x98DA4
[19:43:38.856] |D| [load_var_exports]: 	NID 0x936C8A78 (SYSLYB) at 0x9B784
[19:43:38.857] |I| [pre_load_module]: Pre-load module SceFace (at "sce_module/libface.suprx") loaded
[19:43:38.862] |C| [load_self]: Unknown segment type 0x6FFFFF01
[19:43:38.862] |I| [load_self]: Loaded module segment 0 @ [0x0009D000 - 0x000C9CBF / 0x81000000] (size: 0x0002CCBF) of module app0:sce_module/libfios2.suprx
[19:43:38.862] |I| [load_self]: Loaded module segment 1 @ [0x000CA000 - 0x000CF255 / 0x8102D000] (size: 0x00005255) of module app0:sce_module/libfios2.suprx
[19:43:38.862] |I| [load_self]: Loading symbols for SELF: app0:sce_module/libfios2.suprx
[19:43:38.862] |D| [load_var_exports]: 	NID 0x936C8A78 (SYSLYB) at 0xC9BC8
[19:43:38.862] |D| [load_var_exports]: 	NID 0x6C2224BA (NID_MODULE_INFO) at 0xC0F08
[19:43:38.862] |I| [pre_load_module]: Pre-load module SceLibFios2 (at "sce_module/libfios2.suprx") loaded
[19:43:38.912] |C| [load_self]: Unknown segment type 0x6FFFFF01
[19:43:38.912] |I| [load_self]: Loaded module segment 0 @ [0x000D0000 - 0x002DDAF4 / 0x81000000] (size: 0x0020DAF4) of module app0:sce_module/libsmart.suprx
[19:43:38.913] |I| [load_self]: Loaded module segment 1 @ [0x002DE000 - 0x002E1444 / 0x8120E000] (size: 0x00003444) of module app0:sce_module/libsmart.suprx
[19:43:38.913] |I| [load_self]: Loading symbols for SELF: app0:sce_module/libsmart.suprx
[19:43:38.913] |D| [load_var_exports]: 	NID 0x6C2224BA (NID_MODULE_INFO) at 0x17B528
[19:43:38.913] |D| [load_var_exports]: 	NID 0x936C8A78 (SYSLYB) at 0x18290C
[19:43:38.913] |I| [pre_load_module]: Pre-load module SceSmart (at "sce_module/libsmart.suprx") loaded
[19:43:38.917] |C| [load_self]: Unknown segment type 0x6FFFFF01
[19:43:38.917] |I| [load_self]: Loaded module segment 0 @ [0x002E2000 - 0x002F59BC / 0x81000000] (size: 0x000139BC) of module app0:sce_module/libult.suprx
[19:43:38.917] |I| [load_self]: Loaded module segment 1 @ [0x002F6000 - 0x002F6814 / 0x81014000] (size: 0x00000814) of module app0:sce_module/libult.suprx
[19:43:38.917] |I| [load_self]: Loading symbols for SELF: app0:sce_module/libult.suprx
[19:43:38.917] |D| [load_var_exports]: 	NID 0x936C8A78 (SYSLYB) at 0x2F42E8
[19:43:38.917] |D| [load_var_exports]: 	NID 0x6C2224BA (NID_MODULE_INFO) at 0x2F1870
[19:43:38.917] |I| [pre_load_module]: Pre-load module SceUlt (at "sce_module/libult.suprx") loaded
[19:43:38.923] |I| [load_self]: Loaded module segment 0 @ [0x002F7000 - 0x00347F04 / 0x81000000] (size: 0x00050F04) of module vs0:sys/external/libSceFt2.suprx
[19:43:38.923] |I| [load_self]: Loaded module segment 1 @ [0x00348000 - 0x003482F4 / 0x81051000] (size: 0x000002F4) of module vs0:sys/external/libSceFt2.suprx
[19:43:38.923] |I| [load_self]: Loading symbols for SELF: vs0:sys/external/libSceFt2.suprx
[19:43:38.924] |D| [load_var_exports]: 	NID 0x936C8A78 (SYSLYB) at 0x3337DC
[19:43:38.924] |D| [load_var_exports]: 	NID 0x6C2224BA (NID_MODULE_INFO) at 0x332F10
[19:43:38.924] |I| [pre_load_module]: Pre-load module SceLibft2 (at "sys/external/libSceFt2.suprx") loaded
[19:43:38.925] |I| [load_self]: Loaded module segment 0 @ [0x00349000 - 0x00358F14 / 0x81000000] (size: 0x0000FF14) of module vs0:sys/external/libpvf.suprx
[19:43:38.925] |I| [load_self]: Loaded module segment 1 @ [0x00359000 - 0x00359008 / 0x81010000] (size: 0x00000008) of module vs0:sys/external/libpvf.suprx
[19:43:38.925] |I| [load_self]: Loading symbols for SELF: vs0:sys/external/libpvf.suprx
[19:43:38.925] |D| [load_var_exports]: 	NID 0x936C8A78 (SYSLYB) at 0x357710
[19:43:38.926] |D| [load_var_exports]: 	NID 0x6C2224BA (NID_MODULE_INFO) at 0x357300
[19:43:38.926] |I| [pre_load_module]: Pre-load module SceLibPvf (at "sys/external/libpvf.suprx") loaded
[19:43:39.332] |C| [load_self]: Unknown segment type 0x6FFFFF01
[19:43:39.332] |I| [load_self]: Loaded module segment 0 @ [0x0035A000 - 0x0133EE1C / 0x81000000] (size: 0x00FE4E1C) of module app0:eboot.bin
[19:43:39.332] |I| [load_self]: Loaded module segment 1 @ [0x0133F000 - 0x014937A0 / 0x81FE5000] (size: 0x001547A0) of module app0:eboot.bin
[19:43:39.332] |I| [load_self]: Loading symbols for SELF: app0:eboot.bin
[19:43:39.332] |D| [load_var_exports]: 	NID 0x6C2224BA (NID_MODULE_INFO) at 0x1134248
[19:43:39.332] |D| [load_var_exports]: 	NID 0x70FBA1E7 (SCE_PROC_PARAMS) at 0x1368CBC
[19:43:39.333] |D| [load_var_exports]: 	NID 0x936C8A78 (SYSLYB) at 0x128D2F8
[19:43:39.333] |W| [load_var_imports]: 	NID NOT FOUND 0x338B0BD1 (UNRECOGNISED) at 0x117FE30, setting to stub value 0xDEADBEEF
[19:43:39.333] |W| [load_var_imports]: 	NID NOT FOUND 0x3A451B91 (UNRECOGNISED) at 0x117FE1C, setting to stub value 0xDEADBEEF
[19:43:39.333] |W| [load_var_imports]: 	NID NOT FOUND 0x550DFE23 (UNRECOGNISED) at 0x117FE44, setting to stub value 0xDEADBEEF
[19:43:39.333] |W| [load_var_imports]: 	NID NOT FOUND 0x56354517 (UNRECOGNISED) at 0x117FDE4, setting to stub value 0xDEADBEEF
[19:43:39.333] |W| [load_var_imports]: 	NID NOT FOUND 0x5EF67445 (UNRECOGNISED) at 0x117FEA8, setting to stub value 0xDEADBEEF
[19:43:39.333] |W| [load_var_imports]: 	NID NOT FOUND 0x6ACA1D57 (UNRECOGNISED) at 0x117FE6C, setting to stub value 0xDEADBEEF
[19:43:39.333] |W| [load_var_imports]: 	NID NOT FOUND 0x71A78083 (UNRECOGNISED) at 0x117FE08, setting to stub value 0xDEADBEEF
[19:43:39.333] |W| [load_var_imports]: 	NID NOT FOUND 0x79F9DB75 (UNRECOGNISED) at 0x117FE58, setting to stub value 0xDEADBEEF
[19:43:39.334] |W| [load_var_imports]: 	NID NOT FOUND 0xAA0340C3 (UNRECOGNISED) at 0x117FE80, setting to stub value 0xDEADBEEF
[19:43:39.334] |W| [load_var_imports]: 	NID NOT FOUND 0xF9A1DE92 (UNRECOGNISED) at 0x117FE94, setting to stub value 0xDEADBEEF
[19:43:39.334] |W| [load_var_imports]: 	NID NOT FOUND 0x6EF1E48 (UNRECOGNISED) at 0x117FEBC, setting to stub value 0xDEADBEEF
[19:43:39.335] |I| [load_app_impl]: Main executable UnityPlayer_534_Release (eboot.bin) loaded
[19:43:39.338] |D| [run_app]: Running module_start of library: SceLibKernel at address 0x51F9
[19:43:39.340] |W| [unimplemented_impl]: Unimplemented _sceKernelRegisterLibkernelAddresses import called.
[19:43:39.340] |W| [unimplemented_impl]: Unimplemented _sceKernelBacktrace import called.
[19:43:39.340] |I| [run_app]: Module SceLibKernel (at "os0:us/libkernel.suprx") module_start returned 0x0
[19:43:39.340] |D| [run_app]: Running module_start of library: SceDriverUser at address 0x143E5
[19:43:39.342] |W| [unimplemented_impl]: Unimplemented sceMotionDevIsReady import called.
[19:43:40.345] |I| [run_app]: Module SceDriverUser (at "os0:us/driver_us.suprx") module_start returned 0x0
[19:43:40.346] |D| [run_app]: Running module_start of library: SceLibc at address 0x2D871
[19:43:40.349] |I| [run_app]: Module SceLibc (at "app0:sce_module/libc.suprx") module_start returned 0x0
[19:43:40.350] |D| [run_app]: Running module_start of library: SceFace at address 0x98265
[19:43:40.352] |I| [run_app]: Module SceFace (at "app0:sce_module/libface.suprx") module_start returned 0x0
[19:43:40.352] |D| [run_app]: Running module_start of library: SceLibFios2 at address 0x9D001
[19:43:40.354] |W| [stubbed_impl]: Stubbed sceKernelGetProcessId import called. (pid: 0)
[19:43:40.354] |W| [unimplemented_impl]: Unimplemented sceFiosKernelOverlayGetList02 import called.
[19:43:40.354] |I| [run_app]: Module SceLibFios2 (at "app0:sce_module/libfios2.suprx") module_start returned 0x0
[19:43:40.355] |D| [run_app]: Running module_start of library: SceSmart at address 0xD018D
[19:43:40.357] |I| [run_app]: Module SceSmart (at "app0:sce_module/libsmart.suprx") module_start returned 0x0
[19:43:40.357] |D| [run_app]: Running module_start of library: SceUlt at address 0x2E5771
[19:43:40.359] |W| [unimplemented_impl]: Unimplemented _sceUlobjMgrRegisterLibultProtocolRevision import called.
[19:43:40.359] |I| [run_app]: Module SceUlt (at "app0:sce_module/libult.suprx") module_start returned 0x0
[19:43:40.361] |W| [unimplemented_impl]: Unimplemented _sceKernelRegisterThreadEventHandler import called.
[19:43:40.448] |W| [stubbed_impl]: Stubbed sceKernelGetFreeMemorySize import called. (Single pool)
[19:43:40.448] |W| [unimplemented_impl]: Unimplemented sceAppUtilInit import called.
[19:43:40.474] |C| [load_self]: Unknown segment type 0x6FFFFF01
[19:43:40.474] |I| [load_self]: Loaded module segment 0 @ [0x018EA000 - 0x018F0C9C / 0x81000000] (size: 0x00006C9C) of module app0:/Media/Modules/pthread.suprx
[19:43:40.474] |I| [load_self]: Loaded module segment 1 @ [0x018F1000 - 0x018F3178 / 0x81007000] (size: 0x00002178) of module app0:/Media/Modules/pthread.suprx
[19:43:40.474] |I| [load_self]: Loading symbols for SELF: app0:/Media/Modules/pthread.suprx
[19:43:40.474] |D| [load_var_exports]: 	NID 0x6C2224BA (NID_MODULE_INFO) at 0x18EF7E4
[19:43:40.474] |D| [load_var_exports]: 	NID 0x936C8A78 (SYSLYB) at 0x18F0C98
[19:43:40.476] |I| [export__sceKernelLoadStartModule]: Module PTHREAD_PRX (at "app0:/Media/Modules/pthread.suprx") module_start returned 0x0
[19:43:40.517] |C| [load_self]: Unknown segment type 0x6FFFFF01
[19:43:40.517] |I| [load_self]: Loaded module segment 0 @ [0x018F5000 - 0x01B49224 / 0x81000000] (size: 0x00254224) of module app0:/Media/Modules/mono-vita.suprx
[19:43:40.517] |I| [load_self]: Loaded module segment 1 @ [0x01B4A000 - 0x01BB1D70 / 0x81255000] (size: 0x00067D70) of module app0:/Media/Modules/mono-vita.suprx
[19:43:40.517] |I| [load_self]: Loading symbols for SELF: app0:/Media/Modules/mono-vita.suprx
[19:43:40.518] |D| [load_var_exports]: 	NID 0x6C2224BA (NID_MODULE_INFO) at 0x1A8EDDC
[19:43:40.518] |D| [load_var_exports]: 	NID 0x936C8A78 (SYSLYB) at 0x1B2BE14
[19:43:40.521] |I| [export__sceKernelLoadStartModule]: Module MONO (at "app0:/Media/Modules/mono-vita.suprx") module_start returned 0x0
[19:43:40.617] |C| [load_self]: Unknown segment type 0x6FFFFF01
[19:43:40.618] |I| [load_self]: Loaded module segment 0 @ [0x01BB3000 - 0x0258D5D0 / 0x81000000] (size: 0x009DA5D0) of module app0:/Media/Modules/MonoAssembliesPSP2.suprx
[19:43:40.618] |I| [load_self]: Loaded module segment 1 @ [0x0258E000 - 0x027333A0 / 0x819DB000] (size: 0x001A53A0) of module app0:/Media/Modules/MonoAssembliesPSP2.suprx
[19:43:40.618] |I| [load_self]: Loading symbols for SELF: app0:/Media/Modules/MonoAssembliesPSP2.suprx
[19:43:40.618] |D| [load_var_exports]: 	NID 0x6C2224BA (NID_MODULE_INFO) at 0x2516814
[19:43:40.618] |D| [load_var_exports]: 	NID 0x936C8A78 (SYSLYB) at 0x258D5CC
[19:43:40.621] |I| [export__sceKernelLoadStartModule]: Module MonoAssembliesPSP2 (at "app0:/Media/Modules/MonoAssembliesPSP2.suprx") module_start returned 0x0
[19:43:40.623] |C| [load_self]: Unknown segment type 0x6FFFFF01
[19:43:40.623] |I| [load_self]: Loaded module segment 0 @ [0x02735000 - 0x0273A6E0 / 0x81000000] (size: 0x000056E0) of module app0:/Media/Modules/SUPRXManager.suprx
[19:43:40.623] |I| [load_self]: Loaded module segment 1 @ [0x014E0000 - 0x014E0044 / 0x81006000] (size: 0x00000044) of module app0:/Media/Modules/SUPRXManager.suprx
[19:43:40.624] |I| [load_self]: Loading symbols for SELF: app0:/Media/Modules/SUPRXManager.suprx
[19:43:40.624] |D| [load_var_exports]: 	NID 0x6C2224BA (NID_MODULE_INFO) at 0x2739FB8
[19:43:40.624] |D| [load_var_exports]: 	NID 0x936C8A78 (SYSLYB) at 0x273A624
[19:43:40.627] |I| [export__sceKernelLoadStartModule]: Module SUPRXManager (at "app0:/Media/Modules/SUPRXManager.suprx") module_start returned 0x0
[19:43:40.627] |I| [load_module]: Loading module ID: 0x55
[19:43:40.628] |C| [load_self]: Unknown segment type 0x6FFFFF01
[19:43:40.628] |I| [load_self]: Loaded module segment 0 @ [0x0273D000 - 0x02743230 / 0x81000000] (size: 0x00006230) of module sys/external/libSceJson.suprx
[19:43:40.628] |I| [load_self]: Loaded module segment 1 @ [0x0273B000 - 0x0273B049 / 0x81007000] (size: 0x00000049) of module sys/external/libSceJson.suprx
[19:43:40.628] |I| [load_self]: Loading symbols for SELF: sys/external/libSceJson.suprx
[19:43:40.628] |D| [load_var_exports]: 	NID 0x936C8A78 (SYSLYB) at 0x27430A8
[19:43:40.628] |D| [load_var_exports]: 	NID 0x6C2224BA (NID_MODULE_INFO) at 0x2742020
[19:43:40.629] |I| [load_module]: Module SceLibJson (at "sys/external/libSceJson.suprx") loaded
[19:43:40.665] |W| [unimplemented_impl]: Unimplemented sceKernelChangeThreadVfpException import called.
[19:43:40.665] |W| [unimplemented_impl]: Unimplemented sceFiosKernelOverlayThreadSetDisabled02 import called.
[19:43:40.677] |W| [unimplemented_impl]: Unimplemented sceFiosKernelOverlayGetRecommendedScheduler02 import called.
[19:43:40.678] |I| [export__sceIoOpen]: Opening file: app0:/archive.psarc
[19:43:40.678] |E| [open_file]: Missing file at D:/Emulateurs/Vita3K/mc/ux0/app/PCSB00933/archive.psarc (target path: app0:/archive.psarc)
[19:43:40.678] |W| [io_error_impl]: open_file (_sceIoOpen) returned 0x80010002
[19:43:40.682] |I| [export__sceIoOpen]: Opening file: app0:/archive_patch.psarc
[19:43:40.682] |E| [open_file]: Missing file at D:/Emulateurs/Vita3K/mc/ux0/app/PCSB00933/archive_patch.psarc (target path: app0:/archive_patch.psarc)
[19:43:40.682] |W| [io_error_impl]: open_file (_sceIoOpen) returned 0x80010002
[19:43:40.703] |E| [stat_file]: Cannot find device for path: /sharedassets17.assets
[19:43:40.703] |W| [io_error_impl]: stat_file (_sceIoDread) returned 0x80010002
[19:43:40.703] |W| [io_error_impl]: read_dir (_sceIoDread) returned 0x80010018
[19:43:40.731] |E| [open_dir]: Directory does not exist at: D:/Emulateurs/Vita3K/mc/_INVALID/ (target path: /archive/mount/point)
[19:43:40.732] |W| [io_error_impl]: open_dir (_sceIoDopen) returned 0x80010002
[19:43:40.732] |E| [open_dir]: Directory does not exist at: D:/Emulateurs/Vita3K/mc/ux0/user/00/savedata/PCSB00933/persistentdata/ (target path: savedata0:/persistentdata)
[19:43:40.733] |W| [io_error_impl]: open_dir (_sceIoDopen) returned 0x80010002
[19:43:40.738] |I| [export__sceIoOpen]: Opening file: app0:/mono/etc/mono/config
[19:43:40.739] |E| [open_file]: Missing file at D:/Emulateurs/Vita3K/mc/ux0/app/PCSB00933/mono/etc/mono/config (target path: app0:/mono/etc/mono/config)
[19:43:40.739] |W| [io_error_impl]: open_file (_sceIoOpen) returned 0x80010002
[19:43:40.739] |I| [export__sceIoOpen]: Opening file: app0:/.mono/config
[19:43:40.739] |E| [open_file]: Missing file at D:/Emulateurs/Vita3K/mc/ux0/app/PCSB00933/.mono/config (target path: app0:/.mono/config)
[19:43:40.739] |W| [io_error_impl]: open_file (_sceIoOpen) returned 0x80010002
[19:43:40.743] |I| [export__sceIoOpen]: Opening file: /proc/cpuinfo
[19:43:40.743] |E| [open_file]: Cannot find device for path: /proc/cpuinfo
[19:43:40.743] |W| [io_error_impl]: open_file (_sceIoOpen) returned 0x80010002
[19:43:40.751] |E| [call_import]: Import function for NID 0xE340C199 not found (thread name: Unity_main_thread, thread ID: 82)
[19:43:40.752] |I| [export__sceIoOpen]: Opening file: app0:Media/Managed/mono/config
[19:43:40.752] |E| [open_file]: Missing file at D:/Emulateurs/Vita3K/mc/ux0/app/PCSB00933/Media/Managed/mono/config (target path: app0:Media/Managed/mono/config)
[19:43:40.752] |W| [io_error_impl]: open_file (_sceIoOpen) returned 0x80010002
[19:43:40.752] |I| [export__sceIoOpen]: Opening file: app0:/.mono/config
[19:43:40.753] |E| [open_file]: Missing file at D:/Emulateurs/Vita3K/mc/ux0/app/PCSB00933/.mono/config (target path: app0:/.mono/config)
[19:43:40.753] |W| [io_error_impl]: open_file (_sceIoOpen) returned 0x80010002
[19:43:40.753] |E| [call_import]: Import function for NID 0xE340C1A1 not found (thread name: Unity_main_thread, thread ID: 82)
[19:43:40.753] |E| [call_import]: Import function for NID 0xE340C00A not found (thread name: Unity_main_thread, thread ID: 82)
[19:43:40.756] |I| [export__sceIoOpen]: Opening file: /proc/cpuinfo
[19:43:40.758] |E| [open_file]: Cannot find device for path: /proc/cpuinfo
[19:43:40.758] |W| [io_error_impl]: open_file (_sceIoOpen) returned 0x80010002
[19:43:40.760] |E| [call_import]: Import function for NID 0xE340C1A3 not found (thread name: Unity_main_thread, thread ID: 82)
[19:43:40.763] |W| [stubbed_impl]: Stubbed _sceKernelGetThreadInfo import called. (STUB)
[19:43:40.763] |W| [unimplemented_impl]: Unimplemented _sceKernelWaitException import called.
[19:43:40.764] |W| [unimplemented_impl]: Unimplemented _sceKernelGetThreadContextForVM import called.
[19:43:40.766] |W| [unimplemented_impl]: Unimplemented sceKernelCallAbortHandler import called.
[19:43:40.766] |E| [logging::ret_error_impl]: _sceKernelDeleteLwMutex returned SCE_KERNEL_ERROR_UNKNOWN_LW_MUTEX_ID (0x80028181)
[19:43:40.766] |E| [log_error_details]: Unicorn error 0xA. Invalid instruction (UC_ERR_INSN_INVALID)
[19:43:40.766] |E| [log_error_details]: PC: 0x0009826c,   SP: 0x02f5d738,   LR: 0x00005353
[19:43:40.766] |E| [log_error_details]: r0 : 0x00000000   r6 : 0x00013014
[19:43:40.767] |E| [log_error_details]: r1 : 0x02f5d740   r7 : 0x000001b8
[19:43:40.767] |E| [log_error_details]: r2 : 0x00000006   r8 : 0x00000000
[19:43:40.767] |E| [log_error_details]: r3 : 0x0009826c   r9 : 0x00000000
[19:43:40.767] |E| [log_error_details]: r4 : 0x00000003   r10: 0x00000000
[19:43:40.767] |E| [log_error_details]: r5 : 0x02f5d908   r11: 0x00000000
[19:43:40.767] |E| [log_error_details]: r12: 0x00000000
[19:43:40.767] |E| [log_error_details]: Executing: .byte 0x10, 0xb5
[19:43:40.767] |I| [log_stack_frames]: stack information
[19:43:40.767] |E| [run_thread]: Thread ExceptionHandlerThread experienced a unicorn error.
[19:43:40.771] |I| [export__sceIoOpen]: Opening file: app0:/app0/mscorlib.dll
[19:43:40.773] |E| [open_file]: Missing file at D:/Emulateurs/Vita3K/mc/ux0/app/PCSB00933/app0/mscorlib.dll (target path: app0:/app0/mscorlib.dll)
[19:43:40.773] |W| [io_error_impl]: open_file (_sceIoOpen) returned 0x80010002
[19:43:40.774] |I| [export__sceIoOpen]: Opening file: app0:/Media/Managed/mscorlib.dll
[19:43:40.802] |I| [export__sceIoOpen]: Opening file: app0:Media/Managed/mono/gac/policy.2.0.mscorlib/0.0.0.0__b77a5c561934e089/policy.2.0.mscorlib.dll
[19:43:40.803] |E| [open_file]: Missing file at D:/Emulateurs/Vita3K/mc/ux0/app/PCSB00933/Media/Managed/mono/gac/policy.2.0.mscorlib/0.0.0.0__b77a5c561934e089/policy.2.0.mscorlib.dll (target path: app0:Media/Managed/mono/gac/policy.2.0.mscorlib/0.0.0.0__b77a5c561934e089/policy.2.0.mscorlib.dll)
[19:43:40.803] |W| [io_error_impl]: open_file (_sceIoOpen) returned 0x80010002
[19:43:40.804] |I| [export__sceIoOpen]: Opening file: app0:/app0/mscorlib.dll
[19:43:40.804] |E| [open_file]: Missing file at D:/Emulateurs/Vita3K/mc/ux0/app/PCSB00933/app0/mscorlib.dll (target path: app0:/app0/mscorlib.dll)
[19:43:40.804] |W| [io_error_impl]: open_file (_sceIoOpen) returned 0x80010002
[19:43:40.804] |I| [export__sceIoOpen]: Opening file: app0:/Media/Managed/mscorlib.dll.config
[19:43:40.804] |E| [open_file]: Missing file at D:/Emulateurs/Vita3K/mc/ux0/app/PCSB00933/Media/Managed/mscorlib.dll.config (target path: app0:/Media/Managed/mscorlib.dll.config)
[19:43:40.804] |W| [io_error_impl]: open_file (_sceIoOpen) returned 0x80010002
[19:43:40.805] |I| [export__sceIoOpen]: Opening file: app0:Media/Managed/mono/assemblies/mscorlib/mscorlib.config
[19:43:40.805] |E| [open_file]: Missing file at D:/Emulateurs/Vita3K/mc/ux0/app/PCSB00933/Media/Managed/mono/assemblies/mscorlib/mscorlib.config (target path: app0:Media/Managed/mono/assemblies/mscorlib/mscorlib.config)
[19:43:40.805] |W| [io_error_impl]: open_file (_sceIoOpen) returned 0x80010002
[19:43:40.906] |W| [unimplemented_impl]: Unimplemented _sceKernelGetSemaInfo import called.
[19:43:40.908] |E| [call_import]: Import function for NID 0xE340C193 not found (thread name: Unity_main_thread, thread ID: 82)
[19:43:40.957] |W| [unimplemented_impl]: Unimplemented sceAppUtilLoadSafeMemory import called.
[19:43:40.965] |W| [stubbed_impl]: Stubbed sceKernelChangeThreadPriority import called. (STUB)
[19:43:40.981] |E| [call_import]: Import function for NID 0xE340C18E not found (thread name: Unity_main_thread, thread ID: 82)
[19:43:40.992] |W| [unimplemented_impl]: Unimplemented sceTouchEnableTouchForce import called.
[19:43:40.993] |E| [logging::ret_error_impl]: _sceKernelLockLwMutex returned SCE_KERNEL_ERROR_UNKNOWN_LW_MUTEX_ID (0x80028181)
[19:43:41.031] |E| [stat_file]: Missing file at D:/Emulateurs/Vita3K/mc/ux0/app/PCSB00933/Media/globalgamemanagers.resG (target path: app0:/Media/globalgamemanagers.resG)
[19:43:41.032] |W| [io_error_impl]: stat_file (_sceIoGetstat) returned 0x80010002
[19:43:41.032] |E| [stat_file]: Missing file at D:/Emulateurs/Vita3K/mc/ux0/app/PCSB00933/Media/globalgamemanagers.res (target path: app0:/Media/globalgamemanagers.res)
[19:43:41.033] |W| [io_error_impl]: stat_file (_sceIoGetstat) returned 0x80010002
[19:43:41.033] |E| [stat_file]: Missing file at D:/Emulateurs/Vita3K/mc/ux0/app/PCSB00933/Media/globalgamemanagers.resS (target path: app0:/Media/globalgamemanagers.resS)
[19:43:41.033] |W| [io_error_impl]: stat_file (_sceIoGetstat) returned 0x80010002
[19:43:41.039] |I| [export__sceIoOpen]: Opening file: app0:/Media/globalgamemanagers
[19:43:41.078] |W| [unimplemented_impl]: Unimplemented sceAppMgrAcquireBgmPort import called.
[19:43:41.081] |W| [stubbed_impl]: Stubbed sceGxmMapMemory import called. (always return success)
[19:43:41.118] |W| [stubbed_impl]: Stubbed sceGxmMapFragmentUsseMemory import called. (always return success)
[19:43:41.139] |W| [stubbed_impl]: Stubbed sceGxmMapVertexUsseMemory import called. (always return success)
[19:43:41.144] |W| [stubbed_impl]: Stubbed sceGxmGetRenderTargetMemSize import called. (2MB host mem)
[19:43:41.282] |W| [unimplemented_impl]: Unimplemented sceGxmSetWClampEnable import called.
[19:43:41.282] |W| [unimplemented_impl]: Unimplemented sceGxmSetWClampValue import called.
[19:43:41.300] |D| [export_sceGxmTextureInitCube]: sceGxmTextureInitCube Inimplemeted: width: 1, height: 1
[19:43:41.300] |D| [export_sceGxmTextureInitCube]: sceGxmTextureInitCube Inimplemeted: width: 1, height: 1
[19:43:41.790] |E| [stat_file]: Missing file at D:/Emulateurs/Vita3K/mc/ux0/app/PCSB00933/Media/Resources/unity default resources.resG (target path: app0:/Media/Resources/unity default resources.resG)
[19:43:41.791] |W| [io_error_impl]: stat_file (_sceIoGetstat) returned 0x80010002
[19:43:41.791] |E| [stat_file]: Missing file at D:/Emulateurs/Vita3K/mc/ux0/app/PCSB00933/Media/Resources/unity default resources.res (target path: app0:/Media/Resources/unity default resources.res)
[19:43:41.791] |W| [io_error_impl]: stat_file (_sceIoGetstat) returned 0x80010002
[19:43:41.791] |E| [stat_file]: Missing file at D:/Emulateurs/Vita3K/mc/ux0/app/PCSB00933/Media/Resources/unity default resources.resS (target path: app0:/Media/Resources/unity default resources.resS)
[19:43:41.791] |W| [io_error_impl]: stat_file (_sceIoGetstat) returned 0x80010002
[19:43:41.793] |I| [export__sceIoOpen]: Opening file: app0:/Media/Resources/unity default resources
[19:43:41.827] |W| [stubbed_impl]: Stubbed sceAudiodecTermLibrary import called. (EMPTY)
[19:43:41.827] |W| [unimplemented_impl]: Unimplemented sceSysmoduleUnloadModule import called.
[19:43:41.828] |W| [stubbed_impl]: Stubbed sceAudiodecInitLibrary import called. (EMPTY)
[19:43:41.828] |W| [unimplemented_impl]: Unimplemented sceNgsSystemSetFlags import called.
[19:43:41.841] |W| [unimplemented_impl]: Unimplemented sceNgsVoiceSetParamsBlock import called.
[19:43:41.872] |W| [unimplemented_impl]: Unimplemented _sceKernelCancelSema import called.
[19:43:41.879] |I| [export__sceIoOpen]: Opening file: app0:/Media/Managed/UnityEngine.dll
[19:43:41.907] |I| [export__sceIoOpen]: Opening file: app0:Media/Managed/mono/gac/policy.2.0.System/0.0.0.0__b77a5c561934e089/policy.2.0.System.dll
[19:43:41.908] |E| [open_file]: Missing file at D:/Emulateurs/Vita3K/mc/ux0/app/PCSB00933/Media/Managed/mono/gac/policy.2.0.System/0.0.0.0__b77a5c561934e089/policy.2.0.System.dll (target path: app0:Media/Managed/mono/gac/policy.2.0.System/0.0.0.0__b77a5c561934e089/policy.2.0.System.dll)
[19:43:41.908] |W| [io_error_impl]: open_file (_sceIoOpen) returned 0x80010002
[19:43:41.909] |E| [stat_file]: Cannot find device for path: app0/System.dll
[19:43:41.909] |W| [io_error_impl]: stat_file (_sceIoGetstat) returned 0x80010002
[19:43:41.909] |E| [stat_file]: Cannot find device for path: app0/System.exe
[19:43:41.909] |W| [io_error_impl]: stat_file (_sceIoGetstat) returned 0x80010002
[19:43:41.909] |E| [stat_file]: Cannot find device for path: app0/System/System.dll
[19:43:41.909] |W| [io_error_impl]: stat_file (_sceIoGetstat) returned 0x80010002
[19:43:41.910] |E| [stat_file]: Cannot find device for path: app0/System/System.exe
[19:43:41.910] |W| [io_error_impl]: stat_file (_sceIoGetstat) returned 0x80010002
[19:43:41.910] |E| [stat_file]: Cannot find device for path: Media/Managed/System.dll
[19:43:41.910] |W| [io_error_impl]: stat_file (_sceIoGetstat) returned 0x80010002
[19:43:41.910] |E| [stat_file]: Cannot find device for path: Media/Managed/System.exe
[19:43:41.910] |W| [io_error_impl]: stat_file (_sceIoGetstat) returned 0x80010002
[19:43:41.910] |E| [stat_file]: Cannot find device for path: Media/Managed/System/System.dll
[19:43:41.910] |W| [io_error_impl]: stat_file (_sceIoGetstat) returned 0x80010002
[19:43:41.910] |E| [stat_file]: Cannot find device for path: Media/Managed/System/System.exe
[19:43:41.911] |W| [io_error_impl]: stat_file (_sceIoGetstat) returned 0x80010002
[19:43:41.911] |I| [export__sceIoOpen]: Opening file: app0:Media/Managed/mono/gac/System/2.0.0.0__b77a5c561934e089/System.dll
[19:43:41.911] |E| [open_file]: Missing file at D:/Emulateurs/Vita3K/mc/ux0/app/PCSB00933/Media/Managed/mono/gac/System/2.0.0.0__b77a5c561934e089/System.dll (target path: app0:Media/Managed/mono/gac/System/2.0.0.0__b77a5c561934e089/System.dll)
[19:43:41.911] |W| [io_error_impl]: open_file (_sceIoOpen) returned 0x80010002
[19:43:41.911] |I| [export__sceIoOpen]: Opening file: app0:Media/Managed/System.dll
[19:43:41.940] |I| [export__sceIoOpen]: Opening file: app0:Media/Managed/mono/gac/policy.2.0.System.Configuration/0.0.0.0__b03f5f7f11d50a3a/policy.2.0.System.Configuration.dll
[19:43:41.940] |E| [open_file]: Missing file at D:/Emulateurs/Vita3K/mc/ux0/app/PCSB00933/Media/Managed/mono/gac/policy.2.0.System.Configuration/0.0.0.0__b03f5f7f11d50a3a/policy.2.0.System.Configuration.dll (target path: app0:Media/Managed/mono/gac/policy.2.0.System.Configuration/0.0.0.0__b03f5f7f11d50a3a/policy.2.0.System.Configuration.dll)
[19:43:41.940] |W| [io_error_impl]: open_file (_sceIoOpen) returned 0x80010002
[19:43:41.941] |E| [stat_file]: Cannot find device for path: app0/System.Configuration.dll
[19:43:41.941] |W| [io_error_impl]: stat_file (_sceIoGetstat) returned 0x80010002
[19:43:41.941] |E| [stat_file]: Cannot find device for path: app0/System.Configuration.exe
[19:43:41.941] |W| [io_error_impl]: stat_file (_sceIoGetstat) returned 0x80010002
[19:43:41.941] |E| [stat_file]: Cannot find device for path: app0/System.Configuration/System.Configuration.dll
[19:43:41.941] |W| [io_error_impl]: stat_file (_sceIoGetstat) returned 0x80010002
[19:43:41.941] |E| [stat_file]: Cannot find device for path: app0/System.Configuration/System.Configuration.exe
[19:43:41.941] |W| [io_error_impl]: stat_file (_sceIoGetstat) returned 0x80010002
[19:43:41.942] |E| [stat_file]: Cannot find device for path: Media/Managed/System.Configuration.dll
[19:43:41.942] |W| [io_error_impl]: stat_file (_sceIoGetstat) returned 0x80010002
[19:43:41.942] |E| [stat_file]: Cannot find device for path: Media/Managed/System.Configuration.exe
[19:43:41.942] |W| [io_error_impl]: stat_file (_sceIoGetstat) returned 0x80010002
[19:43:41.942] |E| [stat_file]: Cannot find device for path: Media/Managed/System.Configuration/System.Configuration.dll
[19:43:41.942] |W| [io_error_impl]: stat_file (_sceIoGetstat) returned 0x80010002
[19:43:41.943] |E| [stat_file]: Cannot find device for path: Media/Managed/System.Configuration/System.Configuration.exe
[19:43:41.943] |W| [io_error_impl]: stat_file (_sceIoGetstat) returned 0x80010002
[19:43:41.943] |I| [export__sceIoOpen]: Opening file: app0:Media/Managed/mono/gac/System.Configuration/2.0.0.0__b03f5f7f11d50a3a/System.Configuration.dll
[19:43:41.943] |E| [open_file]: Missing file at D:/Emulateurs/Vita3K/mc/ux0/app/PCSB00933/Media/Managed/mono/gac/System.Configuration/2.0.0.0__b03f5f7f11d50a3a/System.Configuration.dll (target path: app0:Media/Managed/mono/gac/System.Configuration/2.0.0.0__b03f5f7f11d50a3a/System.Configuration.dll)
[19:43:41.943] |W| [io_error_impl]: open_file (_sceIoOpen) returned 0x80010002
[19:43:41.943] |I| [export__sceIoOpen]: Opening file: app0:Media/Managed/System.Configuration.dll
[19:43:41.946] |I| [export__sceIoOpen]: Opening file: app0:Media/Managed/mono/gac/policy.2.0.System.Xml/0.0.0.0__b77a5c561934e089/policy.2.0.System.Xml.dll
[19:43:41.946] |E| [open_file]: Missing file at D:/Emulateurs/Vita3K/mc/ux0/app/PCSB00933/Media/Managed/mono/gac/policy.2.0.System.Xml/0.0.0.0__b77a5c561934e089/policy.2.0.System.Xml.dll (target path: app0:Media/Managed/mono/gac/policy.2.0.System.Xml/0.0.0.0__b77a5c561934e089/policy.2.0.System.Xml.dll)
[19:43:41.946] |W| [io_error_impl]: open_file (_sceIoOpen) returned 0x80010002
[19:43:41.947] |E| [stat_file]: Cannot find device for path: app0/System.Xml.dll
[19:43:41.947] |W| [io_error_impl]: stat_file (_sceIoGetstat) returned 0x80010002
[19:43:41.947] |E| [stat_file]: Cannot find device for path: app0/System.Xml.exe
[19:43:41.947] |W| [io_error_impl]: stat_file (_sceIoGetstat) returned 0x80010002
[19:43:41.947] |E| [stat_file]: Cannot find device for path: app0/System.Xml/System.Xml.dll
[19:43:41.947] |W| [io_error_impl]: stat_file (_sceIoGetstat) returned 0x80010002
[19:43:41.947] |E| [stat_file]: Cannot find device for path: app0/System.Xml/System.Xml.exe
[19:43:41.947] |W| [io_error_impl]: stat_file (_sceIoGetstat) returned 0x80010002
[19:43:41.947] |E| [stat_file]: Cannot find device for path: Media/Managed/System.Xml.dll
[19:43:41.947] |W| [io_error_impl]: stat_file (_sceIoGetstat) returned 0x80010002
[19:43:41.948] |E| [stat_file]: Cannot find device for path: Media/Managed/System.Xml.exe
[19:43:41.948] |W| [io_error_impl]: stat_file (_sceIoGetstat) returned 0x80010002
[19:43:41.948] |E| [stat_file]: Cannot find device for path: Media/Managed/System.Xml/System.Xml.dll
[19:43:41.948] |W| [io_error_impl]: stat_file (_sceIoGetstat) returned 0x80010002
[19:43:41.948] |E| [stat_file]: Cannot find device for path: Media/Managed/System.Xml/System.Xml.exe
[19:43:41.948] |W| [io_error_impl]: stat_file (_sceIoGetstat) returned 0x80010002
[19:43:41.948] |I| [export__sceIoOpen]: Opening file: app0:Media/Managed/mono/gac/System.Xml/2.0.0.0__b77a5c561934e089/System.Xml.dll
[19:43:41.948] |E| [open_file]: Missing file at D:/Emulateurs/Vita3K/mc/ux0/app/PCSB00933/Media/Managed/mono/gac/System.Xml/2.0.0.0__b77a5c561934e089/System.Xml.dll (target path: app0:Media/Managed/mono/gac/System.Xml/2.0.0.0__b77a5c561934e089/System.Xml.dll)
[19:43:41.949] |W| [io_error_impl]: open_file (_sceIoOpen) returned 0x80010002
[19:43:41.949] |I| [export__sceIoOpen]: Opening file: app0:Media/Managed/System.Xml.dll
[19:43:41.964] |I| [export__sceIoOpen]: Opening file: app0:Media/Managed/System.Xml.dll.config
[19:43:41.964] |E| [open_file]: Missing file at D:/Emulateurs/Vita3K/mc/ux0/app/PCSB00933/Media/Managed/System.Xml.dll.config (target path: app0:Media/Managed/System.Xml.dll.config)
[19:43:41.964] |W| [io_error_impl]: open_file (_sceIoOpen) returned 0x80010002
[19:43:41.964] |I| [export__sceIoOpen]: Opening file: app0:Media/Managed/mono/assemblies/System.Xml/System.Xml.config
[19:43:41.964] |E| [open_file]: Missing file at D:/Emulateurs/Vita3K/mc/ux0/app/PCSB00933/Media/Managed/mono/assemblies/System.Xml/System.Xml.config (target path: app0:Media/Managed/mono/assemblies/System.Xml/System.Xml.config)
[19:43:41.964] |W| [io_error_impl]: open_file (_sceIoOpen) returned 0x80010002
[19:43:41.965] |I| [export__sceIoOpen]: Opening file: app0:Media/Managed/mono/gac/policy.2.0.System.Security/0.0.0.0__b03f5f7f11d50a3a/policy.2.0.System.Security.dll
[19:43:41.966] |E| [open_file]: Missing file at D:/Emulateurs/Vita3K/mc/ux0/app/PCSB00933/Media/Managed/mono/gac/policy.2.0.System.Security/0.0.0.0__b03f5f7f11d50a3a/policy.2.0.System.Security.dll (target path: app0:Media/Managed/mono/gac/policy.2.0.System.Security/0.0.0.0__b03f5f7f11d50a3a/policy.2.0.System.Security.dll)
[19:43:41.966] |W| [io_error_impl]: open_file (_sceIoOpen) returned 0x80010002
[19:43:41.966] |E| [stat_file]: Cannot find device for path: app0/System.Security.dll
[19:43:41.967] |W| [io_error_impl]: stat_file (_sceIoGetstat) returned 0x80010002
[19:43:41.967] |E| [stat_file]: Cannot find device for path: app0/System.Security.exe
[19:43:41.967] |W| [io_error_impl]: stat_file (_sceIoGetstat) returned 0x80010002
[19:43:41.967] |E| [stat_file]: Cannot find device for path: app0/System.Security/System.Security.dll
[19:43:41.967] |W| [io_error_impl]: stat_file (_sceIoGetstat) returned 0x80010002
[19:43:41.967] |E| [stat_file]: Cannot find device for path: app0/System.Security/System.Security.exe
[19:43:41.967] |W| [io_error_impl]: stat_file (_sceIoGetstat) returned 0x80010002
[19:43:41.967] |E| [stat_file]: Cannot find device for path: Media/Managed/System.Security.dll
[19:43:41.967] |W| [io_error_impl]: stat_file (_sceIoGetstat) returned 0x80010002
[19:43:41.967] |E| [stat_file]: Cannot find device for path: Media/Managed/System.Security.exe
[19:43:41.968] |W| [io_error_impl]: stat_file (_sceIoGetstat) returned 0x80010002
[19:43:41.968] |E| [stat_file]: Cannot find device for path: Media/Managed/System.Security/System.Security.dll
[19:43:41.968] |W| [io_error_impl]: stat_file (_sceIoGetstat) returned 0x80010002
[19:43:41.968] |E| [stat_file]: Cannot find device for path: Media/Managed/System.Security/System.Security.exe
[19:43:41.968] |W| [io_error_impl]: stat_file (_sceIoGetstat) returned 0x80010002
[19:43:41.968] |I| [export__sceIoOpen]: Opening file: app0:Media/Managed/mono/gac/System.Security/2.0.0.0__b03f5f7f11d50a3a/System.Security.dll
[19:43:41.968] |E| [open_file]: Missing file at D:/Emulateurs/Vita3K/mc/ux0/app/PCSB00933/Media/Managed/mono/gac/System.Security/2.0.0.0__b03f5f7f11d50a3a/System.Security.dll (target path: app0:Media/Managed/mono/gac/System.Security/2.0.0.0__b03f5f7f11d50a3a/System.Security.dll)
[19:43:41.968] |W| [io_error_impl]: open_file (_sceIoOpen) returned 0x80010002
[19:43:41.969] |I| [export__sceIoOpen]: Opening file: app0:Media/Managed/System.Security.dll
[19:43:41.970] |I| [export__sceIoOpen]: Opening file: app0:Media/Managed/System.Security.dll.config
[19:43:41.970] |E| [open_file]: Missing file at D:/Emulateurs/Vita3K/mc/ux0/app/PCSB00933/Media/Managed/System.Security.dll.config (target path: app0:Media/Managed/System.Security.dll.config)
[19:43:41.970] |W| [io_error_impl]: open_file (_sceIoOpen) returned 0x80010002
[19:43:41.971] |I| [export__sceIoOpen]: Opening file: app0:Media/Managed/mono/assemblies/System.Security/System.Security.config
[19:43:41.971] |E| [open_file]: Missing file at D:/Emulateurs/Vita3K/mc/ux0/app/PCSB00933/Media/Managed/mono/assemblies/System.Security/System.Security.config (target path: app0:Media/Managed/mono/assemblies/System.Security/System.Security.config)
[19:43:41.971] |W| [io_error_impl]: open_file (_sceIoOpen) returned 0x80010002
[19:43:41.971] |I| [export__sceIoOpen]: Opening file: app0:Media/Managed/System.Configuration.dll.config
[19:43:41.971] |E| [open_file]: Missing file at D:/Emulateurs/Vita3K/mc/ux0/app/PCSB00933/Media/Managed/System.Configuration.dll.config (target path: app0:Media/Managed/System.Configuration.dll.config)
[19:43:41.971] |W| [io_error_impl]: open_file (_sceIoOpen) returned 0x80010002
[19:43:41.971] |I| [export__sceIoOpen]: Opening file: app0:Media/Managed/mono/assemblies/System.Configuration/System.Configuration.config
[19:43:41.971] |E| [open_file]: Missing file at D:/Emulateurs/Vita3K/mc/ux0/app/PCSB00933/Media/Managed/mono/assemblies/System.Configuration/System.Configuration.config (target path: app0:Media/Managed/mono/assemblies/System.Configuration/System.Configuration.config)
[19:43:41.972] |W| [io_error_impl]: open_file (_sceIoOpen) returned 0x80010002
[19:43:41.972] |I| [export__sceIoOpen]: Opening file: app0:Media/Managed/System.dll.config
[19:43:41.972] |E| [open_file]: Missing file at D:/Emulateurs/Vita3K/mc/ux0/app/PCSB00933/Media/Managed/System.dll.config (target path: app0:Media/Managed/System.dll.config)
[19:43:41.972] |W| [io_error_impl]: open_file (_sceIoOpen) returned 0x80010002
[19:43:41.972] |I| [export__sceIoOpen]: Opening file: app0:Media/Managed/mono/assemblies/System/System.config
[19:43:41.972] |E| [open_file]: Missing file at D:/Emulateurs/Vita3K/mc/ux0/app/PCSB00933/Media/Managed/mono/assemblies/System/System.config (target path: app0:Media/Managed/mono/assemblies/System/System.config)
[19:43:41.972] |W| [io_error_impl]: open_file (_sceIoOpen) returned 0x80010002
[19:43:41.972] |I| [export__sceIoOpen]: Opening file: app0:/Media/Managed/UnityEngine.dll.config
[19:43:41.972] |E| [open_file]: Missing file at D:/Emulateurs/Vita3K/mc/ux0/app/PCSB00933/Media/Managed/UnityEngine.dll.config (target path: app0:/Media/Managed/UnityEngine.dll.config)
[19:43:41.973] |W| [io_error_impl]: open_file (_sceIoOpen) returned 0x80010002
[19:43:41.973] |I| [export__sceIoOpen]: Opening file: app0:Media/Managed/mono/assemblies/UnityEngine/UnityEngine.config
[19:43:41.973] |E| [open_file]: Missing file at D:/Emulateurs/Vita3K/mc/ux0/app/PCSB00933/Media/Managed/mono/assemblies/UnityEngine/UnityEngine.config (target path: app0:Media/Managed/mono/assemblies/UnityEngine/UnityEngine.config)
[19:43:41.973] |W| [io_error_impl]: open_file (_sceIoOpen) returned 0x80010002
[19:43:41.979] |I| [export__sceIoOpen]: Opening file: app0:Media/Managed/mono/gac/policy.2.0.mscorlib/0.0.0.0__b77a5c561934e089/policy.2.0.mscorlib.dll
[19:43:41.979] |E| [open_file]: Missing file at D:/Emulateurs/Vita3K/mc/ux0/app/PCSB00933/Media/Managed/mono/gac/policy.2.0.mscorlib/0.0.0.0__b77a5c561934e089/policy.2.0.mscorlib.dll (target path: app0:Media/Managed/mono/gac/policy.2.0.mscorlib/0.0.0.0__b77a5c561934e089/policy.2.0.mscorlib.dll)
[19:43:41.979] |W| [io_error_impl]: open_file (_sceIoOpen) returned 0x80010002
[19:43:42.067] |W| [unimplemented_impl]: Unimplemented sceKernelSuspendThreadForVM import called.
[19:43:42.068] |W| [unimplemented_impl]: Unimplemented sceKernelResumeThreadForVM import called.
[19:43:42.080] |E| [call_import]: Import function for NID 0xE340C192 not found (thread name: Unity_main_thread, thread ID: 82)
[19:43:42.081] |I| [export__sceIoOpen]: Opening file: app0:/Media/Managed/Assembly-CSharp-firstpass.dll
[19:43:42.093] |I| [export__sceIoOpen]: Opening file: app0:Media/Managed/mono/gac/policy.3.5.System.Core/0.0.0.0__b77a5c561934e089/policy.3.5.System.Core.dll
[19:43:42.094] |E| [open_file]: Missing file at D:/Emulateurs/Vita3K/mc/ux0/app/PCSB00933/Media/Managed/mono/gac/policy.3.5.System.Core/0.0.0.0__b77a5c561934e089/policy.3.5.System.Core.dll (target path: app0:Media/Managed/mono/gac/policy.3.5.System.Core/0.0.0.0__b77a5c561934e089/policy.3.5.System.Core.dll)
[19:43:42.094] |W| [io_error_impl]: open_file (_sceIoOpen) returned 0x80010002
[19:43:42.094] |E| [stat_file]: Cannot find device for path: app0/System.Core.dll
[19:43:42.094] |W| [io_error_impl]: stat_file (_sceIoGetstat) returned 0x80010002
[19:43:42.094] |E| [stat_file]: Cannot find device for path: app0/System.Core.exe
[19:43:42.094] |W| [io_error_impl]: stat_file (_sceIoGetstat) returned 0x80010002
[19:43:42.095] |E| [stat_file]: Cannot find device for path: app0/System.Core/System.Core.dll
[19:43:42.095] |W| [io_error_impl]: stat_file (_sceIoGetstat) returned 0x80010002
[19:43:42.095] |E| [stat_file]: Cannot find device for path: app0/System.Core/System.Core.exe
[19:43:42.095] |W| [io_error_impl]: stat_file (_sceIoGetstat) returned 0x80010002
[19:43:42.095] |E| [stat_file]: Cannot find device for path: Media/Managed/System.Core.dll
[19:43:42.095] |W| [io_error_impl]: stat_file (_sceIoGetstat) returned 0x80010002
[19:43:42.095] |E| [stat_file]: Cannot find device for path: Media/Managed/System.Core.exe
[19:43:42.095] |W| [io_error_impl]: stat_file (_sceIoGetstat) returned 0x80010002
[19:43:42.096] |E| [stat_file]: Cannot find device for path: Media/Managed/System.Core/System.Core.dll
[19:43:42.096] |W| [io_error_impl]: stat_file (_sceIoGetstat) returned 0x80010002
[19:43:42.096] |E| [stat_file]: Cannot find device for path: Media/Managed/System.Core/System.Core.exe
[19:43:42.096] |W| [io_error_impl]: stat_file (_sceIoGetstat) returned 0x80010002
[19:43:42.096] |I| [export__sceIoOpen]: Opening file: app0:Media/Managed/mono/gac/System.Core/3.5.0.0__b77a5c561934e089/System.Core.dll
[19:43:42.096] |E| [open_file]: Missing file at D:/Emulateurs/Vita3K/mc/ux0/app/PCSB00933/Media/Managed/mono/gac/System.Core/3.5.0.0__b77a5c561934e089/System.Core.dll (target path: app0:Media/Managed/mono/gac/System.Core/3.5.0.0__b77a5c561934e089/System.Core.dll)
[19:43:42.097] |W| [io_error_impl]: open_file (_sceIoOpen) returned 0x80010002
[19:43:42.097] |I| [export__sceIoOpen]: Opening file: app0:Media/Managed/System.Core.dll
[19:43:42.099] |I| [export__sceIoOpen]: Opening file: app0:Media/Managed/System.Core.dll.config
[19:43:42.099] |E| [open_file]: Missing file at D:/Emulateurs/Vita3K/mc/ux0/app/PCSB00933/Media/Managed/System.Core.dll.config (target path: app0:Media/Managed/System.Core.dll.config)
[19:43:42.099] |W| [io_error_impl]: open_file (_sceIoOpen) returned 0x80010002
[19:43:42.099] |I| [export__sceIoOpen]: Opening file: app0:Media/Managed/mono/assemblies/System.Core/System.Core.config
[19:43:42.100] |E| [open_file]: Missing file at D:/Emulateurs/Vita3K/mc/ux0/app/PCSB00933/Media/Managed/mono/assemblies/System.Core/System.Core.config (target path: app0:Media/Managed/mono/assemblies/System.Core/System.Core.config)
[19:43:42.100] |W| [io_error_impl]: open_file (_sceIoOpen) returned 0x80010002
[19:43:42.100] |E| [stat_file]: Cannot find device for path: app0/UnityEngine.UI.dll
[19:43:42.100] |W| [io_error_impl]: stat_file (_sceIoGetstat) returned 0x80010002
[19:43:42.100] |E| [stat_file]: Cannot find device for path: app0/UnityEngine.UI.exe
[19:43:42.100] |W| [io_error_impl]: stat_file (_sceIoGetstat) returned 0x80010002
[19:43:42.100] |E| [stat_file]: Cannot find device for path: app0/UnityEngine.UI/UnityEngine.UI.dll
[19:43:42.101] |W| [io_error_impl]: stat_file (_sceIoGetstat) returned 0x80010002
[19:43:42.101] |E| [stat_file]: Cannot find device for path: app0/UnityEngine.UI/UnityEngine.UI.exe
[19:43:42.101] |W| [io_error_impl]: stat_file (_sceIoGetstat) returned 0x80010002
[19:43:42.101] |E| [stat_file]: Cannot find device for path: Media/Managed/UnityEngine.UI.dll
[19:43:42.101] |W| [io_error_impl]: stat_file (_sceIoGetstat) returned 0x80010002
[19:43:42.101] |E| [stat_file]: Cannot find device for path: Media/Managed/UnityEngine.UI.exe
[19:43:42.101] |W| [io_error_impl]: stat_file (_sceIoGetstat) returned 0x80010002
[19:43:42.101] |E| [stat_file]: Cannot find device for path: Media/Managed/UnityEngine.UI/UnityEngine.UI.dll
[19:43:42.101] |W| [io_error_impl]: stat_file (_sceIoGetstat) returned 0x80010002
[19:43:42.101] |E| [stat_file]: Cannot find device for path: Media/Managed/UnityEngine.UI/UnityEngine.UI.exe
[19:43:42.102] |W| [io_error_impl]: stat_file (_sceIoGetstat) returned 0x80010002
[19:43:42.102] |I| [export__sceIoOpen]: Opening file: app0:Media/Managed/UnityEngine.UI.dll
[19:43:42.103] |I| [export__sceIoOpen]: Opening file: app0:Media/Managed/UnityEngine.UI.dll.config
[19:43:42.104] |E| [open_file]: Missing file at D:/Emulateurs/Vita3K/mc/ux0/app/PCSB00933/Media/Managed/UnityEngine.UI.dll.config (target path: app0:Media/Managed/UnityEngine.UI.dll.config)
[19:43:42.104] |W| [io_error_impl]: open_file (_sceIoOpen) returned 0x80010002
[19:43:42.104] |I| [export__sceIoOpen]: Opening file: app0:Media/Managed/mono/assemblies/UnityEngine.UI/UnityEngine.UI.config
[19:43:42.104] |E| [open_file]: Missing file at D:/Emulateurs/Vita3K/mc/ux0/app/PCSB00933/Media/Managed/mono/assemblies/UnityEngine.UI/UnityEngine.UI.config (target path: app0:Media/Managed/mono/assemblies/UnityEngine.UI/UnityEngine.UI.config)
[19:43:42.104] |W| [io_error_impl]: open_file (_sceIoOpen) returned 0x80010002
[19:43:42.104] |I| [export__sceIoOpen]: Opening file: app0:Media/Managed/mono/gac/policy.0.0.IFacebook/0.0.0.0__d9f0385cc69e16d8/policy.0.0.IFacebook.dll
[19:43:42.104] |E| [open_file]: Missing file at D:/Emulateurs/Vita3K/mc/ux0/app/PCSB00933/Media/Managed/mono/gac/policy.0.0.IFacebook/0.0.0.0__d9f0385cc69e16d8/policy.0.0.IFacebook.dll (target path: app0:Media/Managed/mono/gac/policy.0.0.IFacebook/0.0.0.0__d9f0385cc69e16d8/policy.0.0.IFacebook.dll)
[19:43:42.108] |W| [io_error_impl]: open_file (_sceIoOpen) returned 0x80010002
[19:43:42.108] |E| [stat_file]: Cannot find device for path: app0/IFacebook.dll
[19:43:42.108] |W| [io_error_impl]: stat_file (_sceIoGetstat) returned 0x80010002
[19:43:42.108] |E| [stat_file]: Cannot find device for path: app0/IFacebook.exe
[19:43:42.108] |W| [io_error_impl]: stat_file (_sceIoGetstat) returned 0x80010002
[19:43:42.108] |E| [stat_file]: Cannot find device for path: app0/IFacebook/IFacebook.dll
[19:43:42.108] |W| [io_error_impl]: stat_file (_sceIoGetstat) returned 0x80010002
[19:43:42.109] |E| [stat_file]: Cannot find device for path: app0/IFacebook/IFacebook.exe
[19:43:42.109] |W| [io_error_impl]: stat_file (_sceIoGetstat) returned 0x80010002
[19:43:42.109] |E| [stat_file]: Cannot find device for path: Media/Managed/IFacebook.dll
[19:43:42.109] |W| [io_error_impl]: stat_file (_sceIoGetstat) returned 0x80010002
[19:43:42.109] |E| [stat_file]: Cannot find device for path: Media/Managed/IFacebook.exe
[19:43:42.109] |W| [io_error_impl]: stat_file (_sceIoGetstat) returned 0x80010002
[19:43:42.109] |E| [stat_file]: Cannot find device for path: Media/Managed/IFacebook/IFacebook.dll
[19:43:42.110] |W| [io_error_impl]: stat_file (_sceIoGetstat) returned 0x80010002
[19:43:42.110] |E| [stat_file]: Cannot find device for path: Media/Managed/IFacebook/IFacebook.exe
[19:43:42.110] |W| [io_error_impl]: stat_file (_sceIoGetstat) returned 0x80010002
[19:43:42.110] |I| [export__sceIoOpen]: Opening file: app0:Media/Managed/mono/gac/IFacebook/0.0.0.0__d9f0385cc69e16d8/IFacebook.dll
[19:43:42.110] |E| [open_file]: Missing file at D:/Emulateurs/Vita3K/mc/ux0/app/PCSB00933/Media/Managed/mono/gac/IFacebook/0.0.0.0__d9f0385cc69e16d8/IFacebook.dll (target path: app0:Media/Managed/mono/gac/IFacebook/0.0.0.0__d9f0385cc69e16d8/IFacebook.dll)
[19:43:42.110] |W| [io_error_impl]: open_file (_sceIoOpen) returned 0x80010002
[19:43:42.111] |I| [export__sceIoOpen]: Opening file: app0:Media/Managed/IFacebook.dll
[19:43:42.120] |I| [export__sceIoOpen]: Opening file: app0:Media/Managed/IFacebook.dll.config
[19:43:42.120] |E| [open_file]: Missing file at D:/Emulateurs/Vita3K/mc/ux0/app/PCSB00933/Media/Managed/IFacebook.dll.config (target path: app0:Media/Managed/IFacebook.dll.config)
[19:43:42.123] |W| [io_error_impl]: open_file (_sceIoOpen) returned 0x80010002
[19:43:42.123] |I| [export__sceIoOpen]: Opening file: app0:Media/Managed/mono/assemblies/IFacebook/IFacebook.config
[19:43:42.124] |E| [open_file]: Missing file at D:/Emulateurs/Vita3K/mc/ux0/app/PCSB00933/Media/Managed/mono/assemblies/IFacebook/IFacebook.config (target path: app0:Media/Managed/mono/assemblies/IFacebook/IFacebook.config)
[19:43:42.124] |W| [io_error_impl]: open_file (_sceIoOpen) returned 0x80010002
[19:43:42.124] |E| [stat_file]: Cannot find device for path: app0/SonyVitaSavedGames.dll
[19:43:42.124] |W| [io_error_impl]: stat_file (_sceIoGetstat) returned 0x80010002
[19:43:42.124] |E| [stat_file]: Cannot find device for path: app0/SonyVitaSavedGames.exe
[19:43:42.124] |W| [io_error_impl]: stat_file (_sceIoGetstat) returned 0x80010002
[19:43:42.124] |E| [stat_file]: Cannot find device for path: app0/SonyVitaSavedGames/SonyVitaSavedGames.dll
[19:43:42.124] |W| [io_error_impl]: stat_file (_sceIoGetstat) returned 0x80010002
[19:43:42.125] |E| [stat_file]: Cannot find device for path: app0/SonyVitaSavedGames/SonyVitaSavedGames.exe
[19:43:42.125] |W| [io_error_impl]: stat_file (_sceIoGetstat) returned 0x80010002
[19:43:42.125] |E| [stat_file]: Cannot find device for path: Media/Managed/SonyVitaSavedGames.dll
[19:43:42.125] |W| [io_error_impl]: stat_file (_sceIoGetstat) returned 0x80010002
[19:43:42.125] |E| [stat_file]: Cannot find device for path: Media/Managed/SonyVitaSavedGames.exe
[19:43:42.125] |W| [io_error_impl]: stat_file (_sceIoGetstat) returned 0x80010002
[19:43:42.125] |E| [stat_file]: Cannot find device for path: Media/Managed/SonyVitaSavedGames/SonyVitaSavedGames.dll
[19:43:42.125] |W| [io_error_impl]: stat_file (_sceIoGetstat) returned 0x80010002
[19:43:42.126] |E| [stat_file]: Cannot find device for path: Media/Managed/SonyVitaSavedGames/SonyVitaSavedGames.exe
[19:43:42.126] |W| [io_error_impl]: stat_file (_sceIoGetstat) returned 0x80010002
[19:43:42.126] |I| [export__sceIoOpen]: Opening file: app0:Media/Managed/SonyVitaSavedGames.dll
[19:43:42.128] |I| [export__sceIoOpen]: Opening file: app0:Media/Managed/SonyVitaSavedGames.dll.config
[19:43:42.128] |E| [open_file]: Missing file at D:/Emulateurs/Vita3K/mc/ux0/app/PCSB00933/Media/Managed/SonyVitaSavedGames.dll.config (target path: app0:Media/Managed/SonyVitaSavedGames.dll.config)
[19:43:42.128] |W| [io_error_impl]: open_file (_sceIoOpen) returned 0x80010002
[19:43:42.128] |I| [export__sceIoOpen]: Opening file: app0:Media/Managed/mono/assemblies/SonyVitaSavedGames/SonyVitaSavedGames.config
[19:43:42.128] |E| [open_file]: Missing file at D:/Emulateurs/Vita3K/mc/ux0/app/PCSB00933/Media/Managed/mono/assemblies/SonyVitaSavedGames/SonyVitaSavedGames.config (target path: app0:Media/Managed/mono/assemblies/SonyVitaSavedGames/SonyVitaSavedGames.config)
[19:43:42.128] |W| [io_error_impl]: open_file (_sceIoOpen) returned 0x80010002
[19:43:42.128] |E| [stat_file]: Cannot find device for path: app0/SonyNP.dll
[19:43:42.128] |W| [io_error_impl]: stat_file (_sceIoGetstat) returned 0x80010002
[19:43:42.129] |E| [stat_file]: Cannot find device for path: app0/SonyNP.exe
[19:43:42.129] |W| [io_error_impl]: stat_file (_sceIoGetstat) returned 0x80010002
[19:43:42.129] |E| [stat_file]: Cannot find device for path: app0/SonyNP/SonyNP.dll
[19:43:42.129] |W| [io_error_impl]: stat_file (_sceIoGetstat) returned 0x80010002
[19:43:42.129] |E| [stat_file]: Cannot find device for path: app0/SonyNP/SonyNP.exe
[19:43:42.129] |W| [io_error_impl]: stat_file (_sceIoGetstat) returned 0x80010002
[19:43:42.129] |E| [stat_file]: Cannot find device for path: Media/Managed/SonyNP.dll
[19:43:42.129] |W| [io_error_impl]: stat_file (_sceIoGetstat) returned 0x80010002
[19:43:42.129] |E| [stat_file]: Cannot find device for path: Media/Managed/SonyNP.exe
[19:43:42.130] |W| [io_error_impl]: stat_file (_sceIoGetstat) returned 0x80010002
[19:43:42.130] |E| [stat_file]: Cannot find device for path: Media/Managed/SonyNP/SonyNP.dll
[19:43:42.130] |W| [io_error_impl]: stat_file (_sceIoGetstat) returned 0x80010002
[19:43:42.130] |E| [stat_file]: Cannot find device for path: Media/Managed/SonyNP/SonyNP.exe
[19:43:42.130] |W| [io_error_impl]: stat_file (_sceIoGetstat) returned 0x80010002
[19:43:42.130] |I| [export__sceIoOpen]: Opening file: app0:Media/Managed/SonyNP.dll
[19:43:42.131] |I| [export__sceIoOpen]: Opening file: app0:Media/Managed/SonyNP.dll.config
[19:43:42.131] |E| [open_file]: Missing file at D:/Emulateurs/Vita3K/mc/ux0/app/PCSB00933/Media/Managed/SonyNP.dll.config (target path: app0:Media/Managed/SonyNP.dll.config)
[19:43:42.132] |W| [io_error_impl]: open_file (_sceIoOpen) returned 0x80010002
[19:43:42.132] |I| [export__sceIoOpen]: Opening file: app0:Media/Managed/mono/assemblies/SonyNP/SonyNP.config
[19:43:42.132] |E| [open_file]: Missing file at D:/Emulateurs/Vita3K/mc/ux0/app/PCSB00933/Media/Managed/mono/assemblies/SonyNP/SonyNP.config (target path: app0:Media/Managed/mono/assemblies/SonyNP/SonyNP.config)
[19:43:42.132] |W| [io_error_impl]: open_file (_sceIoOpen) returned 0x80010002
[19:43:42.132] |I| [export__sceIoOpen]: Opening file: app0:/Media/Managed/Assembly-CSharp-firstpass.dll.config
[19:43:42.132] |E| [open_file]: Missing file at D:/Emulateurs/Vita3K/mc/ux0/app/PCSB00933/Media/Managed/Assembly-CSharp-firstpass.dll.config (target path: app0:/Media/Managed/Assembly-CSharp-firstpass.dll.config)
[19:43:42.132] |W| [io_error_impl]: open_file (_sceIoOpen) returned 0x80010002
[19:43:42.132] |I| [export__sceIoOpen]: Opening file: app0:Media/Managed/mono/assemblies/Assembly-CSharp-firstpass/Assembly-CSharp-firstpass.config
[19:43:42.133] |E| [open_file]: Missing file at D:/Emulateurs/Vita3K/mc/ux0/app/PCSB00933/Media/Managed/mono/assemblies/Assembly-CSharp-firstpass/Assembly-CSharp-firstpass.config (target path: app0:Media/Managed/mono/assemblies/Assembly-CSharp-firstpass/Assembly-CSharp-firstpass.config)
[19:43:42.133] |W| [io_error_impl]: open_file (_sceIoOpen) returned 0x80010002
[19:43:42.133] |E| [call_import]: Import function for NID 0xE340C190 not found (thread name: Unity_main_thread, thread ID: 82)
[19:43:42.133] |I| [export__sceIoOpen]: Opening file: app0:/Media/Managed/Assembly-CSharp.dll
[19:43:42.141] |I| [export__sceIoOpen]: Opening file: app0:/Media/Managed/Assembly-CSharp.dll.config
[19:43:42.141] |E| [open_file]: Missing file at D:/Emulateurs/Vita3K/mc/ux0/app/PCSB00933/Media/Managed/Assembly-CSharp.dll.config (target path: app0:/Media/Managed/Assembly-CSharp.dll.config)
[19:43:42.141] |W| [io_error_impl]: open_file (_sceIoOpen) returned 0x80010002
[19:43:42.141] |I| [export__sceIoOpen]: Opening file: app0:Media/Managed/mono/assemblies/Assembly-CSharp/Assembly-CSharp.config
[19:43:42.141] |E| [open_file]: Missing file at D:/Emulateurs/Vita3K/mc/ux0/app/PCSB00933/Media/Managed/mono/assemblies/Assembly-CSharp/Assembly-CSharp.config (target path: app0:Media/Managed/mono/assemblies/Assembly-CSharp/Assembly-CSharp.config)
[19:43:42.141] |W| [io_error_impl]: open_file (_sceIoOpen) returned 0x80010002
[19:43:42.141] |I| [export__sceIoOpen]: Opening file: app0:/Media/Managed/Assembly-UnityScript.dll
[19:43:42.143] |E| [stat_file]: Cannot find device for path: app0/UnityScript.Lang.dll
[19:43:42.143] |W| [io_error_impl]: stat_file (_sceIoGetstat) returned 0x80010002
[19:43:42.143] |E| [stat_file]: Cannot find device for path: app0/UnityScript.Lang.exe
[19:43:42.143] |W| [io_error_impl]: stat_file (_sceIoGetstat) returned 0x80010002
[19:43:42.144] |E| [stat_file]: Cannot find device for path: app0/UnityScript.Lang/UnityScript.Lang.dll
[19:43:42.144] |W| [io_error_impl]: stat_file (_sceIoGetstat) returned 0x80010002
[19:43:42.144] |E| [stat_file]: Cannot find device for path: app0/UnityScript.Lang/UnityScript.Lang.exe
[19:43:42.144] |W| [io_error_impl]: stat_file (_sceIoGetstat) returned 0x80010002
[19:43:42.144] |E| [stat_file]: Cannot find device for path: Media/Managed/UnityScript.Lang.dll
[19:43:42.144] |W| [io_error_impl]: stat_file (_sceIoGetstat) returned 0x80010002
[19:43:42.144] |E| [stat_file]: Cannot find device for path: Media/Managed/UnityScript.Lang.exe
[19:43:42.144] |W| [io_error_impl]: stat_file (_sceIoGetstat) returned 0x80010002
[19:43:42.144] |E| [stat_file]: Cannot find device for path: Media/Managed/UnityScript.Lang/UnityScript.Lang.dll
[19:43:42.145] |W| [io_error_impl]: stat_file (_sceIoGetstat) returned 0x80010002
[19:43:42.145] |E| [stat_file]: Cannot find device for path: Media/Managed/UnityScript.Lang/UnityScript.Lang.exe
[19:43:42.145] |W| [io_error_impl]: stat_file (_sceIoGetstat) returned 0x80010002
[19:43:42.145] |I| [export__sceIoOpen]: Opening file: app0:Media/Managed/UnityScript.Lang.dll
[19:43:42.146] |I| [export__sceIoOpen]: Opening file: app0:Media/Managed/mono/gac/policy.2.0.Boo.Lang/0.0.0.0__32c39770e9a21a67/policy.2.0.Boo.Lang.dll
[19:43:42.146] |E| [open_file]: Missing file at D:/Emulateurs/Vita3K/mc/ux0/app/PCSB00933/Media/Managed/mono/gac/policy.2.0.Boo.Lang/0.0.0.0__32c39770e9a21a67/policy.2.0.Boo.Lang.dll (target path: app0:Media/Managed/mono/gac/policy.2.0.Boo.Lang/0.0.0.0__32c39770e9a21a67/policy.2.0.Boo.Lang.dll)
[19:43:42.146] |W| [io_error_impl]: open_file (_sceIoOpen) returned 0x80010002
[19:43:42.147] |E| [stat_file]: Cannot find device for path: app0/Boo.Lang.dll
[19:43:42.147] |W| [io_error_impl]: stat_file (_sceIoGetstat) returned 0x80010002
[19:43:42.147] |E| [stat_file]: Cannot find device for path: app0/Boo.Lang.exe
[19:43:42.147] |W| [io_error_impl]: stat_file (_sceIoGetstat) returned 0x80010002
[19:43:42.147] |E| [stat_file]: Cannot find device for path: app0/Boo.Lang/Boo.Lang.dll
[19:43:42.147] |W| [io_error_impl]: stat_file (_sceIoGetstat) returned 0x80010002
[19:43:42.147] |E| [stat_file]: Cannot find device for path: app0/Boo.Lang/Boo.Lang.exe
[19:43:42.147] |W| [io_error_impl]: stat_file (_sceIoGetstat) returned 0x80010002
[19:43:42.147] |E| [stat_file]: Cannot find device for path: Media/Managed/Boo.Lang.dll
[19:43:42.147] |W| [io_error_impl]: stat_file (_sceIoGetstat) returned 0x80010002
[19:43:42.148] |E| [stat_file]: Cannot find device for path: Media/Managed/Boo.Lang.exe
[19:43:42.148] |W| [io_error_impl]: stat_file (_sceIoGetstat) returned 0x80010002
[19:43:42.148] |E| [stat_file]: Cannot find device for path: Media/Managed/Boo.Lang/Boo.Lang.dll
[19:43:42.148] |W| [io_error_impl]: stat_file (_sceIoGetstat) returned 0x80010002
[19:43:42.148] |E| [stat_file]: Cannot find device for path: Media/Managed/Boo.Lang/Boo.Lang.exe
[19:43:42.148] |W| [io_error_impl]: stat_file (_sceIoGetstat) returned 0x80010002
[19:43:42.148] |I| [export__sceIoOpen]: Opening file: app0:Media/Managed/mono/gac/Boo.Lang/2.0.9.5__32c39770e9a21a67/Boo.Lang.dll
[19:43:42.148] |E| [open_file]: Missing file at D:/Emulateurs/Vita3K/mc/ux0/app/PCSB00933/Media/Managed/mono/gac/Boo.Lang/2.0.9.5__32c39770e9a21a67/Boo.Lang.dll (target path: app0:Media/Managed/mono/gac/Boo.Lang/2.0.9.5__32c39770e9a21a67/Boo.Lang.dll)
[19:43:42.149] |W| [io_error_impl]: open_file (_sceIoOpen) returned 0x80010002
[19:43:42.149] |I| [export__sceIoOpen]: Opening file: app0:Media/Managed/Boo.Lang.dll
[19:43:42.153] |I| [export__sceIoOpen]: Opening file: app0:Media/Managed/Boo.Lang.dll.config
[19:43:42.154] |E| [open_file]: Missing file at D:/Emulateurs/Vita3K/mc/ux0/app/PCSB00933/Media/Managed/Boo.Lang.dll.config (target path: app0:Media/Managed/Boo.Lang.dll.config)
[19:43:42.154] |W| [io_error_impl]: open_file (_sceIoOpen) returned 0x80010002
[19:43:42.155] |I| [export__sceIoOpen]: Opening file: app0:Media/Managed/mono/assemblies/Boo.Lang/Boo.Lang.config
[19:43:42.155] |E| [open_file]: Missing file at D:/Emulateurs/Vita3K/mc/ux0/app/PCSB00933/Media/Managed/mono/assemblies/Boo.Lang/Boo.Lang.config (target path: app0:Media/Managed/mono/assemblies/Boo.Lang/Boo.Lang.config)
[19:43:42.155] |W| [io_error_impl]: open_file (_sceIoOpen) returned 0x80010002
[19:43:42.155] |I| [export__sceIoOpen]: Opening file: app0:Media/Managed/UnityScript.Lang.dll.config
[19:43:42.155] |E| [open_file]: Missing file at D:/Emulateurs/Vita3K/mc/ux0/app/PCSB00933/Media/Managed/UnityScript.Lang.dll.config (target path: app0:Media/Managed/UnityScript.Lang.dll.config)
[19:43:42.155] |W| [io_error_impl]: open_file (_sceIoOpen) returned 0x80010002
[19:43:42.155] |I| [export__sceIoOpen]: Opening file: app0:Media/Managed/mono/assemblies/UnityScript.Lang/UnityScript.Lang.config
[19:43:42.155] |E| [open_file]: Missing file at D:/Emulateurs/Vita3K/mc/ux0/app/PCSB00933/Media/Managed/mono/assemblies/UnityScript.Lang/UnityScript.Lang.config (target path: app0:Media/Managed/mono/assemblies/UnityScript.Lang/UnityScript.Lang.config)
[19:43:42.156] |W| [io_error_impl]: open_file (_sceIoOpen) returned 0x80010002
[19:43:42.156] |I| [export__sceIoOpen]: Opening file: app0:/Media/Managed/Assembly-UnityScript.dll.config
[19:43:42.156] |E| [open_file]: Missing file at D:/Emulateurs/Vita3K/mc/ux0/app/PCSB00933/Media/Managed/Assembly-UnityScript.dll.config (target path: app0:/Media/Managed/Assembly-UnityScript.dll.config)
[19:43:42.156] |W| [io_error_impl]: open_file (_sceIoOpen) returned 0x80010002
[19:43:42.156] |I| [export__sceIoOpen]: Opening file: app0:Media/Managed/mono/assemblies/Assembly-UnityScript/Assembly-UnityScript.config
[19:43:42.156] |E| [open_file]: Missing file at D:/Emulateurs/Vita3K/mc/ux0/app/PCSB00933/Media/Managed/mono/assemblies/Assembly-UnityScript/Assembly-UnityScript.config (target path: app0:Media/Managed/mono/assemblies/Assembly-UnityScript/Assembly-UnityScript.config)
[19:43:42.156] |W| [io_error_impl]: open_file (_sceIoOpen) returned 0x80010002
[19:43:42.157] |I| [export__sceIoOpen]: Opening file: app0:/Media/Managed/UnityEngine.UI.dll
[19:43:42.157] |I| [export__sceIoOpen]: Opening file: app0:Media/Managed/UnityEngine.UI.dll.config
[19:43:42.158] |E| [open_file]: Missing file at D:/Emulateurs/Vita3K/mc/ux0/app/PCSB00933/Media/Managed/UnityEngine.UI.dll.config (target path: app0:Media/Managed/UnityEngine.UI.dll.config)
[19:43:42.158] |W| [io_error_impl]: open_file (_sceIoOpen) returned 0x80010002
[19:43:42.158] |I| [export__sceIoOpen]: Opening file: app0:Media/Managed/mono/assemblies/UnityEngine.UI/UnityEngine.UI.config
[19:43:42.158] |E| [open_file]: Missing file at D:/Emulateurs/Vita3K/mc/ux0/app/PCSB00933/Media/Managed/mono/assemblies/UnityEngine.UI/UnityEngine.UI.config (target path: app0:Media/Managed/mono/assemblies/UnityEngine.UI/UnityEngine.UI.config)
[19:43:42.158] |W| [io_error_impl]: open_file (_sceIoOpen) returned 0x80010002
[19:43:42.159] |I| [export__sceIoOpen]: Opening file: app0:/Media/Managed/UnityEngine.Networking.dll
[19:43:42.161] |I| [export__sceIoOpen]: Opening file: app0:/Media/Managed/UnityEngine.Networking.dll.config
[19:43:42.161] |E| [open_file]: Missing file at D:/Emulateurs/Vita3K/mc/ux0/app/PCSB00933/Media/Managed/UnityEngine.Networking.dll.config (target path: app0:/Media/Managed/UnityEngine.Networking.dll.config)
[19:43:42.161] |W| [io_error_impl]: open_file (_sceIoOpen) returned 0x80010002
[19:43:42.161] |I| [export__sceIoOpen]: Opening file: app0:Media/Managed/mono/assemblies/UnityEngine.Networking/UnityEngine.Networking.config
[19:43:42.161] |E| [open_file]: Missing file at D:/Emulateurs/Vita3K/mc/ux0/app/PCSB00933/Media/Managed/mono/assemblies/UnityEngine.Networking/UnityEngine.Networking.config (target path: app0:Media/Managed/mono/assemblies/UnityEngine.Networking/UnityEngine.Networking.config)
[19:43:42.161] |W| [io_error_impl]: open_file (_sceIoOpen) returned 0x80010002
[19:43:42.162] |I| [export__sceIoOpen]: Opening file: app0:/Media/Managed/IFacebook.dll
[19:43:42.162] |I| [export__sceIoOpen]: Opening file: app0:Media/Managed/IFacebook.dll.config
[19:43:42.162] |E| [open_file]: Missing file at D:/Emulateurs/Vita3K/mc/ux0/app/PCSB00933/Media/Managed/IFacebook.dll.config (target path: app0:Media/Managed/IFacebook.dll.config)
[19:43:42.162] |W| [io_error_impl]: open_file (_sceIoOpen) returned 0x80010002
[19:43:42.163] |I| [export__sceIoOpen]: Opening file: app0:Media/Managed/mono/assemblies/IFacebook/IFacebook.config
[19:43:42.163] |E| [open_file]: Missing file at D:/Emulateurs/Vita3K/mc/ux0/app/PCSB00933/Media/Managed/mono/assemblies/IFacebook/IFacebook.config (target path: app0:Media/Managed/mono/assemblies/IFacebook/IFacebook.config)
[19:43:42.163] |W| [io_error_impl]: open_file (_sceIoOpen) returned 0x80010002
[19:43:42.163] |I| [export__sceIoOpen]: Opening file: app0:/Media/Managed/SonyNP.dll
[19:43:42.164] |I| [export__sceIoOpen]: Opening file: app0:Media/Managed/SonyNP.dll.config
[19:43:42.164] |E| [open_file]: Missing file at D:/Emulateurs/Vita3K/mc/ux0/app/PCSB00933/Media/Managed/SonyNP.dll.config (target path: app0:Media/Managed/SonyNP.dll.config)
[19:43:42.164] |W| [io_error_impl]: open_file (_sceIoOpen) returned 0x80010002
[19:43:42.164] |I| [export__sceIoOpen]: Opening file: app0:Media/Managed/mono/assemblies/SonyNP/SonyNP.config
[19:43:42.164] |E| [open_file]: Missing file at D:/Emulateurs/Vita3K/mc/ux0/app/PCSB00933/Media/Managed/mono/assemblies/SonyNP/SonyNP.config (target path: app0:Media/Managed/mono/assemblies/SonyNP/SonyNP.config)
[19:43:42.164] |W| [io_error_impl]: open_file (_sceIoOpen) returned 0x80010002
[19:43:42.165] |I| [export__sceIoOpen]: Opening file: app0:/Media/Managed/SonyVitaSavedGames.dll
[19:43:42.165] |I| [export__sceIoOpen]: Opening file: app0:Media/Managed/SonyVitaSavedGames.dll.config
[19:43:42.165] |E| [open_file]: Missing file at D:/Emulateurs/Vita3K/mc/ux0/app/PCSB00933/Media/Managed/SonyVitaSavedGames.dll.config (target path: app0:Media/Managed/SonyVitaSavedGames.dll.config)
[19:43:42.165] |W| [io_error_impl]: open_file (_sceIoOpen) returned 0x80010002
[19:43:42.166] |I| [export__sceIoOpen]: Opening file: app0:Media/Managed/mono/assemblies/SonyVitaSavedGames/SonyVitaSavedGames.config
[19:43:42.166] |E| [open_file]: Missing file at D:/Emulateurs/Vita3K/mc/ux0/app/PCSB00933/Media/Managed/mono/assemblies/SonyVitaSavedGames/SonyVitaSavedGames.config (target path: app0:Media/Managed/mono/assemblies/SonyVitaSavedGames/SonyVitaSavedGames.config)
[19:43:42.166] |W| [io_error_impl]: open_file (_sceIoOpen) returned 0x80010002
[19:43:42.166] |E| [call_import]: Import function for NID 0xE340C191 not found (thread name: Unity_main_thread, thread ID: 82)
[19:43:42.174] |E| [call_import]: Import function for NID 0xE340C195 not found (thread name: Unity_main_thread, thread ID: 82)
[19:43:42.175] |E| [call_import]: Import function for NID 0xE340C198 not found (thread name: Unity_main_thread, thread ID: 82)
[19:43:42.195] |E| [call_import]: Import function for NID 0xE340C19E not found (thread name: Unity_main_thread, thread ID: 82)
[19:43:42.260] |E| [call_import]: Import function for NID 0xE340C19A not found (thread name: Unity_main_thread, thread ID: 82)
[19:43:42.343] |E| [stat_file]: Missing file at D:/Emulateurs/Vita3K/mc/ux0/app/PCSB00933/Media/globalgamemanagers.assets.resG (target path: app0:/Media/globalgamemanagers.assets.resG)
[19:43:42.343] |W| [io_error_impl]: stat_file (_sceIoGetstat) returned 0x80010002
[19:43:42.344] |E| [stat_file]: Missing file at D:/Emulateurs/Vita3K/mc/ux0/app/PCSB00933/Media/globalgamemanagers.assets.res (target path: app0:/Media/globalgamemanagers.assets.res)
[19:43:42.344] |W| [io_error_impl]: stat_file (_sceIoGetstat) returned 0x80010002
[19:43:42.344] |E| [stat_file]: Missing file at D:/Emulateurs/Vita3K/mc/ux0/app/PCSB00933/Media/globalgamemanagers.assets.resS (target path: app0:/Media/globalgamemanagers.assets.resS)
[19:43:42.344] |W| [io_error_impl]: stat_file (_sceIoGetstat) returned 0x80010002
[19:43:42.346] |I| [export__sceIoOpen]: Opening file: app0:/Media/globalgamemanagers.assets
[19:43:42.353] |E| [stat_file]: Missing file at D:/Emulateurs/Vita3K/mc/ux0/app/PCSB00933/Media/Resources/unity_builtin_extra.resG (target path: app0:/Media/Resources/unity_builtin_extra.resG)
[19:43:42.354] |W| [io_error_impl]: stat_file (_sceIoGetstat) returned 0x80010002
[19:43:42.354] |E| [stat_file]: Missing file at D:/Emulateurs/Vita3K/mc/ux0/app/PCSB00933/Media/Resources/unity_builtin_extra.res (target path: app0:/Media/Resources/unity_builtin_extra.res)
[19:43:42.354] |W| [io_error_impl]: stat_file (_sceIoGetstat) returned 0x80010002
[19:43:42.355] |E| [stat_file]: Missing file at D:/Emulateurs/Vita3K/mc/ux0/app/PCSB00933/Media/Resources/unity_builtin_extra.resS (target path: app0:/Media/Resources/unity_builtin_extra.resS)
[19:43:42.355] |W| [io_error_impl]: stat_file (_sceIoGetstat) returned 0x80010002
[19:43:42.355] |I| [export__sceIoOpen]: Opening file: app0:/Media/Resources/unity_builtin_extra
[19:43:42.381] |E| [call_import]: Import function for NID 0xE340C19C not found (thread name: Unity_main_thread, thread ID: 82)
[19:43:42.441] |I| [export__sceIoOpen]: Opening file: app0:Media/Managed/mono/gac/policy.3.5.System.Core/0.0.0.0__b77a5c561934e089/policy.3.5.System.Core.dll
[19:43:42.441] |E| [open_file]: Missing file at D:/Emulateurs/Vita3K/mc/ux0/app/PCSB00933/Media/Managed/mono/gac/policy.3.5.System.Core/0.0.0.0__b77a5c561934e089/policy.3.5.System.Core.dll (target path: app0:Media/Managed/mono/gac/policy.3.5.System.Core/0.0.0.0__b77a5c561934e089/policy.3.5.System.Core.dll)
[19:43:42.442] |W| [io_error_impl]: open_file (_sceIoOpen) returned 0x80010002
[19:43:42.450] |I| [export__sceIoOpen]: Opening file: app0:Media/Managed/mono/gac/policy.2.0.System/0.0.0.0__b77a5c561934e089/policy.2.0.System.dll
[19:43:42.450] |E| [open_file]: Missing file at D:/Emulateurs/Vita3K/mc/ux0/app/PCSB00933/Media/Managed/mono/gac/policy.2.0.System/0.0.0.0__b77a5c561934e089/policy.2.0.System.dll (target path: app0:Media/Managed/mono/gac/policy.2.0.System/0.0.0.0__b77a5c561934e089/policy.2.0.System.dll)
[19:43:42.450] |W| [io_error_impl]: open_file (_sceIoOpen) returned 0x80010002
[19:43:42.516] |I| [export__sceIoOpen]: Opening file: app0:Media/Managed/mono/gac/policy.2.0.mscorlib/0.0.0.0__7cec85d7bea7798e/policy.2.0.mscorlib.dll
[19:43:42.517] |E| [open_file]: Missing file at D:/Emulateurs/Vita3K/mc/ux0/app/PCSB00933/Media/Managed/mono/gac/policy.2.0.mscorlib/0.0.0.0__7cec85d7bea7798e/policy.2.0.mscorlib.dll (target path: app0:Media/Managed/mono/gac/policy.2.0.mscorlib/0.0.0.0__7cec85d7bea7798e/policy.2.0.mscorlib.dll)
[19:43:42.518] |W| [io_error_impl]: open_file (_sceIoOpen) returned 0x80010002
[19:43:42.518] |E| [stat_file]: Cannot find device for path: app0/mscorlib.dll
[19:43:42.518] |W| [io_error_impl]: stat_file (_sceIoGetstat) returned 0x80010002
[19:43:42.519] |E| [stat_file]: Cannot find device for path: app0/mscorlib.exe
[19:43:42.519] |W| [io_error_impl]: stat_file (_sceIoGetstat) returned 0x80010002
[19:43:42.519] |E| [stat_file]: Cannot find device for path: app0/mscorlib/mscorlib.dll
[19:43:42.519] |W| [io_error_impl]: stat_file (_sceIoGetstat) returned 0x80010002
[19:43:42.520] |E| [stat_file]: Cannot find device for path: app0/mscorlib/mscorlib.exe
[19:43:42.520] |W| [io_error_impl]: stat_file (_sceIoGetstat) returned 0x80010002
[19:43:42.520] |E| [stat_file]: Cannot find device for path: Media/Managed/mscorlib.dll
[19:43:42.521] |W| [io_error_impl]: stat_file (_sceIoGetstat) returned 0x80010002
[19:43:42.521] |E| [stat_file]: Cannot find device for path: Media/Managed/mscorlib.exe
[19:43:42.521] |W| [io_error_impl]: stat_file (_sceIoGetstat) returned 0x80010002
[19:43:42.521] |E| [stat_file]: Cannot find device for path: Media/Managed/mscorlib/mscorlib.dll
[19:43:42.521] |W| [io_error_impl]: stat_file (_sceIoGetstat) returned 0x80010002
[19:43:42.521] |E| [stat_file]: Cannot find device for path: Media/Managed/mscorlib/mscorlib.exe
[19:43:42.522] |W| [io_error_impl]: stat_file (_sceIoGetstat) returned 0x80010002
[19:43:42.551] |E| [stat_file]: Cannot find device for path: app0/mscorlib.dll
[19:43:42.551] |W| [io_error_impl]: stat_file (_sceIoGetstat) returned 0x80010002
[19:43:42.552] |E| [stat_file]: Cannot find device for path: app0/mscorlib.exe
[19:43:42.552] |W| [io_error_impl]: stat_file (_sceIoGetstat) returned 0x80010002
[19:43:42.552] |E| [stat_file]: Cannot find device for path: app0/mscorlib/mscorlib.dll
[19:43:42.552] |W| [io_error_impl]: stat_file (_sceIoGetstat) returned 0x80010002
[19:43:42.552] |E| [stat_file]: Cannot find device for path: app0/mscorlib/mscorlib.exe
[19:43:42.552] |W| [io_error_impl]: stat_file (_sceIoGetstat) returned 0x80010002
[19:43:42.552] |E| [stat_file]: Cannot find device for path: Media/Managed/mscorlib.dll
[19:43:42.552] |W| [io_error_impl]: stat_file (_sceIoGetstat) returned 0x80010002
[19:43:42.552] |E| [stat_file]: Cannot find device for path: Media/Managed/mscorlib.exe
[19:43:42.553] |W| [io_error_impl]: stat_file (_sceIoGetstat) returned 0x80010002
[19:43:42.553] |E| [stat_file]: Cannot find device for path: Media/Managed/mscorlib/mscorlib.dll
[19:43:42.553] |W| [io_error_impl]: stat_file (_sceIoGetstat) returned 0x80010002
[19:43:42.553] |E| [stat_file]: Cannot find device for path: Media/Managed/mscorlib/mscorlib.exe
[19:43:42.553] |W| [io_error_impl]: stat_file (_sceIoGetstat) returned 0x80010002
[19:43:42.568] |I| [export__sceIoOpen]: Opening file: app0:Media/Managed/mono/gac/policy.2.0.System.Core/0.0.0.0__7cec85d7bea7798e/policy.2.0.System.Core.dll
[19:43:42.568] |E| [open_file]: Missing file at D:/Emulateurs/Vita3K/mc/ux0/app/PCSB00933/Media/Managed/mono/gac/policy.2.0.System.Core/0.0.0.0__7cec85d7bea7798e/policy.2.0.System.Core.dll (target path: app0:Media/Managed/mono/gac/policy.2.0.System.Core/0.0.0.0__7cec85d7bea7798e/policy.2.0.System.Core.dll)
[19:43:42.568] |W| [io_error_impl]: open_file (_sceIoOpen) returned 0x80010002
[19:43:42.568] |E| [stat_file]: Cannot find device for path: app0/System.Core.dll
[19:43:42.568] |W| [io_error_impl]: stat_file (_sceIoGetstat) returned 0x80010002
[19:43:42.569] |E| [stat_file]: Cannot find device for path: app0/System.Core.exe
[19:43:42.569] |W| [io_error_impl]: stat_file (_sceIoGetstat) returned 0x80010002
[19:43:42.569] |E| [stat_file]: Cannot find device for path: app0/System.Core/System.Core.dll
[19:43:42.569] |W| [io_error_impl]: stat_file (_sceIoGetstat) returned 0x80010002
[19:43:42.569] |E| [stat_file]: Cannot find device for path: app0/System.Core/System.Core.exe
[19:43:42.569] |W| [io_error_impl]: stat_file (_sceIoGetstat) returned 0x80010002
[19:43:42.569] |E| [stat_file]: Cannot find device for path: Media/Managed/System.Core.dll
[19:43:42.569] |W| [io_error_impl]: stat_file (_sceIoGetstat) returned 0x80010002
[19:43:42.569] |E| [stat_file]: Cannot find device for path: Media/Managed/System.Core.exe
[19:43:42.570] |W| [io_error_impl]: stat_file (_sceIoGetstat) returned 0x80010002
[19:43:42.570] |E| [stat_file]: Cannot find device for path: Media/Managed/System.Core/System.Core.dll
[19:43:42.570] |W| [io_error_impl]: stat_file (_sceIoGetstat) returned 0x80010002
[19:43:42.572] |E| [stat_file]: Cannot find device for path: Media/Managed/System.Core/System.Core.exe
[19:43:42.572] |W| [io_error_impl]: stat_file (_sceIoGetstat) returned 0x80010002
[19:43:42.573] |I| [export__sceIoOpen]: Opening file: app0:Media/Managed/mono/gac/System.Core/2.0.5.0__7cec85d7bea7798e/System.Core.dll
[19:43:42.573] |E| [open_file]: Missing file at D:/Emulateurs/Vita3K/mc/ux0/app/PCSB00933/Media/Managed/mono/gac/System.Core/2.0.5.0__7cec85d7bea7798e/System.Core.dll (target path: app0:Media/Managed/mono/gac/System.Core/2.0.5.0__7cec85d7bea7798e/System.Core.dll)
[19:43:42.573] |W| [io_error_impl]: open_file (_sceIoOpen) returned 0x80010002
[19:43:42.573] |I| [export__sceIoOpen]: Opening file: app0:/Media/Managed/System.Core.dll
[19:43:42.584] |I| [export__sceIoOpen]: Opening file: app0:Media/Managed/System.Core.dll.config
[19:43:42.584] |E| [open_file]: Missing file at D:/Emulateurs/Vita3K/mc/ux0/app/PCSB00933/Media/Managed/System.Core.dll.config (target path: app0:Media/Managed/System.Core.dll.config)
[19:43:42.584] |W| [io_error_impl]: open_file (_sceIoOpen) returned 0x80010002
[19:43:42.584] |I| [export__sceIoOpen]: Opening file: app0:Media/Managed/mono/assemblies/System.Core/System.Core.config
[19:43:42.584] |E| [open_file]: Missing file at D:/Emulateurs/Vita3K/mc/ux0/app/PCSB00933/Media/Managed/mono/assemblies/System.Core/System.Core.config (target path: app0:Media/Managed/mono/assemblies/System.Core/System.Core.config)
[19:43:42.584] |W| [io_error_impl]: open_file (_sceIoOpen) returned 0x80010002
[19:43:42.612] |I| [export__sceIoOpen]: Opening file: app0:Media/Managed/mono/gac/policy.2.0.System/0.0.0.0__7cec85d7bea7798e/policy.2.0.System.dll
[19:43:42.613] |E| [open_file]: Missing file at D:/Emulateurs/Vita3K/mc/ux0/app/PCSB00933/Media/Managed/mono/gac/policy.2.0.System/0.0.0.0__7cec85d7bea7798e/policy.2.0.System.dll (target path: app0:Media/Managed/mono/gac/policy.2.0.System/0.0.0.0__7cec85d7bea7798e/policy.2.0.System.dll)
[19:43:42.613] |W| [io_error_impl]: open_file (_sceIoOpen) returned 0x80010002
[19:43:42.614] |E| [stat_file]: Cannot find device for path: app0/System.dll
[19:43:42.614] |W| [io_error_impl]: stat_file (_sceIoGetstat) returned 0x80010002
[19:43:42.614] |E| [stat_file]: Cannot find device for path: app0/System.exe
[19:43:42.614] |W| [io_error_impl]: stat_file (_sceIoGetstat) returned 0x80010002
[19:43:42.614] |E| [stat_file]: Cannot find device for path: app0/System/System.dll
[19:43:42.614] |W| [io_error_impl]: stat_file (_sceIoGetstat) returned 0x80010002
[19:43:42.615] |E| [stat_file]: Cannot find device for path: app0/System/System.exe
[19:43:42.615] |W| [io_error_impl]: stat_file (_sceIoGetstat) returned 0x80010002
[19:43:42.615] |E| [stat_file]: Cannot find device for path: Media/Managed/System.dll
[19:43:42.615] |W| [io_error_impl]: stat_file (_sceIoGetstat) returned 0x80010002
[19:43:42.615] |E| [stat_file]: Cannot find device for path: Media/Managed/System.exe
[19:43:42.615] |W| [io_error_impl]: stat_file (_sceIoGetstat) returned 0x80010002
[19:43:42.615] |E| [stat_file]: Cannot find device for path: Media/Managed/System/System.dll
[19:43:42.615] |W| [io_error_impl]: stat_file (_sceIoGetstat) returned 0x80010002
[19:43:42.615] |E| [stat_file]: Cannot find device for path: Media/Managed/System/System.exe
[19:43:42.616] |W| [io_error_impl]: stat_file (_sceIoGetstat) returned 0x80010002
[19:43:42.616] |I| [export__sceIoOpen]: Opening file: app0:Media/Managed/mono/gac/System/2.0.0.0__7cec85d7bea7798e/System.dll
[19:43:42.616] |E| [open_file]: Missing file at D:/Emulateurs/Vita3K/mc/ux0/app/PCSB00933/Media/Managed/mono/gac/System/2.0.0.0__7cec85d7bea7798e/System.dll (target path: app0:Media/Managed/mono/gac/System/2.0.0.0__7cec85d7bea7798e/System.dll)
[19:43:42.616] |W| [io_error_impl]: open_file (_sceIoOpen) returned 0x80010002
[19:43:42.617] |I| [export__sceIoOpen]: Opening file: app0:/Media/Managed/System.dll
[19:43:42.621] |I| [export__sceIoOpen]: Opening file: app0:Media/Managed/System.dll.config
[19:43:42.621] |E| [open_file]: Missing file at D:/Emulateurs/Vita3K/mc/ux0/app/PCSB00933/Media/Managed/System.dll.config (target path: app0:Media/Managed/System.dll.config)
[19:43:42.621] |W| [io_error_impl]: open_file (_sceIoOpen) returned 0x80010002
[19:43:42.622] |I| [export__sceIoOpen]: Opening file: app0:Media/Managed/mono/assemblies/System/System.config
[19:43:42.622] |E| [open_file]: Missing file at D:/Emulateurs/Vita3K/mc/ux0/app/PCSB00933/Media/Managed/mono/assemblies/System/System.config (target path: app0:Media/Managed/mono/assemblies/System/System.config)
[19:43:42.622] |W| [io_error_impl]: open_file (_sceIoOpen) returned 0x80010002
[19:43:42.627] |I| [export__sceIoOpen]: Opening file: app0:Media/Managed/mono/gac/policy.0.0.IFacebook/0.0.0.0__d9f0385cc69e16d8/policy.0.0.IFacebook.dll
[19:43:42.628] |E| [open_file]: Missing file at D:/Emulateurs/Vita3K/mc/ux0/app/PCSB00933/Media/Managed/mono/gac/policy.0.0.IFacebook/0.0.0.0__d9f0385cc69e16d8/policy.0.0.IFacebook.dll (target path: app0:Media/Managed/mono/gac/policy.0.0.IFacebook/0.0.0.0__d9f0385cc69e16d8/policy.0.0.IFacebook.dll)
[19:43:42.628] |W| [io_error_impl]: open_file (_sceIoOpen) returned 0x80010002
[19:43:42.628] |E| [stat_file]: Cannot find device for path: app0/mscorlib.dll
[19:43:42.628] |W| [io_error_impl]: stat_file (_sceIoGetstat) returned 0x80010002
[19:43:42.628] |E| [stat_file]: Cannot find device for path: app0/mscorlib.exe
[19:43:42.628] |W| [io_error_impl]: stat_file (_sceIoGetstat) returned 0x80010002
[19:43:42.628] |E| [stat_file]: Cannot find device for path: app0/mscorlib/mscorlib.dll
[19:43:42.629] |W| [io_error_impl]: stat_file (_sceIoGetstat) returned 0x80010002
[19:43:42.629] |E| [stat_file]: Cannot find device for path: app0/mscorlib/mscorlib.exe
[19:43:42.629] |W| [io_error_impl]: stat_file (_sceIoGetstat) returned 0x80010002
[19:43:42.629] |E| [stat_file]: Cannot find device for path: Media/Managed/mscorlib.dll
[19:43:42.629] |W| [io_error_impl]: stat_file (_sceIoGetstat) returned 0x80010002
[19:43:42.629] |E| [stat_file]: Cannot find device for path: Media/Managed/mscorlib.exe
[19:43:42.629] |W| [io_error_impl]: stat_file (_sceIoGetstat) returned 0x80010002
[19:43:42.629] |E| [stat_file]: Cannot find device for path: Media/Managed/mscorlib/mscorlib.dll
[19:43:42.629] |W| [io_error_impl]: stat_file (_sceIoGetstat) returned 0x80010002
[19:43:42.630] |E| [stat_file]: Cannot find device for path: Media/Managed/mscorlib/mscorlib.exe
[19:43:42.630] |W| [io_error_impl]: stat_file (_sceIoGetstat) returned 0x80010002
[19:43:42.677] |E| [stat_file]: Cannot find device for path: app0/mscorlib.dll
[19:43:42.678] |W| [io_error_impl]: stat_file (_sceIoGetstat) returned 0x80010002
[19:43:42.678] |E| [stat_file]: Cannot find device for path: app0/mscorlib.exe
[19:43:42.678] |W| [io_error_impl]: stat_file (_sceIoGetstat) returned 0x80010002
[19:43:42.678] |E| [stat_file]: Cannot find device for path: app0/mscorlib/mscorlib.dll
[19:43:42.678] |W| [io_error_impl]: stat_file (_sceIoGetstat) returned 0x80010002
[19:43:42.678] |E| [stat_file]: Cannot find device for path: app0/mscorlib/mscorlib.exe
[19:43:42.678] |W| [io_error_impl]: stat_file (_sceIoGetstat) retu