[00:37:03.314] |I| [load_app_impl]: ngs experimental state: true
[00:37:03.314] |I| [load_app_impl]: video player state: true
[00:37:03.314] |I| [load_app_impl]: auto-lle: enabled
[00:37:03.315] |I| [load_app_impl]: Title: Total Recoil
[00:37:03.315] |I| [load_app_impl]: Serial: PCSB00355
[00:37:03.315] |I| [load_app_impl]: Version: 1.01
[00:37:03.315] |I| [load_app_impl]: Category: gp
[00:37:03.377] |C| [load_self]: Unknown segment type 0x6FFFFF01
[00:37:03.378] |I| [load_self]: Loaded module segment 0 @ [0x00004000 - 0x0004E4B0 / 0x81000000] (size: 0x0004A4B0) of module app0:sce_module/libc.suprx
[00:37:03.378] |I| [load_self]: Loaded module segment 1 @ [0x0004F000 - 0x000516F4 / 0x8104B000] (size: 0x000026F4) of module app0:sce_module/libc.suprx
[00:37:03.378] |I| [load_self]: Loading symbols for SELF: app0:sce_module/libc.suprx
[00:37:03.378] |D| [load_var_exports]: 	NID 0x6C2224BA (NID_MODULE_INFO) at 0x3AF30
[00:37:03.378] |W| [load_var_imports]: 	NID NOT FOUND 0x93B8AA67 (UNRECOGNISED) at 0x3EDF0, setting to stub value 0xDEADBEEF
[00:37:03.379] |W| [load_var_imports]: 	NID NOT FOUND 0xDF084DFA (UNRECOGNISED) at 0x404A4, setting to stub value 0xDEADBEEF
[00:37:03.379] |I| [pre_load_module]: Pre-load module SceLibc (at "sce_module/libc.suprx") loaded
[00:37:03.386] |C| [load_self]: Unknown segment type 0x6FFFFF01
[00:37:03.386] |I| [load_self]: Loaded module segment 0 @ [0x00054000 - 0x0007822C / 0x81000000] (size: 0x0002422C) of module app0:sce_module/libfios2.suprx
[00:37:03.386] |I| [load_self]: Loaded module segment 1 @ [0x00079000 - 0x0007E1A4 / 0x81025000] (size: 0x000051A4) of module app0:sce_module/libfios2.suprx
[00:37:03.386] |I| [load_self]: Loading symbols for SELF: app0:sce_module/libfios2.suprx
[00:37:03.386] |D| [load_var_exports]: 	NID 0x6C2224BA (NID_MODULE_INFO) at 0x70B70
[00:37:03.386] |I| [pre_load_module]: Pre-load module SceLibFios2 (at "sce_module/libfios2.suprx") loaded
[00:37:03.404] |C| [load_self]: Unknown segment type 0x6FFFFF01
[00:37:03.404] |I| [load_self]: Loaded module segment 0 @ [0x0007F000 - 0x00093144 / 0x81000000] (size: 0x00014144) of module app0:sce_module/libult.suprx
[00:37:03.405] |I| [load_self]: Loaded module segment 1 @ [0x00094000 - 0x00094814 / 0x81015000] (size: 0x00000814) of module app0:sce_module/libult.suprx
[00:37:03.405] |I| [load_self]: Loading symbols for SELF: app0:sce_module/libult.suprx
[00:37:03.405] |D| [load_var_exports]: 	NID 0x6C2224BA (NID_MODULE_INFO) at 0x8F1CC
[00:37:03.405] |I| [pre_load_module]: Pre-load module SceUlt (at "sce_module/libult.suprx") loaded
[00:37:03.411] |I| [load_self]: Loaded module segment 0 @ [0x00095000 - 0x000E5F04 / 0x81000000] (size: 0x00050F04) of module vs0:sys/external/libSceFt2.suprx
[00:37:03.411] |I| [load_self]: Loaded module segment 1 @ [0x000E6000 - 0x000E62F4 / 0x81051000] (size: 0x000002F4) of module vs0:sys/external/libSceFt2.suprx
[00:37:03.411] |I| [load_self]: Loading symbols for SELF: vs0:sys/external/libSceFt2.suprx
[00:37:03.411] |D| [load_var_exports]: 	NID 0x936C8A78 (SYSLYB) at 0xD17DC
[00:37:03.412] |D| [load_var_exports]: 	NID 0x6C2224BA (NID_MODULE_INFO) at 0xD0F10
[00:37:03.412] |I| [pre_load_module]: Pre-load module SceLibft2 (at "sys/external/libSceFt2.suprx") loaded
[00:37:03.413] |I| [load_self]: Loaded module segment 0 @ [0x000E7000 - 0x000F6F14 / 0x81000000] (size: 0x0000FF14) of module vs0:sys/external/libpvf.suprx
[00:37:03.414] |I| [load_self]: Loaded module segment 1 @ [0x000F7000 - 0x000F7008 / 0x81010000] (size: 0x00000008) of module vs0:sys/external/libpvf.suprx
[00:37:03.414] |I| [load_self]: Loading symbols for SELF: vs0:sys/external/libpvf.suprx
[00:37:03.414] |D| [load_var_exports]: 	NID 0x936C8A78 (SYSLYB) at 0xF5710
[00:37:03.414] |D| [load_var_exports]: 	NID 0x6C2224BA (NID_MODULE_INFO) at 0xF5300
[00:37:03.414] |I| [pre_load_module]: Pre-load module SceLibPvf (at "sys/external/libpvf.suprx") loaded
[00:37:03.466] |C| [load_self]: Unknown segment type 0x6FFFFF01
[00:37:03.467] |I| [load_self]: Loaded module segment 0 @ [0x81000000 - 0x8113DE60 / 0x81000000] (size: 0x0013DE60) of module app0:eboot.bin
[00:37:03.467] |I| [load_self]: Loaded module segment 1 @ [0x8113E000 - 0x8124342C / 0x8113E000] (size: 0x0010542C) of module app0:eboot.bin
[00:37:03.467] |I| [load_self]: Loading symbols for SELF: app0:eboot.bin
[00:37:03.467] |D| [load_var_exports]: 	NID 0x6C2224BA (NID_MODULE_INFO) at 0x811161B8
[00:37:03.467] |D| [load_var_exports]: 	NID 0x70FBA1E7 (SCE_PROC_PARAMS) at 0x8113E898
[00:37:03.467] |I| [load_app_impl]: Main executable Squaddies (eboot.bin) loaded
[00:37:03.469] |D| [run_app]: Running module_start of library: SceLibc at address 0x47F1
[00:37:03.474] |I| [run_app]: Module SceLibc (at "app0:sce_module/libc.suprx") module_start returned 0x0
[00:37:03.474] |D| [run_app]: Running module_start of library: SceLibFios2 at address 0x54001
[00:37:03.476] |W| [stubbed_impl]: Stubbed sceKernelGetProcessId import called. (pid: 0)
[00:37:03.476] |W| [unimplemented_impl]: Unimplemented sceFiosOverlayGetList02 import called.
[00:37:03.476] |I| [run_app]: Module SceLibFios2 (at "app0:sce_module/libfios2.suprx") module_start returned 0x0
[00:37:03.477] |D| [run_app]: Running module_start of library: SceUlt at address 0x8284D
[00:37:03.478] |W| [unimplemented_impl]: Unimplemented _sceUlobjMgrRegisterLibultProtocolRevision import called.
[00:37:03.478] |I| [run_app]: Module SceUlt (at "app0:sce_module/libult.suprx") module_start returned 0x0
[00:37:03.479] |W| [unimplemented_impl]: Unimplemented sceKernelRegisterThreadEventHandler import called.
[00:37:03.480] |W| [unimplemented_impl]: Unimplemented sceAppUtilInit import called.
[00:37:03.623] |W| [unimplemented_impl]: Unimplemented sceCommonDialogSetConfigParam import called.
[00:37:03.625] |W| [stubbed_impl]: Stubbed sceKernelWaitSemaCB import called. (no CB)
[00:37:03.660] |W| [stubbed_impl]: Stubbed sceGxmMapMemory import called. (always return success)
[00:37:03.697] |W| [stubbed_impl]: Stubbed sceGxmMapFragmentUsseMemory import called. (always return success)
[00:37:03.718] |W| [stubbed_impl]: Stubbed sceGxmMapVertexUsseMemory import called. (always return success)
[00:37:03.757] |I| [export_sceIoOpen]: Opening file: app0:global.sar
[00:37:03.757] |E| [open_file]: Missing file at D:/Emulateurs/Vita3K/mc/ux0/app/PCSB00355/global.sar (target path: app0:global.sar)
[00:37:03.757] |W| [io_error_impl]: open_file (sceIoOpen) returned 0x80010002
[00:37:03.763] |W| [unimplemented_impl]: Unimplemented sceMotionStartSampling import called.
[00:37:03.764] |W| [unimplemented_impl]: Unimplemented sceNgsVoiceSetFinishedCallback import called.
[00:37:03.764] |W| [unimplemented_impl]: Unimplemented sceAudioOutSetVolume import called.
[00:37:03.768] |W| [unimplemented_impl]: Unimplemented sceAudioOutGetAdopt import called.
[00:37:03.923] |W| [stubbed_impl]: Stubbed sceNpTrophyCreateHandle import called. (Stubbed handle with 1)
[00:37:03.923] |W| [unimplemented_impl]: Unimplemented sceNpScoreInit import called.
[00:37:03.923] |W| [unimplemented_impl]: Unimplemented sceNpScoreCreateTitleCtx import called.
[00:37:03.923] |W| [unimplemented_impl]: Unimplemented sceNpBasicInit import called.
[00:37:03.928] |I| [load_module]: Loading module ID: 0x4
[00:37:03.931] |C| [load_self]: Unknown segment type 0x6FFFFF01
[00:37:03.931] |I| [load_self]: Loaded module segment 0 @ [0x12D57000 - 0x12D74150 / 0x81000000] (size: 0x0001D150) of module sys/external/libhttp.suprx
[00:37:03.931] |I| [load_self]: Loaded module segment 1 @ [0x12D75000 - 0x12D75640 / 0x8101E000] (size: 0x00000640) of module sys/external/libhttp.suprx
[00:37:03.931] |I| [load_self]: Loading symbols for SELF: sys/external/libhttp.suprx
[00:37:03.931] |D| [load_var_exports]: 	NID 0x936C8A78 (SYSLYB) at 0x12D72E68
[00:37:03.931] |D| [load_var_exports]: 	NID 0x6C2224BA (NID_MODULE_INFO) at 0x12D6FCA0
[00:37:03.932] |I| [load_module]: Module SceLibHttp (at "sys/external/libhttp.suprx") loaded
[00:37:03.932] |D| [load_module]: Running module_start of module: SceLibHttp
[00:37:03.934] |I| [load_module]: Module SceLibHttp (at "sys/ext