[23:46:12.784] |I| [load_app_impl]: ngs experimental state: true
[23:46:12.784] |I| [load_app_impl]: video player state: true
[23:46:12.785] |I| [load_app_impl]: auto-lle: enabled
[23:46:12.785] |I| [load_app_impl]: Title: Hustle Kings™
[23:46:12.785] |I| [load_app_impl]: Serial: PCSF00010
[23:46:12.785] |I| [load_app_impl]: Version: 1.01
[23:46:12.785] |I| [load_app_impl]: Category: gp
[23:46:12.820] |C| [load_self]: Unknown segment type 0x6FFFFF01
[23:46:12.820] |I| [load_self]: Loaded module segment 0 @ [0x00004000 - 0x000407DC / 0x81000000] (size: 0x0003C7DC) of module ux0:app\PCSF00010\sce_module\libc.suprx
[23:46:12.820] |I| [load_self]: Loaded module segment 1 @ [0x00041000 - 0x00043374 / 0x8103D000] (size: 0x00002374) of module ux0:app\PCSF00010\sce_module\libc.suprx
[23:46:12.820] |I| [load_self]: Loading symbols for SELF: ux0:app\PCSF00010\sce_module\libc.suprx
[23:46:12.821] |D| [load_var_exports]: 	NID 0x6C2224BA (NID_MODULE_INFO) at 0x32220
[23:46:12.821] |W| [load_var_imports]: 	NID NOT FOUND 0xDF084DFA (UNRECOGNISED) at 0x359F0, setting to stub value 0xDEADBEEF
[23:46:12.822] |I| [pre_load_module]: Pre-load module SceLibc (at "app\PCSF00010\sce_module\libc.suprx") loaded
[23:46:12.827] |C| [load_self]: Unknown segment type 0x6FFFFF01
[23:46:12.827] |I| [load_self]: Loaded module segment 0 @ [0x00045000 - 0x000671B0 / 0x81000000] (size: 0x000221B0) of module ux0:app\PCSF00010\sce_module\libfios2.suprx
[23:46:12.828] |I| [load_self]: Loaded module segment 1 @ [0x00068000 - 0x0006D1B8 / 0x81023000] (size: 0x000051B8) of module ux0:app\PCSF00010\sce_module\libfios2.suprx
[23:46:12.828] |I| [load_self]: Loading symbols for SELF: ux0:app\PCSF00010\sce_module\libfios2.suprx
[23:46:12.830] |D| [load_var_exports]: 	NID 0x6C2224BA (NID_MODULE_INFO) at 0x60CB0
[23:46:12.830] |I| [pre_load_module]: Pre-load module SceLibFios2 (at "app\PCSF00010\sce_module\libfios2.suprx") loaded
[23:46:12.833] |C| [load_self]: Unknown segment type 0x6FFFFF01
[23:46:12.834] |I| [load_self]: Loaded module segment 0 @ [0x0006E000 - 0x0008206C / 0x81000000] (size: 0x0001406C) of module ux0:app\PCSF00010\sce_module\libult.suprx
[23:46:12.834] |I| [load_self]: Loaded module segment 1 @ [0x00083000 - 0x00083814 / 0x81015000] (size: 0x00000814) of module ux0:app\PCSF00010\sce_module\libult.suprx
[23:46:12.835] |I| [load_self]: Loading symbols for SELF: ux0:app\PCSF00010\sce_module\libult.suprx
[23:46:12.835] |D| [load_var_exports]: 	NID 0x6C2224BA (NID_MODULE_INFO) at 0x7EB68
[23:46:12.836] |I| [pre_load_module]: Pre-load module SceUlt (at "app\PCSF00010\sce_module\libult.suprx") loaded
[23:46:12.842] |I| [load_self]: Loaded module segment 0 @ [0x00084000 - 0x000D4F04 / 0x81000000] (size: 0x00050F04) of module vs0:sys/external/libSceFt2.suprx
[23:46:12.843] |I| [load_self]: Loaded module segment 1 @ [0x000D5000 - 0x000D52F4 / 0x81051000] (size: 0x000002F4) of module vs0:sys/external/libSceFt2.suprx
[23:46:12.843] |I| [load_self]: Loading symbols for SELF: vs0:sys/external/libSceFt2.suprx
[23:46:12.844] |D| [load_var_exports]: 	NID 0x936C8A78 (SYSLYB) at 0xC07DC
[23:46:12.844] |D| [load_var_exports]: 	NID 0x6C2224BA (NID_MODULE_INFO) at 0xBFF10
[23:46:12.845] |W| [load_var_imports]: 	NID NOT FOUND 0x93B8AA67 (UNRECOGNISED) at 0xD4EE0, setting to stub value 0xDEADBEEF
[23:46:12.846] |I| [pre_load_module]: Pre-load module SceLibft2 (at "sys/external/libSceFt2.suprx") loaded
[23:46:12.848] |I| [load_self]: Loaded module segment 0 @ [0x000D7000 - 0x000E6F14 / 0x81000000] (size: 0x0000FF14) of module vs0:sys/external/libpvf.suprx
[23:46:12.848] |I| [load_self]: Loaded module segment 1 @ [0x000E7000 - 0x000E7008 / 0x81010000] (size: 0x00000008) of module vs0:sys/external/libpvf.suprx
[23:46:12.849] |I| [load_self]: Loading symbols for SELF: vs0:sys/external/libpvf.suprx
[23:46:12.849] |D| [load_var_exports]: 	NID 0x936C8A78 (SYSLYB) at 0xE5710
[23:46:12.849] |D| [load_var_exports]: 	NID 0x6C2224BA (NID_MODULE_INFO) at 0xE5300
[23:46:12.850] |I| [pre_load_module]: Pre-load module SceLibPvf (at "sys/external/libpvf.suprx") loaded
[23:46:13.128] |C| [load_self]: Unknown segment type 0x6FFFFF01
[23:46:13.129] |I| [load_self]: Loaded module segment 0 @ [0x81000000 - 0x81E98ED8 / 0x81000000] (size: 0x00E98ED8) of module app0:eboot.bin
[23:46:13.130] |I| [load_self]: Loaded module segment 1 @ [0x81E99000 - 0x81EF1370 / 0x81E99000] (size: 0x00058370) of module app0:eboot.bin
[23:46:13.130] |I| [load_self]: Loading symbols for SELF: app0:eboot.bin
[23:46:13.131] |D| [load_var_exports]: 	NID 0x6C2224BA (NID_MODULE_INFO) at 0x81D0D760
[23:46:13.131] |D| [load_var_exports]: 	NID 0x70FBA1E7 (SCE_PROC_PARAMS) at 0x81E9B94C
[23:46:13.131] |I| [load_app_impl]: Main executable HustleKings (eboot.bin) loaded
[23:46:13.134] |D| [run_app]: Running module_start of library: SceLibc at address 0x45E5
[23:46:13.150] |I| [export_sceIoOpen]: Opening file: tty0:
[23:46:13.150] |I| [export_sceIoOpen]: Opening file: tty0:
[23:46:13.150] |I| [export_sceIoOpen]: Opening file: tty1:
[23:46:13.152] |I| [run_app]: Module SceLibc (at "ux0:app\PCSF00010\sce_module\libc.suprx") module_start returned 0x0
[23:46:13.152] |D| [run_app]: Running module_start of library: SceLibFios2 at address 0x45001
[23:46:13.154] |W| [stubbed_impl]: Stubbed sceKernelGetProcessId import called. (pid: 0)
[23:46:13.154] |W| [stubbed_impl]: Stubbed _sceFiosKernelOverlayGetList import called. (Set pActualIDs to 0)
[23:46:13.154] |D| [export__sceFiosKernelOverlayGetList]: pid: 0
[23:46:13.155] |D| [export__sceFiosKernelOverlayGetList]: buffer_size: 0
[23:46:13.155] |D| [export__sceFiosKernelOverlayGetList]: maxIDs: 0
[23:46:13.156] |D| [export__sceFiosKernelOverlayGetList]: pActualIDs: 0
[23:46:13.156] |I| [run_app]: Module SceLibFios2 (at "ux0:app\PCSF00010\sce_module\libfios2.suprx") module_start returned 0x0
[23:46:13.157] |D| [run_app]: Running module_start of library: SceUlt at address 0x71B71
[23:46:13.159] |I| [run_app]: Module SceUlt (at "ux0:app\PCSF00010\sce_module\libult.suprx") module_start returned 0x0
[23:46:13.163] |W| [stubbed_impl]: Stubbed sceKernelLockLwMutexCB import called. (no CB)
[23:46:13.169] |I| [load_module]: Loading module ID: 0x2
[23:46:13.171] |C| [load_self]: Unknown segment type 0x6FFFFF01
[23:46:13.171] |I| [load_self]: Loaded module segment 0 @ [0x03D2D000 - 0x03D4A150 / 0x81000000] (size: 0x0001D150) of module sys/external/libhttp.suprx
[23:46:13.172] |I| [load_self]: Loaded module segment 1 @ [0x00129000 - 0x00129640 / 0x8101E000] (size: 0x00000640) of module sys/external/libhttp.suprx
[23:46:13.173] |I| [load_self]: Loading symbols for SELF: sys/external/libhttp.suprx
[23:46:13.173] |D| [load_var_exports]: 	NID 0x936C8A78 (SYSLYB) at 0x3D48E68
[23:46:13.173] |D| [load_var_exports]: 	NID 0x6C2224BA (NID_MODULE_INFO) at 0x3D45CA0
[23:46:13.174] |I| [load_module]: Module SceLibHttp (at "sys/external/libhttp.suprx") loaded
[23:46:13.174] |D| [load_module]: Running module_start of module: SceLibHttp
[23:46:13.176] |I| [load_module]: Module SceLibHttp (at "sys/external/libhttp.suprx") module_start returned 0x0
[23:46:13.176] |I| [load_module]: Loading module ID: 0x4
[23:46:13.179] |C| [load_self]: Unknown segment type 0x6FFFFF01
[23:46:13.179] |I| [load_self]: Loaded module segment 0 @ [0x03D4D000 - 0x03D6A150 / 0x81000000] (size: 0x0001D150) of module sys/external/libhttp.suprx
[23:46:13.180] |I| [load_self]: Loaded module segment 1 @ [0x03D4B000 - 0x03D4B640 / 0x8101E000] (size: 0x00000640) of module sys/external/libhttp.suprx
[23:46:13.181] |I| [load_self]: Loading symbols for SELF: sys/external/libhttp.suprx
[23:46:13.181] |D| [load_var_exports]: 	NID 0x936C8A78 (SYSLYB) at 0x3D68E68
[23:46:13.181] |D| [load_var_exports]: 	NID 0x6C2224BA (NID_MODULE_INFO) at 0x3D65CA0
[23:46:13.182] |I| [load_module]: Module SceLibHttp (at "sys/external/libhttp.suprx") loaded
[23:46:13.182] |D| [load_module]: Running module_start of module: SceLibHttp
[23:46:13.184] |I| [load_module]: Module SceLibHttp (at "sys/external/libhttp.suprx") module_start returned 0x0
[23:46:13.193] |I| [load_self]: Loaded module segment 0 @ [0x03D6D000 - 0x03DD3EA4 / 0x81000000] (size: 0x00066EA4) of module sys/external/libssl.suprx
[23:46:13.193] |I| [load_self]: Loaded module segment 1 @ [0x03DD4000 - 0x03DD8FA8 / 0x81067000] (size: 0x00004FA8) of module sys/external/libssl.suprx
[23:46:13.194] |I| [load_self]: Loading symbols for SELF: sys/external/libssl.suprx
[23:46:13.194] |D| [load_var_exports]: 	NID 0x936C8A78 (SYSLYB) at 0x3DBF9E0
[23:46:13.195] |D| [load_var_exports]: 	NID 0x6C2224BA (NID_MODULE_INFO) at 0x3DB9CA0
[23:46:13.195] |I| [load_module]: Module SceLibSsl (at "sys/external/libssl.suprx") loaded
[23:46:13.195] |W| [unimplemented_impl]: Unimplemented sceAppUtilInit import called.
[23:46:13.196] |D| [export_sceAppUtilAppParamGetInt]: param id: 0
[23:46:13.196] |D| [export_sceAppUtilAppParamGetInt]: value: 3
[23:46:13.196] |W| [stubbed_impl]: Stubbed __sceAppMgrGetAppState import called. (Set to 0.)
[23:46:13.198] |W| [unimplemented_impl]: Unimplemented sceCommonDialogSetConfigParam import called.
[23:46:13.206] |W| [unimplemented_impl]: Unimplemented sceMotionReset import called.
[23:46:13.206] |W| [unimplemented_impl]: Unimplemented sceMotionStartSampling import called.
[23:46:13.208] |W| [unimplemented_impl]: Unimplemented sceMotionGetState import called.
[23:46:13.208] |E| [logging::ret_error_impl]: sceCtrlReadBufferPositive returned SCE_CTRL_ERROR_NO_DEVICE (0x80340020)
[23:46:13.209] |W| [stubbed_impl]: Stubbed sceKernelDelayThreadCB import called. (no CB)
[23:46:13.211] |W| [unimplemented_impl]: Unimplemented sceKernelChangeThreadVfpException import called.
[23:46:13.212] |W| [unimplemented_impl]: Unimplemented _sceFiosKernelOverlayThreadSetDisabled import called.
[23:46:13.212] |W| [stubbed_impl]: Stubbed sceKernelWaitLwCondCB import called. (no CB)
[23:46:13.217] |W| [unimplemented_impl]: Unimplemented _sceFiosKernelOverlayGetRecommendedScheduler import called.
[23:46:13.221] |I| [export_sceIoOpen]: Opening file: app0:/root.vfs
[23:46:13.238] |I| [export_sceIoOpen]: Opening file: app0:/root_01.vfs
[23:46:13.240] |E| [open_dir]: Directory does not exist at: D:/Emulateurs/Vita3K/mc/ux0/addcont/PCSF00010// (target path: addcont0:/)
[23:46:13.241] |W| [io_error_impl]: open_dir (_sceIoDopen) returned 0x80010002
[23:46:13.243] |E| [stat_file]: Missing file at D:/Emulateurs/Vita3K/mc/ux0/app/PCSF00010/sce_module/content.xml (target path: app0:/sce_module/content.xml)
[23:46:13.243] |W| [io_error_impl]: stat_file (_sceIoGetstat) returned 0x80010002
[23:46:13.244] |E| [stat_file]: Missing file at D:/Emulateurs/Vita3K/mc/ux0/app/PCSF00010/sce_sys/content.xml (target path: app0:/sce_sys/content.xml)
[23:46:13.244] |W| [io_error_impl]: stat_file (_sceIoGetstat) returned 0x80010002
[23:46:13.289] |W| [stubbed_impl]: Stubbed sceGxmMapMemory import called. (always return success)
[23:46:13.320] |W| [stubbed_impl]: Stubbed sceGxmMapFragmentUsseMemory import called. (always return success)
[23:46:13.342] |W| [stubbed_impl]: Stubbed sceGxmMapVertexUsseMemory import called. (always return success)
[23:46:13.345] |W| [stubbed_impl]: Stubbed sceKernelWaitSemaCB import called. (no CB)
[23:46:13.347] |W| [stubbed_impl]: Stubbed sceKernelChangeThreadPriority import called. (STUB)
[23:46:13.350] |E| [logging::ret_error_impl]: _sceKernelWaitSema returned SCE_KERNEL_ERROR_WAIT_TIMEOUT (0x80028005)
[23:46:13.363] |W| [unimplemented_impl]: Unimplemented sceNetCtlInit import called.
[23:46:13.364] |W| [unimplemented_impl]: Unimplemented SceLibKernel_9F793F84 import called.
[23:46:13.365] |W| [unimplemented_impl]: Unimplemented sceNpActivityInit import called.
[23:46:13.365] |W| [unimplemented_impl]: Unimplemented sceNearInitialize import called.
[23:46:13.365] |W| [unimplemented_impl]: Unimplemented sceNearGetDiscoveredGifts import called.
[23:46:13.366] |W| [unimplemented_impl]: Unimplemented sceNpAuthInit import called.
[23:46:13.368] |E| [log_error_details]: Unicorn error 0x6. Invalid memory read (UC_ERR_READ_UNMAPPED)
[23:46:13.368] |E| [log_error_details]: PC: 0x81559ba4,   SP: 0x00127440,   LR: 0x814d8780
[23:46:13.368] |E| [log_error_details]: r0 : 0x001274b4   r6 : 0x00000000
[23:46:13.368] |E| [log_error_details]: r1 : 0x00000000   r7 : 0x00000000
[23:46:13.369] |E| [log_error_details]: r2 : 0x00b60aa0   r8 : 0x00000001
[23:46:13.369] |E| [log_error_details]: r3 : 0x001274b4   r9 : 0x00000000
[23:46:13.369] |E| [log_error_details]: r4 : 0x00000001   r10: 0x00000000
[23:46:13.370] |E| [log_error_details]: r5 : 0x00000000   r11: 0x001319c4
[23:46:13.370] |E| [log_error_details]: r12: 0x0002906b
[23:46:13.371] |E| [log_error_details]: Executing: push {r4, r5, r6, r7, sb, lr}
[23:46:13.371] |I| [log_stack_frames]: stack information
[23:46:13.371] |E| [run_thread]: Thread PCSF00010 experienced a unicorn error.
[23:46:13.377] |W| [unimplemented_impl]: Unimplemented sceNetCtlAdhocRegisterCallback import called.
[23:46:13.377] |W| [stubbed_impl]: Stubbed sceNpManagerGetAccountRegion import called. (Stub)
[23:46:13.381] |W| [unimplemented_impl]: Unimplemented sceNpMessageInit import called.
[23:46:13.382] |W| [unimplemented_impl]: Unimplemented sceNpMessageGetMessageEntryCount import called.
[23:46:13.383] |W| [unimplemented_impl]: Unimplemented sceNpMessageTerm import called.
[23:46:13.384] |E| [log_error_details]: Unicorn error 0x6. Invalid memory read (UC_ERR_READ_UNMAPPED)
[23:46:13.384] |E| [log_error_details]: PC: 0x815b33a0,   SP: 0x146c29e8,   LR: 0x815b339c
[23:46:13.384] |E| [log_error_details]: r0 : 0x00000000   r6 : 0x00a378c8
[23:46:13.385] |E| [log_error_details]: r1 : 0x00000000   r7 : 0x00000002
[23:46:13.385] |E| [log_error_details]: r2 : 0x81ef1350   r8 : 0x00035f97
[23:46:13.385] |E| [log_error_details]: r3 : 0x00a97cb0   r9 : 0x00000000
[23:46:13.386] |E| [log_error_details]: r4 : 0x81ef1350   r10: 0x00000000
[23:46:13.386] |E| [log_error_details]: r5 : 0x00000002   r11: 0x00000004
[23:46:13.386] |E| [log_error_details]: r12: 0x00b701d4
[23:46:13.387] |E| [log_error_details]: Executing: sub sp, sp, #0x104
[23:46:13.388] |I| [log_stack_frames]: stack information
[23:46:13.389] |E| [run_callback]: Thread Network experienced a unicorn error.
[23:46:13.389] |W| [stubbed_impl]: Stubbed sceNpCheckCallback import called. (Stub)
[23:46:13.389] |W| [stubbed_impl]: Stubbed sceNetCtlInetGetState import called. (state = SCE_NETCTL_STATE_DISCONNECTED)
[23:46:13.390] |W| [stubbed_impl]: Stubbed sceNetCtlCheckCallback import called. (Stub)
[23:46:13.403] |W| [ngs::create_voice_definition]: Missing voice definition for Buss Type 7, using passthrough.
[23:46:13.404] |D| [export_sceNgsVoicePlay]: sceNgsVoicePlay: 1
[23:46:13.404] |D| [export_sceNgsVoicePlay]: sceNgsVoicePlay: 1
[23:46:13.405] |D| [export_sceNgsVoicePlay]: sceNgsVoicePlay: 1
[23:46:13.405] |D| [export_sceNgsVoicePlay]: sceNgsVoicePlay: 1
[23:46:13.449] |W| [unimplemented_impl]: Unimplemented sceAudioOutGetAdopt import called.
