[07:06:19.475] |I| [load_app_impl]: ngs experimental state: true
[07:06:19.476] |I| [load_app_impl]: video player state: true
[07:06:19.476] |I| [load_app_impl]: auto-lle: enabled
[07:06:19.476] |I| [load_app_impl]: Title: PlayStation®Vita Pets
[07:06:19.476] |I| [load_app_impl]: Serial: PCSF00088
[07:06:19.476] |I| [load_app_impl]: Version: 1.00
[07:06:19.476] |I| [load_app_impl]: Category: gd
[07:06:19.544] |C| [load_self]: Unknown segment type 0x6FFFFF01
[07:06:19.545] |I| [load_self]: Loaded module segment 0 @ [0x00004000 - 0x000513BC / 0x81000000] (size: 0x0004D3BC) of module app0:sce_module/libc.suprx
[07:06:19.545] |I| [load_self]: Loaded module segment 1 @ [0x00052000 - 0x000546F0 / 0x8104E000] (size: 0x000026F0) of module app0:sce_module/libc.suprx
[07:06:19.545] |I| [load_self]: Loading symbols for SELF: app0:sce_module/libc.suprx
[07:06:19.545] |D| [load_var_exports]: 	NID 0x936C8A78 (SYSLYB) at 0x47164
[07:06:19.545] |D| [load_var_exports]: 	NID 0x6C2224BA (NID_MODULE_INFO) at 0x3D0FC
[07:06:19.545] |W| [load_var_imports]: 	NID NOT FOUND 0x93B8AA67 (UNRECOGNISED) at 0x410BC, setting to stub value 0xDEADBEEF
[07:06:19.545] |W| [load_var_imports]: 	NID NOT FOUND 0xDF084DFA (UNRECOGNISED) at 0x42B70, setting to stub value 0xDEADBEEF
[07:06:19.546] |I| [pre_load_module]: Pre-load module SceLibc (at "sce_module/libc.suprx") loaded
[07:06:19.550] |C| [load_self]: Unknown segment type 0x6FFFFF01
[07:06:19.550] |I| [load_self]: Loaded module segment 0 @ [0x00057000 - 0x0006EED8 / 0x81000000] (size: 0x00017ED8) of module app0:sce_module/libface.suprx
[07:06:19.550] |I| [load_self]: Loaded module segment 1 @ [0x0006F000 - 0x0006F0F8 / 0x81018000] (size: 0x000000F8) of module app0:sce_module/libface.suprx
[07:06:19.550] |I| [load_self]: Loading symbols for SELF: app0:sce_module/libface.suprx
[07:06:19.550] |D| [load_var_exports]: 	NID 0x6C2224BA (NID_MODULE_INFO) at 0x6BD70
[07:06:19.550] |I| [pre_load_module]: Pre-load module SceFace (at "sce_module/libface.suprx") loaded
[07:06:19.562] |C| [load_self]: Unknown segment type 0x6FFFFF01
[07:06:19.562] |I| [load_self]: Loaded module segment 0 @ [0x00070000 - 0x0009B12C / 0x81000000] (size: 0x0002B12C) of module app0:sce_module/libfios2.suprx
[07:06:19.562] |I| [load_self]: Loaded module segment 1 @ [0x0009C000 - 0x000A123D / 0x8102C000] (size: 0x0000523D) of module app0:sce_module/libfios2.suprx
[07:06:19.562] |I| [load_self]: Loading symbols for SELF: app0:sce_module/libfios2.suprx
[07:06:19.562] |D| [load_var_exports]: 	NID 0x936C8A78 (SYSLYB) at 0x9B034
[07:06:19.563] |D| [load_var_exports]: 	NID 0x6C2224BA (NID_MODULE_INFO) at 0x92548
[07:06:19.563] |I| [pre_load_module]: Pre-load module SceLibFios2 (at "sce_module/libfios2.suprx") loaded
[07:06:19.613] |C| [load_self]: Unknown segment type 0x6FFFFF01
[07:06:19.613] |I| [load_self]: Loaded module segment 0 @ [0x000A2000 - 0x002A0E9C / 0x81000000] (size: 0x001FEE9C) of module app0:sce_module/libsmart.suprx
[07:06:19.613] |I| [load_self]: Loaded module segment 1 @ [0x002A1000 - 0x002A45C4 / 0x811FF000] (size: 0x000035C4) of module app0:sce_module/libsmart.suprx
[07:06:19.613] |I| [load_self]: Loading symbols for SELF: app0:sce_module/libsmart.suprx
[07:06:19.613] |D| [load_var_exports]: 	NID 0x6C2224BA (NID_MODULE_INFO) at 0x142258
[07:06:19.613] |I| [pre_load_module]: Pre-load module SceSmart (at "sce_module/libsmart.suprx") loaded
[07:06:19.627] |C| [load_self]: Unknown segment type 0x6FFFFF01
[07:06:19.627] |I| [load_self]: Loaded module segment 0 @ [0x002A5000 - 0x002B8A9C / 0x81000000] (size: 0x00013A9C) of module app0:sce_module/libult.suprx
[07:06:19.627] |I| [load_self]: Loaded module segment 1 @ [0x002B9000 - 0x002B9814 / 0x81014000] (size: 0x00000814) of module app0:sce_module/libult.suprx
[07:06:19.627] |I| [load_self]: Loading symbols for SELF: app0:sce_module/libult.suprx
[07:06:19.627] |D| [load_var_exports]: 	NID 0x936C8A78 (SYSLYB) at 0x2B73C8
[07:06:19.627] |D| [load_var_exports]: 	NID 0x6C2224BA (NID_MODULE_INFO) at 0x2B4944
[07:06:19.627] |I| [pre_load_module]: Pre-load module SceUlt (at "sce_module/libult.suprx") loaded
[07:06:19.634] |I| [load_self]: Loaded module segment 0 @ [0x002BA000 - 0x0030AF04 / 0x81000000] (size: 0x00050F04) of module vs0:sys/external/libSceFt2.suprx
[07:06:19.634] |I| [load_self]: Loaded module segment 1 @ [0x0030B000 - 0x0030B2F4 / 0x81051000] (size: 0x000002F4) of module vs0:sys/external/libSceFt2.suprx
[07:06:19.634] |I| [load_self]: Loading symbols for SELF: vs0:sys/external/libSceFt2.suprx
[07:06:19.634] |D| [load_var_exports]: 	NID 0x936C8A78 (SYSLYB) at 0x2F67DC
[07:06:19.634] |D| [load_var_exports]: 	NID 0x6C2224BA (NID_MODULE_INFO) at 0x2F5F10
[07:06:19.635] |I| [pre_load_module]: Pre-load module SceLibft2 (at "sys/external/libSceFt2.suprx") loaded
[07:06:19.636] |I| [load_self]: Loaded module segment 0 @ [0x0030C000 - 0x0031BF14 / 0x81000000] (size: 0x0000FF14) of module vs0:sys/external/libpvf.suprx
[07:06:19.636] |I| [load_self]: Loaded module segment 1 @ [0x0031C000 - 0x0031C008 / 0x81010000] (size: 0x00000008) of module vs0:sys/external/libpvf.suprx
[07:06:19.636] |I| [load_self]: Loading symbols for SELF: vs0:sys/external/libpvf.suprx
[07:06:19.636] |D| [load_var_exports]: 	NID 0x936C8A78 (SYSLYB) at 0x31A710
[07:06:19.636] |D| [load_var_exports]: 	NID 0x6C2224BA (NID_MODULE_INFO) at 0x31A300
[07:06:19.636] |I| [pre_load_module]: Pre-load module SceLibPvf (at "sys/external/libpvf.suprx") loaded
[07:06:19.780] |C| [load_self]: Unknown segment type 0x6FFFFF01
[07:06:19.780] |I| [load_self]: Loaded module segment 0 @ [0x0031D000 - 0x00710DC0 / 0x81000000] (size: 0x003F3DC0) of module app0:eboot.bin
[07:06:19.780] |I| [load_self]: Loaded module segment 1 @ [0x00711000 - 0x00C8A4F8 / 0x813F4000] (size: 0x005794F8) of module app0:eboot.bin
[07:06:19.781] |I| [load_self]: Loading symbols for SELF: app0:eboot.bin
[07:06:19.781] |D| [load_var_exports]: 	NID 0x6C2224BA (NID_MODULE_INFO) at 0x67D29C
[07:06:19.781] |D| [load_var_exports]: 	NID 0x70FBA1E7 (SCE_PROC_PARAMS) at 0x77FBEC
[07:06:19.781] |I| [load_app_impl]: Main executable eboot (eboot.bin) loaded
[07:06:19.784] |D| [run_app]: Running module_start of library: SceLibc at address 0x4809
[07:06:19.818] |I| [run_app]: Module SceLibc (at "app0:sce_module/libc.suprx") module_start returned 0x0
[07:06:19.819] |D| [run_app]: Running module_start of library: SceFace at address 0x6B23D
[07:06:19.821] |I| [run_app]: Module SceFace (at "app0:sce_module/libface.suprx") module_start returned 0x0
[07:06:19.821] |D| [run_app]: Running module_start of library: SceLibFios2 at address 0x70001
[07:06:19.823] |W| [stubbed_impl]: Stubbed sceKernelGetProcessId import called. (pid: 0)
[07:06:19.823] |W| [unimplemented_impl]: Unimplemented sceFiosOverlayGetList02 import called.
[07:06:19.823] |I| [run_app]: Module SceLibFios2 (at "app0:sce_module/libfios2.suprx") module_start returned 0x0
[07:06:19.824] |D| [run_app]: Running module_start of library: SceSmart at address 0xA217D
[07:06:19.826] |I| [run_app]: Module SceSmart (at "app0:sce_module/libsmart.suprx") module_start returned 0x0
[07:06:19.826] |D| [run_app]: Running module_start of library: SceUlt at address 0x2A8769
[07:06:19.828] |W| [unimplemented_impl]: Unimplemented _sceUlobjMgrRegisterLibultProtocolRevision import called.
[07:06:19.828] |I| [run_app]: Module SceUlt (at "app0:sce_module/libult.suprx") module_start returned 0x0
[07:06:19.888] |W| [unimplemented_impl]: Unimplemented sceAppUtilInit import called.
[07:06:19.888] |W| [stubbed_impl]: Stubbed sceKernelGetThreadInfo import called. (STUB)
[07:06:19.895] |W| [unimplemented_impl]: Unimplemented sceKernelChangeThreadVfpException import called.
[07:06:19.895] |W| [unimplemented_impl]: Unimplemented sceFiosOverlayThreadSetDisabled02 import called.
[07:06:19.903] |W| [unimplemented_impl]: Unimplemented sceFiosOverlayGetRecommendedScheduler02 import called.
[07:06:19.914] |I| [export_sceIoOpen]: Opening file: app0:/ILMP.ARC
[07:06:19.943] |I| [export_sceIoOpen]: Opening file: app0:/ILMP.ARC
[07:06:21.719] |I| [export_sceIoOpen]: Opening file: app0:/MUSIC.A