[05:37:14.485] |I| [load_app_impl]: ngs experimental state: true
[05:37:14.485] |I| [load_app_impl]: video player state: true
[05:37:14.486] |I| [load_app_impl]: lle-modules: libpgf,libSceJson,libsystemgesture,libsas,libSceXml,libatrac
[05:37:14.486] |I| [load_app_impl]: Title: Skype
[05:37:14.486] |I| [load_app_impl]: Serial: PCSF00124
[05:37:14.486] |I| [load_app_impl]: Version: 1.60
[05:37:14.486] |I| [load_app_impl]: Category: gpc
[05:37:14.542] |C| [load_self]: Unknown segment type 0x6FFFFF01
[05:37:14.542] |I| [load_self]: Loaded module segment 0 @ [0x00004000 - 0x00051A2C / 0x81000000] (size: 0x0004DA2C) of module app0:sce_module/libc.suprx
[05:37:14.542] |I| [load_self]: Loaded module segment 1 @ [0x00052000 - 0x000546F8 / 0x8104E000] (size: 0x000026F8) of module app0:sce_module/libc.suprx
[05:37:14.542] |I| [load_self]: Loading symbols for SELF: app0:sce_module/libc.suprx
[05:37:14.543] |D| [load_var_exports]: 	NID 0x6C2224BA (NID_MODULE_INFO) at 0x3D798
[05:37:14.543] |D| [load_var_exports]: 	NID 0x936C8A78 (SYSLYB) at 0x477D4
[05:37:14.543] |W| [load_var_imports]: 	NID NOT FOUND 0x93B8AA67 (UNRECOGNISED) at 0x41758, setting to stub value 0xDEADBEEF
[05:37:14.543] |W| [load_var_imports]: 	NID NOT FOUND 0xDF084DFA (UNRECOGNISED) at 0x4321C, setting to stub value 0xDEADBEEF
[05:37:14.544] |I| [pre_load_module]: Pre-load module SceLibc (at "sce_module/libc.suprx") loaded
[05:37:14.550] |C| [load_self]: Unknown segment type 0x6FFFFF01
[05:37:14.550] |I| [load_self]: Loaded module segment 0 @ [0x00057000 - 0x0007F928 / 0x81000000] (size: 0x00028928) of module app0:sce_module/libfios2.suprx
[05:37:14.551] |I| [load_self]: Loaded module segment 1 @ [0x00080000 - 0x000851FD / 0x81029000] (size: 0x000051FD) of module app0:sce_module/libfios2.suprx
[05:37:14.552] |I| [load_self]: Loading symbols for SELF: app0:sce_module/libfios2.suprx
[05:37:14.552] |D| [load_var_exports]: 	NID 0x6C2224BA (NID_MODULE_INFO) at 0x776A8
[05:37:14.552] |D| [load_var_exports]: 	NID 0x936C8A78 (SYSLYB) at 0x7F810
[05:37:14.553] |I| [pre_load_module]: Pre-load module SceLibFios2 (at "sce_module/libfios2.suprx") loaded
[05:37:14.556] |C| [load_self]: Unknown segment type 0x6FFFFF01
[05:37:14.556] |I| [load_self]: Loaded module segment 0 @ [0x00086000 - 0x0009A744 / 0x81000000] (size: 0x00014744) of module app0:sce_module/libult.suprx
[05:37:14.557] |I| [load_self]: Loaded module segment 1 @ [0x0009B000 - 0x0009B814 / 0x81015000] (size: 0x00000814) of module app0:sce_module/libult.suprx
[05:37:14.558] |I| [load_self]: Loading symbols for SELF: app0:sce_module/libult.suprx
[05:37:14.559] |D| [load_var_exports]: 	NID 0x6C2224BA (NID_MODULE_INFO) at 0x96658
[05:37:14.559] |D| [load_var_exports]: 	NID 0x936C8A78 (SYSLYB) at 0x990A0
[05:37:14.560] |I| [pre_load_module]: Pre-load module SceUlt (at "sce_module/libult.suprx") loaded
[05:37:14.569] |I| [load_self]: Loaded module segment 0 @ [0x0009C000 - 0x000ECF04 / 0x81000000] (size: 0x00050F04) of module vs0:sys/external/libSceFt2.suprx
[05:37:14.570] |I| [load_self]: Loaded module segment 1 @ [0x000ED000 - 0x000ED2F4 / 0x81051000] (size: 0x000002F4) of module vs0:sys/external/libSceFt2.suprx
[05:37:14.570] |I| [load_self]: Loading symbols for SELF: vs0:sys/external/libSceFt2.suprx
[05:37:14.571] |D| [load_var_exports]: 	NID 0x936C8A78 (SYSLYB) at 0xD87DC
[05:37:14.571] |D| [load_var_exports]: 	NID 0x6C2224BA (NID_MODULE_INFO) at 0xD7F10
[05:37:14.572] |I| [pre_load_module]: Pre-load module SceLibft2 (at "sys/external/libSceFt2.suprx") loaded
[05:37:14.573] |I| [load_self]: Loaded module segment 0 @ [0x000EE000 - 0x000FDF14 / 0x81000000] (size: 0x0000FF14) of module vs0:sys/external/libpvf.suprx
[05:37:14.574] |I| [load_self]: Loaded module segment 1 @ [0x000FE000 - 0x000FE008 / 0x81010000] (size: 0x00000008) of module vs0:sys/external/libpvf.suprx
[05:37:14.575] |I| [load_self]: Loading symbols for SELF: vs0:sys/external/libpvf.suprx
[05:37:14.575] |D| [load_var_exports]: 	NID 0x936C8A78 (SYSLYB) at 0xFC710
[05:37:14.578] |D| [load_var_exports]: 	NID 0x6C2224BA (NID_MODULE_INFO) at 0xFC300
[05:37:14.578] |I| [pre_load_module]: Pre-load module SceLibPvf (at "sys/external/libpvf.suprx") loaded
[05:37:14.671] |C| [load_self]: Unknown segment type 0x6FFFFF01
[05:37:14.672] |I| [load_self]: Loaded module segment 0 @ [0x81000000 - 0x812CA504 / 0x81000000] (size: 0x002CA504) of module app0:eboot.bin
[05:37:14.673] |I| [load_self]: Loaded module segment 1 @ [0x812CB000 - 0x812E31F4 / 0x812CB000] (size: 0x000181F4) of module app0:eboot.bin
[05:37:14.674] |I| [load_self]: Loading symbols for SELF: app0:eboot.bin
[05:37:14.674] |D| [load_var_exports]: 	NID 0x6C2224BA (NID_MODULE_INFO) at 0x8124DDB0
[05:37:14.675] |D| [load_var_exports]: 	NID 0x70FBA1E7 (SCE_PROC_PARAMS) at 0x812CB098
[05:37:14.675] |I| [load_app_impl]: Main executable SceSkype (eboot.bin) loaded
[05:37:14.678] |D| [run_app]: Running module_start of library: SceLibc at address 0x4809
[05:37:14.682] |I| [run_app]: Module SceLibc (at "app0:sce_module/libc.suprx") module_start returned 0x0
[05:37:14.683] |D| [run_app]: Running module_start of library: SceLibFios2 at address 0x57001
[05:37:14.685] |W| [stubbed_impl]: Stubbed sceKernelGetProcessId import called. (pid: 0)
[05:37:14.686] |W| [unimplemented_impl]: Unimplemented sceFiosOverlayGetList02 import called.
[05:37:14.686] |I| [run_app]: Module SceLibFios2 (at "app0:sce_module/libfios2.suprx") module_start returned 0x0
[05:37:14.687] |D| [run_app]: Running module_start of library: SceUlt at address 0x895ED
[05:37:14.689] |W| [unimplemented_impl]: Unimplemented _sceUlobjMgrRegisterLibultProtocolRevision import called.
[05:37:14.689] |I| [run_app]: Module SceUlt (at "app0:sce_module/libult.suprx") module_start returned 0x0
[05:37:14.718] |I| [load_module]: Loading module ID: 0xD
[05:37:14.720] |I| [load_self]: Loaded module segment 0 @ [0x00B44000 - 0x00B5B244 / 0x81000000] (size: 0x00017244) of module sys/external/libsas.suprx
[05:37:14.721] |I| [load_self]: Loaded module segment 1 @ [0x00140000 - 0x00140038 / 0x81018000] (size: 0x00000038) of module sys/external/libsas.suprx
[05:37:14.722] |I| [load_self]: Loading symbols for SELF: sys/external/libsas.suprx
[05:37:14.723] |D| [load_var_exports]: 	NID 0x936C8A78 (SYSLYB) at 0xB58004
[05:37:14.723] |D| [load_var_exports]: 	NID 0x6C2224BA (NID_MODULE_INFO) at 0xB57BF0
[05:37:14.724] |I| [load_module]: Module SceSasUser (at "sys/external/libsas.suprx") loaded
[05:37:14.724] |W| [unimplemented_impl]: Unimplemented sceAppUtilInit import called.
[05:37:14.747] |C| [load_self]: Unknown segment type 0x6FFFFF01
[05:37:14.748] |I| [load_self]: Loaded module segment 0 @ [0x00B5C000 - 0x00B62A70 / 0x81000000] (size: 0x00006A70) of module app0:resource/libVideohost_2.suprx
[05:37:14.749] |I| [load_self]: Loaded module segment 1 @ [0x00B63000 - 0x00B63078 / 0x81007000] (size: 0x00000078) of module app0:resource/libVideohost_2.suprx
[05:37:14.749] |I| [load_self]: Loading symbols for SELF: app0:resource/libVideohost_2.suprx
[05:37:14.750] |D| [load_var_exports]: 	NID 0x6C2224BA (NID_MODULE_INFO) at 0xB61454
[05:37:14.753] |I| [export__sceKernelLoadStartModule]: Module libVideohost_2 (at "app0:resource/libVideohost_2.suprx") module_start returned 0x0
[05:37:14.754] |W| [unimplemented_impl]: Unimplemented sceBgAppUtilStartBgApp import called.
[05:37:14.754] |W| [unimplemented_impl]: Unimplemented sceRegMgrUtilityGetInt import called.
[05:37:14.755] |W| [unimplemented_impl]: Unimplemented sceGxmVshInitialize import called.
[05:37:14.756] |W| [stubbed_impl]: Stubbed sceGxmMapMemory import called. (always return success)
[05:37:14.757] |W| [stubbed_impl]: Stubbed sceGxmMapFragmentUsseMemory import called. (always return success)
[05:37:14.773] |W| [stubbed_impl]: Stubbed sceGxmMapVertexUsseMemory import called. (always return success)
[05:37:14.828] |W| [unimplemented_impl]: Unimplemented sceKernelOpenMemBlock import called.
[05:37:14.829] |E| [logging::ret_error_impl]: sceKernelFreeMemBlock returned SCE_KERNEL_ERROR_ILLEGAL_BLOCK_ID (0x80024701)
[05:37:14.831] |I| [export_sceIoOpen]: Opening file: sa0:data/font/pvf/jpn0.pvf
[05:37:14.838] |I| [export_sceIoOpen]: Opening file: sa0:data/font/pvf/ltn0.pvf
[05:37:14.842] |W| [unimplemented_impl]: Unimplemented _sceSharedFbOpen import called.
[05:37:14.842] |W| [unimplemented_impl]: Unimplemented sceSharedFbGetInfo import called.
[05:37:14.843] |E| [logging::ret_error_impl]: sceGxmMapMemory returned SCE_GXM_ERROR_INVALID_POINTER (0x805B0004)
[05:37:14.843] |I| [export_sceIoOpen]: Opening file: sa0:data/font/pvf/cn0.pvf
[05:37:14.844] |W| [unimplemented_impl]: Unimplemented sceIoIoctl import called.
[05:37:14.844] |W| [unimplemented_impl]: Unimplemented sceGxmVshSyncObjectOpen import called.
[05:37:14.845] |W| [stubbed_impl]: Stubbed sceGxmGetRenderTargetMemSize import called. (2MB host mem)
[05:37:14.869] |I| [export_sceIoOpen]: Opening file: sa0:data/font/pvf/kr0.pvf
[05:37:14.880] |W| [unimplemented_impl]: Unimplemented sceTouchGetPixelDensity import called.
[05:37:14.880] |E| [call_import]: Import function for NID 0xD3FE7CD8 not found (thread name: PCSF00124, thread ID: 6)
[05:37:14.892] |W| [unimplemented_impl]: Unimplemented sceAudioOutSetVolume import called.
[05:37:14.902] |E| [call_import]: Import function for NID 0xE340C0B5 not found (thread name: SceWaveMain, thread ID: 101)
[05:37:14.908] |W| [stubbed_impl]: Stubbed sceKernelChangeThreadPriority import called. (STUB)
[05:37:14.910] |W| [unimplemented_impl]: Unimplemented sceKernelCreateCallback import called.
[05:37:14.910] |W| [unimplemented_impl]: Unimplemented scePowerRegisterCallback import called.
[05:37:14.912] |W| [stubbed_impl]: Stubbed sceKernelCheckCallback import called. (checkcallback)
[05:37:14.912] |E| [log_error_details]: Unicorn error 0x8. Invalid memory fetch (UC_ERR_FETCH_UNMAPPED)
[05:37:14.912] |E| [log_error_details]: PC: 0x00000000,   SP: 0x0013ef08,   LR: 0x8116dac3
[05:37:14.913] |E| [log_error_details]: r0 : 0x00000000   r6 : 0x00055000
[05:37:14.913] |I| [export_sceIoOpen]: Opening file: app0:resource/common_resource.rco
[05:37:14.913] |E| [log_error_details]: r1 : 0x00000000   r7 : 0x00000000
[05:37:14.914] |E| [log_error_details]: r2 : 0x00000004   r8 : 0x00349ba0
[05:37:14.915] |E| [log_error_details]: r3 : 0x00000000   r9 : 0x00000001
[05:37:14.915] |E| [log_error_details]: r4 : 0x812dfe34   r10: 0x00000000
[05:37:14.916] |E| [log_error_details]: r5 : 0x00055000   r11: 0x812cb2a0
[05:37:14.916] |E| [log_error_details]: r12: 0x00000033
[05:37:14.916] |C| [log_error_details]: PC IS 0
[05:37:14.919] |I| [log_stack_frames]: stack information
[05:37:14.919] |E| [run_thread]: Thread PCSF00124 experienced a unicorn error.
