[23:48:57.514] |I| [load_app_impl]: ngs experimental state: true
[23:48:57.515] |I| [load_app_impl]: video player state: true
[23:48:57.515] |I| [load_app_impl]: auto-lle: enabled
[23:48:57.515] |I| [load_app_impl]: Title: Reality Fighters™
[23:48:57.515] |I| [load_app_impl]: Serial: PCSF00022
[23:48:57.515] |I| [load_app_impl]: Version: 1.03
[23:48:57.515] |I| [load_app_impl]: Category: gp
[23:48:57.568] |C| [load_self]: Unknown segment type 0x6FFFFF01
[23:48:57.568] |I| [load_self]: Loaded module segment 0 @ [0x00004000 - 0x000401CC / 0x81000000] (size: 0x0003C1CC) of module ux0:app\PCSF00022\sce_module\libc.suprx
[23:48:57.568] |I| [load_self]: Loaded module segment 1 @ [0x00041000 - 0x0004333C / 0x8103D000] (size: 0x0000233C) of module ux0:app\PCSF00022\sce_module\libc.suprx
[23:48:57.568] |I| [load_self]: Loading symbols for SELF: ux0:app\PCSF00022\sce_module\libc.suprx
[23:48:57.569] |D| [load_var_exports]: 	NID 0x6C2224BA (NID_MODULE_INFO) at 0x31CE4
[23:48:57.569] |W| [load_var_imports]: 	NID NOT FOUND 0xDF084DFA (UNRECOGNISED) at 0x3549C, setting to stub value 0xDEADBEEF
[23:48:57.570] |I| [pre_load_module]: Pre-load module SceLibc (at "app\PCSF00022\sce_module\libc.suprx") loaded
[23:48:57.581] |C| [load_self]: Unknown segment type 0x6FFFFF01
[23:48:57.581] |I| [load_self]: Loaded module segment 0 @ [0x00045000 - 0x00066B7C / 0x81000000] (size: 0x00021B7C) of module ux0:app\PCSF00022\sce_module\libfios2.suprx
[23:48:57.582] |I| [load_self]: Loaded module segment 1 @ [0x00067000 - 0x0006C194 / 0x81022000] (size: 0x00005194) of module ux0:app\PCSF00022\sce_module\libfios2.suprx
[23:48:57.582] |I| [load_self]: Loading symbols for SELF: ux0:app\PCSF00022\sce_module\libfios2.suprx
[23:48:57.583] |D| [load_var_exports]: 	NID 0x6C2224BA (NID_MODULE_INFO) at 0x606CC
[23:48:57.583] |I| [pre_load_module]: Pre-load module SceLibFios2 (at "app\PCSF00022\sce_module\libfios2.suprx") loaded
[23:48:57.586] |C| [load_self]: Unknown segment type 0x6FFFFF01
[23:48:57.586] |I| [load_self]: Loaded module segment 0 @ [0x0006D000 - 0x00080B0C / 0x81000000] (size: 0x00013B0C) of module ux0:app\PCSF00022\sce_module\libult.suprx
[23:48:57.587] |I| [load_self]: Loaded module segment 1 @ [0x00081000 - 0x00081810 / 0x81014000] (size: 0x00000810) of module ux0:app\PCSF00022\sce_module\libult.suprx
[23:48:57.588] |I| [load_self]: Loading symbols for SELF: ux0:app\PCSF00022\sce_module\libult.suprx
[23:48:57.588] |D| [load_var_exports]: 	NID 0x6C2224BA (NID_MODULE_INFO) at 0x7D7F0
[23:48:57.588] |I| [pre_load_module]: Pre-load module SceUlt (at "app\PCSF00022\sce_module\libult.suprx") loaded
[23:48:57.595] |I| [load_self]: Loaded module segment 0 @ [0x00082000 - 0x000D2F04 / 0x81000000] (size: 0x00050F04) of module vs0:sys/external/libSceFt2.suprx
[23:48:57.597] |I| [load_self]: Loaded module segment 1 @ [0x000D3000 - 0x000D32F4 / 0x81051000] (size: 0x000002F4) of module vs0:sys/external/libSceFt2.suprx
[23:48:57.598] |I| [load_self]: Loading symbols for SELF: vs0:sys/external/libSceFt2.suprx
[23:48:57.598] |D| [load_var_exports]: 	NID 0x936C8A78 (SYSLYB) at 0xBE7DC
[23:48:57.598] |D| [load_var_exports]: 	NID 0x6C2224BA (NID_MODULE_INFO) at 0xBDF10
[23:48:57.599] |W| [load_var_imports]: 	NID NOT FOUND 0x93B8AA67 (UNRECOGNISED) at 0xD2EE0, setting to stub value 0xDEADBEEF
[23:48:57.599] |I| [pre_load_module]: Pre-load module SceLibft2 (at "sys/external/libSceFt2.suprx") loaded
[23:48:57.601] |I| [load_self]: Loaded module segment 0 @ [0x000D5000 - 0x000E4F14 / 0x81000000] (size: 0x0000FF14) of module vs0:sys/external/libpvf.suprx
[23:48:57.601] |I| [load_self]: Loaded module segment 1 @ [0x000E5000 - 0x000E5008 / 0x81010000] (size: 0x00000008) of module vs0:sys/external/libpvf.suprx
[23:48:57.602] |I| [load_self]: Loading symbols for SELF: vs0:sys/external/libpvf.suprx
[23:48:57.602] |D| [load_var_exports]: 	NID 0x936C8A78 (SYSLYB) at 0xE3710
[23:48:57.603] |D| [load_var_exports]: 	NID 0x6C2224BA (NID_MODULE_INFO) at 0xE3300
[23:48:57.603] |I| [pre_load_module]: Pre-load module SceLibPvf (at "sys/external/libpvf.suprx") loaded
[23:48:57.691] |C| [load_self]: Unknown segment type 0x6FFFFF01
[23:48:57.691] |I| [load_self]: Loaded module segment 0 @ [0x81000000 - 0x813577A8 / 0x81000000] (size: 0x003577A8) of module app0:eboot.bin
[23:48:57.692] |I| [load_self]: Loaded module segment 1 @ [0x81358000 - 0x822ED478 / 0x81358000] (size: 0x00F95478) of module app0:eboot.bin
[23:48:57.693] |I| [load_self]: Loading symbols for SELF: app0:eboot.bin
[23:48:57.693] |D| [load_var_exports]: 	NID 0x6C2224BA (NID_MODULE_INFO) at 0x811AC228
[23:48:57.694] |D| [load_var_exports]: 	NID 0x70FBA1E7 (SCE_PROC_PARAMS) at 0x81359F38
[23:48:57.694] |I| [load_app_impl]: Main executable eboot (eboot.bin) loaded
[23:48:57.696] |D| [run_app]: Running module_start of library: SceLibc at address 0x45E5
[23:48:57.752] |I| [export_sceIoOpen]: Opening file: tty0:
[23:48:57.752] |I| [export_sceIoOpen]: Opening file: tty0:
[23:48:57.752] |I| [export_sceIoOpen]: Opening file: tty1:
[23:48:57.754] |I| [run_app]: Module SceLibc (at "ux0:app\PCSF00022\sce_module\libc.suprx") module_start returned 0x0
[23:48:57.754] |D| [run_app]: Running module_start of library: SceLibFios2 at address 0x45001
[23:48:57.756] |I| [run_app]: Module SceLibFios2 (at "ux0:app\PCSF00022\sce_module\libfios2.suprx") module_start returned 0x0
[23:48:57.757] |D| [run_app]: Running module_start of library: SceUlt at address 0x70B61
[23:48:57.759] |I| [run_app]: Module SceUlt (at "ux0:app\PCSF00022\sce_module\libult.suprx") module_start returned 0x0
[23:48:57.767] |W| [stubbed_impl]: Stubbed sceKernelLockMutexCB import called. (no CB)
[23:48:57.796] |W| [stubbed_impl]: Stubbed sceGxmMapMemory import called. (always return success)
[23:48:57.798] |W| [stubbed_impl]: Stubbed sceGxmMapFragmentUsseMemory import called. (always return success)
[23:48:57.860] |W| [stubbed_impl]: Stubbed sceGxmGetRenderTargetMemSize import called. (2MB host mem)
[23:48:57.926] |W| [stubbed_impl]: Stubbed sceDisplayWaitSetFrameBuf import called. (move after setframebuf)
[23:48:57.944] |D| [export_sceNgsVoicePlay]: sceNgsVoicePlay: 1
[23:48:57.947] |W| [unimplemented_impl]: Unimplemented sceAudioOutGetAdopt import called.
[23:48:57.947] |W| [unimplemented_impl]: Unimplemented sceAppUtilInit import called.
[23:48:57.947] |I| [export_sceIoOpen]: Opening file: app0:DATA.MPK
[23:48:57.948] |I| [export_sceIoOpen]: Opening file: app0:DATA1.MPK
[23:48:57.948] |I| [export_sceIoOpen]: Opening file: app0:DATA2.MPK
[23:48:57.948] |E| [open_file]: Missing file at D:/Emulateurs/Vita3K/mc/ux0/app/PCSF00022/DATA2.MPK (target path: app0:DATA2.MPK)
[23:48:57.949] |W| [io_error_impl]: open_file (sceIoOpen) returned 0x80010002
[23:48:57.987] |D| [export_sceAppUtilAppParamGetInt]: param id: 0
[23:48:57.987] |D| [export_sceAppUtilAppParamGetInt]: value: 3
[23:48:57.988] |I| [export_sceIoOpen]: Opening file: app0:DATA1.MPK
[23:48:57.999] |W| [stubbed_impl]: Stubbed sceGxmMapVertexUsseMemory import called. (always return success)
[23:48:58.002] |I| [export_sceIoOpen]: Opening file: app0:DATA1.MPK
[23:48:58.008] |I| [export_sceIoOpen]: Opening file: app0:DATA.MPK
[23:48:58.079] |W| [unimplemented_impl]: Unimplemented sceNpActivityInit import called.
[23:48:58.080] |W| [unimplemented_impl]: Unimplemented sceNetCtlInit import called.
[23:48:58.080] |I| [load_module]: Loading module ID: 0x4
[23:48:58.084] |C| [load_self]: Unknown segment type 0x6FFFFF01
[23:48:58.084] |I| [load_self]: Loaded module segment 0 @ [0x1220D000 - 0x1222A150 / 0x81000000] (size: 0x0001D150) of module sys/external/libhttp.suprx
[23:48:58.085] |I| [load_self]: Loaded module segment 1 @ [0x1222B000 - 0x1222B640 / 0x8101E000] (size: 0x00000640) of module sys/external/libhttp.suprx
[23:48:58.086] |I| [load_self]: Loading symbols for SELF: sys/external/libhttp.suprx
[23:48:58.086] |D| [load_var_exports]: 	NID 0x936C8A78 (SYSLYB) at 0x12228E68
[23:48:58.086] |D| [load_var_exports]: 	NID 0x6C2224BA (NID_MODULE_INFO) at 0x12225CA0
[23:48:58.087] |I| [load_module]: Module SceLibHttp (at "sys/external/libhttp.suprx") loaded
[23:48:58.087] |D| [load_module]: Running module_start of module: SceLibHttp
[23:48:58.090] |I| [load_module]: Module SceLibHttp (at "sys/external/libhttp.suprx") module_start returned 0x0
[23:48:58.101] |I| [load_self]: Loaded module segment 0 @ [0x1222E000 - 0x12294EA4 / 0x81000000] (size: 0x00066EA4) of module sys/external/libssl.suprx
[23:48:58.102] |I| [load_self]: Loaded module segment 1 @ [0x12295000 - 0x12299FA8 / 0x81067000] (size: 0x00004FA8) of module sys/external/libssl.suprx
[23:48:58.103] |I| [load_self]: Loading symbols for SELF: sys/external/libssl.suprx
[23:48:58.103] |D| [load_var_exports]: 	NID 0x936C8A78 (SYSLYB) at 0x122809E0
[23:48:58.103] |D| [load_var_exports]: 	NID 0x6C2224BA (NID_MODULE_INFO) at 0x1227ACA0
[23:48:58.104] |I| [load_module]: Module SceLibSsl (at "sys/external/libssl.suprx") loaded
[23:48:58.107] |W| [unimplemented_impl]: Unimplemented SceLibKernel_9F793F84 import called.
[23:48:58.109] |W| [unimplemented_impl]: Unimplemented sceNpLookupInit import called.
[23:48:58.109] |W| [stubbed_impl]: Stubbed __sceAppMgrGetAppState import called. (Set to 0.)
[23:48:58.144] |E| [open_file]: Missing file at D:/Emulateurs/Vita3K/mc/ux0/user/00/trophy/data/NPWR01788_00/TROPUSR.DAT (target path: ux0:/user/00/trophy/data/NPWR01788_00/TROPUSR.DAT)
[23:48:58.145] |W| [io_error_impl]: open_file (create_trophy_context) returned 0x80010002
[23:48:58.155] |I| [renderer::gl::load_shader_generic]: Generating frag shader c987e9036ea0e1a4d91c9ae3d708aff58acfed51cd78316f42581f9e972a344d
[23:48:58.156] |D| [shader::create_fragment_inputs]: Iterator: pa0 = (half4) v_TexCoord0
[23:48:58.172] |I| [renderer::gl::load_shader_generic]: Generating vert shader 8087285878941091b12ad4850bd3da4d93916ecd4cdcd2444311aace7e102cf8
[23:48:58.173] |D| [shader::create_parameters]: [BUFFER0  + 0] pa0 = (float4) aPosition
[23:48:58.173] |D| [shader::create_parameters]: [BUFFER0  + 4] pa4 = (float4) aColor
[23:48:58.199] |E| [renderer::gl::compile_program]: Fragment info
-------------
0(11) : warning C7050: "pa[0].zw" might be used before being initialized


[23:48:58.200] |D| [renderer::gl::texture::upload_bound_texture]: Texture Cube used
[23:48:58.215] |I| [renderer::gl::load_shader_generic]: Generating frag shader c1d7b687fb6a76a342128988f6085ced6018f3daf28aa828061ec59900daca50
[23:48:58.219] |I| [renderer::gl::load_shader_generic]: Generating vert shader 3cf16d48d55fc7d96da874c689bc10f8f598bac8608edbe70ce9c8a98f461719
[23:48:58.220] |D| [shader::create_parameters]: [BUFFER0  + 0] pa0 = (float4) aPosition
[23:48:58.220] |D| [shader::create_parameters]: [BUFFER0  + 4] pa4 = (float4) aColor
[23:48:58.221] |D| [shader::create_parameters]: [BUFFER0  + 8] pa8 = (float4) texCoord
[23:48:58.221] |D| [shader::create_parameters]: [DEFAULT  + 0] sa0 = (float4) world_view_proj[4]
[23:48:58.241] |E| [renderer::gl::compile_program]: Vertex info
-----------
0(25) : warning C7050: "internals[0].w" might be used before being initialized


[23:48:58.243] |I| [renderer::gl::load_shader_generic]: Generating frag shader c350956f2e58278a4dde4afb0adb1397299c283a8f12c194ef24c680d7da6f4f
[23:48:58.244] |D| [shader::create_fragment_inputs]: Iterator: pa0 = (half4) v_TexCoord0
[23:48:58.247] |I| [renderer::gl::load_shader_generic]: Generating vert shader 0422bdacad03f380c20ae4e7c9a6750a1224543f12a7f5f5394ea537c3f3f451
[23:48:58.249] |D| [shader::create_parameters]: [BUFFER0  + 0] pa0 = (float4) aPosition
[23:48:58.249] |D| [shader::create_parameters]: [BUFFER0  + 4] pa4 = (float4) aColor
[23:48:58.250] |D| [shader::create_parameters]: [DEFAULT  + 0] sa0 = (float4) world_view_proj[4]
[23:48:58.270] |E| [renderer::gl::compile_program]: Vertex info
-----------
0(23) : warning C7050: "internals[0].w" might be used before being initialized

Fragment info
-------------
0(11) : warning C7050: "pa[0].zw" might be used before being initialized


[23:48:58.272] |W| [stubbed_impl]: Stubbed sceDisplayWaitVblankStart import called. (wait for vblank)
[23:48:58.284] |I| [export_sceIoOpen]: Opening file: addcont0:10FREEWEAPONSDLC/rf_drm_weapons_pack.dat
[23:48:58.284] |I| [export_sceIoOpen]: Opening file: addcont0:10FREEWEAPONSDLC/rf_drm_weapons_pack.dat
[23:48:58.286] |I| [export_sceIoOpen]: Opening file: app0:DATA.MPK
[23:48:58.311] |I| [export_sceIoOpen]: Opening file: app0:DATA.MPK
[23:48:58.329] |I| [export_sceIoOpen]: Opening file: app0:DATA1.MPK
[23:48:58.367] |I| [export_sceIoOpen]: Opening file: app0:DATA.MPK
[23:48:58.409] |D| [renderer::gl::texture::upload_bound_texture]: Texture Cube used
[23:48:58.443] |I| [export_sceIoOpen]: Opening file: app0:DATA1.MPK
[23:48:58.445] |I| [export_sceIoOpen]: Opening file: app0:DATA.MPK
[23:48:58.466] |I| [export_sceIoOpen]: Opening file: app0:DATA.MPK
[23:48:58.487] |W| [unimplemented_impl]: Unimplemented sceCommonDialogSetConfigParam import called.
[23:48:58.488] |I| [export_sceIoOpen]: Opening file: app0:DATA1.MPK
[23:48:58.495] |I| [float_to_half_init]: AVX+F16C instruction set supported. Use fast f32 to f16 conversion
[23:48:58.548] |I| [renderer::gl::load_shader_generic]: Generating frag shader b9736f4e6b1f0e5842c27ae6f006e9d594c22bb60ecd1f777766764ca8427d4b
[23:48:58.550] |D| [shader::create_fragment_inputs]: Iterator: pa0 = (half4) v_Color0
[23:48:58.553] |I| [renderer::gl::load_shader_generic]: Generating vert shader c397eb742bab15b9262b41e7140cddb94c3894c412f42ac46ab3072fb92ef87b
[23:48:58.554] |D| [shader::create_parameters]: [BUFFER0  + 0] pa0 = (float4) aPosition
[23:48:58.554] |D| [shader::create_parameters]: [BUFFER0  + 4] pa4 = (float4) aColor
[23:48:58.555] |D| [shader::create_parameters]: [BUFFER0  + 8] pa8 = (float4) texCoord
[23:48:58.555] |D| [shader::create_parameters]: [DEFAULT  + 0] sa0 = (float4) world_view_proj[4]
[23:48:58.555] |D| [shader::create_parameters]: [DEFAULT  + 16] sa16 = (half4) i_clip0
[23:48:58.556] |D| [shader::create_parameters]: [DEFAULT  + 18] sa18 = (half4) i_clip1
[23:48:58.556] |D| [shader::create_parameters]: [DEFAULT  + 20] sa20 = (half4) i_clip2
[23:48:58.556] |D| [shader::create_parameters]: [DEFAULT  + 22] sa22 = (half4) i_clip3
[23:48:58.590] |E| [renderer::gl::compile_program]: Vertex info
-----------
0(25) : warning C7050: "internals[0].w" might be used before being initialized
0(25) : warning C7050: "internals[2]" might be used before being initialized

Fragment info
-------------
0(13) : warning C7050: "pa[0].zw" might be used before being initialized


[23:48:58.609] |D| [renderer::gl::texture::upload_bound_texture]: Texture Cube used
[23:48:58.792] |D| [renderer::gl::texture::upload_bound_texture]: Texture Cube used
[23:48:58.959] |D| [renderer::gl::texture::upload_bound_texture]: Texture Cube used
[23:48:59.125] |D| [renderer::gl::texture::upload_bound_texture]: Texture Cube used
[23:48:59.292] |D| [renderer::gl::texture::upload_bound_texture]: Texture Cube used
[23:48:59.459] |D| [renderer::gl::texture::upload_bound_texture]: Texture Cube used
[23:48:59.475] |I| [export_sceIoOpen]: Opening file: app0:DATA1.MPK
[23:48:59.578] |I| [export_sceIoOpen]: Opening file: app0:DATA1.MPK
[23:48:59.592] |I| [export_sceIoOpen]: Opening file: app0:DATA.MPK
[23:48:59.913] |I| [export_sceIoOpen]: Opening file: app0:DATA1.MPK
[23:48:59.943] |I| [export_sceIoOpen]: Opening file: app0:DATA.MPK
[23:48:59.993] |I| [export_sceIoOpen]: Opening file: app0:DATA1.MPK
[23:49:00.010] |I| [export_sceIoOpen]: Opening file: app0:DATA.MPK
[23:49:00.027] |I| [export_sceIoOpen]: Opening file: app0:DATA1.MPK
[23:49:00.103] |I| [export_sceIoOpen]: Opening file: app0:DATA.MPK
[23:49:00.106] |I| [export_sceIoOpen]: Opening file: app0:DATA.MPK
[23:49:00.377] |I| [export_sceIoOpen]: Opening file: app0:DATA1.MPK
[23:49:00.478] |W| [unimplemented_impl]: Unimplemented sceNearInitialize import called.
[23:49:00.478] |I| [export_sceIoOpen]: Opening file: app0:DATA.MPK
[23:49:00.610] |I| [export_sceIoOpen]: Opening file: app0:DATA1.MPK
[23:49:00.709] |I| [export_sceIoOpen]: Opening file: app0:DATA.MPK
[23:49:00.720] |I| [export_sceIoOpen]: Opening file: app0:DATA.MPK
[23:49:00.727] |I| [export_sceIoOpen]: Opening file: app0:DATA.MPK
[23:49:00.840]